================================================================================
模块消融实验 - without_tensor_with_ot
目标域天气: 逆光
训练开始时间: 2026-07-10 21:39:44
设备: cuda
源域: /home/lixiang/lx/Data/晴天
目标域: /home/lixiang/lx/Data/逆光
批次大小: 32
总轮数: 100
迭代次数: 5
使用Tensor模块: 否
使用OT模块: 是
特征融合方式: 通道拼接
域对齐方式: 最优传输
================================================================================

================================================================================
迭代 1/5
随机种子: 42
================================================================================
Training mode: unpaired target adaptation with controlled target-label loss (ratio=0.35, weight=0.50).
Fixed labeled target subset: 45/128 samples.
Feature fusion: Channel concatenation (512+512); fused_dim=1024
Domain adaptation: Neural OT generator with 3-domain discriminator
Loss weights: tensor=0.00, adv=0.15
Epoch [1/100] | Loss: 7.1652 (Cls: 7.1264, TAL: 0.0000, Adv: 0.2581) | Train Acc: 0.1875 | Val Acc: 0.1944 | Val P/R/F1 (Macro): 0.1275/0.1481/0.0840 | LR: 0.000010
  >>> New Best Val Acc: 0.1944
Epoch [2/100] | Loss: 5.5873 (Cls: 5.5511, TAL: 0.0000, Adv: 0.2413) | Train Acc: 0.3516 | Val Acc: 0.3056 | Val P/R/F1 (Macro): 0.1741/0.2278/0.1402 | LR: 0.000010
  >>> New Best Val Acc: 0.3056
Epoch [3/100] | Loss: 5.2630 (Cls: 5.2305, TAL: 0.0000, Adv: 0.2169) | Train Acc: 0.2969 | Val Acc: 0.3611 | Val P/R/F1 (Macro): 0.2675/0.3463/0.2740 | LR: 0.000010
  >>> New Best Val Acc: 0.3611
Epoch [4/100] | Loss: 5.2105 (Cls: 5.1567, TAL: 0.0000, Adv: 0.3588) | Train Acc: 0.4219 | Val Acc: 0.2778 | Val P/R/F1 (Macro): 0.2821/0.2426/0.2172 | LR: 0.000010
Epoch [5/100] | Loss: 4.9315 (Cls: 4.8582, TAL: 0.0000, Adv: 0.4892) | Train Acc: 0.4219 | Val Acc: 0.3333 | Val P/R/F1 (Macro): 0.4537/0.2713/0.2938 | LR: 0.000010
Epoch [6/100] | Loss: 4.5847 (Cls: 4.4994, TAL: 0.0000, Adv: 0.5689) | Train Acc: 0.5703 | Val Acc: 0.5833 | Val P/R/F1 (Macro): 0.4546/0.5000/0.4540 | LR: 0.000010
  >>> New Best Val Acc: 0.5833
Epoch [7/100] | Loss: 4.2767 (Cls: 4.1804, TAL: 0.0000, Adv: 0.6417) | Train Acc: 0.5547 | Val Acc: 0.6944 | Val P/R/F1 (Macro): 0.7685/0.7861/0.6935 | LR: 0.000010
  >>> New Best Val Acc: 0.6944
Epoch [8/100] | Loss: 4.3420 (Cls: 4.2186, TAL: 0.0000, Adv: 0.8222) | Train Acc: 0.5234 | Val Acc: 0.6667 | Val P/R/F1 (Macro): 0.8025/0.7380/0.7307 | LR: 0.000010
Epoch [9/100] | Loss: 3.8567 (Cls: 3.7326, TAL: 0.0000, Adv: 0.8269) | Train Acc: 0.6953 | Val Acc: 0.7500 | Val P/R/F1 (Macro): 0.8259/0.8176/0.7724 | LR: 0.000010
  >>> New Best Val Acc: 0.7500
Epoch [10/100] | Loss: 3.4466 (Cls: 3.2936, TAL: 0.0000, Adv: 1.0198) | Train Acc: 0.7266 | Val Acc: 0.6389 | Val P/R/F1 (Macro): 0.6361/0.7222/0.6170 | LR: 0.000010
Epoch [11/100] | Loss: 3.5873 (Cls: 3.4275, TAL: 0.0000, Adv: 1.0653) | Train Acc: 0.7031 | Val Acc: 0.7222 | Val P/R/F1 (Macro): 0.8056/0.8000/0.7257 | LR: 0.000010
Epoch [12/100] | Loss: 3.5548 (Cls: 3.3686, TAL: 0.0000, Adv: 1.2412) | Train Acc: 0.7656 | Val Acc: 0.8056 | Val P/R/F1 (Macro): 0.7675/0.7694/0.7401 | LR: 0.000010
  >>> New Best Val Acc: 0.8056
Epoch [13/100] | Loss: 3.2656 (Cls: 3.0546, TAL: 0.0000, Adv: 1.4066) | Train Acc: 0.7188 | Val Acc: 0.8056 | Val P/R/F1 (Macro): 0.8108/0.8389/0.7659 | LR: 0.000010
Epoch [14/100] | Loss: 2.9641 (Cls: 2.7438, TAL: 0.0000, Adv: 1.4686) | Train Acc: 0.7891 | Val Acc: 0.7778 | Val P/R/F1 (Macro): 0.8882/0.8185/0.8108 | LR: 0.000010
Epoch [15/100] | Loss: 3.0115 (Cls: 2.7460, TAL: 0.0000, Adv: 1.7702) | Train Acc: 0.8516 | Val Acc: 0.7778 | Val P/R/F1 (Macro): 0.8767/0.8306/0.8049 | LR: 0.000010
Epoch [16/100] | Loss: 3.1938 (Cls: 2.9060, TAL: 0.0000, Adv: 1.9183) | Train Acc: 0.7969 | Val Acc: 0.6389 | Val P/R/F1 (Macro): 0.7394/0.6130/0.6360 | LR: 0.000010
Epoch [17/100] | Loss: 3.1682 (Cls: 2.8807, TAL: 0.0000, Adv: 1.9168) | Train Acc: 0.8516 | Val Acc: 0.8611 | Val P/R/F1 (Macro): 0.9193/0.8852/0.8966 | LR: 0.000010
  >>> New Best Val Acc: 0.8611
Epoch [18/100] | Loss: 2.8556 (Cls: 2.5502, TAL: 0.0000, Adv: 2.0362) | Train Acc: 0.8984 | Val Acc: 0.8889 | Val P/R/F1 (Macro): 0.9377/0.9056/0.9018 | LR: 0.000010
  >>> New Best Val Acc: 0.8889
Epoch [19/100] | Loss: 2.8226 (Cls: 2.5134, TAL: 0.0000, Adv: 2.0616) | Train Acc: 0.8516 | Val Acc: 0.8889 | Val P/R/F1 (Macro): 0.9167/0.9000/0.8876 | LR: 0.000010
Epoch [20/100] | Loss: 2.7772 (Cls: 2.4755, TAL: 0.0000, Adv: 2.0117) | Train Acc: 0.8125 | Val Acc: 0.8611 | Val P/R/F1 (Macro): 0.8321/0.7889/0.7898 | LR: 0.000010
Epoch [21/100] | Loss: 2.7224 (Cls: 2.3908, TAL: 0.0000, Adv: 2.2111) | Train Acc: 0.8750 | Val Acc: 0.7500 | Val P/R/F1 (Macro): 0.8167/0.8120/0.7701 | LR: 0.000010
Epoch [22/100] | Loss: 2.6655 (Cls: 2.3324, TAL: 0.0000, Adv: 2.2210) | Train Acc: 0.8672 | Val Acc: 0.8056 | Val P/R/F1 (Macro): 0.8759/0.8676/0.8332 | LR: 0.000010
Epoch [23/100] | Loss: 2.6661 (Cls: 2.3231, TAL: 0.0000, Adv: 2.2866) | Train Acc: 0.9219 | Val Acc: 0.8889 | Val P/R/F1 (Macro): 0.9722/0.9056/0.9206 | LR: 0.000010
Epoch [24/100] | Loss: 2.5946 (Cls: 2.2696, TAL: 0.0000, Adv: 2.1670) | Train Acc: 0.9453 | Val Acc: 0.8611 | Val P/R/F1 (Macro): 0.9278/0.8870/0.8867 | LR: 0.000010
Epoch [25/100] | Loss: 2.6181 (Cls: 2.2963, TAL: 0.0000, Adv: 2.1457) | Train Acc: 0.8906 | Val Acc: 0.9167 | Val P/R/F1 (Macro): 0.9722/0.9278/0.9405 | LR: 0.000010
  >>> New Best Val Acc: 0.9167
Epoch [26/100] | Loss: 2.7323 (Cls: 2.4002, TAL: 0.0000, Adv: 2.2140) | Train Acc: 0.8750 | Val Acc: 0.8889 | Val P/R/F1 (Macro): 0.9444/0.9222/0.9242 | LR: 0.000010
Epoch [27/100] | Loss: 2.4836 (Cls: 2.1085, TAL: 0.0000, Adv: 2.5007) | Train Acc: 0.9375 | Val Acc: 0.8889 | Val P/R/F1 (Macro): 0.9593/0.9231/0.9340 | LR: 0.000010
Epoch [28/100] | Loss: 2.5885 (Cls: 2.2189, TAL: 0.0000, Adv: 2.4638) | Train Acc: 0.9219 | Val Acc: 0.7778 | Val P/R/F1 (Macro): 0.8620/0.8537/0.8197 | LR: 0.000010
Epoch [29/100] | Loss: 2.4862 (Cls: 2.1016, TAL: 0.0000, Adv: 2.5644) | Train Acc: 0.9297 | Val Acc: 0.8889 | Val P/R/F1 (Macro): 0.9222/0.9130/0.9002 | LR: 0.000010
Epoch [30/100] | Loss: 2.5800 (Cls: 2.2092, TAL: 0.0000, Adv: 2.4718) | Train Acc: 0.9297 | Val Acc: 0.8611 | Val P/R/F1 (Macro): 0.8981/0.9093/0.8788 | LR: 0.000010
Epoch [31/100] | Loss: 2.4243 (Cls: 2.0585, TAL: 0.0000, Adv: 2.4382) | Train Acc: 0.9531 | Val Acc: 0.8889 | Val P/R/F1 (Macro): 0.9722/0.9278/0.9405 | LR: 0.000010
Epoch [32/100] | Loss: 2.6059 (Cls: 2.2398, TAL: 0.0000, Adv: 2.4410) | Train Acc: 0.8984 | Val Acc: 0.8611 | Val P/R/F1 (Macro): 0.9259/0.9000/0.8849 | LR: 0.000010
Epoch [33/100] | Loss: 2.2978 (Cls: 1.9397, TAL: 0.0000, Adv: 2.3876) | Train Acc: 0.9688 | Val Acc: 0.8056 | Val P/R/F1 (Macro): 0.8574/0.8593/0.8147 | LR: 0.000010
Epoch [34/100] | Loss: 2.6163 (Cls: 2.2488, TAL: 0.0000, Adv: 2.4495) | Train Acc: 0.9297 | Val Acc: 0.8611 | Val P/R/F1 (Macro): 0.9008/0.9000/0.8675 | LR: 0.000010
Epoch [35/100] | Loss: 2.3261 (Cls: 1.9253, TAL: 0.0000, Adv: 2.6718) | Train Acc: 0.9531 | Val Acc: 0.9167 | Val P/R/F1 (Macro): 0.9444/0.9278/0.9193 | LR: 0.000010
Epoch [36/100] | Loss: 2.4159 (Cls: 2.0422, TAL: 0.0000, Adv: 2.4916) | Train Acc: 0.9453 | Val Acc: 0.9444 | Val P/R/F1 (Macro): 1.0000/0.9556/0.9722 | LR: 0.000010
  >>> New Best Val Acc: 0.9444
Epoch [37/100] | Loss: 2.3671 (Cls: 2.0095, TAL: 0.0000, Adv: 2.3841) | Train Acc: 0.9531 | Val Acc: 0.9444 | Val P/R/F1 (Macro): 1.0000/0.9556/0.9722 | LR: 0.000010
Epoch [38/100] | Loss: 2.4603 (Cls: 2.0878, TAL: 0.0000, Adv: 2.4832) | Train Acc: 0.9141 | Val Acc: 0.9444 | Val P/R/F1 (Macro): 1.0000/0.9556/0.9722 | LR: 0.000010
Epoch [39/100] | Loss: 2.3582 (Cls: 1.9828, TAL: 0.0000, Adv: 2.5028) | Train Acc: 0.9609 | Val Acc: 0.8056 | Val P/R/F1 (Macro): 0.8370/0.7389/0.7408 | LR: 0.000010
Epoch [40/100] | Loss: 2.5247 (Cls: 2.1538, TAL: 0.0000, Adv: 2.4728) | Train Acc: 0.8828 | Val Acc: 0.9722 | Val P/R/F1 (Macro): 0.9877/0.9778/0.9811 | LR: 0.000010
  >>> New Best Val Acc: 0.9722
Epoch [41/100] | Loss: 2.4378 (Cls: 2.0709, TAL: 0.0000, Adv: 2.4459) | Train Acc: 0.9297 | Val Acc: 0.9167 | Val P/R/F1 (Macro): 0.9599/0.9278/0.9339 | LR: 0.000010
Epoch [42/100] | Loss: 2.1568 (Cls: 1.7799, TAL: 0.0000, Adv: 2.5126) | Train Acc: 0.9844 | Val Acc: 0.8611 | Val P/R/F1 (Macro): 0.8843/0.8861/0.8552 | LR: 0.000010
Epoch [43/100] | Loss: 2.3379 (Cls: 1.9185, TAL: 0.0000, Adv: 2.7964) | Train Acc: 0.9688 | Val Acc: 0.8889 | Val P/R/F1 (Macro): 0.9120/0.9139/0.8869 | LR: 0.000010
Epoch [44/100] | Loss: 2.3015 (Cls: 1.8966, TAL: 0.0000, Adv: 2.6989) | Train Acc: 0.9609 | Val Acc: 0.9167 | Val P/R/F1 (Macro): 0.9599/0.9278/0.9339 | LR: 0.000010
Epoch [45/100] | Loss: 2.3328 (Cls: 1.9463, TAL: 0.0000, Adv: 2.5768) | Train Acc: 0.9609 | Val Acc: 0.9167 | Val P/R/F1 (Macro): 0.9841/0.9185/0.9415 | LR: 0.000010
Epoch [46/100] | Loss: 2.3916 (Cls: 1.9863, TAL: 0.0000, Adv: 2.7014) | Train Acc: 0.9453 | Val Acc: 0.8611 | Val P/R/F1 (Macro): 0.9037/0.8722/0.8662 | LR: 0.000010
Epoch [47/100] | Loss: 2.3664 (Cls: 1.9688, TAL: 0.0000, Adv: 2.6501) | Train Acc: 0.9531 | Val Acc: 0.9167 | Val P/R/F1 (Macro): 0.9778/0.9370/0.9498 | LR: 0.000010
Epoch [48/100] | Loss: 2.4689 (Cls: 2.0826, TAL: 0.0000, Adv: 2.5752) | Train Acc: 0.9531 | Val Acc: 0.9167 | Val P/R/F1 (Macro): 0.9722/0.9278/0.9405 | LR: 0.000010
Epoch [49/100] | Loss: 2.2955 (Cls: 1.9007, TAL: 0.0000, Adv: 2.6323) | Train Acc: 0.9531 | Val Acc: 0.9444 | Val P/R/F1 (Macro): 1.0000/0.9556/0.9722 | LR: 0.000010
Epoch [50/100] | Loss: 2.3809 (Cls: 1.9702, TAL: 0.0000, Adv: 2.7381) | Train Acc: 0.9766 | Val Acc: 0.9167 | Val P/R/F1 (Macro): 1.0000/0.9361/0.9644 | LR: 0.000010
Epoch [51/100] | Loss: 2.2375 (Cls: 1.8036, TAL: 0.0000, Adv: 2.8929) | Train Acc: 0.9609 | Val Acc: 0.9444 | Val P/R/F1 (Macro): 0.9444/0.9500/0.9347 | LR: 0.000005
Epoch [52/100] | Loss: 2.2308 (Cls: 1.7906, TAL: 0.0000, Adv: 2.9344) | Train Acc: 0.9922 | Val Acc: 0.9444 | Val P/R/F1 (Macro): 0.9877/0.9556/0.9657 | LR: 0.000005
Epoch [53/100] | Loss: 2.2452 (Cls: 1.8026, TAL: 0.0000, Adv: 2.9510) | Train Acc: 0.9766 | Val Acc: 0.9722 | Val P/R/F1 (Macro): 1.0000/0.9778/0.9877 | LR: 0.000005
Epoch [54/100] | Loss: 2.2175 (Cls: 1.7906, TAL: 0.0000, Adv: 2.8455) | Train Acc: 0.9766 | Val Acc: 0.9444 | Val P/R/F1 (Macro): 0.9877/0.9556/0.9657 | LR: 0.000005
Epoch [55/100] | Loss: 2.3550 (Cls: 1.9694, TAL: 0.0000, Adv: 2.5708) | Train Acc: 0.9531 | Val Acc: 0.9444 | Val P/R/F1 (Macro): 1.0000/0.9556/0.9722 | LR: 0.000005
Epoch [56/100] | Loss: 2.1522 (Cls: 1.7458, TAL: 0.0000, Adv: 2.7091) | Train Acc: 0.9688 | Val Acc: 0.9444 | Val P/R/F1 (Macro): 1.0000/0.9556/0.9722 | LR: 0.000005
Epoch [57/100] | Loss: 2.2311 (Cls: 1.7934, TAL: 0.0000, Adv: 2.9180) | Train Acc: 0.9688 | Val Acc: 0.9167 | Val P/R/F1 (Macro): 0.9444/0.9278/0.9193 | LR: 0.000005
Epoch [58/100] | Loss: 2.3515 (Cls: 1.8851, TAL: 0.0000, Adv: 3.1091) | Train Acc: 0.9219 | Val Acc: 0.9167 | Val P/R/F1 (Macro): 0.9444/0.9278/0.9193 | LR: 0.000005
Epoch [59/100] | Loss: 2.2180 (Cls: 1.7282, TAL: 0.0000, Adv: 3.2647) | Train Acc: 0.9922 | Val Acc: 0.9722 | Val P/R/F1 (Macro): 1.0000/0.9778/0.9877 | LR: 0.000005
Epoch [60/100] | Loss: 2.2318 (Cls: 1.7695, TAL: 0.0000, Adv: 3.0814) | Train Acc: 0.9922 | Val Acc: 0.9444 | Val P/R/F1 (Macro): 1.0000/0.9556/0.9722 | LR: 0.000005
Epoch [61/100] | Loss: 2.2432 (Cls: 1.7645, TAL: 0.0000, Adv: 3.1918) | Train Acc: 0.9844 | Val Acc: 0.9444 | Val P/R/F1 (Macro): 1.0000/0.9556/0.9722 | LR: 0.000005
Epoch [62/100] | Loss: 2.2536 (Cls: 1.7879, TAL: 0.0000, Adv: 3.1043) | Train Acc: 0.9609 | Val Acc: 0.9167 | Val P/R/F1 (Macro): 0.9321/0.9278/0.9128 | LR: 0.000003
Epoch [63/100] | Loss: 2.3107 (Cls: 1.8326, TAL: 0.0000, Adv: 3.1870) | Train Acc: 0.9453 | Val Acc: 0.9444 | Val P/R/F1 (Macro): 0.9877/0.9556/0.9657 | LR: 0.000003
Epoch [64/100] | Loss: 2.1865 (Cls: 1.7016, TAL: 0.0000, Adv: 3.2330) | Train Acc: 0.9844 | Val Acc: 0.9444 | Val P/R/F1 (Macro): 1.0000/0.9556/0.9722 | LR: 0.000003
Epoch [65/100] | Loss: 2.2221 (Cls: 1.7600, TAL: 0.0000, Adv: 3.0807) | Train Acc: 0.9531 | Val Acc: 0.9444 | Val P/R/F1 (Macro): 1.0000/0.9556/0.9722 | LR: 0.000003
Epoch [66/100] | Loss: 2.3413 (Cls: 1.8334, TAL: 0.0000, Adv: 3.3855) | Train Acc: 0.9609 | Val Acc: 0.9444 | Val P/R/F1 (Macro): 1.0000/0.9556/0.9722 | LR: 0.000003
Epoch [67/100] | Loss: 2.2084 (Cls: 1.6991, TAL: 0.0000, Adv: 3.3954) | Train Acc: 0.9766 | Val Acc: 0.9444 | Val P/R/F1 (Macro): 1.0000/0.9556/0.9722 | LR: 0.000003
Epoch [68/100] | Loss: 2.2514 (Cls: 1.7415, TAL: 0.0000, Adv: 3.3991) | Train Acc: 0.9844 | Val Acc: 0.9444 | Val P/R/F1 (Macro): 0.9877/0.9556/0.9657 | LR: 0.000003
Epoch [69/100] | Loss: 2.2116 (Cls: 1.7231, TAL: 0.0000, Adv: 3.2572) | Train Acc: 0.9766 | Val Acc: 0.9444 | Val P/R/F1 (Macro): 0.9877/0.9556/0.9657 | LR: 0.000003
Epoch [70/100] | Loss: 2.3154 (Cls: 1.8179, TAL: 0.0000, Adv: 3.3165) | Train Acc: 0.9688 | Val Acc: 0.9444 | Val P/R/F1 (Macro): 0.9877/0.9556/0.9657 | LR: 0.000003
Epoch [71/100] | Loss: 2.1202 (Cls: 1.6419, TAL: 0.0000, Adv: 3.1887) | Train Acc: 0.9922 | Val Acc: 0.9444 | Val P/R/F1 (Macro): 1.0000/0.9556/0.9722 | LR: 0.000003
Epoch [72/100] | Loss: 2.1923 (Cls: 1.7021, TAL: 0.0000, Adv: 3.2683) | Train Acc: 0.9766 | Val Acc: 0.9444 | Val P/R/F1 (Macro): 1.0000/0.9556/0.9722 | LR: 0.000003
Epoch [73/100] | Loss: 2.1626 (Cls: 1.6574, TAL: 0.0000, Adv: 3.3675) | Train Acc: 1.0000 | Val Acc: 0.9444 | Val P/R/F1 (Macro): 1.0000/0.9556/0.9722 | LR: 0.000001
Epoch [74/100] | Loss: 2.2442 (Cls: 1.7200, TAL: 0.0000, Adv: 3.4950) | Train Acc: 0.9844 | Val Acc: 0.9444 | Val P/R/F1 (Macro): 1.0000/0.9556/0.9722 | LR: 0.000001
Epoch [75/100] | Loss: 2.1971 (Cls: 1.6785, TAL: 0.0000, Adv: 3.4577) | Train Acc: 0.9922 | Val Acc: 0.9444 | Val P/R/F1 (Macro): 1.0000/0.9556/0.9722 | LR: 0.000001
Epoch [76/100] | Loss: 2.1962 (Cls: 1.6722, TAL: 0.0000, Adv: 3.4935) | Train Acc: 0.9922 | Val Acc: 0.9444 | Val P/R/F1 (Macro): 1.0000/0.9556/0.9722 | LR: 0.000001
Epoch [77/100] | Loss: 2.1605 (Cls: 1.6369, TAL: 0.0000, Adv: 3.4906) | Train Acc: 1.0000 | Val Acc: 0.9444 | Val P/R/F1 (Macro): 1.0000/0.9556/0.9722 | LR: 0.000001
Epoch [78/100] | Loss: 2.1268 (Cls: 1.6334, TAL: 0.0000, Adv: 3.2891) | Train Acc: 0.9922 | Val Acc: 0.9444 | Val P/R/F1 (Macro): 1.0000/0.9556/0.9722 | LR: 0.000001
Epoch [79/100] | Loss: 2.2192 (Cls: 1.7036, TAL: 0.0000, Adv: 3.4371) | Train Acc: 0.9844 | Val Acc: 0.9444 | Val P/R/F1 (Macro): 1.0000/0.9556/0.9722 | LR: 0.000001
Epoch [80/100] | Loss: 2.2436 (Cls: 1.7360, TAL: 0.0000, Adv: 3.3845) | Train Acc: 0.9531 | Val Acc: 0.9444 | Val P/R/F1 (Macro): 1.0000/0.9556/0.9722 | LR: 0.000001
Epoch [81/100] | Loss: 2.1717 (Cls: 1.6512, TAL: 0.0000, Adv: 3.4703) | Train Acc: 1.0000 | Val Acc: 0.9444 | Val P/R/F1 (Macro): 1.0000/0.9556/0.9722 | LR: 0.000001
Epoch [82/100] | Loss: 2.1727 (Cls: 1.6723, TAL: 0.0000, Adv: 3.3357) | Train Acc: 0.9844 | Val Acc: 0.9444 | Val P/R/F1 (Macro): 1.0000/0.9556/0.9722 | LR: 0.000001
Epoch [83/100] | Loss: 2.2289 (Cls: 1.6820, TAL: 0.0000, Adv: 3.6455) | Train Acc: 0.9844 | Val Acc: 0.9444 | Val P/R/F1 (Macro): 1.0000/0.9556/0.9722 | LR: 0.000001
Epoch [84/100] | Loss: 2.2065 (Cls: 1.6631, TAL: 0.0000, Adv: 3.6227) | Train Acc: 0.9844 | Val Acc: 0.9444 | Val P/R/F1 (Macro): 1.0000/0.9556/0.9722 | LR: 0.000001
Epoch [85/100] | Loss: 2.2515 (Cls: 1.7048, TAL: 0.0000, Adv: 3.6448) | Train Acc: 0.9688 | Val Acc: 0.9444 | Val P/R/F1 (Macro): 1.0000/0.9556/0.9722 | LR: 0.000001
Epoch [86/100] | Loss: 2.1624 (Cls: 1.5982, TAL: 0.0000, Adv: 3.7614) | Train Acc: 0.9922 | Val Acc: 0.9444 | Val P/R/F1 (Macro): 1.0000/0.9556/0.9722 | LR: 0.000001
Epoch [87/100] | Loss: 2.1910 (Cls: 1.6316, TAL: 0.0000, Adv: 3.7290) | Train Acc: 0.9844 | Val Acc: 0.9444 | Val P/R/F1 (Macro): 1.0000/0.9556/0.9722 | LR: 0.000001
Epoch [88/100] | Loss: 2.2349 (Cls: 1.6943, TAL: 0.0000, Adv: 3.6037) | Train Acc: 0.9922 | Val Acc: 0.9444 | Val P/R/F1 (Macro): 1.0000/0.9556/0.9722 | LR: 0.000001
Epoch [89/100] | Loss: 2.1751 (Cls: 1.6329, TAL: 0.0000, Adv: 3.6144) | Train Acc: 0.9922 | Val Acc: 0.9444 | Val P/R/F1 (Macro): 1.0000/0.9556/0.9722 | LR: 0.000001
Epoch [90/100] | Loss: 2.1620 (Cls: 1.6061, TAL: 0.0000, Adv: 3.7064) | Train Acc: 0.9844 | Val Acc: 0.9444 | Val P/R/F1 (Macro): 1.0000/0.9556/0.9722 | LR: 0.000001
Epoch [91/100] | Loss: 2.2260 (Cls: 1.6588, TAL: 0.0000, Adv: 3.7814) | Train Acc: 0.9766 | Val Acc: 0.9444 | Val P/R/F1 (Macro): 1.0000/0.9556/0.9722 | LR: 0.000001
Epoch [92/100] | Loss: 2.1116 (Cls: 1.5747, TAL: 0.0000, Adv: 3.5797) | Train Acc: 1.0000 | Val Acc: 0.9444 | Val P/R/F1 (Macro): 1.0000/0.9556/0.9722 | LR: 0.000001
Epoch [93/100] | Loss: 2.2239 (Cls: 1.6423, TAL: 0.0000, Adv: 3.8772) | Train Acc: 0.9922 | Val Acc: 0.9444 | Val P/R/F1 (Macro): 1.0000/0.9556/0.9722 | LR: 0.000001
Epoch [94/100] | Loss: 2.2489 (Cls: 1.6491, TAL: 0.0000, Adv: 3.9985) | Train Acc: 1.0000 | Val Acc: 0.9444 | Val P/R/F1 (Macro): 1.0000/0.9556/0.9722 | LR: 0.000001
Epoch [95/100] | Loss: 2.2540 (Cls: 1.6621, TAL: 0.0000, Adv: 3.9459) | Train Acc: 0.9688 | Val Acc: 0.9444 | Val P/R/F1 (Macro): 1.0000/0.9556/0.9722 | LR: 0.000001
Epoch [96/100] | Loss: 2.2117 (Cls: 1.6395, TAL: 0.0000, Adv: 3.8146) | Train Acc: 0.9922 | Val Acc: 0.9444 | Val P/R/F1 (Macro): 1.0000/0.9556/0.9722 | LR: 0.000001
Epoch [97/100] | Loss: 2.2331 (Cls: 1.6515, TAL: 0.0000, Adv: 3.8771) | Train Acc: 0.9844 | Val Acc: 0.9444 | Val P/R/F1 (Macro): 1.0000/0.9556/0.9722 | LR: 0.000001
Epoch [98/100] | Loss: 2.1987 (Cls: 1.6250, TAL: 0.0000, Adv: 3.8246) | Train Acc: 0.9844 | Val Acc: 0.9444 | Val P/R/F1 (Macro): 1.0000/0.9556/0.9722 | LR: 0.000001
Epoch [99/100] | Loss: 2.3065 (Cls: 1.7422, TAL: 0.0000, Adv: 3.7621) | Train Acc: 0.9531 | Val Acc: 0.9444 | Val P/R/F1 (Macro): 1.0000/0.9556/0.9722 | LR: 0.000001
Epoch [100/100] | Loss: 2.1993 (Cls: 1.6498, TAL: 0.0000, Adv: 3.6633) | Train Acc: 0.9766 | Val Acc: 0.9444 | Val P/R/F1 (Macro): 1.0000/0.9556/0.9722 | LR: 0.000001

迭代 1 最佳指标:
  Accuracy: 0.9722
  Precision (Macro): 0.9877
  Recall (Macro): 0.9778
  F1 (Macro): 0.9811
  Precision (Micro): 0.9722
  Recall (Micro): 0.9722
  F1 (Micro): 0.9722
  Val class coverage: 9/14 (0.6429), samples=36

================================================================================
迭代 2/5
随机种子: 43
================================================================================
Training mode: unpaired target adaptation with controlled target-label loss (ratio=0.35, weight=0.50).
Fixed labeled target subset: 45/128 samples.
Feature fusion: Channel concatenation (512+512); fused_dim=1024
Domain adaptation: Neural OT generator with 3-domain discriminator
Loss weights: tensor=0.00, adv=0.15
Epoch [1/100] | Loss: 7.4483 (Cls: 7.3994, TAL: 0.0000, Adv: 0.3259) | Train Acc: 0.1328 | Val Acc: 0.2778 | Val P/R/F1 (Macro): 0.1631/0.1833/0.1216 | LR: 0.000010
  >>> New Best Val Acc: 0.2778
Epoch [2/100] | Loss: 6.0605 (Cls: 6.0219, TAL: 0.0000, Adv: 0.2572) | Train Acc: 0.2422 | Val Acc: 0.3611 | Val P/R/F1 (Macro): 0.3111/0.2750/0.2252 | LR: 0.000010
  >>> New Best Val Acc: 0.3611
Epoch [3/100] | Loss: 5.6642 (Cls: 5.6014, TAL: 0.0000, Adv: 0.4184) | Train Acc: 0.3438 | Val Acc: 0.3611 | Val P/R/F1 (Macro): 0.2997/0.2806/0.2282 | LR: 0.000010
Epoch [4/100] | Loss: 5.1725 (Cls: 5.1129, TAL: 0.0000, Adv: 0.3972) | Train Acc: 0.4141 | Val Acc: 0.4444 | Val P/R/F1 (Macro): 0.4180/0.3417/0.3333 | LR: 0.000010
  >>> New Best Val Acc: 0.4444
Epoch [5/100] | Loss: 4.8495 (Cls: 4.7822, TAL: 0.0000, Adv: 0.4486) | Train Acc: 0.4688 | Val Acc: 0.3333 | Val P/R/F1 (Macro): 0.5392/0.2731/0.2827 | LR: 0.000010
Epoch [6/100] | Loss: 4.8330 (Cls: 4.7462, TAL: 0.0000, Adv: 0.5783) | Train Acc: 0.5156 | Val Acc: 0.5833 | Val P/R/F1 (Macro): 0.4810/0.5093/0.4690 | LR: 0.000010
  >>> New Best Val Acc: 0.5833
Epoch [7/100] | Loss: 4.4529 (Cls: 4.3480, TAL: 0.0000, Adv: 0.6990) | Train Acc: 0.4609 | Val Acc: 0.6667 | Val P/R/F1 (Macro): 0.4905/0.5509/0.5021 | LR: 0.000010
  >>> New Best Val Acc: 0.6667
Epoch [8/100] | Loss: 3.9756 (Cls: 3.8198, TAL: 0.0000, Adv: 1.0387) | Train Acc: 0.5938 | Val Acc: 0.7222 | Val P/R/F1 (Macro): 0.6619/0.6944/0.6683 | LR: 0.000010
  >>> New Best Val Acc: 0.7222
Epoch [9/100] | Loss: 3.7552 (Cls: 3.6171, TAL: 0.0000, Adv: 0.9205) | Train Acc: 0.7031 | Val Acc: 0.5833 | Val P/R/F1 (Macro): 0.5827/0.5787/0.5439 | LR: 0.000010
Epoch [10/100] | Loss: 3.3819 (Cls: 3.2469, TAL: 0.0000, Adv: 0.8997) | Train Acc: 0.6875 | Val Acc: 0.7222 | Val P/R/F1 (Macro): 0.7390/0.6611/0.6183 | LR: 0.000010
Epoch [11/100] | Loss: 3.1925 (Cls: 3.0383, TAL: 0.0000, Adv: 1.0281) | Train Acc: 0.7188 | Val Acc: 0.6667 | Val P/R/F1 (Macro): 0.7119/0.7222/0.6608 | LR: 0.000010
Epoch [12/100] | Loss: 3.0945 (Cls: 2.8544, TAL: 0.0000, Adv: 1.6010) | Train Acc: 0.8438 | Val Acc: 0.7778 | Val P/R/F1 (Macro): 0.6730/0.7222/0.6797 | LR: 0.000010
  >>> New Best Val Acc: 0.7778
Epoch [13/100] | Loss: 3.4267 (Cls: 3.1634, TAL: 0.0000, Adv: 1.7554) | Train Acc: 0.7969 | Val Acc: 0.8056 | Val P/R/F1 (Macro): 0.8759/0.8417/0.8030 | LR: 0.000010
  >>> New Best Val Acc: 0.8056
Epoch [14/100] | Loss: 3.1241 (Cls: 2.8691, TAL: 0.0000, Adv: 1.7003) | Train Acc: 0.8281 | Val Acc: 0.7500 | Val P/R/F1 (Macro): 0.8452/0.7944/0.7516 | LR: 0.000010
Epoch [15/100] | Loss: 2.9244 (Cls: 2.6672, TAL: 0.0000, Adv: 1.7146) | Train Acc: 0.8359 | Val Acc: 0.8056 | Val P/R/F1 (Macro): 0.8858/0.8315/0.8114 | LR: 0.000010
Epoch [16/100] | Loss: 3.1150 (Cls: 2.8205, TAL: 0.0000, Adv: 1.9630) | Train Acc: 0.8047 | Val Acc: 0.7778 | Val P/R/F1 (Macro): 0.8500/0.8139/0.7588 | LR: 0.000010
Epoch [17/100] | Loss: 3.1176 (Cls: 2.7982, TAL: 0.0000, Adv: 2.1292) | Train Acc: 0.8047 | Val Acc: 0.7778 | Val P/R/F1 (Macro): 0.7972/0.7306/0.7198 | LR: 0.000010
Epoch [18/100] | Loss: 3.0103 (Cls: 2.6741, TAL: 0.0000, Adv: 2.2411) | Train Acc: 0.8281 | Val Acc: 0.8333 | Val P/R/F1 (Macro): 0.8329/0.7667/0.7733 | LR: 0.000010
  >>> New Best Val Acc: 0.8333
Epoch [19/100] | Loss: 2.8135 (Cls: 2.4743, TAL: 0.0000, Adv: 2.2619) | Train Acc: 0.8750 | Val Acc: 0.8611 | Val P/R/F1 (Macro): 0.9008/0.8778/0.8592 | LR: 0.000010
  >>> New Best Val Acc: 0.8611
Epoch [20/100] | Loss: 2.8869 (Cls: 2.5747, TAL: 0.0000, Adv: 2.0819) | Train Acc: 0.8750 | Val Acc: 0.8056 | Val P/R/F1 (Macro): 0.8889/0.8417/0.8180 | LR: 0.000010
Epoch [21/100] | Loss: 2.9531 (Cls: 2.5823, TAL: 0.0000, Adv: 2.4722) | Train Acc: 0.8359 | Val Acc: 0.8889 | Val P/R/F1 (Macro): 0.8765/0.8167/0.8387 | LR: 0.000010
  >>> New Best Val Acc: 0.8889
Epoch [22/100] | Loss: 2.8788 (Cls: 2.5337, TAL: 0.0000, Adv: 2.3006) | Train Acc: 0.8281 | Val Acc: 0.9444 | Val P/R/F1 (Macro): 0.8765/0.8667/0.8700 | LR: 0.000010
  >>> New Best Val Acc: 0.9444
Epoch [23/100] | Loss: 2.7146 (Cls: 2.3611, TAL: 0.0000, Adv: 2.3571) | Train Acc: 0.8984 | Val Acc: 0.8611 | Val P/R/F1 (Macro): 0.9444/0.8833/0.8730 | LR: 0.000010
Epoch [24/100] | Loss: 2.7869 (Cls: 2.4868, TAL: 0.0000, Adv: 2.0006) | Train Acc: 0.8750 | Val Acc: 0.8611 | Val P/R/F1 (Macro): 0.9167/0.8861/0.8611 | LR: 0.000010
Epoch [25/100] | Loss: 2.9077 (Cls: 2.5952, TAL: 0.0000, Adv: 2.0834) | Train Acc: 0.8281 | Val Acc: 0.8889 | Val P/R/F1 (Macro): 0.9722/0.9056/0.9206 | LR: 0.000010
Epoch [26/100] | Loss: 2.5950 (Cls: 2.2154, TAL: 0.0000, Adv: 2.5304) | Train Acc: 0.9453 | Val Acc: 0.8056 | Val P/R/F1 (Macro): 0.8210/0.7481/0.7506 | LR: 0.000010
Epoch [27/100] | Loss: 2.7586 (Cls: 2.3607, TAL: 0.0000, Adv: 2.6527) | Train Acc: 0.9062 | Val Acc: 0.8889 | Val P/R/F1 (Macro): 0.8667/0.8259/0.8387 | LR: 0.000010
Epoch [28/100] | Loss: 2.6611 (Cls: 2.2472, TAL: 0.0000, Adv: 2.7596) | Train Acc: 0.9062 | Val Acc: 0.7778 | Val P/R/F1 (Macro): 0.8676/0.8231/0.7869 | LR: 0.000010
Epoch [29/100] | Loss: 2.6049 (Cls: 2.2001, TAL: 0.0000, Adv: 2.6981) | Train Acc: 0.9219 | Val Acc: 0.8056 | Val P/R/F1 (Macro): 0.7919/0.7537/0.7312 | LR: 0.000010
Epoch [30/100] | Loss: 2.6159 (Cls: 2.2354, TAL: 0.0000, Adv: 2.5370) | Train Acc: 0.8750 | Val Acc: 0.8056 | Val P/R/F1 (Macro): 0.8472/0.7528/0.7798 | LR: 0.000010
Epoch [31/100] | Loss: 2.5559 (Cls: 2.1417, TAL: 0.0000, Adv: 2.7617) | Train Acc: 0.9531 | Val Acc: 0.8333 | Val P/R/F1 (Macro): 0.8981/0.8398/0.8286 | LR: 0.000010
Epoch [32/100] | Loss: 2.6655 (Cls: 2.2868, TAL: 0.0000, Adv: 2.5245) | Train Acc: 0.9062 | Val Acc: 0.8333 | Val P/R/F1 (Macro): 0.9111/0.8722/0.8452 | LR: 0.000010
Epoch [33/100] | Loss: 2.7781 (Cls: 2.3705, TAL: 0.0000, Adv: 2.7171) | Train Acc: 0.8906 | Val Acc: 0.8611 | Val P/R/F1 (Macro): 0.8488/0.7889/0.8070 | LR: 0.000005
Epoch [34/100] | Loss: 2.3719 (Cls: 1.9468, TAL: 0.0000, Adv: 2.8341) | Train Acc: 0.9531 | Val Acc: 0.8611 | Val P/R/F1 (Macro): 0.8765/0.8000/0.8083 | LR: 0.000005
Epoch [35/100] | Loss: 2.4232 (Cls: 1.9784, TAL: 0.0000, Adv: 2.9652) | Train Acc: 0.9297 | Val Acc: 0.9167 | Val P/R/F1 (Macro): 0.8765/0.8296/0.8478 | LR: 0.000005
Epoch [36/100] | Loss: 2.5842 (Cls: 2.1880, TAL: 0.0000, Adv: 2.6409) | Train Acc: 0.9453 | Val Acc: 0.8611 | Val P/R/F1 (Macro): 0.8889/0.8630/0.8558 | LR: 0.000005
Epoch [37/100] | Loss: 2.2719 (Cls: 1.8448, TAL: 0.0000, Adv: 2.8477) | Train Acc: 0.9688 | Val Acc: 0.8333 | Val P/R/F1 (Macro): 0.9000/0.8556/0.8294 | LR: 0.000005
Epoch [38/100] | Loss: 2.4729 (Cls: 2.0520, TAL: 0.0000, Adv: 2.8066) | Train Acc: 0.9453 | Val Acc: 0.8611 | Val P/R/F1 (Macro): 0.8265/0.7944/0.7906 | LR: 0.000005
Epoch [39/100] | Loss: 2.4145 (Cls: 1.9843, TAL: 0.0000, Adv: 2.8680) | Train Acc: 0.9453 | Val Acc: 0.9167 | Val P/R/F1 (Macro): 0.8488/0.8389/0.8383 | LR: 0.000005
Epoch [40/100] | Loss: 2.4397 (Cls: 1.9995, TAL: 0.0000, Adv: 2.9344) | Train Acc: 0.9453 | Val Acc: 0.9167 | Val P/R/F1 (Macro): 0.9167/0.9222/0.9030 | LR: 0.000005
Epoch [41/100] | Loss: 2.3233 (Cls: 1.9010, TAL: 0.0000, Adv: 2.8156) | Train Acc: 0.9375 | Val Acc: 0.8889 | Val P/R/F1 (Macro): 0.9167/0.9000/0.8876 | LR: 0.000005
Epoch [42/100] | Loss: 2.3572 (Cls: 1.8874, TAL: 0.0000, Adv: 3.1321) | Train Acc: 0.9766 | Val Acc: 0.8333 | Val P/R/F1 (Macro): 0.8099/0.7722/0.7523 | LR: 0.000005
Epoch [43/100] | Loss: 2.3719 (Cls: 1.8801, TAL: 0.0000, Adv: 3.2783) | Train Acc: 0.9453 | Val Acc: 0.8611 | Val P/R/F1 (Macro): 0.8265/0.7944/0.7906 | LR: 0.000005
Epoch [44/100] | Loss: 2.3640 (Cls: 1.8909, TAL: 0.0000, Adv: 3.1541) | Train Acc: 0.9688 | Val Acc: 0.8889 | Val P/R/F1 (Macro): 0.8488/0.8167/0.8228 | LR: 0.000003
Epoch [45/100] | Loss: 2.5102 (Cls: 2.0326, TAL: 0.0000, Adv: 3.1844) | Train Acc: 0.9609 | Val Acc: 0.9167 | Val P/R/F1 (Macro): 0.8488/0.8389/0.8383 | LR: 0.000003
Epoch [46/100] | Loss: 2.3953 (Cls: 1.9611, TAL: 0.0000, Adv: 2.8947) | Train Acc: 0.9531 | Val Acc: 0.9167 | Val P/R/F1 (Macro): 0.8488/0.8389/0.8383 | LR: 0.000003
Epoch [47/100] | Loss: 2.3186 (Cls: 1.8999, TAL: 0.0000, Adv: 2.7915) | Train Acc: 0.9688 | Val Acc: 0.9444 | Val P/R/F1 (Macro): 0.9722/0.9500/0.9559 | LR: 0.000003
Epoch [48/100] | Loss: 2.4361 (Cls: 2.0077, TAL: 0.0000, Adv: 2.8564) | Train Acc: 0.9297 | Val Acc: 0.8889 | Val P/R/F1 (Macro): 0.9722/0.9056/0.9206 | LR: 0.000003
Epoch [49/100] | Loss: 2.2932 (Cls: 1.8558, TAL: 0.0000, Adv: 2.9158) | Train Acc: 0.9844 | Val Acc: 0.8611 | Val P/R/F1 (Macro): 0.8488/0.7944/0.8030 | LR: 0.000003
Epoch [50/100] | Loss: 2.2379 (Cls: 1.7787, TAL: 0.0000, Adv: 3.0612) | Train Acc: 0.9766 | Val Acc: 0.8889 | Val P/R/F1 (Macro): 0.9722/0.9056/0.9206 | LR: 0.000003
Epoch [51/100] | Loss: 2.3140 (Cls: 1.8583, TAL: 0.0000, Adv: 3.0380) | Train Acc: 0.9531 | Val Acc: 0.9722 | Val P/R/F1 (Macro): 1.0000/0.9778/0.9877 | LR: 0.000003
  >>> New Best Val Acc: 0.9722
Epoch [52/100] | Loss: 2.3309 (Cls: 1.8420, TAL: 0.0000, Adv: 3.2589) | Train Acc: 0.9844 | Val Acc: 0.9167 | Val P/R/F1 (Macro): 0.8488/0.8389/0.8383 | LR: 0.000003
Epoch [53/100] | Loss: 2.3005 (Cls: 1.8095, TAL: 0.0000, Adv: 3.2734) | Train Acc: 0.9766 | Val Acc: 0.9167 | Val P/R/F1 (Macro): 0.9722/0.9278/0.9405 | LR: 0.000003
Epoch [54/100] | Loss: 2.2333 (Cls: 1.7813, TAL: 0.0000, Adv: 3.0135) | Train Acc: 0.9922 | Val Acc: 0.8889 | Val P/R/F1 (Macro): 0.9722/0.9056/0.9206 | LR: 0.000003
Epoch [55/100] | Loss: 2.2803 (Cls: 1.8367, TAL: 0.0000, Adv: 2.9574) | Train Acc: 0.9766 | Val Acc: 0.8889 | Val P/R/F1 (Macro): 0.9500/0.9056/0.9083 | LR: 0.000003
Epoch [56/100] | Loss: 2.3080 (Cls: 1.8608, TAL: 0.0000, Adv: 2.9814) | Train Acc: 0.9375 | Val Acc: 0.8611 | Val P/R/F1 (Macro): 0.8265/0.7944/0.7906 | LR: 0.000003
Epoch [57/100] | Loss: 2.2823 (Cls: 1.8243, TAL: 0.0000, Adv: 3.0530) | Train Acc: 0.9609 | Val Acc: 0.8889 | Val P/R/F1 (Macro): 0.8265/0.8167/0.8105 | LR: 0.000003
Epoch [58/100] | Loss: 2.1766 (Cls: 1.7084, TAL: 0.0000, Adv: 3.1216) | Train Acc: 0.9844 | Val Acc: 0.8889 | Val P/R/F1 (Macro): 0.8265/0.8167/0.8105 | LR: 0.000003
Epoch [59/100] | Loss: 2.2116 (Cls: 1.7568, TAL: 0.0000, Adv: 3.0316) | Train Acc: 0.9922 | Val Acc: 0.8611 | Val P/R/F1 (Macro): 0.8488/0.7944/0.8030 | LR: 0.000003
Epoch [60/100] | Loss: 2.3436 (Cls: 1.8374, TAL: 0.0000, Adv: 3.3747) | Train Acc: 0.9609 | Val Acc: 0.8611 | Val P/R/F1 (Macro): 0.8488/0.7944/0.8030 | LR: 0.000003
Epoch [61/100] | Loss: 2.2878 (Cls: 1.7787, TAL: 0.0000, Adv: 3.3940) | Train Acc: 0.9766 | Val Acc: 0.8889 | Val P/R/F1 (Macro): 0.8265/0.8167/0.8105 | LR: 0.000003
Epoch [62/100] | Loss: 2.3084 (Cls: 1.8234, TAL: 0.0000, Adv: 3.2334) | Train Acc: 0.9766 | Val Acc: 0.9167 | Val P/R/F1 (Macro): 0.8543/0.8444/0.8422 | LR: 0.000001
Epoch [63/100] | Loss: 2.2186 (Cls: 1.7218, TAL: 0.0000, Adv: 3.3126) | Train Acc: 1.0000 | Val Acc: 0.9444 | Val P/R/F1 (Macro): 0.8765/0.8667/0.8700 | LR: 0.000001
Epoch [64/100] | Loss: 2.1842 (Cls: 1.7253, TAL: 0.0000, Adv: 3.0593) | Train Acc: 0.9766 | Val Acc: 0.9167 | Val P/R/F1 (Macro): 0.9619/0.9417/0.9439 | LR: 0.000001
Epoch [65/100] | Loss: 2.3065 (Cls: 1.8017, TAL: 0.0000, Adv: 3.3655) | Train Acc: 0.9844 | Val Acc: 0.9444 | Val P/R/F1 (Macro): 0.9841/0.9639/0.9717 | LR: 0.000001
Epoch [66/100] | Loss: 2.2356 (Cls: 1.7223, TAL: 0.0000, Adv: 3.4219) | Train Acc: 0.9844 | Val Acc: 0.9444 | Val P/R/F1 (Macro): 0.9841/0.9639/0.9717 | LR: 0.000001
Epoch [67/100] | Loss: 2.2753 (Cls: 1.7321, TAL: 0.0000, Adv: 3.6217) | Train Acc: 0.9766 | Val Acc: 0.9722 | Val P/R/F1 (Macro): 1.0000/0.9778/0.9877 | LR: 0.000001
Epoch [68/100] | Loss: 2.2806 (Cls: 1.7534, TAL: 0.0000, Adv: 3.5145) | Train Acc: 0.9688 | Val Acc: 0.9167 | Val P/R/F1 (Macro): 0.8488/0.8389/0.8383 | LR: 0.000001
Epoch [69/100] | Loss: 2.3257 (Cls: 1.7854, TAL: 0.0000, Adv: 3.6018) | Train Acc: 0.9688 | Val Acc: 0.9444 | Val P/R/F1 (Macro): 0.9722/0.9500/0.9559 | LR: 0.000001
Epoch [70/100] | Loss: 2.2275 (Cls: 1.6803, TAL: 0.0000, Adv: 3.6476) | Train Acc: 1.0000 | Val Acc: 0.8611 | Val P/R/F1 (Macro): 0.8265/0.7944/0.7906 | LR: 0.000001
Epoch [71/100] | Loss: 2.1501 (Cls: 1.6374, TAL: 0.0000, Adv: 3.4182) | Train Acc: 0.9844 | Val Acc: 0.8889 | Val P/R/F1 (Macro): 0.9722/0.9056/0.9206 | LR: 0.000001
Epoch [72/100] | Loss: 2.1969 (Cls: 1.6872, TAL: 0.0000, Adv: 3.3982) | Train Acc: 0.9844 | Val Acc: 0.9167 | Val P/R/F1 (Macro): 0.9500/0.9278/0.9281 | LR: 0.000001
Epoch [73/100] | Loss: 2.1963 (Cls: 1.6691, TAL: 0.0000, Adv: 3.5149) | Train Acc: 1.0000 | Val Acc: 0.9167 | Val P/R/F1 (Macro): 0.9500/0.9278/0.9281 | LR: 0.000001
Epoch [74/100] | Loss: 2.3802 (Cls: 1.8160, TAL: 0.0000, Adv: 3.7614) | Train Acc: 0.9766 | Val Acc: 0.9444 | Val P/R/F1 (Macro): 0.9722/0.9500/0.9559 | LR: 0.000001
Epoch [75/100] | Loss: 2.2766 (Cls: 1.7631, TAL: 0.0000, Adv: 3.4237) | Train Acc: 0.9766 | Val Acc: 0.9722 | Val P/R/F1 (Macro): 0.9722/0.9722/0.9683 | LR: 0.000001
Epoch [76/100] | Loss: 2.3314 (Cls: 1.7641, TAL: 0.0000, Adv: 3.7823) | Train Acc: 0.9766 | Val Acc: 0.9722 | Val P/R/F1 (Macro): 0.9722/0.9722/0.9683 | LR: 0.000001
Epoch [77/100] | Loss: 2.3738 (Cls: 1.8059, TAL: 0.0000, Adv: 3.7863) | Train Acc: 0.9766 | Val Acc: 0.9444 | Val P/R/F1 (Macro): 0.9500/0.9500/0.9436 | LR: 0.000001
Epoch [78/100] | Loss: 2.2594 (Cls: 1.6994, TAL: 0.0000, Adv: 3.7333) | Train Acc: 0.9766 | Val Acc: 0.9444 | Val P/R/F1 (Macro): 0.9500/0.9500/0.9436 | LR: 0.000001
Epoch [79/100] | Loss: 2.1957 (Cls: 1.6556, TAL: 0.0000, Adv: 3.6008) | Train Acc: 1.0000 | Val Acc: 0.9167 | Val P/R/F1 (Macro): 0.9500/0.9278/0.9281 | LR: 0.000001
Epoch [80/100] | Loss: 2.2652 (Cls: 1.7434, TAL: 0.0000, Adv: 3.4787) | Train Acc: 0.9766 | Val Acc: 0.9167 | Val P/R/F1 (Macro): 0.9500/0.9278/0.9281 | LR: 0.000001
Epoch [81/100] | Loss: 2.2249 (Cls: 1.7052, TAL: 0.0000, Adv: 3.4645) | Train Acc: 0.9766 | Val Acc: 0.8889 | Val P/R/F1 (Macro): 0.8488/0.8167/0.8228 | LR: 0.000001
Epoch [82/100] | Loss: 2.2935 (Cls: 1.7169, TAL: 0.0000, Adv: 3.8441) | Train Acc: 0.9844 | Val Acc: 0.9167 | Val P/R/F1 (Macro): 0.8488/0.8389/0.8383 | LR: 0.000001
Epoch [83/100] | Loss: 2.2936 (Cls: 1.7277, TAL: 0.0000, Adv: 3.7727) | Train Acc: 0.9844 | Val Acc: 0.8889 | Val P/R/F1 (Macro): 0.8265/0.8167/0.8105 | LR: 0.000001
Epoch [84/100] | Loss: 2.2622 (Cls: 1.7025, TAL: 0.0000, Adv: 3.7314) | Train Acc: 0.9688 | Val Acc: 0.9167 | Val P/R/F1 (Macro): 0.9563/0.9361/0.9400 | LR: 0.000001
Epoch [85/100] | Loss: 2.2750 (Cls: 1.7063, TAL: 0.0000, Adv: 3.7915) | Train Acc: 0.9844 | Val Acc: 0.9167 | Val P/R/F1 (Macro): 0.9563/0.9361/0.9400 | LR: 0.000001
Epoch [86/100] | Loss: 2.3816 (Cls: 1.8081, TAL: 0.0000, Adv: 3.8230) | Train Acc: 0.9375 | Val Acc: 0.9167 | Val P/R/F1 (Macro): 0.9841/0.9417/0.9563 | LR: 0.000001
Epoch [87/100] | Loss: 2.3071 (Cls: 1.7559, TAL: 0.0000, Adv: 3.6746) | Train Acc: 0.9766 | Val Acc: 0.9444 | Val P/R/F1 (Macro): 0.9722/0.9500/0.9559 | LR: 0.000001
Epoch [88/100] | Loss: 2.2491 (Cls: 1.6975, TAL: 0.0000, Adv: 3.6772) | Train Acc: 0.9766 | Val Acc: 0.9167 | Val P/R/F1 (Macro): 0.9563/0.9361/0.9400 | LR: 0.000001
Epoch [89/100] | Loss: 2.2694 (Cls: 1.6846, TAL: 0.0000, Adv: 3.8988) | Train Acc: 0.9844 | Val Acc: 0.9167 | Val P/R/F1 (Macro): 0.8488/0.8389/0.8383 | LR: 0.000001
Epoch [90/100] | Loss: 2.3146 (Cls: 1.7107, TAL: 0.0000, Adv: 4.0260) | Train Acc: 0.9688 | Val Acc: 0.9444 | Val P/R/F1 (Macro): 0.8765/0.8667/0.8700 | LR: 0.000001
Epoch [91/100] | Loss: 2.3057 (Cls: 1.7054, TAL: 0.0000, Adv: 4.0020) | Train Acc: 0.9844 | Val Acc: 0.9167 | Val P/R/F1 (Macro): 0.8488/0.8389/0.8383 | LR: 0.000001
Epoch [92/100] | Loss: 2.2890 (Cls: 1.6989, TAL: 0.0000, Adv: 3.9339) | Train Acc: 0.9766 | Val Acc: 0.9167 | Val P/R/F1 (Macro): 0.8488/0.8389/0.8383 | LR: 0.000001
Epoch [93/100] | Loss: 2.3953 (Cls: 1.7811, TAL: 0.0000, Adv: 4.0950) | Train Acc: 0.9766 | Val Acc: 0.8611 | Val P/R/F1 (Macro): 0.8091/0.8028/0.7946 | LR: 0.000001
Epoch [94/100] | Loss: 2.3075 (Cls: 1.7404, TAL: 0.0000, Adv: 3.7807) | Train Acc: 0.9766 | Val Acc: 0.9167 | Val P/R/F1 (Macro): 0.9563/0.9361/0.9400 | LR: 0.000001
Epoch [95/100] | Loss: 2.2992 (Cls: 1.7244, TAL: 0.0000, Adv: 3.8315) | Train Acc: 0.9844 | Val Acc: 0.9167 | Val P/R/F1 (Macro): 0.9500/0.9278/0.9281 | LR: 0.000001
Epoch [96/100] | Loss: 2.2682 (Cls: 1.6646, TAL: 0.0000, Adv: 4.0238) | Train Acc: 0.9922 | Val Acc: 0.9444 | Val P/R/F1 (Macro): 0.9722/0.9500/0.9559 | LR: 0.000001
Epoch [97/100] | Loss: 2.3379 (Cls: 1.7170, TAL: 0.0000, Adv: 4.1398) | Train Acc: 0.9688 | Val Acc: 0.9444 | Val P/R/F1 (Macro): 0.9722/0.9500/0.9559 | LR: 0.000001
Epoch [98/100] | Loss: 2.2742 (Cls: 1.6654, TAL: 0.0000, Adv: 4.0584) | Train Acc: 0.9922 | Val Acc: 0.9444 | Val P/R/F1 (Macro): 0.9722/0.9500/0.9559 | LR: 0.000001
Epoch [99/100] | Loss: 2.2471 (Cls: 1.6595, TAL: 0.0000, Adv: 3.9171) | Train Acc: 0.9922 | Val Acc: 0.9444 | Val P/R/F1 (Macro): 0.9722/0.9500/0.9559 | LR: 0.000001
Epoch [100/100] | Loss: 2.3018 (Cls: 1.6756, TAL: 0.0000, Adv: 4.1751) | Train Acc: 0.9844 | Val Acc: 0.9444 | Val P/R/F1 (Macro): 0.9722/0.9500/0.9559 | LR: 0.000001

迭代 2 最佳指标:
  Accuracy: 0.9722
  Precision (Macro): 1.0000
  Recall (Macro): 0.9778
  F1 (Macro): 0.9877
  Precision (Micro): 0.9722
  Recall (Micro): 0.9722
  F1 (Micro): 0.9722
  Val class coverage: 9/14 (0.6429), samples=36

================================================================================
迭代 3/5
随机种子: 44
================================================================================
Training mode: unpaired target adaptation with controlled target-label loss (ratio=0.35, weight=0.50).
Fixed labeled target subset: 45/128 samples.
Feature fusion: Channel concatenation (512+512); fused_dim=1024
Domain adaptation: Neural OT generator with 3-domain discriminator
Loss weights: tensor=0.00, adv=0.15
Epoch [1/100] | Loss: 7.1892 (Cls: 7.1263, TAL: 0.0000, Adv: 0.4196) | Train Acc: 0.1797 | Val Acc: 0.3333 | Val P/R/F1 (Macro): 0.2006/0.2176/0.1822 | LR: 0.000010
  >>> New Best Val Acc: 0.3333
Epoch [2/100] | Loss: 6.2995 (Cls: 6.2449, TAL: 0.0000, Adv: 0.3641) | Train Acc: 0.1719 | Val Acc: 0.3611 | Val P/R/F1 (Macro): 0.3016/0.3028/0.2623 | LR: 0.000010
  >>> New Best Val Acc: 0.3611
Epoch [3/100] | Loss: 5.4563 (Cls: 5.4113, TAL: 0.0000, Adv: 0.2999) | Train Acc: 0.3594 | Val Acc: 0.4167 | Val P/R/F1 (Macro): 0.3056/0.3028/0.2625 | LR: 0.000010
  >>> New Best Val Acc: 0.4167
Epoch [4/100] | Loss: 5.1633 (Cls: 5.1115, TAL: 0.0000, Adv: 0.3453) | Train Acc: 0.4141 | Val Acc: 0.4167 | Val P/R/F1 (Macro): 0.2835/0.2787/0.2346 | LR: 0.000010
Epoch [5/100] | Loss: 5.1166 (Cls: 5.0464, TAL: 0.0000, Adv: 0.4674) | Train Acc: 0.4219 | Val Acc: 0.7778 | Val P/R/F1 (Macro): 0.7917/0.7444/0.7167 | LR: 0.000010
  >>> New Best Val Acc: 0.7778
Epoch [6/100] | Loss: 4.7633 (Cls: 4.6777, TAL: 0.0000, Adv: 0.5703) | Train Acc: 0.4766 | Val Acc: 0.6667 | Val P/R/F1 (Macro): 0.6237/0.6204/0.5843 | LR: 0.000010
Epoch [7/100] | Loss: 4.5277 (Cls: 4.4028, TAL: 0.0000, Adv: 0.8329) | Train Acc: 0.5234 | Val Acc: 0.5556 | Val P/R/F1 (Macro): 0.5586/0.4630/0.4378 | LR: 0.000010
Epoch [8/100] | Loss: 4.2190 (Cls: 4.1205, TAL: 0.0000, Adv: 0.6566) | Train Acc: 0.6016 | Val Acc: 0.5556 | Val P/R/F1 (Macro): 0.4556/0.4676/0.4352 | LR: 0.000010
Epoch [9/100] | Loss: 3.9733 (Cls: 3.8411, TAL: 0.0000, Adv: 0.8812) | Train Acc: 0.6953 | Val Acc: 0.6667 | Val P/R/F1 (Macro): 0.7269/0.7250/0.6541 | LR: 0.000010
Epoch [10/100] | Loss: 3.9170 (Cls: 3.7837, TAL: 0.0000, Adv: 0.8885) | Train Acc: 0.7031 | Val Acc: 0.7500 | Val P/R/F1 (Macro): 0.9352/0.7657/0.8082 | LR: 0.000010
Epoch [11/100] | Loss: 3.8570 (Cls: 3.6896, TAL: 0.0000, Adv: 1.1159) | Train Acc: 0.6484 | Val Acc: 0.8333 | Val P/R/F1 (Macro): 0.9556/0.8556/0.8611 | LR: 0.000010
  >>> New Best Val Acc: 0.8333
Epoch [12/100] | Loss: 3.2763 (Cls: 3.0864, TAL: 0.0000, Adv: 1.2660) | Train Acc: 0.7969 | Val Acc: 0.8056 | Val P/R/F1 (Macro): 0.9228/0.8370/0.8342 | LR: 0.000010
Epoch [13/100] | Loss: 3.3651 (Cls: 3.1492, TAL: 0.0000, Adv: 1.4394) | Train Acc: 0.7812 | Val Acc: 0.8889 | Val P/R/F1 (Macro): 1.0000/0.8963/0.9302 | LR: 0.000010
  >>> New Best Val Acc: 0.8889
Epoch [14/100] | Loss: 3.1245 (Cls: 2.9208, TAL: 0.0000, Adv: 1.3581) | Train Acc: 0.8203 | Val Acc: 0.7222 | Val P/R/F1 (Macro): 0.8222/0.7907/0.7457 | LR: 0.000010
Epoch [15/100] | Loss: 2.9645 (Cls: 2.7182, TAL: 0.0000, Adv: 1.6420) | Train Acc: 0.8516 | Val Acc: 0.7500 | Val P/R/F1 (Macro): 0.8596/0.8046/0.7800 | LR: 0.000010
Epoch [16/100] | Loss: 3.0652 (Cls: 2.8031, TAL: 0.0000, Adv: 1.7473) | Train Acc: 0.7891 | Val Acc: 0.8611 | Val P/R/F1 (Macro): 0.9593/0.8870/0.9056 | LR: 0.000010
Epoch [17/100] | Loss: 2.9353 (Cls: 2.6475, TAL: 0.0000, Adv: 1.9183) | Train Acc: 0.8828 | Val Acc: 0.9167 | Val P/R/F1 (Macro): 0.9583/0.9361/0.9420 | LR: 0.000010
  >>> New Best Val Acc: 0.9167
Epoch [18/100] | Loss: 3.0269 (Cls: 2.7503, TAL: 0.0000, Adv: 1.8444) | Train Acc: 0.7969 | Val Acc: 0.8333 | Val P/R/F1 (Macro): 0.9440/0.8556/0.8632 | LR: 0.000010
Epoch [19/100] | Loss: 2.6453 (Cls: 2.3321, TAL: 0.0000, Adv: 2.0877) | Train Acc: 0.8828 | Val Acc: 0.8889 | Val P/R/F1 (Macro): 0.9722/0.9111/0.9101 | LR: 0.000010
Epoch [20/100] | Loss: 2.9919 (Cls: 2.6704, TAL: 0.0000, Adv: 2.1431) | Train Acc: 0.8359 | Val Acc: 0.8333 | Val P/R/F1 (Macro): 0.9352/0.8722/0.8812 | LR: 0.000010
Epoch [21/100] | Loss: 2.9570 (Cls: 2.6231, TAL: 0.0000, Adv: 2.2259) | Train Acc: 0.8516 | Val Acc: 0.8611 | Val P/R/F1 (Macro): 0.9877/0.8926/0.9093 | LR: 0.000010
Epoch [22/100] | Loss: 2.7780 (Cls: 2.4677, TAL: 0.0000, Adv: 2.0684) | Train Acc: 0.8594 | Val Acc: 0.7222 | Val P/R/F1 (Macro): 0.8586/0.7769/0.7412 | LR: 0.000010
Epoch [23/100] | Loss: 2.5751 (Cls: 2.2702, TAL: 0.0000, Adv: 2.0327) | Train Acc: 0.8906 | Val Acc: 0.8056 | Val P/R/F1 (Macro): 0.9556/0.8278/0.8315 | LR: 0.000010
Epoch [24/100] | Loss: 2.7679 (Cls: 2.4284, TAL: 0.0000, Adv: 2.2639) | Train Acc: 0.8984 | Val Acc: 0.8889 | Val P/R/F1 (Macro): 1.0000/0.9111/0.9259 | LR: 0.000010
Epoch [25/100] | Loss: 2.7192 (Cls: 2.3796, TAL: 0.0000, Adv: 2.2642) | Train Acc: 0.9062 | Val Acc: 0.8889 | Val P/R/F1 (Macro): 1.0000/0.9111/0.9259 | LR: 0.000010
Epoch [26/100] | Loss: 2.5142 (Cls: 2.1749, TAL: 0.0000, Adv: 2.2619) | Train Acc: 0.9375 | Val Acc: 0.8889 | Val P/R/F1 (Macro): 0.9444/0.9037/0.9194 | LR: 0.000010
Epoch [27/100] | Loss: 2.5196 (Cls: 2.1768, TAL: 0.0000, Adv: 2.2856) | Train Acc: 0.9375 | Val Acc: 0.8889 | Val P/R/F1 (Macro): 1.0000/0.9056/0.9365 | LR: 0.000010
Epoch [28/100] | Loss: 2.4224 (Cls: 2.0299, TAL: 0.0000, Adv: 2.6167) | Train Acc: 0.9297 | Val Acc: 0.8889 | Val P/R/F1 (Macro): 1.0000/0.9111/0.9259 | LR: 0.000005
Epoch [29/100] | Loss: 2.6129 (Cls: 2.2632, TAL: 0.0000, Adv: 2.3314) | Train Acc: 0.8906 | Val Acc: 0.8889 | Val P/R/F1 (Macro): 0.9630/0.9148/0.9343 | LR: 0.000005
Epoch [30/100] | Loss: 2.3972 (Cls: 2.0676, TAL: 0.0000, Adv: 2.1976) | Train Acc: 0.9531 | Val Acc: 0.8611 | Val P/R/F1 (Macro): 0.9370/0.8861/0.9074 | LR: 0.000005
Epoch [31/100] | Loss: 2.5958 (Cls: 2.2327, TAL: 0.0000, Adv: 2.4206) | Train Acc: 0.8984 | Val Acc: 0.8889 | Val P/R/F1 (Macro): 0.9877/0.9148/0.9357 | LR: 0.000005
Epoch [32/100] | Loss: 2.5309 (Cls: 2.1556, TAL: 0.0000, Adv: 2.5022) | Train Acc: 0.9141 | Val Acc: 0.8889 | Val P/R/F1 (Macro): 0.9654/0.9148/0.9234 | LR: 0.000005
Epoch [33/100] | Loss: 2.4211 (Cls: 2.0364, TAL: 0.0000, Adv: 2.5653) | Train Acc: 0.9688 | Val Acc: 0.9444 | Val P/R/F1 (Macro): 1.0000/0.9556/0.9722 | LR: 0.000005
  >>> New Best Val Acc: 0.9444
Epoch [34/100] | Loss: 2.3958 (Cls: 1.9968, TAL: 0.0000, Adv: 2.6602) | Train Acc: 0.9531 | Val Acc: 0.9444 | Val P/R/F1 (Macro): 1.0000/0.9556/0.9722 | LR: 0.000005
Epoch [35/100] | Loss: 2.3534 (Cls: 1.9397, TAL: 0.0000, Adv: 2.7581) | Train Acc: 0.9531 | Val Acc: 0.8889 | Val P/R/F1 (Macro): 0.9630/0.9148/0.9343 | LR: 0.000005
Epoch [36/100] | Loss: 2.3911 (Cls: 2.0012, TAL: 0.0000, Adv: 2.5990) | Train Acc: 0.9531 | Val Acc: 0.9167 | Val P/R/F1 (Macro): 1.0000/0.9333/0.9524 | LR: 0.000005
Epoch [37/100] | Loss: 2.3420 (Cls: 1.9828, TAL: 0.0000, Adv: 2.3948) | Train Acc: 0.9766 | Val Acc: 0.9167 | Val P/R/F1 (Macro): 1.0000/0.9333/0.9524 | LR: 0.000005
Epoch [38/100] | Loss: 2.3481 (Cls: 2.0036, TAL: 0.0000, Adv: 2.2972) | Train Acc: 0.9453 | Val Acc: 0.9167 | Val P/R/F1 (Macro): 0.9877/0.9333/0.9458 | LR: 0.000005
Epoch [39/100] | Loss: 2.4873 (Cls: 2.1150, TAL: 0.0000, Adv: 2.4822) | Train Acc: 0.9453 | Val Acc: 0.9444 | Val P/R/F1 (Macro): 0.9877/0.9556/0.9657 | LR: 0.000005
Epoch [40/100] | Loss: 2.3393 (Cls: 1.9628, TAL: 0.0000, Adv: 2.5097) | Train Acc: 0.9531 | Val Acc: 0.9167 | Val P/R/F1 (Macro): 0.9841/0.9417/0.9563 | LR: 0.000005
Epoch [41/100] | Loss: 2.2598 (Cls: 1.8531, TAL: 0.0000, Adv: 2.7118) | Train Acc: 0.9688 | Val Acc: 0.8889 | Val P/R/F1 (Macro): 0.9556/0.9148/0.9176 | LR: 0.000005
Epoch [42/100] | Loss: 2.2767 (Cls: 1.8489, TAL: 0.0000, Adv: 2.8524) | Train Acc: 0.9922 | Val Acc: 0.9167 | Val P/R/F1 (Macro): 0.9778/0.9333/0.9400 | LR: 0.000005
Epoch [43/100] | Loss: 2.4063 (Cls: 1.9696, TAL: 0.0000, Adv: 2.9114) | Train Acc: 0.9688 | Val Acc: 0.8889 | Val P/R/F1 (Macro): 0.9841/0.9194/0.9364 | LR: 0.000005
Epoch [44/100] | Loss: 2.3445 (Cls: 1.9547, TAL: 0.0000, Adv: 2.5990) | Train Acc: 0.9297 | Val Acc: 0.9167 | Val P/R/F1 (Macro): 0.9778/0.9370/0.9498 | LR: 0.000003
Epoch [45/100] | Loss: 2.2430 (Cls: 1.8748, TAL: 0.0000, Adv: 2.4544) | Train Acc: 0.9609 | Val Acc: 0.8611 | Val P/R/F1 (Macro): 0.9432/0.8907/0.9109 | LR: 0.000003
Epoch [46/100] | Loss: 2.3179 (Cls: 1.9500, TAL: 0.0000, Adv: 2.4526) | Train Acc: 0.9297 | Val Acc: 0.9444 | Val P/R/F1 (Macro): 1.0000/0.9556/0.9722 | LR: 0.000003
Epoch [47/100] | Loss: 2.2394 (Cls: 1.8725, TAL: 0.0000, Adv: 2.4460) | Train Acc: 0.9453 | Val Acc: 0.9444 | Val P/R/F1 (Macro): 1.0000/0.9556/0.9722 | LR: 0.000003
Epoch [48/100] | Loss: 2.2148 (Cls: 1.8265, TAL: 0.0000, Adv: 2.5888) | Train Acc: 0.9922 | Val Acc: 0.9167 | Val P/R/F1 (Macro): 0.9778/0.9333/0.9400 | LR: 0.000003
Epoch [49/100] | Loss: 2.2115 (Cls: 1.7915, TAL: 0.0000, Adv: 2.8002) | Train Acc: 0.9688 | Val Acc: 0.9167 | Val P/R/F1 (Macro): 0.9778/0.9333/0.9400 | LR: 0.000003
Epoch [50/100] | Loss: 2.2859 (Cls: 1.8560, TAL: 0.0000, Adv: 2.8663) | Train Acc: 0.9688 | Val Acc: 0.8889 | Val P/R/F1 (Macro): 0.9500/0.9056/0.9083 | LR: 0.000003
Epoch [51/100] | Loss: 2.1939 (Cls: 1.7571, TAL: 0.0000, Adv: 2.9125) | Train Acc: 0.9922 | Val Acc: 0.9167 | Val P/R/F1 (Macro): 0.9599/0.9278/0.9339 | LR: 0.000003
Epoch [52/100] | Loss: 2.2072 (Cls: 1.7687, TAL: 0.0000, Adv: 2.9229) | Train Acc: 0.9844 | Val Acc: 0.9167 | Val P/R/F1 (Macro): 0.9722/0.9278/0.9405 | LR: 0.000003
Epoch [53/100] | Loss: 2.1829 (Cls: 1.7863, TAL: 0.0000, Adv: 2.6444) | Train Acc: 0.9688 | Val Acc: 0.9167 | Val P/R/F1 (Macro): 1.0000/0.9333/0.9524 | LR: 0.000003
Epoch [54/100] | Loss: 2.2528 (Cls: 1.8695, TAL: 0.0000, Adv: 2.5550) | Train Acc: 0.9766 | Val Acc: 0.9167 | Val P/R/F1 (Macro): 1.0000/0.9333/0.9524 | LR: 0.000003
Epoch [55/100] | Loss: 2.2037 (Cls: 1.7924, TAL: 0.0000, Adv: 2.7415) | Train Acc: 0.9688 | Val Acc: 0.9167 | Val P/R/F1 (Macro): 1.0000/0.9333/0.9524 | LR: 0.000001
Epoch [56/100] | Loss: 2.2093 (Cls: 1.7823, TAL: 0.0000, Adv: 2.8467) | Train Acc: 0.9766 | Val Acc: 0.9167 | Val P/R/F1 (Macro): 1.0000/0.9333/0.9524 | LR: 0.000001
Epoch [57/100] | Loss: 2.1783 (Cls: 1.7263, TAL: 0.0000, Adv: 3.0132) | Train Acc: 0.9922 | Val Acc: 0.9167 | Val P/R/F1 (Macro): 1.0000/0.9333/0.9524 | LR: 0.000001
Epoch [58/100] | Loss: 2.2166 (Cls: 1.7459, TAL: 0.0000, Adv: 3.1377) | Train Acc: 0.9922 | Val Acc: 0.9444 | Val P/R/F1 (Macro): 1.0000/0.9556/0.9722 | LR: 0.000001
Epoch [59/100] | Loss: 2.2674 (Cls: 1.8092, TAL: 0.0000, Adv: 3.0546) | Train Acc: 0.9766 | Val Acc: 0.9167 | Val P/R/F1 (Macro): 0.9841/0.9417/0.9563 | LR: 0.000001
Epoch [60/100] | Loss: 2.1922 (Cls: 1.7354, TAL: 0.0000, Adv: 3.0451) | Train Acc: 0.9922 | Val Acc: 0.9444 | Val P/R/F1 (Macro): 1.0000/0.9556/0.9722 | LR: 0.000001
Epoch [61/100] | Loss: 2.1755 (Cls: 1.7153, TAL: 0.0000, Adv: 3.0679) | Train Acc: 0.9609 | Val Acc: 0.9167 | Val P/R/F1 (Macro): 0.9778/0.9333/0.9400 | LR: 0.000001
Epoch [62/100] | Loss: 2.2511 (Cls: 1.7689, TAL: 0.0000, Adv: 3.2149) | Train Acc: 0.9766 | Val Acc: 0.9444 | Val P/R/F1 (Macro): 1.0000/0.9556/0.9722 | LR: 0.000001
Epoch [63/100] | Loss: 2.2040 (Cls: 1.7380, TAL: 0.0000, Adv: 3.1071) | Train Acc: 0.9766 | Val Acc: 0.9444 | Val P/R/F1 (Macro): 1.0000/0.9556/0.9722 | LR: 0.000001
Epoch [64/100] | Loss: 2.2694 (Cls: 1.8044, TAL: 0.0000, Adv: 3.0998) | Train Acc: 0.9609 | Val Acc: 0.9444 | Val P/R/F1 (Macro): 1.0000/0.9556/0.9722 | LR: 0.000001
Epoch [65/100] | Loss: 2.2204 (Cls: 1.7371, TAL: 0.0000, Adv: 3.2219) | Train Acc: 0.9844 | Val Acc: 0.9444 | Val P/R/F1 (Macro): 1.0000/0.9556/0.9722 | LR: 0.000001
Epoch [66/100] | Loss: 2.2980 (Cls: 1.8461, TAL: 0.0000, Adv: 3.0128) | Train Acc: 0.9531 | Val Acc: 0.9444 | Val P/R/F1 (Macro): 1.0000/0.9556/0.9722 | LR: 0.000001
Epoch [67/100] | Loss: 2.1786 (Cls: 1.7194, TAL: 0.0000, Adv: 3.0615) | Train Acc: 0.9609 | Val Acc: 0.9444 | Val P/R/F1 (Macro): 1.0000/0.9556/0.9722 | LR: 0.000001
Epoch [68/100] | Loss: 2.1747 (Cls: 1.6926, TAL: 0.0000, Adv: 3.2139) | Train Acc: 0.9844 | Val Acc: 0.9444 | Val P/R/F1 (Macro): 1.0000/0.9556/0.9722 | LR: 0.000001
Epoch [69/100] | Loss: 2.2211 (Cls: 1.7186, TAL: 0.0000, Adv: 3.3503) | Train Acc: 0.9844 | Val Acc: 0.9444 | Val P/R/F1 (Macro): 1.0000/0.9556/0.9722 | LR: 0.000001
Epoch [70/100] | Loss: 2.2681 (Cls: 1.7684, TAL: 0.0000, Adv: 3.3317) | Train Acc: 0.9844 | Val Acc: 0.9444 | Val P/R/F1 (Macro): 1.0000/0.9556/0.9722 | LR: 0.000001
Epoch [71/100] | Loss: 2.2933 (Cls: 1.7869, TAL: 0.0000, Adv: 3.3757) | Train Acc: 0.9609 | Val Acc: 0.9444 | Val P/R/F1 (Macro): 1.0000/0.9556/0.9722 | LR: 0.000001
Epoch [72/100] | Loss: 2.1733 (Cls: 1.6856, TAL: 0.0000, Adv: 3.2514) | Train Acc: 0.9844 | Val Acc: 0.9444 | Val P/R/F1 (Macro): 0.9877/0.9556/0.9657 | LR: 0.000001
Epoch [73/100] | Loss: 2.2550 (Cls: 1.7571, TAL: 0.0000, Adv: 3.3195) | Train Acc: 0.9766 | Val Acc: 0.9444 | Val P/R/F1 (Macro): 1.0000/0.9556/0.9722 | LR: 0.000001
Epoch [74/100] | Loss: 2.2537 (Cls: 1.7337, TAL: 0.0000, Adv: 3.4665) | Train Acc: 0.9688 | Val Acc: 0.9444 | Val P/R/F1 (Macro): 1.0000/0.9556/0.9722 | LR: 0.000001
Epoch [75/100] | Loss: 2.2337 (Cls: 1.7108, TAL: 0.0000, Adv: 3.4862) | Train Acc: 0.9766 | Val Acc: 0.9444 | Val P/R/F1 (Macro): 1.0000/0.9556/0.9722 | LR: 0.000001
Epoch [76/100] | Loss: 2.2671 (Cls: 1.7640, TAL: 0.0000, Adv: 3.3539) | Train Acc: 0.9766 | Val Acc: 0.9444 | Val P/R/F1 (Macro): 1.0000/0.9556/0.9722 | LR: 0.000001
Epoch [77/100] | Loss: 2.2246 (Cls: 1.7133, TAL: 0.0000, Adv: 3.4089) | Train Acc: 0.9844 | Val Acc: 0.9444 | Val P/R/F1 (Macro): 1.0000/0.9556/0.9722 | LR: 0.000001
Epoch [78/100] | Loss: 2.2138 (Cls: 1.7166, TAL: 0.0000, Adv: 3.3147) | Train Acc: 0.9688 | Val Acc: 0.9444 | Val P/R/F1 (Macro): 1.0000/0.9556/0.9722 | LR: 0.000001
Epoch [79/100] | Loss: 2.1854 (Cls: 1.7055, TAL: 0.0000, Adv: 3.1997) | Train Acc: 0.9922 | Val Acc: 0.9444 | Val P/R/F1 (Macro): 1.0000/0.9556/0.9722 | LR: 0.000001
Epoch [80/100] | Loss: 2.2207 (Cls: 1.7108, TAL: 0.0000, Adv: 3.3991) | Train Acc: 0.9844 | Val Acc: 0.9444 | Val P/R/F1 (Macro): 1.0000/0.9556/0.9722 | LR: 0.000001
Epoch [81/100] | Loss: 2.2379 (Cls: 1.7546, TAL: 0.0000, Adv: 3.2216) | Train Acc: 0.9844 | Val Acc: 0.9167 | Val P/R/F1 (Macro): 1.0000/0.9333/0.9524 | LR: 0.000001
Epoch [82/100] | Loss: 2.1934 (Cls: 1.7025, TAL: 0.0000, Adv: 3.2726) | Train Acc: 0.9766 | Val Acc: 0.9167 | Val P/R/F1 (Macro): 1.0000/0.9333/0.9524 | LR: 0.000001
Epoch [83/100] | Loss: 2.2145 (Cls: 1.7104, TAL: 0.0000, Adv: 3.3608) | Train Acc: 0.9844 | Val Acc: 0.9444 | Val P/R/F1 (Macro): 0.9877/0.9556/0.9657 | LR: 0.000001
Epoch [84/100] | Loss: 2.2177 (Cls: 1.7008, TAL: 0.0000, Adv: 3.4462) | Train Acc: 0.9844 | Val Acc: 0.9167 | Val P/R/F1 (Macro): 0.9877/0.9333/0.9458 | LR: 0.000001
Epoch [85/100] | Loss: 2.2242 (Cls: 1.7010, TAL: 0.0000, Adv: 3.4880) | Train Acc: 0.9922 | Val Acc: 0.9167 | Val P/R/F1 (Macro): 1.0000/0.9333/0.9524 | LR: 0.000001
Epoch [86/100] | Loss: 2.3233 (Cls: 1.7821, TAL: 0.0000, Adv: 3.6079) | Train Acc: 0.9609 | Val Acc: 0.9444 | Val P/R/F1 (Macro): 1.0000/0.9556/0.9722 | LR: 0.000001
Epoch [87/100] | Loss: 2.2541 (Cls: 1.7266, TAL: 0.0000, Adv: 3.5169) | Train Acc: 0.9844 | Val Acc: 0.9444 | Val P/R/F1 (Macro): 0.9877/0.9556/0.9657 | LR: 0.000001
Epoch [88/100] | Loss: 2.2423 (Cls: 1.7241, TAL: 0.0000, Adv: 3.4541) | Train Acc: 0.9844 | Val Acc: 0.9444 | Val P/R/F1 (Macro): 1.0000/0.9556/0.9722 | LR: 0.000001
Epoch [89/100] | Loss: 2.2796 (Cls: 1.7271, TAL: 0.0000, Adv: 3.6830) | Train Acc: 0.9844 | Val Acc: 0.9444 | Val P/R/F1 (Macro): 1.0000/0.9556/0.9722 | LR: 0.000001
Epoch [90/100] | Loss: 2.3345 (Cls: 1.7863, TAL: 0.0000, Adv: 3.6545) | Train Acc: 0.9609 | Val Acc: 0.9444 | Val P/R/F1 (Macro): 0.9877/0.9556/0.9657 | LR: 0.000001
Epoch [91/100] | Loss: 2.3213 (Cls: 1.7717, TAL: 0.0000, Adv: 3.6642) | Train Acc: 0.9609 | Val Acc: 0.9167 | Val P/R/F1 (Macro): 0.9877/0.9333/0.9458 | LR: 0.000001
Epoch [92/100] | Loss: 2.2420 (Cls: 1.6928, TAL: 0.0000, Adv: 3.6613) | Train Acc: 0.9766 | Val Acc: 0.9444 | Val P/R/F1 (Macro): 0.9877/0.9556/0.9657 | LR: 0.000001
Epoch [93/100] | Loss: 2.2338 (Cls: 1.6732, TAL: 0.0000, Adv: 3.7370) | Train Acc: 0.9922 | Val Acc: 0.9444 | Val P/R/F1 (Macro): 1.0000/0.9556/0.9722 | LR: 0.000001
Epoch [94/100] | Loss: 2.2024 (Cls: 1.6577, TAL: 0.0000, Adv: 3.6312) | Train Acc: 1.0000 | Val Acc: 0.9444 | Val P/R/F1 (Macro): 1.0000/0.9556/0.9722 | LR: 0.000001
Epoch [95/100] | Loss: 2.2932 (Cls: 1.7634, TAL: 0.0000, Adv: 3.5320) | Train Acc: 0.9766 | Val Acc: 0.9167 | Val P/R/F1 (Macro): 0.9877/0.9333/0.9458 | LR: 0.000001
Epoch [96/100] | Loss: 2.2294 (Cls: 1.6595, TAL: 0.0000, Adv: 3.7995) | Train Acc: 0.9922 | Val Acc: 0.9167 | Val P/R/F1 (Macro): 0.9877/0.9333/0.9458 | LR: 0.000001
Epoch [97/100] | Loss: 2.2388 (Cls: 1.6876, TAL: 0.0000, Adv: 3.6744) | Train Acc: 0.9688 | Val Acc: 0.9444 | Val P/R/F1 (Macro): 1.0000/0.9556/0.9722 | LR: 0.000001
Epoch [98/100] | Loss: 2.1838 (Cls: 1.6485, TAL: 0.0000, Adv: 3.5689) | Train Acc: 0.9922 | Val Acc: 0.9444 | Val P/R/F1 (Macro): 1.0000/0.9556/0.9722 | LR: 0.000001
Epoch [99/100] | Loss: 2.3122 (Cls: 1.7704, TAL: 0.0000, Adv: 3.6119) | Train Acc: 0.9609 | Val Acc: 0.9167 | Val P/R/F1 (Macro): 1.0000/0.9333/0.9524 | LR: 0.000001
Epoch [100/100] | Loss: 2.2064 (Cls: 1.6294, TAL: 0.0000, Adv: 3.8468) | Train Acc: 1.0000 | Val Acc: 0.9167 | Val P/R/F1 (Macro): 0.9877/0.9333/0.9458 | LR: 0.000001

迭代 3 最佳指标:
  Accuracy: 0.9444
  Precision (Macro): 1.0000
  Recall (Macro): 0.9556
  F1 (Macro): 0.9722
  Precision (Micro): 0.9444
  Recall (Micro): 0.9444
  F1 (Micro): 0.9444
  Val class coverage: 9/14 (0.6429), samples=36

================================================================================
迭代 4/5
随机种子: 45
================================================================================
Training mode: unpaired target adaptation with controlled target-label loss (ratio=0.35, weight=0.50).
Fixed labeled target subset: 45/128 samples.
Feature fusion: Channel concatenation (512+512); fused_dim=1024
Domain adaptation: Neural OT generator with 3-domain discriminator
Loss weights: tensor=0.00, adv=0.15
Epoch [1/100] | Loss: 6.8008 (Cls: 6.7452, TAL: 0.0000, Adv: 0.3705) | Train Acc: 0.1562 | Val Acc: 0.1667 | Val P/R/F1 (Macro): 0.0903/0.1148/0.0823 | LR: 0.000010
  >>> New Best Val Acc: 0.1667
Epoch [2/100] | Loss: 6.0565 (Cls: 6.0023, TAL: 0.0000, Adv: 0.3614) | Train Acc: 0.2734 | Val Acc: 0.2778 | Val P/R/F1 (Macro): 0.0734/0.2000/0.1074 | LR: 0.000010
  >>> New Best Val Acc: 0.2778
Epoch [3/100] | Loss: 5.6717 (Cls: 5.6130, TAL: 0.0000, Adv: 0.3913) | Train Acc: 0.3281 | Val Acc: 0.2500 | Val P/R/F1 (Macro): 0.0891/0.1852/0.1177 | LR: 0.000010
Epoch [4/100] | Loss: 5.4071 (Cls: 5.3365, TAL: 0.0000, Adv: 0.4706) | Train Acc: 0.4609 | Val Acc: 0.1944 | Val P/R/F1 (Macro): 0.0767/0.1370/0.0960 | LR: 0.000010
Epoch [5/100] | Loss: 4.8945 (Cls: 4.7959, TAL: 0.0000, Adv: 0.6574) | Train Acc: 0.4062 | Val Acc: 0.3333 | Val P/R/F1 (Macro): 0.2000/0.2593/0.1809 | LR: 0.000010
  >>> New Best Val Acc: 0.3333
Epoch [6/100] | Loss: 4.4820 (Cls: 4.3402, TAL: 0.0000, Adv: 0.9451) | Train Acc: 0.4922 | Val Acc: 0.4444 | Val P/R/F1 (Macro): 0.4761/0.3565/0.3129 | LR: 0.000010
  >>> New Best Val Acc: 0.4444
Epoch [7/100] | Loss: 4.1425 (Cls: 3.9890, TAL: 0.0000, Adv: 1.0235) | Train Acc: 0.5703 | Val Acc: 0.6389 | Val P/R/F1 (Macro): 0.4718/0.5611/0.4620 | LR: 0.000010
  >>> New Best Val Acc: 0.6389
Epoch [8/100] | Loss: 4.3005 (Cls: 4.1406, TAL: 0.0000, Adv: 1.0665) | Train Acc: 0.5547 | Val Acc: 0.7778 | Val P/R/F1 (Macro): 0.7471/0.7685/0.7026 | LR: 0.000010
  >>> New Best Val Acc: 0.7778
Epoch [9/100] | Loss: 3.9996 (Cls: 3.7939, TAL: 0.0000, Adv: 1.3710) | Train Acc: 0.6562 | Val Acc: 0.8056 | Val P/R/F1 (Macro): 0.8685/0.8528/0.8334 | LR: 0.000010
  >>> New Best Val Acc: 0.8056
Epoch [10/100] | Loss: 3.9117 (Cls: 3.7043, TAL: 0.0000, Adv: 1.3822) | Train Acc: 0.6641 | Val Acc: 0.8611 | Val P/R/F1 (Macro): 0.9063/0.8944/0.8821 | LR: 0.000010
  >>> New Best Val Acc: 0.8611
Epoch [11/100] | Loss: 3.6279 (Cls: 3.3913, TAL: 0.0000, Adv: 1.5771) | Train Acc: 0.6484 | Val Acc: 0.7222 | Val P/R/F1 (Macro): 0.7957/0.7593/0.7262 | LR: 0.000010
Epoch [12/100] | Loss: 3.9884 (Cls: 3.7165, TAL: 0.0000, Adv: 1.8125) | Train Acc: 0.6797 | Val Acc: 0.8333 | Val P/R/F1 (Macro): 0.8444/0.8657/0.8111 | LR: 0.000010
Epoch [13/100] | Loss: 3.4607 (Cls: 3.1615, TAL: 0.0000, Adv: 1.9948) | Train Acc: 0.7734 | Val Acc: 0.7222 | Val P/R/F1 (Macro): 0.7175/0.7731/0.6895 | LR: 0.000010
Epoch [14/100] | Loss: 3.0563 (Cls: 2.7596, TAL: 0.0000, Adv: 1.9784) | Train Acc: 0.8750 | Val Acc: 0.7500 | Val P/R/F1 (Macro): 0.8463/0.8028/0.7773 | LR: 0.000010
Epoch [15/100] | Loss: 3.1573 (Cls: 2.8476, TAL: 0.0000, Adv: 2.0648) | Train Acc: 0.7812 | Val Acc: 0.7778 | Val P/R/F1 (Macro): 0.8426/0.8222/0.7751 | LR: 0.000010
Epoch [16/100] | Loss: 3.0512 (Cls: 2.6928, TAL: 0.0000, Adv: 2.3893) | Train Acc: 0.8516 | Val Acc: 0.8056 | Val P/R/F1 (Macro): 0.8730/0.8583/0.8237 | LR: 0.000010
Epoch [17/100] | Loss: 3.1328 (Cls: 2.7738, TAL: 0.0000, Adv: 2.3934) | Train Acc: 0.8203 | Val Acc: 0.8333 | Val P/R/F1 (Macro): 0.8730/0.8806/0.8392 | LR: 0.000010
Epoch [18/100] | Loss: 3.0424 (Cls: 2.6980, TAL: 0.0000, Adv: 2.2964) | Train Acc: 0.8750 | Val Acc: 0.8889 | Val P/R/F1 (Macro): 0.9397/0.9139/0.9126 | LR: 0.000010
  >>> New Best Val Acc: 0.8889
Epoch [19/100] | Loss: 2.9183 (Cls: 2.5309, TAL: 0.0000, Adv: 2.5826) | Train Acc: 0.8672 | Val Acc: 0.8889 | Val P/R/F1 (Macro): 0.8607/0.8019/0.8234 | LR: 0.000010
Epoch [20/100] | Loss: 3.0324 (Cls: 2.6351, TAL: 0.0000, Adv: 2.6491) | Train Acc: 0.8438 | Val Acc: 0.8889 | Val P/R/F1 (Macro): 0.8981/0.8981/0.8793 | LR: 0.000010
Epoch [21/100] | Loss: 2.7241 (Cls: 2.3313, TAL: 0.0000, Adv: 2.6184) | Train Acc: 0.9141 | Val Acc: 0.7778 | Val P/R/F1 (Macro): 0.8444/0.8148/0.7548 | LR: 0.000010
Epoch [22/100] | Loss: 2.7894 (Cls: 2.4053, TAL: 0.0000, Adv: 2.5607) | Train Acc: 0.8750 | Val Acc: 0.8611 | Val P/R/F1 (Macro): 0.8823/0.8806/0.8474 | LR: 0.000010
Epoch [23/100] | Loss: 2.7700 (Cls: 2.3639, TAL: 0.0000, Adv: 2.7073) | Train Acc: 0.8438 | Val Acc: 0.9444 | Val P/R/F1 (Macro): 0.9722/0.9500/0.9559 | LR: 0.000010
  >>> New Best Val Acc: 0.9444
Epoch [24/100] | Loss: 2.7144 (Cls: 2.2832, TAL: 0.0000, Adv: 2.8747) | Train Acc: 0.8828 | Val Acc: 0.8889 | Val P/R/F1 (Macro): 0.9127/0.9259/0.9148 | LR: 0.000010
Epoch [25/100] | Loss: 2.5780 (Cls: 2.1736, TAL: 0.0000, Adv: 2.6965) | Train Acc: 0.9297 | Val Acc: 0.9167 | Val P/R/F1 (Macro): 0.9101/0.9444/0.9042 | LR: 0.000010
Epoch [26/100] | Loss: 2.7159 (Cls: 2.2832, TAL: 0.0000, Adv: 2.8845) | Train Acc: 0.9531 | Val Acc: 0.9722 | Val P/R/F1 (Macro): 0.9444/0.9722/0.9471 | LR: 0.000010
  >>> New Best Val Acc: 0.9722
Epoch [27/100] | Loss: 2.7610 (Cls: 2.3390, TAL: 0.0000, Adv: 2.8133) | Train Acc: 0.8906 | Val Acc: 0.8889 | Val P/R/F1 (Macro): 0.8852/0.9213/0.8765 | LR: 0.000010
Epoch [28/100] | Loss: 2.6840 (Cls: 2.2348, TAL: 0.0000, Adv: 2.9948) | Train Acc: 0.9219 | Val Acc: 0.9167 | Val P/R/F1 (Macro): 0.9167/0.9306/0.9026 | LR: 0.000010
Epoch [29/100] | Loss: 2.5956 (Cls: 2.1444, TAL: 0.0000, Adv: 3.0078) | Train Acc: 0.9062 | Val Acc: 0.9167 | Val P/R/F1 (Macro): 0.9444/0.9306/0.9238 | LR: 0.000010
Epoch [30/100] | Loss: 2.6474 (Cls: 2.2581, TAL: 0.0000, Adv: 2.5953) | Train Acc: 0.9297 | Val Acc: 0.9167 | Val P/R/F1 (Macro): 0.9222/0.9167/0.9024 | LR: 0.000010
Epoch [31/100] | Loss: 2.5091 (Cls: 2.1200, TAL: 0.0000, Adv: 2.5945) | Train Acc: 0.9297 | Val Acc: 0.8889 | Val P/R/F1 (Macro): 0.8852/0.9120/0.8691 | LR: 0.000010
Epoch [32/100] | Loss: 2.6289 (Cls: 2.2271, TAL: 0.0000, Adv: 2.6791) | Train Acc: 0.8984 | Val Acc: 0.9167 | Val P/R/F1 (Macro): 0.9222/0.9167/0.9024 | LR: 0.000010
Epoch [33/100] | Loss: 2.6035 (Cls: 2.2075, TAL: 0.0000, Adv: 2.6399) | Train Acc: 0.9219 | Val Acc: 0.9444 | Val P/R/F1 (Macro): 0.9444/0.9537/0.9462 | LR: 0.000010
Epoch [34/100] | Loss: 2.5829 (Cls: 2.1506, TAL: 0.0000, Adv: 2.8821) | Train Acc: 0.9453 | Val Acc: 0.9167 | Val P/R/F1 (Macro): 0.9278/0.9315/0.9220 | LR: 0.000010
Epoch [35/100] | Loss: 2.4520 (Cls: 2.0117, TAL: 0.0000, Adv: 2.9356) | Train Acc: 0.9531 | Val Acc: 0.9167 | Val P/R/F1 (Macro): 0.8889/0.9259/0.8933 | LR: 0.000010
Epoch [36/100] | Loss: 2.6643 (Cls: 2.2216, TAL: 0.0000, Adv: 2.9516) | Train Acc: 0.8750 | Val Acc: 0.8889 | Val P/R/F1 (Macro): 0.9074/0.9028/0.8804 | LR: 0.000010
Epoch [37/100] | Loss: 2.7043 (Cls: 2.2394, TAL: 0.0000, Adv: 3.0995) | Train Acc: 0.9062 | Val Acc: 0.8889 | Val P/R/F1 (Macro): 0.8889/0.8889/0.8487 | LR: 0.000005
Epoch [38/100] | Loss: 2.5625 (Cls: 2.1304, TAL: 0.0000, Adv: 2.8807) | Train Acc: 0.9062 | Val Acc: 0.9722 | Val P/R/F1 (Macro): 0.9444/0.9722/0.9471 | LR: 0.000005
Epoch [39/100] | Loss: 2.4798 (Cls: 2.0423, TAL: 0.0000, Adv: 2.9168) | Train Acc: 0.9297 | Val Acc: 0.9722 | Val P/R/F1 (Macro): 0.9444/0.9722/0.9471 | LR: 0.000005
Epoch [40/100] | Loss: 2.2854 (Cls: 1.8845, TAL: 0.0000, Adv: 2.6730) | Train Acc: 0.9531 | Val Acc: 0.9444 | Val P/R/F1 (Macro): 0.9222/0.9500/0.9224 | LR: 0.000005
Epoch [41/100] | Loss: 2.3508 (Cls: 1.9331, TAL: 0.0000, Adv: 2.7846) | Train Acc: 0.9609 | Val Acc: 0.9444 | Val P/R/F1 (Macro): 0.9222/0.9500/0.9224 | LR: 0.000005
Epoch [42/100] | Loss: 2.4993 (Cls: 2.0663, TAL: 0.0000, Adv: 2.8863) | Train Acc: 0.9375 | Val Acc: 0.9722 | Val P/R/F1 (Macro): 0.9444/0.9722/0.9471 | LR: 0.000005
Epoch [43/100] | Loss: 2.2331 (Cls: 1.7884, TAL: 0.0000, Adv: 2.9643) | Train Acc: 0.9844 | Val Acc: 0.9444 | Val P/R/F1 (Macro): 0.9286/0.9583/0.9311 | LR: 0.000005
Epoch [44/100] | Loss: 2.4581 (Cls: 1.9857, TAL: 0.0000, Adv: 3.1496) | Train Acc: 0.9453 | Val Acc: 0.9722 | Val P/R/F1 (Macro): 0.9841/0.9861/0.9840 | LR: 0.000005
Epoch [45/100] | Loss: 2.3803 (Cls: 1.9275, TAL: 0.0000, Adv: 3.0186) | Train Acc: 0.9531 | Val Acc: 0.9722 | Val P/R/F1 (Macro): 0.9841/0.9861/0.9840 | LR: 0.000005
Epoch [46/100] | Loss: 2.5657 (Cls: 2.1204, TAL: 0.0000, Adv: 2.9689) | Train Acc: 0.9453 | Val Acc: 1.0000 | Val P/R/F1 (Macro): 1.0000/1.0000/1.0000 | LR: 0.000005
  >>> New Best Val Acc: 1.0000
Epoch [47/100] | Loss: 2.2402 (Cls: 1.8059, TAL: 0.0000, Adv: 2.8954) | Train Acc: 1.0000 | Val Acc: 0.9722 | Val P/R/F1 (Macro): 0.9444/0.9722/0.9471 | LR: 0.000005
Epoch [48/100] | Loss: 2.3421 (Cls: 1.9152, TAL: 0.0000, Adv: 2.8456) | Train Acc: 0.9609 | Val Acc: 0.9722 | Val P/R/F1 (Macro): 0.9444/0.9722/0.9471 | LR: 0.000005
Epoch [49/100] | Loss: 2.3740 (Cls: 1.9255, TAL: 0.0000, Adv: 2.9904) | Train Acc: 0.9609 | Val Acc: 0.9444 | Val P/R/F1 (Macro): 0.9563/0.9583/0.9523 | LR: 0.000005
Epoch [50/100] | Loss: 2.3945 (Cls: 1.9329, TAL: 0.0000, Adv: 3.0770) | Train Acc: 0.9844 | Val Acc: 0.9444 | Val P/R/F1 (Macro): 0.9286/0.9583/0.9311 | LR: 0.000005
Epoch [51/100] | Loss: 2.2986 (Cls: 1.8454, TAL: 0.0000, Adv: 3.0215) | Train Acc: 0.9609 | Val Acc: 0.9722 | Val P/R/F1 (Macro): 0.9444/0.9722/0.9471 | LR: 0.000005
Epoch [52/100] | Loss: 2.2845 (Cls: 1.8014, TAL: 0.0000, Adv: 3.2207) | Train Acc: 0.9766 | Val Acc: 0.9722 | Val P/R/F1 (Macro): 0.9444/0.9722/0.9471 | LR: 0.000005
Epoch [53/100] | Loss: 2.2237 (Cls: 1.7315, TAL: 0.0000, Adv: 3.2811) | Train Acc: 0.9766 | Val Acc: 1.0000 | Val P/R/F1 (Macro): 1.0000/1.0000/1.0000 | LR: 0.000005
Epoch [54/100] | Loss: 2.6189 (Cls: 2.1084, TAL: 0.0000, Adv: 3.4030) | Train Acc: 0.9219 | Val Acc: 1.0000 | Val P/R/F1 (Macro): 1.0000/1.0000/1.0000 | LR: 0.000005
Epoch [55/100] | Loss: 2.2462 (Cls: 1.7766, TAL: 0.0000, Adv: 3.1307) | Train Acc: 0.9688 | Val Acc: 0.9722 | Val P/R/F1 (Macro): 0.9444/0.9722/0.9471 | LR: 0.000005
Epoch [56/100] | Loss: 2.3356 (Cls: 1.8707, TAL: 0.0000, Adv: 3.0996) | Train Acc: 0.9531 | Val Acc: 0.9722 | Val P/R/F1 (Macro): 0.9841/0.9861/0.9840 | LR: 0.000005
Epoch [57/100] | Loss: 2.4723 (Cls: 1.9801, TAL: 0.0000, Adv: 3.2812) | Train Acc: 0.9375 | Val Acc: 0.9444 | Val P/R/F1 (Macro): 0.9286/0.9583/0.9311 | LR: 0.000003
Epoch [58/100] | Loss: 2.3058 (Cls: 1.8118, TAL: 0.0000, Adv: 3.2929) | Train Acc: 0.9766 | Val Acc: 0.9444 | Val P/R/F1 (Macro): 0.9286/0.9583/0.9311 | LR: 0.000003
Epoch [59/100] | Loss: 2.1878 (Cls: 1.6726, TAL: 0.0000, Adv: 3.4349) | Train Acc: 0.9844 | Val Acc: 0.9722 | Val P/R/F1 (Macro): 0.9444/0.9722/0.9471 | LR: 0.000003
Epoch [60/100] | Loss: 2.3428 (Cls: 1.8240, TAL: 0.0000, Adv: 3.4586) | Train Acc: 0.9766 | Val Acc: 0.9722 | Val P/R/F1 (Macro): 0.9444/0.9722/0.9471 | LR: 0.000003
Epoch [61/100] | Loss: 2.3212 (Cls: 1.8115, TAL: 0.0000, Adv: 3.3982) | Train Acc: 0.9609 | Val Acc: 0.9444 | Val P/R/F1 (Macro): 0.9167/0.9444/0.9153 | LR: 0.000003
Epoch [62/100] | Loss: 2.2832 (Cls: 1.7619, TAL: 0.0000, Adv: 3.4753) | Train Acc: 0.9688 | Val Acc: 0.9722 | Val P/R/F1 (Macro): 0.9722/0.9722/0.9683 | LR: 0.000003
Epoch [63/100] | Loss: 2.2185 (Cls: 1.7226, TAL: 0.0000, Adv: 3.3060) | Train Acc: 0.9922 | Val Acc: 0.9167 | Val P/R/F1 (Macro): 0.9444/0.9444/0.9365 | LR: 0.000003
Epoch [64/100] | Loss: 2.3364 (Cls: 1.8283, TAL: 0.0000, Adv: 3.3872) | Train Acc: 0.9766 | Val Acc: 0.9444 | Val P/R/F1 (Macro): 0.9563/0.9583/0.9523 | LR: 0.000003
Epoch [65/100] | Loss: 2.2634 (Cls: 1.7651, TAL: 0.0000, Adv: 3.3215) | Train Acc: 0.9688 | Val Acc: 0.9722 | Val P/R/F1 (Macro): 0.9444/0.9722/0.9471 | LR: 0.000003
Epoch [66/100] | Loss: 2.2077 (Cls: 1.7064, TAL: 0.0000, Adv: 3.3426) | Train Acc: 0.9844 | Val Acc: 0.9722 | Val P/R/F1 (Macro): 0.9444/0.9722/0.9471 | LR: 0.000003
Epoch [67/100] | Loss: 2.2220 (Cls: 1.7241, TAL: 0.0000, Adv: 3.3192) | Train Acc: 0.9766 | Val Acc: 0.9722 | Val P/R/F1 (Macro): 0.9444/0.9722/0.9471 | LR: 0.000003
Epoch [68/100] | Loss: 2.3095 (Cls: 1.7861, TAL: 0.0000, Adv: 3.4893) | Train Acc: 0.9453 | Val Acc: 0.9722 | Val P/R/F1 (Macro): 0.9444/0.9722/0.9471 | LR: 0.000001
Epoch [69/100] | Loss: 2.2777 (Cls: 1.7601, TAL: 0.0000, Adv: 3.4510) | Train Acc: 0.9844 | Val Acc: 0.9722 | Val P/R/F1 (Macro): 0.9444/0.9722/0.9471 | LR: 0.000001
Epoch [70/100] | Loss: 2.2522 (Cls: 1.7129, TAL: 0.0000, Adv: 3.5955) | Train Acc: 0.9688 | Val Acc: 0.9722 | Val P/R/F1 (Macro): 0.9444/0.9722/0.9471 | LR: 0.000001
Epoch [71/100] | Loss: 2.2508 (Cls: 1.7049, TAL: 0.0000, Adv: 3.6393) | Train Acc: 0.9766 | Val Acc: 0.9722 | Val P/R/F1 (Macro): 0.9444/0.9722/0.9471 | LR: 0.000001
Epoch [72/100] | Loss: 2.1885 (Cls: 1.6711, TAL: 0.0000, Adv: 3.4492) | Train Acc: 0.9844 | Val Acc: 0.9722 | Val P/R/F1 (Macro): 0.9444/0.9722/0.9471 | LR: 0.000001
Epoch [73/100] | Loss: 2.2655 (Cls: 1.7367, TAL: 0.0000, Adv: 3.5252) | Train Acc: 0.9844 | Val Acc: 0.9722 | Val P/R/F1 (Macro): 0.9444/0.9722/0.9471 | LR: 0.000001
Epoch [74/100] | Loss: 2.1639 (Cls: 1.6630, TAL: 0.0000, Adv: 3.3393) | Train Acc: 0.9922 | Val Acc: 0.9722 | Val P/R/F1 (Macro): 0.9444/0.9722/0.9471 | LR: 0.000001
Epoch [75/100] | Loss: 2.1385 (Cls: 1.6409, TAL: 0.0000, Adv: 3.3177) | Train Acc: 0.9922 | Val Acc: 1.0000 | Val P/R/F1 (Macro): 1.0000/1.0000/1.0000 | LR: 0.000001
Epoch [76/100] | Loss: 2.2329 (Cls: 1.7209, TAL: 0.0000, Adv: 3.4132) | Train Acc: 0.9922 | Val Acc: 1.0000 | Val P/R/F1 (Macro): 1.0000/1.0000/1.0000 | LR: 0.000001
Epoch [77/100] | Loss: 2.3184 (Cls: 1.7628, TAL: 0.0000, Adv: 3.7041) | Train Acc: 0.9766 | Val Acc: 0.9722 | Val P/R/F1 (Macro): 0.9444/0.9722/0.9471 | LR: 0.000001
Epoch [78/100] | Loss: 2.3768 (Cls: 1.8225, TAL: 0.0000, Adv: 3.6953) | Train Acc: 0.9844 | Val Acc: 0.9444 | Val P/R/F1 (Macro): 0.9286/0.9583/0.9311 | LR: 0.000001
Epoch [79/100] | Loss: 2.3002 (Cls: 1.7332, TAL: 0.0000, Adv: 3.7801) | Train Acc: 0.9609 | Val Acc: 0.9444 | Val P/R/F1 (Macro): 0.9286/0.9583/0.9311 | LR: 0.000001
Epoch [80/100] | Loss: 2.2848 (Cls: 1.7146, TAL: 0.0000, Adv: 3.8015) | Train Acc: 0.9766 | Val Acc: 0.9722 | Val P/R/F1 (Macro): 0.9444/0.9722/0.9471 | LR: 0.000001
Epoch [81/100] | Loss: 2.2309 (Cls: 1.6753, TAL: 0.0000, Adv: 3.7034) | Train Acc: 0.9922 | Val Acc: 0.9722 | Val P/R/F1 (Macro): 0.9841/0.9861/0.9840 | LR: 0.000001
Epoch [82/100] | Loss: 2.1965 (Cls: 1.6352, TAL: 0.0000, Adv: 3.7421) | Train Acc: 1.0000 | Val Acc: 0.9722 | Val P/R/F1 (Macro): 0.9722/0.9722/0.9683 | LR: 0.000001
Epoch [83/100] | Loss: 2.2217 (Cls: 1.6717, TAL: 0.0000, Adv: 3.6668) | Train Acc: 0.9844 | Val Acc: 1.0000 | Val P/R/F1 (Macro): 1.0000/1.0000/1.0000 | LR: 0.000001
Epoch [84/100] | Loss: 2.2886 (Cls: 1.7064, TAL: 0.0000, Adv: 3.8814) | Train Acc: 0.9766 | Val Acc: 1.0000 | Val P/R/F1 (Macro): 1.0000/1.0000/1.0000 | LR: 0.000001
Epoch [85/100] | Loss: 2.3407 (Cls: 1.7248, TAL: 0.0000, Adv: 4.1059) | Train Acc: 0.9766 | Val Acc: 1.0000 | Val P/R/F1 (Macro): 1.0000/1.0000/1.0000 | LR: 0.000001
Epoch [86/100] | Loss: 2.2326 (Cls: 1.6342, TAL: 0.0000, Adv: 3.9897) | Train Acc: 1.0000 | Val Acc: 1.0000 | Val P/R/F1 (Macro): 1.0000/1.0000/1.0000 | LR: 0.000001
Epoch [87/100] | Loss: 2.2916 (Cls: 1.7217, TAL: 0.0000, Adv: 3.7992) | Train Acc: 0.9844 | Val Acc: 1.0000 | Val P/R/F1 (Macro): 1.0000/1.0000/1.0000 | LR: 0.000001
Epoch [88/100] | Loss: 2.2539 (Cls: 1.7006, TAL: 0.0000, Adv: 3.6887) | Train Acc: 0.9844 | Val Acc: 0.9722 | Val P/R/F1 (Macro): 0.9444/0.9722/0.9471 | LR: 0.000001
Epoch [89/100] | Loss: 2.1398 (Cls: 1.6470, TAL: 0.0000, Adv: 3.2855) | Train Acc: 1.0000 | Val Acc: 1.0000 | Val P/R/F1 (Macro): 1.0000/1.0000/1.0000 | LR: 0.000001
Epoch [90/100] | Loss: 2.1643 (Cls: 1.6238, TAL: 0.0000, Adv: 3.6029) | Train Acc: 1.0000 | Val Acc: 1.0000 | Val P/R/F1 (Macro): 1.0000/1.0000/1.0000 | LR: 0.000001
Epoch [91/100] | Loss: 2.2297 (Cls: 1.6457, TAL: 0.0000, Adv: 3.8932) | Train Acc: 0.9922 | Val Acc: 1.0000 | Val P/R/F1 (Macro): 1.0000/1.0000/1.0000 | LR: 0.000001
Epoch [92/100] | Loss: 2.4308 (Cls: 1.8407, TAL: 0.0000, Adv: 3.9343) | Train Acc: 0.9453 | Val Acc: 1.0000 | Val P/R/F1 (Macro): 1.0000/1.0000/1.0000 | LR: 0.000001
Epoch [93/100] | Loss: 2.2463 (Cls: 1.6568, TAL: 0.0000, Adv: 3.9300) | Train Acc: 1.0000 | Val Acc: 1.0000 | Val P/R/F1 (Macro): 1.0000/1.0000/1.0000 | LR: 0.000001
Epoch [94/100] | Loss: 2.2844 (Cls: 1.6766, TAL: 0.0000, Adv: 4.0518) | Train Acc: 0.9922 | Val Acc: 1.0000 | Val P/R/F1 (Macro): 1.0000/1.0000/1.0000 | LR: 0.000001
Epoch [95/100] | Loss: 2.2287 (Cls: 1.6540, TAL: 0.0000, Adv: 3.8310) | Train Acc: 1.0000 | Val Acc: 0.9722 | Val P/R/F1 (Macro): 0.9444/0.9722/0.9471 | LR: 0.000001
Epoch [96/100] | Loss: 2.2553 (Cls: 1.6822, TAL: 0.0000, Adv: 3.8205) | Train Acc: 0.9844 | Val Acc: 1.0000 | Val P/R/F1 (Macro): 1.0000/1.0000/1.0000 | LR: 0.000001
Epoch [97/100] | Loss: 2.2295 (Cls: 1.6836, TAL: 0.0000, Adv: 3.6392) | Train Acc: 0.9844 | Val Acc: 1.0000 | Val P/R/F1 (Macro): 1.0000/1.0000/1.0000 | LR: 0.000001
Epoch [98/100] | Loss: 2.2848 (Cls: 1.7027, TAL: 0.0000, Adv: 3.8811) | Train Acc: 0.9922 | Val Acc: 0.9722 | Val P/R/F1 (Macro): 0.9444/0.9722/0.9471 | LR: 0.000001
Epoch [99/100] | Loss: 2.2250 (Cls: 1.6354, TAL: 0.0000, Adv: 3.9306) | Train Acc: 0.9922 | Val Acc: 0.9722 | Val P/R/F1 (Macro): 0.9444/0.9722/0.9471 | LR: 0.000001
Epoch [100/100] | Loss: 2.2809 (Cls: 1.7075, TAL: 0.0000, Adv: 3.8227) | Train Acc: 0.9766 | Val Acc: 1.0000 | Val P/R/F1 (Macro): 1.0000/1.0000/1.0000 | LR: 0.000001

迭代 4 最佳指标:
  Accuracy: 1.0000
  Precision (Macro): 1.0000
  Recall (Macro): 1.0000
  F1 (Macro): 1.0000
  Precision (Micro): 1.0000
  Recall (Micro): 1.0000
  F1 (Micro): 1.0000
  Val class coverage: 9/14 (0.6429), samples=36

================================================================================
迭代 5/5
随机种子: 46
================================================================================
Training mode: unpaired target adaptation with controlled target-label loss (ratio=0.35, weight=0.50).
Fixed labeled target subset: 45/128 samples.
Feature fusion: Channel concatenation (512+512); fused_dim=1024
Domain adaptation: Neural OT generator with 3-domain discriminator
Loss weights: tensor=0.00, adv=0.15
Epoch [1/100] | Loss: 7.4584 (Cls: 7.4053, TAL: 0.0000, Adv: 0.3539) | Train Acc: 0.1484 | Val Acc: 0.1667 | Val P/R/F1 (Macro): 0.1333/0.1009/0.1080 | LR: 0.000010
  >>> New Best Val Acc: 0.1667
Epoch [2/100] | Loss: 6.2214 (Cls: 6.1748, TAL: 0.0000, Adv: 0.3106) | Train Acc: 0.2031 | Val Acc: 0.1944 | Val P/R/F1 (Macro): 0.1285/0.1481/0.0856 | LR: 0.000010
  >>> New Best Val Acc: 0.1944
Epoch [3/100] | Loss: 6.0489 (Cls: 6.0080, TAL: 0.0000, Adv: 0.2721) | Train Acc: 0.2656 | Val Acc: 0.1667 | Val P/R/F1 (Macro): 0.0256/0.1111/0.0417 | LR: 0.000010
Epoch [4/100] | Loss: 5.5462 (Cls: 5.4969, TAL: 0.0000, Adv: 0.3285) | Train Acc: 0.3672 | Val Acc: 0.1944 | Val P/R/F1 (Macro): 0.3778/0.1435/0.1691 | LR: 0.000010
Epoch [5/100] | Loss: 4.9297 (Cls: 4.8621, TAL: 0.0000, Adv: 0.4504) | Train Acc: 0.4609 | Val Acc: 0.2778 | Val P/R/F1 (Macro): 0.2278/0.2370/0.2227 | LR: 0.000010
  >>> New Best Val Acc: 0.2778
Epoch [6/100] | Loss: 4.6192 (Cls: 4.5418, TAL: 0.0000, Adv: 0.5158) | Train Acc: 0.4922 | Val Acc: 0.3611 | Val P/R/F1 (Macro): 0.4364/0.3889/0.3537 | LR: 0.000010
  >>> New Best Val Acc: 0.3611
Epoch [7/100] | Loss: 4.4055 (Cls: 4.3197, TAL: 0.0000, Adv: 0.5721) | Train Acc: 0.5391 | Val Acc: 0.6389 | Val P/R/F1 (Macro): 0.8571/0.6657/0.6603 | LR: 0.000010
  >>> New Best Val Acc: 0.6389
Epoch [8/100] | Loss: 4.3375 (Cls: 4.2369, TAL: 0.0000, Adv: 0.6701) | Train Acc: 0.6172 | Val Acc: 0.7500 | Val P/R/F1 (Macro): 0.6389/0.6481/0.6231 | LR: 0.000010
  >>> New Best Val Acc: 0.7500
Epoch [9/100] | Loss: 3.7913 (Cls: 3.6376, TAL: 0.0000, Adv: 1.0251) | Train Acc: 0.7344 | Val Acc: 0.8889 | Val P/R/F1 (Macro): 0.9175/0.9083/0.9023 | LR: 0.000010
  >>> New Best Val Acc: 0.8889
Epoch [10/100] | Loss: 3.8433 (Cls: 3.6816, TAL: 0.0000, Adv: 1.0780) | Train Acc: 0.6328 | Val Acc: 0.7778 | Val P/R/F1 (Macro): 0.8105/0.7407/0.7416 | LR: 0.000010
Epoch [11/100] | Loss: 3.7561 (Cls: 3.5663, TAL: 0.0000, Adv: 1.2652) | Train Acc: 0.6484 | Val Acc: 0.8611 | Val P/R/F1 (Macro): 0.8971/0.8769/0.8818 | LR: 0.000010
Epoch [12/100] | Loss: 3.4716 (Cls: 3.2538, TAL: 0.0000, Adv: 1.4517) | Train Acc: 0.7734 | Val Acc: 0.7778 | Val P/R/F1 (Macro): 0.6852/0.6407/0.6368 | LR: 0.000010
Epoch [13/100] | Loss: 3.1580 (Cls: 2.9024, TAL: 0.0000, Adv: 1.7042) | Train Acc: 0.7500 | Val Acc: 0.8333 | Val P/R/F1 (Macro): 0.8656/0.8583/0.8200 | LR: 0.000010
Epoch [14/100] | Loss: 3.1391 (Cls: 2.8584, TAL: 0.0000, Adv: 1.8711) | Train Acc: 0.7969 | Val Acc: 0.8333 | Val P/R/F1 (Macro): 0.8889/0.8694/0.8286 | LR: 0.000010
Epoch [15/100] | Loss: 3.3107 (Cls: 3.0182, TAL: 0.0000, Adv: 1.9498) | Train Acc: 0.8203 | Val Acc: 0.9167 | Val P/R/F1 (Macro): 0.9101/0.9352/0.9062 | LR: 0.000010
  >>> New Best Val Acc: 0.9167
Epoch [16/100] | Loss: 3.1719 (Cls: 2.8627, TAL: 0.0000, Adv: 2.0617) | Train Acc: 0.7812 | Val Acc: 0.6944 | Val P/R/F1 (Macro): 0.8386/0.7593/0.7190 | LR: 0.000010
Epoch [17/100] | Loss: 3.2495 (Cls: 2.9539, TAL: 0.0000, Adv: 1.9707) | Train Acc: 0.8047 | Val Acc: 0.8889 | Val P/R/F1 (Macro): 0.9028/0.9046/0.8898 | LR: 0.000010
Epoch [18/100] | Loss: 2.7402 (Cls: 2.4182, TAL: 0.0000, Adv: 2.1465) | Train Acc: 0.9062 | Val Acc: 0.8611 | Val P/R/F1 (Macro): 0.7999/0.7880/0.7913 | LR: 0.000010
Epoch [19/100] | Loss: 2.8479 (Cls: 2.5004, TAL: 0.0000, Adv: 2.3172) | Train Acc: 0.8906 | Val Acc: 0.8611 | Val P/R/F1 (Macro): 0.8395/0.7852/0.8046 | LR: 0.000010
Epoch [20/100] | Loss: 2.6617 (Cls: 2.3287, TAL: 0.0000, Adv: 2.2199) | Train Acc: 0.9219 | Val Acc: 0.8611 | Val P/R/F1 (Macro): 0.8981/0.8769/0.8619 | LR: 0.000010
Epoch [21/100] | Loss: 2.8903 (Cls: 2.5095, TAL: 0.0000, Adv: 2.5389) | Train Acc: 0.8672 | Val Acc: 0.8333 | Val P/R/F1 (Macro): 0.9167/0.8917/0.8738 | LR: 0.000010
Epoch [22/100] | Loss: 2.7526 (Cls: 2.4057, TAL: 0.0000, Adv: 2.3128) | Train Acc: 0.8906 | Val Acc: 0.8889 | Val P/R/F1 (Macro): 0.8099/0.8222/0.7946 | LR: 0.000010
Epoch [23/100] | Loss: 2.7747 (Cls: 2.4421, TAL: 0.0000, Adv: 2.2174) | Train Acc: 0.8828 | Val Acc: 0.9444 | Val P/R/F1 (Macro): 1.0000/0.9556/0.9722 | LR: 0.000010
  >>> New Best Val Acc: 0.9444
Epoch [24/100] | Loss: 2.7614 (Cls: 2.3783, TAL: 0.0000, Adv: 2.5537) | Train Acc: 0.9062 | Val Acc: 0.8889 | Val P/R/F1 (Macro): 0.9563/0.9194/0.9206 | LR: 0.000010
Epoch [25/100] | Loss: 2.6519 (Cls: 2.2839, TAL: 0.0000, Adv: 2.4536) | Train Acc: 0.9219 | Val Acc: 0.9722 | Val P/R/F1 (Macro): 0.9778/0.9778/0.9753 | LR: 0.000010
  >>> New Best Val Acc: 0.9722
Epoch [26/100] | Loss: 2.8836 (Cls: 2.4704, TAL: 0.0000, Adv: 2.7544) | Train Acc: 0.8203 | Val Acc: 0.8611 | Val P/R/F1 (Macro): 0.9321/0.8722/0.8757 | LR: 0.000010
Epoch [27/100] | Loss: 2.5745 (Cls: 2.1792, TAL: 0.0000, Adv: 2.6351) | Train Acc: 0.9297 | Val Acc: 0.8611 | Val P/R/F1 (Macro): 0.9563/0.8917/0.9047 | LR: 0.000010
Epoch [28/100] | Loss: 2.5839 (Cls: 2.1632, TAL: 0.0000, Adv: 2.8046) | Train Acc: 0.9453 | Val Acc: 0.8889 | Val P/R/F1 (Macro): 0.9397/0.9194/0.9086 | LR: 0.000010
Epoch [29/100] | Loss: 2.5872 (Cls: 2.1989, TAL: 0.0000, Adv: 2.5883) | Train Acc: 0.9375 | Val Acc: 0.8611 | Val P/R/F1 (Macro): 0.8823/0.9000/0.8605 | LR: 0.000010
Epoch [30/100] | Loss: 2.7212 (Cls: 2.3672, TAL: 0.0000, Adv: 2.3601) | Train Acc: 0.8906 | Val Acc: 0.9444 | Val P/R/F1 (Macro): 0.9444/0.9500/0.9347 | LR: 0.000010
Epoch [31/100] | Loss: 2.6283 (Cls: 2.2357, TAL: 0.0000, Adv: 2.6170) | Train Acc: 0.9141 | Val Acc: 0.9167 | Val P/R/F1 (Macro): 0.8607/0.8296/0.8392 | LR: 0.000010
Epoch [32/100] | Loss: 2.7295 (Cls: 2.3583, TAL: 0.0000, Adv: 2.4750) | Train Acc: 0.8906 | Val Acc: 0.9444 | Val P/R/F1 (Macro): 0.8580/0.8519/0.8500 | LR: 0.000010
Epoch [33/100] | Loss: 2.5760 (Cls: 2.1834, TAL: 0.0000, Adv: 2.6179) | Train Acc: 0.8594 | Val Acc: 0.9444 | Val P/R/F1 (Macro): 0.9444/0.9500/0.9347 | LR: 0.000010
Epoch [34/100] | Loss: 2.5644 (Cls: 2.1732, TAL: 0.0000, Adv: 2.6083) | Train Acc: 0.9375 | Val Acc: 0.8889 | Val P/R/F1 (Macro): 0.9702/0.9046/0.9276 | LR: 0.000010
Epoch [35/100] | Loss: 2.5132 (Cls: 2.0872, TAL: 0.0000, Adv: 2.8398) | Train Acc: 0.9375 | Val Acc: 0.9722 | Val P/R/F1 (Macro): 1.0000/0.9778/0.9877 | LR: 0.000010
Epoch [36/100] | Loss: 2.5673 (Cls: 2.1180, TAL: 0.0000, Adv: 2.9954) | Train Acc: 0.9453 | Val Acc: 0.8889 | Val P/R/F1 (Macro): 0.9841/0.9194/0.9364 | LR: 0.000005
Epoch [37/100] | Loss: 2.3957 (Cls: 1.9782, TAL: 0.0000, Adv: 2.7831) | Train Acc: 0.9688 | Val Acc: 0.9722 | Val P/R/F1 (Macro): 1.0000/0.9778/0.9877 | LR: 0.000005
Epoch [38/100] | Loss: 2.4099 (Cls: 2.0004, TAL: 0.0000, Adv: 2.7295) | Train Acc: 0.9219 | Val Acc: 0.9722 | Val P/R/F1 (Macro): 1.0000/0.9778/0.9877 | LR: 0.000005
Epoch [39/100] | Loss: 2.2973 (Cls: 1.8541, TAL: 0.0000, Adv: 2.9545) | Train Acc: 0.9766 | Val Acc: 0.9722 | Val P/R/F1 (Macro): 1.0000/0.9778/0.9877 | LR: 0.000005
Epoch [40/100] | Loss: 2.3437 (Cls: 1.9122, TAL: 0.0000, Adv: 2.8764) | Train Acc: 0.9688 | Val Acc: 0.9444 | Val P/R/F1 (Macro): 0.9841/0.9639/0.9717 | LR: 0.000005
Epoch [41/100] | Loss: 2.2999 (Cls: 1.8607, TAL: 0.0000, Adv: 2.9275) | Train Acc: 0.9688 | Val Acc: 0.8889 | Val P/R/F1 (Macro): 0.9397/0.9194/0.9086 | LR: 0.000005
Epoch [42/100] | Loss: 2.2956 (Cls: 1.8807, TAL: 0.0000, Adv: 2.7665) | Train Acc: 0.9609 | Val Acc: 0.9722 | Val P/R/F1 (Macro): 1.0000/0.9778/0.9877 | LR: 0.000005
Epoch [43/100] | Loss: 2.2921 (Cls: 1.8855, TAL: 0.0000, Adv: 2.7107) | Train Acc: 0.9453 | Val Acc: 0.9722 | Val P/R/F1 (Macro): 1.0000/0.9778/0.9877 | LR: 0.000005
Epoch [44/100] | Loss: 2.4064 (Cls: 1.9990, TAL: 0.0000, Adv: 2.7165) | Train Acc: 0.9453 | Val Acc: 0.9722 | Val P/R/F1 (Macro): 1.0000/0.9778/0.9877 | LR: 0.000005
Epoch [45/100] | Loss: 2.3362 (Cls: 1.9102, TAL: 0.0000, Adv: 2.8400) | Train Acc: 0.9531 | Val Acc: 0.9722 | Val P/R/F1 (Macro): 1.0000/0.9778/0.9877 | LR: 0.000005
Epoch [46/100] | Loss: 2.4424 (Cls: 2.0067, TAL: 0.0000, Adv: 2.9047) | Train Acc: 0.9609 | Val Acc: 0.9444 | Val P/R/F1 (Macro): 0.9841/0.9639/0.9717 | LR: 0.000005
Epoch [47/100] | Loss: 2.4006 (Cls: 1.9625, TAL: 0.0000, Adv: 2.9201) | Train Acc: 0.9375 | Val Acc: 0.9444 | Val P/R/F1 (Macro): 0.9841/0.9639/0.9717 | LR: 0.000003
Epoch [48/100] | Loss: 2.4347 (Cls: 1.9634, TAL: 0.0000, Adv: 3.1419) | Train Acc: 0.9453 | Val Acc: 0.9444 | Val P/R/F1 (Macro): 0.9841/0.9639/0.9717 | LR: 0.000003
Epoch [49/100] | Loss: 2.4380 (Cls: 1.9498, TAL: 0.0000, Adv: 3.2545) | Train Acc: 0.9531 | Val Acc: 0.9722 | Val P/R/F1 (Macro): 1.0000/0.9778/0.9877 | LR: 0.000003
Epoch [50/100] | Loss: 2.2149 (Cls: 1.7770, TAL: 0.0000, Adv: 2.9199) | Train Acc: 0.9688 | Val Acc: 0.9722 | Val P/R/F1 (Macro): 1.0000/0.9778/0.9877 | LR: 0.000003
Epoch [51/100] | Loss: 2.3046 (Cls: 1.8632, TAL: 0.0000, Adv: 2.9429) | Train Acc: 0.9688 | Val Acc: 0.9722 | Val P/R/F1 (Macro): 1.0000/0.9778/0.9877 | LR: 0.000003
Epoch [52/100] | Loss: 2.2952 (Cls: 1.8097, TAL: 0.0000, Adv: 3.2367) | Train Acc: 0.9766 | Val Acc: 0.9722 | Val P/R/F1 (Macro): 1.0000/0.9778/0.9877 | LR: 0.000003
Epoch [53/100] | Loss: 2.3626 (Cls: 1.8731, TAL: 0.0000, Adv: 3.2634) | Train Acc: 0.9688 | Val Acc: 0.9444 | Val P/R/F1 (Macro): 0.9841/0.9639/0.9717 | LR: 0.000003
Epoch [54/100] | Loss: 2.3232 (Cls: 1.8273, TAL: 0.0000, Adv: 3.3059) | Train Acc: 0.9688 | Val Acc: 0.9444 | Val P/R/F1 (Macro): 0.9841/0.9639/0.9717 | LR: 0.000003
Epoch [55/100] | Loss: 2.3320 (Cls: 1.8470, TAL: 0.0000, Adv: 3.2330) | Train Acc: 0.9609 | Val Acc: 0.9444 | Val P/R/F1 (Macro): 0.9841/0.9639/0.9717 | LR: 0.000003
Epoch [56/100] | Loss: 2.3197 (Cls: 1.8002, TAL: 0.0000, Adv: 3.4636) | Train Acc: 0.9688 | Val Acc: 0.9722 | Val P/R/F1 (Macro): 1.0000/0.9778/0.9877 | LR: 0.000003
Epoch [57/100] | Loss: 2.3325 (Cls: 1.8152, TAL: 0.0000, Adv: 3.4490) | Train Acc: 0.9688 | Val Acc: 0.9722 | Val P/R/F1 (Macro): 1.0000/0.9778/0.9877 | LR: 0.000003
Epoch [58/100] | Loss: 2.2566 (Cls: 1.7612, TAL: 0.0000, Adv: 3.3030) | Train Acc: 0.9922 | Val Acc: 0.9722 | Val P/R/F1 (Macro): 1.0000/0.9778/0.9877 | LR: 0.000001
Epoch [59/100] | Loss: 2.3061 (Cls: 1.7664, TAL: 0.0000, Adv: 3.5980) | Train Acc: 0.9766 | Val Acc: 0.9444 | Val P/R/F1 (Macro): 0.9841/0.9639/0.9717 | LR: 0.000001
Epoch [60/100] | Loss: 2.2786 (Cls: 1.7657, TAL: 0.0000, Adv: 3.4196) | Train Acc: 0.9688 | Val Acc: 0.9444 | Val P/R/F1 (Macro): 0.9841/0.9639/0.9717 | LR: 0.000001
Epoch [61/100] | Loss: 2.3382 (Cls: 1.8172, TAL: 0.0000, Adv: 3.4737) | Train Acc: 0.9531 | Val Acc: 0.9722 | Val P/R/F1 (Macro): 1.0000/0.9778/0.9877 | LR: 0.000001
Epoch [62/100] | Loss: 2.2256 (Cls: 1.6949, TAL: 0.0000, Adv: 3.5382) | Train Acc: 0.9844 | Val Acc: 0.9722 | Val P/R/F1 (Macro): 1.0000/0.9778/0.9877 | LR: 0.000001
Epoch [63/100] | Loss: 2.3328 (Cls: 1.8014, TAL: 0.0000, Adv: 3.5430) | Train Acc: 0.9766 | Val Acc: 0.9722 | Val P/R/F1 (Macro): 1.0000/0.9778/0.9877 | LR: 0.000001
Epoch [64/100] | Loss: 2.2155 (Cls: 1.7303, TAL: 0.0000, Adv: 3.2340) | Train Acc: 0.9766 | Val Acc: 0.9444 | Val P/R/F1 (Macro): 0.9841/0.9639/0.9717 | LR: 0.000001
Epoch [65/100] | Loss: 2.2276 (Cls: 1.7098, TAL: 0.0000, Adv: 3.4523) | Train Acc: 0.9766 | Val Acc: 0.9444 | Val P/R/F1 (Macro): 0.9841/0.9639/0.9717 | LR: 0.000001
Epoch [66/100] | Loss: 2.2302 (Cls: 1.7157, TAL: 0.0000, Adv: 3.4298) | Train Acc: 0.9922 | Val Acc: 0.9444 | Val P/R/F1 (Macro): 0.9841/0.9639/0.9717 | LR: 0.000001
Epoch [67/100] | Loss: 2.2306 (Cls: 1.7169, TAL: 0.0000, Adv: 3.4245) | Train Acc: 0.9922 | Val Acc: 0.9444 | Val P/R/F1 (Macro): 0.9841/0.9639/0.9717 | LR: 0.000001
Epoch [68/100] | Loss: 2.3308 (Cls: 1.7484, TAL: 0.0000, Adv: 3.8828) | Train Acc: 0.9609 | Val Acc: 0.9444 | Val P/R/F1 (Macro): 0.9841/0.9639/0.9717 | LR: 0.000001
Epoch [69/100] | Loss: 2.2764 (Cls: 1.7158, TAL: 0.0000, Adv: 3.7375) | Train Acc: 0.9766 | Val Acc: 0.9444 | Val P/R/F1 (Macro): 0.9841/0.9639/0.9717 | LR: 0.000001
Epoch [70/100] | Loss: 2.2743 (Cls: 1.7194, TAL: 0.0000, Adv: 3.6991) | Train Acc: 0.9766 | Val Acc: 0.9444 | Val P/R/F1 (Macro): 0.9841/0.9639/0.9717 | LR: 0.000001
Epoch [71/100] | Loss: 2.2921 (Cls: 1.7449, TAL: 0.0000, Adv: 3.6477) | Train Acc: 0.9688 | Val Acc: 0.9722 | Val P/R/F1 (Macro): 1.0000/0.9778/0.9877 | LR: 0.000001
Epoch [72/100] | Loss: 2.3509 (Cls: 1.8130, TAL: 0.0000, Adv: 3.5864) | Train Acc: 0.9688 | Val Acc: 0.9722 | Val P/R/F1 (Macro): 1.0000/0.9778/0.9877 | LR: 0.000001
Epoch [73/100] | Loss: 2.2623 (Cls: 1.6928, TAL: 0.0000, Adv: 3.7967) | Train Acc: 0.9766 | Val Acc: 0.9722 | Val P/R/F1 (Macro): 1.0000/0.9778/0.9877 | LR: 0.000001
Epoch [74/100] | Loss: 2.2070 (Cls: 1.6648, TAL: 0.0000, Adv: 3.6149) | Train Acc: 0.9922 | Val Acc: 0.9722 | Val P/R/F1 (Macro): 1.0000/0.9778/0.9877 | LR: 0.000001
Epoch [75/100] | Loss: 2.3088 (Cls: 1.7308, TAL: 0.0000, Adv: 3.8529) | Train Acc: 0.9766 | Val Acc: 0.9722 | Val P/R/F1 (Macro): 1.0000/0.9778/0.9877 | LR: 0.000001
Epoch [76/100] | Loss: 2.3595 (Cls: 1.7816, TAL: 0.0000, Adv: 3.8527) | Train Acc: 0.9609 | Val Acc: 0.9444 | Val P/R/F1 (Macro): 0.9841/0.9639/0.9717 | LR: 0.000001
Epoch [77/100] | Loss: 2.2580 (Cls: 1.7084, TAL: 0.0000, Adv: 3.6642) | Train Acc: 0.9844 | Val Acc: 0.9444 | Val P/R/F1 (Macro): 0.9841/0.9639/0.9717 | LR: 0.000001
Epoch [78/100] | Loss: 2.2403 (Cls: 1.6890, TAL: 0.0000, Adv: 3.6754) | Train Acc: 0.9844 | Val Acc: 0.9722 | Val P/R/F1 (Macro): 1.0000/0.9778/0.9877 | LR: 0.000001
Epoch [79/100] | Loss: 2.2913 (Cls: 1.6994, TAL: 0.0000, Adv: 3.9456) | Train Acc: 0.9922 | Val Acc: 0.9444 | Val P/R/F1 (Macro): 0.9841/0.9639/0.9717 | LR: 0.000001
Epoch [80/100] | Loss: 2.2812 (Cls: 1.6836, TAL: 0.0000, Adv: 3.9840) | Train Acc: 0.9922 | Val Acc: 0.9444 | Val P/R/F1 (Macro): 0.9841/0.9639/0.9717 | LR: 0.000001
Epoch [81/100] | Loss: 2.3096 (Cls: 1.7147, TAL: 0.0000, Adv: 3.9662) | Train Acc: 0.9922 | Val Acc: 0.9444 | Val P/R/F1 (Macro): 0.9841/0.9639/0.9717 | LR: 0.000001
Epoch [82/100] | Loss: 2.3179 (Cls: 1.7151, TAL: 0.0000, Adv: 4.0186) | Train Acc: 0.9844 | Val Acc: 0.9444 | Val P/R/F1 (Macro): 0.9841/0.9639/0.9717 | LR: 0.000001
Epoch [83/100] | Loss: 2.3599 (Cls: 1.7719, TAL: 0.0000, Adv: 3.9202) | Train Acc: 0.9766 | Val Acc: 0.9444 | Val P/R/F1 (Macro): 0.9841/0.9639/0.9717 | LR: 0.000001
Epoch [84/100] | Loss: 2.2991 (Cls: 1.7129, TAL: 0.0000, Adv: 3.9078) | Train Acc: 0.9844 | Val Acc: 0.9444 | Val P/R/F1 (Macro): 0.9841/0.9639/0.9717 | LR: 0.000001
Epoch [85/100] | Loss: 2.2017 (Cls: 1.6533, TAL: 0.0000, Adv: 3.6561) | Train Acc: 0.9844 | Val Acc: 0.9444 | Val P/R/F1 (Macro): 0.9841/0.9639/0.9717 | LR: 0.000001
Epoch [86/100] | Loss: 2.2885 (Cls: 1.6988, TAL: 0.0000, Adv: 3.9318) | Train Acc: 0.9844 | Val Acc: 0.9444 | Val P/R/F1 (Macro): 0.9841/0.9639/0.9717 | LR: 0.000001
Epoch [87/100] | Loss: 2.3124 (Cls: 1.7349, TAL: 0.0000, Adv: 3.8499) | Train Acc: 0.9844 | Val Acc: 0.9444 | Val P/R/F1 (Macro): 0.9841/0.9639/0.9717 | LR: 0.000001
Epoch [88/100] | Loss: 2.3013 (Cls: 1.7078, TAL: 0.0000, Adv: 3.9565) | Train Acc: 0.9844 | Val Acc: 0.9444 | Val P/R/F1 (Macro): 0.9841/0.9639/0.9717 | LR: 0.000001
Epoch [89/100] | Loss: 2.3454 (Cls: 1.7493, TAL: 0.0000, Adv: 3.9744) | Train Acc: 0.9688 | Val Acc: 0.9444 | Val P/R/F1 (Macro): 0.9841/0.9639/0.9717 | LR: 0.000001
Epoch [90/100] | Loss: 2.2458 (Cls: 1.6861, TAL: 0.0000, Adv: 3.7318) | Train Acc: 0.9922 | Val Acc: 0.9444 | Val P/R/F1 (Macro): 0.9841/0.9639/0.9717 | LR: 0.000001
Epoch [91/100] | Loss: 2.3875 (Cls: 1.7935, TAL: 0.0000, Adv: 3.9604) | Train Acc: 0.9531 | Val Acc: 0.9444 | Val P/R/F1 (Macro): 0.9841/0.9639/0.9717 | LR: 0.000001
Epoch [92/100] | Loss: 2.2985 (Cls: 1.7074, TAL: 0.0000, Adv: 3.9406) | Train Acc: 0.9844 | Val Acc: 0.9444 | Val P/R/F1 (Macro): 0.9841/0.9639/0.9717 | LR: 0.000001
Epoch [93/100] | Loss: 2.2693 (Cls: 1.6666, TAL: 0.0000, Adv: 4.0176) | Train Acc: 0.9844 | Val Acc: 0.9444 | Val P/R/F1 (Macro): 0.9841/0.9639/0.9717 | LR: 0.000001
Epoch [94/100] | Loss: 2.3235 (Cls: 1.7203, TAL: 0.0000, Adv: 4.0217) | Train Acc: 0.9922 | Val Acc: 0.9444 | Val P/R/F1 (Macro): 0.9841/0.9639/0.9717 | LR: 0.000001
Epoch [95/100] | Loss: 2.3045 (Cls: 1.6872, TAL: 0.0000, Adv: 4.1150) | Train Acc: 0.9766 | Val Acc: 0.9444 | Val P/R/F1 (Macro): 0.9841/0.9639/0.9717 | LR: 0.000001
Epoch [96/100] | Loss: 2.3049 (Cls: 1.6944, TAL: 0.0000, Adv: 4.0703) | Train Acc: 0.9766 | Val Acc: 0.9444 | Val P/R/F1 (Macro): 0.9841/0.9639/0.9717 | LR: 0.000001
Epoch [97/100] | Loss: 2.2847 (Cls: 1.7087, TAL: 0.0000, Adv: 3.8403) | Train Acc: 0.9531 | Val Acc: 0.9722 | Val P/R/F1 (Macro): 1.0000/0.9778/0.9877 | LR: 0.000001
Epoch [98/100] | Loss: 2.3445 (Cls: 1.7335, TAL: 0.0000, Adv: 4.0734) | Train Acc: 0.9766 | Val Acc: 0.9444 | Val P/R/F1 (Macro): 0.9841/0.9639/0.9717 | LR: 0.000001
Epoch [99/100] | Loss: 2.3488 (Cls: 1.7688, TAL: 0.0000, Adv: 3.8665) | Train Acc: 0.9609 | Val Acc: 0.9444 | Val P/R/F1 (Macro): 0.9841/0.9639/0.9717 | LR: 0.000001
Epoch [100/100] | Loss: 2.3396 (Cls: 1.7187, TAL: 0.0000, Adv: 4.1395) | Train Acc: 0.9844 | Val Acc: 0.9444 | Val P/R/F1 (Macro): 0.9841/0.9639/0.9717 | LR: 0.000001

迭代 5 最佳指标:
  Accuracy: 0.9722
  Precision (Macro): 0.9778
  Recall (Macro): 0.9778
  F1 (Macro): 0.9753
  Precision (Micro): 0.9722
  Recall (Micro): 0.9722
  F1 (Micro): 0.9722
  Val class coverage: 9/14 (0.6429), samples=36

================================================================================
5次迭代统计结果
================================================================================

accuracy:
  各迭代值: ['0.9722', '0.9722', '0.9444', '1.0000', '0.9722']
  均值 (Mean): 0.9722
  标准差 (Std): 0.0176

precision_macro:
  各迭代值: ['0.9877', '1.0000', '1.0000', '1.0000', '0.9778']
  均值 (Mean): 0.9931
  标准差 (Std): 0.0090

recall_macro:
  各迭代值: ['0.9778', '0.9778', '0.9556', '1.0000', '0.9778']
  均值 (Mean): 0.9778
  标准差 (Std): 0.0141

f1_macro:
  各迭代值: ['0.9811', '0.9877', '0.9722', '1.0000', '0.9753']
  均值 (Mean): 0.9833
  标准差 (Std): 0.0099

precision_micro:
  各迭代值: ['0.9722', '0.9722', '0.9444', '1.0000', '0.9722']
  均值 (Mean): 0.9722
  标准差 (Std): 0.0176

recall_micro:
  各迭代值: ['0.9722', '0.9722', '0.9444', '1.0000', '0.9722']
  均值 (Mean): 0.9722
  标准差 (Std): 0.0176

f1_micro:
  各迭代值: ['0.9722', '0.9722', '0.9444', '1.0000', '0.9722']
  均值 (Mean): 0.9722
  标准差 (Std): 0.0176

val_class_coverage:
  各迭代值: ['0.6429', '0.6429', '0.6429', '0.6429', '0.6429']
  均值 (Mean): 0.6429
  标准差 (Std): 0.0000

val_present_classes:
  各迭代值: ['9.0000', '9.0000', '9.0000', '9.0000', '9.0000']
  均值 (Mean): 9.0000
  标准差 (Std): 0.0000

val_total_classes:
  各迭代值: ['14.0000', '14.0000', '14.0000', '14.0000', '14.0000']
  均值 (Mean): 14.0000
  标准差 (Std): 0.0000

val_samples:
  各迭代值: ['36.0000', '36.0000', '36.0000', '36.0000', '36.0000']
  均值 (Mean): 36.0000
  标准差 (Std): 0.0000

训练结束时间: 2026-07-10 22:01:43
================================================================================
