================================================================================
模块消融实验 - without_tensor_without_ot
目标域天气: 黑天
训练开始时间: 2026-07-10 01:29:26
设备: cuda
源域: /home/lixiang/lx/Data/晴天
目标域: /home/lixiang/lx/Data/黑天
批次大小: 32
总轮数: 100
迭代次数: 5
使用Tensor模块: 否
使用OT模块: 否
特征融合方式: 通道拼接
域对齐方式: 常规对抗
================================================================================

================================================================================
迭代 1/5
随机种子: 42
================================================================================
Training mode: unsupervised target adaptation (target labels ignored in training).
Feature fusion: Channel concatenation (512+512); fused_dim=1024
Domain adaptation: standard source-target adversarial training, no generator
Loss weights: tensor=0.00, adv=0.15
Epoch [1/100] | Loss: 2.4532 (Cls: 2.3237, TAL: 0.0000, Adv: 0.8631) | Train Acc: 0.3058 | Val Acc: 0.1250 | Val P/R/F1 (Macro): 0.0318/0.0721/0.0441 | LR: 0.000010
  >>> New Best Val Acc: 0.1250
Epoch [2/100] | Loss: 1.7140 (Cls: 1.5971, TAL: 0.0000, Adv: 0.7789) | Train Acc: 0.5960 | Val Acc: 0.0500 | Val P/R/F1 (Macro): 0.0234/0.0288/0.0259 | LR: 0.000010
Epoch [3/100] | Loss: 1.4385 (Cls: 1.3308, TAL: 0.0000, Adv: 0.7181) | Train Acc: 0.6964 | Val Acc: 0.1167 | Val P/R/F1 (Macro): 0.0525/0.0739/0.0539 | LR: 0.000010
Epoch [4/100] | Loss: 1.2885 (Cls: 1.1863, TAL: 0.0000, Adv: 0.6818) | Train Acc: 0.7522 | Val Acc: 0.1000 | Val P/R/F1 (Macro): 0.1638/0.0714/0.0592 | LR: 0.000010
Epoch [5/100] | Loss: 1.1066 (Cls: 1.0085, TAL: 0.0000, Adv: 0.6542) | Train Acc: 0.8438 | Val Acc: 0.0417 | Val P/R/F1 (Macro): 0.0853/0.0378/0.0335 | LR: 0.000010
Epoch [6/100] | Loss: 1.0279 (Cls: 0.9349, TAL: 0.0000, Adv: 0.6204) | Train Acc: 0.8817 | Val Acc: 0.1167 | Val P/R/F1 (Macro): 0.1755/0.0745/0.0660 | LR: 0.000010
Epoch [7/100] | Loss: 0.9292 (Cls: 0.8395, TAL: 0.0000, Adv: 0.5977) | Train Acc: 0.9196 | Val Acc: 0.1583 | Val P/R/F1 (Macro): 0.1833/0.1207/0.1137 | LR: 0.000010
  >>> New Best Val Acc: 0.1583
Epoch [8/100] | Loss: 0.9693 (Cls: 0.8843, TAL: 0.0000, Adv: 0.5667) | Train Acc: 0.8929 | Val Acc: 0.1583 | Val P/R/F1 (Macro): 0.1157/0.0998/0.0852 | LR: 0.000010
Epoch [9/100] | Loss: 0.8621 (Cls: 0.7882, TAL: 0.0000, Adv: 0.4926) | Train Acc: 0.9487 | Val Acc: 0.0750 | Val P/R/F1 (Macro): 0.0296/0.0433/0.0352 | LR: 0.000010
Epoch [10/100] | Loss: 0.9108 (Cls: 0.8449, TAL: 0.0000, Adv: 0.4390) | Train Acc: 0.9152 | Val Acc: 0.1417 | Val P/R/F1 (Macro): 0.1279/0.1046/0.0789 | LR: 0.000010
Epoch [11/100] | Loss: 0.8495 (Cls: 0.7955, TAL: 0.0000, Adv: 0.3604) | Train Acc: 0.9375 | Val Acc: 0.0250 | Val P/R/F1 (Macro): 0.0156/0.0144/0.0150 | LR: 0.000010
Epoch [12/100] | Loss: 0.8059 (Cls: 0.7622, TAL: 0.0000, Adv: 0.2914) | Train Acc: 0.9621 | Val Acc: 0.0500 | Val P/R/F1 (Macro): 0.0375/0.0445/0.0369 | LR: 0.000010
Epoch [13/100] | Loss: 0.7591 (Cls: 0.7198, TAL: 0.0000, Adv: 0.2620) | Train Acc: 0.9665 | Val Acc: 0.0667 | Val P/R/F1 (Macro): 0.0729/0.0403/0.0492 | LR: 0.000010
Epoch [14/100] | Loss: 0.7937 (Cls: 0.7605, TAL: 0.0000, Adv: 0.2213) | Train Acc: 0.9598 | Val Acc: 0.1667 | Val P/R/F1 (Macro): 0.0800/0.0968/0.0636 | LR: 0.000010
  >>> New Best Val Acc: 0.1667
Epoch [15/100] | Loss: 0.8012 (Cls: 0.7626, TAL: 0.0000, Adv: 0.2571) | Train Acc: 0.9375 | Val Acc: 0.0667 | Val P/R/F1 (Macro): 0.0693/0.0391/0.0450 | LR: 0.000010
Epoch [16/100] | Loss: 0.8056 (Cls: 0.7689, TAL: 0.0000, Adv: 0.2448) | Train Acc: 0.9509 | Val Acc: 0.1500 | Val P/R/F1 (Macro): 0.0964/0.0969/0.0918 | LR: 0.000010
Epoch [17/100] | Loss: 0.7716 (Cls: 0.7214, TAL: 0.0000, Adv: 0.3349) | Train Acc: 0.9732 | Val Acc: 0.0750 | Val P/R/F1 (Macro): 0.0635/0.0439/0.0443 | LR: 0.000010
Epoch [18/100] | Loss: 0.7802 (Cls: 0.7292, TAL: 0.0000, Adv: 0.3400) | Train Acc: 0.9554 | Val Acc: 0.1083 | Val P/R/F1 (Macro): 0.0676/0.0840/0.0681 | LR: 0.000010
Epoch [19/100] | Loss: 0.7897 (Cls: 0.7432, TAL: 0.0000, Adv: 0.3100) | Train Acc: 0.9576 | Val Acc: 0.0667 | Val P/R/F1 (Macro): 0.1009/0.0456/0.0486 | LR: 0.000010
Epoch [20/100] | Loss: 0.7746 (Cls: 0.7200, TAL: 0.0000, Adv: 0.3639) | Train Acc: 0.9665 | Val Acc: 0.1333 | Val P/R/F1 (Macro): 0.1591/0.0776/0.0567 | LR: 0.000010
Epoch [21/100] | Loss: 0.7757 (Cls: 0.6982, TAL: 0.0000, Adv: 0.5161) | Train Acc: 0.9688 | Val Acc: 0.1167 | Val P/R/F1 (Macro): 0.0801/0.0848/0.0811 | LR: 0.000010
Epoch [22/100] | Loss: 0.8117 (Cls: 0.7563, TAL: 0.0000, Adv: 0.3693) | Train Acc: 0.9621 | Val Acc: 0.0583 | Val P/R/F1 (Macro): 0.0647/0.0427/0.0482 | LR: 0.000010
Epoch [23/100] | Loss: 0.7600 (Cls: 0.7179, TAL: 0.0000, Adv: 0.2809) | Train Acc: 0.9621 | Val Acc: 0.0583 | Val P/R/F1 (Macro): 0.0922/0.0539/0.0399 | LR: 0.000010
Epoch [24/100] | Loss: 0.7152 (Cls: 0.6826, TAL: 0.0000, Adv: 0.2177) | Train Acc: 0.9754 | Val Acc: 0.1000 | Val P/R/F1 (Macro): 0.0714/0.0615/0.0641 | LR: 0.000010
Epoch [25/100] | Loss: 0.7127 (Cls: 0.6814, TAL: 0.0000, Adv: 0.2084) | Train Acc: 0.9777 | Val Acc: 0.1000 | Val P/R/F1 (Macro): 0.0736/0.0583/0.0495 | LR: 0.000005
Epoch [26/100] | Loss: 0.6976 (Cls: 0.6668, TAL: 0.0000, Adv: 0.2052) | Train Acc: 0.9844 | Val Acc: 0.1000 | Val P/R/F1 (Macro): 0.0640/0.0583/0.0497 | LR: 0.000005
Epoch [27/100] | Loss: 0.6895 (Cls: 0.6581, TAL: 0.0000, Adv: 0.2093) | Train Acc: 0.9888 | Val Acc: 0.1167 | Val P/R/F1 (Macro): 0.1104/0.0817/0.0756 | LR: 0.000005
Epoch [28/100] | Loss: 0.6956 (Cls: 0.6631, TAL: 0.0000, Adv: 0.2165) | Train Acc: 0.9821 | Val Acc: 0.1000 | Val P/R/F1 (Macro): 0.1011/0.0637/0.0652 | LR: 0.000005
Epoch [29/100] | Loss: 0.7793 (Cls: 0.6683, TAL: 0.0000, Adv: 0.7400) | Train Acc: 0.9866 | Val Acc: 0.1167 | Val P/R/F1 (Macro): 0.1431/0.0793/0.0772 | LR: 0.000005
Epoch [30/100] | Loss: 0.8096 (Cls: 0.6791, TAL: 0.0000, Adv: 0.8705) | Train Acc: 0.9799 | Val Acc: 0.0917 | Val P/R/F1 (Macro): 0.1555/0.0535/0.0477 | LR: 0.000005
Epoch [31/100] | Loss: 0.7282 (Cls: 0.6546, TAL: 0.0000, Adv: 0.4906) | Train Acc: 0.9799 | Val Acc: 0.1083 | Val P/R/F1 (Macro): 0.1531/0.0905/0.0922 | LR: 0.000005
Epoch [32/100] | Loss: 0.6942 (Cls: 0.6445, TAL: 0.0000, Adv: 0.3309) | Train Acc: 0.9911 | Val Acc: 0.1167 | Val P/R/F1 (Macro): 0.0929/0.0810/0.0703 | LR: 0.000005
Epoch [33/100] | Loss: 0.6566 (Cls: 0.6291, TAL: 0.0000, Adv: 0.1831) | Train Acc: 0.9978 | Val Acc: 0.1250 | Val P/R/F1 (Macro): 0.0790/0.0929/0.0755 | LR: 0.000005
Epoch [34/100] | Loss: 0.6747 (Cls: 0.6558, TAL: 0.0000, Adv: 0.1260) | Train Acc: 0.9821 | Val Acc: 0.1000 | Val P/R/F1 (Macro): 0.0562/0.0649/0.0549 | LR: 0.000005
Epoch [35/100] | Loss: 0.6917 (Cls: 0.6553, TAL: 0.0000, Adv: 0.2426) | Train Acc: 0.9799 | Val Acc: 0.1250 | Val P/R/F1 (Macro): 0.1103/0.1209/0.1057 | LR: 0.000005
Epoch [36/100] | Loss: 0.6894 (Cls: 0.6421, TAL: 0.0000, Adv: 0.3153) | Train Acc: 0.9933 | Val Acc: 0.1000 | Val P/R/F1 (Macro): 0.0999/0.0649/0.0556 | LR: 0.000003
Epoch [37/100] | Loss: 0.6975 (Cls: 0.6467, TAL: 0.0000, Adv: 0.3381) | Train Acc: 0.9866 | Val Acc: 0.0917 | Val P/R/F1 (Macro): 0.0748/0.0673/0.0628 | LR: 0.000003
Epoch [38/100] | Loss: 0.6884 (Cls: 0.6415, TAL: 0.0000, Adv: 0.3126) | Train Acc: 0.9933 | Val Acc: 0.0750 | Val P/R/F1 (Macro): 0.0585/0.0523/0.0526 | LR: 0.000003
Epoch [39/100] | Loss: 0.6720 (Cls: 0.6425, TAL: 0.0000, Adv: 0.1963) | Train Acc: 0.9911 | Val Acc: 0.1000 | Val P/R/F1 (Macro): 0.0971/0.0637/0.0641 | LR: 0.000003
Epoch [40/100] | Loss: 0.6454 (Cls: 0.6223, TAL: 0.0000, Adv: 0.1543) | Train Acc: 1.0000 | Val Acc: 0.1083 | Val P/R/F1 (Macro): 0.1152/0.0887/0.0901 | LR: 0.000003
Epoch [41/100] | Loss: 0.6389 (Cls: 0.6214, TAL: 0.0000, Adv: 0.1169) | Train Acc: 0.9978 | Val Acc: 0.0667 | Val P/R/F1 (Macro): 0.0604/0.0469/0.0502 | LR: 0.000003
Epoch [42/100] | Loss: 0.6481 (Cls: 0.6250, TAL: 0.0000, Adv: 0.1540) | Train Acc: 0.9955 | Val Acc: 0.0583 | Val P/R/F1 (Macro): 0.0454/0.0408/0.0410 | LR: 0.000003
Epoch [43/100] | Loss: 0.6496 (Cls: 0.6306, TAL: 0.0000, Adv: 0.1265) | Train Acc: 0.9955 | Val Acc: 0.1000 | Val P/R/F1 (Macro): 0.0718/0.0661/0.0650 | LR: 0.000003
Epoch [44/100] | Loss: 0.6458 (Cls: 0.6314, TAL: 0.0000, Adv: 0.0961) | Train Acc: 0.9978 | Val Acc: 0.1083 | Val P/R/F1 (Macro): 0.0904/0.0911/0.0865 | LR: 0.000003
Epoch [45/100] | Loss: 0.6380 (Cls: 0.6239, TAL: 0.0000, Adv: 0.0942) | Train Acc: 0.9933 | Val Acc: 0.1000 | Val P/R/F1 (Macro): 0.1007/0.0626/0.0717 | LR: 0.000003
Epoch [46/100] | Loss: 0.6330 (Cls: 0.6196, TAL: 0.0000, Adv: 0.0889) | Train Acc: 0.9978 | Val Acc: 0.0750 | Val P/R/F1 (Macro): 0.0563/0.0511/0.0503 | LR: 0.000003
Epoch [47/100] | Loss: 0.6351 (Cls: 0.6206, TAL: 0.0000, Adv: 0.0963) | Train Acc: 0.9955 | Val Acc: 0.1000 | Val P/R/F1 (Macro): 0.0713/0.0655/0.0622 | LR: 0.000001
Epoch [48/100] | Loss: 0.6284 (Cls: 0.6147, TAL: 0.0000, Adv: 0.0912) | Train Acc: 0.9978 | Val Acc: 0.1000 | Val P/R/F1 (Macro): 0.0678/0.0655/0.0618 | LR: 0.000001
Epoch [49/100] | Loss: 0.6246 (Cls: 0.6149, TAL: 0.0000, Adv: 0.0648) | Train Acc: 0.9955 | Val Acc: 0.0833 | Val P/R/F1 (Macro): 0.0845/0.0541/0.0565 | LR: 0.000001
Epoch [50/100] | Loss: 0.6272 (Cls: 0.6181, TAL: 0.0000, Adv: 0.0608) | Train Acc: 0.9955 | Val Acc: 0.1250 | Val P/R/F1 (Macro): 0.1958/0.0788/0.0732 | LR: 0.000001
Epoch [51/100] | Loss: 0.6236 (Cls: 0.6146, TAL: 0.0000, Adv: 0.0604) | Train Acc: 0.9978 | Val Acc: 0.1083 | Val P/R/F1 (Macro): 0.0605/0.0703/0.0595 | LR: 0.000001
Epoch [52/100] | Loss: 0.6258 (Cls: 0.6176, TAL: 0.0000, Adv: 0.0547) | Train Acc: 0.9978 | Val Acc: 0.1000 | Val P/R/F1 (Macro): 0.0640/0.0661/0.0609 | LR: 0.000001
Epoch [53/100] | Loss: 0.6265 (Cls: 0.6174, TAL: 0.0000, Adv: 0.0610) | Train Acc: 0.9933 | Val Acc: 0.0833 | Val P/R/F1 (Macro): 0.0680/0.0565/0.0588 | LR: 0.000001
Epoch [54/100] | Loss: 0.6274 (Cls: 0.6185, TAL: 0.0000, Adv: 0.0594) | Train Acc: 0.9955 | Val Acc: 0.0917 | Val P/R/F1 (Macro): 0.0698/0.0613/0.0629 | LR: 0.000001
Epoch [55/100] | Loss: 0.6230 (Cls: 0.6149, TAL: 0.0000, Adv: 0.0539) | Train Acc: 0.9978 | Val Acc: 0.0750 | Val P/R/F1 (Macro): 0.0573/0.0511/0.0510 | LR: 0.000001
Epoch [56/100] | Loss: 0.6178 (Cls: 0.6116, TAL: 0.0000, Adv: 0.0415) | Train Acc: 0.9978 | Val Acc: 0.1000 | Val P/R/F1 (Macro): 0.0713/0.0655/0.0623 | LR: 0.000001
Epoch [57/100] | Loss: 0.6263 (Cls: 0.6192, TAL: 0.0000, Adv: 0.0470) | Train Acc: 0.9978 | Val Acc: 0.1000 | Val P/R/F1 (Macro): 0.0693/0.0661/0.0633 | LR: 0.000001
Epoch [58/100] | Loss: 0.6235 (Cls: 0.6149, TAL: 0.0000, Adv: 0.0571) | Train Acc: 0.9978 | Val Acc: 0.1167 | Val P/R/F1 (Macro): 0.0827/0.0889/0.0802 | LR: 0.000001
Epoch [59/100] | Loss: 0.6179 (Cls: 0.6119, TAL: 0.0000, Adv: 0.0398) | Train Acc: 0.9978 | Val Acc: 0.0750 | Val P/R/F1 (Macro): 0.0620/0.0511/0.0525 | LR: 0.000001
Epoch [60/100] | Loss: 0.6217 (Cls: 0.6142, TAL: 0.0000, Adv: 0.0499) | Train Acc: 1.0000 | Val Acc: 0.1083 | Val P/R/F1 (Macro): 0.1005/0.0757/0.0762 | LR: 0.000001
Epoch [61/100] | Loss: 0.6179 (Cls: 0.6097, TAL: 0.0000, Adv: 0.0549) | Train Acc: 1.0000 | Val Acc: 0.1083 | Val P/R/F1 (Macro): 0.0858/0.0775/0.0746 | LR: 0.000001
Epoch [62/100] | Loss: 0.6116 (Cls: 0.6071, TAL: 0.0000, Adv: 0.0303) | Train Acc: 1.0000 | Val Acc: 0.1083 | Val P/R/F1 (Macro): 0.1175/0.0692/0.0717 | LR: 0.000001
Epoch [63/100] | Loss: 0.6100 (Cls: 0.6054, TAL: 0.0000, Adv: 0.0312) | Train Acc: 0.9978 | Val Acc: 0.1000 | Val P/R/F1 (Macro): 0.0787/0.0661/0.0678 | LR: 0.000001
Epoch [64/100] | Loss: 0.6162 (Cls: 0.6100, TAL: 0.0000, Adv: 0.0413) | Train Acc: 1.0000 | Val Acc: 0.0917 | Val P/R/F1 (Macro): 0.0924/0.0589/0.0595 | LR: 0.000001
Epoch [65/100] | Loss: 0.6084 (Cls: 0.6013, TAL: 0.0000, Adv: 0.0469) | Train Acc: 1.0000 | Val Acc: 0.1083 | Val P/R/F1 (Macro): 0.0743/0.0709/0.0683 | LR: 0.000001
Epoch [66/100] | Loss: 0.6185 (Cls: 0.6142, TAL: 0.0000, Adv: 0.0285) | Train Acc: 0.9955 | Val Acc: 0.0917 | Val P/R/F1 (Macro): 0.0687/0.0607/0.0589 | LR: 0.000001
Epoch [67/100] | Loss: 0.6176 (Cls: 0.6127, TAL: 0.0000, Adv: 0.0329) | Train Acc: 0.9978 | Val Acc: 0.1000 | Val P/R/F1 (Macro): 0.1106/0.0644/0.0670 | LR: 0.000001
Epoch [68/100] | Loss: 0.6146 (Cls: 0.6105, TAL: 0.0000, Adv: 0.0274) | Train Acc: 1.0000 | Val Acc: 0.1000 | Val P/R/F1 (Macro): 0.1271/0.0637/0.0619 | LR: 0.000001
Epoch [69/100] | Loss: 0.6159 (Cls: 0.6075, TAL: 0.0000, Adv: 0.0563) | Train Acc: 1.0000 | Val Acc: 0.0917 | Val P/R/F1 (Macro): 0.0653/0.0607/0.0584 | LR: 0.000001
Epoch [70/100] | Loss: 0.6181 (Cls: 0.6115, TAL: 0.0000, Adv: 0.0438) | Train Acc: 0.9955 | Val Acc: 0.0917 | Val P/R/F1 (Macro): 0.0682/0.0607/0.0585 | LR: 0.000001
Epoch [71/100] | Loss: 0.6164 (Cls: 0.6108, TAL: 0.0000, Adv: 0.0376) | Train Acc: 0.9978 | Val Acc: 0.1000 | Val P/R/F1 (Macro): 0.1062/0.0644/0.0691 | LR: 0.000001
Epoch [72/100] | Loss: 0.6119 (Cls: 0.6083, TAL: 0.0000, Adv: 0.0244) | Train Acc: 0.9978 | Val Acc: 0.1000 | Val P/R/F1 (Macro): 0.0985/0.0637/0.0651 | LR: 0.000001
Epoch [73/100] | Loss: 0.6065 (Cls: 0.6030, TAL: 0.0000, Adv: 0.0233) | Train Acc: 1.0000 | Val Acc: 0.0917 | Val P/R/F1 (Macro): 0.0661/0.0607/0.0590 | LR: 0.000001
Epoch [74/100] | Loss: 0.6128 (Cls: 0.6067, TAL: 0.0000, Adv: 0.0405) | Train Acc: 0.9978 | Val Acc: 0.0833 | Val P/R/F1 (Macro): 0.0621/0.0559/0.0545 | LR: 0.000001
Epoch [75/100] | Loss: 0.6104 (Cls: 0.6026, TAL: 0.0000, Adv: 0.0515) | Train Acc: 1.0000 | Val Acc: 0.0833 | Val P/R/F1 (Macro): 0.0682/0.0559/0.0567 | LR: 0.000001
Epoch [76/100] | Loss: 0.6150 (Cls: 0.6065, TAL: 0.0000, Adv: 0.0563) | Train Acc: 0.9978 | Val Acc: 0.0917 | Val P/R/F1 (Macro): 0.0687/0.0607/0.0589 | LR: 0.000001
Epoch [77/100] | Loss: 0.6189 (Cls: 0.6121, TAL: 0.0000, Adv: 0.0455) | Train Acc: 0.9978 | Val Acc: 0.0917 | Val P/R/F1 (Macro): 0.0716/0.0613/0.0629 | LR: 0.000001
Epoch [78/100] | Loss: 0.6164 (Cls: 0.6062, TAL: 0.0000, Adv: 0.0678) | Train Acc: 0.9978 | Val Acc: 0.0833 | Val P/R/F1 (Macro): 0.0635/0.0559/0.0554 | LR: 0.000001
Epoch [79/100] | Loss: 0.6215 (Cls: 0.6067, TAL: 0.0000, Adv: 0.0987) | Train Acc: 1.0000 | Val Acc: 0.0917 | Val P/R/F1 (Macro): 0.0661/0.0607/0.0590 | LR: 0.000001
Epoch [80/100] | Loss: 0.6174 (Cls: 0.6138, TAL: 0.0000, Adv: 0.0239) | Train Acc: 0.9955 | Val Acc: 0.1000 | Val P/R/F1 (Macro): 0.1265/0.0637/0.0646 | LR: 0.000001
Epoch [81/100] | Loss: 0.6093 (Cls: 0.6057, TAL: 0.0000, Adv: 0.0235) | Train Acc: 0.9978 | Val Acc: 0.0833 | Val P/R/F1 (Macro): 0.0653/0.0559/0.0549 | LR: 0.000001
Epoch [82/100] | Loss: 0.6134 (Cls: 0.6099, TAL: 0.0000, Adv: 0.0231) | Train Acc: 1.0000 | Val Acc: 0.0833 | Val P/R/F1 (Macro): 0.0635/0.0559/0.0554 | LR: 0.000001
Epoch [83/100] | Loss: 0.6179 (Cls: 0.6135, TAL: 0.0000, Adv: 0.0296) | Train Acc: 0.9955 | Val Acc: 0.0917 | Val P/R/F1 (Macro): 0.0619/0.0607/0.0576 | LR: 0.000001
Epoch [84/100] | Loss: 0.6054 (Cls: 0.6035, TAL: 0.0000, Adv: 0.0131) | Train Acc: 1.0000 | Val Acc: 0.1000 | Val P/R/F1 (Macro): 0.0775/0.0655/0.0637 | LR: 0.000001
Epoch [85/100] | Loss: 0.6136 (Cls: 0.6116, TAL: 0.0000, Adv: 0.0139) | Train Acc: 0.9911 | Val Acc: 0.1000 | Val P/R/F1 (Macro): 0.1360/0.0644/0.0685 | LR: 0.000001
Epoch [86/100] | Loss: 0.6102 (Cls: 0.6084, TAL: 0.0000, Adv: 0.0119) | Train Acc: 1.0000 | Val Acc: 0.0917 | Val P/R/F1 (Macro): 0.0653/0.0607/0.0584 | LR: 0.000001
Epoch [87/100] | Loss: 0.6179 (Cls: 0.6134, TAL: 0.0000, Adv: 0.0299) | Train Acc: 0.9978 | Val Acc: 0.1083 | Val P/R/F1 (Macro): 0.0781/0.0716/0.0706 | LR: 0.000001
Epoch [88/100] | Loss: 0.6092 (Cls: 0.6019, TAL: 0.0000, Adv: 0.0487) | Train Acc: 1.0000 | Val Acc: 0.0917 | Val P/R/F1 (Macro): 0.0637/0.0607/0.0574 | LR: 0.000001
Epoch [89/100] | Loss: 0.6132 (Cls: 0.6093, TAL: 0.0000, Adv: 0.0263) | Train Acc: 0.9955 | Val Acc: 0.0917 | Val P/R/F1 (Macro): 0.0682/0.0607/0.0585 | LR: 0.000001
Epoch [90/100] | Loss: 0.6136 (Cls: 0.6105, TAL: 0.0000, Adv: 0.0203) | Train Acc: 0.9978 | Val Acc: 0.1000 | Val P/R/F1 (Macro): 0.0723/0.0661/0.0637 | LR: 0.000001
Epoch [91/100] | Loss: 0.6109 (Cls: 0.6081, TAL: 0.0000, Adv: 0.0192) | Train Acc: 1.0000 | Val Acc: 0.0917 | Val P/R/F1 (Macro): 0.0637/0.0607/0.0574 | LR: 0.000001
Epoch [92/100] | Loss: 0.6093 (Cls: 0.6042, TAL: 0.0000, Adv: 0.0342) | Train Acc: 0.9978 | Val Acc: 0.0667 | Val P/R/F1 (Macro): 0.0585/0.0463/0.0469 | LR: 0.000001
Epoch [93/100] | Loss: 0.6104 (Cls: 0.6037, TAL: 0.0000, Adv: 0.0441) | Train Acc: 0.9978 | Val Acc: 0.1083 | Val P/R/F1 (Macro): 0.1148/0.0692/0.0715 | LR: 0.000001
Epoch [94/100] | Loss: 0.6111 (Cls: 0.6044, TAL: 0.0000, Adv: 0.0450) | Train Acc: 0.9955 | Val Acc: 0.0750 | Val P/R/F1 (Macro): 0.0549/0.0505/0.0474 | LR: 0.000001
Epoch [95/100] | Loss: 0.6065 (Cls: 0.6026, TAL: 0.0000, Adv: 0.0263) | Train Acc: 1.0000 | Val Acc: 0.0917 | Val P/R/F1 (Macro): 0.0690/0.0607/0.0591 | LR: 0.000001
Epoch [96/100] | Loss: 0.6154 (Cls: 0.6098, TAL: 0.0000, Adv: 0.0370) | Train Acc: 0.9978 | Val Acc: 0.0917 | Val P/R/F1 (Macro): 0.0623/0.0607/0.0564 | LR: 0.000001
Epoch [97/100] | Loss: 0.6090 (Cls: 0.6059, TAL: 0.0000, Adv: 0.0212) | Train Acc: 1.0000 | Val Acc: 0.1000 | Val P/R/F1 (Macro): 0.0655/0.0655/0.0601 | LR: 0.000001
Epoch [98/100] | Loss: 0.6210 (Cls: 0.6171, TAL: 0.0000, Adv: 0.0264) | Train Acc: 0.9978 | Val Acc: 0.0750 | Val P/R/F1 (Macro): 0.0535/0.0445/0.0448 | LR: 0.000001
Epoch [99/100] | Loss: 0.6105 (Cls: 0.6066, TAL: 0.0000, Adv: 0.0256) | Train Acc: 1.0000 | Val Acc: 0.0917 | Val P/R/F1 (Macro): 0.0804/0.0613/0.0651 | LR: 0.000001
Epoch [100/100] | Loss: 0.6078 (Cls: 0.6054, TAL: 0.0000, Adv: 0.0163) | Train Acc: 0.9978 | Val Acc: 0.1000 | Val P/R/F1 (Macro): 0.0757/0.0661/0.0659 | LR: 0.000001

迭代 1 最佳指标:
  Accuracy: 0.1667
  Precision (Macro): 0.0800
  Recall (Macro): 0.0968
  F1 (Macro): 0.0636
  Precision (Micro): 0.1667
  Recall (Micro): 0.1667
  F1 (Micro): 0.1667
  Val class coverage: 8/14 (0.5714), samples=120

================================================================================
迭代 2/5
随机种子: 43
================================================================================
Training mode: unsupervised target adaptation (target labels ignored in training).
Feature fusion: Channel concatenation (512+512); fused_dim=1024
Domain adaptation: standard source-target adversarial training, no generator
Loss weights: tensor=0.00, adv=0.15
Epoch [1/100] | Loss: 2.5195 (Cls: 2.4042, TAL: 0.0000, Adv: 0.7683) | Train Acc: 0.2679 | Val Acc: 0.2167 | Val P/R/F1 (Macro): 0.0271/0.1250/0.0445 | LR: 0.000010
  >>> New Best Val Acc: 0.2167
Epoch [2/100] | Loss: 1.8685 (Cls: 1.7604, TAL: 0.0000, Adv: 0.7204) | Train Acc: 0.5201 | Val Acc: 0.0167 | Val P/R/F1 (Macro): 0.0270/0.0162/0.0199 | LR: 0.000010
Epoch [3/100] | Loss: 1.4834 (Cls: 1.3794, TAL: 0.0000, Adv: 0.6937) | Train Acc: 0.6674 | Val Acc: 0.1583 | Val P/R/F1 (Macro): 0.1535/0.0920/0.0533 | LR: 0.000010
Epoch [4/100] | Loss: 1.2350 (Cls: 1.1322, TAL: 0.0000, Adv: 0.6855) | Train Acc: 0.7924 | Val Acc: 0.0417 | Val P/R/F1 (Macro): 0.1429/0.0247/0.0289 | LR: 0.000010
Epoch [5/100] | Loss: 1.1549 (Cls: 1.0557, TAL: 0.0000, Adv: 0.6611) | Train Acc: 0.8192 | Val Acc: 0.2167 | Val P/R/F1 (Macro): 0.1139/0.1275/0.0819 | LR: 0.000010
Epoch [6/100] | Loss: 1.0399 (Cls: 0.9508, TAL: 0.0000, Adv: 0.5942) | Train Acc: 0.8594 | Val Acc: 0.0750 | Val P/R/F1 (Macro): 0.1674/0.0630/0.0701 | LR: 0.000010
Epoch [7/100] | Loss: 1.0570 (Cls: 0.9687, TAL: 0.0000, Adv: 0.5891) | Train Acc: 0.8504 | Val Acc: 0.0917 | Val P/R/F1 (Macro): 0.1486/0.0535/0.0421 | LR: 0.000010
Epoch [8/100] | Loss: 0.9849 (Cls: 0.9091, TAL: 0.0000, Adv: 0.5051) | Train Acc: 0.8839 | Val Acc: 0.0500 | Val P/R/F1 (Macro): 0.2009/0.0260/0.0354 | LR: 0.000010
Epoch [9/100] | Loss: 0.9037 (Cls: 0.8346, TAL: 0.0000, Adv: 0.4603) | Train Acc: 0.9330 | Val Acc: 0.0500 | Val P/R/F1 (Macro): 0.1964/0.0551/0.0475 | LR: 0.000010
Epoch [10/100] | Loss: 0.8783 (Cls: 0.8190, TAL: 0.0000, Adv: 0.3949) | Train Acc: 0.9263 | Val Acc: 0.0333 | Val P/R/F1 (Macro): 0.0506/0.0264/0.0331 | LR: 0.000010
Epoch [11/100] | Loss: 0.8433 (Cls: 0.7951, TAL: 0.0000, Adv: 0.3211) | Train Acc: 0.9353 | Val Acc: 0.0667 | Val P/R/F1 (Macro): 0.1201/0.0380/0.0520 | LR: 0.000010
Epoch [12/100] | Loss: 0.8208 (Cls: 0.7807, TAL: 0.0000, Adv: 0.2672) | Train Acc: 0.9442 | Val Acc: 0.1083 | Val P/R/F1 (Macro): 0.0906/0.0833/0.0690 | LR: 0.000005
Epoch [13/100] | Loss: 0.7895 (Cls: 0.7519, TAL: 0.0000, Adv: 0.2507) | Train Acc: 0.9621 | Val Acc: 0.0500 | Val P/R/F1 (Macro): 0.1911/0.0545/0.0739 | LR: 0.000005
Epoch [14/100] | Loss: 0.7847 (Cls: 0.7454, TAL: 0.0000, Adv: 0.2621) | Train Acc: 0.9710 | Val Acc: 0.0750 | Val P/R/F1 (Macro): 0.1372/0.0636/0.0753 | LR: 0.000005
Epoch [15/100] | Loss: 0.7475 (Cls: 0.7065, TAL: 0.0000, Adv: 0.2732) | Train Acc: 0.9754 | Val Acc: 0.0833 | Val P/R/F1 (Macro): 0.1216/0.0897/0.0945 | LR: 0.000005
Epoch [16/100] | Loss: 0.7433 (Cls: 0.7103, TAL: 0.0000, Adv: 0.2201) | Train Acc: 0.9665 | Val Acc: 0.1167 | Val P/R/F1 (Macro): 0.2050/0.1115/0.1105 | LR: 0.000005
Epoch [17/100] | Loss: 0.7238 (Cls: 0.6996, TAL: 0.0000, Adv: 0.1618) | Train Acc: 0.9732 | Val Acc: 0.0500 | Val P/R/F1 (Macro): 0.1417/0.0301/0.0379 | LR: 0.000005
Epoch [18/100] | Loss: 0.7109 (Cls: 0.6927, TAL: 0.0000, Adv: 0.1212) | Train Acc: 0.9799 | Val Acc: 0.0667 | Val P/R/F1 (Macro): 0.0692/0.0403/0.0439 | LR: 0.000005
Epoch [19/100] | Loss: 0.7198 (Cls: 0.6976, TAL: 0.0000, Adv: 0.1483) | Train Acc: 0.9777 | Val Acc: 0.0417 | Val P/R/F1 (Macro): 0.0817/0.0247/0.0292 | LR: 0.000005
Epoch [20/100] | Loss: 0.7044 (Cls: 0.6773, TAL: 0.0000, Adv: 0.1811) | Train Acc: 0.9866 | Val Acc: 0.0583 | Val P/R/F1 (Macro): 0.1930/0.0557/0.0811 | LR: 0.000005
Epoch [21/100] | Loss: 0.7131 (Cls: 0.6864, TAL: 0.0000, Adv: 0.1777) | Train Acc: 0.9844 | Val Acc: 0.0500 | Val P/R/F1 (Macro): 0.0565/0.0699/0.0433 | LR: 0.000005
Epoch [22/100] | Loss: 0.7143 (Cls: 0.6911, TAL: 0.0000, Adv: 0.1547) | Train Acc: 0.9777 | Val Acc: 0.0417 | Val P/R/F1 (Macro): 0.1736/0.0716/0.0567 | LR: 0.000005
Epoch [23/100] | Loss: 0.7112 (Cls: 0.6922, TAL: 0.0000, Adv: 0.1268) | Train Acc: 0.9754 | Val Acc: 0.0500 | Val P/R/F1 (Macro): 0.1811/0.0699/0.0703 | LR: 0.000003
Epoch [24/100] | Loss: 0.6915 (Cls: 0.6711, TAL: 0.0000, Adv: 0.1362) | Train Acc: 0.9844 | Val Acc: 0.0667 | Val P/R/F1 (Macro): 0.2029/0.0658/0.0764 | LR: 0.000003
Epoch [25/100] | Loss: 0.7285 (Cls: 0.6848, TAL: 0.0000, Adv: 0.2912) | Train Acc: 0.9754 | Val Acc: 0.0667 | Val P/R/F1 (Macro): 0.1564/0.0558/0.0700 | LR: 0.000003
Epoch [26/100] | Loss: 0.6893 (Cls: 0.6707, TAL: 0.0000, Adv: 0.1237) | Train Acc: 0.9844 | Val Acc: 0.0667 | Val P/R/F1 (Macro): 0.0797/0.0860/0.0704 | LR: 0.000003
Epoch [27/100] | Loss: 0.6844 (Cls: 0.6667, TAL: 0.0000, Adv: 0.1180) | Train Acc: 0.9866 | Val Acc: 0.0750 | Val P/R/F1 (Macro): 0.1617/0.0891/0.0973 | LR: 0.000003
Epoch [28/100] | Loss: 0.6709 (Cls: 0.6579, TAL: 0.0000, Adv: 0.0864) | Train Acc: 0.9911 | Val Acc: 0.0583 | Val P/R/F1 (Macro): 0.1448/0.0610/0.0802 | LR: 0.000003
Epoch [29/100] | Loss: 0.6784 (Cls: 0.6627, TAL: 0.0000, Adv: 0.1047) | Train Acc: 0.9844 | Val Acc: 0.0750 | Val P/R/F1 (Macro): 0.1031/0.0713/0.0737 | LR: 0.000003
Epoch [30/100] | Loss: 0.6632 (Cls: 0.6526, TAL: 0.0000, Adv: 0.0707) | Train Acc: 0.9888 | Val Acc: 0.0583 | Val P/R/F1 (Macro): 0.1250/0.0747/0.0755 | LR: 0.000003
Epoch [31/100] | Loss: 0.6652 (Cls: 0.6529, TAL: 0.0000, Adv: 0.0826) | Train Acc: 0.9955 | Val Acc: 0.0750 | Val P/R/F1 (Macro): 0.1675/0.0612/0.0673 | LR: 0.000003
Epoch [32/100] | Loss: 0.6776 (Cls: 0.6648, TAL: 0.0000, Adv: 0.0853) | Train Acc: 0.9821 | Val Acc: 0.0750 | Val P/R/F1 (Macro): 0.2044/0.0825/0.0769 | LR: 0.000003
Epoch [33/100] | Loss: 0.6680 (Cls: 0.6524, TAL: 0.0000, Adv: 0.1043) | Train Acc: 0.9911 | Val Acc: 0.0750 | Val P/R/F1 (Macro): 0.1037/0.0921/0.0877 | LR: 0.000003
Epoch [34/100] | Loss: 0.6638 (Cls: 0.6537, TAL: 0.0000, Adv: 0.0676) | Train Acc: 0.9844 | Val Acc: 0.0583 | Val P/R/F1 (Macro): 0.2009/0.0391/0.0479 | LR: 0.000001
Epoch [35/100] | Loss: 0.6510 (Cls: 0.6351, TAL: 0.0000, Adv: 0.1060) | Train Acc: 0.9933 | Val Acc: 0.0750 | Val P/R/F1 (Macro): 0.1847/0.0695/0.0818 | LR: 0.000001
Epoch [36/100] | Loss: 0.6517 (Cls: 0.6394, TAL: 0.0000, Adv: 0.0822) | Train Acc: 0.9866 | Val Acc: 0.0917 | Val P/R/F1 (Macro): 0.2068/0.0976/0.1093 | LR: 0.000001
Epoch [37/100] | Loss: 0.6505 (Cls: 0.6393, TAL: 0.0000, Adv: 0.0743) | Train Acc: 0.9978 | Val Acc: 0.0750 | Val P/R/F1 (Macro): 0.2133/0.0695/0.0760 | LR: 0.000001
Epoch [38/100] | Loss: 0.6655 (Cls: 0.6528, TAL: 0.0000, Adv: 0.0849) | Train Acc: 0.9933 | Val Acc: 0.0750 | Val P/R/F1 (Macro): 0.2042/0.0493/0.0557 | LR: 0.000001
Epoch [39/100] | Loss: 0.6514 (Cls: 0.6406, TAL: 0.0000, Adv: 0.0721) | Train Acc: 0.9933 | Val Acc: 0.0833 | Val P/R/F1 (Macro): 0.2210/0.0524/0.0638 | LR: 0.000001
Epoch [40/100] | Loss: 0.6586 (Cls: 0.6489, TAL: 0.0000, Adv: 0.0650) | Train Acc: 0.9955 | Val Acc: 0.0500 | Val P/R/F1 (Macro): 0.0809/0.0295/0.0308 | LR: 0.000001
Epoch [41/100] | Loss: 0.6511 (Cls: 0.6420, TAL: 0.0000, Adv: 0.0608) | Train Acc: 0.9955 | Val Acc: 0.0833 | Val P/R/F1 (Macro): 0.1989/0.0749/0.0904 | LR: 0.000001
Epoch [42/100] | Loss: 0.6371 (Cls: 0.6309, TAL: 0.0000, Adv: 0.0410) | Train Acc: 0.9978 | Val Acc: 0.0833 | Val P/R/F1 (Macro): 0.2118/0.0530/0.0716 | LR: 0.000001
Epoch [43/100] | Loss: 0.6478 (Cls: 0.6414, TAL: 0.0000, Adv: 0.0425) | Train Acc: 0.9911 | Val Acc: 0.0750 | Val P/R/F1 (Macro): 0.1238/0.0499/0.0602 | LR: 0.000001
Epoch [44/100] | Loss: 0.6355 (Cls: 0.6291, TAL: 0.0000, Adv: 0.0425) | Train Acc: 0.9978 | Val Acc: 0.0583 | Val P/R/F1 (Macro): 0.0756/0.0415/0.0493 | LR: 0.000001
Epoch [45/100] | Loss: 0.6324 (Cls: 0.6274, TAL: 0.0000, Adv: 0.0330) | Train Acc: 0.9978 | Val Acc: 0.0917 | Val P/R/F1 (Macro): 0.1851/0.0560/0.0752 | LR: 0.000001
Epoch [46/100] | Loss: 0.6544 (Cls: 0.6470, TAL: 0.0000, Adv: 0.0497) | Train Acc: 0.9888 | Val Acc: 0.0833 | Val P/R/F1 (Macro): 0.2060/0.0506/0.0707 | LR: 0.000001
Epoch [47/100] | Loss: 0.6509 (Cls: 0.6454, TAL: 0.0000, Adv: 0.0368) | Train Acc: 0.9955 | Val Acc: 0.0833 | Val P/R/F1 (Macro): 0.1591/0.0945/0.0962 | LR: 0.000001
Epoch [48/100] | Loss: 0.6396 (Cls: 0.6328, TAL: 0.0000, Adv: 0.0452) | Train Acc: 0.9933 | Val Acc: 0.0750 | Val P/R/F1 (Macro): 0.1641/0.0476/0.0593 | LR: 0.000001
Epoch [49/100] | Loss: 0.6358 (Cls: 0.6312, TAL: 0.0000, Adv: 0.0308) | Train Acc: 0.9978 | Val Acc: 0.0750 | Val P/R/F1 (Macro): 0.1518/0.0499/0.0645 | LR: 0.000001
Epoch [50/100] | Loss: 0.6324 (Cls: 0.6252, TAL: 0.0000, Adv: 0.0486) | Train Acc: 1.0000 | Val Acc: 0.1167 | Val P/R/F1 (Macro): 0.2142/0.0895/0.1054 | LR: 0.000001
Epoch [51/100] | Loss: 0.6458 (Cls: 0.6396, TAL: 0.0000, Adv: 0.0415) | Train Acc: 0.9955 | Val Acc: 0.0833 | Val P/R/F1 (Macro): 0.1736/0.0726/0.0795 | LR: 0.000001
Epoch [52/100] | Loss: 0.6415 (Cls: 0.6362, TAL: 0.0000, Adv: 0.0353) | Train Acc: 0.9955 | Val Acc: 0.0667 | Val P/R/F1 (Macro): 0.0942/0.0665/0.0655 | LR: 0.000001
Epoch [53/100] | Loss: 0.6291 (Cls: 0.6249, TAL: 0.0000, Adv: 0.0280) | Train Acc: 0.9978 | Val Acc: 0.0667 | Val P/R/F1 (Macro): 0.1186/0.0445/0.0570 | LR: 0.000001
Epoch [54/100] | Loss: 0.6416 (Cls: 0.6352, TAL: 0.0000, Adv: 0.0425) | Train Acc: 0.9911 | Val Acc: 0.0750 | Val P/R/F1 (Macro): 0.1832/0.0476/0.0634 | LR: 0.000001
Epoch [55/100] | Loss: 0.6398 (Cls: 0.6335, TAL: 0.0000, Adv: 0.0423) | Train Acc: 1.0000 | Val Acc: 0.0750 | Val P/R/F1 (Macro): 0.1573/0.0476/0.0596 | LR: 0.000001
Epoch [56/100] | Loss: 0.6304 (Cls: 0.6240, TAL: 0.0000, Adv: 0.0430) | Train Acc: 0.9978 | Val Acc: 0.0750 | Val P/R/F1 (Macro): 0.2181/0.0476/0.0605 | LR: 0.000001
Epoch [57/100] | Loss: 0.6332 (Cls: 0.6250, TAL: 0.0000, Adv: 0.0550) | Train Acc: 0.9978 | Val Acc: 0.0750 | Val P/R/F1 (Macro): 0.1498/0.0695/0.0720 | LR: 0.000001
Epoch [58/100] | Loss: 0.6354 (Cls: 0.6300, TAL: 0.0000, Adv: 0.0358) | Train Acc: 1.0000 | Val Acc: 0.0833 | Val P/R/F1 (Macro): 0.1949/0.0506/0.0691 | LR: 0.000001
Epoch [59/100] | Loss: 0.6343 (Cls: 0.6294, TAL: 0.0000, Adv: 0.0326) | Train Acc: 1.0000 | Val Acc: 0.0833 | Val P/R/F1 (Macro): 0.1728/0.0506/0.0675 | LR: 0.000001
Epoch [60/100] | Loss: 0.6206 (Cls: 0.6161, TAL: 0.0000, Adv: 0.0301) | Train Acc: 1.0000 | Val Acc: 0.0833 | Val P/R/F1 (Macro): 0.1683/0.0506/0.0652 | LR: 0.000001
Epoch [61/100] | Loss: 0.6325 (Cls: 0.6281, TAL: 0.0000, Adv: 0.0291) | Train Acc: 0.9955 | Val Acc: 0.0667 | Val P/R/F1 (Macro): 0.0991/0.0665/0.0736 | LR: 0.000001
Epoch [62/100] | Loss: 0.6338 (Cls: 0.6281, TAL: 0.0000, Adv: 0.0375) | Train Acc: 0.9978 | Val Acc: 0.0750 | Val P/R/F1 (Macro): 0.2304/0.0499/0.0632 | LR: 0.000001
Epoch [63/100] | Loss: 0.6446 (Cls: 0.6358, TAL: 0.0000, Adv: 0.0592) | Train Acc: 0.9955 | Val Acc: 0.0750 | Val P/R/F1 (Macro): 0.1574/0.0476/0.0610 | LR: 0.000001
Epoch [64/100] | Loss: 0.6470 (Cls: 0.6388, TAL: 0.0000, Adv: 0.0550) | Train Acc: 0.9933 | Val Acc: 0.0917 | Val P/R/F1 (Macro): 0.1796/0.0560/0.0727 | LR: 0.000001
Epoch [65/100] | Loss: 0.6402 (Cls: 0.6347, TAL: 0.0000, Adv: 0.0370) | Train Acc: 0.9911 | Val Acc: 0.0750 | Val P/R/F1 (Macro): 0.1071/0.0719/0.0786 | LR: 0.000001
Epoch [66/100] | Loss: 0.6327 (Cls: 0.6299, TAL: 0.0000, Adv: 0.0189) | Train Acc: 0.9955 | Val Acc: 0.0750 | Val P/R/F1 (Macro): 0.1449/0.0476/0.0603 | LR: 0.000001
Epoch [67/100] | Loss: 0.6267 (Cls: 0.6228, TAL: 0.0000, Adv: 0.0258) | Train Acc: 0.9978 | Val Acc: 0.0750 | Val P/R/F1 (Macro): 0.1542/0.0476/0.0585 | LR: 0.000001
Epoch [68/100] | Loss: 0.6318 (Cls: 0.6267, TAL: 0.0000, Adv: 0.0338) | Train Acc: 0.9911 | Val Acc: 0.0750 | Val P/R/F1 (Macro): 0.1450/0.0476/0.0605 | LR: 0.000001
Epoch [69/100] | Loss: 0.6237 (Cls: 0.6187, TAL: 0.0000, Adv: 0.0327) | Train Acc: 0.9978 | Val Acc: 0.0750 | Val P/R/F1 (Macro): 0.1507/0.0695/0.0733 | LR: 0.000001
Epoch [70/100] | Loss: 0.6321 (Cls: 0.6280, TAL: 0.0000, Adv: 0.0277) | Train Acc: 0.9955 | Val Acc: 0.0750 | Val P/R/F1 (Macro): 0.1056/0.0719/0.0779 | LR: 0.000001
Epoch [71/100] | Loss: 0.6319 (Cls: 0.6239, TAL: 0.0000, Adv: 0.0539) | Train Acc: 0.9955 | Val Acc: 0.0833 | Val P/R/F1 (Macro): 0.1918/0.0726/0.0848 | LR: 0.000001
Epoch [72/100] | Loss: 0.6337 (Cls: 0.6273, TAL: 0.0000, Adv: 0.0427) | Train Acc: 1.0000 | Val Acc: 0.0833 | Val P/R/F1 (Macro): 0.1801/0.0506/0.0673 | LR: 0.000001
Epoch [73/100] | Loss: 0.6335 (Cls: 0.6282, TAL: 0.0000, Adv: 0.0354) | Train Acc: 0.9933 | Val Acc: 0.0583 | Val P/R/F1 (Macro): 0.0727/0.0415/0.0480 | LR: 0.000001
Epoch [74/100] | Loss: 0.6360 (Cls: 0.6339, TAL: 0.0000, Adv: 0.0139) | Train Acc: 0.9955 | Val Acc: 0.0667 | Val P/R/F1 (Macro): 0.2106/0.0445/0.0567 | LR: 0.000001
Epoch [75/100] | Loss: 0.6370 (Cls: 0.6340, TAL: 0.0000, Adv: 0.0200) | Train Acc: 0.9955 | Val Acc: 0.0750 | Val P/R/F1 (Macro): 0.2566/0.0695/0.0857 | LR: 0.000001
Epoch [76/100] | Loss: 0.6347 (Cls: 0.6306, TAL: 0.0000, Adv: 0.0276) | Train Acc: 0.9955 | Val Acc: 0.0667 | Val P/R/F1 (Macro): 0.0878/0.0469/0.0573 | LR: 0.000001
Epoch [77/100] | Loss: 0.6239 (Cls: 0.6208, TAL: 0.0000, Adv: 0.0205) | Train Acc: 1.0000 | Val Acc: 0.0750 | Val P/R/F1 (Macro): 0.1489/0.0499/0.0622 | LR: 0.000001
Epoch [78/100] | Loss: 0.6199 (Cls: 0.6168, TAL: 0.0000, Adv: 0.0208) | Train Acc: 1.0000 | Val Acc: 0.0917 | Val P/R/F1 (Macro): 0.1932/0.0780/0.0918 | LR: 0.000001
Epoch [79/100] | Loss: 0.6222 (Cls: 0.6202, TAL: 0.0000, Adv: 0.0136) | Train Acc: 1.0000 | Val Acc: 0.0750 | Val P/R/F1 (Macro): 0.2270/0.0695/0.0767 | LR: 0.000001
Epoch [80/100] | Loss: 0.6338 (Cls: 0.6280, TAL: 0.0000, Adv: 0.0387) | Train Acc: 0.9933 | Val Acc: 0.0750 | Val P/R/F1 (Macro): 0.1769/0.0695/0.0832 | LR: 0.000001
Epoch [81/100] | Loss: 0.6262 (Cls: 0.6230, TAL: 0.0000, Adv: 0.0210) | Train Acc: 0.9955 | Val Acc: 0.0583 | Val P/R/F1 (Macro): 0.0773/0.0415/0.0500 | LR: 0.000001
Epoch [82/100] | Loss: 0.6292 (Cls: 0.6264, TAL: 0.0000, Adv: 0.0186) | Train Acc: 0.9933 | Val Acc: 0.0667 | Val P/R/F1 (Macro): 0.1606/0.0445/0.0571 | LR: 0.000001
Epoch [83/100] | Loss: 0.6309 (Cls: 0.6274, TAL: 0.0000, Adv: 0.0233) | Train Acc: 0.9933 | Val Acc: 0.0750 | Val P/R/F1 (Macro): 0.1707/0.0476/0.0628 | LR: 0.000001
Epoch [84/100] | Loss: 0.6263 (Cls: 0.6239, TAL: 0.0000, Adv: 0.0160) | Train Acc: 0.9955 | Val Acc: 0.0667 | Val P/R/F1 (Macro): 0.2038/0.0445/0.0563 | LR: 0.000001
Epoch [85/100] | Loss: 0.6283 (Cls: 0.6249, TAL: 0.0000, Adv: 0.0228) | Train Acc: 0.9978 | Val Acc: 0.0583 | Val P/R/F1 (Macro): 0.0765/0.0415/0.0496 | LR: 0.000001
Epoch [86/100] | Loss: 0.6226 (Cls: 0.6181, TAL: 0.0000, Adv: 0.0296) | Train Acc: 1.0000 | Val Acc: 0.0750 | Val P/R/F1 (Macro): 0.1729/0.0476/0.0635 | LR: 0.000001
Epoch [87/100] | Loss: 0.6333 (Cls: 0.6304, TAL: 0.0000, Adv: 0.0194) | Train Acc: 0.9955 | Val Acc: 0.0917 | Val P/R/F1 (Macro): 0.1911/0.0560/0.0749 | LR: 0.000001
Epoch [88/100] | Loss: 0.6248 (Cls: 0.6203, TAL: 0.0000, Adv: 0.0300) | Train Acc: 0.9978 | Val Acc: 0.0750 | Val P/R/F1 (Macro): 0.1561/0.0476/0.0593 | LR: 0.000001
Epoch [89/100] | Loss: 0.6243 (Cls: 0.6218, TAL: 0.0000, Adv: 0.0164) | Train Acc: 0.9978 | Val Acc: 0.0917 | Val P/R/F1 (Macro): 0.1910/0.0780/0.0915 | LR: 0.000001
Epoch [90/100] | Loss: 0.6248 (Cls: 0.6210, TAL: 0.0000, Adv: 0.0248) | Train Acc: 0.9955 | Val Acc: 0.0750 | Val P/R/F1 (Macro): 0.1658/0.0476/0.0629 | LR: 0.000001
Epoch [91/100] | Loss: 0.6215 (Cls: 0.6197, TAL: 0.0000, Adv: 0.0122) | Train Acc: 0.9978 | Val Acc: 0.0833 | Val P/R/F1 (Macro): 0.1732/0.0506/0.0672 | LR: 0.000001
Epoch [92/100] | Loss: 0.6248 (Cls: 0.6223, TAL: 0.0000, Adv: 0.0168) | Train Acc: 1.0000 | Val Acc: 0.0750 | Val P/R/F1 (Macro): 0.1597/0.0476/0.0611 | LR: 0.000001
Epoch [93/100] | Loss: 0.6382 (Cls: 0.6346, TAL: 0.0000, Adv: 0.0242) | Train Acc: 0.9911 | Val Acc: 0.0667 | Val P/R/F1 (Macro): 0.1454/0.0445/0.0550 | LR: 0.000001
Epoch [94/100] | Loss: 0.6249 (Cls: 0.6220, TAL: 0.0000, Adv: 0.0197) | Train Acc: 0.9933 | Val Acc: 0.0750 | Val P/R/F1 (Macro): 0.1682/0.0476/0.0616 | LR: 0.000001
Epoch [95/100] | Loss: 0.6240 (Cls: 0.6213, TAL: 0.0000, Adv: 0.0178) | Train Acc: 0.9978 | Val Acc: 0.0833 | Val P/R/F1 (Macro): 0.2417/0.0530/0.0731 | LR: 0.000001
Epoch [96/100] | Loss: 0.6288 (Cls: 0.6245, TAL: 0.0000, Adv: 0.0287) | Train Acc: 0.9978 | Val Acc: 0.0750 | Val P/R/F1 (Macro): 0.1560/0.0476/0.0635 | LR: 0.000001
Epoch [97/100] | Loss: 0.6320 (Cls: 0.6291, TAL: 0.0000, Adv: 0.0193) | Train Acc: 0.9933 | Val Acc: 0.0917 | Val P/R/F1 (Macro): 0.2137/0.0756/0.0955 | LR: 0.000001
Epoch [98/100] | Loss: 0.6267 (Cls: 0.6215, TAL: 0.0000, Adv: 0.0344) | Train Acc: 0.9978 | Val Acc: 0.0750 | Val P/R/F1 (Macro): 0.1589/0.0476/0.0607 | LR: 0.000001
Epoch [99/100] | Loss: 0.6311 (Cls: 0.6269, TAL: 0.0000, Adv: 0.0282) | Train Acc: 0.9955 | Val Acc: 0.0750 | Val P/R/F1 (Macro): 0.2167/0.0476/0.0642 | LR: 0.000001
Epoch [100/100] | Loss: 0.6288 (Cls: 0.6260, TAL: 0.0000, Adv: 0.0186) | Train Acc: 0.9955 | Val Acc: 0.0583 | Val P/R/F1 (Macro): 0.0759/0.0415/0.0496 | LR: 0.000001

迭代 2 最佳指标:
  Accuracy: 0.2167
  Precision (Macro): 0.0271
  Recall (Macro): 0.1250
  F1 (Macro): 0.0445
  Precision (Micro): 0.2167
  Recall (Micro): 0.2167
  F1 (Micro): 0.2167
  Val class coverage: 8/14 (0.5714), samples=120

================================================================================
迭代 3/5
随机种子: 44
================================================================================
Training mode: unsupervised target adaptation (target labels ignored in training).
Feature fusion: Channel concatenation (512+512); fused_dim=1024
Domain adaptation: standard source-target adversarial training, no generator
Loss weights: tensor=0.00, adv=0.15
Epoch [1/100] | Loss: 2.6591 (Cls: 2.5321, TAL: 0.0000, Adv: 0.8470) | Train Acc: 0.2478 | Val Acc: 0.1917 | Val P/R/F1 (Macro): 0.0276/0.1106/0.0442 | LR: 0.000010
  >>> New Best Val Acc: 0.1917
Epoch [2/100] | Loss: 1.8472 (Cls: 1.7334, TAL: 0.0000, Adv: 0.7590) | Train Acc: 0.5000 | Val Acc: 0.0417 | Val P/R/F1 (Macro): 0.0195/0.0240/0.0216 | LR: 0.000010
Epoch [3/100] | Loss: 1.4889 (Cls: 1.3806, TAL: 0.0000, Adv: 0.7222) | Train Acc: 0.6920 | Val Acc: 0.1083 | Val P/R/F1 (Macro): 0.1599/0.0631/0.0539 | LR: 0.000010
Epoch [4/100] | Loss: 1.2603 (Cls: 1.1596, TAL: 0.0000, Adv: 0.6715) | Train Acc: 0.8013 | Val Acc: 0.1250 | Val P/R/F1 (Macro): 0.0639/0.0852/0.0622 | LR: 0.000010
Epoch [5/100] | Loss: 1.1848 (Cls: 1.0892, TAL: 0.0000, Adv: 0.6373) | Train Acc: 0.8080 | Val Acc: 0.0167 | Val P/R/F1 (Macro): 0.0208/0.0096/0.0132 | LR: 0.000010
Epoch [6/100] | Loss: 1.0357 (Cls: 0.9405, TAL: 0.0000, Adv: 0.6343) | Train Acc: 0.8795 | Val Acc: 0.1417 | Val P/R/F1 (Macro): 0.1793/0.0955/0.0735 | LR: 0.000010
Epoch [7/100] | Loss: 1.0070 (Cls: 0.9213, TAL: 0.0000, Adv: 0.5711) | Train Acc: 0.8705 | Val Acc: 0.1583 | Val P/R/F1 (Macro): 0.1177/0.1105/0.0958 | LR: 0.000010
Epoch [8/100] | Loss: 0.9494 (Cls: 0.8706, TAL: 0.0000, Adv: 0.5250) | Train Acc: 0.9018 | Val Acc: 0.0833 | Val P/R/F1 (Macro): 0.1828/0.0559/0.0663 | LR: 0.000010
Epoch [9/100] | Loss: 0.8921 (Cls: 0.8225, TAL: 0.0000, Adv: 0.4645) | Train Acc: 0.9219 | Val Acc: 0.1250 | Val P/R/F1 (Macro): 0.1782/0.0859/0.0707 | LR: 0.000010
Epoch [10/100] | Loss: 0.8617 (Cls: 0.8064, TAL: 0.0000, Adv: 0.3685) | Train Acc: 0.9353 | Val Acc: 0.0583 | Val P/R/F1 (Macro): 0.0481/0.0349/0.0387 | LR: 0.000010
Epoch [11/100] | Loss: 0.9099 (Cls: 0.8564, TAL: 0.0000, Adv: 0.3565) | Train Acc: 0.9129 | Val Acc: 0.0583 | Val P/R/F1 (Macro): 0.0728/0.0408/0.0406 | LR: 0.000010
Epoch [12/100] | Loss: 0.8407 (Cls: 0.7959, TAL: 0.0000, Adv: 0.2986) | Train Acc: 0.9420 | Val Acc: 0.0167 | Val P/R/F1 (Macro): 0.0078/0.0096/0.0086 | LR: 0.000005
Epoch [13/100] | Loss: 0.8227 (Cls: 0.7790, TAL: 0.0000, Adv: 0.2914) | Train Acc: 0.9353 | Val Acc: 0.0917 | Val P/R/F1 (Macro): 0.1440/0.0565/0.0597 | LR: 0.000005
Epoch [14/100] | Loss: 0.7650 (Cls: 0.7338, TAL: 0.0000, Adv: 0.2078) | Train Acc: 0.9598 | Val Acc: 0.0667 | Val P/R/F1 (Macro): 0.1935/0.0558/0.0541 | LR: 0.000005
Epoch [15/100] | Loss: 0.7381 (Cls: 0.7096, TAL: 0.0000, Adv: 0.1898) | Train Acc: 0.9688 | Val Acc: 0.0750 | Val P/R/F1 (Macro): 0.1469/0.0506/0.0635 | LR: 0.000005
Epoch [16/100] | Loss: 0.7509 (Cls: 0.7193, TAL: 0.0000, Adv: 0.2108) | Train Acc: 0.9732 | Val Acc: 0.0583 | Val P/R/F1 (Macro): 0.1200/0.0415/0.0493 | LR: 0.000005
Epoch [17/100] | Loss: 0.7435 (Cls: 0.7183, TAL: 0.0000, Adv: 0.1680) | Train Acc: 0.9554 | Val Acc: 0.0917 | Val P/R/F1 (Macro): 0.1775/0.0524/0.0530 | LR: 0.000005
Epoch [18/100] | Loss: 0.7209 (Cls: 0.6917, TAL: 0.0000, Adv: 0.1949) | Train Acc: 0.9777 | Val Acc: 0.0750 | Val P/R/F1 (Macro): 0.1133/0.0493/0.0570 | LR: 0.000005
Epoch [19/100] | Loss: 0.7590 (Cls: 0.7324, TAL: 0.0000, Adv: 0.1776) | Train Acc: 0.9643 | Val Acc: 0.0583 | Val P/R/F1 (Macro): 0.1095/0.0439/0.0458 | LR: 0.000005
Epoch [20/100] | Loss: 0.7297 (Cls: 0.7099, TAL: 0.0000, Adv: 0.1321) | Train Acc: 0.9754 | Val Acc: 0.0750 | Val P/R/F1 (Macro): 0.0933/0.0505/0.0460 | LR: 0.000005
Epoch [21/100] | Loss: 0.7144 (Cls: 0.6945, TAL: 0.0000, Adv: 0.1328) | Train Acc: 0.9799 | Val Acc: 0.1083 | Val P/R/F1 (Macro): 0.0960/0.1374/0.1001 | LR: 0.000005
Epoch [22/100] | Loss: 0.7091 (Cls: 0.6865, TAL: 0.0000, Adv: 0.1507) | Train Acc: 0.9754 | Val Acc: 0.1083 | Val P/R/F1 (Macro): 0.1333/0.0596/0.0499 | LR: 0.000005
Epoch [23/100] | Loss: 0.6909 (Cls: 0.6715, TAL: 0.0000, Adv: 0.1295) | Train Acc: 0.9888 | Val Acc: 0.0750 | Val P/R/F1 (Macro): 0.1028/0.0499/0.0559 | LR: 0.000003
Epoch [24/100] | Loss: 0.6804 (Cls: 0.6649, TAL: 0.0000, Adv: 0.1033) | Train Acc: 0.9888 | Val Acc: 0.0833 | Val P/R/F1 (Macro): 0.0994/0.0535/0.0530 | LR: 0.000003
Epoch [25/100] | Loss: 0.6739 (Cls: 0.6573, TAL: 0.0000, Adv: 0.1104) | Train Acc: 0.9911 | Val Acc: 0.0583 | Val P/R/F1 (Macro): 0.1312/0.0391/0.0438 | LR: 0.000003
Epoch [26/100] | Loss: 0.6855 (Cls: 0.6717, TAL: 0.0000, Adv: 0.0920) | Train Acc: 0.9799 | Val Acc: 0.0667 | Val P/R/F1 (Macro): 0.0901/0.0439/0.0478 | LR: 0.000003
Epoch [27/100] | Loss: 0.6703 (Cls: 0.6547, TAL: 0.0000, Adv: 0.1040) | Train Acc: 0.9933 | Val Acc: 0.0750 | Val P/R/F1 (Macro): 0.1338/0.0706/0.0756 | LR: 0.000003
Epoch [28/100] | Loss: 0.6690 (Cls: 0.6540, TAL: 0.0000, Adv: 0.0999) | Train Acc: 0.9955 | Val Acc: 0.0750 | Val P/R/F1 (Macro): 0.1285/0.0487/0.0522 | LR: 0.000003
Epoch [29/100] | Loss: 0.6636 (Cls: 0.6526, TAL: 0.0000, Adv: 0.0729) | Train Acc: 0.9888 | Val Acc: 0.1083 | Val P/R/F1 (Macro): 0.1001/0.0679/0.0582 | LR: 0.000003
Epoch [30/100] | Loss: 0.6703 (Cls: 0.6599, TAL: 0.0000, Adv: 0.0694) | Train Acc: 0.9888 | Val Acc: 0.0583 | Val P/R/F1 (Macro): 0.0737/0.0391/0.0434 | LR: 0.000003
Epoch [31/100] | Loss: 0.6596 (Cls: 0.6533, TAL: 0.0000, Adv: 0.0417) | Train Acc: 0.9888 | Val Acc: 0.0750 | Val P/R/F1 (Macro): 0.1170/0.0487/0.0518 | LR: 0.000003
Epoch [32/100] | Loss: 0.6496 (Cls: 0.6389, TAL: 0.0000, Adv: 0.0714) | Train Acc: 0.9933 | Val Acc: 0.0833 | Val P/R/F1 (Macro): 0.0769/0.0553/0.0487 | LR: 0.000003
Epoch [33/100] | Loss: 0.6516 (Cls: 0.6419, TAL: 0.0000, Adv: 0.0646) | Train Acc: 0.9888 | Val Acc: 0.0667 | Val P/R/F1 (Macro): 0.0628/0.0456/0.0430 | LR: 0.000003
Epoch [34/100] | Loss: 0.6731 (Cls: 0.6568, TAL: 0.0000, Adv: 0.1084) | Train Acc: 0.9821 | Val Acc: 0.0417 | Val P/R/F1 (Macro): 0.0802/0.0295/0.0368 | LR: 0.000001
Epoch [35/100] | Loss: 0.6486 (Cls: 0.6404, TAL: 0.0000, Adv: 0.0543) | Train Acc: 0.9911 | Val Acc: 0.0583 | Val P/R/F1 (Macro): 0.0741/0.0408/0.0416 | LR: 0.000001
Epoch [36/100] | Loss: 0.6550 (Cls: 0.6438, TAL: 0.0000, Adv: 0.0746) | Train Acc: 0.9888 | Val Acc: 0.0917 | Val P/R/F1 (Macro): 0.1020/0.0601/0.0527 | LR: 0.000001
Epoch [37/100] | Loss: 0.6602 (Cls: 0.6528, TAL: 0.0000, Adv: 0.0491) | Train Acc: 0.9933 | Val Acc: 0.0917 | Val P/R/F1 (Macro): 0.0786/0.0601/0.0500 | LR: 0.000001
Epoch [38/100] | Loss: 0.6414 (Cls: 0.6360, TAL: 0.0000, Adv: 0.0365) | Train Acc: 0.9933 | Val Acc: 0.0667 | Val P/R/F1 (Macro): 0.0599/0.0391/0.0333 | LR: 0.000001
Epoch [39/100] | Loss: 0.6488 (Cls: 0.6426, TAL: 0.0000, Adv: 0.0416) | Train Acc: 0.9888 | Val Acc: 0.0667 | Val P/R/F1 (Macro): 0.0687/0.0456/0.0412 | LR: 0.000001
Epoch [40/100] | Loss: 0.6449 (Cls: 0.6365, TAL: 0.0000, Adv: 0.0561) | Train Acc: 0.9933 | Val Acc: 0.0583 | Val P/R/F1 (Macro): 0.0747/0.0415/0.0447 | LR: 0.000001
Epoch [41/100] | Loss: 0.6450 (Cls: 0.6320, TAL: 0.0000, Adv: 0.0863) | Train Acc: 0.9978 | Val Acc: 0.0500 | Val P/R/F1 (Macro): 0.0692/0.0277/0.0294 | LR: 0.000001
Epoch [42/100] | Loss: 0.6588 (Cls: 0.6469, TAL: 0.0000, Adv: 0.0793) | Train Acc: 0.9933 | Val Acc: 0.0583 | Val P/R/F1 (Macro): 0.0785/0.0343/0.0305 | LR: 0.000001
Epoch [43/100] | Loss: 0.6553 (Cls: 0.6396, TAL: 0.0000, Adv: 0.1047) | Train Acc: 0.9955 | Val Acc: 0.0750 | Val P/R/F1 (Macro): 0.0790/0.0641/0.0551 | LR: 0.000001
Epoch [44/100] | Loss: 0.6472 (Cls: 0.6365, TAL: 0.0000, Adv: 0.0713) | Train Acc: 1.0000 | Val Acc: 0.0667 | Val P/R/F1 (Macro): 0.0630/0.0391/0.0357 | LR: 0.000001
Epoch [45/100] | Loss: 0.6565 (Cls: 0.6372, TAL: 0.0000, Adv: 0.1287) | Train Acc: 0.9978 | Val Acc: 0.0667 | Val P/R/F1 (Macro): 0.0942/0.0439/0.0479 | LR: 0.000001
Epoch [46/100] | Loss: 0.6429 (Cls: 0.6346, TAL: 0.0000, Adv: 0.0552) | Train Acc: 0.9955 | Val Acc: 0.0667 | Val P/R/F1 (Macro): 0.0778/0.0456/0.0459 | LR: 0.000001
Epoch [47/100] | Loss: 0.6514 (Cls: 0.6443, TAL: 0.0000, Adv: 0.0473) | Train Acc: 0.9911 | Val Acc: 0.0750 | Val P/R/F1 (Macro): 0.0976/0.0505/0.0478 | LR: 0.000001
Epoch [48/100] | Loss: 0.6325 (Cls: 0.6254, TAL: 0.0000, Adv: 0.0471) | Train Acc: 0.9955 | Val Acc: 0.0333 | Val P/R/F1 (Macro): 0.0518/0.0199/0.0215 | LR: 0.000001
Epoch [49/100] | Loss: 0.6318 (Cls: 0.6250, TAL: 0.0000, Adv: 0.0452) | Train Acc: 0.9955 | Val Acc: 0.0667 | Val P/R/F1 (Macro): 0.0679/0.0456/0.0459 | LR: 0.000001
Epoch [50/100] | Loss: 0.6363 (Cls: 0.6291, TAL: 0.0000, Adv: 0.0480) | Train Acc: 0.9978 | Val Acc: 0.0667 | Val P/R/F1 (Macro): 0.0692/0.0522/0.0506 | LR: 0.000001
Epoch [51/100] | Loss: 0.6461 (Cls: 0.6414, TAL: 0.0000, Adv: 0.0315) | Train Acc: 0.9955 | Val Acc: 0.0500 | Val P/R/F1 (Macro): 0.0588/0.0360/0.0371 | LR: 0.000001
Epoch [52/100] | Loss: 0.6383 (Cls: 0.6313, TAL: 0.0000, Adv: 0.0467) | Train Acc: 0.9955 | Val Acc: 0.0583 | Val P/R/F1 (Macro): 0.0889/0.0391/0.0425 | LR: 0.000001
Epoch [53/100] | Loss: 0.6337 (Cls: 0.6249, TAL: 0.0000, Adv: 0.0584) | Train Acc: 1.0000 | Val Acc: 0.0750 | Val P/R/F1 (Macro): 0.0663/0.0505/0.0471 | LR: 0.000001
Epoch [54/100] | Loss: 0.6280 (Cls: 0.6235, TAL: 0.0000, Adv: 0.0297) | Train Acc: 0.9955 | Val Acc: 0.0833 | Val P/R/F1 (Macro): 0.1094/0.0755/0.0753 | LR: 0.000001
Epoch [55/100] | Loss: 0.6553 (Cls: 0.6491, TAL: 0.0000, Adv: 0.0415) | Train Acc: 0.9866 | Val Acc: 0.0583 | Val P/R/F1 (Macro): 0.0587/0.0343/0.0310 | LR: 0.000001
Epoch [56/100] | Loss: 0.6335 (Cls: 0.6293, TAL: 0.0000, Adv: 0.0277) | Train Acc: 0.9955 | Val Acc: 0.0667 | Val P/R/F1 (Macro): 0.0764/0.0658/0.0599 | LR: 0.000001
Epoch [57/100] | Loss: 0.6401 (Cls: 0.6331, TAL: 0.0000, Adv: 0.0465) | Train Acc: 0.9955 | Val Acc: 0.0667 | Val P/R/F1 (Macro): 0.0770/0.0593/0.0522 | LR: 0.000001
Epoch [58/100] | Loss: 0.6408 (Cls: 0.6340, TAL: 0.0000, Adv: 0.0450) | Train Acc: 0.9933 | Val Acc: 0.0833 | Val P/R/F1 (Macro): 0.1022/0.0755/0.0728 | LR: 0.000001
Epoch [59/100] | Loss: 0.6318 (Cls: 0.6268, TAL: 0.0000, Adv: 0.0334) | Train Acc: 0.9978 | Val Acc: 0.0750 | Val P/R/F1 (Macro): 0.0852/0.0706/0.0669 | LR: 0.000001
Epoch [60/100] | Loss: 0.6317 (Cls: 0.6282, TAL: 0.0000, Adv: 0.0235) | Train Acc: 0.9955 | Val Acc: 0.1000 | Val P/R/F1 (Macro): 0.1479/0.1035/0.0978 | LR: 0.000001
Epoch [61/100] | Loss: 0.6346 (Cls: 0.6297, TAL: 0.0000, Adv: 0.0329) | Train Acc: 0.9911 | Val Acc: 0.0917 | Val P/R/F1 (Macro): 0.1240/0.0803/0.0752 | LR: 0.000001
Epoch [62/100] | Loss: 0.6343 (Cls: 0.6267, TAL: 0.0000, Adv: 0.0503) | Train Acc: 0.9933 | Val Acc: 0.0750 | Val P/R/F1 (Macro): 0.0772/0.0641/0.0538 | LR: 0.000001
Epoch [63/100] | Loss: 0.6312 (Cls: 0.6250, TAL: 0.0000, Adv: 0.0413) | Train Acc: 0.9955 | Val Acc: 0.0833 | Val P/R/F1 (Macro): 0.0885/0.0891/0.0696 | LR: 0.000001
Epoch [64/100] | Loss: 0.6305 (Cls: 0.6273, TAL: 0.0000, Adv: 0.0213) | Train Acc: 0.9911 | Val Acc: 0.0750 | Val P/R/F1 (Macro): 0.0781/0.0505/0.0475 | LR: 0.000001
Epoch [65/100] | Loss: 0.6345 (Cls: 0.6302, TAL: 0.0000, Adv: 0.0292) | Train Acc: 0.9911 | Val Acc: 0.0583 | Val P/R/F1 (Macro): 0.0733/0.0408/0.0420 | LR: 0.000001
Epoch [66/100] | Loss: 0.6363 (Cls: 0.6317, TAL: 0.0000, Adv: 0.0305) | Train Acc: 0.9911 | Val Acc: 0.0500 | Val P/R/F1 (Macro): 0.0819/0.0562/0.0536 | LR: 0.000001
Epoch [67/100] | Loss: 0.6225 (Cls: 0.6204, TAL: 0.0000, Adv: 0.0144) | Train Acc: 1.0000 | Val Acc: 0.0917 | Val P/R/F1 (Macro): 0.1304/0.0785/0.0793 | LR: 0.000001
Epoch [68/100] | Loss: 0.6239 (Cls: 0.6200, TAL: 0.0000, Adv: 0.0255) | Train Acc: 1.0000 | Val Acc: 0.0583 | Val P/R/F1 (Macro): 0.0698/0.0408/0.0400 | LR: 0.000001
Epoch [69/100] | Loss: 0.6294 (Cls: 0.6254, TAL: 0.0000, Adv: 0.0264) | Train Acc: 0.9978 | Val Acc: 0.0750 | Val P/R/F1 (Macro): 0.1329/0.0671/0.0765 | LR: 0.000001
Epoch [70/100] | Loss: 0.6503 (Cls: 0.6444, TAL: 0.0000, Adv: 0.0396) | Train Acc: 0.9866 | Val Acc: 0.0667 | Val P/R/F1 (Macro): 0.1005/0.0439/0.0482 | LR: 0.000001
Epoch [71/100] | Loss: 0.6360 (Cls: 0.6332, TAL: 0.0000, Adv: 0.0187) | Train Acc: 0.9955 | Val Acc: 0.0833 | Val P/R/F1 (Macro): 0.0765/0.0553/0.0484 | LR: 0.000001
Epoch [72/100] | Loss: 0.6276 (Cls: 0.6233, TAL: 0.0000, Adv: 0.0292) | Train Acc: 0.9933 | Val Acc: 0.0500 | Val P/R/F1 (Macro): 0.0591/0.0497/0.0434 | LR: 0.000001
Epoch [73/100] | Loss: 0.6216 (Cls: 0.6184, TAL: 0.0000, Adv: 0.0214) | Train Acc: 1.0000 | Val Acc: 0.0500 | Val P/R/F1 (Macro): 0.0643/0.0497/0.0469 | LR: 0.000001
Epoch [74/100] | Loss: 0.6323 (Cls: 0.6291, TAL: 0.0000, Adv: 0.0216) | Train Acc: 0.9911 | Val Acc: 0.0750 | Val P/R/F1 (Macro): 0.0853/0.0641/0.0586 | LR: 0.000001
Epoch [75/100] | Loss: 0.6281 (Cls: 0.6237, TAL: 0.0000, Adv: 0.0289) | Train Acc: 0.9978 | Val Acc: 0.0583 | Val P/R/F1 (Macro): 0.0967/0.0510/0.0494 | LR: 0.000001
Epoch [76/100] | Loss: 0.6315 (Cls: 0.6273, TAL: 0.0000, Adv: 0.0280) | Train Acc: 0.9978 | Val Acc: 0.0667 | Val P/R/F1 (Macro): 0.0911/0.0641/0.0617 | LR: 0.000001
Epoch [77/100] | Loss: 0.6222 (Cls: 0.6183, TAL: 0.0000, Adv: 0.0261) | Train Acc: 0.9978 | Val Acc: 0.0583 | Val P/R/F1 (Macro): 0.0755/0.0545/0.0497 | LR: 0.000001
Epoch [78/100] | Loss: 0.6216 (Cls: 0.6202, TAL: 0.0000, Adv: 0.0094) | Train Acc: 0.9978 | Val Acc: 0.0667 | Val P/R/F1 (Macro): 0.1122/0.0641/0.0693 | LR: 0.000001
Epoch [79/100] | Loss: 0.6163 (Cls: 0.6133, TAL: 0.0000, Adv: 0.0197) | Train Acc: 1.0000 | Val Acc: 0.0583 | Val P/R/F1 (Macro): 0.0829/0.0391/0.0422 | LR: 0.000001
Epoch [80/100] | Loss: 0.6332 (Cls: 0.6301, TAL: 0.0000, Adv: 0.0208) | Train Acc: 0.9888 | Val Acc: 0.0667 | Val P/R/F1 (Macro): 0.1192/0.0641/0.0678 | LR: 0.000001
Epoch [81/100] | Loss: 0.6250 (Cls: 0.6172, TAL: 0.0000, Adv: 0.0520) | Train Acc: 0.9978 | Val Acc: 0.0750 | Val P/R/F1 (Macro): 0.0759/0.0505/0.0467 | LR: 0.000001
Epoch [82/100] | Loss: 0.6333 (Cls: 0.6282, TAL: 0.0000, Adv: 0.0337) | Train Acc: 0.9978 | Val Acc: 0.0833 | Val P/R/F1 (Macro): 0.1094/0.0755/0.0753 | LR: 0.000001
Epoch [83/100] | Loss: 0.6166 (Cls: 0.6141, TAL: 0.0000, Adv: 0.0167) | Train Acc: 1.0000 | Val Acc: 0.0500 | Val P/R/F1 (Macro): 0.0789/0.0497/0.0495 | LR: 0.000001
Epoch [84/100] | Loss: 0.6243 (Cls: 0.6222, TAL: 0.0000, Adv: 0.0141) | Train Acc: 1.0000 | Val Acc: 0.0667 | Val P/R/F1 (Macro): 0.0958/0.0658/0.0658 | LR: 0.000001
Epoch [85/100] | Loss: 0.6298 (Cls: 0.6265, TAL: 0.0000, Adv: 0.0217) | Train Acc: 1.0000 | Val Acc: 0.0750 | Val P/R/F1 (Macro): 0.1052/0.0487/0.0495 | LR: 0.000001
Epoch [86/100] | Loss: 0.6268 (Cls: 0.6195, TAL: 0.0000, Adv: 0.0486) | Train Acc: 1.0000 | Val Acc: 0.0500 | Val P/R/F1 (Macro): 0.0865/0.0562/0.0567 | LR: 0.000001
Epoch [87/100] | Loss: 0.6308 (Cls: 0.6271, TAL: 0.0000, Adv: 0.0248) | Train Acc: 0.9978 | Val Acc: 0.0583 | Val P/R/F1 (Macro): 0.0883/0.0610/0.0595 | LR: 0.000001
Epoch [88/100] | Loss: 0.6254 (Cls: 0.6242, TAL: 0.0000, Adv: 0.0085) | Train Acc: 0.9978 | Val Acc: 0.0750 | Val P/R/F1 (Macro): 0.0905/0.0706/0.0644 | LR: 0.000001
Epoch [89/100] | Loss: 0.6229 (Cls: 0.6171, TAL: 0.0000, Adv: 0.0386) | Train Acc: 1.0000 | Val Acc: 0.0750 | Val P/R/F1 (Macro): 0.1146/0.0689/0.0698 | LR: 0.000001
Epoch [90/100] | Loss: 0.6292 (Cls: 0.6264, TAL: 0.0000, Adv: 0.0185) | Train Acc: 0.9978 | Val Acc: 0.0833 | Val P/R/F1 (Macro): 0.1112/0.0500/0.0570 | LR: 0.000001
Epoch [91/100] | Loss: 0.6187 (Cls: 0.6165, TAL: 0.0000, Adv: 0.0141) | Train Acc: 1.0000 | Val Acc: 0.0583 | Val P/R/F1 (Macro): 0.0802/0.0391/0.0429 | LR: 0.000001
Epoch [92/100] | Loss: 0.6234 (Cls: 0.6213, TAL: 0.0000, Adv: 0.0143) | Train Acc: 0.9978 | Val Acc: 0.0583 | Val P/R/F1 (Macro): 0.0841/0.0610/0.0623 | LR: 0.000001
Epoch [93/100] | Loss: 0.6321 (Cls: 0.6286, TAL: 0.0000, Adv: 0.0235) | Train Acc: 1.0000 | Val Acc: 0.0750 | Val P/R/F1 (Macro): 0.0763/0.0641/0.0532 | LR: 0.000001
Epoch [94/100] | Loss: 0.6331 (Cls: 0.6290, TAL: 0.0000, Adv: 0.0275) | Train Acc: 0.9955 | Val Acc: 0.0833 | Val P/R/F1 (Macro): 0.0954/0.0755/0.0691 | LR: 0.000001
Epoch [95/100] | Loss: 0.6258 (Cls: 0.6231, TAL: 0.0000, Adv: 0.0184) | Train Acc: 1.0000 | Val Acc: 0.0750 | Val P/R/F1 (Macro): 0.1173/0.0689/0.0735 | LR: 0.000001
Epoch [96/100] | Loss: 0.6231 (Cls: 0.6214, TAL: 0.0000, Adv: 0.0115) | Train Acc: 0.9955 | Val Acc: 0.0667 | Val P/R/F1 (Macro): 0.0796/0.0658/0.0608 | LR: 0.000001
Epoch [97/100] | Loss: 0.6278 (Cls: 0.6233, TAL: 0.0000, Adv: 0.0303) | Train Acc: 0.9955 | Val Acc: 0.0583 | Val P/R/F1 (Macro): 0.0698/0.0408/0.0400 | LR: 0.000001
Epoch [98/100] | Loss: 0.6205 (Cls: 0.6179, TAL: 0.0000, Adv: 0.0171) | Train Acc: 0.9978 | Val Acc: 0.0583 | Val P/R/F1 (Macro): 0.0785/0.0610/0.0596 | LR: 0.000001
Epoch [99/100] | Loss: 0.6286 (Cls: 0.6251, TAL: 0.0000, Adv: 0.0232) | Train Acc: 0.9978 | Val Acc: 0.0750 | Val P/R/F1 (Macro): 0.1086/0.0689/0.0657 | LR: 0.000001
Epoch [100/100] | Loss: 0.6355 (Cls: 0.6309, TAL: 0.0000, Adv: 0.0300) | Train Acc: 0.9933 | Val Acc: 0.0667 | Val P/R/F1 (Macro): 0.1049/0.0641/0.0661 | LR: 0.000001

迭代 3 最佳指标:
  Accuracy: 0.1917
  Precision (Macro): 0.0276
  Recall (Macro): 0.1106
  F1 (Macro): 0.0442
  Precision (Micro): 0.1917
  Recall (Micro): 0.1917
  F1 (Micro): 0.1917
  Val class coverage: 8/14 (0.5714), samples=120

================================================================================
迭代 4/5
随机种子: 45
================================================================================
Training mode: unsupervised target adaptation (target labels ignored in training).
Feature fusion: Channel concatenation (512+512); fused_dim=1024
Domain adaptation: standard source-target adversarial training, no generator
Loss weights: tensor=0.00, adv=0.15
Epoch [1/100] | Loss: 2.4682 (Cls: 2.3484, TAL: 0.0000, Adv: 0.7990) | Train Acc: 0.2969 | Val Acc: 0.1000 | Val P/R/F1 (Macro): 0.0259/0.0577/0.0357 | LR: 0.000010
  >>> New Best Val Acc: 0.1000
Epoch [2/100] | Loss: 1.7406 (Cls: 1.6315, TAL: 0.0000, Adv: 0.7274) | Train Acc: 0.5536 | Val Acc: 0.1417 | Val P/R/F1 (Macro): 0.1016/0.0948/0.0840 | LR: 0.000010
  >>> New Best Val Acc: 0.1417
Epoch [3/100] | Loss: 1.4601 (Cls: 1.3519, TAL: 0.0000, Adv: 0.7211) | Train Acc: 0.6942 | Val Acc: 0.0750 | Val P/R/F1 (Macro): 0.0373/0.0564/0.0446 | LR: 0.000010
Epoch [4/100] | Loss: 1.2264 (Cls: 1.1258, TAL: 0.0000, Adv: 0.6703) | Train Acc: 0.8214 | Val Acc: 0.1167 | Val P/R/F1 (Macro): 0.0854/0.0739/0.0747 | LR: 0.000010
Epoch [5/100] | Loss: 1.1544 (Cls: 1.0543, TAL: 0.0000, Adv: 0.6675) | Train Acc: 0.8214 | Val Acc: 0.1167 | Val P/R/F1 (Macro): 0.1792/0.0679/0.0685 | LR: 0.000010
Epoch [6/100] | Loss: 1.0776 (Cls: 0.9843, TAL: 0.0000, Adv: 0.6220) | Train Acc: 0.8482 | Val Acc: 0.0917 | Val P/R/F1 (Macro): 0.1840/0.0666/0.0699 | LR: 0.000010
Epoch [7/100] | Loss: 0.9762 (Cls: 0.8870, TAL: 0.0000, Adv: 0.5945) | Train Acc: 0.8884 | Val Acc: 0.1417 | Val P/R/F1 (Macro): 0.1881/0.1086/0.0866 | LR: 0.000010
Epoch [8/100] | Loss: 0.9318 (Cls: 0.8515, TAL: 0.0000, Adv: 0.5357) | Train Acc: 0.9129 | Val Acc: 0.0833 | Val P/R/F1 (Macro): 0.1849/0.0749/0.0687 | LR: 0.000010
Epoch [9/100] | Loss: 0.9409 (Cls: 0.8687, TAL: 0.0000, Adv: 0.4814) | Train Acc: 0.8951 | Val Acc: 0.0667 | Val P/R/F1 (Macro): 0.2201/0.0456/0.0603 | LR: 0.000010
Epoch [10/100] | Loss: 0.9041 (Cls: 0.8419, TAL: 0.0000, Adv: 0.4150) | Train Acc: 0.9152 | Val Acc: 0.1250 | Val P/R/F1 (Macro): 0.1710/0.0865/0.0771 | LR: 0.000010
Epoch [11/100] | Loss: 0.8799 (Cls: 0.8247, TAL: 0.0000, Adv: 0.3677) | Train Acc: 0.9152 | Val Acc: 0.0417 | Val P/R/F1 (Macro): 0.0653/0.0372/0.0466 | LR: 0.000010
Epoch [12/100] | Loss: 0.8686 (Cls: 0.8177, TAL: 0.0000, Adv: 0.3393) | Train Acc: 0.9420 | Val Acc: 0.1917 | Val P/R/F1 (Macro): 0.1587/0.1143/0.0995 | LR: 0.000010
  >>> New Best Val Acc: 0.1917
Epoch [13/100] | Loss: 0.8116 (Cls: 0.7630, TAL: 0.0000, Adv: 0.3239) | Train Acc: 0.9487 | Val Acc: 0.0667 | Val P/R/F1 (Macro): 0.0837/0.0588/0.0560 | LR: 0.000010
Epoch [14/100] | Loss: 0.8372 (Cls: 0.7888, TAL: 0.0000, Adv: 0.3227) | Train Acc: 0.9308 | Val Acc: 0.0750 | Val P/R/F1 (Macro): 0.0553/0.0570/0.0527 | LR: 0.000010
Epoch [15/100] | Loss: 0.8512 (Cls: 0.7784, TAL: 0.0000, Adv: 0.4855) | Train Acc: 0.9353 | Val Acc: 0.1083 | Val P/R/F1 (Macro): 0.1701/0.0697/0.0622 | LR: 0.000010
Epoch [16/100] | Loss: 0.8436 (Cls: 0.7825, TAL: 0.0000, Adv: 0.4073) | Train Acc: 0.9397 | Val Acc: 0.1083 | Val P/R/F1 (Macro): 0.0826/0.0762/0.0612 | LR: 0.000010
Epoch [17/100] | Loss: 0.7986 (Cls: 0.7369, TAL: 0.0000, Adv: 0.4111) | Train Acc: 0.9576 | Val Acc: 0.0833 | Val P/R/F1 (Macro): 0.0392/0.0809/0.0492 | LR: 0.000010
Epoch [18/100] | Loss: 0.8066 (Cls: 0.7539, TAL: 0.0000, Adv: 0.3509) | Train Acc: 0.9487 | Val Acc: 0.0917 | Val P/R/F1 (Macro): 0.0499/0.0594/0.0524 | LR: 0.000010
Epoch [19/100] | Loss: 0.8185 (Cls: 0.7355, TAL: 0.0000, Adv: 0.5533) | Train Acc: 0.9643 | Val Acc: 0.1750 | Val P/R/F1 (Macro): 0.1926/0.1409/0.0999 | LR: 0.000010
Epoch [20/100] | Loss: 0.9387 (Cls: 0.7396, TAL: 0.0000, Adv: 1.3270) | Train Acc: 0.9643 | Val Acc: 0.0667 | Val P/R/F1 (Macro): 0.1094/0.0522/0.0567 | LR: 0.000010
Epoch [21/100] | Loss: 0.8618 (Cls: 0.7366, TAL: 0.0000, Adv: 0.8345) | Train Acc: 0.9643 | Val Acc: 0.1083 | Val P/R/F1 (Macro): 0.1109/0.0628/0.0785 | LR: 0.000010
Epoch [22/100] | Loss: 0.7920 (Cls: 0.7033, TAL: 0.0000, Adv: 0.5916) | Train Acc: 0.9732 | Val Acc: 0.1583 | Val P/R/F1 (Macro): 0.1520/0.1164/0.1002 | LR: 0.000010
Epoch [23/100] | Loss: 0.8018 (Cls: 0.7317, TAL: 0.0000, Adv: 0.4677) | Train Acc: 0.9531 | Val Acc: 0.1417 | Val P/R/F1 (Macro): 0.1831/0.1282/0.0860 | LR: 0.000005
Epoch [24/100] | Loss: 0.7605 (Cls: 0.7144, TAL: 0.0000, Adv: 0.3074) | Train Acc: 0.9710 | Val Acc: 0.0917 | Val P/R/F1 (Macro): 0.1220/0.0911/0.0704 | LR: 0.000005
Epoch [25/100] | Loss: 0.7074 (Cls: 0.6796, TAL: 0.0000, Adv: 0.1852) | Train Acc: 0.9844 | Val Acc: 0.1500 | Val P/R/F1 (Macro): 0.1001/0.1134/0.0850 | LR: 0.000005
Epoch [26/100] | Loss: 0.6813 (Cls: 0.6618, TAL: 0.0000, Adv: 0.1295) | Train Acc: 0.9844 | Val Acc: 0.0750 | Val P/R/F1 (Macro): 0.1146/0.0701/0.0665 | LR: 0.000005
Epoch [27/100] | Loss: 0.6793 (Cls: 0.6609, TAL: 0.0000, Adv: 0.1223) | Train Acc: 0.9888 | Val Acc: 0.0917 | Val P/R/F1 (Macro): 0.0827/0.0666/0.0587 | LR: 0.000005
Epoch [28/100] | Loss: 0.6657 (Cls: 0.6468, TAL: 0.0000, Adv: 0.1255) | Train Acc: 0.9888 | Val Acc: 0.1083 | Val P/R/F1 (Macro): 0.1149/0.0894/0.0740 | LR: 0.000005
Epoch [29/100] | Loss: 0.6788 (Cls: 0.6613, TAL: 0.0000, Adv: 0.1162) | Train Acc: 0.9754 | Val Acc: 0.1083 | Val P/R/F1 (Macro): 0.1111/0.0697/0.0652 | LR: 0.000005
Epoch [30/100] | Loss: 0.6738 (Cls: 0.6614, TAL: 0.0000, Adv: 0.0823) | Train Acc: 0.9888 | Val Acc: 0.1167 | Val P/R/F1 (Macro): 0.1791/0.0876/0.0757 | LR: 0.000005
Epoch [31/100] | Loss: 0.6626 (Cls: 0.6529, TAL: 0.0000, Adv: 0.0643) | Train Acc: 0.9844 | Val Acc: 0.1000 | Val P/R/F1 (Macro): 0.1087/0.0780/0.0653 | LR: 0.000005
Epoch [32/100] | Loss: 0.6647 (Cls: 0.6540, TAL: 0.0000, Adv: 0.0712) | Train Acc: 0.9866 | Val Acc: 0.1250 | Val P/R/F1 (Macro): 0.1415/0.0841/0.0797 | LR: 0.000005
Epoch [33/100] | Loss: 0.6668 (Cls: 0.6534, TAL: 0.0000, Adv: 0.0893) | Train Acc: 0.9866 | Val Acc: 0.1333 | Val P/R/F1 (Macro): 0.0979/0.1169/0.0825 | LR: 0.000005
Epoch [34/100] | Loss: 0.6558 (Cls: 0.6369, TAL: 0.0000, Adv: 0.1260) | Train Acc: 0.9866 | Val Acc: 0.1167 | Val P/R/F1 (Macro): 0.1176/0.0942/0.0775 | LR: 0.000003
Epoch [35/100] | Loss: 0.6550 (Cls: 0.6413, TAL: 0.0000, Adv: 0.0914) | Train Acc: 0.9911 | Val Acc: 0.1333 | Val P/R/F1 (Macro): 0.1849/0.1169/0.0868 | LR: 0.000003
Epoch [36/100] | Loss: 0.6435 (Cls: 0.6268, TAL: 0.0000, Adv: 0.1112) | Train Acc: 0.9955 | Val Acc: 0.1250 | Val P/R/F1 (Macro): 0.1187/0.1055/0.0810 | LR: 0.000003
Epoch [37/100] | Loss: 0.6464 (Cls: 0.6321, TAL: 0.0000, Adv: 0.0952) | Train Acc: 0.9955 | Val Acc: 0.1083 | Val P/R/F1 (Macro): 0.0959/0.0828/0.0733 | LR: 0.000003
Epoch [38/100] | Loss: 0.6368 (Cls: 0.6268, TAL: 0.0000, Adv: 0.0667) | Train Acc: 1.0000 | Val Acc: 0.1167 | Val P/R/F1 (Macro): 0.1124/0.0876/0.0721 | LR: 0.000003
Epoch [39/100] | Loss: 0.6338 (Cls: 0.6251, TAL: 0.0000, Adv: 0.0575) | Train Acc: 0.9978 | Val Acc: 0.1167 | Val P/R/F1 (Macro): 0.1809/0.0876/0.0766 | LR: 0.000003
Epoch [40/100] | Loss: 0.6294 (Cls: 0.6212, TAL: 0.0000, Adv: 0.0549) | Train Acc: 0.9955 | Val Acc: 0.1083 | Val P/R/F1 (Macro): 0.1366/0.0810/0.0740 | LR: 0.000003
Epoch [41/100] | Loss: 0.6320 (Cls: 0.6236, TAL: 0.0000, Adv: 0.0558) | Train Acc: 0.9978 | Val Acc: 0.1000 | Val P/R/F1 (Macro): 0.1104/0.0780/0.0676 | LR: 0.000003
Epoch [42/100] | Loss: 0.6299 (Cls: 0.6216, TAL: 0.0000, Adv: 0.0555) | Train Acc: 1.0000 | Val Acc: 0.1083 | Val P/R/F1 (Macro): 0.1264/0.0745/0.0704 | LR: 0.000003
Epoch [43/100] | Loss: 0.6369 (Cls: 0.6292, TAL: 0.0000, Adv: 0.0512) | Train Acc: 0.9888 | Val Acc: 0.1083 | Val P/R/F1 (Macro): 0.1746/0.0762/0.0687 | LR: 0.000003
Epoch [44/100] | Loss: 0.6437 (Cls: 0.6341, TAL: 0.0000, Adv: 0.0642) | Train Acc: 0.9866 | Val Acc: 0.1167 | Val P/R/F1 (Macro): 0.1144/0.0942/0.0753 | LR: 0.000003
Epoch [45/100] | Loss: 0.6372 (Cls: 0.6231, TAL: 0.0000, Adv: 0.0942) | Train Acc: 0.9955 | Val Acc: 0.1083 | Val P/R/F1 (Macro): 0.1163/0.0828/0.0735 | LR: 0.000001
Epoch [46/100] | Loss: 0.6366 (Cls: 0.6190, TAL: 0.0000, Adv: 0.1174) | Train Acc: 0.9888 | Val Acc: 0.1083 | Val P/R/F1 (Macro): 0.1178/0.0894/0.0762 | LR: 0.000001
Epoch [47/100] | Loss: 0.6282 (Cls: 0.6174, TAL: 0.0000, Adv: 0.0721) | Train Acc: 0.9978 | Val Acc: 0.1167 | Val P/R/F1 (Macro): 0.1166/0.0876/0.0752 | LR: 0.000001
Epoch [48/100] | Loss: 0.6237 (Cls: 0.6144, TAL: 0.0000, Adv: 0.0622) | Train Acc: 0.9978 | Val Acc: 0.0917 | Val P/R/F1 (Macro): 0.1107/0.0732/0.0660 | LR: 0.000001
Epoch [49/100] | Loss: 0.6285 (Cls: 0.6226, TAL: 0.0000, Adv: 0.0393) | Train Acc: 0.9933 | Val Acc: 0.1083 | Val P/R/F1 (Macro): 0.1263/0.0828/0.0798 | LR: 0.000001
Epoch [50/100] | Loss: 0.6175 (Cls: 0.6110, TAL: 0.0000, Adv: 0.0433) | Train Acc: 0.9978 | Val Acc: 0.1000 | Val P/R/F1 (Macro): 0.1134/0.0714/0.0675 | LR: 0.000001
Epoch [51/100] | Loss: 0.6239 (Cls: 0.6179, TAL: 0.0000, Adv: 0.0400) | Train Acc: 0.9955 | Val Acc: 0.1083 | Val P/R/F1 (Macro): 0.1227/0.0828/0.0776 | LR: 0.000001
Epoch [52/100] | Loss: 0.6186 (Cls: 0.6113, TAL: 0.0000, Adv: 0.0488) | Train Acc: 0.9911 | Val Acc: 0.0833 | Val P/R/F1 (Macro): 0.1096/0.0618/0.0609 | LR: 0.000001
Epoch [53/100] | Loss: 0.6184 (Cls: 0.6151, TAL: 0.0000, Adv: 0.0219) | Train Acc: 1.0000 | Val Acc: 0.1083 | Val P/R/F1 (Macro): 0.1188/0.0959/0.0780 | LR: 0.000001
Epoch [54/100] | Loss: 0.6199 (Cls: 0.6144, TAL: 0.0000, Adv: 0.0368) | Train Acc: 0.9978 | Val Acc: 0.1083 | Val P/R/F1 (Macro): 0.1164/0.0828/0.0730 | LR: 0.000001
Epoch [55/100] | Loss: 0.6208 (Cls: 0.6160, TAL: 0.0000, Adv: 0.0317) | Train Acc: 0.9978 | Val Acc: 0.0917 | Val P/R/F1 (Macro): 0.1094/0.0797/0.0666 | LR: 0.000001
Epoch [56/100] | Loss: 0.6176 (Cls: 0.6124, TAL: 0.0000, Adv: 0.0345) | Train Acc: 0.9978 | Val Acc: 0.1167 | Val P/R/F1 (Macro): 0.1230/0.1007/0.0825 | LR: 0.000001
Epoch [57/100] | Loss: 0.6167 (Cls: 0.6123, TAL: 0.0000, Adv: 0.0290) | Train Acc: 0.9955 | Val Acc: 0.1083 | Val P/R/F1 (Macro): 0.1176/0.0828/0.0743 | LR: 0.000001
Epoch [58/100] | Loss: 0.6149 (Cls: 0.6105, TAL: 0.0000, Adv: 0.0290) | Train Acc: 0.9978 | Val Acc: 0.1250 | Val P/R/F1 (Macro): 0.1196/0.0990/0.0807 | LR: 0.000001
Epoch [59/100] | Loss: 0.6151 (Cls: 0.6105, TAL: 0.0000, Adv: 0.0308) | Train Acc: 0.9978 | Val Acc: 0.1250 | Val P/R/F1 (Macro): 0.1163/0.1055/0.0793 | LR: 0.000001
Epoch [60/100] | Loss: 0.6156 (Cls: 0.6103, TAL: 0.0000, Adv: 0.0351) | Train Acc: 1.0000 | Val Acc: 0.1333 | Val P/R/F1 (Macro): 0.1264/0.1169/0.0904 | LR: 0.000001
Epoch [61/100] | Loss: 0.6078 (Cls: 0.6046, TAL: 0.0000, Adv: 0.0208) | Train Acc: 1.0000 | Val Acc: 0.1250 | Val P/R/F1 (Macro): 0.1229/0.1121/0.0864 | LR: 0.000001
Epoch [62/100] | Loss: 0.6199 (Cls: 0.6152, TAL: 0.0000, Adv: 0.0313) | Train Acc: 0.9955 | Val Acc: 0.1000 | Val P/R/F1 (Macro): 0.1116/0.0780/0.0681 | LR: 0.000001
Epoch [63/100] | Loss: 0.6207 (Cls: 0.6138, TAL: 0.0000, Adv: 0.0458) | Train Acc: 0.9955 | Val Acc: 0.1083 | Val P/R/F1 (Macro): 0.1138/0.0894/0.0731 | LR: 0.000001
Epoch [64/100] | Loss: 0.6098 (Cls: 0.6041, TAL: 0.0000, Adv: 0.0386) | Train Acc: 1.0000 | Val Acc: 0.1000 | Val P/R/F1 (Macro): 0.1102/0.0714/0.0649 | LR: 0.000001
Epoch [65/100] | Loss: 0.6097 (Cls: 0.6022, TAL: 0.0000, Adv: 0.0503) | Train Acc: 1.0000 | Val Acc: 0.1167 | Val P/R/F1 (Macro): 0.1146/0.0876/0.0737 | LR: 0.000001
Epoch [66/100] | Loss: 0.6130 (Cls: 0.6054, TAL: 0.0000, Adv: 0.0503) | Train Acc: 0.9978 | Val Acc: 0.0917 | Val P/R/F1 (Macro): 0.1062/0.0666/0.0606 | LR: 0.000001
Epoch [67/100] | Loss: 0.6226 (Cls: 0.6165, TAL: 0.0000, Adv: 0.0410) | Train Acc: 0.9933 | Val Acc: 0.0917 | Val P/R/F1 (Macro): 0.1027/0.0666/0.0584 | LR: 0.000001
Epoch [68/100] | Loss: 0.6097 (Cls: 0.6054, TAL: 0.0000, Adv: 0.0291) | Train Acc: 1.0000 | Val Acc: 0.1000 | Val P/R/F1 (Macro): 0.1183/0.0714/0.0702 | LR: 0.000001
Epoch [69/100] | Loss: 0.6125 (Cls: 0.6065, TAL: 0.0000, Adv: 0.0401) | Train Acc: 1.0000 | Val Acc: 0.1000 | Val P/R/F1 (Macro): 0.1090/0.0780/0.0661 | LR: 0.000001
Epoch [70/100] | Loss: 0.6075 (Cls: 0.6030, TAL: 0.0000, Adv: 0.0301) | Train Acc: 0.9978 | Val Acc: 0.0833 | Val P/R/F1 (Macro): 0.1074/0.0618/0.0591 | LR: 0.000001
Epoch [71/100] | Loss: 0.6108 (Cls: 0.6059, TAL: 0.0000, Adv: 0.0326) | Train Acc: 1.0000 | Val Acc: 0.1000 | Val P/R/F1 (Macro): 0.1126/0.0780/0.0685 | LR: 0.000001
Epoch [72/100] | Loss: 0.6152 (Cls: 0.6117, TAL: 0.0000, Adv: 0.0235) | Train Acc: 0.9955 | Val Acc: 0.1000 | Val P/R/F1 (Macro): 0.1124/0.0714/0.0667 | LR: 0.000001
Epoch [73/100] | Loss: 0.6084 (Cls: 0.6057, TAL: 0.0000, Adv: 0.0179) | Train Acc: 1.0000 | Val Acc: 0.1083 | Val P/R/F1 (Macro): 0.1143/0.0828/0.0717 | LR: 0.000001
Epoch [74/100] | Loss: 0.6159 (Cls: 0.6127, TAL: 0.0000, Adv: 0.0209) | Train Acc: 0.9978 | Val Acc: 0.1083 | Val P/R/F1 (Macro): 0.1111/0.0828/0.0696 | LR: 0.000001
Epoch [75/100] | Loss: 0.6074 (Cls: 0.6056, TAL: 0.0000, Adv: 0.0123) | Train Acc: 1.0000 | Val Acc: 0.1083 | Val P/R/F1 (Macro): 0.1163/0.0828/0.0731 | LR: 0.000001
Epoch [76/100] | Loss: 0.6095 (Cls: 0.6059, TAL: 0.0000, Adv: 0.0237) | Train Acc: 1.0000 | Val Acc: 0.0917 | Val P/R/F1 (Macro): 0.1114/0.0732/0.0660 | LR: 0.000001
Epoch [77/100] | Loss: 0.6134 (Cls: 0.6093, TAL: 0.0000, Adv: 0.0276) | Train Acc: 0.9933 | Val Acc: 0.1000 | Val P/R/F1 (Macro): 0.1140/0.0780/0.0691 | LR: 0.000001
Epoch [78/100] | Loss: 0.6086 (Cls: 0.6071, TAL: 0.0000, Adv: 0.0100) | Train Acc: 0.9978 | Val Acc: 0.1083 | Val P/R/F1 (Macro): 0.1128/0.0894/0.0722 | LR: 0.000001
Epoch [79/100] | Loss: 0.6058 (Cls: 0.6032, TAL: 0.0000, Adv: 0.0176) | Train Acc: 1.0000 | Val Acc: 0.1167 | Val P/R/F1 (Macro): 0.1542/0.0858/0.0762 | LR: 0.000001
Epoch [80/100] | Loss: 0.6149 (Cls: 0.6112, TAL: 0.0000, Adv: 0.0249) | Train Acc: 1.0000 | Val Acc: 0.1083 | Val P/R/F1 (Macro): 0.1482/0.0810/0.0700 | LR: 0.000001
Epoch [81/100] | Loss: 0.6067 (Cls: 0.6030, TAL: 0.0000, Adv: 0.0246) | Train Acc: 1.0000 | Val Acc: 0.1000 | Val P/R/F1 (Macro): 0.1107/0.0780/0.0675 | LR: 0.000001
Epoch [82/100] | Loss: 0.6094 (Cls: 0.6043, TAL: 0.0000, Adv: 0.0340) | Train Acc: 1.0000 | Val Acc: 0.1083 | Val P/R/F1 (Macro): 0.1175/0.0894/0.0754 | LR: 0.000001
Epoch [83/100] | Loss: 0.6079 (Cls: 0.6043, TAL: 0.0000, Adv: 0.0240) | Train Acc: 1.0000 | Val Acc: 0.1083 | Val P/R/F1 (Macro): 0.1175/0.0894/0.0754 | LR: 0.000001
Epoch [84/100] | Loss: 0.6042 (Cls: 0.5989, TAL: 0.0000, Adv: 0.0348) | Train Acc: 1.0000 | Val Acc: 0.1083 | Val P/R/F1 (Macro): 0.1205/0.0828/0.0751 | LR: 0.000001
Epoch [85/100] | Loss: 0.6139 (Cls: 0.6064, TAL: 0.0000, Adv: 0.0500) | Train Acc: 0.9978 | Val Acc: 0.0917 | Val P/R/F1 (Macro): 0.1087/0.0732/0.0640 | LR: 0.000001
Epoch [86/100] | Loss: 0.6003 (Cls: 0.5971, TAL: 0.0000, Adv: 0.0218) | Train Acc: 1.0000 | Val Acc: 0.1000 | Val P/R/F1 (Macro): 0.1148/0.0780/0.0698 | LR: 0.000001
Epoch [87/100] | Loss: 0.6186 (Cls: 0.6088, TAL: 0.0000, Adv: 0.0657) | Train Acc: 0.9978 | Val Acc: 0.1083 | Val P/R/F1 (Macro): 0.1533/0.0810/0.0740 | LR: 0.000001
Epoch [88/100] | Loss: 0.6136 (Cls: 0.6072, TAL: 0.0000, Adv: 0.0425) | Train Acc: 1.0000 | Val Acc: 0.1167 | Val P/R/F1 (Macro): 0.1626/0.0990/0.0849 | LR: 0.000001
Epoch [89/100] | Loss: 0.6101 (Cls: 0.6057, TAL: 0.0000, Adv: 0.0293) | Train Acc: 1.0000 | Val Acc: 0.1333 | Val P/R/F1 (Macro): 0.1638/0.1086/0.0899 | LR: 0.000001
Epoch [90/100] | Loss: 0.6059 (Cls: 0.6034, TAL: 0.0000, Adv: 0.0168) | Train Acc: 1.0000 | Val Acc: 0.1083 | Val P/R/F1 (Macro): 0.1099/0.0894/0.0702 | LR: 0.000001
Epoch [91/100] | Loss: 0.6035 (Cls: 0.6008, TAL: 0.0000, Adv: 0.0183) | Train Acc: 1.0000 | Val Acc: 0.1167 | Val P/R/F1 (Macro): 0.1156/0.0942/0.0760 | LR: 0.000001
Epoch [92/100] | Loss: 0.6187 (Cls: 0.6126, TAL: 0.0000, Adv: 0.0408) | Train Acc: 0.9955 | Val Acc: 0.1083 | Val P/R/F1 (Macro): 0.1506/0.0810/0.0717 | LR: 0.000001
Epoch [93/100] | Loss: 0.6070 (Cls: 0.6049, TAL: 0.0000, Adv: 0.0140) | Train Acc: 1.0000 | Val Acc: 0.0917 | Val P/R/F1 (Macro): 0.1076/0.0666/0.0617 | LR: 0.000001
Epoch [94/100] | Loss: 0.6036 (Cls: 0.6018, TAL: 0.0000, Adv: 0.0119) | Train Acc: 1.0000 | Val Acc: 0.1083 | Val P/R/F1 (Macro): 0.1176/0.0828/0.0743 | LR: 0.000001
Epoch [95/100] | Loss: 0.6091 (Cls: 0.6070, TAL: 0.0000, Adv: 0.0144) | Train Acc: 1.0000 | Val Acc: 0.1000 | Val P/R/F1 (Macro): 0.1108/0.0780/0.0672 | LR: 0.000001
Epoch [96/100] | Loss: 0.6084 (Cls: 0.6063, TAL: 0.0000, Adv: 0.0145) | Train Acc: 1.0000 | Val Acc: 0.1167 | Val P/R/F1 (Macro): 0.1387/0.0858/0.0770 | LR: 0.000001
Epoch [97/100] | Loss: 0.6127 (Cls: 0.6069, TAL: 0.0000, Adv: 0.0384) | Train Acc: 1.0000 | Val Acc: 0.1000 | Val P/R/F1 (Macro): 0.1098/0.0780/0.0666 | LR: 0.000001
Epoch [98/100] | Loss: 0.6045 (Cls: 0.6007, TAL: 0.0000, Adv: 0.0252) | Train Acc: 1.0000 | Val Acc: 0.1333 | Val P/R/F1 (Macro): 0.1851/0.1003/0.0918 | LR: 0.000001
Epoch [99/100] | Loss: 0.6160 (Cls: 0.6145, TAL: 0.0000, Adv: 0.0099) | Train Acc: 0.9955 | Val Acc: 0.1083 | Val P/R/F1 (Macro): 0.1125/0.0828/0.0703 | LR: 0.000001
Epoch [100/100] | Loss: 0.6080 (Cls: 0.6046, TAL: 0.0000, Adv: 0.0228) | Train Acc: 1.0000 | Val Acc: 0.1000 | Val P/R/F1 (Macro): 0.1129/0.0780/0.0684 | LR: 0.000001

迭代 4 最佳指标:
  Accuracy: 0.1917
  Precision (Macro): 0.1587
  Recall (Macro): 0.1143
  F1 (Macro): 0.0995
  Precision (Micro): 0.1917
  Recall (Micro): 0.1917
  F1 (Micro): 0.1917
  Val class coverage: 8/14 (0.5714), samples=120

================================================================================
迭代 5/5
随机种子: 46
================================================================================
Training mode: unsupervised target adaptation (target labels ignored in training).
Feature fusion: Channel concatenation (512+512); fused_dim=1024
Domain adaptation: standard source-target adversarial training, no generator
Loss weights: tensor=0.00, adv=0.15
Epoch [1/100] | Loss: 2.5663 (Cls: 2.4464, TAL: 0.0000, Adv: 0.7991) | Train Acc: 0.2567 | Val Acc: 0.0000 | Val P/R/F1 (Macro): 0.0000/0.0000/0.0000 | LR: 0.000010
Epoch [2/100] | Loss: 1.8336 (Cls: 1.7157, TAL: 0.0000, Adv: 0.7864) | Train Acc: 0.5201 | Val Acc: 0.1000 | Val P/R/F1 (Macro): 0.0387/0.0839/0.0527 | LR: 0.000010
  >>> New Best Val Acc: 0.1000
Epoch [3/100] | Loss: 1.5189 (Cls: 1.4081, TAL: 0.0000, Adv: 0.7384) | Train Acc: 0.6763 | Val Acc: 0.1500 | Val P/R/F1 (Macro): 0.0285/0.0865/0.0429 | LR: 0.000010
  >>> New Best Val Acc: 0.1500
Epoch [4/100] | Loss: 1.2822 (Cls: 1.1737, TAL: 0.0000, Adv: 0.7232) | Train Acc: 0.7879 | Val Acc: 0.1083 | Val P/R/F1 (Macro): 0.1561/0.0697/0.0520 | LR: 0.000010
Epoch [5/100] | Loss: 1.1831 (Cls: 1.0782, TAL: 0.0000, Adv: 0.6992) | Train Acc: 0.7946 | Val Acc: 0.0333 | Val P/R/F1 (Macro): 0.0327/0.0175/0.0154 | LR: 0.000010
Epoch [6/100] | Loss: 1.0782 (Cls: 0.9743, TAL: 0.0000, Adv: 0.6930) | Train Acc: 0.8527 | Val Acc: 0.0333 | Val P/R/F1 (Macro): 0.0467/0.0240/0.0266 | LR: 0.000010
Epoch [7/100] | Loss: 1.0287 (Cls: 0.9299, TAL: 0.0000, Adv: 0.6581) | Train Acc: 0.8728 | Val Acc: 0.0667 | Val P/R/F1 (Macro): 0.0208/0.0385/0.0270 | LR: 0.000010
Epoch [8/100] | Loss: 0.9550 (Cls: 0.8608, TAL: 0.0000, Adv: 0.6279) | Train Acc: 0.9062 | Val Acc: 0.1000 | Val P/R/F1 (Macro): 0.1655/0.0840/0.0712 | LR: 0.000010
Epoch [9/100] | Loss: 0.9243 (Cls: 0.8388, TAL: 0.0000, Adv: 0.5699) | Train Acc: 0.9129 | Val Acc: 0.0833 | Val P/R/F1 (Macro): 0.1850/0.0548/0.0661 | LR: 0.000010
Epoch [10/100] | Loss: 0.8670 (Cls: 0.7925, TAL: 0.0000, Adv: 0.4964) | Train Acc: 0.9420 | Val Acc: 0.0833 | Val P/R/F1 (Macro): 0.0341/0.0809/0.0420 | LR: 0.000010
Epoch [11/100] | Loss: 0.8600 (Cls: 0.7993, TAL: 0.0000, Adv: 0.4046) | Train Acc: 0.9420 | Val Acc: 0.0500 | Val P/R/F1 (Macro): 0.1602/0.0557/0.0500 | LR: 0.000010
Epoch [12/100] | Loss: 0.8274 (Cls: 0.7741, TAL: 0.0000, Adv: 0.3555) | Train Acc: 0.9487 | Val Acc: 0.0750 | Val P/R/F1 (Macro): 0.1437/0.0452/0.0516 | LR: 0.000010
Epoch [13/100] | Loss: 0.8578 (Cls: 0.8179, TAL: 0.0000, Adv: 0.2662) | Train Acc: 0.9286 | Val Acc: 0.0667 | Val P/R/F1 (Macro): 0.0196/0.0385/0.0260 | LR: 0.000010
Epoch [14/100] | Loss: 0.8313 (Cls: 0.7918, TAL: 0.0000, Adv: 0.2632) | Train Acc: 0.9353 | Val Acc: 0.0583 | Val P/R/F1 (Macro): 0.1530/0.0410/0.0552 | LR: 0.000005
Epoch [15/100] | Loss: 0.7904 (Cls: 0.7604, TAL: 0.0000, Adv: 0.2000) | Train Acc: 0.9531 | Val Acc: 0.0667 | Val P/R/F1 (Macro): 0.0703/0.0569/0.0542 | LR: 0.000005
Epoch [16/100] | Loss: 0.7849 (Cls: 0.7505, TAL: 0.0000, Adv: 0.2289) | Train Acc: 0.9554 | Val Acc: 0.0417 | Val P/R/F1 (Macro): 0.1031/0.0253/0.0359 | LR: 0.000005
Epoch [17/100] | Loss: 0.7524 (Cls: 0.7220, TAL: 0.0000, Adv: 0.2028) | Train Acc: 0.9688 | Val Acc: 0.0917 | Val P/R/F1 (Macro): 0.1871/0.0518/0.0439 | LR: 0.000005
Epoch [18/100] | Loss: 0.7437 (Cls: 0.7160, TAL: 0.0000, Adv: 0.1840) | Train Acc: 0.9665 | Val Acc: 0.0833 | Val P/R/F1 (Macro): 0.1140/0.0476/0.0536 | LR: 0.000005
Epoch [19/100] | Loss: 0.7327 (Cls: 0.6977, TAL: 0.0000, Adv: 0.2328) | Train Acc: 0.9754 | Val Acc: 0.0667 | Val P/R/F1 (Macro): 0.1048/0.0373/0.0399 | LR: 0.000005
Epoch [20/100] | Loss: 0.7392 (Cls: 0.7030, TAL: 0.0000, Adv: 0.2409) | Train Acc: 0.9754 | Val Acc: 0.1083 | Val P/R/F1 (Macro): 0.2225/0.0626/0.0623 | LR: 0.000005
Epoch [21/100] | Loss: 0.7611 (Cls: 0.6967, TAL: 0.0000, Adv: 0.4297) | Train Acc: 0.9777 | Val Acc: 0.0750 | Val P/R/F1 (Macro): 0.0994/0.0421/0.0446 | LR: 0.000005
Epoch [22/100] | Loss: 0.7064 (Cls: 0.6676, TAL: 0.0000, Adv: 0.2588) | Train Acc: 0.9911 | Val Acc: 0.0667 | Val P/R/F1 (Macro): 0.0714/0.0380/0.0424 | LR: 0.000005
Epoch [23/100] | Loss: 0.7055 (Cls: 0.6740, TAL: 0.0000, Adv: 0.2100) | Train Acc: 0.9911 | Val Acc: 0.1000 | Val P/R/F1 (Macro): 0.1292/0.0566/0.0486 | LR: 0.000005
Epoch [24/100] | Loss: 0.7192 (Cls: 0.6792, TAL: 0.0000, Adv: 0.2665) | Train Acc: 0.9821 | Val Acc: 0.0750 | Val P/R/F1 (Macro): 0.1269/0.0428/0.0500 | LR: 0.000005
Epoch [25/100] | Loss: 0.6994 (Cls: 0.6656, TAL: 0.0000, Adv: 0.2256) | Train Acc: 0.9933 | Val Acc: 0.0750 | Val P/R/F1 (Macro): 0.0625/0.0439/0.0366 | LR: 0.000003
Epoch [26/100] | Loss: 0.7256 (Cls: 0.6946, TAL: 0.0000, Adv: 0.2069) | Train Acc: 0.9732 | Val Acc: 0.0667 | Val P/R/F1 (Macro): 0.1477/0.0373/0.0412 | LR: 0.000003
Epoch [27/100] | Loss: 0.6852 (Cls: 0.6685, TAL: 0.0000, Adv: 0.1115) | Train Acc: 0.9933 | Val Acc: 0.0500 | Val P/R/F1 (Macro): 0.0967/0.0283/0.0368 | LR: 0.000003
Epoch [28/100] | Loss: 0.6803 (Cls: 0.6676, TAL: 0.0000, Adv: 0.0848) | Train Acc: 0.9888 | Val Acc: 0.0667 | Val P/R/F1 (Macro): 0.0908/0.0373/0.0372 | LR: 0.000003
Epoch [29/100] | Loss: 0.6722 (Cls: 0.6626, TAL: 0.0000, Adv: 0.0639) | Train Acc: 0.9866 | Val Acc: 0.0833 | Val P/R/F1 (Macro): 0.0929/0.0535/0.0506 | LR: 0.000003
Epoch [30/100] | Loss: 0.6613 (Cls: 0.6482, TAL: 0.0000, Adv: 0.0871) | Train Acc: 0.9955 | Val Acc: 0.0583 | Val P/R/F1 (Macro): 0.1089/0.0331/0.0410 | LR: 0.000003
Epoch [31/100] | Loss: 0.6595 (Cls: 0.6494, TAL: 0.0000, Adv: 0.0675) | Train Acc: 0.9866 | Val Acc: 0.0750 | Val P/R/F1 (Macro): 0.1244/0.0428/0.0480 | LR: 0.000003
Epoch [32/100] | Loss: 0.6587 (Cls: 0.6481, TAL: 0.0000, Adv: 0.0710) | Train Acc: 0.9844 | Val Acc: 0.0833 | Val P/R/F1 (Macro): 0.1230/0.0469/0.0410 | LR: 0.000003
Epoch [33/100] | Loss: 0.6535 (Cls: 0.6432, TAL: 0.0000, Adv: 0.0691) | Train Acc: 0.9933 | Val Acc: 0.1000 | Val P/R/F1 (Macro): 0.2080/0.0572/0.0536 | LR: 0.000003
Epoch [34/100] | Loss: 0.6537 (Cls: 0.6376, TAL: 0.0000, Adv: 0.1070) | Train Acc: 0.9933 | Val Acc: 0.0750 | Val P/R/F1 (Macro): 0.0994/0.0440/0.0524 | LR: 0.000003
Epoch [35/100] | Loss: 0.6681 (Cls: 0.6530, TAL: 0.0000, Adv: 0.1005) | Train Acc: 0.9866 | Val Acc: 0.0833 | Val P/R/F1 (Macro): 0.1749/0.0476/0.0495 | LR: 0.000003
Epoch [36/100] | Loss: 0.6575 (Cls: 0.6420, TAL: 0.0000, Adv: 0.1035) | Train Acc: 0.9888 | Val Acc: 0.0833 | Val P/R/F1 (Macro): 0.1885/0.0476/0.0522 | LR: 0.000001
Epoch [37/100] | Loss: 0.6615 (Cls: 0.6476, TAL: 0.0000, Adv: 0.0928) | Train Acc: 0.9844 | Val Acc: 0.0667 | Val P/R/F1 (Macro): 0.1035/0.0380/0.0432 | LR: 0.000001
Epoch [38/100] | Loss: 0.6526 (Cls: 0.6418, TAL: 0.0000, Adv: 0.0726) | Train Acc: 0.9933 | Val Acc: 0.0667 | Val P/R/F1 (Macro): 0.1083/0.0380/0.0422 | LR: 0.000001
Epoch [39/100] | Loss: 0.6639 (Cls: 0.6530, TAL: 0.0000, Adv: 0.0731) | Train Acc: 0.9888 | Val Acc: 0.0917 | Val P/R/F1 (Macro): 0.1766/0.0530/0.0598 | LR: 0.000001
Epoch [40/100] | Loss: 0.6508 (Cls: 0.6363, TAL: 0.0000, Adv: 0.0968) | Train Acc: 0.9978 | Val Acc: 0.0583 | Val P/R/F1 (Macro): 0.1212/0.0331/0.0401 | LR: 0.000001
Epoch [41/100] | Loss: 0.6398 (Cls: 0.6329, TAL: 0.0000, Adv: 0.0458) | Train Acc: 0.9955 | Val Acc: 0.0750 | Val P/R/F1 (Macro): 0.1054/0.0428/0.0460 | LR: 0.000001
Epoch [42/100] | Loss: 0.6370 (Cls: 0.6270, TAL: 0.0000, Adv: 0.0667) | Train Acc: 1.0000 | Val Acc: 0.0667 | Val P/R/F1 (Macro): 0.1274/0.0380/0.0421 | LR: 0.000001
Epoch [43/100] | Loss: 0.6467 (Cls: 0.6403, TAL: 0.0000, Adv: 0.0430) | Train Acc: 0.9911 | Val Acc: 0.0833 | Val P/R/F1 (Macro): 0.1088/0.0476/0.0501 | LR: 0.000001
Epoch [44/100] | Loss: 0.6406 (Cls: 0.6328, TAL: 0.0000, Adv: 0.0516) | Train Acc: 0.9955 | Val Acc: 0.0333 | Val P/R/F1 (Macro): 0.0923/0.0181/0.0246 | LR: 0.000001
Epoch [45/100] | Loss: 0.6431 (Cls: 0.6379, TAL: 0.0000, Adv: 0.0342) | Train Acc: 1.0000 | Val Acc: 0.0500 | Val P/R/F1 (Macro): 0.1194/0.0283/0.0372 | LR: 0.000001
Epoch [46/100] | Loss: 0.6495 (Cls: 0.6371, TAL: 0.0000, Adv: 0.0827) | Train Acc: 0.9933 | Val Acc: 0.0500 | Val P/R/F1 (Macro): 0.2000/0.0277/0.0314 | LR: 0.000001
Epoch [47/100] | Loss: 0.6464 (Cls: 0.6354, TAL: 0.0000, Adv: 0.0732) | Train Acc: 0.9978 | Val Acc: 0.0500 | Val P/R/F1 (Macro): 0.0802/0.0277/0.0309 | LR: 0.000001
Epoch [48/100] | Loss: 0.6302 (Cls: 0.6245, TAL: 0.0000, Adv: 0.0381) | Train Acc: 0.9978 | Val Acc: 0.0417 | Val P/R/F1 (Macro): 0.1411/0.0247/0.0280 | LR: 0.000001
Epoch [49/100] | Loss: 0.6420 (Cls: 0.6349, TAL: 0.0000, Adv: 0.0472) | Train Acc: 0.9888 | Val Acc: 0.0583 | Val P/R/F1 (Macro): 0.0982/0.0325/0.0337 | LR: 0.000001
Epoch [50/100] | Loss: 0.6433 (Cls: 0.6375, TAL: 0.0000, Adv: 0.0389) | Train Acc: 0.9911 | Val Acc: 0.0500 | Val P/R/F1 (Macro): 0.0810/0.0277/0.0314 | LR: 0.000001
Epoch [51/100] | Loss: 0.6324 (Cls: 0.6244, TAL: 0.0000, Adv: 0.0535) | Train Acc: 0.9978 | Val Acc: 0.0750 | Val P/R/F1 (Macro): 0.1005/0.0421/0.0380 | LR: 0.000001
Epoch [52/100] | Loss: 0.6273 (Cls: 0.6236, TAL: 0.0000, Adv: 0.0247) | Train Acc: 0.9978 | Val Acc: 0.0667 | Val P/R/F1 (Macro): 0.1206/0.0380/0.0437 | LR: 0.000001
Epoch [53/100] | Loss: 0.6319 (Cls: 0.6279, TAL: 0.0000, Adv: 0.0266) | Train Acc: 0.9955 | Val Acc: 0.0750 | Val P/R/F1 (Macro): 0.1433/0.0428/0.0473 | LR: 0.000001
Epoch [54/100] | Loss: 0.6394 (Cls: 0.6311, TAL: 0.0000, Adv: 0.0554) | Train Acc: 0.9933 | Val Acc: 0.0667 | Val P/R/F1 (Macro): 0.1083/0.0380/0.0422 | LR: 0.000001
Epoch [55/100] | Loss: 0.6409 (Cls: 0.6277, TAL: 0.0000, Adv: 0.0881) | Train Acc: 0.9978 | Val Acc: 0.0583 | Val P/R/F1 (Macro): 0.0831/0.0325/0.0346 | LR: 0.000001
Epoch [56/100] | Loss: 0.6285 (Cls: 0.6184, TAL: 0.0000, Adv: 0.0671) | Train Acc: 0.9978 | Val Acc: 0.0583 | Val P/R/F1 (Macro): 0.1000/0.0331/0.0391 | LR: 0.000001
Epoch [57/100] | Loss: 0.6347 (Cls: 0.6264, TAL: 0.0000, Adv: 0.0557) | Train Acc: 0.9978 | Val Acc: 0.0750 | Val P/R/F1 (Macro): 0.1042/0.0428/0.0451 | LR: 0.000001
Epoch [58/100] | Loss: 0.6480 (Cls: 0.6373, TAL: 0.0000, Adv: 0.0718) | Train Acc: 0.9955 | Val Acc: 0.0583 | Val P/R/F1 (Macro): 0.1007/0.0331/0.0396 | LR: 0.000001
Epoch [59/100] | Loss: 0.6300 (Cls: 0.6216, TAL: 0.0000, Adv: 0.0560) | Train Acc: 0.9978 | Val Acc: 0.0417 | Val P/R/F1 (Macro): 0.0927/0.0229/0.0267 | LR: 0.000001
Epoch [60/100] | Loss: 0.6430 (Cls: 0.6223, TAL: 0.0000, Adv: 0.1379) | Train Acc: 0.9978 | Val Acc: 0.0500 | Val P/R/F1 (Macro): 0.1069/0.0277/0.0312 | LR: 0.000001
Epoch [61/100] | Loss: 0.6334 (Cls: 0.6252, TAL: 0.0000, Adv: 0.0547) | Train Acc: 0.9978 | Val Acc: 0.0583 | Val P/R/F1 (Macro): 0.1190/0.0325/0.0341 | LR: 0.000001
Epoch [62/100] | Loss: 0.6315 (Cls: 0.6254, TAL: 0.0000, Adv: 0.0407) | Train Acc: 0.9955 | Val Acc: 0.0667 | Val P/R/F1 (Macro): 0.1208/0.0373/0.0368 | LR: 0.000001
Epoch [63/100] | Loss: 0.6255 (Cls: 0.6215, TAL: 0.0000, Adv: 0.0264) | Train Acc: 0.9978 | Val Acc: 0.0583 | Val P/R/F1 (Macro): 0.1022/0.0331/0.0406 | LR: 0.000001
Epoch [64/100] | Loss: 0.6233 (Cls: 0.6200, TAL: 0.0000, Adv: 0.0221) | Train Acc: 0.9955 | Val Acc: 0.0583 | Val P/R/F1 (Macro): 0.1049/0.0331/0.0382 | LR: 0.000001
Epoch [65/100] | Loss: 0.6290 (Cls: 0.6251, TAL: 0.0000, Adv: 0.0258) | Train Acc: 0.9978 | Val Acc: 0.0417 | Val P/R/F1 (Macro): 0.1159/0.0229/0.0286 | LR: 0.000001
Epoch [66/100] | Loss: 0.6314 (Cls: 0.6265, TAL: 0.0000, Adv: 0.0331) | Train Acc: 0.9978 | Val Acc: 0.0583 | Val P/R/F1 (Macro): 0.0964/0.0325/0.0322 | LR: 0.000001
Epoch [67/100] | Loss: 0.6269 (Cls: 0.6251, TAL: 0.0000, Adv: 0.0122) | Train Acc: 0.9955 | Val Acc: 0.0417 | Val P/R/F1 (Macro): 0.0833/0.0229/0.0273 | LR: 0.000001
Epoch [68/100] | Loss: 0.6238 (Cls: 0.6196, TAL: 0.0000, Adv: 0.0282) | Train Acc: 0.9978 | Val Acc: 0.0750 | Val P/R/F1 (Macro): 0.1132/0.0421/0.0402 | LR: 0.000001
Epoch [69/100] | Loss: 0.6248 (Cls: 0.6215, TAL: 0.0000, Adv: 0.0220) | Train Acc: 0.9978 | Val Acc: 0.0583 | Val P/R/F1 (Macro): 0.0986/0.0331/0.0380 | LR: 0.000001
Epoch [70/100] | Loss: 0.6352 (Cls: 0.6252, TAL: 0.0000, Adv: 0.0661) | Train Acc: 0.9933 | Val Acc: 0.0833 | Val P/R/F1 (Macro): 0.1266/0.0476/0.0483 | LR: 0.000001
Epoch [71/100] | Loss: 0.6408 (Cls: 0.6267, TAL: 0.0000, Adv: 0.0937) | Train Acc: 0.9955 | Val Acc: 0.0583 | Val P/R/F1 (Macro): 0.0991/0.0331/0.0384 | LR: 0.000001
Epoch [72/100] | Loss: 0.6330 (Cls: 0.6274, TAL: 0.0000, Adv: 0.0373) | Train Acc: 0.9911 | Val Acc: 0.0917 | Val P/R/F1 (Macro): 0.1188/0.0589/0.0603 | LR: 0.000001
Epoch [73/100] | Loss: 0.6295 (Cls: 0.6264, TAL: 0.0000, Adv: 0.0202) | Train Acc: 0.9955 | Val Acc: 0.0583 | Val P/R/F1 (Macro): 0.1000/0.0331/0.0391 | LR: 0.000001
Epoch [74/100] | Loss: 0.6229 (Cls: 0.6187, TAL: 0.0000, Adv: 0.0276) | Train Acc: 0.9978 | Val Acc: 0.0667 | Val P/R/F1 (Macro): 0.1083/0.0380/0.0422 | LR: 0.000001
Epoch [75/100] | Loss: 0.6265 (Cls: 0.6222, TAL: 0.0000, Adv: 0.0285) | Train Acc: 0.9955 | Val Acc: 0.0500 | Val P/R/F1 (Macro): 0.0976/0.0283/0.0359 | LR: 0.000001
Epoch [76/100] | Loss: 0.6276 (Cls: 0.6232, TAL: 0.0000, Adv: 0.0296) | Train Acc: 0.9955 | Val Acc: 0.0500 | Val P/R/F1 (Macro): 0.0958/0.0277/0.0304 | LR: 0.000001
Epoch [77/100] | Loss: 0.6246 (Cls: 0.6198, TAL: 0.0000, Adv: 0.0321) | Train Acc: 0.9955 | Val Acc: 0.0583 | Val P/R/F1 (Macro): 0.0969/0.0325/0.0327 | LR: 0.000001
Epoch [78/100] | Loss: 0.6208 (Cls: 0.6170, TAL: 0.0000, Adv: 0.0256) | Train Acc: 0.9978 | Val Acc: 0.0583 | Val P/R/F1 (Macro): 0.0767/0.0349/0.0364 | LR: 0.000001
Epoch [79/100] | Loss: 0.6212 (Cls: 0.6181, TAL: 0.0000, Adv: 0.0205) | Train Acc: 0.9978 | Val Acc: 0.0500 | Val P/R/F1 (Macro): 0.0974/0.0283/0.0357 | LR: 0.000001
Epoch [80/100] | Loss: 0.6243 (Cls: 0.6201, TAL: 0.0000, Adv: 0.0275) | Train Acc: 0.9955 | Val Acc: 0.0833 | Val P/R/F1 (Macro): 0.1116/0.0476/0.0474 | LR: 0.000001
Epoch [81/100] | Loss: 0.6213 (Cls: 0.6186, TAL: 0.0000, Adv: 0.0178) | Train Acc: 0.9978 | Val Acc: 0.0750 | Val P/R/F1 (Macro): 0.1312/0.0428/0.0459 | LR: 0.000001
Epoch [82/100] | Loss: 0.6189 (Cls: 0.6139, TAL: 0.0000, Adv: 0.0335) | Train Acc: 0.9978 | Val Acc: 0.0667 | Val P/R/F1 (Macro): 0.1826/0.0373/0.0366 | LR: 0.000001
Epoch [83/100] | Loss: 0.6192 (Cls: 0.6173, TAL: 0.0000, Adv: 0.0128) | Train Acc: 0.9978 | Val Acc: 0.0500 | Val P/R/F1 (Macro): 0.1027/0.0283/0.0351 | LR: 0.000001
Epoch [84/100] | Loss: 0.6336 (Cls: 0.6281, TAL: 0.0000, Adv: 0.0371) | Train Acc: 0.9955 | Val Acc: 0.1000 | Val P/R/F1 (Macro): 0.1254/0.0572/0.0527 | LR: 0.000001
Epoch [85/100] | Loss: 0.6307 (Cls: 0.6272, TAL: 0.0000, Adv: 0.0238) | Train Acc: 0.9955 | Val Acc: 0.0750 | Val P/R/F1 (Macro): 0.1035/0.0428/0.0445 | LR: 0.000001
Epoch [86/100] | Loss: 0.6280 (Cls: 0.6238, TAL: 0.0000, Adv: 0.0279) | Train Acc: 0.9955 | Val Acc: 0.0667 | Val P/R/F1 (Macro): 0.1212/0.0373/0.0371 | LR: 0.000001
Epoch [87/100] | Loss: 0.6246 (Cls: 0.6226, TAL: 0.0000, Adv: 0.0134) | Train Acc: 0.9955 | Val Acc: 0.0750 | Val P/R/F1 (Macro): 0.1192/0.0428/0.0439 | LR: 0.000001
Epoch [88/100] | Loss: 0.6313 (Cls: 0.6252, TAL: 0.0000, Adv: 0.0404) | Train Acc: 0.9933 | Val Acc: 0.0417 | Val P/R/F1 (Macro): 0.1036/0.0229/0.0273 | LR: 0.000001
Epoch [89/100] | Loss: 0.6269 (Cls: 0.6226, TAL: 0.0000, Adv: 0.0291) | Train Acc: 0.9978 | Val Acc: 0.0667 | Val P/R/F1 (Macro): 0.1285/0.0380/0.0424 | LR: 0.000001
Epoch [90/100] | Loss: 0.6246 (Cls: 0.6217, TAL: 0.0000, Adv: 0.0192) | Train Acc: 0.9955 | Val Acc: 0.0500 | Val P/R/F1 (Macro): 0.0979/0.0283/0.0361 | LR: 0.000001
Epoch [91/100] | Loss: 0.6296 (Cls: 0.6272, TAL: 0.0000, Adv: 0.0160) | Train Acc: 0.9955 | Val Acc: 0.0750 | Val P/R/F1 (Macro): 0.1091/0.0428/0.0441 | LR: 0.000001
Epoch [92/100] | Loss: 0.6311 (Cls: 0.6274, TAL: 0.0000, Adv: 0.0246) | Train Acc: 0.9933 | Val Acc: 0.0667 | Val P/R/F1 (Macro): 0.1395/0.0380/0.0430 | LR: 0.000001
Epoch [93/100] | Loss: 0.6332 (Cls: 0.6272, TAL: 0.0000, Adv: 0.0403) | Train Acc: 0.9955 | Val Acc: 0.0750 | Val P/R/F1 (Macro): 0.1049/0.0428/0.0457 | LR: 0.000001
Epoch [94/100] | Loss: 0.6201 (Cls: 0.6163, TAL: 0.0000, Adv: 0.0253) | Train Acc: 1.0000 | Val Acc: 0.0583 | Val P/R/F1 (Macro): 0.1007/0.0331/0.0396 | LR: 0.000001
Epoch [95/100] | Loss: 0.6219 (Cls: 0.6195, TAL: 0.0000, Adv: 0.0157) | Train Acc: 0.9955 | Val Acc: 0.0750 | Val P/R/F1 (Macro): 0.1042/0.0428/0.0451 | LR: 0.000001
Epoch [96/100] | Loss: 0.6218 (Cls: 0.6191, TAL: 0.0000, Adv: 0.0180) | Train Acc: 1.0000 | Val Acc: 0.0417 | Val P/R/F1 (Macro): 0.0763/0.0229/0.0266 | LR: 0.000001
Epoch [97/100] | Loss: 0.6241 (Cls: 0.6196, TAL: 0.0000, Adv: 0.0299) | Train Acc: 1.0000 | Val Acc: 0.0667 | Val P/R/F1 (Macro): 0.1086/0.0380/0.0425 | LR: 0.000001
Epoch [98/100] | Loss: 0.6301 (Cls: 0.6244, TAL: 0.0000, Adv: 0.0385) | Train Acc: 1.0000 | Val Acc: 0.0583 | Val P/R/F1 (Macro): 0.0990/0.0325/0.0342 | LR: 0.000001
Epoch [99/100] | Loss: 0.6222 (Cls: 0.6184, TAL: 0.0000, Adv: 0.0251) | Train Acc: 1.0000 | Val Acc: 0.0583 | Val P/R/F1 (Macro): 0.1000/0.0331/0.0391 | LR: 0.000001
Epoch [100/100] | Loss: 0.6185 (Cls: 0.6159, TAL: 0.0000, Adv: 0.0172) | Train Acc: 1.0000 | Val Acc: 0.0750 | Val P/R/F1 (Macro): 0.1101/0.0428/0.0449 | LR: 0.000001

迭代 5 最佳指标:
  Accuracy: 0.1500
  Precision (Macro): 0.0285
  Recall (Macro): 0.0865
  F1 (Macro): 0.0429
  Precision (Micro): 0.1500
  Recall (Micro): 0.1500
  F1 (Micro): 0.1500
  Val class coverage: 8/14 (0.5714), samples=120

================================================================================
5次迭代统计结果
================================================================================

accuracy:
  各迭代值: ['0.1667', '0.2167', '0.1917', '0.1917', '0.1500']
  均值 (Mean): 0.1833
  标准差 (Std): 0.0230

precision_macro:
  各迭代值: ['0.0800', '0.0271', '0.0276', '0.1587', '0.0285']
  均值 (Mean): 0.0644
  标准差 (Std): 0.0513

recall_macro:
  各迭代值: ['0.0968', '0.1250', '0.1106', '0.1143', '0.0865']
  均值 (Mean): 0.1066
  标准差 (Std): 0.0135

f1_macro:
  各迭代值: ['0.0636', '0.0445', '0.0442', '0.0995', '0.0429']
  均值 (Mean): 0.0589
  标准差 (Std): 0.0217

precision_micro:
  各迭代值: ['0.1667', '0.2167', '0.1917', '0.1917', '0.1500']
  均值 (Mean): 0.1833
  标准差 (Std): 0.0230

recall_micro:
  各迭代值: ['0.1667', '0.2167', '0.1917', '0.1917', '0.1500']
  均值 (Mean): 0.1833
  标准差 (Std): 0.0230

f1_micro:
  各迭代值: ['0.1667', '0.2167', '0.1917', '0.1917', '0.1500']
  均值 (Mean): 0.1833
  标准差 (Std): 0.0230

val_class_coverage:
  各迭代值: ['0.5714', '0.5714', '0.5714', '0.5714', '0.5714']
  均值 (Mean): 0.5714
  标准差 (Std): 0.0000

val_present_classes:
  各迭代值: ['8.0000', '8.0000', '8.0000', '8.0000', '8.0000']
  均值 (Mean): 8.0000
  标准差 (Std): 0.0000

val_total_classes:
  各迭代值: ['14.0000', '14.0000', '14.0000', '14.0000', '14.0000']
  均值 (Mean): 14.0000
  标准差 (Std): 0.0000

val_samples:
  各迭代值: ['120.0000', '120.0000', '120.0000', '120.0000', '120.0000']
  均值 (Mean): 120.0000
  标准差 (Std): 0.0000

训练结束时间: 2026-07-10 02:39:46
================================================================================
