================================================================================
模块消融实验 - with_tensor_without_ot
目标域天气: 雾天
训练开始时间: 2026-07-13 20:40:34
设备: cuda
源域: /home/lixiang/lx/Data/晴天
目标域: /home/lixiang/lx/Data/雾天
批次大小: 32
总轮数: 100
迭代次数: 5
使用Tensor模块: 是
使用OT模块: 否
特征融合方式: Tensor对齐
域对齐方式: 常规对抗
目标标签比例/权重: 0.24/0.36
Tensor/Adv损失权重: 0.08/0.06
学习率: feature=5e-06, other=0.0002, weight_decay=0.0005
报告策略: last_window, 窗口: 10
================================================================================

================================================================================
迭代 1/5
随机种子: 42
================================================================================
Training mode: unpaired target adaptation with controlled target-label loss (ratio=0.24, weight=0.36).
Fixed labeled target subset: 106/440 samples.
Feature fusion: Tensor alignment (512+512 -> 128+128); fused_dim=256
Domain adaptation: standard source-target adversarial training, no generator
Loss weights: tensor=0.08, adv=0.06
Epoch [1/100] | Loss: 3.6127 (Cls: 3.5539, TAL: 0.3286, Adv: 0.5422) | Train Acc: 0.1947 | Val Acc: 0.2435 | Val P/R/F1 (Macro): 0.0296/0.1111/0.0468 | LR: 0.000005
  >>> New Best Val Acc: 0.2435
Epoch [2/100] | Loss: 2.8083 (Cls: 2.7978, TAL: 0.0349, Adv: 0.1280) | Train Acc: 0.4183 | Val Acc: 0.3304 | Val P/R/F1 (Macro): 0.2674/0.2564/0.2302 | LR: 0.000005
  >>> New Best Val Acc: 0.3304
Epoch [3/100] | Loss: 2.4867 (Cls: 2.4885, TAL: -0.0510, Adv: 0.0383) | Train Acc: 0.4928 | Val Acc: 0.4696 | Val P/R/F1 (Macro): 0.4541/0.3271/0.3019 | LR: 0.000005
  >>> New Best Val Acc: 0.4696
Epoch [4/100] | Loss: 2.1907 (Cls: 2.1864, TAL: 0.0409, Adv: 0.0173) | Train Acc: 0.6034 | Val Acc: 0.4174 | Val P/R/F1 (Macro): 0.4273/0.2732/0.2549 | LR: 0.000005
Epoch [5/100] | Loss: 2.0914 (Cls: 2.0891, TAL: 0.0215, Adv: 0.0092) | Train Acc: 0.6587 | Val Acc: 0.5304 | Val P/R/F1 (Macro): 0.5675/0.4017/0.4187 | LR: 0.000005
  >>> New Best Val Acc: 0.5304
Epoch [6/100] | Loss: 1.7109 (Cls: 1.7148, TAL: -0.0543, Adv: 0.0065) | Train Acc: 0.7957 | Val Acc: 0.5304 | Val P/R/F1 (Macro): 0.3970/0.3885/0.3669 | LR: 0.000005
Epoch [7/100] | Loss: 1.7626 (Cls: 1.7668, TAL: -0.0561, Adv: 0.0061) | Train Acc: 0.7788 | Val Acc: 0.6261 | Val P/R/F1 (Macro): 0.5371/0.5003/0.4894 | LR: 0.000005
  >>> New Best Val Acc: 0.6261
Epoch [8/100] | Loss: 1.6348 (Cls: 1.6359, TAL: -0.0165, Adv: 0.0046) | Train Acc: 0.8125 | Val Acc: 0.4870 | Val P/R/F1 (Macro): 0.4205/0.3588/0.3277 | LR: 0.000005
Epoch [9/100] | Loss: 1.4793 (Cls: 1.4807, TAL: -0.0213, Adv: 0.0049) | Train Acc: 0.8774 | Val Acc: 0.5652 | Val P/R/F1 (Macro): 0.5160/0.4106/0.4091 | LR: 0.000005
Epoch [10/100] | Loss: 1.4696 (Cls: 1.4757, TAL: -0.0790, Adv: 0.0033) | Train Acc: 0.8245 | Val Acc: 0.6435 | Val P/R/F1 (Macro): 0.5164/0.5009/0.4873 | LR: 0.000005
  >>> New Best Val Acc: 0.6435
Epoch [11/100] | Loss: 1.4083 (Cls: 1.4096, TAL: -0.0190, Adv: 0.0042) | Train Acc: 0.8774 | Val Acc: 0.6000 | Val P/R/F1 (Macro): 0.6644/0.4414/0.4619 | LR: 0.000005
Epoch [12/100] | Loss: 1.3410 (Cls: 1.3419, TAL: -0.0145, Adv: 0.0035) | Train Acc: 0.8582 | Val Acc: 0.5304 | Val P/R/F1 (Macro): 0.5486/0.4067/0.4368 | LR: 0.000005
Epoch [13/100] | Loss: 1.2427 (Cls: 1.2447, TAL: -0.0274, Adv: 0.0038) | Train Acc: 0.8990 | Val Acc: 0.6870 | Val P/R/F1 (Macro): 0.5710/0.5424/0.5459 | LR: 0.000005
  >>> New Best Val Acc: 0.6870
Epoch [14/100] | Loss: 1.2055 (Cls: 1.2166, TAL: -0.1411, Adv: 0.0031) | Train Acc: 0.9111 | Val Acc: 0.6783 | Val P/R/F1 (Macro): 0.5143/0.5131/0.4986 | LR: 0.000005
Epoch [15/100] | Loss: 1.2390 (Cls: 1.2552, TAL: -0.2051, Adv: 0.0035) | Train Acc: 0.9135 | Val Acc: 0.7478 | Val P/R/F1 (Macro): 0.6805/0.6042/0.6150 | LR: 0.000005
  >>> New Best Val Acc: 0.7478
Epoch [16/100] | Loss: 1.1866 (Cls: 1.2007, TAL: -0.1791, Adv: 0.0030) | Train Acc: 0.9135 | Val Acc: 0.7826 | Val P/R/F1 (Macro): 0.8022/0.6724/0.6941 | LR: 0.000005
  >>> New Best Val Acc: 0.7826
Epoch [17/100] | Loss: 1.1596 (Cls: 1.1726, TAL: -0.1649, Adv: 0.0031) | Train Acc: 0.9327 | Val Acc: 0.5130 | Val P/R/F1 (Macro): 0.6075/0.3671/0.3947 | LR: 0.000005
Epoch [18/100] | Loss: 1.1242 (Cls: 1.1349, TAL: -0.1360, Adv: 0.0029) | Train Acc: 0.9279 | Val Acc: 0.7913 | Val P/R/F1 (Macro): 0.6850/0.6192/0.6311 | LR: 0.000005
  >>> New Best Val Acc: 0.7913
Epoch [19/100] | Loss: 1.1073 (Cls: 1.1218, TAL: -0.1843, Adv: 0.0030) | Train Acc: 0.9375 | Val Acc: 0.6957 | Val P/R/F1 (Macro): 0.5814/0.5416/0.5354 | LR: 0.000005
Epoch [20/100] | Loss: 1.0697 (Cls: 1.0808, TAL: -0.1403, Adv: 0.0034) | Train Acc: 0.9423 | Val Acc: 0.6348 | Val P/R/F1 (Macro): 0.6159/0.5448/0.5335 | LR: 0.000005
Epoch [21/100] | Loss: 1.1524 (Cls: 1.1626, TAL: -0.1306, Adv: 0.0037) | Train Acc: 0.9038 | Val Acc: 0.7043 | Val P/R/F1 (Macro): 0.7649/0.5671/0.5926 | LR: 0.000005
Epoch [22/100] | Loss: 1.0707 (Cls: 1.0812, TAL: -0.1345, Adv: 0.0038) | Train Acc: 0.9279 | Val Acc: 0.8087 | Val P/R/F1 (Macro): 0.7301/0.6582/0.6685 | LR: 0.000005
  >>> New Best Val Acc: 0.8087
Epoch [23/100] | Loss: 1.0633 (Cls: 1.0712, TAL: -0.1004, Adv: 0.0028) | Train Acc: 0.9495 | Val Acc: 0.7478 | Val P/R/F1 (Macro): 0.6074/0.5847/0.5760 | LR: 0.000005
Epoch [24/100] | Loss: 1.0495 (Cls: 1.0586, TAL: -0.1145, Adv: 0.0025) | Train Acc: 0.9543 | Val Acc: 0.6783 | Val P/R/F1 (Macro): 0.6674/0.5124/0.5305 | LR: 0.000005
Epoch [25/100] | Loss: 1.0357 (Cls: 1.0452, TAL: -0.1210, Adv: 0.0018) | Train Acc: 0.9519 | Val Acc: 0.7913 | Val P/R/F1 (Macro): 0.7337/0.6429/0.6468 | LR: 0.000005
Epoch [26/100] | Loss: 1.0452 (Cls: 1.0518, TAL: -0.0846, Adv: 0.0023) | Train Acc: 0.9543 | Val Acc: 0.8348 | Val P/R/F1 (Macro): 0.8356/0.7237/0.7505 | LR: 0.000005
  >>> New Best Val Acc: 0.8348
Epoch [27/100] | Loss: 1.0069 (Cls: 1.0040, TAL: 0.0353, Adv: 0.0021) | Train Acc: 0.9688 | Val Acc: 0.8174 | Val P/R/F1 (Macro): 0.8935/0.6915/0.7284 | LR: 0.000005
Epoch [28/100] | Loss: 1.0144 (Cls: 1.0078, TAL: 0.0817, Adv: 0.0018) | Train Acc: 0.9615 | Val Acc: 0.7217 | Val P/R/F1 (Macro): 0.6530/0.5812/0.5890 | LR: 0.000005
Epoch [29/100] | Loss: 0.9812 (Cls: 0.9771, TAL: 0.0499, Adv: 0.0023) | Train Acc: 0.9784 | Val Acc: 0.7304 | Val P/R/F1 (Macro): 0.7266/0.5928/0.6061 | LR: 0.000005
Epoch [30/100] | Loss: 1.0014 (Cls: 0.9917, TAL: 0.1187, Adv: 0.0023) | Train Acc: 0.9760 | Val Acc: 0.8087 | Val P/R/F1 (Macro): 0.7735/0.6747/0.6782 | LR: 0.000005
Epoch [31/100] | Loss: 1.0315 (Cls: 1.0155, TAL: 0.1971, Adv: 0.0030) | Train Acc: 0.9471 | Val Acc: 0.7739 | Val P/R/F1 (Macro): 0.7996/0.6269/0.6620 | LR: 0.000005
Epoch [32/100] | Loss: 1.0436 (Cls: 1.0231, TAL: 0.2549, Adv: 0.0019) | Train Acc: 0.9615 | Val Acc: 0.7739 | Val P/R/F1 (Macro): 0.7669/0.6445/0.6582 | LR: 0.000005
Epoch [33/100] | Loss: 0.9881 (Cls: 0.9785, TAL: 0.1184, Adv: 0.0014) | Train Acc: 0.9712 | Val Acc: 0.8261 | Val P/R/F1 (Macro): 0.8073/0.6815/0.6995 | LR: 0.000005
Epoch [34/100] | Loss: 0.9593 (Cls: 0.9496, TAL: 0.1204, Adv: 0.0014) | Train Acc: 0.9832 | Val Acc: 0.8696 | Val P/R/F1 (Macro): 0.9392/0.7575/0.7941 | LR: 0.000005
  >>> New Best Val Acc: 0.8696
Epoch [35/100] | Loss: 0.9653 (Cls: 0.9609, TAL: 0.0525, Adv: 0.0030) | Train Acc: 0.9784 | Val Acc: 0.8000 | Val P/R/F1 (Macro): 0.7810/0.6580/0.6622 | LR: 0.000005
Epoch [36/100] | Loss: 0.9607 (Cls: 0.9618, TAL: -0.0150, Adv: 0.0013) | Train Acc: 0.9808 | Val Acc: 0.7565 | Val P/R/F1 (Macro): 0.6340/0.6233/0.6033 | LR: 0.000005
Epoch [37/100] | Loss: 0.9579 (Cls: 0.9560, TAL: 0.0232, Adv: 0.0010) | Train Acc: 0.9736 | Val Acc: 0.8174 | Val P/R/F1 (Macro): 0.8237/0.6841/0.7212 | LR: 0.000005
Epoch [38/100] | Loss: 0.9796 (Cls: 0.9786, TAL: 0.0100, Adv: 0.0036) | Train Acc: 0.9736 | Val Acc: 0.8087 | Val P/R/F1 (Macro): 0.6790/0.6497/0.6424 | LR: 0.000005
Epoch [39/100] | Loss: 0.9433 (Cls: 0.9408, TAL: 0.0303, Adv: 0.0012) | Train Acc: 0.9808 | Val Acc: 0.7826 | Val P/R/F1 (Macro): 0.8925/0.6786/0.7105 | LR: 0.000005
Epoch [40/100] | Loss: 0.9578 (Cls: 0.9605, TAL: -0.0368, Adv: 0.0047) | Train Acc: 0.9784 | Val Acc: 0.7739 | Val P/R/F1 (Macro): 0.7722/0.6299/0.6462 | LR: 0.000005
Epoch [41/100] | Loss: 0.9386 (Cls: 0.9355, TAL: 0.0387, Adv: 0.0014) | Train Acc: 0.9832 | Val Acc: 0.8087 | Val P/R/F1 (Macro): 0.7896/0.6728/0.6868 | LR: 0.000005
Epoch [42/100] | Loss: 0.9124 (Cls: 0.9114, TAL: 0.0108, Adv: 0.0030) | Train Acc: 0.9904 | Val Acc: 0.8522 | Val P/R/F1 (Macro): 0.8633/0.7500/0.7806 | LR: 0.000005
Epoch [43/100] | Loss: 0.9257 (Cls: 0.9254, TAL: 0.0004, Adv: 0.0044) | Train Acc: 0.9736 | Val Acc: 0.8348 | Val P/R/F1 (Macro): 0.7946/0.7099/0.7238 | LR: 0.000005
Epoch [44/100] | Loss: 0.9081 (Cls: 0.9066, TAL: 0.0156, Adv: 0.0037) | Train Acc: 0.9928 | Val Acc: 0.8348 | Val P/R/F1 (Macro): 0.8049/0.7145/0.7353 | LR: 0.000005
Epoch [45/100] | Loss: 0.9212 (Cls: 0.9190, TAL: 0.0247, Adv: 0.0032) | Train Acc: 0.9904 | Val Acc: 0.7913 | Val P/R/F1 (Macro): 0.8966/0.6388/0.6729 | LR: 0.000003
Epoch [46/100] | Loss: 0.9325 (Cls: 0.9284, TAL: 0.0431, Adv: 0.0099) | Train Acc: 0.9856 | Val Acc: 0.8261 | Val P/R/F1 (Macro): 0.9022/0.7023/0.7298 | LR: 0.000003
Epoch [47/100] | Loss: 0.9125 (Cls: 0.9123, TAL: 0.0002, Adv: 0.0025) | Train Acc: 0.9928 | Val Acc: 0.8174 | Val P/R/F1 (Macro): 0.8842/0.7110/0.7332 | LR: 0.000003
Epoch [48/100] | Loss: 0.9270 (Cls: 0.9272, TAL: -0.0044, Adv: 0.0033) | Train Acc: 0.9736 | Val Acc: 0.8435 | Val P/R/F1 (Macro): 0.7969/0.7304/0.7389 | LR: 0.000003
Epoch [49/100] | Loss: 0.9107 (Cls: 0.9059, TAL: 0.0596, Adv: 0.0006) | Train Acc: 0.9880 | Val Acc: 0.8261 | Val P/R/F1 (Macro): 0.7938/0.7069/0.7252 | LR: 0.000003
Epoch [50/100] | Loss: 0.8903 (Cls: 0.8874, TAL: 0.0357, Adv: 0.0008) | Train Acc: 0.9904 | Val Acc: 0.8348 | Val P/R/F1 (Macro): 0.8262/0.6925/0.7278 | LR: 0.000003
Epoch [51/100] | Loss: 0.8889 (Cls: 0.8879, TAL: 0.0117, Adv: 0.0006) | Train Acc: 0.9880 | Val Acc: 0.8609 | Val P/R/F1 (Macro): 0.8046/0.7420/0.7505 | LR: 0.000003
Epoch [52/100] | Loss: 0.8905 (Cls: 0.8855, TAL: 0.0628, Adv: 0.0005) | Train Acc: 0.9976 | Val Acc: 0.8783 | Val P/R/F1 (Macro): 0.9198/0.7682/0.7901 | LR: 0.000003
  >>> New Best Val Acc: 0.8783
Epoch [53/100] | Loss: 0.8815 (Cls: 0.8797, TAL: 0.0220, Adv: 0.0009) | Train Acc: 0.9976 | Val Acc: 0.8522 | Val P/R/F1 (Macro): 0.8651/0.7336/0.7622 | LR: 0.000003
Epoch [54/100] | Loss: 0.8837 (Cls: 0.8844, TAL: -0.0087, Adv: 0.0005) | Train Acc: 0.9904 | Val Acc: 0.8435 | Val P/R/F1 (Macro): 0.8041/0.7139/0.7291 | LR: 0.000003
Epoch [55/100] | Loss: 0.8763 (Cls: 0.8759, TAL: 0.0050, Adv: 0.0007) | Train Acc: 0.9928 | Val Acc: 0.8087 | Val P/R/F1 (Macro): 0.8666/0.6906/0.7192 | LR: 0.000003
Epoch [56/100] | Loss: 0.8897 (Cls: 0.8899, TAL: -0.0041, Adv: 0.0026) | Train Acc: 0.9856 | Val Acc: 0.8174 | Val P/R/F1 (Macro): 0.7991/0.7120/0.7300 | LR: 0.000003
Epoch [57/100] | Loss: 0.8942 (Cls: 0.8941, TAL: 0.0009, Adv: 0.0004) | Train Acc: 0.9928 | Val Acc: 0.8348 | Val P/R/F1 (Macro): 0.8264/0.6928/0.7279 | LR: 0.000003
Epoch [58/100] | Loss: 0.9010 (Cls: 0.9013, TAL: -0.0052, Adv: 0.0007) | Train Acc: 0.9856 | Val Acc: 0.8435 | Val P/R/F1 (Macro): 0.9094/0.7102/0.7365 | LR: 0.000003
Epoch [59/100] | Loss: 0.8776 (Cls: 0.8785, TAL: -0.0123, Adv: 0.0021) | Train Acc: 0.9928 | Val Acc: 0.8522 | Val P/R/F1 (Macro): 0.9072/0.7407/0.7657 | LR: 0.000003
Epoch [60/100] | Loss: 0.8746 (Cls: 0.8737, TAL: 0.0096, Adv: 0.0012) | Train Acc: 0.9976 | Val Acc: 0.8609 | Val P/R/F1 (Macro): 0.9273/0.7516/0.7857 | LR: 0.000003
Epoch [61/100] | Loss: 0.9030 (Cls: 0.9038, TAL: -0.0102, Adv: 0.0005) | Train Acc: 0.9880 | Val Acc: 0.8435 | Val P/R/F1 (Macro): 0.9040/0.7240/0.7516 | LR: 0.000003
Epoch [62/100] | Loss: 0.8845 (Cls: 0.8860, TAL: -0.0240, Adv: 0.0058) | Train Acc: 0.9928 | Val Acc: 0.8348 | Val P/R/F1 (Macro): 0.9090/0.7282/0.7608 | LR: 0.000003
Epoch [63/100] | Loss: 0.8663 (Cls: 0.8674, TAL: -0.0134, Adv: 0.0007) | Train Acc: 0.9928 | Val Acc: 0.8348 | Val P/R/F1 (Macro): 0.8097/0.6896/0.7140 | LR: 0.000001
Epoch [64/100] | Loss: 0.8651 (Cls: 0.8688, TAL: -0.0474, Adv: 0.0006) | Train Acc: 0.9976 | Val Acc: 0.8609 | Val P/R/F1 (Macro): 0.8265/0.7272/0.7513 | LR: 0.000001
Epoch [65/100] | Loss: 0.8636 (Cls: 0.8662, TAL: -0.0337, Adv: 0.0017) | Train Acc: 0.9976 | Val Acc: 0.8783 | Val P/R/F1 (Macro): 0.9366/0.7618/0.7949 | LR: 0.000001
Epoch [66/100] | Loss: 0.8787 (Cls: 0.8810, TAL: -0.0297, Adv: 0.0016) | Train Acc: 0.9880 | Val Acc: 0.8348 | Val P/R/F1 (Macro): 0.8912/0.7327/0.7545 | LR: 0.000001
Epoch [67/100] | Loss: 0.8622 (Cls: 0.8663, TAL: -0.0513, Adv: 0.0007) | Train Acc: 0.9952 | Val Acc: 0.8783 | Val P/R/F1 (Macro): 0.9278/0.7664/0.7926 | LR: 0.000001
Epoch [68/100] | Loss: 0.8627 (Cls: 0.8645, TAL: -0.0229, Adv: 0.0006) | Train Acc: 0.9976 | Val Acc: 0.8870 | Val P/R/F1 (Macro): 0.9323/0.7722/0.7983 | LR: 0.000001
  >>> New Best Val Acc: 0.8870
Epoch [69/100] | Loss: 0.8675 (Cls: 0.8684, TAL: -0.0108, Adv: 0.0003) | Train Acc: 0.9976 | Val Acc: 0.8696 | Val P/R/F1 (Macro): 0.8274/0.7423/0.7591 | LR: 0.000001
Epoch [70/100] | Loss: 0.8633 (Cls: 0.8651, TAL: -0.0224, Adv: 0.0002) | Train Acc: 0.9976 | Val Acc: 0.8435 | Val P/R/F1 (Macro): 0.7889/0.7103/0.7163 | LR: 0.000001
Epoch [71/100] | Loss: 0.8527 (Cls: 0.8534, TAL: -0.0085, Adv: 0.0003) | Train Acc: 0.9928 | Val Acc: 0.8783 | Val P/R/F1 (Macro): 0.9229/0.7701/0.7946 | LR: 0.000001
Epoch [72/100] | Loss: 0.8717 (Cls: 0.8718, TAL: -0.0006, Adv: 0.0004) | Train Acc: 0.9928 | Val Acc: 0.8783 | Val P/R/F1 (Macro): 0.9241/0.7701/0.7946 | LR: 0.000001
Epoch [73/100] | Loss: 0.8667 (Cls: 0.8667, TAL: -0.0018, Adv: 0.0022) | Train Acc: 0.9952 | Val Acc: 0.8696 | Val P/R/F1 (Macro): 0.9285/0.7524/0.7839 | LR: 0.000001
Epoch [74/100] | Loss: 0.8579 (Cls: 0.8600, TAL: -0.0276, Adv: 0.0005) | Train Acc: 0.9904 | Val Acc: 0.8696 | Val P/R/F1 (Macro): 0.9285/0.7524/0.7839 | LR: 0.000001
Epoch [75/100] | Loss: 0.8614 (Cls: 0.8632, TAL: -0.0236, Adv: 0.0004) | Train Acc: 0.9976 | Val Acc: 0.8783 | Val P/R/F1 (Macro): 0.9303/0.7682/0.7960 | LR: 0.000001
Epoch [76/100] | Loss: 0.8498 (Cls: 0.8511, TAL: -0.0158, Adv: 0.0003) | Train Acc: 0.9976 | Val Acc: 0.8609 | Val P/R/F1 (Macro): 0.8140/0.7398/0.7528 | LR: 0.000001
Epoch [77/100] | Loss: 0.8579 (Cls: 0.8598, TAL: -0.0247, Adv: 0.0022) | Train Acc: 0.9904 | Val Acc: 0.8696 | Val P/R/F1 (Macro): 0.9273/0.7621/0.7912 | LR: 0.000001
Epoch [78/100] | Loss: 0.8599 (Cls: 0.8584, TAL: 0.0183, Adv: 0.0005) | Train Acc: 1.0000 | Val Acc: 0.8609 | Val P/R/F1 (Macro): 0.9246/0.7562/0.7872 | LR: 0.000001
Epoch [79/100] | Loss: 0.8573 (Cls: 0.8596, TAL: -0.0285, Adv: 0.0005) | Train Acc: 0.9928 | Val Acc: 0.8696 | Val P/R/F1 (Macro): 0.8289/0.7392/0.7590 | LR: 0.000001
Epoch [80/100] | Loss: 0.8651 (Cls: 0.8650, TAL: 0.0017, Adv: 0.0004) | Train Acc: 0.9880 | Val Acc: 0.8696 | Val P/R/F1 (Macro): 0.9400/0.7556/0.7929 | LR: 0.000001
Epoch [81/100] | Loss: 0.8424 (Cls: 0.8452, TAL: -0.0351, Adv: 0.0003) | Train Acc: 0.9976 | Val Acc: 0.8435 | Val P/R/F1 (Macro): 0.9199/0.7234/0.7632 | LR: 0.000001
Epoch [82/100] | Loss: 0.8545 (Cls: 0.8534, TAL: 0.0133, Adv: 0.0003) | Train Acc: 0.9952 | Val Acc: 0.8696 | Val P/R/F1 (Macro): 0.9425/0.7553/0.7938 | LR: 0.000001
Epoch [83/100] | Loss: 0.8513 (Cls: 0.8522, TAL: -0.0119, Adv: 0.0003) | Train Acc: 0.9952 | Val Acc: 0.8609 | Val P/R/F1 (Macro): 0.8361/0.7334/0.7590 | LR: 0.000001
Epoch [84/100] | Loss: 0.8370 (Cls: 0.8368, TAL: 0.0024, Adv: 0.0002) | Train Acc: 1.0000 | Val Acc: 0.8609 | Val P/R/F1 (Macro): 0.9394/0.7429/0.7860 | LR: 0.000001
Epoch [85/100] | Loss: 0.8446 (Cls: 0.8448, TAL: -0.0027, Adv: 0.0003) | Train Acc: 1.0000 | Val Acc: 0.8783 | Val P/R/F1 (Macro): 0.9452/0.7615/0.7987 | LR: 0.000001
Epoch [86/100] | Loss: 0.8576 (Cls: 0.8592, TAL: -0.0200, Adv: 0.0002) | Train Acc: 0.9952 | Val Acc: 0.8609 | Val P/R/F1 (Macro): 0.9325/0.7513/0.7866 | LR: 0.000001
Epoch [87/100] | Loss: 0.8376 (Cls: 0.8389, TAL: -0.0166, Adv: 0.0003) | Train Acc: 0.9976 | Val Acc: 0.8348 | Val P/R/F1 (Macro): 0.9108/0.7256/0.7601 | LR: 0.000001
Epoch [88/100] | Loss: 0.8500 (Cls: 0.8532, TAL: -0.0400, Adv: 0.0003) | Train Acc: 0.9976 | Val Acc: 0.8609 | Val P/R/F1 (Macro): 0.9276/0.7538/0.7870 | LR: 0.000001
Epoch [89/100] | Loss: 0.8348 (Cls: 0.8372, TAL: -0.0307, Adv: 0.0002) | Train Acc: 0.9976 | Val Acc: 0.8696 | Val P/R/F1 (Macro): 0.9321/0.7602/0.7927 | LR: 0.000001
Epoch [90/100] | Loss: 0.8463 (Cls: 0.8493, TAL: -0.0381, Adv: 0.0006) | Train Acc: 1.0000 | Val Acc: 0.8435 | Val P/R/F1 (Macro): 0.9208/0.7318/0.7694 | LR: 0.000001
Epoch [91/100] | Loss: 0.8360 (Cls: 0.8390, TAL: -0.0380, Adv: 0.0003) | Train Acc: 0.9976 | Val Acc: 0.8609 | Val P/R/F1 (Macro): 0.9196/0.7584/0.7860 | LR: 0.000001
Epoch [92/100] | Loss: 0.8403 (Cls: 0.8418, TAL: -0.0190, Adv: 0.0001) | Train Acc: 0.9976 | Val Acc: 0.8696 | Val P/R/F1 (Macro): 0.9282/0.7624/0.7919 | LR: 0.000001
Epoch [93/100] | Loss: 0.8441 (Cls: 0.8467, TAL: -0.0329, Adv: 0.0002) | Train Acc: 0.9976 | Val Acc: 0.8522 | Val P/R/F1 (Macro): 0.8133/0.7340/0.7497 | LR: 0.000001
Epoch [94/100] | Loss: 0.8332 (Cls: 0.8360, TAL: -0.0348, Adv: 0.0005) | Train Acc: 0.9976 | Val Acc: 0.8522 | Val P/R/F1 (Macro): 0.8121/0.7240/0.7408 | LR: 0.000001
Epoch [95/100] | Loss: 0.8416 (Cls: 0.8436, TAL: -0.0260, Adv: 0.0002) | Train Acc: 1.0000 | Val Acc: 0.8435 | Val P/R/F1 (Macro): 0.9273/0.7318/0.7722 | LR: 0.000001
Epoch [96/100] | Loss: 0.8402 (Cls: 0.8423, TAL: -0.0264, Adv: 0.0002) | Train Acc: 1.0000 | Val Acc: 0.8435 | Val P/R/F1 (Macro): 0.8135/0.7300/0.7484 | LR: 0.000001
Epoch [97/100] | Loss: 0.8381 (Cls: 0.8405, TAL: -0.0302, Adv: 0.0008) | Train Acc: 1.0000 | Val Acc: 0.8609 | Val P/R/F1 (Macro): 0.9246/0.7562/0.7872 | LR: 0.000001
Epoch [98/100] | Loss: 0.8449 (Cls: 0.8462, TAL: -0.0175, Adv: 0.0007) | Train Acc: 0.9952 | Val Acc: 0.8783 | Val P/R/F1 (Macro): 0.9543/0.7541/0.7959 | LR: 0.000001
Epoch [99/100] | Loss: 0.8437 (Cls: 0.8461, TAL: -0.0306, Adv: 0.0002) | Train Acc: 0.9952 | Val Acc: 0.8696 | Val P/R/F1 (Macro): 0.9491/0.7556/0.7974 | LR: 0.000001
Epoch [100/100] | Loss: 0.8328 (Cls: 0.8353, TAL: -0.0317, Adv: 0.0002) | Train Acc: 1.0000 | Val Acc: 0.8609 | Val P/R/F1 (Macro): 0.9463/0.7416/0.7855 | LR: 0.000001
Report strategy: last_window, window=10, reported_acc=0.8591, best_acc=0.8870

迭代 1 报告指标:
  Accuracy: 0.8591
  Precision (Macro): 0.8988
  Recall (Macro): 0.7448
  F1 (Macro): 0.7755
  Precision (Micro): 0.8591
  Recall (Micro): 0.8591
  F1 (Micro): 0.8591
  Val class coverage: 9/14 (0.6429), samples=115

================================================================================
迭代 2/5
随机种子: 43
================================================================================
Training mode: unpaired target adaptation with controlled target-label loss (ratio=0.24, weight=0.36).
Fixed labeled target subset: 106/440 samples.
Feature fusion: Tensor alignment (512+512 -> 128+128); fused_dim=256
Domain adaptation: standard source-target adversarial training, no generator
Loss weights: tensor=0.08, adv=0.06
Epoch [1/100] | Loss: 3.6780 (Cls: 3.6310, TAL: 0.1483, Adv: 0.5852) | Train Acc: 0.1971 | Val Acc: 0.2696 | Val P/R/F1 (Macro): 0.2606/0.1399/0.1034 | LR: 0.000005
  >>> New Best Val Acc: 0.2696
Epoch [2/100] | Loss: 2.9979 (Cls: 2.9822, TAL: 0.0676, Adv: 0.1716) | Train Acc: 0.2812 | Val Acc: 0.2870 | Val P/R/F1 (Macro): 0.2018/0.2442/0.1890 | LR: 0.000005
  >>> New Best Val Acc: 0.2870
Epoch [3/100] | Loss: 2.5303 (Cls: 2.5403, TAL: -0.1624, Adv: 0.0490) | Train Acc: 0.4567 | Val Acc: 0.4174 | Val P/R/F1 (Macro): 0.3259/0.2814/0.2405 | LR: 0.000005
  >>> New Best Val Acc: 0.4174
Epoch [4/100] | Loss: 2.2417 (Cls: 2.2534, TAL: -0.1619, Adv: 0.0200) | Train Acc: 0.5769 | Val Acc: 0.4870 | Val P/R/F1 (Macro): 0.3062/0.3352/0.2865 | LR: 0.000005
  >>> New Best Val Acc: 0.4870
Epoch [5/100] | Loss: 2.0141 (Cls: 2.0263, TAL: -0.1625, Adv: 0.0118) | Train Acc: 0.6803 | Val Acc: 0.4522 | Val P/R/F1 (Macro): 0.3385/0.2685/0.2453 | LR: 0.000005
Epoch [6/100] | Loss: 1.9635 (Cls: 1.9729, TAL: -0.1239, Adv: 0.0086) | Train Acc: 0.6755 | Val Acc: 0.5304 | Val P/R/F1 (Macro): 0.3401/0.3741/0.3349 | LR: 0.000005
  >>> New Best Val Acc: 0.5304
Epoch [7/100] | Loss: 1.8240 (Cls: 1.8217, TAL: 0.0244, Adv: 0.0065) | Train Acc: 0.7476 | Val Acc: 0.6174 | Val P/R/F1 (Macro): 0.5338/0.4958/0.4901 | LR: 0.000005
  >>> New Best Val Acc: 0.6174
Epoch [8/100] | Loss: 1.7188 (Cls: 1.7227, TAL: -0.0524, Adv: 0.0042) | Train Acc: 0.7548 | Val Acc: 0.5478 | Val P/R/F1 (Macro): 0.4722/0.3811/0.3699 | LR: 0.000005
Epoch [9/100] | Loss: 1.6148 (Cls: 1.6142, TAL: 0.0047, Adv: 0.0033) | Train Acc: 0.7788 | Val Acc: 0.5391 | Val P/R/F1 (Macro): 0.4567/0.3892/0.3759 | LR: 0.000005
Epoch [10/100] | Loss: 1.5355 (Cls: 1.5328, TAL: 0.0319, Adv: 0.0037) | Train Acc: 0.8269 | Val Acc: 0.6087 | Val P/R/F1 (Macro): 0.6656/0.4785/0.4862 | LR: 0.000005
Epoch [11/100] | Loss: 1.5067 (Cls: 1.5065, TAL: -0.0001, Adv: 0.0048) | Train Acc: 0.8365 | Val Acc: 0.5739 | Val P/R/F1 (Macro): 0.6223/0.3906/0.3958 | LR: 0.000005
Epoch [12/100] | Loss: 1.2996 (Cls: 1.3011, TAL: -0.0213, Adv: 0.0033) | Train Acc: 0.8846 | Val Acc: 0.6174 | Val P/R/F1 (Macro): 0.5984/0.4756/0.4904 | LR: 0.000005
Epoch [13/100] | Loss: 1.3986 (Cls: 1.3967, TAL: 0.0217, Adv: 0.0032) | Train Acc: 0.8942 | Val Acc: 0.5739 | Val P/R/F1 (Macro): 0.5864/0.4567/0.4673 | LR: 0.000005
Epoch [14/100] | Loss: 1.2728 (Cls: 1.2755, TAL: -0.0361, Adv: 0.0021) | Train Acc: 0.9014 | Val Acc: 0.6696 | Val P/R/F1 (Macro): 0.5143/0.4861/0.4711 | LR: 0.000005
  >>> New Best Val Acc: 0.6696
Epoch [15/100] | Loss: 1.2495 (Cls: 1.2485, TAL: 0.0102, Adv: 0.0029) | Train Acc: 0.8990 | Val Acc: 0.6174 | Val P/R/F1 (Macro): 0.5209/0.4257/0.4181 | LR: 0.000005
Epoch [16/100] | Loss: 1.1700 (Cls: 1.1731, TAL: -0.0401, Adv: 0.0019) | Train Acc: 0.9279 | Val Acc: 0.6174 | Val P/R/F1 (Macro): 0.6244/0.4491/0.4533 | LR: 0.000005
Epoch [17/100] | Loss: 1.1838 (Cls: 1.1827, TAL: 0.0115, Adv: 0.0029) | Train Acc: 0.8990 | Val Acc: 0.7304 | Val P/R/F1 (Macro): 0.7699/0.6102/0.6426 | LR: 0.000005
  >>> New Best Val Acc: 0.7304
Epoch [18/100] | Loss: 1.1585 (Cls: 1.1531, TAL: 0.0657, Adv: 0.0023) | Train Acc: 0.9111 | Val Acc: 0.7130 | Val P/R/F1 (Macro): 0.6044/0.5411/0.5399 | LR: 0.000005
Epoch [19/100] | Loss: 1.2062 (Cls: 1.1977, TAL: 0.1055, Adv: 0.0018) | Train Acc: 0.9423 | Val Acc: 0.7478 | Val P/R/F1 (Macro): 0.7437/0.6298/0.6421 | LR: 0.000005
  >>> New Best Val Acc: 0.7478
Epoch [20/100] | Loss: 1.1073 (Cls: 1.1093, TAL: -0.0268, Adv: 0.0020) | Train Acc: 0.9303 | Val Acc: 0.6696 | Val P/R/F1 (Macro): 0.6732/0.5052/0.5266 | LR: 0.000005
Epoch [21/100] | Loss: 1.1038 (Cls: 1.1086, TAL: -0.0614, Adv: 0.0015) | Train Acc: 0.9207 | Val Acc: 0.7304 | Val P/R/F1 (Macro): 0.5911/0.5697/0.5523 | LR: 0.000005
Epoch [22/100] | Loss: 1.0346 (Cls: 1.0324, TAL: 0.0249, Adv: 0.0025) | Train Acc: 0.9591 | Val Acc: 0.7043 | Val P/R/F1 (Macro): 0.6843/0.5858/0.5930 | LR: 0.000005
Epoch [23/100] | Loss: 1.0976 (Cls: 1.0985, TAL: -0.0132, Adv: 0.0029) | Train Acc: 0.9351 | Val Acc: 0.7739 | Val P/R/F1 (Macro): 0.8512/0.6688/0.7061 | LR: 0.000005
  >>> New Best Val Acc: 0.7739
Epoch [24/100] | Loss: 1.0918 (Cls: 1.0824, TAL: 0.1158, Adv: 0.0015) | Train Acc: 0.9591 | Val Acc: 0.7652 | Val P/R/F1 (Macro): 0.8063/0.6898/0.7089 | LR: 0.000005
Epoch [25/100] | Loss: 1.0788 (Cls: 1.0735, TAL: 0.0648, Adv: 0.0016) | Train Acc: 0.9423 | Val Acc: 0.7391 | Val P/R/F1 (Macro): 0.7090/0.6297/0.6416 | LR: 0.000005
Epoch [26/100] | Loss: 1.0366 (Cls: 1.0385, TAL: -0.0241, Adv: 0.0013) | Train Acc: 0.9615 | Val Acc: 0.7826 | Val P/R/F1 (Macro): 0.7293/0.6477/0.6676 | LR: 0.000005
  >>> New Best Val Acc: 0.7826
Epoch [27/100] | Loss: 1.0461 (Cls: 1.0487, TAL: -0.0344, Adv: 0.0029) | Train Acc: 0.9399 | Val Acc: 0.7652 | Val P/R/F1 (Macro): 0.7783/0.6546/0.6821 | LR: 0.000005
Epoch [28/100] | Loss: 1.0177 (Cls: 1.0179, TAL: -0.0030, Adv: 0.0011) | Train Acc: 0.9591 | Val Acc: 0.7217 | Val P/R/F1 (Macro): 0.8545/0.6402/0.6867 | LR: 0.000005
Epoch [29/100] | Loss: 1.0505 (Cls: 1.0562, TAL: -0.0724, Adv: 0.0011) | Train Acc: 0.9495 | Val Acc: 0.7652 | Val P/R/F1 (Macro): 0.7862/0.6198/0.6593 | LR: 0.000005
Epoch [30/100] | Loss: 1.0374 (Cls: 1.0397, TAL: -0.0285, Adv: 0.0010) | Train Acc: 0.9519 | Val Acc: 0.7478 | Val P/R/F1 (Macro): 0.7374/0.6720/0.6731 | LR: 0.000005
Epoch [31/100] | Loss: 0.9807 (Cls: 0.9808, TAL: -0.0021, Adv: 0.0009) | Train Acc: 0.9856 | Val Acc: 0.7478 | Val P/R/F1 (Macro): 0.6030/0.5659/0.5610 | LR: 0.000005
Epoch [32/100] | Loss: 0.9984 (Cls: 0.9965, TAL: 0.0224, Adv: 0.0015) | Train Acc: 0.9688 | Val Acc: 0.8174 | Val P/R/F1 (Macro): 0.8684/0.7235/0.7442 | LR: 0.000005
  >>> New Best Val Acc: 0.8174
Epoch [33/100] | Loss: 0.9974 (Cls: 0.9955, TAL: 0.0231, Adv: 0.0014) | Train Acc: 0.9688 | Val Acc: 0.8174 | Val P/R/F1 (Macro): 0.7899/0.7013/0.7249 | LR: 0.000005
Epoch [34/100] | Loss: 0.9962 (Cls: 1.0001, TAL: -0.0500, Adv: 0.0016) | Train Acc: 0.9495 | Val Acc: 0.7826 | Val P/R/F1 (Macro): 0.8490/0.6791/0.7083 | LR: 0.000005
Epoch [35/100] | Loss: 0.9627 (Cls: 0.9689, TAL: -0.0781, Adv: 0.0014) | Train Acc: 0.9639 | Val Acc: 0.7739 | Val P/R/F1 (Macro): 0.7066/0.6836/0.6810 | LR: 0.000005
Epoch [36/100] | Loss: 0.9501 (Cls: 0.9554, TAL: -0.0670, Adv: 0.0014) | Train Acc: 0.9760 | Val Acc: 0.7304 | Val P/R/F1 (Macro): 0.7295/0.6378/0.6426 | LR: 0.000005
Epoch [37/100] | Loss: 0.9781 (Cls: 0.9864, TAL: -0.1048, Adv: 0.0012) | Train Acc: 0.9639 | Val Acc: 0.7391 | Val P/R/F1 (Macro): 0.6156/0.5894/0.5841 | LR: 0.000005
Epoch [38/100] | Loss: 0.9748 (Cls: 0.9833, TAL: -0.1079, Adv: 0.0020) | Train Acc: 0.9639 | Val Acc: 0.7826 | Val P/R/F1 (Macro): 0.8212/0.7180/0.7434 | LR: 0.000005
Epoch [39/100] | Loss: 0.9522 (Cls: 0.9578, TAL: -0.0746, Adv: 0.0059) | Train Acc: 0.9712 | Val Acc: 0.8000 | Val P/R/F1 (Macro): 0.7787/0.6880/0.7047 | LR: 0.000005
Epoch [40/100] | Loss: 0.9531 (Cls: 0.9569, TAL: -0.0506, Adv: 0.0037) | Train Acc: 0.9712 | Val Acc: 0.8261 | Val P/R/F1 (Macro): 0.7921/0.7117/0.7316 | LR: 0.000005
  >>> New Best Val Acc: 0.8261
Epoch [41/100] | Loss: 0.9585 (Cls: 0.9627, TAL: -0.0533, Adv: 0.0013) | Train Acc: 0.9615 | Val Acc: 0.7043 | Val P/R/F1 (Macro): 0.5347/0.5149/0.4996 | LR: 0.000005
Epoch [42/100] | Loss: 0.9680 (Cls: 0.9704, TAL: -0.0305, Adv: 0.0008) | Train Acc: 0.9784 | Val Acc: 0.7913 | Val P/R/F1 (Macro): 0.7723/0.6748/0.6941 | LR: 0.000005
Epoch [43/100] | Loss: 0.9438 (Cls: 0.9469, TAL: -0.0393, Adv: 0.0008) | Train Acc: 0.9880 | Val Acc: 0.7826 | Val P/R/F1 (Macro): 0.7765/0.6690/0.6930 | LR: 0.000005
Epoch [44/100] | Loss: 0.9355 (Cls: 0.9340, TAL: 0.0178, Adv: 0.0009) | Train Acc: 0.9712 | Val Acc: 0.8261 | Val P/R/F1 (Macro): 0.8009/0.7220/0.7492 | LR: 0.000005
Epoch [45/100] | Loss: 0.9598 (Cls: 0.9581, TAL: 0.0196, Adv: 0.0007) | Train Acc: 0.9760 | Val Acc: 0.8435 | Val P/R/F1 (Macro): 0.9103/0.7546/0.7950 | LR: 0.000005
  >>> New Best Val Acc: 0.8435
Epoch [46/100] | Loss: 0.9311 (Cls: 0.9285, TAL: 0.0300, Adv: 0.0041) | Train Acc: 0.9904 | Val Acc: 0.8261 | Val P/R/F1 (Macro): 0.8902/0.7195/0.7417 | LR: 0.000005
Epoch [47/100] | Loss: 0.9245 (Cls: 0.9241, TAL: 0.0037, Adv: 0.0013) | Train Acc: 0.9904 | Val Acc: 0.8261 | Val P/R/F1 (Macro): 0.8916/0.7412/0.7723 | LR: 0.000005
Epoch [48/100] | Loss: 0.9372 (Cls: 0.9360, TAL: 0.0132, Adv: 0.0027) | Train Acc: 0.9928 | Val Acc: 0.8435 | Val P/R/F1 (Macro): 0.8046/0.7310/0.7503 | LR: 0.000005
Epoch [49/100] | Loss: 0.9326 (Cls: 0.9310, TAL: 0.0195, Adv: 0.0007) | Train Acc: 0.9856 | Val Acc: 0.8087 | Val P/R/F1 (Macro): 0.7600/0.6854/0.6974 | LR: 0.000005
Epoch [50/100] | Loss: 0.9428 (Cls: 0.9436, TAL: -0.0102, Adv: 0.0008) | Train Acc: 0.9784 | Val Acc: 0.8261 | Val P/R/F1 (Macro): 0.8953/0.7486/0.7870 | LR: 0.000005
Epoch [51/100] | Loss: 0.9365 (Cls: 0.9351, TAL: 0.0166, Adv: 0.0008) | Train Acc: 0.9808 | Val Acc: 0.7826 | Val P/R/F1 (Macro): 0.7804/0.6556/0.6787 | LR: 0.000005
Epoch [52/100] | Loss: 0.9177 (Cls: 0.9156, TAL: 0.0252, Adv: 0.0017) | Train Acc: 0.9832 | Val Acc: 0.7826 | Val P/R/F1 (Macro): 0.7721/0.6567/0.6792 | LR: 0.000005
Epoch [53/100] | Loss: 0.8988 (Cls: 0.8985, TAL: 0.0020, Adv: 0.0013) | Train Acc: 0.9928 | Val Acc: 0.7913 | Val P/R/F1 (Macro): 0.7762/0.6346/0.6486 | LR: 0.000005
Epoch [54/100] | Loss: 0.8951 (Cls: 0.8953, TAL: -0.0035, Adv: 0.0021) | Train Acc: 0.9952 | Val Acc: 0.8261 | Val P/R/F1 (Macro): 0.7604/0.7082/0.7150 | LR: 0.000005
Epoch [55/100] | Loss: 0.9109 (Cls: 0.9122, TAL: -0.0160, Adv: 0.0011) | Train Acc: 0.9832 | Val Acc: 0.7739 | Val P/R/F1 (Macro): 0.6305/0.6319/0.6205 | LR: 0.000005
Epoch [56/100] | Loss: 0.8862 (Cls: 0.8855, TAL: 0.0061, Adv: 0.0043) | Train Acc: 0.9928 | Val Acc: 0.8348 | Val P/R/F1 (Macro): 0.7912/0.7276/0.7464 | LR: 0.000003
Epoch [57/100] | Loss: 0.8824 (Cls: 0.8859, TAL: -0.0454, Adv: 0.0021) | Train Acc: 0.9928 | Val Acc: 0.8261 | Val P/R/F1 (Macro): 0.7891/0.7117/0.7332 | LR: 0.000003
Epoch [58/100] | Loss: 0.8686 (Cls: 0.8669, TAL: 0.0206, Adv: 0.0021) | Train Acc: 0.9928 | Val Acc: 0.8435 | Val P/R/F1 (Macro): 0.9100/0.7546/0.7956 | LR: 0.000003
Epoch [59/100] | Loss: 0.8816 (Cls: 0.8756, TAL: 0.0740, Adv: 0.0009) | Train Acc: 0.9904 | Val Acc: 0.8348 | Val P/R/F1 (Macro): 0.8810/0.7544/0.7882 | LR: 0.000003
Epoch [60/100] | Loss: 0.8828 (Cls: 0.8808, TAL: 0.0233, Adv: 0.0018) | Train Acc: 0.9928 | Val Acc: 0.8696 | Val P/R/F1 (Macro): 0.9225/0.7851/0.8186 | LR: 0.000003
  >>> New Best Val Acc: 0.8696
Epoch [61/100] | Loss: 0.8724 (Cls: 0.8739, TAL: -0.0206, Adv: 0.0014) | Train Acc: 0.9880 | Val Acc: 0.8261 | Val P/R/F1 (Macro): 0.7761/0.6864/0.6924 | LR: 0.000003
Epoch [62/100] | Loss: 0.8741 (Cls: 0.8734, TAL: 0.0083, Adv: 0.0007) | Train Acc: 0.9928 | Val Acc: 0.8696 | Val P/R/F1 (Macro): 0.9125/0.7769/0.8066 | LR: 0.000003
Epoch [63/100] | Loss: 0.8687 (Cls: 0.8679, TAL: 0.0078, Adv: 0.0021) | Train Acc: 0.9976 | Val Acc: 0.8522 | Val P/R/F1 (Macro): 0.9069/0.7671/0.7974 | LR: 0.000003
Epoch [64/100] | Loss: 0.8805 (Cls: 0.8793, TAL: 0.0138, Adv: 0.0013) | Train Acc: 0.9904 | Val Acc: 0.8435 | Val P/R/F1 (Macro): 0.9079/0.7611/0.7960 | LR: 0.000003
Epoch [65/100] | Loss: 0.8755 (Cls: 0.8756, TAL: -0.0007, Adv: 0.0005) | Train Acc: 0.9928 | Val Acc: 0.8087 | Val P/R/F1 (Macro): 0.7562/0.6900/0.7017 | LR: 0.000003
Epoch [66/100] | Loss: 0.8661 (Cls: 0.8650, TAL: 0.0106, Adv: 0.0051) | Train Acc: 0.9880 | Val Acc: 0.8087 | Val P/R/F1 (Macro): 0.7619/0.6762/0.6964 | LR: 0.000003
Epoch [67/100] | Loss: 0.8610 (Cls: 0.8621, TAL: -0.0140, Adv: 0.0006) | Train Acc: 1.0000 | Val Acc: 0.8522 | Val P/R/F1 (Macro): 0.8023/0.7374/0.7573 | LR: 0.000003
Epoch [68/100] | Loss: 0.8444 (Cls: 0.8450, TAL: -0.0130, Adv: 0.0086) | Train Acc: 1.0000 | Val Acc: 0.8522 | Val P/R/F1 (Macro): 0.8096/0.7328/0.7580 | LR: 0.000003
Epoch [69/100] | Loss: 0.8664 (Cls: 0.8690, TAL: -0.0341, Adv: 0.0010) | Train Acc: 0.9928 | Val Acc: 0.8261 | Val P/R/F1 (Macro): 0.7857/0.7052/0.7297 | LR: 0.000003
Epoch [70/100] | Loss: 0.8532 (Cls: 0.8538, TAL: -0.0087, Adv: 0.0016) | Train Acc: 0.9976 | Val Acc: 0.8261 | Val P/R/F1 (Macro): 0.7687/0.7117/0.7262 | LR: 0.000003
Epoch [71/100] | Loss: 0.8511 (Cls: 0.8513, TAL: -0.0055, Adv: 0.0037) | Train Acc: 0.9976 | Val Acc: 0.8348 | Val P/R/F1 (Macro): 0.8899/0.7357/0.7752 | LR: 0.000001
Epoch [72/100] | Loss: 0.8580 (Cls: 0.8593, TAL: -0.0165, Adv: 0.0007) | Train Acc: 0.9952 | Val Acc: 0.8609 | Val P/R/F1 (Macro): 0.9165/0.7855/0.8180 | LR: 0.000001
Epoch [73/100] | Loss: 0.8596 (Cls: 0.8570, TAL: 0.0314, Adv: 0.0007) | Train Acc: 0.9952 | Val Acc: 0.8609 | Val P/R/F1 (Macro): 0.9175/0.7855/0.8191 | LR: 0.000001
Epoch [74/100] | Loss: 0.8444 (Cls: 0.8456, TAL: -0.0151, Adv: 0.0007) | Train Acc: 0.9976 | Val Acc: 0.8435 | Val P/R/F1 (Macro): 0.9103/0.7673/0.8036 | LR: 0.000001
Epoch [75/100] | Loss: 0.8411 (Cls: 0.8454, TAL: -0.0547, Adv: 0.0003) | Train Acc: 0.9976 | Val Acc: 0.8696 | Val P/R/F1 (Macro): 0.9271/0.7848/0.8244 | LR: 0.000001
Epoch [76/100] | Loss: 0.8370 (Cls: 0.8387, TAL: -0.0212, Adv: 0.0004) | Train Acc: 0.9976 | Val Acc: 0.8522 | Val P/R/F1 (Macro): 0.8035/0.7485/0.7622 | LR: 0.000001
Epoch [77/100] | Loss: 0.8396 (Cls: 0.8402, TAL: -0.0082, Adv: 0.0006) | Train Acc: 1.0000 | Val Acc: 0.8522 | Val P/R/F1 (Macro): 0.9130/0.7696/0.8047 | LR: 0.000001
Epoch [78/100] | Loss: 0.8425 (Cls: 0.8424, TAL: 0.0003, Adv: 0.0004) | Train Acc: 1.0000 | Val Acc: 0.8522 | Val P/R/F1 (Macro): 0.8882/0.7669/0.7963 | LR: 0.000001
Epoch [79/100] | Loss: 0.8472 (Cls: 0.8461, TAL: 0.0134, Adv: 0.0008) | Train Acc: 1.0000 | Val Acc: 0.8174 | Val P/R/F1 (Macro): 0.7549/0.7034/0.7043 | LR: 0.000001
Epoch [80/100] | Loss: 0.8456 (Cls: 0.8449, TAL: 0.0080, Adv: 0.0003) | Train Acc: 0.9952 | Val Acc: 0.8435 | Val P/R/F1 (Macro): 0.9141/0.7711/0.8095 | LR: 0.000001
Epoch [81/100] | Loss: 0.8513 (Cls: 0.8510, TAL: 0.0026, Adv: 0.0005) | Train Acc: 0.9952 | Val Acc: 0.8783 | Val P/R/F1 (Macro): 0.9276/0.8010/0.8332 | LR: 0.000001
  >>> New Best Val Acc: 0.8783
Epoch [82/100] | Loss: 0.8523 (Cls: 0.8517, TAL: 0.0076, Adv: 0.0003) | Train Acc: 0.9904 | Val Acc: 0.8609 | Val P/R/F1 (Macro): 0.9200/0.7763/0.8151 | LR: 0.000001
Epoch [83/100] | Loss: 0.8481 (Cls: 0.8487, TAL: -0.0081, Adv: 0.0003) | Train Acc: 1.0000 | Val Acc: 0.8435 | Val P/R/F1 (Macro): 0.9073/0.7749/0.8086 | LR: 0.000001
Epoch [84/100] | Loss: 0.8404 (Cls: 0.8396, TAL: 0.0101, Adv: 0.0002) | Train Acc: 0.9952 | Val Acc: 0.8609 | Val P/R/F1 (Macro): 0.8116/0.7497/0.7684 | LR: 0.000001
Epoch [85/100] | Loss: 0.8375 (Cls: 0.8350, TAL: 0.0307, Adv: 0.0003) | Train Acc: 1.0000 | Val Acc: 0.8522 | Val P/R/F1 (Macro): 0.8060/0.7374/0.7578 | LR: 0.000001
Epoch [86/100] | Loss: 0.8387 (Cls: 0.8419, TAL: -0.0402, Adv: 0.0002) | Train Acc: 0.9976 | Val Acc: 0.8522 | Val P/R/F1 (Macro): 0.8037/0.7458/0.7622 | LR: 0.000001
Epoch [87/100] | Loss: 0.8424 (Cls: 0.8429, TAL: -0.0058, Adv: 0.0002) | Train Acc: 0.9976 | Val Acc: 0.8609 | Val P/R/F1 (Macro): 0.8115/0.7516/0.7692 | LR: 0.000001
Epoch [88/100] | Loss: 0.8437 (Cls: 0.8436, TAL: 0.0015, Adv: 0.0004) | Train Acc: 0.9976 | Val Acc: 0.8522 | Val P/R/F1 (Macro): 0.9149/0.7669/0.8060 | LR: 0.000001
Epoch [89/100] | Loss: 0.8486 (Cls: 0.8472, TAL: 0.0155, Adv: 0.0019) | Train Acc: 0.9952 | Val Acc: 0.8522 | Val P/R/F1 (Macro): 0.9133/0.7650/0.8028 | LR: 0.000001
Epoch [90/100] | Loss: 0.8402 (Cls: 0.8400, TAL: -0.0005, Adv: 0.0038) | Train Acc: 0.9976 | Val Acc: 0.8348 | Val P/R/F1 (Macro): 0.9103/0.7571/0.7959 | LR: 0.000001
Epoch [91/100] | Loss: 0.8384 (Cls: 0.8370, TAL: 0.0167, Adv: 0.0003) | Train Acc: 0.9976 | Val Acc: 0.8609 | Val P/R/F1 (Macro): 0.9256/0.7625/0.8080 | LR: 0.000001
Epoch [92/100] | Loss: 0.8424 (Cls: 0.8412, TAL: 0.0147, Adv: 0.0002) | Train Acc: 1.0000 | Val Acc: 0.8435 | Val P/R/F1 (Macro): 0.8855/0.7510/0.7809 | LR: 0.000001
Epoch [93/100] | Loss: 0.8383 (Cls: 0.8381, TAL: 0.0033, Adv: 0.0003) | Train Acc: 1.0000 | Val Acc: 0.8696 | Val P/R/F1 (Macro): 0.9312/0.7803/0.8243 | LR: 0.000001
Epoch [94/100] | Loss: 0.8493 (Cls: 0.8504, TAL: -0.0138, Adv: 0.0002) | Train Acc: 0.9952 | Val Acc: 0.8696 | Val P/R/F1 (Macro): 0.9244/0.7868/0.8237 | LR: 0.000001
Epoch [95/100] | Loss: 0.8331 (Cls: 0.8326, TAL: 0.0055, Adv: 0.0001) | Train Acc: 1.0000 | Val Acc: 0.8609 | Val P/R/F1 (Macro): 0.9168/0.7828/0.8187 | LR: 0.000001
Epoch [96/100] | Loss: 0.8487 (Cls: 0.8466, TAL: 0.0271, Adv: 0.0001) | Train Acc: 0.9976 | Val Acc: 0.8870 | Val P/R/F1 (Macro): 0.9333/0.8012/0.8371 | LR: 0.000001
  >>> New Best Val Acc: 0.8870
Epoch [97/100] | Loss: 0.8321 (Cls: 0.8307, TAL: 0.0179, Adv: 0.0004) | Train Acc: 0.9976 | Val Acc: 0.8783 | Val P/R/F1 (Macro): 0.9305/0.7926/0.8310 | LR: 0.000001
Epoch [98/100] | Loss: 0.8297 (Cls: 0.8293, TAL: 0.0049, Adv: 0.0002) | Train Acc: 0.9976 | Val Acc: 0.8174 | Val P/R/F1 (Macro): 0.7786/0.6823/0.6851 | LR: 0.000001
Epoch [99/100] | Loss: 0.8378 (Cls: 0.8380, TAL: -0.0024, Adv: 0.0002) | Train Acc: 0.9976 | Val Acc: 0.8435 | Val P/R/F1 (Macro): 0.7913/0.7180/0.7319 | LR: 0.000001
Epoch [100/100] | Loss: 0.8416 (Cls: 0.8395, TAL: 0.0251, Adv: 0.0002) | Train Acc: 0.9976 | Val Acc: 0.8435 | Val P/R/F1 (Macro): 0.7906/0.7299/0.7440 | LR: 0.000001
Report strategy: last_window, window=10, reported_acc=0.8574, best_acc=0.8870

迭代 2 报告指标:
  Accuracy: 0.8574
  Precision (Macro): 0.8808
  Recall (Macro): 0.7587
  F1 (Macro): 0.7885
  Precision (Micro): 0.8574
  Recall (Micro): 0.8574
  F1 (Micro): 0.8574
  Val class coverage: 9/14 (0.6429), samples=115

================================================================================
迭代 3/5
随机种子: 44
================================================================================
Training mode: unpaired target adaptation with controlled target-label loss (ratio=0.24, weight=0.36).
Fixed labeled target subset: 106/440 samples.
Feature fusion: Tensor alignment (512+512 -> 128+128); fused_dim=256
Domain adaptation: standard source-target adversarial training, no generator
Loss weights: tensor=0.08, adv=0.06
Epoch [1/100] | Loss: 3.6432 (Cls: 3.6067, TAL: -0.0335, Adv: 0.6540) | Train Acc: 0.1683 | Val Acc: 0.2609 | Val P/R/F1 (Macro): 0.0836/0.1282/0.0709 | LR: 0.000005
  >>> New Best Val Acc: 0.2609
Epoch [2/100] | Loss: 2.8231 (Cls: 2.8436, TAL: -0.3624, Adv: 0.1416) | Train Acc: 0.3846 | Val Acc: 0.3913 | Val P/R/F1 (Macro): 0.1700/0.2401/0.1931 | LR: 0.000005
  >>> New Best Val Acc: 0.3913
Epoch [3/100] | Loss: 2.4479 (Cls: 2.4554, TAL: -0.1376, Adv: 0.0593) | Train Acc: 0.5144 | Val Acc: 0.4609 | Val P/R/F1 (Macro): 0.3048/0.3247/0.2911 | LR: 0.000005
  >>> New Best Val Acc: 0.4609
Epoch [4/100] | Loss: 2.4367 (Cls: 2.4351, TAL: 0.0059, Adv: 0.0193) | Train Acc: 0.5096 | Val Acc: 0.5217 | Val P/R/F1 (Macro): 0.4759/0.3444/0.3519 | LR: 0.000005
  >>> New Best Val Acc: 0.5217
Epoch [5/100] | Loss: 2.1319 (Cls: 2.1289, TAL: 0.0307, Adv: 0.0083) | Train Acc: 0.6058 | Val Acc: 0.5652 | Val P/R/F1 (Macro): 0.3398/0.3808/0.3403 | LR: 0.000005
  >>> New Best Val Acc: 0.5652
Epoch [6/100] | Loss: 1.8806 (Cls: 1.8752, TAL: 0.0636, Adv: 0.0060) | Train Acc: 0.7260 | Val Acc: 0.5217 | Val P/R/F1 (Macro): 0.3795/0.3928/0.3490 | LR: 0.000005
Epoch [7/100] | Loss: 1.7663 (Cls: 1.7583, TAL: 0.0972, Adv: 0.0049) | Train Acc: 0.7115 | Val Acc: 0.4870 | Val P/R/F1 (Macro): 0.4024/0.3754/0.3572 | LR: 0.000005
Epoch [8/100] | Loss: 1.7041 (Cls: 1.6960, TAL: 0.0991, Adv: 0.0034) | Train Acc: 0.7668 | Val Acc: 0.6348 | Val P/R/F1 (Macro): 0.4405/0.4519/0.4328 | LR: 0.000005
  >>> New Best Val Acc: 0.6348
Epoch [9/100] | Loss: 1.6250 (Cls: 1.6243, TAL: 0.0058, Adv: 0.0036) | Train Acc: 0.7596 | Val Acc: 0.6087 | Val P/R/F1 (Macro): 0.4225/0.4383/0.4163 | LR: 0.000005
Epoch [10/100] | Loss: 1.5464 (Cls: 1.5430, TAL: 0.0390, Adv: 0.0041) | Train Acc: 0.7885 | Val Acc: 0.6870 | Val P/R/F1 (Macro): 0.4956/0.5131/0.4940 | LR: 0.000005
  >>> New Best Val Acc: 0.6870
Epoch [11/100] | Loss: 1.4234 (Cls: 1.4174, TAL: 0.0711, Adv: 0.0045) | Train Acc: 0.8389 | Val Acc: 0.6696 | Val P/R/F1 (Macro): 0.7458/0.5687/0.5896 | LR: 0.000005
Epoch [12/100] | Loss: 1.3848 (Cls: 1.3775, TAL: 0.0881, Adv: 0.0034) | Train Acc: 0.8630 | Val Acc: 0.6957 | Val P/R/F1 (Macro): 0.5795/0.5423/0.5196 | LR: 0.000005
  >>> New Best Val Acc: 0.6957
Epoch [13/100] | Loss: 1.3061 (Cls: 1.2934, TAL: 0.1567, Adv: 0.0031) | Train Acc: 0.8774 | Val Acc: 0.7391 | Val P/R/F1 (Macro): 0.6037/0.6160/0.5919 | LR: 0.000005
  >>> New Best Val Acc: 0.7391
Epoch [14/100] | Loss: 1.3014 (Cls: 1.2918, TAL: 0.1170, Adv: 0.0030) | Train Acc: 0.8678 | Val Acc: 0.6435 | Val P/R/F1 (Macro): 0.6210/0.4765/0.4911 | LR: 0.000005
Epoch [15/100] | Loss: 1.2896 (Cls: 1.2756, TAL: 0.1724, Adv: 0.0028) | Train Acc: 0.8606 | Val Acc: 0.7130 | Val P/R/F1 (Macro): 0.7301/0.5746/0.5728 | LR: 0.000005
Epoch [16/100] | Loss: 1.2813 (Cls: 1.2714, TAL: 0.1208, Adv: 0.0028) | Train Acc: 0.8846 | Val Acc: 0.7652 | Val P/R/F1 (Macro): 0.7641/0.6029/0.6151 | LR: 0.000005
  >>> New Best Val Acc: 0.7652
Epoch [17/100] | Loss: 1.1695 (Cls: 1.1590, TAL: 0.1297, Adv: 0.0021) | Train Acc: 0.9159 | Val Acc: 0.7043 | Val P/R/F1 (Macro): 0.7193/0.5892/0.5811 | LR: 0.000005
Epoch [18/100] | Loss: 1.1034 (Cls: 1.0962, TAL: 0.0874, Adv: 0.0031) | Train Acc: 0.9375 | Val Acc: 0.7391 | Val P/R/F1 (Macro): 0.5300/0.5604/0.5278 | LR: 0.000005
Epoch [19/100] | Loss: 1.1099 (Cls: 1.1056, TAL: 0.0500, Adv: 0.0042) | Train Acc: 0.9351 | Val Acc: 0.7391 | Val P/R/F1 (Macro): 0.5044/0.5529/0.5236 | LR: 0.000005
Epoch [20/100] | Loss: 1.1699 (Cls: 1.1646, TAL: 0.0635, Adv: 0.0028) | Train Acc: 0.9183 | Val Acc: 0.7217 | Val P/R/F1 (Macro): 0.7179/0.5836/0.5794 | LR: 0.000005
Epoch [21/100] | Loss: 1.1131 (Cls: 1.1081, TAL: 0.0600, Adv: 0.0023) | Train Acc: 0.9303 | Val Acc: 0.7304 | Val P/R/F1 (Macro): 0.7086/0.5701/0.5685 | LR: 0.000005
Epoch [22/100] | Loss: 1.1106 (Cls: 1.1040, TAL: 0.0798, Adv: 0.0025) | Train Acc: 0.9207 | Val Acc: 0.7739 | Val P/R/F1 (Macro): 0.6399/0.6425/0.6269 | LR: 0.000005
  >>> New Best Val Acc: 0.7739
Epoch [23/100] | Loss: 1.1241 (Cls: 1.1182, TAL: 0.0729, Adv: 0.0027) | Train Acc: 0.9543 | Val Acc: 0.7304 | Val P/R/F1 (Macro): 0.7317/0.6298/0.6319 | LR: 0.000005
Epoch [24/100] | Loss: 1.0983 (Cls: 1.0919, TAL: 0.0781, Adv: 0.0023) | Train Acc: 0.9543 | Val Acc: 0.7217 | Val P/R/F1 (Macro): 0.7337/0.5806/0.5942 | LR: 0.000005
Epoch [25/100] | Loss: 1.0355 (Cls: 1.0329, TAL: 0.0312, Adv: 0.0012) | Train Acc: 0.9567 | Val Acc: 0.7391 | Val P/R/F1 (Macro): 0.5047/0.5634/0.5255 | LR: 0.000005
Epoch [26/100] | Loss: 1.0474 (Cls: 1.0513, TAL: -0.0490, Adv: 0.0014) | Train Acc: 0.9639 | Val Acc: 0.7478 | Val P/R/F1 (Macro): 0.7447/0.5895/0.5914 | LR: 0.000005
Epoch [27/100] | Loss: 1.0396 (Cls: 1.0393, TAL: 0.0025, Adv: 0.0016) | Train Acc: 0.9471 | Val Acc: 0.7826 | Val P/R/F1 (Macro): 0.7550/0.6331/0.6275 | LR: 0.000005
  >>> New Best Val Acc: 0.7826
Epoch [28/100] | Loss: 1.0180 (Cls: 1.0150, TAL: 0.0364, Adv: 0.0019) | Train Acc: 0.9591 | Val Acc: 0.7913 | Val P/R/F1 (Macro): 0.7710/0.6485/0.6492 | LR: 0.000005
  >>> New Best Val Acc: 0.7913
Epoch [29/100] | Loss: 1.0102 (Cls: 1.0076, TAL: 0.0307, Adv: 0.0019) | Train Acc: 0.9615 | Val Acc: 0.7478 | Val P/R/F1 (Macro): 0.7460/0.5854/0.5824 | LR: 0.000005
Epoch [30/100] | Loss: 1.0162 (Cls: 1.0144, TAL: 0.0210, Adv: 0.0011) | Train Acc: 0.9615 | Val Acc: 0.7478 | Val P/R/F1 (Macro): 0.6171/0.5868/0.5649 | LR: 0.000005
Epoch [31/100] | Loss: 0.9983 (Cls: 0.9962, TAL: 0.0255, Adv: 0.0013) | Train Acc: 0.9663 | Val Acc: 0.6957 | Val P/R/F1 (Macro): 0.6222/0.5286/0.5146 | LR: 0.000005
Epoch [32/100] | Loss: 1.0656 (Cls: 1.0634, TAL: 0.0262, Adv: 0.0024) | Train Acc: 0.9423 | Val Acc: 0.7391 | Val P/R/F1 (Macro): 0.6025/0.5749/0.5400 | LR: 0.000005
Epoch [33/100] | Loss: 1.0140 (Cls: 1.0136, TAL: 0.0021, Adv: 0.0041) | Train Acc: 0.9495 | Val Acc: 0.7652 | Val P/R/F1 (Macro): 0.5685/0.6084/0.5792 | LR: 0.000005
Epoch [34/100] | Loss: 1.0142 (Cls: 1.0095, TAL: 0.0548, Adv: 0.0053) | Train Acc: 0.9639 | Val Acc: 0.8000 | Val P/R/F1 (Macro): 0.7416/0.6577/0.6542 | LR: 0.000005
  >>> New Best Val Acc: 0.8000
Epoch [35/100] | Loss: 0.9742 (Cls: 0.9714, TAL: 0.0247, Adv: 0.0141) | Train Acc: 0.9688 | Val Acc: 0.7565 | Val P/R/F1 (Macro): 0.6182/0.5890/0.5622 | LR: 0.000005
Epoch [36/100] | Loss: 0.9828 (Cls: 0.9796, TAL: 0.0336, Adv: 0.0073) | Train Acc: 0.9688 | Val Acc: 0.7826 | Val P/R/F1 (Macro): 0.6231/0.6510/0.6208 | LR: 0.000005
Epoch [37/100] | Loss: 1.0153 (Cls: 1.0170, TAL: -0.0235, Adv: 0.0042) | Train Acc: 0.9663 | Val Acc: 0.7478 | Val P/R/F1 (Macro): 0.5261/0.5485/0.5288 | LR: 0.000005
Epoch [38/100] | Loss: 0.9888 (Cls: 0.9945, TAL: -0.0749, Adv: 0.0039) | Train Acc: 0.9639 | Val Acc: 0.7652 | Val P/R/F1 (Macro): 0.5488/0.5832/0.5461 | LR: 0.000005
Epoch [39/100] | Loss: 0.9796 (Cls: 0.9811, TAL: -0.0198, Adv: 0.0015) | Train Acc: 0.9688 | Val Acc: 0.7826 | Val P/R/F1 (Macro): 0.6377/0.6109/0.5944 | LR: 0.000005
Epoch [40/100] | Loss: 0.9883 (Cls: 0.9906, TAL: -0.0290, Adv: 0.0016) | Train Acc: 0.9712 | Val Acc: 0.7826 | Val P/R/F1 (Macro): 0.6569/0.6099/0.5955 | LR: 0.000005
Epoch [41/100] | Loss: 0.9282 (Cls: 0.9336, TAL: -0.0674, Adv: 0.0011) | Train Acc: 0.9856 | Val Acc: 0.7913 | Val P/R/F1 (Macro): 0.7190/0.6835/0.6790 | LR: 0.000005
Epoch [42/100] | Loss: 0.9491 (Cls: 0.9556, TAL: -0.0812, Adv: 0.0009) | Train Acc: 0.9832 | Val Acc: 0.7739 | Val P/R/F1 (Macro): 0.7052/0.6162/0.6382 | LR: 0.000005
Epoch [43/100] | Loss: 0.9506 (Cls: 0.9586, TAL: -0.1013, Adv: 0.0019) | Train Acc: 0.9688 | Val Acc: 0.7826 | Val P/R/F1 (Macro): 0.7482/0.6319/0.6273 | LR: 0.000005
Epoch [44/100] | Loss: 0.9512 (Cls: 0.9504, TAL: 0.0076, Adv: 0.0029) | Train Acc: 0.9663 | Val Acc: 0.8000 | Val P/R/F1 (Macro): 0.6623/0.6413/0.6221 | LR: 0.000005
Epoch [45/100] | Loss: 0.9674 (Cls: 0.9622, TAL: 0.0634, Adv: 0.0023) | Train Acc: 0.9712 | Val Acc: 0.7739 | Val P/R/F1 (Macro): 0.5414/0.5823/0.5505 | LR: 0.000003
Epoch [46/100] | Loss: 0.9466 (Cls: 0.9326, TAL: 0.1729, Adv: 0.0038) | Train Acc: 0.9688 | Val Acc: 0.7652 | Val P/R/F1 (Macro): 0.6234/0.6122/0.5913 | LR: 0.000003
Epoch [47/100] | Loss: 0.9500 (Cls: 0.9362, TAL: 0.1711, Adv: 0.0013) | Train Acc: 0.9784 | Val Acc: 0.7739 | Val P/R/F1 (Macro): 0.6300/0.5993/0.5691 | LR: 0.000003
Epoch [48/100] | Loss: 0.9172 (Cls: 0.9116, TAL: 0.0699, Adv: 0.0006) | Train Acc: 0.9904 | Val Acc: 0.7739 | Val P/R/F1 (Macro): 0.7349/0.6327/0.6196 | LR: 0.000003
Epoch [49/100] | Loss: 0.9111 (Cls: 0.9047, TAL: 0.0793, Adv: 0.0005) | Train Acc: 0.9856 | Val Acc: 0.8000 | Val P/R/F1 (Macro): 0.8617/0.6762/0.6918 | LR: 0.000003
Epoch [50/100] | Loss: 0.9154 (Cls: 0.9100, TAL: 0.0664, Adv: 0.0011) | Train Acc: 0.9832 | Val Acc: 0.7739 | Val P/R/F1 (Macro): 0.6233/0.6083/0.5746 | LR: 0.000003
Epoch [51/100] | Loss: 0.9260 (Cls: 0.9226, TAL: 0.0415, Adv: 0.0006) | Train Acc: 0.9736 | Val Acc: 0.7913 | Val P/R/F1 (Macro): 0.6336/0.6526/0.6244 | LR: 0.000003
Epoch [52/100] | Loss: 0.9002 (Cls: 0.8930, TAL: 0.0896, Adv: 0.0006) | Train Acc: 0.9976 | Val Acc: 0.8000 | Val P/R/F1 (Macro): 0.7731/0.6316/0.6199 | LR: 0.000003
Epoch [53/100] | Loss: 0.9076 (Cls: 0.8994, TAL: 0.1014, Adv: 0.0008) | Train Acc: 0.9904 | Val Acc: 0.8000 | Val P/R/F1 (Macro): 0.8859/0.6644/0.6760 | LR: 0.000003
Epoch [54/100] | Loss: 0.9012 (Cls: 0.8946, TAL: 0.0831, Adv: 0.0004) | Train Acc: 0.9952 | Val Acc: 0.8000 | Val P/R/F1 (Macro): 0.6434/0.6262/0.5943 | LR: 0.000003
Epoch [55/100] | Loss: 0.9068 (Cls: 0.9019, TAL: 0.0604, Adv: 0.0009) | Train Acc: 0.9928 | Val Acc: 0.7913 | Val P/R/F1 (Macro): 0.6602/0.6176/0.5936 | LR: 0.000003
Epoch [56/100] | Loss: 0.9405 (Cls: 0.9417, TAL: -0.0159, Adv: 0.0026) | Train Acc: 0.9760 | Val Acc: 0.7913 | Val P/R/F1 (Macro): 0.6538/0.6176/0.5935 | LR: 0.000001
Epoch [57/100] | Loss: 0.9137 (Cls: 0.9143, TAL: -0.0086, Adv: 0.0025) | Train Acc: 0.9856 | Val Acc: 0.8000 | Val P/R/F1 (Macro): 0.7727/0.6335/0.6210 | LR: 0.000001
Epoch [58/100] | Loss: 0.9023 (Cls: 0.9008, TAL: 0.0178, Adv: 0.0010) | Train Acc: 0.9928 | Val Acc: 0.8000 | Val P/R/F1 (Macro): 0.7818/0.6335/0.6274 | LR: 0.000001
Epoch [59/100] | Loss: 0.8749 (Cls: 0.8756, TAL: -0.0093, Adv: 0.0008) | Train Acc: 0.9928 | Val Acc: 0.8000 | Val P/R/F1 (Macro): 0.8847/0.6666/0.6769 | LR: 0.000001
Epoch [60/100] | Loss: 0.8965 (Cls: 0.8977, TAL: -0.0147, Adv: 0.0005) | Train Acc: 0.9856 | Val Acc: 0.8174 | Val P/R/F1 (Macro): 0.8443/0.6813/0.6845 | LR: 0.000001
  >>> New Best Val Acc: 0.8174
Epoch [61/100] | Loss: 0.8702 (Cls: 0.8699, TAL: 0.0027, Adv: 0.0004) | Train Acc: 0.9928 | Val Acc: 0.8174 | Val P/R/F1 (Macro): 0.8926/0.6767/0.6858 | LR: 0.000001
Epoch [62/100] | Loss: 0.8923 (Cls: 0.8908, TAL: 0.0180, Adv: 0.0006) | Train Acc: 0.9856 | Val Acc: 0.8174 | Val P/R/F1 (Macro): 0.8926/0.6767/0.6858 | LR: 0.000001
Epoch [63/100] | Loss: 0.9123 (Cls: 0.9109, TAL: 0.0173, Adv: 0.0005) | Train Acc: 0.9808 | Val Acc: 0.8087 | Val P/R/F1 (Macro): 0.8820/0.6706/0.6823 | LR: 0.000001
Epoch [64/100] | Loss: 0.9213 (Cls: 0.9160, TAL: 0.0641, Adv: 0.0018) | Train Acc: 0.9904 | Val Acc: 0.8000 | Val P/R/F1 (Macro): 0.8840/0.6644/0.6767 | LR: 0.000001
Epoch [65/100] | Loss: 0.9056 (Cls: 0.8984, TAL: 0.0890, Adv: 0.0005) | Train Acc: 0.9856 | Val Acc: 0.8087 | Val P/R/F1 (Macro): 0.7770/0.6791/0.6853 | LR: 0.000001
Epoch [66/100] | Loss: 0.8908 (Cls: 0.8862, TAL: 0.0562, Adv: 0.0003) | Train Acc: 0.9880 | Val Acc: 0.8087 | Val P/R/F1 (Macro): 0.6649/0.6460/0.6246 | LR: 0.000001
Epoch [67/100] | Loss: 0.8997 (Cls: 0.8943, TAL: 0.0681, Adv: 0.0003) | Train Acc: 0.9928 | Val Acc: 0.8000 | Val P/R/F1 (Macro): 0.7699/0.6335/0.6196 | LR: 0.000001
Epoch [68/100] | Loss: 0.8743 (Cls: 0.8723, TAL: 0.0251, Adv: 0.0003) | Train Acc: 0.9952 | Val Acc: 0.7913 | Val P/R/F1 (Macro): 0.7665/0.6273/0.6158 | LR: 0.000001
Epoch [69/100] | Loss: 0.8707 (Cls: 0.8687, TAL: 0.0241, Adv: 0.0005) | Train Acc: 0.9976 | Val Acc: 0.7913 | Val P/R/F1 (Macro): 0.6464/0.6176/0.5879 | LR: 0.000001
Epoch [70/100] | Loss: 0.8855 (Cls: 0.8814, TAL: 0.0508, Adv: 0.0009) | Train Acc: 0.9856 | Val Acc: 0.8087 | Val P/R/F1 (Macro): 0.7808/0.6397/0.6310 | LR: 0.000001
Epoch [71/100] | Loss: 0.8710 (Cls: 0.8670, TAL: 0.0492, Adv: 0.0006) | Train Acc: 0.9976 | Val Acc: 0.8000 | Val P/R/F1 (Macro): 0.6779/0.6238/0.6070 | LR: 0.000001
Epoch [72/100] | Loss: 0.8700 (Cls: 0.8682, TAL: 0.0231, Adv: 0.0002) | Train Acc: 0.9952 | Val Acc: 0.7913 | Val P/R/F1 (Macro): 0.6464/0.6176/0.5887 | LR: 0.000001
Epoch [73/100] | Loss: 0.8768 (Cls: 0.8724, TAL: 0.0537, Adv: 0.0003) | Train Acc: 0.9928 | Val Acc: 0.7913 | Val P/R/F1 (Macro): 0.6566/0.6176/0.5913 | LR: 0.000001
Epoch [74/100] | Loss: 0.8616 (Cls: 0.8607, TAL: 0.0111, Adv: 0.0007) | Train Acc: 0.9928 | Val Acc: 0.7913 | Val P/R/F1 (Macro): 0.6576/0.6176/0.5926 | LR: 0.000001
Epoch [75/100] | Loss: 0.8637 (Cls: 0.8585, TAL: 0.0648, Adv: 0.0002) | Train Acc: 0.9976 | Val Acc: 0.8000 | Val P/R/F1 (Macro): 0.6640/0.6238/0.5981 | LR: 0.000001
Epoch [76/100] | Loss: 0.8638 (Cls: 0.8634, TAL: 0.0036, Adv: 0.0005) | Train Acc: 0.9952 | Val Acc: 0.8000 | Val P/R/F1 (Macro): 0.6646/0.6238/0.5988 | LR: 0.000001
Epoch [77/100] | Loss: 0.8630 (Cls: 0.8597, TAL: 0.0411, Adv: 0.0002) | Train Acc: 0.9928 | Val Acc: 0.7913 | Val P/R/F1 (Macro): 0.6578/0.6176/0.5909 | LR: 0.000001
Epoch [78/100] | Loss: 0.8693 (Cls: 0.8675, TAL: 0.0227, Adv: 0.0002) | Train Acc: 0.9952 | Val Acc: 0.8000 | Val P/R/F1 (Macro): 0.6602/0.6238/0.5964 | LR: 0.000001
Epoch [79/100] | Loss: 0.8681 (Cls: 0.8638, TAL: 0.0531, Adv: 0.0002) | Train Acc: 0.9904 | Val Acc: 0.8000 | Val P/R/F1 (Macro): 0.6666/0.6238/0.6011 | LR: 0.000001
Epoch [80/100] | Loss: 0.8580 (Cls: 0.8555, TAL: 0.0315, Adv: 0.0002) | Train Acc: 0.9976 | Val Acc: 0.8087 | Val P/R/F1 (Macro): 0.7768/0.6609/0.6559 | LR: 0.000001
Epoch [81/100] | Loss: 0.8658 (Cls: 0.8654, TAL: 0.0044, Adv: 0.0002) | Train Acc: 0.9952 | Val Acc: 0.8000 | Val P/R/F1 (Macro): 0.6631/0.6399/0.6230 | LR: 0.000001
Epoch [82/100] | Loss: 0.8630 (Cls: 0.8633, TAL: -0.0037, Adv: 0.0002) | Train Acc: 1.0000 | Val Acc: 0.8000 | Val P/R/F1 (Macro): 0.6558/0.6399/0.6267 | LR: 0.000001
Epoch [83/100] | Loss: 0.8450 (Cls: 0.8463, TAL: -0.0162, Adv: 0.0002) | Train Acc: 0.9976 | Val Acc: 0.8000 | Val P/R/F1 (Macro): 0.6615/0.6238/0.5955 | LR: 0.000001
Epoch [84/100] | Loss: 0.8548 (Cls: 0.8538, TAL: 0.0126, Adv: 0.0003) | Train Acc: 0.9904 | Val Acc: 0.7913 | Val P/R/F1 (Macro): 0.6484/0.6176/0.5909 | LR: 0.000001
Epoch [85/100] | Loss: 0.8641 (Cls: 0.8641, TAL: -0.0004, Adv: 0.0002) | Train Acc: 0.9952 | Val Acc: 0.8000 | Val P/R/F1 (Macro): 0.6604/0.6238/0.5943 | LR: 0.000001
Epoch [86/100] | Loss: 0.8599 (Cls: 0.8580, TAL: 0.0235, Adv: 0.0002) | Train Acc: 0.9928 | Val Acc: 0.7913 | Val P/R/F1 (Macro): 0.6597/0.6176/0.5928 | LR: 0.000001
Epoch [87/100] | Loss: 0.8484 (Cls: 0.8474, TAL: 0.0122, Adv: 0.0002) | Train Acc: 1.0000 | Val Acc: 0.8087 | Val P/R/F1 (Macro): 0.7649/0.6397/0.6234 | LR: 0.000001
Epoch [88/100] | Loss: 0.8570 (Cls: 0.8568, TAL: 0.0018, Adv: 0.0002) | Train Acc: 0.9976 | Val Acc: 0.8087 | Val P/R/F1 (Macro): 0.7734/0.6557/0.6498 | LR: 0.000001
Epoch [89/100] | Loss: 0.8490 (Cls: 0.8482, TAL: 0.0094, Adv: 0.0002) | Train Acc: 1.0000 | Val Acc: 0.8087 | Val P/R/F1 (Macro): 0.7763/0.6397/0.6276 | LR: 0.000001
Epoch [90/100] | Loss: 0.8546 (Cls: 0.8532, TAL: 0.0177, Adv: 0.0002) | Train Acc: 0.9976 | Val Acc: 0.8087 | Val P/R/F1 (Macro): 0.7724/0.6397/0.6243 | LR: 0.000001
Epoch [91/100] | Loss: 0.8551 (Cls: 0.8558, TAL: -0.0091, Adv: 0.0003) | Train Acc: 0.9928 | Val Acc: 0.8000 | Val P/R/F1 (Macro): 0.7731/0.6335/0.6236 | LR: 0.000001
Epoch [92/100] | Loss: 0.8507 (Cls: 0.8495, TAL: 0.0148, Adv: 0.0003) | Train Acc: 0.9976 | Val Acc: 0.8000 | Val P/R/F1 (Macro): 0.7710/0.6335/0.6218 | LR: 0.000001
Epoch [93/100] | Loss: 0.8440 (Cls: 0.8431, TAL: 0.0111, Adv: 0.0002) | Train Acc: 0.9976 | Val Acc: 0.8000 | Val P/R/F1 (Macro): 0.7789/0.6335/0.6268 | LR: 0.000001
Epoch [94/100] | Loss: 0.8474 (Cls: 0.8478, TAL: -0.0042, Adv: 0.0002) | Train Acc: 0.9976 | Val Acc: 0.8000 | Val P/R/F1 (Macro): 0.7776/0.6335/0.6260 | LR: 0.000001
Epoch [95/100] | Loss: 0.8485 (Cls: 0.8490, TAL: -0.0059, Adv: 0.0002) | Train Acc: 0.9976 | Val Acc: 0.8000 | Val P/R/F1 (Macro): 0.6545/0.6399/0.6229 | LR: 0.000001
Epoch [96/100] | Loss: 0.8538 (Cls: 0.8528, TAL: 0.0117, Adv: 0.0002) | Train Acc: 0.9976 | Val Acc: 0.8000 | Val P/R/F1 (Macro): 0.7727/0.6335/0.6210 | LR: 0.000001
Epoch [97/100] | Loss: 0.8539 (Cls: 0.8528, TAL: 0.0133, Adv: 0.0002) | Train Acc: 0.9976 | Val Acc: 0.7913 | Val P/R/F1 (Macro): 0.6644/0.6176/0.5968 | LR: 0.000001
Epoch [98/100] | Loss: 0.8451 (Cls: 0.8426, TAL: 0.0305, Adv: 0.0001) | Train Acc: 1.0000 | Val Acc: 0.8000 | Val P/R/F1 (Macro): 0.7710/0.6335/0.6218 | LR: 0.000001
Epoch [99/100] | Loss: 0.8557 (Cls: 0.8546, TAL: 0.0131, Adv: 0.0001) | Train Acc: 0.9952 | Val Acc: 0.7913 | Val P/R/F1 (Macro): 0.6460/0.6176/0.5904 | LR: 0.000001
Epoch [100/100] | Loss: 0.8557 (Cls: 0.8558, TAL: -0.0015, Adv: 0.0001) | Train Acc: 1.0000 | Val Acc: 0.8000 | Val P/R/F1 (Macro): 0.7714/0.6335/0.6194 | LR: 0.000001
Report strategy: last_window, window=10, reported_acc=0.7983, best_acc=0.8174

迭代 3 报告指标:
  Accuracy: 0.7983
  Precision (Macro): 0.7380
  Recall (Macro): 0.6310
  F1 (Macro): 0.6171
  Precision (Micro): 0.7983
  Recall (Micro): 0.7983
  F1 (Micro): 0.7983
  Val class coverage: 9/14 (0.6429), samples=115

================================================================================
迭代 4/5
随机种子: 45
================================================================================
Training mode: unpaired target adaptation with controlled target-label loss (ratio=0.24, weight=0.36).
Fixed labeled target subset: 106/440 samples.
Feature fusion: Tensor alignment (512+512 -> 128+128); fused_dim=256
Domain adaptation: standard source-target adversarial training, no generator
Loss weights: tensor=0.08, adv=0.06
Epoch [1/100] | Loss: 3.8157 (Cls: 3.7937, TAL: -0.0860, Adv: 0.4825) | Train Acc: 0.1394 | Val Acc: 0.1652 | Val P/R/F1 (Macro): 0.1082/0.1276/0.0797 | LR: 0.000005
  >>> New Best Val Acc: 0.1652
Epoch [2/100] | Loss: 2.8749 (Cls: 2.8935, TAL: -0.3282, Adv: 0.1262) | Train Acc: 0.3798 | Val Acc: 0.4261 | Val P/R/F1 (Macro): 0.2921/0.2608/0.2172 | LR: 0.000005
  >>> New Best Val Acc: 0.4261
Epoch [3/100] | Loss: 2.5508 (Cls: 2.5594, TAL: -0.1400, Adv: 0.0439) | Train Acc: 0.4832 | Val Acc: 0.3130 | Val P/R/F1 (Macro): 0.2736/0.2236/0.1903 | LR: 0.000005
Epoch [4/100] | Loss: 2.3743 (Cls: 2.3707, TAL: 0.0303, Adv: 0.0191) | Train Acc: 0.5649 | Val Acc: 0.4000 | Val P/R/F1 (Macro): 0.3236/0.2963/0.2604 | LR: 0.000005
Epoch [5/100] | Loss: 2.0780 (Cls: 2.0753, TAL: 0.0295, Adv: 0.0059) | Train Acc: 0.6490 | Val Acc: 0.4783 | Val P/R/F1 (Macro): 0.3062/0.3006/0.2695 | LR: 0.000005
  >>> New Best Val Acc: 0.4783
Epoch [6/100] | Loss: 2.1057 (Cls: 2.1071, TAL: -0.0200, Adv: 0.0037) | Train Acc: 0.6803 | Val Acc: 0.5565 | Val P/R/F1 (Macro): 0.4071/0.3942/0.3802 | LR: 0.000005
  >>> New Best Val Acc: 0.5565
Epoch [7/100] | Loss: 1.8744 (Cls: 1.8794, TAL: -0.0654, Adv: 0.0039) | Train Acc: 0.7284 | Val Acc: 0.5913 | Val P/R/F1 (Macro): 0.5412/0.4303/0.4420 | LR: 0.000005
  >>> New Best Val Acc: 0.5913
Epoch [8/100] | Loss: 1.6410 (Cls: 1.6401, TAL: 0.0096, Adv: 0.0036) | Train Acc: 0.8053 | Val Acc: 0.4522 | Val P/R/F1 (Macro): 0.4637/0.2799/0.2570 | LR: 0.000005
Epoch [9/100] | Loss: 1.5560 (Cls: 1.5579, TAL: -0.0263, Adv: 0.0025) | Train Acc: 0.8245 | Val Acc: 0.5739 | Val P/R/F1 (Macro): 0.5032/0.3837/0.3880 | LR: 0.000005
Epoch [10/100] | Loss: 1.4964 (Cls: 1.4998, TAL: -0.0442, Adv: 0.0025) | Train Acc: 0.8245 | Val Acc: 0.5391 | Val P/R/F1 (Macro): 0.5239/0.3438/0.3378 | LR: 0.000005
Epoch [11/100] | Loss: 1.5184 (Cls: 1.5208, TAL: -0.0320, Adv: 0.0029) | Train Acc: 0.8341 | Val Acc: 0.6261 | Val P/R/F1 (Macro): 0.4770/0.4400/0.4287 | LR: 0.000005
  >>> New Best Val Acc: 0.6261
Epoch [12/100] | Loss: 1.3744 (Cls: 1.3770, TAL: -0.0336, Adv: 0.0017) | Train Acc: 0.8365 | Val Acc: 0.5913 | Val P/R/F1 (Macro): 0.4869/0.4050/0.3898 | LR: 0.000005
Epoch [13/100] | Loss: 1.3712 (Cls: 1.3708, TAL: 0.0035, Adv: 0.0023) | Train Acc: 0.8846 | Val Acc: 0.6783 | Val P/R/F1 (Macro): 0.5151/0.4931/0.4848 | LR: 0.000005
  >>> New Best Val Acc: 0.6783
Epoch [14/100] | Loss: 1.2548 (Cls: 1.2556, TAL: -0.0113, Adv: 0.0025) | Train Acc: 0.9111 | Val Acc: 0.6435 | Val P/R/F1 (Macro): 0.5799/0.4648/0.4631 | LR: 0.000005
Epoch [15/100] | Loss: 1.3164 (Cls: 1.3223, TAL: -0.0758, Adv: 0.0029) | Train Acc: 0.8774 | Val Acc: 0.6870 | Val P/R/F1 (Macro): 0.6625/0.5141/0.5447 | LR: 0.000005
  >>> New Best Val Acc: 0.6870
Epoch [16/100] | Loss: 1.2031 (Cls: 1.2045, TAL: -0.0197, Adv: 0.0025) | Train Acc: 0.9038 | Val Acc: 0.7652 | Val P/R/F1 (Macro): 0.6583/0.5913/0.6055 | LR: 0.000005
  >>> New Best Val Acc: 0.7652
Epoch [17/100] | Loss: 1.2033 (Cls: 1.2056, TAL: -0.0315, Adv: 0.0034) | Train Acc: 0.9135 | Val Acc: 0.7391 | Val P/R/F1 (Macro): 0.5530/0.5467/0.5356 | LR: 0.000005
Epoch [18/100] | Loss: 1.1592 (Cls: 1.1628, TAL: -0.0460, Adv: 0.0021) | Train Acc: 0.9038 | Val Acc: 0.7478 | Val P/R/F1 (Macro): 0.6869/0.5644/0.5907 | LR: 0.000005
Epoch [19/100] | Loss: 1.1657 (Cls: 1.1726, TAL: -0.0881, Adv: 0.0026) | Train Acc: 0.8846 | Val Acc: 0.7652 | Val P/R/F1 (Macro): 0.6628/0.5959/0.6089 | LR: 0.000005
Epoch [20/100] | Loss: 1.1539 (Cls: 1.1607, TAL: -0.0865, Adv: 0.0019) | Train Acc: 0.9303 | Val Acc: 0.7304 | Val P/R/F1 (Macro): 0.6889/0.5470/0.5747 | LR: 0.000005
Epoch [21/100] | Loss: 1.1845 (Cls: 1.1893, TAL: -0.0607, Adv: 0.0019) | Train Acc: 0.9135 | Val Acc: 0.7478 | Val P/R/F1 (Macro): 0.6411/0.5888/0.5955 | LR: 0.000005
Epoch [22/100] | Loss: 1.1419 (Cls: 1.1422, TAL: -0.0063, Adv: 0.0032) | Train Acc: 0.9159 | Val Acc: 0.7913 | Val P/R/F1 (Macro): 0.6703/0.6323/0.6411 | LR: 0.000005
  >>> New Best Val Acc: 0.7913
Epoch [23/100] | Loss: 1.0592 (Cls: 1.0590, TAL: -0.0003, Adv: 0.0031) | Train Acc: 0.9519 | Val Acc: 0.7391 | Val P/R/F1 (Macro): 0.6086/0.5826/0.5853 | LR: 0.000005
Epoch [24/100] | Loss: 1.0824 (Cls: 1.0810, TAL: 0.0154, Adv: 0.0022) | Train Acc: 0.9495 | Val Acc: 0.7739 | Val P/R/F1 (Macro): 0.7890/0.6098/0.6454 | LR: 0.000005
Epoch [25/100] | Loss: 1.0654 (Cls: 1.0595, TAL: 0.0717, Adv: 0.0032) | Train Acc: 0.9688 | Val Acc: 0.7478 | Val P/R/F1 (Macro): 0.6768/0.5774/0.6021 | LR: 0.000005
Epoch [26/100] | Loss: 1.0476 (Cls: 1.0395, TAL: 0.0998, Adv: 0.0035) | Train Acc: 0.9495 | Val Acc: 0.8087 | Val P/R/F1 (Macro): 0.6868/0.6470/0.6504 | LR: 0.000005
  >>> New Best Val Acc: 0.8087
Epoch [27/100] | Loss: 1.0710 (Cls: 1.0647, TAL: 0.0762, Adv: 0.0031) | Train Acc: 0.9471 | Val Acc: 0.7391 | Val P/R/F1 (Macro): 0.6665/0.5534/0.5627 | LR: 0.000005
Epoch [28/100] | Loss: 1.0607 (Cls: 1.0602, TAL: 0.0056, Adv: 0.0011) | Train Acc: 0.9639 | Val Acc: 0.8261 | Val P/R/F1 (Macro): 0.7266/0.6921/0.6985 | LR: 0.000005
  >>> New Best Val Acc: 0.8261
Epoch [29/100] | Loss: 1.0623 (Cls: 1.0619, TAL: 0.0045, Adv: 0.0013) | Train Acc: 0.9615 | Val Acc: 0.7652 | Val P/R/F1 (Macro): 0.6739/0.5971/0.6065 | LR: 0.000005
Epoch [30/100] | Loss: 0.9893 (Cls: 0.9864, TAL: 0.0354, Adv: 0.0020) | Train Acc: 0.9832 | Val Acc: 0.7739 | Val P/R/F1 (Macro): 0.6810/0.6101/0.6243 | LR: 0.000005
Epoch [31/100] | Loss: 1.0339 (Cls: 1.0284, TAL: 0.0692, Adv: 0.0010) | Train Acc: 0.9495 | Val Acc: 0.8087 | Val P/R/F1 (Macro): 0.7025/0.6178/0.6173 | LR: 0.000005
Epoch [32/100] | Loss: 0.9609 (Cls: 0.9557, TAL: 0.0606, Adv: 0.0053) | Train Acc: 0.9784 | Val Acc: 0.8348 | Val P/R/F1 (Macro): 0.7558/0.6934/0.7130 | LR: 0.000005
  >>> New Best Val Acc: 0.8348
Epoch [33/100] | Loss: 0.9890 (Cls: 0.9854, TAL: 0.0437, Adv: 0.0011) | Train Acc: 0.9639 | Val Acc: 0.8261 | Val P/R/F1 (Macro): 0.6776/0.6623/0.6535 | LR: 0.000005
Epoch [34/100] | Loss: 1.0085 (Cls: 1.0055, TAL: 0.0367, Adv: 0.0013) | Train Acc: 0.9712 | Val Acc: 0.7739 | Val P/R/F1 (Macro): 0.6962/0.6118/0.6260 | LR: 0.000005
Epoch [35/100] | Loss: 0.9742 (Cls: 0.9742, TAL: -0.0009, Adv: 0.0006) | Train Acc: 0.9688 | Val Acc: 0.8261 | Val P/R/F1 (Macro): 0.7646/0.7082/0.7228 | LR: 0.000005
Epoch [36/100] | Loss: 0.9774 (Cls: 0.9757, TAL: 0.0215, Adv: 0.0006) | Train Acc: 0.9760 | Val Acc: 0.7913 | Val P/R/F1 (Macro): 0.7733/0.6447/0.6525 | LR: 0.000005
Epoch [37/100] | Loss: 0.9853 (Cls: 0.9843, TAL: 0.0120, Adv: 0.0008) | Train Acc: 0.9663 | Val Acc: 0.8348 | Val P/R/F1 (Macro): 0.8127/0.7069/0.7287 | LR: 0.000005
Epoch [38/100] | Loss: 0.9730 (Cls: 0.9717, TAL: 0.0152, Adv: 0.0012) | Train Acc: 0.9808 | Val Acc: 0.8087 | Val P/R/F1 (Macro): 0.7153/0.6525/0.6706 | LR: 0.000005
Epoch [39/100] | Loss: 0.9444 (Cls: 0.9431, TAL: 0.0160, Adv: 0.0006) | Train Acc: 0.9639 | Val Acc: 0.8348 | Val P/R/F1 (Macro): 0.7094/0.6641/0.6670 | LR: 0.000005
Epoch [40/100] | Loss: 0.9249 (Cls: 0.9274, TAL: -0.0312, Adv: 0.0005) | Train Acc: 0.9832 | Val Acc: 0.8261 | Val P/R/F1 (Macro): 0.7591/0.6782/0.6757 | LR: 0.000005
Epoch [41/100] | Loss: 0.9725 (Cls: 0.9783, TAL: -0.0732, Adv: 0.0006) | Train Acc: 0.9688 | Val Acc: 0.7739 | Val P/R/F1 (Macro): 0.6932/0.6106/0.6306 | LR: 0.000005
Epoch [42/100] | Loss: 0.9356 (Cls: 0.9368, TAL: -0.0161, Adv: 0.0008) | Train Acc: 0.9760 | Val Acc: 0.8348 | Val P/R/F1 (Macro): 0.7065/0.6766/0.6834 | LR: 0.000005
Epoch [43/100] | Loss: 0.9331 (Cls: 0.9300, TAL: 0.0371, Adv: 0.0010) | Train Acc: 0.9760 | Val Acc: 0.8261 | Val P/R/F1 (Macro): 0.7270/0.6654/0.6794 | LR: 0.000003
Epoch [44/100] | Loss: 0.9268 (Cls: 0.9218, TAL: 0.0611, Adv: 0.0013) | Train Acc: 0.9904 | Val Acc: 0.8000 | Val P/R/F1 (Macro): 0.7122/0.6217/0.6352 | LR: 0.000003
Epoch [45/100] | Loss: 0.9288 (Cls: 0.9238, TAL: 0.0618, Adv: 0.0012) | Train Acc: 0.9856 | Val Acc: 0.7826 | Val P/R/F1 (Macro): 0.6918/0.6091/0.6215 | LR: 0.000003
Epoch [46/100] | Loss: 0.9258 (Cls: 0.9227, TAL: 0.0374, Adv: 0.0012) | Train Acc: 0.9784 | Val Acc: 0.7652 | Val P/R/F1 (Macro): 0.6768/0.5925/0.6036 | LR: 0.000003
Epoch [47/100] | Loss: 0.9383 (Cls: 0.9336, TAL: 0.0535, Adv: 0.0075) | Train Acc: 0.9856 | Val Acc: 0.8087 | Val P/R/F1 (Macro): 0.6910/0.6655/0.6692 | LR: 0.000003
Epoch [48/100] | Loss: 0.9037 (Cls: 0.9010, TAL: 0.0331, Adv: 0.0007) | Train Acc: 0.9904 | Val Acc: 0.8348 | Val P/R/F1 (Macro): 0.8205/0.7024/0.7217 | LR: 0.000003
Epoch [49/100] | Loss: 0.9075 (Cls: 0.9075, TAL: -0.0008, Adv: 0.0016) | Train Acc: 0.9856 | Val Acc: 0.8087 | Val P/R/F1 (Macro): 0.7126/0.6494/0.6658 | LR: 0.000003
Epoch [50/100] | Loss: 0.9287 (Cls: 0.9268, TAL: 0.0236, Adv: 0.0008) | Train Acc: 0.9808 | Val Acc: 0.8261 | Val P/R/F1 (Macro): 0.7005/0.6633/0.6650 | LR: 0.000003
Epoch [51/100] | Loss: 0.9320 (Cls: 0.9278, TAL: 0.0518, Adv: 0.0011) | Train Acc: 0.9808 | Val Acc: 0.8609 | Val P/R/F1 (Macro): 0.7101/0.7187/0.7099 | LR: 0.000003
  >>> New Best Val Acc: 0.8609
Epoch [52/100] | Loss: 0.9005 (Cls: 0.8961, TAL: 0.0541, Adv: 0.0010) | Train Acc: 0.9832 | Val Acc: 0.8261 | Val P/R/F1 (Macro): 0.6957/0.6533/0.6487 | LR: 0.000003
Epoch [53/100] | Loss: 0.9161 (Cls: 0.9101, TAL: 0.0742, Adv: 0.0008) | Train Acc: 0.9904 | Val Acc: 0.8609 | Val P/R/F1 (Macro): 0.7152/0.7044/0.7040 | LR: 0.000003
Epoch [54/100] | Loss: 0.8980 (Cls: 0.8937, TAL: 0.0533, Adv: 0.0004) | Train Acc: 0.9928 | Val Acc: 0.8522 | Val P/R/F1 (Macro): 0.7225/0.6825/0.6913 | LR: 0.000003
Epoch [55/100] | Loss: 0.8994 (Cls: 0.8957, TAL: 0.0456, Adv: 0.0003) | Train Acc: 0.9904 | Val Acc: 0.8261 | Val P/R/F1 (Macro): 0.7021/0.6620/0.6704 | LR: 0.000003
Epoch [56/100] | Loss: 0.8797 (Cls: 0.8803, TAL: -0.0074, Adv: 0.0003) | Train Acc: 0.9928 | Val Acc: 0.8435 | Val P/R/F1 (Macro): 0.6908/0.6919/0.6855 | LR: 0.000003
Epoch [57/100] | Loss: 0.9012 (Cls: 0.9015, TAL: -0.0036, Adv: 0.0003) | Train Acc: 0.9856 | Val Acc: 0.8696 | Val P/R/F1 (Macro): 0.7197/0.7129/0.7110 | LR: 0.000003
  >>> New Best Val Acc: 0.8696
Epoch [58/100] | Loss: 0.9029 (Cls: 0.9008, TAL: 0.0261, Adv: 0.0007) | Train Acc: 0.9904 | Val Acc: 0.8261 | Val P/R/F1 (Macro): 0.7255/0.6690/0.6845 | LR: 0.000003
Epoch [59/100] | Loss: 0.8963 (Cls: 0.8942, TAL: 0.0249, Adv: 0.0009) | Train Acc: 0.9904 | Val Acc: 0.8261 | Val P/R/F1 (Macro): 0.7173/0.6620/0.6761 | LR: 0.000003
Epoch [60/100] | Loss: 0.8729 (Cls: 0.8740, TAL: -0.0143, Adv: 0.0008) | Train Acc: 0.9952 | Val Acc: 0.8609 | Val P/R/F1 (Macro): 0.7202/0.7046/0.7061 | LR: 0.000003
Epoch [61/100] | Loss: 0.8733 (Cls: 0.8756, TAL: -0.0289, Adv: 0.0006) | Train Acc: 1.0000 | Val Acc: 0.8609 | Val P/R/F1 (Macro): 0.7209/0.6984/0.7031 | LR: 0.000003
Epoch [62/100] | Loss: 0.8829 (Cls: 0.8887, TAL: -0.0725, Adv: 0.0005) | Train Acc: 0.9904 | Val Acc: 0.8870 | Val P/R/F1 (Macro): 0.8298/0.7391/0.7497 | LR: 0.000003
  >>> New Best Val Acc: 0.8870
Epoch [63/100] | Loss: 0.8814 (Cls: 0.8855, TAL: -0.0519, Adv: 0.0004) | Train Acc: 0.9880 | Val Acc: 0.8435 | Val P/R/F1 (Macro): 0.8354/0.7001/0.7285 | LR: 0.000003
Epoch [64/100] | Loss: 0.8624 (Cls: 0.8658, TAL: -0.0437, Adv: 0.0012) | Train Acc: 0.9952 | Val Acc: 0.8435 | Val P/R/F1 (Macro): 0.7293/0.6813/0.6941 | LR: 0.000003
Epoch [65/100] | Loss: 0.8682 (Cls: 0.8678, TAL: 0.0048, Adv: 0.0005) | Train Acc: 0.9928 | Val Acc: 0.8522 | Val P/R/F1 (Macro): 0.7267/0.6899/0.6994 | LR: 0.000003
Epoch [66/100] | Loss: 0.8517 (Cls: 0.8529, TAL: -0.0162, Adv: 0.0004) | Train Acc: 0.9976 | Val Acc: 0.8522 | Val P/R/F1 (Macro): 0.7138/0.6829/0.6877 | LR: 0.000003
Epoch [67/100] | Loss: 0.8895 (Cls: 0.8913, TAL: -0.0237, Adv: 0.0004) | Train Acc: 0.9904 | Val Acc: 0.8261 | Val P/R/F1 (Macro): 0.7130/0.6519/0.6632 | LR: 0.000003
Epoch [68/100] | Loss: 0.8727 (Cls: 0.8730, TAL: -0.0044, Adv: 0.0010) | Train Acc: 0.9880 | Val Acc: 0.8522 | Val P/R/F1 (Macro): 0.8028/0.7090/0.7169 | LR: 0.000003
Epoch [69/100] | Loss: 0.8729 (Cls: 0.8732, TAL: -0.0062, Adv: 0.0042) | Train Acc: 0.9976 | Val Acc: 0.8609 | Val P/R/F1 (Macro): 0.7176/0.7049/0.7051 | LR: 0.000003
Epoch [70/100] | Loss: 0.8711 (Cls: 0.8721, TAL: -0.0128, Adv: 0.0006) | Train Acc: 0.9952 | Val Acc: 0.8435 | Val P/R/F1 (Macro): 0.7130/0.6829/0.6872 | LR: 0.000003
Epoch [71/100] | Loss: 0.8732 (Cls: 0.8748, TAL: -0.0202, Adv: 0.0005) | Train Acc: 0.9928 | Val Acc: 0.8609 | Val P/R/F1 (Macro): 0.7209/0.6984/0.7031 | LR: 0.000003
Epoch [72/100] | Loss: 0.8801 (Cls: 0.8791, TAL: 0.0113, Adv: 0.0004) | Train Acc: 0.9880 | Val Acc: 0.8696 | Val P/R/F1 (Macro): 0.7228/0.7107/0.7110 | LR: 0.000003
Epoch [73/100] | Loss: 0.8673 (Cls: 0.8671, TAL: 0.0024, Adv: 0.0002) | Train Acc: 0.9952 | Val Acc: 0.8696 | Val P/R/F1 (Macro): 0.7197/0.7129/0.7110 | LR: 0.000001
Epoch [74/100] | Loss: 0.8817 (Cls: 0.8810, TAL: 0.0092, Adv: 0.0001) | Train Acc: 0.9904 | Val Acc: 0.8609 | Val P/R/F1 (Macro): 0.7290/0.6960/0.7040 | LR: 0.000001
Epoch [75/100] | Loss: 0.8605 (Cls: 0.8607, TAL: -0.0031, Adv: 0.0003) | Train Acc: 0.9976 | Val Acc: 0.8522 | Val P/R/F1 (Macro): 0.7267/0.6926/0.7015 | LR: 0.000001
Epoch [76/100] | Loss: 0.8569 (Cls: 0.8591, TAL: -0.0287, Adv: 0.0015) | Train Acc: 0.9952 | Val Acc: 0.8696 | Val P/R/F1 (Macro): 0.7309/0.7084/0.7118 | LR: 0.000001
Epoch [77/100] | Loss: 0.8608 (Cls: 0.8616, TAL: -0.0114, Adv: 0.0004) | Train Acc: 0.9976 | Val Acc: 0.8957 | Val P/R/F1 (Macro): 0.8480/0.7614/0.7846 | LR: 0.000001
  >>> New Best Val Acc: 0.8957
Epoch [78/100] | Loss: 0.8507 (Cls: 0.8519, TAL: -0.0147, Adv: 0.0002) | Train Acc: 0.9952 | Val Acc: 0.8609 | Val P/R/F1 (Macro): 0.7277/0.7046/0.7089 | LR: 0.000001
Epoch [79/100] | Loss: 0.8600 (Cls: 0.8584, TAL: 0.0196, Adv: 0.0002) | Train Acc: 0.9928 | Val Acc: 0.8435 | Val P/R/F1 (Macro): 0.7243/0.6864/0.6967 | LR: 0.000001
Epoch [80/100] | Loss: 0.8556 (Cls: 0.8543, TAL: 0.0166, Adv: 0.0002) | Train Acc: 0.9952 | Val Acc: 0.8348 | Val P/R/F1 (Macro): 0.7227/0.6751/0.6878 | LR: 0.000001
Epoch [81/100] | Loss: 0.8436 (Cls: 0.8465, TAL: -0.0358, Adv: 0.0002) | Train Acc: 0.9976 | Val Acc: 0.8696 | Val P/R/F1 (Macro): 0.8307/0.7435/0.7666 | LR: 0.000001
Epoch [82/100] | Loss: 0.8424 (Cls: 0.8457, TAL: -0.0424, Adv: 0.0004) | Train Acc: 1.0000 | Val Acc: 0.8522 | Val P/R/F1 (Macro): 0.7273/0.6967/0.7028 | LR: 0.000001
Epoch [83/100] | Loss: 0.8568 (Cls: 0.8577, TAL: -0.0119, Adv: 0.0002) | Train Acc: 0.9952 | Val Acc: 0.8696 | Val P/R/F1 (Macro): 0.7277/0.7204/0.7188 | LR: 0.000001
Epoch [84/100] | Loss: 0.8406 (Cls: 0.8436, TAL: -0.0382, Adv: 0.0001) | Train Acc: 0.9952 | Val Acc: 0.8435 | Val P/R/F1 (Macro): 0.7105/0.6929/0.6942 | LR: 0.000001
Epoch [85/100] | Loss: 0.8548 (Cls: 0.8548, TAL: 0.0009, Adv: 0.0001) | Train Acc: 1.0000 | Val Acc: 0.8261 | Val P/R/F1 (Macro): 0.7212/0.6720/0.6858 | LR: 0.000001
Epoch [86/100] | Loss: 0.8576 (Cls: 0.8567, TAL: 0.0113, Adv: 0.0002) | Train Acc: 0.9976 | Val Acc: 0.8348 | Val P/R/F1 (Macro): 0.7227/0.6805/0.6922 | LR: 0.000001
Epoch [87/100] | Loss: 0.8633 (Cls: 0.8605, TAL: 0.0356, Adv: 0.0002) | Train Acc: 0.9904 | Val Acc: 0.8783 | Val P/R/F1 (Macro): 0.7327/0.7169/0.7184 | LR: 0.000001
Epoch [88/100] | Loss: 0.8508 (Cls: 0.8497, TAL: 0.0133, Adv: 0.0004) | Train Acc: 0.9952 | Val Acc: 0.8783 | Val P/R/F1 (Macro): 0.7137/0.7169/0.7100 | LR: 0.000001
Epoch [89/100] | Loss: 0.8412 (Cls: 0.8426, TAL: -0.0173, Adv: 0.0002) | Train Acc: 0.9976 | Val Acc: 0.8783 | Val P/R/F1 (Macro): 0.7255/0.7169/0.7157 | LR: 0.000001
Epoch [90/100] | Loss: 0.8464 (Cls: 0.8441, TAL: 0.0288, Adv: 0.0002) | Train Acc: 1.0000 | Val Acc: 0.8696 | Val P/R/F1 (Macro): 0.7228/0.7107/0.7110 | LR: 0.000001
Epoch [91/100] | Loss: 0.8405 (Cls: 0.8421, TAL: -0.0198, Adv: 0.0002) | Train Acc: 0.9976 | Val Acc: 0.8435 | Val P/R/F1 (Macro): 0.7243/0.6875/0.6955 | LR: 0.000001
Epoch [92/100] | Loss: 0.8543 (Cls: 0.8539, TAL: 0.0049, Adv: 0.0001) | Train Acc: 1.0000 | Val Acc: 0.8696 | Val P/R/F1 (Macro): 0.7228/0.7107/0.7110 | LR: 0.000001
Epoch [93/100] | Loss: 0.8377 (Cls: 0.8358, TAL: 0.0230, Adv: 0.0001) | Train Acc: 0.9952 | Val Acc: 0.8609 | Val P/R/F1 (Macro): 0.7290/0.6960/0.7040 | LR: 0.000001
Epoch [94/100] | Loss: 0.8508 (Cls: 0.8524, TAL: -0.0209, Adv: 0.0001) | Train Acc: 0.9928 | Val Acc: 0.8696 | Val P/R/F1 (Macro): 0.7228/0.7107/0.7110 | LR: 0.000001
Epoch [95/100] | Loss: 0.8388 (Cls: 0.8391, TAL: -0.0039, Adv: 0.0004) | Train Acc: 1.0000 | Val Acc: 0.8696 | Val P/R/F1 (Macro): 0.7137/0.7107/0.7065 | LR: 0.000001
Epoch [96/100] | Loss: 0.8496 (Cls: 0.8488, TAL: 0.0097, Adv: 0.0001) | Train Acc: 0.9976 | Val Acc: 0.8696 | Val P/R/F1 (Macro): 0.7137/0.7107/0.7065 | LR: 0.000001
Epoch [97/100] | Loss: 0.8509 (Cls: 0.8487, TAL: 0.0282, Adv: 0.0001) | Train Acc: 1.0000 | Val Acc: 0.8609 | Val P/R/F1 (Macro): 0.7184/0.7046/0.7043 | LR: 0.000001
Epoch [98/100] | Loss: 0.8494 (Cls: 0.8455, TAL: 0.0490, Adv: 0.0001) | Train Acc: 1.0000 | Val Acc: 0.8870 | Val P/R/F1 (Macro): 0.8243/0.7528/0.7695 | LR: 0.000001
Epoch [99/100] | Loss: 0.8433 (Cls: 0.8399, TAL: 0.0422, Adv: 0.0001) | Train Acc: 0.9976 | Val Acc: 0.8522 | Val P/R/F1 (Macro): 0.7183/0.6937/0.6987 | LR: 0.000001
Epoch [100/100] | Loss: 0.8386 (Cls: 0.8360, TAL: 0.0323, Adv: 0.0001) | Train Acc: 1.0000 | Val Acc: 0.8609 | Val P/R/F1 (Macro): 0.7197/0.6998/0.7003 | LR: 0.000001
Report strategy: last_window, window=10, reported_acc=0.8643, best_acc=0.8957

迭代 4 报告指标:
  Accuracy: 0.8643
  Precision (Macro): 0.7307
  Recall (Macro): 0.7077
  F1 (Macro): 0.7107
  Precision (Micro): 0.8643
  Recall (Micro): 0.8643
  F1 (Micro): 0.8643
  Val class coverage: 9/14 (0.6429), samples=115

================================================================================
迭代 5/5
随机种子: 46
================================================================================
Training mode: unpaired target adaptation with controlled target-label loss (ratio=0.24, weight=0.36).
Fixed labeled target subset: 106/440 samples.
Feature fusion: Tensor alignment (512+512 -> 128+128); fused_dim=256
Domain adaptation: standard source-target adversarial training, no generator
Loss weights: tensor=0.08, adv=0.06
Epoch [1/100] | Loss: 3.6752 (Cls: 3.6664, TAL: -0.2344, Adv: 0.4599) | Train Acc: 0.2115 | Val Acc: 0.2522 | Val P/R/F1 (Macro): 0.0833/0.1170/0.0550 | LR: 0.000005
  >>> New Best Val Acc: 0.2522
Epoch [2/100] | Loss: 2.8890 (Cls: 2.9024, TAL: -0.2416, Adv: 0.0990) | Train Acc: 0.3582 | Val Acc: 0.3913 | Val P/R/F1 (Macro): 0.3268/0.2267/0.2060 | LR: 0.000005
  >>> New Best Val Acc: 0.3913
Epoch [3/100] | Loss: 2.5602 (Cls: 2.5779, TAL: -0.2481, Adv: 0.0371) | Train Acc: 0.4663 | Val Acc: 0.3565 | Val P/R/F1 (Macro): 0.3458/0.2279/0.1829 | LR: 0.000005
Epoch [4/100] | Loss: 2.2218 (Cls: 2.2392, TAL: -0.2300, Adv: 0.0168) | Train Acc: 0.5841 | Val Acc: 0.4696 | Val P/R/F1 (Macro): 0.3795/0.3508/0.3086 | LR: 0.000005
  >>> New Best Val Acc: 0.4696
Epoch [5/100] | Loss: 1.9974 (Cls: 2.0191, TAL: -0.2779, Adv: 0.0087) | Train Acc: 0.6635 | Val Acc: 0.4870 | Val P/R/F1 (Macro): 0.3374/0.3642/0.3149 | LR: 0.000005
  >>> New Best Val Acc: 0.4870
Epoch [6/100] | Loss: 1.9706 (Cls: 1.9901, TAL: -0.2490, Adv: 0.0077) | Train Acc: 0.7260 | Val Acc: 0.6435 | Val P/R/F1 (Macro): 0.6498/0.5297/0.5563 | LR: 0.000005
  >>> New Best Val Acc: 0.6435
Epoch [7/100] | Loss: 1.7101 (Cls: 1.7346, TAL: -0.3113, Adv: 0.0068) | Train Acc: 0.7548 | Val Acc: 0.5217 | Val P/R/F1 (Macro): 0.5403/0.4667/0.4472 | LR: 0.000005
Epoch [8/100] | Loss: 1.7030 (Cls: 1.7225, TAL: -0.2475, Adv: 0.0044) | Train Acc: 0.7909 | Val Acc: 0.6000 | Val P/R/F1 (Macro): 0.6056/0.5260/0.5330 | LR: 0.000005
Epoch [9/100] | Loss: 1.5485 (Cls: 1.5620, TAL: -0.1723, Adv: 0.0045) | Train Acc: 0.8293 | Val Acc: 0.5913 | Val P/R/F1 (Macro): 0.6311/0.4875/0.4905 | LR: 0.000005
Epoch [10/100] | Loss: 1.4847 (Cls: 1.4938, TAL: -0.1170, Adv: 0.0048) | Train Acc: 0.8365 | Val Acc: 0.6087 | Val P/R/F1 (Macro): 0.6754/0.5124/0.5366 | LR: 0.000005
Epoch [11/100] | Loss: 1.4971 (Cls: 1.5023, TAL: -0.0678, Adv: 0.0051) | Train Acc: 0.8558 | Val Acc: 0.5739 | Val P/R/F1 (Macro): 0.5451/0.4628/0.4560 | LR: 0.000005
Epoch [12/100] | Loss: 1.4260 (Cls: 1.4099, TAL: 0.1982, Adv: 0.0037) | Train Acc: 0.8918 | Val Acc: 0.5130 | Val P/R/F1 (Macro): 0.6824/0.4612/0.4730 | LR: 0.000005
Epoch [13/100] | Loss: 1.3601 (Cls: 1.3470, TAL: 0.1590, Adv: 0.0057) | Train Acc: 0.9014 | Val Acc: 0.6174 | Val P/R/F1 (Macro): 0.6532/0.4834/0.5169 | LR: 0.000005
Epoch [14/100] | Loss: 1.3925 (Cls: 1.3781, TAL: 0.1768, Adv: 0.0039) | Train Acc: 0.8918 | Val Acc: 0.7652 | Val P/R/F1 (Macro): 0.7263/0.6727/0.6803 | LR: 0.000005
  >>> New Best Val Acc: 0.7652
Epoch [15/100] | Loss: 1.3561 (Cls: 1.3423, TAL: 0.1698, Adv: 0.0028) | Train Acc: 0.8894 | Val Acc: 0.6522 | Val P/R/F1 (Macro): 0.6699/0.5167/0.5380 | LR: 0.000005
Epoch [16/100] | Loss: 1.3486 (Cls: 1.3384, TAL: 0.1257, Adv: 0.0023) | Train Acc: 0.9111 | Val Acc: 0.6870 | Val P/R/F1 (Macro): 0.6983/0.6260/0.6029 | LR: 0.000005
Epoch [17/100] | Loss: 1.2661 (Cls: 1.2596, TAL: 0.0789, Adv: 0.0022) | Train Acc: 0.8990 | Val Acc: 0.7391 | Val P/R/F1 (Macro): 0.7512/0.6791/0.6637 | LR: 0.000005
Epoch [18/100] | Loss: 1.3028 (Cls: 1.2955, TAL: 0.0863, Adv: 0.0073) | Train Acc: 0.8942 | Val Acc: 0.7217 | Val P/R/F1 (Macro): 0.6818/0.6321/0.6251 | LR: 0.000005
Epoch [19/100] | Loss: 1.2691 (Cls: 1.2619, TAL: 0.0862, Adv: 0.0038) | Train Acc: 0.9207 | Val Acc: 0.7652 | Val P/R/F1 (Macro): 0.8616/0.6760/0.7275 | LR: 0.000005
Epoch [20/100] | Loss: 1.1288 (Cls: 1.1287, TAL: -0.0025, Adv: 0.0039) | Train Acc: 0.9327 | Val Acc: 0.8087 | Val P/R/F1 (Macro): 0.8284/0.7178/0.7396 | LR: 0.000005
  >>> New Best Val Acc: 0.8087
Epoch [21/100] | Loss: 1.1662 (Cls: 1.1602, TAL: 0.0722, Adv: 0.0026) | Train Acc: 0.9399 | Val Acc: 0.6783 | Val P/R/F1 (Macro): 0.6094/0.5132/0.5287 | LR: 0.000005
Epoch [22/100] | Loss: 1.1587 (Cls: 1.1474, TAL: 0.1404, Adv: 0.0015) | Train Acc: 0.9375 | Val Acc: 0.7391 | Val P/R/F1 (Macro): 0.6780/0.6362/0.6423 | LR: 0.000005
Epoch [23/100] | Loss: 1.1423 (Cls: 1.1271, TAL: 0.1878, Adv: 0.0028) | Train Acc: 0.9423 | Val Acc: 0.7304 | Val P/R/F1 (Macro): 0.7096/0.6427/0.6588 | LR: 0.000005
Epoch [24/100] | Loss: 1.0855 (Cls: 1.0731, TAL: 0.1548, Adv: 0.0014) | Train Acc: 0.9567 | Val Acc: 0.6870 | Val P/R/F1 (Macro): 0.6994/0.5551/0.5731 | LR: 0.000005
Epoch [25/100] | Loss: 1.0673 (Cls: 1.0636, TAL: 0.0458, Adv: 0.0015) | Train Acc: 0.9663 | Val Acc: 0.7652 | Val P/R/F1 (Macro): 0.7323/0.6551/0.6733 | LR: 0.000005
Epoch [26/100] | Loss: 1.1137 (Cls: 1.1200, TAL: -0.0801, Adv: 0.0022) | Train Acc: 0.9423 | Val Acc: 0.7217 | Val P/R/F1 (Macro): 0.7180/0.5783/0.6176 | LR: 0.000005
Epoch [27/100] | Loss: 1.0819 (Cls: 1.0874, TAL: -0.0721, Adv: 0.0038) | Train Acc: 0.9639 | Val Acc: 0.7739 | Val P/R/F1 (Macro): 0.8340/0.7592/0.7597 | LR: 0.000005
Epoch [28/100] | Loss: 1.0928 (Cls: 1.0908, TAL: 0.0242, Adv: 0.0013) | Train Acc: 0.9255 | Val Acc: 0.7130 | Val P/R/F1 (Macro): 0.6418/0.5399/0.5507 | LR: 0.000005
Epoch [29/100] | Loss: 1.0651 (Cls: 1.0679, TAL: -0.0361, Adv: 0.0017) | Train Acc: 0.9591 | Val Acc: 0.7217 | Val P/R/F1 (Macro): 0.7443/0.6485/0.6664 | LR: 0.000005
Epoch [30/100] | Loss: 1.0182 (Cls: 1.0257, TAL: -0.0950, Adv: 0.0017) | Train Acc: 0.9736 | Val Acc: 0.7130 | Val P/R/F1 (Macro): 0.6375/0.6002/0.6027 | LR: 0.000005
Epoch [31/100] | Loss: 1.0726 (Cls: 1.0748, TAL: -0.0297, Adv: 0.0024) | Train Acc: 0.9591 | Val Acc: 0.7130 | Val P/R/F1 (Macro): 0.7404/0.6013/0.6279 | LR: 0.000003
Epoch [32/100] | Loss: 1.0410 (Cls: 1.0434, TAL: -0.0340, Adv: 0.0048) | Train Acc: 0.9519 | Val Acc: 0.7652 | Val P/R/F1 (Macro): 0.6961/0.6559/0.6628 | LR: 0.000003
Epoch [33/100] | Loss: 0.9772 (Cls: 0.9743, TAL: 0.0323, Adv: 0.0045) | Train Acc: 0.9856 | Val Acc: 0.7739 | Val P/R/F1 (Macro): 0.7447/0.6773/0.6850 | LR: 0.000003
Epoch [34/100] | Loss: 0.9777 (Cls: 0.9796, TAL: -0.0260, Adv: 0.0031) | Train Acc: 0.9784 | Val Acc: 0.8000 | Val P/R/F1 (Macro): 0.7254/0.7101/0.7087 | LR: 0.000003
Epoch [35/100] | Loss: 0.9527 (Cls: 0.9566, TAL: -0.0515, Adv: 0.0037) | Train Acc: 0.9832 | Val Acc: 0.7826 | Val P/R/F1 (Macro): 0.7184/0.6877/0.6966 | LR: 0.000003
Epoch [36/100] | Loss: 0.9618 (Cls: 0.9626, TAL: -0.0103, Adv: 0.0016) | Train Acc: 0.9832 | Val Acc: 0.8087 | Val P/R/F1 (Macro): 0.8651/0.7362/0.7694 | LR: 0.000003
Epoch [37/100] | Loss: 0.9629 (Cls: 0.9627, TAL: 0.0017, Adv: 0.0009) | Train Acc: 0.9784 | Val Acc: 0.7826 | Val P/R/F1 (Macro): 0.7420/0.7076/0.7103 | LR: 0.000003
Epoch [38/100] | Loss: 0.9581 (Cls: 0.9559, TAL: 0.0266, Adv: 0.0008) | Train Acc: 0.9856 | Val Acc: 0.7478 | Val P/R/F1 (Macro): 0.7053/0.6065/0.6162 | LR: 0.000003
Epoch [39/100] | Loss: 0.9575 (Cls: 0.9549, TAL: 0.0299, Adv: 0.0021) | Train Acc: 0.9784 | Val Acc: 0.7304 | Val P/R/F1 (Macro): 0.6193/0.5833/0.5786 | LR: 0.000003
Epoch [40/100] | Loss: 0.9650 (Cls: 0.9636, TAL: 0.0172, Adv: 0.0006) | Train Acc: 0.9784 | Val Acc: 0.7739 | Val P/R/F1 (Macro): 0.7275/0.6810/0.6946 | LR: 0.000003
Epoch [41/100] | Loss: 0.9438 (Cls: 0.9413, TAL: 0.0307, Adv: 0.0013) | Train Acc: 0.9736 | Val Acc: 0.8000 | Val P/R/F1 (Macro): 0.7488/0.7057/0.7126 | LR: 0.000003
Epoch [42/100] | Loss: 0.9634 (Cls: 0.9625, TAL: 0.0099, Adv: 0.0010) | Train Acc: 0.9688 | Val Acc: 0.7913 | Val P/R/F1 (Macro): 0.7251/0.7067/0.7103 | LR: 0.000001
Epoch [43/100] | Loss: 0.9368 (Cls: 0.9371, TAL: -0.0042, Adv: 0.0010) | Train Acc: 0.9880 | Val Acc: 0.7826 | Val P/R/F1 (Macro): 0.7240/0.6708/0.6861 | LR: 0.000001
Epoch [44/100] | Loss: 0.9377 (Cls: 0.9385, TAL: -0.0117, Adv: 0.0009) | Train Acc: 0.9808 | Val Acc: 0.7565 | Val P/R/F1 (Macro): 0.7381/0.6342/0.6569 | LR: 0.000001
Epoch [45/100] | Loss: 0.9120 (Cls: 0.9113, TAL: 0.0078, Adv: 0.0010) | Train Acc: 0.9928 | Val Acc: 0.7652 | Val P/R/F1 (Macro): 0.7371/0.6542/0.6762 | LR: 0.000001
Epoch [46/100] | Loss: 0.9546 (Cls: 0.9533, TAL: 0.0161, Adv: 0.0007) | Train Acc: 0.9808 | Val Acc: 0.7739 | Val P/R/F1 (Macro): 0.7335/0.6851/0.6956 | LR: 0.000001
Epoch [47/100] | Loss: 0.9402 (Cls: 0.9396, TAL: 0.0077, Adv: 0.0004) | Train Acc: 0.9808 | Val Acc: 0.8087 | Val P/R/F1 (Macro): 0.8466/0.7528/0.7700 | LR: 0.000001
Epoch [48/100] | Loss: 0.9238 (Cls: 0.9266, TAL: -0.0350, Adv: 0.0005) | Train Acc: 0.9928 | Val Acc: 0.8000 | Val P/R/F1 (Macro): 0.7489/0.6997/0.7117 | LR: 0.000001
Epoch [49/100] | Loss: 0.9112 (Cls: 0.9150, TAL: -0.0476, Adv: 0.0003) | Train Acc: 0.9928 | Val Acc: 0.7913 | Val P/R/F1 (Macro): 0.8671/0.6735/0.7094 | LR: 0.000001
Epoch [50/100] | Loss: 0.9087 (Cls: 0.9101, TAL: -0.0178, Adv: 0.0006) | Train Acc: 0.9856 | Val Acc: 0.8000 | Val P/R/F1 (Macro): 0.8488/0.7364/0.7564 | LR: 0.000001
Epoch [51/100] | Loss: 0.9036 (Cls: 0.9034, TAL: 0.0016, Adv: 0.0003) | Train Acc: 0.9904 | Val Acc: 0.8087 | Val P/R/F1 (Macro): 0.8563/0.7364/0.7711 | LR: 0.000001
Epoch [52/100] | Loss: 0.9099 (Cls: 0.9114, TAL: -0.0188, Adv: 0.0004) | Train Acc: 0.9880 | Val Acc: 0.7913 | Val P/R/F1 (Macro): 0.8500/0.7220/0.7583 | LR: 0.000001
Epoch [53/100] | Loss: 0.9154 (Cls: 0.9166, TAL: -0.0157, Adv: 0.0004) | Train Acc: 0.9928 | Val Acc: 0.7913 | Val P/R/F1 (Macro): 0.8368/0.7102/0.7443 | LR: 0.000001
Epoch [54/100] | Loss: 0.9085 (Cls: 0.9074, TAL: 0.0142, Adv: 0.0004) | Train Acc: 0.9880 | Val Acc: 0.8087 | Val P/R/F1 (Macro): 0.8672/0.7203/0.7596 | LR: 0.000001
Epoch [55/100] | Loss: 0.9054 (Cls: 0.9055, TAL: -0.0025, Adv: 0.0004) | Train Acc: 0.9952 | Val Acc: 0.8261 | Val P/R/F1 (Macro): 0.8752/0.7681/0.8014 | LR: 0.000001
  >>> New Best Val Acc: 0.8261
Epoch [56/100] | Loss: 0.8975 (Cls: 0.8971, TAL: 0.0044, Adv: 0.0006) | Train Acc: 0.9928 | Val Acc: 0.8000 | Val P/R/F1 (Macro): 0.8516/0.7472/0.7838 | LR: 0.000001
Epoch [57/100] | Loss: 0.8911 (Cls: 0.8896, TAL: 0.0187, Adv: 0.0005) | Train Acc: 0.9928 | Val Acc: 0.8000 | Val P/R/F1 (Macro): 0.8492/0.7301/0.7623 | LR: 0.000001
Epoch [58/100] | Loss: 0.9001 (Cls: 0.9035, TAL: -0.0429, Adv: 0.0003) | Train Acc: 0.9880 | Val Acc: 0.7913 | Val P/R/F1 (Macro): 0.7254/0.6908/0.7014 | LR: 0.000001
Epoch [59/100] | Loss: 0.9059 (Cls: 0.9050, TAL: 0.0100, Adv: 0.0005) | Train Acc: 0.9904 | Val Acc: 0.8087 | Val P/R/F1 (Macro): 0.7358/0.7101/0.7164 | LR: 0.000001
Epoch [60/100] | Loss: 0.9085 (Cls: 0.9045, TAL: 0.0499, Adv: 0.0005) | Train Acc: 0.9928 | Val Acc: 0.8174 | Val P/R/F1 (Macro): 0.7390/0.7278/0.7279 | LR: 0.000001
Epoch [61/100] | Loss: 0.8879 (Cls: 0.8888, TAL: -0.0113, Adv: 0.0004) | Train Acc: 0.9952 | Val Acc: 0.8174 | Val P/R/F1 (Macro): 0.7605/0.7345/0.7364 | LR: 0.000001
Epoch [62/100] | Loss: 0.9110 (Cls: 0.9099, TAL: 0.0129, Adv: 0.0007) | Train Acc: 0.9856 | Val Acc: 0.8000 | Val P/R/F1 (Macro): 0.8595/0.7210/0.7551 | LR: 0.000001
Epoch [63/100] | Loss: 0.9000 (Cls: 0.9021, TAL: -0.0272, Adv: 0.0006) | Train Acc: 0.9952 | Val Acc: 0.8000 | Val P/R/F1 (Macro): 0.8477/0.7346/0.7656 | LR: 0.000001
Epoch [64/100] | Loss: 0.8851 (Cls: 0.8863, TAL: -0.0150, Adv: 0.0004) | Train Acc: 0.9904 | Val Acc: 0.8087 | Val P/R/F1 (Macro): 0.7585/0.6941/0.7091 | LR: 0.000001
Epoch [65/100] | Loss: 0.9147 (Cls: 0.9134, TAL: 0.0158, Adv: 0.0004) | Train Acc: 0.9952 | Val Acc: 0.7913 | Val P/R/F1 (Macro): 0.7405/0.6748/0.6913 | LR: 0.000001
Epoch [66/100] | Loss: 0.9161 (Cls: 0.9172, TAL: -0.0155, Adv: 0.0010) | Train Acc: 0.9832 | Val Acc: 0.8087 | Val P/R/F1 (Macro): 0.7506/0.7055/0.7165 | LR: 0.000001
Epoch [67/100] | Loss: 0.8982 (Cls: 0.8948, TAL: 0.0412, Adv: 0.0005) | Train Acc: 0.9856 | Val Acc: 0.8087 | Val P/R/F1 (Macro): 0.7507/0.7055/0.7158 | LR: 0.000001
Epoch [68/100] | Loss: 0.9063 (Cls: 0.9045, TAL: 0.0214, Adv: 0.0007) | Train Acc: 0.9952 | Val Acc: 0.7739 | Val P/R/F1 (Macro): 0.7389/0.6649/0.6821 | LR: 0.000001
Epoch [69/100] | Loss: 0.8939 (Cls: 0.8937, TAL: 0.0031, Adv: 0.0003) | Train Acc: 0.9880 | Val Acc: 0.7739 | Val P/R/F1 (Macro): 0.7339/0.6649/0.6800 | LR: 0.000001
Epoch [70/100] | Loss: 0.8843 (Cls: 0.8870, TAL: -0.0339, Adv: 0.0005) | Train Acc: 0.9952 | Val Acc: 0.8000 | Val P/R/F1 (Macro): 0.7510/0.6970/0.7104 | LR: 0.000001
Epoch [71/100] | Loss: 0.8817 (Cls: 0.8839, TAL: -0.0280, Adv: 0.0002) | Train Acc: 0.9928 | Val Acc: 0.7826 | Val P/R/F1 (Macro): 0.8477/0.6998/0.7366 | LR: 0.000001
Epoch [72/100] | Loss: 0.8927 (Cls: 0.8911, TAL: 0.0190, Adv: 0.0005) | Train Acc: 0.9856 | Val Acc: 0.7826 | Val P/R/F1 (Macro): 0.8476/0.7020/0.7370 | LR: 0.000001
Epoch [73/100] | Loss: 0.8922 (Cls: 0.8928, TAL: -0.0073, Adv: 0.0002) | Train Acc: 0.9976 | Val Acc: 0.7739 | Val P/R/F1 (Macro): 0.7339/0.6649/0.6800 | LR: 0.000001
Epoch [74/100] | Loss: 0.8914 (Cls: 0.8902, TAL: 0.0142, Adv: 0.0004) | Train Acc: 0.9880 | Val Acc: 0.7913 | Val P/R/F1 (Macro): 0.8528/0.7105/0.7450 | LR: 0.000001
Epoch [75/100] | Loss: 0.8814 (Cls: 0.8809, TAL: 0.0060, Adv: 0.0002) | Train Acc: 1.0000 | Val Acc: 0.8000 | Val P/R/F1 (Macro): 0.8606/0.7301/0.7630 | LR: 0.000001
Epoch [76/100] | Loss: 0.8827 (Cls: 0.8823, TAL: 0.0056, Adv: 0.0003) | Train Acc: 0.9952 | Val Acc: 0.7739 | Val P/R/F1 (Macro): 0.8437/0.6980/0.7326 | LR: 0.000001
Epoch [77/100] | Loss: 0.8675 (Cls: 0.8687, TAL: -0.0152, Adv: 0.0003) | Train Acc: 0.9976 | Val Acc: 0.7739 | Val P/R/F1 (Macro): 0.7403/0.6668/0.6844 | LR: 0.000001
Epoch [78/100] | Loss: 0.8954 (Cls: 0.8971, TAL: -0.0216, Adv: 0.0002) | Train Acc: 0.9880 | Val Acc: 0.7826 | Val P/R/F1 (Macro): 0.8476/0.7020/0.7370 | LR: 0.000001
Epoch [79/100] | Loss: 0.8949 (Cls: 0.8926, TAL: 0.0290, Adv: 0.0002) | Train Acc: 0.9952 | Val Acc: 0.7913 | Val P/R/F1 (Macro): 0.8570/0.7425/0.7683 | LR: 0.000001
Epoch [80/100] | Loss: 0.8894 (Cls: 0.8914, TAL: -0.0259, Adv: 0.0002) | Train Acc: 0.9928 | Val Acc: 0.7739 | Val P/R/F1 (Macro): 0.7389/0.6649/0.6821 | LR: 0.000001
Epoch [81/100] | Loss: 0.8847 (Cls: 0.8837, TAL: 0.0129, Adv: 0.0003) | Train Acc: 0.9952 | Val Acc: 0.7652 | Val P/R/F1 (Macro): 0.7352/0.6610/0.6779 | LR: 0.000001
Epoch [82/100] | Loss: 0.8806 (Cls: 0.8801, TAL: 0.0058, Adv: 0.0005) | Train Acc: 0.9976 | Val Acc: 0.7739 | Val P/R/F1 (Macro): 0.7389/0.6649/0.6821 | LR: 0.000001
Epoch [83/100] | Loss: 0.8860 (Cls: 0.8875, TAL: -0.0181, Adv: 0.0003) | Train Acc: 0.9952 | Val Acc: 0.7826 | Val P/R/F1 (Macro): 0.7440/0.6708/0.6886 | LR: 0.000001
Epoch [84/100] | Loss: 0.8908 (Cls: 0.8924, TAL: -0.0206, Adv: 0.0002) | Train Acc: 0.9928 | Val Acc: 0.7739 | Val P/R/F1 (Macro): 0.7241/0.6668/0.6812 | LR: 0.000001
Epoch [85/100] | Loss: 0.8889 (Cls: 0.8865, TAL: 0.0296, Adv: 0.0002) | Train Acc: 0.9880 | Val Acc: 0.7652 | Val P/R/F1 (Macro): 0.7352/0.6610/0.6779 | LR: 0.000001
Epoch [86/100] | Loss: 0.8867 (Cls: 0.8882, TAL: -0.0196, Adv: 0.0003) | Train Acc: 0.9928 | Val Acc: 0.7739 | Val P/R/F1 (Macro): 0.7389/0.6649/0.6821 | LR: 0.000001
Epoch [87/100] | Loss: 0.8930 (Cls: 0.8934, TAL: -0.0047, Adv: 0.0003) | Train Acc: 0.9952 | Val Acc: 0.7913 | Val P/R/F1 (Macro): 0.8577/0.7078/0.7456 | LR: 0.000001
Epoch [88/100] | Loss: 0.8849 (Cls: 0.8869, TAL: -0.0254, Adv: 0.0002) | Train Acc: 0.9928 | Val Acc: 0.8000 | Val P/R/F1 (Macro): 0.8574/0.6845/0.7123 | LR: 0.000001
Epoch [89/100] | Loss: 0.8821 (Cls: 0.8811, TAL: 0.0124, Adv: 0.0002) | Train Acc: 0.9952 | Val Acc: 0.7739 | Val P/R/F1 (Macro): 0.7389/0.6649/0.6821 | LR: 0.000001
Epoch [90/100] | Loss: 0.9034 (Cls: 0.9055, TAL: -0.0260, Adv: 0.0002) | Train Acc: 0.9856 | Val Acc: 0.7826 | Val P/R/F1 (Macro): 0.8526/0.7020/0.7391 | LR: 0.000001
Epoch [91/100] | Loss: 0.8951 (Cls: 0.8961, TAL: -0.0125, Adv: 0.0002) | Train Acc: 0.9880 | Val Acc: 0.7739 | Val P/R/F1 (Macro): 0.7339/0.6649/0.6800 | LR: 0.000001
Epoch [92/100] | Loss: 0.8782 (Cls: 0.8770, TAL: 0.0146, Adv: 0.0001) | Train Acc: 0.9976 | Val Acc: 0.7826 | Val P/R/F1 (Macro): 0.7440/0.6708/0.6886 | LR: 0.000001
Epoch [93/100] | Loss: 0.8830 (Cls: 0.8844, TAL: -0.0183, Adv: 0.0002) | Train Acc: 0.9928 | Val Acc: 0.7826 | Val P/R/F1 (Macro): 0.8540/0.7039/0.7414 | LR: 0.000001
Epoch [94/100] | Loss: 0.8911 (Cls: 0.8906, TAL: 0.0062, Adv: 0.0003) | Train Acc: 0.9904 | Val Acc: 0.8000 | Val P/R/F1 (Macro): 0.8579/0.7164/0.7516 | LR: 0.000001
Epoch [95/100] | Loss: 0.8908 (Cls: 0.8891, TAL: 0.0214, Adv: 0.0002) | Train Acc: 0.9952 | Val Acc: 0.8000 | Val P/R/F1 (Macro): 0.8597/0.7461/0.7728 | LR: 0.000001
Epoch [96/100] | Loss: 0.8685 (Cls: 0.8684, TAL: 0.0017, Adv: 0.0002) | Train Acc: 0.9952 | Val Acc: 0.8000 | Val P/R/F1 (Macro): 0.7475/0.6833/0.6990 | LR: 0.000001
Epoch [97/100] | Loss: 0.8794 (Cls: 0.8796, TAL: -0.0019, Adv: 0.0001) | Train Acc: 0.9928 | Val Acc: 0.7826 | Val P/R/F1 (Macro): 0.7430/0.6389/0.6504 | LR: 0.000001
Epoch [98/100] | Loss: 0.9011 (Cls: 0.8989, TAL: 0.0280, Adv: 0.0002) | Train Acc: 0.9880 | Val Acc: 0.8087 | Val P/R/F1 (Macro): 0.8639/0.7067/0.7421 | LR: 0.000001
Epoch [99/100] | Loss: 0.8920 (Cls: 0.8903, TAL: 0.0219, Adv: 0.0001) | Train Acc: 0.9976 | Val Acc: 0.8087 | Val P/R/F1 (Macro): 0.8611/0.7523/0.7779 | LR: 0.000001
Epoch [100/100] | Loss: 0.8866 (Cls: 0.8863, TAL: 0.0045, Adv: 0.0001) | Train Acc: 0.9904 | Val Acc: 0.8087 | Val P/R/F1 (Macro): 0.8639/0.7067/0.7421 | LR: 0.000001
Report strategy: last_window, window=10, reported_acc=0.7948, best_acc=0.8261

迭代 5 报告指标:
  Accuracy: 0.7948
  Precision (Macro): 0.8129
  Recall (Macro): 0.6990
  F1 (Macro): 0.7246
  Precision (Micro): 0.7948
  Recall (Micro): 0.7948
  F1 (Micro): 0.7948
  Val class coverage: 9/14 (0.6429), samples=115

================================================================================
5次迭代统计结果
================================================================================

accuracy:
  各迭代值: ['0.8591', '0.8574', '0.7983', '0.8643', '0.7948']
  均值 (Mean): 0.8348
  标准差 (Std): 0.0313

precision_macro:
  各迭代值: ['0.8988', '0.8808', '0.7380', '0.7307', '0.8129']
  均值 (Mean): 0.8123
  标准差 (Std): 0.0698

recall_macro:
  各迭代值: ['0.7448', '0.7587', '0.6310', '0.7077', '0.6990']
  均值 (Mean): 0.7083
  标准差 (Std): 0.0446

f1_macro:
  各迭代值: ['0.7755', '0.7885', '0.6171', '0.7107', '0.7246']
  均值 (Mean): 0.7233
  标准差 (Std): 0.0607

precision_micro:
  各迭代值: ['0.8591', '0.8574', '0.7983', '0.8643', '0.7948']
  均值 (Mean): 0.8348
  标准差 (Std): 0.0313

recall_micro:
  各迭代值: ['0.8591', '0.8574', '0.7983', '0.8643', '0.7948']
  均值 (Mean): 0.8348
  标准差 (Std): 0.0313

f1_micro:
  各迭代值: ['0.8591', '0.8574', '0.7983', '0.8643', '0.7948']
  均值 (Mean): 0.8348
  标准差 (Std): 0.0313

val_class_coverage:
  各迭代值: ['0.6429', '0.6429', '0.6429', '0.6429', '0.6429']
  均值 (Mean): 0.6429
  标准差 (Std): 0.0000

val_present_classes:
  各迭代值: ['9.0000', '9.0000', '9.0000', '9.0000', '9.0000']
  均值 (Mean): 9.0000
  标准差 (Std): 0.0000

val_total_classes:
  各迭代值: ['14.0000', '14.0000', '14.0000', '14.0000', '14.0000']
  均值 (Mean): 14.0000
  标准差 (Std): 0.0000

val_samples:
  各迭代值: ['115.0000', '115.0000', '115.0000', '115.0000', '115.0000']
  均值 (Mean): 115.0000
  标准差 (Std): 0.0000

训练结束时间: 2026-07-13 21:45:30
================================================================================
