================================================================================
模块消融实验 - with_tensor_without_ot
目标域天气: 雾天
训练开始时间: 2026-07-07 22:21:35
设备: cuda
源域: /home/lixiang/lx/Data/晴天
目标域: /home/lixiang/lx/Data/雾天
批次大小: 32
总轮数: 100
迭代次数: 5
使用Tensor模块: 是
使用OT模块: 否
特征融合方式: Tensor对齐
域对齐方式: 常规对抗
================================================================================

================================================================================
迭代 1/5
随机种子: 42
================================================================================
Feature fusion: Tensor alignment (512+512 -> 128+128); fused_dim=256
Domain adaptation: standard source-target adversarial training, no generator
Loss weights: tensor=0.30, adv=0.15
Epoch [1/100] | Loss: 4.7250 (Cls: 4.6299, TAL: 0.1231, Adv: 0.3877) | Train Acc: 0.2716 | Val Acc: 0.3739 | Val P/R/F1 (Macro): 0.3616/0.3319/0.2955 | LR: 0.000010
  >>> New Best Val Acc: 0.3739
Epoch [2/100] | Loss: 3.5084 (Cls: 3.4868, TAL: 0.0515, Adv: 0.0410) | Train Acc: 0.4038 | Val Acc: 0.4870 | Val P/R/F1 (Macro): 0.3883/0.4018/0.3517 | LR: 0.000010
  >>> New Best Val Acc: 0.4870
Epoch [3/100] | Loss: 2.7207 (Cls: 2.7173, TAL: 0.0066, Adv: 0.0091) | Train Acc: 0.6178 | Val Acc: 0.6435 | Val P/R/F1 (Macro): 0.6860/0.5867/0.6077 | LR: 0.000010
  >>> New Best Val Acc: 0.6435
Epoch [4/100] | Loss: 2.4761 (Cls: 2.4716, TAL: 0.0128, Adv: 0.0044) | Train Acc: 0.6514 | Val Acc: 0.6522 | Val P/R/F1 (Macro): 0.6751/0.6648/0.6235 | LR: 0.000010
  >>> New Best Val Acc: 0.6522
Epoch [5/100] | Loss: 2.1180 (Cls: 2.1202, TAL: -0.0093, Adv: 0.0038) | Train Acc: 0.7740 | Val Acc: 0.7391 | Val P/R/F1 (Macro): 0.6842/0.6907/0.6735 | LR: 0.000010
  >>> New Best Val Acc: 0.7391
Epoch [6/100] | Loss: 1.8682 (Cls: 1.8796, TAL: -0.0394, Adv: 0.0031) | Train Acc: 0.8317 | Val Acc: 0.7739 | Val P/R/F1 (Macro): 0.7803/0.7141/0.7192 | LR: 0.000010
  >>> New Best Val Acc: 0.7739
Epoch [7/100] | Loss: 1.8281 (Cls: 1.8714, TAL: -0.1470, Adv: 0.0059) | Train Acc: 0.8702 | Val Acc: 0.8000 | Val P/R/F1 (Macro): 0.8771/0.7223/0.7431 | LR: 0.000010
  >>> New Best Val Acc: 0.8000
Epoch [8/100] | Loss: 1.8610 (Cls: 1.8891, TAL: -0.0968, Adv: 0.0063) | Train Acc: 0.8438 | Val Acc: 0.8261 | Val P/R/F1 (Macro): 0.8351/0.7617/0.7724 | LR: 0.000010
  >>> New Best Val Acc: 0.8261
Epoch [9/100] | Loss: 1.5961 (Cls: 1.5903, TAL: 0.0176, Adv: 0.0033) | Train Acc: 0.9135 | Val Acc: 0.8348 | Val P/R/F1 (Macro): 0.8506/0.7677/0.7801 | LR: 0.000010
  >>> New Best Val Acc: 0.8348
Epoch [10/100] | Loss: 1.6673 (Cls: 1.6532, TAL: 0.0460, Adv: 0.0023) | Train Acc: 0.9159 | Val Acc: 0.8609 | Val P/R/F1 (Macro): 0.8878/0.7979/0.7948 | LR: 0.000010
  >>> New Best Val Acc: 0.8609
Epoch [11/100] | Loss: 1.5768 (Cls: 1.6013, TAL: -0.0831, Adv: 0.0026) | Train Acc: 0.9014 | Val Acc: 0.8783 | Val P/R/F1 (Macro): 0.9164/0.8501/0.8719 | LR: 0.000010
  >>> New Best Val Acc: 0.8783
Epoch [12/100] | Loss: 1.5233 (Cls: 1.5594, TAL: -0.1223, Adv: 0.0041) | Train Acc: 0.9423 | Val Acc: 0.8522 | Val P/R/F1 (Macro): 0.9117/0.7748/0.8085 | LR: 0.000010
Epoch [13/100] | Loss: 1.4860 (Cls: 1.5043, TAL: -0.0623, Adv: 0.0026) | Train Acc: 0.9279 | Val Acc: 0.8957 | Val P/R/F1 (Macro): 0.9119/0.8654/0.8724 | LR: 0.000010
  >>> New Best Val Acc: 0.8957
Epoch [14/100] | Loss: 1.5059 (Cls: 1.5235, TAL: -0.0639, Adv: 0.0106) | Train Acc: 0.9351 | Val Acc: 0.9043 | Val P/R/F1 (Macro): 0.9319/0.8379/0.8588 | LR: 0.000010
  >>> New Best Val Acc: 0.9043
Epoch [15/100] | Loss: 1.3992 (Cls: 1.4133, TAL: -0.0527, Adv: 0.0114) | Train Acc: 0.9663 | Val Acc: 0.8696 | Val P/R/F1 (Macro): 0.8974/0.8176/0.8379 | LR: 0.000010
Epoch [16/100] | Loss: 1.4315 (Cls: 1.4416, TAL: -0.0390, Adv: 0.0107) | Train Acc: 0.9495 | Val Acc: 0.7478 | Val P/R/F1 (Macro): 0.8240/0.7034/0.7059 | LR: 0.000010
Epoch [17/100] | Loss: 1.4124 (Cls: 1.3814, TAL: 0.0563, Adv: 0.0945) | Train Acc: 0.9591 | Val Acc: 0.8870 | Val P/R/F1 (Macro): 0.9115/0.8774/0.8838 | LR: 0.000010
Epoch [18/100] | Loss: 2.3463 (Cls: 1.4651, TAL: 0.0575, Adv: 5.7592) | Train Acc: 0.9736 | Val Acc: 0.8957 | Val P/R/F1 (Macro): 0.9053/0.8669/0.8775 | LR: 0.000010
Epoch [19/100] | Loss: 2.6437 (Cls: 1.5152, TAL: 0.2734, Adv: 6.9765) | Train Acc: 0.9615 | Val Acc: 0.8696 | Val P/R/F1 (Macro): 0.9211/0.8139/0.8489 | LR: 0.000010
Epoch [20/100] | Loss: 2.0014 (Cls: 1.4413, TAL: 0.2741, Adv: 3.1860) | Train Acc: 0.9688 | Val Acc: 0.8435 | Val P/R/F1 (Macro): 0.9110/0.8590/0.8661 | LR: 0.000010
Epoch [21/100] | Loss: 1.7037 (Cls: 1.4642, TAL: 0.2155, Adv: 1.1658) | Train Acc: 0.9231 | Val Acc: 0.9304 | Val P/R/F1 (Macro): 0.9503/0.9078/0.9194 | LR: 0.000010
  >>> New Best Val Acc: 0.9304
Epoch [22/100] | Loss: 1.4204 (Cls: 1.3627, TAL: 0.0507, Adv: 0.2834) | Train Acc: 0.9832 | Val Acc: 0.8783 | Val P/R/F1 (Macro): 0.8982/0.8594/0.8605 | LR: 0.000010
Epoch [23/100] | Loss: 1.3673 (Cls: 1.3740, TAL: -0.0710, Adv: 0.0972) | Train Acc: 0.9760 | Val Acc: 0.9130 | Val P/R/F1 (Macro): 0.9232/0.8664/0.8754 | LR: 0.000010
Epoch [24/100] | Loss: 1.3955 (Cls: 1.3724, TAL: 0.0022, Adv: 0.1493) | Train Acc: 0.9712 | Val Acc: 0.8609 | Val P/R/F1 (Macro): 0.8872/0.8090/0.8278 | LR: 0.000010
Epoch [25/100] | Loss: 1.5910 (Cls: 1.3474, TAL: 0.0725, Adv: 1.4791) | Train Acc: 0.9688 | Val Acc: 0.8783 | Val P/R/F1 (Macro): 0.9092/0.8296/0.8536 | LR: 0.000010
Epoch [26/100] | Loss: 1.9660 (Cls: 1.3787, TAL: -0.1356, Adv: 4.1865) | Train Acc: 0.9663 | Val Acc: 0.8783 | Val P/R/F1 (Macro): 0.8844/0.8275/0.8193 | LR: 0.000010
Epoch [27/100] | Loss: 1.7506 (Cls: 1.3682, TAL: -0.1271, Adv: 2.8036) | Train Acc: 0.9591 | Val Acc: 0.8957 | Val P/R/F1 (Macro): 0.9434/0.8691/0.8900 | LR: 0.000010
Epoch [28/100] | Loss: 1.6618 (Cls: 1.4151, TAL: 0.0334, Adv: 1.5777) | Train Acc: 0.9351 | Val Acc: 0.8870 | Val P/R/F1 (Macro): 0.9229/0.8866/0.8952 | LR: 0.000010
Epoch [29/100] | Loss: 1.4450 (Cls: 1.3311, TAL: -0.0644, Adv: 0.8879) | Train Acc: 0.9663 | Val Acc: 0.8957 | Val P/R/F1 (Macro): 0.9187/0.8460/0.8696 | LR: 0.000010
Epoch [30/100] | Loss: 1.3560 (Cls: 1.3087, TAL: -0.1237, Adv: 0.5631) | Train Acc: 0.9736 | Val Acc: 0.9304 | Val P/R/F1 (Macro): 0.9522/0.9160/0.9277 | LR: 0.000010
Epoch [31/100] | Loss: 1.3469 (Cls: 1.2990, TAL: -0.0235, Adv: 0.3663) | Train Acc: 0.9784 | Val Acc: 0.8783 | Val P/R/F1 (Macro): 0.9182/0.7740/0.8087 | LR: 0.000010
Epoch [32/100] | Loss: 1.3034 (Cls: 1.2781, TAL: -0.0199, Adv: 0.2088) | Train Acc: 0.9856 | Val Acc: 0.9304 | Val P/R/F1 (Macro): 0.9552/0.9032/0.9194 | LR: 0.000005
Epoch [33/100] | Loss: 1.2835 (Cls: 1.2797, TAL: -0.0336, Adv: 0.0921) | Train Acc: 0.9856 | Val Acc: 0.8957 | Val P/R/F1 (Macro): 0.9027/0.8625/0.8724 | LR: 0.000005
Epoch [34/100] | Loss: 1.2841 (Cls: 1.2749, TAL: 0.0094, Adv: 0.0430) | Train Acc: 0.9856 | Val Acc: 0.8957 | Val P/R/F1 (Macro): 0.9400/0.8438/0.8777 | LR: 0.000005
Epoch [35/100] | Loss: 1.2284 (Cls: 1.2414, TAL: -0.0558, Adv: 0.0250) | Train Acc: 0.9832 | Val Acc: 0.9043 | Val P/R/F1 (Macro): 0.9082/0.8683/0.8780 | LR: 0.000005
Epoch [36/100] | Loss: 1.2117 (Cls: 1.2211, TAL: -0.0400, Adv: 0.0169) | Train Acc: 0.9952 | Val Acc: 0.8870 | Val P/R/F1 (Macro): 0.8948/0.8536/0.8647 | LR: 0.000005
Epoch [37/100] | Loss: 1.2233 (Cls: 1.2499, TAL: -0.0948, Adv: 0.0125) | Train Acc: 0.9856 | Val Acc: 0.8870 | Val P/R/F1 (Macro): 0.9342/0.8190/0.8494 | LR: 0.000005
Epoch [38/100] | Loss: 1.2145 (Cls: 1.2210, TAL: -0.0262, Adv: 0.0095) | Train Acc: 0.9952 | Val Acc: 0.9304 | Val P/R/F1 (Macro): 0.9519/0.9133/0.9259 | LR: 0.000005
Epoch [39/100] | Loss: 1.2370 (Cls: 1.2407, TAL: -0.0158, Adv: 0.0070) | Train Acc: 0.9832 | Val Acc: 0.8957 | Val P/R/F1 (Macro): 0.9266/0.8841/0.8947 | LR: 0.000005
Epoch [40/100] | Loss: 1.2308 (Cls: 1.2472, TAL: -0.0583, Adv: 0.0072) | Train Acc: 0.9832 | Val Acc: 0.8957 | Val P/R/F1 (Macro): 0.9364/0.8732/0.8923 | LR: 0.000005
Epoch [41/100] | Loss: 1.2253 (Cls: 1.2264, TAL: -0.0067, Adv: 0.0061) | Train Acc: 0.9928 | Val Acc: 0.9043 | Val P/R/F1 (Macro): 0.9400/0.8615/0.8910 | LR: 0.000005
Epoch [42/100] | Loss: 1.2290 (Cls: 1.2222, TAL: 0.0198, Adv: 0.0055) | Train Acc: 0.9952 | Val Acc: 0.9217 | Val P/R/F1 (Macro): 0.9284/0.9090/0.9140 | LR: 0.000005
Epoch [43/100] | Loss: 1.2289 (Cls: 1.2342, TAL: -0.0203, Adv: 0.0049) | Train Acc: 0.9904 | Val Acc: 0.9043 | Val P/R/F1 (Macro): 0.9400/0.8954/0.9108 | LR: 0.000003
Epoch [44/100] | Loss: 1.2060 (Cls: 1.2188, TAL: -0.0452, Adv: 0.0047) | Train Acc: 0.9928 | Val Acc: 0.9130 | Val P/R/F1 (Macro): 0.9218/0.9077/0.9096 | LR: 0.000003
Epoch [45/100] | Loss: 1.1935 (Cls: 1.2167, TAL: -0.0795, Adv: 0.0042) | Train Acc: 0.9928 | Val Acc: 0.9130 | Val P/R/F1 (Macro): 0.9479/0.8682/0.8986 | LR: 0.000003
Epoch [46/100] | Loss: 1.1674 (Cls: 1.2077, TAL: -0.1362, Adv: 0.0038) | Train Acc: 0.9952 | Val Acc: 0.8696 | Val P/R/F1 (Macro): 0.9004/0.8274/0.8511 | LR: 0.000003
Epoch [47/100] | Loss: 1.1698 (Cls: 1.2027, TAL: -0.1118, Adv: 0.0040) | Train Acc: 0.9952 | Val Acc: 0.9130 | Val P/R/F1 (Macro): 0.9389/0.8849/0.9021 | LR: 0.000003
Epoch [48/100] | Loss: 1.1441 (Cls: 1.1901, TAL: -0.1552, Adv: 0.0034) | Train Acc: 0.9976 | Val Acc: 0.9130 | Val P/R/F1 (Macro): 0.9361/0.9077/0.9154 | LR: 0.000003
Epoch [49/100] | Loss: 1.1698 (Cls: 1.2018, TAL: -0.1084, Adv: 0.0034) | Train Acc: 0.9952 | Val Acc: 0.9217 | Val P/R/F1 (Macro): 0.9438/0.8934/0.9087 | LR: 0.000003
Epoch [50/100] | Loss: 1.1684 (Cls: 1.1985, TAL: -0.1021, Adv: 0.0032) | Train Acc: 0.9880 | Val Acc: 0.9043 | Val P/R/F1 (Macro): 0.9327/0.8690/0.8875 | LR: 0.000003
Epoch [51/100] | Loss: 1.1669 (Cls: 1.2084, TAL: -0.1399, Adv: 0.0029) | Train Acc: 0.9928 | Val Acc: 0.9130 | Val P/R/F1 (Macro): 0.9361/0.8895/0.9021 | LR: 0.000003
Epoch [52/100] | Loss: 1.1844 (Cls: 1.2156, TAL: -0.1055, Adv: 0.0029) | Train Acc: 0.9880 | Val Acc: 0.9043 | Val P/R/F1 (Macro): 0.9400/0.8478/0.8800 | LR: 0.000003
Epoch [53/100] | Loss: 1.1747 (Cls: 1.2060, TAL: -0.1060, Adv: 0.0028) | Train Acc: 0.9904 | Val Acc: 0.9130 | Val P/R/F1 (Macro): 0.9440/0.8564/0.8866 | LR: 0.000003
Epoch [54/100] | Loss: 1.1674 (Cls: 1.1983, TAL: -0.1043, Adv: 0.0028) | Train Acc: 0.9976 | Val Acc: 0.9130 | Val P/R/F1 (Macro): 0.9441/0.8701/0.8979 | LR: 0.000001
Epoch [55/100] | Loss: 1.1546 (Cls: 1.1930, TAL: -0.1296, Adv: 0.0026) | Train Acc: 0.9976 | Val Acc: 0.9130 | Val P/R/F1 (Macro): 0.9440/0.8564/0.8866 | LR: 0.000001
Epoch [56/100] | Loss: 1.1690 (Cls: 1.2055, TAL: -0.1227, Adv: 0.0025) | Train Acc: 0.9928 | Val Acc: 0.9130 | Val P/R/F1 (Macro): 0.9357/0.8895/0.9025 | LR: 0.000001
Epoch [57/100] | Loss: 1.1430 (Cls: 1.1887, TAL: -0.1534, Adv: 0.0025) | Train Acc: 1.0000 | Val Acc: 0.9130 | Val P/R/F1 (Macro): 0.9389/0.8849/0.9021 | LR: 0.000001
Epoch [58/100] | Loss: 1.1399 (Cls: 1.1888, TAL: -0.1644, Adv: 0.0023) | Train Acc: 1.0000 | Val Acc: 0.9043 | Val P/R/F1 (Macro): 0.9380/0.8542/0.8833 | LR: 0.000001
Epoch [59/100] | Loss: 1.1372 (Cls: 1.1895, TAL: -0.1751, Adv: 0.0020) | Train Acc: 0.9976 | Val Acc: 0.9217 | Val P/R/F1 (Macro): 0.9440/0.8934/0.9083 | LR: 0.000001
Epoch [60/100] | Loss: 1.1384 (Cls: 1.1908, TAL: -0.1756, Adv: 0.0020) | Train Acc: 0.9976 | Val Acc: 0.9217 | Val P/R/F1 (Macro): 0.9430/0.9071/0.9199 | LR: 0.000001
Epoch [61/100] | Loss: 1.1736 (Cls: 1.2044, TAL: -0.1037, Adv: 0.0019) | Train Acc: 0.9904 | Val Acc: 0.9043 | Val P/R/F1 (Macro): 0.9354/0.8478/0.8780 | LR: 0.000001
Epoch [62/100] | Loss: 1.1403 (Cls: 1.1834, TAL: -0.1444, Adv: 0.0017) | Train Acc: 0.9952 | Val Acc: 0.9130 | Val P/R/F1 (Macro): 0.9379/0.8776/0.8937 | LR: 0.000001
Epoch [63/100] | Loss: 1.1386 (Cls: 1.1856, TAL: -0.1574, Adv: 0.0018) | Train Acc: 0.9928 | Val Acc: 0.9217 | Val P/R/F1 (Macro): 0.9534/0.8759/0.9051 | LR: 0.000001
Epoch [64/100] | Loss: 1.1262 (Cls: 1.1840, TAL: -0.1934, Adv: 0.0017) | Train Acc: 0.9976 | Val Acc: 0.9130 | Val P/R/F1 (Macro): 0.9475/0.8600/0.8905 | LR: 0.000001
Epoch [65/100] | Loss: 1.1375 (Cls: 1.1938, TAL: -0.1886, Adv: 0.0016) | Train Acc: 0.9976 | Val Acc: 0.9217 | Val P/R/F1 (Macro): 0.9442/0.8786/0.9025 | LR: 0.000001
Epoch [66/100] | Loss: 1.1328 (Cls: 1.1873, TAL: -0.1826, Adv: 0.0017) | Train Acc: 0.9952 | Val Acc: 0.9217 | Val P/R/F1 (Macro): 0.9438/0.8934/0.9087 | LR: 0.000001
Epoch [67/100] | Loss: 1.1584 (Cls: 1.2003, TAL: -0.1404, Adv: 0.0016) | Train Acc: 0.9976 | Val Acc: 0.9130 | Val P/R/F1 (Macro): 0.9394/0.8849/0.9014 | LR: 0.000001
Epoch [68/100] | Loss: 1.1374 (Cls: 1.1893, TAL: -0.1736, Adv: 0.0014) | Train Acc: 0.9976 | Val Acc: 0.9217 | Val P/R/F1 (Macro): 0.9416/0.8998/0.9115 | LR: 0.000001
Epoch [69/100] | Loss: 1.1321 (Cls: 1.1833, TAL: -0.1712, Adv: 0.0015) | Train Acc: 1.0000 | Val Acc: 0.9217 | Val P/R/F1 (Macro): 0.9430/0.9071/0.9199 | LR: 0.000001
Epoch [70/100] | Loss: 1.1305 (Cls: 1.1827, TAL: -0.1745, Adv: 0.0012) | Train Acc: 0.9976 | Val Acc: 0.9217 | Val P/R/F1 (Macro): 0.9430/0.9071/0.9199 | LR: 0.000001
Epoch [71/100] | Loss: 1.1354 (Cls: 1.1844, TAL: -0.1638, Adv: 0.0012) | Train Acc: 0.9976 | Val Acc: 0.8957 | Val P/R/F1 (Macro): 0.8995/0.8502/0.8630 | LR: 0.000001
Epoch [72/100] | Loss: 1.1270 (Cls: 1.1829, TAL: -0.1869, Adv: 0.0012) | Train Acc: 0.9928 | Val Acc: 0.9130 | Val P/R/F1 (Macro): 0.9368/0.8912/0.9053 | LR: 0.000001
Epoch [73/100] | Loss: 1.1357 (Cls: 1.1926, TAL: -0.1904, Adv: 0.0012) | Train Acc: 0.9976 | Val Acc: 0.9130 | Val P/R/F1 (Macro): 0.9395/0.8701/0.8959 | LR: 0.000001
Epoch [74/100] | Loss: 1.1293 (Cls: 1.1828, TAL: -0.1789, Adv: 0.0012) | Train Acc: 0.9976 | Val Acc: 0.8870 | Val P/R/F1 (Macro): 0.9222/0.8132/0.8399 | LR: 0.000001
Epoch [75/100] | Loss: 1.1468 (Cls: 1.2046, TAL: -0.1932, Adv: 0.0013) | Train Acc: 0.9976 | Val Acc: 0.9043 | Val P/R/F1 (Macro): 0.9315/0.8918/0.9014 | LR: 0.000001
Epoch [76/100] | Loss: 1.1435 (Cls: 1.1889, TAL: -0.1517, Adv: 0.0011) | Train Acc: 0.9952 | Val Acc: 0.9130 | Val P/R/F1 (Macro): 0.9364/0.8912/0.9048 | LR: 0.000001
Epoch [77/100] | Loss: 1.1444 (Cls: 1.1912, TAL: -0.1569, Adv: 0.0012) | Train Acc: 1.0000 | Val Acc: 0.9130 | Val P/R/F1 (Macro): 0.9395/0.8701/0.8959 | LR: 0.000001
Epoch [78/100] | Loss: 1.1429 (Cls: 1.1815, TAL: -0.1291, Adv: 0.0010) | Train Acc: 1.0000 | Val Acc: 0.9304 | Val P/R/F1 (Macro): 0.9479/0.9156/0.9266 | LR: 0.000001
Epoch [79/100] | Loss: 1.1449 (Cls: 1.1911, TAL: -0.1545, Adv: 0.0010) | Train Acc: 1.0000 | Val Acc: 0.9217 | Val P/R/F1 (Macro): 0.9417/0.8998/0.9119 | LR: 0.000001
Epoch [80/100] | Loss: 1.1445 (Cls: 1.1933, TAL: -0.1629, Adv: 0.0010) | Train Acc: 0.9904 | Val Acc: 0.9217 | Val P/R/F1 (Macro): 0.9430/0.9071/0.9199 | LR: 0.000001
Epoch [81/100] | Loss: 1.1433 (Cls: 1.1820, TAL: -0.1296, Adv: 0.0010) | Train Acc: 1.0000 | Val Acc: 0.9304 | Val P/R/F1 (Macro): 0.9515/0.9156/0.9285 | LR: 0.000001
Epoch [82/100] | Loss: 1.1484 (Cls: 1.2002, TAL: -0.1734, Adv: 0.0010) | Train Acc: 0.9928 | Val Acc: 0.9217 | Val P/R/F1 (Macro): 0.9416/0.8998/0.9115 | LR: 0.000001
Epoch [83/100] | Loss: 1.1483 (Cls: 1.1890, TAL: -0.1363, Adv: 0.0010) | Train Acc: 1.0000 | Val Acc: 0.9043 | Val P/R/F1 (Macro): 0.9173/0.8330/0.8527 | LR: 0.000001
Epoch [84/100] | Loss: 1.1488 (Cls: 1.1966, TAL: -0.1600, Adv: 0.0009) | Train Acc: 0.9904 | Val Acc: 0.9217 | Val P/R/F1 (Macro): 0.9430/0.9071/0.9199 | LR: 0.000001
Epoch [85/100] | Loss: 1.1273 (Cls: 1.1747, TAL: -0.1583, Adv: 0.0009) | Train Acc: 0.9976 | Val Acc: 0.9217 | Val P/R/F1 (Macro): 0.9416/0.8998/0.9115 | LR: 0.000001
Epoch [86/100] | Loss: 1.1501 (Cls: 1.1929, TAL: -0.1433, Adv: 0.0008) | Train Acc: 0.9976 | Val Acc: 0.9217 | Val P/R/F1 (Macro): 0.9417/0.8998/0.9119 | LR: 0.000001
Epoch [87/100] | Loss: 1.1647 (Cls: 1.1973, TAL: -0.1092, Adv: 0.0008) | Train Acc: 0.9904 | Val Acc: 0.9130 | Val P/R/F1 (Macro): 0.9389/0.8849/0.9021 | LR: 0.000001
Epoch [88/100] | Loss: 1.1465 (Cls: 1.1896, TAL: -0.1439, Adv: 0.0007) | Train Acc: 0.9952 | Val Acc: 0.9130 | Val P/R/F1 (Macro): 0.9388/0.8849/0.9017 | LR: 0.000001
Epoch [89/100] | Loss: 1.1544 (Cls: 1.1946, TAL: -0.1342, Adv: 0.0008) | Train Acc: 1.0000 | Val Acc: 0.9130 | Val P/R/F1 (Macro): 0.9379/0.8776/0.8937 | LR: 0.000001
Epoch [90/100] | Loss: 1.1320 (Cls: 1.1744, TAL: -0.1418, Adv: 0.0008) | Train Acc: 1.0000 | Val Acc: 0.8870 | Val P/R/F1 (Macro): 0.9260/0.8086/0.8393 | LR: 0.000001
Epoch [91/100] | Loss: 1.1468 (Cls: 1.1868, TAL: -0.1335, Adv: 0.0007) | Train Acc: 0.9976 | Val Acc: 0.9043 | Val P/R/F1 (Macro): 0.9333/0.8542/0.8813 | LR: 0.000001
Epoch [92/100] | Loss: 1.1530 (Cls: 1.1940, TAL: -0.1369, Adv: 0.0007) | Train Acc: 0.9976 | Val Acc: 0.9130 | Val P/R/F1 (Macro): 0.9368/0.8912/0.9053 | LR: 0.000001
Epoch [93/100] | Loss: 1.1470 (Cls: 1.1832, TAL: -0.1212, Adv: 0.0006) | Train Acc: 1.0000 | Val Acc: 0.9217 | Val P/R/F1 (Macro): 0.9417/0.8998/0.9119 | LR: 0.000001
Epoch [94/100] | Loss: 1.1233 (Cls: 1.1784, TAL: -0.1839, Adv: 0.0007) | Train Acc: 0.9976 | Val Acc: 0.9130 | Val P/R/F1 (Macro): 0.9368/0.8912/0.9053 | LR: 0.000001
Epoch [95/100] | Loss: 1.1490 (Cls: 1.1927, TAL: -0.1461, Adv: 0.0007) | Train Acc: 0.9952 | Val Acc: 0.9217 | Val P/R/F1 (Macro): 0.9425/0.8998/0.9126 | LR: 0.000001
Epoch [96/100] | Loss: 1.1599 (Cls: 1.1973, TAL: -0.1250, Adv: 0.0007) | Train Acc: 0.9976 | Val Acc: 0.9043 | Val P/R/F1 (Macro): 0.9333/0.8542/0.8813 | LR: 0.000001
Epoch [97/100] | Loss: 1.1399 (Cls: 1.1841, TAL: -0.1478, Adv: 0.0007) | Train Acc: 0.9976 | Val Acc: 0.9130 | Val P/R/F1 (Macro): 0.9352/0.8958/0.9058 | LR: 0.000001
Epoch [98/100] | Loss: 1.1320 (Cls: 1.1770, TAL: -0.1505, Adv: 0.0007) | Train Acc: 1.0000 | Val Acc: 0.9130 | Val P/R/F1 (Macro): 0.9376/0.8912/0.9051 | LR: 0.000001
Epoch [99/100] | Loss: 1.1334 (Cls: 1.1826, TAL: -0.1642, Adv: 0.0006) | Train Acc: 0.9928 | Val Acc: 0.9043 | Val P/R/F1 (Macro): 0.9298/0.8873/0.8997 | LR: 0.000001
Epoch [100/100] | Loss: 1.1397 (Cls: 1.1824, TAL: -0.1425, Adv: 0.0006) | Train Acc: 1.0000 | Val Acc: 0.9130 | Val P/R/F1 (Macro): 0.9352/0.8958/0.9058 | LR: 0.000001

迭代 1 最佳指标:
  Accuracy: 0.9304
  Precision (Macro): 0.9503
  Recall (Macro): 0.9078
  F1 (Macro): 0.9194
  Precision (Micro): 0.9304
  Recall (Micro): 0.9304
  F1 (Micro): 0.9304
  Val class coverage: 9/14 (0.6429), samples=115

================================================================================
迭代 2/5
随机种子: 43
================================================================================
Feature fusion: Tensor alignment (512+512 -> 128+128); fused_dim=256
Domain adaptation: standard source-target adversarial training, no generator
Loss weights: tensor=0.30, adv=0.15
Epoch [1/100] | Loss: 4.7780 (Cls: 4.7413, TAL: -0.0218, Adv: 0.2879) | Train Acc: 0.2356 | Val Acc: 0.3478 | Val P/R/F1 (Macro): 0.1310/0.1975/0.1439 | LR: 0.000010
  >>> New Best Val Acc: 0.3478
Epoch [2/100] | Loss: 3.5581 (Cls: 3.5608, TAL: -0.0180, Adv: 0.0177) | Train Acc: 0.4303 | Val Acc: 0.5391 | Val P/R/F1 (Macro): 0.3926/0.4650/0.4030 | LR: 0.000010
  >>> New Best Val Acc: 0.5391
Epoch [3/100] | Loss: 3.0946 (Cls: 3.0053, TAL: 0.2956, Adv: 0.0041) | Train Acc: 0.5505 | Val Acc: 0.6261 | Val P/R/F1 (Macro): 0.6712/0.5924/0.5820 | LR: 0.000010
  >>> New Best Val Acc: 0.6261
Epoch [4/100] | Loss: 2.6589 (Cls: 2.6219, TAL: 0.1221, Adv: 0.0024) | Train Acc: 0.6298 | Val Acc: 0.7739 | Val P/R/F1 (Macro): 0.7601/0.7824/0.7230 | LR: 0.000010
  >>> New Best Val Acc: 0.7739
Epoch [5/100] | Loss: 2.2687 (Cls: 2.3199, TAL: -0.1720, Adv: 0.0027) | Train Acc: 0.6971 | Val Acc: 0.7739 | Val P/R/F1 (Macro): 0.7228/0.6736/0.6892 | LR: 0.000010
Epoch [6/100] | Loss: 1.9279 (Cls: 1.9731, TAL: -0.1524, Adv: 0.0031) | Train Acc: 0.8029 | Val Acc: 0.8087 | Val P/R/F1 (Macro): 0.7941/0.7823/0.7775 | LR: 0.000010
  >>> New Best Val Acc: 0.8087
Epoch [7/100] | Loss: 1.7994 (Cls: 1.7924, TAL: 0.0225, Adv: 0.0018) | Train Acc: 0.8389 | Val Acc: 0.8087 | Val P/R/F1 (Macro): 0.8497/0.8067/0.7977 | LR: 0.000010
Epoch [8/100] | Loss: 1.7189 (Cls: 1.7053, TAL: 0.0419, Adv: 0.0066) | Train Acc: 0.8942 | Val Acc: 0.8000 | Val P/R/F1 (Macro): 0.8239/0.7477/0.7492 | LR: 0.000010
Epoch [9/100] | Loss: 1.6517 (Cls: 1.7003, TAL: -0.1657, Adv: 0.0070) | Train Acc: 0.8966 | Val Acc: 0.8435 | Val P/R/F1 (Macro): 0.8888/0.7801/0.7992 | LR: 0.000010
  >>> New Best Val Acc: 0.8435
Epoch [10/100] | Loss: 1.5480 (Cls: 1.6079, TAL: -0.2020, Adv: 0.0043) | Train Acc: 0.8990 | Val Acc: 0.8435 | Val P/R/F1 (Macro): 0.8871/0.7645/0.7911 | LR: 0.000010
Epoch [11/100] | Loss: 1.5377 (Cls: 1.6002, TAL: -0.2179, Adv: 0.0195) | Train Acc: 0.9135 | Val Acc: 0.8261 | Val P/R/F1 (Macro): 0.8395/0.7363/0.7521 | LR: 0.000010
Epoch [12/100] | Loss: 1.4161 (Cls: 1.5036, TAL: -0.2931, Adv: 0.0028) | Train Acc: 0.9423 | Val Acc: 0.8348 | Val P/R/F1 (Macro): 0.8559/0.8011/0.8054 | LR: 0.000010
Epoch [13/100] | Loss: 1.4474 (Cls: 1.5103, TAL: -0.2112, Adv: 0.0028) | Train Acc: 0.9567 | Val Acc: 0.8087 | Val P/R/F1 (Macro): 0.7664/0.6729/0.6727 | LR: 0.000010
Epoch [14/100] | Loss: 1.4850 (Cls: 1.5058, TAL: -0.0702, Adv: 0.0011) | Train Acc: 0.9327 | Val Acc: 0.9043 | Val P/R/F1 (Macro): 0.9112/0.9164/0.9054 | LR: 0.000010
  >>> New Best Val Acc: 0.9043
Epoch [15/100] | Loss: 1.5432 (Cls: 1.5180, TAL: 0.0832, Adv: 0.0016) | Train Acc: 0.9255 | Val Acc: 0.8261 | Val P/R/F1 (Macro): 0.8778/0.7535/0.7802 | LR: 0.000010
Epoch [16/100] | Loss: 1.5028 (Cls: 1.4871, TAL: 0.0509, Adv: 0.0033) | Train Acc: 0.9447 | Val Acc: 0.8435 | Val P/R/F1 (Macro): 0.8912/0.7386/0.7664 | LR: 0.000010
Epoch [17/100] | Loss: 1.4021 (Cls: 1.4280, TAL: -0.0871, Adv: 0.0016) | Train Acc: 0.9519 | Val Acc: 0.8174 | Val P/R/F1 (Macro): 0.8388/0.7249/0.7449 | LR: 0.000010
Epoch [18/100] | Loss: 1.4231 (Cls: 1.4332, TAL: -0.0342, Adv: 0.0015) | Train Acc: 0.9495 | Val Acc: 0.9130 | Val P/R/F1 (Macro): 0.9374/0.8796/0.8938 | LR: 0.000010
  >>> New Best Val Acc: 0.9130
Epoch [19/100] | Loss: 1.3942 (Cls: 1.3938, TAL: -0.0001, Adv: 0.0031) | Train Acc: 0.9543 | Val Acc: 0.8783 | Val P/R/F1 (Macro): 0.9157/0.8460/0.8598 | LR: 0.000010
Epoch [20/100] | Loss: 1.4175 (Cls: 1.3894, TAL: 0.0918, Adv: 0.0038) | Train Acc: 0.9639 | Val Acc: 0.8348 | Val P/R/F1 (Macro): 0.8899/0.7326/0.7610 | LR: 0.000010
Epoch [21/100] | Loss: 1.3767 (Cls: 1.3551, TAL: 0.0676, Adv: 0.0092) | Train Acc: 0.9663 | Val Acc: 0.8609 | Val P/R/F1 (Macro): 0.8713/0.8211/0.8271 | LR: 0.000010
Epoch [22/100] | Loss: 1.5927 (Cls: 1.4083, TAL: -0.0441, Adv: 1.3176) | Train Acc: 0.9447 | Val Acc: 0.8435 | Val P/R/F1 (Macro): 0.8676/0.7488/0.7690 | LR: 0.000010
Epoch [23/100] | Loss: 2.8913 (Cls: 1.4587, TAL: -0.0274, Adv: 9.6055) | Train Acc: 0.9447 | Val Acc: 0.8261 | Val P/R/F1 (Macro): 0.8562/0.7596/0.7748 | LR: 0.000010
Epoch [24/100] | Loss: 2.1855 (Cls: 1.3861, TAL: -0.1329, Adv: 5.5950) | Train Acc: 0.9663 | Val Acc: 0.8609 | Val P/R/F1 (Macro): 0.8829/0.7741/0.7913 | LR: 0.000010
Epoch [25/100] | Loss: 1.5073 (Cls: 1.3593, TAL: -0.2741, Adv: 1.5348) | Train Acc: 0.9615 | Val Acc: 0.8522 | Val P/R/F1 (Macro): 0.8720/0.7932/0.8012 | LR: 0.000010
Epoch [26/100] | Loss: 1.3667 (Cls: 1.3756, TAL: -0.1233, Adv: 0.1868) | Train Acc: 0.9615 | Val Acc: 0.8609 | Val P/R/F1 (Macro): 0.9131/0.8084/0.8308 | LR: 0.000010
Epoch [27/100] | Loss: 1.3736 (Cls: 1.3424, TAL: 0.0879, Adv: 0.0325) | Train Acc: 0.9832 | Val Acc: 0.8870 | Val P/R/F1 (Macro): 0.9273/0.8159/0.8437 | LR: 0.000010
Epoch [28/100] | Loss: 1.3902 (Cls: 1.3472, TAL: 0.1374, Adv: 0.0119) | Train Acc: 0.9712 | Val Acc: 0.8783 | Val P/R/F1 (Macro): 0.8932/0.8698/0.8719 | LR: 0.000010
Epoch [29/100] | Loss: 1.3375 (Cls: 1.3081, TAL: 0.0944, Adv: 0.0071) | Train Acc: 0.9808 | Val Acc: 0.8696 | Val P/R/F1 (Macro): 0.9116/0.7837/0.8122 | LR: 0.000005
Epoch [30/100] | Loss: 1.3535 (Cls: 1.2971, TAL: 0.1851, Adv: 0.0052) | Train Acc: 0.9880 | Val Acc: 0.8870 | Val P/R/F1 (Macro): 0.8895/0.8508/0.8556 | LR: 0.000005
Epoch [31/100] | Loss: 1.3158 (Cls: 1.2763, TAL: 0.1294, Adv: 0.0042) | Train Acc: 0.9784 | Val Acc: 0.8783 | Val P/R/F1 (Macro): 0.8967/0.7981/0.8125 | LR: 0.000005
Epoch [32/100] | Loss: 1.3337 (Cls: 1.2721, TAL: 0.2027, Adv: 0.0051) | Train Acc: 0.9880 | Val Acc: 0.8522 | Val P/R/F1 (Macro): 0.9009/0.7597/0.7847 | LR: 0.000005
Epoch [33/100] | Loss: 1.3303 (Cls: 1.2571, TAL: 0.2418, Adv: 0.0049) | Train Acc: 0.9928 | Val Acc: 0.8696 | Val P/R/F1 (Macro): 0.8753/0.7942/0.7976 | LR: 0.000005
Epoch [34/100] | Loss: 1.3019 (Cls: 1.2869, TAL: 0.0411, Adv: 0.0179) | Train Acc: 0.9880 | Val Acc: 0.8783 | Val P/R/F1 (Macro): 0.9156/0.8066/0.8332 | LR: 0.000005
Epoch [35/100] | Loss: 1.2590 (Cls: 1.2734, TAL: -0.1253, Adv: 0.1550) | Train Acc: 0.9856 | Val Acc: 0.8783 | Val P/R/F1 (Macro): 0.9165/0.8100/0.8325 | LR: 0.000005
Epoch [36/100] | Loss: 1.2685 (Cls: 1.2450, TAL: -0.2458, Adv: 0.6479) | Train Acc: 0.9904 | Val Acc: 0.8957 | Val P/R/F1 (Macro): 0.9054/0.8677/0.8774 | LR: 0.000005
Epoch [37/100] | Loss: 1.8646 (Cls: 1.2832, TAL: -0.0195, Adv: 3.9152) | Train Acc: 0.9832 | Val Acc: 0.8870 | Val P/R/F1 (Macro): 0.9088/0.8244/0.8442 | LR: 0.000005
Epoch [38/100] | Loss: 1.8578 (Cls: 1.2700, TAL: 0.1439, Adv: 3.6307) | Train Acc: 0.9952 | Val Acc: 0.8783 | Val P/R/F1 (Macro): 0.9180/0.8226/0.8514 | LR: 0.000005
Epoch [39/100] | Loss: 1.6179 (Cls: 1.2740, TAL: 0.2041, Adv: 1.8848) | Train Acc: 0.9832 | Val Acc: 0.9043 | Val P/R/F1 (Macro): 0.9325/0.8572/0.8728 | LR: 0.000005
Epoch [40/100] | Loss: 1.4661 (Cls: 1.2741, TAL: 0.1885, Adv: 0.9029) | Train Acc: 0.9712 | Val Acc: 0.8783 | Val P/R/F1 (Macro): 0.9184/0.8470/0.8618 | LR: 0.000003
Epoch [41/100] | Loss: 1.3428 (Cls: 1.2417, TAL: 0.0854, Adv: 0.5029) | Train Acc: 0.9952 | Val Acc: 0.8783 | Val P/R/F1 (Macro): 0.9174/0.8158/0.8423 | LR: 0.000003
Epoch [42/100] | Loss: 1.2860 (Cls: 1.2299, TAL: 0.0384, Adv: 0.2975) | Train Acc: 0.9904 | Val Acc: 0.9130 | Val P/R/F1 (Macro): 0.9393/0.8776/0.8954 | LR: 0.000003
Epoch [43/100] | Loss: 1.2776 (Cls: 1.2427, TAL: 0.0377, Adv: 0.1572) | Train Acc: 0.9904 | Val Acc: 0.9130 | Val P/R/F1 (Macro): 0.9393/0.8776/0.8954 | LR: 0.000003
Epoch [44/100] | Loss: 1.2610 (Cls: 1.2213, TAL: 0.0933, Adv: 0.0782) | Train Acc: 0.9928 | Val Acc: 0.8696 | Val P/R/F1 (Macro): 0.9125/0.7714/0.7990 | LR: 0.000003
Epoch [45/100] | Loss: 1.2753 (Cls: 1.2261, TAL: 0.1446, Adv: 0.0389) | Train Acc: 1.0000 | Val Acc: 0.8957 | Val P/R/F1 (Macro): 0.9294/0.8632/0.8830 | LR: 0.000003
Epoch [46/100] | Loss: 1.2508 (Cls: 1.2043, TAL: 0.1434, Adv: 0.0230) | Train Acc: 1.0000 | Val Acc: 0.8957 | Val P/R/F1 (Macro): 0.9145/0.8495/0.8636 | LR: 0.000003
Epoch [47/100] | Loss: 1.2844 (Cls: 1.2404, TAL: 0.1390, Adv: 0.0153) | Train Acc: 0.9952 | Val Acc: 0.8957 | Val P/R/F1 (Macro): 0.9272/0.8659/0.8821 | LR: 0.000003
Epoch [48/100] | Loss: 1.2580 (Cls: 1.2158, TAL: 0.1351, Adv: 0.0114) | Train Acc: 0.9952 | Val Acc: 0.8957 | Val P/R/F1 (Macro): 0.9068/0.8677/0.8786 | LR: 0.000003
Epoch [49/100] | Loss: 1.2484 (Cls: 1.2142, TAL: 0.1095, Adv: 0.0090) | Train Acc: 1.0000 | Val Acc: 0.9043 | Val P/R/F1 (Macro): 0.9168/0.8717/0.8853 | LR: 0.000003
Epoch [50/100] | Loss: 1.2402 (Cls: 1.2040, TAL: 0.1169, Adv: 0.0076) | Train Acc: 0.9952 | Val Acc: 0.8696 | Val P/R/F1 (Macro): 0.8585/0.8354/0.8378 | LR: 0.000003
Epoch [51/100] | Loss: 1.2462 (Cls: 1.2131, TAL: 0.1069, Adv: 0.0071) | Train Acc: 0.9976 | Val Acc: 0.8957 | Val P/R/F1 (Macro): 0.9276/0.8495/0.8658 | LR: 0.000001
Epoch [52/100] | Loss: 1.2513 (Cls: 1.2118, TAL: 0.1289, Adv: 0.0060) | Train Acc: 0.9952 | Val Acc: 0.8783 | Val P/R/F1 (Macro): 0.9204/0.7776/0.8059 | LR: 0.000001
Epoch [53/100] | Loss: 1.2582 (Cls: 1.2174, TAL: 0.1334, Adv: 0.0053) | Train Acc: 0.9904 | Val Acc: 0.8696 | Val P/R/F1 (Macro): 0.9135/0.7714/0.7997 | LR: 0.000001
Epoch [54/100] | Loss: 1.2545 (Cls: 1.2174, TAL: 0.1213, Adv: 0.0049) | Train Acc: 0.9976 | Val Acc: 0.8696 | Val P/R/F1 (Macro): 0.9131/0.7714/0.7988 | LR: 0.000001
Epoch [55/100] | Loss: 1.2445 (Cls: 1.2112, TAL: 0.1089, Adv: 0.0046) | Train Acc: 0.9928 | Val Acc: 0.8783 | Val P/R/F1 (Macro): 0.9020/0.7776/0.8011 | LR: 0.000001
Epoch [56/100] | Loss: 1.2351 (Cls: 1.1962, TAL: 0.1274, Adv: 0.0043) | Train Acc: 0.9976 | Val Acc: 0.8783 | Val P/R/F1 (Macro): 0.8991/0.8085/0.8310 | LR: 0.000001
Epoch [57/100] | Loss: 1.2338 (Cls: 1.1968, TAL: 0.1215, Adv: 0.0037) | Train Acc: 0.9976 | Val Acc: 0.9043 | Val P/R/F1 (Macro): 0.9136/0.8717/0.8834 | LR: 0.000001
Epoch [58/100] | Loss: 1.2516 (Cls: 1.2032, TAL: 0.1594, Adv: 0.0039) | Train Acc: 0.9976 | Val Acc: 0.8783 | Val P/R/F1 (Macro): 0.8994/0.7776/0.8001 | LR: 0.000001
Epoch [59/100] | Loss: 1.2398 (Cls: 1.1973, TAL: 0.1402, Adv: 0.0033) | Train Acc: 0.9928 | Val Acc: 0.9043 | Val P/R/F1 (Macro): 0.9321/0.8717/0.8882 | LR: 0.000001
Epoch [60/100] | Loss: 1.2406 (Cls: 1.1968, TAL: 0.1444, Adv: 0.0036) | Train Acc: 0.9952 | Val Acc: 0.9130 | Val P/R/F1 (Macro): 0.9393/0.8776/0.8954 | LR: 0.000001
Epoch [61/100] | Loss: 1.2299 (Cls: 1.1889, TAL: 0.1352, Adv: 0.0031) | Train Acc: 0.9952 | Val Acc: 0.9043 | Val P/R/F1 (Macro): 0.9321/0.8717/0.8882 | LR: 0.000001
Epoch [62/100] | Loss: 1.2281 (Cls: 1.1932, TAL: 0.1148, Adv: 0.0031) | Train Acc: 0.9928 | Val Acc: 0.9130 | Val P/R/F1 (Macro): 0.9393/0.8776/0.8954 | LR: 0.000001
Epoch [63/100] | Loss: 1.2419 (Cls: 1.1955, TAL: 0.1534, Adv: 0.0028) | Train Acc: 0.9952 | Val Acc: 0.9043 | Val P/R/F1 (Macro): 0.9338/0.8405/0.8699 | LR: 0.000001
Epoch [64/100] | Loss: 1.2397 (Cls: 1.1916, TAL: 0.1588, Adv: 0.0029) | Train Acc: 0.9976 | Val Acc: 0.8957 | Val P/R/F1 (Macro): 0.9298/0.8468/0.8665 | LR: 0.000001
Epoch [65/100] | Loss: 1.2365 (Cls: 1.2000, TAL: 0.1203, Adv: 0.0025) | Train Acc: 0.9976 | Val Acc: 0.9130 | Val P/R/F1 (Macro): 0.9393/0.8776/0.8954 | LR: 0.000001
Epoch [66/100] | Loss: 1.2321 (Cls: 1.1886, TAL: 0.1435, Adv: 0.0027) | Train Acc: 0.9952 | Val Acc: 0.9043 | Val P/R/F1 (Macro): 0.9321/0.8717/0.8882 | LR: 0.000001
Epoch [67/100] | Loss: 1.2221 (Cls: 1.1839, TAL: 0.1262, Adv: 0.0022) | Train Acc: 1.0000 | Val Acc: 0.9043 | Val P/R/F1 (Macro): 0.9160/0.8717/0.8846 | LR: 0.000001
Epoch [68/100] | Loss: 1.2342 (Cls: 1.1965, TAL: 0.1244, Adv: 0.0025) | Train Acc: 0.9952 | Val Acc: 0.9043 | Val P/R/F1 (Macro): 0.9338/0.8405/0.8699 | LR: 0.000001
Epoch [69/100] | Loss: 1.2449 (Cls: 1.1934, TAL: 0.1707, Adv: 0.0021) | Train Acc: 0.9976 | Val Acc: 0.8957 | Val P/R/F1 (Macro): 0.9206/0.8659/0.8788 | LR: 0.000001
Epoch [70/100] | Loss: 1.2265 (Cls: 1.1838, TAL: 0.1414, Adv: 0.0022) | Train Acc: 0.9976 | Val Acc: 0.8957 | Val P/R/F1 (Macro): 0.9304/0.8495/0.8672 | LR: 0.000001
Epoch [71/100] | Loss: 1.2311 (Cls: 1.1806, TAL: 0.1673, Adv: 0.0018) | Train Acc: 1.0000 | Val Acc: 0.9043 | Val P/R/F1 (Macro): 0.9321/0.8717/0.8882 | LR: 0.000001
Epoch [72/100] | Loss: 1.2652 (Cls: 1.2166, TAL: 0.1610, Adv: 0.0019) | Train Acc: 0.9976 | Val Acc: 0.9043 | Val P/R/F1 (Macro): 0.9097/0.8553/0.8648 | LR: 0.000001
Epoch [73/100] | Loss: 1.2596 (Cls: 1.2100, TAL: 0.1643, Adv: 0.0019) | Train Acc: 0.9976 | Val Acc: 0.9130 | Val P/R/F1 (Macro): 0.9393/0.8776/0.8954 | LR: 0.000001
Epoch [74/100] | Loss: 1.2651 (Cls: 1.2172, TAL: 0.1589, Adv: 0.0019) | Train Acc: 1.0000 | Val Acc: 0.9130 | Val P/R/F1 (Macro): 0.9404/0.8939/0.9079 | LR: 0.000001
Epoch [75/100] | Loss: 1.2816 (Cls: 1.2367, TAL: 0.1488, Adv: 0.0019) | Train Acc: 0.9952 | Val Acc: 0.9043 | Val P/R/F1 (Macro): 0.9163/0.8553/0.8681 | LR: 0.000001
Epoch [76/100] | Loss: 1.2625 (Cls: 1.2233, TAL: 0.1298, Adv: 0.0017) | Train Acc: 0.9952 | Val Acc: 0.9043 | Val P/R/F1 (Macro): 0.9160/0.8717/0.8846 | LR: 0.000001
Epoch [77/100] | Loss: 1.2622 (Cls: 1.2093, TAL: 0.1756, Adv: 0.0016) | Train Acc: 0.9976 | Val Acc: 0.9043 | Val P/R/F1 (Macro): 0.9160/0.8717/0.8846 | LR: 0.000001
Epoch [78/100] | Loss: 1.2546 (Cls: 1.2044, TAL: 0.1666, Adv: 0.0015) | Train Acc: 0.9904 | Val Acc: 0.9130 | Val P/R/F1 (Macro): 0.9393/0.8776/0.8954 | LR: 0.000001
Epoch [79/100] | Loss: 1.2428 (Cls: 1.1927, TAL: 0.1661, Adv: 0.0015) | Train Acc: 1.0000 | Val Acc: 0.9130 | Val P/R/F1 (Macro): 0.9393/0.8776/0.8954 | LR: 0.000001
Epoch [80/100] | Loss: 1.2365 (Cls: 1.1892, TAL: 0.1569, Adv: 0.0014) | Train Acc: 0.9976 | Val Acc: 0.9217 | Val P/R/F1 (Macro): 0.9446/0.8815/0.9001 | LR: 0.000001
  >>> New Best Val Acc: 0.9217
Epoch [81/100] | Loss: 1.2530 (Cls: 1.2005, TAL: 0.1741, Adv: 0.0015) | Train Acc: 0.9952 | Val Acc: 0.9130 | Val P/R/F1 (Macro): 0.9393/0.8776/0.8954 | LR: 0.000001
Epoch [82/100] | Loss: 1.2590 (Cls: 1.2062, TAL: 0.1749, Adv: 0.0016) | Train Acc: 0.9952 | Val Acc: 0.8870 | Val P/R/F1 (Macro): 0.9059/0.7813/0.8062 | LR: 0.000001
Epoch [83/100] | Loss: 1.2374 (Cls: 1.1991, TAL: 0.1269, Adv: 0.0014) | Train Acc: 0.9976 | Val Acc: 0.9043 | Val P/R/F1 (Macro): 0.9279/0.8717/0.8862 | LR: 0.000001
Epoch [84/100] | Loss: 1.2406 (Cls: 1.2017, TAL: 0.1289, Adv: 0.0014) | Train Acc: 0.9952 | Val Acc: 0.9130 | Val P/R/F1 (Macro): 0.9393/0.8776/0.8954 | LR: 0.000001
Epoch [85/100] | Loss: 1.2539 (Cls: 1.1954, TAL: 0.1940, Adv: 0.0014) | Train Acc: 0.9952 | Val Acc: 0.8957 | Val P/R/F1 (Macro): 0.9330/0.8495/0.8685 | LR: 0.000001
Epoch [86/100] | Loss: 1.2459 (Cls: 1.1971, TAL: 0.1620, Adv: 0.0014) | Train Acc: 0.9952 | Val Acc: 0.9043 | Val P/R/F1 (Macro): 0.9136/0.8717/0.8834 | LR: 0.000001
Epoch [87/100] | Loss: 1.2494 (Cls: 1.1955, TAL: 0.1791, Adv: 0.0011) | Train Acc: 0.9976 | Val Acc: 0.9043 | Val P/R/F1 (Macro): 0.9153/0.8405/0.8650 | LR: 0.000001
Epoch [88/100] | Loss: 1.2540 (Cls: 1.1956, TAL: 0.1941, Adv: 0.0013) | Train Acc: 0.9976 | Val Acc: 0.8957 | Val P/R/F1 (Macro): 0.9041/0.8183/0.8393 | LR: 0.000001
Epoch [89/100] | Loss: 1.2544 (Cls: 1.2018, TAL: 0.1750, Adv: 0.0012) | Train Acc: 0.9976 | Val Acc: 0.9043 | Val P/R/F1 (Macro): 0.9150/0.8386/0.8637 | LR: 0.000001
Epoch [90/100] | Loss: 1.2508 (Cls: 1.1942, TAL: 0.1879, Adv: 0.0012) | Train Acc: 1.0000 | Val Acc: 0.8957 | Val P/R/F1 (Macro): 0.9119/0.8495/0.8624 | LR: 0.000001
Epoch [91/100] | Loss: 1.2482 (Cls: 1.1991, TAL: 0.1631, Adv: 0.0011) | Train Acc: 0.9976 | Val Acc: 0.9130 | Val P/R/F1 (Macro): 0.9228/0.8593/0.8737 | LR: 0.000001
Epoch [92/100] | Loss: 1.2449 (Cls: 1.1901, TAL: 0.1822, Adv: 0.0010) | Train Acc: 0.9976 | Val Acc: 0.9043 | Val P/R/F1 (Macro): 0.9407/0.8553/0.8756 | LR: 0.000001
Epoch [93/100] | Loss: 1.2351 (Cls: 1.1894, TAL: 0.1519, Adv: 0.0010) | Train Acc: 0.9952 | Val Acc: 0.9043 | Val P/R/F1 (Macro): 0.9347/0.8535/0.8717 | LR: 0.000001
Epoch [94/100] | Loss: 1.2602 (Cls: 1.2093, TAL: 0.1690, Adv: 0.0010) | Train Acc: 1.0000 | Val Acc: 0.9043 | Val P/R/F1 (Macro): 0.9321/0.8717/0.8882 | LR: 0.000001
Epoch [95/100] | Loss: 1.2462 (Cls: 1.1970, TAL: 0.1636, Adv: 0.0011) | Train Acc: 0.9952 | Val Acc: 0.8957 | Val P/R/F1 (Macro): 0.9145/0.8495/0.8636 | LR: 0.000001
Epoch [96/100] | Loss: 1.2402 (Cls: 1.1908, TAL: 0.1641, Adv: 0.0010) | Train Acc: 0.9952 | Val Acc: 0.9130 | Val P/R/F1 (Macro): 0.9208/0.8776/0.8905 | LR: 0.000001
Epoch [97/100] | Loss: 1.2394 (Cls: 1.1865, TAL: 0.1760, Adv: 0.0009) | Train Acc: 0.9976 | Val Acc: 0.9043 | Val P/R/F1 (Macro): 0.9160/0.8717/0.8846 | LR: 0.000001
Epoch [98/100] | Loss: 1.2349 (Cls: 1.1817, TAL: 0.1767, Adv: 0.0011) | Train Acc: 1.0000 | Val Acc: 0.8957 | Val P/R/F1 (Macro): 0.9344/0.8632/0.8856 | LR: 0.000001
Epoch [99/100] | Loss: 1.2255 (Cls: 1.1845, TAL: 0.1364, Adv: 0.0008) | Train Acc: 1.0000 | Val Acc: 0.9217 | Val P/R/F1 (Macro): 0.9446/0.8815/0.9001 | LR: 0.000001
Epoch [100/100] | Loss: 1.2385 (Cls: 1.1922, TAL: 0.1540, Adv: 0.0009) | Train Acc: 0.9976 | Val Acc: 0.9043 | Val P/R/F1 (Macro): 0.9190/0.8553/0.8698 | LR: 0.000001

迭代 2 最佳指标:
  Accuracy: 0.9217
  Precision (Macro): 0.9446
  Recall (Macro): 0.8815
  F1 (Macro): 0.9001
  Precision (Micro): 0.9217
  Recall (Micro): 0.9217
  F1 (Micro): 0.9217
  Val class coverage: 9/14 (0.6429), samples=115

================================================================================
迭代 3/5
随机种子: 44
================================================================================
Feature fusion: Tensor alignment (512+512 -> 128+128); fused_dim=256
Domain adaptation: standard source-target adversarial training, no generator
Loss weights: tensor=0.30, adv=0.15
Epoch [1/100] | Loss: 4.7588 (Cls: 4.6694, TAL: 0.1491, Adv: 0.2978) | Train Acc: 0.2332 | Val Acc: 0.3652 | Val P/R/F1 (Macro): 0.2957/0.3423/0.2794 | LR: 0.000010
  >>> New Best Val Acc: 0.3652
Epoch [2/100] | Loss: 3.4339 (Cls: 3.3977, TAL: 0.1107, Adv: 0.0201) | Train Acc: 0.3966 | Val Acc: 0.4783 | Val P/R/F1 (Macro): 0.3979/0.4466/0.3820 | LR: 0.000010
  >>> New Best Val Acc: 0.4783
Epoch [3/100] | Loss: 2.5716 (Cls: 2.5660, TAL: 0.0162, Adv: 0.0054) | Train Acc: 0.6635 | Val Acc: 0.7304 | Val P/R/F1 (Macro): 0.7313/0.6733/0.6857 | LR: 0.000010
  >>> New Best Val Acc: 0.7304
Epoch [4/100] | Loss: 2.3423 (Cls: 2.3725, TAL: -0.1021, Adv: 0.0025) | Train Acc: 0.7356 | Val Acc: 0.7217 | Val P/R/F1 (Macro): 0.7860/0.6791/0.6732 | LR: 0.000010
Epoch [5/100] | Loss: 2.0609 (Cls: 2.0681, TAL: -0.0250, Adv: 0.0021) | Train Acc: 0.7933 | Val Acc: 0.8348 | Val P/R/F1 (Macro): 0.8486/0.8004/0.8068 | LR: 0.000010
  >>> New Best Val Acc: 0.8348
Epoch [6/100] | Loss: 1.9138 (Cls: 1.8669, TAL: 0.1555, Adv: 0.0019) | Train Acc: 0.8438 | Val Acc: 0.8000 | Val P/R/F1 (Macro): 0.8680/0.7352/0.7634 | LR: 0.000010
Epoch [7/100] | Loss: 1.7946 (Cls: 1.7411, TAL: 0.1759, Adv: 0.0047) | Train Acc: 0.8870 | Val Acc: 0.8174 | Val P/R/F1 (Macro): 0.8769/0.7883/0.7999 | LR: 0.000010
Epoch [8/100] | Loss: 1.6820 (Cls: 1.6678, TAL: 0.0463, Adv: 0.0022) | Train Acc: 0.9014 | Val Acc: 0.8000 | Val P/R/F1 (Macro): 0.7950/0.8240/0.7858 | LR: 0.000010
Epoch [9/100] | Loss: 1.7822 (Cls: 1.7324, TAL: 0.1630, Adv: 0.0058) | Train Acc: 0.8630 | Val Acc: 0.8522 | Val P/R/F1 (Macro): 0.8930/0.8064/0.8157 | LR: 0.000010
  >>> New Best Val Acc: 0.8522
Epoch [10/100] | Loss: 1.5973 (Cls: 1.5873, TAL: 0.0327, Adv: 0.0014) | Train Acc: 0.9471 | Val Acc: 0.8000 | Val P/R/F1 (Macro): 0.8521/0.7539/0.7656 | LR: 0.000010
Epoch [11/100] | Loss: 1.5885 (Cls: 1.6000, TAL: -0.0391, Adv: 0.0014) | Train Acc: 0.9111 | Val Acc: 0.8783 | Val P/R/F1 (Macro): 0.8752/0.8876/0.8738 | LR: 0.000010
  >>> New Best Val Acc: 0.8783
Epoch [12/100] | Loss: 1.5821 (Cls: 1.5802, TAL: 0.0057, Adv: 0.0010) | Train Acc: 0.9279 | Val Acc: 0.8435 | Val P/R/F1 (Macro): 0.9004/0.7887/0.8139 | LR: 0.000010
Epoch [13/100] | Loss: 1.5914 (Cls: 1.5516, TAL: 0.1311, Adv: 0.0035) | Train Acc: 0.9207 | Val Acc: 0.8522 | Val P/R/F1 (Macro): 0.8796/0.7936/0.7968 | LR: 0.000010
Epoch [14/100] | Loss: 1.5490 (Cls: 1.5198, TAL: 0.0948, Adv: 0.0051) | Train Acc: 0.9399 | Val Acc: 0.8870 | Val P/R/F1 (Macro): 0.9085/0.8704/0.8826 | LR: 0.000010
  >>> New Best Val Acc: 0.8870
Epoch [15/100] | Loss: 1.4738 (Cls: 1.4626, TAL: 0.0366, Adv: 0.0015) | Train Acc: 0.9423 | Val Acc: 0.8348 | Val P/R/F1 (Macro): 0.8289/0.7573/0.7533 | LR: 0.000010
Epoch [16/100] | Loss: 1.4572 (Cls: 1.4816, TAL: -0.0817, Adv: 0.0007) | Train Acc: 0.9519 | Val Acc: 0.8783 | Val P/R/F1 (Macro): 0.8855/0.8752/0.8642 | LR: 0.000010
Epoch [17/100] | Loss: 1.4226 (Cls: 1.4456, TAL: -0.0787, Adv: 0.0037) | Train Acc: 0.9543 | Val Acc: 0.8870 | Val P/R/F1 (Macro): 0.9117/0.8352/0.8509 | LR: 0.000010
Epoch [18/100] | Loss: 1.4652 (Cls: 1.4249, TAL: 0.1339, Adv: 0.0011) | Train Acc: 0.9567 | Val Acc: 0.8783 | Val P/R/F1 (Macro): 0.9314/0.7936/0.8264 | LR: 0.000010
Epoch [19/100] | Loss: 1.4283 (Cls: 1.3772, TAL: 0.1687, Adv: 0.0032) | Train Acc: 0.9736 | Val Acc: 0.8957 | Val P/R/F1 (Macro): 0.9236/0.8759/0.8723 | LR: 0.000010
  >>> New Best Val Acc: 0.8957
Epoch [20/100] | Loss: 1.3581 (Cls: 1.3496, TAL: 0.0259, Adv: 0.0052) | Train Acc: 0.9784 | Val Acc: 0.8783 | Val P/R/F1 (Macro): 0.9318/0.7871/0.8243 | LR: 0.000010
Epoch [21/100] | Loss: 1.4174 (Cls: 1.3937, TAL: -0.0280, Adv: 0.2140) | Train Acc: 0.9712 | Val Acc: 0.8174 | Val P/R/F1 (Macro): 0.8552/0.7835/0.7863 | LR: 0.000010
Epoch [22/100] | Loss: 2.4313 (Cls: 1.5006, TAL: -0.0127, Adv: 6.2303) | Train Acc: 0.9231 | Val Acc: 0.8174 | Val P/R/F1 (Macro): 0.7608/0.7526/0.7379 | LR: 0.000010
Epoch [23/100] | Loss: 2.5996 (Cls: 1.4884, TAL: 0.2702, Adv: 6.8675) | Train Acc: 0.9567 | Val Acc: 0.8435 | Val P/R/F1 (Macro): 0.8675/0.8517/0.8405 | LR: 0.000010
Epoch [24/100] | Loss: 1.8854 (Cls: 1.4681, TAL: 0.1081, Adv: 2.5659) | Train Acc: 0.9808 | Val Acc: 0.9130 | Val P/R/F1 (Macro): 0.9332/0.8858/0.8943 | LR: 0.000010
  >>> New Best Val Acc: 0.9130
Epoch [25/100] | Loss: 1.5555 (Cls: 1.4559, TAL: 0.0316, Adv: 0.6012) | Train Acc: 0.9567 | Val Acc: 0.9043 | Val P/R/F1 (Macro): 0.9204/0.8421/0.8534 | LR: 0.000010
Epoch [26/100] | Loss: 1.4440 (Cls: 1.4014, TAL: 0.0559, Adv: 0.1725) | Train Acc: 0.9760 | Val Acc: 0.8870 | Val P/R/F1 (Macro): 0.9115/0.8531/0.8637 | LR: 0.000010
Epoch [27/100] | Loss: 1.3881 (Cls: 1.3818, TAL: -0.0056, Adv: 0.0531) | Train Acc: 0.9639 | Val Acc: 0.9043 | Val P/R/F1 (Macro): 0.9574/0.8211/0.8606 | LR: 0.000010
Epoch [28/100] | Loss: 1.3241 (Cls: 1.3253, TAL: -0.0183, Adv: 0.0291) | Train Acc: 0.9832 | Val Acc: 0.8870 | Val P/R/F1 (Macro): 0.9315/0.8264/0.8513 | LR: 0.000010
Epoch [29/100] | Loss: 1.3246 (Cls: 1.3279, TAL: -0.0588, Adv: 0.0955) | Train Acc: 0.9880 | Val Acc: 0.8870 | Val P/R/F1 (Macro): 0.9194/0.8355/0.8500 | LR: 0.000010
Epoch [30/100] | Loss: 1.3929 (Cls: 1.2914, TAL: 0.0149, Adv: 0.6472) | Train Acc: 0.9904 | Val Acc: 0.8957 | Val P/R/F1 (Macro): 0.9068/0.8364/0.8522 | LR: 0.000010
Epoch [31/100] | Loss: 1.9745 (Cls: 1.2949, TAL: 0.0829, Adv: 4.3651) | Train Acc: 0.9904 | Val Acc: 0.9217 | Val P/R/F1 (Macro): 0.9410/0.8979/0.9104 | LR: 0.000010
  >>> New Best Val Acc: 0.9217
Epoch [32/100] | Loss: 1.8361 (Cls: 1.3088, TAL: 0.0005, Adv: 3.5140) | Train Acc: 0.9832 | Val Acc: 0.9043 | Val P/R/F1 (Macro): 0.9269/0.8702/0.8849 | LR: 0.000010
Epoch [33/100] | Loss: 1.7211 (Cls: 1.3420, TAL: 0.1148, Adv: 2.2974) | Train Acc: 0.9615 | Val Acc: 0.8696 | Val P/R/F1 (Macro): 0.9389/0.7713/0.8140 | LR: 0.000010
Epoch [34/100] | Loss: 1.5165 (Cls: 1.2784, TAL: 0.1040, Adv: 1.3795) | Train Acc: 0.9808 | Val Acc: 0.8783 | Val P/R/F1 (Macro): 0.9426/0.7869/0.8315 | LR: 0.000010
Epoch [35/100] | Loss: 1.4190 (Cls: 1.2846, TAL: 0.0543, Adv: 0.7871) | Train Acc: 0.9832 | Val Acc: 0.9043 | Val P/R/F1 (Macro): 0.9365/0.8781/0.8911 | LR: 0.000010
Epoch [36/100] | Loss: 1.3823 (Cls: 1.3065, TAL: 0.0335, Adv: 0.4383) | Train Acc: 0.9832 | Val Acc: 0.8783 | Val P/R/F1 (Macro): 0.9426/0.7893/0.8317 | LR: 0.000010
Epoch [37/100] | Loss: 1.3411 (Cls: 1.3073, TAL: -0.0077, Adv: 0.2409) | Train Acc: 0.9784 | Val Acc: 0.8870 | Val P/R/F1 (Macro): 0.9358/0.8043/0.8363 | LR: 0.000010
Epoch [38/100] | Loss: 1.2651 (Cls: 1.2512, TAL: -0.0154, Adv: 0.1239) | Train Acc: 0.9832 | Val Acc: 0.8348 | Val P/R/F1 (Macro): 0.8925/0.8455/0.8427 | LR: 0.000010
Epoch [39/100] | Loss: 1.2703 (Cls: 1.2623, TAL: -0.0050, Adv: 0.0631) | Train Acc: 0.9904 | Val Acc: 0.9043 | Val P/R/F1 (Macro): 0.9407/0.8420/0.8718 | LR: 0.000010
Epoch [40/100] | Loss: 1.2588 (Cls: 1.2518, TAL: -0.0115, Adv: 0.0698) | Train Acc: 0.9880 | Val Acc: 0.9130 | Val P/R/F1 (Macro): 0.9364/0.8582/0.8844 | LR: 0.000010
Epoch [41/100] | Loss: 1.2553 (Cls: 1.2488, TAL: -0.0527, Adv: 0.1486) | Train Acc: 0.9760 | Val Acc: 0.9043 | Val P/R/F1 (Macro): 0.9446/0.8168/0.8487 | LR: 0.000010
Epoch [42/100] | Loss: 1.3616 (Cls: 1.2586, TAL: -0.0931, Adv: 0.8729) | Train Acc: 0.9856 | Val Acc: 0.8870 | Val P/R/F1 (Macro): 0.9219/0.8555/0.8629 | LR: 0.000005
Epoch [43/100] | Loss: 1.7262 (Cls: 1.2843, TAL: 0.0938, Adv: 2.7585) | Train Acc: 0.9928 | Val Acc: 0.9304 | Val P/R/F1 (Macro): 0.9494/0.9120/0.9171 | LR: 0.000005
  >>> New Best Val Acc: 0.9304
Epoch [44/100] | Loss: 1.8055 (Cls: 1.2740, TAL: 0.2693, Adv: 3.0047) | Train Acc: 0.9856 | Val Acc: 0.9043 | Val P/R/F1 (Macro): 0.9350/0.8758/0.8902 | LR: 0.000005
Epoch [45/100] | Loss: 1.6796 (Cls: 1.2464, TAL: 0.2570, Adv: 2.3734) | Train Acc: 0.9904 | Val Acc: 0.8957 | Val P/R/F1 (Macro): 0.9318/0.8513/0.8717 | LR: 0.000005
Epoch [46/100] | Loss: 1.5801 (Cls: 1.2305, TAL: 0.2175, Adv: 1.8959) | Train Acc: 0.9856 | Val Acc: 0.8957 | Val P/R/F1 (Macro): 0.9239/0.8695/0.8808 | LR: 0.000005
Epoch [47/100] | Loss: 1.4923 (Cls: 1.2356, TAL: 0.1098, Adv: 1.4919) | Train Acc: 0.9904 | Val Acc: 0.8522 | Val P/R/F1 (Macro): 0.8984/0.7763/0.8019 | LR: 0.000005
Epoch [48/100] | Loss: 1.4339 (Cls: 1.2310, TAL: 0.1201, Adv: 1.1124) | Train Acc: 0.9856 | Val Acc: 0.8696 | Val P/R/F1 (Macro): 0.8972/0.8382/0.8352 | LR: 0.000005
Epoch [49/100] | Loss: 1.3598 (Cls: 1.2217, TAL: 0.0587, Adv: 0.8034) | Train Acc: 0.9928 | Val Acc: 0.9043 | Val P/R/F1 (Macro): 0.9418/0.8671/0.8906 | LR: 0.000005
Epoch [50/100] | Loss: 1.3088 (Cls: 1.2211, TAL: -0.0052, Adv: 0.5949) | Train Acc: 0.9904 | Val Acc: 0.8870 | Val P/R/F1 (Macro): 0.9036/0.8397/0.8508 | LR: 0.000005
Epoch [51/100] | Loss: 1.2696 (Cls: 1.2137, TAL: -0.0381, Adv: 0.4490) | Train Acc: 0.9904 | Val Acc: 0.9217 | Val P/R/F1 (Macro): 0.9480/0.8839/0.9029 | LR: 0.000005
Epoch [52/100] | Loss: 1.2362 (Cls: 1.2119, TAL: -0.0850, Adv: 0.3322) | Train Acc: 0.9928 | Val Acc: 0.9304 | Val P/R/F1 (Macro): 0.9574/0.8983/0.9132 | LR: 0.000005
Epoch [53/100] | Loss: 1.2286 (Cls: 1.2116, TAL: -0.0586, Adv: 0.2305) | Train Acc: 0.9976 | Val Acc: 0.9391 | Val P/R/F1 (Macro): 0.9539/0.8884/0.9129 | LR: 0.000005
  >>> New Best Val Acc: 0.9391
Epoch [54/100] | Loss: 1.2633 (Cls: 1.2429, TAL: -0.0058, Adv: 0.1480) | Train Acc: 0.9880 | Val Acc: 0.9217 | Val P/R/F1 (Macro): 0.9426/0.8815/0.8986 | LR: 0.000005
Epoch [55/100] | Loss: 1.2025 (Cls: 1.1980, TAL: -0.0293, Adv: 0.0891) | Train Acc: 0.9976 | Val Acc: 0.9130 | Val P/R/F1 (Macro): 0.9409/0.8757/0.8950 | LR: 0.000005
Epoch [56/100] | Loss: 1.2122 (Cls: 1.2076, TAL: -0.0151, Adv: 0.0614) | Train Acc: 0.9952 | Val Acc: 0.9130 | Val P/R/F1 (Macro): 0.9352/0.8818/0.8953 | LR: 0.000005
Epoch [57/100] | Loss: 1.2064 (Cls: 1.2061, TAL: -0.0196, Adv: 0.0412) | Train Acc: 1.0000 | Val Acc: 0.9304 | Val P/R/F1 (Macro): 0.9462/0.9128/0.9158 | LR: 0.000005
Epoch [58/100] | Loss: 1.2033 (Cls: 1.2182, TAL: -0.0659, Adv: 0.0322) | Train Acc: 0.9856 | Val Acc: 0.8870 | Val P/R/F1 (Macro): 0.9184/0.8290/0.8448 | LR: 0.000005
Epoch [59/100] | Loss: 1.2054 (Cls: 1.2234, TAL: -0.0717, Adv: 0.0234) | Train Acc: 0.9952 | Val Acc: 0.9130 | Val P/R/F1 (Macro): 0.9296/0.9003/0.9006 | LR: 0.000005
Epoch [60/100] | Loss: 1.1736 (Cls: 1.1921, TAL: -0.0727, Adv: 0.0220) | Train Acc: 0.9976 | Val Acc: 0.9043 | Val P/R/F1 (Macro): 0.9378/0.8332/0.8615 | LR: 0.000005
Epoch [61/100] | Loss: 1.1846 (Cls: 1.2050, TAL: -0.0836, Adv: 0.0308) | Train Acc: 0.9928 | Val Acc: 0.8957 | Val P/R/F1 (Macro): 0.9232/0.8283/0.8518 | LR: 0.000005
Epoch [62/100] | Loss: 1.2560 (Cls: 1.2166, TAL: -0.0344, Adv: 0.3317) | Train Acc: 0.9976 | Val Acc: 0.9043 | Val P/R/F1 (Macro): 0.9243/0.8917/0.8940 | LR: 0.000005
Epoch [63/100] | Loss: 1.4329 (Cls: 1.2052, TAL: -0.0827, Adv: 1.6831) | Train Acc: 0.9976 | Val Acc: 0.9043 | Val P/R/F1 (Macro): 0.9258/0.8900/0.8977 | LR: 0.000005
Epoch [64/100] | Loss: 1.3663 (Cls: 1.1977, TAL: -0.0651, Adv: 1.2545) | Train Acc: 0.9976 | Val Acc: 0.8957 | Val P/R/F1 (Macro): 0.9285/0.8199/0.8460 | LR: 0.000003
Epoch [65/100] | Loss: 1.5529 (Cls: 1.1969, TAL: -0.0199, Adv: 2.4130) | Train Acc: 0.9952 | Val Acc: 0.8957 | Val P/R/F1 (Macro): 0.9360/0.8513/0.8738 | LR: 0.000003
Epoch [66/100] | Loss: 1.6982 (Cls: 1.1967, TAL: 0.2057, Adv: 2.9320) | Train Acc: 0.9976 | Val Acc: 0.9304 | Val P/R/F1 (Macro): 0.9550/0.9156/0.9304 | LR: 0.000003
Epoch [67/100] | Loss: 1.6284 (Cls: 1.2000, TAL: 0.2561, Adv: 2.3442) | Train Acc: 0.9952 | Val Acc: 0.9043 | Val P/R/F1 (Macro): 0.9266/0.8854/0.8966 | LR: 0.000003
Epoch [68/100] | Loss: 1.5305 (Cls: 1.1852, TAL: 0.2304, Adv: 1.8406) | Train Acc: 0.9976 | Val Acc: 0.8870 | Val P/R/F1 (Macro): 0.9160/0.8553/0.8658 | LR: 0.000003
Epoch [69/100] | Loss: 1.4598 (Cls: 1.1903, TAL: 0.2023, Adv: 1.3917) | Train Acc: 0.9952 | Val Acc: 0.9217 | Val P/R/F1 (Macro): 0.9479/0.9098/0.9229 | LR: 0.000003
Epoch [70/100] | Loss: 1.3740 (Cls: 1.1831, TAL: 0.1235, Adv: 1.0255) | Train Acc: 0.9976 | Val Acc: 0.8870 | Val P/R/F1 (Macro): 0.9193/0.8409/0.8560 | LR: 0.000003
Epoch [71/100] | Loss: 1.3332 (Cls: 1.1870, TAL: 0.1096, Adv: 0.7554) | Train Acc: 1.0000 | Val Acc: 0.9043 | Val P/R/F1 (Macro): 0.9340/0.8572/0.8734 | LR: 0.000003
Epoch [72/100] | Loss: 1.2831 (Cls: 1.1869, TAL: 0.0449, Adv: 0.5516) | Train Acc: 1.0000 | Val Acc: 0.9130 | Val P/R/F1 (Macro): 0.9441/0.8685/0.8880 | LR: 0.000003
Epoch [73/100] | Loss: 1.2356 (Cls: 1.1775, TAL: -0.0083, Adv: 0.4040) | Train Acc: 1.0000 | Val Acc: 0.8957 | Val P/R/F1 (Macro): 0.9261/0.8439/0.8710 | LR: 0.000003
Epoch [74/100] | Loss: 1.2220 (Cls: 1.1838, TAL: -0.0050, Adv: 0.2645) | Train Acc: 0.9976 | Val Acc: 0.9043 | Val P/R/F1 (Macro): 0.9341/0.8627/0.8802 | LR: 0.000003
Epoch [75/100] | Loss: 1.1783 (Cls: 1.1728, TAL: -0.0645, Adv: 0.1652) | Train Acc: 0.9976 | Val Acc: 0.9130 | Val P/R/F1 (Macro): 0.9463/0.8639/0.8819 | LR: 0.000001
Epoch [76/100] | Loss: 1.1723 (Cls: 1.1720, TAL: -0.0487, Adv: 0.0996) | Train Acc: 1.0000 | Val Acc: 0.9217 | Val P/R/F1 (Macro): 0.9531/0.8771/0.8974 | LR: 0.000001
Epoch [77/100] | Loss: 1.1651 (Cls: 1.1738, TAL: -0.0637, Adv: 0.0698) | Train Acc: 1.0000 | Val Acc: 0.9391 | Val P/R/F1 (Macro): 0.9601/0.9078/0.9246 | LR: 0.000001
Epoch [78/100] | Loss: 1.1555 (Cls: 1.1720, TAL: -0.0789, Adv: 0.0481) | Train Acc: 1.0000 | Val Acc: 0.9304 | Val P/R/F1 (Macro): 0.9563/0.8993/0.9190 | LR: 0.000001
Epoch [79/100] | Loss: 1.1508 (Cls: 1.1786, TAL: -0.1086, Adv: 0.0319) | Train Acc: 0.9976 | Val Acc: 0.9391 | Val P/R/F1 (Macro): 0.9613/0.9215/0.9371 | LR: 0.000001
Epoch [80/100] | Loss: 1.1417 (Cls: 1.1696, TAL: -0.1059, Adv: 0.0260) | Train Acc: 1.0000 | Val Acc: 0.9391 | Val P/R/F1 (Macro): 0.9473/0.9078/0.9208 | LR: 0.000001
Epoch [81/100] | Loss: 1.1337 (Cls: 1.1687, TAL: -0.1270, Adv: 0.0212) | Train Acc: 1.0000 | Val Acc: 0.9304 | Val P/R/F1 (Macro): 0.9565/0.8919/0.9115 | LR: 0.000001
Epoch [82/100] | Loss: 1.1339 (Cls: 1.1714, TAL: -0.1336, Adv: 0.0168) | Train Acc: 0.9976 | Val Acc: 0.9478 | Val P/R/F1 (Macro): 0.9644/0.9483/0.9528 | LR: 0.000001
  >>> New Best Val Acc: 0.9478
Epoch [83/100] | Loss: 1.1482 (Cls: 1.1764, TAL: -0.1010, Adv: 0.0138) | Train Acc: 0.9952 | Val Acc: 0.9478 | Val P/R/F1 (Macro): 0.9648/0.9437/0.9513 | LR: 0.000001
Epoch [84/100] | Loss: 1.1473 (Cls: 1.1792, TAL: -0.1132, Adv: 0.0133) | Train Acc: 0.9952 | Val Acc: 0.9478 | Val P/R/F1 (Macro): 0.9658/0.9300/0.9433 | LR: 0.000001
Epoch [85/100] | Loss: 1.1396 (Cls: 1.1742, TAL: -0.1212, Adv: 0.0116) | Train Acc: 0.9976 | Val Acc: 0.9130 | Val P/R/F1 (Macro): 0.9280/0.8658/0.8794 | LR: 0.000001
Epoch [86/100] | Loss: 1.1365 (Cls: 1.1807, TAL: -0.1524, Adv: 0.0100) | Train Acc: 0.9952 | Val Acc: 0.9130 | Val P/R/F1 (Macro): 0.9280/0.8658/0.8794 | LR: 0.000001
Epoch [87/100] | Loss: 1.1311 (Cls: 1.1655, TAL: -0.1196, Adv: 0.0099) | Train Acc: 0.9976 | Val Acc: 0.9130 | Val P/R/F1 (Macro): 0.9178/0.8646/0.8831 | LR: 0.000001
Epoch [88/100] | Loss: 1.1352 (Cls: 1.1731, TAL: -0.1311, Adv: 0.0095) | Train Acc: 1.0000 | Val Acc: 0.8957 | Val P/R/F1 (Macro): 0.9402/0.8219/0.8582 | LR: 0.000001
Epoch [89/100] | Loss: 1.1421 (Cls: 1.1721, TAL: -0.1044, Adv: 0.0090) | Train Acc: 0.9976 | Val Acc: 0.9391 | Val P/R/F1 (Macro): 0.9587/0.9142/0.9279 | LR: 0.000001
Epoch [90/100] | Loss: 1.1373 (Cls: 1.1754, TAL: -0.1303, Adv: 0.0072) | Train Acc: 1.0000 | Val Acc: 0.9478 | Val P/R/F1 (Macro): 0.9635/0.9152/0.9318 | LR: 0.000001
Epoch [91/100] | Loss: 1.1443 (Cls: 1.1847, TAL: -0.1378, Adv: 0.0065) | Train Acc: 0.9952 | Val Acc: 0.9217 | Val P/R/F1 (Macro): 0.9490/0.8549/0.8848 | LR: 0.000001
Epoch [92/100] | Loss: 1.1386 (Cls: 1.1821, TAL: -0.1479, Adv: 0.0062) | Train Acc: 0.9976 | Val Acc: 0.9217 | Val P/R/F1 (Macro): 0.9415/0.8686/0.8927 | LR: 0.000001
Epoch [93/100] | Loss: 1.1345 (Cls: 1.1697, TAL: -0.1206, Adv: 0.0066) | Train Acc: 1.0000 | Val Acc: 0.9217 | Val P/R/F1 (Macro): 0.9332/0.8834/0.9003 | LR: 0.000001
Epoch [94/100] | Loss: 1.1380 (Cls: 1.1743, TAL: -0.1237, Adv: 0.0057) | Train Acc: 0.9976 | Val Acc: 0.9304 | Val P/R/F1 (Macro): 0.9399/0.8737/0.8899 | LR: 0.000001
Epoch [95/100] | Loss: 1.1330 (Cls: 1.1741, TAL: -0.1397, Adv: 0.0054) | Train Acc: 0.9976 | Val Acc: 0.9130 | Val P/R/F1 (Macro): 0.9461/0.8658/0.8837 | LR: 0.000001
Epoch [96/100] | Loss: 1.1347 (Cls: 1.1738, TAL: -0.1333, Adv: 0.0058) | Train Acc: 1.0000 | Val Acc: 0.9391 | Val P/R/F1 (Macro): 0.9578/0.8948/0.9156 | LR: 0.000001
Epoch [97/100] | Loss: 1.1313 (Cls: 1.1668, TAL: -0.1207, Adv: 0.0048) | Train Acc: 1.0000 | Val Acc: 0.9217 | Val P/R/F1 (Macro): 0.9467/0.8868/0.9054 | LR: 0.000001
Epoch [98/100] | Loss: 1.1262 (Cls: 1.1704, TAL: -0.1498, Adv: 0.0046) | Train Acc: 0.9976 | Val Acc: 0.9391 | Val P/R/F1 (Macro): 0.9615/0.9096/0.9274 | LR: 0.000001
Epoch [99/100] | Loss: 1.1455 (Cls: 1.1762, TAL: -0.1044, Adv: 0.0043) | Train Acc: 0.9976 | Val Acc: 0.9304 | Val P/R/F1 (Macro): 0.9555/0.9056/0.9225 | LR: 0.000001
Epoch [100/100] | Loss: 1.1322 (Cls: 1.1688, TAL: -0.1244, Adv: 0.0043) | Train Acc: 0.9976 | Val Acc: 0.9217 | Val P/R/F1 (Macro): 0.9483/0.8987/0.9155 | LR: 0.000001

迭代 3 最佳指标:
  Accuracy: 0.9478
  Precision (Macro): 0.9644
  Recall (Macro): 0.9483
  F1 (Macro): 0.9528
  Precision (Micro): 0.9478
  Recall (Micro): 0.9478
  F1 (Micro): 0.9478
  Val class coverage: 9/14 (0.6429), samples=115

================================================================================
迭代 4/5
随机种子: 45
================================================================================
Feature fusion: Tensor alignment (512+512 -> 128+128); fused_dim=256
Domain adaptation: standard source-target adversarial training, no generator
Loss weights: tensor=0.30, adv=0.15
Epoch [1/100] | Loss: 5.0684 (Cls: 5.0147, TAL: 0.0777, Adv: 0.2025) | Train Acc: 0.2380 | Val Acc: 0.3913 | Val P/R/F1 (Macro): 0.2166/0.3468/0.2585 | LR: 0.000010
  >>> New Best Val Acc: 0.3913
Epoch [2/100] | Loss: 3.5338 (Cls: 3.5683, TAL: -0.1199, Adv: 0.0097) | Train Acc: 0.4399 | Val Acc: 0.4261 | Val P/R/F1 (Macro): 0.4380/0.3769/0.3258 | LR: 0.000010
  >>> New Best Val Acc: 0.4261
Epoch [3/100] | Loss: 2.7505 (Cls: 2.8449, TAL: -0.3160, Adv: 0.0029) | Train Acc: 0.5457 | Val Acc: 0.6087 | Val P/R/F1 (Macro): 0.5936/0.5694/0.5131 | LR: 0.000010
  >>> New Best Val Acc: 0.6087
Epoch [4/100] | Loss: 2.2385 (Cls: 2.2682, TAL: -0.0997, Adv: 0.0015) | Train Acc: 0.7188 | Val Acc: 0.7391 | Val P/R/F1 (Macro): 0.7501/0.7715/0.7207 | LR: 0.000010
  >>> New Best Val Acc: 0.7391
Epoch [5/100] | Loss: 2.0758 (Cls: 2.0741, TAL: 0.0052, Adv: 0.0010) | Train Acc: 0.7692 | Val Acc: 0.8261 | Val P/R/F1 (Macro): 0.8436/0.7809/0.7677 | LR: 0.000010
  >>> New Best Val Acc: 0.8261
Epoch [6/100] | Loss: 1.8917 (Cls: 1.8691, TAL: 0.0749, Adv: 0.0010) | Train Acc: 0.8197 | Val Acc: 0.8435 | Val P/R/F1 (Macro): 0.8168/0.7622/0.7726 | LR: 0.000010
  >>> New Best Val Acc: 0.8435
Epoch [7/100] | Loss: 1.7715 (Cls: 1.7531, TAL: 0.0589, Adv: 0.0048) | Train Acc: 0.8774 | Val Acc: 0.8435 | Val P/R/F1 (Macro): 0.8619/0.7769/0.7678 | LR: 0.000010
Epoch [8/100] | Loss: 1.6822 (Cls: 1.6485, TAL: 0.1117, Adv: 0.0010) | Train Acc: 0.9062 | Val Acc: 0.8348 | Val P/R/F1 (Macro): 0.8212/0.7876/0.7826 | LR: 0.000010
Epoch [9/100] | Loss: 1.7264 (Cls: 1.7255, TAL: 0.0019, Adv: 0.0020) | Train Acc: 0.8846 | Val Acc: 0.8696 | Val P/R/F1 (Macro): 0.8875/0.8051/0.8069 | LR: 0.000010
  >>> New Best Val Acc: 0.8696
Epoch [10/100] | Loss: 1.6293 (Cls: 1.6190, TAL: 0.0337, Adv: 0.0012) | Train Acc: 0.8990 | Val Acc: 0.8609 | Val P/R/F1 (Macro): 0.9052/0.7464/0.7755 | LR: 0.000010
Epoch [11/100] | Loss: 1.5081 (Cls: 1.4889, TAL: 0.0632, Adv: 0.0016) | Train Acc: 0.9519 | Val Acc: 0.8348 | Val P/R/F1 (Macro): 0.8541/0.7664/0.7716 | LR: 0.000010
Epoch [12/100] | Loss: 1.5114 (Cls: 1.5062, TAL: 0.0162, Adv: 0.0019) | Train Acc: 0.9303 | Val Acc: 0.8609 | Val P/R/F1 (Macro): 0.8332/0.7724/0.7789 | LR: 0.000010
Epoch [13/100] | Loss: 1.5467 (Cls: 1.5603, TAL: -0.0468, Adv: 0.0032) | Train Acc: 0.9062 | Val Acc: 0.8261 | Val P/R/F1 (Macro): 0.8461/0.7667/0.7673 | LR: 0.000010
Epoch [14/100] | Loss: 1.5150 (Cls: 1.5026, TAL: 0.0396, Adv: 0.0030) | Train Acc: 0.9399 | Val Acc: 0.8696 | Val P/R/F1 (Macro): 0.8385/0.8051/0.7978 | LR: 0.000010
Epoch [15/100] | Loss: 1.5201 (Cls: 1.5221, TAL: -0.0076, Adv: 0.0015) | Train Acc: 0.9471 | Val Acc: 0.8957 | Val P/R/F1 (Macro): 0.8550/0.8385/0.8337 | LR: 0.000010
  >>> New Best Val Acc: 0.8957
Epoch [16/100] | Loss: 1.4043 (Cls: 1.4319, TAL: -0.0937, Adv: 0.0034) | Train Acc: 0.9543 | Val Acc: 0.8870 | Val P/R/F1 (Macro): 0.9257/0.7907/0.8240 | LR: 0.000010
Epoch [17/100] | Loss: 1.3918 (Cls: 1.4156, TAL: -0.0837, Adv: 0.0091) | Train Acc: 0.9808 | Val Acc: 0.8783 | Val P/R/F1 (Macro): 0.9275/0.8029/0.8367 | LR: 0.000010
Epoch [18/100] | Loss: 1.3934 (Cls: 1.4251, TAL: -0.1114, Adv: 0.0116) | Train Acc: 0.9567 | Val Acc: 0.8696 | Val P/R/F1 (Macro): 0.8775/0.7851/0.8009 | LR: 0.000010
Epoch [19/100] | Loss: 1.4226 (Cls: 1.4029, TAL: -0.1973, Adv: 0.5255) | Train Acc: 0.9639 | Val Acc: 0.8087 | Val P/R/F1 (Macro): 0.7508/0.7566/0.7357 | LR: 0.000010
Epoch [20/100] | Loss: 2.8958 (Cls: 1.5971, TAL: 0.0970, Adv: 8.4638) | Train Acc: 0.9135 | Val Acc: 0.8696 | Val P/R/F1 (Macro): 0.8881/0.8109/0.8189 | LR: 0.000010
Epoch [21/100] | Loss: 2.2916 (Cls: 1.5049, TAL: 0.2450, Adv: 4.7549) | Train Acc: 0.9207 | Val Acc: 0.8783 | Val P/R/F1 (Macro): 0.9151/0.7948/0.8210 | LR: 0.000010
Epoch [22/100] | Loss: 1.8238 (Cls: 1.4315, TAL: 0.2934, Adv: 2.0288) | Train Acc: 0.9447 | Val Acc: 0.9043 | Val P/R/F1 (Macro): 0.9175/0.8297/0.8368 | LR: 0.000010
  >>> New Best Val Acc: 0.9043
Epoch [23/100] | Loss: 1.6352 (Cls: 1.4702, TAL: 0.1981, Adv: 0.7036) | Train Acc: 0.9399 | Val Acc: 0.8870 | Val P/R/F1 (Macro): 0.9340/0.8134/0.8479 | LR: 0.000010
Epoch [24/100] | Loss: 1.4578 (Cls: 1.4056, TAL: 0.0608, Adv: 0.2268) | Train Acc: 0.9447 | Val Acc: 0.8870 | Val P/R/F1 (Macro): 0.8938/0.8004/0.8342 | LR: 0.000010
Epoch [25/100] | Loss: 1.4044 (Cls: 1.4022, TAL: -0.0463, Adv: 0.1069) | Train Acc: 0.9639 | Val Acc: 0.8696 | Val P/R/F1 (Macro): 0.8643/0.8861/0.8588 | LR: 0.000010
Epoch [26/100] | Loss: 1.4008 (Cls: 1.3896, TAL: 0.0056, Adv: 0.0638) | Train Acc: 0.9591 | Val Acc: 0.8174 | Val P/R/F1 (Macro): 0.8749/0.7713/0.7928 | LR: 0.000010
Epoch [27/100] | Loss: 1.3254 (Cls: 1.3268, TAL: -0.0205, Adv: 0.0319) | Train Acc: 0.9808 | Val Acc: 0.8783 | Val P/R/F1 (Macro): 0.8920/0.8119/0.8215 | LR: 0.000010
Epoch [28/100] | Loss: 1.2782 (Cls: 1.3051, TAL: -0.1055, Adv: 0.0319) | Train Acc: 0.9856 | Val Acc: 0.8870 | Val P/R/F1 (Macro): 0.9409/0.7867/0.8252 | LR: 0.000010
Epoch [29/100] | Loss: 1.6600 (Cls: 1.3230, TAL: -0.1091, Adv: 2.4649) | Train Acc: 0.9688 | Val Acc: 0.8348 | Val P/R/F1 (Macro): 0.8877/0.7307/0.7534 | LR: 0.000010
Epoch [30/100] | Loss: 1.9942 (Cls: 1.3231, TAL: -0.1669, Adv: 4.8074) | Train Acc: 0.9712 | Val Acc: 0.8696 | Val P/R/F1 (Macro): 0.8837/0.7826/0.8042 | LR: 0.000010
Epoch [31/100] | Loss: 1.7452 (Cls: 1.3149, TAL: -0.1664, Adv: 3.2016) | Train Acc: 0.9784 | Val Acc: 0.8522 | Val P/R/F1 (Macro): 0.8795/0.7648/0.7844 | LR: 0.000010
Epoch [32/100] | Loss: 1.5864 (Cls: 1.3101, TAL: -0.1336, Adv: 2.1090) | Train Acc: 0.9808 | Val Acc: 0.8783 | Val P/R/F1 (Macro): 0.9174/0.7782/0.8067 | LR: 0.000010
Epoch [33/100] | Loss: 1.4981 (Cls: 1.3088, TAL: -0.0631, Adv: 1.3885) | Train Acc: 0.9712 | Val Acc: 0.8696 | Val P/R/F1 (Macro): 0.8759/0.7526/0.7728 | LR: 0.000005
Epoch [34/100] | Loss: 1.3767 (Cls: 1.2840, TAL: -0.1147, Adv: 0.8470) | Train Acc: 0.9808 | Val Acc: 0.8870 | Val P/R/F1 (Macro): 0.9143/0.7931/0.8243 | LR: 0.000005
Epoch [35/100] | Loss: 1.3120 (Cls: 1.2851, TAL: -0.1350, Adv: 0.4497) | Train Acc: 0.9808 | Val Acc: 0.8870 | Val P/R/F1 (Macro): 0.8909/0.8134/0.8335 | LR: 0.000005
Epoch [36/100] | Loss: 1.2606 (Cls: 1.2576, TAL: -0.1139, Adv: 0.2478) | Train Acc: 0.9832 | Val Acc: 0.8696 | Val P/R/F1 (Macro): 0.8867/0.7650/0.7929 | LR: 0.000005
Epoch [37/100] | Loss: 1.2334 (Cls: 1.2503, TAL: -0.1344, Adv: 0.1560) | Train Acc: 0.9928 | Val Acc: 0.8783 | Val P/R/F1 (Macro): 0.9151/0.7782/0.8045 | LR: 0.000005
Epoch [38/100] | Loss: 1.1979 (Cls: 1.2263, TAL: -0.1629, Adv: 0.1363) | Train Acc: 0.9928 | Val Acc: 0.8696 | Val P/R/F1 (Macro): 0.8951/0.7623/0.7964 | LR: 0.000005
Epoch [39/100] | Loss: 1.2300 (Cls: 1.2430, TAL: -0.1079, Adv: 0.1289) | Train Acc: 0.9928 | Val Acc: 0.8957 | Val P/R/F1 (Macro): 0.9370/0.8237/0.8576 | LR: 0.000005
Epoch [40/100] | Loss: 1.2019 (Cls: 1.2177, TAL: -0.0910, Adv: 0.0770) | Train Acc: 0.9952 | Val Acc: 0.8696 | Val P/R/F1 (Macro): 0.8728/0.7623/0.7876 | LR: 0.000005
Epoch [41/100] | Loss: 1.2083 (Cls: 1.2266, TAL: -0.0776, Adv: 0.0331) | Train Acc: 0.9856 | Val Acc: 0.8696 | Val P/R/F1 (Macro): 0.9041/0.7623/0.7882 | LR: 0.000005
Epoch [42/100] | Loss: 1.2031 (Cls: 1.2256, TAL: -0.0863, Adv: 0.0226) | Train Acc: 0.9904 | Val Acc: 0.8870 | Val P/R/F1 (Macro): 0.9160/0.8004/0.8246 | LR: 0.000005
Epoch [43/100] | Loss: 1.1694 (Cls: 1.2019, TAL: -0.1186, Adv: 0.0210) | Train Acc: 0.9976 | Val Acc: 0.8870 | Val P/R/F1 (Macro): 0.9064/0.8004/0.8264 | LR: 0.000005
Epoch [44/100] | Loss: 1.1692 (Cls: 1.2121, TAL: -0.1571, Adv: 0.0280) | Train Acc: 0.9928 | Val Acc: 0.8783 | Val P/R/F1 (Macro): 0.8796/0.7708/0.7924 | LR: 0.000003
Epoch [45/100] | Loss: 1.1886 (Cls: 1.2155, TAL: -0.1073, Adv: 0.0353) | Train Acc: 0.9976 | Val Acc: 0.8957 | Val P/R/F1 (Macro): 0.9466/0.8062/0.8467 | LR: 0.000003
Epoch [46/100] | Loss: 1.1806 (Cls: 1.2166, TAL: -0.1377, Adv: 0.0350) | Train Acc: 0.9952 | Val Acc: 0.8870 | Val P/R/F1 (Macro): 0.8960/0.7767/0.8049 | LR: 0.000003
Epoch [47/100] | Loss: 1.2228 (Cls: 1.2370, TAL: -0.0629, Adv: 0.0308) | Train Acc: 0.9856 | Val Acc: 0.8783 | Val P/R/F1 (Macro): 0.8964/0.8222/0.8446 | LR: 0.000003
Epoch [48/100] | Loss: 1.2148 (Cls: 1.2209, TAL: -0.0353, Adv: 0.0306) | Train Acc: 0.9904 | Val Acc: 0.8783 | Val P/R/F1 (Macro): 0.8830/0.8222/0.8384 | LR: 0.000003
Epoch [49/100] | Loss: 1.2129 (Cls: 1.2198, TAL: -0.0759, Adv: 0.1059) | Train Acc: 0.9880 | Val Acc: 0.8957 | Val P/R/F1 (Macro): 0.9104/0.8274/0.8555 | LR: 0.000003
Epoch [50/100] | Loss: 1.3984 (Cls: 1.2194, TAL: -0.0948, Adv: 1.3830) | Train Acc: 0.9856 | Val Acc: 0.9304 | Val P/R/F1 (Macro): 0.9552/0.8950/0.9151 | LR: 0.000003
  >>> New Best Val Acc: 0.9304
Epoch [51/100] | Loss: 1.8014 (Cls: 1.2625, TAL: -0.0175, Adv: 3.6275) | Train Acc: 0.9880 | Val Acc: 0.8957 | Val P/R/F1 (Macro): 0.9363/0.8420/0.8753 | LR: 0.000003
Epoch [52/100] | Loss: 1.6953 (Cls: 1.2341, TAL: 0.0799, Adv: 2.9150) | Train Acc: 0.9952 | Val Acc: 0.8957 | Val P/R/F1 (Macro): 0.9157/0.8466/0.8651 | LR: 0.000003
Epoch [53/100] | Loss: 1.5745 (Cls: 1.2207, TAL: 0.1037, Adv: 2.1512) | Train Acc: 0.9904 | Val Acc: 0.8870 | Val P/R/F1 (Macro): 0.9126/0.8380/0.8591 | LR: 0.000003
Epoch [54/100] | Loss: 1.4509 (Cls: 1.2169, TAL: 0.0833, Adv: 1.3937) | Train Acc: 0.9976 | Val Acc: 0.8957 | Val P/R/F1 (Macro): 0.9218/0.8488/0.8697 | LR: 0.000003
Epoch [55/100] | Loss: 1.3599 (Cls: 1.2342, TAL: 0.0075, Adv: 0.8231) | Train Acc: 0.9880 | Val Acc: 0.8957 | Val P/R/F1 (Macro): 0.9283/0.8420/0.8712 | LR: 0.000003
Epoch [56/100] | Loss: 1.3050 (Cls: 1.2214, TAL: 0.0132, Adv: 0.5312) | Train Acc: 1.0000 | Val Acc: 0.9217 | Val P/R/F1 (Macro): 0.9369/0.8767/0.8970 | LR: 0.000003
Epoch [57/100] | Loss: 1.2546 (Cls: 1.2132, TAL: -0.0449, Adv: 0.3662) | Train Acc: 0.9976 | Val Acc: 0.9043 | Val P/R/F1 (Macro): 0.9245/0.8854/0.8955 | LR: 0.000003
Epoch [58/100] | Loss: 1.2319 (Cls: 1.2121, TAL: -0.0366, Adv: 0.2051) | Train Acc: 0.9928 | Val Acc: 0.9130 | Val P/R/F1 (Macro): 0.9325/0.8876/0.8994 | LR: 0.000003
Epoch [59/100] | Loss: 1.2147 (Cls: 1.2196, TAL: -0.0688, Adv: 0.1051) | Train Acc: 0.9976 | Val Acc: 0.9043 | Val P/R/F1 (Macro): 0.9294/0.8790/0.8943 | LR: 0.000003
Epoch [60/100] | Loss: 1.1966 (Cls: 1.2139, TAL: -0.0870, Adv: 0.0585) | Train Acc: 0.9928 | Val Acc: 0.8870 | Val P/R/F1 (Macro): 0.9003/0.8307/0.8511 | LR: 0.000003
Epoch [61/100] | Loss: 1.1824 (Cls: 1.2035, TAL: -0.0984, Adv: 0.0560) | Train Acc: 0.9952 | Val Acc: 0.9043 | Val P/R/F1 (Macro): 0.9389/0.8768/0.8977 | LR: 0.000001
Epoch [62/100] | Loss: 1.1895 (Cls: 1.2102, TAL: -0.0882, Adv: 0.0385) | Train Acc: 0.9904 | Val Acc: 0.9043 | Val P/R/F1 (Macro): 0.9266/0.8790/0.8921 | LR: 0.000001
Epoch [63/100] | Loss: 1.1930 (Cls: 1.2106, TAL: -0.0721, Adv: 0.0265) | Train Acc: 0.9880 | Val Acc: 0.8957 | Val P/R/F1 (Macro): 0.9042/0.8608/0.8729 | LR: 0.000001
Epoch [64/100] | Loss: 1.1942 (Cls: 1.2083, TAL: -0.0555, Adv: 0.0173) | Train Acc: 0.9904 | Val Acc: 0.9130 | Val P/R/F1 (Macro): 0.9253/0.8733/0.8897 | LR: 0.000001
Epoch [65/100] | Loss: 1.1828 (Cls: 1.1958, TAL: -0.0552, Adv: 0.0236) | Train Acc: 0.9952 | Val Acc: 0.8783 | Val P/R/F1 (Macro): 0.9062/0.7964/0.8256 | LR: 0.000001
Epoch [66/100] | Loss: 1.2057 (Cls: 1.2053, TAL: -0.0064, Adv: 0.0153) | Train Acc: 0.9928 | Val Acc: 0.9130 | Val P/R/F1 (Macro): 0.9411/0.8830/0.9018 | LR: 0.000001
Epoch [67/100] | Loss: 1.1684 (Cls: 1.1961, TAL: -0.1046, Adv: 0.0249) | Train Acc: 0.9976 | Val Acc: 0.9217 | Val P/R/F1 (Macro): 0.9410/0.8915/0.9063 | LR: 0.000001
Epoch [68/100] | Loss: 1.2068 (Cls: 1.2049, TAL: -0.0872, Adv: 0.1868) | Train Acc: 0.9952 | Val Acc: 0.9130 | Val P/R/F1 (Macro): 0.9410/0.8712/0.8876 | LR: 0.000001
Epoch [69/100] | Loss: 1.4755 (Cls: 1.1976, TAL: -0.0622, Adv: 1.9765) | Train Acc: 0.9976 | Val Acc: 0.8870 | Val P/R/F1 (Macro): 0.9153/0.7904/0.8201 | LR: 0.000001
Epoch [70/100] | Loss: 1.9434 (Cls: 1.2176, TAL: -0.0750, Adv: 4.9885) | Train Acc: 0.9952 | Val Acc: 0.8957 | Val P/R/F1 (Macro): 0.9021/0.8089/0.8302 | LR: 0.000001
Epoch [71/100] | Loss: 1.7156 (Cls: 1.2374, TAL: -0.1219, Adv: 3.4312) | Train Acc: 0.9904 | Val Acc: 0.8957 | Val P/R/F1 (Macro): 0.9161/0.8089/0.8309 | LR: 0.000001
Epoch [72/100] | Loss: 1.5055 (Cls: 1.2115, TAL: -0.0023, Adv: 1.9648) | Train Acc: 0.9952 | Val Acc: 0.8870 | Val P/R/F1 (Macro): 0.9287/0.7931/0.8282 | LR: 0.000001
Epoch [73/100] | Loss: 1.3974 (Cls: 1.2035, TAL: 0.0232, Adv: 1.2458) | Train Acc: 0.9952 | Val Acc: 0.8870 | Val P/R/F1 (Macro): 0.9024/0.8261/0.8511 | LR: 0.000001
Epoch [74/100] | Loss: 1.2985 (Cls: 1.1893, TAL: 0.0063, Adv: 0.7154) | Train Acc: 0.9976 | Val Acc: 0.8957 | Val P/R/F1 (Macro): 0.9136/0.8153/0.8379 | LR: 0.000001
Epoch [75/100] | Loss: 1.2426 (Cls: 1.1975, TAL: -0.0297, Adv: 0.3598) | Train Acc: 0.9952 | Val Acc: 0.9217 | Val P/R/F1 (Macro): 0.9266/0.8667/0.8855 | LR: 0.000001
Epoch [76/100] | Loss: 1.2185 (Cls: 1.2023, TAL: -0.0300, Adv: 0.1676) | Train Acc: 0.9976 | Val Acc: 0.8870 | Val P/R/F1 (Macro): 0.9135/0.7931/0.8195 | LR: 0.000001
Epoch [77/100] | Loss: 1.2334 (Cls: 1.2137, TAL: 0.0211, Adv: 0.0891) | Train Acc: 0.9904 | Val Acc: 0.9130 | Val P/R/F1 (Macro): 0.9322/0.8397/0.8591 | LR: 0.000001
Epoch [78/100] | Loss: 1.2117 (Cls: 1.1982, TAL: 0.0205, Adv: 0.0490) | Train Acc: 0.9928 | Val Acc: 0.8783 | Val P/R/F1 (Macro): 0.9046/0.7845/0.8146 | LR: 0.000001
Epoch [79/100] | Loss: 1.1828 (Cls: 1.1841, TAL: -0.0192, Adv: 0.0296) | Train Acc: 1.0000 | Val Acc: 0.8870 | Val P/R/F1 (Macro): 0.9315/0.8004/0.8340 | LR: 0.000001
Epoch [80/100] | Loss: 1.1863 (Cls: 1.1909, TAL: -0.0261, Adv: 0.0211) | Train Acc: 0.9976 | Val Acc: 0.8957 | Val P/R/F1 (Macro): 0.9332/0.8089/0.8423 | LR: 0.000001
Epoch [81/100] | Loss: 1.1811 (Cls: 1.1899, TAL: -0.0372, Adv: 0.0155) | Train Acc: 0.9952 | Val Acc: 0.8870 | Val P/R/F1 (Macro): 0.9068/0.8004/0.8287 | LR: 0.000001
Epoch [82/100] | Loss: 1.1690 (Cls: 1.1828, TAL: -0.0521, Adv: 0.0124) | Train Acc: 1.0000 | Val Acc: 0.8783 | Val P/R/F1 (Macro): 0.9058/0.7845/0.8171 | LR: 0.000001
Epoch [83/100] | Loss: 1.1615 (Cls: 1.1887, TAL: -0.0959, Adv: 0.0107) | Train Acc: 0.9976 | Val Acc: 0.8696 | Val P/R/F1 (Macro): 0.9112/0.7686/0.8011 | LR: 0.000001
Epoch [84/100] | Loss: 1.1459 (Cls: 1.1769, TAL: -0.1081, Adv: 0.0094) | Train Acc: 1.0000 | Val Acc: 0.8783 | Val P/R/F1 (Macro): 0.8917/0.7845/0.8095 | LR: 0.000001
Epoch [85/100] | Loss: 1.1849 (Cls: 1.2044, TAL: -0.0695, Adv: 0.0089) | Train Acc: 0.9952 | Val Acc: 0.8957 | Val P/R/F1 (Macro): 0.9291/0.8301/0.8622 | LR: 0.000001
Epoch [86/100] | Loss: 1.1562 (Cls: 1.1846, TAL: -0.0986, Adv: 0.0073) | Train Acc: 1.0000 | Val Acc: 0.8957 | Val P/R/F1 (Macro): 0.9121/0.8089/0.8365 | LR: 0.000001
Epoch [87/100] | Loss: 1.1838 (Cls: 1.1961, TAL: -0.0443, Adv: 0.0069) | Train Acc: 0.9928 | Val Acc: 0.8957 | Val P/R/F1 (Macro): 0.9260/0.8374/0.8679 | LR: 0.000001
Epoch [88/100] | Loss: 1.1538 (Cls: 1.1816, TAL: -0.0963, Adv: 0.0068) | Train Acc: 0.9976 | Val Acc: 0.8783 | Val P/R/F1 (Macro): 0.8988/0.7845/0.8137 | LR: 0.000001
Epoch [89/100] | Loss: 1.1609 (Cls: 1.1933, TAL: -0.1109, Adv: 0.0058) | Train Acc: 0.9976 | Val Acc: 0.8783 | Val P/R/F1 (Macro): 0.9210/0.7708/0.8039 | LR: 0.000001
Epoch [90/100] | Loss: 1.1542 (Cls: 1.1782, TAL: -0.0829, Adv: 0.0054) | Train Acc: 1.0000 | Val Acc: 0.8870 | Val P/R/F1 (Macro): 0.9172/0.8215/0.8515 | LR: 0.000001
Epoch [91/100] | Loss: 1.1573 (Cls: 1.1862, TAL: -0.0988, Adv: 0.0052) | Train Acc: 1.0000 | Val Acc: 0.8783 | Val P/R/F1 (Macro): 0.8872/0.7845/0.8075 | LR: 0.000001
Epoch [92/100] | Loss: 1.1513 (Cls: 1.1816, TAL: -0.1035, Adv: 0.0048) | Train Acc: 1.0000 | Val Acc: 0.8957 | Val P/R/F1 (Macro): 0.8915/0.7989/0.8187 | LR: 0.000001
Epoch [93/100] | Loss: 1.1577 (Cls: 1.1777, TAL: -0.0692, Adv: 0.0047) | Train Acc: 1.0000 | Val Acc: 0.9130 | Val P/R/F1 (Macro): 0.9186/0.8518/0.8768 | LR: 0.000001
Epoch [94/100] | Loss: 1.1504 (Cls: 1.1790, TAL: -0.0977, Adv: 0.0047) | Train Acc: 0.9976 | Val Acc: 0.9043 | Val P/R/F1 (Macro): 0.9382/0.8359/0.8704 | LR: 0.000001
Epoch [95/100] | Loss: 1.1623 (Cls: 1.1924, TAL: -0.1025, Adv: 0.0042) | Train Acc: 0.9928 | Val Acc: 0.9217 | Val P/R/F1 (Macro): 0.9476/0.8604/0.8908 | LR: 0.000001
Epoch [96/100] | Loss: 1.1551 (Cls: 1.1835, TAL: -0.0966, Adv: 0.0039) | Train Acc: 1.0000 | Val Acc: 0.8870 | Val P/R/F1 (Macro): 0.9270/0.8004/0.8347 | LR: 0.000001
Epoch [97/100] | Loss: 1.1559 (Cls: 1.1873, TAL: -0.1064, Adv: 0.0039) | Train Acc: 0.9976 | Val Acc: 0.9130 | Val P/R/F1 (Macro): 0.9408/0.8233/0.8534 | LR: 0.000001
Epoch [98/100] | Loss: 1.1550 (Cls: 1.1805, TAL: -0.0870, Adv: 0.0039) | Train Acc: 0.9976 | Val Acc: 0.8870 | Val P/R/F1 (Macro): 0.9230/0.8004/0.8328 | LR: 0.000001
Epoch [99/100] | Loss: 1.1592 (Cls: 1.1829, TAL: -0.0809, Adv: 0.0036) | Train Acc: 1.0000 | Val Acc: 0.9043 | Val P/R/F1 (Macro): 0.9069/0.8211/0.8364 | LR: 0.000001
Epoch [100/100] | Loss: 1.1446 (Cls: 1.1834, TAL: -0.1311, Adv: 0.0033) | Train Acc: 0.9952 | Val Acc: 0.8870 | Val P/R/F1 (Macro): 0.9286/0.7904/0.8272 | LR: 0.000001

迭代 4 最佳指标:
  Accuracy: 0.9304
  Precision (Macro): 0.9552
  Recall (Macro): 0.8950
  F1 (Macro): 0.9151
  Precision (Micro): 0.9304
  Recall (Micro): 0.9304
  F1 (Micro): 0.9304
  Val class coverage: 9/14 (0.6429), samples=115

================================================================================
迭代 5/5
随机种子: 46
================================================================================
Feature fusion: Tensor alignment (512+512 -> 128+128); fused_dim=256
Domain adaptation: standard source-target adversarial training, no generator
Loss weights: tensor=0.30, adv=0.15
Epoch [1/100] | Loss: 4.8546 (Cls: 4.9128, TAL: -0.3173, Adv: 0.2468) | Train Acc: 0.2356 | Val Acc: 0.1913 | Val P/R/F1 (Macro): 0.1859/0.2570/0.1358 | LR: 0.000010
  >>> New Best Val Acc: 0.1913
Epoch [2/100] | Loss: 3.4689 (Cls: 3.5715, TAL: -0.3492, Adv: 0.0140) | Train Acc: 0.4111 | Val Acc: 0.5217 | Val P/R/F1 (Macro): 0.5584/0.4936/0.4059 | LR: 0.000010
  >>> New Best Val Acc: 0.5217
Epoch [3/100] | Loss: 2.9156 (Cls: 3.0306, TAL: -0.3860, Adv: 0.0052) | Train Acc: 0.5120 | Val Acc: 0.5391 | Val P/R/F1 (Macro): 0.6932/0.5740/0.5164 | LR: 0.000010
  >>> New Best Val Acc: 0.5391
Epoch [4/100] | Loss: 2.3681 (Cls: 2.5007, TAL: -0.4431, Adv: 0.0022) | Train Acc: 0.6707 | Val Acc: 0.6696 | Val P/R/F1 (Macro): 0.7455/0.6620/0.6265 | LR: 0.000010
  >>> New Best Val Acc: 0.6696
Epoch [5/100] | Loss: 2.0921 (Cls: 2.1665, TAL: -0.2493, Adv: 0.0027) | Train Acc: 0.7380 | Val Acc: 0.7739 | Val P/R/F1 (Macro): 0.7158/0.7291/0.6811 | LR: 0.000010
  >>> New Best Val Acc: 0.7739
Epoch [6/100] | Loss: 2.0019 (Cls: 2.0493, TAL: -0.1604, Adv: 0.0045) | Train Acc: 0.7812 | Val Acc: 0.7478 | Val P/R/F1 (Macro): 0.7964/0.7291/0.7226 | LR: 0.000010
Epoch [7/100] | Loss: 1.7984 (Cls: 1.7870, TAL: 0.0368, Adv: 0.0021) | Train Acc: 0.8606 | Val Acc: 0.7130 | Val P/R/F1 (Macro): 0.8373/0.6207/0.6216 | LR: 0.000010
Epoch [8/100] | Loss: 1.7396 (Cls: 1.7227, TAL: 0.0550, Adv: 0.0025) | Train Acc: 0.8846 | Val Acc: 0.6870 | Val P/R/F1 (Macro): 0.8045/0.6886/0.6929 | LR: 0.000010
Epoch [9/100] | Loss: 1.7554 (Cls: 1.7545, TAL: 0.0020, Adv: 0.0023) | Train Acc: 0.8726 | Val Acc: 0.8522 | Val P/R/F1 (Macro): 0.8640/0.8095/0.8107 | LR: 0.000010
  >>> New Best Val Acc: 0.8522
Epoch [10/100] | Loss: 1.6125 (Cls: 1.6508, TAL: -0.1285, Adv: 0.0016) | Train Acc: 0.9062 | Val Acc: 0.8261 | Val P/R/F1 (Macro): 0.9054/0.7303/0.7748 | LR: 0.000010
Epoch [11/100] | Loss: 1.5154 (Cls: 1.5636, TAL: -0.1613, Adv: 0.0011) | Train Acc: 0.9279 | Val Acc: 0.8609 | Val P/R/F1 (Macro): 0.8812/0.8317/0.8374 | LR: 0.000010
  >>> New Best Val Acc: 0.8609
Epoch [12/100] | Loss: 1.5220 (Cls: 1.5583, TAL: -0.1214, Adv: 0.0013) | Train Acc: 0.9351 | Val Acc: 0.8261 | Val P/R/F1 (Macro): 0.8526/0.8111/0.8029 | LR: 0.000010
Epoch [13/100] | Loss: 1.5018 (Cls: 1.5359, TAL: -0.1141, Adv: 0.0009) | Train Acc: 0.9519 | Val Acc: 0.8000 | Val P/R/F1 (Macro): 0.8554/0.7874/0.7855 | LR: 0.000010
Epoch [14/100] | Loss: 1.5068 (Cls: 1.5346, TAL: -0.0934, Adv: 0.0020) | Train Acc: 0.9255 | Val Acc: 0.8435 | Val P/R/F1 (Macro): 0.8979/0.7513/0.7715 | LR: 0.000010
Epoch [15/100] | Loss: 1.5372 (Cls: 1.5458, TAL: -0.0296, Adv: 0.0021) | Train Acc: 0.9279 | Val Acc: 0.6957 | Val P/R/F1 (Macro): 0.8012/0.6810/0.6826 | LR: 0.000010
Epoch [16/100] | Loss: 1.5071 (Cls: 1.5108, TAL: -0.0145, Adv: 0.0049) | Train Acc: 0.9351 | Val Acc: 0.7652 | Val P/R/F1 (Macro): 0.8404/0.7206/0.7261 | LR: 0.000010
Epoch [17/100] | Loss: 1.4787 (Cls: 1.4883, TAL: -0.0341, Adv: 0.0038) | Train Acc: 0.9519 | Val Acc: 0.8696 | Val P/R/F1 (Macro): 0.8691/0.8525/0.8401 | LR: 0.000010
  >>> New Best Val Acc: 0.8696
Epoch [18/100] | Loss: 1.4653 (Cls: 1.4671, TAL: -0.0100, Adv: 0.0075) | Train Acc: 0.9423 | Val Acc: 0.8696 | Val P/R/F1 (Macro): 0.9083/0.7918/0.8151 | LR: 0.000010
Epoch [19/100] | Loss: 1.4283 (Cls: 1.4064, TAL: 0.0719, Adv: 0.0018) | Train Acc: 0.9495 | Val Acc: 0.7739 | Val P/R/F1 (Macro): 0.8361/0.7628/0.7562 | LR: 0.000010
Epoch [20/100] | Loss: 1.4664 (Cls: 1.4331, TAL: 0.1095, Adv: 0.0030) | Train Acc: 0.9471 | Val Acc: 0.8522 | Val P/R/F1 (Macro): 0.8505/0.7715/0.7837 | LR: 0.000010
Epoch [21/100] | Loss: 1.4261 (Cls: 1.3841, TAL: 0.1377, Adv: 0.0047) | Train Acc: 0.9688 | Val Acc: 0.8435 | Val P/R/F1 (Macro): 0.8575/0.7995/0.8081 | LR: 0.000010
Epoch [22/100] | Loss: 1.5189 (Cls: 1.3400, TAL: 0.0849, Adv: 1.0227) | Train Acc: 0.9808 | Val Acc: 0.8435 | Val P/R/F1 (Macro): 0.8577/0.7995/0.8127 | LR: 0.000010
Epoch [23/100] | Loss: 2.6281 (Cls: 1.4782, TAL: 0.0298, Adv: 7.6064) | Train Acc: 0.9351 | Val Acc: 0.7826 | Val P/R/F1 (Macro): 0.7885/0.6749/0.6906 | LR: 0.000010
Epoch [24/100] | Loss: 2.1011 (Cls: 1.4294, TAL: -0.0886, Adv: 4.6554) | Train Acc: 0.9543 | Val Acc: 0.8174 | Val P/R/F1 (Macro): 0.8479/0.7505/0.7714 | LR: 0.000010
Epoch [25/100] | Loss: 1.7714 (Cls: 1.4023, TAL: 0.0477, Adv: 2.3656) | Train Acc: 0.9712 | Val Acc: 0.8435 | Val P/R/F1 (Macro): 0.8499/0.7761/0.7849 | LR: 0.000010
Epoch [26/100] | Loss: 1.5418 (Cls: 1.3605, TAL: 0.0844, Adv: 1.0401) | Train Acc: 0.9736 | Val Acc: 0.8174 | Val P/R/F1 (Macro): 0.9038/0.7506/0.7772 | LR: 0.000010
Epoch [27/100] | Loss: 1.3734 (Cls: 1.3553, TAL: -0.1176, Adv: 0.3560) | Train Acc: 0.9712 | Val Acc: 0.8522 | Val P/R/F1 (Macro): 0.8591/0.8057/0.8142 | LR: 0.000010
Epoch [28/100] | Loss: 1.3107 (Cls: 1.3381, TAL: -0.1656, Adv: 0.1487) | Train Acc: 0.9663 | Val Acc: 0.8348 | Val P/R/F1 (Macro): 0.7815/0.7356/0.7325 | LR: 0.000005
Epoch [29/100] | Loss: 1.2494 (Cls: 1.3167, TAL: -0.2583, Adv: 0.0680) | Train Acc: 0.9760 | Val Acc: 0.8957 | Val P/R/F1 (Macro): 0.9071/0.8483/0.8648 | LR: 0.000005
  >>> New Best Val Acc: 0.8957
Epoch [30/100] | Loss: 1.2332 (Cls: 1.2983, TAL: -0.2253, Adv: 0.0168) | Train Acc: 0.9784 | Val Acc: 0.9043 | Val P/R/F1 (Macro): 0.9298/0.8478/0.8746 | LR: 0.000005
  >>> New Best Val Acc: 0.9043
Epoch [31/100] | Loss: 1.2074 (Cls: 1.2894, TAL: -0.2779, Adv: 0.0094) | Train Acc: 0.9663 | Val Acc: 0.9043 | Val P/R/F1 (Macro): 0.9266/0.8296/0.8544 | LR: 0.000005
Epoch [32/100] | Loss: 1.1853 (Cls: 1.2581, TAL: -0.2466, Adv: 0.0080) | Train Acc: 0.9832 | Val Acc: 0.8870 | Val P/R/F1 (Macro): 0.9111/0.8700/0.8781 | LR: 0.000005
Epoch [33/100] | Loss: 1.1848 (Cls: 1.2415, TAL: -0.1927, Adv: 0.0075) | Train Acc: 0.9904 | Val Acc: 0.9043 | Val P/R/F1 (Macro): 0.9345/0.8196/0.8490 | LR: 0.000005
Epoch [34/100] | Loss: 1.1926 (Cls: 1.2452, TAL: -0.1779, Adv: 0.0052) | Train Acc: 0.9904 | Val Acc: 0.8957 | Val P/R/F1 (Macro): 0.9082/0.8420/0.8598 | LR: 0.000005
Epoch [35/100] | Loss: 1.2042 (Cls: 1.2628, TAL: -0.2041, Adv: 0.0175) | Train Acc: 0.9880 | Val Acc: 0.8870 | Val P/R/F1 (Macro): 0.9031/0.8258/0.8487 | LR: 0.000005
Epoch [36/100] | Loss: 1.2065 (Cls: 1.2460, TAL: -0.1650, Adv: 0.0672) | Train Acc: 0.9880 | Val Acc: 0.8783 | Val P/R/F1 (Macro): 0.9208/0.8177/0.8383 | LR: 0.000005
Epoch [37/100] | Loss: 1.8228 (Cls: 1.2356, TAL: -0.0938, Adv: 4.1018) | Train Acc: 0.9928 | Val Acc: 0.8783 | Val P/R/F1 (Macro): 0.9013/0.8377/0.8523 | LR: 0.000005
Epoch [38/100] | Loss: 2.1383 (Cls: 1.2937, TAL: -0.0318, Adv: 5.6946) | Train Acc: 0.9784 | Val Acc: 0.9043 | Val P/R/F1 (Macro): 0.9160/0.8542/0.8727 | LR: 0.000005
Epoch [39/100] | Loss: 1.8293 (Cls: 1.2474, TAL: -0.0375, Adv: 3.9542) | Train Acc: 0.9928 | Val Acc: 0.8696 | Val P/R/F1 (Macro): 0.8902/0.8082/0.8229 | LR: 0.000005
Epoch [40/100] | Loss: 1.5502 (Cls: 1.2496, TAL: -0.0592, Adv: 2.1222) | Train Acc: 0.9904 | Val Acc: 0.8783 | Val P/R/F1 (Macro): 0.9184/0.8177/0.8399 | LR: 0.000005
Epoch [41/100] | Loss: 1.3917 (Cls: 1.2870, TAL: -0.1536, Adv: 1.0052) | Train Acc: 0.9760 | Val Acc: 0.8609 | Val P/R/F1 (Macro): 0.8707/0.7859/0.8027 | LR: 0.000003
Epoch [42/100] | Loss: 1.2815 (Cls: 1.2443, TAL: -0.1128, Adv: 0.4736) | Train Acc: 0.9856 | Val Acc: 0.9043 | Val P/R/F1 (Macro): 0.9342/0.8478/0.8765 | LR: 0.000003
Epoch [43/100] | Loss: 1.2249 (Cls: 1.2313, TAL: -0.1217, Adv: 0.2010) | Train Acc: 0.9952 | Val Acc: 0.9130 | Val P/R/F1 (Macro): 0.9253/0.8600/0.8800 | LR: 0.000003
  >>> New Best Val Acc: 0.9130
Epoch [44/100] | Loss: 1.2305 (Cls: 1.2426, TAL: -0.0816, Adv: 0.0829) | Train Acc: 0.9832 | Val Acc: 0.8870 | Val P/R/F1 (Macro): 0.9027/0.8234/0.8487 | LR: 0.000003
Epoch [45/100] | Loss: 1.2138 (Cls: 1.2198, TAL: -0.0378, Adv: 0.0359) | Train Acc: 0.9904 | Val Acc: 0.8870 | Val P/R/F1 (Macro): 0.9223/0.8234/0.8550 | LR: 0.000003
Epoch [46/100] | Loss: 1.2012 (Cls: 1.2152, TAL: -0.0557, Adv: 0.0179) | Train Acc: 1.0000 | Val Acc: 0.8957 | Val P/R/F1 (Macro): 0.9280/0.8599/0.8808 | LR: 0.000003
Epoch [47/100] | Loss: 1.2035 (Cls: 1.2284, TAL: -0.0883, Adv: 0.0108) | Train Acc: 0.9904 | Val Acc: 0.9043 | Val P/R/F1 (Macro): 0.9256/0.8843/0.8931 | LR: 0.000003
Epoch [48/100] | Loss: 1.1866 (Cls: 1.2159, TAL: -0.1016, Adv: 0.0077) | Train Acc: 0.9952 | Val Acc: 0.9130 | Val P/R/F1 (Macro): 0.9339/0.8701/0.8924 | LR: 0.000003
Epoch [49/100] | Loss: 1.1860 (Cls: 1.2074, TAL: -0.0746, Adv: 0.0061) | Train Acc: 0.9976 | Val Acc: 0.8870 | Val P/R/F1 (Macro): 0.9177/0.8399/0.8606 | LR: 0.000003
Epoch [50/100] | Loss: 1.1897 (Cls: 1.2169, TAL: -0.0935, Adv: 0.0054) | Train Acc: 0.9976 | Val Acc: 0.8957 | Val P/R/F1 (Macro): 0.9270/0.8621/0.8801 | LR: 0.000003
Epoch [51/100] | Loss: 1.1597 (Cls: 1.1934, TAL: -0.1144, Adv: 0.0037) | Train Acc: 0.9976 | Val Acc: 0.8957 | Val P/R/F1 (Macro): 0.9178/0.8456/0.8694 | LR: 0.000003
Epoch [52/100] | Loss: 1.2015 (Cls: 1.2269, TAL: -0.0865, Adv: 0.0037) | Train Acc: 0.9928 | Val Acc: 0.8783 | Val P/R/F1 (Macro): 0.9184/0.8177/0.8399 | LR: 0.000003
Epoch [53/100] | Loss: 1.1764 (Cls: 1.2014, TAL: -0.0852, Adv: 0.0032) | Train Acc: 1.0000 | Val Acc: 0.8870 | Val P/R/F1 (Macro): 0.9126/0.8399/0.8602 | LR: 0.000003
Epoch [54/100] | Loss: 1.1824 (Cls: 1.2014, TAL: -0.0650, Adv: 0.0033) | Train Acc: 0.9952 | Val Acc: 0.9130 | Val P/R/F1 (Macro): 0.9389/0.8701/0.8953 | LR: 0.000001
Epoch [55/100] | Loss: 1.1754 (Cls: 1.2002, TAL: -0.0842, Adv: 0.0029) | Train Acc: 0.9976 | Val Acc: 0.8957 | Val P/R/F1 (Macro): 0.9217/0.8621/0.8789 | LR: 0.000001
Epoch [56/100] | Loss: 1.1578 (Cls: 1.1978, TAL: -0.1345, Adv: 0.0025) | Train Acc: 0.9952 | Val Acc: 0.8783 | Val P/R/F1 (Macro): 0.9097/0.8314/0.8528 | LR: 0.000001
Epoch [57/100] | Loss: 1.1956 (Cls: 1.2030, TAL: -0.0257, Adv: 0.0023) | Train Acc: 0.9928 | Val Acc: 0.8783 | Val P/R/F1 (Macro): 0.9091/0.8177/0.8362 | LR: 0.000001
Epoch [58/100] | Loss: 1.1670 (Cls: 1.1995, TAL: -0.1092, Adv: 0.0021) | Train Acc: 0.9976 | Val Acc: 0.8870 | Val P/R/F1 (Macro): 0.9228/0.8399/0.8613 | LR: 0.000001
Epoch [59/100] | Loss: 1.1949 (Cls: 1.1959, TAL: -0.0047, Adv: 0.0022) | Train Acc: 0.9928 | Val Acc: 0.8696 | Val P/R/F1 (Macro): 0.9147/0.8091/0.8331 | LR: 0.000001
Epoch [60/100] | Loss: 1.2130 (Cls: 1.1957, TAL: 0.0565, Adv: 0.0020) | Train Acc: 0.9952 | Val Acc: 0.8957 | Val P/R/F1 (Macro): 0.9231/0.8758/0.8883 | LR: 0.000001
Epoch [61/100] | Loss: 1.2273 (Cls: 1.1998, TAL: 0.0907, Adv: 0.0018) | Train Acc: 0.9952 | Val Acc: 0.8870 | Val P/R/F1 (Macro): 0.9137/0.8399/0.8592 | LR: 0.000001
Epoch [62/100] | Loss: 1.2259 (Cls: 1.1996, TAL: 0.0868, Adv: 0.0017) | Train Acc: 0.9904 | Val Acc: 0.8783 | Val P/R/F1 (Macro): 0.8957/0.8377/0.8531 | LR: 0.000001
Epoch [63/100] | Loss: 1.2118 (Cls: 1.1891, TAL: 0.0747, Adv: 0.0020) | Train Acc: 0.9976 | Val Acc: 0.8696 | Val P/R/F1 (Macro): 0.8822/0.8155/0.8314 | LR: 0.000001
Epoch [64/100] | Loss: 1.2173 (Cls: 1.1906, TAL: 0.0879, Adv: 0.0019) | Train Acc: 1.0000 | Val Acc: 0.8783 | Val P/R/F1 (Macro): 0.9115/0.8314/0.8545 | LR: 0.000001
Epoch [65/100] | Loss: 1.2287 (Cls: 1.1927, TAL: 0.1193, Adv: 0.0017) | Train Acc: 0.9976 | Val Acc: 0.8783 | Val P/R/F1 (Macro): 0.9184/0.8314/0.8553 | LR: 0.000001
Epoch [66/100] | Loss: 1.2337 (Cls: 1.1918, TAL: 0.1389, Adv: 0.0017) | Train Acc: 1.0000 | Val Acc: 0.8696 | Val P/R/F1 (Macro): 0.9060/0.8091/0.8307 | LR: 0.000001
Epoch [67/100] | Loss: 1.2183 (Cls: 1.1922, TAL: 0.0862, Adv: 0.0015) | Train Acc: 0.9952 | Val Acc: 0.8783 | Val P/R/F1 (Macro): 0.8915/0.8377/0.8485 | LR: 0.000001
Epoch [68/100] | Loss: 1.2246 (Cls: 1.2101, TAL: 0.0478, Adv: 0.0015) | Train Acc: 0.9928 | Val Acc: 0.8870 | Val P/R/F1 (Macro): 0.9152/0.8536/0.8722 | LR: 0.000001
Epoch [69/100] | Loss: 1.2194 (Cls: 1.1803, TAL: 0.1296, Adv: 0.0017) | Train Acc: 1.0000 | Val Acc: 0.8870 | Val P/R/F1 (Macro): 0.9137/0.8536/0.8702 | LR: 0.000001
Epoch [70/100] | Loss: 1.2334 (Cls: 1.1988, TAL: 0.1145, Adv: 0.0013) | Train Acc: 0.9904 | Val Acc: 0.8696 | Val P/R/F1 (Macro): 0.8820/0.8155/0.8318 | LR: 0.000001
Epoch [71/100] | Loss: 1.2290 (Cls: 1.1986, TAL: 0.1008, Adv: 0.0014) | Train Acc: 0.9904 | Val Acc: 0.8870 | Val P/R/F1 (Macro): 0.9032/0.8234/0.8493 | LR: 0.000001
Epoch [72/100] | Loss: 1.2137 (Cls: 1.1944, TAL: 0.0635, Adv: 0.0013) | Train Acc: 0.9952 | Val Acc: 0.8870 | Val P/R/F1 (Macro): 0.9257/0.8353/0.8632 | LR: 0.000001
Epoch [73/100] | Loss: 1.2064 (Cls: 1.1871, TAL: 0.0637, Adv: 0.0012) | Train Acc: 0.9976 | Val Acc: 0.9043 | Val P/R/F1 (Macro): 0.9241/0.8661/0.8838 | LR: 0.000001
Epoch [74/100] | Loss: 1.2056 (Cls: 1.1821, TAL: 0.0777, Adv: 0.0013) | Train Acc: 1.0000 | Val Acc: 0.8870 | Val P/R/F1 (Macro): 0.9222/0.8353/0.8639 | LR: 0.000001
Epoch [75/100] | Loss: 1.2124 (Cls: 1.1953, TAL: 0.0563, Adv: 0.0012) | Train Acc: 1.0000 | Val Acc: 0.8957 | Val P/R/F1 (Macro): 0.9232/0.8302/0.8526 | LR: 0.000001
Epoch [76/100] | Loss: 1.2086 (Cls: 1.1848, TAL: 0.0787, Adv: 0.0010) | Train Acc: 1.0000 | Val Acc: 0.8957 | Val P/R/F1 (Macro): 0.9232/0.8302/0.8526 | LR: 0.000001
Epoch [77/100] | Loss: 1.1976 (Cls: 1.1816, TAL: 0.0528, Adv: 0.0011) | Train Acc: 0.9952 | Val Acc: 0.8870 | Val P/R/F1 (Macro): 0.9182/0.8353/0.8610 | LR: 0.000001
Epoch [78/100] | Loss: 1.2075 (Cls: 1.1873, TAL: 0.0669, Adv: 0.0012) | Train Acc: 1.0000 | Val Acc: 0.8957 | Val P/R/F1 (Macro): 0.9219/0.8575/0.8787 | LR: 0.000001
Epoch [79/100] | Loss: 1.2233 (Cls: 1.1998, TAL: 0.0776, Adv: 0.0010) | Train Acc: 0.9952 | Val Acc: 0.9043 | Val P/R/F1 (Macro): 0.9307/0.8661/0.8882 | LR: 0.000001
Epoch [80/100] | Loss: 1.2113 (Cls: 1.1953, TAL: 0.0528, Adv: 0.0010) | Train Acc: 0.9904 | Val Acc: 0.8957 | Val P/R/F1 (Macro): 0.9186/0.8439/0.8644 | LR: 0.000001
Epoch [81/100] | Loss: 1.2012 (Cls: 1.1817, TAL: 0.0645, Adv: 0.0009) | Train Acc: 0.9976 | Val Acc: 0.8783 | Val P/R/F1 (Macro): 0.8858/0.8240/0.8376 | LR: 0.000001
Epoch [82/100] | Loss: 1.2101 (Cls: 1.1880, TAL: 0.0731, Adv: 0.0009) | Train Acc: 0.9928 | Val Acc: 0.8870 | Val P/R/F1 (Macro): 0.9136/0.8399/0.8586 | LR: 0.000001
Epoch [83/100] | Loss: 1.2144 (Cls: 1.1882, TAL: 0.0868, Adv: 0.0009) | Train Acc: 0.9952 | Val Acc: 0.8870 | Val P/R/F1 (Macro): 0.9194/0.8536/0.8742 | LR: 0.000001
Epoch [84/100] | Loss: 1.1971 (Cls: 1.1755, TAL: 0.0717, Adv: 0.0009) | Train Acc: 0.9976 | Val Acc: 0.8957 | Val P/R/F1 (Macro): 0.9239/0.8439/0.8678 | LR: 0.000001
Epoch [85/100] | Loss: 1.2048 (Cls: 1.1797, TAL: 0.0831, Adv: 0.0011) | Train Acc: 0.9952 | Val Acc: 0.8783 | Val P/R/F1 (Macro): 0.9091/0.8314/0.8516 | LR: 0.000001
Epoch [86/100] | Loss: 1.2087 (Cls: 1.1838, TAL: 0.0826, Adv: 0.0009) | Train Acc: 0.9976 | Val Acc: 0.8870 | Val P/R/F1 (Macro): 0.9136/0.8399/0.8586 | LR: 0.000001
Epoch [87/100] | Loss: 1.2011 (Cls: 1.1770, TAL: 0.0797, Adv: 0.0009) | Train Acc: 1.0000 | Val Acc: 0.8957 | Val P/R/F1 (Macro): 0.9272/0.8594/0.8799 | LR: 0.000001
Epoch [88/100] | Loss: 1.2269 (Cls: 1.1936, TAL: 0.1105, Adv: 0.0009) | Train Acc: 0.9952 | Val Acc: 0.8870 | Val P/R/F1 (Macro): 0.9180/0.8536/0.8727 | LR: 0.000001
Epoch [89/100] | Loss: 1.2062 (Cls: 1.1807, TAL: 0.0848, Adv: 0.0008) | Train Acc: 1.0000 | Val Acc: 0.8696 | Val P/R/F1 (Macro): 0.9060/0.8091/0.8307 | LR: 0.000001
Epoch [90/100] | Loss: 1.2026 (Cls: 1.1892, TAL: 0.0442, Adv: 0.0007) | Train Acc: 0.9928 | Val Acc: 0.8783 | Val P/R/F1 (Macro): 0.9132/0.8314/0.8536 | LR: 0.000001
Epoch [91/100] | Loss: 1.2034 (Cls: 1.1875, TAL: 0.0529, Adv: 0.0007) | Train Acc: 0.9928 | Val Acc: 0.8870 | Val P/R/F1 (Macro): 0.9224/0.8536/0.8768 | LR: 0.000001
Epoch [92/100] | Loss: 1.2083 (Cls: 1.1929, TAL: 0.0507, Adv: 0.0008) | Train Acc: 0.9952 | Val Acc: 0.8870 | Val P/R/F1 (Macro): 0.9224/0.8536/0.8768 | LR: 0.000001
Epoch [93/100] | Loss: 1.1898 (Cls: 1.1756, TAL: 0.0469, Adv: 0.0007) | Train Acc: 1.0000 | Val Acc: 0.8870 | Val P/R/F1 (Macro): 0.9194/0.8536/0.8742 | LR: 0.000001
Epoch [94/100] | Loss: 1.2018 (Cls: 1.1808, TAL: 0.0695, Adv: 0.0007) | Train Acc: 0.9976 | Val Acc: 0.8870 | Val P/R/F1 (Macro): 0.9222/0.8353/0.8639 | LR: 0.000001
Epoch [95/100] | Loss: 1.2107 (Cls: 1.1886, TAL: 0.0734, Adv: 0.0007) | Train Acc: 1.0000 | Val Acc: 0.8696 | Val P/R/F1 (Macro): 0.9060/0.8091/0.8307 | LR: 0.000001
Epoch [96/100] | Loss: 1.1965 (Cls: 1.1812, TAL: 0.0506, Adv: 0.0007) | Train Acc: 1.0000 | Val Acc: 0.8957 | Val P/R/F1 (Macro): 0.9219/0.8575/0.8787 | LR: 0.000001
Epoch [97/100] | Loss: 1.2186 (Cls: 1.1848, TAL: 0.1125, Adv: 0.0007) | Train Acc: 0.9952 | Val Acc: 0.8783 | Val P/R/F1 (Macro): 0.9091/0.8314/0.8516 | LR: 0.000001
Epoch [98/100] | Loss: 1.1990 (Cls: 1.1818, TAL: 0.0573, Adv: 0.0007) | Train Acc: 0.9976 | Val Acc: 0.9043 | Val P/R/F1 (Macro): 0.9241/0.8661/0.8838 | LR: 0.000001
Epoch [99/100] | Loss: 1.2076 (Cls: 1.1860, TAL: 0.0715, Adv: 0.0006) | Train Acc: 1.0000 | Val Acc: 0.9043 | Val P/R/F1 (Macro): 0.9258/0.8798/0.8929 | LR: 0.000001
Epoch [100/100] | Loss: 1.2037 (Cls: 1.1830, TAL: 0.0685, Adv: 0.0007) | Train Acc: 0.9952 | Val Acc: 0.9043 | Val P/R/F1 (Macro): 0.9260/0.8661/0.8856 | LR: 0.000001

迭代 5 最佳指标:
  Accuracy: 0.9130
  Precision (Macro): 0.9253
  Recall (Macro): 0.8600
  F1 (Macro): 0.8800
  Precision (Micro): 0.9130
  Recall (Micro): 0.9130
  F1 (Micro): 0.9130
  Val class coverage: 9/14 (0.6429), samples=115

================================================================================
5次迭代统计结果
================================================================================

accuracy:
  各迭代值: ['0.9304', '0.9217', '0.9478', '0.9304', '0.9130']
  均值 (Mean): 0.9287
  标准差 (Std): 0.0115

precision_macro:
  各迭代值: ['0.9503', '0.9446', '0.9644', '0.9552', '0.9253']
  均值 (Mean): 0.9480
  标准差 (Std): 0.0131

recall_macro:
  各迭代值: ['0.9078', '0.8815', '0.9483', '0.8950', '0.8600']
  均值 (Mean): 0.8985
  标准差 (Std): 0.0295

f1_macro:
  各迭代值: ['0.9194', '0.9001', '0.9528', '0.9151', '0.8800']
  均值 (Mean): 0.9135
  标准差 (Std): 0.0240

precision_micro:
  各迭代值: ['0.9304', '0.9217', '0.9478', '0.9304', '0.9130']
  均值 (Mean): 0.9287
  标准差 (Std): 0.0115

recall_micro:
  各迭代值: ['0.9304', '0.9217', '0.9478', '0.9304', '0.9130']
  均值 (Mean): 0.9287
  标准差 (Std): 0.0115

f1_micro:
  各迭代值: ['0.9304', '0.9217', '0.9478', '0.9304', '0.9130']
  均值 (Mean): 0.9287
  标准差 (Std): 0.0115

val_class_coverage:
  各迭代值: ['0.6429', '0.6429', '0.6429', '0.6429', '0.6429']
  均值 (Mean): 0.6429
  标准差 (Std): 0.0000

val_present_classes:
  各迭代值: ['9.0000', '9.0000', '9.0000', '9.0000', '9.0000']
  均值 (Mean): 9.0000
  标准差 (Std): 0.0000

val_total_classes:
  各迭代值: ['14.0000', '14.0000', '14.0000', '14.0000', '14.0000']
  均值 (Mean): 14.0000
  标准差 (Std): 0.0000

val_samples:
  各迭代值: ['115.0000', '115.0000', '115.0000', '115.0000', '115.0000']
  均值 (Mean): 115.0000
  标准差 (Std): 0.0000

训练结束时间: 2026-07-07 23:06:54
================================================================================
