================================================================================
模块消融实验 - without_tensor_without_ot
目标域天气: 逆光
训练开始时间: 2026-06-24 19:54:04
设备: cuda
源域: /home/lixiang/lx/Data/晴天
目标域: /home/lixiang/lx/Data/逆光
批次大小: 64
总轮数: 100
迭代次数: 5
使用Tensor模块: 否
使用OT模块: 否
特征融合方式: 通道拼接
域对齐方式: 常规对抗
================================================================================

================================================================================
迭代 1/5
随机种子: 42
================================================================================
Feature fusion: Channel concatenation (512+512); fused_dim=1024
Domain adaptation: standard source-target adversarial training, no generator
Loss weights: tensor=0.00, adv=0.15
Epoch [1/100] | Loss: 6.1906 (Cls: 6.0714, TAL: 0.0000, Adv: 0.7948) | Train Acc: 0.1094 | Val Acc: 0.4167 | Val P/R/F1 (Macro): 0.2379/0.2958/0.2020 | LR: 0.000010
  >>> New Best Val Acc: 0.4167
Epoch [2/100] | Loss: 4.1878 (Cls: 4.0507, TAL: 0.0000, Adv: 0.9138) | Train Acc: 0.3906 | Val Acc: 0.2778 | Val P/R/F1 (Macro): 0.1810/0.1875/0.1397 | LR: 0.000010
Epoch [3/100] | Loss: 3.6895 (Cls: 3.5656, TAL: 0.0000, Adv: 0.8257) | Train Acc: 0.4844 | Val Acc: 0.3333 | Val P/R/F1 (Macro): 0.3108/0.2292/0.2100 | LR: 0.000010
Epoch [4/100] | Loss: 3.1982 (Cls: 3.0696, TAL: 0.0000, Adv: 0.8573) | Train Acc: 0.6484 | Val Acc: 0.2500 | Val P/R/F1 (Macro): 0.2024/0.1905/0.1531 | LR: 0.000010
Epoch [5/100] | Loss: 2.8693 (Cls: 2.7522, TAL: 0.0000, Adv: 0.7807) | Train Acc: 0.7500 | Val Acc: 0.1944 | Val P/R/F1 (Macro): 0.1534/0.1548/0.1102 | LR: 0.000010
Epoch [6/100] | Loss: 2.5366 (Cls: 2.4257, TAL: 0.0000, Adv: 0.7392) | Train Acc: 0.7344 | Val Acc: 0.2500 | Val P/R/F1 (Macro): 0.1365/0.1786/0.1341 | LR: 0.000010
Epoch [7/100] | Loss: 2.4957 (Cls: 2.3902, TAL: 0.0000, Adv: 0.7031) | Train Acc: 0.7422 | Val Acc: 0.5000 | Val P/R/F1 (Macro): 0.3591/0.2857/0.2753 | LR: 0.000010
  >>> New Best Val Acc: 0.5000
Epoch [8/100] | Loss: 2.3043 (Cls: 2.1883, TAL: 0.0000, Adv: 0.7735) | Train Acc: 0.8672 | Val Acc: 0.7778 | Val P/R/F1 (Macro): 0.4892/0.4679/0.4515 | LR: 0.000010
  >>> New Best Val Acc: 0.7778
Epoch [9/100] | Loss: 2.0996 (Cls: 1.9862, TAL: 0.0000, Adv: 0.7557) | Train Acc: 0.8203 | Val Acc: 0.7500 | Val P/R/F1 (Macro): 0.4830/0.4548/0.4361 | LR: 0.000010
Epoch [10/100] | Loss: 2.0153 (Cls: 1.9075, TAL: 0.0000, Adv: 0.7183) | Train Acc: 0.8516 | Val Acc: 0.7778 | Val P/R/F1 (Macro): 0.4727/0.5238/0.4882 | LR: 0.000010
Epoch [11/100] | Loss: 1.9732 (Cls: 1.8630, TAL: 0.0000, Adv: 0.7344) | Train Acc: 0.8906 | Val Acc: 0.8889 | Val P/R/F1 (Macro): 0.5750/0.5810/0.5743 | LR: 0.000010
  >>> New Best Val Acc: 0.8889
Epoch [12/100] | Loss: 1.8483 (Cls: 1.7359, TAL: 0.0000, Adv: 0.7498) | Train Acc: 0.9141 | Val Acc: 0.8611 | Val P/R/F1 (Macro): 0.5821/0.5726/0.5688 | LR: 0.000010
Epoch [13/100] | Loss: 1.9248 (Cls: 1.8147, TAL: 0.0000, Adv: 0.7338) | Train Acc: 0.8750 | Val Acc: 0.7778 | Val P/R/F1 (Macro): 0.5588/0.5262/0.5105 | LR: 0.000010
Epoch [14/100] | Loss: 1.6937 (Cls: 1.5846, TAL: 0.0000, Adv: 0.7269) | Train Acc: 0.9531 | Val Acc: 0.8611 | Val P/R/F1 (Macro): 0.5683/0.5690/0.5628 | LR: 0.000010
Epoch [15/100] | Loss: 1.7669 (Cls: 1.6594, TAL: 0.0000, Adv: 0.7166) | Train Acc: 0.9609 | Val Acc: 0.9167 | Val P/R/F1 (Macro): 0.6041/0.5929/0.5878 | LR: 0.000010
  >>> New Best Val Acc: 0.9167
Epoch [16/100] | Loss: 1.7201 (Cls: 1.6126, TAL: 0.0000, Adv: 0.7166) | Train Acc: 0.9609 | Val Acc: 0.9444 | Val P/R/F1 (Macro): 0.6143/0.6107/0.6069 | LR: 0.000010
  >>> New Best Val Acc: 0.9444
Epoch [17/100] | Loss: 1.7442 (Cls: 1.6381, TAL: 0.0000, Adv: 0.7073) | Train Acc: 0.9688 | Val Acc: 0.8889 | Val P/R/F1 (Macro): 0.5635/0.5810/0.5622 | LR: 0.000010
Epoch [18/100] | Loss: 1.5912 (Cls: 1.4885, TAL: 0.0000, Adv: 0.6850) | Train Acc: 0.9609 | Val Acc: 0.8056 | Val P/R/F1 (Macro): 0.5446/0.5405/0.5136 | LR: 0.000010
Epoch [19/100] | Loss: 1.6367 (Cls: 1.5376, TAL: 0.0000, Adv: 0.6610) | Train Acc: 0.9531 | Val Acc: 0.8611 | Val P/R/F1 (Macro): 0.5595/0.5720/0.5437 | LR: 0.000010
Epoch [20/100] | Loss: 1.5779 (Cls: 1.4853, TAL: 0.0000, Adv: 0.6174) | Train Acc: 0.9688 | Val Acc: 0.7778 | Val P/R/F1 (Macro): 0.5369/0.5274/0.4975 | LR: 0.000010
Epoch [21/100] | Loss: 1.7328 (Cls: 1.6342, TAL: 0.0000, Adv: 0.6573) | Train Acc: 0.9531 | Val Acc: 0.8611 | Val P/R/F1 (Macro): 0.5571/0.5750/0.5433 | LR: 0.000010
Epoch [22/100] | Loss: 1.5652 (Cls: 1.4677, TAL: 0.0000, Adv: 0.6504) | Train Acc: 0.9688 | Val Acc: 0.9444 | Val P/R/F1 (Macro): 0.6206/0.6107/0.6126 | LR: 0.000010
Epoch [23/100] | Loss: 1.5645 (Cls: 1.4641, TAL: 0.0000, Adv: 0.6694) | Train Acc: 0.9531 | Val Acc: 0.8889 | Val P/R/F1 (Macro): 0.5319/0.5304/0.5249 | LR: 0.000010
Epoch [24/100] | Loss: 1.7555 (Cls: 1.6628, TAL: 0.0000, Adv: 0.6177) | Train Acc: 0.9375 | Val Acc: 1.0000 | Val P/R/F1 (Macro): 0.6429/0.6429/0.6429 | LR: 0.000010
  >>> New Best Val Acc: 1.0000
Epoch [25/100] | Loss: 1.6092 (Cls: 1.5073, TAL: 0.0000, Adv: 0.6796) | Train Acc: 0.9766 | Val Acc: 0.9722 | Val P/R/F1 (Macro): 0.6071/0.6250/0.6088 | LR: 0.000010
Epoch [26/100] | Loss: 1.5496 (Cls: 1.4584, TAL: 0.0000, Adv: 0.6075) | Train Acc: 0.9688 | Val Acc: 0.9444 | Val P/R/F1 (Macro): 0.5893/0.6161/0.5964 | LR: 0.000010
Epoch [27/100] | Loss: 1.5575 (Cls: 1.4625, TAL: 0.0000, Adv: 0.6339) | Train Acc: 0.9375 | Val Acc: 0.9167 | Val P/R/F1 (Macro): 0.5408/0.5536/0.5417 | LR: 0.000010
Epoch [28/100] | Loss: 1.5925 (Cls: 1.4986, TAL: 0.0000, Adv: 0.6264) | Train Acc: 0.9609 | Val Acc: 0.9167 | Val P/R/F1 (Macro): 0.5408/0.5536/0.5417 | LR: 0.000010
Epoch [29/100] | Loss: 1.5312 (Cls: 1.4307, TAL: 0.0000, Adv: 0.6697) | Train Acc: 0.9375 | Val Acc: 0.8889 | Val P/R/F1 (Macro): 0.5999/0.5780/0.5817 | LR: 0.000010
Epoch [30/100] | Loss: 1.6599 (Cls: 1.5685, TAL: 0.0000, Adv: 0.6096) | Train Acc: 0.9375 | Val Acc: 0.9722 | Val P/R/F1 (Macro): 0.6349/0.6286/0.6307 | LR: 0.000010
Epoch [31/100] | Loss: 1.4692 (Cls: 1.3815, TAL: 0.0000, Adv: 0.5851) | Train Acc: 1.0000 | Val Acc: 0.9722 | Val P/R/F1 (Macro): 0.6286/0.6310/0.6284 | LR: 0.000010
Epoch [32/100] | Loss: 1.4486 (Cls: 1.3631, TAL: 0.0000, Adv: 0.5700) | Train Acc: 0.9844 | Val Acc: 0.9167 | Val P/R/F1 (Macro): 0.5810/0.6042/0.5777 | LR: 0.000010
Epoch [33/100] | Loss: 1.4423 (Cls: 1.3554, TAL: 0.0000, Adv: 0.5791) | Train Acc: 0.9844 | Val Acc: 0.9444 | Val P/R/F1 (Macro): 0.5929/0.6131/0.5944 | LR: 0.000010
Epoch [34/100] | Loss: 1.4246 (Cls: 1.3399, TAL: 0.0000, Adv: 0.5645) | Train Acc: 0.9844 | Val Acc: 1.0000 | Val P/R/F1 (Macro): 0.6429/0.6429/0.6429 | LR: 0.000010
Epoch [35/100] | Loss: 1.4238 (Cls: 1.3426, TAL: 0.0000, Adv: 0.5412) | Train Acc: 1.0000 | Val Acc: 1.0000 | Val P/R/F1 (Macro): 0.6429/0.6429/0.6429 | LR: 0.000005
Epoch [36/100] | Loss: 1.5132 (Cls: 1.4265, TAL: 0.0000, Adv: 0.5783) | Train Acc: 0.9922 | Val Acc: 1.0000 | Val P/R/F1 (Macro): 0.6429/0.6429/0.6429 | LR: 0.000005
Epoch [37/100] | Loss: 1.3807 (Cls: 1.3023, TAL: 0.0000, Adv: 0.5226) | Train Acc: 1.0000 | Val Acc: 1.0000 | Val P/R/F1 (Macro): 0.6429/0.6429/0.6429 | LR: 0.000005
Epoch [38/100] | Loss: 1.4206 (Cls: 1.3391, TAL: 0.0000, Adv: 0.5430) | Train Acc: 0.9922 | Val Acc: 1.0000 | Val P/R/F1 (Macro): 0.6429/0.6429/0.6429 | LR: 0.000005
Epoch [39/100] | Loss: 1.4155 (Cls: 1.3352, TAL: 0.0000, Adv: 0.5354) | Train Acc: 1.0000 | Val Acc: 1.0000 | Val P/R/F1 (Macro): 0.6429/0.6429/0.6429 | LR: 0.000005
Epoch [40/100] | Loss: 1.4659 (Cls: 1.3858, TAL: 0.0000, Adv: 0.5339) | Train Acc: 0.9922 | Val Acc: 1.0000 | Val P/R/F1 (Macro): 0.6429/0.6429/0.6429 | LR: 0.000005
Epoch [41/100] | Loss: 1.4073 (Cls: 1.3399, TAL: 0.0000, Adv: 0.4498) | Train Acc: 1.0000 | Val Acc: 1.0000 | Val P/R/F1 (Macro): 0.6429/0.6429/0.6429 | LR: 0.000005
Epoch [42/100] | Loss: 1.3601 (Cls: 1.2866, TAL: 0.0000, Adv: 0.4897) | Train Acc: 0.9922 | Val Acc: 0.9722 | Val P/R/F1 (Macro): 0.6071/0.6250/0.6088 | LR: 0.000005
Epoch [43/100] | Loss: 1.4366 (Cls: 1.3729, TAL: 0.0000, Adv: 0.4248) | Train Acc: 0.9844 | Val Acc: 1.0000 | Val P/R/F1 (Macro): 0.6429/0.6429/0.6429 | LR: 0.000005
Epoch [44/100] | Loss: 1.3675 (Cls: 1.3033, TAL: 0.0000, Adv: 0.4282) | Train Acc: 1.0000 | Val Acc: 1.0000 | Val P/R/F1 (Macro): 0.6429/0.6429/0.6429 | LR: 0.000005
Epoch [45/100] | Loss: 1.4163 (Cls: 1.3541, TAL: 0.0000, Adv: 0.4145) | Train Acc: 1.0000 | Val Acc: 1.0000 | Val P/R/F1 (Macro): 0.6429/0.6429/0.6429 | LR: 0.000005
Epoch [46/100] | Loss: 1.3800 (Cls: 1.3243, TAL: 0.0000, Adv: 0.3712) | Train Acc: 0.9844 | Val Acc: 1.0000 | Val P/R/F1 (Macro): 0.6429/0.6429/0.6429 | LR: 0.000003
Epoch [47/100] | Loss: 1.3533 (Cls: 1.2958, TAL: 0.0000, Adv: 0.3829) | Train Acc: 0.9922 | Val Acc: 1.0000 | Val P/R/F1 (Macro): 0.6429/0.6429/0.6429 | LR: 0.000003
Epoch [48/100] | Loss: 1.3553 (Cls: 1.3048, TAL: 0.0000, Adv: 0.3362) | Train Acc: 1.0000 | Val Acc: 1.0000 | Val P/R/F1 (Macro): 0.6429/0.6429/0.6429 | LR: 0.000003
Epoch [49/100] | Loss: 1.3213 (Cls: 1.2610, TAL: 0.0000, Adv: 0.4019) | Train Acc: 1.0000 | Val Acc: 0.9444 | Val P/R/F1 (Macro): 0.5952/0.6161/0.5922 | LR: 0.000003
Epoch [50/100] | Loss: 1.3231 (Cls: 1.2743, TAL: 0.0000, Adv: 0.3259) | Train Acc: 1.0000 | Val Acc: 0.9444 | Val P/R/F1 (Macro): 0.5952/0.6161/0.5922 | LR: 0.000003
Epoch [51/100] | Loss: 1.3856 (Cls: 1.3301, TAL: 0.0000, Adv: 0.3699) | Train Acc: 1.0000 | Val Acc: 0.9722 | Val P/R/F1 (Macro): 0.6071/0.6250/0.6088 | LR: 0.000003
Epoch [52/100] | Loss: 1.3131 (Cls: 1.2684, TAL: 0.0000, Adv: 0.2980) | Train Acc: 1.0000 | Val Acc: 1.0000 | Val P/R/F1 (Macro): 0.6429/0.6429/0.6429 | LR: 0.000003
Epoch [53/100] | Loss: 1.3203 (Cls: 1.2753, TAL: 0.0000, Adv: 0.2999) | Train Acc: 1.0000 | Val Acc: 1.0000 | Val P/R/F1 (Macro): 0.6429/0.6429/0.6429 | LR: 0.000003
Epoch [54/100] | Loss: 1.3341 (Cls: 1.2939, TAL: 0.0000, Adv: 0.2681) | Train Acc: 1.0000 | Val Acc: 1.0000 | Val P/R/F1 (Macro): 0.6429/0.6429/0.6429 | LR: 0.000003
Epoch [55/100] | Loss: 1.3398 (Cls: 1.2939, TAL: 0.0000, Adv: 0.3065) | Train Acc: 1.0000 | Val Acc: 1.0000 | Val P/R/F1 (Macro): 0.6429/0.6429/0.6429 | LR: 0.000003
Epoch [56/100] | Loss: 1.3319 (Cls: 1.2787, TAL: 0.0000, Adv: 0.3545) | Train Acc: 0.9922 | Val Acc: 1.0000 | Val P/R/F1 (Macro): 0.6429/0.6429/0.6429 | LR: 0.000003
Epoch [57/100] | Loss: 1.3171 (Cls: 1.2753, TAL: 0.0000, Adv: 0.2784) | Train Acc: 0.9922 | Val Acc: 1.0000 | Val P/R/F1 (Macro): 0.6429/0.6429/0.6429 | LR: 0.000001
Epoch [58/100] | Loss: 1.2846 (Cls: 1.2497, TAL: 0.0000, Adv: 0.2326) | Train Acc: 1.0000 | Val Acc: 1.0000 | Val P/R/F1 (Macro): 0.6429/0.6429/0.6429 | LR: 0.000001
Epoch [59/100] | Loss: 1.3415 (Cls: 1.2980, TAL: 0.0000, Adv: 0.2896) | Train Acc: 1.0000 | Val Acc: 1.0000 | Val P/R/F1 (Macro): 0.6429/0.6429/0.6429 | LR: 0.000001
Epoch [60/100] | Loss: 1.3011 (Cls: 1.2641, TAL: 0.0000, Adv: 0.2466) | Train Acc: 1.0000 | Val Acc: 1.0000 | Val P/R/F1 (Macro): 0.6429/0.6429/0.6429 | LR: 0.000001
Epoch [61/100] | Loss: 1.3194 (Cls: 1.2785, TAL: 0.0000, Adv: 0.2728) | Train Acc: 1.0000 | Val Acc: 1.0000 | Val P/R/F1 (Macro): 0.6429/0.6429/0.6429 | LR: 0.000001
Epoch [62/100] | Loss: 1.2749 (Cls: 1.2425, TAL: 0.0000, Adv: 0.2163) | Train Acc: 1.0000 | Val Acc: 1.0000 | Val P/R/F1 (Macro): 0.6429/0.6429/0.6429 | LR: 0.000001
Epoch [63/100] | Loss: 1.2769 (Cls: 1.2495, TAL: 0.0000, Adv: 0.1824) | Train Acc: 1.0000 | Val Acc: 1.0000 | Val P/R/F1 (Macro): 0.6429/0.6429/0.6429 | LR: 0.000001
Epoch [64/100] | Loss: 1.2839 (Cls: 1.2547, TAL: 0.0000, Adv: 0.1952) | Train Acc: 1.0000 | Val Acc: 1.0000 | Val P/R/F1 (Macro): 0.6429/0.6429/0.6429 | LR: 0.000001
Epoch [65/100] | Loss: 1.2757 (Cls: 1.2474, TAL: 0.0000, Adv: 0.1886) | Train Acc: 1.0000 | Val Acc: 1.0000 | Val P/R/F1 (Macro): 0.6429/0.6429/0.6429 | LR: 0.000001
Epoch [66/100] | Loss: 1.2822 (Cls: 1.2509, TAL: 0.0000, Adv: 0.2089) | Train Acc: 1.0000 | Val Acc: 1.0000 | Val P/R/F1 (Macro): 0.6429/0.6429/0.6429 | LR: 0.000001
Epoch [67/100] | Loss: 1.2604 (Cls: 1.2374, TAL: 0.0000, Adv: 0.1534) | Train Acc: 1.0000 | Val Acc: 1.0000 | Val P/R/F1 (Macro): 0.6429/0.6429/0.6429 | LR: 0.000001
Epoch [68/100] | Loss: 1.2687 (Cls: 1.2445, TAL: 0.0000, Adv: 0.1613) | Train Acc: 1.0000 | Val Acc: 1.0000 | Val P/R/F1 (Macro): 0.6429/0.6429/0.6429 | LR: 0.000001
Epoch [69/100] | Loss: 1.3031 (Cls: 1.2774, TAL: 0.0000, Adv: 0.1713) | Train Acc: 0.9922 | Val Acc: 1.0000 | Val P/R/F1 (Macro): 0.6429/0.6429/0.6429 | LR: 0.000001
Epoch [70/100] | Loss: 1.2613 (Cls: 1.2386, TAL: 0.0000, Adv: 0.1515) | Train Acc: 1.0000 | Val Acc: 1.0000 | Val P/R/F1 (Macro): 0.6429/0.6429/0.6429 | LR: 0.000001
Epoch [71/100] | Loss: 1.2926 (Cls: 1.2674, TAL: 0.0000, Adv: 0.1681) | Train Acc: 0.9922 | Val Acc: 1.0000 | Val P/R/F1 (Macro): 0.6429/0.6429/0.6429 | LR: 0.000001
Epoch [72/100] | Loss: 1.2580 (Cls: 1.2428, TAL: 0.0000, Adv: 0.1019) | Train Acc: 1.0000 | Val Acc: 1.0000 | Val P/R/F1 (Macro): 0.6429/0.6429/0.6429 | LR: 0.000001
Epoch [73/100] | Loss: 1.2541 (Cls: 1.2319, TAL: 0.0000, Adv: 0.1482) | Train Acc: 1.0000 | Val Acc: 1.0000 | Val P/R/F1 (Macro): 0.6429/0.6429/0.6429 | LR: 0.000001
Epoch [74/100] | Loss: 1.2949 (Cls: 1.2622, TAL: 0.0000, Adv: 0.2180) | Train Acc: 1.0000 | Val Acc: 1.0000 | Val P/R/F1 (Macro): 0.6429/0.6429/0.6429 | LR: 0.000001
Epoch [75/100] | Loss: 1.2640 (Cls: 1.2394, TAL: 0.0000, Adv: 0.1639) | Train Acc: 0.9922 | Val Acc: 1.0000 | Val P/R/F1 (Macro): 0.6429/0.6429/0.6429 | LR: 0.000001
Epoch [76/100] | Loss: 1.3174 (Cls: 1.2962, TAL: 0.0000, Adv: 0.1414) | Train Acc: 1.0000 | Val Acc: 1.0000 | Val P/R/F1 (Macro): 0.6429/0.6429/0.6429 | LR: 0.000001
Epoch [77/100] | Loss: 1.2713 (Cls: 1.2535, TAL: 0.0000, Adv: 0.1183) | Train Acc: 1.0000 | Val Acc: 1.0000 | Val P/R/F1 (Macro): 0.6429/0.6429/0.6429 | LR: 0.000001
Epoch [78/100] | Loss: 1.2683 (Cls: 1.2512, TAL: 0.0000, Adv: 0.1139) | Train Acc: 1.0000 | Val Acc: 1.0000 | Val P/R/F1 (Macro): 0.6429/0.6429/0.6429 | LR: 0.000001
Epoch [79/100] | Loss: 1.2745 (Cls: 1.2584, TAL: 0.0000, Adv: 0.1076) | Train Acc: 1.0000 | Val Acc: 1.0000 | Val P/R/F1 (Macro): 0.6429/0.6429/0.6429 | LR: 0.000001
Epoch [80/100] | Loss: 1.2443 (Cls: 1.2291, TAL: 0.0000, Adv: 0.1019) | Train Acc: 1.0000 | Val Acc: 1.0000 | Val P/R/F1 (Macro): 0.6429/0.6429/0.6429 | LR: 0.000001
Epoch [81/100] | Loss: 1.2546 (Cls: 1.2412, TAL: 0.0000, Adv: 0.0894) | Train Acc: 1.0000 | Val Acc: 1.0000 | Val P/R/F1 (Macro): 0.6429/0.6429/0.6429 | LR: 0.000001
Epoch [82/100] | Loss: 1.2783 (Cls: 1.2591, TAL: 0.0000, Adv: 0.1277) | Train Acc: 1.0000 | Val Acc: 1.0000 | Val P/R/F1 (Macro): 0.6429/0.6429/0.6429 | LR: 0.000001
Epoch [83/100] | Loss: 1.2700 (Cls: 1.2513, TAL: 0.0000, Adv: 0.1249) | Train Acc: 0.9922 | Val Acc: 1.0000 | Val P/R/F1 (Macro): 0.6429/0.6429/0.6429 | LR: 0.000001
Epoch [84/100] | Loss: 1.2574 (Cls: 1.2367, TAL: 0.0000, Adv: 0.1375) | Train Acc: 1.0000 | Val Acc: 1.0000 | Val P/R/F1 (Macro): 0.6429/0.6429/0.6429 | LR: 0.000001
Epoch [85/100] | Loss: 1.2581 (Cls: 1.2367, TAL: 0.0000, Adv: 0.1427) | Train Acc: 1.0000 | Val Acc: 1.0000 | Val P/R/F1 (Macro): 0.6429/0.6429/0.6429 | LR: 0.000001
Epoch [86/100] | Loss: 1.3013 (Cls: 1.2636, TAL: 0.0000, Adv: 0.2517) | Train Acc: 0.9922 | Val Acc: 1.0000 | Val P/R/F1 (Macro): 0.6429/0.6429/0.6429 | LR: 0.000001
Epoch [87/100] | Loss: 1.2564 (Cls: 1.2417, TAL: 0.0000, Adv: 0.0982) | Train Acc: 1.0000 | Val Acc: 1.0000 | Val P/R/F1 (Macro): 0.6429/0.6429/0.6429 | LR: 0.000001
Epoch [88/100] | Loss: 1.2921 (Cls: 1.2757, TAL: 0.0000, Adv: 0.1092) | Train Acc: 1.0000 | Val Acc: 1.0000 | Val P/R/F1 (Macro): 0.6429/0.6429/0.6429 | LR: 0.000001
Epoch [89/100] | Loss: 1.2557 (Cls: 1.2359, TAL: 0.0000, Adv: 0.1322) | Train Acc: 1.0000 | Val Acc: 1.0000 | Val P/R/F1 (Macro): 0.6429/0.6429/0.6429 | LR: 0.000001
Epoch [90/100] | Loss: 1.2672 (Cls: 1.2481, TAL: 0.0000, Adv: 0.1268) | Train Acc: 1.0000 | Val Acc: 1.0000 | Val P/R/F1 (Macro): 0.6429/0.6429/0.6429 | LR: 0.000001
Epoch [91/100] | Loss: 1.2548 (Cls: 1.2377, TAL: 0.0000, Adv: 0.1141) | Train Acc: 1.0000 | Val Acc: 1.0000 | Val P/R/F1 (Macro): 0.6429/0.6429/0.6429 | LR: 0.000001
Epoch [92/100] | Loss: 1.2570 (Cls: 1.2420, TAL: 0.0000, Adv: 0.1004) | Train Acc: 1.0000 | Val Acc: 1.0000 | Val P/R/F1 (Macro): 0.6429/0.6429/0.6429 | LR: 0.000001
Epoch [93/100] | Loss: 1.2910 (Cls: 1.2779, TAL: 0.0000, Adv: 0.0874) | Train Acc: 0.9922 | Val Acc: 1.0000 | Val P/R/F1 (Macro): 0.6429/0.6429/0.6429 | LR: 0.000001
Epoch [94/100] | Loss: 1.2781 (Cls: 1.2623, TAL: 0.0000, Adv: 0.1054) | Train Acc: 1.0000 | Val Acc: 1.0000 | Val P/R/F1 (Macro): 0.6429/0.6429/0.6429 | LR: 0.000001
Epoch [95/100] | Loss: 1.2727 (Cls: 1.2575, TAL: 0.0000, Adv: 0.1010) | Train Acc: 1.0000 | Val Acc: 1.0000 | Val P/R/F1 (Macro): 0.6429/0.6429/0.6429 | LR: 0.000001
Epoch [96/100] | Loss: 1.2706 (Cls: 1.2597, TAL: 0.0000, Adv: 0.0730) | Train Acc: 1.0000 | Val Acc: 1.0000 | Val P/R/F1 (Macro): 0.6429/0.6429/0.6429 | LR: 0.000001
Epoch [97/100] | Loss: 1.2324 (Cls: 1.2251, TAL: 0.0000, Adv: 0.0487) | Train Acc: 1.0000 | Val Acc: 1.0000 | Val P/R/F1 (Macro): 0.6429/0.6429/0.6429 | LR: 0.000001
Epoch [98/100] | Loss: 1.2470 (Cls: 1.2386, TAL: 0.0000, Adv: 0.0562) | Train Acc: 1.0000 | Val Acc: 1.0000 | Val P/R/F1 (Macro): 0.6429/0.6429/0.6429 | LR: 0.000001
Epoch [99/100] | Loss: 1.2447 (Cls: 1.2358, TAL: 0.0000, Adv: 0.0594) | Train Acc: 1.0000 | Val Acc: 1.0000 | Val P/R/F1 (Macro): 0.6429/0.6429/0.6429 | LR: 0.000001
Epoch [100/100] | Loss: 1.2561 (Cls: 1.2456, TAL: 0.0000, Adv: 0.0700) | Train Acc: 1.0000 | Val Acc: 1.0000 | Val P/R/F1 (Macro): 0.6429/0.6429/0.6429 | LR: 0.000001

迭代 1 最佳指标:
  Accuracy: 1.0000
  Precision (Macro): 0.6429
  Recall (Macro): 0.6429
  F1 (Macro): 0.6429
  Precision (Micro): 1.0000
  Recall (Micro): 1.0000
  F1 (Micro): 1.0000

================================================================================
迭代 2/5
随机种子: 43
================================================================================
Feature fusion: Channel concatenation (512+512); fused_dim=1024
Domain adaptation: standard source-target adversarial training, no generator
Loss weights: tensor=0.00, adv=0.15
Epoch [1/100] | Loss: 5.4430 (Cls: 5.3038, TAL: 0.0000, Adv: 0.9277) | Train Acc: 0.1562 | Val Acc: 0.4722 | Val P/R/F1 (Macro): 0.1976/0.2310/0.1977 | LR: 0.000010
  >>> New Best Val Acc: 0.4722
Epoch [2/100] | Loss: 3.9181 (Cls: 3.7914, TAL: 0.0000, Adv: 0.8450) | Train Acc: 0.4453 | Val Acc: 0.4167 | Val P/R/F1 (Macro): 0.2159/0.2810/0.2321 | LR: 0.000010
Epoch [3/100] | Loss: 3.4051 (Cls: 3.2865, TAL: 0.0000, Adv: 0.7908) | Train Acc: 0.4922 | Val Acc: 0.3056 | Val P/R/F1 (Macro): 0.1420/0.2357/0.1684 | LR: 0.000010
Epoch [4/100] | Loss: 3.2425 (Cls: 3.1289, TAL: 0.0000, Adv: 0.7572) | Train Acc: 0.6328 | Val Acc: 0.2500 | Val P/R/F1 (Macro): 0.1901/0.1964/0.1627 | LR: 0.000010
Epoch [5/100] | Loss: 2.8605 (Cls: 2.7438, TAL: 0.0000, Adv: 0.7779) | Train Acc: 0.7344 | Val Acc: 0.2222 | Val P/R/F1 (Macro): 0.0949/0.1131/0.0754 | LR: 0.000010
Epoch [6/100] | Loss: 2.7959 (Cls: 2.6812, TAL: 0.0000, Adv: 0.7646) | Train Acc: 0.7344 | Val Acc: 0.3889 | Val P/R/F1 (Macro): 0.2202/0.2679/0.2255 | LR: 0.000010
Epoch [7/100] | Loss: 2.4116 (Cls: 2.3118, TAL: 0.0000, Adv: 0.6653) | Train Acc: 0.8203 | Val Acc: 0.4167 | Val P/R/F1 (Macro): 0.2086/0.2976/0.1918 | LR: 0.000010
Epoch [8/100] | Loss: 2.1479 (Cls: 2.0320, TAL: 0.0000, Adv: 0.7726) | Train Acc: 0.8438 | Val Acc: 0.5000 | Val P/R/F1 (Macro): 0.2883/0.3690/0.2712 | LR: 0.000010
  >>> New Best Val Acc: 0.5000
Epoch [9/100] | Loss: 2.1022 (Cls: 1.9875, TAL: 0.0000, Adv: 0.7644) | Train Acc: 0.8516 | Val Acc: 0.5278 | Val P/R/F1 (Macro): 0.2595/0.3750/0.2895 | LR: 0.000010
  >>> New Best Val Acc: 0.5278
Epoch [10/100] | Loss: 1.9825 (Cls: 1.8729, TAL: 0.0000, Adv: 0.7310) | Train Acc: 0.9062 | Val Acc: 0.7222 | Val P/R/F1 (Macro): 0.4768/0.4524/0.4419 | LR: 0.000010
  >>> New Best Val Acc: 0.7222
Epoch [11/100] | Loss: 2.0344 (Cls: 1.9259, TAL: 0.0000, Adv: 0.7230) | Train Acc: 0.9375 | Val Acc: 0.7222 | Val P/R/F1 (Macro): 0.4763/0.4702/0.4490 | LR: 0.000010
Epoch [12/100] | Loss: 1.7942 (Cls: 1.6882, TAL: 0.0000, Adv: 0.7065) | Train Acc: 0.9375 | Val Acc: 0.8889 | Val P/R/F1 (Macro): 0.4957/0.5268/0.4948 | LR: 0.000010
  >>> New Best Val Acc: 0.8889
Epoch [13/100] | Loss: 1.7257 (Cls: 1.6272, TAL: 0.0000, Adv: 0.6564) | Train Acc: 0.9531 | Val Acc: 0.8889 | Val P/R/F1 (Macro): 0.5278/0.5214/0.5151 | LR: 0.000010
Epoch [14/100] | Loss: 1.6920 (Cls: 1.5883, TAL: 0.0000, Adv: 0.6913) | Train Acc: 0.9375 | Val Acc: 0.7778 | Val P/R/F1 (Macro): 0.5218/0.5071/0.4799 | LR: 0.000010
Epoch [15/100] | Loss: 1.7534 (Cls: 1.6466, TAL: 0.0000, Adv: 0.7124) | Train Acc: 0.9219 | Val Acc: 0.8889 | Val P/R/F1 (Macro): 0.5135/0.5155/0.5121 | LR: 0.000010
Epoch [16/100] | Loss: 1.8033 (Cls: 1.6990, TAL: 0.0000, Adv: 0.6959) | Train Acc: 0.9219 | Val Acc: 0.9167 | Val P/R/F1 (Macro): 0.5278/0.5298/0.5267 | LR: 0.000010
  >>> New Best Val Acc: 0.9167
Epoch [17/100] | Loss: 1.9473 (Cls: 1.8451, TAL: 0.0000, Adv: 0.6817) | Train Acc: 0.8828 | Val Acc: 0.9722 | Val P/R/F1 (Macro): 0.6250/0.6250/0.6224 | LR: 0.000010
  >>> New Best Val Acc: 0.9722
Epoch [18/100] | Loss: 1.6758 (Cls: 1.5785, TAL: 0.0000, Adv: 0.6485) | Train Acc: 0.9531 | Val Acc: 0.8889 | Val P/R/F1 (Macro): 0.5714/0.5804/0.5510 | LR: 0.000010
Epoch [19/100] | Loss: 1.6808 (Cls: 1.5817, TAL: 0.0000, Adv: 0.6610) | Train Acc: 0.9531 | Val Acc: 0.9444 | Val P/R/F1 (Macro): 0.5893/0.6071/0.5884 | LR: 0.000010
Epoch [20/100] | Loss: 1.5382 (Cls: 1.4380, TAL: 0.0000, Adv: 0.6678) | Train Acc: 0.9609 | Val Acc: 0.9444 | Val P/R/F1 (Macro): 0.6143/0.6107/0.6069 | LR: 0.000010
Epoch [21/100] | Loss: 1.6367 (Cls: 1.5355, TAL: 0.0000, Adv: 0.6747) | Train Acc: 0.9531 | Val Acc: 0.8889 | Val P/R/F1 (Macro): 0.5667/0.5839/0.5562 | LR: 0.000010
Epoch [22/100] | Loss: 1.6239 (Cls: 1.5261, TAL: 0.0000, Adv: 0.6517) | Train Acc: 0.9688 | Val Acc: 0.8611 | Val P/R/F1 (Macro): 0.5679/0.5714/0.5408 | LR: 0.000010
Epoch [23/100] | Loss: 1.5314 (Cls: 1.4343, TAL: 0.0000, Adv: 0.6471) | Train Acc: 0.9766 | Val Acc: 0.8333 | Val P/R/F1 (Macro): 0.5577/0.5595/0.5302 | LR: 0.000010
Epoch [24/100] | Loss: 1.5200 (Cls: 1.4277, TAL: 0.0000, Adv: 0.6157) | Train Acc: 0.9609 | Val Acc: 0.8333 | Val P/R/F1 (Macro): 0.5464/0.5607/0.5257 | LR: 0.000010
Epoch [25/100] | Loss: 1.6263 (Cls: 1.5343, TAL: 0.0000, Adv: 0.6138) | Train Acc: 0.9141 | Val Acc: 0.8056 | Val P/R/F1 (Macro): 0.5643/0.5577/0.5422 | LR: 0.000010
Epoch [26/100] | Loss: 1.5900 (Cls: 1.4983, TAL: 0.0000, Adv: 0.6111) | Train Acc: 0.9531 | Val Acc: 0.8611 | Val P/R/F1 (Macro): 0.5863/0.5756/0.5708 | LR: 0.000010
Epoch [27/100] | Loss: 1.5405 (Cls: 1.4438, TAL: 0.0000, Adv: 0.6448) | Train Acc: 0.9922 | Val Acc: 0.8889 | Val P/R/F1 (Macro): 0.5476/0.5238/0.5268 | LR: 0.000010
Epoch [28/100] | Loss: 1.5664 (Cls: 1.4783, TAL: 0.0000, Adv: 0.5869) | Train Acc: 0.9609 | Val Acc: 0.9722 | Val P/R/F1 (Macro): 0.6349/0.6250/0.6285 | LR: 0.000005
Epoch [29/100] | Loss: 1.4689 (Cls: 1.3838, TAL: 0.0000, Adv: 0.5672) | Train Acc: 0.9844 | Val Acc: 1.0000 | Val P/R/F1 (Macro): 0.6429/0.6429/0.6429 | LR: 0.000005
  >>> New Best Val Acc: 1.0000
Epoch [30/100] | Loss: 1.4489 (Cls: 1.3599, TAL: 0.0000, Adv: 0.5933) | Train Acc: 0.9922 | Val Acc: 0.9722 | Val P/R/F1 (Macro): 0.6327/0.6339/0.6326 | LR: 0.000005
Epoch [31/100] | Loss: 1.4073 (Cls: 1.3235, TAL: 0.0000, Adv: 0.5583) | Train Acc: 0.9922 | Val Acc: 0.9444 | Val P/R/F1 (Macro): 0.5523/0.5625/0.5570 | LR: 0.000005
Epoch [32/100] | Loss: 1.4291 (Cls: 1.3427, TAL: 0.0000, Adv: 0.5765) | Train Acc: 1.0000 | Val Acc: 0.9722 | Val P/R/F1 (Macro): 0.6327/0.6339/0.6326 | LR: 0.000005
Epoch [33/100] | Loss: 1.4848 (Cls: 1.4022, TAL: 0.0000, Adv: 0.5508) | Train Acc: 0.9609 | Val Acc: 1.0000 | Val P/R/F1 (Macro): 0.6429/0.6429/0.6429 | LR: 0.000005
Epoch [34/100] | Loss: 1.4387 (Cls: 1.3552, TAL: 0.0000, Adv: 0.5567) | Train Acc: 0.9922 | Val Acc: 0.9722 | Val P/R/F1 (Macro): 0.6250/0.6250/0.6224 | LR: 0.000005
Epoch [35/100] | Loss: 1.4306 (Cls: 1.3522, TAL: 0.0000, Adv: 0.5226) | Train Acc: 0.9844 | Val Acc: 0.9722 | Val P/R/F1 (Macro): 0.6250/0.6250/0.6224 | LR: 0.000005
Epoch [36/100] | Loss: 1.4126 (Cls: 1.3373, TAL: 0.0000, Adv: 0.5025) | Train Acc: 0.9766 | Val Acc: 0.9722 | Val P/R/F1 (Macro): 0.6250/0.6250/0.6224 | LR: 0.000005
Epoch [37/100] | Loss: 1.4954 (Cls: 1.4208, TAL: 0.0000, Adv: 0.4975) | Train Acc: 0.9844 | Val Acc: 1.0000 | Val P/R/F1 (Macro): 0.6429/0.6429/0.6429 | LR: 0.000005
Epoch [38/100] | Loss: 1.4116 (Cls: 1.3346, TAL: 0.0000, Adv: 0.5137) | Train Acc: 0.9922 | Val Acc: 1.0000 | Val P/R/F1 (Macro): 0.6429/0.6429/0.6429 | LR: 0.000005
Epoch [39/100] | Loss: 1.4540 (Cls: 1.3750, TAL: 0.0000, Adv: 0.5261) | Train Acc: 0.9922 | Val Acc: 0.9722 | Val P/R/F1 (Macro): 0.6327/0.6339/0.6326 | LR: 0.000005
Epoch [40/100] | Loss: 1.3750 (Cls: 1.3067, TAL: 0.0000, Adv: 0.4552) | Train Acc: 0.9922 | Val Acc: 0.9722 | Val P/R/F1 (Macro): 0.6327/0.6339/0.6326 | LR: 0.000003
Epoch [41/100] | Loss: 1.4774 (Cls: 1.4096, TAL: 0.0000, Adv: 0.4524) | Train Acc: 1.0000 | Val Acc: 0.9722 | Val P/R/F1 (Macro): 0.6327/0.6339/0.6326 | LR: 0.000003
Epoch [42/100] | Loss: 1.4828 (Cls: 1.4206, TAL: 0.0000, Adv: 0.4150) | Train Acc: 0.9766 | Val Acc: 0.9722 | Val P/R/F1 (Macro): 0.6327/0.6339/0.6326 | LR: 0.000003
Epoch [43/100] | Loss: 1.4055 (Cls: 1.3390, TAL: 0.0000, Adv: 0.4434) | Train Acc: 1.0000 | Val Acc: 1.0000 | Val P/R/F1 (Macro): 0.6429/0.6429/0.6429 | LR: 0.000003
Epoch [44/100] | Loss: 1.4249 (Cls: 1.3617, TAL: 0.0000, Adv: 0.4214) | Train Acc: 0.9844 | Val Acc: 1.0000 | Val P/R/F1 (Macro): 0.6429/0.6429/0.6429 | LR: 0.000003
Epoch [45/100] | Loss: 1.3710 (Cls: 1.3096, TAL: 0.0000, Adv: 0.4095) | Train Acc: 1.0000 | Val Acc: 1.0000 | Val P/R/F1 (Macro): 0.6429/0.6429/0.6429 | LR: 0.000003
Epoch [46/100] | Loss: 1.4046 (Cls: 1.3468, TAL: 0.0000, Adv: 0.3858) | Train Acc: 0.9922 | Val Acc: 1.0000 | Val P/R/F1 (Macro): 0.6429/0.6429/0.6429 | LR: 0.000003
Epoch [47/100] | Loss: 1.3735 (Cls: 1.3143, TAL: 0.0000, Adv: 0.3953) | Train Acc: 1.0000 | Val Acc: 1.0000 | Val P/R/F1 (Macro): 0.6429/0.6429/0.6429 | LR: 0.000003
Epoch [48/100] | Loss: 1.3575 (Cls: 1.2977, TAL: 0.0000, Adv: 0.3987) | Train Acc: 1.0000 | Val Acc: 1.0000 | Val P/R/F1 (Macro): 0.6429/0.6429/0.6429 | LR: 0.000003
Epoch [49/100] | Loss: 1.3488 (Cls: 1.2892, TAL: 0.0000, Adv: 0.3975) | Train Acc: 1.0000 | Val Acc: 1.0000 | Val P/R/F1 (Macro): 0.6429/0.6429/0.6429 | LR: 0.000003
Epoch [50/100] | Loss: 1.3346 (Cls: 1.2798, TAL: 0.0000, Adv: 0.3651) | Train Acc: 1.0000 | Val Acc: 1.0000 | Val P/R/F1 (Macro): 0.6429/0.6429/0.6429 | LR: 0.000003
Epoch [51/100] | Loss: 1.3245 (Cls: 1.2767, TAL: 0.0000, Adv: 0.3190) | Train Acc: 0.9922 | Val Acc: 1.0000 | Val P/R/F1 (Macro): 0.6429/0.6429/0.6429 | LR: 0.000001
Epoch [52/100] | Loss: 1.3410 (Cls: 1.2910, TAL: 0.0000, Adv: 0.3336) | Train Acc: 1.0000 | Val Acc: 1.0000 | Val P/R/F1 (Macro): 0.6429/0.6429/0.6429 | LR: 0.000001
Epoch [53/100] | Loss: 1.3932 (Cls: 1.3409, TAL: 0.0000, Adv: 0.3491) | Train Acc: 0.9922 | Val Acc: 1.0000 | Val P/R/F1 (Macro): 0.6429/0.6429/0.6429 | LR: 0.000001
Epoch [54/100] | Loss: 1.3238 (Cls: 1.2770, TAL: 0.0000, Adv: 0.3121) | Train Acc: 1.0000 | Val Acc: 1.0000 | Val P/R/F1 (Macro): 0.6429/0.6429/0.6429 | LR: 0.000001
Epoch [55/100] | Loss: 1.3433 (Cls: 1.2997, TAL: 0.0000, Adv: 0.2906) | Train Acc: 0.9922 | Val Acc: 1.0000 | Val P/R/F1 (Macro): 0.6429/0.6429/0.6429 | LR: 0.000001
Epoch [56/100] | Loss: 1.3043 (Cls: 1.2643, TAL: 0.0000, Adv: 0.2667) | Train Acc: 1.0000 | Val Acc: 1.0000 | Val P/R/F1 (Macro): 0.6429/0.6429/0.6429 | LR: 0.000001
Epoch [57/100] | Loss: 1.3243 (Cls: 1.2822, TAL: 0.0000, Adv: 0.2806) | Train Acc: 1.0000 | Val Acc: 1.0000 | Val P/R/F1 (Macro): 0.6429/0.6429/0.6429 | LR: 0.000001
Epoch [58/100] | Loss: 1.3164 (Cls: 1.2752, TAL: 0.0000, Adv: 0.2749) | Train Acc: 0.9922 | Val Acc: 1.0000 | Val P/R/F1 (Macro): 0.6429/0.6429/0.6429 | LR: 0.000001
Epoch [59/100] | Loss: 1.3623 (Cls: 1.3124, TAL: 0.0000, Adv: 0.3330) | Train Acc: 0.9922 | Val Acc: 1.0000 | Val P/R/F1 (Macro): 0.6429/0.6429/0.6429 | LR: 0.000001
Epoch [60/100] | Loss: 1.3173 (Cls: 1.2824, TAL: 0.0000, Adv: 0.2328) | Train Acc: 1.0000 | Val Acc: 1.0000 | Val P/R/F1 (Macro): 0.6429/0.6429/0.6429 | LR: 0.000001
Epoch [61/100] | Loss: 1.3271 (Cls: 1.2931, TAL: 0.0000, Adv: 0.2266) | Train Acc: 1.0000 | Val Acc: 1.0000 | Val P/R/F1 (Macro): 0.6429/0.6429/0.6429 | LR: 0.000001
Epoch [62/100] | Loss: 1.2904 (Cls: 1.2605, TAL: 0.0000, Adv: 0.1993) | Train Acc: 1.0000 | Val Acc: 1.0000 | Val P/R/F1 (Macro): 0.6429/0.6429/0.6429 | LR: 0.000001
Epoch [63/100] | Loss: 1.3354 (Cls: 1.3009, TAL: 0.0000, Adv: 0.2297) | Train Acc: 1.0000 | Val Acc: 1.0000 | Val P/R/F1 (Macro): 0.6429/0.6429/0.6429 | LR: 0.000001
Epoch [64/100] | Loss: 1.3134 (Cls: 1.2781, TAL: 0.0000, Adv: 0.2356) | Train Acc: 0.9922 | Val Acc: 1.0000 | Val P/R/F1 (Macro): 0.6429/0.6429/0.6429 | LR: 0.000001
Epoch [65/100] | Loss: 1.3016 (Cls: 1.2743, TAL: 0.0000, Adv: 0.1824) | Train Acc: 1.0000 | Val Acc: 1.0000 | Val P/R/F1 (Macro): 0.6429/0.6429/0.6429 | LR: 0.000001
Epoch [66/100] | Loss: 1.2942 (Cls: 1.2622, TAL: 0.0000, Adv: 0.2135) | Train Acc: 1.0000 | Val Acc: 1.0000 | Val P/R/F1 (Macro): 0.6429/0.6429/0.6429 | LR: 0.000001
Epoch [67/100] | Loss: 1.3219 (Cls: 1.2948, TAL: 0.0000, Adv: 0.1802) | Train Acc: 0.9922 | Val Acc: 1.0000 | Val P/R/F1 (Macro): 0.6429/0.6429/0.6429 | LR: 0.000001
Epoch [68/100] | Loss: 1.2870 (Cls: 1.2502, TAL: 0.0000, Adv: 0.2456) | Train Acc: 1.0000 | Val Acc: 1.0000 | Val P/R/F1 (Macro): 0.6429/0.6429/0.6429 | LR: 0.000001
Epoch [69/100] | Loss: 1.2867 (Cls: 1.2601, TAL: 0.0000, Adv: 0.1779) | Train Acc: 1.0000 | Val Acc: 1.0000 | Val P/R/F1 (Macro): 0.6429/0.6429/0.6429 | LR: 0.000001
Epoch [70/100] | Loss: 1.2992 (Cls: 1.2775, TAL: 0.0000, Adv: 0.1446) | Train Acc: 1.0000 | Val Acc: 1.0000 | Val P/R/F1 (Macro): 0.6429/0.6429/0.6429 | LR: 0.000001
Epoch [71/100] | Loss: 1.2617 (Cls: 1.2438, TAL: 0.0000, Adv: 0.1194) | Train Acc: 1.0000 | Val Acc: 1.0000 | Val P/R/F1 (Macro): 0.6429/0.6429/0.6429 | LR: 0.000001
Epoch [72/100] | Loss: 1.3181 (Cls: 1.2913, TAL: 0.0000, Adv: 0.1791) | Train Acc: 1.0000 | Val Acc: 1.0000 | Val P/R/F1 (Macro): 0.6429/0.6429/0.6429 | LR: 0.000001
Epoch [73/100] | Loss: 1.2788 (Cls: 1.2555, TAL: 0.0000, Adv: 0.1553) | Train Acc: 1.0000 | Val Acc: 1.0000 | Val P/R/F1 (Macro): 0.6429/0.6429/0.6429 | LR: 0.000001
Epoch [74/100] | Loss: 1.2918 (Cls: 1.2727, TAL: 0.0000, Adv: 0.1271) | Train Acc: 1.0000 | Val Acc: 1.0000 | Val P/R/F1 (Macro): 0.6429/0.6429/0.6429 | LR: 0.000001
Epoch [75/100] | Loss: 1.2996 (Cls: 1.2795, TAL: 0.0000, Adv: 0.1343) | Train Acc: 1.0000 | Val Acc: 1.0000 | Val P/R/F1 (Macro): 0.6429/0.6429/0.6429 | LR: 0.000001
Epoch [76/100] | Loss: 1.2811 (Cls: 1.2668, TAL: 0.0000, Adv: 0.0947) | Train Acc: 1.0000 | Val Acc: 1.0000 | Val P/R/F1 (Macro): 0.6429/0.6429/0.6429 | LR: 0.000001
Epoch [77/100] | Loss: 1.2909 (Cls: 1.2672, TAL: 0.0000, Adv: 0.1585) | Train Acc: 1.0000 | Val Acc: 1.0000 | Val P/R/F1 (Macro): 0.6429/0.6429/0.6429 | LR: 0.000001
Epoch [78/100] | Loss: 1.2960 (Cls: 1.2759, TAL: 0.0000, Adv: 0.1342) | Train Acc: 0.9922 | Val Acc: 1.0000 | Val P/R/F1 (Macro): 0.6429/0.6429/0.6429 | LR: 0.000001
Epoch [79/100] | Loss: 1.2887 (Cls: 1.2703, TAL: 0.0000, Adv: 0.1228) | Train Acc: 0.9922 | Val Acc: 1.0000 | Val P/R/F1 (Macro): 0.6429/0.6429/0.6429 | LR: 0.000001
Epoch [80/100] | Loss: 1.2939 (Cls: 1.2810, TAL: 0.0000, Adv: 0.0858) | Train Acc: 0.9844 | Val Acc: 1.0000 | Val P/R/F1 (Macro): 0.6429/0.6429/0.6429 | LR: 0.000001
Epoch [81/100] | Loss: 1.2835 (Cls: 1.2641, TAL: 0.0000, Adv: 0.1294) | Train Acc: 0.9922 | Val Acc: 1.0000 | Val P/R/F1 (Macro): 0.6429/0.6429/0.6429 | LR: 0.000001
Epoch [82/100] | Loss: 1.2816 (Cls: 1.2629, TAL: 0.0000, Adv: 0.1249) | Train Acc: 1.0000 | Val Acc: 1.0000 | Val P/R/F1 (Macro): 0.6429/0.6429/0.6429 | LR: 0.000001
Epoch [83/100] | Loss: 1.2989 (Cls: 1.2699, TAL: 0.0000, Adv: 0.1930) | Train Acc: 0.9844 | Val Acc: 1.0000 | Val P/R/F1 (Macro): 0.6429/0.6429/0.6429 | LR: 0.000001
Epoch [84/100] | Loss: 1.2690 (Cls: 1.2499, TAL: 0.0000, Adv: 0.1274) | Train Acc: 1.0000 | Val Acc: 1.0000 | Val P/R/F1 (Macro): 0.6429/0.6429/0.6429 | LR: 0.000001
Epoch [85/100] | Loss: 1.2712 (Cls: 1.2529, TAL: 0.0000, Adv: 0.1220) | Train Acc: 1.0000 | Val Acc: 1.0000 | Val P/R/F1 (Macro): 0.6429/0.6429/0.6429 | LR: 0.000001
Epoch [86/100] | Loss: 1.2819 (Cls: 1.2657, TAL: 0.0000, Adv: 0.1081) | Train Acc: 1.0000 | Val Acc: 1.0000 | Val P/R/F1 (Macro): 0.6429/0.6429/0.6429 | LR: 0.000001
Epoch [87/100] | Loss: 1.2831 (Cls: 1.2703, TAL: 0.0000, Adv: 0.0852) | Train Acc: 1.0000 | Val Acc: 1.0000 | Val P/R/F1 (Macro): 0.6429/0.6429/0.6429 | LR: 0.000001
Epoch [88/100] | Loss: 1.2770 (Cls: 1.2632, TAL: 0.0000, Adv: 0.0920) | Train Acc: 1.0000 | Val Acc: 1.0000 | Val P/R/F1 (Macro): 0.6429/0.6429/0.6429 | LR: 0.000001
Epoch [89/100] | Loss: 1.2852 (Cls: 1.2665, TAL: 0.0000, Adv: 0.1248) | Train Acc: 1.0000 | Val Acc: 1.0000 | Val P/R/F1 (Macro): 0.6429/0.6429/0.6429 | LR: 0.000001
Epoch [90/100] | Loss: 1.2850 (Cls: 1.2699, TAL: 0.0000, Adv: 0.1008) | Train Acc: 0.9922 | Val Acc: 1.0000 | Val P/R/F1 (Macro): 0.6429/0.6429/0.6429 | LR: 0.000001
Epoch [91/100] | Loss: 1.2405 (Cls: 1.2310, TAL: 0.0000, Adv: 0.0629) | Train Acc: 1.0000 | Val Acc: 1.0000 | Val P/R/F1 (Macro): 0.6429/0.6429/0.6429 | LR: 0.000001
Epoch [92/100] | Loss: 1.2901 (Cls: 1.2753, TAL: 0.0000, Adv: 0.0984) | Train Acc: 0.9922 | Val Acc: 1.0000 | Val P/R/F1 (Macro): 0.6429/0.6429/0.6429 | LR: 0.000001
Epoch [93/100] | Loss: 1.3083 (Cls: 1.2940, TAL: 0.0000, Adv: 0.0954) | Train Acc: 1.0000 | Val Acc: 1.0000 | Val P/R/F1 (Macro): 0.6429/0.6429/0.6429 | LR: 0.000001
Epoch [94/100] | Loss: 1.2845 (Cls: 1.2667, TAL: 0.0000, Adv: 0.1189) | Train Acc: 1.0000 | Val Acc: 1.0000 | Val P/R/F1 (Macro): 0.6429/0.6429/0.6429 | LR: 0.000001
Epoch [95/100] | Loss: 1.2573 (Cls: 1.2486, TAL: 0.0000, Adv: 0.0584) | Train Acc: 1.0000 | Val Acc: 1.0000 | Val P/R/F1 (Macro): 0.6429/0.6429/0.6429 | LR: 0.000001
Epoch [96/100] | Loss: 1.3013 (Cls: 1.2819, TAL: 0.0000, Adv: 0.1295) | Train Acc: 0.9922 | Val Acc: 1.0000 | Val P/R/F1 (Macro): 0.6429/0.6429/0.6429 | LR: 0.000001
Epoch [97/100] | Loss: 1.2766 (Cls: 1.2643, TAL: 0.0000, Adv: 0.0819) | Train Acc: 1.0000 | Val Acc: 1.0000 | Val P/R/F1 (Macro): 0.6429/0.6429/0.6429 | LR: 0.000001
Epoch [98/100] | Loss: 1.2796 (Cls: 1.2624, TAL: 0.0000, Adv: 0.1146) | Train Acc: 1.0000 | Val Acc: 1.0000 | Val P/R/F1 (Macro): 0.6429/0.6429/0.6429 | LR: 0.000001
Epoch [99/100] | Loss: 1.2768 (Cls: 1.2627, TAL: 0.0000, Adv: 0.0939) | Train Acc: 1.0000 | Val Acc: 1.0000 | Val P/R/F1 (Macro): 0.6429/0.6429/0.6429 | LR: 0.000001
Epoch [100/100] | Loss: 1.2802 (Cls: 1.2630, TAL: 0.0000, Adv: 0.1143) | Train Acc: 1.0000 | Val Acc: 1.0000 | Val P/R/F1 (Macro): 0.6429/0.6429/0.6429 | LR: 0.000001

迭代 2 最佳指标:
  Accuracy: 1.0000
  Precision (Macro): 0.6429
  Recall (Macro): 0.6429
  F1 (Macro): 0.6429
  Precision (Micro): 1.0000
  Recall (Micro): 1.0000
  F1 (Micro): 1.0000

================================================================================
迭代 3/5
随机种子: 44
================================================================================
Feature fusion: Channel concatenation (512+512); fused_dim=1024
Domain adaptation: standard source-target adversarial training, no generator
Loss weights: tensor=0.00, adv=0.15
Epoch [1/100] | Loss: 5.6618 (Cls: 5.5091, TAL: 0.0000, Adv: 1.0179) | Train Acc: 0.1875 | Val Acc: 0.2500 | Val P/R/F1 (Macro): 0.2016/0.1792/0.1509 | LR: 0.000010
  >>> New Best Val Acc: 0.2500
Epoch [2/100] | Loss: 4.1546 (Cls: 4.0086, TAL: 0.0000, Adv: 0.9735) | Train Acc: 0.4453 | Val Acc: 0.3889 | Val P/R/F1 (Macro): 0.1905/0.2714/0.2193 | LR: 0.000010
  >>> New Best Val Acc: 0.3889
Epoch [3/100] | Loss: 3.3279 (Cls: 3.1986, TAL: 0.0000, Adv: 0.8618) | Train Acc: 0.5938 | Val Acc: 0.2778 | Val P/R/F1 (Macro): 0.0781/0.1429/0.0896 | LR: 0.000010
Epoch [4/100] | Loss: 3.1128 (Cls: 2.9826, TAL: 0.0000, Adv: 0.8681) | Train Acc: 0.5781 | Val Acc: 0.4167 | Val P/R/F1 (Macro): 0.1505/0.2179/0.1687 | LR: 0.000010
  >>> New Best Val Acc: 0.4167
Epoch [5/100] | Loss: 2.8806 (Cls: 2.7533, TAL: 0.0000, Adv: 0.8488) | Train Acc: 0.7578 | Val Acc: 0.4722 | Val P/R/F1 (Macro): 0.2040/0.3167/0.2429 | LR: 0.000010
  >>> New Best Val Acc: 0.4722
Epoch [6/100] | Loss: 2.4465 (Cls: 2.3211, TAL: 0.0000, Adv: 0.8365) | Train Acc: 0.8281 | Val Acc: 0.3889 | Val P/R/F1 (Macro): 0.1822/0.2619/0.2017 | LR: 0.000010
Epoch [7/100] | Loss: 2.5014 (Cls: 2.3854, TAL: 0.0000, Adv: 0.7732) | Train Acc: 0.8125 | Val Acc: 0.3333 | Val P/R/F1 (Macro): 0.2032/0.2381/0.1962 | LR: 0.000010
Epoch [8/100] | Loss: 2.2863 (Cls: 2.1693, TAL: 0.0000, Adv: 0.7799) | Train Acc: 0.8750 | Val Acc: 0.3889 | Val P/R/F1 (Macro): 0.1857/0.2679/0.1759 | LR: 0.000010
Epoch [9/100] | Loss: 2.2239 (Cls: 2.1104, TAL: 0.0000, Adv: 0.7563) | Train Acc: 0.8438 | Val Acc: 0.7222 | Val P/R/F1 (Macro): 0.3905/0.4262/0.4005 | LR: 0.000010
  >>> New Best Val Acc: 0.7222
Epoch [10/100] | Loss: 2.0107 (Cls: 1.9006, TAL: 0.0000, Adv: 0.7346) | Train Acc: 0.8906 | Val Acc: 0.9167 | Val P/R/F1 (Macro): 0.5414/0.5298/0.5307 | LR: 0.000010
  >>> New Best Val Acc: 0.9167
Epoch [11/100] | Loss: 1.9972 (Cls: 1.8935, TAL: 0.0000, Adv: 0.6917) | Train Acc: 0.8594 | Val Acc: 0.8056 | Val P/R/F1 (Macro): 0.5061/0.4750/0.4648 | LR: 0.000010
Epoch [12/100] | Loss: 1.9470 (Cls: 1.8299, TAL: 0.0000, Adv: 0.7806) | Train Acc: 0.9062 | Val Acc: 0.8333 | Val P/R/F1 (Macro): 0.5091/0.4929/0.4799 | LR: 0.000010
Epoch [13/100] | Loss: 1.9148 (Cls: 1.8065, TAL: 0.0000, Adv: 0.7224) | Train Acc: 0.8828 | Val Acc: 0.7778 | Val P/R/F1 (Macro): 0.5617/0.5417/0.5160 | LR: 0.000010
Epoch [14/100] | Loss: 1.8629 (Cls: 1.7602, TAL: 0.0000, Adv: 0.6848) | Train Acc: 0.9453 | Val Acc: 0.8611 | Val P/R/F1 (Macro): 0.5619/0.5804/0.5481 | LR: 0.000010
Epoch [15/100] | Loss: 1.7699 (Cls: 1.6642, TAL: 0.0000, Adv: 0.7043) | Train Acc: 0.9141 | Val Acc: 0.8333 | Val P/R/F1 (Macro): 0.5440/0.5661/0.5300 | LR: 0.000010
Epoch [16/100] | Loss: 1.7515 (Cls: 1.6434, TAL: 0.0000, Adv: 0.7212) | Train Acc: 0.9297 | Val Acc: 0.8333 | Val P/R/F1 (Macro): 0.5536/0.5518/0.5196 | LR: 0.000010
Epoch [17/100] | Loss: 1.6542 (Cls: 1.5591, TAL: 0.0000, Adv: 0.6342) | Train Acc: 0.9531 | Val Acc: 0.8056 | Val P/R/F1 (Macro): 0.5485/0.5375/0.5020 | LR: 0.000010
Epoch [18/100] | Loss: 1.6641 (Cls: 1.5653, TAL: 0.0000, Adv: 0.6589) | Train Acc: 0.9531 | Val Acc: 0.8611 | Val P/R/F1 (Macro): 0.5595/0.5696/0.5403 | LR: 0.000010
Epoch [19/100] | Loss: 1.6646 (Cls: 1.5665, TAL: 0.0000, Adv: 0.6539) | Train Acc: 0.9844 | Val Acc: 0.8611 | Val P/R/F1 (Macro): 0.5595/0.5696/0.5403 | LR: 0.000010
Epoch [20/100] | Loss: 1.6805 (Cls: 1.5820, TAL: 0.0000, Adv: 0.6567) | Train Acc: 0.9453 | Val Acc: 0.8889 | Val P/R/F1 (Macro): 0.5714/0.5786/0.5570 | LR: 0.000010
Epoch [21/100] | Loss: 1.5497 (Cls: 1.4525, TAL: 0.0000, Adv: 0.6481) | Train Acc: 0.9688 | Val Acc: 0.9167 | Val P/R/F1 (Macro): 0.5786/0.5929/0.5728 | LR: 0.000005
Epoch [22/100] | Loss: 1.5496 (Cls: 1.4508, TAL: 0.0000, Adv: 0.6586) | Train Acc: 0.9531 | Val Acc: 1.0000 | Val P/R/F1 (Macro): 0.6429/0.6429/0.6429 | LR: 0.000005
  >>> New Best Val Acc: 1.0000
Epoch [23/100] | Loss: 1.5594 (Cls: 1.4638, TAL: 0.0000, Adv: 0.6370) | Train Acc: 0.9766 | Val Acc: 0.9722 | Val P/R/F1 (Macro): 0.6286/0.6339/0.6302 | LR: 0.000005
Epoch [24/100] | Loss: 1.5869 (Cls: 1.4942, TAL: 0.0000, Adv: 0.6180) | Train Acc: 0.9531 | Val Acc: 0.9722 | Val P/R/F1 (Macro): 0.6286/0.6339/0.6302 | LR: 0.000005
Epoch [25/100] | Loss: 1.5263 (Cls: 1.4292, TAL: 0.0000, Adv: 0.6478) | Train Acc: 0.9844 | Val Acc: 1.0000 | Val P/R/F1 (Macro): 0.6429/0.6429/0.6429 | LR: 0.000005
Epoch [26/100] | Loss: 1.6397 (Cls: 1.5490, TAL: 0.0000, Adv: 0.6050) | Train Acc: 0.9766 | Val Acc: 1.0000 | Val P/R/F1 (Macro): 0.6429/0.6429/0.6429 | LR: 0.000005
Epoch [27/100] | Loss: 1.4884 (Cls: 1.3971, TAL: 0.0000, Adv: 0.6084) | Train Acc: 0.9766 | Val Acc: 1.0000 | Val P/R/F1 (Macro): 0.6429/0.6429/0.6429 | LR: 0.000005
Epoch [28/100] | Loss: 1.5232 (Cls: 1.4366, TAL: 0.0000, Adv: 0.5768) | Train Acc: 0.9609 | Val Acc: 1.0000 | Val P/R/F1 (Macro): 0.6429/0.6429/0.6429 | LR: 0.000005
Epoch [29/100] | Loss: 1.5409 (Cls: 1.4553, TAL: 0.0000, Adv: 0.5709) | Train Acc: 0.9766 | Val Acc: 1.0000 | Val P/R/F1 (Macro): 0.6429/0.6429/0.6429 | LR: 0.000005
Epoch [30/100] | Loss: 1.4363 (Cls: 1.3552, TAL: 0.0000, Adv: 0.5405) | Train Acc: 0.9844 | Val Acc: 1.0000 | Val P/R/F1 (Macro): 0.6429/0.6429/0.6429 | LR: 0.000005
Epoch [31/100] | Loss: 1.5054 (Cls: 1.4216, TAL: 0.0000, Adv: 0.5583) | Train Acc: 0.9688 | Val Acc: 1.0000 | Val P/R/F1 (Macro): 0.6429/0.6429/0.6429 | LR: 0.000005
Epoch [32/100] | Loss: 1.4888 (Cls: 1.4058, TAL: 0.0000, Adv: 0.5536) | Train Acc: 0.9766 | Val Acc: 0.9722 | Val P/R/F1 (Macro): 0.6327/0.6339/0.6326 | LR: 0.000005
Epoch [33/100] | Loss: 1.5186 (Cls: 1.4400, TAL: 0.0000, Adv: 0.5242) | Train Acc: 0.9844 | Val Acc: 0.9722 | Val P/R/F1 (Macro): 0.6327/0.6339/0.6326 | LR: 0.000003
Epoch [34/100] | Loss: 1.4631 (Cls: 1.3885, TAL: 0.0000, Adv: 0.4975) | Train Acc: 1.0000 | Val Acc: 0.9722 | Val P/R/F1 (Macro): 0.6327/0.6339/0.6326 | LR: 0.000003
Epoch [35/100] | Loss: 1.4614 (Cls: 1.3839, TAL: 0.0000, Adv: 0.5168) | Train Acc: 0.9766 | Val Acc: 1.0000 | Val P/R/F1 (Macro): 0.6429/0.6429/0.6429 | LR: 0.000003
Epoch [36/100] | Loss: 1.4296 (Cls: 1.3602, TAL: 0.0000, Adv: 0.4625) | Train Acc: 0.9766 | Val Acc: 1.0000 | Val P/R/F1 (Macro): 0.6429/0.6429/0.6429 | LR: 0.000003
Epoch [37/100] | Loss: 1.3666 (Cls: 1.3005, TAL: 0.0000, Adv: 0.4410) | Train Acc: 0.9844 | Val Acc: 1.0000 | Val P/R/F1 (Macro): 0.6429/0.6429/0.6429 | LR: 0.000003
Epoch [38/100] | Loss: 1.4357 (Cls: 1.3697, TAL: 0.0000, Adv: 0.4394) | Train Acc: 0.9844 | Val Acc: 1.0000 | Val P/R/F1 (Macro): 0.6429/0.6429/0.6429 | LR: 0.000003
Epoch [39/100] | Loss: 1.4090 (Cls: 1.3382, TAL: 0.0000, Adv: 0.4721) | Train Acc: 0.9844 | Val Acc: 1.0000 | Val P/R/F1 (Macro): 0.6429/0.6429/0.6429 | LR: 0.000003
Epoch [40/100] | Loss: 1.4788 (Cls: 1.4080, TAL: 0.0000, Adv: 0.4724) | Train Acc: 0.9844 | Val Acc: 1.0000 | Val P/R/F1 (Macro): 0.6429/0.6429/0.6429 | LR: 0.000003
Epoch [41/100] | Loss: 1.3791 (Cls: 1.3176, TAL: 0.0000, Adv: 0.4103) | Train Acc: 0.9766 | Val Acc: 1.0000 | Val P/R/F1 (Macro): 0.6429/0.6429/0.6429 | LR: 0.000003
Epoch [42/100] | Loss: 1.3802 (Cls: 1.3215, TAL: 0.0000, Adv: 0.3913) | Train Acc: 0.9922 | Val Acc: 1.0000 | Val P/R/F1 (Macro): 0.6429/0.6429/0.6429 | LR: 0.000003
Epoch [43/100] | Loss: 1.4268 (Cls: 1.3640, TAL: 0.0000, Adv: 0.4187) | Train Acc: 0.9766 | Val Acc: 1.0000 | Val P/R/F1 (Macro): 0.6429/0.6429/0.6429 | LR: 0.000003
Epoch [44/100] | Loss: 1.3689 (Cls: 1.3136, TAL: 0.0000, Adv: 0.3683) | Train Acc: 0.9844 | Val Acc: 1.0000 | Val P/R/F1 (Macro): 0.6429/0.6429/0.6429 | LR: 0.000001
Epoch [45/100] | Loss: 1.3514 (Cls: 1.3087, TAL: 0.0000, Adv: 0.2851) | Train Acc: 1.0000 | Val Acc: 1.0000 | Val P/R/F1 (Macro): 0.6429/0.6429/0.6429 | LR: 0.000001
Epoch [46/100] | Loss: 1.3807 (Cls: 1.3285, TAL: 0.0000, Adv: 0.3475) | Train Acc: 0.9922 | Val Acc: 1.0000 | Val P/R/F1 (Macro): 0.6429/0.6429/0.6429 | LR: 0.000001
Epoch [47/100] | Loss: 1.3540 (Cls: 1.3059, TAL: 0.0000, Adv: 0.3206) | Train Acc: 1.0000 | Val Acc: 1.0000 | Val P/R/F1 (Macro): 0.6429/0.6429/0.6429 | LR: 0.000001
Epoch [48/100] | Loss: 1.3829 (Cls: 1.3327, TAL: 0.0000, Adv: 0.3347) | Train Acc: 0.9922 | Val Acc: 1.0000 | Val P/R/F1 (Macro): 0.6429/0.6429/0.6429 | LR: 0.000001
Epoch [49/100] | Loss: 1.3581 (Cls: 1.3187, TAL: 0.0000, Adv: 0.2632) | Train Acc: 0.9922 | Val Acc: 1.0000 | Val P/R/F1 (Macro): 0.6429/0.6429/0.6429 | LR: 0.000001
Epoch [50/100] | Loss: 1.3562 (Cls: 1.3130, TAL: 0.0000, Adv: 0.2877) | Train Acc: 0.9844 | Val Acc: 1.0000 | Val P/R/F1 (Macro): 0.6429/0.6429/0.6429 | LR: 0.000001
Epoch [51/100] | Loss: 1.3309 (Cls: 1.2875, TAL: 0.0000, Adv: 0.2894) | Train Acc: 1.0000 | Val Acc: 1.0000 | Val P/R/F1 (Macro): 0.6429/0.6429/0.6429 | LR: 0.000001
Epoch [52/100] | Loss: 1.3229 (Cls: 1.2738, TAL: 0.0000, Adv: 0.3269) | Train Acc: 1.0000 | Val Acc: 1.0000 | Val P/R/F1 (Macro): 0.6429/0.6429/0.6429 | LR: 0.000001
Epoch [53/100] | Loss: 1.3447 (Cls: 1.2998, TAL: 0.0000, Adv: 0.2991) | Train Acc: 1.0000 | Val Acc: 1.0000 | Val P/R/F1 (Macro): 0.6429/0.6429/0.6429 | LR: 0.000001
Epoch [54/100] | Loss: 1.3341 (Cls: 1.2861, TAL: 0.0000, Adv: 0.3197) | Train Acc: 1.0000 | Val Acc: 1.0000 | Val P/R/F1 (Macro): 0.6429/0.6429/0.6429 | LR: 0.000001
Epoch [55/100] | Loss: 1.3410 (Cls: 1.3041, TAL: 0.0000, Adv: 0.2458) | Train Acc: 1.0000 | Val Acc: 1.0000 | Val P/R/F1 (Macro): 0.6429/0.6429/0.6429 | LR: 0.000001
Epoch [56/100] | Loss: 1.3282 (Cls: 1.2866, TAL: 0.0000, Adv: 0.2773) | Train Acc: 1.0000 | Val Acc: 1.0000 | Val P/R/F1 (Macro): 0.6429/0.6429/0.6429 | LR: 0.000001
Epoch [57/100] | Loss: 1.3464 (Cls: 1.3056, TAL: 0.0000, Adv: 0.2715) | Train Acc: 0.9922 | Val Acc: 1.0000 | Val P/R/F1 (Macro): 0.6429/0.6429/0.6429 | LR: 0.000001
Epoch [58/100] | Loss: 1.3143 (Cls: 1.2763, TAL: 0.0000, Adv: 0.2537) | Train Acc: 1.0000 | Val Acc: 1.0000 | Val P/R/F1 (Macro): 0.6429/0.6429/0.6429 | LR: 0.000001
Epoch [59/100] | Loss: 1.3252 (Cls: 1.2885, TAL: 0.0000, Adv: 0.2447) | Train Acc: 1.0000 | Val Acc: 1.0000 | Val P/R/F1 (Macro): 0.6429/0.6429/0.6429 | LR: 0.000001
Epoch [60/100] | Loss: 1.3430 (Cls: 1.3119, TAL: 0.0000, Adv: 0.2079) | Train Acc: 0.9844 | Val Acc: 1.0000 | Val P/R/F1 (Macro): 0.6429/0.6429/0.6429 | LR: 0.000001
Epoch [61/100] | Loss: 1.3015 (Cls: 1.2672, TAL: 0.0000, Adv: 0.2288) | Train Acc: 1.0000 | Val Acc: 1.0000 | Val P/R/F1 (Macro): 0.6429/0.6429/0.6429 | LR: 0.000001
Epoch [62/100] | Loss: 1.3525 (Cls: 1.3139, TAL: 0.0000, Adv: 0.2576) | Train Acc: 0.9844 | Val Acc: 1.0000 | Val P/R/F1 (Macro): 0.6429/0.6429/0.6429 | LR: 0.000001
Epoch [63/100] | Loss: 1.2861 (Cls: 1.2613, TAL: 0.0000, Adv: 0.1650) | Train Acc: 1.0000 | Val Acc: 1.0000 | Val P/R/F1 (Macro): 0.6429/0.6429/0.6429 | LR: 0.000001
Epoch [64/100] | Loss: 1.2931 (Cls: 1.2663, TAL: 0.0000, Adv: 0.1783) | Train Acc: 1.0000 | Val Acc: 1.0000 | Val P/R/F1 (Macro): 0.6429/0.6429/0.6429 | LR: 0.000001
Epoch [65/100] | Loss: 1.3097 (Cls: 1.2797, TAL: 0.0000, Adv: 0.1999) | Train Acc: 0.9922 | Val Acc: 1.0000 | Val P/R/F1 (Macro): 0.6429/0.6429/0.6429 | LR: 0.000001
Epoch [66/100] | Loss: 1.3260 (Cls: 1.2960, TAL: 0.0000, Adv: 0.2003) | Train Acc: 0.9922 | Val Acc: 1.0000 | Val P/R/F1 (Macro): 0.6429/0.6429/0.6429 | LR: 0.000001
Epoch [67/100] | Loss: 1.2903 (Cls: 1.2698, TAL: 0.0000, Adv: 0.1363) | Train Acc: 1.0000 | Val Acc: 1.0000 | Val P/R/F1 (Macro): 0.6429/0.6429/0.6429 | LR: 0.000001
Epoch [68/100] | Loss: 1.3000 (Cls: 1.2789, TAL: 0.0000, Adv: 0.1406) | Train Acc: 1.0000 | Val Acc: 1.0000 | Val P/R/F1 (Macro): 0.6429/0.6429/0.6429 | LR: 0.000001
Epoch [69/100] | Loss: 1.2838 (Cls: 1.2655, TAL: 0.0000, Adv: 0.1220) | Train Acc: 1.0000 | Val Acc: 1.0000 | Val P/R/F1 (Macro): 0.6429/0.6429/0.6429 | LR: 0.000001
Epoch [70/100] | Loss: 1.2908 (Cls: 1.2740, TAL: 0.0000, Adv: 0.1120) | Train Acc: 1.0000 | Val Acc: 1.0000 | Val P/R/F1 (Macro): 0.6429/0.6429/0.6429 | LR: 0.000001
Epoch [71/100] | Loss: 1.2935 (Cls: 1.2736, TAL: 0.0000, Adv: 0.1323) | Train Acc: 1.0000 | Val Acc: 1.0000 | Val P/R/F1 (Macro): 0.6429/0.6429/0.6429 | LR: 0.000001
Epoch [72/100] | Loss: 1.3064 (Cls: 1.2842, TAL: 0.0000, Adv: 0.1481) | Train Acc: 1.0000 | Val Acc: 1.0000 | Val P/R/F1 (Macro): 0.6429/0.6429/0.6429 | LR: 0.000001
Epoch [73/100] | Loss: 1.3152 (Cls: 1.2934, TAL: 0.0000, Adv: 0.1449) | Train Acc: 0.9922 | Val Acc: 1.0000 | Val P/R/F1 (Macro): 0.6429/0.6429/0.6429 | LR: 0.000001
Epoch [74/100] | Loss: 1.2595 (Cls: 1.2472, TAL: 0.0000, Adv: 0.0821) | Train Acc: 1.0000 | Val Acc: 1.0000 | Val P/R/F1 (Macro): 0.6429/0.6429/0.6429 | LR: 0.000001
Epoch [75/100] | Loss: 1.3168 (Cls: 1.2983, TAL: 0.0000, Adv: 0.1232) | Train Acc: 1.0000 | Val Acc: 1.0000 | Val P/R/F1 (Macro): 0.6429/0.6429/0.6429 | LR: 0.000001
Epoch [76/100] | Loss: 1.3056 (Cls: 1.2787, TAL: 0.0000, Adv: 0.1796) | Train Acc: 1.0000 | Val Acc: 1.0000 | Val P/R/F1 (Macro): 0.6429/0.6429/0.6429 | LR: 0.000001
Epoch [77/100] | Loss: 1.2884 (Cls: 1.2604, TAL: 0.0000, Adv: 0.1867) | Train Acc: 1.0000 | Val Acc: 1.0000 | Val P/R/F1 (Macro): 0.6429/0.6429/0.6429 | LR: 0.000001
Epoch [78/100] | Loss: 1.2926 (Cls: 1.2757, TAL: 0.0000, Adv: 0.1128) | Train Acc: 0.9922 | Val Acc: 1.0000 | Val P/R/F1 (Macro): 0.6429/0.6429/0.6429 | LR: 0.000001
Epoch [79/100] | Loss: 1.3040 (Cls: 1.2830, TAL: 0.0000, Adv: 0.1397) | Train Acc: 0.9922 | Val Acc: 1.0000 | Val P/R/F1 (Macro): 0.6429/0.6429/0.6429 | LR: 0.000001
Epoch [80/100] | Loss: 1.3037 (Cls: 1.2873, TAL: 0.0000, Adv: 0.1095) | Train Acc: 1.0000 | Val Acc: 1.0000 | Val P/R/F1 (Macro): 0.6429/0.6429/0.6429 | LR: 0.000001
Epoch [81/100] | Loss: 1.2835 (Cls: 1.2554, TAL: 0.0000, Adv: 0.1874) | Train Acc: 1.0000 | Val Acc: 1.0000 | Val P/R/F1 (Macro): 0.6429/0.6429/0.6429 | LR: 0.000001
Epoch [82/100] | Loss: 1.3096 (Cls: 1.2865, TAL: 0.0000, Adv: 0.1537) | Train Acc: 1.0000 | Val Acc: 1.0000 | Val P/R/F1 (Macro): 0.6429/0.6429/0.6429 | LR: 0.000001
Epoch [83/100] | Loss: 1.3141 (Cls: 1.2952, TAL: 0.0000, Adv: 0.1263) | Train Acc: 1.0000 | Val Acc: 1.0000 | Val P/R/F1 (Macro): 0.6429/0.6429/0.6429 | LR: 0.000001
Epoch [84/100] | Loss: 1.2916 (Cls: 1.2748, TAL: 0.0000, Adv: 0.1122) | Train Acc: 1.0000 | Val Acc: 1.0000 | Val P/R/F1 (Macro): 0.6429/0.6429/0.6429 | LR: 0.000001
Epoch [85/100] | Loss: 1.2760 (Cls: 1.2620, TAL: 0.0000, Adv: 0.0930) | Train Acc: 1.0000 | Val Acc: 1.0000 | Val P/R/F1 (Macro): 0.6429/0.6429/0.6429 | LR: 0.000001
Epoch [86/100] | Loss: 1.2976 (Cls: 1.2818, TAL: 0.0000, Adv: 0.1047) | Train Acc: 1.0000 | Val Acc: 1.0000 | Val P/R/F1 (Macro): 0.6429/0.6429/0.6429 | LR: 0.000001
Epoch [87/100] | Loss: 1.2759 (Cls: 1.2626, TAL: 0.0000, Adv: 0.0886) | Train Acc: 1.0000 | Val Acc: 1.0000 | Val P/R/F1 (Macro): 0.6429/0.6429/0.6429 | LR: 0.000001
Epoch [88/100] | Loss: 1.2715 (Cls: 1.2627, TAL: 0.0000, Adv: 0.0584) | Train Acc: 0.9922 | Val Acc: 1.0000 | Val P/R/F1 (Macro): 0.6429/0.6429/0.6429 | LR: 0.000001
Epoch [89/100] | Loss: 1.2967 (Cls: 1.2770, TAL: 0.0000, Adv: 0.1311) | Train Acc: 1.0000 | Val Acc: 1.0000 | Val P/R/F1 (Macro): 0.6429/0.6429/0.6429 | LR: 0.000001
Epoch [90/100] | Loss: 1.3249 (Cls: 1.3093, TAL: 0.0000, Adv: 0.1035) | Train Acc: 1.0000 | Val Acc: 1.0000 | Val P/R/F1 (Macro): 0.6429/0.6429/0.6429 | LR: 0.000001
Epoch [91/100] | Loss: 1.2769 (Cls: 1.2603, TAL: 0.0000, Adv: 0.1107) | Train Acc: 1.0000 | Val Acc: 1.0000 | Val P/R/F1 (Macro): 0.6429/0.6429/0.6429 | LR: 0.000001
Epoch [92/100] | Loss: 1.2997 (Cls: 1.2857, TAL: 0.0000, Adv: 0.0931) | Train Acc: 1.0000 | Val Acc: 1.0000 | Val P/R/F1 (Macro): 0.6429/0.6429/0.6429 | LR: 0.000001
Epoch [93/100] | Loss: 1.2720 (Cls: 1.2568, TAL: 0.0000, Adv: 0.1013) | Train Acc: 1.0000 | Val Acc: 1.0000 | Val P/R/F1 (Macro): 0.6429/0.6429/0.6429 | LR: 0.000001
Epoch [94/100] | Loss: 1.2887 (Cls: 1.2688, TAL: 0.0000, Adv: 0.1331) | Train Acc: 1.0000 | Val Acc: 1.0000 | Val P/R/F1 (Macro): 0.6429/0.6429/0.6429 | LR: 0.000001
Epoch [95/100] | Loss: 1.3061 (Cls: 1.2947, TAL: 0.0000, Adv: 0.0755) | Train Acc: 1.0000 | Val Acc: 1.0000 | Val P/R/F1 (Macro): 0.6429/0.6429/0.6429 | LR: 0.000001
Epoch [96/100] | Loss: 1.2814 (Cls: 1.2700, TAL: 0.0000, Adv: 0.0761) | Train Acc: 1.0000 | Val Acc: 1.0000 | Val P/R/F1 (Macro): 0.6429/0.6429/0.6429 | LR: 0.000001
Epoch [97/100] | Loss: 1.2610 (Cls: 1.2498, TAL: 0.0000, Adv: 0.0748) | Train Acc: 1.0000 | Val Acc: 1.0000 | Val P/R/F1 (Macro): 0.6429/0.6429/0.6429 | LR: 0.000001
Epoch [98/100] | Loss: 1.3231 (Cls: 1.3097, TAL: 0.0000, Adv: 0.0890) | Train Acc: 0.9922 | Val Acc: 1.0000 | Val P/R/F1 (Macro): 0.6429/0.6429/0.6429 | LR: 0.000001
Epoch [99/100] | Loss: 1.2887 (Cls: 1.2711, TAL: 0.0000, Adv: 0.1173) | Train Acc: 1.0000 | Val Acc: 1.0000 | Val P/R/F1 (Macro): 0.6429/0.6429/0.6429 | LR: 0.000001
Epoch [100/100] | Loss: 1.2775 (Cls: 1.2666, TAL: 0.0000, Adv: 0.0728) | Train Acc: 1.0000 | Val Acc: 1.0000 | Val P/R/F1 (Macro): 0.6429/0.6429/0.6429 | LR: 0.000001

迭代 3 最佳指标:
  Accuracy: 1.0000
  Precision (Macro): 0.6429
  Recall (Macro): 0.6429
  F1 (Macro): 0.6429
  Precision (Micro): 1.0000
  Recall (Micro): 1.0000
  F1 (Micro): 1.0000

================================================================================
迭代 4/5
随机种子: 45
================================================================================
Feature fusion: Channel concatenation (512+512); fused_dim=1024
Domain adaptation: standard source-target adversarial training, no generator
Loss weights: tensor=0.00, adv=0.15
Epoch [1/100] | Loss: 5.4662 (Cls: 5.3158, TAL: 0.0000, Adv: 1.0025) | Train Acc: 0.2344 | Val Acc: 0.3056 | Val P/R/F1 (Macro): 0.2098/0.2190/0.1866 | LR: 0.000010
  >>> New Best Val Acc: 0.3056
Epoch [2/100] | Loss: 4.2399 (Cls: 4.1181, TAL: 0.0000, Adv: 0.8118) | Train Acc: 0.3750 | Val Acc: 0.3333 | Val P/R/F1 (Macro): 0.2747/0.2440/0.2218 | LR: 0.000010
  >>> New Best Val Acc: 0.3333
Epoch [3/100] | Loss: 3.2281 (Cls: 3.1063, TAL: 0.0000, Adv: 0.8117) | Train Acc: 0.5625 | Val Acc: 0.3889 | Val P/R/F1 (Macro): 0.2412/0.2655/0.2218 | LR: 0.000010
  >>> New Best Val Acc: 0.3889
Epoch [4/100] | Loss: 3.0948 (Cls: 2.9719, TAL: 0.0000, Adv: 0.8195) | Train Acc: 0.6250 | Val Acc: 0.4167 | Val P/R/F1 (Macro): 0.2458/0.2798/0.2282 | LR: 0.000010
  >>> New Best Val Acc: 0.4167
Epoch [5/100] | Loss: 2.8572 (Cls: 2.7396, TAL: 0.0000, Adv: 0.7835) | Train Acc: 0.6875 | Val Acc: 0.1944 | Val P/R/F1 (Macro): 0.1180/0.1012/0.0630 | LR: 0.000010
Epoch [6/100] | Loss: 2.6011 (Cls: 2.4897, TAL: 0.0000, Adv: 0.7423) | Train Acc: 0.6797 | Val Acc: 0.4167 | Val P/R/F1 (Macro): 0.2504/0.2917/0.2355 | LR: 0.000010
Epoch [7/100] | Loss: 2.5847 (Cls: 2.4778, TAL: 0.0000, Adv: 0.7121) | Train Acc: 0.7422 | Val Acc: 0.5000 | Val P/R/F1 (Macro): 0.2173/0.3333/0.2571 | LR: 0.000010
  >>> New Best Val Acc: 0.5000
Epoch [8/100] | Loss: 2.4779 (Cls: 2.3600, TAL: 0.0000, Adv: 0.7861) | Train Acc: 0.7422 | Val Acc: 0.5556 | Val P/R/F1 (Macro): 0.3149/0.3631/0.3043 | LR: 0.000010
  >>> New Best Val Acc: 0.5556
Epoch [9/100] | Loss: 2.3200 (Cls: 2.2109, TAL: 0.0000, Adv: 0.7272) | Train Acc: 0.7734 | Val Acc: 0.6944 | Val P/R/F1 (Macro): 0.4860/0.4554/0.4182 | LR: 0.000010
  >>> New Best Val Acc: 0.6944
Epoch [10/100] | Loss: 2.0305 (Cls: 1.9176, TAL: 0.0000, Adv: 0.7525) | Train Acc: 0.8906 | Val Acc: 0.6944 | Val P/R/F1 (Macro): 0.4861/0.4554/0.4186 | LR: 0.000010
Epoch [11/100] | Loss: 2.0791 (Cls: 1.9692, TAL: 0.0000, Adv: 0.7325) | Train Acc: 0.8594 | Val Acc: 0.8611 | Val P/R/F1 (Macro): 0.5390/0.5357/0.5266 | LR: 0.000010
  >>> New Best Val Acc: 0.8611
Epoch [12/100] | Loss: 1.8898 (Cls: 1.7841, TAL: 0.0000, Adv: 0.7048) | Train Acc: 0.9375 | Val Acc: 0.9167 | Val P/R/F1 (Macro): 0.5363/0.5506/0.5427 | LR: 0.000010
  >>> New Best Val Acc: 0.9167
Epoch [13/100] | Loss: 1.8991 (Cls: 1.7932, TAL: 0.0000, Adv: 0.7058) | Train Acc: 0.9219 | Val Acc: 0.8889 | Val P/R/F1 (Macro): 0.5149/0.5327/0.5225 | LR: 0.000010
Epoch [14/100] | Loss: 1.7154 (Cls: 1.6046, TAL: 0.0000, Adv: 0.7385) | Train Acc: 0.9375 | Val Acc: 0.8056 | Val P/R/F1 (Macro): 0.5591/0.5518/0.5390 | LR: 0.000010
Epoch [15/100] | Loss: 1.7059 (Cls: 1.5953, TAL: 0.0000, Adv: 0.7376) | Train Acc: 0.9375 | Val Acc: 0.8333 | Val P/R/F1 (Macro): 0.5698/0.5637/0.5542 | LR: 0.000010
Epoch [16/100] | Loss: 1.9544 (Cls: 1.8433, TAL: 0.0000, Adv: 0.7403) | Train Acc: 0.9219 | Val Acc: 0.8611 | Val P/R/F1 (Macro): 0.5780/0.5756/0.5669 | LR: 0.000010
Epoch [17/100] | Loss: 1.7294 (Cls: 1.6272, TAL: 0.0000, Adv: 0.6818) | Train Acc: 0.9453 | Val Acc: 0.8889 | Val P/R/F1 (Macro): 0.5869/0.5875/0.5776 | LR: 0.000010
Epoch [18/100] | Loss: 1.8085 (Cls: 1.7076, TAL: 0.0000, Adv: 0.6727) | Train Acc: 0.9453 | Val Acc: 0.9167 | Val P/R/F1 (Macro): 0.6000/0.6018/0.5942 | LR: 0.000010
Epoch [19/100] | Loss: 1.6823 (Cls: 1.5784, TAL: 0.0000, Adv: 0.6925) | Train Acc: 0.9609 | Val Acc: 0.8333 | Val P/R/F1 (Macro): 0.5485/0.5548/0.5303 | LR: 0.000010
Epoch [20/100] | Loss: 1.7743 (Cls: 1.6714, TAL: 0.0000, Adv: 0.6858) | Train Acc: 0.9219 | Val Acc: 0.7778 | Val P/R/F1 (Macro): 0.5377/0.5220/0.4916 | LR: 0.000010
Epoch [21/100] | Loss: 1.6679 (Cls: 1.5621, TAL: 0.0000, Adv: 0.7051) | Train Acc: 0.9453 | Val Acc: 0.8333 | Val P/R/F1 (Macro): 0.5417/0.5607/0.5272 | LR: 0.000010
Epoch [22/100] | Loss: 1.6069 (Cls: 1.5035, TAL: 0.0000, Adv: 0.6896) | Train Acc: 0.9609 | Val Acc: 0.9444 | Val P/R/F1 (Macro): 0.6107/0.6196/0.6120 | LR: 0.000010
  >>> New Best Val Acc: 0.9444
Epoch [23/100] | Loss: 1.5499 (Cls: 1.4511, TAL: 0.0000, Adv: 0.6590) | Train Acc: 0.9531 | Val Acc: 0.9722 | Val P/R/F1 (Macro): 0.5571/0.5714/0.5635 | LR: 0.000010
  >>> New Best Val Acc: 0.9722
Epoch [24/100] | Loss: 1.5997 (Cls: 1.4994, TAL: 0.0000, Adv: 0.6681) | Train Acc: 0.9609 | Val Acc: 1.0000 | Val P/R/F1 (Macro): 0.6429/0.6429/0.6429 | LR: 0.000010
  >>> New Best Val Acc: 1.0000
Epoch [25/100] | Loss: 1.5670 (Cls: 1.4698, TAL: 0.0000, Adv: 0.6484) | Train Acc: 0.9688 | Val Acc: 0.9444 | Val P/R/F1 (Macro): 0.5969/0.6250/0.6033 | LR: 0.000010
Epoch [26/100] | Loss: 1.4558 (Cls: 1.3628, TAL: 0.0000, Adv: 0.6201) | Train Acc: 0.9922 | Val Acc: 0.8611 | Val P/R/F1 (Macro): 0.5612/0.5786/0.5515 | LR: 0.000010
Epoch [27/100] | Loss: 1.5815 (Cls: 1.4864, TAL: 0.0000, Adv: 0.6340) | Train Acc: 0.9844 | Val Acc: 0.8333 | Val P/R/F1 (Macro): 0.5493/0.5607/0.5294 | LR: 0.000010
Epoch [28/100] | Loss: 1.5136 (Cls: 1.4217, TAL: 0.0000, Adv: 0.6131) | Train Acc: 0.9844 | Val Acc: 0.8611 | Val P/R/F1 (Macro): 0.5612/0.5714/0.5401 | LR: 0.000010
Epoch [29/100] | Loss: 1.4715 (Cls: 1.3884, TAL: 0.0000, Adv: 0.5538) | Train Acc: 1.0000 | Val Acc: 0.9167 | Val P/R/F1 (Macro): 0.5850/0.6071/0.5812 | LR: 0.000010
Epoch [30/100] | Loss: 1.4757 (Cls: 1.3813, TAL: 0.0000, Adv: 0.6287) | Train Acc: 0.9922 | Val Acc: 0.9444 | Val P/R/F1 (Macro): 0.6167/0.6220/0.6183 | LR: 0.000010
Epoch [31/100] | Loss: 1.5038 (Cls: 1.4082, TAL: 0.0000, Adv: 0.6374) | Train Acc: 0.9844 | Val Acc: 0.9444 | Val P/R/F1 (Macro): 0.6167/0.6220/0.6183 | LR: 0.000010
Epoch [32/100] | Loss: 1.5536 (Cls: 1.4687, TAL: 0.0000, Adv: 0.5660) | Train Acc: 1.0000 | Val Acc: 0.9167 | Val P/R/F1 (Macro): 0.5810/0.6131/0.5890 | LR: 0.000010
Epoch [33/100] | Loss: 1.5136 (Cls: 1.4277, TAL: 0.0000, Adv: 0.5729) | Train Acc: 0.9844 | Val Acc: 0.8611 | Val P/R/F1 (Macro): 0.5755/0.5804/0.5495 | LR: 0.000010
Epoch [34/100] | Loss: 1.5267 (Cls: 1.4415, TAL: 0.0000, Adv: 0.5678) | Train Acc: 0.9844 | Val Acc: 0.8333 | Val P/R/F1 (Macro): 0.5577/0.5625/0.5290 | LR: 0.000010
Epoch [35/100] | Loss: 1.5175 (Cls: 1.4353, TAL: 0.0000, Adv: 0.5480) | Train Acc: 0.9688 | Val Acc: 0.8056 | Val P/R/F1 (Macro): 0.5434/0.5429/0.5086 | LR: 0.000005
Epoch [36/100] | Loss: 1.4335 (Cls: 1.3502, TAL: 0.0000, Adv: 0.5556) | Train Acc: 0.9844 | Val Acc: 0.8889 | Val P/R/F1 (Macro): 0.5672/0.5929/0.5631 | LR: 0.000005
Epoch [37/100] | Loss: 1.4869 (Cls: 1.4070, TAL: 0.0000, Adv: 0.5323) | Train Acc: 0.9609 | Val Acc: 0.9444 | Val P/R/F1 (Macro): 0.6148/0.6196/0.6145 | LR: 0.000005
Epoch [38/100] | Loss: 1.4380 (Cls: 1.3573, TAL: 0.0000, Adv: 0.5378) | Train Acc: 0.9844 | Val Acc: 0.9444 | Val P/R/F1 (Macro): 0.6167/0.6220/0.6183 | LR: 0.000005
Epoch [39/100] | Loss: 1.4472 (Cls: 1.3692, TAL: 0.0000, Adv: 0.5197) | Train Acc: 0.9922 | Val Acc: 0.9444 | Val P/R/F1 (Macro): 0.6167/0.6220/0.6183 | LR: 0.000005
Epoch [40/100] | Loss: 1.4110 (Cls: 1.3400, TAL: 0.0000, Adv: 0.4735) | Train Acc: 0.9766 | Val Acc: 0.9722 | Val P/R/F1 (Macro): 0.6286/0.6310/0.6284 | LR: 0.000005
Epoch [41/100] | Loss: 1.4665 (Cls: 1.3907, TAL: 0.0000, Adv: 0.5054) | Train Acc: 1.0000 | Val Acc: 0.9722 | Val P/R/F1 (Macro): 0.6286/0.6310/0.6284 | LR: 0.000005
Epoch [42/100] | Loss: 1.4370 (Cls: 1.3705, TAL: 0.0000, Adv: 0.4429) | Train Acc: 0.9922 | Val Acc: 0.9722 | Val P/R/F1 (Macro): 0.6286/0.6310/0.6284 | LR: 0.000005
Epoch [43/100] | Loss: 1.3863 (Cls: 1.3223, TAL: 0.0000, Adv: 0.4262) | Train Acc: 0.9766 | Val Acc: 0.9722 | Val P/R/F1 (Macro): 0.6250/0.6250/0.6224 | LR: 0.000005
Epoch [44/100] | Loss: 1.3481 (Cls: 1.2825, TAL: 0.0000, Adv: 0.4370) | Train Acc: 0.9922 | Val Acc: 0.9722 | Val P/R/F1 (Macro): 0.6250/0.6250/0.6224 | LR: 0.000005
Epoch [45/100] | Loss: 1.3643 (Cls: 1.3002, TAL: 0.0000, Adv: 0.4272) | Train Acc: 0.9922 | Val Acc: 0.9444 | Val P/R/F1 (Macro): 0.6148/0.6161/0.6122 | LR: 0.000005
Epoch [46/100] | Loss: 1.3877 (Cls: 1.3224, TAL: 0.0000, Adv: 0.4353) | Train Acc: 0.9844 | Val Acc: 0.9722 | Val P/R/F1 (Macro): 0.6327/0.6339/0.6326 | LR: 0.000003
Epoch [47/100] | Loss: 1.3663 (Cls: 1.3086, TAL: 0.0000, Adv: 0.3847) | Train Acc: 1.0000 | Val Acc: 0.9722 | Val P/R/F1 (Macro): 0.6327/0.6339/0.6326 | LR: 0.000003
Epoch [48/100] | Loss: 1.3414 (Cls: 1.2937, TAL: 0.0000, Adv: 0.3179) | Train Acc: 0.9844 | Val Acc: 0.9722 | Val P/R/F1 (Macro): 0.6327/0.6339/0.6326 | LR: 0.000003
Epoch [49/100] | Loss: 1.3819 (Cls: 1.3269, TAL: 0.0000, Adv: 0.3665) | Train Acc: 1.0000 | Val Acc: 0.9722 | Val P/R/F1 (Macro): 0.6327/0.6339/0.6326 | LR: 0.000003
Epoch [50/100] | Loss: 1.3460 (Cls: 1.2982, TAL: 0.0000, Adv: 0.3190) | Train Acc: 1.0000 | Val Acc: 0.9722 | Val P/R/F1 (Macro): 0.6327/0.6339/0.6326 | LR: 0.000003
Epoch [51/100] | Loss: 1.3345 (Cls: 1.2792, TAL: 0.0000, Adv: 0.3689) | Train Acc: 1.0000 | Val Acc: 1.0000 | Val P/R/F1 (Macro): 0.6429/0.6429/0.6429 | LR: 0.000003
Epoch [52/100] | Loss: 1.3238 (Cls: 1.2694, TAL: 0.0000, Adv: 0.3622) | Train Acc: 1.0000 | Val Acc: 1.0000 | Val P/R/F1 (Macro): 0.6429/0.6429/0.6429 | LR: 0.000003
Epoch [53/100] | Loss: 1.3289 (Cls: 1.2802, TAL: 0.0000, Adv: 0.3244) | Train Acc: 1.0000 | Val Acc: 0.9722 | Val P/R/F1 (Macro): 0.6286/0.6310/0.6284 | LR: 0.000003
Epoch [54/100] | Loss: 1.3137 (Cls: 1.2697, TAL: 0.0000, Adv: 0.2937) | Train Acc: 1.0000 | Val Acc: 0.9722 | Val P/R/F1 (Macro): 0.6286/0.6310/0.6284 | LR: 0.000003
Epoch [55/100] | Loss: 1.3358 (Cls: 1.2931, TAL: 0.0000, Adv: 0.2847) | Train Acc: 0.9766 | Val Acc: 0.9722 | Val P/R/F1 (Macro): 0.6286/0.6310/0.6284 | LR: 0.000003
Epoch [56/100] | Loss: 1.3508 (Cls: 1.3126, TAL: 0.0000, Adv: 0.2547) | Train Acc: 0.9922 | Val Acc: 0.9722 | Val P/R/F1 (Macro): 0.6327/0.6339/0.6326 | LR: 0.000003
Epoch [57/100] | Loss: 1.3079 (Cls: 1.2713, TAL: 0.0000, Adv: 0.2438) | Train Acc: 1.0000 | Val Acc: 0.9722 | Val P/R/F1 (Macro): 0.6327/0.6339/0.6326 | LR: 0.000001
Epoch [58/100] | Loss: 1.3135 (Cls: 1.2750, TAL: 0.0000, Adv: 0.2565) | Train Acc: 0.9922 | Val Acc: 0.9722 | Val P/R/F1 (Macro): 0.6327/0.6339/0.6326 | LR: 0.000001
Epoch [59/100] | Loss: 1.3112 (Cls: 1.2693, TAL: 0.0000, Adv: 0.2792) | Train Acc: 0.9922 | Val Acc: 0.9722 | Val P/R/F1 (Macro): 0.6327/0.6339/0.6326 | LR: 0.000001
Epoch [60/100] | Loss: 1.2992 (Cls: 1.2674, TAL: 0.0000, Adv: 0.2120) | Train Acc: 0.9922 | Val Acc: 0.9722 | Val P/R/F1 (Macro): 0.6327/0.6339/0.6326 | LR: 0.000001
Epoch [61/100] | Loss: 1.2999 (Cls: 1.2720, TAL: 0.0000, Adv: 0.1863) | Train Acc: 1.0000 | Val Acc: 0.9722 | Val P/R/F1 (Macro): 0.6327/0.6339/0.6326 | LR: 0.000001
Epoch [62/100] | Loss: 1.3033 (Cls: 1.2681, TAL: 0.0000, Adv: 0.2345) | Train Acc: 1.0000 | Val Acc: 0.9722 | Val P/R/F1 (Macro): 0.6327/0.6339/0.6326 | LR: 0.000001
Epoch [63/100] | Loss: 1.2903 (Cls: 1.2568, TAL: 0.0000, Adv: 0.2235) | Train Acc: 1.0000 | Val Acc: 0.9722 | Val P/R/F1 (Macro): 0.6327/0.6339/0.6326 | LR: 0.000001
Epoch [64/100] | Loss: 1.2767 (Cls: 1.2480, TAL: 0.0000, Adv: 0.1914) | Train Acc: 1.0000 | Val Acc: 0.9722 | Val P/R/F1 (Macro): 0.6327/0.6339/0.6326 | LR: 0.000001
Epoch [65/100] | Loss: 1.3194 (Cls: 1.2857, TAL: 0.0000, Adv: 0.2244) | Train Acc: 0.9922 | Val Acc: 0.9722 | Val P/R/F1 (Macro): 0.6327/0.6339/0.6326 | LR: 0.000001
Epoch [66/100] | Loss: 1.2810 (Cls: 1.2520, TAL: 0.0000, Adv: 0.1931) | Train Acc: 1.0000 | Val Acc: 0.9722 | Val P/R/F1 (Macro): 0.6327/0.6339/0.6326 | LR: 0.000001
Epoch [67/100] | Loss: 1.2760 (Cls: 1.2484, TAL: 0.0000, Adv: 0.1843) | Train Acc: 1.0000 | Val Acc: 0.9722 | Val P/R/F1 (Macro): 0.6327/0.6339/0.6326 | LR: 0.000001
Epoch [68/100] | Loss: 1.2464 (Cls: 1.2262, TAL: 0.0000, Adv: 0.1348) | Train Acc: 1.0000 | Val Acc: 0.9722 | Val P/R/F1 (Macro): 0.6327/0.6339/0.6326 | LR: 0.000001
Epoch [69/100] | Loss: 1.2610 (Cls: 1.2365, TAL: 0.0000, Adv: 0.1634) | Train Acc: 1.0000 | Val Acc: 0.9722 | Val P/R/F1 (Macro): 0.6327/0.6339/0.6326 | LR: 0.000001
Epoch [70/100] | Loss: 1.2805 (Cls: 1.2583, TAL: 0.0000, Adv: 0.1483) | Train Acc: 1.0000 | Val Acc: 0.9722 | Val P/R/F1 (Macro): 0.6327/0.6339/0.6326 | LR: 0.000001
Epoch [71/100] | Loss: 1.2657 (Cls: 1.2489, TAL: 0.0000, Adv: 0.1119) | Train Acc: 1.0000 | Val Acc: 0.9722 | Val P/R/F1 (Macro): 0.6327/0.6339/0.6326 | LR: 0.000001
Epoch [72/100] | Loss: 1.2604 (Cls: 1.2423, TAL: 0.0000, Adv: 0.1204) | Train Acc: 1.0000 | Val Acc: 0.9722 | Val P/R/F1 (Macro): 0.6327/0.6339/0.6326 | LR: 0.000001
Epoch [73/100] | Loss: 1.2993 (Cls: 1.2792, TAL: 0.0000, Adv: 0.1341) | Train Acc: 0.9922 | Val Acc: 0.9722 | Val P/R/F1 (Macro): 0.6327/0.6339/0.6326 | LR: 0.000001
Epoch [74/100] | Loss: 1.2914 (Cls: 1.2723, TAL: 0.0000, Adv: 0.1275) | Train Acc: 1.0000 | Val Acc: 1.0000 | Val P/R/F1 (Macro): 0.6429/0.6429/0.6429 | LR: 0.000001
Epoch [75/100] | Loss: 1.2683 (Cls: 1.2509, TAL: 0.0000, Adv: 0.1164) | Train Acc: 0.9922 | Val Acc: 1.0000 | Val P/R/F1 (Macro): 0.6429/0.6429/0.6429 | LR: 0.000001
Epoch [76/100] | Loss: 1.2800 (Cls: 1.2549, TAL: 0.0000, Adv: 0.1674) | Train Acc: 0.9922 | Val Acc: 1.0000 | Val P/R/F1 (Macro): 0.6429/0.6429/0.6429 | LR: 0.000001
Epoch [77/100] | Loss: 1.2620 (Cls: 1.2463, TAL: 0.0000, Adv: 0.1046) | Train Acc: 1.0000 | Val Acc: 1.0000 | Val P/R/F1 (Macro): 0.6429/0.6429/0.6429 | LR: 0.000001
Epoch [78/100] | Loss: 1.2894 (Cls: 1.2708, TAL: 0.0000, Adv: 0.1238) | Train Acc: 1.0000 | Val Acc: 1.0000 | Val P/R/F1 (Macro): 0.6429/0.6429/0.6429 | LR: 0.000001
Epoch [79/100] | Loss: 1.2875 (Cls: 1.2677, TAL: 0.0000, Adv: 0.1318) | Train Acc: 1.0000 | Val Acc: 1.0000 | Val P/R/F1 (Macro): 0.6429/0.6429/0.6429 | LR: 0.000001
Epoch [80/100] | Loss: 1.2692 (Cls: 1.2494, TAL: 0.0000, Adv: 0.1318) | Train Acc: 1.0000 | Val Acc: 0.9722 | Val P/R/F1 (Macro): 0.6327/0.6339/0.6326 | LR: 0.000001
Epoch [81/100] | Loss: 1.2525 (Cls: 1.2451, TAL: 0.0000, Adv: 0.0493) | Train Acc: 1.0000 | Val Acc: 0.9722 | Val P/R/F1 (Macro): 0.6327/0.6339/0.6326 | LR: 0.000001
Epoch [82/100] | Loss: 1.2586 (Cls: 1.2455, TAL: 0.0000, Adv: 0.0875) | Train Acc: 1.0000 | Val Acc: 0.9722 | Val P/R/F1 (Macro): 0.6327/0.6339/0.6326 | LR: 0.000001
Epoch [83/100] | Loss: 1.2613 (Cls: 1.2498, TAL: 0.0000, Adv: 0.0769) | Train Acc: 1.0000 | Val Acc: 0.9722 | Val P/R/F1 (Macro): 0.6327/0.6339/0.6326 | LR: 0.000001
Epoch [84/100] | Loss: 1.2914 (Cls: 1.2752, TAL: 0.0000, Adv: 0.1081) | Train Acc: 0.9922 | Val Acc: 0.9722 | Val P/R/F1 (Macro): 0.6327/0.6339/0.6326 | LR: 0.000001
Epoch [85/100] | Loss: 1.2616 (Cls: 1.2467, TAL: 0.0000, Adv: 0.0994) | Train Acc: 1.0000 | Val Acc: 0.9722 | Val P/R/F1 (Macro): 0.6327/0.6339/0.6326 | LR: 0.000001
Epoch [86/100] | Loss: 1.2708 (Cls: 1.2504, TAL: 0.0000, Adv: 0.1358) | Train Acc: 1.0000 | Val Acc: 0.9722 | Val P/R/F1 (Macro): 0.6327/0.6339/0.6326 | LR: 0.000001
Epoch [87/100] | Loss: 1.2598 (Cls: 1.2439, TAL: 0.0000, Adv: 0.1054) | Train Acc: 1.0000 | Val Acc: 1.0000 | Val P/R/F1 (Macro): 0.6429/0.6429/0.6429 | LR: 0.000001
Epoch [88/100] | Loss: 1.2897 (Cls: 1.2754, TAL: 0.0000, Adv: 0.0955) | Train Acc: 0.9922 | Val Acc: 1.0000 | Val P/R/F1 (Macro): 0.6429/0.6429/0.6429 | LR: 0.000001
Epoch [89/100] | Loss: 1.2689 (Cls: 1.2575, TAL: 0.0000, Adv: 0.0761) | Train Acc: 1.0000 | Val Acc: 1.0000 | Val P/R/F1 (Macro): 0.6429/0.6429/0.6429 | LR: 0.000001
Epoch [90/100] | Loss: 1.2682 (Cls: 1.2505, TAL: 0.0000, Adv: 0.1183) | Train Acc: 1.0000 | Val Acc: 0.9722 | Val P/R/F1 (Macro): 0.6327/0.6339/0.6326 | LR: 0.000001
Epoch [91/100] | Loss: 1.2576 (Cls: 1.2423, TAL: 0.0000, Adv: 0.1024) | Train Acc: 1.0000 | Val Acc: 0.9722 | Val P/R/F1 (Macro): 0.6327/0.6339/0.6326 | LR: 0.000001
Epoch [92/100] | Loss: 1.2824 (Cls: 1.2715, TAL: 0.0000, Adv: 0.0723) | Train Acc: 1.0000 | Val Acc: 1.0000 | Val P/R/F1 (Macro): 0.6429/0.6429/0.6429 | LR: 0.000001
Epoch [93/100] | Loss: 1.2611 (Cls: 1.2448, TAL: 0.0000, Adv: 0.1086) | Train Acc: 1.0000 | Val Acc: 0.9722 | Val P/R/F1 (Macro): 0.6327/0.6339/0.6326 | LR: 0.000001
Epoch [94/100] | Loss: 1.2926 (Cls: 1.2849, TAL: 0.0000, Adv: 0.0514) | Train Acc: 0.9844 | Val Acc: 0.9722 | Val P/R/F1 (Macro): 0.6327/0.6339/0.6326 | LR: 0.000001
Epoch [95/100] | Loss: 1.2481 (Cls: 1.2346, TAL: 0.0000, Adv: 0.0902) | Train Acc: 0.9922 | Val Acc: 0.9722 | Val P/R/F1 (Macro): 0.6327/0.6339/0.6326 | LR: 0.000001
Epoch [96/100] | Loss: 1.2571 (Cls: 1.2460, TAL: 0.0000, Adv: 0.0740) | Train Acc: 1.0000 | Val Acc: 0.9722 | Val P/R/F1 (Macro): 0.6327/0.6339/0.6326 | LR: 0.000001
Epoch [97/100] | Loss: 1.2761 (Cls: 1.2626, TAL: 0.0000, Adv: 0.0903) | Train Acc: 1.0000 | Val Acc: 0.9722 | Val P/R/F1 (Macro): 0.6327/0.6339/0.6326 | LR: 0.000001
Epoch [98/100] | Loss: 1.2559 (Cls: 1.2459, TAL: 0.0000, Adv: 0.0669) | Train Acc: 1.0000 | Val Acc: 1.0000 | Val P/R/F1 (Macro): 0.6429/0.6429/0.6429 | LR: 0.000001
Epoch [99/100] | Loss: 1.2833 (Cls: 1.2733, TAL: 0.0000, Adv: 0.0667) | Train Acc: 0.9922 | Val Acc: 0.9722 | Val P/R/F1 (Macro): 0.6327/0.6339/0.6326 | LR: 0.000001
Epoch [100/100] | Loss: 1.2573 (Cls: 1.2498, TAL: 0.0000, Adv: 0.0496) | Train Acc: 1.0000 | Val Acc: 1.0000 | Val P/R/F1 (Macro): 0.6429/0.6429/0.6429 | LR: 0.000001

迭代 4 最佳指标:
  Accuracy: 1.0000
  Precision (Macro): 0.6429
  Recall (Macro): 0.6429
  F1 (Macro): 0.6429
  Precision (Micro): 1.0000
  Recall (Micro): 1.0000
  F1 (Micro): 1.0000

================================================================================
迭代 5/5
随机种子: 46
================================================================================
Feature fusion: Channel concatenation (512+512); fused_dim=1024
Domain adaptation: standard source-target adversarial training, no generator
Loss weights: tensor=0.00, adv=0.15
Epoch [1/100] | Loss: 5.9339 (Cls: 5.7903, TAL: 0.0000, Adv: 0.9570) | Train Acc: 0.1641 | Val Acc: 0.4444 | Val P/R/F1 (Macro): 0.1399/0.1946/0.1594 | LR: 0.000010
  >>> New Best Val Acc: 0.4444
Epoch [2/100] | Loss: 4.2456 (Cls: 4.1056, TAL: 0.0000, Adv: 0.9332) | Train Acc: 0.3984 | Val Acc: 0.3333 | Val P/R/F1 (Macro): 0.1386/0.1565/0.1176 | LR: 0.000010
Epoch [3/100] | Loss: 3.6315 (Cls: 3.5046, TAL: 0.0000, Adv: 0.8465) | Train Acc: 0.5781 | Val Acc: 0.2222 | Val P/R/F1 (Macro): 0.0647/0.1250/0.0729 | LR: 0.000010
Epoch [4/100] | Loss: 3.3293 (Cls: 3.2150, TAL: 0.0000, Adv: 0.7623) | Train Acc: 0.5781 | Val Acc: 0.1389 | Val P/R/F1 (Macro): 0.0099/0.0714/0.0174 | LR: 0.000010
Epoch [5/100] | Loss: 2.7870 (Cls: 2.6672, TAL: 0.0000, Adv: 0.7987) | Train Acc: 0.7109 | Val Acc: 0.3056 | Val P/R/F1 (Macro): 0.0779/0.1488/0.0873 | LR: 0.000010
Epoch [6/100] | Loss: 2.5594 (Cls: 2.4421, TAL: 0.0000, Adv: 0.7818) | Train Acc: 0.7656 | Val Acc: 0.4444 | Val P/R/F1 (Macro): 0.3175/0.2387/0.2098 | LR: 0.000010
Epoch [7/100] | Loss: 2.6667 (Cls: 2.5447, TAL: 0.0000, Adv: 0.8130) | Train Acc: 0.6797 | Val Acc: 0.6389 | Val P/R/F1 (Macro): 0.3952/0.3911/0.3701 | LR: 0.000010
  >>> New Best Val Acc: 0.6389
Epoch [8/100] | Loss: 2.3913 (Cls: 2.2740, TAL: 0.0000, Adv: 0.7822) | Train Acc: 0.7656 | Val Acc: 0.6944 | Val P/R/F1 (Macro): 0.4515/0.4446/0.4268 | LR: 0.000010
  >>> New Best Val Acc: 0.6944
Epoch [9/100] | Loss: 2.3601 (Cls: 2.2461, TAL: 0.0000, Adv: 0.7601) | Train Acc: 0.8594 | Val Acc: 0.5556 | Val P/R/F1 (Macro): 0.4128/0.3762/0.3484 | LR: 0.000010
Epoch [10/100] | Loss: 2.1231 (Cls: 2.0117, TAL: 0.0000, Adv: 0.7429) | Train Acc: 0.8906 | Val Acc: 0.7222 | Val P/R/F1 (Macro): 0.4167/0.4565/0.4134 | LR: 0.000010
  >>> New Best Val Acc: 0.7222
Epoch [11/100] | Loss: 1.9385 (Cls: 1.8194, TAL: 0.0000, Adv: 0.7938) | Train Acc: 0.9141 | Val Acc: 0.8056 | Val P/R/F1 (Macro): 0.4711/0.4845/0.4404 | LR: 0.000010
  >>> New Best Val Acc: 0.8056
Epoch [12/100] | Loss: 2.0751 (Cls: 1.9590, TAL: 0.0000, Adv: 0.7739) | Train Acc: 0.8594 | Val Acc: 0.9444 | Val P/R/F1 (Macro): 0.5179/0.5536/0.5272 | LR: 0.000010
  >>> New Best Val Acc: 0.9444
Epoch [13/100] | Loss: 1.9668 (Cls: 1.8615, TAL: 0.0000, Adv: 0.7018) | Train Acc: 0.8984 | Val Acc: 0.9722 | Val P/R/F1 (Macro): 0.5357/0.5714/0.5476 | LR: 0.000010
  >>> New Best Val Acc: 0.9722
Epoch [14/100] | Loss: 1.8390 (Cls: 1.7303, TAL: 0.0000, Adv: 0.7250) | Train Acc: 0.9453 | Val Acc: 0.9444 | Val P/R/F1 (Macro): 0.5969/0.6161/0.5986 | LR: 0.000010
Epoch [15/100] | Loss: 1.8916 (Cls: 1.7896, TAL: 0.0000, Adv: 0.6803) | Train Acc: 0.9453 | Val Acc: 0.9167 | Val P/R/F1 (Macro): 0.5850/0.6071/0.5812 | LR: 0.000010
Epoch [16/100] | Loss: 1.8010 (Cls: 1.7007, TAL: 0.0000, Adv: 0.6690) | Train Acc: 0.9141 | Val Acc: 0.9722 | Val P/R/F1 (Macro): 0.6327/0.6339/0.6326 | LR: 0.000010
Epoch [17/100] | Loss: 1.7327 (Cls: 1.6231, TAL: 0.0000, Adv: 0.7305) | Train Acc: 0.9375 | Val Acc: 1.0000 | Val P/R/F1 (Macro): 0.6429/0.6429/0.6429 | LR: 0.000010
  >>> New Best Val Acc: 1.0000
Epoch [18/100] | Loss: 1.7180 (Cls: 1.6125, TAL: 0.0000, Adv: 0.7036) | Train Acc: 0.9922 | Val Acc: 1.0000 | Val P/R/F1 (Macro): 0.6429/0.6429/0.6429 | LR: 0.000010
Epoch [19/100] | Loss: 1.6738 (Cls: 1.5696, TAL: 0.0000, Adv: 0.6946) | Train Acc: 0.9531 | Val Acc: 0.9444 | Val P/R/F1 (Macro): 0.6171/0.6107/0.6103 | LR: 0.000010
Epoch [20/100] | Loss: 1.6419 (Cls: 1.5319, TAL: 0.0000, Adv: 0.7330) | Train Acc: 0.9219 | Val Acc: 0.9444 | Val P/R/F1 (Macro): 0.6171/0.6143/0.6106 | LR: 0.000010
Epoch [21/100] | Loss: 1.6119 (Cls: 1.5170, TAL: 0.0000, Adv: 0.6323) | Train Acc: 0.9609 | Val Acc: 1.0000 | Val P/R/F1 (Macro): 0.6429/0.6429/0.6429 | LR: 0.000010
Epoch [22/100] | Loss: 1.5816 (Cls: 1.4733, TAL: 0.0000, Adv: 0.7225) | Train Acc: 0.9844 | Val Acc: 1.0000 | Val P/R/F1 (Macro): 0.6429/0.6429/0.6429 | LR: 0.000010
Epoch [23/100] | Loss: 1.6024 (Cls: 1.5001, TAL: 0.0000, Adv: 0.6822) | Train Acc: 0.9844 | Val Acc: 1.0000 | Val P/R/F1 (Macro): 0.6429/0.6429/0.6429 | LR: 0.000010
Epoch [24/100] | Loss: 1.5039 (Cls: 1.4070, TAL: 0.0000, Adv: 0.6459) | Train Acc: 0.9688 | Val Acc: 1.0000 | Val P/R/F1 (Macro): 0.6429/0.6429/0.6429 | LR: 0.000010
Epoch [25/100] | Loss: 1.5985 (Cls: 1.5005, TAL: 0.0000, Adv: 0.6534) | Train Acc: 0.9453 | Val Acc: 0.9722 | Val P/R/F1 (Macro): 0.6250/0.6286/0.6247 | LR: 0.000010
Epoch [26/100] | Loss: 1.4927 (Cls: 1.3961, TAL: 0.0000, Adv: 0.6437) | Train Acc: 0.9922 | Val Acc: 0.9722 | Val P/R/F1 (Macro): 0.6250/0.6286/0.6247 | LR: 0.000010
Epoch [27/100] | Loss: 1.6017 (Cls: 1.5031, TAL: 0.0000, Adv: 0.6571) | Train Acc: 0.9844 | Val Acc: 0.9722 | Val P/R/F1 (Macro): 0.6327/0.6339/0.6326 | LR: 0.000010
Epoch [28/100] | Loss: 1.5149 (Cls: 1.4142, TAL: 0.0000, Adv: 0.6713) | Train Acc: 0.9844 | Val Acc: 0.8889 | Val P/R/F1 (Macro): 0.5791/0.5982/0.5678 | LR: 0.000005
Epoch [29/100] | Loss: 1.4870 (Cls: 1.3907, TAL: 0.0000, Adv: 0.6425) | Train Acc: 0.9844 | Val Acc: 0.9167 | Val P/R/F1 (Macro): 0.5893/0.6071/0.5796 | LR: 0.000005
Epoch [30/100] | Loss: 1.4822 (Cls: 1.3895, TAL: 0.0000, Adv: 0.6181) | Train Acc: 0.9844 | Val Acc: 0.9444 | Val P/R/F1 (Macro): 0.5952/0.6161/0.5922 | LR: 0.000005
Epoch [31/100] | Loss: 1.4547 (Cls: 1.3691, TAL: 0.0000, Adv: 0.5708) | Train Acc: 0.9922 | Val Acc: 0.9722 | Val P/R/F1 (Macro): 0.6071/0.6339/0.6143 | LR: 0.000005
Epoch [32/100] | Loss: 1.4654 (Cls: 1.3815, TAL: 0.0000, Adv: 0.5593) | Train Acc: 0.9922 | Val Acc: 1.0000 | Val P/R/F1 (Macro): 0.6429/0.6429/0.6429 | LR: 0.000005
Epoch [33/100] | Loss: 1.4416 (Cls: 1.3458, TAL: 0.0000, Adv: 0.6386) | Train Acc: 1.0000 | Val Acc: 0.9722 | Val P/R/F1 (Macro): 0.6071/0.6339/0.6143 | LR: 0.000005
Epoch [34/100] | Loss: 1.4461 (Cls: 1.3647, TAL: 0.0000, Adv: 0.5431) | Train Acc: 1.0000 | Val Acc: 0.9444 | Val P/R/F1 (Macro): 0.5952/0.6161/0.5922 | LR: 0.000005
Epoch [35/100] | Loss: 1.4902 (Cls: 1.4057, TAL: 0.0000, Adv: 0.5630) | Train Acc: 0.9609 | Val Acc: 0.9444 | Val P/R/F1 (Macro): 0.5969/0.6161/0.5986 | LR: 0.000005
Epoch [36/100] | Loss: 1.4949 (Cls: 1.4121, TAL: 0.0000, Adv: 0.5519) | Train Acc: 0.9766 | Val Acc: 1.0000 | Val P/R/F1 (Macro): 0.6429/0.6429/0.6429 | LR: 0.000005
Epoch [37/100] | Loss: 1.4655 (Cls: 1.3799, TAL: 0.0000, Adv: 0.5706) | Train Acc: 0.9688 | Val Acc: 1.0000 | Val P/R/F1 (Macro): 0.6429/0.6429/0.6429 | LR: 0.000005
Epoch [38/100] | Loss: 1.4864 (Cls: 1.4034, TAL: 0.0000, Adv: 0.5535) | Train Acc: 0.9766 | Val Acc: 0.9722 | Val P/R/F1 (Macro): 0.5635/0.5714/0.5672 | LR: 0.000005
Epoch [39/100] | Loss: 1.4375 (Cls: 1.3517, TAL: 0.0000, Adv: 0.5724) | Train Acc: 0.9844 | Val Acc: 0.9722 | Val P/R/F1 (Macro): 0.5635/0.5714/0.5672 | LR: 0.000003
Epoch [40/100] | Loss: 1.3985 (Cls: 1.3169, TAL: 0.0000, Adv: 0.5440) | Train Acc: 1.0000 | Val Acc: 0.9722 | Val P/R/F1 (Macro): 0.5635/0.5714/0.5672 | LR: 0.000003
Epoch [41/100] | Loss: 1.4562 (Cls: 1.3762, TAL: 0.0000, Adv: 0.5333) | Train Acc: 0.9922 | Val Acc: 1.0000 | Val P/R/F1 (Macro): 0.6429/0.6429/0.6429 | LR: 0.000003
Epoch [42/100] | Loss: 1.3963 (Cls: 1.3198, TAL: 0.0000, Adv: 0.5103) | Train Acc: 0.9922 | Val Acc: 1.0000 | Val P/R/F1 (Macro): 0.6429/0.6429/0.6429 | LR: 0.000003
Epoch [43/100] | Loss: 1.3647 (Cls: 1.2901, TAL: 0.0000, Adv: 0.4979) | Train Acc: 0.9922 | Val Acc: 1.0000 | Val P/R/F1 (Macro): 0.6429/0.6429/0.6429 | LR: 0.000003
Epoch [44/100] | Loss: 1.3617 (Cls: 1.2844, TAL: 0.0000, Adv: 0.5151) | Train Acc: 1.0000 | Val Acc: 1.0000 | Val P/R/F1 (Macro): 0.6429/0.6429/0.6429 | LR: 0.000003
Epoch [45/100] | Loss: 1.4474 (Cls: 1.3810, TAL: 0.0000, Adv: 0.4424) | Train Acc: 0.9844 | Val Acc: 1.0000 | Val P/R/F1 (Macro): 0.6429/0.6429/0.6429 | LR: 0.000003
Epoch [46/100] | Loss: 1.3656 (Cls: 1.2999, TAL: 0.0000, Adv: 0.4385) | Train Acc: 0.9922 | Val Acc: 1.0000 | Val P/R/F1 (Macro): 0.6429/0.6429/0.6429 | LR: 0.000003
Epoch [47/100] | Loss: 1.3635 (Cls: 1.2976, TAL: 0.0000, Adv: 0.4393) | Train Acc: 0.9766 | Val Acc: 1.0000 | Val P/R/F1 (Macro): 0.6429/0.6429/0.6429 | LR: 0.000003
Epoch [48/100] | Loss: 1.3757 (Cls: 1.3171, TAL: 0.0000, Adv: 0.3910) | Train Acc: 1.0000 | Val Acc: 1.0000 | Val P/R/F1 (Macro): 0.6429/0.6429/0.6429 | LR: 0.000003
Epoch [49/100] | Loss: 1.3413 (Cls: 1.2826, TAL: 0.0000, Adv: 0.3907) | Train Acc: 0.9922 | Val Acc: 1.0000 | Val P/R/F1 (Macro): 0.6429/0.6429/0.6429 | LR: 0.000003
Epoch [50/100] | Loss: 1.3371 (Cls: 1.2710, TAL: 0.0000, Adv: 0.4404) | Train Acc: 1.0000 | Val Acc: 1.0000 | Val P/R/F1 (Macro): 0.6429/0.6429/0.6429 | LR: 0.000001
Epoch [51/100] | Loss: 1.3833 (Cls: 1.3175, TAL: 0.0000, Adv: 0.4391) | Train Acc: 1.0000 | Val Acc: 1.0000 | Val P/R/F1 (Macro): 0.6429/0.6429/0.6429 | LR: 0.000001
Epoch [52/100] | Loss: 1.3362 (Cls: 1.2878, TAL: 0.0000, Adv: 0.3231) | Train Acc: 0.9922 | Val Acc: 1.0000 | Val P/R/F1 (Macro): 0.6429/0.6429/0.6429 | LR: 0.000001
Epoch [53/100] | Loss: 1.3316 (Cls: 1.2740, TAL: 0.0000, Adv: 0.3838) | Train Acc: 1.0000 | Val Acc: 1.0000 | Val P/R/F1 (Macro): 0.6429/0.6429/0.6429 | LR: 0.000001
Epoch [54/100] | Loss: 1.3771 (Cls: 1.3258, TAL: 0.0000, Adv: 0.3424) | Train Acc: 1.0000 | Val Acc: 1.0000 | Val P/R/F1 (Macro): 0.6429/0.6429/0.6429 | LR: 0.000001
Epoch [55/100] | Loss: 1.3221 (Cls: 1.2786, TAL: 0.0000, Adv: 0.2901) | Train Acc: 0.9922 | Val Acc: 1.0000 | Val P/R/F1 (Macro): 0.6429/0.6429/0.6429 | LR: 0.000001
Epoch [56/100] | Loss: 1.3348 (Cls: 1.2910, TAL: 0.0000, Adv: 0.2920) | Train Acc: 1.0000 | Val Acc: 1.0000 | Val P/R/F1 (Macro): 0.6429/0.6429/0.6429 | LR: 0.000001
Epoch [57/100] | Loss: 1.3215 (Cls: 1.2777, TAL: 0.0000, Adv: 0.2918) | Train Acc: 0.9922 | Val Acc: 1.0000 | Val P/R/F1 (Macro): 0.6429/0.6429/0.6429 | LR: 0.000001
Epoch [58/100] | Loss: 1.3389 (Cls: 1.3002, TAL: 0.0000, Adv: 0.2577) | Train Acc: 0.9844 | Val Acc: 1.0000 | Val P/R/F1 (Macro): 0.6429/0.6429/0.6429 | LR: 0.000001
Epoch [59/100] | Loss: 1.2839 (Cls: 1.2444, TAL: 0.0000, Adv: 0.2629) | Train Acc: 1.0000 | Val Acc: 1.0000 | Val P/R/F1 (Macro): 0.6429/0.6429/0.6429 | LR: 0.000001
Epoch [60/100] | Loss: 1.3254 (Cls: 1.2856, TAL: 0.0000, Adv: 0.2653) | Train Acc: 1.0000 | Val Acc: 1.0000 | Val P/R/F1 (Macro): 0.6429/0.6429/0.6429 | LR: 0.000001
Epoch [61/100] | Loss: 1.3230 (Cls: 1.2833, TAL: 0.0000, Adv: 0.2649) | Train Acc: 1.0000 | Val Acc: 1.0000 | Val P/R/F1 (Macro): 0.6429/0.6429/0.6429 | LR: 0.000001
Epoch [62/100] | Loss: 1.2845 (Cls: 1.2436, TAL: 0.0000, Adv: 0.2721) | Train Acc: 1.0000 | Val Acc: 1.0000 | Val P/R/F1 (Macro): 0.6429/0.6429/0.6429 | LR: 0.000001
Epoch [63/100] | Loss: 1.3141 (Cls: 1.2777, TAL: 0.0000, Adv: 0.2429) | Train Acc: 0.9844 | Val Acc: 1.0000 | Val P/R/F1 (Macro): 0.6429/0.6429/0.6429 | LR: 0.000001
Epoch [64/100] | Loss: 1.2972 (Cls: 1.2647, TAL: 0.0000, Adv: 0.2164) | Train Acc: 1.0000 | Val Acc: 1.0000 | Val P/R/F1 (Macro): 0.6429/0.6429/0.6429 | LR: 0.000001
Epoch [65/100] | Loss: 1.3092 (Cls: 1.2719, TAL: 0.0000, Adv: 0.2488) | Train Acc: 1.0000 | Val Acc: 1.0000 | Val P/R/F1 (Macro): 0.6429/0.6429/0.6429 | LR: 0.000001
Epoch [66/100] | Loss: 1.3357 (Cls: 1.3024, TAL: 0.0000, Adv: 0.2219) | Train Acc: 0.9922 | Val Acc: 1.0000 | Val P/R/F1 (Macro): 0.6429/0.6429/0.6429 | LR: 0.000001
Epoch [67/100] | Loss: 1.3361 (Cls: 1.3045, TAL: 0.0000, Adv: 0.2109) | Train Acc: 0.9922 | Val Acc: 1.0000 | Val P/R/F1 (Macro): 0.6429/0.6429/0.6429 | LR: 0.000001
Epoch [68/100] | Loss: 1.3121 (Cls: 1.2840, TAL: 0.0000, Adv: 0.1871) | Train Acc: 1.0000 | Val Acc: 1.0000 | Val P/R/F1 (Macro): 0.6429/0.6429/0.6429 | LR: 0.000001
Epoch [69/100] | Loss: 1.2922 (Cls: 1.2566, TAL: 0.0000, Adv: 0.2369) | Train Acc: 1.0000 | Val Acc: 1.0000 | Val P/R/F1 (Macro): 0.6429/0.6429/0.6429 | LR: 0.000001
Epoch [70/100] | Loss: 1.2854 (Cls: 1.2634, TAL: 0.0000, Adv: 0.1464) | Train Acc: 1.0000 | Val Acc: 1.0000 | Val P/R/F1 (Macro): 0.6429/0.6429/0.6429 | LR: 0.000001
Epoch [71/100] | Loss: 1.3048 (Cls: 1.2669, TAL: 0.0000, Adv: 0.2528) | Train Acc: 1.0000 | Val Acc: 1.0000 | Val P/R/F1 (Macro): 0.6429/0.6429/0.6429 | LR: 0.000001
Epoch [72/100] | Loss: 1.3212 (Cls: 1.2891, TAL: 0.0000, Adv: 0.2138) | Train Acc: 0.9922 | Val Acc: 1.0000 | Val P/R/F1 (Macro): 0.6429/0.6429/0.6429 | LR: 0.000001
Epoch [73/100] | Loss: 1.3209 (Cls: 1.2984, TAL: 0.0000, Adv: 0.1496) | Train Acc: 1.0000 | Val Acc: 1.0000 | Val P/R/F1 (Macro): 0.6429/0.6429/0.6429 | LR: 0.000001
Epoch [74/100] | Loss: 1.3495 (Cls: 1.3148, TAL: 0.0000, Adv: 0.2310) | Train Acc: 0.9922 | Val Acc: 1.0000 | Val P/R/F1 (Macro): 0.6429/0.6429/0.6429 | LR: 0.000001
Epoch [75/100] | Loss: 1.2634 (Cls: 1.2415, TAL: 0.0000, Adv: 0.1457) | Train Acc: 1.0000 | Val Acc: 1.0000 | Val P/R/F1 (Macro): 0.6429/0.6429/0.6429 | LR: 0.000001
Epoch [76/100] | Loss: 1.2817 (Cls: 1.2644, TAL: 0.0000, Adv: 0.1151) | Train Acc: 1.0000 | Val Acc: 1.0000 | Val P/R/F1 (Macro): 0.6429/0.6429/0.6429 | LR: 0.000001
Epoch [77/100] | Loss: 1.3036 (Cls: 1.2788, TAL: 0.0000, Adv: 0.1655) | Train Acc: 1.0000 | Val Acc: 1.0000 | Val P/R/F1 (Macro): 0.6429/0.6429/0.6429 | LR: 0.000001
Epoch [78/100] | Loss: 1.2849 (Cls: 1.2708, TAL: 0.0000, Adv: 0.0940) | Train Acc: 1.0000 | Val Acc: 1.0000 | Val P/R/F1 (Macro): 0.6429/0.6429/0.6429 | LR: 0.000001
Epoch [79/100] | Loss: 1.3286 (Cls: 1.3034, TAL: 0.0000, Adv: 0.1681) | Train Acc: 1.0000 | Val Acc: 1.0000 | Val P/R/F1 (Macro): 0.6429/0.6429/0.6429 | LR: 0.000001
Epoch [80/100] | Loss: 1.2767 (Cls: 1.2595, TAL: 0.0000, Adv: 0.1150) | Train Acc: 1.0000 | Val Acc: 1.0000 | Val P/R/F1 (Macro): 0.6429/0.6429/0.6429 | LR: 0.000001
Epoch [81/100] | Loss: 1.2979 (Cls: 1.2761, TAL: 0.0000, Adv: 0.1453) | Train Acc: 1.0000 | Val Acc: 1.0000 | Val P/R/F1 (Macro): 0.6429/0.6429/0.6429 | LR: 0.000001
Epoch [82/100] | Loss: 1.2980 (Cls: 1.2762, TAL: 0.0000, Adv: 0.1456) | Train Acc: 1.0000 | Val Acc: 1.0000 | Val P/R/F1 (Macro): 0.6429/0.6429/0.6429 | LR: 0.000001
Epoch [83/100] | Loss: 1.2889 (Cls: 1.2705, TAL: 0.0000, Adv: 0.1222) | Train Acc: 0.9922 | Val Acc: 1.0000 | Val P/R/F1 (Macro): 0.6429/0.6429/0.6429 | LR: 0.000001
Epoch [84/100] | Loss: 1.2985 (Cls: 1.2749, TAL: 0.0000, Adv: 0.1572) | Train Acc: 1.0000 | Val Acc: 1.0000 | Val P/R/F1 (Macro): 0.6429/0.6429/0.6429 | LR: 0.000001
Epoch [85/100] | Loss: 1.2940 (Cls: 1.2764, TAL: 0.0000, Adv: 0.1177) | Train Acc: 1.0000 | Val Acc: 1.0000 | Val P/R/F1 (Macro): 0.6429/0.6429/0.6429 | LR: 0.000001
Epoch [86/100] | Loss: 1.2723 (Cls: 1.2532, TAL: 0.0000, Adv: 0.1272) | Train Acc: 1.0000 | Val Acc: 1.0000 | Val P/R/F1 (Macro): 0.6429/0.6429/0.6429 | LR: 0.000001
Epoch [87/100] | Loss: 1.2669 (Cls: 1.2485, TAL: 0.0000, Adv: 0.1225) | Train Acc: 1.0000 | Val Acc: 1.0000 | Val P/R/F1 (Macro): 0.6429/0.6429/0.6429 | LR: 0.000001
Epoch [88/100] | Loss: 1.2965 (Cls: 1.2796, TAL: 0.0000, Adv: 0.1124) | Train Acc: 1.0000 | Val Acc: 1.0000 | Val P/R/F1 (Macro): 0.6429/0.6429/0.6429 | LR: 0.000001
Epoch [89/100] | Loss: 1.2659 (Cls: 1.2515, TAL: 0.0000, Adv: 0.0956) | Train Acc: 1.0000 | Val Acc: 1.0000 | Val P/R/F1 (Macro): 0.6429/0.6429/0.6429 | LR: 0.000001
Epoch [90/100] | Loss: 1.2894 (Cls: 1.2675, TAL: 0.0000, Adv: 0.1460) | Train Acc: 1.0000 | Val Acc: 1.0000 | Val P/R/F1 (Macro): 0.6429/0.6429/0.6429 | LR: 0.000001
Epoch [91/100] | Loss: 1.2559 (Cls: 1.2394, TAL: 0.0000, Adv: 0.1095) | Train Acc: 1.0000 | Val Acc: 1.0000 | Val P/R/F1 (Macro): 0.6429/0.6429/0.6429 | LR: 0.000001
Epoch [92/100] | Loss: 1.2782 (Cls: 1.2607, TAL: 0.0000, Adv: 0.1171) | Train Acc: 1.0000 | Val Acc: 1.0000 | Val P/R/F1 (Macro): 0.6429/0.6429/0.6429 | LR: 0.000001
Epoch [93/100] | Loss: 1.2686 (Cls: 1.2527, TAL: 0.0000, Adv: 0.1056) | Train Acc: 1.0000 | Val Acc: 1.0000 | Val P/R/F1 (Macro): 0.6429/0.6429/0.6429 | LR: 0.000001
Epoch [94/100] | Loss: 1.2401 (Cls: 1.2303, TAL: 0.0000, Adv: 0.0655) | Train Acc: 1.0000 | Val Acc: 1.0000 | Val P/R/F1 (Macro): 0.6429/0.6429/0.6429 | LR: 0.000001
Epoch [95/100] | Loss: 1.2715 (Cls: 1.2594, TAL: 0.0000, Adv: 0.0806) | Train Acc: 1.0000 | Val Acc: 1.0000 | Val P/R/F1 (Macro): 0.6429/0.6429/0.6429 | LR: 0.000001
Epoch [96/100] | Loss: 1.2916 (Cls: 1.2693, TAL: 0.0000, Adv: 0.1488) | Train Acc: 1.0000 | Val Acc: 1.0000 | Val P/R/F1 (Macro): 0.6429/0.6429/0.6429 | LR: 0.000001
Epoch [97/100] | Loss: 1.2752 (Cls: 1.2540, TAL: 0.0000, Adv: 0.1418) | Train Acc: 1.0000 | Val Acc: 1.0000 | Val P/R/F1 (Macro): 0.6429/0.6429/0.6429 | LR: 0.000001
Epoch [98/100] | Loss: 1.2808 (Cls: 1.2670, TAL: 0.0000, Adv: 0.0921) | Train Acc: 0.9922 | Val Acc: 1.0000 | Val P/R/F1 (Macro): 0.6429/0.6429/0.6429 | LR: 0.000001
Epoch [99/100] | Loss: 1.2601 (Cls: 1.2502, TAL: 0.0000, Adv: 0.0658) | Train Acc: 1.0000 | Val Acc: 1.0000 | Val P/R/F1 (Macro): 0.6429/0.6429/0.6429 | LR: 0.000001
Epoch [100/100] | Loss: 1.2805 (Cls: 1.2708, TAL: 0.0000, Adv: 0.0651) | Train Acc: 1.0000 | Val Acc: 1.0000 | Val P/R/F1 (Macro): 0.6429/0.6429/0.6429 | LR: 0.000001

迭代 5 最佳指标:
  Accuracy: 1.0000
  Precision (Macro): 0.6429
  Recall (Macro): 0.6429
  F1 (Macro): 0.6429
  Precision (Micro): 1.0000
  Recall (Micro): 1.0000
  F1 (Micro): 1.0000

================================================================================
5次迭代统计结果
================================================================================

accuracy:
  各迭代值: ['1.0000', '1.0000', '1.0000', '1.0000', '1.0000']
  均值 (Mean): 1.0000
  标准差 (Std): 0.0000

precision_macro:
  各迭代值: ['0.6429', '0.6429', '0.6429', '0.6429', '0.6429']
  均值 (Mean): 0.6429
  标准差 (Std): 0.0000

recall_macro:
  各迭代值: ['0.6429', '0.6429', '0.6429', '0.6429', '0.6429']
  均值 (Mean): 0.6429
  标准差 (Std): 0.0000

f1_macro:
  各迭代值: ['0.6429', '0.6429', '0.6429', '0.6429', '0.6429']
  均值 (Mean): 0.6429
  标准差 (Std): 0.0000

precision_micro:
  各迭代值: ['1.0000', '1.0000', '1.0000', '1.0000', '1.0000']
  均值 (Mean): 1.0000
  标准差 (Std): 0.0000

recall_micro:
  各迭代值: ['1.0000', '1.0000', '1.0000', '1.0000', '1.0000']
  均值 (Mean): 1.0000
  标准差 (Std): 0.0000

f1_micro:
  各迭代值: ['1.0000', '1.0000', '1.0000', '1.0000', '1.0000']
  均值 (Mean): 1.0000
  标准差 (Std): 0.0000

训练结束时间: 2026-06-24 20:24:31
================================================================================
