================================================================================
模块消融实验 - without_tensor_with_ot
目标域天气: 黑天
训练开始时间: 2026-07-11 03:44:07
设备: cuda
源域: /home/lixiang/lx/Data/晴天
目标域: /home/lixiang/lx/Data/黑天
批次大小: 32
总轮数: 100
迭代次数: 5
使用Tensor模块: 否
使用OT模块: 是
特征融合方式: 通道拼接
域对齐方式: 最优传输
================================================================================

================================================================================
迭代 1/5
随机种子: 42
================================================================================
Training mode: unpaired target adaptation with controlled target-label loss (ratio=0.35, weight=0.50).
Fixed labeled target subset: 163/465 samples.
Feature fusion: Channel concatenation (512+512); fused_dim=1024
Domain adaptation: Neural OT generator with 3-domain discriminator
Loss weights: tensor=0.00, adv=0.15
Epoch [1/100] | Loss: 6.2414 (Cls: 6.2010, TAL: 0.0000, Adv: 0.2692) | Train Acc: 0.2567 | Val Acc: 0.0083 | Val P/R/F1 (Macro): 0.0625/0.0048/0.0089 | LR: 0.000010
  >>> New Best Val Acc: 0.0083
Epoch [2/100] | Loss: 4.8088 (Cls: 4.7189, TAL: 0.0000, Adv: 0.5996) | Train Acc: 0.4821 | Val Acc: 0.3000 | Val P/R/F1 (Macro): 0.2731/0.1636/0.1890 | LR: 0.000010
  >>> New Best Val Acc: 0.3000
Epoch [3/100] | Loss: 4.1080 (Cls: 3.9680, TAL: 0.0000, Adv: 0.9334) | Train Acc: 0.6607 | Val Acc: 0.3000 | Val P/R/F1 (Macro): 0.2886/0.1753/0.1586 | LR: 0.000010
Epoch [4/100] | Loss: 3.6188 (Cls: 3.4206, TAL: 0.0000, Adv: 1.3213) | Train Acc: 0.7076 | Val Acc: 0.4167 | Val P/R/F1 (Macro): 0.2978/0.2396/0.2514 | LR: 0.000010
  >>> New Best Val Acc: 0.4167
Epoch [5/100] | Loss: 3.3551 (Cls: 3.1006, TAL: 0.0000, Adv: 1.6965) | Train Acc: 0.8147 | Val Acc: 0.5417 | Val P/R/F1 (Macro): 0.4757/0.3560/0.3954 | LR: 0.000010
  >>> New Best Val Acc: 0.5417
Epoch [6/100] | Loss: 2.9540 (Cls: 2.6633, TAL: 0.0000, Adv: 1.9379) | Train Acc: 0.8348 | Val Acc: 0.5083 | Val P/R/F1 (Macro): 0.5155/0.3362/0.3812 | LR: 0.000010
Epoch [7/100] | Loss: 2.7675 (Cls: 2.4637, TAL: 0.0000, Adv: 2.0252) | Train Acc: 0.8728 | Val Acc: 0.5833 | Val P/R/F1 (Macro): 0.5167/0.5143/0.4984 | LR: 0.000010
  >>> New Best Val Acc: 0.5833
Epoch [8/100] | Loss: 2.8308 (Cls: 2.4835, TAL: 0.0000, Adv: 2.3156) | Train Acc: 0.8683 | Val Acc: 0.6667 | Val P/R/F1 (Macro): 0.5589/0.4467/0.4727 | LR: 0.000010
  >>> New Best Val Acc: 0.6667
Epoch [9/100] | Loss: 2.6682 (Cls: 2.2742, TAL: 0.0000, Adv: 2.6269) | Train Acc: 0.9107 | Val Acc: 0.5333 | Val P/R/F1 (Macro): 0.5175/0.4021/0.4290 | LR: 0.000010
Epoch [10/100] | Loss: 2.6373 (Cls: 2.2347, TAL: 0.0000, Adv: 2.6839) | Train Acc: 0.9129 | Val Acc: 0.4667 | Val P/R/F1 (Macro): 0.4739/0.4509/0.4204 | LR: 0.000010
Epoch [11/100] | Loss: 2.5682 (Cls: 2.1692, TAL: 0.0000, Adv: 2.6600) | Train Acc: 0.9263 | Val Acc: 0.6667 | Val P/R/F1 (Macro): 0.5857/0.5832/0.5649 | LR: 0.000010
Epoch [12/100] | Loss: 2.5290 (Cls: 2.1126, TAL: 0.0000, Adv: 2.7760) | Train Acc: 0.9152 | Val Acc: 0.7083 | Val P/R/F1 (Macro): 0.7808/0.6787/0.7152 | LR: 0.000010
  >>> New Best Val Acc: 0.7083
Epoch [13/100] | Loss: 2.5841 (Cls: 2.1435, TAL: 0.0000, Adv: 2.9369) | Train Acc: 0.9375 | Val Acc: 0.6583 | Val P/R/F1 (Macro): 0.7059/0.5732/0.5999 | LR: 0.000010
Epoch [14/100] | Loss: 2.5138 (Cls: 2.0543, TAL: 0.0000, Adv: 3.0634) | Train Acc: 0.9397 | Val Acc: 0.7167 | Val P/R/F1 (Macro): 0.6918/0.5160/0.5610 | LR: 0.000010
  >>> New Best Val Acc: 0.7167
Epoch [15/100] | Loss: 2.3611 (Cls: 1.9309, TAL: 0.0000, Adv: 2.8678) | Train Acc: 0.9509 | Val Acc: 0.7083 | Val P/R/F1 (Macro): 0.7118/0.5712/0.6148 | LR: 0.000010
Epoch [16/100] | Loss: 2.4277 (Cls: 1.9873, TAL: 0.0000, Adv: 2.9359) | Train Acc: 0.9576 | Val Acc: 0.6917 | Val P/R/F1 (Macro): 0.7049/0.5009/0.5608 | LR: 0.000010
Epoch [17/100] | Loss: 2.4019 (Cls: 1.9251, TAL: 0.0000, Adv: 3.1782) | Train Acc: 0.9509 | Val Acc: 0.8167 | Val P/R/F1 (Macro): 0.8305/0.6933/0.7446 | LR: 0.000010
  >>> New Best Val Acc: 0.8167
Epoch [18/100] | Loss: 2.4409 (Cls: 1.9294, TAL: 0.0000, Adv: 3.4102) | Train Acc: 0.9688 | Val Acc: 0.6833 | Val P/R/F1 (Macro): 0.8241/0.6427/0.6828 | LR: 0.000010
Epoch [19/100] | Loss: 2.3705 (Cls: 1.8743, TAL: 0.0000, Adv: 3.3076) | Train Acc: 0.9531 | Val Acc: 0.7500 | Val P/R/F1 (Macro): 0.7327/0.6752/0.6945 | LR: 0.000010
Epoch [20/100] | Loss: 2.4035 (Cls: 1.8828, TAL: 0.0000, Adv: 3.4711) | Train Acc: 0.9576 | Val Acc: 0.7083 | Val P/R/F1 (Macro): 0.8193/0.6402/0.6844 | LR: 0.000010
Epoch [21/100] | Loss: 2.2969 (Cls: 1.7760, TAL: 0.0000, Adv: 3.4731) | Train Acc: 0.9688 | Val Acc: 0.5333 | Val P/R/F1 (Macro): 0.6534/0.5111/0.5014 | LR: 0.000010
Epoch [22/100] | Loss: 2.4123 (Cls: 1.8469, TAL: 0.0000, Adv: 3.7695) | Train Acc: 0.9643 | Val Acc: 0.7583 | Val P/R/F1 (Macro): 0.9181/0.7541/0.7805 | LR: 0.000010
Epoch [23/100] | Loss: 2.3912 (Cls: 1.8340, TAL: 0.0000, Adv: 3.7147) | Train Acc: 0.9665 | Val Acc: 0.7333 | Val P/R/F1 (Macro): 0.7806/0.5887/0.6260 | LR: 0.000010
Epoch [24/100] | Loss: 2.3213 (Cls: 1.7771, TAL: 0.0000, Adv: 3.6280) | Train Acc: 0.9754 | Val Acc: 0.7000 | Val P/R/F1 (Macro): 0.7946/0.6329/0.6660 | LR: 0.000010
Epoch [25/100] | Loss: 2.2941 (Cls: 1.7226, TAL: 0.0000, Adv: 3.8104) | Train Acc: 0.9821 | Val Acc: 0.6333 | Val P/R/F1 (Macro): 0.6860/0.4992/0.5517 | LR: 0.000010
Epoch [26/100] | Loss: 2.3993 (Cls: 1.8134, TAL: 0.0000, Adv: 3.9061) | Train Acc: 0.9754 | Val Acc: 0.8000 | Val P/R/F1 (Macro): 0.8782/0.7204/0.7691 | LR: 0.000010
Epoch [27/100] | Loss: 2.2936 (Cls: 1.7147, TAL: 0.0000, Adv: 3.8591) | Train Acc: 0.9844 | Val Acc: 0.7667 | Val P/R/F1 (Macro): 0.6383/0.6561/0.6431 | LR: 0.000010
Epoch [28/100] | Loss: 2.2981 (Cls: 1.7439, TAL: 0.0000, Adv: 3.6942) | Train Acc: 0.9844 | Val Acc: 0.7917 | Val P/R/F1 (Macro): 0.8113/0.6635/0.7106 | LR: 0.000005
Epoch [29/100] | Loss: 2.2815 (Cls: 1.7321, TAL: 0.0000, Adv: 3.6631) | Train Acc: 0.9621 | Val Acc: 0.7917 | Val P/R/F1 (Macro): 0.7922/0.7353/0.7504 | LR: 0.000005
Epoch [30/100] | Loss: 2.2140 (Cls: 1.6508, TAL: 0.0000, Adv: 3.7548) | Train Acc: 0.9844 | Val Acc: 0.8500 | Val P/R/F1 (Macro): 0.9401/0.8423/0.8778 | LR: 0.000005
  >>> New Best Val Acc: 0.8500
Epoch [31/100] | Loss: 2.2015 (Cls: 1.6304, TAL: 0.0000, Adv: 3.8069) | Train Acc: 0.9866 | Val Acc: 0.8667 | Val P/R/F1 (Macro): 0.8073/0.7818/0.7912 | LR: 0.000005
  >>> New Best Val Acc: 0.8667
Epoch [32/100] | Loss: 2.1770 (Cls: 1.5958, TAL: 0.0000, Adv: 3.8748) | Train Acc: 0.9978 | Val Acc: 0.8167 | Val P/R/F1 (Macro): 0.9479/0.7487/0.7943 | LR: 0.000005
Epoch [33/100] | Loss: 2.1961 (Cls: 1.6097, TAL: 0.0000, Adv: 3.9093) | Train Acc: 0.9911 | Val Acc: 0.8333 | Val P/R/F1 (Macro): 0.8986/0.7287/0.7724 | LR: 0.000005
Epoch [34/100] | Loss: 2.2027 (Cls: 1.6302, TAL: 0.0000, Adv: 3.8169) | Train Acc: 0.9866 | Val Acc: 0.8083 | Val P/R/F1 (Macro): 0.9766/0.7153/0.7755 | LR: 0.000005
Epoch [35/100] | Loss: 2.2697 (Cls: 1.6769, TAL: 0.0000, Adv: 3.9520) | Train Acc: 0.9821 | Val Acc: 0.8083 | Val P/R/F1 (Macro): 0.8206/0.6995/0.7357 | LR: 0.000005
Epoch [36/100] | Loss: 2.2155 (Cls: 1.5997, TAL: 0.0000, Adv: 4.1051) | Train Acc: 0.9888 | Val Acc: 0.7667 | Val P/R/F1 (Macro): 0.8485/0.6608/0.7206 | LR: 0.000005
Epoch [37/100] | Loss: 2.2147 (Cls: 1.6035, TAL: 0.0000, Adv: 4.0746) | Train Acc: 0.9844 | Val Acc: 0.8083 | Val P/R/F1 (Macro): 0.8062/0.6869/0.7282 | LR: 0.000005
Epoch [38/100] | Loss: 2.2150 (Cls: 1.6021, TAL: 0.0000, Adv: 4.0864) | Train Acc: 0.9933 | Val Acc: 0.8583 | Val P/R/F1 (Macro): 0.9391/0.8091/0.8450 | LR: 0.000005
Epoch [39/100] | Loss: 2.2421 (Cls: 1.5955, TAL: 0.0000, Adv: 4.3111) | Train Acc: 0.9955 | Val Acc: 0.8417 | Val P/R/F1 (Macro): 0.9579/0.8392/0.8859 | LR: 0.000005
Epoch [40/100] | Loss: 2.2313 (Cls: 1.5830, TAL: 0.0000, Adv: 4.3220) | Train Acc: 0.9911 | Val Acc: 0.8250 | Val P/R/F1 (Macro): 0.9417/0.7657/0.8319 | LR: 0.000005
Epoch [41/100] | Loss: 2.2512 (Cls: 1.5963, TAL: 0.0000, Adv: 4.3664) | Train Acc: 0.9955 | Val Acc: 0.8500 | Val P/R/F1 (Macro): 0.9271/0.7785/0.8258 | LR: 0.000005
Epoch [42/100] | Loss: 2.2293 (Cls: 1.5613, TAL: 0.0000, Adv: 4.4530) | Train Acc: 1.0000 | Val Acc: 0.7667 | Val P/R/F1 (Macro): 0.7876/0.6976/0.7226 | LR: 0.000003
Epoch [43/100] | Loss: 2.2651 (Cls: 1.5864, TAL: 0.0000, Adv: 4.5242) | Train Acc: 0.9955 | Val Acc: 0.8167 | Val P/R/F1 (Macro): 0.9548/0.7184/0.7683 | LR: 0.000003
Epoch [44/100] | Loss: 2.2174 (Cls: 1.5578, TAL: 0.0000, Adv: 4.3969) | Train Acc: 0.9955 | Val Acc: 0.8167 | Val P/R/F1 (Macro): 0.9628/0.7430/0.8101 | LR: 0.000003
Epoch [45/100] | Loss: 2.2456 (Cls: 1.5630, TAL: 0.0000, Adv: 4.5508) | Train Acc: 0.9933 | Val Acc: 0.8333 | Val P/R/F1 (Macro): 0.9272/0.7472/0.8046 | LR: 0.000003
Epoch [46/100] | Loss: 2.2171 (Cls: 1.5557, TAL: 0.0000, Adv: 4.4094) | Train Acc: 0.9933 | Val Acc: 0.7500 | Val P/R/F1 (Macro): 0.8153/0.6766/0.7153 | LR: 0.000003
Epoch [47/100] | Loss: 2.2500 (Cls: 1.5598, TAL: 0.0000, Adv: 4.6015) | Train Acc: 0.9978 | Val Acc: 0.8333 | Val P/R/F1 (Macro): 0.8105/0.7314/0.7576 | LR: 0.000003
Epoch [48/100] | Loss: 2.2188 (Cls: 1.5434, TAL: 0.0000, Adv: 4.5024) | Train Acc: 0.9955 | Val Acc: 0.8083 | Val P/R/F1 (Macro): 0.9485/0.7129/0.7615 | LR: 0.000003
Epoch [49/100] | Loss: 2.2380 (Cls: 1.5334, TAL: 0.0000, Adv: 4.6971) | Train Acc: 0.9955 | Val Acc: 0.8167 | Val P/R/F1 (Macro): 0.9429/0.7513/0.8132 | LR: 0.000003
Epoch [50/100] | Loss: 2.2195 (Cls: 1.5267, TAL: 0.0000, Adv: 4.6187) | Train Acc: 0.9978 | Val Acc: 0.8000 | Val P/R/F1 (Macro): 0.8621/0.6997/0.7664 | LR: 0.000003
Epoch [51/100] | Loss: 2.2424 (Cls: 1.5211, TAL: 0.0000, Adv: 4.8089) | Train Acc: 1.0000 | Val Acc: 0.8500 | Val P/R/F1 (Macro): 0.9798/0.8171/0.8824 | LR: 0.000003
Epoch [52/100] | Loss: 2.2471 (Cls: 1.5274, TAL: 0.0000, Adv: 4.7980) | Train Acc: 0.9978 | Val Acc: 0.8000 | Val P/R/F1 (Macro): 0.8456/0.6839/0.7286 | LR: 0.000003
Epoch [53/100] | Loss: 2.2525 (Cls: 1.5310, TAL: 0.0000, Adv: 4.8100) | Train Acc: 1.0000 | Val Acc: 0.8250 | Val P/R/F1 (Macro): 0.9449/0.7322/0.7850 | LR: 0.000001
Epoch [54/100] | Loss: 2.2500 (Cls: 1.5328, TAL: 0.0000, Adv: 4.7818) | Train Acc: 0.9911 | Val Acc: 0.8250 | Val P/R/F1 (Macro): 0.9516/0.7466/0.8048 | LR: 0.000001
Epoch [55/100] | Loss: 2.2405 (Cls: 1.5211, TAL: 0.0000, Adv: 4.7963) | Train Acc: 1.0000 | Val Acc: 0.8417 | Val P/R/F1 (Macro): 0.9621/0.7913/0.8503 | LR: 0.000001
Epoch [56/100] | Loss: 2.2528 (Cls: 1.5298, TAL: 0.0000, Adv: 4.8205) | Train Acc: 0.9978 | Val Acc: 0.8583 | Val P/R/F1 (Macro): 0.9583/0.8202/0.8751 | LR: 0.000001
Epoch [57/100] | Loss: 2.2491 (Cls: 1.5276, TAL: 0.0000, Adv: 4.8095) | Train Acc: 1.0000 | Val Acc: 0.8583 | Val P/R/F1 (Macro): 0.9485/0.7965/0.8438 | LR: 0.000001
Epoch [58/100] | Loss: 2.2787 (Cls: 1.5209, TAL: 0.0000, Adv: 5.0517) | Train Acc: 0.9978 | Val Acc: 0.8167 | Val P/R/F1 (Macro): 0.9735/0.7411/0.8111 | LR: 0.000001
Epoch [59/100] | Loss: 2.2483 (Cls: 1.5103, TAL: 0.0000, Adv: 4.9197) | Train Acc: 0.9978 | Val Acc: 0.8083 | Val P/R/F1 (Macro): 0.9583/0.7641/0.8233 | LR: 0.000001
Epoch [60/100] | Loss: 2.2657 (Cls: 1.5154, TAL: 0.0000, Adv: 5.0022) | Train Acc: 1.0000 | Val Acc: 0.8000 | Val P/R/F1 (Macro): 0.9621/0.7099/0.7676 | LR: 0.000001
Epoch [61/100] | Loss: 2.2583 (Cls: 1.5152, TAL: 0.0000, Adv: 4.9539) | Train Acc: 1.0000 | Val Acc: 0.8083 | Val P/R/F1 (Macro): 0.9548/0.7405/0.8028 | LR: 0.000001
Epoch [62/100] | Loss: 2.2546 (Cls: 1.5001, TAL: 0.0000, Adv: 5.0295) | Train Acc: 1.0000 | Val Acc: 0.8583 | Val P/R/F1 (Macro): 0.9547/0.7965/0.8482 | LR: 0.000001
Epoch [63/100] | Loss: 2.2600 (Cls: 1.5026, TAL: 0.0000, Adv: 5.0488) | Train Acc: 1.0000 | Val Acc: 0.8500 | Val P/R/F1 (Macro): 0.9621/0.8069/0.8655 | LR: 0.000001
Epoch [64/100] | Loss: 2.2691 (Cls: 1.5160, TAL: 0.0000, Adv: 5.0208) | Train Acc: 0.9955 | Val Acc: 0.8500 | Val P/R/F1 (Macro): 0.9706/0.7911/0.8502 | LR: 0.000001
Epoch [65/100] | Loss: 2.2555 (Cls: 1.4952, TAL: 0.0000, Adv: 5.0691) | Train Acc: 0.9978 | Val Acc: 0.8583 | Val P/R/F1 (Macro): 0.9516/0.8202/0.8711 | LR: 0.000001
Epoch [66/100] | Loss: 2.2771 (Cls: 1.5237, TAL: 0.0000, Adv: 5.0227) | Train Acc: 1.0000 | Val Acc: 0.8500 | Val P/R/F1 (Macro): 0.9583/0.8171/0.8733 | LR: 0.000001
Epoch [67/100] | Loss: 2.2806 (Cls: 1.5141, TAL: 0.0000, Adv: 5.1098) | Train Acc: 1.0000 | Val Acc: 0.8750 | Val P/R/F1 (Macro): 0.9427/0.8538/0.8894 | LR: 0.000001
  >>> New Best Val Acc: 0.8750
Epoch [68/100] | Loss: 2.2686 (Cls: 1.5062, TAL: 0.0000, Adv: 5.0832) | Train Acc: 1.0000 | Val Acc: 0.8667 | Val P/R/F1 (Macro): 0.9583/0.8256/0.8780 | LR: 0.000001
Epoch [69/100] | Loss: 2.2833 (Cls: 1.5142, TAL: 0.0000, Adv: 5.1273) | Train Acc: 1.0000 | Val Acc: 0.8583 | Val P/R/F1 (Macro): 0.9583/0.8202/0.8751 | LR: 0.000001
Epoch [70/100] | Loss: 2.2563 (Cls: 1.4992, TAL: 0.0000, Adv: 5.0468) | Train Acc: 1.0000 | Val Acc: 0.8500 | Val P/R/F1 (Macro): 0.9583/0.8045/0.8623 | LR: 0.000001
Epoch [71/100] | Loss: 2.2773 (Cls: 1.5037, TAL: 0.0000, Adv: 5.1573) | Train Acc: 1.0000 | Val Acc: 0.8583 | Val P/R/F1 (Macro): 0.9583/0.8202/0.8751 | LR: 0.000001
Epoch [72/100] | Loss: 2.2862 (Cls: 1.5109, TAL: 0.0000, Adv: 5.1686) | Train Acc: 1.0000 | Val Acc: 0.8250 | Val P/R/F1 (Macro): 0.9548/0.7316/0.7894 | LR: 0.000001
Epoch [73/100] | Loss: 2.2819 (Cls: 1.5075, TAL: 0.0000, Adv: 5.1622) | Train Acc: 1.0000 | Val Acc: 0.8333 | Val P/R/F1 (Macro): 0.9513/0.7472/0.8061 | LR: 0.000001
Epoch [74/100] | Loss: 2.3156 (Cls: 1.5241, TAL: 0.0000, Adv: 5.2770) | Train Acc: 0.9978 | Val Acc: 0.8583 | Val P/R/F1 (Macro): 0.9871/0.8202/0.8884 | LR: 0.000001
Epoch [75/100] | Loss: 2.2742 (Cls: 1.5117, TAL: 0.0000, Adv: 5.0835) | Train Acc: 0.9955 | Val Acc: 0.8167 | Val P/R/F1 (Macro): 0.9871/0.7546/0.8181 | LR: 0.000001
Epoch [76/100] | Loss: 2.2904 (Cls: 1.5015, TAL: 0.0000, Adv: 5.2593) | Train Acc: 1.0000 | Val Acc: 0.8000 | Val P/R/F1 (Macro): 0.9621/0.7485/0.8032 | LR: 0.000001
Epoch [77/100] | Loss: 2.3036 (Cls: 1.5050, TAL: 0.0000, Adv: 5.3245) | Train Acc: 0.9978 | Val Acc: 0.8417 | Val P/R/F1 (Macro): 0.9585/0.7527/0.8132 | LR: 0.000001
Epoch [78/100] | Loss: 2.2949 (Cls: 1.4941, TAL: 0.0000, Adv: 5.3388) | Train Acc: 1.0000 | Val Acc: 0.8667 | Val P/R/F1 (Macro): 0.9583/0.8382/0.8872 | LR: 0.000001
Epoch [79/100] | Loss: 2.2851 (Cls: 1.5009, TAL: 0.0000, Adv: 5.2280) | Train Acc: 0.9978 | Val Acc: 0.8583 | Val P/R/F1 (Macro): 0.9583/0.7965/0.8497 | LR: 0.000001
Epoch [80/100] | Loss: 2.3033 (Cls: 1.5199, TAL: 0.0000, Adv: 5.2223) | Train Acc: 0.9911 | Val Acc: 0.8583 | Val P/R/F1 (Macro): 0.9621/0.7839/0.8427 | LR: 0.000001
Epoch [81/100] | Loss: 2.2897 (Cls: 1.4927, TAL: 0.0000, Adv: 5.3129) | Train Acc: 1.0000 | Val Acc: 0.8333 | Val P/R/F1 (Macro): 0.9583/0.7370/0.7944 | LR: 0.000001
Epoch [82/100] | Loss: 2.3076 (Cls: 1.5189, TAL: 0.0000, Adv: 5.2581) | Train Acc: 0.9933 | Val Acc: 0.8583 | Val P/R/F1 (Macro): 0.9621/0.8100/0.8673 | LR: 0.000001
Epoch [83/100] | Loss: 2.3036 (Cls: 1.5172, TAL: 0.0000, Adv: 5.2426) | Train Acc: 0.9955 | Val Acc: 0.8500 | Val P/R/F1 (Macro): 0.9548/0.7785/0.8356 | LR: 0.000001
Epoch [84/100] | Loss: 2.3043 (Cls: 1.5127, TAL: 0.0000, Adv: 5.2773) | Train Acc: 0.9978 | Val Acc: 0.8333 | Val P/R/F1 (Macro): 0.9516/0.7724/0.8299 | LR: 0.000001
Epoch [85/100] | Loss: 2.3018 (Cls: 1.5023, TAL: 0.0000, Adv: 5.3300) | Train Acc: 0.9978 | Val Acc: 0.8417 | Val P/R/F1 (Macro): 0.9548/0.7653/0.8238 | LR: 0.000001
Epoch [86/100] | Loss: 2.3149 (Cls: 1.5075, TAL: 0.0000, Adv: 5.3828) | Train Acc: 1.0000 | Val Acc: 0.8333 | Val P/R/F1 (Macro): 0.9548/0.7370/0.7924 | LR: 0.000001
Epoch [87/100] | Loss: 2.3023 (Cls: 1.5026, TAL: 0.0000, Adv: 5.3318) | Train Acc: 0.9955 | Val Acc: 0.8333 | Val P/R/F1 (Macro): 0.9514/0.7347/0.7898 | LR: 0.000001
Epoch [88/100] | Loss: 2.2847 (Cls: 1.4924, TAL: 0.0000, Adv: 5.2819) | Train Acc: 1.0000 | Val Acc: 0.8250 | Val P/R/F1 (Macro): 0.9516/0.7568/0.8171 | LR: 0.000001
Epoch [89/100] | Loss: 2.3034 (Cls: 1.4946, TAL: 0.0000, Adv: 5.3920) | Train Acc: 1.0000 | Val Acc: 0.8333 | Val P/R/F1 (Macro): 0.9661/0.7757/0.8343 | LR: 0.000001
Epoch [90/100] | Loss: 2.3007 (Cls: 1.5016, TAL: 0.0000, Adv: 5.3276) | Train Acc: 0.9978 | Val Acc: 0.8500 | Val P/R/F1 (Macro): 0.9621/0.8069/0.8655 | LR: 0.000001
Epoch [91/100] | Loss: 2.3310 (Cls: 1.5137, TAL: 0.0000, Adv: 5.4487) | Train Acc: 1.0000 | Val Acc: 0.8500 | Val P/R/F1 (Macro): 0.9583/0.7683/0.8277 | LR: 0.000001
Epoch [92/100] | Loss: 2.3230 (Cls: 1.5106, TAL: 0.0000, Adv: 5.4155) | Train Acc: 0.9978 | Val Acc: 0.8000 | Val P/R/F1 (Macro): 0.9621/0.7485/0.8032 | LR: 0.000001
Epoch [93/100] | Loss: 2.3035 (Cls: 1.4969, TAL: 0.0000, Adv: 5.3774) | Train Acc: 1.0000 | Val Acc: 0.8500 | Val P/R/F1 (Macro): 0.9548/0.7935/0.8458 | LR: 0.000001
Epoch [94/100] | Loss: 2.3033 (Cls: 1.5001, TAL: 0.0000, Adv: 5.3549) | Train Acc: 1.0000 | Val Acc: 0.8250 | Val P/R/F1 (Macro): 0.9516/0.7442/0.8038 | LR: 0.000001
Epoch [95/100] | Loss: 2.3147 (Cls: 1.4943, TAL: 0.0000, Adv: 5.4691) | Train Acc: 0.9978 | Val Acc: 0.8500 | Val P/R/F1 (Macro): 0.9621/0.7683/0.8298 | LR: 0.000001
Epoch [96/100] | Loss: 2.3302 (Cls: 1.5016, TAL: 0.0000, Adv: 5.5236) | Train Acc: 1.0000 | Val Acc: 0.8583 | Val P/R/F1 (Macro): 0.9548/0.7839/0.8385 | LR: 0.000001
Epoch [97/100] | Loss: 2.3355 (Cls: 1.4973, TAL: 0.0000, Adv: 5.5876) | Train Acc: 1.0000 | Val Acc: 0.8333 | Val P/R/F1 (Macro): 0.9548/0.7472/0.8076 | LR: 0.000001
Epoch [98/100] | Loss: 2.3395 (Cls: 1.5166, TAL: 0.0000, Adv: 5.4855) | Train Acc: 0.9978 | Val Acc: 0.8250 | Val P/R/F1 (Macro): 0.9548/0.7466/0.8068 | LR: 0.000001
Epoch [99/100] | Loss: 2.3455 (Cls: 1.4915, TAL: 0.0000, Adv: 5.6934) | Train Acc: 1.0000 | Val Acc: 0.8417 | Val P/R/F1 (Macro): 0.9621/0.8039/0.8636 | LR: 0.000001
Epoch [100/100] | Loss: 2.3472 (Cls: 1.5085, TAL: 0.0000, Adv: 5.5916) | Train Acc: 0.9978 | Val Acc: 0.8333 | Val P/R/F1 (Macro): 0.9621/0.7496/0.8128 | LR: 0.000001

迭代 1 最佳指标:
  Accuracy: 0.8750
  Precision (Macro): 0.9427
  Recall (Macro): 0.8538
  F1 (Macro): 0.8894
  Precision (Micro): 0.8750
  Recall (Micro): 0.8750
  F1 (Micro): 0.8750
  Val class coverage: 8/14 (0.5714), samples=120

================================================================================
迭代 2/5
随机种子: 43
================================================================================
Training mode: unpaired target adaptation with controlled target-label loss (ratio=0.35, weight=0.50).
Fixed labeled target subset: 163/465 samples.
Feature fusion: Channel concatenation (512+512); fused_dim=1024
Domain adaptation: Neural OT generator with 3-domain discriminator
Loss weights: tensor=0.00, adv=0.15
Epoch [1/100] | Loss: 6.4716 (Cls: 6.4193, TAL: 0.0000, Adv: 0.3488) | Train Acc: 0.2098 | Val Acc: 0.2167 | Val P/R/F1 (Macro): 0.0271/0.1250/0.0445 | LR: 0.000010
  >>> New Best Val Acc: 0.2167
Epoch [2/100] | Loss: 5.1629 (Cls: 5.0655, TAL: 0.0000, Adv: 0.6491) | Train Acc: 0.4330 | Val Acc: 0.2417 | Val P/R/F1 (Macro): 0.2322/0.2265/0.1489 | LR: 0.000010
  >>> New Best Val Acc: 0.2417
Epoch [3/100] | Loss: 4.1024 (Cls: 3.9530, TAL: 0.0000, Adv: 0.9956) | Train Acc: 0.6071 | Val Acc: 0.4167 | Val P/R/F1 (Macro): 0.4384/0.3346/0.3176 | LR: 0.000010
  >>> New Best Val Acc: 0.4167
Epoch [4/100] | Loss: 3.5855 (Cls: 3.3808, TAL: 0.0000, Adv: 1.3647) | Train Acc: 0.7679 | Val Acc: 0.5083 | Val P/R/F1 (Macro): 0.6101/0.5331/0.5421 | LR: 0.000010
  >>> New Best Val Acc: 0.5083
Epoch [5/100] | Loss: 3.3495 (Cls: 3.0525, TAL: 0.0000, Adv: 1.9800) | Train Acc: 0.8080 | Val Acc: 0.5250 | Val P/R/F1 (Macro): 0.5056/0.4977/0.4613 | LR: 0.000010
  >>> New Best Val Acc: 0.5250
Epoch [6/100] | Loss: 3.2533 (Cls: 2.9171, TAL: 0.0000, Adv: 2.2414) | Train Acc: 0.8125 | Val Acc: 0.4750 | Val P/R/F1 (Macro): 0.6278/0.4984/0.5104 | LR: 0.000010
Epoch [7/100] | Loss: 3.1784 (Cls: 2.8216, TAL: 0.0000, Adv: 2.3791) | Train Acc: 0.8304 | Val Acc: 0.5750 | Val P/R/F1 (Macro): 0.6769/0.5264/0.5353 | LR: 0.000010
  >>> New Best Val Acc: 0.5750
Epoch [8/100] | Loss: 2.9271 (Cls: 2.5441, TAL: 0.0000, Adv: 2.5530) | Train Acc: 0.8661 | Val Acc: 0.5500 | Val P/R/F1 (Macro): 0.4964/0.3857/0.3825 | LR: 0.000010
Epoch [9/100] | Loss: 2.8003 (Cls: 2.3603, TAL: 0.0000, Adv: 2.9336) | Train Acc: 0.8951 | Val Acc: 0.6667 | Val P/R/F1 (Macro): 0.8804/0.6554/0.7208 | LR: 0.000010
  >>> New Best Val Acc: 0.6667
Epoch [10/100] | Loss: 2.7465 (Cls: 2.2850, TAL: 0.0000, Adv: 3.0767) | Train Acc: 0.8973 | Val Acc: 0.4833 | Val P/R/F1 (Macro): 0.7321/0.5092/0.5229 | LR: 0.000010
Epoch [11/100] | Loss: 2.6114 (Cls: 2.1472, TAL: 0.0000, Adv: 3.0951) | Train Acc: 0.9397 | Val Acc: 0.8083 | Val P/R/F1 (Macro): 0.7224/0.7676/0.7232 | LR: 0.000010
  >>> New Best Val Acc: 0.8083
Epoch [12/100] | Loss: 2.5166 (Cls: 2.0818, TAL: 0.0000, Adv: 2.8984) | Train Acc: 0.9442 | Val Acc: 0.6167 | Val P/R/F1 (Macro): 0.6664/0.5258/0.5485 | LR: 0.000010
Epoch [13/100] | Loss: 2.6054 (Cls: 2.1541, TAL: 0.0000, Adv: 3.0085) | Train Acc: 0.9330 | Val Acc: 0.8083 | Val P/R/F1 (Macro): 0.7199/0.7529/0.7261 | LR: 0.000010
Epoch [14/100] | Loss: 2.6466 (Cls: 2.1868, TAL: 0.0000, Adv: 3.0653) | Train Acc: 0.9286 | Val Acc: 0.8500 | Val P/R/F1 (Macro): 0.9202/0.8446/0.8533 | LR: 0.000010
  >>> New Best Val Acc: 0.8500
Epoch [15/100] | Loss: 2.5285 (Cls: 2.0206, TAL: 0.0000, Adv: 3.3859) | Train Acc: 0.9554 | Val Acc: 0.7500 | Val P/R/F1 (Macro): 0.7951/0.7139/0.7353 | LR: 0.000010
Epoch [16/100] | Loss: 2.4669 (Cls: 1.9985, TAL: 0.0000, Adv: 3.1228) | Train Acc: 0.9509 | Val Acc: 0.8417 | Val P/R/F1 (Macro): 0.8979/0.7189/0.7475 | LR: 0.000010
Epoch [17/100] | Loss: 2.3605 (Cls: 1.8961, TAL: 0.0000, Adv: 3.0963) | Train Acc: 0.9509 | Val Acc: 0.8000 | Val P/R/F1 (Macro): 0.9053/0.8126/0.8317 | LR: 0.000010
Epoch [18/100] | Loss: 2.3934 (Cls: 1.9153, TAL: 0.0000, Adv: 3.1875) | Train Acc: 0.9442 | Val Acc: 0.7083 | Val P/R/F1 (Macro): 0.9488/0.7470/0.8028 | LR: 0.000010
Epoch [19/100] | Loss: 2.3811 (Cls: 1.8648, TAL: 0.0000, Adv: 3.4424) | Train Acc: 0.9665 | Val Acc: 0.7250 | Val P/R/F1 (Macro): 0.8822/0.8079/0.8242 | LR: 0.000010
Epoch [20/100] | Loss: 2.3689 (Cls: 1.8600, TAL: 0.0000, Adv: 3.3927) | Train Acc: 0.9554 | Val Acc: 0.8167 | Val P/R/F1 (Macro): 0.9084/0.8520/0.8606 | LR: 0.000010
Epoch [21/100] | Loss: 2.3027 (Cls: 1.7753, TAL: 0.0000, Adv: 3.5161) | Train Acc: 0.9732 | Val Acc: 0.8333 | Val P/R/F1 (Macro): 0.8065/0.7465/0.7584 | LR: 0.000010
Epoch [22/100] | Loss: 2.4524 (Cls: 1.8948, TAL: 0.0000, Adv: 3.7173) | Train Acc: 0.9554 | Val Acc: 0.7917 | Val P/R/F1 (Macro): 0.9514/0.8168/0.8494 | LR: 0.000010
Epoch [23/100] | Loss: 2.3762 (Cls: 1.8478, TAL: 0.0000, Adv: 3.5228) | Train Acc: 0.9598 | Val Acc: 0.8333 | Val P/R/F1 (Macro): 0.9697/0.8890/0.9185 | LR: 0.000010
Epoch [24/100] | Loss: 2.3382 (Cls: 1.7896, TAL: 0.0000, Adv: 3.6570) | Train Acc: 0.9710 | Val Acc: 0.8917 | Val P/R/F1 (Macro): 0.9491/0.9134/0.9254 | LR: 0.000010
  >>> New Best Val Acc: 0.8917
Epoch [25/100] | Loss: 2.4047 (Cls: 1.8283, TAL: 0.0000, Adv: 3.8423) | Train Acc: 0.9621 | Val Acc: 0.8667 | Val P/R/F1 (Macro): 0.9590/0.8311/0.8815 | LR: 0.000010
Epoch [26/100] | Loss: 2.3016 (Cls: 1.7052, TAL: 0.0000, Adv: 3.9763) | Train Acc: 0.9911 | Val Acc: 0.7833 | Val P/R/F1 (Macro): 0.9208/0.7240/0.7777 | LR: 0.000010
Epoch [27/100] | Loss: 2.3481 (Cls: 1.7577, TAL: 0.0000, Adv: 3.9365) | Train Acc: 0.9799 | Val Acc: 0.8500 | Val P/R/F1 (Macro): 0.9406/0.8710/0.8955 | LR: 0.000010
Epoch [28/100] | Loss: 2.3120 (Cls: 1.7216, TAL: 0.0000, Adv: 3.9355) | Train Acc: 0.9866 | Val Acc: 0.6750 | Val P/R/F1 (Macro): 0.7591/0.6835/0.6846 | LR: 0.000010
Epoch [29/100] | Loss: 2.2798 (Cls: 1.6921, TAL: 0.0000, Adv: 3.9177) | Train Acc: 0.9911 | Val Acc: 0.7833 | Val P/R/F1 (Macro): 0.8220/0.7792/0.7869 | LR: 0.000010
Epoch [30/100] | Loss: 2.2879 (Cls: 1.6830, TAL: 0.0000, Adv: 4.0326) | Train Acc: 0.9821 | Val Acc: 0.8333 | Val P/R/F1 (Macro): 0.9402/0.8428/0.8766 | LR: 0.000010
Epoch [31/100] | Loss: 2.3246 (Cls: 1.7105, TAL: 0.0000, Adv: 4.0936) | Train Acc: 0.9754 | Val Acc: 0.7167 | Val P/R/F1 (Macro): 0.8274/0.7299/0.7521 | LR: 0.000010
Epoch [32/100] | Loss: 2.3234 (Cls: 1.7144, TAL: 0.0000, Adv: 4.0599) | Train Acc: 0.9799 | Val Acc: 0.8500 | Val P/R/F1 (Macro): 0.8884/0.8940/0.8706 | LR: 0.000010
Epoch [33/100] | Loss: 2.3321 (Cls: 1.6922, TAL: 0.0000, Adv: 4.2660) | Train Acc: 0.9821 | Val Acc: 0.7583 | Val P/R/F1 (Macro): 0.7882/0.7534/0.7528 | LR: 0.000010
Epoch [34/100] | Loss: 2.2952 (Cls: 1.6625, TAL: 0.0000, Adv: 4.2180) | Train Acc: 0.9777 | Val Acc: 0.8417 | Val P/R/F1 (Macro): 0.9420/0.8518/0.8697 | LR: 0.000010
Epoch [35/100] | Loss: 2.2834 (Cls: 1.6407, TAL: 0.0000, Adv: 4.2842) | Train Acc: 0.9888 | Val Acc: 0.7417 | Val P/R/F1 (Macro): 0.8100/0.6921/0.7234 | LR: 0.000005
Epoch [36/100] | Loss: 2.2974 (Cls: 1.6169, TAL: 0.0000, Adv: 4.5364) | Train Acc: 0.9888 | Val Acc: 0.8583 | Val P/R/F1 (Macro): 0.9454/0.8609/0.8772 | LR: 0.000005
Epoch [37/100] | Loss: 2.2763 (Cls: 1.5953, TAL: 0.0000, Adv: 4.5400) | Train Acc: 0.9888 | Val Acc: 0.8583 | Val P/R/F1 (Macro): 0.8516/0.7941/0.8172 | LR: 0.000005
Epoch [38/100] | Loss: 2.2826 (Cls: 1.6035, TAL: 0.0000, Adv: 4.5271) | Train Acc: 0.9799 | Val Acc: 0.7917 | Val P/R/F1 (Macro): 0.8342/0.7823/0.7978 | LR: 0.000005
Epoch [39/100] | Loss: 2.2409 (Cls: 1.5707, TAL: 0.0000, Adv: 4.4686) | Train Acc: 0.9911 | Val Acc: 0.8250 | Val P/R/F1 (Macro): 0.8072/0.7690/0.7766 | LR: 0.000005
Epoch [40/100] | Loss: 2.2427 (Cls: 1.5533, TAL: 0.0000, Adv: 4.5963) | Train Acc: 0.9933 | Val Acc: 0.8417 | Val P/R/F1 (Macro): 0.9698/0.8263/0.8692 | LR: 0.000005
Epoch [41/100] | Loss: 2.2365 (Cls: 1.5691, TAL: 0.0000, Adv: 4.4494) | Train Acc: 0.9978 | Val Acc: 0.8167 | Val P/R/F1 (Macro): 0.9422/0.8300/0.8545 | LR: 0.000005
Epoch [42/100] | Loss: 2.2272 (Cls: 1.5535, TAL: 0.0000, Adv: 4.4912) | Train Acc: 1.0000 | Val Acc: 0.8583 | Val P/R/F1 (Macro): 0.9678/0.8370/0.8761 | LR: 0.000005
Epoch [43/100] | Loss: 2.2366 (Cls: 1.5646, TAL: 0.0000, Adv: 4.4802) | Train Acc: 0.9933 | Val Acc: 0.8500 | Val P/R/F1 (Macro): 0.9571/0.8446/0.8739 | LR: 0.000005
Epoch [44/100] | Loss: 2.2570 (Cls: 1.5626, TAL: 0.0000, Adv: 4.6292) | Train Acc: 0.9933 | Val Acc: 0.8917 | Val P/R/F1 (Macro): 0.9742/0.8700/0.8987 | LR: 0.000005
Epoch [45/100] | Loss: 2.2783 (Cls: 1.5650, TAL: 0.0000, Adv: 4.7553) | Train Acc: 0.9911 | Val Acc: 0.8583 | Val P/R/F1 (Macro): 0.9816/0.8519/0.8913 | LR: 0.000005
Epoch [46/100] | Loss: 2.2549 (Cls: 1.5575, TAL: 0.0000, Adv: 4.6494) | Train Acc: 0.9978 | Val Acc: 0.8417 | Val P/R/F1 (Macro): 0.8194/0.8131/0.8083 | LR: 0.000003
Epoch [47/100] | Loss: 2.2560 (Cls: 1.5585, TAL: 0.0000, Adv: 4.6497) | Train Acc: 0.9978 | Val Acc: 0.8167 | Val P/R/F1 (Macro): 0.9326/0.8081/0.8430 | LR: 0.000003
Epoch [48/100] | Loss: 2.2449 (Cls: 1.5595, TAL: 0.0000, Adv: 4.5696) | Train Acc: 0.9911 | Val Acc: 0.8500 | Val P/R/F1 (Macro): 0.9711/0.8363/0.8769 | LR: 0.000003
Epoch [49/100] | Loss: 2.2196 (Cls: 1.5263, TAL: 0.0000, Adv: 4.6219) | Train Acc: 0.9978 | Val Acc: 0.8667 | Val P/R/F1 (Macro): 0.9500/0.8609/0.8796 | LR: 0.000003
Epoch [50/100] | Loss: 2.2242 (Cls: 1.5162, TAL: 0.0000, Adv: 4.7206) | Train Acc: 0.9978 | Val Acc: 0.8750 | Val P/R/F1 (Macro): 0.9665/0.8538/0.8861 | LR: 0.000003
Epoch [51/100] | Loss: 2.2353 (Cls: 1.5346, TAL: 0.0000, Adv: 4.6716) | Train Acc: 0.9978 | Val Acc: 0.8583 | Val P/R/F1 (Macro): 0.9387/0.8453/0.8658 | LR: 0.000003
Epoch [52/100] | Loss: 2.2311 (Cls: 1.5168, TAL: 0.0000, Adv: 4.7618) | Train Acc: 0.9978 | Val Acc: 0.8333 | Val P/R/F1 (Macro): 0.9441/0.8278/0.8568 | LR: 0.000003
Epoch [53/100] | Loss: 2.2419 (Cls: 1.5253, TAL: 0.0000, Adv: 4.7773) | Train Acc: 0.9955 | Val Acc: 0.8500 | Val P/R/F1 (Macro): 0.9571/0.8446/0.8739 | LR: 0.000003
Epoch [54/100] | Loss: 2.2186 (Cls: 1.5141, TAL: 0.0000, Adv: 4.6967) | Train Acc: 1.0000 | Val Acc: 0.8667 | Val P/R/F1 (Macro): 0.9742/0.8483/0.8866 | LR: 0.000003
Epoch [55/100] | Loss: 2.2340 (Cls: 1.5130, TAL: 0.0000, Adv: 4.8066) | Train Acc: 0.9955 | Val Acc: 0.8500 | Val P/R/F1 (Macro): 0.9500/0.8422/0.8692 | LR: 0.000003
Epoch [56/100] | Loss: 2.2408 (Cls: 1.5219, TAL: 0.0000, Adv: 4.7922) | Train Acc: 0.9978 | Val Acc: 0.8000 | Val P/R/F1 (Macro): 0.8970/0.8239/0.8223 | LR: 0.000003
Epoch [57/100] | Loss: 2.2680 (Cls: 1.5321, TAL: 0.0000, Adv: 4.9059) | Train Acc: 0.9978 | Val Acc: 0.8583 | Val P/R/F1 (Macro): 0.9260/0.8500/0.8589 | LR: 0.000001
Epoch [58/100] | Loss: 2.2393 (Cls: 1.5082, TAL: 0.0000, Adv: 4.8735) | Train Acc: 1.0000 | Val Acc: 0.8083 | Val P/R/F1 (Macro): 0.9188/0.8270/0.8400 | LR: 0.000001
Epoch [59/100] | Loss: 2.2556 (Cls: 1.5194, TAL: 0.0000, Adv: 4.9080) | Train Acc: 0.9978 | Val Acc: 0.8333 | Val P/R/F1 (Macro): 0.9441/0.8278/0.8568 | LR: 0.000001
Epoch [60/100] | Loss: 2.2458 (Cls: 1.5035, TAL: 0.0000, Adv: 4.9482) | Train Acc: 0.9978 | Val Acc: 0.8250 | Val P/R/F1 (Macro): 0.9470/0.8248/0.8564 | LR: 0.000001
Epoch [61/100] | Loss: 2.2559 (Cls: 1.5154, TAL: 0.0000, Adv: 4.9368) | Train Acc: 0.9978 | Val Acc: 0.8583 | Val P/R/F1 (Macro): 0.9779/0.8477/0.8874 | LR: 0.000001
Epoch [62/100] | Loss: 2.2684 (Cls: 1.4996, TAL: 0.0000, Adv: 5.1254) | Train Acc: 1.0000 | Val Acc: 0.8250 | Val P/R/F1 (Macro): 0.9500/0.8331/0.8626 | LR: 0.000001
Epoch [63/100] | Loss: 2.2725 (Cls: 1.5021, TAL: 0.0000, Adv: 5.1356) | Train Acc: 1.0000 | Val Acc: 0.8333 | Val P/R/F1 (Macro): 0.9500/0.8361/0.8649 | LR: 0.000001
Epoch [64/100] | Loss: 2.2784 (Cls: 1.5159, TAL: 0.0000, Adv: 5.0834) | Train Acc: 0.9955 | Val Acc: 0.8167 | Val P/R/F1 (Macro): 0.9074/0.8300/0.8370 | LR: 0.000001
Epoch [65/100] | Loss: 2.2814 (Cls: 1.5119, TAL: 0.0000, Adv: 5.1301) | Train Acc: 0.9911 | Val Acc: 0.8583 | Val P/R/F1 (Macro): 0.9665/0.8477/0.8820 | LR: 0.000001
Epoch [66/100] | Loss: 2.2915 (Cls: 1.5136, TAL: 0.0000, Adv: 5.1859) | Train Acc: 0.9978 | Val Acc: 0.8667 | Val P/R/F1 (Macro): 0.9709/0.8609/0.8909 | LR: 0.000001
Epoch [67/100] | Loss: 2.2807 (Cls: 1.4935, TAL: 0.0000, Adv: 5.2474) | Train Acc: 1.0000 | Val Acc: 0.8750 | Val P/R/F1 (Macro): 0.9766/0.8514/0.8892 | LR: 0.000001
Epoch [68/100] | Loss: 2.3088 (Cls: 1.5054, TAL: 0.0000, Adv: 5.3559) | Train Acc: 0.9955 | Val Acc: 0.8750 | Val P/R/F1 (Macro): 0.9744/0.8663/0.8958 | LR: 0.000001
Epoch [69/100] | Loss: 2.2666 (Cls: 1.4896, TAL: 0.0000, Adv: 5.1800) | Train Acc: 1.0000 | Val Acc: 0.8833 | Val P/R/F1 (Macro): 0.9798/0.8568/0.8941 | LR: 0.000001
Epoch [70/100] | Loss: 2.3085 (Cls: 1.4998, TAL: 0.0000, Adv: 5.3914) | Train Acc: 0.9978 | Val Acc: 0.8667 | Val P/R/F1 (Macro): 0.9744/0.8507/0.8874 | LR: 0.000001
Epoch [71/100] | Loss: 2.2836 (Cls: 1.4912, TAL: 0.0000, Adv: 5.2832) | Train Acc: 1.0000 | Val Acc: 0.8750 | Val P/R/F1 (Macro): 0.9711/0.8663/0.8938 | LR: 0.000001
Epoch [72/100] | Loss: 2.2873 (Cls: 1.4943, TAL: 0.0000, Adv: 5.2868) | Train Acc: 0.9978 | Val Acc: 0.8833 | Val P/R/F1 (Macro): 0.9744/0.8694/0.8978 | LR: 0.000001
Epoch [73/100] | Loss: 2.3010 (Cls: 1.5025, TAL: 0.0000, Adv: 5.3237) | Train Acc: 1.0000 | Val Acc: 0.8667 | Val P/R/F1 (Macro): 0.9744/0.8507/0.8874 | LR: 0.000001
Epoch [74/100] | Loss: 2.2952 (Cls: 1.5080, TAL: 0.0000, Adv: 5.2484) | Train Acc: 1.0000 | Val Acc: 0.8333 | Val P/R/F1 (Macro): 0.9500/0.8361/0.8649 | LR: 0.000001
Epoch [75/100] | Loss: 2.3071 (Cls: 1.5022, TAL: 0.0000, Adv: 5.3663) | Train Acc: 0.9978 | Val Acc: 0.8500 | Val P/R/F1 (Macro): 0.9709/0.8422/0.8805 | LR: 0.000001
Epoch [76/100] | Loss: 2.2856 (Cls: 1.5003, TAL: 0.0000, Adv: 5.2351) | Train Acc: 0.9955 | Val Acc: 0.8750 | Val P/R/F1 (Macro): 0.9538/0.8687/0.8851 | LR: 0.000001
Epoch [77/100] | Loss: 2.2959 (Cls: 1.5053, TAL: 0.0000, Adv: 5.2707) | Train Acc: 0.9933 | Val Acc: 0.8833 | Val P/R/F1 (Macro): 0.9744/0.8694/0.8978 | LR: 0.000001
Epoch [78/100] | Loss: 2.3069 (Cls: 1.4951, TAL: 0.0000, Adv: 5.4116) | Train Acc: 1.0000 | Val Acc: 0.8750 | Val P/R/F1 (Macro): 0.9709/0.8639/0.8929 | LR: 0.000001
Epoch [79/100] | Loss: 2.2879 (Cls: 1.4985, TAL: 0.0000, Adv: 5.2625) | Train Acc: 1.0000 | Val Acc: 0.8667 | Val P/R/F1 (Macro): 0.9573/0.8531/0.8788 | LR: 0.000001
Epoch [80/100] | Loss: 2.2844 (Cls: 1.4913, TAL: 0.0000, Adv: 5.2875) | Train Acc: 0.9955 | Val Acc: 0.8583 | Val P/R/F1 (Macro): 0.9709/0.8453/0.8826 | LR: 0.000001
Epoch [81/100] | Loss: 2.2960 (Cls: 1.4966, TAL: 0.0000, Adv: 5.3292) | Train Acc: 0.9978 | Val Acc: 0.8667 | Val P/R/F1 (Macro): 0.9536/0.8633/0.8824 | LR: 0.000001
Epoch [82/100] | Loss: 2.3090 (Cls: 1.4973, TAL: 0.0000, Adv: 5.4113) | Train Acc: 0.9978 | Val Acc: 0.8583 | Val P/R/F1 (Macro): 0.9709/0.8578/0.8889 | LR: 0.000001
Epoch [83/100] | Loss: 2.3007 (Cls: 1.4884, TAL: 0.0000, Adv: 5.4151) | Train Acc: 1.0000 | Val Acc: 0.8583 | Val P/R/F1 (Macro): 0.9709/0.8453/0.8826 | LR: 0.000001
Epoch [84/100] | Loss: 2.3073 (Cls: 1.4979, TAL: 0.0000, Adv: 5.3960) | Train Acc: 0.9978 | Val Acc: 0.8417 | Val P/R/F1 (Macro): 0.9470/0.8309/0.8607 | LR: 0.000001
Epoch [85/100] | Loss: 2.3203 (Cls: 1.4994, TAL: 0.0000, Adv: 5.4727) | Train Acc: 0.9978 | Val Acc: 0.8583 | Val P/R/F1 (Macro): 0.9709/0.8453/0.8826 | LR: 0.000001
Epoch [86/100] | Loss: 2.3139 (Cls: 1.4924, TAL: 0.0000, Adv: 5.4763) | Train Acc: 0.9978 | Val Acc: 0.8833 | Val P/R/F1 (Macro): 0.9744/0.8694/0.8978 | LR: 0.000001
Epoch [87/100] | Loss: 2.3206 (Cls: 1.5027, TAL: 0.0000, Adv: 5.4527) | Train Acc: 0.9955 | Val Acc: 0.9000 | Val P/R/F1 (Macro): 0.9781/0.8779/0.9045 | LR: 0.000001
  >>> New Best Val Acc: 0.9000
Epoch [88/100] | Loss: 2.3007 (Cls: 1.4842, TAL: 0.0000, Adv: 5.4431) | Train Acc: 1.0000 | Val Acc: 0.8667 | Val P/R/F1 (Macro): 0.9744/0.8507/0.8874 | LR: 0.000001
Epoch [89/100] | Loss: 2.3062 (Cls: 1.4922, TAL: 0.0000, Adv: 5.4267) | Train Acc: 1.0000 | Val Acc: 0.8750 | Val P/R/F1 (Macro): 0.9744/0.8538/0.8895 | LR: 0.000001
Epoch [90/100] | Loss: 2.3327 (Cls: 1.4990, TAL: 0.0000, Adv: 5.5580) | Train Acc: 1.0000 | Val Acc: 0.8583 | Val P/R/F1 (Macro): 0.9709/0.8453/0.8826 | LR: 0.000001
Epoch [91/100] | Loss: 2.3258 (Cls: 1.4894, TAL: 0.0000, Adv: 5.5761) | Train Acc: 1.0000 | Val Acc: 0.8750 | Val P/R/F1 (Macro): 0.9744/0.8538/0.8895 | LR: 0.000001
Epoch [92/100] | Loss: 2.3168 (Cls: 1.4877, TAL: 0.0000, Adv: 5.5273) | Train Acc: 1.0000 | Val Acc: 0.8833 | Val P/R/F1 (Macro): 0.9781/0.8592/0.8943 | LR: 0.000001
Epoch [93/100] | Loss: 2.3110 (Cls: 1.4875, TAL: 0.0000, Adv: 5.4898) | Train Acc: 1.0000 | Val Acc: 0.8667 | Val P/R/F1 (Macro): 0.9744/0.8507/0.8874 | LR: 0.000001
Epoch [94/100] | Loss: 2.3197 (Cls: 1.4967, TAL: 0.0000, Adv: 5.4867) | Train Acc: 0.9978 | Val Acc: 0.8583 | Val P/R/F1 (Macro): 0.9709/0.8453/0.8826 | LR: 0.000001
Epoch [95/100] | Loss: 2.3178 (Cls: 1.4910, TAL: 0.0000, Adv: 5.5119) | Train Acc: 0.9978 | Val Acc: 0.8500 | Val P/R/F1 (Macro): 0.9744/0.8572/0.8894 | LR: 0.000001
Epoch [96/100] | Loss: 2.3309 (Cls: 1.4985, TAL: 0.0000, Adv: 5.5491) | Train Acc: 1.0000 | Val Acc: 0.8583 | Val P/R/F1 (Macro): 0.9744/0.8477/0.8854 | LR: 0.000001
Epoch [97/100] | Loss: 2.3180 (Cls: 1.4882, TAL: 0.0000, Adv: 5.5318) | Train Acc: 1.0000 | Val Acc: 0.8750 | Val P/R/F1 (Macro): 0.9781/0.8561/0.8923 | LR: 0.000001
Epoch [98/100] | Loss: 2.3138 (Cls: 1.4824, TAL: 0.0000, Adv: 5.5426) | Train Acc: 1.0000 | Val Acc: 0.8750 | Val P/R/F1 (Macro): 0.9781/0.8561/0.8923 | LR: 0.000001
Epoch [99/100] | Loss: 2.3358 (Cls: 1.4861, TAL: 0.0000, Adv: 5.6652) | Train Acc: 1.0000 | Val Acc: 0.8667 | Val P/R/F1 (Macro): 0.9744/0.8507/0.8874 | LR: 0.000001
Epoch [100/100] | Loss: 2.3357 (Cls: 1.4874, TAL: 0.0000, Adv: 5.6556) | Train Acc: 0.9978 | Val Acc: 0.8500 | Val P/R/F1 (Macro): 0.9500/0.8422/0.8692 | LR: 0.000001

迭代 2 最佳指标:
  Accuracy: 0.9000
  Precision (Macro): 0.9781
  Recall (Macro): 0.8779
  F1 (Macro): 0.9045
  Precision (Micro): 0.9000
  Recall (Micro): 0.9000
  F1 (Micro): 0.9000
  Val class coverage: 8/14 (0.5714), samples=120

================================================================================
迭代 3/5
随机种子: 44
================================================================================
Training mode: unpaired target adaptation with controlled target-label loss (ratio=0.35, weight=0.50).
Fixed labeled target subset: 163/465 samples.
Feature fusion: Channel concatenation (512+512); fused_dim=1024
Domain adaptation: Neural OT generator with 3-domain discriminator
Loss weights: tensor=0.00, adv=0.15
Epoch [1/100] | Loss: 6.5033 (Cls: 6.4520, TAL: 0.0000, Adv: 0.3421) | Train Acc: 0.2277 | Val Acc: 0.3333 | Val P/R/F1 (Macro): 0.4154/0.2491/0.2385 | LR: 0.000010
  >>> New Best Val Acc: 0.3333
Epoch [2/100] | Loss: 5.2563 (Cls: 5.1724, TAL: 0.0000, Adv: 0.5594) | Train Acc: 0.4129 | Val Acc: 0.3250 | Val P/R/F1 (Macro): 0.3243/0.2394/0.2706 | LR: 0.000010
Epoch [3/100] | Loss: 4.0597 (Cls: 3.9617, TAL: 0.0000, Adv: 0.6536) | Train Acc: 0.6540 | Val Acc: 0.2333 | Val P/R/F1 (Macro): 0.3683/0.1778/0.2107 | LR: 0.000010
Epoch [4/100] | Loss: 3.5681 (Cls: 3.4205, TAL: 0.0000, Adv: 0.9839) | Train Acc: 0.7344 | Val Acc: 0.4667 | Val P/R/F1 (Macro): 0.4918/0.4483/0.4106 | LR: 0.000010
  >>> New Best Val Acc: 0.4667
Epoch [5/100] | Loss: 3.2159 (Cls: 2.9906, TAL: 0.0000, Adv: 1.5021) | Train Acc: 0.8147 | Val Acc: 0.5583 | Val P/R/F1 (Macro): 0.5253/0.5208/0.4886 | LR: 0.000010
  >>> New Best Val Acc: 0.5583
Epoch [6/100] | Loss: 3.0592 (Cls: 2.7896, TAL: 0.0000, Adv: 1.7970) | Train Acc: 0.8705 | Val Acc: 0.6167 | Val P/R/F1 (Macro): 0.6437/0.5209/0.5608 | LR: 0.000010
  >>> New Best Val Acc: 0.6167
Epoch [7/100] | Loss: 2.8018 (Cls: 2.4955, TAL: 0.0000, Adv: 2.0419) | Train Acc: 0.8594 | Val Acc: 0.5917 | Val P/R/F1 (Macro): 0.5523/0.4653/0.4592 | LR: 0.000010
Epoch [8/100] | Loss: 2.6395 (Cls: 2.3074, TAL: 0.0000, Adv: 2.2143) | Train Acc: 0.9152 | Val Acc: 0.6333 | Val P/R/F1 (Macro): 0.6499/0.5849/0.6067 | LR: 0.000010
  >>> New Best Val Acc: 0.6333
Epoch [9/100] | Loss: 2.6703 (Cls: 2.3102, TAL: 0.0000, Adv: 2.4008) | Train Acc: 0.8996 | Val Acc: 0.3667 | Val P/R/F1 (Macro): 0.6542/0.3376/0.4103 | LR: 0.000010
Epoch [10/100] | Loss: 2.5567 (Cls: 2.1891, TAL: 0.0000, Adv: 2.4503) | Train Acc: 0.9353 | Val Acc: 0.6500 | Val P/R/F1 (Macro): 0.6813/0.5413/0.5596 | LR: 0.000010
  >>> New Best Val Acc: 0.6500
Epoch [11/100] | Loss: 2.5674 (Cls: 2.1600, TAL: 0.0000, Adv: 2.7157) | Train Acc: 0.9353 | Val Acc: 0.7583 | Val P/R/F1 (Macro): 0.7498/0.7406/0.7397 | LR: 0.000010
  >>> New Best Val Acc: 0.7583
Epoch [12/100] | Loss: 2.4947 (Cls: 2.0997, TAL: 0.0000, Adv: 2.6334) | Train Acc: 0.9442 | Val Acc: 0.6917 | Val P/R/F1 (Macro): 0.7240/0.6501/0.6272 | LR: 0.000010
Epoch [13/100] | Loss: 2.4475 (Cls: 2.0265, TAL: 0.0000, Adv: 2.8066) | Train Acc: 0.9420 | Val Acc: 0.7417 | Val P/R/F1 (Macro): 0.7189/0.6958/0.6725 | LR: 0.000010
Epoch [14/100] | Loss: 2.4116 (Cls: 1.9689, TAL: 0.0000, Adv: 2.9516) | Train Acc: 0.9598 | Val Acc: 0.7750 | Val P/R/F1 (Macro): 0.7193/0.7579/0.7227 | LR: 0.000010
  >>> New Best Val Acc: 0.7750
Epoch [15/100] | Loss: 2.3798 (Cls: 1.9282, TAL: 0.0000, Adv: 3.0106) | Train Acc: 0.9688 | Val Acc: 0.7833 | Val P/R/F1 (Macro): 0.8013/0.8139/0.7797 | LR: 0.000010
  >>> New Best Val Acc: 0.7833
Epoch [16/100] | Loss: 2.4192 (Cls: 1.9575, TAL: 0.0000, Adv: 3.0777) | Train Acc: 0.9442 | Val Acc: 0.7000 | Val P/R/F1 (Macro): 0.9170/0.6418/0.6936 | LR: 0.000010
Epoch [17/100] | Loss: 2.3288 (Cls: 1.8714, TAL: 0.0000, Adv: 3.0491) | Train Acc: 0.9598 | Val Acc: 0.8417 | Val P/R/F1 (Macro): 0.8470/0.8305/0.8079 | LR: 0.000010
  >>> New Best Val Acc: 0.8417
Epoch [18/100] | Loss: 2.3162 (Cls: 1.8411, TAL: 0.0000, Adv: 3.1669) | Train Acc: 0.9799 | Val Acc: 0.6750 | Val P/R/F1 (Macro): 0.8576/0.7965/0.7890 | LR: 0.000010
Epoch [19/100] | Loss: 2.3607 (Cls: 1.8762, TAL: 0.0000, Adv: 3.2302) | Train Acc: 0.9576 | Val Acc: 0.6750 | Val P/R/F1 (Macro): 0.7641/0.5656/0.6017 | LR: 0.000010
Epoch [20/100] | Loss: 2.3470 (Cls: 1.8422, TAL: 0.0000, Adv: 3.3650) | Train Acc: 0.9643 | Val Acc: 0.7417 | Val P/R/F1 (Macro): 0.8643/0.6996/0.7278 | LR: 0.000010
Epoch [21/100] | Loss: 2.3367 (Cls: 1.8398, TAL: 0.0000, Adv: 3.3126) | Train Acc: 0.9710 | Val Acc: 0.6583 | Val P/R/F1 (Macro): 0.7622/0.5698/0.6279 | LR: 0.000010
Epoch [22/100] | Loss: 2.3338 (Cls: 1.8094, TAL: 0.0000, Adv: 3.4959) | Train Acc: 0.9710 | Val Acc: 0.7833 | Val P/R/F1 (Macro): 0.8928/0.7889/0.8115 | LR: 0.000010
Epoch [23/100] | Loss: 2.2897 (Cls: 1.7743, TAL: 0.0000, Adv: 3.4364) | Train Acc: 0.9777 | Val Acc: 0.7833 | Val P/R/F1 (Macro): 0.8843/0.8103/0.8080 | LR: 0.000010
Epoch [24/100] | Loss: 2.2103 (Cls: 1.7107, TAL: 0.0000, Adv: 3.3304) | Train Acc: 0.9844 | Val Acc: 0.7833 | Val P/R/F1 (Macro): 0.8745/0.8204/0.8090 | LR: 0.000010
Epoch [25/100] | Loss: 2.2381 (Cls: 1.7522, TAL: 0.0000, Adv: 3.2396) | Train Acc: 0.9799 | Val Acc: 0.6667 | Val P/R/F1 (Macro): 0.9199/0.6220/0.6984 | LR: 0.000010
Epoch [26/100] | Loss: 2.2647 (Cls: 1.7641, TAL: 0.0000, Adv: 3.3373) | Train Acc: 0.9643 | Val Acc: 0.7750 | Val P/R/F1 (Macro): 0.8413/0.7627/0.7516 | LR: 0.000010
Epoch [27/100] | Loss: 2.2572 (Cls: 1.7160, TAL: 0.0000, Adv: 3.6079) | Train Acc: 0.9799 | Val Acc: 0.6583 | Val P/R/F1 (Macro): 0.7061/0.7279/0.6695 | LR: 0.000010
Epoch [28/100] | Loss: 2.2302 (Cls: 1.6780, TAL: 0.0000, Adv: 3.6813) | Train Acc: 0.9844 | Val Acc: 0.8167 | Val P/R/F1 (Macro): 0.9360/0.8218/0.8520 | LR: 0.000005
Epoch [29/100] | Loss: 2.2084 (Cls: 1.6522, TAL: 0.0000, Adv: 3.7077) | Train Acc: 0.9888 | Val Acc: 0.8083 | Val P/R/F1 (Macro): 0.8642/0.8236/0.8101 | LR: 0.000005
Epoch [30/100] | Loss: 2.1988 (Cls: 1.6374, TAL: 0.0000, Adv: 3.7431) | Train Acc: 0.9955 | Val Acc: 0.8083 | Val P/R/F1 (Macro): 0.8920/0.8973/0.8868 | LR: 0.000005
Epoch [31/100] | Loss: 2.2037 (Cls: 1.6452, TAL: 0.0000, Adv: 3.7239) | Train Acc: 0.9911 | Val Acc: 0.7917 | Val P/R/F1 (Macro): 0.8658/0.8009/0.7957 | LR: 0.000005
Epoch [32/100] | Loss: 2.1697 (Cls: 1.6249, TAL: 0.0000, Adv: 3.6322) | Train Acc: 0.9933 | Val Acc: 0.8417 | Val P/R/F1 (Macro): 0.8729/0.8275/0.8209 | LR: 0.000005
Epoch [33/100] | Loss: 2.1949 (Cls: 1.6083, TAL: 0.0000, Adv: 3.9112) | Train Acc: 0.9866 | Val Acc: 0.8500 | Val P/R/F1 (Macro): 0.9032/0.9101/0.9033 | LR: 0.000005
  >>> New Best Val Acc: 0.8500
Epoch [34/100] | Loss: 2.2009 (Cls: 1.6100, TAL: 0.0000, Adv: 3.9396) | Train Acc: 0.9911 | Val Acc: 0.7833 | Val P/R/F1 (Macro): 0.8835/0.8304/0.8392 | LR: 0.000005
Epoch [35/100] | Loss: 2.1934 (Cls: 1.6193, TAL: 0.0000, Adv: 3.8272) | Train Acc: 0.9777 | Val Acc: 0.8417 | Val P/R/F1 (Macro): 0.9258/0.8196/0.8388 | LR: 0.000005
Epoch [36/100] | Loss: 2.1834 (Cls: 1.5745, TAL: 0.0000, Adv: 4.0594) | Train Acc: 0.9955 | Val Acc: 0.8167 | Val P/R/F1 (Macro): 0.8606/0.8166/0.8016 | LR: 0.000005
Epoch [37/100] | Loss: 2.1977 (Cls: 1.6034, TAL: 0.0000, Adv: 3.9620) | Train Acc: 0.9978 | Val Acc: 0.8250 | Val P/R/F1 (Macro): 0.8882/0.8105/0.8189 | LR: 0.000005
Epoch [38/100] | Loss: 2.1446 (Cls: 1.5595, TAL: 0.0000, Adv: 3.9010) | Train Acc: 0.9955 | Val Acc: 0.8333 | Val P/R/F1 (Macro): 0.9102/0.8077/0.8327 | LR: 0.000005
Epoch [39/100] | Loss: 2.1459 (Cls: 1.5626, TAL: 0.0000, Adv: 3.8891) | Train Acc: 0.9978 | Val Acc: 0.8250 | Val P/R/F1 (Macro): 0.8722/0.8165/0.8133 | LR: 0.000005
Epoch [40/100] | Loss: 2.1684 (Cls: 1.5853, TAL: 0.0000, Adv: 3.8872) | Train Acc: 0.9888 | Val Acc: 0.8250 | Val P/R/F1 (Macro): 0.8912/0.8600/0.8603 | LR: 0.000005
Epoch [41/100] | Loss: 2.1778 (Cls: 1.5712, TAL: 0.0000, Adv: 4.0437) | Train Acc: 0.9955 | Val Acc: 0.8583 | Val P/R/F1 (Macro): 0.9044/0.8336/0.8440 | LR: 0.000005
  >>> New Best Val Acc: 0.8583
Epoch [42/100] | Loss: 2.2204 (Cls: 1.5912, TAL: 0.0000, Adv: 4.1945) | Train Acc: 0.9978 | Val Acc: 0.8167 | Val P/R/F1 (Macro): 0.9111/0.8177/0.8359 | LR: 0.000005
Epoch [43/100] | Loss: 2.2242 (Cls: 1.5778, TAL: 0.0000, Adv: 4.3089) | Train Acc: 0.9933 | Val Acc: 0.8583 | Val P/R/F1 (Macro): 0.9000/0.8318/0.8411 | LR: 0.000005
Epoch [44/100] | Loss: 2.2034 (Cls: 1.5682, TAL: 0.0000, Adv: 4.2348) | Train Acc: 0.9933 | Val Acc: 0.8250 | Val P/R/F1 (Macro): 0.8933/0.8783/0.8778 | LR: 0.000005
Epoch [45/100] | Loss: 2.2054 (Cls: 1.5772, TAL: 0.0000, Adv: 4.1879) | Train Acc: 0.9933 | Val Acc: 0.8083 | Val P/R/F1 (Macro): 0.9287/0.7920/0.8359 | LR: 0.000005
Epoch [46/100] | Loss: 2.2242 (Cls: 1.5600, TAL: 0.0000, Adv: 4.4284) | Train Acc: 0.9933 | Val Acc: 0.8083 | Val P/R/F1 (Macro): 0.8808/0.8949/0.8772 | LR: 0.000005
Epoch [47/100] | Loss: 2.2058 (Cls: 1.5702, TAL: 0.0000, Adv: 4.2369) | Train Acc: 0.9911 | Val Acc: 0.8083 | Val P/R/F1 (Macro): 0.9350/0.8038/0.8404 | LR: 0.000005
Epoch [48/100] | Loss: 2.1873 (Cls: 1.5516, TAL: 0.0000, Adv: 4.2378) | Train Acc: 0.9955 | Val Acc: 0.8500 | Val P/R/F1 (Macro): 0.9447/0.8191/0.8568 | LR: 0.000005
Epoch [49/100] | Loss: 2.1827 (Cls: 1.5341, TAL: 0.0000, Adv: 4.3243) | Train Acc: 1.0000 | Val Acc: 0.8333 | Val P/R/F1 (Macro): 0.8755/0.8334/0.8253 | LR: 0.000005
Epoch [50/100] | Loss: 2.2086 (Cls: 1.5563, TAL: 0.0000, Adv: 4.3490) | Train Acc: 0.9955 | Val Acc: 0.8250 | Val P/R/F1 (Macro): 0.9010/0.8214/0.8342 | LR: 0.000005
Epoch [51/100] | Loss: 2.2300 (Cls: 1.5620, TAL: 0.0000, Adv: 4.4530) | Train Acc: 0.9911 | Val Acc: 0.8083 | Val P/R/F1 (Macro): 0.8830/0.8194/0.8205 | LR: 0.000005
Epoch [52/100] | Loss: 2.1793 (Cls: 1.5302, TAL: 0.0000, Adv: 4.3276) | Train Acc: 0.9955 | Val Acc: 0.8333 | Val P/R/F1 (Macro): 0.8981/0.8280/0.8372 | LR: 0.000003
Epoch [53/100] | Loss: 2.1864 (Cls: 1.5325, TAL: 0.0000, Adv: 4.3594) | Train Acc: 0.9978 | Val Acc: 0.8583 | Val P/R/F1 (Macro): 0.9223/0.8436/0.8588 | LR: 0.000003
Epoch [54/100] | Loss: 2.2026 (Cls: 1.5267, TAL: 0.0000, Adv: 4.5058) | Train Acc: 0.9978 | Val Acc: 0.8417 | Val P/R/F1 (Macro): 0.9031/0.8292/0.8407 | LR: 0.000003
Epoch [55/100] | Loss: 2.1859 (Cls: 1.5206, TAL: 0.0000, Adv: 4.4356) | Train Acc: 0.9978 | Val Acc: 0.8250 | Val P/R/F1 (Macro): 0.9036/0.8214/0.8363 | LR: 0.000003
Epoch [56/100] | Loss: 2.1915 (Cls: 1.5198, TAL: 0.0000, Adv: 4.4779) | Train Acc: 0.9978 | Val Acc: 0.8500 | Val P/R/F1 (Macro): 0.8984/0.8305/0.8405 | LR: 0.000003
Epoch [57/100] | Loss: 2.2029 (Cls: 1.5286, TAL: 0.0000, Adv: 4.4955) | Train Acc: 0.9933 | Val Acc: 0.8417 | Val P/R/F1 (Macro): 0.9121/0.8190/0.8389 | LR: 0.000003
Epoch [58/100] | Loss: 2.1678 (Cls: 1.5026, TAL: 0.0000, Adv: 4.4343) | Train Acc: 1.0000 | Val Acc: 0.8417 | Val P/R/F1 (Macro): 0.8860/0.8275/0.8281 | LR: 0.000003
Epoch [59/100] | Loss: 2.1819 (Cls: 1.5175, TAL: 0.0000, Adv: 4.4296) | Train Acc: 0.9978 | Val Acc: 0.8333 | Val P/R/F1 (Macro): 0.8972/0.8161/0.8308 | LR: 0.000003
Epoch [60/100] | Loss: 2.1812 (Cls: 1.5042, TAL: 0.0000, Adv: 4.5138) | Train Acc: 1.0000 | Val Acc: 0.8167 | Val P/R/F1 (Macro): 0.8637/0.8183/0.8058 | LR: 0.000003
Epoch [61/100] | Loss: 2.2060 (Cls: 1.5102, TAL: 0.0000, Adv: 4.6388) | Train Acc: 1.0000 | Val Acc: 0.8583 | Val P/R/F1 (Macro): 0.9177/0.8353/0.8506 | LR: 0.000003
Epoch [62/100] | Loss: 2.2106 (Cls: 1.5200, TAL: 0.0000, Adv: 4.6038) | Train Acc: 0.9955 | Val Acc: 0.8417 | Val P/R/F1 (Macro): 0.9052/0.8292/0.8406 | LR: 0.000003
Epoch [63/100] | Loss: 2.2177 (Cls: 1.5225, TAL: 0.0000, Adv: 4.6347) | Train Acc: 1.0000 | Val Acc: 0.8333 | Val P/R/F1 (Macro): 0.8955/0.8179/0.8293 | LR: 0.000001
Epoch [64/100] | Loss: 2.2007 (Cls: 1.5009, TAL: 0.0000, Adv: 4.6654) | Train Acc: 1.0000 | Val Acc: 0.8333 | Val P/R/F1 (Macro): 0.8993/0.8179/0.8308 | LR: 0.000001
Epoch [65/100] | Loss: 2.2114 (Cls: 1.5139, TAL: 0.0000, Adv: 4.6501) | Train Acc: 0.9955 | Val Acc: 0.8500 | Val P/R/F1 (Macro): 0.8932/0.8329/0.8349 | LR: 0.000001
Epoch [66/100] | Loss: 2.1725 (Cls: 1.4849, TAL: 0.0000, Adv: 4.5839) | Train Acc: 1.0000 | Val Acc: 0.8417 | Val P/R/F1 (Macro): 0.9001/0.8298/0.8366 | LR: 0.000001
Epoch [67/100] | Loss: 2.2121 (Cls: 1.5130, TAL: 0.0000, Adv: 4.6607) | Train Acc: 0.9978 | Val Acc: 0.8500 | Val P/R/F1 (Macro): 0.9213/0.8667/0.8849 | LR: 0.000001
Epoch [68/100] | Loss: 2.2158 (Cls: 1.4970, TAL: 0.0000, Adv: 4.7917) | Train Acc: 0.9978 | Val Acc: 0.8583 | Val P/R/F1 (Macro): 0.9096/0.8722/0.8795 | LR: 0.000001
Epoch [69/100] | Loss: 2.1801 (Cls: 1.5055, TAL: 0.0000, Adv: 4.4974) | Train Acc: 0.9978 | Val Acc: 0.8500 | Val P/R/F1 (Macro): 0.9001/0.8329/0.8385 | LR: 0.000001
Epoch [70/100] | Loss: 2.1971 (Cls: 1.5073, TAL: 0.0000, Adv: 4.5988) | Train Acc: 0.9978 | Val Acc: 0.8500 | Val P/R/F1 (Macro): 0.9005/0.8691/0.8733 | LR: 0.000001
Epoch [71/100] | Loss: 2.2223 (Cls: 1.5090, TAL: 0.0000, Adv: 4.7550) | Train Acc: 0.9955 | Val Acc: 0.8500 | Val P/R/F1 (Macro): 0.9232/0.8323/0.8536 | LR: 0.000001
Epoch [72/100] | Loss: 2.2043 (Cls: 1.4916, TAL: 0.0000, Adv: 4.7516) | Train Acc: 0.9978 | Val Acc: 0.8333 | Val P/R/F1 (Macro): 0.8880/0.8142/0.8198 | LR: 0.000001
Epoch [73/100] | Loss: 2.2096 (Cls: 1.5055, TAL: 0.0000, Adv: 4.6937) | Train Acc: 0.9955 | Val Acc: 0.8417 | Val P/R/F1 (Macro): 0.9043/0.8275/0.8399 | LR: 0.000001
Epoch [74/100] | Loss: 2.1878 (Cls: 1.4826, TAL: 0.0000, Adv: 4.7012) | Train Acc: 1.0000 | Val Acc: 0.8500 | Val P/R/F1 (Macro): 0.9043/0.8305/0.8422 | LR: 0.000001
Epoch [75/100] | Loss: 2.2115 (Cls: 1.4955, TAL: 0.0000, Adv: 4.7731) | Train Acc: 1.0000 | Val Acc: 0.8583 | Val P/R/F1 (Macro): 0.9157/0.8637/0.8803 | LR: 0.000001
Epoch [76/100] | Loss: 2.2175 (Cls: 1.4860, TAL: 0.0000, Adv: 4.8769) | Train Acc: 1.0000 | Val Acc: 0.8417 | Val P/R/F1 (Macro): 0.8967/0.8275/0.8338 | LR: 0.000001
Epoch [77/100] | Loss: 2.2168 (Cls: 1.4849, TAL: 0.0000, Adv: 4.8795) | Train Acc: 1.0000 | Val Acc: 0.8333 | Val P/R/F1 (Macro): 0.9090/0.8179/0.8365 | LR: 0.000001
Epoch [78/100] | Loss: 2.1992 (Cls: 1.4824, TAL: 0.0000, Adv: 4.7789) | Train Acc: 1.0000 | Val Acc: 0.8500 | Val P/R/F1 (Macro): 0.8979/0.8323/0.8388 | LR: 0.000001
Epoch [79/100] | Loss: 2.2161 (Cls: 1.4787, TAL: 0.0000, Adv: 4.9163) | Train Acc: 1.0000 | Val Acc: 0.8417 | Val P/R/F1 (Macro): 0.8999/0.8275/0.8355 | LR: 0.000001
Epoch [80/100] | Loss: 2.2309 (Cls: 1.4866, TAL: 0.0000, Adv: 4.9624) | Train Acc: 1.0000 | Val Acc: 0.8417 | Val P/R/F1 (Macro): 0.9001/0.8173/0.8302 | LR: 0.000001
Epoch [81/100] | Loss: 2.2208 (Cls: 1.4831, TAL: 0.0000, Adv: 4.9179) | Train Acc: 1.0000 | Val Acc: 0.8667 | Val P/R/F1 (Macro): 0.9177/0.8407/0.8536 | LR: 0.000001
  >>> New Best Val Acc: 0.8667
Epoch [82/100] | Loss: 2.2259 (Cls: 1.4841, TAL: 0.0000, Adv: 4.9454) | Train Acc: 1.0000 | Val Acc: 0.8500 | Val P/R/F1 (Macro): 0.9086/0.8221/0.8391 | LR: 0.000001
Epoch [83/100] | Loss: 2.2321 (Cls: 1.4829, TAL: 0.0000, Adv: 4.9950) | Train Acc: 1.0000 | Val Acc: 0.8417 | Val P/R/F1 (Macro): 0.9086/0.8166/0.8361 | LR: 0.000001
Epoch [84/100] | Loss: 2.2136 (Cls: 1.4842, TAL: 0.0000, Adv: 4.8628) | Train Acc: 1.0000 | Val Acc: 0.8500 | Val P/R/F1 (Macro): 0.9086/0.8323/0.8444 | LR: 0.000001
Epoch [85/100] | Loss: 2.2290 (Cls: 1.4880, TAL: 0.0000, Adv: 4.9405) | Train Acc: 1.0000 | Val Acc: 0.8500 | Val P/R/F1 (Macro): 0.9118/0.8323/0.8461 | LR: 0.000001
Epoch [86/100] | Loss: 2.2091 (Cls: 1.4749, TAL: 0.0000, Adv: 4.8949) | Train Acc: 1.0000 | Val Acc: 0.8417 | Val P/R/F1 (Macro): 0.9001/0.8173/0.8302 | LR: 0.000001
Epoch [87/100] | Loss: 2.2559 (Cls: 1.5015, TAL: 0.0000, Adv: 5.0291) | Train Acc: 0.9911 | Val Acc: 0.8500 | Val P/R/F1 (Macro): 0.9001/0.8329/0.8385 | LR: 0.000001
Epoch [88/100] | Loss: 2.2367 (Cls: 1.4796, TAL: 0.0000, Adv: 5.0474) | Train Acc: 1.0000 | Val Acc: 0.8333 | Val P/R/F1 (Macro): 0.8967/0.8118/0.8255 | LR: 0.000001
Epoch [89/100] | Loss: 2.2574 (Cls: 1.4806, TAL: 0.0000, Adv: 5.1785) | Train Acc: 1.0000 | Val Acc: 0.8583 | Val P/R/F1 (Macro): 0.9081/0.8722/0.8817 | LR: 0.000001
Epoch [90/100] | Loss: 2.2408 (Cls: 1.4834, TAL: 0.0000, Adv: 5.0496) | Train Acc: 1.0000 | Val Acc: 0.8667 | Val P/R/F1 (Macro): 0.9157/0.8794/0.8887 | LR: 0.000001
Epoch [91/100] | Loss: 2.2431 (Cls: 1.4800, TAL: 0.0000, Adv: 5.0875) | Train Acc: 1.0000 | Val Acc: 0.8417 | Val P/R/F1 (Macro): 0.9086/0.8166/0.8361 | LR: 0.000001
Epoch [92/100] | Loss: 2.2491 (Cls: 1.4754, TAL: 0.0000, Adv: 5.1584) | Train Acc: 0.9978 | Val Acc: 0.8417 | Val P/R/F1 (Macro): 0.9118/0.8166/0.8378 | LR: 0.000001
Epoch [93/100] | Loss: 2.2558 (Cls: 1.4878, TAL: 0.0000, Adv: 5.1200) | Train Acc: 1.0000 | Val Acc: 0.8333 | Val P/R/F1 (Macro): 0.9086/0.8262/0.8406 | LR: 0.000001
Epoch [94/100] | Loss: 2.2499 (Cls: 1.4803, TAL: 0.0000, Adv: 5.1312) | Train Acc: 0.9978 | Val Acc: 0.8167 | Val P/R/F1 (Macro): 0.8912/0.8057/0.8164 | LR: 0.000001
Epoch [95/100] | Loss: 2.2703 (Cls: 1.4869, TAL: 0.0000, Adv: 5.2225) | Train Acc: 0.9978 | Val Acc: 0.8500 | Val P/R/F1 (Macro): 0.9118/0.8323/0.8461 | LR: 0.000001
Epoch [96/100] | Loss: 2.2474 (Cls: 1.4785, TAL: 0.0000, Adv: 5.1263) | Train Acc: 1.0000 | Val Acc: 0.8333 | Val P/R/F1 (Macro): 0.8929/0.8244/0.8304 | LR: 0.000001
Epoch [97/100] | Loss: 2.2382 (Cls: 1.4794, TAL: 0.0000, Adv: 5.0586) | Train Acc: 1.0000 | Val Acc: 0.8417 | Val P/R/F1 (Macro): 0.9016/0.8275/0.8405 | LR: 0.000001
Epoch [98/100] | Loss: 2.2590 (Cls: 1.4888, TAL: 0.0000, Adv: 5.1344) | Train Acc: 0.9978 | Val Acc: 0.8583 | Val P/R/F1 (Macro): 0.9121/0.8377/0.8491 | LR: 0.000001
Epoch [99/100] | Loss: 2.2581 (Cls: 1.4723, TAL: 0.0000, Adv: 5.2388) | Train Acc: 1.0000 | Val Acc: 0.8583 | Val P/R/F1 (Macro): 0.9043/0.8359/0.8452 | LR: 0.000001
Epoch [100/100] | Loss: 2.2483 (Cls: 1.4812, TAL: 0.0000, Adv: 5.1143) | Train Acc: 1.0000 | Val Acc: 0.8250 | Val P/R/F1 (Macro): 0.9090/0.8148/0.8345 | LR: 0.000001

迭代 3 最佳指标:
  Accuracy: 0.8667
  Precision (Macro): 0.9177
  Recall (Macro): 0.8407
  F1 (Macro): 0.8536
  Precision (Micro): 0.8667
  Recall (Micro): 0.8667
  F1 (Micro): 0.8667
  Val class coverage: 8/14 (0.5714), samples=120

================================================================================
迭代 4/5
随机种子: 45
================================================================================
Training mode: unpaired target adaptation with controlled target-label loss (ratio=0.35, weight=0.50).
Fixed labeled target subset: 163/465 samples.
Feature fusion: Channel concatenation (512+512); fused_dim=1024
Domain adaptation: Neural OT generator with 3-domain discriminator
Loss weights: tensor=0.00, adv=0.15
Epoch [1/100] | Loss: 6.4288 (Cls: 6.3687, TAL: 0.0000, Adv: 0.4007) | Train Acc: 0.2455 | Val Acc: 0.0083 | Val P/R/F1 (Macro): 0.1250/0.0417/0.0625 | LR: 0.000010
  >>> New Best Val Acc: 0.0083
Epoch [2/100] | Loss: 5.0989 (Cls: 4.9750, TAL: 0.0000, Adv: 0.8259) | Train Acc: 0.4219 | Val Acc: 0.1500 | Val P/R/F1 (Macro): 0.2017/0.0879/0.1010 | LR: 0.000010
  >>> New Best Val Acc: 0.1500
Epoch [3/100] | Loss: 4.1687 (Cls: 4.0102, TAL: 0.0000, Adv: 1.0564) | Train Acc: 0.6786 | Val Acc: 0.4583 | Val P/R/F1 (Macro): 0.4556/0.3296/0.3681 | LR: 0.000010
  >>> New Best Val Acc: 0.4583
Epoch [4/100] | Loss: 3.5700 (Cls: 3.3676, TAL: 0.0000, Adv: 1.3491) | Train Acc: 0.7522 | Val Acc: 0.5667 | Val P/R/F1 (Macro): 0.4037/0.3754/0.3729 | LR: 0.000010
  >>> New Best Val Acc: 0.5667
Epoch [5/100] | Loss: 3.1909 (Cls: 2.9122, TAL: 0.0000, Adv: 1.8575) | Train Acc: 0.8013 | Val Acc: 0.5250 | Val P/R/F1 (Macro): 0.5226/0.3479/0.3972 | LR: 0.000010
Epoch [6/100] | Loss: 3.0116 (Cls: 2.6742, TAL: 0.0000, Adv: 2.2489) | Train Acc: 0.8527 | Val Acc: 0.4000 | Val P/R/F1 (Macro): 0.6117/0.2720/0.3368 | LR: 0.000010
Epoch [7/100] | Loss: 2.8310 (Cls: 2.4590, TAL: 0.0000, Adv: 2.4799) | Train Acc: 0.8795 | Val Acc: 0.5417 | Val P/R/F1 (Macro): 0.5513/0.4449/0.4452 | LR: 0.000010
Epoch [8/100] | Loss: 2.7454 (Cls: 2.3385, TAL: 0.0000, Adv: 2.7130) | Train Acc: 0.8996 | Val Acc: 0.6083 | Val P/R/F1 (Macro): 0.6069/0.6300/0.5726 | LR: 0.000010
  >>> New Best Val Acc: 0.6083
Epoch [9/100] | Loss: 2.7992 (Cls: 2.3730, TAL: 0.0000, Adv: 2.8408) | Train Acc: 0.9018 | Val Acc: 0.5167 | Val P/R/F1 (Macro): 0.5485/0.4314/0.4326 | LR: 0.000010
Epoch [10/100] | Loss: 2.6674 (Cls: 2.2267, TAL: 0.0000, Adv: 2.9380) | Train Acc: 0.8817 | Val Acc: 0.6917 | Val P/R/F1 (Macro): 0.6256/0.6124/0.5960 | LR: 0.000010
  >>> New Best Val Acc: 0.6917
Epoch [11/100] | Loss: 2.7163 (Cls: 2.2651, TAL: 0.0000, Adv: 3.0079) | Train Acc: 0.9018 | Val Acc: 0.6833 | Val P/R/F1 (Macro): 0.6205/0.5214/0.5470 | LR: 0.000010
Epoch [12/100] | Loss: 2.5309 (Cls: 2.0443, TAL: 0.0000, Adv: 3.2436) | Train Acc: 0.9375 | Val Acc: 0.6083 | Val P/R/F1 (Macro): 0.6735/0.5450/0.5810 | LR: 0.000010
Epoch [13/100] | Loss: 2.5695 (Cls: 2.0877, TAL: 0.0000, Adv: 3.2122) | Train Acc: 0.9420 | Val Acc: 0.6667 | Val P/R/F1 (Macro): 0.6391/0.4813/0.5129 | LR: 0.000010
Epoch [14/100] | Loss: 2.6050 (Cls: 2.1216, TAL: 0.0000, Adv: 3.2229) | Train Acc: 0.9420 | Val Acc: 0.5917 | Val P/R/F1 (Macro): 0.5479/0.4591/0.4688 | LR: 0.000010
Epoch [15/100] | Loss: 2.6016 (Cls: 2.0890, TAL: 0.0000, Adv: 3.4175) | Train Acc: 0.9263 | Val Acc: 0.5583 | Val P/R/F1 (Macro): 0.5557/0.4745/0.4658 | LR: 0.000010
Epoch [16/100] | Loss: 2.5387 (Cls: 2.0202, TAL: 0.0000, Adv: 3.4567) | Train Acc: 0.9286 | Val Acc: 0.5167 | Val P/R/F1 (Macro): 0.7783/0.4568/0.5173 | LR: 0.000010
Epoch [17/100] | Loss: 2.4545 (Cls: 1.8946, TAL: 0.0000, Adv: 3.7329) | Train Acc: 0.9576 | Val Acc: 0.7500 | Val P/R/F1 (Macro): 0.6893/0.7417/0.7045 | LR: 0.000010
  >>> New Best Val Acc: 0.7500
Epoch [18/100] | Loss: 2.5377 (Cls: 2.0154, TAL: 0.0000, Adv: 3.4817) | Train Acc: 0.9442 | Val Acc: 0.7333 | Val P/R/F1 (Macro): 0.6955/0.7160/0.6777 | LR: 0.000010
Epoch [19/100] | Loss: 2.4003 (Cls: 1.8658, TAL: 0.0000, Adv: 3.5636) | Train Acc: 0.9576 | Val Acc: 0.7667 | Val P/R/F1 (Macro): 0.7562/0.7293/0.7275 | LR: 0.000010
  >>> New Best Val Acc: 0.7667
Epoch [20/100] | Loss: 2.4003 (Cls: 1.8623, TAL: 0.0000, Adv: 3.5871) | Train Acc: 0.9598 | Val Acc: 0.7083 | Val P/R/F1 (Macro): 0.7121/0.6620/0.6558 | LR: 0.000010
Epoch [21/100] | Loss: 2.3446 (Cls: 1.8075, TAL: 0.0000, Adv: 3.5804) | Train Acc: 0.9799 | Val Acc: 0.7667 | Val P/R/F1 (Macro): 0.7168/0.7174/0.6945 | LR: 0.000010
Epoch [22/100] | Loss: 2.3236 (Cls: 1.8046, TAL: 0.0000, Adv: 3.4601) | Train Acc: 0.9688 | Val Acc: 0.6250 | Val P/R/F1 (Macro): 0.5677/0.5664/0.5365 | LR: 0.000010
Epoch [23/100] | Loss: 2.4245 (Cls: 1.8690, TAL: 0.0000, Adv: 3.7032) | Train Acc: 0.9688 | Val Acc: 0.6917 | Val P/R/F1 (Macro): 0.7052/0.6283/0.6339 | LR: 0.000010
Epoch [24/100] | Loss: 2.3433 (Cls: 1.7684, TAL: 0.0000, Adv: 3.8328) | Train Acc: 0.9866 | Val Acc: 0.7500 | Val P/R/F1 (Macro): 0.7301/0.7280/0.7054 | LR: 0.000010
Epoch [25/100] | Loss: 2.3576 (Cls: 1.7947, TAL: 0.0000, Adv: 3.7528) | Train Acc: 0.9777 | Val Acc: 0.7333 | Val P/R/F1 (Macro): 0.7569/0.7064/0.7067 | LR: 0.000010
Epoch [26/100] | Loss: 2.3415 (Cls: 1.7654, TAL: 0.0000, Adv: 3.8410) | Train Acc: 0.9732 | Val Acc: 0.7500 | Val P/R/F1 (Macro): 0.7554/0.6999/0.7037 | LR: 0.000010
Epoch [27/100] | Loss: 2.2818 (Cls: 1.7079, TAL: 0.0000, Adv: 3.8260) | Train Acc: 0.9777 | Val Acc: 0.7750 | Val P/R/F1 (Macro): 0.7556/0.7115/0.7113 | LR: 0.000010
  >>> New Best Val Acc: 0.7750
Epoch [28/100] | Loss: 2.3083 (Cls: 1.7143, TAL: 0.0000, Adv: 3.9598) | Train Acc: 0.9688 | Val Acc: 0.6917 | Val P/R/F1 (Macro): 0.7530/0.6601/0.6698 | LR: 0.000010
Epoch [29/100] | Loss: 2.3602 (Cls: 1.7585, TAL: 0.0000, Adv: 4.0111) | Train Acc: 0.9732 | Val Acc: 0.7833 | Val P/R/F1 (Macro): 0.9080/0.8019/0.8217 | LR: 0.000010
  >>> New Best Val Acc: 0.7833
Epoch [30/100] | Loss: 2.2610 (Cls: 1.6731, TAL: 0.0000, Adv: 3.9194) | Train Acc: 0.9888 | Val Acc: 0.6833 | Val P/R/F1 (Macro): 0.5970/0.5462/0.5422 | LR: 0.000010
Epoch [31/100] | Loss: 2.2903 (Cls: 1.6710, TAL: 0.0000, Adv: 4.1286) | Train Acc: 0.9911 | Val Acc: 0.8167 | Val P/R/F1 (Macro): 0.7425/0.7458/0.7323 | LR: 0.000010
  >>> New Best Val Acc: 0.8167
Epoch [32/100] | Loss: 2.2654 (Cls: 1.6570, TAL: 0.0000, Adv: 4.0556) | Train Acc: 0.9754 | Val Acc: 0.7833 | Val P/R/F1 (Macro): 0.7586/0.7271/0.7202 | LR: 0.000010
Epoch [33/100] | Loss: 2.2723 (Cls: 1.6655, TAL: 0.0000, Adv: 4.0449) | Train Acc: 0.9777 | Val Acc: 0.8417 | Val P/R/F1 (Macro): 0.7638/0.7692/0.7553 | LR: 0.000010
  >>> New Best Val Acc: 0.8417
Epoch [34/100] | Loss: 2.2405 (Cls: 1.6386, TAL: 0.0000, Adv: 4.0127) | Train Acc: 0.9888 | Val Acc: 0.7917 | Val P/R/F1 (Macro): 0.7484/0.7538/0.7275 | LR: 0.000010
Epoch [35/100] | Loss: 2.3174 (Cls: 1.6734, TAL: 0.0000, Adv: 4.2932) | Train Acc: 0.9866 | Val Acc: 0.7833 | Val P/R/F1 (Macro): 0.7824/0.6971/0.7100 | LR: 0.000010
Epoch [36/100] | Loss: 2.3022 (Cls: 1.6720, TAL: 0.0000, Adv: 4.2014) | Train Acc: 0.9799 | Val Acc: 0.7417 | Val P/R/F1 (Macro): 0.8851/0.7693/0.7827 | LR: 0.000010
Epoch [37/100] | Loss: 2.2905 (Cls: 1.6411, TAL: 0.0000, Adv: 4.3297) | Train Acc: 0.9844 | Val Acc: 0.7333 | Val P/R/F1 (Macro): 0.7302/0.7088/0.6875 | LR: 0.000010
Epoch [38/100] | Loss: 2.2599 (Cls: 1.6217, TAL: 0.0000, Adv: 4.2544) | Train Acc: 0.9821 | Val Acc: 0.8167 | Val P/R/F1 (Macro): 0.7749/0.7945/0.7762 | LR: 0.000010
Epoch [39/100] | Loss: 2.2605 (Cls: 1.6278, TAL: 0.0000, Adv: 4.2182) | Train Acc: 0.9866 | Val Acc: 0.7833 | Val P/R/F1 (Macro): 0.7545/0.7138/0.7077 | LR: 0.000010
Epoch [40/100] | Loss: 2.2537 (Cls: 1.5854, TAL: 0.0000, Adv: 4.4551) | Train Acc: 0.9911 | Val Acc: 0.7833 | Val P/R/F1 (Macro): 0.7306/0.7329/0.7039 | LR: 0.000010
Epoch [41/100] | Loss: 2.2475 (Cls: 1.5731, TAL: 0.0000, Adv: 4.4961) | Train Acc: 0.9978 | Val Acc: 0.8500 | Val P/R/F1 (Macro): 0.7875/0.7424/0.7444 | LR: 0.000010
  >>> New Best Val Acc: 0.8500
Epoch [42/100] | Loss: 2.2269 (Cls: 1.5579, TAL: 0.0000, Adv: 4.4601) | Train Acc: 0.9955 | Val Acc: 0.7417 | Val P/R/F1 (Macro): 0.7879/0.6735/0.7145 | LR: 0.000010
Epoch [43/100] | Loss: 2.2595 (Cls: 1.5631, TAL: 0.0000, Adv: 4.6427) | Train Acc: 0.9955 | Val Acc: 0.8167 | Val P/R/F1 (Macro): 0.7309/0.8011/0.7545 | LR: 0.000010
Epoch [44/100] | Loss: 2.2645 (Cls: 1.5896, TAL: 0.0000, Adv: 4.4991) | Train Acc: 0.9911 | Val Acc: 0.8083 | Val P/R/F1 (Macro): 0.8782/0.7928/0.7998 | LR: 0.000010
Epoch [45/100] | Loss: 2.2742 (Cls: 1.5783, TAL: 0.0000, Adv: 4.6393) | Train Acc: 0.9978 | Val Acc: 0.8167 | Val P/R/F1 (Macro): 0.8866/0.7869/0.7946 | LR: 0.000010
Epoch [46/100] | Loss: 2.2860 (Cls: 1.5773, TAL: 0.0000, Adv: 4.7243) | Train Acc: 0.9978 | Val Acc: 0.8250 | Val P/R/F1 (Macro): 0.7739/0.7821/0.7626 | LR: 0.000010
Epoch [47/100] | Loss: 2.2468 (Cls: 1.5612, TAL: 0.0000, Adv: 4.5705) | Train Acc: 0.9933 | Val Acc: 0.8167 | Val P/R/F1 (Macro): 0.7341/0.7435/0.7233 | LR: 0.000010
Epoch [48/100] | Loss: 2.2545 (Cls: 1.5553, TAL: 0.0000, Adv: 4.6618) | Train Acc: 0.9955 | Val Acc: 0.8167 | Val P/R/F1 (Macro): 0.9087/0.7736/0.8086 | LR: 0.000010
Epoch [49/100] | Loss: 2.3310 (Cls: 1.6033, TAL: 0.0000, Adv: 4.8516) | Train Acc: 0.9844 | Val Acc: 0.8167 | Val P/R/F1 (Macro): 0.8885/0.7790/0.7872 | LR: 0.000010
Epoch [50/100] | Loss: 2.2647 (Cls: 1.5692, TAL: 0.0000, Adv: 4.6368) | Train Acc: 0.9911 | Val Acc: 0.7833 | Val P/R/F1 (Macro): 0.8714/0.7358/0.7527 | LR: 0.000010
Epoch [51/100] | Loss: 2.2563 (Cls: 1.5596, TAL: 0.0000, Adv: 4.6443) | Train Acc: 0.9933 | Val Acc: 0.8333 | Val P/R/F1 (Macro): 0.7753/0.7809/0.7697 | LR: 0.000010
Epoch [52/100] | Loss: 2.2846 (Cls: 1.5608, TAL: 0.0000, Adv: 4.8254) | Train Acc: 0.9955 | Val Acc: 0.8583 | Val P/R/F1 (Macro): 0.8929/0.8466/0.8544 | LR: 0.000010
  >>> New Best Val Acc: 0.8583
Epoch [53/100] | Loss: 2.2461 (Cls: 1.5359, TAL: 0.0000, Adv: 4.7351) | Train Acc: 0.9955 | Val Acc: 0.8167 | Val P/R/F1 (Macro): 0.7791/0.7404/0.7396 | LR: 0.000010
Epoch [54/100] | Loss: 2.3062 (Cls: 1.5597, TAL: 0.0000, Adv: 4.9766) | Train Acc: 0.9888 | Val Acc: 0.8333 | Val P/R/F1 (Macro): 0.9087/0.7749/0.8024 | LR: 0.000010
Epoch [55/100] | Loss: 2.2997 (Cls: 1.5780, TAL: 0.0000, Adv: 4.8111) | Train Acc: 0.9888 | Val Acc: 0.7750 | Val P/R/F1 (Macro): 0.7302/0.7675/0.7332 | LR: 0.000010
Epoch [56/100] | Loss: 2.2296 (Cls: 1.5309, TAL: 0.0000, Adv: 4.6578) | Train Acc: 0.9955 | Val Acc: 0.8417 | Val P/R/F1 (Macro): 0.8899/0.8370/0.8340 | LR: 0.000010
Epoch [57/100] | Loss: 2.2813 (Cls: 1.5323, TAL: 0.0000, Adv: 4.9935) | Train Acc: 0.9933 | Val Acc: 0.8083 | Val P/R/F1 (Macro): 0.7686/0.7508/0.7473 | LR: 0.000010
Epoch [58/100] | Loss: 2.2518 (Cls: 1.5282, TAL: 0.0000, Adv: 4.8241) | Train Acc: 0.9933 | Val Acc: 0.7667 | Val P/R/F1 (Macro): 0.8646/0.7369/0.7657 | LR: 0.000010
Epoch [59/100] | Loss: 2.2237 (Cls: 1.5124, TAL: 0.0000, Adv: 4.7418) | Train Acc: 0.9978 | Val Acc: 0.8667 | Val P/R/F1 (Macro): 0.9133/0.8063/0.8241 | LR: 0.000010
  >>> New Best Val Acc: 0.8667
Epoch [60/100] | Loss: 2.2222 (Cls: 1.4934, TAL: 0.0000, Adv: 4.8585) | Train Acc: 0.9978 | Val Acc: 0.8667 | Val P/R/F1 (Macro): 0.7814/0.7677/0.7595 | LR: 0.000010
Epoch [61/100] | Loss: 2.2164 (Cls: 1.4973, TAL: 0.0000, Adv: 4.7941) | Train Acc: 1.0000 | Val Acc: 0.8917 | Val P/R/F1 (Macro): 0.9609/0.8475/0.8790 | LR: 0.000010
  >>> New Best Val Acc: 0.8917
Epoch [62/100] | Loss: 2.2310 (Cls: 1.5135, TAL: 0.0000, Adv: 4.7831) | Train Acc: 0.9933 | Val Acc: 0.8000 | Val P/R/F1 (Macro): 0.8930/0.7813/0.7947 | LR: 0.000010
Epoch [63/100] | Loss: 2.2308 (Cls: 1.5070, TAL: 0.0000, Adv: 4.8249) | Train Acc: 1.0000 | Val Acc: 0.8833 | Val P/R/F1 (Macro): 0.7777/0.7869/0.7728 | LR: 0.000010
Epoch [64/100] | Loss: 2.2176 (Cls: 1.5067, TAL: 0.0000, Adv: 4.7394) | Train Acc: 0.9978 | Val Acc: 0.8167 | Val P/R/F1 (Macro): 0.7448/0.7542/0.7330 | LR: 0.000010
Epoch [65/100] | Loss: 2.2442 (Cls: 1.5010, TAL: 0.0000, Adv: 4.9543) | Train Acc: 0.9978 | Val Acc: 0.8583 | Val P/R/F1 (Macro): 0.9050/0.8050/0.8180 | LR: 0.000010
Epoch [66/100] | Loss: 2.2464 (Cls: 1.4964, TAL: 0.0000, Adv: 4.9998) | Train Acc: 1.0000 | Val Acc: 0.7833 | Val P/R/F1 (Macro): 0.8868/0.7608/0.7810 | LR: 0.000010
Epoch [67/100] | Loss: 2.2588 (Cls: 1.5010, TAL: 0.0000, Adv: 5.0521) | Train Acc: 0.9955 | Val Acc: 0.9000 | Val P/R/F1 (Macro): 0.9068/0.8298/0.8376 | LR: 0.000010
  >>> New Best Val Acc: 0.9000
Epoch [68/100] | Loss: 2.2265 (Cls: 1.4883, TAL: 0.0000, Adv: 4.9215) | Train Acc: 1.0000 | Val Acc: 0.7417 | Val P/R/F1 (Macro): 0.7281/0.7130/0.6863 | LR: 0.000010
Epoch [69/100] | Loss: 2.2565 (Cls: 1.5200, TAL: 0.0000, Adv: 4.9102) | Train Acc: 1.0000 | Val Acc: 0.8333 | Val P/R/F1 (Macro): 0.7723/0.7655/0.7500 | LR: 0.000010
Epoch [70/100] | Loss: 2.2365 (Cls: 1.5064, TAL: 0.0000, Adv: 4.8679) | Train Acc: 0.9955 | Val Acc: 0.7667 | Val P/R/F1 (Macro): 0.7409/0.7328/0.6987 | LR: 0.000010
Epoch [71/100] | Loss: 2.1978 (Cls: 1.4767, TAL: 0.0000, Adv: 4.8076) | Train Acc: 1.0000 | Val Acc: 0.8000 | Val P/R/F1 (Macro): 0.7460/0.7350/0.7191 | LR: 0.000010
Epoch [72/100] | Loss: 2.2007 (Cls: 1.4755, TAL: 0.0000, Adv: 4.8345) | Train Acc: 0.9978 | Val Acc: 0.7750 | Val P/R/F1 (Macro): 0.7409/0.7686/0.7412 | LR: 0.000010
Epoch [73/100] | Loss: 2.2337 (Cls: 1.4807, TAL: 0.0000, Adv: 5.0200) | Train Acc: 1.0000 | Val Acc: 0.8583 | Val P/R/F1 (Macro): 0.7804/0.7943/0.7781 | LR: 0.000010
Epoch [74/100] | Loss: 2.1893 (Cls: 1.4930, TAL: 0.0000, Adv: 4.6422) | Train Acc: 0.9955 | Val Acc: 0.8417 | Val P/R/F1 (Macro): 0.9050/0.8744/0.8739 | LR: 0.000010
Epoch [75/100] | Loss: 2.1889 (Cls: 1.4943, TAL: 0.0000, Adv: 4.6309) | Train Acc: 1.0000 | Val Acc: 0.8000 | Val P/R/F1 (Macro): 0.7864/0.7492/0.7542 | LR: 0.000010
Epoch [76/100] | Loss: 2.1702 (Cls: 1.4721, TAL: 0.0000, Adv: 4.6535) | Train Acc: 1.0000 | Val Acc: 0.8417 | Val P/R/F1 (Macro): 0.8828/0.8054/0.8035 | LR: 0.000010
Epoch [77/100] | Loss: 2.1700 (Cls: 1.4917, TAL: 0.0000, Adv: 4.5218) | Train Acc: 0.9955 | Val Acc: 0.7917 | Val P/R/F1 (Macro): 0.7433/0.7378/0.7167 | LR: 0.000010
Epoch [78/100] | Loss: 2.1508 (Cls: 1.4755, TAL: 0.0000, Adv: 4.5015) | Train Acc: 1.0000 | Val Acc: 0.8083 | Val P/R/F1 (Macro): 0.7899/0.7760/0.7718 | LR: 0.000005
Epoch [79/100] | Loss: 2.1889 (Cls: 1.4712, TAL: 0.0000, Adv: 4.7845) | Train Acc: 1.0000 | Val Acc: 0.8083 | Val P/R/F1 (Macro): 0.8000/0.7814/0.7852 | LR: 0.000005
Epoch [80/100] | Loss: 2.1785 (Cls: 1.4815, TAL: 0.0000, Adv: 4.6469) | Train Acc: 0.9955 | Val Acc: 0.8917 | Val P/R/F1 (Macro): 0.7908/0.8172/0.7956 | LR: 0.000005
Epoch [81/100] | Loss: 2.1625 (Cls: 1.4653, TAL: 0.0000, Adv: 4.6483) | Train Acc: 0.9978 | Val Acc: 0.8083 | Val P/R/F1 (Macro): 0.9458/0.7941/0.8375 | LR: 0.000005
Epoch [82/100] | Loss: 2.1612 (Cls: 1.4786, TAL: 0.0000, Adv: 4.5510) | Train Acc: 1.0000 | Val Acc: 0.8750 | Val P/R/F1 (Macro): 0.7848/0.7701/0.7639 | LR: 0.000005
Epoch [83/100] | Loss: 2.1523 (Cls: 1.4728, TAL: 0.0000, Adv: 4.5295) | Train Acc: 1.0000 | Val Acc: 0.8250 | Val P/R/F1 (Macro): 0.8854/0.7904/0.7977 | LR: 0.000005
Epoch [84/100] | Loss: 2.1704 (Cls: 1.4758, TAL: 0.0000, Adv: 4.6303) | Train Acc: 0.9978 | Val Acc: 0.9083 | Val P/R/F1 (Macro): 0.9047/0.8298/0.8331 | LR: 0.000005
  >>> New Best Val Acc: 0.9083
Epoch [85/100] | Loss: 2.1576 (Cls: 1.4604, TAL: 0.0000, Adv: 4.6480) | Train Acc: 1.0000 | Val Acc: 0.8417 | Val P/R/F1 (Macro): 0.9083/0.7803/0.8068 | LR: 0.000005
Epoch [86/100] | Loss: 2.1666 (Cls: 1.4546, TAL: 0.0000, Adv: 4.7467) | Train Acc: 1.0000 | Val Acc: 0.8083 | Val P/R/F1 (Macro): 0.7692/0.7355/0.7353 | LR: 0.000005
Epoch [87/100] | Loss: 2.1834 (Cls: 1.4683, TAL: 0.0000, Adv: 4.7672) | Train Acc: 1.0000 | Val Acc: 0.8167 | Val P/R/F1 (Macro): 0.9129/0.8266/0.8392 | LR: 0.000005
Epoch [88/100] | Loss: 2.1463 (Cls: 1.4559, TAL: 0.0000, Adv: 4.6025) | Train Acc: 1.0000 | Val Acc: 0.8833 | Val P/R/F1 (Macro): 0.9176/0.8249/0.8414 | LR: 0.000005
Epoch [89/100] | Loss: 2.1742 (Cls: 1.4565, TAL: 0.0000, Adv: 4.7846) | Train Acc: 1.0000 | Val Acc: 0.8583 | Val P/R/F1 (Macro): 0.7795/0.7729/0.7620 | LR: 0.000005
Epoch [90/100] | Loss: 2.1930 (Cls: 1.4638, TAL: 0.0000, Adv: 4.8615) | Train Acc: 0.9978 | Val Acc: 0.8833 | Val P/R/F1 (Macro): 0.8051/0.7904/0.7892 | LR: 0.000005
Epoch [91/100] | Loss: 2.1649 (Cls: 1.4526, TAL: 0.0000, Adv: 4.7491) | Train Acc: 1.0000 | Val Acc: 0.8917 | Val P/R/F1 (Macro): 0.9277/0.8255/0.8445 | LR: 0.000005
Epoch [92/100] | Loss: 2.1794 (Cls: 1.4561, TAL: 0.0000, Adv: 4.8223) | Train Acc: 1.0000 | Val Acc: 0.8750 | Val P/R/F1 (Macro): 0.9418/0.8111/0.8469 | LR: 0.000005
Epoch [93/100] | Loss: 2.1745 (Cls: 1.4546, TAL: 0.0000, Adv: 4.7993) | Train Acc: 1.0000 | Val Acc: 0.8250 | Val P/R/F1 (Macro): 0.9038/0.7893/0.8127 | LR: 0.000005
Epoch [94/100] | Loss: 2.1797 (Cls: 1.4555, TAL: 0.0000, Adv: 4.8277) | Train Acc: 1.0000 | Val Acc: 0.8250 | Val P/R/F1 (Macro): 0.7665/0.7416/0.7365 | LR: 0.000005
Epoch [95/100] | Loss: 2.2139 (Cls: 1.4749, TAL: 0.0000, Adv: 4.9267) | Train Acc: 1.0000 | Val Acc: 0.8500 | Val P/R/F1 (Macro): 0.9022/0.8002/0.8155 | LR: 0.000003
Epoch [96/100] | Loss: 2.1934 (Cls: 1.4609, TAL: 0.0000, Adv: 4.8834) | Train Acc: 1.0000 | Val Acc: 0.8667 | Val P/R/F1 (Macro): 0.9226/0.8080/0.8315 | LR: 0.000003
Epoch [97/100] | Loss: 2.1735 (Cls: 1.4506, TAL: 0.0000, Adv: 4.8196) | Train Acc: 1.0000 | Val Acc: 0.8417 | Val P/R/F1 (Macro): 0.8965/0.7989/0.8093 | LR: 0.000003
Epoch [98/100] | Loss: 2.1607 (Cls: 1.4459, TAL: 0.0000, Adv: 4.7654) | Train Acc: 1.0000 | Val Acc: 0.8833 | Val P/R/F1 (Macro): 0.9418/0.8528/0.8719 | LR: 0.000003
Epoch [99/100] | Loss: 2.1796 (Cls: 1.4528, TAL: 0.0000, Adv: 4.8451) | Train Acc: 1.0000 | Val Acc: 0.8750 | Val P/R/F1 (Macro): 0.9302/0.8111/0.8394 | LR: 0.000003
Epoch [100/100] | Loss: 2.2057 (Cls: 1.4542, TAL: 0.0000, Adv: 5.0100) | Train Acc: 1.0000 | Val Acc: 0.8417 | Val P/R/F1 (Macro): 0.9341/0.7780/0.8231 | LR: 0.000003

迭代 4 最佳指标:
  Accuracy: 0.9083
  Precision (Macro): 0.9047
  Recall (Macro): 0.8298
  F1 (Macro): 0.8331
  Precision (Micro): 0.9083
  Recall (Micro): 0.9083
  F1 (Micro): 0.9083
  Val class coverage: 8/14 (0.5714), samples=120

================================================================================
迭代 5/5
随机种子: 46
================================================================================
Training mode: unpaired target adaptation with controlled target-label loss (ratio=0.35, weight=0.50).
Fixed labeled target subset: 163/465 samples.
Feature fusion: Channel concatenation (512+512); fused_dim=1024
Domain adaptation: Neural OT generator with 3-domain discriminator
Loss weights: tensor=0.00, adv=0.15
Epoch [1/100] | Loss: 6.5313 (Cls: 6.4871, TAL: 0.0000, Adv: 0.2947) | Train Acc: 0.2478 | Val Acc: 0.0083 | Val P/R/F1 (Macro): 0.0156/0.0048/0.0074 | LR: 0.000010
  >>> New Best Val Acc: 0.0083
Epoch [2/100] | Loss: 5.1573 (Cls: 5.0726, TAL: 0.0000, Adv: 0.5645) | Train Acc: 0.4219 | Val Acc: 0.1833 | Val P/R/F1 (Macro): 0.2635/0.1324/0.1568 | LR: 0.000010
  >>> New Best Val Acc: 0.1833
Epoch [3/100] | Loss: 4.1304 (Cls: 4.0000, TAL: 0.0000, Adv: 0.8691) | Train Acc: 0.6629 | Val Acc: 0.3750 | Val P/R/F1 (Macro): 0.5447/0.3475/0.3672 | LR: 0.000010
  >>> New Best Val Acc: 0.3750
Epoch [4/100] | Loss: 3.5562 (Cls: 3.3230, TAL: 0.0000, Adv: 1.5546) | Train Acc: 0.7388 | Val Acc: 0.3167 | Val P/R/F1 (Macro): 0.3345/0.2223/0.2257 | LR: 0.000010
Epoch [5/100] | Loss: 3.3702 (Cls: 3.1192, TAL: 0.0000, Adv: 1.6738) | Train Acc: 0.8058 | Val Acc: 0.3667 | Val P/R/F1 (Macro): 0.5230/0.2724/0.3388 | LR: 0.000010
Epoch [6/100] | Loss: 2.9449 (Cls: 2.6283, TAL: 0.0000, Adv: 2.1107) | Train Acc: 0.8527 | Val Acc: 0.5583 | Val P/R/F1 (Macro): 0.6435/0.4896/0.4893 | LR: 0.000010
  >>> New Best Val Acc: 0.5583
Epoch [7/100] | Loss: 2.9096 (Cls: 2.5532, TAL: 0.0000, Adv: 2.3761) | Train Acc: 0.8549 | Val Acc: 0.4833 | Val P/R/F1 (Macro): 0.5304/0.3596/0.3664 | LR: 0.000010
Epoch [8/100] | Loss: 2.8211 (Cls: 2.3991, TAL: 0.0000, Adv: 2.8128) | Train Acc: 0.8951 | Val Acc: 0.6250 | Val P/R/F1 (Macro): 0.7037/0.5966/0.5780 | LR: 0.000010
  >>> New Best Val Acc: 0.6250
Epoch [9/100] | Loss: 2.7332 (Cls: 2.2951, TAL: 0.0000, Adv: 2.9206) | Train Acc: 0.8839 | Val Acc: 0.6167 | Val P/R/F1 (Macro): 0.6406/0.5167/0.5345 | LR: 0.000010
Epoch [10/100] | Loss: 2.7752 (Cls: 2.3349, TAL: 0.0000, Adv: 2.9356) | Train Acc: 0.8929 | Val Acc: 0.5917 | Val P/R/F1 (Macro): 0.7059/0.5500/0.5838 | LR: 0.000010
Epoch [11/100] | Loss: 2.5951 (Cls: 2.1277, TAL: 0.0000, Adv: 3.1164) | Train Acc: 0.9487 | Val Acc: 0.5583 | Val P/R/F1 (Macro): 0.7930/0.5378/0.5817 | LR: 0.000010
Epoch [12/100] | Loss: 2.5178 (Cls: 2.0583, TAL: 0.0000, Adv: 3.0635) | Train Acc: 0.9464 | Val Acc: 0.5583 | Val P/R/F1 (Macro): 0.6031/0.5276/0.5296 | LR: 0.000010
Epoch [13/100] | Loss: 2.6597 (Cls: 2.1638, TAL: 0.0000, Adv: 3.3065) | Train Acc: 0.9129 | Val Acc: 0.6750 | Val P/R/F1 (Macro): 0.7401/0.6304/0.6341 | LR: 0.000010
  >>> New Best Val Acc: 0.6750
Epoch [14/100] | Loss: 2.5289 (Cls: 2.0202, TAL: 0.0000, Adv: 3.3913) | Train Acc: 0.9420 | Val Acc: 0.6333 | Val P/R/F1 (Macro): 0.7875/0.5949/0.6341 | LR: 0.000010
Epoch [15/100] | Loss: 2.5684 (Cls: 2.0410, TAL: 0.0000, Adv: 3.5158) | Train Acc: 0.9509 | Val Acc: 0.5417 | Val P/R/F1 (Macro): 0.6673/0.4618/0.4730 | LR: 0.000010
Epoch [16/100] | Loss: 2.5097 (Cls: 1.9739, TAL: 0.0000, Adv: 3.5719) | Train Acc: 0.9442 | Val Acc: 0.7750 | Val P/R/F1 (Macro): 0.7566/0.7478/0.7350 | LR: 0.000010
  >>> New Best Val Acc: 0.7750
Epoch [17/100] | Loss: 2.4851 (Cls: 1.9356, TAL: 0.0000, Adv: 3.6635) | Train Acc: 0.9576 | Val Acc: 0.7417 | Val P/R/F1 (Macro): 0.7015/0.7164/0.6851 | LR: 0.000010
Epoch [18/100] | Loss: 2.5345 (Cls: 1.9843, TAL: 0.0000, Adv: 3.6677) | Train Acc: 0.9531 | Val Acc: 0.6667 | Val P/R/F1 (Macro): 0.7045/0.6142/0.5940 | LR: 0.000010
Epoch [19/100] | Loss: 2.3988 (Cls: 1.8420, TAL: 0.0000, Adv: 3.7122) | Train Acc: 0.9754 | Val Acc: 0.6167 | Val P/R/F1 (Macro): 0.5993/0.6081/0.5500 | LR: 0.000010
Epoch [20/100] | Loss: 2.4911 (Cls: 1.8919, TAL: 0.0000, Adv: 3.9951) | Train Acc: 0.9643 | Val Acc: 0.7167 | Val P/R/F1 (Macro): 0.8274/0.6598/0.6973 | LR: 0.000010
Epoch [21/100] | Loss: 2.4837 (Cls: 1.9020, TAL: 0.0000, Adv: 3.8781) | Train Acc: 0.9487 | Val Acc: 0.7333 | Val P/R/F1 (Macro): 0.8364/0.7696/0.7462 | LR: 0.000010
Epoch [22/100] | Loss: 2.3701 (Cls: 1.7980, TAL: 0.0000, Adv: 3.8139) | Train Acc: 0.9777 | Val Acc: 0.7583 | Val P/R/F1 (Macro): 0.7726/0.7292/0.7341 | LR: 0.000010
Epoch [23/100] | Loss: 2.3562 (Cls: 1.7788, TAL: 0.0000, Adv: 3.8492) | Train Acc: 0.9754 | Val Acc: 0.7667 | Val P/R/F1 (Macro): 0.8081/0.7183/0.7492 | LR: 0.000010
Epoch [24/100] | Loss: 2.4086 (Cls: 1.8342, TAL: 0.0000, Adv: 3.8297) | Train Acc: 0.9643 | Val Acc: 0.7167 | Val P/R/F1 (Macro): 0.9320/0.6538/0.7125 | LR: 0.000010
Epoch [25/100] | Loss: 2.3699 (Cls: 1.7798, TAL: 0.0000, Adv: 3.9338) | Train Acc: 0.9665 | Val Acc: 0.6250 | Val P/R/F1 (Macro): 0.9101/0.5498/0.6502 | LR: 0.000010
Epoch [26/100] | Loss: 2.5065 (Cls: 1.9295, TAL: 0.0000, Adv: 3.8468) | Train Acc: 0.9643 | Val Acc: 0.7083 | Val P/R/F1 (Macro): 0.8230/0.6330/0.6689 | LR: 0.000010
Epoch [27/100] | Loss: 2.3651 (Cls: 1.7696, TAL: 0.0000, Adv: 3.9706) | Train Acc: 0.9643 | Val Acc: 0.7417 | Val P/R/F1 (Macro): 0.7727/0.7616/0.7214 | LR: 0.000005
Epoch [28/100] | Loss: 2.3357 (Cls: 1.7235, TAL: 0.0000, Adv: 4.0812) | Train Acc: 0.9732 | Val Acc: 0.7250 | Val P/R/F1 (Macro): 0.7569/0.6587/0.6680 | LR: 0.000005
Epoch [29/100] | Loss: 2.3059 (Cls: 1.6765, TAL: 0.0000, Adv: 4.1963) | Train Acc: 0.9844 | Val Acc: 0.7667 | Val P/R/F1 (Macro): 0.8886/0.7300/0.7619 | LR: 0.000005
Epoch [30/100] | Loss: 2.2605 (Cls: 1.6260, TAL: 0.0000, Adv: 4.2300) | Train Acc: 0.9888 | Val Acc: 0.7417 | Val P/R/F1 (Macro): 0.7518/0.6817/0.6874 | LR: 0.000005
Epoch [31/100] | Loss: 2.2470 (Cls: 1.6194, TAL: 0.0000, Adv: 4.1836) | Train Acc: 0.9888 | Val Acc: 0.6667 | Val P/R/F1 (Macro): 0.7583/0.6349/0.6336 | LR: 0.000005
Epoch [32/100] | Loss: 2.2664 (Cls: 1.6473, TAL: 0.0000, Adv: 4.1276) | Train Acc: 0.9888 | Val Acc: 0.7583 | Val P/R/F1 (Macro): 0.7340/0.7099/0.7025 | LR: 0.000005
Epoch [33/100] | Loss: 2.2381 (Cls: 1.6048, TAL: 0.0000, Adv: 4.2221) | Train Acc: 0.9911 | Val Acc: 0.7083 | Val P/R/F1 (Macro): 0.7535/0.6574/0.6632 | LR: 0.000005
Epoch [34/100] | Loss: 2.2473 (Cls: 1.6115, TAL: 0.0000, Adv: 4.2389) | Train Acc: 0.9844 | Val Acc: 0.8000 | Val P/R/F1 (Macro): 0.9090/0.8133/0.8302 | LR: 0.000005
  >>> New Best Val Acc: 0.8000
Epoch [35/100] | Loss: 2.2587 (Cls: 1.6155, TAL: 0.0000, Adv: 4.2881) | Train Acc: 0.9955 | Val Acc: 0.7917 | Val P/R/F1 (Macro): 0.7946/0.7550/0.7568 | LR: 0.000005
Epoch [36/100] | Loss: 2.2492 (Cls: 1.6011, TAL: 0.0000, Adv: 4.3208) | Train Acc: 0.9955 | Val Acc: 0.7750 | Val P/R/F1 (Macro): 0.8081/0.6919/0.7139 | LR: 0.000005
Epoch [37/100] | Loss: 2.2947 (Cls: 1.6332, TAL: 0.0000, Adv: 4.4099) | Train Acc: 0.9911 | Val Acc: 0.7333 | Val P/R/F1 (Macro): 0.8758/0.7076/0.7311 | LR: 0.000005
Epoch [38/100] | Loss: 2.2529 (Cls: 1.6017, TAL: 0.0000, Adv: 4.3414) | Train Acc: 0.9978 | Val Acc: 0.7750 | Val P/R/F1 (Macro): 0.7469/0.7178/0.7079 | LR: 0.000005
Epoch [39/100] | Loss: 2.3233 (Cls: 1.6606, TAL: 0.0000, Adv: 4.4183) | Train Acc: 0.9799 | Val Acc: 0.7583 | Val P/R/F1 (Macro): 0.7274/0.7518/0.7212 | LR: 0.000005
Epoch [40/100] | Loss: 2.2879 (Cls: 1.6105, TAL: 0.0000, Adv: 4.5159) | Train Acc: 0.9933 | Val Acc: 0.7583 | Val P/R/F1 (Macro): 0.7887/0.7093/0.7204 | LR: 0.000005
Epoch [41/100] | Loss: 2.2425 (Cls: 1.5634, TAL: 0.0000, Adv: 4.5278) | Train Acc: 0.9978 | Val Acc: 0.7250 | Val P/R/F1 (Macro): 0.8454/0.6806/0.6783 | LR: 0.000005
Epoch [42/100] | Loss: 2.2491 (Cls: 1.5666, TAL: 0.0000, Adv: 4.5501) | Train Acc: 0.9955 | Val Acc: 0.7667 | Val P/R/F1 (Macro): 0.9120/0.7508/0.7919 | LR: 0.000005
Epoch [43/100] | Loss: 2.2918 (Cls: 1.5944, TAL: 0.0000, Adv: 4.6493) | Train Acc: 1.0000 | Val Acc: 0.7583 | Val P/R/F1 (Macro): 0.9035/0.6976/0.7244 | LR: 0.000005
Epoch [44/100] | Loss: 2.2976 (Cls: 1.6227, TAL: 0.0000, Adv: 4.4996) | Train Acc: 0.9955 | Val Acc: 0.7833 | Val P/R/F1 (Macro): 0.8841/0.7679/0.7913 | LR: 0.000005
Epoch [45/100] | Loss: 2.2629 (Cls: 1.5592, TAL: 0.0000, Adv: 4.6912) | Train Acc: 0.9955 | Val Acc: 0.7500 | Val P/R/F1 (Macro): 0.8766/0.7262/0.7475 | LR: 0.000003
Epoch [46/100] | Loss: 2.2671 (Cls: 1.5625, TAL: 0.0000, Adv: 4.6974) | Train Acc: 0.9911 | Val Acc: 0.7750 | Val P/R/F1 (Macro): 0.9211/0.7413/0.7854 | LR: 0.000003
Epoch [47/100] | Loss: 2.2929 (Cls: 1.5621, TAL: 0.0000, Adv: 4.8719) | Train Acc: 1.0000 | Val Acc: 0.7667 | Val P/R/F1 (Macro): 0.9170/0.7360/0.7812 | LR: 0.000003
Epoch [48/100] | Loss: 2.2522 (Cls: 1.5346, TAL: 0.0000, Adv: 4.7836) | Train Acc: 0.9955 | Val Acc: 0.7250 | Val P/R/F1 (Macro): 0.8311/0.6944/0.7143 | LR: 0.000003
Epoch [49/100] | Loss: 2.2619 (Cls: 1.5457, TAL: 0.0000, Adv: 4.7747) | Train Acc: 0.9978 | Val Acc: 0.7750 | Val P/R/F1 (Macro): 0.9199/0.7516/0.7959 | LR: 0.000003
Epoch [50/100] | Loss: 2.2707 (Cls: 1.5390, TAL: 0.0000, Adv: 4.8782) | Train Acc: 0.9933 | Val Acc: 0.8000 | Val P/R/F1 (Macro): 0.9021/0.7630/0.7942 | LR: 0.000003
Epoch [51/100] | Loss: 2.2627 (Cls: 1.5243, TAL: 0.0000, Adv: 4.9224) | Train Acc: 1.0000 | Val Acc: 0.8333 | Val P/R/F1 (Macro): 0.9378/0.8214/0.8460 | LR: 0.000003
  >>> New Best Val Acc: 0.8333
Epoch [52/100] | Loss: 2.2435 (Cls: 1.5154, TAL: 0.0000, Adv: 4.8537) | Train Acc: 1.0000 | Val Acc: 0.8167 | Val P/R/F1 (Macro): 0.9206/0.7986/0.8293 | LR: 0.000003
Epoch [53/100] | Loss: 2.2476 (Cls: 1.5341, TAL: 0.0000, Adv: 4.7572) | Train Acc: 0.9978 | Val Acc: 0.8083 | Val P/R/F1 (Macro): 0.9179/0.8039/0.8179 | LR: 0.000003
Epoch [54/100] | Loss: 2.2513 (Cls: 1.5207, TAL: 0.0000, Adv: 4.8704) | Train Acc: 1.0000 | Val Acc: 0.8167 | Val P/R/F1 (Macro): 0.8699/0.8111/0.8067 | LR: 0.000003
Epoch [55/100] | Loss: 2.2374 (Cls: 1.5240, TAL: 0.0000, Adv: 4.7563) | Train Acc: 1.0000 | Val Acc: 0.7750 | Val P/R/F1 (Macro): 0.9268/0.7413/0.7890 | LR: 0.000003
Epoch [56/100] | Loss: 2.2720 (Cls: 1.5225, TAL: 0.0000, Adv: 4.9967) | Train Acc: 0.9955 | Val Acc: 0.8167 | Val P/R/F1 (Macro): 0.9096/0.8070/0.8190 | LR: 0.000003
Epoch [57/100] | Loss: 2.3018 (Cls: 1.5347, TAL: 0.0000, Adv: 5.1139) | Train Acc: 0.9933 | Val Acc: 0.7500 | Val P/R/F1 (Macro): 0.9151/0.6904/0.7278 | LR: 0.000003
Epoch [58/100] | Loss: 2.3061 (Cls: 1.5565, TAL: 0.0000, Adv: 4.9970) | Train Acc: 0.9955 | Val Acc: 0.8417 | Val P/R/F1 (Macro): 0.8277/0.7965/0.8040 | LR: 0.000003
  >>> New Best Val Acc: 0.8417
Epoch [59/100] | Loss: 2.2903 (Cls: 1.5332, TAL: 0.0000, Adv: 5.0468) | Train Acc: 0.9978 | Val Acc: 0.7500 | Val P/R/F1 (Macro): 0.9224/0.6969/0.7408 | LR: 0.000003
Epoch [60/100] | Loss: 2.2789 (Cls: 1.5198, TAL: 0.0000, Adv: 5.0604) | Train Acc: 0.9955 | Val Acc: 0.7500 | Val P/R/F1 (Macro): 0.8046/0.6787/0.7050 | LR: 0.000003
Epoch [61/100] | Loss: 2.2865 (Cls: 1.5306, TAL: 0.0000, Adv: 5.0388) | Train Acc: 0.9955 | Val Acc: 0.7833 | Val P/R/F1 (Macro): 0.9173/0.7348/0.7682 | LR: 0.000003
Epoch [62/100] | Loss: 2.2885 (Cls: 1.5288, TAL: 0.0000, Adv: 5.0643) | Train Acc: 1.0000 | Val Acc: 0.7667 | Val P/R/F1 (Macro): 0.8220/0.6763/0.6970 | LR: 0.000003
Epoch [63/100] | Loss: 2.2916 (Cls: 1.5284, TAL: 0.0000, Adv: 5.0878) | Train Acc: 0.9978 | Val Acc: 0.7833 | Val P/R/F1 (Macro): 0.8806/0.7445/0.7644 | LR: 0.000003
Epoch [64/100] | Loss: 2.2761 (Cls: 1.5054, TAL: 0.0000, Adv: 5.1383) | Train Acc: 1.0000 | Val Acc: 0.8083 | Val P/R/F1 (Macro): 0.9065/0.7619/0.7885 | LR: 0.000003
Epoch [65/100] | Loss: 2.2811 (Cls: 1.5191, TAL: 0.0000, Adv: 5.0797) | Train Acc: 0.9978 | Val Acc: 0.8167 | Val P/R/F1 (Macro): 0.9123/0.7884/0.8199 | LR: 0.000003
Epoch [66/100] | Loss: 2.2796 (Cls: 1.5173, TAL: 0.0000, Adv: 5.0822) | Train Acc: 0.9978 | Val Acc: 0.8167 | Val P/R/F1 (Macro): 0.8248/0.7622/0.7823 | LR: 0.000003
Epoch [67/100] | Loss: 2.2737 (Cls: 1.4990, TAL: 0.0000, Adv: 5.1645) | Train Acc: 1.0000 | Val Acc: 0.7667 | Val P/R/F1 (Macro): 0.9300/0.7131/0.7525 | LR: 0.000003
Epoch [68/100] | Loss: 2.2773 (Cls: 1.5105, TAL: 0.0000, Adv: 5.1117) | Train Acc: 0.9955 | Val Acc: 0.8083 | Val P/R/F1 (Macro): 0.9408/0.7745/0.8190 | LR: 0.000003
Epoch [69/100] | Loss: 2.2908 (Cls: 1.5150, TAL: 0.0000, Adv: 5.1722) | Train Acc: 0.9978 | Val Acc: 0.7667 | Val P/R/F1 (Macro): 0.9099/0.7526/0.7887 | LR: 0.000001
Epoch [70/100] | Loss: 2.3053 (Cls: 1.5312, TAL: 0.0000, Adv: 5.1601) | Train Acc: 0.9978 | Val Acc: 0.7917 | Val P/R/F1 (Macro): 0.7987/0.7424/0.7516 | LR: 0.000001
Epoch [71/100] | Loss: 2.2924 (Cls: 1.4999, TAL: 0.0000, Adv: 5.2837) | Train Acc: 1.0000 | Val Acc: 0.8000 | Val P/R/F1 (Macro): 0.7915/0.7454/0.7548 | LR: 0.000001
Epoch [72/100] | Loss: 2.3030 (Cls: 1.5069, TAL: 0.0000, Adv: 5.3073) | Train Acc: 0.9978 | Val Acc: 0.7917 | Val P/R/F1 (Macro): 0.9307/0.7492/0.7954 | LR: 0.000001
Epoch [73/100] | Loss: 2.3167 (Cls: 1.5020, TAL: 0.0000, Adv: 5.4317) | Train Acc: 1.0000 | Val Acc: 0.7583 | Val P/R/F1 (Macro): 0.9249/0.7035/0.7433 | LR: 0.000001
Epoch [74/100] | Loss: 2.3094 (Cls: 1.5026, TAL: 0.0000, Adv: 5.3788) | Train Acc: 0.9978 | Val Acc: 0.8167 | Val P/R/F1 (Macro): 0.9131/0.8003/0.8266 | LR: 0.000001
Epoch [75/100] | Loss: 2.3238 (Cls: 1.4955, TAL: 0.0000, Adv: 5.5220) | Train Acc: 1.0000 | Val Acc: 0.7917 | Val P/R/F1 (Macro): 0.9060/0.7541/0.7919 | LR: 0.000001
Epoch [76/100] | Loss: 2.2937 (Cls: 1.4965, TAL: 0.0000, Adv: 5.3150) | Train Acc: 1.0000 | Val Acc: 0.8167 | Val P/R/F1 (Macro): 0.9221/0.8003/0.8293 | LR: 0.000001
Epoch [77/100] | Loss: 2.3107 (Cls: 1.4984, TAL: 0.0000, Adv: 5.4149) | Train Acc: 1.0000 | Val Acc: 0.7500 | Val P/R/F1 (Macro): 0.9230/0.6921/0.7315 | LR: 0.000001
Epoch [78/100] | Loss: 2.3138 (Cls: 1.4952, TAL: 0.0000, Adv: 5.4571) | Train Acc: 0.9955 | Val Acc: 0.7750 | Val P/R/F1 (Macro): 0.9297/0.7288/0.7720 | LR: 0.000001
Epoch [79/100] | Loss: 2.3082 (Cls: 1.4976, TAL: 0.0000, Adv: 5.4036) | Train Acc: 0.9978 | Val Acc: 0.7500 | Val P/R/F1 (Macro): 0.7531/0.6936/0.7013 | LR: 0.000001
Epoch [80/100] | Loss: 2.2951 (Cls: 1.4946, TAL: 0.0000, Adv: 5.3370) | Train Acc: 0.9978 | Val Acc: 0.7583 | Val P/R/F1 (Macro): 0.9060/0.7018/0.7331 | LR: 0.000001
Epoch [81/100] | Loss: 2.3093 (Cls: 1.4969, TAL: 0.0000, Adv: 5.4161) | Train Acc: 1.0000 | Val Acc: 0.7833 | Val P/R/F1 (Macro): 0.9408/0.7445/0.7952 | LR: 0.000001
Epoch [82/100] | Loss: 2.2938 (Cls: 1.4904, TAL: 0.0000, Adv: 5.3558) | Train Acc: 1.0000 | Val Acc: 0.7833 | Val P/R/F1 (Macro): 0.9243/0.7402/0.7761 | LR: 0.000001
Epoch [83/100] | Loss: 2.2978 (Cls: 1.4833, TAL: 0.0000, Adv: 5.4296) | Train Acc: 1.0000 | Val Acc: 0.8083 | Val P/R/F1 (Macro): 0.9087/0.7643/0.7912 | LR: 0.000001
Epoch [84/100] | Loss: 2.3307 (Cls: 1.5144, TAL: 0.0000, Adv: 5.4421) | Train Acc: 0.9978 | Val Acc: 0.8167 | Val P/R/F1 (Macro): 0.7952/0.7724/0.7762 | LR: 0.000001
Epoch [85/100] | Loss: 2.3025 (Cls: 1.4897, TAL: 0.0000, Adv: 5.4182) | Train Acc: 0.9978 | Val Acc: 0.7750 | Val P/R/F1 (Macro): 0.9527/0.7246/0.7784 | LR: 0.000001
Epoch [86/100] | Loss: 2.3095 (Cls: 1.4845, TAL: 0.0000, Adv: 5.4999) | Train Acc: 1.0000 | Val Acc: 0.7667 | Val P/R/F1 (Macro): 0.9278/0.7072/0.7451 | LR: 0.000001
Epoch [87/100] | Loss: 2.3206 (Cls: 1.5070, TAL: 0.0000, Adv: 5.4241) | Train Acc: 0.9978 | Val Acc: 0.8167 | Val P/R/F1 (Macro): 0.9230/0.8046/0.8308 | LR: 0.000001
Epoch [88/100] | Loss: 2.3333 (Cls: 1.4947, TAL: 0.0000, Adv: 5.5906) | Train Acc: 1.0000 | Val Acc: 0.8333 | Val P/R/F1 (Macro): 0.9388/0.8297/0.8562 | LR: 0.000001
Epoch [89/100] | Loss: 2.3134 (Cls: 1.4857, TAL: 0.0000, Adv: 5.5179) | Train Acc: 1.0000 | Val Acc: 0.8417 | Val P/R/F1 (Macro): 0.9408/0.8244/0.8499 | LR: 0.000001
Epoch [90/100] | Loss: 2.2986 (Cls: 1.4863, TAL: 0.0000, Adv: 5.4151) | Train Acc: 0.9978 | Val Acc: 0.8167 | Val P/R/F1 (Macro): 0.8873/0.8212/0.8239 | LR: 0.000001
Epoch [91/100] | Loss: 2.3225 (Cls: 1.4865, TAL: 0.0000, Adv: 5.5730) | Train Acc: 1.0000 | Val Acc: 0.8250 | Val P/R/F1 (Macro): 0.9277/0.8243/0.8482 | LR: 0.000001
Epoch [92/100] | Loss: 2.3061 (Cls: 1.4855, TAL: 0.0000, Adv: 5.4709) | Train Acc: 1.0000 | Val Acc: 0.8083 | Val P/R/F1 (Macro): 0.8914/0.8081/0.8183 | LR: 0.000001
Epoch [93/100] | Loss: 2.3023 (Cls: 1.4824, TAL: 0.0000, Adv: 5.4662) | Train Acc: 1.0000 | Val Acc: 0.8167 | Val P/R/F1 (Macro): 0.8099/0.7641/0.7733 | LR: 0.000001
Epoch [94/100] | Loss: 2.3174 (Cls: 1.4846, TAL: 0.0000, Adv: 5.5520) | Train Acc: 0.9978 | Val Acc: 0.8167 | Val P/R/F1 (Macro): 0.9277/0.8212/0.8461 | LR: 0.000001
Epoch [95/100] | Loss: 2.3041 (Cls: 1.4844, TAL: 0.0000, Adv: 5.4648) | Train Acc: 1.0000 | Val Acc: 0.7917 | Val P/R/F1 (Macro): 0.9210/0.7601/0.7931 | LR: 0.000001
Epoch [96/100] | Loss: 2.3231 (Cls: 1.4912, TAL: 0.0000, Adv: 5.5459) | Train Acc: 0.9978 | Val Acc: 0.8167 | Val P/R/F1 (Macro): 0.9151/0.8046/0.8248 | LR: 0.000001
Epoch [97/100] | Loss: 2.3367 (Cls: 1.4950, TAL: 0.0000, Adv: 5.6116) | Train Acc: 0.9978 | Val Acc: 0.8000 | Val P/R/F1 (Macro): 0.9129/0.7631/0.7941 | LR: 0.000001
Epoch [98/100] | Loss: 2.3183 (Cls: 1.4829, TAL: 0.0000, Adv: 5.5697) | Train Acc: 1.0000 | Val Acc: 0.8167 | Val P/R/F1 (Macro): 0.8950/0.7920/0.8086 | LR: 0.000001
Epoch [99/100] | Loss: 2.3310 (Cls: 1.4821, TAL: 0.0000, Adv: 5.6596) | Train Acc: 1.0000 | Val Acc: 0.8250 | Val P/R/F1 (Macro): 0.9245/0.8057/0.8366 | LR: 0.000001
Epoch [100/100] | Loss: 2.3342 (Cls: 1.4897, TAL: 0.0000, Adv: 5.6300) | Train Acc: 0.9978 | Val Acc: 0.8083 | Val P/R/F1 (Macro): 0.9230/0.7788/0.8161 | LR: 0.000001

迭代 5 最佳指标:
  Accuracy: 0.8417
  Precision (Macro): 0.8277
  Recall (Macro): 0.7965
  F1 (Macro): 0.8040
  Precision (Micro): 0.8417
  Recall (Micro): 0.8417
  F1 (Micro): 0.8417
  Val class coverage: 8/14 (0.5714), samples=120

================================================================================
5次迭代统计结果
================================================================================

accuracy:
  各迭代值: ['0.8750', '0.9000', '0.8667', '0.9083', '0.8417']
  均值 (Mean): 0.8783
  标准差 (Std): 0.0239

precision_macro:
  各迭代值: ['0.9427', '0.9781', '0.9177', '0.9047', '0.8277']
  均值 (Mean): 0.9142
  标准差 (Std): 0.0500

recall_macro:
  各迭代值: ['0.8538', '0.8779', '0.8407', '0.8298', '0.7965']
  均值 (Mean): 0.8397
  标准差 (Std): 0.0269

f1_macro:
  各迭代值: ['0.8894', '0.9045', '0.8536', '0.8331', '0.8040']
  均值 (Mean): 0.8570
  标准差 (Std): 0.0366

precision_micro:
  各迭代值: ['0.8750', '0.9000', '0.8667', '0.9083', '0.8417']
  均值 (Mean): 0.8783
  标准差 (Std): 0.0239

recall_micro:
  各迭代值: ['0.8750', '0.9000', '0.8667', '0.9083', '0.8417']
  均值 (Mean): 0.8783
  标准差 (Std): 0.0239

f1_micro:
  各迭代值: ['0.8750', '0.9000', '0.8667', '0.9083', '0.8417']
  均值 (Mean): 0.8783
  标准差 (Std): 0.0239

val_class_coverage:
  各迭代值: ['0.5714', '0.5714', '0.5714', '0.5714', '0.5714']
  均值 (Mean): 0.5714
  标准差 (Std): 0.0000

val_present_classes:
  各迭代值: ['8.0000', '8.0000', '8.0000', '8.0000', '8.0000']
  均值 (Mean): 8.0000
  标准差 (Std): 0.0000

val_total_classes:
  各迭代值: ['14.0000', '14.0000', '14.0000', '14.0000', '14.0000']
  均值 (Mean): 14.0000
  标准差 (Std): 0.0000

val_samples:
  各迭代值: ['120.0000', '120.0000', '120.0000', '120.0000', '120.0000']
  均值 (Mean): 120.0000
  标准差 (Std): 0.0000

训练结束时间: 2026-07-11 04:54:23
================================================================================
