================================================================================
模块消融实验 - with_tensor_without_ot
目标域天气: 黑天
训练开始时间: 2026-07-13 23:59:29
设备: cuda
源域: /home/lixiang/lx/Data/晴天
目标域: /home/lixiang/lx/Data/黑天
批次大小: 32
总轮数: 100
迭代次数: 5
使用Tensor模块: 是
使用OT模块: 否
特征融合方式: Tensor对齐
域对齐方式: 常规对抗
目标标签比例/权重: 0.1/0.2
Tensor/Adv损失权重: 0.06/0.06
学习率: feature=5e-06, other=0.0002, weight_decay=0.0005
报告策略: last_window, 窗口: 10
================================================================================

================================================================================
迭代 1/5
随机种子: 42
================================================================================
Training mode: unpaired target adaptation with controlled target-label loss (ratio=0.10, weight=0.20).
Fixed labeled target subset: 46/465 samples.
Feature fusion: Tensor alignment (512+512 -> 128+128); fused_dim=256
Domain adaptation: standard source-target adversarial training, no generator
Loss weights: tensor=0.06, adv=0.06
Epoch [1/100] | Loss: 3.1896 (Cls: 3.1415, TAL: 0.2858, Adv: 0.5169) | Train Acc: 0.2232 | Val Acc: 0.3417 | Val P/R/F1 (Macro): 0.0427/0.1250/0.0637 | LR: 0.000005
  >>> New Best Val Acc: 0.3417
Epoch [2/100] | Loss: 2.3902 (Cls: 2.3680, TAL: 0.2785, Adv: 0.0918) | Train Acc: 0.4174 | Val Acc: 0.4333 | Val P/R/F1 (Macro): 0.2390/0.1809/0.1468 | LR: 0.000005
  >>> New Best Val Acc: 0.4333
Epoch [3/100] | Loss: 2.0040 (Cls: 1.9899, TAL: 0.2058, Adv: 0.0297) | Train Acc: 0.5558 | Val Acc: 0.4750 | Val P/R/F1 (Macro): 0.2686/0.2284/0.2172 | LR: 0.000005
  >>> New Best Val Acc: 0.4750
Epoch [4/100] | Loss: 1.8069 (Cls: 1.7920, TAL: 0.2381, Adv: 0.0106) | Train Acc: 0.6071 | Val Acc: 0.5583 | Val P/R/F1 (Macro): 0.2819/0.3280/0.2722 | LR: 0.000005
  >>> New Best Val Acc: 0.5583
Epoch [5/100] | Loss: 1.6147 (Cls: 1.5988, TAL: 0.2579, Adv: 0.0067) | Train Acc: 0.7188 | Val Acc: 0.4917 | Val P/R/F1 (Macro): 0.2711/0.2389/0.2232 | LR: 0.000005
Epoch [6/100] | Loss: 1.4540 (Cls: 1.4464, TAL: 0.1214, Adv: 0.0045) | Train Acc: 0.7589 | Val Acc: 0.5083 | Val P/R/F1 (Macro): 0.2616/0.2435/0.2309 | LR: 0.000005
Epoch [7/100] | Loss: 1.3299 (Cls: 1.3276, TAL: 0.0343, Adv: 0.0041) | Train Acc: 0.7946 | Val Acc: 0.6583 | Val P/R/F1 (Macro): 0.3843/0.4256/0.3998 | LR: 0.000005
  >>> New Best Val Acc: 0.6583
Epoch [8/100] | Loss: 1.3736 (Cls: 1.3773, TAL: -0.0655, Adv: 0.0044) | Train Acc: 0.7835 | Val Acc: 0.7000 | Val P/R/F1 (Macro): 0.4382/0.4699/0.4458 | LR: 0.000005
  >>> New Best Val Acc: 0.7000
Epoch [9/100] | Loss: 1.2297 (Cls: 1.2282, TAL: 0.0208, Adv: 0.0047) | Train Acc: 0.8348 | Val Acc: 0.5667 | Val P/R/F1 (Macro): 0.5612/0.5574/0.4899 | LR: 0.000005
Epoch [10/100] | Loss: 1.1778 (Cls: 1.1806, TAL: -0.0512, Adv: 0.0044) | Train Acc: 0.8504 | Val Acc: 0.5917 | Val P/R/F1 (Macro): 0.6672/0.4853/0.5199 | LR: 0.000005
Epoch [11/100] | Loss: 1.1241 (Cls: 1.1281, TAL: -0.0704, Adv: 0.0036) | Train Acc: 0.8594 | Val Acc: 0.6583 | Val P/R/F1 (Macro): 0.6152/0.5162/0.5093 | LR: 0.000005
Epoch [12/100] | Loss: 1.0629 (Cls: 1.0553, TAL: 0.1244, Adv: 0.0026) | Train Acc: 0.9062 | Val Acc: 0.7250 | Val P/R/F1 (Macro): 0.6431/0.7076/0.6395 | LR: 0.000005
  >>> New Best Val Acc: 0.7250
Epoch [13/100] | Loss: 1.0775 (Cls: 1.0704, TAL: 0.1162, Adv: 0.0028) | Train Acc: 0.8973 | Val Acc: 0.7250 | Val P/R/F1 (Macro): 0.6886/0.5396/0.5524 | LR: 0.000005
Epoch [14/100] | Loss: 0.9942 (Cls: 0.9893, TAL: 0.0790, Adv: 0.0035) | Train Acc: 0.9107 | Val Acc: 0.6333 | Val P/R/F1 (Macro): 0.5223/0.5327/0.4834 | LR: 0.000005
Epoch [15/100] | Loss: 0.9774 (Cls: 0.9787, TAL: -0.0243, Adv: 0.0027) | Train Acc: 0.9241 | Val Acc: 0.7167 | Val P/R/F1 (Macro): 0.7719/0.6276/0.6521 | LR: 0.000005
Epoch [16/100] | Loss: 0.9512 (Cls: 0.9470, TAL: 0.0678, Adv: 0.0022) | Train Acc: 0.9286 | Val Acc: 0.7333 | Val P/R/F1 (Macro): 0.8321/0.6096/0.6465 | LR: 0.000005
  >>> New Best Val Acc: 0.7333
Epoch [17/100] | Loss: 0.9523 (Cls: 0.9479, TAL: 0.0709, Adv: 0.0021) | Train Acc: 0.9420 | Val Acc: 0.6417 | Val P/R/F1 (Macro): 0.6908/0.5181/0.5587 | LR: 0.000005
Epoch [18/100] | Loss: 0.9351 (Cls: 0.9347, TAL: 0.0049, Adv: 0.0017) | Train Acc: 0.9420 | Val Acc: 0.5833 | Val P/R/F1 (Macro): 0.7437/0.5998/0.5804 | LR: 0.000005
Epoch [19/100] | Loss: 0.9379 (Cls: 0.9394, TAL: -0.0271, Adv: 0.0018) | Train Acc: 0.9397 | Val Acc: 0.7000 | Val P/R/F1 (Macro): 0.7053/0.5947/0.6076 | LR: 0.000005
Epoch [20/100] | Loss: 0.9552 (Cls: 0.9515, TAL: 0.0590, Adv: 0.0020) | Train Acc: 0.9442 | Val Acc: 0.6917 | Val P/R/F1 (Macro): 0.5187/0.5380/0.5075 | LR: 0.000005
Epoch [21/100] | Loss: 0.8982 (Cls: 0.8953, TAL: 0.0473, Adv: 0.0015) | Train Acc: 0.9576 | Val Acc: 0.7750 | Val P/R/F1 (Macro): 0.5448/0.5501/0.5372 | LR: 0.000005
  >>> New Best Val Acc: 0.7750
Epoch [22/100] | Loss: 0.9097 (Cls: 0.9081, TAL: 0.0250, Adv: 0.0012) | Train Acc: 0.9375 | Val Acc: 0.7083 | Val P/R/F1 (Macro): 0.7064/0.5138/0.5304 | LR: 0.000005
Epoch [23/100] | Loss: 0.8753 (Cls: 0.8730, TAL: 0.0383, Adv: 0.0011) | Train Acc: 0.9643 | Val Acc: 0.7583 | Val P/R/F1 (Macro): 0.8012/0.6580/0.6892 | LR: 0.000005
Epoch [24/100] | Loss: 0.8541 (Cls: 0.8529, TAL: 0.0194, Adv: 0.0009) | Train Acc: 0.9688 | Val Acc: 0.7083 | Val P/R/F1 (Macro): 0.7835/0.6456/0.6631 | LR: 0.000005
Epoch [25/100] | Loss: 0.8648 (Cls: 0.8662, TAL: -0.0233, Adv: 0.0011) | Train Acc: 0.9576 | Val Acc: 0.6917 | Val P/R/F1 (Macro): 0.6123/0.5517/0.5219 | LR: 0.000005
Epoch [26/100] | Loss: 0.8562 (Cls: 0.8613, TAL: -0.0864, Adv: 0.0013) | Train Acc: 0.9576 | Val Acc: 0.8333 | Val P/R/F1 (Macro): 0.8221/0.7901/0.7820 | LR: 0.000005
  >>> New Best Val Acc: 0.8333
Epoch [27/100] | Loss: 0.8808 (Cls: 0.8861, TAL: -0.0898, Adv: 0.0021) | Train Acc: 0.9598 | Val Acc: 0.7250 | Val P/R/F1 (Macro): 0.7458/0.6309/0.6290 | LR: 0.000005
Epoch [28/100] | Loss: 0.8753 (Cls: 0.8752, TAL: -0.0015, Adv: 0.0032) | Train Acc: 0.9710 | Val Acc: 0.7333 | Val P/R/F1 (Macro): 0.7095/0.6279/0.6001 | LR: 0.000005
Epoch [29/100] | Loss: 0.8888 (Cls: 0.8920, TAL: -0.0542, Adv: 0.0012) | Train Acc: 0.9665 | Val Acc: 0.6583 | Val P/R/F1 (Macro): 0.6271/0.5952/0.5491 | LR: 0.000005
Epoch [30/100] | Loss: 0.8683 (Cls: 0.8712, TAL: -0.0489, Adv: 0.0013) | Train Acc: 0.9643 | Val Acc: 0.7583 | Val P/R/F1 (Macro): 0.7297/0.6534/0.6496 | LR: 0.000005
Epoch [31/100] | Loss: 0.8509 (Cls: 0.8487, TAL: 0.0364, Adv: 0.0013) | Train Acc: 0.9710 | Val Acc: 0.7583 | Val P/R/F1 (Macro): 0.6976/0.6361/0.6459 | LR: 0.000005
Epoch [32/100] | Loss: 0.8144 (Cls: 0.8122, TAL: 0.0350, Adv: 0.0009) | Train Acc: 0.9888 | Val Acc: 0.6833 | Val P/R/F1 (Macro): 0.7353/0.6252/0.6324 | LR: 0.000005
Epoch [33/100] | Loss: 0.8203 (Cls: 0.8204, TAL: -0.0034, Adv: 0.0019) | Train Acc: 0.9844 | Val Acc: 0.6750 | Val P/R/F1 (Macro): 0.6665/0.6681/0.6275 | LR: 0.000005
Epoch [34/100] | Loss: 0.8189 (Cls: 0.8229, TAL: -0.0671, Adv: 0.0009) | Train Acc: 0.9710 | Val Acc: 0.8333 | Val P/R/F1 (Macro): 0.8136/0.7807/0.7585 | LR: 0.000005
Epoch [35/100] | Loss: 0.8262 (Cls: 0.8284, TAL: -0.0383, Adv: 0.0015) | Train Acc: 0.9732 | Val Acc: 0.7583 | Val P/R/F1 (Macro): 0.6456/0.6337/0.6184 | LR: 0.000005
Epoch [36/100] | Loss: 0.8201 (Cls: 0.8251, TAL: -0.0856, Adv: 0.0011) | Train Acc: 0.9777 | Val Acc: 0.6917 | Val P/R/F1 (Macro): 0.6152/0.6046/0.5763 | LR: 0.000005
Epoch [37/100] | Loss: 0.7996 (Cls: 0.7981, TAL: 0.0247, Adv: 0.0010) | Train Acc: 0.9955 | Val Acc: 0.8167 | Val P/R/F1 (Macro): 0.8157/0.7911/0.7910 | LR: 0.000003
Epoch [38/100] | Loss: 0.8040 (Cls: 0.8031, TAL: 0.0131, Adv: 0.0014) | Train Acc: 0.9933 | Val Acc: 0.7500 | Val P/R/F1 (Macro): 0.6345/0.6271/0.6129 | LR: 0.000003
Epoch [39/100] | Loss: 0.7941 (Cls: 0.7929, TAL: 0.0199, Adv: 0.0007) | Train Acc: 0.9933 | Val Acc: 0.7500 | Val P/R/F1 (Macro): 0.7937/0.6443/0.6513 | LR: 0.000003
Epoch [40/100] | Loss: 0.7860 (Cls: 0.7856, TAL: 0.0045, Adv: 0.0008) | Train Acc: 0.9933 | Val Acc: 0.7333 | Val P/R/F1 (Macro): 0.8492/0.6180/0.6652 | LR: 0.000003
Epoch [41/100] | Loss: 0.7794 (Cls: 0.7776, TAL: 0.0302, Adv: 0.0005) | Train Acc: 0.9888 | Val Acc: 0.7667 | Val P/R/F1 (Macro): 0.7967/0.6445/0.6685 | LR: 0.000003
Epoch [42/100] | Loss: 0.7879 (Cls: 0.7874, TAL: 0.0088, Adv: 0.0004) | Train Acc: 0.9955 | Val Acc: 0.7583 | Val P/R/F1 (Macro): 0.8003/0.6634/0.6807 | LR: 0.000003
Epoch [43/100] | Loss: 0.8240 (Cls: 0.8233, TAL: 0.0117, Adv: 0.0004) | Train Acc: 0.9643 | Val Acc: 0.7250 | Val P/R/F1 (Macro): 0.8275/0.6042/0.6389 | LR: 0.000003
Epoch [44/100] | Loss: 0.7959 (Cls: 0.7960, TAL: -0.0012, Adv: 0.0003) | Train Acc: 0.9866 | Val Acc: 0.7333 | Val P/R/F1 (Macro): 0.8206/0.6335/0.6675 | LR: 0.000003
Epoch [45/100] | Loss: 0.7809 (Cls: 0.7837, TAL: -0.0475, Adv: 0.0004) | Train Acc: 0.9955 | Val Acc: 0.7583 | Val P/R/F1 (Macro): 0.6524/0.6403/0.6317 | LR: 0.000003
Epoch [46/100] | Loss: 0.7730 (Cls: 0.7741, TAL: -0.0194, Adv: 0.0003) | Train Acc: 0.9955 | Val Acc: 0.7500 | Val P/R/F1 (Macro): 0.7188/0.6669/0.6691 | LR: 0.000003
Epoch [47/100] | Loss: 0.7760 (Cls: 0.7780, TAL: -0.0348, Adv: 0.0003) | Train Acc: 0.9933 | Val Acc: 0.6833 | Val P/R/F1 (Macro): 0.6137/0.5879/0.5701 | LR: 0.000003
Epoch [48/100] | Loss: 0.7570 (Cls: 0.7649, TAL: -0.1319, Adv: 0.0004) | Train Acc: 0.9933 | Val Acc: 0.7583 | Val P/R/F1 (Macro): 0.8158/0.7151/0.7202 | LR: 0.000001
Epoch [49/100] | Loss: 0.7571 (Cls: 0.7647, TAL: -0.1265, Adv: 0.0004) | Train Acc: 0.9955 | Val Acc: 0.7417 | Val P/R/F1 (Macro): 0.8118/0.6977/0.7041 | LR: 0.000001
Epoch [50/100] | Loss: 0.7618 (Cls: 0.7674, TAL: -0.0945, Adv: 0.0003) | Train Acc: 0.9933 | Val Acc: 0.7583 | Val P/R/F1 (Macro): 0.7982/0.7281/0.7310 | LR: 0.000001
Epoch [51/100] | Loss: 0.7498 (Cls: 0.7547, TAL: -0.0829, Adv: 0.0003) | Train Acc: 0.9955 | Val Acc: 0.7833 | Val P/R/F1 (Macro): 0.8272/0.7444/0.7614 | LR: 0.000001
Epoch [52/100] | Loss: 0.7532 (Cls: 0.7586, TAL: -0.0900, Adv: 0.0002) | Train Acc: 0.9888 | Val Acc: 0.8083 | Val P/R/F1 (Macro): 0.8802/0.7583/0.7930 | LR: 0.000001
Epoch [53/100] | Loss: 0.7620 (Cls: 0.7676, TAL: -0.0935, Adv: 0.0003) | Train Acc: 0.9911 | Val Acc: 0.7833 | Val P/R/F1 (Macro): 0.8137/0.7308/0.7494 | LR: 0.000001
Epoch [54/100] | Loss: 0.7570 (Cls: 0.7629, TAL: -0.0983, Adv: 0.0003) | Train Acc: 0.9955 | Val Acc: 0.7750 | Val P/R/F1 (Macro): 0.8194/0.7372/0.7527 | LR: 0.000001
Epoch [55/100] | Loss: 0.7575 (Cls: 0.7632, TAL: -0.0947, Adv: 0.0003) | Train Acc: 0.9978 | Val Acc: 0.7583 | Val P/R/F1 (Macro): 0.7951/0.6776/0.7042 | LR: 0.000001
Epoch [56/100] | Loss: 0.7696 (Cls: 0.7735, TAL: -0.0641, Adv: 0.0003) | Train Acc: 0.9933 | Val Acc: 0.7833 | Val P/R/F1 (Macro): 0.8226/0.7100/0.7186 | LR: 0.000001
Epoch [57/100] | Loss: 0.7629 (Cls: 0.7656, TAL: -0.0455, Adv: 0.0003) | Train Acc: 0.9911 | Val Acc: 0.8000 | Val P/R/F1 (Macro): 0.8563/0.7185/0.7433 | LR: 0.000001
Epoch [58/100] | Loss: 0.7494 (Cls: 0.7521, TAL: -0.0436, Adv: 0.0002) | Train Acc: 0.9978 | Val Acc: 0.7917 | Val P/R/F1 (Macro): 0.8587/0.7130/0.7393 | LR: 0.000001
Epoch [59/100] | Loss: 0.7521 (Cls: 0.7544, TAL: -0.0388, Adv: 0.0003) | Train Acc: 0.9978 | Val Acc: 0.7667 | Val P/R/F1 (Macro): 0.7910/0.6956/0.6963 | LR: 0.000001
Epoch [60/100] | Loss: 0.7614 (Cls: 0.7633, TAL: -0.0318, Adv: 0.0004) | Train Acc: 0.9955 | Val Acc: 0.7917 | Val P/R/F1 (Macro): 0.7299/0.7154/0.7054 | LR: 0.000001
Epoch [61/100] | Loss: 0.7643 (Cls: 0.7678, TAL: -0.0583, Adv: 0.0003) | Train Acc: 0.9933 | Val Acc: 0.8000 | Val P/R/F1 (Macro): 0.8281/0.7268/0.7377 | LR: 0.000001
Epoch [62/100] | Loss: 0.7475 (Cls: 0.7515, TAL: -0.0671, Adv: 0.0003) | Train Acc: 0.9978 | Val Acc: 0.8000 | Val P/R/F1 (Macro): 0.8169/0.7404/0.7562 | LR: 0.000001
Epoch [63/100] | Loss: 0.7489 (Cls: 0.7532, TAL: -0.0721, Adv: 0.0002) | Train Acc: 0.9933 | Val Acc: 0.7917 | Val P/R/F1 (Macro): 0.7945/0.7356/0.7418 | LR: 0.000001
Epoch [64/100] | Loss: 0.7467 (Cls: 0.7505, TAL: -0.0634, Adv: 0.0003) | Train Acc: 0.9978 | Val Acc: 0.7833 | Val P/R/F1 (Macro): 0.7470/0.7326/0.7249 | LR: 0.000001
Epoch [65/100] | Loss: 0.7263 (Cls: 0.7304, TAL: -0.0693, Adv: 0.0002) | Train Acc: 1.0000 | Val Acc: 0.7917 | Val P/R/F1 (Macro): 0.7598/0.7356/0.7355 | LR: 0.000001
Epoch [66/100] | Loss: 0.7383 (Cls: 0.7420, TAL: -0.0614, Adv: 0.0002) | Train Acc: 0.9978 | Val Acc: 0.7750 | Val P/R/F1 (Macro): 0.7843/0.7271/0.7233 | LR: 0.000001
Epoch [67/100] | Loss: 0.7497 (Cls: 0.7531, TAL: -0.0569, Adv: 0.0002) | Train Acc: 0.9955 | Val Acc: 0.7750 | Val P/R/F1 (Macro): 0.7450/0.7271/0.7157 | LR: 0.000001
Epoch [68/100] | Loss: 0.7432 (Cls: 0.7484, TAL: -0.0867, Adv: 0.0002) | Train Acc: 0.9978 | Val Acc: 0.7833 | Val P/R/F1 (Macro): 0.7500/0.7319/0.7260 | LR: 0.000001
Epoch [69/100] | Loss: 0.7634 (Cls: 0.7696, TAL: -0.1042, Adv: 0.0002) | Train Acc: 0.9933 | Val Acc: 0.7667 | Val P/R/F1 (Macro): 0.7313/0.7158/0.7031 | LR: 0.000001
Epoch [70/100] | Loss: 0.7443 (Cls: 0.7501, TAL: -0.0971, Adv: 0.0002) | Train Acc: 0.9978 | Val Acc: 0.7833 | Val P/R/F1 (Macro): 0.7588/0.7295/0.7287 | LR: 0.000001
Epoch [71/100] | Loss: 0.7418 (Cls: 0.7466, TAL: -0.0790, Adv: 0.0002) | Train Acc: 1.0000 | Val Acc: 0.7417 | Val P/R/F1 (Macro): 0.7831/0.6995/0.7066 | LR: 0.000001
Epoch [72/100] | Loss: 0.7389 (Cls: 0.7435, TAL: -0.0768, Adv: 0.0002) | Train Acc: 0.9955 | Val Acc: 0.7917 | Val P/R/F1 (Macro): 0.8192/0.7326/0.7497 | LR: 0.000001
Epoch [73/100] | Loss: 0.7437 (Cls: 0.7482, TAL: -0.0750, Adv: 0.0003) | Train Acc: 0.9933 | Val Acc: 0.7833 | Val P/R/F1 (Macro): 0.7780/0.7295/0.7391 | LR: 0.000001
Epoch [74/100] | Loss: 0.7510 (Cls: 0.7568, TAL: -0.0977, Adv: 0.0002) | Train Acc: 0.9955 | Val Acc: 0.7750 | Val P/R/F1 (Macro): 0.7958/0.7241/0.7305 | LR: 0.000001
Epoch [75/100] | Loss: 0.7494 (Cls: 0.7525, TAL: -0.0508, Adv: 0.0002) | Train Acc: 0.9955 | Val Acc: 0.7667 | Val P/R/F1 (Macro): 0.8035/0.7187/0.7299 | LR: 0.000001
Epoch [76/100] | Loss: 0.7500 (Cls: 0.7549, TAL: -0.0816, Adv: 0.0002) | Train Acc: 0.9933 | Val Acc: 0.7833 | Val P/R/F1 (Macro): 0.8170/0.7272/0.7440 | LR: 0.000001
Epoch [77/100] | Loss: 0.7502 (Cls: 0.7555, TAL: -0.0887, Adv: 0.0001) | Train Acc: 0.9955 | Val Acc: 0.7750 | Val P/R/F1 (Macro): 0.8150/0.7217/0.7380 | LR: 0.000001
Epoch [78/100] | Loss: 0.7261 (Cls: 0.7306, TAL: -0.0745, Adv: 0.0002) | Train Acc: 0.9978 | Val Acc: 0.7917 | Val P/R/F1 (Macro): 0.8192/0.7326/0.7497 | LR: 0.000001
Epoch [79/100] | Loss: 0.7385 (Cls: 0.7441, TAL: -0.0928, Adv: 0.0002) | Train Acc: 0.9978 | Val Acc: 0.7917 | Val P/R/F1 (Macro): 0.8192/0.7326/0.7497 | LR: 0.000001
Epoch [80/100] | Loss: 0.7590 (Cls: 0.7633, TAL: -0.0726, Adv: 0.0002) | Train Acc: 0.9933 | Val Acc: 0.7833 | Val P/R/F1 (Macro): 0.8151/0.7302/0.7483 | LR: 0.000001
Epoch [81/100] | Loss: 0.7572 (Cls: 0.7622, TAL: -0.0842, Adv: 0.0002) | Train Acc: 0.9933 | Val Acc: 0.7750 | Val P/R/F1 (Macro): 0.7851/0.7265/0.7257 | LR: 0.000001
Epoch [82/100] | Loss: 0.7418 (Cls: 0.7468, TAL: -0.0830, Adv: 0.0002) | Train Acc: 1.0000 | Val Acc: 0.8000 | Val P/R/F1 (Macro): 0.8609/0.7380/0.7705 | LR: 0.000001
Epoch [83/100] | Loss: 0.7407 (Cls: 0.7448, TAL: -0.0677, Adv: 0.0001) | Train Acc: 0.9978 | Val Acc: 0.7750 | Val P/R/F1 (Macro): 0.7842/0.7247/0.7247 | LR: 0.000001
Epoch [84/100] | Loss: 0.7486 (Cls: 0.7517, TAL: -0.0525, Adv: 0.0001) | Train Acc: 1.0000 | Val Acc: 0.7667 | Val P/R/F1 (Macro): 0.7754/0.7217/0.7161 | LR: 0.000001
Epoch [85/100] | Loss: 0.7452 (Cls: 0.7506, TAL: -0.0893, Adv: 0.0001) | Train Acc: 0.9955 | Val Acc: 0.7750 | Val P/R/F1 (Macro): 0.7921/0.7324/0.7313 | LR: 0.000001
Epoch [86/100] | Loss: 0.7404 (Cls: 0.7428, TAL: -0.0400, Adv: 0.0002) | Train Acc: 0.9955 | Val Acc: 0.7833 | Val P/R/F1 (Macro): 0.8170/0.7272/0.7440 | LR: 0.000001
Epoch [87/100] | Loss: 0.7521 (Cls: 0.7551, TAL: -0.0505, Adv: 0.0001) | Train Acc: 0.9955 | Val Acc: 0.8000 | Val P/R/F1 (Macro): 0.8609/0.7380/0.7705 | LR: 0.000001
Epoch [88/100] | Loss: 0.7393 (Cls: 0.7456, TAL: -0.1050, Adv: 0.0001) | Train Acc: 0.9978 | Val Acc: 0.7750 | Val P/R/F1 (Macro): 0.7897/0.7313/0.7319 | LR: 0.000001
Epoch [89/100] | Loss: 0.7404 (Cls: 0.7440, TAL: -0.0604, Adv: 0.0001) | Train Acc: 1.0000 | Val Acc: 0.7833 | Val P/R/F1 (Macro): 0.8155/0.7278/0.7458 | LR: 0.000001
Epoch [90/100] | Loss: 0.7446 (Cls: 0.7496, TAL: -0.0826, Adv: 0.0001) | Train Acc: 1.0000 | Val Acc: 0.8083 | Val P/R/F1 (Macro): 0.8401/0.7619/0.7773 | LR: 0.000001
Epoch [91/100] | Loss: 0.7391 (Cls: 0.7431, TAL: -0.0672, Adv: 0.0001) | Train Acc: 0.9955 | Val Acc: 0.7833 | Val P/R/F1 (Macro): 0.7977/0.7427/0.7424 | LR: 0.000001
Epoch [92/100] | Loss: 0.7518 (Cls: 0.7570, TAL: -0.0864, Adv: 0.0001) | Train Acc: 0.9933 | Val Acc: 0.7750 | Val P/R/F1 (Macro): 0.7933/0.7230/0.7311 | LR: 0.000001
Epoch [93/100] | Loss: 0.7402 (Cls: 0.7436, TAL: -0.0575, Adv: 0.0001) | Train Acc: 0.9955 | Val Acc: 0.7750 | Val P/R/F1 (Macro): 0.7897/0.7313/0.7319 | LR: 0.000001
Epoch [94/100] | Loss: 0.7315 (Cls: 0.7348, TAL: -0.0560, Adv: 0.0001) | Train Acc: 0.9978 | Val Acc: 0.7667 | Val P/R/F1 (Macro): 0.7803/0.7199/0.7206 | LR: 0.000001
Epoch [95/100] | Loss: 0.7500 (Cls: 0.7535, TAL: -0.0585, Adv: 0.0001) | Train Acc: 0.9978 | Val Acc: 0.7833 | Val P/R/F1 (Macro): 0.8155/0.7278/0.7458 | LR: 0.000001
Epoch [96/100] | Loss: 0.7379 (Cls: 0.7423, TAL: -0.0744, Adv: 0.0001) | Train Acc: 0.9933 | Val Acc: 0.7583 | Val P/R/F1 (Macro): 0.7732/0.7163/0.7104 | LR: 0.000001
Epoch [97/100] | Loss: 0.7445 (Cls: 0.7470, TAL: -0.0432, Adv: 0.0001) | Train Acc: 0.9978 | Val Acc: 0.7750 | Val P/R/F1 (Macro): 0.7933/0.7230/0.7311 | LR: 0.000001
Epoch [98/100] | Loss: 0.7256 (Cls: 0.7312, TAL: -0.0934, Adv: 0.0001) | Train Acc: 0.9978 | Val Acc: 0.8000 | Val P/R/F1 (Macro): 0.8153/0.7523/0.7581 | LR: 0.000001
Epoch [99/100] | Loss: 0.7323 (Cls: 0.7366, TAL: -0.0716, Adv: 0.0001) | Train Acc: 0.9955 | Val Acc: 0.7750 | Val P/R/F1 (Macro): 0.7958/0.7241/0.7305 | LR: 0.000001
Epoch [100/100] | Loss: 0.7325 (Cls: 0.7368, TAL: -0.0711, Adv: 0.0001) | Train Acc: 1.0000 | Val Acc: 0.7583 | Val P/R/F1 (Macro): 0.7716/0.7169/0.7121 | LR: 0.000001
Report strategy: last_window, window=10, reported_acc=0.7750, best_acc=0.8333

迭代 1 报告指标:
  Accuracy: 0.7750
  Precision (Macro): 0.7926
  Recall (Macro): 0.7277
  F1 (Macro): 0.7314
  Precision (Micro): 0.7750
  Recall (Micro): 0.7750
  F1 (Micro): 0.7750
  Val class coverage: 8/14 (0.5714), samples=120

================================================================================
迭代 2/5
随机种子: 43
================================================================================
Training mode: unpaired target adaptation with controlled target-label loss (ratio=0.10, weight=0.20).
Fixed labeled target subset: 46/465 samples.
Feature fusion: Tensor alignment (512+512 -> 128+128); fused_dim=256
Domain adaptation: standard source-target adversarial training, no generator
Loss weights: tensor=0.06, adv=0.06
Epoch [1/100] | Loss: 3.1072 (Cls: 3.0707, TAL: 0.0562, Adv: 0.5536) | Train Acc: 0.2232 | Val Acc: 0.2333 | Val P/R/F1 (Macro): 0.0638/0.1403/0.0850 | LR: 0.000005
  >>> New Best Val Acc: 0.2333
Epoch [2/100] | Loss: 2.5769 (Cls: 2.5729, TAL: -0.0776, Adv: 0.1435) | Train Acc: 0.3661 | Val Acc: 0.2250 | Val P/R/F1 (Macro): 0.1286/0.1342/0.1049 | LR: 0.000005
Epoch [3/100] | Loss: 2.1439 (Cls: 2.1414, TAL: 0.0100, Adv: 0.0332) | Train Acc: 0.4888 | Val Acc: 0.4750 | Val P/R/F1 (Macro): 0.2497/0.2711/0.2517 | LR: 0.000005
  >>> New Best Val Acc: 0.4750
Epoch [4/100] | Loss: 1.8451 (Cls: 1.8408, TAL: 0.0605, Adv: 0.0119) | Train Acc: 0.5848 | Val Acc: 0.4417 | Val P/R/F1 (Macro): 0.2949/0.3186/0.2876 | LR: 0.000005
Epoch [5/100] | Loss: 1.6401 (Cls: 1.6277, TAL: 0.2000, Adv: 0.0066) | Train Acc: 0.6652 | Val Acc: 0.5000 | Val P/R/F1 (Macro): 0.4328/0.3877/0.3884 | LR: 0.000005
  >>> New Best Val Acc: 0.5000
Epoch [6/100] | Loss: 1.6670 (Cls: 1.6568, TAL: 0.1651, Adv: 0.0043) | Train Acc: 0.6875 | Val Acc: 0.4000 | Val P/R/F1 (Macro): 0.5369/0.4358/0.3814 | LR: 0.000005
Epoch [7/100] | Loss: 1.5670 (Cls: 1.5564, TAL: 0.1726, Adv: 0.0036) | Train Acc: 0.7254 | Val Acc: 0.5583 | Val P/R/F1 (Macro): 0.6134/0.5611/0.5038 | LR: 0.000005
  >>> New Best Val Acc: 0.5583
Epoch [8/100] | Loss: 1.3536 (Cls: 1.3401, TAL: 0.2212, Adv: 0.0035) | Train Acc: 0.8259 | Val Acc: 0.5167 | Val P/R/F1 (Macro): 0.6013/0.5604/0.5063 | LR: 0.000005
Epoch [9/100] | Loss: 1.3329 (Cls: 1.3234, TAL: 0.1554, Adv: 0.0032) | Train Acc: 0.8013 | Val Acc: 0.6167 | Val P/R/F1 (Macro): 0.6206/0.5421/0.5091 | LR: 0.000005
  >>> New Best Val Acc: 0.6167
Epoch [10/100] | Loss: 1.2010 (Cls: 1.1918, TAL: 0.1494, Adv: 0.0030) | Train Acc: 0.8549 | Val Acc: 0.5917 | Val P/R/F1 (Macro): 0.6897/0.5702/0.5068 | LR: 0.000005
Epoch [11/100] | Loss: 1.1948 (Cls: 1.1852, TAL: 0.1571, Adv: 0.0033) | Train Acc: 0.8594 | Val Acc: 0.7417 | Val P/R/F1 (Macro): 0.8351/0.7280/0.7453 | LR: 0.000005
  >>> New Best Val Acc: 0.7417
Epoch [12/100] | Loss: 1.0791 (Cls: 1.0678, TAL: 0.1844, Adv: 0.0042) | Train Acc: 0.8906 | Val Acc: 0.4250 | Val P/R/F1 (Macro): 0.6470/0.5620/0.4803 | LR: 0.000005
Epoch [13/100] | Loss: 1.1214 (Cls: 1.1151, TAL: 0.1021, Adv: 0.0030) | Train Acc: 0.8683 | Val Acc: 0.5917 | Val P/R/F1 (Macro): 0.6742/0.5596/0.5076 | LR: 0.000005
Epoch [14/100] | Loss: 1.0956 (Cls: 1.0947, TAL: 0.0119, Adv: 0.0028) | Train Acc: 0.8884 | Val Acc: 0.7250 | Val P/R/F1 (Macro): 0.6966/0.6296/0.6452 | LR: 0.000005
Epoch [15/100] | Loss: 1.0488 (Cls: 1.0470, TAL: 0.0264, Adv: 0.0043) | Train Acc: 0.9129 | Val Acc: 0.6083 | Val P/R/F1 (Macro): 0.8202/0.5622/0.6075 | LR: 0.000005
Epoch [16/100] | Loss: 1.0440 (Cls: 1.0440, TAL: -0.0041, Adv: 0.0032) | Train Acc: 0.9241 | Val Acc: 0.6417 | Val P/R/F1 (Macro): 0.5581/0.5043/0.4832 | LR: 0.000005
Epoch [17/100] | Loss: 0.9757 (Cls: 0.9723, TAL: 0.0539, Adv: 0.0030) | Train Acc: 0.9263 | Val Acc: 0.7333 | Val P/R/F1 (Macro): 0.8340/0.6845/0.7021 | LR: 0.000005
Epoch [18/100] | Loss: 0.9754 (Cls: 0.9728, TAL: 0.0413, Adv: 0.0025) | Train Acc: 0.9196 | Val Acc: 0.7500 | Val P/R/F1 (Macro): 0.8278/0.6920/0.6986 | LR: 0.000005
  >>> New Best Val Acc: 0.7500
Epoch [19/100] | Loss: 0.9149 (Cls: 0.9100, TAL: 0.0812, Adv: 0.0019) | Train Acc: 0.9487 | Val Acc: 0.5917 | Val P/R/F1 (Macro): 0.7693/0.5318/0.5702 | LR: 0.000005
Epoch [20/100] | Loss: 0.9310 (Cls: 0.9237, TAL: 0.1218, Adv: 0.0011) | Train Acc: 0.9688 | Val Acc: 0.7667 | Val P/R/F1 (Macro): 0.7093/0.7443/0.6942 | LR: 0.000005
  >>> New Best Val Acc: 0.7667
Epoch [21/100] | Loss: 0.9015 (Cls: 0.8946, TAL: 0.1125, Adv: 0.0011) | Train Acc: 0.9554 | Val Acc: 0.7167 | Val P/R/F1 (Macro): 0.7169/0.6550/0.6086 | LR: 0.000005
Epoch [22/100] | Loss: 0.9293 (Cls: 0.9240, TAL: 0.0884, Adv: 0.0009) | Train Acc: 0.9353 | Val Acc: 0.7583 | Val P/R/F1 (Macro): 0.7677/0.6654/0.6715 | LR: 0.000005
Epoch [23/100] | Loss: 0.9023 (Cls: 0.8949, TAL: 0.1231, Adv: 0.0009) | Train Acc: 0.9487 | Val Acc: 0.8000 | Val P/R/F1 (Macro): 0.7340/0.7294/0.6974 | LR: 0.000005
  >>> New Best Val Acc: 0.8000
Epoch [24/100] | Loss: 0.8754 (Cls: 0.8678, TAL: 0.1253, Adv: 0.0022) | Train Acc: 0.9621 | Val Acc: 0.7833 | Val P/R/F1 (Macro): 0.8145/0.7536/0.7111 | LR: 0.000005
Epoch [25/100] | Loss: 0.9264 (Cls: 0.9236, TAL: 0.0432, Adv: 0.0024) | Train Acc: 0.9375 | Val Acc: 0.8417 | Val P/R/F1 (Macro): 0.8443/0.8485/0.8218 | LR: 0.000005
  >>> New Best Val Acc: 0.8417
Epoch [26/100] | Loss: 0.8569 (Cls: 0.8543, TAL: 0.0420, Adv: 0.0013) | Train Acc: 0.9643 | Val Acc: 0.8833 | Val P/R/F1 (Macro): 0.8938/0.9133/0.8919 | LR: 0.000005
  >>> New Best Val Acc: 0.8833
Epoch [27/100] | Loss: 0.8993 (Cls: 0.8967, TAL: 0.0396, Adv: 0.0038) | Train Acc: 0.9442 | Val Acc: 0.8167 | Val P/R/F1 (Macro): 0.8617/0.7777/0.7682 | LR: 0.000005
Epoch [28/100] | Loss: 0.8701 (Cls: 0.8690, TAL: 0.0170, Adv: 0.0015) | Train Acc: 0.9643 | Val Acc: 0.6583 | Val P/R/F1 (Macro): 0.8508/0.6901/0.7020 | LR: 0.000005
Epoch [29/100] | Loss: 0.8139 (Cls: 0.8147, TAL: -0.0142, Adv: 0.0016) | Train Acc: 0.9710 | Val Acc: 0.8083 | Val P/R/F1 (Macro): 0.8343/0.7920/0.7611 | LR: 0.000005
Epoch [30/100] | Loss: 0.8744 (Cls: 0.8738, TAL: 0.0084, Adv: 0.0010) | Train Acc: 0.9621 | Val Acc: 0.7083 | Val P/R/F1 (Macro): 0.7898/0.6832/0.7164 | LR: 0.000005
Epoch [31/100] | Loss: 0.8794 (Cls: 0.8798, TAL: -0.0077, Adv: 0.0013) | Train Acc: 0.9531 | Val Acc: 0.8250 | Val P/R/F1 (Macro): 0.9032/0.8411/0.8511 | LR: 0.000005
Epoch [32/100] | Loss: 0.8726 (Cls: 0.8735, TAL: -0.0167, Adv: 0.0007) | Train Acc: 0.9554 | Val Acc: 0.8167 | Val P/R/F1 (Macro): 0.8834/0.8155/0.8383 | LR: 0.000005
Epoch [33/100] | Loss: 0.8512 (Cls: 0.8496, TAL: 0.0260, Adv: 0.0007) | Train Acc: 0.9665 | Val Acc: 0.8167 | Val P/R/F1 (Macro): 0.8599/0.7596/0.7885 | LR: 0.000005
Epoch [34/100] | Loss: 0.8587 (Cls: 0.8552, TAL: 0.0589, Adv: 0.0006) | Train Acc: 0.9732 | Val Acc: 0.7583 | Val P/R/F1 (Macro): 0.8653/0.7482/0.7687 | LR: 0.000005
Epoch [35/100] | Loss: 0.8361 (Cls: 0.8332, TAL: 0.0454, Adv: 0.0027) | Train Acc: 0.9777 | Val Acc: 0.7750 | Val P/R/F1 (Macro): 0.8352/0.7076/0.7180 | LR: 0.000005
Epoch [36/100] | Loss: 0.8260 (Cls: 0.8256, TAL: 0.0043, Adv: 0.0010) | Train Acc: 0.9799 | Val Acc: 0.7917 | Val P/R/F1 (Macro): 0.7894/0.7811/0.7790 | LR: 0.000005
Epoch [37/100] | Loss: 0.8169 (Cls: 0.8160, TAL: 0.0138, Adv: 0.0009) | Train Acc: 0.9821 | Val Acc: 0.8167 | Val P/R/F1 (Macro): 0.7841/0.7636/0.7536 | LR: 0.000003
Epoch [38/100] | Loss: 0.8295 (Cls: 0.8286, TAL: 0.0138, Adv: 0.0011) | Train Acc: 0.9732 | Val Acc: 0.8333 | Val P/R/F1 (Macro): 0.8609/0.8107/0.8315 | LR: 0.000003
Epoch [39/100] | Loss: 0.8098 (Cls: 0.8077, TAL: 0.0345, Adv: 0.0012) | Train Acc: 0.9911 | Val Acc: 0.8167 | Val P/R/F1 (Macro): 0.8090/0.8146/0.7923 | LR: 0.000003
Epoch [40/100] | Loss: 0.7808 (Cls: 0.7820, TAL: -0.0208, Adv: 0.0016) | Train Acc: 0.9888 | Val Acc: 0.7500 | Val P/R/F1 (Macro): 0.7428/0.7039/0.6855 | LR: 0.000003
Epoch [41/100] | Loss: 0.8025 (Cls: 0.8037, TAL: -0.0208, Adv: 0.0007) | Train Acc: 0.9888 | Val Acc: 0.8917 | Val P/R/F1 (Macro): 0.8955/0.9176/0.9041 | LR: 0.000003
  >>> New Best Val Acc: 0.8917
Epoch [42/100] | Loss: 0.8000 (Cls: 0.7996, TAL: 0.0069, Adv: 0.0004) | Train Acc: 0.9799 | Val Acc: 0.8833 | Val P/R/F1 (Macro): 0.9207/0.8736/0.8900 | LR: 0.000003
Epoch [43/100] | Loss: 0.7836 (Cls: 0.7832, TAL: 0.0070, Adv: 0.0005) | Train Acc: 0.9955 | Val Acc: 0.8500 | Val P/R/F1 (Macro): 0.8599/0.8833/0.8612 | LR: 0.000003
Epoch [44/100] | Loss: 0.7752 (Cls: 0.7744, TAL: 0.0119, Adv: 0.0003) | Train Acc: 0.9955 | Val Acc: 0.8583 | Val P/R/F1 (Macro): 0.8652/0.8858/0.8723 | LR: 0.000003
Epoch [45/100] | Loss: 0.7597 (Cls: 0.7595, TAL: 0.0027, Adv: 0.0005) | Train Acc: 0.9933 | Val Acc: 0.8917 | Val P/R/F1 (Macro): 0.8689/0.9242/0.8852 | LR: 0.000003
Epoch [46/100] | Loss: 0.7881 (Cls: 0.7917, TAL: -0.0607, Adv: 0.0004) | Train Acc: 0.9888 | Val Acc: 0.8250 | Val P/R/F1 (Macro): 0.8871/0.8279/0.8446 | LR: 0.000003
Epoch [47/100] | Loss: 0.7842 (Cls: 0.7884, TAL: -0.0697, Adv: 0.0003) | Train Acc: 0.9911 | Val Acc: 0.8167 | Val P/R/F1 (Macro): 0.8606/0.7786/0.8000 | LR: 0.000003
Epoch [48/100] | Loss: 0.7680 (Cls: 0.7739, TAL: -0.0983, Adv: 0.0002) | Train Acc: 0.9933 | Val Acc: 0.8833 | Val P/R/F1 (Macro): 0.9253/0.8694/0.8903 | LR: 0.000003
Epoch [49/100] | Loss: 0.7701 (Cls: 0.7750, TAL: -0.0818, Adv: 0.0002) | Train Acc: 1.0000 | Val Acc: 0.8583 | Val P/R/F1 (Macro): 0.8764/0.8170/0.8369 | LR: 0.000003
Epoch [50/100] | Loss: 0.7775 (Cls: 0.7832, TAL: -0.0953, Adv: 0.0004) | Train Acc: 0.9911 | Val Acc: 0.8500 | Val P/R/F1 (Macro): 0.8711/0.8175/0.8320 | LR: 0.000003
Epoch [51/100] | Loss: 0.7917 (Cls: 0.7918, TAL: -0.0020, Adv: 0.0003) | Train Acc: 0.9888 | Val Acc: 0.8583 | Val P/R/F1 (Macro): 0.8718/0.7986/0.8191 | LR: 0.000003
Epoch [52/100] | Loss: 0.7718 (Cls: 0.7691, TAL: 0.0446, Adv: 0.0002) | Train Acc: 0.9933 | Val Acc: 0.8250 | Val P/R/F1 (Macro): 0.9018/0.8131/0.8438 | LR: 0.000001
Epoch [53/100] | Loss: 0.7703 (Cls: 0.7706, TAL: -0.0047, Adv: 0.0002) | Train Acc: 0.9888 | Val Acc: 0.8750 | Val P/R/F1 (Macro): 0.8818/0.9317/0.9005 | LR: 0.000001
Epoch [54/100] | Loss: 0.7688 (Cls: 0.7690, TAL: -0.0037, Adv: 0.0002) | Train Acc: 0.9933 | Val Acc: 0.8750 | Val P/R/F1 (Macro): 0.9026/0.9210/0.9021 | LR: 0.000001
Epoch [55/100] | Loss: 0.7722 (Cls: 0.7722, TAL: -0.0004, Adv: 0.0003) | Train Acc: 0.9933 | Val Acc: 0.8500 | Val P/R/F1 (Macro): 0.8709/0.8899/0.8731 | LR: 0.000001
Epoch [56/100] | Loss: 0.7786 (Cls: 0.7783, TAL: 0.0045, Adv: 0.0002) | Train Acc: 0.9866 | Val Acc: 0.8417 | Val P/R/F1 (Macro): 0.8995/0.7996/0.8340 | LR: 0.000001
Epoch [57/100] | Loss: 0.7606 (Cls: 0.7614, TAL: -0.0139, Adv: 0.0002) | Train Acc: 0.9911 | Val Acc: 0.8500 | Val P/R/F1 (Macro): 0.9016/0.8110/0.8427 | LR: 0.000001
Epoch [58/100] | Loss: 0.7704 (Cls: 0.7725, TAL: -0.0366, Adv: 0.0002) | Train Acc: 0.9911 | Val Acc: 0.8750 | Val P/R/F1 (Macro): 0.9090/0.9115/0.9067 | LR: 0.000001
Epoch [59/100] | Loss: 0.7611 (Cls: 0.7617, TAL: -0.0110, Adv: 0.0003) | Train Acc: 0.9955 | Val Acc: 0.8667 | Val P/R/F1 (Macro): 0.8941/0.9221/0.9006 | LR: 0.000001
Epoch [60/100] | Loss: 0.7494 (Cls: 0.7507, TAL: -0.0223, Adv: 0.0002) | Train Acc: 1.0000 | Val Acc: 0.8667 | Val P/R/F1 (Macro): 0.9060/0.8491/0.8656 | LR: 0.000001
Epoch [61/100] | Loss: 0.7558 (Cls: 0.7581, TAL: -0.0371, Adv: 0.0002) | Train Acc: 0.9955 | Val Acc: 0.8833 | Val P/R/F1 (Macro): 0.8824/0.9265/0.8950 | LR: 0.000001
Epoch [62/100] | Loss: 0.7515 (Cls: 0.7510, TAL: 0.0077, Adv: 0.0002) | Train Acc: 1.0000 | Val Acc: 0.9333 | Val P/R/F1 (Macro): 0.9517/0.9548/0.9501 | LR: 0.000001
  >>> New Best Val Acc: 0.9333
Epoch [63/100] | Loss: 0.7469 (Cls: 0.7483, TAL: -0.0228, Adv: 0.0001) | Train Acc: 0.9955 | Val Acc: 0.8667 | Val P/R/F1 (Macro): 0.8615/0.8984/0.8736 | LR: 0.000001
Epoch [64/100] | Loss: 0.7653 (Cls: 0.7668, TAL: -0.0248, Adv: 0.0002) | Train Acc: 0.9911 | Val Acc: 0.8500 | Val P/R/F1 (Macro): 0.9004/0.8175/0.8445 | LR: 0.000001
Epoch [65/100] | Loss: 0.7603 (Cls: 0.7613, TAL: -0.0173, Adv: 0.0002) | Train Acc: 0.9933 | Val Acc: 0.8583 | Val P/R/F1 (Macro): 0.8814/0.7879/0.8163 | LR: 0.000001
Epoch [66/100] | Loss: 0.7359 (Cls: 0.7373, TAL: -0.0251, Adv: 0.0001) | Train Acc: 0.9978 | Val Acc: 0.8833 | Val P/R/F1 (Macro): 0.9123/0.8558/0.8752 | LR: 0.000001
Epoch [67/100] | Loss: 0.7256 (Cls: 0.7261, TAL: -0.0086, Adv: 0.0002) | Train Acc: 1.0000 | Val Acc: 0.8667 | Val P/R/F1 (Macro): 0.9069/0.8171/0.8493 | LR: 0.000001
Epoch [68/100] | Loss: 0.7582 (Cls: 0.7600, TAL: -0.0300, Adv: 0.0001) | Train Acc: 0.9978 | Val Acc: 0.8583 | Val P/R/F1 (Macro): 0.9042/0.8081/0.8419 | LR: 0.000001
Epoch [69/100] | Loss: 0.7444 (Cls: 0.7460, TAL: -0.0268, Adv: 0.0002) | Train Acc: 0.9978 | Val Acc: 0.8750 | Val P/R/F1 (Macro): 0.9094/0.8225/0.8541 | LR: 0.000001
Epoch [70/100] | Loss: 0.7384 (Cls: 0.7403, TAL: -0.0321, Adv: 0.0001) | Train Acc: 0.9978 | Val Acc: 0.8750 | Val P/R/F1 (Macro): 0.8888/0.8029/0.8301 | LR: 0.000001
Epoch [71/100] | Loss: 0.7543 (Cls: 0.7546, TAL: -0.0050, Adv: 0.0002) | Train Acc: 1.0000 | Val Acc: 0.8583 | Val P/R/F1 (Macro): 0.8940/0.8188/0.8447 | LR: 0.000001
Epoch [72/100] | Loss: 0.7512 (Cls: 0.7515, TAL: -0.0051, Adv: 0.0001) | Train Acc: 1.0000 | Val Acc: 0.8500 | Val P/R/F1 (Macro): 0.8910/0.8133/0.8403 | LR: 0.000001
Epoch [73/100] | Loss: 0.7476 (Cls: 0.7467, TAL: 0.0143, Adv: 0.0001) | Train Acc: 0.9978 | Val Acc: 0.8583 | Val P/R/F1 (Macro): 0.9038/0.8164/0.8474 | LR: 0.000001
Epoch [74/100] | Loss: 0.7559 (Cls: 0.7565, TAL: -0.0105, Adv: 0.0001) | Train Acc: 0.9933 | Val Acc: 0.8583 | Val P/R/F1 (Macro): 0.8934/0.8550/0.8669 | LR: 0.000001
Epoch [75/100] | Loss: 0.7443 (Cls: 0.7452, TAL: -0.0140, Adv: 0.0002) | Train Acc: 0.9978 | Val Acc: 0.8750 | Val P/R/F1 (Macro): 0.9023/0.9098/0.9034 | LR: 0.000001
Epoch [76/100] | Loss: 0.7475 (Cls: 0.7487, TAL: -0.0207, Adv: 0.0001) | Train Acc: 0.9978 | Val Acc: 0.8750 | Val P/R/F1 (Macro): 0.9074/0.9293/0.9139 | LR: 0.000001
Epoch [77/100] | Loss: 0.7439 (Cls: 0.7434, TAL: 0.0089, Adv: 0.0001) | Train Acc: 0.9978 | Val Acc: 0.8750 | Val P/R/F1 (Macro): 0.9200/0.9293/0.9201 | LR: 0.000001
Epoch [78/100] | Loss: 0.7440 (Cls: 0.7443, TAL: -0.0044, Adv: 0.0002) | Train Acc: 0.9978 | Val Acc: 0.8750 | Val P/R/F1 (Macro): 0.9256/0.8991/0.9069 | LR: 0.000001
Epoch [79/100] | Loss: 0.7358 (Cls: 0.7364, TAL: -0.0110, Adv: 0.0001) | Train Acc: 1.0000 | Val Acc: 0.8500 | Val P/R/F1 (Macro): 0.9021/0.8133/0.8440 | LR: 0.000001
Epoch [80/100] | Loss: 0.7290 (Cls: 0.7295, TAL: -0.0086, Adv: 0.0001) | Train Acc: 0.9978 | Val Acc: 0.8667 | Val P/R/F1 (Macro): 0.9065/0.8194/0.8508 | LR: 0.000001
Epoch [81/100] | Loss: 0.7458 (Cls: 0.7456, TAL: 0.0026, Adv: 0.0001) | Train Acc: 0.9955 | Val Acc: 0.8333 | Val P/R/F1 (Macro): 0.8967/0.8244/0.8498 | LR: 0.000001
Epoch [82/100] | Loss: 0.7496 (Cls: 0.7508, TAL: -0.0197, Adv: 0.0002) | Train Acc: 0.9955 | Val Acc: 0.8667 | Val P/R/F1 (Macro): 0.9122/0.9020/0.9042 | LR: 0.000001
Epoch [83/100] | Loss: 0.7395 (Cls: 0.7390, TAL: 0.0074, Adv: 0.0001) | Train Acc: 1.0000 | Val Acc: 0.8500 | Val P/R/F1 (Macro): 0.8707/0.8324/0.8396 | LR: 0.000001
Epoch [84/100] | Loss: 0.7580 (Cls: 0.7592, TAL: -0.0202, Adv: 0.0002) | Train Acc: 0.9888 | Val Acc: 0.8667 | Val P/R/F1 (Macro): 0.9068/0.8521/0.8696 | LR: 0.000001
Epoch [85/100] | Loss: 0.7462 (Cls: 0.7466, TAL: -0.0062, Adv: 0.0001) | Train Acc: 0.9978 | Val Acc: 0.8750 | Val P/R/F1 (Macro): 0.9091/0.8611/0.8774 | LR: 0.000001
Epoch [86/100] | Loss: 0.7300 (Cls: 0.7293, TAL: 0.0103, Adv: 0.0001) | Train Acc: 0.9978 | Val Acc: 0.9000 | Val P/R/F1 (Macro): 0.9216/0.9409/0.9284 | LR: 0.000001
Epoch [87/100] | Loss: 0.7485 (Cls: 0.7494, TAL: -0.0140, Adv: 0.0001) | Train Acc: 0.9911 | Val Acc: 0.8833 | Val P/R/F1 (Macro): 0.9110/0.9128/0.9097 | LR: 0.000001
Epoch [88/100] | Loss: 0.7427 (Cls: 0.7440, TAL: -0.0218, Adv: 0.0001) | Train Acc: 1.0000 | Val Acc: 0.9083 | Val P/R/F1 (Macro): 0.9247/0.9439/0.9320 | LR: 0.000001
Epoch [89/100] | Loss: 0.7439 (Cls: 0.7445, TAL: -0.0091, Adv: 0.0001) | Train Acc: 1.0000 | Val Acc: 0.8833 | Val P/R/F1 (Macro): 0.9112/0.9104/0.9087 | LR: 0.000001
Epoch [90/100] | Loss: 0.7316 (Cls: 0.7342, TAL: -0.0437, Adv: 0.0001) | Train Acc: 1.0000 | Val Acc: 0.8750 | Val P/R/F1 (Macro): 0.9134/0.9293/0.9167 | LR: 0.000001
Epoch [91/100] | Loss: 0.7178 (Cls: 0.7198, TAL: -0.0344, Adv: 0.0001) | Train Acc: 0.9978 | Val Acc: 0.8917 | Val P/R/F1 (Macro): 0.9141/0.9159/0.9133 | LR: 0.000001
Epoch [92/100] | Loss: 0.7352 (Cls: 0.7391, TAL: -0.0656, Adv: 0.0001) | Train Acc: 1.0000 | Val Acc: 0.8833 | Val P/R/F1 (Macro): 0.9180/0.9128/0.9132 | LR: 0.000001
Epoch [93/100] | Loss: 0.7323 (Cls: 0.7354, TAL: -0.0520, Adv: 0.0001) | Train Acc: 0.9978 | Val Acc: 0.8917 | Val P/R/F1 (Macro): 0.9211/0.9159/0.9168 | LR: 0.000001
Epoch [94/100] | Loss: 0.7134 (Cls: 0.7177, TAL: -0.0723, Adv: 0.0001) | Train Acc: 1.0000 | Val Acc: 0.8917 | Val P/R/F1 (Macro): 0.9310/0.9135/0.9193 | LR: 0.000001
Epoch [95/100] | Loss: 0.7467 (Cls: 0.7489, TAL: -0.0358, Adv: 0.0001) | Train Acc: 0.9978 | Val Acc: 0.8667 | Val P/R/F1 (Macro): 0.9048/0.9043/0.9019 | LR: 0.000001
Epoch [96/100] | Loss: 0.7358 (Cls: 0.7386, TAL: -0.0468, Adv: 0.0001) | Train Acc: 0.9978 | Val Acc: 0.8583 | Val P/R/F1 (Macro): 0.9101/0.8989/0.9005 | LR: 0.000001
Epoch [97/100] | Loss: 0.7400 (Cls: 0.7416, TAL: -0.0272, Adv: 0.0001) | Train Acc: 0.9978 | Val Acc: 0.8833 | Val P/R/F1 (Macro): 0.8834/0.9104/0.8923 | LR: 0.000001
Epoch [98/100] | Loss: 0.7390 (Cls: 0.7404, TAL: -0.0237, Adv: 0.0001) | Train Acc: 0.9955 | Val Acc: 0.8667 | Val P/R/F1 (Macro): 0.9128/0.9020/0.9039 | LR: 0.000001
Epoch [99/100] | Loss: 0.7448 (Cls: 0.7475, TAL: -0.0455, Adv: 0.0001) | Train Acc: 0.9978 | Val Acc: 0.8833 | Val P/R/F1 (Macro): 0.9228/0.9324/0.9237 | LR: 0.000001
Epoch [100/100] | Loss: 0.7376 (Cls: 0.7387, TAL: -0.0175, Adv: 0.0001) | Train Acc: 0.9978 | Val Acc: 0.8833 | Val P/R/F1 (Macro): 0.9101/0.9324/0.9175 | LR: 0.000001
Report strategy: last_window, window=10, reported_acc=0.8800, best_acc=0.9333

迭代 2 报告指标:
  Accuracy: 0.8800
  Precision (Macro): 0.9128
  Recall (Macro): 0.9139
  F1 (Macro): 0.9102
  Precision (Micro): 0.8800
  Recall (Micro): 0.8800
  F1 (Micro): 0.8800
  Val class coverage: 8/14 (0.5714), samples=120

================================================================================
迭代 3/5
随机种子: 44
================================================================================
Training mode: unpaired target adaptation with controlled target-label loss (ratio=0.10, weight=0.20).
Fixed labeled target subset: 46/465 samples.
Feature fusion: Tensor alignment (512+512 -> 128+128); fused_dim=256
Domain adaptation: standard source-target adversarial training, no generator
Loss weights: tensor=0.06, adv=0.06
Epoch [1/100] | Loss: 3.2158 (Cls: 3.1647, TAL: 0.2526, Adv: 0.5994) | Train Acc: 0.1830 | Val Acc: 0.2833 | Val P/R/F1 (Macro): 0.0962/0.1477/0.1120 | LR: 0.000005
  >>> New Best Val Acc: 0.2833
Epoch [2/100] | Loss: 2.4536 (Cls: 2.4475, TAL: 0.0012, Adv: 0.1010) | Train Acc: 0.3817 | Val Acc: 0.4000 | Val P/R/F1 (Macro): 0.1524/0.1873/0.1622 | LR: 0.000005
  >>> New Best Val Acc: 0.4000
Epoch [3/100] | Loss: 2.0844 (Cls: 2.0859, TAL: -0.0513, Adv: 0.0256) | Train Acc: 0.5268 | Val Acc: 0.6000 | Val P/R/F1 (Macro): 0.4018/0.4069/0.3696 | LR: 0.000005
  >>> New Best Val Acc: 0.6000
Epoch [4/100] | Loss: 1.9857 (Cls: 1.9881, TAL: -0.0531, Adv: 0.0121) | Train Acc: 0.5893 | Val Acc: 0.4250 | Val P/R/F1 (Macro): 0.4048/0.4054/0.3368 | LR: 0.000005
Epoch [5/100] | Loss: 1.7483 (Cls: 1.7485, TAL: -0.0105, Adv: 0.0075) | Train Acc: 0.6473 | Val Acc: 0.6417 | Val P/R/F1 (Macro): 0.4235/0.4788/0.4389 | LR: 0.000005
  >>> New Best Val Acc: 0.6417
Epoch [6/100] | Loss: 1.6038 (Cls: 1.6072, TAL: -0.0606, Adv: 0.0047) | Train Acc: 0.7344 | Val Acc: 0.4500 | Val P/R/F1 (Macro): 0.3346/0.3812/0.3396 | LR: 0.000005
Epoch [7/100] | Loss: 1.4257 (Cls: 1.4272, TAL: -0.0291, Adv: 0.0043) | Train Acc: 0.7701 | Val Acc: 0.5250 | Val P/R/F1 (Macro): 0.5512/0.4580/0.4434 | LR: 0.000005
Epoch [8/100] | Loss: 1.3307 (Cls: 1.3293, TAL: 0.0206, Adv: 0.0028) | Train Acc: 0.8013 | Val Acc: 0.5500 | Val P/R/F1 (Macro): 0.5462/0.5565/0.4956 | LR: 0.000005
Epoch [9/100] | Loss: 1.2719 (Cls: 1.2716, TAL: 0.0018, Adv: 0.0032) | Train Acc: 0.8147 | Val Acc: 0.5333 | Val P/R/F1 (Macro): 0.6930/0.6094/0.5820 | LR: 0.000005
Epoch [10/100] | Loss: 1.1076 (Cls: 1.1067, TAL: 0.0139, Adv: 0.0026) | Train Acc: 0.8750 | Val Acc: 0.5583 | Val P/R/F1 (Macro): 0.4158/0.4847/0.4161 | LR: 0.000005
Epoch [11/100] | Loss: 1.1933 (Cls: 1.1922, TAL: 0.0167, Adv: 0.0021) | Train Acc: 0.8504 | Val Acc: 0.4833 | Val P/R/F1 (Macro): 0.6262/0.5886/0.5443 | LR: 0.000005
Epoch [12/100] | Loss: 1.1676 (Cls: 1.1668, TAL: 0.0099, Adv: 0.0024) | Train Acc: 0.8348 | Val Acc: 0.4917 | Val P/R/F1 (Macro): 0.5385/0.5516/0.4794 | LR: 0.000005
Epoch [13/100] | Loss: 1.0862 (Cls: 1.0863, TAL: -0.0065, Adv: 0.0043) | Train Acc: 0.8817 | Val Acc: 0.3917 | Val P/R/F1 (Macro): 0.6947/0.5506/0.5122 | LR: 0.000005
Epoch [14/100] | Loss: 1.1012 (Cls: 1.1039, TAL: -0.0470, Adv: 0.0021) | Train Acc: 0.8817 | Val Acc: 0.6417 | Val P/R/F1 (Macro): 0.6914/0.6947/0.6494 | LR: 0.000005
Epoch [15/100] | Loss: 0.9899 (Cls: 0.9917, TAL: -0.0324, Adv: 0.0020) | Train Acc: 0.9263 | Val Acc: 0.6333 | Val P/R/F1 (Macro): 0.7087/0.7753/0.6786 | LR: 0.000005
Epoch [16/100] | Loss: 1.0342 (Cls: 1.0382, TAL: -0.0693, Adv: 0.0019) | Train Acc: 0.8929 | Val Acc: 0.5000 | Val P/R/F1 (Macro): 0.5280/0.5919/0.4975 | LR: 0.000003
Epoch [17/100] | Loss: 0.9684 (Cls: 0.9703, TAL: -0.0329, Adv: 0.0012) | Train Acc: 0.9442 | Val Acc: 0.5333 | Val P/R/F1 (Macro): 0.5860/0.6498/0.5529 | LR: 0.000003
Epoch [18/100] | Loss: 0.9543 (Cls: 0.9565, TAL: -0.0392, Adv: 0.0013) | Train Acc: 0.9375 | Val Acc: 0.6167 | Val P/R/F1 (Macro): 0.6858/0.7177/0.6354 | LR: 0.000003
Epoch [19/100] | Loss: 0.9826 (Cls: 0.9832, TAL: -0.0110, Adv: 0.0013) | Train Acc: 0.9219 | Val Acc: 0.6333 | Val P/R/F1 (Macro): 0.6285/0.6926/0.6115 | LR: 0.000003
Epoch [20/100] | Loss: 0.8979 (Cls: 0.9008, TAL: -0.0490, Adv: 0.0013) | Train Acc: 0.9598 | Val Acc: 0.6500 | Val P/R/F1 (Macro): 0.6267/0.6791/0.6125 | LR: 0.000003
  >>> New Best Val Acc: 0.6500
Epoch [21/100] | Loss: 0.9030 (Cls: 0.9050, TAL: -0.0344, Adv: 0.0013) | Train Acc: 0.9487 | Val Acc: 0.5833 | Val P/R/F1 (Macro): 0.6240/0.6557/0.5816 | LR: 0.000003
Epoch [22/100] | Loss: 0.9063 (Cls: 0.9089, TAL: -0.0439, Adv: 0.0010) | Train Acc: 0.9531 | Val Acc: 0.5667 | Val P/R/F1 (Macro): 0.6373/0.6305/0.5832 | LR: 0.000003
Epoch [23/100] | Loss: 0.8889 (Cls: 0.8899, TAL: -0.0179, Adv: 0.0010) | Train Acc: 0.9509 | Val Acc: 0.5667 | Val P/R/F1 (Macro): 0.6625/0.6388/0.5991 | LR: 0.000003
Epoch [24/100] | Loss: 0.8932 (Cls: 0.8935, TAL: -0.0072, Adv: 0.0011) | Train Acc: 0.9397 | Val Acc: 0.6000 | Val P/R/F1 (Macro): 0.6647/0.6600/0.6086 | LR: 0.000003
Epoch [25/100] | Loss: 0.8757 (Cls: 0.8756, TAL: 0.0001, Adv: 0.0008) | Train Acc: 0.9554 | Val Acc: 0.5333 | Val P/R/F1 (Macro): 0.7395/0.6254/0.5868 | LR: 0.000003
Epoch [26/100] | Loss: 0.8564 (Cls: 0.8551, TAL: 0.0205, Adv: 0.0009) | Train Acc: 0.9598 | Val Acc: 0.5917 | Val P/R/F1 (Macro): 0.7014/0.6611/0.6117 | LR: 0.000003
Epoch [27/100] | Loss: 0.8593 (Cls: 0.8585, TAL: 0.0127, Adv: 0.0008) | Train Acc: 0.9710 | Val Acc: 0.5833 | Val P/R/F1 (Macro): 0.7142/0.6539/0.6249 | LR: 0.000003
Epoch [28/100] | Loss: 0.8590 (Cls: 0.8581, TAL: 0.0138, Adv: 0.0007) | Train Acc: 0.9799 | Val Acc: 0.6083 | Val P/R/F1 (Macro): 0.6835/0.6630/0.6127 | LR: 0.000003
Epoch [29/100] | Loss: 0.8482 (Cls: 0.8501, TAL: -0.0313, Adv: 0.0007) | Train Acc: 0.9665 | Val Acc: 0.6333 | Val P/R/F1 (Macro): 0.6822/0.6568/0.6264 | LR: 0.000003
Epoch [30/100] | Loss: 0.8471 (Cls: 0.8500, TAL: -0.0487, Adv: 0.0008) | Train Acc: 0.9754 | Val Acc: 0.6417 | Val P/R/F1 (Macro): 0.7115/0.6626/0.6409 | LR: 0.000003
Epoch [31/100] | Loss: 0.8736 (Cls: 0.8763, TAL: -0.0455, Adv: 0.0006) | Train Acc: 0.9665 | Val Acc: 0.5583 | Val P/R/F1 (Macro): 0.6247/0.6609/0.5756 | LR: 0.000001
Epoch [32/100] | Loss: 0.8633 (Cls: 0.8647, TAL: -0.0233, Adv: 0.0008) | Train Acc: 0.9643 | Val Acc: 0.5833 | Val P/R/F1 (Macro): 0.6049/0.7154/0.5983 | LR: 0.000001
Epoch [33/100] | Loss: 0.8412 (Cls: 0.8434, TAL: -0.0383, Adv: 0.0006) | Train Acc: 0.9754 | Val Acc: 0.5917 | Val P/R/F1 (Macro): 0.5807/0.6696/0.5759 | LR: 0.000001
Epoch [34/100] | Loss: 0.8214 (Cls: 0.8231, TAL: -0.0290, Adv: 0.0006) | Train Acc: 0.9732 | Val Acc: 0.5667 | Val P/R/F1 (Macro): 0.5857/0.6587/0.5672 | LR: 0.000001
Epoch [35/100] | Loss: 0.8404 (Cls: 0.8406, TAL: -0.0032, Adv: 0.0005) | Train Acc: 0.9754 | Val Acc: 0.5500 | Val P/R/F1 (Macro): 0.6268/0.6568/0.5708 | LR: 0.000001
Epoch [36/100] | Loss: 0.8047 (Cls: 0.8058, TAL: -0.0183, Adv: 0.0005) | Train Acc: 0.9821 | Val Acc: 0.5833 | Val P/R/F1 (Macro): 0.6260/0.6701/0.5982 | LR: 0.000001
Epoch [37/100] | Loss: 0.8213 (Cls: 0.8250, TAL: -0.0625, Adv: 0.0005) | Train Acc: 0.9866 | Val Acc: 0.6083 | Val P/R/F1 (Macro): 0.6142/0.6840/0.5911 | LR: 0.000001
Epoch [38/100] | Loss: 0.8171 (Cls: 0.8187, TAL: -0.0267, Adv: 0.0004) | Train Acc: 0.9732 | Val Acc: 0.5417 | Val P/R/F1 (Macro): 0.5864/0.6453/0.5299 | LR: 0.000001
Epoch [39/100] | Loss: 0.8273 (Cls: 0.8281, TAL: -0.0141, Adv: 0.0004) | Train Acc: 0.9777 | Val Acc: 0.6000 | Val P/R/F1 (Macro): 0.6346/0.6976/0.6121 | LR: 0.000001
Epoch [40/100] | Loss: 0.8218 (Cls: 0.8226, TAL: -0.0135, Adv: 0.0006) | Train Acc: 0.9799 | Val Acc: 0.6000 | Val P/R/F1 (Macro): 0.6061/0.6626/0.5946 | LR: 0.000001
Epoch [41/100] | Loss: 0.7830 (Cls: 0.7845, TAL: -0.0251, Adv: 0.0004) | Train Acc: 0.9933 | Val Acc: 0.6333 | Val P/R/F1 (Macro): 0.6401/0.6949/0.6239 | LR: 0.000001
Epoch [42/100] | Loss: 0.8259 (Cls: 0.8272, TAL: -0.0226, Adv: 0.0005) | Train Acc: 0.9821 | Val Acc: 0.6583 | Val P/R/F1 (Macro): 0.6462/0.7042/0.6421 | LR: 0.000001
  >>> New Best Val Acc: 0.6583
Epoch [43/100] | Loss: 0.7979 (Cls: 0.7995, TAL: -0.0266, Adv: 0.0004) | Train Acc: 0.9844 | Val Acc: 0.5750 | Val P/R/F1 (Macro): 0.6286/0.6927/0.5939 | LR: 0.000001
Epoch [44/100] | Loss: 0.8177 (Cls: 0.8197, TAL: -0.0329, Adv: 0.0004) | Train Acc: 0.9888 | Val Acc: 0.6083 | Val P/R/F1 (Macro): 0.6156/0.6715/0.6017 | LR: 0.000001
Epoch [45/100] | Loss: 0.8213 (Cls: 0.8227, TAL: -0.0237, Adv: 0.0004) | Train Acc: 0.9799 | Val Acc: 0.6083 | Val P/R/F1 (Macro): 0.6065/0.6763/0.5913 | LR: 0.000001
Epoch [46/100] | Loss: 0.7882 (Cls: 0.7909, TAL: -0.0458, Adv: 0.0003) | Train Acc: 0.9888 | Val Acc: 0.6083 | Val P/R/F1 (Macro): 0.6588/0.7135/0.6245 | LR: 0.000001
Epoch [47/100] | Loss: 0.8014 (Cls: 0.8038, TAL: -0.0406, Adv: 0.0004) | Train Acc: 0.9955 | Val Acc: 0.5833 | Val P/R/F1 (Macro): 0.6466/0.5978/0.5552 | LR: 0.000001
Epoch [48/100] | Loss: 0.8104 (Cls: 0.8113, TAL: -0.0146, Adv: 0.0004) | Train Acc: 0.9866 | Val Acc: 0.5917 | Val P/R/F1 (Macro): 0.6628/0.6621/0.6000 | LR: 0.000001
Epoch [49/100] | Loss: 0.8344 (Cls: 0.8345, TAL: -0.0028, Adv: 0.0004) | Train Acc: 0.9777 | Val Acc: 0.6167 | Val P/R/F1 (Macro): 0.6337/0.6553/0.5953 | LR: 0.000001
Epoch [50/100] | Loss: 0.8168 (Cls: 0.8207, TAL: -0.0667, Adv: 0.0003) | Train Acc: 0.9710 | Val Acc: 0.5917 | Val P/R/F1 (Macro): 0.6272/0.6397/0.5904 | LR: 0.000001
Epoch [51/100] | Loss: 0.8075 (Cls: 0.8100, TAL: -0.0420, Adv: 0.0004) | Train Acc: 0.9754 | Val Acc: 0.5917 | Val P/R/F1 (Macro): 0.6069/0.6499/0.5818 | LR: 0.000001
Epoch [52/100] | Loss: 0.8078 (Cls: 0.8095, TAL: -0.0289, Adv: 0.0003) | Train Acc: 0.9754 | Val Acc: 0.6333 | Val P/R/F1 (Macro): 0.6430/0.6764/0.6160 | LR: 0.000001
Epoch [53/100] | Loss: 0.8143 (Cls: 0.8150, TAL: -0.0128, Adv: 0.0003) | Train Acc: 0.9821 | Val Acc: 0.5667 | Val P/R/F1 (Macro): 0.6583/0.6443/0.5920 | LR: 0.000001
Epoch [54/100] | Loss: 0.8227 (Cls: 0.8202, TAL: 0.0415, Adv: 0.0002) | Train Acc: 0.9866 | Val Acc: 0.6000 | Val P/R/F1 (Macro): 0.6412/0.6517/0.5958 | LR: 0.000001
Epoch [55/100] | Loss: 0.8016 (Cls: 0.8041, TAL: -0.0421, Adv: 0.0002) | Train Acc: 0.9888 | Val Acc: 0.5917 | Val P/R/F1 (Macro): 0.6388/0.6636/0.5902 | LR: 0.000001
Epoch [56/100] | Loss: 0.7945 (Cls: 0.7941, TAL: 0.0068, Adv: 0.0002) | Train Acc: 0.9821 | Val Acc: 0.6583 | Val P/R/F1 (Macro): 0.6229/0.7112/0.6328 | LR: 0.000001
Epoch [57/100] | Loss: 0.7955 (Cls: 0.7947, TAL: 0.0128, Adv: 0.0002) | Train Acc: 0.9888 | Val Acc: 0.6333 | Val P/R/F1 (Macro): 0.6208/0.6801/0.6146 | LR: 0.000001
Epoch [58/100] | Loss: 0.7865 (Cls: 0.7857, TAL: 0.0116, Adv: 0.0002) | Train Acc: 0.9821 | Val Acc: 0.5917 | Val P/R/F1 (Macro): 0.6263/0.6742/0.6006 | LR: 0.000001
Epoch [59/100] | Loss: 0.7850 (Cls: 0.7853, TAL: -0.0050, Adv: 0.0002) | Train Acc: 0.9911 | Val Acc: 0.6667 | Val P/R/F1 (Macro): 0.6247/0.7142/0.6370 | LR: 0.000001
  >>> New Best Val Acc: 0.6667
Epoch [60/100] | Loss: 0.7791 (Cls: 0.7781, TAL: 0.0161, Adv: 0.0002) | Train Acc: 0.9933 | Val Acc: 0.6167 | Val P/R/F1 (Macro): 0.6486/0.6697/0.6193 | LR: 0.000001
Epoch [61/100] | Loss: 0.7869 (Cls: 0.7883, TAL: -0.0236, Adv: 0.0003) | Train Acc: 0.9888 | Val Acc: 0.6167 | Val P/R/F1 (Macro): 0.6240/0.6614/0.6070 | LR: 0.000001
Epoch [62/100] | Loss: 0.7719 (Cls: 0.7737, TAL: -0.0300, Adv: 0.0002) | Train Acc: 0.9933 | Val Acc: 0.6333 | Val P/R/F1 (Macro): 0.6456/0.6884/0.6326 | LR: 0.000001
Epoch [63/100] | Loss: 0.7820 (Cls: 0.7815, TAL: 0.0066, Adv: 0.0002) | Train Acc: 0.9888 | Val Acc: 0.6083 | Val P/R/F1 (Macro): 0.7219/0.6774/0.6452 | LR: 0.000001
Epoch [64/100] | Loss: 0.7836 (Cls: 0.7841, TAL: -0.0087, Adv: 0.0002) | Train Acc: 0.9933 | Val Acc: 0.6333 | Val P/R/F1 (Macro): 0.6658/0.7085/0.6364 | LR: 0.000001
Epoch [65/100] | Loss: 0.7730 (Cls: 0.7764, TAL: -0.0563, Adv: 0.0002) | Train Acc: 0.9888 | Val Acc: 0.6167 | Val P/R/F1 (Macro): 0.6709/0.6714/0.6238 | LR: 0.000001
Epoch [66/100] | Loss: 0.7632 (Cls: 0.7639, TAL: -0.0121, Adv: 0.0002) | Train Acc: 0.9933 | Val Acc: 0.6417 | Val P/R/F1 (Macro): 0.6414/0.6805/0.6170 | LR: 0.000001
Epoch [67/100] | Loss: 0.7857 (Cls: 0.7841, TAL: 0.0259, Adv: 0.0002) | Train Acc: 0.9933 | Val Acc: 0.6500 | Val P/R/F1 (Macro): 0.6471/0.6938/0.6367 | LR: 0.000001
Epoch [68/100] | Loss: 0.7650 (Cls: 0.7644, TAL: 0.0102, Adv: 0.0002) | Train Acc: 0.9888 | Val Acc: 0.6583 | Val P/R/F1 (Macro): 0.6394/0.6986/0.6376 | LR: 0.000001
Epoch [69/100] | Loss: 0.7870 (Cls: 0.7877, TAL: -0.0108, Adv: 0.0002) | Train Acc: 0.9955 | Val Acc: 0.6083 | Val P/R/F1 (Macro): 0.5928/0.6583/0.5786 | LR: 0.000001
Epoch [70/100] | Loss: 0.7767 (Cls: 0.7782, TAL: -0.0255, Adv: 0.0002) | Train Acc: 0.9911 | Val Acc: 0.5833 | Val P/R/F1 (Macro): 0.6177/0.6600/0.5967 | LR: 0.000001
Epoch [71/100] | Loss: 0.7921 (Cls: 0.7920, TAL: 0.0017, Adv: 0.0001) | Train Acc: 0.9844 | Val Acc: 0.6417 | Val P/R/F1 (Macro): 0.6211/0.6837/0.6178 | LR: 0.000001
Epoch [72/100] | Loss: 0.7728 (Cls: 0.7716, TAL: 0.0200, Adv: 0.0001) | Train Acc: 0.9955 | Val Acc: 0.5750 | Val P/R/F1 (Macro): 0.6107/0.6570/0.5917 | LR: 0.000001
Epoch [73/100] | Loss: 0.7672 (Cls: 0.7680, TAL: -0.0132, Adv: 0.0002) | Train Acc: 1.0000 | Val Acc: 0.6083 | Val P/R/F1 (Macro): 0.6056/0.6709/0.5995 | LR: 0.000001
Epoch [74/100] | Loss: 0.7739 (Cls: 0.7742, TAL: -0.0057, Adv: 0.0002) | Train Acc: 0.9978 | Val Acc: 0.6250 | Val P/R/F1 (Macro): 0.6131/0.6770/0.6093 | LR: 0.000001
Epoch [75/100] | Loss: 0.7584 (Cls: 0.7581, TAL: 0.0045, Adv: 0.0002) | Train Acc: 0.9955 | Val Acc: 0.6417 | Val P/R/F1 (Macro): 0.6093/0.6831/0.6116 | LR: 0.000001
Epoch [76/100] | Loss: 0.7731 (Cls: 0.7723, TAL: 0.0130, Adv: 0.0002) | Train Acc: 0.9955 | Val Acc: 0.6333 | Val P/R/F1 (Macro): 0.6325/0.6801/0.6255 | LR: 0.000001
Epoch [77/100] | Loss: 0.7833 (Cls: 0.7842, TAL: -0.0159, Adv: 0.0001) | Train Acc: 0.9955 | Val Acc: 0.6417 | Val P/R/F1 (Macro): 0.6354/0.6831/0.6303 | LR: 0.000001
Epoch [78/100] | Loss: 0.7697 (Cls: 0.7687, TAL: 0.0164, Adv: 0.0002) | Train Acc: 0.9955 | Val Acc: 0.6500 | Val P/R/F1 (Macro): 0.6291/0.6862/0.6294 | LR: 0.000001
Epoch [79/100] | Loss: 0.7792 (Cls: 0.7781, TAL: 0.0187, Adv: 0.0001) | Train Acc: 0.9888 | Val Acc: 0.6500 | Val P/R/F1 (Macro): 0.6245/0.6862/0.6246 | LR: 0.000001
Epoch [80/100] | Loss: 0.7750 (Cls: 0.7779, TAL: -0.0479, Adv: 0.0001) | Train Acc: 0.9933 | Val Acc: 0.6667 | Val P/R/F1 (Macro): 0.6405/0.7006/0.6408 | LR: 0.000001
Epoch [81/100] | Loss: 0.7629 (Cls: 0.7631, TAL: -0.0030, Adv: 0.0002) | Train Acc: 0.9978 | Val Acc: 0.6500 | Val P/R/F1 (Macro): 0.6385/0.6862/0.6351 | LR: 0.000001
Epoch [82/100] | Loss: 0.7784 (Cls: 0.7790, TAL: -0.0101, Adv: 0.0001) | Train Acc: 0.9933 | Val Acc: 0.6500 | Val P/R/F1 (Macro): 0.6290/0.6862/0.6249 | LR: 0.000001
Epoch [83/100] | Loss: 0.7742 (Cls: 0.7758, TAL: -0.0274, Adv: 0.0001) | Train Acc: 0.9933 | Val Acc: 0.6500 | Val P/R/F1 (Macro): 0.6566/0.6862/0.6424 | LR: 0.000001
Epoch [84/100] | Loss: 0.7737 (Cls: 0.7744, TAL: -0.0126, Adv: 0.0001) | Train Acc: 1.0000 | Val Acc: 0.6500 | Val P/R/F1 (Macro): 0.6582/0.6945/0.6440 | LR: 0.000001
Epoch [85/100] | Loss: 0.7701 (Cls: 0.7688, TAL: 0.0223, Adv: 0.0001) | Train Acc: 0.9955 | Val Acc: 0.6250 | Val P/R/F1 (Macro): 0.6345/0.6728/0.6177 | LR: 0.000001
Epoch [86/100] | Loss: 0.7658 (Cls: 0.7655, TAL: 0.0056, Adv: 0.0001) | Train Acc: 0.9978 | Val Acc: 0.6083 | Val P/R/F1 (Macro): 0.6147/0.6709/0.6069 | LR: 0.000001
Epoch [87/100] | Loss: 0.7680 (Cls: 0.7676, TAL: 0.0061, Adv: 0.0001) | Train Acc: 1.0000 | Val Acc: 0.6417 | Val P/R/F1 (Macro): 0.6133/0.6855/0.6144 | LR: 0.000001
Epoch [88/100] | Loss: 0.7609 (Cls: 0.7630, TAL: -0.0348, Adv: 0.0001) | Train Acc: 0.9955 | Val Acc: 0.6583 | Val P/R/F1 (Macro): 0.6359/0.6975/0.6358 | LR: 0.000001
Epoch [89/100] | Loss: 0.7614 (Cls: 0.7613, TAL: 0.0007, Adv: 0.0001) | Train Acc: 1.0000 | Val Acc: 0.6583 | Val P/R/F1 (Macro): 0.6402/0.6892/0.6387 | LR: 0.000001
Epoch [90/100] | Loss: 0.7648 (Cls: 0.7667, TAL: -0.0315, Adv: 0.0001) | Train Acc: 1.0000 | Val Acc: 0.6333 | Val P/R/F1 (Macro): 0.6335/0.6783/0.6252 | LR: 0.000001
Epoch [91/100] | Loss: 0.7635 (Cls: 0.7632, TAL: 0.0053, Adv: 0.0001) | Train Acc: 0.9955 | Val Acc: 0.6333 | Val P/R/F1 (Macro): 0.6325/0.6801/0.6255 | LR: 0.000001
Epoch [92/100] | Loss: 0.7612 (Cls: 0.7615, TAL: -0.0058, Adv: 0.0001) | Train Acc: 0.9933 | Val Acc: 0.6583 | Val P/R/F1 (Macro): 0.6402/0.6892/0.6387 | LR: 0.000001
Epoch [93/100] | Loss: 0.7670 (Cls: 0.7673, TAL: -0.0041, Adv: 0.0001) | Train Acc: 0.9911 | Val Acc: 0.6333 | Val P/R/F1 (Macro): 0.6185/0.6801/0.6145 | LR: 0.000001
Epoch [94/100] | Loss: 0.7678 (Cls: 0.7670, TAL: 0.0141, Adv: 0.0001) | Train Acc: 0.9955 | Val Acc: 0.6000 | Val P/R/F1 (Macro): 0.6008/0.6679/0.5915 | LR: 0.000001
Epoch [95/100] | Loss: 0.7675 (Cls: 0.7666, TAL: 0.0136, Adv: 0.0001) | Train Acc: 0.9955 | Val Acc: 0.6500 | Val P/R/F1 (Macro): 0.6403/0.6862/0.6357 | LR: 0.000001
Epoch [96/100] | Loss: 0.7637 (Cls: 0.7643, TAL: -0.0105, Adv: 0.0001) | Train Acc: 0.9933 | Val Acc: 0.6250 | Val P/R/F1 (Macro): 0.6089/0.6770/0.6059 | LR: 0.000001
Epoch [97/100] | Loss: 0.7777 (Cls: 0.7770, TAL: 0.0109, Adv: 0.0001) | Train Acc: 0.9911 | Val Acc: 0.6500 | Val P/R/F1 (Macro): 0.6225/0.6862/0.6235 | LR: 0.000001
Epoch [98/100] | Loss: 0.7668 (Cls: 0.7680, TAL: -0.0207, Adv: 0.0001) | Train Acc: 0.9933 | Val Acc: 0.6333 | Val P/R/F1 (Macro): 0.6325/0.6801/0.6255 | LR: 0.000001
Epoch [99/100] | Loss: 0.7705 (Cls: 0.7710, TAL: -0.0089, Adv: 0.0001) | Train Acc: 0.9955 | Val Acc: 0.6500 | Val P/R/F1 (Macro): 0.6210/0.6862/0.6227 | LR: 0.000001
Epoch [100/100] | Loss: 0.7682 (Cls: 0.7719, TAL: -0.0617, Adv: 0.0001) | Train Acc: 0.9955 | Val Acc: 0.6583 | Val P/R/F1 (Macro): 0.6401/0.6892/0.6391 | LR: 0.000001
Report strategy: last_window, window=10, reported_acc=0.6392, best_acc=0.6667

迭代 3 报告指标:
  Accuracy: 0.6392
  Precision (Macro): 0.6257
  Recall (Macro): 0.6822
  F1 (Macro): 0.6223
  Precision (Micro): 0.6392
  Recall (Micro): 0.6392
  F1 (Micro): 0.6392
  Val class coverage: 8/14 (0.5714), samples=120

================================================================================
迭代 4/5
随机种子: 45
================================================================================
Training mode: unpaired target adaptation with controlled target-label loss (ratio=0.10, weight=0.20).
Fixed labeled target subset: 46/465 samples.
Feature fusion: Tensor alignment (512+512 -> 128+128); fused_dim=256
Domain adaptation: standard source-target adversarial training, no generator
Loss weights: tensor=0.06, adv=0.06
Epoch [1/100] | Loss: 3.2833 (Cls: 3.2633, TAL: -0.1488, Adv: 0.4821) | Train Acc: 0.1808 | Val Acc: 0.3583 | Val P/R/F1 (Macro): 0.1271/0.1359/0.0841 | LR: 0.000005
  >>> New Best Val Acc: 0.3583
Epoch [2/100] | Loss: 2.3756 (Cls: 2.3844, TAL: -0.2457, Adv: 0.0988) | Train Acc: 0.4196 | Val Acc: 0.4917 | Val P/R/F1 (Macro): 0.1770/0.2454/0.2001 | LR: 0.000005
  >>> New Best Val Acc: 0.4917
Epoch [3/100] | Loss: 2.1584 (Cls: 2.1631, TAL: -0.1014, Adv: 0.0234) | Train Acc: 0.5134 | Val Acc: 0.2917 | Val P/R/F1 (Macro): 0.2541/0.2549/0.1737 | LR: 0.000005
Epoch [4/100] | Loss: 1.8373 (Cls: 1.8408, TAL: -0.0663, Adv: 0.0081) | Train Acc: 0.6272 | Val Acc: 0.4583 | Val P/R/F1 (Macro): 0.2195/0.2871/0.2399 | LR: 0.000005
Epoch [5/100] | Loss: 1.7648 (Cls: 1.7723, TAL: -0.1283, Adv: 0.0037) | Train Acc: 0.6161 | Val Acc: 0.3833 | Val P/R/F1 (Macro): 0.1504/0.2077/0.1659 | LR: 0.000005
Epoch [6/100] | Loss: 1.5884 (Cls: 1.5922, TAL: -0.0649, Adv: 0.0023) | Train Acc: 0.7009 | Val Acc: 0.3917 | Val P/R/F1 (Macro): 0.2794/0.3146/0.2378 | LR: 0.000005
Epoch [7/100] | Loss: 1.4405 (Cls: 1.4433, TAL: -0.0483, Adv: 0.0021) | Train Acc: 0.7656 | Val Acc: 0.5333 | Val P/R/F1 (Macro): 0.3621/0.3379/0.3163 | LR: 0.000005
  >>> New Best Val Acc: 0.5333
Epoch [8/100] | Loss: 1.2958 (Cls: 1.3002, TAL: -0.0759, Adv: 0.0014) | Train Acc: 0.8281 | Val Acc: 0.4250 | Val P/R/F1 (Macro): 0.2964/0.3416/0.2747 | LR: 0.000005
Epoch [9/100] | Loss: 1.1813 (Cls: 1.1838, TAL: -0.0429, Adv: 0.0018) | Train Acc: 0.8214 | Val Acc: 0.5417 | Val P/R/F1 (Macro): 0.3216/0.3600/0.3106 | LR: 0.000005
  >>> New Best Val Acc: 0.5417
Epoch [10/100] | Loss: 1.1706 (Cls: 1.1776, TAL: -0.1193, Adv: 0.0019) | Train Acc: 0.8638 | Val Acc: 0.4083 | Val P/R/F1 (Macro): 0.2635/0.3046/0.2503 | LR: 0.000005
Epoch [11/100] | Loss: 1.1854 (Cls: 1.1871, TAL: -0.0300, Adv: 0.0017) | Train Acc: 0.8683 | Val Acc: 0.7000 | Val P/R/F1 (Macro): 0.4803/0.4792/0.4548 | LR: 0.000005
  >>> New Best Val Acc: 0.7000
Epoch [12/100] | Loss: 1.0961 (Cls: 1.0963, TAL: -0.0047, Adv: 0.0025) | Train Acc: 0.8728 | Val Acc: 0.3750 | Val P/R/F1 (Macro): 0.3928/0.2618/0.2443 | LR: 0.000005
Epoch [13/100] | Loss: 1.0066 (Cls: 1.0067, TAL: -0.0031, Adv: 0.0022) | Train Acc: 0.9174 | Val Acc: 0.7250 | Val P/R/F1 (Macro): 0.5615/0.5529/0.5209 | LR: 0.000005
  >>> New Best Val Acc: 0.7250
Epoch [14/100] | Loss: 1.0321 (Cls: 1.0319, TAL: 0.0018, Adv: 0.0018) | Train Acc: 0.9286 | Val Acc: 0.7083 | Val P/R/F1 (Macro): 0.3844/0.4593/0.4110 | LR: 0.000005
Epoch [15/100] | Loss: 0.9753 (Cls: 0.9721, TAL: 0.0505, Adv: 0.0029) | Train Acc: 0.9286 | Val Acc: 0.5500 | Val P/R/F1 (Macro): 0.3294/0.3888/0.3111 | LR: 0.000005
Epoch [16/100] | Loss: 0.9728 (Cls: 0.9685, TAL: 0.0700, Adv: 0.0016) | Train Acc: 0.9420 | Val Acc: 0.7083 | Val P/R/F1 (Macro): 0.7151/0.5898/0.6100 | LR: 0.000005
Epoch [17/100] | Loss: 0.9723 (Cls: 0.9701, TAL: 0.0339, Adv: 0.0023) | Train Acc: 0.9308 | Val Acc: 0.6250 | Val P/R/F1 (Macro): 0.5496/0.5464/0.5036 | LR: 0.000005
Epoch [18/100] | Loss: 0.9826 (Cls: 0.9843, TAL: -0.0314, Adv: 0.0027) | Train Acc: 0.9219 | Val Acc: 0.6750 | Val P/R/F1 (Macro): 0.5769/0.5379/0.5360 | LR: 0.000005
Epoch [19/100] | Loss: 0.8784 (Cls: 0.8793, TAL: -0.0162, Adv: 0.0022) | Train Acc: 0.9598 | Val Acc: 0.6917 | Val P/R/F1 (Macro): 0.5758/0.4966/0.4998 | LR: 0.000005
Epoch [20/100] | Loss: 0.9464 (Cls: 0.9467, TAL: -0.0073, Adv: 0.0020) | Train Acc: 0.9397 | Val Acc: 0.5833 | Val P/R/F1 (Macro): 0.4491/0.4277/0.3986 | LR: 0.000005
Epoch [21/100] | Loss: 0.9477 (Cls: 0.9506, TAL: -0.0505, Adv: 0.0023) | Train Acc: 0.9353 | Val Acc: 0.7500 | Val P/R/F1 (Macro): 0.6391/0.6088/0.6123 | LR: 0.000005
  >>> New Best Val Acc: 0.7500
Epoch [22/100] | Loss: 0.8967 (Cls: 0.8967, TAL: -0.0018, Adv: 0.0016) | Train Acc: 0.9643 | Val Acc: 0.7833 | Val P/R/F1 (Macro): 0.7753/0.6053/0.6258 | LR: 0.000005
  >>> New Best Val Acc: 0.7833
Epoch [23/100] | Loss: 0.9090 (Cls: 0.9088, TAL: 0.0009, Adv: 0.0010) | Train Acc: 0.9487 | Val Acc: 0.8167 | Val P/R/F1 (Macro): 0.7374/0.6614/0.6754 | LR: 0.000005
  >>> New Best Val Acc: 0.8167
Epoch [24/100] | Loss: 0.8894 (Cls: 0.8869, TAL: 0.0398, Adv: 0.0013) | Train Acc: 0.9598 | Val Acc: 0.7667 | Val P/R/F1 (Macro): 0.6384/0.6142/0.6144 | LR: 0.000005
Epoch [25/100] | Loss: 0.9299 (Cls: 0.9281, TAL: 0.0291, Adv: 0.0010) | Train Acc: 0.9286 | Val Acc: 0.7833 | Val P/R/F1 (Macro): 0.6624/0.5835/0.5895 | LR: 0.000005
Epoch [26/100] | Loss: 0.9112 (Cls: 0.9110, TAL: 0.0028, Adv: 0.0007) | Train Acc: 0.9621 | Val Acc: 0.8250 | Val P/R/F1 (Macro): 0.7092/0.6938/0.6902 | LR: 0.000005
  >>> New Best Val Acc: 0.8250
Epoch [27/100] | Loss: 0.8971 (Cls: 0.9001, TAL: -0.0528, Adv: 0.0016) | Train Acc: 0.9531 | Val Acc: 0.7917 | Val P/R/F1 (Macro): 0.7706/0.5664/0.6125 | LR: 0.000005
Epoch [28/100] | Loss: 0.8415 (Cls: 0.8441, TAL: -0.0441, Adv: 0.0005) | Train Acc: 0.9821 | Val Acc: 0.7667 | Val P/R/F1 (Macro): 0.5822/0.5643/0.5504 | LR: 0.000005
Epoch [29/100] | Loss: 0.8547 (Cls: 0.8544, TAL: 0.0028, Adv: 0.0011) | Train Acc: 0.9621 | Val Acc: 0.7667 | Val P/R/F1 (Macro): 0.7066/0.7234/0.6998 | LR: 0.000005
Epoch [30/100] | Loss: 0.8411 (Cls: 0.8410, TAL: 0.0000, Adv: 0.0008) | Train Acc: 0.9710 | Val Acc: 0.6583 | Val P/R/F1 (Macro): 0.5224/0.5241/0.4977 | LR: 0.000005
Epoch [31/100] | Loss: 0.8301 (Cls: 0.8309, TAL: -0.0163, Adv: 0.0034) | Train Acc: 0.9821 | Val Acc: 0.8000 | Val P/R/F1 (Macro): 0.7359/0.6924/0.6938 | LR: 0.000005
Epoch [32/100] | Loss: 0.8488 (Cls: 0.8504, TAL: -0.0271, Adv: 0.0006) | Train Acc: 0.9754 | Val Acc: 0.7750 | Val P/R/F1 (Macro): 0.8063/0.6213/0.6507 | LR: 0.000005
Epoch [33/100] | Loss: 0.8072 (Cls: 0.8088, TAL: -0.0272, Adv: 0.0008) | Train Acc: 0.9821 | Val Acc: 0.7583 | Val P/R/F1 (Macro): 0.7967/0.6681/0.6892 | LR: 0.000005
Epoch [34/100] | Loss: 0.8455 (Cls: 0.8455, TAL: -0.0009, Adv: 0.0010) | Train Acc: 0.9688 | Val Acc: 0.7250 | Val P/R/F1 (Macro): 0.7382/0.6600/0.6740 | LR: 0.000005
Epoch [35/100] | Loss: 0.8349 (Cls: 0.8315, TAL: 0.0557, Adv: 0.0005) | Train Acc: 0.9710 | Val Acc: 0.7417 | Val P/R/F1 (Macro): 0.8020/0.6566/0.6976 | LR: 0.000005
Epoch [36/100] | Loss: 0.8276 (Cls: 0.8248, TAL: 0.0460, Adv: 0.0005) | Train Acc: 0.9754 | Val Acc: 0.7333 | Val P/R/F1 (Macro): 0.6949/0.6121/0.6180 | LR: 0.000005
Epoch [37/100] | Loss: 0.8186 (Cls: 0.8135, TAL: 0.0846, Adv: 0.0006) | Train Acc: 0.9799 | Val Acc: 0.7083 | Val P/R/F1 (Macro): 0.7235/0.6324/0.6458 | LR: 0.000003
Epoch [38/100] | Loss: 0.8044 (Cls: 0.7979, TAL: 0.1070, Adv: 0.0015) | Train Acc: 0.9911 | Val Acc: 0.8167 | Val P/R/F1 (Macro): 0.7750/0.6876/0.7207 | LR: 0.000003
Epoch [39/100] | Loss: 0.8034 (Cls: 0.8011, TAL: 0.0365, Adv: 0.0020) | Train Acc: 0.9844 | Val Acc: 0.7917 | Val P/R/F1 (Macro): 0.7440/0.6434/0.6813 | LR: 0.000003
Epoch [40/100] | Loss: 0.7939 (Cls: 0.7907, TAL: 0.0530, Adv: 0.0009) | Train Acc: 0.9799 | Val Acc: 0.7833 | Val P/R/F1 (Macro): 0.8083/0.7462/0.7563 | LR: 0.000003
Epoch [41/100] | Loss: 0.7813 (Cls: 0.7779, TAL: 0.0531, Adv: 0.0027) | Train Acc: 0.9933 | Val Acc: 0.8083 | Val P/R/F1 (Macro): 0.8494/0.7140/0.7450 | LR: 0.000003
Epoch [42/100] | Loss: 0.7901 (Cls: 0.7878, TAL: 0.0378, Adv: 0.0004) | Train Acc: 0.9866 | Val Acc: 0.8333 | Val P/R/F1 (Macro): 0.7829/0.7062/0.7350 | LR: 0.000003
  >>> New Best Val Acc: 0.8333
Epoch [43/100] | Loss: 0.7978 (Cls: 0.7965, TAL: 0.0207, Adv: 0.0007) | Train Acc: 0.9866 | Val Acc: 0.8167 | Val P/R/F1 (Macro): 0.8013/0.7226/0.7415 | LR: 0.000003
Epoch [44/100] | Loss: 0.7826 (Cls: 0.7797, TAL: 0.0473, Adv: 0.0006) | Train Acc: 0.9911 | Val Acc: 0.8083 | Val P/R/F1 (Macro): 0.7722/0.7415/0.7393 | LR: 0.000003
Epoch [45/100] | Loss: 0.8010 (Cls: 0.7980, TAL: 0.0489, Adv: 0.0006) | Train Acc: 0.9821 | Val Acc: 0.8250 | Val P/R/F1 (Macro): 0.7511/0.7324/0.7339 | LR: 0.000003
Epoch [46/100] | Loss: 0.7943 (Cls: 0.7891, TAL: 0.0864, Adv: 0.0012) | Train Acc: 0.9866 | Val Acc: 0.8583 | Val P/R/F1 (Macro): 0.7944/0.7392/0.7582 | LR: 0.000003
  >>> New Best Val Acc: 0.8583
Epoch [47/100] | Loss: 0.7838 (Cls: 0.7812, TAL: 0.0437, Adv: 0.0004) | Train Acc: 0.9821 | Val Acc: 0.8750 | Val P/R/F1 (Macro): 0.8612/0.7464/0.7831 | LR: 0.000003
  >>> New Best Val Acc: 0.8750
Epoch [48/100] | Loss: 0.7714 (Cls: 0.7718, TAL: -0.0075, Adv: 0.0003) | Train Acc: 0.9955 | Val Acc: 0.8667 | Val P/R/F1 (Macro): 0.8848/0.7880/0.8125 | LR: 0.000003
Epoch [49/100] | Loss: 0.7833 (Cls: 0.7803, TAL: 0.0478, Adv: 0.0009) | Train Acc: 0.9844 | Val Acc: 0.8417 | Val P/R/F1 (Macro): 0.8086/0.7462/0.7652 | LR: 0.000003
Epoch [50/100] | Loss: 0.7657 (Cls: 0.7634, TAL: 0.0385, Adv: 0.0007) | Train Acc: 0.9978 | Val Acc: 0.8583 | Val P/R/F1 (Macro): 0.9013/0.7666/0.7957 | LR: 0.000003
Epoch [51/100] | Loss: 0.7870 (Cls: 0.7858, TAL: 0.0201, Adv: 0.0003) | Train Acc: 0.9866 | Val Acc: 0.8667 | Val P/R/F1 (Macro): 0.8529/0.8219/0.8152 | LR: 0.000003
Epoch [52/100] | Loss: 0.7663 (Cls: 0.7627, TAL: 0.0578, Adv: 0.0011) | Train Acc: 0.9955 | Val Acc: 0.8500 | Val P/R/F1 (Macro): 0.8364/0.8306/0.7926 | LR: 0.000003
Epoch [53/100] | Loss: 0.7664 (Cls: 0.7629, TAL: 0.0574, Adv: 0.0008) | Train Acc: 1.0000 | Val Acc: 0.8250 | Val P/R/F1 (Macro): 0.8113/0.7839/0.7761 | LR: 0.000003
Epoch [54/100] | Loss: 0.7788 (Cls: 0.7757, TAL: 0.0499, Adv: 0.0005) | Train Acc: 0.9866 | Val Acc: 0.8167 | Val P/R/F1 (Macro): 0.7964/0.7398/0.7579 | LR: 0.000003
Epoch [55/100] | Loss: 0.7684 (Cls: 0.7668, TAL: 0.0276, Adv: 0.0003) | Train Acc: 0.9955 | Val Acc: 0.8417 | Val P/R/F1 (Macro): 0.8060/0.7379/0.7607 | LR: 0.000003
Epoch [56/100] | Loss: 0.7701 (Cls: 0.7684, TAL: 0.0275, Adv: 0.0003) | Train Acc: 0.9911 | Val Acc: 0.8417 | Val P/R/F1 (Macro): 0.8030/0.7462/0.7618 | LR: 0.000003
Epoch [57/100] | Loss: 0.7675 (Cls: 0.7656, TAL: 0.0326, Adv: 0.0002) | Train Acc: 0.9978 | Val Acc: 0.8583 | Val P/R/F1 (Macro): 0.8393/0.7909/0.8055 | LR: 0.000003
Epoch [58/100] | Loss: 0.7481 (Cls: 0.7472, TAL: 0.0149, Adv: 0.0003) | Train Acc: 0.9978 | Val Acc: 0.8083 | Val P/R/F1 (Macro): 0.7955/0.7447/0.7493 | LR: 0.000001
Epoch [59/100] | Loss: 0.7700 (Cls: 0.7682, TAL: 0.0286, Adv: 0.0002) | Train Acc: 0.9911 | Val Acc: 0.8417 | Val P/R/F1 (Macro): 0.7968/0.7403/0.7553 | LR: 0.000001
Epoch [60/100] | Loss: 0.7553 (Cls: 0.7552, TAL: 0.0018, Adv: 0.0003) | Train Acc: 0.9955 | Val Acc: 0.8750 | Val P/R/F1 (Macro): 0.9085/0.7828/0.8168 | LR: 0.000001
Epoch [61/100] | Loss: 0.7359 (Cls: 0.7340, TAL: 0.0283, Adv: 0.0034) | Train Acc: 1.0000 | Val Acc: 0.8833 | Val P/R/F1 (Macro): 0.9150/0.7941/0.8269 | LR: 0.000001
  >>> New Best Val Acc: 0.8833
Epoch [62/100] | Loss: 0.7504 (Cls: 0.7468, TAL: 0.0593, Adv: 0.0004) | Train Acc: 1.0000 | Val Acc: 0.8833 | Val P/R/F1 (Macro): 0.9132/0.7941/0.8260 | LR: 0.000001
Epoch [63/100] | Loss: 0.7522 (Cls: 0.7484, TAL: 0.0618, Adv: 0.0004) | Train Acc: 0.9955 | Val Acc: 0.8583 | Val P/R/F1 (Macro): 0.8352/0.7357/0.7713 | LR: 0.000001
Epoch [64/100] | Loss: 0.7471 (Cls: 0.7446, TAL: 0.0414, Adv: 0.0004) | Train Acc: 1.0000 | Val Acc: 0.8583 | Val P/R/F1 (Macro): 0.8176/0.7464/0.7702 | LR: 0.000001
Epoch [65/100] | Loss: 0.7307 (Cls: 0.7288, TAL: 0.0307, Adv: 0.0004) | Train Acc: 0.9978 | Val Acc: 0.8667 | Val P/R/F1 (Macro): 0.8508/0.7856/0.8093 | LR: 0.000001
Epoch [66/100] | Loss: 0.7660 (Cls: 0.7636, TAL: 0.0394, Adv: 0.0003) | Train Acc: 0.9955 | Val Acc: 0.8667 | Val P/R/F1 (Macro): 0.8472/0.7797/0.8037 | LR: 0.000001
Epoch [67/100] | Loss: 0.7436 (Cls: 0.7411, TAL: 0.0420, Adv: 0.0003) | Train Acc: 0.9978 | Val Acc: 0.8583 | Val P/R/F1 (Macro): 0.8425/0.7826/0.8039 | LR: 0.000001
Epoch [68/100] | Loss: 0.7471 (Cls: 0.7438, TAL: 0.0545, Adv: 0.0005) | Train Acc: 0.9955 | Val Acc: 0.8667 | Val P/R/F1 (Macro): 0.8423/0.7880/0.8058 | LR: 0.000001
Epoch [69/100] | Loss: 0.7524 (Cls: 0.7478, TAL: 0.0773, Adv: 0.0002) | Train Acc: 1.0000 | Val Acc: 0.8667 | Val P/R/F1 (Macro): 0.9000/0.7744/0.7979 | LR: 0.000001
Epoch [70/100] | Loss: 0.7569 (Cls: 0.7533, TAL: 0.0593, Adv: 0.0002) | Train Acc: 0.9911 | Val Acc: 0.8417 | Val P/R/F1 (Macro): 0.8040/0.7396/0.7595 | LR: 0.000001
Epoch [71/100] | Loss: 0.7423 (Cls: 0.7394, TAL: 0.0490, Adv: 0.0001) | Train Acc: 0.9911 | Val Acc: 0.8500 | Val P/R/F1 (Macro): 0.8329/0.7795/0.7968 | LR: 0.000001
Epoch [72/100] | Loss: 0.7499 (Cls: 0.7472, TAL: 0.0460, Adv: 0.0001) | Train Acc: 1.0000 | Val Acc: 0.8583 | Val P/R/F1 (Macro): 0.8426/0.7844/0.8037 | LR: 0.000001
Epoch [73/100] | Loss: 0.7499 (Cls: 0.7476, TAL: 0.0392, Adv: 0.0005) | Train Acc: 0.9978 | Val Acc: 0.8583 | Val P/R/F1 (Macro): 0.8426/0.7844/0.8037 | LR: 0.000001
Epoch [74/100] | Loss: 0.7349 (Cls: 0.7335, TAL: 0.0240, Adv: 0.0002) | Train Acc: 0.9978 | Val Acc: 0.8500 | Val P/R/F1 (Macro): 0.8359/0.7813/0.7986 | LR: 0.000001
Epoch [75/100] | Loss: 0.7486 (Cls: 0.7476, TAL: 0.0155, Adv: 0.0002) | Train Acc: 0.9978 | Val Acc: 0.8250 | Val P/R/F1 (Macro): 0.7921/0.7318/0.7497 | LR: 0.000001
Epoch [76/100] | Loss: 0.7408 (Cls: 0.7396, TAL: 0.0187, Adv: 0.0004) | Train Acc: 0.9978 | Val Acc: 0.8333 | Val P/R/F1 (Macro): 0.7968/0.7366/0.7539 | LR: 0.000001
Epoch [77/100] | Loss: 0.7279 (Cls: 0.7262, TAL: 0.0281, Adv: 0.0002) | Train Acc: 1.0000 | Val Acc: 0.8417 | Val P/R/F1 (Macro): 0.8178/0.7379/0.7640 | LR: 0.000001
Epoch [78/100] | Loss: 0.7296 (Cls: 0.7270, TAL: 0.0431, Adv: 0.0003) | Train Acc: 0.9978 | Val Acc: 0.8500 | Val P/R/F1 (Macro): 0.8329/0.7795/0.7968 | LR: 0.000001
Epoch [79/100] | Loss: 0.7411 (Cls: 0.7372, TAL: 0.0656, Adv: 0.0001) | Train Acc: 1.0000 | Val Acc: 0.8750 | Val P/R/F1 (Macro): 0.8452/0.7928/0.8099 | LR: 0.000001
Epoch [80/100] | Loss: 0.7484 (Cls: 0.7481, TAL: 0.0061, Adv: 0.0004) | Train Acc: 0.9955 | Val Acc: 0.8583 | Val P/R/F1 (Macro): 0.8361/0.7844/0.8005 | LR: 0.000001
Epoch [81/100] | Loss: 0.7374 (Cls: 0.7349, TAL: 0.0425, Adv: 0.0002) | Train Acc: 0.9978 | Val Acc: 0.8583 | Val P/R/F1 (Macro): 0.8321/0.7440/0.7750 | LR: 0.000001
Epoch [82/100] | Loss: 0.7508 (Cls: 0.7474, TAL: 0.0560, Adv: 0.0002) | Train Acc: 0.9978 | Val Acc: 0.8500 | Val P/R/F1 (Macro): 0.8239/0.7427/0.7695 | LR: 0.000001
Epoch [83/100] | Loss: 0.7380 (Cls: 0.7367, TAL: 0.0210, Adv: 0.0002) | Train Acc: 1.0000 | Val Acc: 0.8583 | Val P/R/F1 (Macro): 0.8387/0.7844/0.8019 | LR: 0.000001
Epoch [84/100] | Loss: 0.7459 (Cls: 0.7449, TAL: 0.0165, Adv: 0.0001) | Train Acc: 0.9978 | Val Acc: 0.8417 | Val P/R/F1 (Macro): 0.8273/0.7765/0.7919 | LR: 0.000001
Epoch [85/100] | Loss: 0.7426 (Cls: 0.7404, TAL: 0.0363, Adv: 0.0001) | Train Acc: 0.9978 | Val Acc: 0.8500 | Val P/R/F1 (Macro): 0.8303/0.7795/0.7953 | LR: 0.000001
Epoch [86/100] | Loss: 0.7363 (Cls: 0.7352, TAL: 0.0173, Adv: 0.0002) | Train Acc: 0.9978 | Val Acc: 0.8500 | Val P/R/F1 (Macro): 0.8316/0.7795/0.7962 | LR: 0.000001
Epoch [87/100] | Loss: 0.7382 (Cls: 0.7335, TAL: 0.0773, Adv: 0.0001) | Train Acc: 0.9978 | Val Acc: 0.8417 | Val P/R/F1 (Macro): 0.8156/0.7379/0.7627 | LR: 0.000001
Epoch [88/100] | Loss: 0.7382 (Cls: 0.7358, TAL: 0.0398, Adv: 0.0004) | Train Acc: 0.9955 | Val Acc: 0.8667 | Val P/R/F1 (Macro): 0.8406/0.7880/0.8051 | LR: 0.000001
Epoch [89/100] | Loss: 0.7245 (Cls: 0.7205, TAL: 0.0670, Adv: 0.0001) | Train Acc: 1.0000 | Val Acc: 0.8417 | Val P/R/F1 (Macro): 0.8273/0.7765/0.7919 | LR: 0.000001
Epoch [90/100] | Loss: 0.7403 (Cls: 0.7384, TAL: 0.0322, Adv: 0.0001) | Train Acc: 0.9978 | Val Acc: 0.8500 | Val P/R/F1 (Macro): 0.8326/0.7795/0.7970 | LR: 0.000001
Epoch [91/100] | Loss: 0.7251 (Cls: 0.7221, TAL: 0.0511, Adv: 0.0002) | Train Acc: 1.0000 | Val Acc: 0.8667 | Val P/R/F1 (Macro): 0.8453/0.7874/0.8071 | LR: 0.000001
Epoch [92/100] | Loss: 0.7353 (Cls: 0.7339, TAL: 0.0230, Adv: 0.0002) | Train Acc: 1.0000 | Val Acc: 0.8667 | Val P/R/F1 (Macro): 0.8471/0.7874/0.8081 | LR: 0.000001
Epoch [93/100] | Loss: 0.7412 (Cls: 0.7390, TAL: 0.0366, Adv: 0.0002) | Train Acc: 1.0000 | Val Acc: 0.8667 | Val P/R/F1 (Macro): 0.8453/0.7874/0.8071 | LR: 0.000001
Epoch [94/100] | Loss: 0.7420 (Cls: 0.7416, TAL: 0.0065, Adv: 0.0001) | Train Acc: 1.0000 | Val Acc: 0.8667 | Val P/R/F1 (Macro): 0.8471/0.7874/0.8081 | LR: 0.000001
Epoch [95/100] | Loss: 0.7383 (Cls: 0.7368, TAL: 0.0250, Adv: 0.0001) | Train Acc: 1.0000 | Val Acc: 0.8667 | Val P/R/F1 (Macro): 0.8471/0.7874/0.8081 | LR: 0.000001
Epoch [96/100] | Loss: 0.7412 (Cls: 0.7399, TAL: 0.0224, Adv: 0.0001) | Train Acc: 0.9955 | Val Acc: 0.8750 | Val P/R/F1 (Macro): 0.8503/0.7928/0.8126 | LR: 0.000001
Epoch [97/100] | Loss: 0.7437 (Cls: 0.7421, TAL: 0.0269, Adv: 0.0001) | Train Acc: 0.9978 | Val Acc: 0.8667 | Val P/R/F1 (Macro): 0.8431/0.7880/0.8064 | LR: 0.000001
Epoch [98/100] | Loss: 0.7394 (Cls: 0.7381, TAL: 0.0216, Adv: 0.0001) | Train Acc: 1.0000 | Val Acc: 0.8750 | Val P/R/F1 (Macro): 0.8503/0.7928/0.8126 | LR: 0.000001
Epoch [99/100] | Loss: 0.7470 (Cls: 0.7435, TAL: 0.0590, Adv: 0.0002) | Train Acc: 1.0000 | Val Acc: 0.8667 | Val P/R/F1 (Macro): 0.8458/0.7898/0.8082 | LR: 0.000001
Epoch [100/100] | Loss: 0.7294 (Cls: 0.7267, TAL: 0.0453, Adv: 0.0001) | Train Acc: 1.0000 | Val Acc: 0.8583 | Val P/R/F1 (Macro): 0.8387/0.7844/0.8019 | LR: 0.000001
Report strategy: last_window, window=10, reported_acc=0.8675, best_acc=0.8833

迭代 4 报告指标:
  Accuracy: 0.8675
  Precision (Macro): 0.8460
  Recall (Macro): 0.7885
  F1 (Macro): 0.8080
  Precision (Micro): 0.8675
  Recall (Micro): 0.8675
  F1 (Micro): 0.8675
  Val class coverage: 8/14 (0.5714), samples=120

================================================================================
迭代 5/5
随机种子: 46
================================================================================
Training mode: unpaired target adaptation with controlled target-label loss (ratio=0.10, weight=0.20).
Fixed labeled target subset: 46/465 samples.
Feature fusion: Tensor alignment (512+512 -> 128+128); fused_dim=256
Domain adaptation: standard source-target adversarial training, no generator
Loss weights: tensor=0.06, adv=0.06
Epoch [1/100] | Loss: 3.1339 (Cls: 3.1211, TAL: -0.2045, Adv: 0.4176) | Train Acc: 0.2232 | Val Acc: 0.2667 | Val P/R/F1 (Macro): 0.0532/0.1028/0.0696 | LR: 0.000005
  >>> New Best Val Acc: 0.2667
Epoch [2/100] | Loss: 2.4437 (Cls: 2.4523, TAL: -0.2249, Adv: 0.0815) | Train Acc: 0.3728 | Val Acc: 0.3750 | Val P/R/F1 (Macro): 0.1168/0.1442/0.0969 | LR: 0.000005
  >>> New Best Val Acc: 0.3750
Epoch [3/100] | Loss: 2.0268 (Cls: 2.0408, TAL: -0.2545, Adv: 0.0206) | Train Acc: 0.5424 | Val Acc: 0.4417 | Val P/R/F1 (Macro): 0.2979/0.2115/0.1933 | LR: 0.000005
  >>> New Best Val Acc: 0.4417
Epoch [4/100] | Loss: 1.9109 (Cls: 1.9234, TAL: -0.2183, Adv: 0.0096) | Train Acc: 0.5558 | Val Acc: 0.6750 | Val P/R/F1 (Macro): 0.4847/0.4658/0.4490 | LR: 0.000005
  >>> New Best Val Acc: 0.6750
Epoch [5/100] | Loss: 1.8299 (Cls: 1.8425, TAL: -0.2169, Adv: 0.0064) | Train Acc: 0.5781 | Val Acc: 0.5750 | Val P/R/F1 (Macro): 0.3306/0.3421/0.3075 | LR: 0.000005
Epoch [6/100] | Loss: 1.4947 (Cls: 1.5056, TAL: -0.1868, Adv: 0.0047) | Train Acc: 0.7210 | Val Acc: 0.6167 | Val P/R/F1 (Macro): 0.3242/0.3790/0.3386 | LR: 0.000005
Epoch [7/100] | Loss: 1.3905 (Cls: 1.4168, TAL: -0.4409, Adv: 0.0034) | Train Acc: 0.7522 | Val Acc: 0.6750 | Val P/R/F1 (Macro): 0.3930/0.4388/0.3778 | LR: 0.000005
Epoch [8/100] | Loss: 1.2754 (Cls: 1.2990, TAL: -0.3970, Adv: 0.0032) | Train Acc: 0.8259 | Val Acc: 0.5333 | Val P/R/F1 (Macro): 0.3959/0.3580/0.3199 | LR: 0.000005
Epoch [9/100] | Loss: 1.1868 (Cls: 1.2022, TAL: -0.2602, Adv: 0.0029) | Train Acc: 0.8549 | Val Acc: 0.6750 | Val P/R/F1 (Macro): 0.5358/0.5424/0.4932 | LR: 0.000005
Epoch [10/100] | Loss: 1.2303 (Cls: 1.2471, TAL: -0.2828, Adv: 0.0039) | Train Acc: 0.8415 | Val Acc: 0.7083 | Val P/R/F1 (Macro): 0.5578/0.5700/0.5223 | LR: 0.000005
  >>> New Best Val Acc: 0.7083
Epoch [11/100] | Loss: 1.0893 (Cls: 1.1033, TAL: -0.2370, Adv: 0.0028) | Train Acc: 0.8951 | Val Acc: 0.6917 | Val P/R/F1 (Macro): 0.4304/0.5311/0.4616 | LR: 0.000005
Epoch [12/100] | Loss: 1.1025 (Cls: 1.1181, TAL: -0.2628, Adv: 0.0028) | Train Acc: 0.8817 | Val Acc: 0.8167 | Val P/R/F1 (Macro): 0.7168/0.6895/0.6743 | LR: 0.000005
  >>> New Best Val Acc: 0.8167
Epoch [13/100] | Loss: 1.0624 (Cls: 1.0730, TAL: -0.1797, Adv: 0.0027) | Train Acc: 0.8750 | Val Acc: 0.7667 | Val P/R/F1 (Macro): 0.5445/0.6272/0.5682 | LR: 0.000005
Epoch [14/100] | Loss: 1.0756 (Cls: 1.0856, TAL: -0.1706, Adv: 0.0026) | Train Acc: 0.8884 | Val Acc: 0.7167 | Val P/R/F1 (Macro): 0.6197/0.5709/0.5653 | LR: 0.000005
Epoch [15/100] | Loss: 1.0450 (Cls: 1.0558, TAL: -0.1823, Adv: 0.0028) | Train Acc: 0.9062 | Val Acc: 0.6250 | Val P/R/F1 (Macro): 0.4985/0.5136/0.4640 | LR: 0.000005
Epoch [16/100] | Loss: 1.0942 (Cls: 1.0961, TAL: -0.0343, Adv: 0.0035) | Train Acc: 0.8705 | Val Acc: 0.7417 | Val P/R/F1 (Macro): 0.6536/0.6851/0.6518 | LR: 0.000005
Epoch [17/100] | Loss: 0.9819 (Cls: 0.9848, TAL: -0.0502, Adv: 0.0025) | Train Acc: 0.9107 | Val Acc: 0.7500 | Val P/R/F1 (Macro): 0.5858/0.5642/0.5397 | LR: 0.000005
Epoch [18/100] | Loss: 0.9794 (Cls: 0.9847, TAL: -0.0903, Adv: 0.0021) | Train Acc: 0.9107 | Val Acc: 0.7750 | Val P/R/F1 (Macro): 0.6303/0.5364/0.5221 | LR: 0.000005
Epoch [19/100] | Loss: 1.0008 (Cls: 1.0079, TAL: -0.1198, Adv: 0.0016) | Train Acc: 0.9152 | Val Acc: 0.8500 | Val P/R/F1 (Macro): 0.7228/0.7991/0.7528 | LR: 0.000005
  >>> New Best Val Acc: 0.8500
Epoch [20/100] | Loss: 0.9143 (Cls: 0.9172, TAL: -0.0509, Adv: 0.0020) | Train Acc: 0.9531 | Val Acc: 0.8333 | Val P/R/F1 (Macro): 0.7794/0.7091/0.7090 | LR: 0.000005
Epoch [21/100] | Loss: 0.9424 (Cls: 0.9500, TAL: -0.1294, Adv: 0.0014) | Train Acc: 0.9196 | Val Acc: 0.8583 | Val P/R/F1 (Macro): 0.7581/0.7456/0.7407 | LR: 0.000005
  >>> New Best Val Acc: 0.8583
Epoch [22/100] | Loss: 0.9324 (Cls: 0.9397, TAL: -0.1238, Adv: 0.0016) | Train Acc: 0.9397 | Val Acc: 0.8333 | Val P/R/F1 (Macro): 0.7796/0.6307/0.6456 | LR: 0.000005
Epoch [23/100] | Loss: 0.8979 (Cls: 0.9022, TAL: -0.0742, Adv: 0.0019) | Train Acc: 0.9420 | Val Acc: 0.8083 | Val P/R/F1 (Macro): 0.7112/0.7131/0.6951 | LR: 0.000005
Epoch [24/100] | Loss: 0.9113 (Cls: 0.9177, TAL: -0.1073, Adv: 0.0018) | Train Acc: 0.9375 | Val Acc: 0.8250 | Val P/R/F1 (Macro): 0.7587/0.7619/0.7404 | LR: 0.000005
Epoch [25/100] | Loss: 0.8853 (Cls: 0.8905, TAL: -0.0880, Adv: 0.0012) | Train Acc: 0.9554 | Val Acc: 0.7833 | Val P/R/F1 (Macro): 0.7757/0.7478/0.7340 | LR: 0.000005
Epoch [26/100] | Loss: 0.9174 (Cls: 0.9218, TAL: -0.0765, Adv: 0.0023) | Train Acc: 0.9509 | Val Acc: 0.8417 | Val P/R/F1 (Macro): 0.6788/0.7877/0.7143 | LR: 0.000005
Epoch [27/100] | Loss: 0.8971 (Cls: 0.9011, TAL: -0.0661, Adv: 0.0010) | Train Acc: 0.9397 | Val Acc: 0.8333 | Val P/R/F1 (Macro): 0.7694/0.7306/0.7351 | LR: 0.000005
Epoch [28/100] | Loss: 0.8700 (Cls: 0.8759, TAL: -0.0994, Adv: 0.0017) | Train Acc: 0.9487 | Val Acc: 0.7750 | Val P/R/F1 (Macro): 0.7675/0.6224/0.6610 | LR: 0.000005
Epoch [29/100] | Loss: 0.8846 (Cls: 0.8902, TAL: -0.0946, Adv: 0.0013) | Train Acc: 0.9554 | Val Acc: 0.7667 | Val P/R/F1 (Macro): 0.6990/0.6580/0.6350 | LR: 0.000005
Epoch [30/100] | Loss: 0.8850 (Cls: 0.8878, TAL: -0.0469, Adv: 0.0012) | Train Acc: 0.9464 | Val Acc: 0.8250 | Val P/R/F1 (Macro): 0.7555/0.7334/0.7270 | LR: 0.000005
Epoch [31/100] | Loss: 0.8570 (Cls: 0.8579, TAL: -0.0164, Adv: 0.0011) | Train Acc: 0.9643 | Val Acc: 0.8250 | Val P/R/F1 (Macro): 0.6929/0.6985/0.6850 | LR: 0.000005
Epoch [32/100] | Loss: 0.8837 (Cls: 0.8840, TAL: -0.0054, Adv: 0.0009) | Train Acc: 0.9487 | Val Acc: 0.8000 | Val P/R/F1 (Macro): 0.7370/0.6899/0.6768 | LR: 0.000003
Epoch [33/100] | Loss: 0.8640 (Cls: 0.8662, TAL: -0.0377, Adv: 0.0007) | Train Acc: 0.9688 | Val Acc: 0.7917 | Val P/R/F1 (Macro): 0.6498/0.6381/0.6259 | LR: 0.000003
Epoch [34/100] | Loss: 0.8222 (Cls: 0.8223, TAL: -0.0023, Adv: 0.0007) | Train Acc: 0.9844 | Val Acc: 0.8333 | Val P/R/F1 (Macro): 0.7404/0.7157/0.7174 | LR: 0.000003
Epoch [35/100] | Loss: 0.8242 (Cls: 0.8247, TAL: -0.0096, Adv: 0.0009) | Train Acc: 0.9821 | Val Acc: 0.8083 | Val P/R/F1 (Macro): 0.7495/0.6907/0.7080 | LR: 0.000003
Epoch [36/100] | Loss: 0.8097 (Cls: 0.8134, TAL: -0.0617, Adv: 0.0009) | Train Acc: 0.9777 | Val Acc: 0.8083 | Val P/R/F1 (Macro): 0.7735/0.6609/0.6942 | LR: 0.000003
Epoch [37/100] | Loss: 0.8144 (Cls: 0.8170, TAL: -0.0424, Adv: 0.0007) | Train Acc: 0.9799 | Val Acc: 0.7417 | Val P/R/F1 (Macro): 0.7558/0.5700/0.6040 | LR: 0.000003
Epoch [38/100] | Loss: 0.8041 (Cls: 0.8049, TAL: -0.0150, Adv: 0.0009) | Train Acc: 0.9799 | Val Acc: 0.8167 | Val P/R/F1 (Macro): 0.7711/0.6793/0.6970 | LR: 0.000003
Epoch [39/100] | Loss: 0.8220 (Cls: 0.8217, TAL: 0.0040, Adv: 0.0010) | Train Acc: 0.9754 | Val Acc: 0.8500 | Val P/R/F1 (Macro): 0.7856/0.7241/0.7375 | LR: 0.000003
Epoch [40/100] | Loss: 0.8187 (Cls: 0.8198, TAL: -0.0194, Adv: 0.0005) | Train Acc: 0.9821 | Val Acc: 0.8333 | Val P/R/F1 (Macro): 0.7531/0.7341/0.7238 | LR: 0.000003
Epoch [41/100] | Loss: 0.7905 (Cls: 0.7919, TAL: -0.0250, Adv: 0.0004) | Train Acc: 0.9821 | Val Acc: 0.8083 | Val P/R/F1 (Macro): 0.6901/0.7232/0.6893 | LR: 0.000003
Epoch [42/100] | Loss: 0.7964 (Cls: 0.7987, TAL: -0.0403, Adv: 0.0008) | Train Acc: 0.9866 | Val Acc: 0.8250 | Val P/R/F1 (Macro): 0.7183/0.7358/0.7123 | LR: 0.000003
Epoch [43/100] | Loss: 0.8119 (Cls: 0.8162, TAL: -0.0730, Adv: 0.0004) | Train Acc: 0.9732 | Val Acc: 0.8417 | Val P/R/F1 (Macro): 0.7040/0.7147/0.6978 | LR: 0.000001
Epoch [44/100] | Loss: 0.7779 (Cls: 0.7838, TAL: -0.0984, Adv: 0.0006) | Train Acc: 0.9866 | Val Acc: 0.8583 | Val P/R/F1 (Macro): 0.7488/0.7344/0.7323 | LR: 0.000001
Epoch [45/100] | Loss: 0.7887 (Cls: 0.7964, TAL: -0.1289, Adv: 0.0004) | Train Acc: 0.9911 | Val Acc: 0.8750 | Val P/R/F1 (Macro): 0.7863/0.8010/0.7876 | LR: 0.000001
  >>> New Best Val Acc: 0.8750
Epoch [46/100] | Loss: 0.7693 (Cls: 0.7741, TAL: -0.0805, Adv: 0.0003) | Train Acc: 0.9933 | Val Acc: 0.8333 | Val P/R/F1 (Macro): 0.7654/0.7282/0.7292 | LR: 0.000001
Epoch [47/100] | Loss: 0.7689 (Cls: 0.7749, TAL: -0.1001, Adv: 0.0003) | Train Acc: 0.9888 | Val Acc: 0.8583 | Val P/R/F1 (Macro): 0.7804/0.7866/0.7747 | LR: 0.000001
Epoch [48/100] | Loss: 0.7773 (Cls: 0.7818, TAL: -0.0757, Adv: 0.0004) | Train Acc: 0.9911 | Val Acc: 0.8417 | Val P/R/F1 (Macro): 0.7373/0.7354/0.7265 | LR: 0.000001
Epoch [49/100] | Loss: 0.8016 (Cls: 0.8065, TAL: -0.0817, Adv: 0.0003) | Train Acc: 0.9777 | Val Acc: 0.8250 | Val P/R/F1 (Macro): 0.7582/0.7668/0.7497 | LR: 0.000001
Epoch [50/100] | Loss: 0.7873 (Cls: 0.7886, TAL: -0.0221, Adv: 0.0004) | Train Acc: 0.9911 | Val Acc: 0.8333 | Val P/R/F1 (Macro): 0.7657/0.7722/0.7559 | LR: 0.000001
Epoch [51/100] | Loss: 0.7853 (Cls: 0.7867, TAL: -0.0238, Adv: 0.0004) | Train Acc: 0.9866 | Val Acc: 0.8500 | Val P/R/F1 (Macro): 0.7677/0.7830/0.7636 | LR: 0.000001
Epoch [52/100] | Loss: 0.7616 (Cls: 0.7640, TAL: -0.0401, Adv: 0.0004) | Train Acc: 0.9844 | Val Acc: 0.8250 | Val P/R/F1 (Macro): 0.7501/0.7703/0.7474 | LR: 0.000001
Epoch [53/100] | Loss: 0.7834 (Cls: 0.7844, TAL: -0.0178, Adv: 0.0004) | Train Acc: 0.9866 | Val Acc: 0.8250 | Val P/R/F1 (Macro): 0.7218/0.7484/0.7271 | LR: 0.000001
Epoch [54/100] | Loss: 0.7791 (Cls: 0.7831, TAL: -0.0659, Adv: 0.0003) | Train Acc: 0.9844 | Val Acc: 0.8083 | Val P/R/F1 (Macro): 0.7174/0.7304/0.7131 | LR: 0.000001
Epoch [55/100] | Loss: 0.7692 (Cls: 0.7696, TAL: -0.0067, Adv: 0.0002) | Train Acc: 0.9955 | Val Acc: 0.8083 | Val P/R/F1 (Macro): 0.7346/0.7322/0.7242 | LR: 0.000001
Epoch [56/100] | Loss: 0.7654 (Cls: 0.7657, TAL: -0.0062, Adv: 0.0003) | Train Acc: 0.9955 | Val Acc: 0.8250 | Val P/R/F1 (Macro): 0.7348/0.7727/0.7377 | LR: 0.000001
Epoch [57/100] | Loss: 0.7808 (Cls: 0.7831, TAL: -0.0388, Adv: 0.0008) | Train Acc: 0.9888 | Val Acc: 0.8417 | Val P/R/F1 (Macro): 0.7637/0.7788/0.7602 | LR: 0.000001
Epoch [58/100] | Loss: 0.7951 (Cls: 0.7967, TAL: -0.0257, Adv: 0.0003) | Train Acc: 0.9866 | Val Acc: 0.8583 | Val P/R/F1 (Macro): 0.7700/0.7837/0.7649 | LR: 0.000001
Epoch [59/100] | Loss: 0.7627 (Cls: 0.7657, TAL: -0.0496, Adv: 0.0002) | Train Acc: 0.9888 | Val Acc: 0.8750 | Val P/R/F1 (Macro): 0.7732/0.7630/0.7549 | LR: 0.000001
Epoch [60/100] | Loss: 0.7668 (Cls: 0.7675, TAL: -0.0119, Adv: 0.0003) | Train Acc: 0.9888 | Val Acc: 0.8833 | Val P/R/F1 (Macro): 0.7961/0.8058/0.7936 | LR: 0.000001
  >>> New Best Val Acc: 0.8833
Epoch [61/100] | Loss: 0.7618 (Cls: 0.7621, TAL: -0.0052, Adv: 0.0002) | Train Acc: 0.9955 | Val Acc: 0.9000 | Val P/R/F1 (Macro): 0.8152/0.8137/0.8090 | LR: 0.000001
  >>> New Best Val Acc: 0.9000
Epoch [62/100] | Loss: 0.7601 (Cls: 0.7620, TAL: -0.0314, Adv: 0.0003) | Train Acc: 1.0000 | Val Acc: 0.8667 | Val P/R/F1 (Macro): 0.7885/0.7385/0.7529 | LR: 0.000001
Epoch [63/100] | Loss: 0.7659 (Cls: 0.7674, TAL: -0.0259, Adv: 0.0002) | Train Acc: 0.9978 | Val Acc: 0.8833 | Val P/R/F1 (Macro): 0.7981/0.8052/0.7950 | LR: 0.000001
Epoch [64/100] | Loss: 0.7750 (Cls: 0.7783, TAL: -0.0550, Adv: 0.0002) | Train Acc: 0.9955 | Val Acc: 0.8583 | Val P/R/F1 (Macro): 0.8016/0.7819/0.7828 | LR: 0.000001
Epoch [65/100] | Loss: 0.7697 (Cls: 0.7704, TAL: -0.0117, Adv: 0.0002) | Train Acc: 0.9955 | Val Acc: 0.8333 | Val P/R/F1 (Macro): 0.7772/0.7472/0.7569 | LR: 0.000001
Epoch [66/100] | Loss: 0.7491 (Cls: 0.7513, TAL: -0.0368, Adv: 0.0002) | Train Acc: 0.9955 | Val Acc: 0.8750 | Val P/R/F1 (Macro): 0.7841/0.7986/0.7837 | LR: 0.000001
Epoch [67/100] | Loss: 0.7640 (Cls: 0.7641, TAL: -0.0028, Adv: 0.0002) | Train Acc: 0.9955 | Val Acc: 0.8583 | Val P/R/F1 (Macro): 0.7924/0.7819/0.7781 | LR: 0.000001
Epoch [68/100] | Loss: 0.7477 (Cls: 0.7490, TAL: -0.0210, Adv: 0.0002) | Train Acc: 0.9955 | Val Acc: 0.8667 | Val P/R/F1 (Macro): 0.8055/0.7860/0.7857 | LR: 0.000001
Epoch [69/100] | Loss: 0.7500 (Cls: 0.7525, TAL: -0.0413, Adv: 0.0002) | Train Acc: 0.9866 | Val Acc: 0.8833 | Val P/R/F1 (Macro): 0.8110/0.8028/0.8004 | LR: 0.000001
Epoch [70/100] | Loss: 0.7546 (Cls: 0.7580, TAL: -0.0564, Adv: 0.0003) | Train Acc: 1.0000 | Val Acc: 0.8750 | Val P/R/F1 (Macro): 0.7785/0.7969/0.7788 | LR: 0.000001
Epoch [71/100] | Loss: 0.7651 (Cls: 0.7662, TAL: -0.0187, Adv: 0.0002) | Train Acc: 0.9955 | Val Acc: 0.8417 | Val P/R/F1 (Macro): 0.7552/0.7520/0.7475 | LR: 0.000001
Epoch [72/100] | Loss: 0.7691 (Cls: 0.7702, TAL: -0.0180, Adv: 0.0002) | Train Acc: 0.9911 | Val Acc: 0.8333 | Val P/R/F1 (Macro): 0.7631/0.7538/0.7540 | LR: 0.000001
Epoch [73/100] | Loss: 0.7672 (Cls: 0.7692, TAL: -0.0342, Adv: 0.0001) | Train Acc: 0.9888 | Val Acc: 0.8667 | Val P/R/F1 (Macro): 0.7898/0.7730/0.7777 | LR: 0.000001
Epoch [74/100] | Loss: 0.7408 (Cls: 0.7418, TAL: -0.0165, Adv: 0.0002) | Train Acc: 0.9978 | Val Acc: 0.8750 | Val P/R/F1 (Macro): 0.7921/0.7785/0.7823 | LR: 0.000001
Epoch [75/100] | Loss: 0.7451 (Cls: 0.7465, TAL: -0.0232, Adv: 0.0002) | Train Acc: 1.0000 | Val Acc: 0.8500 | Val P/R/F1 (Macro): 0.7590/0.7634/0.7566 | LR: 0.000001
Epoch [76/100] | Loss: 0.7453 (Cls: 0.7472, TAL: -0.0320, Adv: 0.0002) | Train Acc: 0.9911 | Val Acc: 0.8500 | Val P/R/F1 (Macro): 0.7830/0.7569/0.7647 | LR: 0.000001
Epoch [77/100] | Loss: 0.7616 (Cls: 0.7627, TAL: -0.0181, Adv: 0.0001) | Train Acc: 0.9933 | Val Acc: 0.8833 | Val P/R/F1 (Macro): 0.8004/0.8028/0.7950 | LR: 0.000001
Epoch [78/100] | Loss: 0.7479 (Cls: 0.7500, TAL: -0.0348, Adv: 0.0003) | Train Acc: 0.9978 | Val Acc: 0.8583 | Val P/R/F1 (Macro): 0.7788/0.7884/0.7752 | LR: 0.000001
Epoch [79/100] | Loss: 0.7486 (Cls: 0.7495, TAL: -0.0160, Adv: 0.0001) | Train Acc: 0.9955 | Val Acc: 0.8583 | Val P/R/F1 (Macro): 0.7891/0.7884/0.7806 | LR: 0.000001
Epoch [80/100] | Loss: 0.7544 (Cls: 0.7564, TAL: -0.0335, Adv: 0.0002) | Train Acc: 0.9933 | Val Acc: 0.8583 | Val P/R/F1 (Macro): 0.7877/0.7676/0.7729 | LR: 0.000001
Epoch [81/100] | Loss: 0.7421 (Cls: 0.7436, TAL: -0.0250, Adv: 0.0001) | Train Acc: 0.9955 | Val Acc: 0.8333 | Val P/R/F1 (Macro): 0.7744/0.7401/0.7488 | LR: 0.000001
Epoch [82/100] | Loss: 0.7649 (Cls: 0.7661, TAL: -0.0200, Adv: 0.0001) | Train Acc: 0.9933 | Val Acc: 0.8333 | Val P/R/F1 (Macro): 0.7626/0.7038/0.7212 | LR: 0.000001
Epoch [83/100] | Loss: 0.7560 (Cls: 0.7591, TAL: -0.0511, Adv: 0.0002) | Train Acc: 0.9933 | Val Acc: 0.8750 | Val P/R/F1 (Macro): 0.7921/0.7778/0.7809 | LR: 0.000001
Epoch [84/100] | Loss: 0.7638 (Cls: 0.7644, TAL: -0.0097, Adv: 0.0006) | Train Acc: 0.9911 | Val Acc: 0.8833 | Val P/R/F1 (Macro): 0.8102/0.8028/0.7998 | LR: 0.000001
Epoch [85/100] | Loss: 0.7510 (Cls: 0.7519, TAL: -0.0149, Adv: 0.0001) | Train Acc: 0.9955 | Val Acc: 0.8583 | Val P/R/F1 (Macro): 0.7759/0.7676/0.7668 | LR: 0.000001
Epoch [86/100] | Loss: 0.7430 (Cls: 0.7468, TAL: -0.0625, Adv: 0.0001) | Train Acc: 1.0000 | Val Acc: 0.8583 | Val P/R/F1 (Macro): 0.7866/0.7676/0.7723 | LR: 0.000001
Epoch [87/100] | Loss: 0.7649 (Cls: 0.7664, TAL: -0.0237, Adv: 0.0001) | Train Acc: 0.9911 | Val Acc: 0.8583 | Val P/R/F1 (Macro): 0.7866/0.7676/0.7723 | LR: 0.000001
Epoch [88/100] | Loss: 0.7424 (Cls: 0.7441, TAL: -0.0289, Adv: 0.0001) | Train Acc: 0.9955 | Val Acc: 0.8333 | Val P/R/F1 (Macro): 0.7777/0.7460/0.7545 | LR: 0.000001
Epoch [89/100] | Loss: 0.7598 (Cls: 0.7619, TAL: -0.0356, Adv: 0.0001) | Train Acc: 1.0000 | Val Acc: 0.8417 | Val P/R/F1 (Macro): 0.7810/0.7514/0.7600 | LR: 0.000001
Epoch [90/100] | Loss: 0.7435 (Cls: 0.7464, TAL: -0.0499, Adv: 0.0001) | Train Acc: 0.9933 | Val Acc: 0.8667 | Val P/R/F1 (Macro): 0.7801/0.7724/0.7713 | LR: 0.000001
Epoch [91/100] | Loss: 0.7529 (Cls: 0.7551, TAL: -0.0358, Adv: 0.0001) | Train Acc: 0.9978 | Val Acc: 0.8500 | Val P/R/F1 (Macro): 0.7744/0.7628/0.7637 | LR: 0.000001
Epoch [92/100] | Loss: 0.7586 (Cls: 0.7584, TAL: 0.0028, Adv: 0.0001) | Train Acc: 0.9933 | Val Acc: 0.8417 | Val P/R/F1 (Macro): 0.7810/0.7514/0.7600 | LR: 0.000001
Epoch [93/100] | Loss: 0.7608 (Cls: 0.7626, TAL: -0.0311, Adv: 0.0001) | Train Acc: 0.9955 | Val Acc: 0.8583 | Val P/R/F1 (Macro): 0.7877/0.7676/0.7729 | LR: 0.000001
Epoch [94/100] | Loss: 0.7323 (Cls: 0.7326, TAL: -0.0054, Adv: 0.0001) | Train Acc: 1.0000 | Val Acc: 0.8667 | Val P/R/F1 (Macro): 0.7897/0.7724/0.7761 | LR: 0.000001
Epoch [95/100] | Loss: 0.7566 (Cls: 0.7578, TAL: -0.0203, Adv: 0.0001) | Train Acc: 0.9933 | Val Acc: 0.8583 | Val P/R/F1 (Macro): 0.7877/0.7676/0.7729 | LR: 0.000001
Epoch [96/100] | Loss: 0.7495 (Cls: 0.7494, TAL: 0.0021, Adv: 0.0001) | Train Acc: 0.9955 | Val Acc: 0.8667 | Val P/R/F1 (Macro): 0.7891/0.7724/0.7756 | LR: 0.000001
Epoch [97/100] | Loss: 0.7529 (Cls: 0.7544, TAL: -0.0261, Adv: 0.0001) | Train Acc: 0.9933 | Val Acc: 0.8667 | Val P/R/F1 (Macro): 0.7746/0.7730/0.7693 | LR: 0.000001
Epoch [98/100] | Loss: 0.7539 (Cls: 0.7558, TAL: -0.0310, Adv: 0.0001) | Train Acc: 0.9955 | Val Acc: 0.8667 | Val P/R/F1 (Macro): 0.7790/0.7724/0.7706 | LR: 0.000001
Epoch [99/100] | Loss: 0.7571 (Cls: 0.7572, TAL: -0.0019, Adv: 0.0001) | Train Acc: 0.9955 | Val Acc: 0.8750 | Val P/R/F1 (Macro): 0.7824/0.7778/0.7761 | LR: 0.000001
Epoch [100/100] | Loss: 0.7563 (Cls: 0.7585, TAL: -0.0369, Adv: 0.0001) | Train Acc: 0.9978 | Val Acc: 0.8750 | Val P/R/F1 (Macro): 0.7921/0.7778/0.7809 | LR: 0.000001
Report strategy: last_window, window=10, reported_acc=0.8625, best_acc=0.9000

迭代 5 报告指标:
  Accuracy: 0.8625
  Precision (Macro): 0.7838
  Recall (Macro): 0.7695
  F1 (Macro): 0.7718
  Precision (Micro): 0.8625
  Recall (Micro): 0.8625
  F1 (Micro): 0.8625
  Val class coverage: 8/14 (0.5714), samples=120

================================================================================
5次迭代统计结果
================================================================================

accuracy:
  各迭代值: ['0.7750', '0.8800', '0.6392', '0.8675', '0.8625']
  均值 (Mean): 0.8048
  标准差 (Std): 0.0908

precision_macro:
  各迭代值: ['0.7926', '0.9128', '0.6257', '0.8460', '0.7838']
  均值 (Mean): 0.7922
  标准差 (Std): 0.0951

recall_macro:
  各迭代值: ['0.7277', '0.9139', '0.6822', '0.7885', '0.7695']
  均值 (Mean): 0.7764
  标准差 (Std): 0.0779

f1_macro:
  各迭代值: ['0.7314', '0.9102', '0.6223', '0.8080', '0.7718']
  均值 (Mean): 0.7687
  标准差 (Std): 0.0943

precision_micro:
  各迭代值: ['0.7750', '0.8800', '0.6392', '0.8675', '0.8625']
  均值 (Mean): 0.8048
  标准差 (Std): 0.0908

recall_micro:
  各迭代值: ['0.7750', '0.8800', '0.6392', '0.8675', '0.8625']
  均值 (Mean): 0.8048
  标准差 (Std): 0.0908

f1_micro:
  各迭代值: ['0.7750', '0.8800', '0.6392', '0.8675', '0.8625']
  均值 (Mean): 0.8048
  标准差 (Std): 0.0908

val_class_coverage:
  各迭代值: ['0.5714', '0.5714', '0.5714', '0.5714', '0.5714']
  均值 (Mean): 0.5714
  标准差 (Std): 0.0000

val_present_classes:
  各迭代值: ['8.0000', '8.0000', '8.0000', '8.0000', '8.0000']
  均值 (Mean): 8.0000
  标准差 (Std): 0.0000

val_total_classes:
  各迭代值: ['14.0000', '14.0000', '14.0000', '14.0000', '14.0000']
  均值 (Mean): 14.0000
  标准差 (Std): 0.0000

val_samples:
  各迭代值: ['120.0000', '120.0000', '120.0000', '120.0000', '120.0000']
  均值 (Mean): 120.0000
  标准差 (Std): 0.0000

训练结束时间: 2026-07-14 01:06:37
================================================================================
