================================================================================
模块消融实验 - without_tensor_without_ot
目标域天气: 逆光
训练开始时间: 2026-06-29 10:16:54
设备: cuda
源域: D:\Code\JMDA-Net\Data\晴天
目标域: D:\Code\JMDA-Net\Data\逆光
批次大小: 16
总轮数: 1
迭代次数: 1
使用Tensor模块: 否
使用OT模块: 否
特征融合方式: 通道拼接
域对齐方式: 常规对抗
================================================================================

================================================================================
迭代 1/1
随机种子: 42
================================================================================
Feature fusion: Channel concatenation (512+512); fused_dim=1024
Domain adaptation: standard source-target adversarial training, no generator
Loss weights: tensor=0.00, adv=0.15
Epoch [1/1] | Loss: 4.7674 (Cls: 4.6295, TAL: 0.0000, Adv: 0.9194) | Train Acc: 0.3281 | Val Acc: 0.1389 | Val P/R/F1 (Macro): 0.0099/0.0714/0.0174 | LR: 0.000010
  >>> New Best Val Acc: 0.1389

迭代 1 最佳指标:
  Accuracy: 0.1389
  Precision (Macro): 0.0099
  Recall (Macro): 0.0714
  F1 (Macro): 0.0174
  Precision (Micro): 0.1389
  Recall (Micro): 0.1389
  F1 (Micro): 0.1389

================================================================================
1次迭代统计结果
================================================================================

accuracy:
  各迭代值: ['0.1389']
  均值 (Mean): 0.1389
  标准差 (Std): 0.0000

precision_macro:
  各迭代值: ['0.0099']
  均值 (Mean): 0.0099
  标准差 (Std): 0.0000

recall_macro:
  各迭代值: ['0.0714']
  均值 (Mean): 0.0714
  标准差 (Std): 0.0000

f1_macro:
  各迭代值: ['0.0174']
  均值 (Mean): 0.0174
  标准差 (Std): 0.0000

precision_micro:
  各迭代值: ['0.1389']
  均值 (Mean): 0.1389
  标准差 (Std): 0.0000

recall_micro:
  各迭代值: ['0.1389']
  均值 (Mean): 0.1389
  标准差 (Std): 0.0000

f1_micro:
  各迭代值: ['0.1389']
  均值 (Mean): 0.1389
  标准差 (Std): 0.0000

训练结束时间: 2026-06-29 10:17:00
================================================================================
