================================================================================
模块消融实验 - with_tensor_without_ot
目标域天气: 逆光
训练开始时间: 2026-07-01 11:36:51
设备: cuda
源域: /home/lixiang/lx/Data/晴天
目标域: /home/lixiang/lx/Data/逆光
批次大小: 32
总轮数: 100
迭代次数: 5
使用Tensor模块: 是
使用OT模块: 否
特征融合方式: Tensor对齐
域对齐方式: 常规对抗
================================================================================

================================================================================
迭代 1/5
随机种子: 42
================================================================================
Feature fusion: Tensor alignment (512+512 -> 128+128); fused_dim=256
Domain adaptation: standard source-target adversarial training, no generator
Loss weights: tensor=0.30, adv=0.15
Epoch [1/100] | Loss: 5.7687 (Cls: 5.6275, TAL: 0.1019, Adv: 0.7371) | Train Acc: 0.1328 | Val Acc: 0.1944 | Val P/R/F1 (Macro): 0.1012/0.1077/0.0812 | LR: 0.000010
  >>> New Best Val Acc: 0.1944
Epoch [2/100] | Loss: 4.2335 (Cls: 4.1537, TAL: 0.1832, Adv: 0.1654) | Train Acc: 0.3906 | Val Acc: 0.2500 | Val P/R/F1 (Macro): 0.1732/0.2060/0.1548 | LR: 0.000010
  >>> New Best Val Acc: 0.2500
Epoch [3/100] | Loss: 3.5819 (Cls: 3.5091, TAL: 0.2099, Adv: 0.0654) | Train Acc: 0.5547 | Val Acc: 0.5278 | Val P/R/F1 (Macro): 0.3696/0.3244/0.3178 | LR: 0.000010
  >>> New Best Val Acc: 0.5278
Epoch [4/100] | Loss: 3.1733 (Cls: 3.1268, TAL: 0.1438, Adv: 0.0224) | Train Acc: 0.5859 | Val Acc: 0.5556 | Val P/R/F1 (Macro): 0.3965/0.3631/0.3329 | LR: 0.000010
  >>> New Best Val Acc: 0.5556
Epoch [5/100] | Loss: 2.7903 (Cls: 2.7116, TAL: 0.2547, Adv: 0.0154) | Train Acc: 0.6562 | Val Acc: 0.3889 | Val P/R/F1 (Macro): 0.2282/0.2810/0.2356 | LR: 0.000010
Epoch [6/100] | Loss: 2.4630 (Cls: 2.4065, TAL: 0.1828, Adv: 0.0109) | Train Acc: 0.7266 | Val Acc: 0.6944 | Val P/R/F1 (Macro): 0.4669/0.3964/0.4009 | LR: 0.000010
  >>> New Best Val Acc: 0.6944
Epoch [7/100] | Loss: 2.4364 (Cls: 2.4349, TAL: 0.0025, Adv: 0.0051) | Train Acc: 0.7891 | Val Acc: 0.8611 | Val P/R/F1 (Macro): 0.5754/0.5667/0.5601 | LR: 0.000010
  >>> New Best Val Acc: 0.8611
Epoch [8/100] | Loss: 2.0277 (Cls: 2.0346, TAL: -0.0258, Adv: 0.0059) | Train Acc: 0.8672 | Val Acc: 0.6667 | Val P/R/F1 (Macro): 0.4367/0.4613/0.4359 | LR: 0.000010
Epoch [9/100] | Loss: 1.8472 (Cls: 1.8611, TAL: -0.0478, Adv: 0.0032) | Train Acc: 0.8984 | Val Acc: 0.6944 | Val P/R/F1 (Macro): 0.5149/0.5113/0.4721 | LR: 0.000010
Epoch [10/100] | Loss: 2.1338 (Cls: 2.1761, TAL: -0.1442, Adv: 0.0063) | Train Acc: 0.8281 | Val Acc: 0.7778 | Val P/R/F1 (Macro): 0.5179/0.5131/0.4770 | LR: 0.000010
Epoch [11/100] | Loss: 1.8082 (Cls: 1.8557, TAL: -0.1603, Adv: 0.0037) | Train Acc: 0.8984 | Val Acc: 0.9444 | Val P/R/F1 (Macro): 0.6148/0.6196/0.6145 | LR: 0.000010
  >>> New Best Val Acc: 0.9444
Epoch [12/100] | Loss: 1.7871 (Cls: 1.7680, TAL: 0.0616, Adv: 0.0043) | Train Acc: 0.9453 | Val Acc: 0.8611 | Val P/R/F1 (Macro): 0.5825/0.5786/0.5668 | LR: 0.000010
Epoch [13/100] | Loss: 1.7492 (Cls: 1.7546, TAL: -0.0199, Adv: 0.0042) | Train Acc: 0.9297 | Val Acc: 0.9722 | Val P/R/F1 (Macro): 0.6310/0.6190/0.6221 | LR: 0.000010
  >>> New Best Val Acc: 0.9722
Epoch [14/100] | Loss: 1.6038 (Cls: 1.6179, TAL: -0.0493, Adv: 0.0044) | Train Acc: 0.9375 | Val Acc: 0.9722 | Val P/R/F1 (Macro): 0.6286/0.6286/0.6270 | LR: 0.000010
Epoch [15/100] | Loss: 1.5998 (Cls: 1.6227, TAL: -0.0792, Adv: 0.0055) | Train Acc: 0.9609 | Val Acc: 0.9167 | Val P/R/F1 (Macro): 0.6028/0.6000/0.5899 | LR: 0.000010
Epoch [16/100] | Loss: 1.6517 (Cls: 1.6734, TAL: -0.0740, Adv: 0.0033) | Train Acc: 0.9375 | Val Acc: 0.9722 | Val P/R/F1 (Macro): 0.6286/0.6286/0.6270 | LR: 0.000010
Epoch [17/100] | Loss: 1.4871 (Cls: 1.5014, TAL: -0.0481, Adv: 0.0013) | Train Acc: 0.9922 | Val Acc: 0.9722 | Val P/R/F1 (Macro): 0.6286/0.6286/0.6270 | LR: 0.000010
Epoch [18/100] | Loss: 1.5015 (Cls: 1.4844, TAL: 0.0558, Adv: 0.0020) | Train Acc: 0.9844 | Val Acc: 0.8611 | Val P/R/F1 (Macro): 0.5571/0.5601/0.5365 | LR: 0.000010
Epoch [19/100] | Loss: 1.5052 (Cls: 1.5165, TAL: -0.0395, Adv: 0.0041) | Train Acc: 0.9844 | Val Acc: 0.8889 | Val P/R/F1 (Macro): 0.5910/0.5911/0.5775 | LR: 0.000010
Epoch [20/100] | Loss: 1.6029 (Cls: 1.5678, TAL: 0.1157, Adv: 0.0027) | Train Acc: 0.9531 | Val Acc: 0.8889 | Val P/R/F1 (Macro): 0.5910/0.5911/0.5775 | LR: 0.000010
Epoch [21/100] | Loss: 1.6077 (Cls: 1.5883, TAL: 0.0639, Adv: 0.0017) | Train Acc: 0.9375 | Val Acc: 0.9722 | Val P/R/F1 (Macro): 0.6327/0.6339/0.6326 | LR: 0.000010
Epoch [22/100] | Loss: 1.5515 (Cls: 1.5272, TAL: 0.0781, Adv: 0.0058) | Train Acc: 0.9766 | Val Acc: 0.9722 | Val P/R/F1 (Macro): 0.6250/0.6286/0.6247 | LR: 0.000010
Epoch [23/100] | Loss: 1.4492 (Cls: 1.4060, TAL: 0.1427, Adv: 0.0026) | Train Acc: 0.9922 | Val Acc: 1.0000 | Val P/R/F1 (Macro): 0.6429/0.6429/0.6429 | LR: 0.000010
  >>> New Best Val Acc: 1.0000
Epoch [24/100] | Loss: 1.4445 (Cls: 1.4091, TAL: 0.1167, Adv: 0.0028) | Train Acc: 0.9922 | Val Acc: 1.0000 | Val P/R/F1 (Macro): 0.6429/0.6429/0.6429 | LR: 0.000010
Epoch [25/100] | Loss: 1.4084 (Cls: 1.4090, TAL: -0.0024, Adv: 0.0012) | Train Acc: 0.9844 | Val Acc: 1.0000 | Val P/R/F1 (Macro): 0.6429/0.6429/0.6429 | LR: 0.000010
Epoch [26/100] | Loss: 1.4280 (Cls: 1.4161, TAL: 0.0388, Adv: 0.0012) | Train Acc: 0.9922 | Val Acc: 0.9722 | Val P/R/F1 (Macro): 0.6327/0.6339/0.6326 | LR: 0.000010
Epoch [27/100] | Loss: 1.3386 (Cls: 1.3416, TAL: -0.0108, Adv: 0.0012) | Train Acc: 1.0000 | Val Acc: 0.9722 | Val P/R/F1 (Macro): 0.6250/0.6286/0.6247 | LR: 0.000010
Epoch [28/100] | Loss: 1.3740 (Cls: 1.3777, TAL: -0.0138, Adv: 0.0028) | Train Acc: 0.9922 | Val Acc: 1.0000 | Val P/R/F1 (Macro): 0.6429/0.6429/0.6429 | LR: 0.000010
Epoch [29/100] | Loss: 1.3669 (Cls: 1.3590, TAL: 0.0247, Adv: 0.0030) | Train Acc: 1.0000 | Val Acc: 1.0000 | Val P/R/F1 (Macro): 0.6429/0.6429/0.6429 | LR: 0.000010
Epoch [30/100] | Loss: 1.4303 (Cls: 1.4182, TAL: 0.0304, Adv: 0.0199) | Train Acc: 0.9766 | Val Acc: 1.0000 | Val P/R/F1 (Macro): 0.6429/0.6429/0.6429 | LR: 0.000010
Epoch [31/100] | Loss: 1.3189 (Cls: 1.3136, TAL: -0.0518, Adv: 0.1391) | Train Acc: 1.0000 | Val Acc: 1.0000 | Val P/R/F1 (Macro): 0.6429/0.6429/0.6429 | LR: 0.000010
Epoch [32/100] | Loss: 1.5037 (Cls: 1.2981, TAL: -0.0650, Adv: 1.5010) | Train Acc: 1.0000 | Val Acc: 1.0000 | Val P/R/F1 (Macro): 0.6429/0.6429/0.6429 | LR: 0.000010
Epoch [33/100] | Loss: 2.2861 (Cls: 1.4426, TAL: 0.0080, Adv: 5.6073) | Train Acc: 0.9922 | Val Acc: 1.0000 | Val P/R/F1 (Macro): 0.6429/0.6429/0.6429 | LR: 0.000010
Epoch [34/100] | Loss: 2.8597 (Cls: 1.4952, TAL: 0.2042, Adv: 8.6879) | Train Acc: 0.9922 | Val Acc: 0.9722 | Val P/R/F1 (Macro): 0.6286/0.6286/0.6270 | LR: 0.000005
Epoch [35/100] | Loss: 2.8036 (Cls: 1.4518, TAL: 0.3681, Adv: 8.2756) | Train Acc: 0.9922 | Val Acc: 1.0000 | Val P/R/F1 (Macro): 0.6429/0.6429/0.6429 | LR: 0.000005
Epoch [36/100] | Loss: 2.6620 (Cls: 1.5106, TAL: 0.3649, Adv: 6.9458) | Train Acc: 0.9609 | Val Acc: 1.0000 | Val P/R/F1 (Macro): 0.6429/0.6429/0.6429 | LR: 0.000005
Epoch [37/100] | Loss: 2.3055 (Cls: 1.4218, TAL: 0.3442, Adv: 5.2030) | Train Acc: 1.0000 | Val Acc: 1.0000 | Val P/R/F1 (Macro): 0.6429/0.6429/0.6429 | LR: 0.000005
Epoch [38/100] | Loss: 2.0863 (Cls: 1.3792, TAL: 0.4799, Adv: 3.7546) | Train Acc: 0.9844 | Val Acc: 1.0000 | Val P/R/F1 (Macro): 0.6429/0.6429/0.6429 | LR: 0.000005
Epoch [39/100] | Loss: 1.8706 (Cls: 1.3437, TAL: 0.4350, Adv: 2.6425) | Train Acc: 0.9922 | Val Acc: 1.0000 | Val P/R/F1 (Macro): 0.6429/0.6429/0.6429 | LR: 0.000005
Epoch [40/100] | Loss: 1.8063 (Cls: 1.3901, TAL: 0.4252, Adv: 1.9246) | Train Acc: 1.0000 | Val Acc: 1.0000 | Val P/R/F1 (Macro): 0.6429/0.6429/0.6429 | LR: 0.000005
Epoch [41/100] | Loss: 1.7002 (Cls: 1.3878, TAL: 0.3693, Adv: 1.3441) | Train Acc: 0.9922 | Val Acc: 1.0000 | Val P/R/F1 (Macro): 0.6429/0.6429/0.6429 | LR: 0.000005
Epoch [42/100] | Loss: 1.5810 (Cls: 1.3454, TAL: 0.3514, Adv: 0.8681) | Train Acc: 1.0000 | Val Acc: 1.0000 | Val P/R/F1 (Macro): 0.6429/0.6429/0.6429 | LR: 0.000005
Epoch [43/100] | Loss: 1.5689 (Cls: 1.4012, TAL: 0.3089, Adv: 0.5007) | Train Acc: 0.9688 | Val Acc: 1.0000 | Val P/R/F1 (Macro): 0.6429/0.6429/0.6429 | LR: 0.000005
Epoch [44/100] | Loss: 1.4631 (Cls: 1.3114, TAL: 0.3784, Adv: 0.2545) | Train Acc: 0.9844 | Val Acc: 1.0000 | Val P/R/F1 (Macro): 0.6429/0.6429/0.6429 | LR: 0.000005
Epoch [45/100] | Loss: 1.4147 (Cls: 1.3001, TAL: 0.3188, Adv: 0.1262) | Train Acc: 1.0000 | Val Acc: 1.0000 | Val P/R/F1 (Macro): 0.6429/0.6429/0.6429 | LR: 0.000003
Epoch [46/100] | Loss: 1.4141 (Cls: 1.3192, TAL: 0.2818, Adv: 0.0687) | Train Acc: 0.9922 | Val Acc: 0.9722 | Val P/R/F1 (Macro): 0.6286/0.6286/0.6270 | LR: 0.000003
Epoch [47/100] | Loss: 1.3389 (Cls: 1.2669, TAL: 0.2174, Adv: 0.0454) | Train Acc: 1.0000 | Val Acc: 1.0000 | Val P/R/F1 (Macro): 0.6429/0.6429/0.6429 | LR: 0.000003
Epoch [48/100] | Loss: 1.3777 (Cls: 1.3107, TAL: 0.2075, Adv: 0.0319) | Train Acc: 0.9922 | Val Acc: 1.0000 | Val P/R/F1 (Macro): 0.6429/0.6429/0.6429 | LR: 0.000003
Epoch [49/100] | Loss: 1.3604 (Cls: 1.2907, TAL: 0.2207, Adv: 0.0232) | Train Acc: 1.0000 | Val Acc: 1.0000 | Val P/R/F1 (Macro): 0.6429/0.6429/0.6429 | LR: 0.000003
Epoch [50/100] | Loss: 1.3669 (Cls: 1.2900, TAL: 0.2482, Adv: 0.0160) | Train Acc: 0.9922 | Val Acc: 1.0000 | Val P/R/F1 (Macro): 0.6429/0.6429/0.6429 | LR: 0.000003
Epoch [51/100] | Loss: 1.3699 (Cls: 1.2990, TAL: 0.2306, Adv: 0.0114) | Train Acc: 0.9922 | Val Acc: 1.0000 | Val P/R/F1 (Macro): 0.6429/0.6429/0.6429 | LR: 0.000003
Epoch [52/100] | Loss: 1.3643 (Cls: 1.2844, TAL: 0.2621, Adv: 0.0086) | Train Acc: 1.0000 | Val Acc: 1.0000 | Val P/R/F1 (Macro): 0.6429/0.6429/0.6429 | LR: 0.000003
Epoch [53/100] | Loss: 1.3367 (Cls: 1.2630, TAL: 0.2421, Adv: 0.0072) | Train Acc: 0.9844 | Val Acc: 1.0000 | Val P/R/F1 (Macro): 0.6429/0.6429/0.6429 | LR: 0.000003
Epoch [54/100] | Loss: 1.3361 (Cls: 1.2674, TAL: 0.2265, Adv: 0.0045) | Train Acc: 1.0000 | Val Acc: 1.0000 | Val P/R/F1 (Macro): 0.6429/0.6429/0.6429 | LR: 0.000003
Epoch [55/100] | Loss: 1.3101 (Cls: 1.2401, TAL: 0.2317, Adv: 0.0034) | Train Acc: 1.0000 | Val Acc: 1.0000 | Val P/R/F1 (Macro): 0.6429/0.6429/0.6429 | LR: 0.000003
Epoch [56/100] | Loss: 1.3257 (Cls: 1.2445, TAL: 0.2690, Adv: 0.0036) | Train Acc: 1.0000 | Val Acc: 1.0000 | Val P/R/F1 (Macro): 0.6429/0.6429/0.6429 | LR: 0.000001
Epoch [57/100] | Loss: 1.3168 (Cls: 1.2427, TAL: 0.2454, Adv: 0.0027) | Train Acc: 1.0000 | Val Acc: 1.0000 | Val P/R/F1 (Macro): 0.6429/0.6429/0.6429 | LR: 0.000001
Epoch [58/100] | Loss: 1.3069 (Cls: 1.2323, TAL: 0.2472, Adv: 0.0027) | Train Acc: 1.0000 | Val Acc: 1.0000 | Val P/R/F1 (Macro): 0.6429/0.6429/0.6429 | LR: 0.000001
Epoch [59/100] | Loss: 1.3641 (Cls: 1.2946, TAL: 0.2302, Adv: 0.0026) | Train Acc: 0.9766 | Val Acc: 1.0000 | Val P/R/F1 (Macro): 0.6429/0.6429/0.6429 | LR: 0.000001
Epoch [60/100] | Loss: 1.3097 (Cls: 1.2555, TAL: 0.1797, Adv: 0.0019) | Train Acc: 1.0000 | Val Acc: 1.0000 | Val P/R/F1 (Macro): 0.6429/0.6429/0.6429 | LR: 0.000001
Epoch [61/100] | Loss: 1.3046 (Cls: 1.2316, TAL: 0.2424, Adv: 0.0022) | Train Acc: 1.0000 | Val Acc: 1.0000 | Val P/R/F1 (Macro): 0.6429/0.6429/0.6429 | LR: 0.000001
Epoch [62/100] | Loss: 1.3005 (Cls: 1.2299, TAL: 0.2347, Adv: 0.0016) | Train Acc: 1.0000 | Val Acc: 1.0000 | Val P/R/F1 (Macro): 0.6429/0.6429/0.6429 | LR: 0.000001
Epoch [63/100] | Loss: 1.3077 (Cls: 1.2283, TAL: 0.2637, Adv: 0.0019) | Train Acc: 1.0000 | Val Acc: 1.0000 | Val P/R/F1 (Macro): 0.6429/0.6429/0.6429 | LR: 0.000001
Epoch [64/100] | Loss: 1.3199 (Cls: 1.2459, TAL: 0.2458, Adv: 0.0018) | Train Acc: 1.0000 | Val Acc: 1.0000 | Val P/R/F1 (Macro): 0.6429/0.6429/0.6429 | LR: 0.000001
Epoch [65/100] | Loss: 1.3323 (Cls: 1.2524, TAL: 0.2655, Adv: 0.0016) | Train Acc: 1.0000 | Val Acc: 1.0000 | Val P/R/F1 (Macro): 0.6429/0.6429/0.6429 | LR: 0.000001
Epoch [66/100] | Loss: 1.3036 (Cls: 1.2202, TAL: 0.2773, Adv: 0.0017) | Train Acc: 1.0000 | Val Acc: 1.0000 | Val P/R/F1 (Macro): 0.6429/0.6429/0.6429 | LR: 0.000001
Epoch [67/100] | Loss: 1.2914 (Cls: 1.2252, TAL: 0.2197, Adv: 0.0015) | Train Acc: 1.0000 | Val Acc: 1.0000 | Val P/R/F1 (Macro): 0.6429/0.6429/0.6429 | LR: 0.000001
Epoch [68/100] | Loss: 1.3422 (Cls: 1.2543, TAL: 0.2922, Adv: 0.0017) | Train Acc: 1.0000 | Val Acc: 1.0000 | Val P/R/F1 (Macro): 0.6429/0.6429/0.6429 | LR: 0.000001
Epoch [69/100] | Loss: 1.3085 (Cls: 1.2285, TAL: 0.2660, Adv: 0.0015) | Train Acc: 1.0000 | Val Acc: 1.0000 | Val P/R/F1 (Macro): 0.6429/0.6429/0.6429 | LR: 0.000001
Epoch [70/100] | Loss: 1.3250 (Cls: 1.2471, TAL: 0.2593, Adv: 0.0012) | Train Acc: 0.9922 | Val Acc: 1.0000 | Val P/R/F1 (Macro): 0.6429/0.6429/0.6429 | LR: 0.000001
Epoch [71/100] | Loss: 1.3071 (Cls: 1.2373, TAL: 0.2321, Adv: 0.0012) | Train Acc: 0.9922 | Val Acc: 1.0000 | Val P/R/F1 (Macro): 0.6429/0.6429/0.6429 | LR: 0.000001
Epoch [72/100] | Loss: 1.2965 (Cls: 1.2249, TAL: 0.2381, Adv: 0.0013) | Train Acc: 1.0000 | Val Acc: 1.0000 | Val P/R/F1 (Macro): 0.6429/0.6429/0.6429 | LR: 0.000001
Epoch [73/100] | Loss: 1.3266 (Cls: 1.2372, TAL: 0.2974, Adv: 0.0014) | Train Acc: 1.0000 | Val Acc: 1.0000 | Val P/R/F1 (Macro): 0.6429/0.6429/0.6429 | LR: 0.000001
Epoch [74/100] | Loss: 1.3512 (Cls: 1.2592, TAL: 0.3060, Adv: 0.0011) | Train Acc: 1.0000 | Val Acc: 1.0000 | Val P/R/F1 (Macro): 0.6429/0.6429/0.6429 | LR: 0.000001
Epoch [75/100] | Loss: 1.3177 (Cls: 1.2303, TAL: 0.2906, Adv: 0.0010) | Train Acc: 1.0000 | Val Acc: 1.0000 | Val P/R/F1 (Macro): 0.6429/0.6429/0.6429 | LR: 0.000001
Epoch [76/100] | Loss: 1.3083 (Cls: 1.2448, TAL: 0.2110, Adv: 0.0011) | Train Acc: 0.9922 | Val Acc: 1.0000 | Val P/R/F1 (Macro): 0.6429/0.6429/0.6429 | LR: 0.000001
Epoch [77/100] | Loss: 1.3043 (Cls: 1.2270, TAL: 0.2570, Adv: 0.0012) | Train Acc: 1.0000 | Val Acc: 1.0000 | Val P/R/F1 (Macro): 0.6429/0.6429/0.6429 | LR: 0.000001
Epoch [78/100] | Loss: 1.3120 (Cls: 1.2395, TAL: 0.2408, Adv: 0.0013) | Train Acc: 1.0000 | Val Acc: 1.0000 | Val P/R/F1 (Macro): 0.6429/0.6429/0.6429 | LR: 0.000001
Epoch [79/100] | Loss: 1.3066 (Cls: 1.2272, TAL: 0.2642, Adv: 0.0011) | Train Acc: 1.0000 | Val Acc: 1.0000 | Val P/R/F1 (Macro): 0.6429/0.6429/0.6429 | LR: 0.000001
Epoch [80/100] | Loss: 1.3066 (Cls: 1.2224, TAL: 0.2801, Adv: 0.0010) | Train Acc: 1.0000 | Val Acc: 1.0000 | Val P/R/F1 (Macro): 0.6429/0.6429/0.6429 | LR: 0.000001
Epoch [81/100] | Loss: 1.3140 (Cls: 1.2281, TAL: 0.2859, Adv: 0.0007) | Train Acc: 1.0000 | Val Acc: 1.0000 | Val P/R/F1 (Macro): 0.6429/0.6429/0.6429 | LR: 0.000001
Epoch [82/100] | Loss: 1.3018 (Cls: 1.2149, TAL: 0.2894, Adv: 0.0009) | Train Acc: 1.0000 | Val Acc: 1.0000 | Val P/R/F1 (Macro): 0.6429/0.6429/0.6429 | LR: 0.000001
Epoch [83/100] | Loss: 1.3032 (Cls: 1.2282, TAL: 0.2493, Adv: 0.0009) | Train Acc: 1.0000 | Val Acc: 1.0000 | Val P/R/F1 (Macro): 0.6429/0.6429/0.6429 | LR: 0.000001
Epoch [84/100] | Loss: 1.3091 (Cls: 1.2390, TAL: 0.2331, Adv: 0.0011) | Train Acc: 1.0000 | Val Acc: 1.0000 | Val P/R/F1 (Macro): 0.6429/0.6429/0.6429 | LR: 0.000001
Epoch [85/100] | Loss: 1.2796 (Cls: 1.2270, TAL: 0.1748, Adv: 0.0008) | Train Acc: 1.0000 | Val Acc: 1.0000 | Val P/R/F1 (Macro): 0.6429/0.6429/0.6429 | LR: 0.000001
Epoch [86/100] | Loss: 1.3251 (Cls: 1.2457, TAL: 0.2640, Adv: 0.0012) | Train Acc: 1.0000 | Val Acc: 1.0000 | Val P/R/F1 (Macro): 0.6429/0.6429/0.6429 | LR: 0.000001
Epoch [87/100] | Loss: 1.3263 (Cls: 1.2592, TAL: 0.2234, Adv: 0.0010) | Train Acc: 1.0000 | Val Acc: 1.0000 | Val P/R/F1 (Macro): 0.6429/0.6429/0.6429 | LR: 0.000001
Epoch [88/100] | Loss: 1.2958 (Cls: 1.2249, TAL: 0.2360, Adv: 0.0009) | Train Acc: 1.0000 | Val Acc: 1.0000 | Val P/R/F1 (Macro): 0.6429/0.6429/0.6429 | LR: 0.000001
Epoch [89/100] | Loss: 1.3099 (Cls: 1.2384, TAL: 0.2379, Adv: 0.0010) | Train Acc: 1.0000 | Val Acc: 1.0000 | Val P/R/F1 (Macro): 0.6429/0.6429/0.6429 | LR: 0.000001
Epoch [90/100] | Loss: 1.2914 (Cls: 1.2273, TAL: 0.2135, Adv: 0.0009) | Train Acc: 1.0000 | Val Acc: 1.0000 | Val P/R/F1 (Macro): 0.6429/0.6429/0.6429 | LR: 0.000001
Epoch [91/100] | Loss: 1.3137 (Cls: 1.2178, TAL: 0.3193, Adv: 0.0009) | Train Acc: 1.0000 | Val Acc: 1.0000 | Val P/R/F1 (Macro): 0.6429/0.6429/0.6429 | LR: 0.000001
Epoch [92/100] | Loss: 1.3170 (Cls: 1.2382, TAL: 0.2620, Adv: 0.0010) | Train Acc: 1.0000 | Val Acc: 1.0000 | Val P/R/F1 (Macro): 0.6429/0.6429/0.6429 | LR: 0.000001
Epoch [93/100] | Loss: 1.3070 (Cls: 1.2305, TAL: 0.2542, Adv: 0.0011) | Train Acc: 0.9922 | Val Acc: 1.0000 | Val P/R/F1 (Macro): 0.6429/0.6429/0.6429 | LR: 0.000001
Epoch [94/100] | Loss: 1.3108 (Cls: 1.2345, TAL: 0.2542, Adv: 0.0008) | Train Acc: 1.0000 | Val Acc: 1.0000 | Val P/R/F1 (Macro): 0.6429/0.6429/0.6429 | LR: 0.000001
Epoch [95/100] | Loss: 1.3076 (Cls: 1.2395, TAL: 0.2265, Adv: 0.0007) | Train Acc: 1.0000 | Val Acc: 1.0000 | Val P/R/F1 (Macro): 0.6429/0.6429/0.6429 | LR: 0.000001
Epoch [96/100] | Loss: 1.3205 (Cls: 1.2521, TAL: 0.2276, Adv: 0.0008) | Train Acc: 1.0000 | Val Acc: 1.0000 | Val P/R/F1 (Macro): 0.6429/0.6429/0.6429 | LR: 0.000001
Epoch [97/100] | Loss: 1.2881 (Cls: 1.2125, TAL: 0.2515, Adv: 0.0008) | Train Acc: 1.0000 | Val Acc: 1.0000 | Val P/R/F1 (Macro): 0.6429/0.6429/0.6429 | LR: 0.000001
Epoch [98/100] | Loss: 1.3037 (Cls: 1.2347, TAL: 0.2296, Adv: 0.0006) | Train Acc: 1.0000 | Val Acc: 1.0000 | Val P/R/F1 (Macro): 0.6429/0.6429/0.6429 | LR: 0.000001
Epoch [99/100] | Loss: 1.3270 (Cls: 1.2487, TAL: 0.2607, Adv: 0.0008) | Train Acc: 1.0000 | Val Acc: 1.0000 | Val P/R/F1 (Macro): 0.6429/0.6429/0.6429 | LR: 0.000001
Epoch [100/100] | Loss: 1.3067 (Cls: 1.2242, TAL: 0.2745, Adv: 0.0007) | Train Acc: 1.0000 | Val Acc: 1.0000 | Val P/R/F1 (Macro): 0.6429/0.6429/0.6429 | LR: 0.000001

迭代 1 最佳指标:
  Accuracy: 1.0000
  Precision (Macro): 0.6429
  Recall (Macro): 0.6429
  F1 (Macro): 0.6429
  Precision (Micro): 1.0000
  Recall (Micro): 1.0000
  F1 (Micro): 1.0000

================================================================================
迭代 2/5
随机种子: 43
================================================================================
Feature fusion: Tensor alignment (512+512 -> 128+128); fused_dim=256
Domain adaptation: standard source-target adversarial training, no generator
Loss weights: tensor=0.30, adv=0.15
Epoch [1/100] | Loss: 5.5962 (Cls: 5.5111, TAL: -0.0637, Adv: 0.6944) | Train Acc: 0.2188 | Val Acc: 0.2778 | Val P/R/F1 (Macro): 0.0744/0.1405/0.0916 | LR: 0.000010
  >>> New Best Val Acc: 0.2778
Epoch [2/100] | Loss: 4.3106 (Cls: 4.2742, TAL: 0.0446, Adv: 0.1532) | Train Acc: 0.3750 | Val Acc: 0.1667 | Val P/R/F1 (Macro): 0.0816/0.0952/0.0536 | LR: 0.000010
Epoch [3/100] | Loss: 3.7045 (Cls: 3.7013, TAL: -0.0195, Adv: 0.0607) | Train Acc: 0.4141 | Val Acc: 0.3611 | Val P/R/F1 (Macro): 0.3000/0.2679/0.2266 | LR: 0.000010
  >>> New Best Val Acc: 0.3611
Epoch [4/100] | Loss: 2.9910 (Cls: 3.0096, TAL: -0.0754, Adv: 0.0265) | Train Acc: 0.6016 | Val Acc: 0.4167 | Val P/R/F1 (Macro): 0.1595/0.2738/0.1939 | LR: 0.000010
  >>> New Best Val Acc: 0.4167
Epoch [5/100] | Loss: 2.7832 (Cls: 2.8143, TAL: -0.1167, Adv: 0.0259) | Train Acc: 0.7188 | Val Acc: 0.5000 | Val P/R/F1 (Macro): 0.2650/0.3065/0.2320 | LR: 0.000010
  >>> New Best Val Acc: 0.5000
Epoch [6/100] | Loss: 2.6147 (Cls: 2.6353, TAL: -0.0743, Adv: 0.0110) | Train Acc: 0.7266 | Val Acc: 0.5556 | Val P/R/F1 (Macro): 0.3472/0.3720/0.3150 | LR: 0.000010
  >>> New Best Val Acc: 0.5556
Epoch [7/100] | Loss: 2.2764 (Cls: 2.2970, TAL: -0.0724, Adv: 0.0079) | Train Acc: 0.7969 | Val Acc: 0.8611 | Val P/R/F1 (Macro): 0.5808/0.5810/0.5761 | LR: 0.000010
  >>> New Best Val Acc: 0.8611
Epoch [8/100] | Loss: 2.2182 (Cls: 2.2313, TAL: -0.0456, Adv: 0.0040) | Train Acc: 0.8594 | Val Acc: 0.6944 | Val P/R/F1 (Macro): 0.4343/0.4970/0.4415 | LR: 0.000010
Epoch [9/100] | Loss: 2.2211 (Cls: 2.2535, TAL: -0.1111, Adv: 0.0061) | Train Acc: 0.8203 | Val Acc: 0.8611 | Val P/R/F1 (Macro): 0.5464/0.5685/0.5403 | LR: 0.000010
Epoch [10/100] | Loss: 1.9441 (Cls: 1.9863, TAL: -0.1438, Adv: 0.0060) | Train Acc: 0.8672 | Val Acc: 0.8611 | Val P/R/F1 (Macro): 0.5565/0.5744/0.5582 | LR: 0.000010
Epoch [11/100] | Loss: 1.9697 (Cls: 2.0087, TAL: -0.1326, Adv: 0.0047) | Train Acc: 0.8594 | Val Acc: 0.8056 | Val P/R/F1 (Macro): 0.5321/0.5542/0.5196 | LR: 0.000010
Epoch [12/100] | Loss: 1.6710 (Cls: 1.7091, TAL: -0.1284, Adv: 0.0032) | Train Acc: 0.9141 | Val Acc: 0.9722 | Val P/R/F1 (Macro): 0.6286/0.6339/0.6302 | LR: 0.000010
  >>> New Best Val Acc: 0.9722
Epoch [13/100] | Loss: 1.6543 (Cls: 1.6746, TAL: -0.0686, Adv: 0.0018) | Train Acc: 0.9609 | Val Acc: 0.9722 | Val P/R/F1 (Macro): 0.6327/0.6339/0.6326 | LR: 0.000010
Epoch [14/100] | Loss: 1.6989 (Cls: 1.7379, TAL: -0.1309, Adv: 0.0018) | Train Acc: 0.9375 | Val Acc: 0.8611 | Val P/R/F1 (Macro): 0.5417/0.5774/0.5272 | LR: 0.000010
Epoch [15/100] | Loss: 1.8015 (Cls: 1.8140, TAL: -0.0424, Adv: 0.0020) | Train Acc: 0.9141 | Val Acc: 0.9167 | Val P/R/F1 (Macro): 0.5810/0.6018/0.5763 | LR: 0.000010
Epoch [16/100] | Loss: 1.5364 (Cls: 1.5848, TAL: -0.1619, Adv: 0.0011) | Train Acc: 0.9453 | Val Acc: 0.9167 | Val P/R/F1 (Macro): 0.5149/0.5506/0.5203 | LR: 0.000010
Epoch [17/100] | Loss: 1.6623 (Cls: 1.7174, TAL: -0.1843, Adv: 0.0013) | Train Acc: 0.8984 | Val Acc: 0.9444 | Val P/R/F1 (Macro): 0.6148/0.6196/0.6145 | LR: 0.000010
Epoch [18/100] | Loss: 1.5059 (Cls: 1.6027, TAL: -0.3236, Adv: 0.0015) | Train Acc: 0.9531 | Val Acc: 0.8056 | Val P/R/F1 (Macro): 0.5476/0.5661/0.5234 | LR: 0.000010
Epoch [19/100] | Loss: 1.4868 (Cls: 1.5757, TAL: -0.2971, Adv: 0.0013) | Train Acc: 0.9453 | Val Acc: 0.9444 | Val P/R/F1 (Macro): 0.5929/0.6107/0.5930 | LR: 0.000010
Epoch [20/100] | Loss: 1.3901 (Cls: 1.4614, TAL: -0.2381, Adv: 0.0010) | Train Acc: 0.9688 | Val Acc: 0.9722 | Val P/R/F1 (Macro): 0.6286/0.6286/0.6270 | LR: 0.000010
Epoch [21/100] | Loss: 1.4079 (Cls: 1.4314, TAL: -0.0795, Adv: 0.0022) | Train Acc: 0.9766 | Val Acc: 0.9167 | Val P/R/F1 (Macro): 0.5893/0.6071/0.5796 | LR: 0.000010
Epoch [22/100] | Loss: 1.4927 (Cls: 1.5259, TAL: -0.1115, Adv: 0.0012) | Train Acc: 0.9531 | Val Acc: 0.8889 | Val P/R/F1 (Macro): 0.5536/0.5893/0.5422 | LR: 0.000010
Epoch [23/100] | Loss: 1.5328 (Cls: 1.5578, TAL: -0.0839, Adv: 0.0013) | Train Acc: 0.9297 | Val Acc: 1.0000 | Val P/R/F1 (Macro): 0.6429/0.6429/0.6429 | LR: 0.000010
  >>> New Best Val Acc: 1.0000
Epoch [24/100] | Loss: 1.4677 (Cls: 1.5193, TAL: -0.1726, Adv: 0.0012) | Train Acc: 0.9531 | Val Acc: 0.9722 | Val P/R/F1 (Macro): 0.6071/0.6310/0.6126 | LR: 0.000010
Epoch [25/100] | Loss: 1.4378 (Cls: 1.4582, TAL: -0.0691, Adv: 0.0019) | Train Acc: 0.9922 | Val Acc: 1.0000 | Val P/R/F1 (Macro): 0.6429/0.6429/0.6429 | LR: 0.000010
Epoch [26/100] | Loss: 1.5444 (Cls: 1.5326, TAL: 0.0381, Adv: 0.0024) | Train Acc: 0.9453 | Val Acc: 1.0000 | Val P/R/F1 (Macro): 0.6429/0.6429/0.6429 | LR: 0.000010
Epoch [27/100] | Loss: 1.4183 (Cls: 1.4154, TAL: 0.0089, Adv: 0.0016) | Train Acc: 0.9766 | Val Acc: 1.0000 | Val P/R/F1 (Macro): 0.6429/0.6429/0.6429 | LR: 0.000010
Epoch [28/100] | Loss: 1.4913 (Cls: 1.4749, TAL: 0.0526, Adv: 0.0041) | Train Acc: 0.9766 | Val Acc: 0.9722 | Val P/R/F1 (Macro): 0.6071/0.6250/0.6088 | LR: 0.000010
Epoch [29/100] | Loss: 1.3583 (Cls: 1.3836, TAL: -0.0852, Adv: 0.0018) | Train Acc: 0.9844 | Val Acc: 0.8889 | Val P/R/F1 (Macro): 0.5857/0.5893/0.5612 | LR: 0.000010
Epoch [30/100] | Loss: 1.3964 (Cls: 1.4292, TAL: -0.1099, Adv: 0.0010) | Train Acc: 0.9766 | Val Acc: 0.9167 | Val P/R/F1 (Macro): 0.6122/0.6161/0.6069 | LR: 0.000010
Epoch [31/100] | Loss: 1.3484 (Cls: 1.4209, TAL: -0.2421, Adv: 0.0012) | Train Acc: 0.9688 | Val Acc: 1.0000 | Val P/R/F1 (Macro): 0.6429/0.6429/0.6429 | LR: 0.000010
Epoch [32/100] | Loss: 1.3448 (Cls: 1.4011, TAL: -0.1880, Adv: 0.0004) | Train Acc: 1.0000 | Val Acc: 0.9444 | Val P/R/F1 (Macro): 0.5952/0.6071/0.5833 | LR: 0.000010
Epoch [33/100] | Loss: 1.3044 (Cls: 1.3875, TAL: -0.2785, Adv: 0.0029) | Train Acc: 0.9844 | Val Acc: 0.9722 | Val P/R/F1 (Macro): 0.6071/0.6250/0.6088 | LR: 0.000010
Epoch [34/100] | Loss: 1.3139 (Cls: 1.4132, TAL: -0.3313, Adv: 0.0006) | Train Acc: 0.9922 | Val Acc: 0.9722 | Val P/R/F1 (Macro): 0.6286/0.6339/0.6302 | LR: 0.000005
Epoch [35/100] | Loss: 1.2496 (Cls: 1.3329, TAL: -0.2779, Adv: 0.0003) | Train Acc: 0.9922 | Val Acc: 0.9722 | Val P/R/F1 (Macro): 0.6286/0.6339/0.6302 | LR: 0.000005
Epoch [36/100] | Loss: 1.2159 (Cls: 1.3168, TAL: -0.3367, Adv: 0.0007) | Train Acc: 0.9922 | Val Acc: 1.0000 | Val P/R/F1 (Macro): 0.6429/0.6429/0.6429 | LR: 0.000005
Epoch [37/100] | Loss: 1.2120 (Cls: 1.2988, TAL: -0.2897, Adv: 0.0006) | Train Acc: 1.0000 | Val Acc: 1.0000 | Val P/R/F1 (Macro): 0.6429/0.6429/0.6429 | LR: 0.000005
Epoch [38/100] | Loss: 1.2174 (Cls: 1.2826, TAL: -0.2177, Adv: 0.0005) | Train Acc: 1.0000 | Val Acc: 1.0000 | Val P/R/F1 (Macro): 0.6429/0.6429/0.6429 | LR: 0.000005
Epoch [39/100] | Loss: 1.2149 (Cls: 1.2829, TAL: -0.2268, Adv: 0.0008) | Train Acc: 1.0000 | Val Acc: 1.0000 | Val P/R/F1 (Macro): 0.6429/0.6429/0.6429 | LR: 0.000005
Epoch [40/100] | Loss: 1.2204 (Cls: 1.2823, TAL: -0.2067, Adv: 0.0003) | Train Acc: 1.0000 | Val Acc: 1.0000 | Val P/R/F1 (Macro): 0.6429/0.6429/0.6429 | LR: 0.000005
Epoch [41/100] | Loss: 1.2181 (Cls: 1.2747, TAL: -0.1888, Adv: 0.0006) | Train Acc: 1.0000 | Val Acc: 1.0000 | Val P/R/F1 (Macro): 0.6429/0.6429/0.6429 | LR: 0.000005
Epoch [42/100] | Loss: 1.1935 (Cls: 1.2455, TAL: -0.1735, Adv: 0.0006) | Train Acc: 1.0000 | Val Acc: 1.0000 | Val P/R/F1 (Macro): 0.6429/0.6429/0.6429 | LR: 0.000005
Epoch [43/100] | Loss: 1.2777 (Cls: 1.3128, TAL: -0.1172, Adv: 0.0005) | Train Acc: 0.9844 | Val Acc: 1.0000 | Val P/R/F1 (Macro): 0.6429/0.6429/0.6429 | LR: 0.000005
Epoch [44/100] | Loss: 1.2209 (Cls: 1.2775, TAL: -0.1889, Adv: 0.0004) | Train Acc: 1.0000 | Val Acc: 1.0000 | Val P/R/F1 (Macro): 0.6429/0.6429/0.6429 | LR: 0.000005
Epoch [45/100] | Loss: 1.1993 (Cls: 1.2571, TAL: -0.1929, Adv: 0.0005) | Train Acc: 1.0000 | Val Acc: 1.0000 | Val P/R/F1 (Macro): 0.6429/0.6429/0.6429 | LR: 0.000003
Epoch [46/100] | Loss: 1.2426 (Cls: 1.2766, TAL: -0.1135, Adv: 0.0005) | Train Acc: 1.0000 | Val Acc: 1.0000 | Val P/R/F1 (Macro): 0.6429/0.6429/0.6429 | LR: 0.000003
Epoch [47/100] | Loss: 1.1816 (Cls: 1.2491, TAL: -0.2254, Adv: 0.0004) | Train Acc: 0.9922 | Val Acc: 1.0000 | Val P/R/F1 (Macro): 0.6429/0.6429/0.6429 | LR: 0.000003
Epoch [48/100] | Loss: 1.2350 (Cls: 1.2805, TAL: -0.1519, Adv: 0.0003) | Train Acc: 1.0000 | Val Acc: 1.0000 | Val P/R/F1 (Macro): 0.6429/0.6429/0.6429 | LR: 0.000003
Epoch [49/100] | Loss: 1.2269 (Cls: 1.2551, TAL: -0.0941, Adv: 0.0003) | Train Acc: 1.0000 | Val Acc: 1.0000 | Val P/R/F1 (Macro): 0.6429/0.6429/0.6429 | LR: 0.000003
Epoch [50/100] | Loss: 1.2314 (Cls: 1.2646, TAL: -0.1109, Adv: 0.0003) | Train Acc: 1.0000 | Val Acc: 1.0000 | Val P/R/F1 (Macro): 0.6429/0.6429/0.6429 | LR: 0.000003
Epoch [51/100] | Loss: 1.1900 (Cls: 1.2291, TAL: -0.1304, Adv: 0.0003) | Train Acc: 1.0000 | Val Acc: 1.0000 | Val P/R/F1 (Macro): 0.6429/0.6429/0.6429 | LR: 0.000003
Epoch [52/100] | Loss: 1.2425 (Cls: 1.2668, TAL: -0.0810, Adv: 0.0002) | Train Acc: 1.0000 | Val Acc: 1.0000 | Val P/R/F1 (Macro): 0.6429/0.6429/0.6429 | LR: 0.000003
Epoch [53/100] | Loss: 1.2751 (Cls: 1.2884, TAL: -0.0444, Adv: 0.0002) | Train Acc: 0.9922 | Val Acc: 1.0000 | Val P/R/F1 (Macro): 0.6429/0.6429/0.6429 | LR: 0.000003
Epoch [54/100] | Loss: 1.2480 (Cls: 1.2764, TAL: -0.0948, Adv: 0.0003) | Train Acc: 1.0000 | Val Acc: 1.0000 | Val P/R/F1 (Macro): 0.6429/0.6429/0.6429 | LR: 0.000003
Epoch [55/100] | Loss: 1.2238 (Cls: 1.2386, TAL: -0.0495, Adv: 0.0002) | Train Acc: 1.0000 | Val Acc: 1.0000 | Val P/R/F1 (Macro): 0.6429/0.6429/0.6429 | LR: 0.000003
Epoch [56/100] | Loss: 1.2072 (Cls: 1.2362, TAL: -0.0967, Adv: 0.0002) | Train Acc: 1.0000 | Val Acc: 1.0000 | Val P/R/F1 (Macro): 0.6429/0.6429/0.6429 | LR: 0.000001
Epoch [57/100] | Loss: 1.2559 (Cls: 1.2726, TAL: -0.0558, Adv: 0.0002) | Train Acc: 1.0000 | Val Acc: 1.0000 | Val P/R/F1 (Macro): 0.6429/0.6429/0.6429 | LR: 0.000001
Epoch [58/100] | Loss: 1.1993 (Cls: 1.2288, TAL: -0.0983, Adv: 0.0002) | Train Acc: 1.0000 | Val Acc: 1.0000 | Val P/R/F1 (Macro): 0.6429/0.6429/0.6429 | LR: 0.000001
Epoch [59/100] | Loss: 1.2044 (Cls: 1.2502, TAL: -0.1527, Adv: 0.0002) | Train Acc: 1.0000 | Val Acc: 1.0000 | Val P/R/F1 (Macro): 0.6429/0.6429/0.6429 | LR: 0.000001
Epoch [60/100] | Loss: 1.2014 (Cls: 1.2165, TAL: -0.0505, Adv: 0.0002) | Train Acc: 1.0000 | Val Acc: 1.0000 | Val P/R/F1 (Macro): 0.6429/0.6429/0.6429 | LR: 0.000001
Epoch [61/100] | Loss: 1.2100 (Cls: 1.2346, TAL: -0.0821, Adv: 0.0002) | Train Acc: 1.0000 | Val Acc: 1.0000 | Val P/R/F1 (Macro): 0.6429/0.6429/0.6429 | LR: 0.000001
Epoch [62/100] | Loss: 1.2252 (Cls: 1.2609, TAL: -0.1193, Adv: 0.0003) | Train Acc: 0.9922 | Val Acc: 1.0000 | Val P/R/F1 (Macro): 0.6429/0.6429/0.6429 | LR: 0.000001
Epoch [63/100] | Loss: 1.1951 (Cls: 1.2245, TAL: -0.0984, Adv: 0.0005) | Train Acc: 1.0000 | Val Acc: 1.0000 | Val P/R/F1 (Macro): 0.6429/0.6429/0.6429 | LR: 0.000001
Epoch [64/100] | Loss: 1.2417 (Cls: 1.2813, TAL: -0.1319, Adv: 0.0002) | Train Acc: 1.0000 | Val Acc: 1.0000 | Val P/R/F1 (Macro): 0.6429/0.6429/0.6429 | LR: 0.000001
Epoch [65/100] | Loss: 1.2392 (Cls: 1.2648, TAL: -0.0852, Adv: 0.0002) | Train Acc: 1.0000 | Val Acc: 1.0000 | Val P/R/F1 (Macro): 0.6429/0.6429/0.6429 | LR: 0.000001
Epoch [66/100] | Loss: 1.2016 (Cls: 1.2408, TAL: -0.1306, Adv: 0.0002) | Train Acc: 1.0000 | Val Acc: 1.0000 | Val P/R/F1 (Macro): 0.6429/0.6429/0.6429 | LR: 0.000001
Epoch [67/100] | Loss: 1.2139 (Cls: 1.2554, TAL: -0.1385, Adv: 0.0003) | Train Acc: 1.0000 | Val Acc: 1.0000 | Val P/R/F1 (Macro): 0.6429/0.6429/0.6429 | LR: 0.000001
Epoch [68/100] | Loss: 1.2016 (Cls: 1.2395, TAL: -0.1262, Adv: 0.0001) | Train Acc: 1.0000 | Val Acc: 1.0000 | Val P/R/F1 (Macro): 0.6429/0.6429/0.6429 | LR: 0.000001
Epoch [69/100] | Loss: 1.2409 (Cls: 1.2564, TAL: -0.0516, Adv: 0.0002) | Train Acc: 1.0000 | Val Acc: 1.0000 | Val P/R/F1 (Macro): 0.6429/0.6429/0.6429 | LR: 0.000001
Epoch [70/100] | Loss: 1.2217 (Cls: 1.2321, TAL: -0.0346, Adv: 0.0002) | Train Acc: 1.0000 | Val Acc: 1.0000 | Val P/R/F1 (Macro): 0.6429/0.6429/0.6429 | LR: 0.000001
Epoch [71/100] | Loss: 1.2147 (Cls: 1.2482, TAL: -0.1116, Adv: 0.0002) | Train Acc: 1.0000 | Val Acc: 1.0000 | Val P/R/F1 (Macro): 0.6429/0.6429/0.6429 | LR: 0.000001
Epoch [72/100] | Loss: 1.2123 (Cls: 1.2323, TAL: -0.0667, Adv: 0.0001) | Train Acc: 1.0000 | Val Acc: 1.0000 | Val P/R/F1 (Macro): 0.6429/0.6429/0.6429 | LR: 0.000001
Epoch [73/100] | Loss: 1.2396 (Cls: 1.2642, TAL: -0.0820, Adv: 0.0002) | Train Acc: 1.0000 | Val Acc: 1.0000 | Val P/R/F1 (Macro): 0.6429/0.6429/0.6429 | LR: 0.000001
Epoch [74/100] | Loss: 1.2061 (Cls: 1.2432, TAL: -0.1235, Adv: 0.0002) | Train Acc: 1.0000 | Val Acc: 1.0000 | Val P/R/F1 (Macro): 0.6429/0.6429/0.6429 | LR: 0.000001
Epoch [75/100] | Loss: 1.2032 (Cls: 1.2174, TAL: -0.0476, Adv: 0.0001) | Train Acc: 1.0000 | Val Acc: 1.0000 | Val P/R/F1 (Macro): 0.6429/0.6429/0.6429 | LR: 0.000001
Epoch [76/100] | Loss: 1.1925 (Cls: 1.2251, TAL: -0.1090, Adv: 0.0001) | Train Acc: 1.0000 | Val Acc: 1.0000 | Val P/R/F1 (Macro): 0.6429/0.6429/0.6429 | LR: 0.000001
Epoch [77/100] | Loss: 1.2153 (Cls: 1.2423, TAL: -0.0902, Adv: 0.0002) | Train Acc: 0.9922 | Val Acc: 1.0000 | Val P/R/F1 (Macro): 0.6429/0.6429/0.6429 | LR: 0.000001
Epoch [78/100] | Loss: 1.2309 (Cls: 1.2538, TAL: -0.0764, Adv: 0.0001) | Train Acc: 1.0000 | Val Acc: 1.0000 | Val P/R/F1 (Macro): 0.6429/0.6429/0.6429 | LR: 0.000001
Epoch [79/100] | Loss: 1.1807 (Cls: 1.2161, TAL: -0.1182, Adv: 0.0001) | Train Acc: 1.0000 | Val Acc: 1.0000 | Val P/R/F1 (Macro): 0.6429/0.6429/0.6429 | LR: 0.000001
Epoch [80/100] | Loss: 1.1739 (Cls: 1.2270, TAL: -0.1771, Adv: 0.0002) | Train Acc: 1.0000 | Val Acc: 1.0000 | Val P/R/F1 (Macro): 0.6429/0.6429/0.6429 | LR: 0.000001
Epoch [81/100] | Loss: 1.1972 (Cls: 1.2259, TAL: -0.0956, Adv: 0.0002) | Train Acc: 1.0000 | Val Acc: 1.0000 | Val P/R/F1 (Macro): 0.6429/0.6429/0.6429 | LR: 0.000001
Epoch [82/100] | Loss: 1.2040 (Cls: 1.2232, TAL: -0.0640, Adv: 0.0002) | Train Acc: 1.0000 | Val Acc: 1.0000 | Val P/R/F1 (Macro): 0.6429/0.6429/0.6429 | LR: 0.000001
Epoch [83/100] | Loss: 1.1771 (Cls: 1.2174, TAL: -0.1343, Adv: 0.0001) | Train Acc: 1.0000 | Val Acc: 1.0000 | Val P/R/F1 (Macro): 0.6429/0.6429/0.6429 | LR: 0.000001
Epoch [84/100] | Loss: 1.2176 (Cls: 1.2447, TAL: -0.0904, Adv: 0.0004) | Train Acc: 0.9922 | Val Acc: 1.0000 | Val P/R/F1 (Macro): 0.6429/0.6429/0.6429 | LR: 0.000001
Epoch [85/100] | Loss: 1.1788 (Cls: 1.2154, TAL: -0.1221, Adv: 0.0002) | Train Acc: 1.0000 | Val Acc: 1.0000 | Val P/R/F1 (Macro): 0.6429/0.6429/0.6429 | LR: 0.000001
Epoch [86/100] | Loss: 1.2105 (Cls: 1.2234, TAL: -0.0431, Adv: 0.0001) | Train Acc: 1.0000 | Val Acc: 1.0000 | Val P/R/F1 (Macro): 0.6429/0.6429/0.6429 | LR: 0.000001
Epoch [87/100] | Loss: 1.1974 (Cls: 1.2259, TAL: -0.0949, Adv: 0.0001) | Train Acc: 1.0000 | Val Acc: 1.0000 | Val P/R/F1 (Macro): 0.6429/0.6429/0.6429 | LR: 0.000001
Epoch [88/100] | Loss: 1.2153 (Cls: 1.2179, TAL: -0.0088, Adv: 0.0002) | Train Acc: 1.0000 | Val Acc: 1.0000 | Val P/R/F1 (Macro): 0.6429/0.6429/0.6429 | LR: 0.000001
Epoch [89/100] | Loss: 1.1989 (Cls: 1.2294, TAL: -0.1020, Adv: 0.0002) | Train Acc: 0.9922 | Val Acc: 1.0000 | Val P/R/F1 (Macro): 0.6429/0.6429/0.6429 | LR: 0.000001
Epoch [90/100] | Loss: 1.1650 (Cls: 1.2101, TAL: -0.1504, Adv: 0.0001) | Train Acc: 1.0000 | Val Acc: 1.0000 | Val P/R/F1 (Macro): 0.6429/0.6429/0.6429 | LR: 0.000001
Epoch [91/100] | Loss: 1.1707 (Cls: 1.2061, TAL: -0.1179, Adv: 0.0001) | Train Acc: 1.0000 | Val Acc: 1.0000 | Val P/R/F1 (Macro): 0.6429/0.6429/0.6429 | LR: 0.000001
Epoch [92/100] | Loss: 1.1955 (Cls: 1.2159, TAL: -0.0679, Adv: 0.0001) | Train Acc: 1.0000 | Val Acc: 1.0000 | Val P/R/F1 (Macro): 0.6429/0.6429/0.6429 | LR: 0.000001
Epoch [93/100] | Loss: 1.2054 (Cls: 1.2280, TAL: -0.0752, Adv: 0.0003) | Train Acc: 1.0000 | Val Acc: 1.0000 | Val P/R/F1 (Macro): 0.6429/0.6429/0.6429 | LR: 0.000001
Epoch [94/100] | Loss: 1.1936 (Cls: 1.1996, TAL: -0.0206, Adv: 0.0013) | Train Acc: 1.0000 | Val Acc: 1.0000 | Val P/R/F1 (Macro): 0.6429/0.6429/0.6429 | LR: 0.000001
Epoch [95/100] | Loss: 1.1929 (Cls: 1.2262, TAL: -0.1111, Adv: 0.0001) | Train Acc: 1.0000 | Val Acc: 1.0000 | Val P/R/F1 (Macro): 0.6429/0.6429/0.6429 | LR: 0.000001
Epoch [96/100] | Loss: 1.1749 (Cls: 1.2218, TAL: -0.1564, Adv: 0.0001) | Train Acc: 1.0000 | Val Acc: 1.0000 | Val P/R/F1 (Macro): 0.6429/0.6429/0.6429 | LR: 0.000001
Epoch [97/100] | Loss: 1.2351 (Cls: 1.2452, TAL: -0.0337, Adv: 0.0001) | Train Acc: 1.0000 | Val Acc: 1.0000 | Val P/R/F1 (Macro): 0.6429/0.6429/0.6429 | LR: 0.000001
Epoch [98/100] | Loss: 1.1826 (Cls: 1.2175, TAL: -0.1166, Adv: 0.0001) | Train Acc: 1.0000 | Val Acc: 1.0000 | Val P/R/F1 (Macro): 0.6429/0.6429/0.6429 | LR: 0.000001
Epoch [99/100] | Loss: 1.1852 (Cls: 1.2105, TAL: -0.0845, Adv: 0.0001) | Train Acc: 1.0000 | Val Acc: 1.0000 | Val P/R/F1 (Macro): 0.6429/0.6429/0.6429 | LR: 0.000001
Epoch [100/100] | Loss: 1.1911 (Cls: 1.2158, TAL: -0.0823, Adv: 0.0001) | Train Acc: 1.0000 | Val Acc: 1.0000 | Val P/R/F1 (Macro): 0.6429/0.6429/0.6429 | LR: 0.000001

迭代 2 最佳指标:
  Accuracy: 1.0000
  Precision (Macro): 0.6429
  Recall (Macro): 0.6429
  F1 (Macro): 0.6429
  Precision (Micro): 1.0000
  Recall (Micro): 1.0000
  F1 (Micro): 1.0000

================================================================================
迭代 3/5
随机种子: 44
================================================================================
Feature fusion: Tensor alignment (512+512 -> 128+128); fused_dim=256
Domain adaptation: standard source-target adversarial training, no generator
Loss weights: tensor=0.30, adv=0.15
Epoch [1/100] | Loss: 5.7661 (Cls: 5.6388, TAL: 0.0552, Adv: 0.7383) | Train Acc: 0.1875 | Val Acc: 0.3056 | Val P/R/F1 (Macro): 0.1310/0.1714/0.1374 | LR: 0.000010
  >>> New Best Val Acc: 0.3056
Epoch [2/100] | Loss: 4.1998 (Cls: 4.1305, TAL: 0.1212, Adv: 0.2197) | Train Acc: 0.3828 | Val Acc: 0.3611 | Val P/R/F1 (Macro): 0.1107/0.1893/0.1302 | LR: 0.000010
  >>> New Best Val Acc: 0.3611
Epoch [3/100] | Loss: 3.3044 (Cls: 3.2747, TAL: 0.0674, Adv: 0.0632) | Train Acc: 0.6172 | Val Acc: 0.6667 | Val P/R/F1 (Macro): 0.3443/0.3274/0.3074 | LR: 0.000010
  >>> New Best Val Acc: 0.6667
Epoch [4/100] | Loss: 3.1571 (Cls: 3.1306, TAL: 0.0748, Adv: 0.0268) | Train Acc: 0.5469 | Val Acc: 0.4722 | Val P/R/F1 (Macro): 0.2413/0.2268/0.1917 | LR: 0.000010
Epoch [5/100] | Loss: 2.8455 (Cls: 2.8522, TAL: -0.0290, Adv: 0.0134) | Train Acc: 0.6797 | Val Acc: 0.8889 | Val P/R/F1 (Macro): 0.5903/0.5899/0.5879 | LR: 0.000010
  >>> New Best Val Acc: 0.8889
Epoch [6/100] | Loss: 2.3382 (Cls: 2.3601, TAL: -0.0790, Adv: 0.0117) | Train Acc: 0.8281 | Val Acc: 0.6944 | Val P/R/F1 (Macro): 0.4634/0.4982/0.4509 | LR: 0.000010
Epoch [7/100] | Loss: 2.1750 (Cls: 2.1627, TAL: 0.0368, Adv: 0.0089) | Train Acc: 0.8594 | Val Acc: 0.8056 | Val P/R/F1 (Macro): 0.5214/0.5512/0.5009 | LR: 0.000010
Epoch [8/100] | Loss: 2.2822 (Cls: 2.2889, TAL: -0.0250, Adv: 0.0054) | Train Acc: 0.7812 | Val Acc: 0.7778 | Val P/R/F1 (Macro): 0.5111/0.5179/0.4671 | LR: 0.000010
Epoch [9/100] | Loss: 2.0325 (Cls: 2.0185, TAL: 0.0443, Adv: 0.0048) | Train Acc: 0.9141 | Val Acc: 0.8889 | Val P/R/F1 (Macro): 0.5969/0.5839/0.5804 | LR: 0.000010
Epoch [10/100] | Loss: 2.0827 (Cls: 2.0841, TAL: -0.0061, Adv: 0.0031) | Train Acc: 0.8203 | Val Acc: 0.8889 | Val P/R/F1 (Macro): 0.5857/0.5875/0.5763 | LR: 0.000010
Epoch [11/100] | Loss: 1.8052 (Cls: 1.8150, TAL: -0.0338, Adv: 0.0027) | Train Acc: 0.8984 | Val Acc: 0.9444 | Val P/R/F1 (Macro): 0.6220/0.6220/0.6220 | LR: 0.000010
  >>> New Best Val Acc: 0.9444
Epoch [12/100] | Loss: 1.8247 (Cls: 1.8240, TAL: 0.0014, Adv: 0.0016) | Train Acc: 0.9297 | Val Acc: 0.9444 | Val P/R/F1 (Macro): 0.6250/0.6161/0.6177 | LR: 0.000010
Epoch [13/100] | Loss: 1.7198 (Cls: 1.7027, TAL: 0.0563, Adv: 0.0014) | Train Acc: 0.9062 | Val Acc: 0.8333 | Val P/R/F1 (Macro): 0.5833/0.5685/0.5604 | LR: 0.000010
Epoch [14/100] | Loss: 1.6837 (Cls: 1.6819, TAL: 0.0053, Adv: 0.0014) | Train Acc: 0.9141 | Val Acc: 0.9167 | Val P/R/F1 (Macro): 0.5850/0.6161/0.5852 | LR: 0.000010
Epoch [15/100] | Loss: 1.5373 (Cls: 1.5233, TAL: 0.0458, Adv: 0.0015) | Train Acc: 0.9531 | Val Acc: 0.9444 | Val P/R/F1 (Macro): 0.5482/0.5625/0.5546 | LR: 0.000010
Epoch [16/100] | Loss: 1.5867 (Cls: 1.5814, TAL: 0.0169, Adv: 0.0021) | Train Acc: 0.9609 | Val Acc: 0.9722 | Val P/R/F1 (Macro): 0.6286/0.6339/0.6302 | LR: 0.000010
  >>> New Best Val Acc: 0.9722
Epoch [17/100] | Loss: 1.5482 (Cls: 1.5269, TAL: 0.0699, Adv: 0.0021) | Train Acc: 0.9766 | Val Acc: 0.9167 | Val P/R/F1 (Macro): 0.5750/0.6107/0.5828 | LR: 0.000010
Epoch [18/100] | Loss: 1.5202 (Cls: 1.4955, TAL: 0.0812, Adv: 0.0022) | Train Acc: 0.9766 | Val Acc: 0.9167 | Val P/R/F1 (Macro): 0.5750/0.6054/0.5783 | LR: 0.000010
Epoch [19/100] | Loss: 1.5517 (Cls: 1.5291, TAL: 0.0740, Adv: 0.0023) | Train Acc: 0.9609 | Val Acc: 0.9444 | Val P/R/F1 (Macro): 0.6184/0.6107/0.6113 | LR: 0.000010
Epoch [20/100] | Loss: 1.5906 (Cls: 1.5624, TAL: 0.0925, Adv: 0.0036) | Train Acc: 0.9766 | Val Acc: 0.9444 | Val P/R/F1 (Macro): 0.6206/0.6167/0.6163 | LR: 0.000010
Epoch [21/100] | Loss: 1.4819 (Cls: 1.4533, TAL: 0.0943, Adv: 0.0022) | Train Acc: 0.9844 | Val Acc: 1.0000 | Val P/R/F1 (Macro): 0.6429/0.6429/0.6429 | LR: 0.000010
  >>> New Best Val Acc: 1.0000
Epoch [22/100] | Loss: 1.5280 (Cls: 1.5211, TAL: 0.0214, Adv: 0.0036) | Train Acc: 0.9766 | Val Acc: 1.0000 | Val P/R/F1 (Macro): 0.6429/0.6429/0.6429 | LR: 0.000010
Epoch [23/100] | Loss: 1.4853 (Cls: 1.4913, TAL: -0.0206, Adv: 0.0012) | Train Acc: 0.9609 | Val Acc: 1.0000 | Val P/R/F1 (Macro): 0.6429/0.6429/0.6429 | LR: 0.000010
Epoch [24/100] | Loss: 1.4282 (Cls: 1.4272, TAL: 0.0022, Adv: 0.0021) | Train Acc: 0.9922 | Val Acc: 0.9722 | Val P/R/F1 (Macro): 0.6286/0.6286/0.6270 | LR: 0.000010
Epoch [25/100] | Loss: 1.4635 (Cls: 1.4722, TAL: -0.0316, Adv: 0.0050) | Train Acc: 0.9922 | Val Acc: 0.9722 | Val P/R/F1 (Macro): 0.6286/0.6286/0.6270 | LR: 0.000010
Epoch [26/100] | Loss: 1.3730 (Cls: 1.3905, TAL: -0.0593, Adv: 0.0016) | Train Acc: 1.0000 | Val Acc: 1.0000 | Val P/R/F1 (Macro): 0.6429/0.6429/0.6429 | LR: 0.000010
Epoch [27/100] | Loss: 1.4547 (Cls: 1.4476, TAL: 0.0230, Adv: 0.0015) | Train Acc: 0.9844 | Val Acc: 1.0000 | Val P/R/F1 (Macro): 0.6429/0.6429/0.6429 | LR: 0.000010
Epoch [28/100] | Loss: 1.4021 (Cls: 1.4084, TAL: -0.0222, Adv: 0.0030) | Train Acc: 0.9766 | Val Acc: 1.0000 | Val P/R/F1 (Macro): 0.6429/0.6429/0.6429 | LR: 0.000010
Epoch [29/100] | Loss: 1.4776 (Cls: 1.5067, TAL: -0.0987, Adv: 0.0034) | Train Acc: 0.9766 | Val Acc: 0.9722 | Val P/R/F1 (Macro): 0.6071/0.6250/0.6088 | LR: 0.000010
Epoch [30/100] | Loss: 1.4046 (Cls: 1.4506, TAL: -0.1538, Adv: 0.0012) | Train Acc: 0.9688 | Val Acc: 1.0000 | Val P/R/F1 (Macro): 0.6429/0.6429/0.6429 | LR: 0.000010
Epoch [31/100] | Loss: 1.3615 (Cls: 1.4195, TAL: -0.1938, Adv: 0.0013) | Train Acc: 0.9922 | Val Acc: 0.9444 | Val P/R/F1 (Macro): 0.6148/0.6196/0.6145 | LR: 0.000010
Epoch [32/100] | Loss: 1.3327 (Cls: 1.3868, TAL: -0.1808, Adv: 0.0013) | Train Acc: 1.0000 | Val Acc: 0.9722 | Val P/R/F1 (Macro): 0.6327/0.6339/0.6326 | LR: 0.000005
Epoch [33/100] | Loss: 1.2752 (Cls: 1.3441, TAL: -0.2301, Adv: 0.0008) | Train Acc: 1.0000 | Val Acc: 1.0000 | Val P/R/F1 (Macro): 0.6429/0.6429/0.6429 | LR: 0.000005
Epoch [34/100] | Loss: 1.2431 (Cls: 1.2957, TAL: -0.1759, Adv: 0.0007) | Train Acc: 1.0000 | Val Acc: 1.0000 | Val P/R/F1 (Macro): 0.6429/0.6429/0.6429 | LR: 0.000005
Epoch [35/100] | Loss: 1.2588 (Cls: 1.3203, TAL: -0.2055, Adv: 0.0004) | Train Acc: 1.0000 | Val Acc: 1.0000 | Val P/R/F1 (Macro): 0.6429/0.6429/0.6429 | LR: 0.000005
Epoch [36/100] | Loss: 1.2835 (Cls: 1.3231, TAL: -0.1323, Adv: 0.0005) | Train Acc: 1.0000 | Val Acc: 0.9722 | Val P/R/F1 (Macro): 0.6327/0.6339/0.6326 | LR: 0.000005
Epoch [37/100] | Loss: 1.2807 (Cls: 1.3257, TAL: -0.1506, Adv: 0.0006) | Train Acc: 0.9922 | Val Acc: 1.0000 | Val P/R/F1 (Macro): 0.6429/0.6429/0.6429 | LR: 0.000005
Epoch [38/100] | Loss: 1.2608 (Cls: 1.3002, TAL: -0.1314, Adv: 0.0007) | Train Acc: 0.9922 | Val Acc: 1.0000 | Val P/R/F1 (Macro): 0.6429/0.6429/0.6429 | LR: 0.000005
Epoch [39/100] | Loss: 1.2567 (Cls: 1.3436, TAL: -0.2900, Adv: 0.0007) | Train Acc: 0.9922 | Val Acc: 1.0000 | Val P/R/F1 (Macro): 0.6429/0.6429/0.6429 | LR: 0.000005
Epoch [40/100] | Loss: 1.1994 (Cls: 1.2692, TAL: -0.2332, Adv: 0.0008) | Train Acc: 1.0000 | Val Acc: 1.0000 | Val P/R/F1 (Macro): 0.6429/0.6429/0.6429 | LR: 0.000005
Epoch [41/100] | Loss: 1.2914 (Cls: 1.3426, TAL: -0.1710, Adv: 0.0005) | Train Acc: 0.9844 | Val Acc: 1.0000 | Val P/R/F1 (Macro): 0.6429/0.6429/0.6429 | LR: 0.000005
Epoch [42/100] | Loss: 1.2304 (Cls: 1.2858, TAL: -0.1848, Adv: 0.0004) | Train Acc: 1.0000 | Val Acc: 1.0000 | Val P/R/F1 (Macro): 0.6429/0.6429/0.6429 | LR: 0.000005
Epoch [43/100] | Loss: 1.2296 (Cls: 1.2860, TAL: -0.1884, Adv: 0.0008) | Train Acc: 1.0000 | Val Acc: 1.0000 | Val P/R/F1 (Macro): 0.6429/0.6429/0.6429 | LR: 0.000003
Epoch [44/100] | Loss: 1.2500 (Cls: 1.2865, TAL: -0.1218, Adv: 0.0004) | Train Acc: 1.0000 | Val Acc: 1.0000 | Val P/R/F1 (Macro): 0.6429/0.6429/0.6429 | LR: 0.000003
Epoch [45/100] | Loss: 1.2340 (Cls: 1.2992, TAL: -0.2180, Adv: 0.0020) | Train Acc: 1.0000 | Val Acc: 1.0000 | Val P/R/F1 (Macro): 0.6429/0.6429/0.6429 | LR: 0.000003
Epoch [46/100] | Loss: 1.2245 (Cls: 1.2599, TAL: -0.1184, Adv: 0.0004) | Train Acc: 1.0000 | Val Acc: 0.9722 | Val P/R/F1 (Macro): 0.6327/0.6339/0.6326 | LR: 0.000003
Epoch [47/100] | Loss: 1.2391 (Cls: 1.2834, TAL: -0.1478, Adv: 0.0003) | Train Acc: 1.0000 | Val Acc: 0.9722 | Val P/R/F1 (Macro): 0.6327/0.6339/0.6326 | LR: 0.000003
Epoch [48/100] | Loss: 1.2094 (Cls: 1.2561, TAL: -0.1558, Adv: 0.0002) | Train Acc: 1.0000 | Val Acc: 0.9722 | Val P/R/F1 (Macro): 0.6327/0.6339/0.6326 | LR: 0.000003
Epoch [49/100] | Loss: 1.2656 (Cls: 1.2913, TAL: -0.0860, Adv: 0.0003) | Train Acc: 0.9922 | Val Acc: 0.9722 | Val P/R/F1 (Macro): 0.6327/0.6339/0.6326 | LR: 0.000003
Epoch [50/100] | Loss: 1.2254 (Cls: 1.2920, TAL: -0.2223, Adv: 0.0003) | Train Acc: 1.0000 | Val Acc: 1.0000 | Val P/R/F1 (Macro): 0.6429/0.6429/0.6429 | LR: 0.000003
Epoch [51/100] | Loss: 1.1856 (Cls: 1.2456, TAL: -0.2003, Adv: 0.0004) | Train Acc: 1.0000 | Val Acc: 1.0000 | Val P/R/F1 (Macro): 0.6429/0.6429/0.6429 | LR: 0.000003
Epoch [52/100] | Loss: 1.2094 (Cls: 1.2353, TAL: -0.0865, Adv: 0.0002) | Train Acc: 1.0000 | Val Acc: 1.0000 | Val P/R/F1 (Macro): 0.6429/0.6429/0.6429 | LR: 0.000003
Epoch [53/100] | Loss: 1.2108 (Cls: 1.2608, TAL: -0.1669, Adv: 0.0003) | Train Acc: 1.0000 | Val Acc: 1.0000 | Val P/R/F1 (Macro): 0.6429/0.6429/0.6429 | LR: 0.000003
Epoch [54/100] | Loss: 1.2005 (Cls: 1.2460, TAL: -0.1517, Adv: 0.0003) | Train Acc: 1.0000 | Val Acc: 1.0000 | Val P/R/F1 (Macro): 0.6429/0.6429/0.6429 | LR: 0.000001
Epoch [55/100] | Loss: 1.2064 (Cls: 1.2560, TAL: -0.1655, Adv: 0.0004) | Train Acc: 1.0000 | Val Acc: 1.0000 | Val P/R/F1 (Macro): 0.6429/0.6429/0.6429 | LR: 0.000001
Epoch [56/100] | Loss: 1.2524 (Cls: 1.2823, TAL: -0.0999, Adv: 0.0003) | Train Acc: 1.0000 | Val Acc: 0.9722 | Val P/R/F1 (Macro): 0.6327/0.6339/0.6326 | LR: 0.000001
Epoch [57/100] | Loss: 1.1784 (Cls: 1.2388, TAL: -0.2014, Adv: 0.0003) | Train Acc: 1.0000 | Val Acc: 0.9722 | Val P/R/F1 (Macro): 0.6327/0.6339/0.6326 | LR: 0.000001
Epoch [58/100] | Loss: 1.2323 (Cls: 1.2972, TAL: -0.2164, Adv: 0.0002) | Train Acc: 1.0000 | Val Acc: 1.0000 | Val P/R/F1 (Macro): 0.6429/0.6429/0.6429 | LR: 0.000001
Epoch [59/100] | Loss: 1.2048 (Cls: 1.2514, TAL: -0.1552, Adv: 0.0002) | Train Acc: 1.0000 | Val Acc: 0.9722 | Val P/R/F1 (Macro): 0.6327/0.6339/0.6326 | LR: 0.000001
Epoch [60/100] | Loss: 1.1837 (Cls: 1.2515, TAL: -0.2262, Adv: 0.0003) | Train Acc: 1.0000 | Val Acc: 0.9722 | Val P/R/F1 (Macro): 0.6327/0.6339/0.6326 | LR: 0.000001
Epoch [61/100] | Loss: 1.1656 (Cls: 1.2359, TAL: -0.2345, Adv: 0.0002) | Train Acc: 1.0000 | Val Acc: 0.9722 | Val P/R/F1 (Macro): 0.6327/0.6339/0.6326 | LR: 0.000001
Epoch [62/100] | Loss: 1.2080 (Cls: 1.2523, TAL: -0.1476, Adv: 0.0003) | Train Acc: 0.9922 | Val Acc: 0.9722 | Val P/R/F1 (Macro): 0.6327/0.6339/0.6326 | LR: 0.000001
Epoch [63/100] | Loss: 1.1779 (Cls: 1.2276, TAL: -0.1658, Adv: 0.0002) | Train Acc: 1.0000 | Val Acc: 0.9722 | Val P/R/F1 (Macro): 0.6327/0.6339/0.6326 | LR: 0.000001
Epoch [64/100] | Loss: 1.2148 (Cls: 1.2679, TAL: -0.1771, Adv: 0.0002) | Train Acc: 1.0000 | Val Acc: 0.9722 | Val P/R/F1 (Macro): 0.6327/0.6339/0.6326 | LR: 0.000001
Epoch [65/100] | Loss: 1.1882 (Cls: 1.2501, TAL: -0.2066, Adv: 0.0005) | Train Acc: 1.0000 | Val Acc: 0.9722 | Val P/R/F1 (Macro): 0.6327/0.6339/0.6326 | LR: 0.000001
Epoch [66/100] | Loss: 1.2142 (Cls: 1.2696, TAL: -0.1848, Adv: 0.0002) | Train Acc: 0.9922 | Val Acc: 0.9722 | Val P/R/F1 (Macro): 0.6327/0.6339/0.6326 | LR: 0.000001
Epoch [67/100] | Loss: 1.1651 (Cls: 1.2216, TAL: -0.1882, Adv: 0.0001) | Train Acc: 1.0000 | Val Acc: 0.9722 | Val P/R/F1 (Macro): 0.6327/0.6339/0.6326 | LR: 0.000001
Epoch [68/100] | Loss: 1.2106 (Cls: 1.2550, TAL: -0.1482, Adv: 0.0002) | Train Acc: 0.9922 | Val Acc: 0.9722 | Val P/R/F1 (Macro): 0.6327/0.6339/0.6326 | LR: 0.000001
Epoch [69/100] | Loss: 1.1587 (Cls: 1.2285, TAL: -0.2329, Adv: 0.0003) | Train Acc: 1.0000 | Val Acc: 0.9722 | Val P/R/F1 (Macro): 0.6327/0.6339/0.6326 | LR: 0.000001
Epoch [70/100] | Loss: 1.2132 (Cls: 1.2525, TAL: -0.1312, Adv: 0.0003) | Train Acc: 1.0000 | Val Acc: 0.9722 | Val P/R/F1 (Macro): 0.6327/0.6339/0.6326 | LR: 0.000001
Epoch [71/100] | Loss: 1.1728 (Cls: 1.2335, TAL: -0.2024, Adv: 0.0002) | Train Acc: 1.0000 | Val Acc: 0.9722 | Val P/R/F1 (Macro): 0.6327/0.6339/0.6326 | LR: 0.000001
Epoch [72/100] | Loss: 1.2144 (Cls: 1.2670, TAL: -0.1753, Adv: 0.0001) | Train Acc: 1.0000 | Val Acc: 0.9722 | Val P/R/F1 (Macro): 0.6327/0.6339/0.6326 | LR: 0.000001
Epoch [73/100] | Loss: 1.2126 (Cls: 1.2577, TAL: -0.1505, Adv: 0.0002) | Train Acc: 1.0000 | Val Acc: 0.9722 | Val P/R/F1 (Macro): 0.6327/0.6339/0.6326 | LR: 0.000001
Epoch [74/100] | Loss: 1.2030 (Cls: 1.2279, TAL: -0.0830, Adv: 0.0003) | Train Acc: 1.0000 | Val Acc: 0.9722 | Val P/R/F1 (Macro): 0.6327/0.6339/0.6326 | LR: 0.000001
Epoch [75/100] | Loss: 1.1923 (Cls: 1.2680, TAL: -0.2523, Adv: 0.0002) | Train Acc: 0.9922 | Val Acc: 0.9722 | Val P/R/F1 (Macro): 0.6327/0.6339/0.6326 | LR: 0.000001
Epoch [76/100] | Loss: 1.2363 (Cls: 1.2704, TAL: -0.1136, Adv: 0.0001) | Train Acc: 1.0000 | Val Acc: 0.9722 | Val P/R/F1 (Macro): 0.6327/0.6339/0.6326 | LR: 0.000001
Epoch [77/100] | Loss: 1.1837 (Cls: 1.2365, TAL: -0.1759, Adv: 0.0002) | Train Acc: 1.0000 | Val Acc: 0.9722 | Val P/R/F1 (Macro): 0.6327/0.6339/0.6326 | LR: 0.000001
Epoch [78/100] | Loss: 1.1859 (Cls: 1.2391, TAL: -0.1776, Adv: 0.0002) | Train Acc: 1.0000 | Val Acc: 0.9722 | Val P/R/F1 (Macro): 0.6327/0.6339/0.6326 | LR: 0.000001
Epoch [79/100] | Loss: 1.1931 (Cls: 1.2412, TAL: -0.1603, Adv: 0.0002) | Train Acc: 1.0000 | Val Acc: 1.0000 | Val P/R/F1 (Macro): 0.6429/0.6429/0.6429 | LR: 0.000001
Epoch [80/100] | Loss: 1.1624 (Cls: 1.2257, TAL: -0.2112, Adv: 0.0001) | Train Acc: 1.0000 | Val Acc: 1.0000 | Val P/R/F1 (Macro): 0.6429/0.6429/0.6429 | LR: 0.000001
Epoch [81/100] | Loss: 1.2106 (Cls: 1.2339, TAL: -0.0778, Adv: 0.0002) | Train Acc: 1.0000 | Val Acc: 1.0000 | Val P/R/F1 (Macro): 0.6429/0.6429/0.6429 | LR: 0.000001
Epoch [82/100] | Loss: 1.2089 (Cls: 1.2556, TAL: -0.1559, Adv: 0.0003) | Train Acc: 1.0000 | Val Acc: 1.0000 | Val P/R/F1 (Macro): 0.6429/0.6429/0.6429 | LR: 0.000001
Epoch [83/100] | Loss: 1.2142 (Cls: 1.2537, TAL: -0.1317, Adv: 0.0003) | Train Acc: 0.9922 | Val Acc: 1.0000 | Val P/R/F1 (Macro): 0.6429/0.6429/0.6429 | LR: 0.000001
Epoch [84/100] | Loss: 1.1750 (Cls: 1.2353, TAL: -0.2009, Adv: 0.0001) | Train Acc: 1.0000 | Val Acc: 1.0000 | Val P/R/F1 (Macro): 0.6429/0.6429/0.6429 | LR: 0.000001
Epoch [85/100] | Loss: 1.1987 (Cls: 1.2359, TAL: -0.1239, Adv: 0.0002) | Train Acc: 1.0000 | Val Acc: 0.9722 | Val P/R/F1 (Macro): 0.6327/0.6339/0.6326 | LR: 0.000001
Epoch [86/100] | Loss: 1.2032 (Cls: 1.2487, TAL: -0.1518, Adv: 0.0002) | Train Acc: 1.0000 | Val Acc: 0.9722 | Val P/R/F1 (Macro): 0.6327/0.6339/0.6326 | LR: 0.000001
Epoch [87/100] | Loss: 1.1534 (Cls: 1.2153, TAL: -0.2065, Adv: 0.0004) | Train Acc: 1.0000 | Val Acc: 0.9722 | Val P/R/F1 (Macro): 0.6327/0.6339/0.6326 | LR: 0.000001
Epoch [88/100] | Loss: 1.1694 (Cls: 1.2254, TAL: -0.1865, Adv: 0.0001) | Train Acc: 0.9922 | Val Acc: 0.9722 | Val P/R/F1 (Macro): 0.6327/0.6339/0.6326 | LR: 0.000001
Epoch [89/100] | Loss: 1.1782 (Cls: 1.2379, TAL: -0.1991, Adv: 0.0002) | Train Acc: 1.0000 | Val Acc: 0.9722 | Val P/R/F1 (Macro): 0.6327/0.6339/0.6326 | LR: 0.000001
Epoch [90/100] | Loss: 1.2044 (Cls: 1.2407, TAL: -0.1211, Adv: 0.0001) | Train Acc: 1.0000 | Val Acc: 0.9722 | Val P/R/F1 (Macro): 0.6327/0.6339/0.6326 | LR: 0.000001
Epoch [91/100] | Loss: 1.2054 (Cls: 1.2401, TAL: -0.1158, Adv: 0.0002) | Train Acc: 1.0000 | Val Acc: 0.9722 | Val P/R/F1 (Macro): 0.6327/0.6339/0.6326 | LR: 0.000001
Epoch [92/100] | Loss: 1.1871 (Cls: 1.2386, TAL: -0.1715, Adv: 0.0002) | Train Acc: 1.0000 | Val Acc: 0.9722 | Val P/R/F1 (Macro): 0.6327/0.6339/0.6326 | LR: 0.000001
Epoch [93/100] | Loss: 1.1575 (Cls: 1.2270, TAL: -0.2318, Adv: 0.0002) | Train Acc: 1.0000 | Val Acc: 0.9722 | Val P/R/F1 (Macro): 0.6327/0.6339/0.6326 | LR: 0.000001
Epoch [94/100] | Loss: 1.1627 (Cls: 1.2251, TAL: -0.2081, Adv: 0.0002) | Train Acc: 1.0000 | Val Acc: 1.0000 | Val P/R/F1 (Macro): 0.6429/0.6429/0.6429 | LR: 0.000001
Epoch [95/100] | Loss: 1.1654 (Cls: 1.2260, TAL: -0.2023, Adv: 0.0002) | Train Acc: 1.0000 | Val Acc: 1.0000 | Val P/R/F1 (Macro): 0.6429/0.6429/0.6429 | LR: 0.000001
Epoch [96/100] | Loss: 1.1774 (Cls: 1.2342, TAL: -0.1896, Adv: 0.0001) | Train Acc: 1.0000 | Val Acc: 1.0000 | Val P/R/F1 (Macro): 0.6429/0.6429/0.6429 | LR: 0.000001
Epoch [97/100] | Loss: 1.1978 (Cls: 1.2482, TAL: -0.1680, Adv: 0.0001) | Train Acc: 1.0000 | Val Acc: 1.0000 | Val P/R/F1 (Macro): 0.6429/0.6429/0.6429 | LR: 0.000001
Epoch [98/100] | Loss: 1.2109 (Cls: 1.2631, TAL: -0.1741, Adv: 0.0001) | Train Acc: 1.0000 | Val Acc: 0.9722 | Val P/R/F1 (Macro): 0.6327/0.6339/0.6326 | LR: 0.000001
Epoch [99/100] | Loss: 1.1904 (Cls: 1.2344, TAL: -0.1470, Adv: 0.0002) | Train Acc: 1.0000 | Val Acc: 0.9722 | Val P/R/F1 (Macro): 0.6327/0.6339/0.6326 | LR: 0.000001
Epoch [100/100] | Loss: 1.1574 (Cls: 1.2064, TAL: -0.1633, Adv: 0.0001) | Train Acc: 1.0000 | Val Acc: 0.9722 | Val P/R/F1 (Macro): 0.6327/0.6339/0.6326 | LR: 0.000001

迭代 3 最佳指标:
  Accuracy: 1.0000
  Precision (Macro): 0.6429
  Recall (Macro): 0.6429
  F1 (Macro): 0.6429
  Precision (Micro): 1.0000
  Recall (Micro): 1.0000
  F1 (Micro): 1.0000

================================================================================
迭代 4/5
随机种子: 45
================================================================================
Feature fusion: Tensor alignment (512+512 -> 128+128); fused_dim=256
Domain adaptation: standard source-target adversarial training, no generator
Loss weights: tensor=0.30, adv=0.15
Epoch [1/100] | Loss: 5.9157 (Cls: 5.8953, TAL: -0.1652, Adv: 0.4663) | Train Acc: 0.2109 | Val Acc: 0.1389 | Val P/R/F1 (Macro): 0.0804/0.0952/0.0516 | LR: 0.000010
  >>> New Best Val Acc: 0.1389
Epoch [2/100] | Loss: 4.2737 (Cls: 4.3363, TAL: -0.2980, Adv: 0.1783) | Train Acc: 0.4141 | Val Acc: 0.3056 | Val P/R/F1 (Macro): 0.1735/0.1845/0.1502 | LR: 0.000010
  >>> New Best Val Acc: 0.3056
Epoch [3/100] | Loss: 3.3490 (Cls: 3.4795, TAL: -0.4691, Adv: 0.0678) | Train Acc: 0.5469 | Val Acc: 0.2778 | Val P/R/F1 (Macro): 0.1310/0.1488/0.1134 | LR: 0.000010
Epoch [4/100] | Loss: 3.0647 (Cls: 3.1226, TAL: -0.2086, Adv: 0.0313) | Train Acc: 0.6328 | Val Acc: 0.3889 | Val P/R/F1 (Macro): 0.2591/0.2560/0.2137 | LR: 0.000010
  >>> New Best Val Acc: 0.3889
Epoch [5/100] | Loss: 2.6286 (Cls: 2.6731, TAL: -0.1562, Adv: 0.0153) | Train Acc: 0.7422 | Val Acc: 0.7778 | Val P/R/F1 (Macro): 0.5079/0.4524/0.4503 | LR: 0.000010
  >>> New Best Val Acc: 0.7778
Epoch [6/100] | Loss: 2.5300 (Cls: 2.5738, TAL: -0.1509, Adv: 0.0099) | Train Acc: 0.7578 | Val Acc: 0.8333 | Val P/R/F1 (Macro): 0.5202/0.4821/0.4837 | LR: 0.000010
  >>> New Best Val Acc: 0.8333
Epoch [7/100] | Loss: 2.0965 (Cls: 2.1397, TAL: -0.1458, Adv: 0.0032) | Train Acc: 0.8281 | Val Acc: 0.9444 | Val P/R/F1 (Macro): 0.5893/0.6196/0.5961 | LR: 0.000010
  >>> New Best Val Acc: 0.9444
Epoch [8/100] | Loss: 1.9517 (Cls: 2.0052, TAL: -0.1795, Adv: 0.0024) | Train Acc: 0.8984 | Val Acc: 0.9167 | Val P/R/F1 (Macro): 0.6131/0.5982/0.5976 | LR: 0.000010
Epoch [9/100] | Loss: 1.8217 (Cls: 1.8911, TAL: -0.2328, Adv: 0.0031) | Train Acc: 0.9062 | Val Acc: 0.8333 | Val P/R/F1 (Macro): 0.5115/0.4946/0.4865 | LR: 0.000010
Epoch [10/100] | Loss: 1.7029 (Cls: 1.7910, TAL: -0.2949, Adv: 0.0023) | Train Acc: 0.9219 | Val Acc: 0.8611 | Val P/R/F1 (Macro): 0.5646/0.5714/0.5489 | LR: 0.000010
Epoch [11/100] | Loss: 1.7632 (Cls: 1.8366, TAL: -0.2459, Adv: 0.0019) | Train Acc: 0.8750 | Val Acc: 0.9444 | Val P/R/F1 (Macro): 0.6184/0.6196/0.6167 | LR: 0.000010
Epoch [12/100] | Loss: 1.6263 (Cls: 1.6935, TAL: -0.2248, Adv: 0.0014) | Train Acc: 0.9219 | Val Acc: 0.8611 | Val P/R/F1 (Macro): 0.5918/0.5661/0.5621 | LR: 0.000010
Epoch [13/100] | Loss: 1.5586 (Cls: 1.6398, TAL: -0.2714, Adv: 0.0015) | Train Acc: 0.9609 | Val Acc: 0.8611 | Val P/R/F1 (Macro): 0.5672/0.5714/0.5438 | LR: 0.000010
Epoch [14/100] | Loss: 1.4902 (Cls: 1.5719, TAL: -0.2734, Adv: 0.0016) | Train Acc: 0.9766 | Val Acc: 0.5278 | Val P/R/F1 (Macro): 0.5055/0.4262/0.3576 | LR: 0.000010
Epoch [15/100] | Loss: 1.5467 (Cls: 1.5911, TAL: -0.1497, Adv: 0.0030) | Train Acc: 0.9688 | Val Acc: 0.8889 | Val P/R/F1 (Macro): 0.5456/0.5869/0.5484 | LR: 0.000010
Epoch [16/100] | Loss: 1.5188 (Cls: 1.5802, TAL: -0.2053, Adv: 0.0010) | Train Acc: 0.9609 | Val Acc: 0.9167 | Val P/R/F1 (Macro): 0.6131/0.5982/0.5976 | LR: 0.000010
Epoch [17/100] | Loss: 1.5063 (Cls: 1.5327, TAL: -0.0886, Adv: 0.0012) | Train Acc: 0.9766 | Val Acc: 0.9167 | Val P/R/F1 (Macro): 0.5893/0.6071/0.5884 | LR: 0.000010
Epoch [18/100] | Loss: 1.4532 (Cls: 1.4906, TAL: -0.1253, Adv: 0.0011) | Train Acc: 0.9922 | Val Acc: 0.9167 | Val P/R/F1 (Macro): 0.5791/0.6107/0.5852 | LR: 0.000005
Epoch [19/100] | Loss: 1.4395 (Cls: 1.4569, TAL: -0.0587, Adv: 0.0010) | Train Acc: 0.9609 | Val Acc: 0.9722 | Val P/R/F1 (Macro): 0.6250/0.6286/0.6247 | LR: 0.000005
  >>> New Best Val Acc: 0.9722
Epoch [20/100] | Loss: 1.3727 (Cls: 1.4055, TAL: -0.1099, Adv: 0.0011) | Train Acc: 0.9844 | Val Acc: 1.0000 | Val P/R/F1 (Macro): 0.6429/0.6429/0.6429 | LR: 0.000005
  >>> New Best Val Acc: 1.0000
Epoch [21/100] | Loss: 1.4207 (Cls: 1.4244, TAL: -0.0127, Adv: 0.0008) | Train Acc: 0.9453 | Val Acc: 0.9444 | Val P/R/F1 (Macro): 0.5969/0.6161/0.5986 | LR: 0.000005
Epoch [22/100] | Loss: 1.4263 (Cls: 1.4501, TAL: -0.0799, Adv: 0.0013) | Train Acc: 0.9844 | Val Acc: 0.9444 | Val P/R/F1 (Macro): 0.6148/0.6196/0.6145 | LR: 0.000005
Epoch [23/100] | Loss: 1.4512 (Cls: 1.4545, TAL: -0.0116, Adv: 0.0009) | Train Acc: 0.9922 | Val Acc: 0.9444 | Val P/R/F1 (Macro): 0.6148/0.6196/0.6145 | LR: 0.000005
Epoch [24/100] | Loss: 1.4360 (Cls: 1.4411, TAL: -0.0170, Adv: 0.0005) | Train Acc: 1.0000 | Val Acc: 0.9722 | Val P/R/F1 (Macro): 0.6250/0.6286/0.6247 | LR: 0.000005
Epoch [25/100] | Loss: 1.3554 (Cls: 1.3842, TAL: -0.0965, Adv: 0.0007) | Train Acc: 0.9844 | Val Acc: 1.0000 | Val P/R/F1 (Macro): 0.6429/0.6429/0.6429 | LR: 0.000005
Epoch [26/100] | Loss: 1.3856 (Cls: 1.3942, TAL: -0.0288, Adv: 0.0005) | Train Acc: 0.9922 | Val Acc: 1.0000 | Val P/R/F1 (Macro): 0.6429/0.6429/0.6429 | LR: 0.000005
Epoch [27/100] | Loss: 1.4208 (Cls: 1.3976, TAL: 0.0770, Adv: 0.0004) | Train Acc: 0.9766 | Val Acc: 1.0000 | Val P/R/F1 (Macro): 0.6429/0.6429/0.6429 | LR: 0.000005
Epoch [28/100] | Loss: 1.3929 (Cls: 1.3733, TAL: 0.0650, Adv: 0.0006) | Train Acc: 0.9844 | Val Acc: 0.9722 | Val P/R/F1 (Macro): 0.6327/0.6339/0.6326 | LR: 0.000005
Epoch [29/100] | Loss: 1.3513 (Cls: 1.3186, TAL: 0.1082, Adv: 0.0011) | Train Acc: 0.9922 | Val Acc: 0.9444 | Val P/R/F1 (Macro): 0.5969/0.6161/0.5986 | LR: 0.000005
Epoch [30/100] | Loss: 1.4614 (Cls: 1.4352, TAL: 0.0870, Adv: 0.0005) | Train Acc: 0.9922 | Val Acc: 0.9444 | Val P/R/F1 (Macro): 0.6148/0.6196/0.6145 | LR: 0.000005
Epoch [31/100] | Loss: 1.3930 (Cls: 1.3881, TAL: 0.0151, Adv: 0.0026) | Train Acc: 0.9844 | Val Acc: 0.9722 | Val P/R/F1 (Macro): 0.6327/0.6339/0.6326 | LR: 0.000003
Epoch [32/100] | Loss: 1.3774 (Cls: 1.3582, TAL: 0.0638, Adv: 0.0005) | Train Acc: 0.9922 | Val Acc: 1.0000 | Val P/R/F1 (Macro): 0.6429/0.6429/0.6429 | LR: 0.000003
Epoch [33/100] | Loss: 1.3286 (Cls: 1.3274, TAL: 0.0039, Adv: 0.0004) | Train Acc: 1.0000 | Val Acc: 1.0000 | Val P/R/F1 (Macro): 0.6429/0.6429/0.6429 | LR: 0.000003
Epoch [34/100] | Loss: 1.3982 (Cls: 1.3989, TAL: -0.0025, Adv: 0.0004) | Train Acc: 0.9766 | Val Acc: 1.0000 | Val P/R/F1 (Macro): 0.6429/0.6429/0.6429 | LR: 0.000003
Epoch [35/100] | Loss: 1.3657 (Cls: 1.3492, TAL: 0.0535, Adv: 0.0029) | Train Acc: 0.9766 | Val Acc: 0.9722 | Val P/R/F1 (Macro): 0.6327/0.6339/0.6326 | LR: 0.000003
Epoch [36/100] | Loss: 1.2723 (Cls: 1.2649, TAL: 0.0243, Adv: 0.0003) | Train Acc: 1.0000 | Val Acc: 1.0000 | Val P/R/F1 (Macro): 0.6429/0.6429/0.6429 | LR: 0.000003
Epoch [37/100] | Loss: 1.2634 (Cls: 1.2903, TAL: -0.0897, Adv: 0.0004) | Train Acc: 0.9922 | Val Acc: 1.0000 | Val P/R/F1 (Macro): 0.6429/0.6429/0.6429 | LR: 0.000003
Epoch [38/100] | Loss: 1.3451 (Cls: 1.3328, TAL: 0.0409, Adv: 0.0002) | Train Acc: 1.0000 | Val Acc: 0.9722 | Val P/R/F1 (Macro): 0.6327/0.6339/0.6326 | LR: 0.000003
Epoch [39/100] | Loss: 1.3217 (Cls: 1.3178, TAL: 0.0126, Adv: 0.0004) | Train Acc: 1.0000 | Val Acc: 0.9722 | Val P/R/F1 (Macro): 0.6327/0.6339/0.6326 | LR: 0.000003
Epoch [40/100] | Loss: 1.3294 (Cls: 1.3112, TAL: 0.0604, Adv: 0.0005) | Train Acc: 1.0000 | Val Acc: 0.9722 | Val P/R/F1 (Macro): 0.6327/0.6339/0.6326 | LR: 0.000003
Epoch [41/100] | Loss: 1.2892 (Cls: 1.2791, TAL: 0.0332, Adv: 0.0004) | Train Acc: 1.0000 | Val Acc: 0.9722 | Val P/R/F1 (Macro): 0.6327/0.6339/0.6326 | LR: 0.000003
Epoch [42/100] | Loss: 1.3044 (Cls: 1.2879, TAL: 0.0541, Adv: 0.0014) | Train Acc: 1.0000 | Val Acc: 1.0000 | Val P/R/F1 (Macro): 0.6429/0.6429/0.6429 | LR: 0.000001
Epoch [43/100] | Loss: 1.3039 (Cls: 1.2942, TAL: 0.0319, Adv: 0.0006) | Train Acc: 0.9922 | Val Acc: 1.0000 | Val P/R/F1 (Macro): 0.6429/0.6429/0.6429 | LR: 0.000001
Epoch [44/100] | Loss: 1.2978 (Cls: 1.2758, TAL: 0.0730, Adv: 0.0004) | Train Acc: 1.0000 | Val Acc: 1.0000 | Val P/R/F1 (Macro): 0.6429/0.6429/0.6429 | LR: 0.000001
Epoch [45/100] | Loss: 1.2996 (Cls: 1.2846, TAL: 0.0496, Adv: 0.0002) | Train Acc: 0.9922 | Val Acc: 1.0000 | Val P/R/F1 (Macro): 0.6429/0.6429/0.6429 | LR: 0.000001
Epoch [46/100] | Loss: 1.3180 (Cls: 1.3007, TAL: 0.0574, Adv: 0.0003) | Train Acc: 1.0000 | Val Acc: 1.0000 | Val P/R/F1 (Macro): 0.6429/0.6429/0.6429 | LR: 0.000001
Epoch [47/100] | Loss: 1.3090 (Cls: 1.3010, TAL: 0.0264, Adv: 0.0003) | Train Acc: 1.0000 | Val Acc: 0.9722 | Val P/R/F1 (Macro): 0.6327/0.6339/0.6326 | LR: 0.000001
Epoch [48/100] | Loss: 1.3001 (Cls: 1.2838, TAL: 0.0542, Adv: 0.0004) | Train Acc: 1.0000 | Val Acc: 0.9722 | Val P/R/F1 (Macro): 0.6327/0.6339/0.6326 | LR: 0.000001
Epoch [49/100] | Loss: 1.3387 (Cls: 1.3221, TAL: 0.0552, Adv: 0.0002) | Train Acc: 0.9922 | Val Acc: 0.9722 | Val P/R/F1 (Macro): 0.6327/0.6339/0.6326 | LR: 0.000001
Epoch [50/100] | Loss: 1.2773 (Cls: 1.2772, TAL: 0.0002, Adv: 0.0004) | Train Acc: 0.9922 | Val Acc: 0.9722 | Val P/R/F1 (Macro): 0.6327/0.6339/0.6326 | LR: 0.000001
Epoch [51/100] | Loss: 1.2733 (Cls: 1.2681, TAL: 0.0170, Adv: 0.0008) | Train Acc: 1.0000 | Val Acc: 1.0000 | Val P/R/F1 (Macro): 0.6429/0.6429/0.6429 | LR: 0.000001
Epoch [52/100] | Loss: 1.2845 (Cls: 1.2515, TAL: 0.1097, Adv: 0.0002) | Train Acc: 0.9922 | Val Acc: 1.0000 | Val P/R/F1 (Macro): 0.6429/0.6429/0.6429 | LR: 0.000001
Epoch [53/100] | Loss: 1.2715 (Cls: 1.2513, TAL: 0.0673, Adv: 0.0003) | Train Acc: 1.0000 | Val Acc: 1.0000 | Val P/R/F1 (Macro): 0.6429/0.6429/0.6429 | LR: 0.000001
Epoch [54/100] | Loss: 1.2863 (Cls: 1.2689, TAL: 0.0578, Adv: 0.0003) | Train Acc: 1.0000 | Val Acc: 1.0000 | Val P/R/F1 (Macro): 0.6429/0.6429/0.6429 | LR: 0.000001
Epoch [55/100] | Loss: 1.3210 (Cls: 1.3235, TAL: -0.0084, Adv: 0.0003) | Train Acc: 0.9922 | Val Acc: 0.9722 | Val P/R/F1 (Macro): 0.6327/0.6339/0.6326 | LR: 0.000001
Epoch [56/100] | Loss: 1.2875 (Cls: 1.2940, TAL: -0.0221, Adv: 0.0004) | Train Acc: 1.0000 | Val Acc: 1.0000 | Val P/R/F1 (Macro): 0.6429/0.6429/0.6429 | LR: 0.000001
Epoch [57/100] | Loss: 1.2871 (Cls: 1.2894, TAL: -0.0077, Adv: 0.0002) | Train Acc: 1.0000 | Val Acc: 0.9722 | Val P/R/F1 (Macro): 0.6327/0.6339/0.6326 | LR: 0.000001
Epoch [58/100] | Loss: 1.2628 (Cls: 1.2498, TAL: 0.0433, Adv: 0.0002) | Train Acc: 1.0000 | Val Acc: 1.0000 | Val P/R/F1 (Macro): 0.6429/0.6429/0.6429 | LR: 0.000001
Epoch [59/100] | Loss: 1.2288 (Cls: 1.2450, TAL: -0.0544, Adv: 0.0004) | Train Acc: 0.9922 | Val Acc: 1.0000 | Val P/R/F1 (Macro): 0.6429/0.6429/0.6429 | LR: 0.000001
Epoch [60/100] | Loss: 1.2896 (Cls: 1.2649, TAL: 0.0822, Adv: 0.0002) | Train Acc: 1.0000 | Val Acc: 1.0000 | Val P/R/F1 (Macro): 0.6429/0.6429/0.6429 | LR: 0.000001
Epoch [61/100] | Loss: 1.2664 (Cls: 1.2558, TAL: 0.0351, Adv: 0.0004) | Train Acc: 1.0000 | Val Acc: 1.0000 | Val P/R/F1 (Macro): 0.6429/0.6429/0.6429 | LR: 0.000001
Epoch [62/100] | Loss: 1.2863 (Cls: 1.2715, TAL: 0.0492, Adv: 0.0003) | Train Acc: 1.0000 | Val Acc: 1.0000 | Val P/R/F1 (Macro): 0.6429/0.6429/0.6429 | LR: 0.000001
Epoch [63/100] | Loss: 1.2456 (Cls: 1.2397, TAL: 0.0194, Adv: 0.0002) | Train Acc: 1.0000 | Val Acc: 1.0000 | Val P/R/F1 (Macro): 0.6429/0.6429/0.6429 | LR: 0.000001
Epoch [64/100] | Loss: 1.3095 (Cls: 1.2919, TAL: 0.0586, Adv: 0.0002) | Train Acc: 1.0000 | Val Acc: 1.0000 | Val P/R/F1 (Macro): 0.6429/0.6429/0.6429 | LR: 0.000001
Epoch [65/100] | Loss: 1.3125 (Cls: 1.2769, TAL: 0.1185, Adv: 0.0003) | Train Acc: 1.0000 | Val Acc: 1.0000 | Val P/R/F1 (Macro): 0.6429/0.6429/0.6429 | LR: 0.000001
Epoch [66/100] | Loss: 1.3064 (Cls: 1.2690, TAL: 0.1248, Adv: 0.0003) | Train Acc: 1.0000 | Val Acc: 1.0000 | Val P/R/F1 (Macro): 0.6429/0.6429/0.6429 | LR: 0.000001
Epoch [67/100] | Loss: 1.3009 (Cls: 1.2917, TAL: 0.0306, Adv: 0.0002) | Train Acc: 0.9922 | Val Acc: 1.0000 | Val P/R/F1 (Macro): 0.6429/0.6429/0.6429 | LR: 0.000001
Epoch [68/100] | Loss: 1.2833 (Cls: 1.2558, TAL: 0.0908, Adv: 0.0021) | Train Acc: 1.0000 | Val Acc: 1.0000 | Val P/R/F1 (Macro): 0.6429/0.6429/0.6429 | LR: 0.000001
Epoch [69/100] | Loss: 1.2692 (Cls: 1.2724, TAL: -0.0107, Adv: 0.0002) | Train Acc: 0.9844 | Val Acc: 1.0000 | Val P/R/F1 (Macro): 0.6429/0.6429/0.6429 | LR: 0.000001
Epoch [70/100] | Loss: 1.2448 (Cls: 1.2629, TAL: -0.0606, Adv: 0.0004) | Train Acc: 1.0000 | Val Acc: 1.0000 | Val P/R/F1 (Macro): 0.6429/0.6429/0.6429 | LR: 0.000001
Epoch [71/100] | Loss: 1.2312 (Cls: 1.2463, TAL: -0.0505, Adv: 0.0004) | Train Acc: 1.0000 | Val Acc: 1.0000 | Val P/R/F1 (Macro): 0.6429/0.6429/0.6429 | LR: 0.000001
Epoch [72/100] | Loss: 1.2596 (Cls: 1.2555, TAL: 0.0135, Adv: 0.0003) | Train Acc: 1.0000 | Val Acc: 1.0000 | Val P/R/F1 (Macro): 0.6429/0.6429/0.6429 | LR: 0.000001
Epoch [73/100] | Loss: 1.2467 (Cls: 1.2563, TAL: -0.0324, Adv: 0.0003) | Train Acc: 1.0000 | Val Acc: 1.0000 | Val P/R/F1 (Macro): 0.6429/0.6429/0.6429 | LR: 0.000001
Epoch [74/100] | Loss: 1.3015 (Cls: 1.2705, TAL: 0.1031, Adv: 0.0004) | Train Acc: 1.0000 | Val Acc: 1.0000 | Val P/R/F1 (Macro): 0.6429/0.6429/0.6429 | LR: 0.000001
Epoch [75/100] | Loss: 1.2523 (Cls: 1.2260, TAL: 0.0874, Adv: 0.0005) | Train Acc: 1.0000 | Val Acc: 1.0000 | Val P/R/F1 (Macro): 0.6429/0.6429/0.6429 | LR: 0.000001
Epoch [76/100] | Loss: 1.2256 (Cls: 1.2280, TAL: -0.0080, Adv: 0.0002) | Train Acc: 1.0000 | Val Acc: 1.0000 | Val P/R/F1 (Macro): 0.6429/0.6429/0.6429 | LR: 0.000001
Epoch [77/100] | Loss: 1.2714 (Cls: 1.2561, TAL: 0.0508, Adv: 0.0002) | Train Acc: 1.0000 | Val Acc: 1.0000 | Val P/R/F1 (Macro): 0.6429/0.6429/0.6429 | LR: 0.000001
Epoch [78/100] | Loss: 1.2423 (Cls: 1.2398, TAL: 0.0082, Adv: 0.0002) | Train Acc: 1.0000 | Val Acc: 1.0000 | Val P/R/F1 (Macro): 0.6429/0.6429/0.6429 | LR: 0.000001
Epoch [79/100] | Loss: 1.2647 (Cls: 1.2417, TAL: 0.0766, Adv: 0.0001) | Train Acc: 1.0000 | Val Acc: 1.0000 | Val P/R/F1 (Macro): 0.6429/0.6429/0.6429 | LR: 0.000001
Epoch [80/100] | Loss: 1.2465 (Cls: 1.2435, TAL: 0.0101, Adv: 0.0001) | Train Acc: 1.0000 | Val Acc: 1.0000 | Val P/R/F1 (Macro): 0.6429/0.6429/0.6429 | LR: 0.000001
Epoch [81/100] | Loss: 1.2486 (Cls: 1.2228, TAL: 0.0861, Adv: 0.0001) | Train Acc: 1.0000 | Val Acc: 1.0000 | Val P/R/F1 (Macro): 0.6429/0.6429/0.6429 | LR: 0.000001
Epoch [82/100] | Loss: 1.2853 (Cls: 1.2480, TAL: 0.1243, Adv: 0.0002) | Train Acc: 1.0000 | Val Acc: 1.0000 | Val P/R/F1 (Macro): 0.6429/0.6429/0.6429 | LR: 0.000001
Epoch [83/100] | Loss: 1.2800 (Cls: 1.2595, TAL: 0.0685, Adv: 0.0001) | Train Acc: 1.0000 | Val Acc: 1.0000 | Val P/R/F1 (Macro): 0.6429/0.6429/0.6429 | LR: 0.000001
Epoch [84/100] | Loss: 1.2585 (Cls: 1.2596, TAL: -0.0040, Adv: 0.0002) | Train Acc: 1.0000 | Val Acc: 1.0000 | Val P/R/F1 (Macro): 0.6429/0.6429/0.6429 | LR: 0.000001
Epoch [85/100] | Loss: 1.2885 (Cls: 1.2589, TAL: 0.0986, Adv: 0.0001) | Train Acc: 1.0000 | Val Acc: 1.0000 | Val P/R/F1 (Macro): 0.6429/0.6429/0.6429 | LR: 0.000001
Epoch [86/100] | Loss: 1.2853 (Cls: 1.2617, TAL: 0.0783, Adv: 0.0001) | Train Acc: 1.0000 | Val Acc: 1.0000 | Val P/R/F1 (Macro): 0.6429/0.6429/0.6429 | LR: 0.000001
Epoch [87/100] | Loss: 1.2638 (Cls: 1.2780, TAL: -0.0473, Adv: 0.0001) | Train Acc: 1.0000 | Val Acc: 1.0000 | Val P/R/F1 (Macro): 0.6429/0.6429/0.6429 | LR: 0.000001
Epoch [88/100] | Loss: 1.2555 (Cls: 1.2542, TAL: 0.0041, Adv: 0.0001) | Train Acc: 1.0000 | Val Acc: 1.0000 | Val P/R/F1 (Macro): 0.6429/0.6429/0.6429 | LR: 0.000001
Epoch [89/100] | Loss: 1.2695 (Cls: 1.2705, TAL: -0.0033, Adv: 0.0001) | Train Acc: 0.9922 | Val Acc: 1.0000 | Val P/R/F1 (Macro): 0.6429/0.6429/0.6429 | LR: 0.000001
Epoch [90/100] | Loss: 1.2763 (Cls: 1.2745, TAL: 0.0059, Adv: 0.0001) | Train Acc: 1.0000 | Val Acc: 1.0000 | Val P/R/F1 (Macro): 0.6429/0.6429/0.6429 | LR: 0.000001
Epoch [91/100] | Loss: 1.2447 (Cls: 1.2415, TAL: 0.0104, Adv: 0.0002) | Train Acc: 1.0000 | Val Acc: 1.0000 | Val P/R/F1 (Macro): 0.6429/0.6429/0.6429 | LR: 0.000001
Epoch [92/100] | Loss: 1.2408 (Cls: 1.2474, TAL: -0.0221, Adv: 0.0001) | Train Acc: 1.0000 | Val Acc: 1.0000 | Val P/R/F1 (Macro): 0.6429/0.6429/0.6429 | LR: 0.000001
Epoch [93/100] | Loss: 1.2501 (Cls: 1.2554, TAL: -0.0176, Adv: 0.0003) | Train Acc: 1.0000 | Val Acc: 1.0000 | Val P/R/F1 (Macro): 0.6429/0.6429/0.6429 | LR: 0.000001
Epoch [94/100] | Loss: 1.2760 (Cls: 1.2662, TAL: 0.0325, Adv: 0.0001) | Train Acc: 1.0000 | Val Acc: 1.0000 | Val P/R/F1 (Macro): 0.6429/0.6429/0.6429 | LR: 0.000001
Epoch [95/100] | Loss: 1.2567 (Cls: 1.2426, TAL: 0.0470, Adv: 0.0002) | Train Acc: 1.0000 | Val Acc: 1.0000 | Val P/R/F1 (Macro): 0.6429/0.6429/0.6429 | LR: 0.000001
Epoch [96/100] | Loss: 1.2494 (Cls: 1.2460, TAL: 0.0114, Adv: 0.0002) | Train Acc: 1.0000 | Val Acc: 1.0000 | Val P/R/F1 (Macro): 0.6429/0.6429/0.6429 | LR: 0.000001
Epoch [97/100] | Loss: 1.2473 (Cls: 1.2451, TAL: 0.0074, Adv: 0.0001) | Train Acc: 1.0000 | Val Acc: 1.0000 | Val P/R/F1 (Macro): 0.6429/0.6429/0.6429 | LR: 0.000001
Epoch [98/100] | Loss: 1.2365 (Cls: 1.2344, TAL: 0.0069, Adv: 0.0001) | Train Acc: 1.0000 | Val Acc: 1.0000 | Val P/R/F1 (Macro): 0.6429/0.6429/0.6429 | LR: 0.000001
Epoch [99/100] | Loss: 1.2793 (Cls: 1.2658, TAL: 0.0447, Adv: 0.0001) | Train Acc: 1.0000 | Val Acc: 1.0000 | Val P/R/F1 (Macro): 0.6429/0.6429/0.6429 | LR: 0.000001
Epoch [100/100] | Loss: 1.2358 (Cls: 1.2517, TAL: -0.0530, Adv: 0.0002) | Train Acc: 1.0000 | Val Acc: 1.0000 | Val P/R/F1 (Macro): 0.6429/0.6429/0.6429 | LR: 0.000001

迭代 4 最佳指标:
  Accuracy: 1.0000
  Precision (Macro): 0.6429
  Recall (Macro): 0.6429
  F1 (Macro): 0.6429
  Precision (Micro): 1.0000
  Recall (Micro): 1.0000
  F1 (Micro): 1.0000

================================================================================
迭代 5/5
随机种子: 46
================================================================================
Feature fusion: Tensor alignment (512+512 -> 128+128); fused_dim=256
Domain adaptation: standard source-target adversarial training, no generator
Loss weights: tensor=0.30, adv=0.15
Epoch [1/100] | Loss: 5.9248 (Cls: 5.8130, TAL: 0.0190, Adv: 0.7076) | Train Acc: 0.1406 | Val Acc: 0.1389 | Val P/R/F1 (Macro): 0.0559/0.1161/0.0621 | LR: 0.000010
  >>> New Best Val Acc: 0.1389
Epoch [2/100] | Loss: 3.8380 (Cls: 3.8851, TAL: -0.2508, Adv: 0.1880) | Train Acc: 0.4219 | Val Acc: 0.3056 | Val P/R/F1 (Macro): 0.1261/0.1583/0.1215 | LR: 0.000010
  >>> New Best Val Acc: 0.3056
Epoch [3/100] | Loss: 3.2889 (Cls: 3.3605, TAL: -0.2786, Adv: 0.0803) | Train Acc: 0.4922 | Val Acc: 0.3333 | Val P/R/F1 (Macro): 0.1435/0.1821/0.1406 | LR: 0.000010
  >>> New Best Val Acc: 0.3333
Epoch [4/100] | Loss: 2.9497 (Cls: 3.0017, TAL: -0.1899, Adv: 0.0328) | Train Acc: 0.6797 | Val Acc: 0.6111 | Val P/R/F1 (Macro): 0.3429/0.3595/0.2988 | LR: 0.000010
  >>> New Best Val Acc: 0.6111
Epoch [5/100] | Loss: 2.8460 (Cls: 2.8656, TAL: -0.0741, Adv: 0.0177) | Train Acc: 0.6328 | Val Acc: 0.8333 | Val P/R/F1 (Macro): 0.5813/0.5583/0.5495 | LR: 0.000010
  >>> New Best Val Acc: 0.8333
Epoch [6/100] | Loss: 2.2472 (Cls: 2.2718, TAL: -0.0871, Adv: 0.0101) | Train Acc: 0.8203 | Val Acc: 0.7500 | Val P/R/F1 (Macro): 0.5111/0.5250/0.4768 | LR: 0.000010
Epoch [7/100] | Loss: 2.4463 (Cls: 2.4372, TAL: 0.0269, Adv: 0.0065) | Train Acc: 0.7500 | Val Acc: 0.5833 | Val P/R/F1 (Macro): 0.4612/0.4619/0.4254 | LR: 0.000010
Epoch [8/100] | Loss: 2.4942 (Cls: 2.4649, TAL: 0.0953, Adv: 0.0048) | Train Acc: 0.8047 | Val Acc: 0.8333 | Val P/R/F1 (Macro): 0.5690/0.5607/0.5543 | LR: 0.000010
Epoch [9/100] | Loss: 2.0239 (Cls: 2.0160, TAL: 0.0243, Adv: 0.0042) | Train Acc: 0.9062 | Val Acc: 0.8333 | Val P/R/F1 (Macro): 0.5612/0.5661/0.5336 | LR: 0.000010
Epoch [10/100] | Loss: 1.8497 (Cls: 1.8627, TAL: -0.0453, Adv: 0.0044) | Train Acc: 0.8984 | Val Acc: 0.8611 | Val P/R/F1 (Macro): 0.5719/0.5696/0.5609 | LR: 0.000010
  >>> New Best Val Acc: 0.8611
Epoch [11/100] | Loss: 1.9832 (Cls: 1.9944, TAL: -0.0385, Adv: 0.0025) | Train Acc: 0.8750 | Val Acc: 0.8611 | Val P/R/F1 (Macro): 0.5762/0.5786/0.5645 | LR: 0.000010
Epoch [12/100] | Loss: 1.7106 (Cls: 1.7772, TAL: -0.2233, Adv: 0.0025) | Train Acc: 0.9297 | Val Acc: 0.8611 | Val P/R/F1 (Macro): 0.5791/0.5732/0.5603 | LR: 0.000010
Epoch [13/100] | Loss: 1.7175 (Cls: 1.7678, TAL: -0.1690, Adv: 0.0030) | Train Acc: 0.9297 | Val Acc: 0.9167 | Val P/R/F1 (Macro): 0.6005/0.6054/0.5966 | LR: 0.000010
  >>> New Best Val Acc: 0.9167
Epoch [14/100] | Loss: 1.6924 (Cls: 1.7199, TAL: -0.0933, Adv: 0.0029) | Train Acc: 0.9453 | Val Acc: 0.9167 | Val P/R/F1 (Macro): 0.5750/0.6107/0.5828 | LR: 0.000010
Epoch [15/100] | Loss: 1.6588 (Cls: 1.6553, TAL: 0.0098, Adv: 0.0037) | Train Acc: 0.9219 | Val Acc: 0.9444 | Val P/R/F1 (Macro): 0.5929/0.6190/0.5968 | LR: 0.000010
  >>> New Best Val Acc: 0.9444
Epoch [16/100] | Loss: 1.6720 (Cls: 1.6545, TAL: 0.0575, Adv: 0.0019) | Train Acc: 0.9688 | Val Acc: 0.9167 | Val P/R/F1 (Macro): 0.5880/0.5982/0.5808 | LR: 0.000010
Epoch [17/100] | Loss: 1.6780 (Cls: 1.6748, TAL: 0.0098, Adv: 0.0017) | Train Acc: 0.9531 | Val Acc: 0.9444 | Val P/R/F1 (Macro): 0.6184/0.6161/0.6145 | LR: 0.000010
Epoch [18/100] | Loss: 1.5727 (Cls: 1.6262, TAL: -0.1813, Adv: 0.0059) | Train Acc: 0.9844 | Val Acc: 0.9444 | Val P/R/F1 (Macro): 0.6143/0.6220/0.6157 | LR: 0.000010
Epoch [19/100] | Loss: 1.5737 (Cls: 1.5700, TAL: 0.0107, Adv: 0.0033) | Train Acc: 0.9844 | Val Acc: 0.9167 | Val P/R/F1 (Macro): 0.6077/0.6077/0.6062 | LR: 0.000010
Epoch [20/100] | Loss: 1.6312 (Cls: 1.6070, TAL: 0.0796, Adv: 0.0026) | Train Acc: 0.9453 | Val Acc: 0.9722 | Val P/R/F1 (Macro): 0.6327/0.6339/0.6326 | LR: 0.000010
  >>> New Best Val Acc: 0.9722
Epoch [21/100] | Loss: 1.5419 (Cls: 1.4833, TAL: 0.1944, Adv: 0.0023) | Train Acc: 0.9922 | Val Acc: 0.9722 | Val P/R/F1 (Macro): 0.6327/0.6339/0.6326 | LR: 0.000010
Epoch [22/100] | Loss: 1.5499 (Cls: 1.5286, TAL: 0.0704, Adv: 0.0016) | Train Acc: 0.9453 | Val Acc: 0.9167 | Val P/R/F1 (Macro): 0.6168/0.5982/0.6009 | LR: 0.000010
Epoch [23/100] | Loss: 1.5436 (Cls: 1.5804, TAL: -0.1233, Adv: 0.0010) | Train Acc: 0.9453 | Val Acc: 0.9444 | Val P/R/F1 (Macro): 0.6207/0.6161/0.6159 | LR: 0.000010
Epoch [24/100] | Loss: 1.4404 (Cls: 1.4894, TAL: -0.1644, Adv: 0.0020) | Train Acc: 0.9922 | Val Acc: 1.0000 | Val P/R/F1 (Macro): 0.6429/0.6429/0.6429 | LR: 0.000010
  >>> New Best Val Acc: 1.0000
Epoch [25/100] | Loss: 1.4055 (Cls: 1.4851, TAL: -0.2660, Adv: 0.0013) | Train Acc: 0.9609 | Val Acc: 0.9722 | Val P/R/F1 (Macro): 0.6286/0.6339/0.6302 | LR: 0.000010
Epoch [26/100] | Loss: 1.3085 (Cls: 1.3835, TAL: -0.2507, Adv: 0.0014) | Train Acc: 0.9922 | Val Acc: 0.9167 | Val P/R/F1 (Macro): 0.6088/0.6054/0.6005 | LR: 0.000010
Epoch [27/100] | Loss: 1.3829 (Cls: 1.3934, TAL: -0.0368, Adv: 0.0038) | Train Acc: 1.0000 | Val Acc: 0.9167 | Val P/R/F1 (Macro): 0.6041/0.6054/0.5989 | LR: 0.000010
Epoch [28/100] | Loss: 1.3938 (Cls: 1.3978, TAL: -0.0143, Adv: 0.0022) | Train Acc: 0.9766 | Val Acc: 0.9444 | Val P/R/F1 (Macro): 0.6143/0.6143/0.6091 | LR: 0.000010
Epoch [29/100] | Loss: 1.4402 (Cls: 1.5008, TAL: -0.2026, Adv: 0.0014) | Train Acc: 0.9688 | Val Acc: 0.9444 | Val P/R/F1 (Macro): 0.6143/0.6143/0.6091 | LR: 0.000010
Epoch [30/100] | Loss: 1.3796 (Cls: 1.4191, TAL: -0.1326, Adv: 0.0020) | Train Acc: 0.9766 | Val Acc: 0.8611 | Val P/R/F1 (Macro): 0.5969/0.5661/0.5628 | LR: 0.000010
Epoch [31/100] | Loss: 1.3089 (Cls: 1.3459, TAL: -0.1248, Adv: 0.0026) | Train Acc: 0.9766 | Val Acc: 0.9167 | Val P/R/F1 (Macro): 0.6041/0.6054/0.5989 | LR: 0.000010
Epoch [32/100] | Loss: 1.3816 (Cls: 1.3717, TAL: 0.0308, Adv: 0.0044) | Train Acc: 0.9766 | Val Acc: 0.9444 | Val P/R/F1 (Macro): 0.6143/0.6196/0.6143 | LR: 0.000010
Epoch [33/100] | Loss: 1.3894 (Cls: 1.3511, TAL: 0.1228, Adv: 0.0100) | Train Acc: 0.9688 | Val Acc: 0.9444 | Val P/R/F1 (Macro): 0.6143/0.6143/0.6091 | LR: 0.000010
Epoch [34/100] | Loss: 1.4451 (Cls: 1.3955, TAL: 0.1610, Adv: 0.0087) | Train Acc: 0.9922 | Val Acc: 0.9722 | Val P/R/F1 (Macro): 0.6327/0.6339/0.6326 | LR: 0.000010
Epoch [35/100] | Loss: 1.4719 (Cls: 1.3812, TAL: 0.2900, Adv: 0.0245) | Train Acc: 0.9766 | Val Acc: 0.8889 | Val P/R/F1 (Macro): 0.5737/0.5839/0.5649 | LR: 0.000005
Epoch [36/100] | Loss: 1.5083 (Cls: 1.4263, TAL: 0.2590, Adv: 0.0289) | Train Acc: 0.9844 | Val Acc: 0.9444 | Val P/R/F1 (Macro): 0.5969/0.6161/0.5986 | LR: 0.000005
Epoch [37/100] | Loss: 1.4783 (Cls: 1.3730, TAL: 0.3472, Adv: 0.0079) | Train Acc: 0.9922 | Val Acc: 0.9444 | Val P/R/F1 (Macro): 0.5969/0.6161/0.5986 | LR: 0.000005
Epoch [38/100] | Loss: 1.4530 (Cls: 1.3684, TAL: 0.2758, Adv: 0.0125) | Train Acc: 0.9844 | Val Acc: 0.9722 | Val P/R/F1 (Macro): 0.6327/0.6339/0.6326 | LR: 0.000005
Epoch [39/100] | Loss: 1.3784 (Cls: 1.3260, TAL: 0.1654, Adv: 0.0185) | Train Acc: 0.9922 | Val Acc: 0.9722 | Val P/R/F1 (Macro): 0.6327/0.6339/0.6326 | LR: 0.000005
Epoch [40/100] | Loss: 1.3305 (Cls: 1.2722, TAL: 0.1798, Adv: 0.0289) | Train Acc: 1.0000 | Val Acc: 0.9722 | Val P/R/F1 (Macro): 0.6327/0.6339/0.6326 | LR: 0.000005
Epoch [41/100] | Loss: 1.3594 (Cls: 1.3507, TAL: 0.0163, Adv: 0.0253) | Train Acc: 0.9922 | Val Acc: 0.9722 | Val P/R/F1 (Macro): 0.6327/0.6339/0.6326 | LR: 0.000005
Epoch [42/100] | Loss: 1.3487 (Cls: 1.3361, TAL: -0.0483, Adv: 0.1806) | Train Acc: 1.0000 | Val Acc: 0.9167 | Val P/R/F1 (Macro): 0.6041/0.6054/0.5989 | LR: 0.000005
Epoch [43/100] | Loss: 1.5193 (Cls: 1.3178, TAL: -0.0697, Adv: 1.4826) | Train Acc: 1.0000 | Val Acc: 0.9444 | Val P/R/F1 (Macro): 0.6184/0.6196/0.6167 | LR: 0.000005
Epoch [44/100] | Loss: 2.2263 (Cls: 1.3665, TAL: -0.0711, Adv: 5.8737) | Train Acc: 0.9844 | Val Acc: 0.9167 | Val P/R/F1 (Macro): 0.5827/0.6054/0.5830 | LR: 0.000005
Epoch [45/100] | Loss: 2.6555 (Cls: 1.4073, TAL: 0.1468, Adv: 8.0276) | Train Acc: 0.9922 | Val Acc: 0.9167 | Val P/R/F1 (Macro): 0.6041/0.6054/0.5989 | LR: 0.000005
Epoch [46/100] | Loss: 2.5413 (Cls: 1.3492, TAL: 0.1558, Adv: 7.6355) | Train Acc: 0.9844 | Val Acc: 0.9444 | Val P/R/F1 (Macro): 0.6184/0.6196/0.6167 | LR: 0.000003
Epoch [47/100] | Loss: 2.3909 (Cls: 1.3157, TAL: 0.2258, Adv: 6.7162) | Train Acc: 0.9922 | Val Acc: 0.9444 | Val P/R/F1 (Macro): 0.6286/0.6071/0.6111 | LR: 0.000003
Epoch [48/100] | Loss: 2.2338 (Cls: 1.3424, TAL: 0.2058, Adv: 5.5313) | Train Acc: 1.0000 | Val Acc: 0.9722 | Val P/R/F1 (Macro): 0.6327/0.6339/0.6326 | LR: 0.000003
Epoch [49/100] | Loss: 1.9925 (Cls: 1.3535, TAL: 0.1305, Adv: 3.9986) | Train Acc: 0.9922 | Val Acc: 0.9722 | Val P/R/F1 (Macro): 0.6327/0.6339/0.6326 | LR: 0.000003
Epoch [50/100] | Loss: 1.8038 (Cls: 1.3077, TAL: 0.2670, Adv: 2.7728) | Train Acc: 1.0000 | Val Acc: 0.9722 | Val P/R/F1 (Macro): 0.6327/0.6339/0.6326 | LR: 0.000003
Epoch [51/100] | Loss: 1.6621 (Cls: 1.3087, TAL: 0.2292, Adv: 1.8975) | Train Acc: 0.9922 | Val Acc: 0.9722 | Val P/R/F1 (Macro): 0.6327/0.6339/0.6326 | LR: 0.000003
Epoch [52/100] | Loss: 1.6332 (Cls: 1.3959, TAL: 0.2300, Adv: 1.1221) | Train Acc: 0.9922 | Val Acc: 0.9722 | Val P/R/F1 (Macro): 0.6327/0.6339/0.6326 | LR: 0.000003
Epoch [53/100] | Loss: 1.5144 (Cls: 1.3396, TAL: 0.2697, Adv: 0.6259) | Train Acc: 0.9922 | Val Acc: 1.0000 | Val P/R/F1 (Macro): 0.6429/0.6429/0.6429 | LR: 0.000003
Epoch [54/100] | Loss: 1.4270 (Cls: 1.3045, TAL: 0.2557, Adv: 0.3054) | Train Acc: 0.9922 | Val Acc: 0.9722 | Val P/R/F1 (Macro): 0.6327/0.6339/0.6326 | LR: 0.000003
Epoch [55/100] | Loss: 1.4053 (Cls: 1.3202, TAL: 0.2094, Adv: 0.1485) | Train Acc: 1.0000 | Val Acc: 1.0000 | Val P/R/F1 (Macro): 0.6429/0.6429/0.6429 | LR: 0.000003
Epoch [56/100] | Loss: 1.3987 (Cls: 1.3120, TAL: 0.2530, Adv: 0.0719) | Train Acc: 0.9844 | Val Acc: 0.9722 | Val P/R/F1 (Macro): 0.6327/0.6339/0.6326 | LR: 0.000003
Epoch [57/100] | Loss: 1.3629 (Cls: 1.2842, TAL: 0.2421, Adv: 0.0405) | Train Acc: 1.0000 | Val Acc: 0.9444 | Val P/R/F1 (Macro): 0.6237/0.6161/0.6182 | LR: 0.000001
Epoch [58/100] | Loss: 1.3594 (Cls: 1.2788, TAL: 0.2543, Adv: 0.0287) | Train Acc: 1.0000 | Val Acc: 0.9722 | Val P/R/F1 (Macro): 0.6327/0.6339/0.6326 | LR: 0.000001
Epoch [59/100] | Loss: 1.3287 (Cls: 1.2485, TAL: 0.2569, Adv: 0.0209) | Train Acc: 0.9922 | Val Acc: 0.9444 | Val P/R/F1 (Macro): 0.6237/0.6161/0.6182 | LR: 0.000001
Epoch [60/100] | Loss: 1.3599 (Cls: 1.2962, TAL: 0.2040, Adv: 0.0168) | Train Acc: 1.0000 | Val Acc: 0.9167 | Val P/R/F1 (Macro): 0.6094/0.6018/0.6024 | LR: 0.000001
Epoch [61/100] | Loss: 1.3368 (Cls: 1.2735, TAL: 0.2052, Adv: 0.0113) | Train Acc: 1.0000 | Val Acc: 0.9444 | Val P/R/F1 (Macro): 0.6184/0.6196/0.6167 | LR: 0.000001
Epoch [62/100] | Loss: 1.3140 (Cls: 1.2616, TAL: 0.1701, Adv: 0.0093) | Train Acc: 1.0000 | Val Acc: 0.9444 | Val P/R/F1 (Macro): 0.6184/0.6196/0.6167 | LR: 0.000001
Epoch [63/100] | Loss: 1.3290 (Cls: 1.2652, TAL: 0.2087, Adv: 0.0084) | Train Acc: 1.0000 | Val Acc: 0.9722 | Val P/R/F1 (Macro): 0.6327/0.6339/0.6326 | LR: 0.000001
Epoch [64/100] | Loss: 1.3245 (Cls: 1.2588, TAL: 0.2155, Adv: 0.0071) | Train Acc: 1.0000 | Val Acc: 0.9722 | Val P/R/F1 (Macro): 0.6327/0.6339/0.6326 | LR: 0.000001
Epoch [65/100] | Loss: 1.3212 (Cls: 1.2559, TAL: 0.2147, Adv: 0.0057) | Train Acc: 1.0000 | Val Acc: 0.9722 | Val P/R/F1 (Macro): 0.6327/0.6339/0.6326 | LR: 0.000001
Epoch [66/100] | Loss: 1.3463 (Cls: 1.2794, TAL: 0.2207, Adv: 0.0050) | Train Acc: 1.0000 | Val Acc: 0.9722 | Val P/R/F1 (Macro): 0.6327/0.6339/0.6326 | LR: 0.000001
Epoch [67/100] | Loss: 1.3008 (Cls: 1.2405, TAL: 0.1990, Adv: 0.0040) | Train Acc: 1.0000 | Val Acc: 0.9722 | Val P/R/F1 (Macro): 0.6327/0.6339/0.6326 | LR: 0.000001
Epoch [68/100] | Loss: 1.3297 (Cls: 1.2673, TAL: 0.2061, Adv: 0.0040) | Train Acc: 1.0000 | Val Acc: 0.9722 | Val P/R/F1 (Macro): 0.6327/0.6339/0.6326 | LR: 0.000001
Epoch [69/100] | Loss: 1.3337 (Cls: 1.2744, TAL: 0.1963, Adv: 0.0030) | Train Acc: 1.0000 | Val Acc: 0.9167 | Val P/R/F1 (Macro): 0.6041/0.6054/0.5989 | LR: 0.000001
Epoch [70/100] | Loss: 1.3314 (Cls: 1.2497, TAL: 0.2708, Adv: 0.0033) | Train Acc: 1.0000 | Val Acc: 0.9722 | Val P/R/F1 (Macro): 0.6327/0.6339/0.6326 | LR: 0.000001
Epoch [71/100] | Loss: 1.2984 (Cls: 1.2532, TAL: 0.1493, Adv: 0.0027) | Train Acc: 1.0000 | Val Acc: 0.9722 | Val P/R/F1 (Macro): 0.6327/0.6339/0.6326 | LR: 0.000001
Epoch [72/100] | Loss: 1.3274 (Cls: 1.2584, TAL: 0.2286, Adv: 0.0027) | Train Acc: 1.0000 | Val Acc: 0.9167 | Val P/R/F1 (Macro): 0.6041/0.6054/0.5989 | LR: 0.000001
Epoch [73/100] | Loss: 1.3210 (Cls: 1.2478, TAL: 0.2424, Adv: 0.0026) | Train Acc: 1.0000 | Val Acc: 0.9722 | Val P/R/F1 (Macro): 0.6327/0.6339/0.6326 | LR: 0.000001
Epoch [74/100] | Loss: 1.3541 (Cls: 1.2841, TAL: 0.2324, Adv: 0.0020) | Train Acc: 1.0000 | Val Acc: 0.9167 | Val P/R/F1 (Macro): 0.6041/0.6054/0.5989 | LR: 0.000001
Epoch [75/100] | Loss: 1.3261 (Cls: 1.2637, TAL: 0.2067, Adv: 0.0023) | Train Acc: 1.0000 | Val Acc: 0.9722 | Val P/R/F1 (Macro): 0.6327/0.6339/0.6326 | LR: 0.000001
Epoch [76/100] | Loss: 1.3044 (Cls: 1.2312, TAL: 0.2431, Adv: 0.0021) | Train Acc: 1.0000 | Val Acc: 0.9444 | Val P/R/F1 (Macro): 0.6184/0.6196/0.6167 | LR: 0.000001
Epoch [77/100] | Loss: 1.3228 (Cls: 1.2613, TAL: 0.2038, Adv: 0.0025) | Train Acc: 1.0000 | Val Acc: 0.9444 | Val P/R/F1 (Macro): 0.6184/0.6196/0.6167 | LR: 0.000001
Epoch [78/100] | Loss: 1.3813 (Cls: 1.3079, TAL: 0.2437, Adv: 0.0020) | Train Acc: 0.9922 | Val Acc: 0.9444 | Val P/R/F1 (Macro): 0.6184/0.6196/0.6167 | LR: 0.000001
Epoch [79/100] | Loss: 1.2959 (Cls: 1.2405, TAL: 0.1838, Adv: 0.0019) | Train Acc: 1.0000 | Val Acc: 0.9722 | Val P/R/F1 (Macro): 0.6327/0.6339/0.6326 | LR: 0.000001
Epoch [80/100] | Loss: 1.3230 (Cls: 1.2484, TAL: 0.2477, Adv: 0.0021) | Train Acc: 0.9922 | Val Acc: 0.9722 | Val P/R/F1 (Macro): 0.6327/0.6339/0.6326 | LR: 0.000001
Epoch [81/100] | Loss: 1.3342 (Cls: 1.2759, TAL: 0.1932, Adv: 0.0021) | Train Acc: 1.0000 | Val Acc: 0.9722 | Val P/R/F1 (Macro): 0.6327/0.6339/0.6326 | LR: 0.000001
Epoch [82/100] | Loss: 1.2986 (Cls: 1.2497, TAL: 0.1622, Adv: 0.0016) | Train Acc: 1.0000 | Val Acc: 0.9722 | Val P/R/F1 (Macro): 0.6327/0.6339/0.6326 | LR: 0.000001
Epoch [83/100] | Loss: 1.3034 (Cls: 1.2377, TAL: 0.2181, Adv: 0.0018) | Train Acc: 1.0000 | Val Acc: 0.9444 | Val P/R/F1 (Macro): 0.6184/0.6196/0.6167 | LR: 0.000001
Epoch [84/100] | Loss: 1.2764 (Cls: 1.2385, TAL: 0.1257, Adv: 0.0017) | Train Acc: 1.0000 | Val Acc: 0.9722 | Val P/R/F1 (Macro): 0.6327/0.6339/0.6326 | LR: 0.000001
Epoch [85/100] | Loss: 1.2659 (Cls: 1.2296, TAL: 0.1202, Adv: 0.0019) | Train Acc: 1.0000 | Val Acc: 0.9722 | Val P/R/F1 (Macro): 0.6327/0.6339/0.6326 | LR: 0.000001
Epoch [86/100] | Loss: 1.3642 (Cls: 1.2949, TAL: 0.2302, Adv: 0.0017) | Train Acc: 1.0000 | Val Acc: 0.9722 | Val P/R/F1 (Macro): 0.6327/0.6339/0.6326 | LR: 0.000001
Epoch [87/100] | Loss: 1.3071 (Cls: 1.2532, TAL: 0.1785, Adv: 0.0023) | Train Acc: 0.9922 | Val Acc: 0.9722 | Val P/R/F1 (Macro): 0.6327/0.6339/0.6326 | LR: 0.000001
Epoch [88/100] | Loss: 1.2926 (Cls: 1.2473, TAL: 0.1499, Adv: 0.0016) | Train Acc: 1.0000 | Val Acc: 0.9722 | Val P/R/F1 (Macro): 0.6327/0.6339/0.6326 | LR: 0.000001
Epoch [89/100] | Loss: 1.2943 (Cls: 1.2437, TAL: 0.1679, Adv: 0.0021) | Train Acc: 1.0000 | Val Acc: 0.9722 | Val P/R/F1 (Macro): 0.6327/0.6339/0.6326 | LR: 0.000001
Epoch [90/100] | Loss: 1.2618 (Cls: 1.2277, TAL: 0.1128, Adv: 0.0018) | Train Acc: 1.0000 | Val Acc: 0.9444 | Val P/R/F1 (Macro): 0.6184/0.6196/0.6167 | LR: 0.000001
Epoch [91/100] | Loss: 1.2918 (Cls: 1.2470, TAL: 0.1487, Adv: 0.0013) | Train Acc: 1.0000 | Val Acc: 0.9722 | Val P/R/F1 (Macro): 0.6327/0.6339/0.6326 | LR: 0.000001
Epoch [92/100] | Loss: 1.2767 (Cls: 1.2388, TAL: 0.1255, Adv: 0.0016) | Train Acc: 1.0000 | Val Acc: 0.9444 | Val P/R/F1 (Macro): 0.6184/0.6196/0.6167 | LR: 0.000001
Epoch [93/100] | Loss: 1.2900 (Cls: 1.2543, TAL: 0.1183, Adv: 0.0013) | Train Acc: 1.0000 | Val Acc: 0.9722 | Val P/R/F1 (Macro): 0.6327/0.6339/0.6326 | LR: 0.000001
Epoch [94/100] | Loss: 1.3474 (Cls: 1.2857, TAL: 0.2050, Adv: 0.0013) | Train Acc: 0.9922 | Val Acc: 0.9722 | Val P/R/F1 (Macro): 0.6327/0.6339/0.6326 | LR: 0.000001
Epoch [95/100] | Loss: 1.3151 (Cls: 1.2578, TAL: 0.1904, Adv: 0.0015) | Train Acc: 1.0000 | Val Acc: 0.9722 | Val P/R/F1 (Macro): 0.6327/0.6339/0.6326 | LR: 0.000001
Epoch [96/100] | Loss: 1.3200 (Cls: 1.2662, TAL: 0.1785, Adv: 0.0015) | Train Acc: 1.0000 | Val Acc: 0.9722 | Val P/R/F1 (Macro): 0.6327/0.6339/0.6326 | LR: 0.000001
Epoch [97/100] | Loss: 1.3033 (Cls: 1.2433, TAL: 0.1992, Adv: 0.0017) | Train Acc: 1.0000 | Val Acc: 0.9722 | Val P/R/F1 (Macro): 0.6327/0.6339/0.6326 | LR: 0.000001
Epoch [98/100] | Loss: 1.3324 (Cls: 1.2793, TAL: 0.1764, Adv: 0.0014) | Train Acc: 0.9922 | Val Acc: 0.9722 | Val P/R/F1 (Macro): 0.6327/0.6339/0.6326 | LR: 0.000001
Epoch [99/100] | Loss: 1.2799 (Cls: 1.2239, TAL: 0.1859, Adv: 0.0013) | Train Acc: 1.0000 | Val Acc: 0.9722 | Val P/R/F1 (Macro): 0.6327/0.6339/0.6326 | LR: 0.000001
Epoch [100/100] | Loss: 1.2975 (Cls: 1.2502, TAL: 0.1572, Adv: 0.0014) | Train Acc: 1.0000 | Val Acc: 0.9722 | Val P/R/F1 (Macro): 0.6327/0.6339/0.6326 | LR: 0.000001

迭代 5 最佳指标:
  Accuracy: 1.0000
  Precision (Macro): 0.6429
  Recall (Macro): 0.6429
  F1 (Macro): 0.6429
  Precision (Micro): 1.0000
  Recall (Micro): 1.0000
  F1 (Micro): 1.0000

================================================================================
5次迭代统计结果
================================================================================

accuracy:
  各迭代值: ['1.0000', '1.0000', '1.0000', '1.0000', '1.0000']
  均值 (Mean): 1.0000
  标准差 (Std): 0.0000

precision_macro:
  各迭代值: ['0.6429', '0.6429', '0.6429', '0.6429', '0.6429']
  均值 (Mean): 0.6429
  标准差 (Std): 0.0000

recall_macro:
  各迭代值: ['0.6429', '0.6429', '0.6429', '0.6429', '0.6429']
  均值 (Mean): 0.6429
  标准差 (Std): 0.0000

f1_macro:
  各迭代值: ['0.6429', '0.6429', '0.6429', '0.6429', '0.6429']
  均值 (Mean): 0.6429
  标准差 (Std): 0.0000

precision_micro:
  各迭代值: ['1.0000', '1.0000', '1.0000', '1.0000', '1.0000']
  均值 (Mean): 1.0000
  标准差 (Std): 0.0000

recall_micro:
  各迭代值: ['1.0000', '1.0000', '1.0000', '1.0000', '1.0000']
  均值 (Mean): 1.0000
  标准差 (Std): 0.0000

f1_micro:
  各迭代值: ['1.0000', '1.0000', '1.0000', '1.0000', '1.0000']
  均值 (Mean): 1.0000
  标准差 (Std): 0.0000

训练结束时间: 2026-07-01 12:07:07
================================================================================
