================================================================================
模块消融实验 - without_tensor_with_ot
目标域天气: 雾天
训练开始时间: 2026-06-23 17:24:44
设备: cuda
源域: D:\Code\JMDA-Net\Data\晴天
目标域: D:\Code\JMDA-Net\Data\雾天
批次大小: 16
总轮数: 100
迭代次数: 5
使用Tensor模块: 否
使用OT模块: 是
特征融合方式: 通道拼接
域对齐方式: 最优传输
================================================================================

================================================================================
迭代 1/5
随机种子: 42
================================================================================
Epoch [1/100] | Loss: 6.7266 (Cls: 6.6676, TAL: 0.0000, Adv: 0.3937) | Train Acc: 0.2824 | Val Acc: 0.3913 | Val P/R/F1 (Macro): 0.1724/0.2468/0.1755 | LR: 0.000010
  >>> New Best Val Acc: 0.3913
Epoch [2/100] | Loss: 4.9668 (Cls: 4.8601, TAL: 0.0000, Adv: 0.7110) | Train Acc: 0.4861 | Val Acc: 0.4957 | Val P/R/F1 (Macro): 0.3166/0.3125/0.2407 | LR: 0.000010
  >>> New Best Val Acc: 0.4957
Epoch [3/100] | Loss: 3.9305 (Cls: 3.7377, TAL: 0.0000, Adv: 1.2857) | Train Acc: 0.6296 | Val Acc: 0.7304 | Val P/R/F1 (Macro): 0.5025/0.4408/0.4436 | LR: 0.000010
  >>> New Best Val Acc: 0.7304
Epoch [4/100] | Loss: 3.7494 (Cls: 3.4513, TAL: 0.0000, Adv: 1.9875) | Train Acc: 0.7130 | Val Acc: 0.7130 | Val P/R/F1 (Macro): 0.4375/0.4554/0.4324 | LR: 0.000010
Epoch [5/100] | Loss: 3.5540 (Cls: 3.1753, TAL: 0.0000, Adv: 2.5246) | Train Acc: 0.7523 | Val Acc: 0.8087 | Val P/R/F1 (Macro): 0.5384/0.5019/0.4848 | LR: 0.000010
  >>> New Best Val Acc: 0.8087
Epoch [6/100] | Loss: 3.2169 (Cls: 2.8549, TAL: 0.0000, Adv: 2.4129) | Train Acc: 0.8148 | Val Acc: 0.7478 | Val P/R/F1 (Macro): 0.4588/0.4391/0.4335 | LR: 0.000010
Epoch [7/100] | Loss: 3.1643 (Cls: 2.7426, TAL: 0.0000, Adv: 2.8113) | Train Acc: 0.8310 | Val Acc: 0.7391 | Val P/R/F1 (Macro): 0.5268/0.4698/0.4583 | LR: 0.000010
Epoch [8/100] | Loss: 3.0879 (Cls: 2.6363, TAL: 0.0000, Adv: 3.0102) | Train Acc: 0.8519 | Val Acc: 0.7478 | Val P/R/F1 (Macro): 0.5134/0.4522/0.4489 | LR: 0.000010
Epoch [9/100] | Loss: 3.0856 (Cls: 2.6280, TAL: 0.0000, Adv: 3.0503) | Train Acc: 0.8657 | Val Acc: 0.8348 | Val P/R/F1 (Macro): 0.5546/0.4969/0.5096 | LR: 0.000010
  >>> New Best Val Acc: 0.8348
Epoch [10/100] | Loss: 2.9894 (Cls: 2.5243, TAL: 0.0000, Adv: 3.1006) | Train Acc: 0.8681 | Val Acc: 0.8522 | Val P/R/F1 (Macro): 0.5677/0.5179/0.5204 | LR: 0.000010
  >>> New Best Val Acc: 0.8522
Epoch [11/100] | Loss: 2.9256 (Cls: 2.4382, TAL: 0.0000, Adv: 3.2498) | Train Acc: 0.9074 | Val Acc: 0.8000 | Val P/R/F1 (Macro): 0.5105/0.5019/0.4966 | LR: 0.000010
Epoch [12/100] | Loss: 2.9322 (Cls: 2.3946, TAL: 0.0000, Adv: 3.5840) | Train Acc: 0.8912 | Val Acc: 0.8870 | Val P/R/F1 (Macro): 0.5837/0.5624/0.5661 | LR: 0.000010
  >>> New Best Val Acc: 0.8870
Epoch [13/100] | Loss: 2.7773 (Cls: 2.2729, TAL: 0.0000, Adv: 3.3625) | Train Acc: 0.9259 | Val Acc: 0.8261 | Val P/R/F1 (Macro): 0.5800/0.4820/0.4976 | LR: 0.000010
Epoch [14/100] | Loss: 2.7758 (Cls: 2.2569, TAL: 0.0000, Adv: 3.4592) | Train Acc: 0.9028 | Val Acc: 0.8522 | Val P/R/F1 (Macro): 0.5914/0.5227/0.5402 | LR: 0.000010
Epoch [15/100] | Loss: 2.7765 (Cls: 2.2343, TAL: 0.0000, Adv: 3.6143) | Train Acc: 0.9421 | Val Acc: 0.8435 | Val P/R/F1 (Macro): 0.5544/0.5226/0.5189 | LR: 0.000010
Epoch [16/100] | Loss: 2.7343 (Cls: 2.1564, TAL: 0.0000, Adv: 3.8528) | Train Acc: 0.9444 | Val Acc: 0.8348 | Val P/R/F1 (Macro): 0.5650/0.5336/0.5341 | LR: 0.000010
Epoch [17/100] | Loss: 2.7903 (Cls: 2.2091, TAL: 0.0000, Adv: 3.8747) | Train Acc: 0.9282 | Val Acc: 0.8696 | Val P/R/F1 (Macro): 0.5821/0.5122/0.5334 | LR: 0.000010
Epoch [18/100] | Loss: 2.7166 (Cls: 2.1619, TAL: 0.0000, Adv: 3.6980) | Train Acc: 0.9560 | Val Acc: 0.8696 | Val P/R/F1 (Macro): 0.5733/0.5566/0.5572 | LR: 0.000010
Epoch [19/100] | Loss: 2.7151 (Cls: 2.1410, TAL: 0.0000, Adv: 3.8275) | Train Acc: 0.9653 | Val Acc: 0.8696 | Val P/R/F1 (Macro): 0.5738/0.5512/0.5508 | LR: 0.000010
Epoch [20/100] | Loss: 2.6754 (Cls: 2.0836, TAL: 0.0000, Adv: 3.9458) | Train Acc: 0.9514 | Val Acc: 0.8522 | Val P/R/F1 (Macro): 0.5539/0.5044/0.5108 | LR: 0.000010
Epoch [21/100] | Loss: 2.6936 (Cls: 2.0880, TAL: 0.0000, Adv: 4.0376) | Train Acc: 0.9630 | Val Acc: 0.8870 | Val P/R/F1 (Macro): 0.5775/0.5316/0.5365 | LR: 0.000010
Epoch [22/100] | Loss: 2.5735 (Cls: 1.9730, TAL: 0.0000, Adv: 4.0030) | Train Acc: 0.9792 | Val Acc: 0.8783 | Val P/R/F1 (Macro): 0.5700/0.5431/0.5365 | LR: 0.000010
Epoch [23/100] | Loss: 2.6398 (Cls: 2.0101, TAL: 0.0000, Adv: 4.1979) | Train Acc: 0.9745 | Val Acc: 0.9043 | Val P/R/F1 (Macro): 0.5695/0.5900/0.5740 | LR: 0.000010
  >>> New Best Val Acc: 0.9043
Epoch [24/100] | Loss: 2.7182 (Cls: 2.0564, TAL: 0.0000, Adv: 4.4118) | Train Acc: 0.9491 | Val Acc: 0.8957 | Val P/R/F1 (Macro): 0.5778/0.5491/0.5447 | LR: 0.000010
Epoch [25/100] | Loss: 2.5697 (Cls: 1.9504, TAL: 0.0000, Adv: 4.1283) | Train Acc: 0.9769 | Val Acc: 0.8609 | Val P/R/F1 (Macro): 0.4957/0.5122/0.4948 | LR: 0.000010
Epoch [26/100] | Loss: 2.6147 (Cls: 1.9695, TAL: 0.0000, Adv: 4.3015) | Train Acc: 0.9722 | Val Acc: 0.8957 | Val P/R/F1 (Macro): 0.5972/0.5435/0.5555 | LR: 0.000010
Epoch [27/100] | Loss: 2.6066 (Cls: 1.9715, TAL: 0.0000, Adv: 4.2338) | Train Acc: 0.9722 | Val Acc: 0.8696 | Val P/R/F1 (Macro): 0.5693/0.5256/0.5279 | LR: 0.000010
Epoch [28/100] | Loss: 2.6420 (Cls: 1.9699, TAL: 0.0000, Adv: 4.4808) | Train Acc: 0.9838 | Val Acc: 0.9130 | Val P/R/F1 (Macro): 0.5612/0.5525/0.5521 | LR: 0.000010
  >>> New Best Val Acc: 0.9130
Epoch [29/100] | Loss: 2.6034 (Cls: 1.9629, TAL: 0.0000, Adv: 4.2701) | Train Acc: 0.9722 | Val Acc: 0.9043 | Val P/R/F1 (Macro): 0.5950/0.5492/0.5558 | LR: 0.000010
Epoch [30/100] | Loss: 2.6073 (Cls: 1.9615, TAL: 0.0000, Adv: 4.3058) | Train Acc: 0.9792 | Val Acc: 0.8870 | Val P/R/F1 (Macro): 0.5903/0.5394/0.5491 | LR: 0.000010
Epoch [31/100] | Loss: 2.5669 (Cls: 1.9196, TAL: 0.0000, Adv: 4.3155) | Train Acc: 0.9745 | Val Acc: 0.8957 | Val P/R/F1 (Macro): 0.5977/0.5347/0.5500 | LR: 0.000010
Epoch [32/100] | Loss: 2.5654 (Cls: 1.9290, TAL: 0.0000, Adv: 4.2424) | Train Acc: 0.9792 | Val Acc: 0.8696 | Val P/R/F1 (Macro): 0.5679/0.5239/0.5312 | LR: 0.000010
Epoch [33/100] | Loss: 2.5868 (Cls: 1.9480, TAL: 0.0000, Adv: 4.2582) | Train Acc: 0.9537 | Val Acc: 0.8870 | Val P/R/F1 (Macro): 0.5768/0.5395/0.5416 | LR: 0.000010
Epoch [34/100] | Loss: 2.5663 (Cls: 1.9104, TAL: 0.0000, Adv: 4.3724) | Train Acc: 0.9630 | Val Acc: 0.9043 | Val P/R/F1 (Macro): 0.5896/0.5609/0.5675 | LR: 0.000010
Epoch [35/100] | Loss: 2.5408 (Cls: 1.8854, TAL: 0.0000, Adv: 4.3693) | Train Acc: 0.9838 | Val Acc: 0.9130 | Val P/R/F1 (Macro): 0.5955/0.5515/0.5581 | LR: 0.000010
Epoch [36/100] | Loss: 2.5482 (Cls: 1.8794, TAL: 0.0000, Adv: 4.4589) | Train Acc: 0.9815 | Val Acc: 0.9130 | Val P/R/F1 (Macro): 0.5891/0.5545/0.5534 | LR: 0.000010
Epoch [37/100] | Loss: 2.5675 (Cls: 1.8920, TAL: 0.0000, Adv: 4.5035) | Train Acc: 0.9699 | Val Acc: 0.8783 | Val P/R/F1 (Macro): 0.5692/0.5399/0.5363 | LR: 0.000010
Epoch [38/100] | Loss: 2.5442 (Cls: 1.8446, TAL: 0.0000, Adv: 4.6639) | Train Acc: 0.9792 | Val Acc: 0.8783 | Val P/R/F1 (Macro): 0.5682/0.5397/0.5397 | LR: 0.000010
Epoch [39/100] | Loss: 2.5565 (Cls: 1.8654, TAL: 0.0000, Adv: 4.6070) | Train Acc: 0.9769 | Val Acc: 0.9391 | Val P/R/F1 (Macro): 0.6175/0.5813/0.5947 | LR: 0.000010
  >>> New Best Val Acc: 0.9391
Epoch [40/100] | Loss: 2.5590 (Cls: 1.8822, TAL: 0.0000, Adv: 4.5123) | Train Acc: 0.9907 | Val Acc: 0.9043 | Val P/R/F1 (Macro): 0.5858/0.5702/0.5689 | LR: 0.000010
Epoch [41/100] | Loss: 2.5383 (Cls: 1.8504, TAL: 0.0000, Adv: 4.5860) | Train Acc: 0.9792 | Val Acc: 0.8957 | Val P/R/F1 (Macro): 0.5775/0.5476/0.5445 | LR: 0.000010
Epoch [42/100] | Loss: 2.5834 (Cls: 1.8607, TAL: 0.0000, Adv: 4.8180) | Train Acc: 0.9769 | Val Acc: 0.9304 | Val P/R/F1 (Macro): 0.6006/0.5823/0.5852 | LR: 0.000010
Epoch [43/100] | Loss: 2.4881 (Cls: 1.8265, TAL: 0.0000, Adv: 4.4106) | Train Acc: 0.9861 | Val Acc: 0.9043 | Val P/R/F1 (Macro): 0.5934/0.5402/0.5515 | LR: 0.000010
Epoch [44/100] | Loss: 2.5142 (Cls: 1.8272, TAL: 0.0000, Adv: 4.5800) | Train Acc: 0.9861 | Val Acc: 0.9304 | Val P/R/F1 (Macro): 0.6147/0.5688/0.5859 | LR: 0.000010
Epoch [45/100] | Loss: 2.5416 (Cls: 1.8528, TAL: 0.0000, Adv: 4.5924) | Train Acc: 0.9861 | Val Acc: 0.9304 | Val P/R/F1 (Macro): 0.6075/0.5593/0.5684 | LR: 0.000010
Epoch [46/100] | Loss: 2.4978 (Cls: 1.8248, TAL: 0.0000, Adv: 4.4867) | Train Acc: 0.9907 | Val Acc: 0.9217 | Val P/R/F1 (Macro): 0.6004/0.5565/0.5636 | LR: 0.000010
Epoch [47/100] | Loss: 2.4878 (Cls: 1.8153, TAL: 0.0000, Adv: 4.4834) | Train Acc: 0.9838 | Val Acc: 0.8957 | Val P/R/F1 (Macro): 0.5850/0.5432/0.5475 | LR: 0.000010
Epoch [48/100] | Loss: 2.5062 (Cls: 1.8131, TAL: 0.0000, Adv: 4.6206) | Train Acc: 0.9907 | Val Acc: 0.8870 | Val P/R/F1 (Macro): 0.5886/0.5427/0.5485 | LR: 0.000010
Epoch [49/100] | Loss: 2.4960 (Cls: 1.8106, TAL: 0.0000, Adv: 4.5693) | Train Acc: 0.9838 | Val Acc: 0.9130 | Val P/R/F1 (Macro): 0.6034/0.5530/0.5615 | LR: 0.000010
Epoch [50/100] | Loss: 2.4552 (Cls: 1.7762, TAL: 0.0000, Adv: 4.5264) | Train Acc: 0.9907 | Val Acc: 0.9130 | Val P/R/F1 (Macro): 0.5957/0.5664/0.5732 | LR: 0.000005
Epoch [51/100] | Loss: 2.4786 (Cls: 1.7806, TAL: 0.0000, Adv: 4.6536) | Train Acc: 0.9907 | Val Acc: 0.9304 | Val P/R/F1 (Macro): 0.6019/0.5776/0.5846 | LR: 0.000005
Epoch [52/100] | Loss: 2.4746 (Cls: 1.7826, TAL: 0.0000, Adv: 4.6131) | Train Acc: 0.9907 | Val Acc: 0.9304 | Val P/R/F1 (Macro): 0.6175/0.5575/0.5732 | LR: 0.000005
Epoch [53/100] | Loss: 2.4872 (Cls: 1.7654, TAL: 0.0000, Adv: 4.8116) | Train Acc: 0.9931 | Val Acc: 0.9391 | Val P/R/F1 (Macro): 0.6071/0.5642/0.5699 | LR: 0.000005
Epoch [54/100] | Loss: 2.4699 (Cls: 1.7606, TAL: 0.0000, Adv: 4.7290) | Train Acc: 0.9954 | Val Acc: 0.9130 | Val P/R/F1 (Macro): 0.6001/0.5530/0.5609 | LR: 0.000005
Epoch [55/100] | Loss: 2.5007 (Cls: 1.7807, TAL: 0.0000, Adv: 4.7996) | Train Acc: 0.9884 | Val Acc: 0.9391 | Val P/R/F1 (Macro): 0.6198/0.5542/0.5718 | LR: 0.000005
Epoch [56/100] | Loss: 2.4952 (Cls: 1.7635, TAL: 0.0000, Adv: 4.8776) | Train Acc: 0.9954 | Val Acc: 0.9130 | Val P/R/F1 (Macro): 0.6021/0.5512/0.5612 | LR: 0.000005
Epoch [57/100] | Loss: 2.5000 (Cls: 1.7827, TAL: 0.0000, Adv: 4.7820) | Train Acc: 0.9838 | Val Acc: 0.9130 | Val P/R/F1 (Macro): 0.5988/0.5542/0.5614 | LR: 0.000005
Epoch [58/100] | Loss: 2.5371 (Cls: 1.7944, TAL: 0.0000, Adv: 4.9515) | Train Acc: 0.9884 | Val Acc: 0.9304 | Val P/R/F1 (Macro): 0.6137/0.5591/0.5723 | LR: 0.000005
Epoch [59/100] | Loss: 2.5340 (Cls: 1.7722, TAL: 0.0000, Adv: 5.0788) | Train Acc: 0.9884 | Val Acc: 0.9304 | Val P/R/F1 (Macro): 0.6147/0.5593/0.5724 | LR: 0.000005
Epoch [60/100] | Loss: 2.4983 (Cls: 1.7659, TAL: 0.0000, Adv: 4.8826) | Train Acc: 0.9907 | Val Acc: 0.8957 | Val P/R/F1 (Macro): 0.5833/0.5479/0.5473 | LR: 0.000005
Epoch [61/100] | Loss: 2.5465 (Cls: 1.7851, TAL: 0.0000, Adv: 5.0764) | Train Acc: 0.9884 | Val Acc: 0.9130 | Val P/R/F1 (Macro): 0.5926/0.5424/0.5530 | LR: 0.000003
Epoch [62/100] | Loss: 2.5187 (Cls: 1.7679, TAL: 0.0000, Adv: 5.0055) | Train Acc: 0.9977 | Val Acc: 0.9130 | Val P/R/F1 (Macro): 0.5882/0.5730/0.5730 | LR: 0.000003
Epoch [63/100] | Loss: 2.5392 (Cls: 1.7915, TAL: 0.0000, Adv: 4.9845) | Train Acc: 0.9907 | Val Acc: 0.9130 | Val P/R/F1 (Macro): 0.6082/0.5530/0.5655 | LR: 0.000003
Epoch [64/100] | Loss: 2.5186 (Cls: 1.7572, TAL: 0.0000, Adv: 5.0757) | Train Acc: 0.9977 | Val Acc: 0.9217 | Val P/R/F1 (Macro): 0.6102/0.5538/0.5676 | LR: 0.000003
Epoch [65/100] | Loss: 2.5045 (Cls: 1.7531, TAL: 0.0000, Adv: 5.0093) | Train Acc: 0.9931 | Val Acc: 0.8957 | Val P/R/F1 (Macro): 0.5836/0.5139/0.5311 | LR: 0.000003
Epoch [66/100] | Loss: 2.5015 (Cls: 1.7481, TAL: 0.0000, Adv: 5.0231) | Train Acc: 0.9884 | Val Acc: 0.9217 | Val P/R/F1 (Macro): 0.5320/0.5355/0.5307 | LR: 0.000003
Epoch [67/100] | Loss: 2.5013 (Cls: 1.7475, TAL: 0.0000, Adv: 5.0253) | Train Acc: 0.9954 | Val Acc: 0.9391 | Val P/R/F1 (Macro): 0.5976/0.5620/0.5757 | LR: 0.000003
Epoch [68/100] | Loss: 2.5147 (Cls: 1.7626, TAL: 0.0000, Adv: 5.0139) | Train Acc: 0.9931 | Val Acc: 0.9130 | Val P/R/F1 (Macro): 0.5927/0.5542/0.5572 | LR: 0.000003
Epoch [69/100] | Loss: 2.4875 (Cls: 1.7521, TAL: 0.0000, Adv: 4.9026) | Train Acc: 0.9954 | Val Acc: 0.8957 | Val P/R/F1 (Macro): 0.5891/0.5421/0.5505 | LR: 0.000003
Epoch [70/100] | Loss: 2.4547 (Cls: 1.7458, TAL: 0.0000, Adv: 4.7259) | Train Acc: 0.9931 | Val Acc: 0.9130 | Val P/R/F1 (Macro): 0.5976/0.5542/0.5605 | LR: 0.000003
Epoch [71/100] | Loss: 2.4976 (Cls: 1.7440, TAL: 0.0000, Adv: 5.0234) | Train Acc: 0.9954 | Val Acc: 0.9043 | Val P/R/F1 (Macro): 0.5942/0.5504/0.5559 | LR: 0.000003
Epoch [72/100] | Loss: 2.5020 (Cls: 1.7496, TAL: 0.0000, Adv: 5.0160) | Train Acc: 0.9931 | Val Acc: 0.9217 | Val P/R/F1 (Macro): 0.6027/0.5567/0.5646 | LR: 0.000001
Epoch [73/100] | Loss: 2.5283 (Cls: 1.7430, TAL: 0.0000, Adv: 5.2349) | Train Acc: 0.9954 | Val Acc: 0.9043 | Val P/R/F1 (Macro): 0.5906/0.5487/0.5546 | LR: 0.000001
Epoch [74/100] | Loss: 2.5023 (Cls: 1.7306, TAL: 0.0000, Adv: 5.1449) | Train Acc: 1.0000 | Val Acc: 0.9043 | Val P/R/F1 (Macro): 0.5956/0.5516/0.5579 | LR: 0.000001
Epoch [75/100] | Loss: 2.5593 (Cls: 1.7644, TAL: 0.0000, Adv: 5.2994) | Train Acc: 0.9838 | Val Acc: 0.9304 | Val P/R/F1 (Macro): 0.6101/0.5593/0.5699 | LR: 0.000001
Epoch [76/100] | Loss: 2.5157 (Cls: 1.7300, TAL: 0.0000, Adv: 5.2384) | Train Acc: 1.0000 | Val Acc: 0.9130 | Val P/R/F1 (Macro): 0.5945/0.5723/0.5751 | LR: 0.000001
Epoch [77/100] | Loss: 2.5243 (Cls: 1.7272, TAL: 0.0000, Adv: 5.3141) | Train Acc: 0.9977 | Val Acc: 0.8957 | Val P/R/F1 (Macro): 0.5817/0.5447/0.5456 | LR: 0.000001
Epoch [78/100] | Loss: 2.5184 (Cls: 1.7328, TAL: 0.0000, Adv: 5.2373) | Train Acc: 0.9954 | Val Acc: 0.8870 | Val P/R/F1 (Macro): 0.5761/0.5437/0.5432 | LR: 0.000001
Epoch [79/100] | Loss: 2.5545 (Cls: 1.7431, TAL: 0.0000, Adv: 5.4097) | Train Acc: 0.9954 | Val Acc: 0.9304 | Val P/R/F1 (Macro): 0.6041/0.5578/0.5651 | LR: 0.000001
Epoch [80/100] | Loss: 2.5584 (Cls: 1.7423, TAL: 0.0000, Adv: 5.4406) | Train Acc: 0.9977 | Val Acc: 0.9391 | Val P/R/F1 (Macro): 0.6184/0.5630/0.5763 | LR: 0.000001
Epoch [81/100] | Loss: 2.5391 (Cls: 1.7232, TAL: 0.0000, Adv: 5.4392) | Train Acc: 0.9977 | Val Acc: 0.9043 | Val P/R/F1 (Macro): 0.5903/0.5487/0.5534 | LR: 0.000001
Epoch [82/100] | Loss: 2.5334 (Cls: 1.7398, TAL: 0.0000, Adv: 5.2907) | Train Acc: 0.9907 | Val Acc: 0.9217 | Val P/R/F1 (Macro): 0.6115/0.5538/0.5680 | LR: 0.000001
Epoch [83/100] | Loss: 2.5370 (Cls: 1.7315, TAL: 0.0000, Adv: 5.3705) | Train Acc: 0.9931 | Val Acc: 0.9130 | Val P/R/F1 (Macro): 0.5934/0.5542/0.5577 | LR: 0.000001
Epoch [84/100] | Loss: 2.5823 (Cls: 1.7564, TAL: 0.0000, Adv: 5.5063) | Train Acc: 0.9907 | Val Acc: 0.9217 | Val P/R/F1 (Macro): 0.5983/0.5567/0.5625 | LR: 0.000001
Epoch [85/100] | Loss: 2.5412 (Cls: 1.7296, TAL: 0.0000, Adv: 5.4103) | Train Acc: 1.0000 | Val Acc: 0.9130 | Val P/R/F1 (Macro): 0.5972/0.5725/0.5791 | LR: 0.000001
Epoch [86/100] | Loss: 2.5498 (Cls: 1.7396, TAL: 0.0000, Adv: 5.4013) | Train Acc: 0.9931 | Val Acc: 0.9391 | Val P/R/F1 (Macro): 0.6177/0.5618/0.5754 | LR: 0.000001
Epoch [87/100] | Loss: 2.5514 (Cls: 1.7327, TAL: 0.0000, Adv: 5.4576) | Train Acc: 0.9931 | Val Acc: 0.8957 | Val P/R/F1 (Macro): 0.5914/0.5373/0.5484 | LR: 0.000001
Epoch [88/100] | Loss: 2.5251 (Cls: 1.7219, TAL: 0.0000, Adv: 5.3548) | Train Acc: 0.9977 | Val Acc: 0.9217 | Val P/R/F1 (Macro): 0.6036/0.5597/0.5665 | LR: 0.000001
Epoch [89/100] | Loss: 2.5591 (Cls: 1.7512, TAL: 0.0000, Adv: 5.3862) | Train Acc: 0.9931 | Val Acc: 0.9043 | Val P/R/F1 (Macro): 0.5857/0.5502/0.5495 | LR: 0.000001
Epoch [90/100] | Loss: 2.5686 (Cls: 1.7287, TAL: 0.0000, Adv: 5.5990) | Train Acc: 0.9954 | Val Acc: 0.9130 | Val P/R/F1 (Macro): 0.5918/0.5422/0.5527 | LR: 0.000001
Epoch [91/100] | Loss: 2.5587 (Cls: 1.7381, TAL: 0.0000, Adv: 5.4711) | Train Acc: 0.9931 | Val Acc: 0.9304 | Val P/R/F1 (Macro): 0.6091/0.5622/0.5703 | LR: 0.000001
Epoch [92/100] | Loss: 2.5641 (Cls: 1.7333, TAL: 0.0000, Adv: 5.5384) | Train Acc: 0.9954 | Val Acc: 0.9478 | Val P/R/F1 (Macro): 0.6185/0.5886/0.5988 | LR: 0.000001
  >>> New Best Val Acc: 0.9478
Epoch [93/100] | Loss: 2.5575 (Cls: 1.7393, TAL: 0.0000, Adv: 5.4549) | Train Acc: 0.9954 | Val Acc: 0.9478 | Val P/R/F1 (Macro): 0.6202/0.5868/0.5984 | LR: 0.000001
Epoch [94/100] | Loss: 2.5785 (Cls: 1.7443, TAL: 0.0000, Adv: 5.5612) | Train Acc: 0.9954 | Val Acc: 0.9391 | Val P/R/F1 (Macro): 0.6136/0.5630/0.5735 | LR: 0.000001
Epoch [95/100] | Loss: 2.5894 (Cls: 1.7303, TAL: 0.0000, Adv: 5.7272) | Train Acc: 0.9931 | Val Acc: 0.9391 | Val P/R/F1 (Macro): 0.6224/0.5630/0.5780 | LR: 0.000001
Epoch [96/100] | Loss: 2.5796 (Cls: 1.7387, TAL: 0.0000, Adv: 5.6058) | Train Acc: 0.9954 | Val Acc: 0.9130 | Val P/R/F1 (Macro): 0.5976/0.5442/0.5557 | LR: 0.000001
Epoch [97/100] | Loss: 2.5824 (Cls: 1.7274, TAL: 0.0000, Adv: 5.7001) | Train Acc: 0.9977 | Val Acc: 0.9304 | Val P/R/F1 (Macro): 0.6110/0.5605/0.5716 | LR: 0.000001
Epoch [98/100] | Loss: 2.5458 (Cls: 1.7342, TAL: 0.0000, Adv: 5.4110) | Train Acc: 0.9954 | Val Acc: 0.9391 | Val P/R/F1 (Macro): 0.6055/0.5843/0.5896 | LR: 0.000001
Epoch [99/100] | Loss: 2.5586 (Cls: 1.7341, TAL: 0.0000, Adv: 5.4967) | Train Acc: 1.0000 | Val Acc: 0.9217 | Val P/R/F1 (Macro): 0.6017/0.5597/0.5650 | LR: 0.000001
Epoch [100/100] | Loss: 2.5763 (Cls: 1.7333, TAL: 0.0000, Adv: 5.6201) | Train Acc: 0.9977 | Val Acc: 0.9130 | Val P/R/F1 (Macro): 0.5827/0.5412/0.5484 | LR: 0.000001

迭代 1 最佳指标:
  Accuracy: 0.9478
  Precision (Macro): 0.6185
  Recall (Macro): 0.5886
  F1 (Macro): 0.5988
  Precision (Micro): 0.9478
  Recall (Micro): 0.9478
  F1 (Micro): 0.9478

================================================================================
迭代 2/5
随机种子: 43
================================================================================
Epoch [1/100] | Loss: 6.6570 (Cls: 6.6045, TAL: 0.0000, Adv: 0.3502) | Train Acc: 0.2870 | Val Acc: 0.3739 | Val P/R/F1 (Macro): 0.3008/0.2261/0.1849 | LR: 0.000010
  >>> New Best Val Acc: 0.3739
Epoch [2/100] | Loss: 5.3054 (Cls: 5.1653, TAL: 0.0000, Adv: 0.9339) | Train Acc: 0.4167 | Val Acc: 0.5043 | Val P/R/F1 (Macro): 0.4169/0.2711/0.2885 | LR: 0.000010
  >>> New Best Val Acc: 0.5043
Epoch [3/100] | Loss: 4.1190 (Cls: 3.8915, TAL: 0.0000, Adv: 1.5169) | Train Acc: 0.6065 | Val Acc: 0.6435 | Val P/R/F1 (Macro): 0.4011/0.3594/0.3532 | LR: 0.000010
  >>> New Best Val Acc: 0.6435
Epoch [4/100] | Loss: 3.8838 (Cls: 3.5528, TAL: 0.0000, Adv: 2.2065) | Train Acc: 0.6829 | Val Acc: 0.7043 | Val P/R/F1 (Macro): 0.4183/0.4303/0.4081 | LR: 0.000010
  >>> New Best Val Acc: 0.7043
Epoch [5/100] | Loss: 3.3387 (Cls: 2.9401, TAL: 0.0000, Adv: 2.6571) | Train Acc: 0.8079 | Val Acc: 0.7652 | Val P/R/F1 (Macro): 0.4635/0.4462/0.4462 | LR: 0.000010
  >>> New Best Val Acc: 0.7652
Epoch [6/100] | Loss: 3.4419 (Cls: 3.0048, TAL: 0.0000, Adv: 2.9139) | Train Acc: 0.8125 | Val Acc: 0.7913 | Val P/R/F1 (Macro): 0.4778/0.4692/0.4506 | LR: 0.000010
  >>> New Best Val Acc: 0.7913
Epoch [7/100] | Loss: 3.2730 (Cls: 2.8243, TAL: 0.0000, Adv: 2.9909) | Train Acc: 0.8287 | Val Acc: 0.8348 | Val P/R/F1 (Macro): 0.5532/0.5152/0.5026 | LR: 0.000010
  >>> New Best Val Acc: 0.8348
Epoch [8/100] | Loss: 3.0738 (Cls: 2.5866, TAL: 0.0000, Adv: 3.2479) | Train Acc: 0.8657 | Val Acc: 0.7913 | Val P/R/F1 (Macro): 0.5249/0.4734/0.4747 | LR: 0.000010
Epoch [9/100] | Loss: 3.0238 (Cls: 2.5361, TAL: 0.0000, Adv: 3.2514) | Train Acc: 0.8657 | Val Acc: 0.8261 | Val P/R/F1 (Macro): 0.5278/0.5362/0.5180 | LR: 0.000010
Epoch [10/100] | Loss: 2.9789 (Cls: 2.4820, TAL: 0.0000, Adv: 3.3129) | Train Acc: 0.8542 | Val Acc: 0.8000 | Val P/R/F1 (Macro): 0.5545/0.4563/0.4777 | LR: 0.000010
Epoch [11/100] | Loss: 2.9528 (Cls: 2.4291, TAL: 0.0000, Adv: 3.4919) | Train Acc: 0.8843 | Val Acc: 0.8783 | Val P/R/F1 (Macro): 0.5623/0.5614/0.5548 | LR: 0.000010
  >>> New Best Val Acc: 0.8783
Epoch [12/100] | Loss: 2.8393 (Cls: 2.2911, TAL: 0.0000, Adv: 3.6547) | Train Acc: 0.9051 | Val Acc: 0.8087 | Val P/R/F1 (Macro): 0.5547/0.4659/0.4817 | LR: 0.000010
Epoch [13/100] | Loss: 2.7484 (Cls: 2.1895, TAL: 0.0000, Adv: 3.7263) | Train Acc: 0.9444 | Val Acc: 0.8522 | Val P/R/F1 (Macro): 0.5614/0.5214/0.5292 | LR: 0.000010
Epoch [14/100] | Loss: 2.7845 (Cls: 2.2473, TAL: 0.0000, Adv: 3.5808) | Train Acc: 0.9051 | Val Acc: 0.8435 | Val P/R/F1 (Macro): 0.5455/0.5036/0.5087 | LR: 0.000010
Epoch [15/100] | Loss: 2.9485 (Cls: 2.3314, TAL: 0.0000, Adv: 4.1141) | Train Acc: 0.8981 | Val Acc: 0.8348 | Val P/R/F1 (Macro): 0.5502/0.5042/0.5155 | LR: 0.000010
Epoch [16/100] | Loss: 2.7359 (Cls: 2.1218, TAL: 0.0000, Adv: 4.0938) | Train Acc: 0.9560 | Val Acc: 0.8696 | Val P/R/F1 (Macro): 0.5585/0.5296/0.5272 | LR: 0.000010
Epoch [17/100] | Loss: 2.7112 (Cls: 2.1513, TAL: 0.0000, Adv: 3.7326) | Train Acc: 0.9306 | Val Acc: 0.9130 | Val P/R/F1 (Macro): 0.5898/0.5794/0.5797 | LR: 0.000010
  >>> New Best Val Acc: 0.9130
Epoch [18/100] | Loss: 2.7662 (Cls: 2.1796, TAL: 0.0000, Adv: 3.9108) | Train Acc: 0.9583 | Val Acc: 0.8609 | Val P/R/F1 (Macro): 0.5685/0.5194/0.5200 | LR: 0.000010
Epoch [19/100] | Loss: 2.6818 (Cls: 2.0774, TAL: 0.0000, Adv: 4.0293) | Train Acc: 0.9468 | Val Acc: 0.8522 | Val P/R/F1 (Macro): 0.5758/0.5040/0.5179 | LR: 0.000010
Epoch [20/100] | Loss: 2.6115 (Cls: 2.0713, TAL: 0.0000, Adv: 3.6016) | Train Acc: 0.9421 | Val Acc: 0.8696 | Val P/R/F1 (Macro): 0.5613/0.5574/0.5531 | LR: 0.000010
Epoch [21/100] | Loss: 2.6801 (Cls: 2.1047, TAL: 0.0000, Adv: 3.8356) | Train Acc: 0.9398 | Val Acc: 0.8870 | Val P/R/F1 (Macro): 0.5824/0.5639/0.5640 | LR: 0.000010
Epoch [22/100] | Loss: 2.6532 (Cls: 2.0775, TAL: 0.0000, Adv: 3.8380) | Train Acc: 0.9491 | Val Acc: 0.9043 | Val P/R/F1 (Macro): 0.6035/0.5310/0.5491 | LR: 0.000010
Epoch [23/100] | Loss: 2.5515 (Cls: 1.9898, TAL: 0.0000, Adv: 3.7450) | Train Acc: 0.9722 | Val Acc: 0.8783 | Val P/R/F1 (Macro): 0.5647/0.5496/0.5505 | LR: 0.000010
Epoch [24/100] | Loss: 2.6400 (Cls: 2.0684, TAL: 0.0000, Adv: 3.8105) | Train Acc: 0.9514 | Val Acc: 0.8870 | Val P/R/F1 (Macro): 0.5897/0.5037/0.5217 | LR: 0.000010
Epoch [25/100] | Loss: 2.6416 (Cls: 2.0185, TAL: 0.0000, Adv: 4.1537) | Train Acc: 0.9630 | Val Acc: 0.8609 | Val P/R/F1 (Macro): 0.5439/0.5281/0.5329 | LR: 0.000010
Epoch [26/100] | Loss: 2.6063 (Cls: 1.9955, TAL: 0.0000, Adv: 4.0720) | Train Acc: 0.9653 | Val Acc: 0.9043 | Val P/R/F1 (Macro): 0.5975/0.5463/0.5556 | LR: 0.000010
Epoch [27/100] | Loss: 2.5790 (Cls: 1.9599, TAL: 0.0000, Adv: 4.1278) | Train Acc: 0.9699 | Val Acc: 0.9217 | Val P/R/F1 (Macro): 0.6101/0.5668/0.5801 | LR: 0.000010
  >>> New Best Val Acc: 0.9217
Epoch [28/100] | Loss: 2.6280 (Cls: 1.9839, TAL: 0.0000, Adv: 4.2942) | Train Acc: 0.9699 | Val Acc: 0.9043 | Val P/R/F1 (Macro): 0.5968/0.5450/0.5546 | LR: 0.000010
Epoch [29/100] | Loss: 2.6246 (Cls: 1.9738, TAL: 0.0000, Adv: 4.3383) | Train Acc: 0.9838 | Val Acc: 0.9043 | Val P/R/F1 (Macro): 0.5873/0.5390/0.5473 | LR: 0.000010
Epoch [30/100] | Loss: 2.6102 (Cls: 1.9617, TAL: 0.0000, Adv: 4.3233) | Train Acc: 0.9722 | Val Acc: 0.9043 | Val P/R/F1 (Macro): 0.5709/0.5306/0.5367 | LR: 0.000010
Epoch [31/100] | Loss: 2.5867 (Cls: 1.9205, TAL: 0.0000, Adv: 4.4418) | Train Acc: 0.9838 | Val Acc: 0.9043 | Val P/R/F1 (Macro): 0.5846/0.5597/0.5661 | LR: 0.000010
Epoch [32/100] | Loss: 2.5529 (Cls: 1.8793, TAL: 0.0000, Adv: 4.4909) | Train Acc: 0.9792 | Val Acc: 0.9130 | Val P/R/F1 (Macro): 0.5975/0.5512/0.5589 | LR: 0.000010
Epoch [33/100] | Loss: 2.5715 (Cls: 1.8857, TAL: 0.0000, Adv: 4.5720) | Train Acc: 0.9792 | Val Acc: 0.8522 | Val P/R/F1 (Macro): 0.5635/0.4879/0.5045 | LR: 0.000010
Epoch [34/100] | Loss: 2.6461 (Cls: 1.9330, TAL: 0.0000, Adv: 4.7538) | Train Acc: 0.9699 | Val Acc: 0.8609 | Val P/R/F1 (Macro): 0.5769/0.5061/0.5173 | LR: 0.000010
Epoch [35/100] | Loss: 2.6790 (Cls: 1.9420, TAL: 0.0000, Adv: 4.9131) | Train Acc: 0.9676 | Val Acc: 0.8696 | Val P/R/F1 (Macro): 0.5651/0.5167/0.5244 | LR: 0.000010
Epoch [36/100] | Loss: 2.5896 (Cls: 1.8819, TAL: 0.0000, Adv: 4.7177) | Train Acc: 0.9907 | Val Acc: 0.8696 | Val P/R/F1 (Macro): 0.5513/0.5077/0.5160 | LR: 0.000010
Epoch [37/100] | Loss: 2.6209 (Cls: 1.8844, TAL: 0.0000, Adv: 4.9098) | Train Acc: 0.9653 | Val Acc: 0.9130 | Val P/R/F1 (Macro): 0.5977/0.5383/0.5531 | LR: 0.000010
Epoch [38/100] | Loss: 2.5937 (Cls: 1.8602, TAL: 0.0000, Adv: 4.8900) | Train Acc: 0.9861 | Val Acc: 0.8870 | Val P/R/F1 (Macro): 0.5707/0.5175/0.5302 | LR: 0.000005
Epoch [39/100] | Loss: 2.5731 (Cls: 1.8727, TAL: 0.0000, Adv: 4.6689) | Train Acc: 0.9745 | Val Acc: 0.8957 | Val P/R/F1 (Macro): 0.5886/0.5232/0.5379 | LR: 0.000005
Epoch [40/100] | Loss: 2.5881 (Cls: 1.8556, TAL: 0.0000, Adv: 4.8836) | Train Acc: 0.9884 | Val Acc: 0.8957 | Val P/R/F1 (Macro): 0.5878/0.5310/0.5456 | LR: 0.000005
Epoch [41/100] | Loss: 2.5209 (Cls: 1.8043, TAL: 0.0000, Adv: 4.7773) | Train Acc: 0.9931 | Val Acc: 0.9304 | Val P/R/F1 (Macro): 0.6035/0.5979/0.5971 | LR: 0.000005
  >>> New Best Val Acc: 0.9304
Epoch [42/100] | Loss: 2.5449 (Cls: 1.8121, TAL: 0.0000, Adv: 4.8854) | Train Acc: 0.9907 | Val Acc: 0.9043 | Val P/R/F1 (Macro): 0.5795/0.5504/0.5452 | LR: 0.000005
Epoch [43/100] | Loss: 2.5453 (Cls: 1.8064, TAL: 0.0000, Adv: 4.9258) | Train Acc: 0.9838 | Val Acc: 0.8957 | Val P/R/F1 (Macro): 0.5817/0.5332/0.5436 | LR: 0.000005
Epoch [44/100] | Loss: 2.5638 (Cls: 1.8286, TAL: 0.0000, Adv: 4.9009) | Train Acc: 0.9838 | Val Acc: 0.8957 | Val P/R/F1 (Macro): 0.5921/0.5050/0.5250 | LR: 0.000005
Epoch [45/100] | Loss: 2.5402 (Cls: 1.8092, TAL: 0.0000, Adv: 4.8733) | Train Acc: 0.9954 | Val Acc: 0.8696 | Val P/R/F1 (Macro): 0.5474/0.5050/0.5082 | LR: 0.000005
Epoch [46/100] | Loss: 2.5609 (Cls: 1.8146, TAL: 0.0000, Adv: 4.9758) | Train Acc: 0.9861 | Val Acc: 0.9391 | Val P/R/F1 (Macro): 0.6177/0.5618/0.5754 | LR: 0.000005
  >>> New Best Val Acc: 0.9391
Epoch [47/100] | Loss: 2.5115 (Cls: 1.8041, TAL: 0.0000, Adv: 4.7163) | Train Acc: 0.9838 | Val Acc: 0.9130 | Val P/R/F1 (Macro): 0.5919/0.5412/0.5531 | LR: 0.000005
Epoch [48/100] | Loss: 2.5404 (Cls: 1.8055, TAL: 0.0000, Adv: 4.8996) | Train Acc: 0.9884 | Val Acc: 0.9043 | Val P/R/F1 (Macro): 0.5913/0.5298/0.5449 | LR: 0.000005
Epoch [49/100] | Loss: 2.5828 (Cls: 1.8058, TAL: 0.0000, Adv: 5.1799) | Train Acc: 0.9884 | Val Acc: 0.8957 | Val P/R/F1 (Macro): 0.5814/0.5413/0.5538 | LR: 0.000005
Epoch [50/100] | Loss: 2.5380 (Cls: 1.7854, TAL: 0.0000, Adv: 5.0175) | Train Acc: 0.9954 | Val Acc: 0.9043 | Val P/R/F1 (Macro): 0.5885/0.5387/0.5486 | LR: 0.000005
Epoch [51/100] | Loss: 2.5425 (Cls: 1.7811, TAL: 0.0000, Adv: 5.0756) | Train Acc: 0.9861 | Val Acc: 0.8957 | Val P/R/F1 (Macro): 0.5885/0.5322/0.5473 | LR: 0.000005
Epoch [52/100] | Loss: 2.5516 (Cls: 1.7923, TAL: 0.0000, Adv: 5.0621) | Train Acc: 0.9977 | Val Acc: 0.9217 | Val P/R/F1 (Macro): 0.6001/0.5533/0.5687 | LR: 0.000005
Epoch [53/100] | Loss: 2.5868 (Cls: 1.8064, TAL: 0.0000, Adv: 5.2029) | Train Acc: 0.9954 | Val Acc: 0.8696 | Val P/R/F1 (Macro): 0.5693/0.5021/0.5120 | LR: 0.000005
Epoch [54/100] | Loss: 2.5759 (Cls: 1.7886, TAL: 0.0000, Adv: 5.2489) | Train Acc: 0.9907 | Val Acc: 0.8957 | Val P/R/F1 (Macro): 0.5706/0.5413/0.5515 | LR: 0.000005
Epoch [55/100] | Loss: 2.5777 (Cls: 1.7619, TAL: 0.0000, Adv: 5.4387) | Train Acc: 0.9977 | Val Acc: 0.8957 | Val P/R/F1 (Macro): 0.5954/0.5402/0.5496 | LR: 0.000005
Epoch [56/100] | Loss: 2.6112 (Cls: 1.8184, TAL: 0.0000, Adv: 5.2854) | Train Acc: 0.9769 | Val Acc: 0.9043 | Val P/R/F1 (Macro): 0.5916/0.5377/0.5518 | LR: 0.000005
Epoch [57/100] | Loss: 2.6430 (Cls: 1.8289, TAL: 0.0000, Adv: 5.4275) | Train Acc: 0.9884 | Val Acc: 0.9304 | Val P/R/F1 (Macro): 0.6087/0.5793/0.5885 | LR: 0.000003
Epoch [58/100] | Loss: 2.5624 (Cls: 1.7684, TAL: 0.0000, Adv: 5.2934) | Train Acc: 0.9884 | Val Acc: 0.8957 | Val P/R/F1 (Macro): 0.5893/0.5285/0.5396 | LR: 0.000003
Epoch [59/100] | Loss: 2.5526 (Cls: 1.7857, TAL: 0.0000, Adv: 5.1123) | Train Acc: 0.9861 | Val Acc: 0.8870 | Val P/R/F1 (Macro): 0.5761/0.5347/0.5395 | LR: 0.000003
Epoch [60/100] | Loss: 2.5542 (Cls: 1.7712, TAL: 0.0000, Adv: 5.2202) | Train Acc: 0.9907 | Val Acc: 0.9043 | Val P/R/F1 (Macro): 0.5950/0.5374/0.5473 | LR: 0.000003
Epoch [61/100] | Loss: 2.5150 (Cls: 1.7486, TAL: 0.0000, Adv: 5.1094) | Train Acc: 0.9977 | Val Acc: 0.8783 | Val P/R/F1 (Macro): 0.5749/0.5090/0.5240 | LR: 0.000003
Epoch [62/100] | Loss: 2.5336 (Cls: 1.7577, TAL: 0.0000, Adv: 5.1728) | Train Acc: 0.9907 | Val Acc: 0.9217 | Val P/R/F1 (Macro): 0.5952/0.5628/0.5684 | LR: 0.000003
Epoch [63/100] | Loss: 2.5520 (Cls: 1.7683, TAL: 0.0000, Adv: 5.2252) | Train Acc: 0.9977 | Val Acc: 0.9130 | Val P/R/F1 (Macro): 0.6083/0.5390/0.5586 | LR: 0.000003
Epoch [64/100] | Loss: 2.5749 (Cls: 1.7798, TAL: 0.0000, Adv: 5.3006) | Train Acc: 0.9954 | Val Acc: 0.8609 | Val P/R/F1 (Macro): 0.5782/0.4811/0.5043 | LR: 0.000003
Epoch [65/100] | Loss: 2.5447 (Cls: 1.7605, TAL: 0.0000, Adv: 5.2277) | Train Acc: 0.9931 | Val Acc: 0.9391 | Val P/R/F1 (Macro): 0.6131/0.6014/0.6050 | LR: 0.000003
Epoch [66/100] | Loss: 2.5630 (Cls: 1.7528, TAL: 0.0000, Adv: 5.4015) | Train Acc: 0.9954 | Val Acc: 0.8957 | Val P/R/F1 (Macro): 0.5717/0.5230/0.5326 | LR: 0.000003
Epoch [67/100] | Loss: 2.5591 (Cls: 1.7628, TAL: 0.0000, Adv: 5.3082) | Train Acc: 0.9884 | Val Acc: 0.9304 | Val P/R/F1 (Macro): 0.6040/0.5571/0.5733 | LR: 0.000003
Epoch [68/100] | Loss: 2.5786 (Cls: 1.7773, TAL: 0.0000, Adv: 5.3422) | Train Acc: 0.9907 | Val Acc: 0.9043 | Val P/R/F1 (Macro): 0.5804/0.5504/0.5504 | LR: 0.000001
Epoch [69/100] | Loss: 2.5853 (Cls: 1.7771, TAL: 0.0000, Adv: 5.3875) | Train Acc: 0.9861 | Val Acc: 0.8783 | Val P/R/F1 (Macro): 0.5723/0.5296/0.5349 | LR: 0.000001
Epoch [70/100] | Loss: 2.5888 (Cls: 1.7790, TAL: 0.0000, Adv: 5.3987) | Train Acc: 0.9907 | Val Acc: 0.9217 | Val P/R/F1 (Macro): 0.6095/0.5538/0.5668 | LR: 0.000001
Epoch [71/100] | Loss: 2.5754 (Cls: 1.7756, TAL: 0.0000, Adv: 5.3320) | Train Acc: 0.9907 | Val Acc: 0.8870 | Val P/R/F1 (Macro): 0.5729/0.5189/0.5306 | LR: 0.000001
Epoch [72/100] | Loss: 2.5698 (Cls: 1.7461, TAL: 0.0000, Adv: 5.4910) | Train Acc: 1.0000 | Val Acc: 0.9043 | Val P/R/F1 (Macro): 0.5848/0.5702/0.5727 | LR: 0.000001
Epoch [73/100] | Loss: 2.5546 (Cls: 1.7458, TAL: 0.0000, Adv: 5.3922) | Train Acc: 0.9931 | Val Acc: 0.8783 | Val P/R/F1 (Macro): 0.5743/0.5073/0.5214 | LR: 0.000001
Epoch [74/100] | Loss: 2.6001 (Cls: 1.7759, TAL: 0.0000, Adv: 5.4949) | Train Acc: 0.9861 | Val Acc: 0.8957 | Val P/R/F1 (Macro): 0.5770/0.5347/0.5413 | LR: 0.000001
Epoch [75/100] | Loss: 2.5580 (Cls: 1.7478, TAL: 0.0000, Adv: 5.4011) | Train Acc: 0.9931 | Val Acc: 0.9391 | Val P/R/F1 (Macro): 0.6167/0.5713/0.5883 | LR: 0.000001
Epoch [76/100] | Loss: 2.6019 (Cls: 1.7579, TAL: 0.0000, Adv: 5.6262) | Train Acc: 0.9907 | Val Acc: 0.9130 | Val P/R/F1 (Macro): 0.5996/0.5398/0.5537 | LR: 0.000001
Epoch [77/100] | Loss: 2.5853 (Cls: 1.7566, TAL: 0.0000, Adv: 5.5243) | Train Acc: 0.9954 | Val Acc: 0.9043 | Val P/R/F1 (Macro): 0.5980/0.5387/0.5526 | LR: 0.000001
Epoch [78/100] | Loss: 2.5840 (Cls: 1.7483, TAL: 0.0000, Adv: 5.5716) | Train Acc: 0.9931 | Val Acc: 0.9130 | Val P/R/F1 (Macro): 0.6075/0.5412/0.5583 | LR: 0.000001
Epoch [79/100] | Loss: 2.6023 (Cls: 1.7564, TAL: 0.0000, Adv: 5.6392) | Train Acc: 0.9931 | Val Acc: 0.9130 | Val P/R/F1 (Macro): 0.5979/0.5651/0.5730 | LR: 0.000001
Epoch [80/100] | Loss: 2.5987 (Cls: 1.7659, TAL: 0.0000, Adv: 5.5517) | Train Acc: 0.9931 | Val Acc: 0.8957 | Val P/R/F1 (Macro): 0.5957/0.5208/0.5357 | LR: 0.000001
Epoch [81/100] | Loss: 2.5954 (Cls: 1.7523, TAL: 0.0000, Adv: 5.6205) | Train Acc: 0.9907 | Val Acc: 0.9217 | Val P/R/F1 (Macro): 0.6024/0.5436/0.5592 | LR: 0.000001
Epoch [82/100] | Loss: 2.6193 (Cls: 1.7506, TAL: 0.0000, Adv: 5.7915) | Train Acc: 0.9977 | Val Acc: 0.9391 | Val P/R/F1 (Macro): 0.6154/0.5713/0.5874 | LR: 0.000001
Epoch [83/100] | Loss: 2.6142 (Cls: 1.7493, TAL: 0.0000, Adv: 5.7656) | Train Acc: 0.9931 | Val Acc: 0.9043 | Val P/R/F1 (Macro): 0.5803/0.5519/0.5503 | LR: 0.000001
Epoch [84/100] | Loss: 2.5966 (Cls: 1.7392, TAL: 0.0000, Adv: 5.7163) | Train Acc: 0.9954 | Val Acc: 0.9391 | Val P/R/F1 (Macro): 0.6070/0.5831/0.5897 | LR: 0.000001
Epoch [85/100] | Loss: 2.5973 (Cls: 1.7352, TAL: 0.0000, Adv: 5.7474) | Train Acc: 1.0000 | Val Acc: 0.9304 | Val P/R/F1 (Macro): 0.6108/0.5688/0.5838 | LR: 0.000001
Epoch [86/100] | Loss: 2.6169 (Cls: 1.7653, TAL: 0.0000, Adv: 5.6773) | Train Acc: 0.9838 | Val Acc: 0.8957 | Val P/R/F1 (Macro): 0.5742/0.5153/0.5289 | LR: 0.000001
Epoch [87/100] | Loss: 2.5957 (Cls: 1.7455, TAL: 0.0000, Adv: 5.6682) | Train Acc: 0.9977 | Val Acc: 0.9043 | Val P/R/F1 (Macro): 0.5913/0.5385/0.5493 | LR: 0.000001
Epoch [88/100] | Loss: 2.6298 (Cls: 1.7587, TAL: 0.0000, Adv: 5.8074) | Train Acc: 0.9954 | Val Acc: 0.9130 | Val P/R/F1 (Macro): 0.5925/0.5412/0.5528 | LR: 0.000001
Epoch [89/100] | Loss: 2.5854 (Cls: 1.7343, TAL: 0.0000, Adv: 5.6743) | Train Acc: 0.9977 | Val Acc: 0.8957 | Val P/R/F1 (Macro): 0.5796/0.5332/0.5422 | LR: 0.000001
Epoch [90/100] | Loss: 2.6245 (Cls: 1.7450, TAL: 0.0000, Adv: 5.8635) | Train Acc: 0.9931 | Val Acc: 0.9043 | Val P/R/F1 (Macro): 0.5916/0.5345/0.5489 | LR: 0.000001
Epoch [91/100] | Loss: 2.6176 (Cls: 1.7395, TAL: 0.0000, Adv: 5.8542) | Train Acc: 0.9977 | Val Acc: 0.9043 | Val P/R/F1 (Macro): 0.6027/0.5428/0.5552 | LR: 0.000001
Epoch [92/100] | Loss: 2.6146 (Cls: 1.7578, TAL: 0.0000, Adv: 5.7118) | Train Acc: 0.9907 | Val Acc: 0.9217 | Val P/R/F1 (Macro): 0.6011/0.5662/0.5786 | LR: 0.000001
Epoch [93/100] | Loss: 2.5959 (Cls: 1.7401, TAL: 0.0000, Adv: 5.7052) | Train Acc: 0.9931 | Val Acc: 0.9217 | Val P/R/F1 (Macro): 0.5956/0.5373/0.5523 | LR: 0.000001
Epoch [94/100] | Loss: 2.5790 (Cls: 1.7334, TAL: 0.0000, Adv: 5.6374) | Train Acc: 0.9931 | Val Acc: 0.8957 | Val P/R/F1 (Macro): 0.5811/0.5464/0.5484 | LR: 0.000001
Epoch [95/100] | Loss: 2.6089 (Cls: 1.7406, TAL: 0.0000, Adv: 5.7886) | Train Acc: 1.0000 | Val Acc: 0.8870 | Val P/R/F1 (Macro): 0.5785/0.5306/0.5384 | LR: 0.000001
Epoch [96/100] | Loss: 2.6202 (Cls: 1.7426, TAL: 0.0000, Adv: 5.8503) | Train Acc: 0.9931 | Val Acc: 0.9043 | Val P/R/F1 (Macro): 0.5899/0.5640/0.5669 | LR: 0.000001
Epoch [97/100] | Loss: 2.6338 (Cls: 1.7684, TAL: 0.0000, Adv: 5.7692) | Train Acc: 0.9838 | Val Acc: 0.9217 | Val P/R/F1 (Macro): 0.5962/0.5768/0.5822 | LR: 0.000001
Epoch [98/100] | Loss: 2.6212 (Cls: 1.7365, TAL: 0.0000, Adv: 5.8980) | Train Acc: 0.9907 | Val Acc: 0.9217 | Val P/R/F1 (Macro): 0.5785/0.5811/0.5759 | LR: 0.000001
Epoch [99/100] | Loss: 2.6200 (Cls: 1.7465, TAL: 0.0000, Adv: 5.8235) | Train Acc: 0.9977 | Val Acc: 0.9130 | Val P/R/F1 (Macro): 0.5908/0.5625/0.5709 | LR: 0.000001
Epoch [100/100] | Loss: 2.6265 (Cls: 1.7385, TAL: 0.0000, Adv: 5.9200) | Train Acc: 0.9954 | Val Acc: 0.9043 | Val P/R/F1 (Macro): 0.6027/0.5269/0.5456 | LR: 0.000001

迭代 2 最佳指标:
  Accuracy: 0.9391
  Precision (Macro): 0.6177
  Recall (Macro): 0.5618
  F1 (Macro): 0.5754
  Precision (Micro): 0.9391
  Recall (Micro): 0.9391
  F1 (Micro): 0.9391

================================================================================
迭代 3/5
随机种子: 44
================================================================================
Epoch [1/100] | Loss: 6.4274 (Cls: 6.3747, TAL: 0.0000, Adv: 0.3511) | Train Acc: 0.3356 | Val Acc: 0.4435 | Val P/R/F1 (Macro): 0.1746/0.2394/0.1954 | LR: 0.000010
  >>> New Best Val Acc: 0.4435
Epoch [2/100] | Loss: 5.0032 (Cls: 4.9127, TAL: 0.0000, Adv: 0.6035) | Train Acc: 0.4792 | Val Acc: 0.5043 | Val P/R/F1 (Macro): 0.3333/0.3259/0.2980 | LR: 0.000010
  >>> New Best Val Acc: 0.5043
Epoch [3/100] | Loss: 4.1047 (Cls: 3.9479, TAL: 0.0000, Adv: 1.0457) | Train Acc: 0.5833 | Val Acc: 0.6522 | Val P/R/F1 (Macro): 0.3876/0.3875/0.3616 | LR: 0.000010
  >>> New Best Val Acc: 0.6522
Epoch [4/100] | Loss: 3.7896 (Cls: 3.5390, TAL: 0.0000, Adv: 1.6706) | Train Acc: 0.6713 | Val Acc: 0.6174 | Val P/R/F1 (Macro): 0.4262/0.3848/0.3508 | LR: 0.000010
Epoch [5/100] | Loss: 3.5224 (Cls: 3.2111, TAL: 0.0000, Adv: 2.0754) | Train Acc: 0.7338 | Val Acc: 0.8000 | Val P/R/F1 (Macro): 0.5523/0.4681/0.4839 | LR: 0.000010
  >>> New Best Val Acc: 0.8000
Epoch [6/100] | Loss: 3.3111 (Cls: 2.9574, TAL: 0.0000, Adv: 2.3578) | Train Acc: 0.8032 | Val Acc: 0.8087 | Val P/R/F1 (Macro): 0.5246/0.4923/0.4832 | LR: 0.000010
  >>> New Best Val Acc: 0.8087
Epoch [7/100] | Loss: 3.3855 (Cls: 2.9984, TAL: 0.0000, Adv: 2.5811) | Train Acc: 0.8102 | Val Acc: 0.7565 | Val P/R/F1 (Macro): 0.4649/0.4341/0.4292 | LR: 0.000010
Epoch [8/100] | Loss: 3.1503 (Cls: 2.7349, TAL: 0.0000, Adv: 2.7699) | Train Acc: 0.8519 | Val Acc: 0.8087 | Val P/R/F1 (Macro): 0.5360/0.5002/0.4892 | LR: 0.000010
Epoch [9/100] | Loss: 2.8906 (Cls: 2.4674, TAL: 0.0000, Adv: 2.8210) | Train Acc: 0.8866 | Val Acc: 0.8000 | Val P/R/F1 (Macro): 0.4590/0.4577/0.4496 | LR: 0.000010
Epoch [10/100] | Loss: 2.8066 (Cls: 2.4005, TAL: 0.0000, Adv: 2.7078) | Train Acc: 0.9167 | Val Acc: 0.8348 | Val P/R/F1 (Macro): 0.5564/0.5157/0.5245 | LR: 0.000010
  >>> New Best Val Acc: 0.8348
Epoch [11/100] | Loss: 2.9416 (Cls: 2.5188, TAL: 0.0000, Adv: 2.8182) | Train Acc: 0.8889 | Val Acc: 0.7739 | Val P/R/F1 (Macro): 0.4592/0.4565/0.4467 | LR: 0.000010
Epoch [12/100] | Loss: 2.8427 (Cls: 2.3734, TAL: 0.0000, Adv: 3.1282) | Train Acc: 0.9074 | Val Acc: 0.8609 | Val P/R/F1 (Macro): 0.5380/0.5286/0.5265 | LR: 0.000010
  >>> New Best Val Acc: 0.8609
Epoch [13/100] | Loss: 2.7708 (Cls: 2.3085, TAL: 0.0000, Adv: 3.0820) | Train Acc: 0.9074 | Val Acc: 0.8609 | Val P/R/F1 (Macro): 0.5848/0.5274/0.5351 | LR: 0.000010
Epoch [14/100] | Loss: 2.7508 (Cls: 2.2448, TAL: 0.0000, Adv: 3.3733) | Train Acc: 0.9282 | Val Acc: 0.9130 | Val P/R/F1 (Macro): 0.5868/0.5451/0.5472 | LR: 0.000010
  >>> New Best Val Acc: 0.9130
Epoch [15/100] | Loss: 2.7449 (Cls: 2.2295, TAL: 0.0000, Adv: 3.4361) | Train Acc: 0.9051 | Val Acc: 0.8522 | Val P/R/F1 (Macro): 0.5746/0.5116/0.5189 | LR: 0.000010
Epoch [16/100] | Loss: 2.5966 (Cls: 2.0902, TAL: 0.0000, Adv: 3.3763) | Train Acc: 0.9491 | Val Acc: 0.8957 | Val P/R/F1 (Macro): 0.5275/0.5191/0.5158 | LR: 0.000010
Epoch [17/100] | Loss: 2.6903 (Cls: 2.1753, TAL: 0.0000, Adv: 3.4330) | Train Acc: 0.9352 | Val Acc: 0.8870 | Val P/R/F1 (Macro): 0.5879/0.5271/0.5346 | LR: 0.000010
Epoch [18/100] | Loss: 2.7069 (Cls: 2.1741, TAL: 0.0000, Adv: 3.5517) | Train Acc: 0.9676 | Val Acc: 0.8870 | Val P/R/F1 (Macro): 0.5818/0.5210/0.5296 | LR: 0.000010
Epoch [19/100] | Loss: 2.6350 (Cls: 2.0980, TAL: 0.0000, Adv: 3.5803) | Train Acc: 0.9444 | Val Acc: 0.8348 | Val P/R/F1 (Macro): 0.5459/0.5039/0.5042 | LR: 0.000010
Epoch [20/100] | Loss: 2.6121 (Cls: 2.0452, TAL: 0.0000, Adv: 3.7793) | Train Acc: 0.9630 | Val Acc: 0.8435 | Val P/R/F1 (Macro): 0.5548/0.5027/0.5086 | LR: 0.000010
Epoch [21/100] | Loss: 2.6712 (Cls: 2.1177, TAL: 0.0000, Adv: 3.6902) | Train Acc: 0.9398 | Val Acc: 0.8870 | Val P/R/F1 (Macro): 0.5772/0.5284/0.5303 | LR: 0.000010
Epoch [22/100] | Loss: 2.5762 (Cls: 2.0117, TAL: 0.0000, Adv: 3.7631) | Train Acc: 0.9560 | Val Acc: 0.8783 | Val P/R/F1 (Macro): 0.5976/0.4999/0.5207 | LR: 0.000010
Epoch [23/100] | Loss: 2.6705 (Cls: 2.1450, TAL: 0.0000, Adv: 3.5030) | Train Acc: 0.9583 | Val Acc: 0.9217 | Val P/R/F1 (Macro): 0.6179/0.5368/0.5586 | LR: 0.000010
  >>> New Best Val Acc: 0.9217
Epoch [24/100] | Loss: 2.5453 (Cls: 1.9815, TAL: 0.0000, Adv: 3.7586) | Train Acc: 0.9653 | Val Acc: 0.8435 | Val P/R/F1 (Macro): 0.5739/0.4906/0.5042 | LR: 0.000010
Epoch [25/100] | Loss: 2.5353 (Cls: 1.9605, TAL: 0.0000, Adv: 3.8317) | Train Acc: 0.9676 | Val Acc: 0.8957 | Val P/R/F1 (Macro): 0.5841/0.5383/0.5478 | LR: 0.000010
Epoch [26/100] | Loss: 2.5289 (Cls: 1.9647, TAL: 0.0000, Adv: 3.7616) | Train Acc: 0.9745 | Val Acc: 0.8783 | Val P/R/F1 (Macro): 0.5715/0.4965/0.5108 | LR: 0.000010
Epoch [27/100] | Loss: 2.5682 (Cls: 2.0191, TAL: 0.0000, Adv: 3.6602) | Train Acc: 0.9583 | Val Acc: 0.8957 | Val P/R/F1 (Macro): 0.5854/0.5165/0.5331 | LR: 0.000010
Epoch [28/100] | Loss: 2.5113 (Cls: 1.9177, TAL: 0.0000, Adv: 3.9577) | Train Acc: 0.9769 | Val Acc: 0.8870 | Val P/R/F1 (Macro): 0.5925/0.5342/0.5445 | LR: 0.000010
Epoch [29/100] | Loss: 2.5938 (Cls: 1.9990, TAL: 0.0000, Adv: 3.9653) | Train Acc: 0.9514 | Val Acc: 0.8957 | Val P/R/F1 (Macro): 0.6049/0.5283/0.5486 | LR: 0.000010
Epoch [30/100] | Loss: 2.4359 (Cls: 1.8823, TAL: 0.0000, Adv: 3.6905) | Train Acc: 0.9815 | Val Acc: 0.8783 | Val P/R/F1 (Macro): 0.5902/0.5275/0.5410 | LR: 0.000010
Epoch [31/100] | Loss: 2.4933 (Cls: 1.9455, TAL: 0.0000, Adv: 3.6517) | Train Acc: 0.9676 | Val Acc: 0.8957 | Val P/R/F1 (Macro): 0.5782/0.5595/0.5630 | LR: 0.000010
Epoch [32/100] | Loss: 2.4966 (Cls: 1.9035, TAL: 0.0000, Adv: 3.9535) | Train Acc: 0.9769 | Val Acc: 0.9217 | Val P/R/F1 (Macro): 0.6125/0.5543/0.5681 | LR: 0.000010
Epoch [33/100] | Loss: 2.4725 (Cls: 1.8750, TAL: 0.0000, Adv: 3.9832) | Train Acc: 0.9884 | Val Acc: 0.9130 | Val P/R/F1 (Macro): 0.5914/0.5439/0.5485 | LR: 0.000010
Epoch [34/100] | Loss: 2.5260 (Cls: 1.9049, TAL: 0.0000, Adv: 4.1412) | Train Acc: 0.9676 | Val Acc: 0.8783 | Val P/R/F1 (Macro): 0.5632/0.5202/0.5276 | LR: 0.000005
Epoch [35/100] | Loss: 2.5171 (Cls: 1.8883, TAL: 0.0000, Adv: 4.1914) | Train Acc: 0.9745 | Val Acc: 0.8870 | Val P/R/F1 (Macro): 0.5978/0.5271/0.5402 | LR: 0.000005
Epoch [36/100] | Loss: 2.4726 (Cls: 1.8459, TAL: 0.0000, Adv: 4.1776) | Train Acc: 0.9884 | Val Acc: 0.8870 | Val P/R/F1 (Macro): 0.5959/0.5271/0.5422 | LR: 0.000005
Epoch [37/100] | Loss: 2.4458 (Cls: 1.8289, TAL: 0.0000, Adv: 4.1129) | Train Acc: 0.9907 | Val Acc: 0.9130 | Val P/R/F1 (Macro): 0.6049/0.5465/0.5582 | LR: 0.000005
Epoch [38/100] | Loss: 2.4621 (Cls: 1.8411, TAL: 0.0000, Adv: 4.1402) | Train Acc: 0.9792 | Val Acc: 0.9130 | Val P/R/F1 (Macro): 0.5931/0.5451/0.5514 | LR: 0.000005
Epoch [39/100] | Loss: 2.4491 (Cls: 1.8110, TAL: 0.0000, Adv: 4.2540) | Train Acc: 0.9884 | Val Acc: 0.8870 | Val P/R/F1 (Macro): 0.5714/0.5259/0.5337 | LR: 0.000005
Epoch [40/100] | Loss: 2.4426 (Cls: 1.7929, TAL: 0.0000, Adv: 4.3313) | Train Acc: 0.9954 | Val Acc: 0.8870 | Val P/R/F1 (Macro): 0.5619/0.5392/0.5350 | LR: 0.000005
Epoch [41/100] | Loss: 2.4609 (Cls: 1.8395, TAL: 0.0000, Adv: 4.1431) | Train Acc: 0.9861 | Val Acc: 0.8783 | Val P/R/F1 (Macro): 0.5762/0.5234/0.5304 | LR: 0.000005
Epoch [42/100] | Loss: 2.5021 (Cls: 1.8333, TAL: 0.0000, Adv: 4.4589) | Train Acc: 0.9907 | Val Acc: 0.9217 | Val P/R/F1 (Macro): 0.6179/0.5385/0.5598 | LR: 0.000005
Epoch [43/100] | Loss: 2.4730 (Cls: 1.8119, TAL: 0.0000, Adv: 4.4076) | Train Acc: 0.9815 | Val Acc: 0.8522 | Val P/R/F1 (Macro): 0.5499/0.5143/0.5165 | LR: 0.000005
Epoch [44/100] | Loss: 2.4808 (Cls: 1.8014, TAL: 0.0000, Adv: 4.5297) | Train Acc: 0.9931 | Val Acc: 0.9043 | Val P/R/F1 (Macro): 0.5978/0.5413/0.5520 | LR: 0.000005
Epoch [45/100] | Loss: 2.5043 (Cls: 1.8056, TAL: 0.0000, Adv: 4.6582) | Train Acc: 0.9907 | Val Acc: 0.8957 | Val P/R/F1 (Macro): 0.5883/0.5386/0.5452 | LR: 0.000003
Epoch [46/100] | Loss: 2.5060 (Cls: 1.8028, TAL: 0.0000, Adv: 4.6880) | Train Acc: 0.9931 | Val Acc: 0.9217 | Val P/R/F1 (Macro): 0.5942/0.5577/0.5588 | LR: 0.000003
Epoch [47/100] | Loss: 2.4985 (Cls: 1.7829, TAL: 0.0000, Adv: 4.7707) | Train Acc: 0.9931 | Val Acc: 0.9043 | Val P/R/F1 (Macro): 0.5937/0.5440/0.5537 | LR: 0.000003
Epoch [48/100] | Loss: 2.5206 (Cls: 1.7985, TAL: 0.0000, Adv: 4.8142) | Train Acc: 0.9907 | Val Acc: 0.9130 | Val P/R/F1 (Macro): 0.5955/0.5389/0.5519 | LR: 0.000003
Epoch [49/100] | Loss: 2.5175 (Cls: 1.7835, TAL: 0.0000, Adv: 4.8938) | Train Acc: 0.9931 | Val Acc: 0.9217 | Val P/R/F1 (Macro): 0.5876/0.5715/0.5757 | LR: 0.000003
Epoch [50/100] | Loss: 2.5070 (Cls: 1.7816, TAL: 0.0000, Adv: 4.8359) | Train Acc: 0.9977 | Val Acc: 0.8957 | Val P/R/F1 (Macro): 0.5967/0.5270/0.5431 | LR: 0.000003
Epoch [51/100] | Loss: 2.5112 (Cls: 1.7859, TAL: 0.0000, Adv: 4.8355) | Train Acc: 0.9861 | Val Acc: 0.9043 | Val P/R/F1 (Macro): 0.5906/0.5408/0.5515 | LR: 0.000003
Epoch [52/100] | Loss: 2.5184 (Cls: 1.7648, TAL: 0.0000, Adv: 5.0243) | Train Acc: 1.0000 | Val Acc: 0.8957 | Val P/R/F1 (Macro): 0.5935/0.5402/0.5481 | LR: 0.000003
Epoch [53/100] | Loss: 2.5201 (Cls: 1.7814, TAL: 0.0000, Adv: 4.9246) | Train Acc: 0.9884 | Val Acc: 0.9217 | Val P/R/F1 (Macro): 0.6146/0.5538/0.5690 | LR: 0.000003
Epoch [54/100] | Loss: 2.5222 (Cls: 1.7804, TAL: 0.0000, Adv: 4.9451) | Train Acc: 0.9907 | Val Acc: 0.9043 | Val P/R/F1 (Macro): 0.6003/0.5413/0.5531 | LR: 0.000003
Epoch [55/100] | Loss: 2.5421 (Cls: 1.7968, TAL: 0.0000, Adv: 4.9688) | Train Acc: 0.9861 | Val Acc: 0.9391 | Val P/R/F1 (Macro): 0.6180/0.5554/0.5695 | LR: 0.000003
  >>> New Best Val Acc: 0.9391
Epoch [56/100] | Loss: 2.5669 (Cls: 1.7768, TAL: 0.0000, Adv: 5.2672) | Train Acc: 0.9954 | Val Acc: 0.9130 | Val P/R/F1 (Macro): 0.5888/0.5527/0.5576 | LR: 0.000003
Epoch [57/100] | Loss: 2.5908 (Cls: 1.7985, TAL: 0.0000, Adv: 5.2822) | Train Acc: 0.9815 | Val Acc: 0.9043 | Val P/R/F1 (Macro): 0.5943/0.5413/0.5495 | LR: 0.000003
Epoch [58/100] | Loss: 2.5822 (Cls: 1.7869, TAL: 0.0000, Adv: 5.3023) | Train Acc: 0.9861 | Val Acc: 0.9217 | Val P/R/F1 (Macro): 0.6129/0.5491/0.5633 | LR: 0.000003
Epoch [59/100] | Loss: 2.5574 (Cls: 1.7658, TAL: 0.0000, Adv: 5.2775) | Train Acc: 1.0000 | Val Acc: 0.8957 | Val P/R/F1 (Macro): 0.5891/0.5244/0.5393 | LR: 0.000003
Epoch [60/100] | Loss: 2.5898 (Cls: 1.7937, TAL: 0.0000, Adv: 5.3069) | Train Acc: 0.9884 | Val Acc: 0.9043 | Val P/R/F1 (Macro): 0.5907/0.5410/0.5507 | LR: 0.000003
Epoch [61/100] | Loss: 2.5813 (Cls: 1.7906, TAL: 0.0000, Adv: 5.2713) | Train Acc: 0.9884 | Val Acc: 0.8783 | Val P/R/F1 (Macro): 0.5795/0.5011/0.5170 | LR: 0.000003
Epoch [62/100] | Loss: 2.5820 (Cls: 1.7746, TAL: 0.0000, Adv: 5.3823) | Train Acc: 0.9931 | Val Acc: 0.9130 | Val P/R/F1 (Macro): 0.5825/0.5477/0.5498 | LR: 0.000003
Epoch [63/100] | Loss: 2.5998 (Cls: 1.8001, TAL: 0.0000, Adv: 5.3316) | Train Acc: 0.9792 | Val Acc: 0.8957 | Val P/R/F1 (Macro): 0.5824/0.5397/0.5405 | LR: 0.000003
Epoch [64/100] | Loss: 2.5576 (Cls: 1.7675, TAL: 0.0000, Adv: 5.2671) | Train Acc: 0.9884 | Val Acc: 0.9043 | Val P/R/F1 (Macro): 0.5943/0.5413/0.5495 | LR: 0.000003
Epoch [65/100] | Loss: 2.5233 (Cls: 1.7677, TAL: 0.0000, Adv: 5.0371) | Train Acc: 0.9977 | Val Acc: 0.9043 | Val P/R/F1 (Macro): 0.6021/0.5293/0.5474 | LR: 0.000003
Epoch [66/100] | Loss: 2.5551 (Cls: 1.7639, TAL: 0.0000, Adv: 5.2747) | Train Acc: 0.9954 | Val Acc: 0.9130 | Val P/R/F1 (Macro): 0.6164/0.5648/0.5812 | LR: 0.000001
Epoch [67/100] | Loss: 2.5505 (Cls: 1.7690, TAL: 0.0000, Adv: 5.2105) | Train Acc: 0.9931 | Val Acc: 0.8783 | Val P/R/F1 (Macro): 0.5893/0.5351/0.5414 | LR: 0.000001
Epoch [68/100] | Loss: 2.5325 (Cls: 1.7542, TAL: 0.0000, Adv: 5.1891) | Train Acc: 0.9977 | Val Acc: 0.8957 | Val P/R/F1 (Macro): 0.5816/0.4986/0.5143 | LR: 0.000001
Epoch [69/100] | Loss: 2.5156 (Cls: 1.7487, TAL: 0.0000, Adv: 5.1131) | Train Acc: 0.9931 | Val Acc: 0.9304 | Val P/R/F1 (Macro): 0.6027/0.5741/0.5804 | LR: 0.000001
Epoch [70/100] | Loss: 2.5404 (Cls: 1.7616, TAL: 0.0000, Adv: 5.1918) | Train Acc: 0.9907 | Val Acc: 0.8957 | Val P/R/F1 (Macro): 0.5828/0.5347/0.5453 | LR: 0.000001
Epoch [71/100] | Loss: 2.5485 (Cls: 1.7813, TAL: 0.0000, Adv: 5.1144) | Train Acc: 0.9884 | Val Acc: 0.9217 | Val P/R/F1 (Macro): 0.6029/0.5703/0.5778 | LR: 0.000001
Epoch [72/100] | Loss: 2.5205 (Cls: 1.7417, TAL: 0.0000, Adv: 5.1916) | Train Acc: 1.0000 | Val Acc: 0.9130 | Val P/R/F1 (Macro): 0.6124/0.5283/0.5478 | LR: 0.000001
Epoch [73/100] | Loss: 2.5229 (Cls: 1.7629, TAL: 0.0000, Adv: 5.0663) | Train Acc: 0.9954 | Val Acc: 0.9217 | Val P/R/F1 (Macro): 0.5896/0.5687/0.5746 | LR: 0.000001
Epoch [74/100] | Loss: 2.5611 (Cls: 1.7552, TAL: 0.0000, Adv: 5.3729) | Train Acc: 1.0000 | Val Acc: 0.9217 | Val P/R/F1 (Macro): 0.6040/0.5448/0.5590 | LR: 0.000001
Epoch [75/100] | Loss: 2.5508 (Cls: 1.7691, TAL: 0.0000, Adv: 5.2108) | Train Acc: 0.9884 | Val Acc: 0.9043 | Val P/R/F1 (Macro): 0.5811/0.5440/0.5488 | LR: 0.000001
Epoch [76/100] | Loss: 2.5569 (Cls: 1.7617, TAL: 0.0000, Adv: 5.3010) | Train Acc: 0.9907 | Val Acc: 0.9217 | Val P/R/F1 (Macro): 0.6049/0.5491/0.5592 | LR: 0.000001
Epoch [77/100] | Loss: 2.5129 (Cls: 1.7377, TAL: 0.0000, Adv: 5.1675) | Train Acc: 0.9977 | Val Acc: 0.9043 | Val P/R/F1 (Macro): 0.5859/0.5312/0.5452 | LR: 0.000001
Epoch [78/100] | Loss: 2.5421 (Cls: 1.7529, TAL: 0.0000, Adv: 5.2613) | Train Acc: 0.9931 | Val Acc: 0.8870 | Val P/R/F1 (Macro): 0.5810/0.5376/0.5432 | LR: 0.000001
Epoch [79/100] | Loss: 2.5070 (Cls: 1.7354, TAL: 0.0000, Adv: 5.1442) | Train Acc: 0.9977 | Val Acc: 0.8435 | Val P/R/F1 (Macro): 0.5385/0.4943/0.5004 | LR: 0.000001
Epoch [80/100] | Loss: 2.5389 (Cls: 1.7593, TAL: 0.0000, Adv: 5.1973) | Train Acc: 0.9954 | Val Acc: 0.8870 | Val P/R/F1 (Macro): 0.5700/0.5389/0.5373 | LR: 0.000001
Epoch [81/100] | Loss: 2.5513 (Cls: 1.7719, TAL: 0.0000, Adv: 5.1959) | Train Acc: 0.9884 | Val Acc: 0.8957 | Val P/R/F1 (Macro): 0.5861/0.5412/0.5442 | LR: 0.000001
Epoch [82/100] | Loss: 2.5301 (Cls: 1.7429, TAL: 0.0000, Adv: 5.2479) | Train Acc: 0.9954 | Val Acc: 0.8957 | Val P/R/F1 (Macro): 0.5744/0.5491/0.5443 | LR: 0.000001
Epoch [83/100] | Loss: 2.5445 (Cls: 1.7450, TAL: 0.0000, Adv: 5.3302) | Train Acc: 0.9954 | Val Acc: 0.9130 | Val P/R/F1 (Macro): 0.6002/0.5424/0.5567 | LR: 0.000001
Epoch [84/100] | Loss: 2.5780 (Cls: 1.7633, TAL: 0.0000, Adv: 5.4316) | Train Acc: 1.0000 | Val Acc: 0.9130 | Val P/R/F1 (Macro): 0.6101/0.5636/0.5780 | LR: 0.000001
Epoch [85/100] | Loss: 2.5697 (Cls: 1.7486, TAL: 0.0000, Adv: 5.4739) | Train Acc: 0.9907 | Val Acc: 0.8783 | Val P/R/F1 (Macro): 0.5789/0.5282/0.5383 | LR: 0.000001
Epoch [86/100] | Loss: 2.5828 (Cls: 1.7574, TAL: 0.0000, Adv: 5.5028) | Train Acc: 0.9977 | Val Acc: 0.8696 | Val P/R/F1 (Macro): 0.5492/0.5192/0.5202 | LR: 0.000001
Epoch [87/100] | Loss: 2.5847 (Cls: 1.7502, TAL: 0.0000, Adv: 5.5633) | Train Acc: 0.9977 | Val Acc: 0.9043 | Val P/R/F1 (Macro): 0.5994/0.5384/0.5514 | LR: 0.000001
Epoch [88/100] | Loss: 2.5993 (Cls: 1.7482, TAL: 0.0000, Adv: 5.6734) | Train Acc: 0.9954 | Val Acc: 0.9304 | Val P/R/F1 (Macro): 0.6018/0.5528/0.5591 | LR: 0.000001
Epoch [89/100] | Loss: 2.5660 (Cls: 1.7458, TAL: 0.0000, Adv: 5.4679) | Train Acc: 0.9977 | Val Acc: 0.9304 | Val P/R/F1 (Macro): 0.6056/0.5593/0.5695 | LR: 0.000001
Epoch [90/100] | Loss: 2.5544 (Cls: 1.7327, TAL: 0.0000, Adv: 5.4783) | Train Acc: 0.9977 | Val Acc: 0.9043 | Val P/R/F1 (Macro): 0.5960/0.5428/0.5510 | LR: 0.000001
Epoch [91/100] | Loss: 2.5476 (Cls: 1.7404, TAL: 0.0000, Adv: 5.3814) | Train Acc: 0.9977 | Val Acc: 0.9304 | Val P/R/F1 (Macro): 0.6115/0.5672/0.5841 | LR: 0.000001
Epoch [92/100] | Loss: 2.5837 (Cls: 1.7558, TAL: 0.0000, Adv: 5.5194) | Train Acc: 0.9977 | Val Acc: 0.9043 | Val P/R/F1 (Macro): 0.6028/0.5205/0.5405 | LR: 0.000001
Epoch [93/100] | Loss: 2.5504 (Cls: 1.7398, TAL: 0.0000, Adv: 5.4045) | Train Acc: 0.9977 | Val Acc: 0.8957 | Val P/R/F1 (Macro): 0.5945/0.5330/0.5488 | LR: 0.000001
Epoch [94/100] | Loss: 2.5880 (Cls: 1.7503, TAL: 0.0000, Adv: 5.5850) | Train Acc: 0.9954 | Val Acc: 0.9130 | Val P/R/F1 (Macro): 0.5965/0.5318/0.5466 | LR: 0.000001
Epoch [95/100] | Loss: 2.5903 (Cls: 1.7482, TAL: 0.0000, Adv: 5.6136) | Train Acc: 0.9954 | Val Acc: 0.9043 | Val P/R/F1 (Macro): 0.5702/0.5320/0.5381 | LR: 0.000001
Epoch [96/100] | Loss: 2.6058 (Cls: 1.7756, TAL: 0.0000, Adv: 5.5347) | Train Acc: 0.9907 | Val Acc: 0.8783 | Val P/R/F1 (Macro): 0.5813/0.5128/0.5283 | LR: 0.000001
Epoch [97/100] | Loss: 2.5815 (Cls: 1.7325, TAL: 0.0000, Adv: 5.6599) | Train Acc: 1.0000 | Val Acc: 0.8957 | Val P/R/F1 (Macro): 0.5826/0.5373/0.5392 | LR: 0.000001
Epoch [98/100] | Loss: 2.5932 (Cls: 1.7364, TAL: 0.0000, Adv: 5.7116) | Train Acc: 0.9977 | Val Acc: 0.9043 | Val P/R/F1 (Macro): 0.5980/0.5322/0.5492 | LR: 0.000001
Epoch [99/100] | Loss: 2.6040 (Cls: 1.7496, TAL: 0.0000, Adv: 5.6961) | Train Acc: 1.0000 | Val Acc: 0.9130 | Val P/R/F1 (Macro): 0.6049/0.5422/0.5595 | LR: 0.000001
Epoch [100/100] | Loss: 2.6061 (Cls: 1.7572, TAL: 0.0000, Adv: 5.6594) | Train Acc: 0.9931 | Val Acc: 0.9217 | Val P/R/F1 (Macro): 0.5954/0.5567/0.5621 | LR: 0.000001

迭代 3 最佳指标:
  Accuracy: 0.9391
  Precision (Macro): 0.6180
  Recall (Macro): 0.5554
  F1 (Macro): 0.5695
  Precision (Micro): 0.9391
  Recall (Micro): 0.9391
  F1 (Micro): 0.9391

================================================================================
迭代 4/5
随机种子: 45
================================================================================
Epoch [1/100] | Loss: 6.6015 (Cls: 6.5431, TAL: 0.0000, Adv: 0.3893) | Train Acc: 0.2778 | Val Acc: 0.3739 | Val P/R/F1 (Macro): 0.2081/0.2552/0.1802 | LR: 0.000010
  >>> New Best Val Acc: 0.3739
Epoch [2/100] | Loss: 4.8084 (Cls: 4.6702, TAL: 0.0000, Adv: 0.9212) | Train Acc: 0.4815 | Val Acc: 0.5130 | Val P/R/F1 (Macro): 0.2934/0.3142/0.2747 | LR: 0.000010
  >>> New Best Val Acc: 0.5130
Epoch [3/100] | Loss: 3.9928 (Cls: 3.7826, TAL: 0.0000, Adv: 1.4018) | Train Acc: 0.6806 | Val Acc: 0.5652 | Val P/R/F1 (Macro): 0.4491/0.3725/0.3456 | LR: 0.000010
  >>> New Best Val Acc: 0.5652
Epoch [4/100] | Loss: 3.5486 (Cls: 3.2546, TAL: 0.0000, Adv: 1.9602) | Train Acc: 0.7153 | Val Acc: 0.6261 | Val P/R/F1 (Macro): 0.4615/0.4027/0.3804 | LR: 0.000010
  >>> New Best Val Acc: 0.6261
Epoch [5/100] | Loss: 3.6435 (Cls: 3.3115, TAL: 0.0000, Adv: 2.2132) | Train Acc: 0.7755 | Val Acc: 0.6435 | Val P/R/F1 (Macro): 0.4466/0.3839/0.3541 | LR: 0.000010
  >>> New Best Val Acc: 0.6435
Epoch [6/100] | Loss: 3.3467 (Cls: 2.9537, TAL: 0.0000, Adv: 2.6200) | Train Acc: 0.7847 | Val Acc: 0.7913 | Val P/R/F1 (Macro): 0.4606/0.4566/0.4480 | LR: 0.000010
  >>> New Best Val Acc: 0.7913
Epoch [7/100] | Loss: 3.2777 (Cls: 2.8439, TAL: 0.0000, Adv: 2.8919) | Train Acc: 0.8356 | Val Acc: 0.7913 | Val P/R/F1 (Macro): 0.5695/0.4878/0.5016 | LR: 0.000010
Epoch [8/100] | Loss: 3.1408 (Cls: 2.6651, TAL: 0.0000, Adv: 3.1713) | Train Acc: 0.8542 | Val Acc: 0.7217 | Val P/R/F1 (Macro): 0.5139/0.4090/0.4208 | LR: 0.000010
Epoch [9/100] | Loss: 3.0430 (Cls: 2.5808, TAL: 0.0000, Adv: 3.0817) | Train Acc: 0.8912 | Val Acc: 0.7304 | Val P/R/F1 (Macro): 0.4426/0.4490/0.4184 | LR: 0.000010
Epoch [10/100] | Loss: 3.0310 (Cls: 2.5547, TAL: 0.0000, Adv: 3.1757) | Train Acc: 0.8773 | Val Acc: 0.7826 | Val P/R/F1 (Macro): 0.5685/0.4730/0.4927 | LR: 0.000010
Epoch [11/100] | Loss: 2.7621 (Cls: 2.2926, TAL: 0.0000, Adv: 3.1302) | Train Acc: 0.9259 | Val Acc: 0.7913 | Val P/R/F1 (Macro): 0.5241/0.4815/0.4732 | LR: 0.000010
Epoch [12/100] | Loss: 2.7895 (Cls: 2.2919, TAL: 0.0000, Adv: 3.3176) | Train Acc: 0.9213 | Val Acc: 0.8348 | Val P/R/F1 (Macro): 0.5513/0.5158/0.5164 | LR: 0.000010
  >>> New Best Val Acc: 0.8348
Epoch [13/100] | Loss: 2.7582 (Cls: 2.2526, TAL: 0.0000, Adv: 3.3702) | Train Acc: 0.9144 | Val Acc: 0.8522 | Val P/R/F1 (Macro): 0.5546/0.5098/0.5146 | LR: 0.000010
  >>> New Best Val Acc: 0.8522
Epoch [14/100] | Loss: 2.7662 (Cls: 2.2543, TAL: 0.0000, Adv: 3.4123) | Train Acc: 0.9282 | Val Acc: 0.8522 | Val P/R/F1 (Macro): 0.5037/0.4875/0.4882 | LR: 0.000010
Epoch [15/100] | Loss: 2.7287 (Cls: 2.2040, TAL: 0.0000, Adv: 3.4986) | Train Acc: 0.9167 | Val Acc: 0.8261 | Val P/R/F1 (Macro): 0.5463/0.5022/0.5014 | LR: 0.000010
Epoch [16/100] | Loss: 2.5861 (Cls: 2.0898, TAL: 0.0000, Adv: 3.3090) | Train Acc: 0.9722 | Val Acc: 0.8348 | Val P/R/F1 (Macro): 0.5446/0.5021/0.4960 | LR: 0.000010
Epoch [17/100] | Loss: 2.7972 (Cls: 2.2451, TAL: 0.0000, Adv: 3.6806) | Train Acc: 0.9282 | Val Acc: 0.8435 | Val P/R/F1 (Macro): 0.5617/0.4809/0.4964 | LR: 0.000010
Epoch [18/100] | Loss: 2.6279 (Cls: 2.0800, TAL: 0.0000, Adv: 3.6528) | Train Acc: 0.9537 | Val Acc: 0.8522 | Val P/R/F1 (Macro): 0.5686/0.5152/0.5224 | LR: 0.000010
Epoch [19/100] | Loss: 2.6587 (Cls: 2.0903, TAL: 0.0000, Adv: 3.7891) | Train Acc: 0.9306 | Val Acc: 0.8609 | Val P/R/F1 (Macro): 0.5806/0.5083/0.5203 | LR: 0.000010
  >>> New Best Val Acc: 0.8609
Epoch [20/100] | Loss: 2.6170 (Cls: 2.0385, TAL: 0.0000, Adv: 3.8570) | Train Acc: 0.9560 | Val Acc: 0.8783 | Val P/R/F1 (Macro): 0.5614/0.5161/0.5215 | LR: 0.000010
  >>> New Best Val Acc: 0.8783
Epoch [21/100] | Loss: 2.6385 (Cls: 2.0743, TAL: 0.0000, Adv: 3.7617) | Train Acc: 0.9491 | Val Acc: 0.8957 | Val P/R/F1 (Macro): 0.5903/0.5326/0.5453 | LR: 0.000010
  >>> New Best Val Acc: 0.8957
Epoch [22/100] | Loss: 2.6580 (Cls: 2.0773, TAL: 0.0000, Adv: 3.8712) | Train Acc: 0.9583 | Val Acc: 0.8957 | Val P/R/F1 (Macro): 0.5970/0.5324/0.5483 | LR: 0.000010
Epoch [23/100] | Loss: 2.7236 (Cls: 2.1245, TAL: 0.0000, Adv: 3.9941) | Train Acc: 0.9398 | Val Acc: 0.8609 | Val P/R/F1 (Macro): 0.5166/0.5012/0.5016 | LR: 0.000010
Epoch [24/100] | Loss: 2.5980 (Cls: 2.0137, TAL: 0.0000, Adv: 3.8953) | Train Acc: 0.9560 | Val Acc: 0.8957 | Val P/R/F1 (Macro): 0.5811/0.5326/0.5403 | LR: 0.000010
Epoch [25/100] | Loss: 2.7126 (Cls: 2.0977, TAL: 0.0000, Adv: 4.0994) | Train Acc: 0.9560 | Val Acc: 0.8609 | Val P/R/F1 (Macro): 0.5654/0.5153/0.5194 | LR: 0.000010
Epoch [26/100] | Loss: 2.6755 (Cls: 2.0298, TAL: 0.0000, Adv: 4.3044) | Train Acc: 0.9560 | Val Acc: 0.8870 | Val P/R/F1 (Macro): 0.5944/0.5313/0.5433 | LR: 0.000010
Epoch [27/100] | Loss: 2.5643 (Cls: 1.9371, TAL: 0.0000, Adv: 4.1813) | Train Acc: 0.9769 | Val Acc: 0.9304 | Val P/R/F1 (Macro): 0.5992/0.5636/0.5736 | LR: 0.000010
  >>> New Best Val Acc: 0.9304
Epoch [28/100] | Loss: 2.5404 (Cls: 1.9482, TAL: 0.0000, Adv: 3.9482) | Train Acc: 0.9838 | Val Acc: 0.9304 | Val P/R/F1 (Macro): 0.6053/0.5576/0.5666 | LR: 0.000010
Epoch [29/100] | Loss: 2.5539 (Cls: 1.9582, TAL: 0.0000, Adv: 3.9713) | Train Acc: 0.9815 | Val Acc: 0.8435 | Val P/R/F1 (Macro): 0.5500/0.5074/0.5056 | LR: 0.000010
Epoch [30/100] | Loss: 2.5874 (Cls: 1.9708, TAL: 0.0000, Adv: 4.1104) | Train Acc: 0.9676 | Val Acc: 0.9043 | Val P/R/F1 (Macro): 0.5753/0.5516/0.5477 | LR: 0.000010
Epoch [31/100] | Loss: 2.5888 (Cls: 1.9938, TAL: 0.0000, Adv: 3.9667) | Train Acc: 0.9583 | Val Acc: 0.8609 | Val P/R/F1 (Macro): 0.5786/0.5124/0.5252 | LR: 0.000010
Epoch [32/100] | Loss: 2.6212 (Cls: 1.9863, TAL: 0.0000, Adv: 4.2324) | Train Acc: 0.9745 | Val Acc: 0.9043 | Val P/R/F1 (Macro): 0.5870/0.5294/0.5423 | LR: 0.000010
Epoch [33/100] | Loss: 2.5215 (Cls: 1.8653, TAL: 0.0000, Adv: 4.3748) | Train Acc: 0.9792 | Val Acc: 0.8609 | Val P/R/F1 (Macro): 0.5629/0.5207/0.5245 | LR: 0.000010
Epoch [34/100] | Loss: 2.5514 (Cls: 1.9106, TAL: 0.0000, Adv: 4.2719) | Train Acc: 0.9769 | Val Acc: 0.9217 | Val P/R/F1 (Macro): 0.6014/0.5460/0.5598 | LR: 0.000010
Epoch [35/100] | Loss: 2.5215 (Cls: 1.8945, TAL: 0.0000, Adv: 4.1798) | Train Acc: 0.9861 | Val Acc: 0.8870 | Val P/R/F1 (Macro): 0.5930/0.5242/0.5402 | LR: 0.000010
Epoch [36/100] | Loss: 2.5649 (Cls: 1.9110, TAL: 0.0000, Adv: 4.3590) | Train Acc: 0.9792 | Val Acc: 0.8870 | Val P/R/F1 (Macro): 0.5056/0.5059/0.4997 | LR: 0.000010
Epoch [37/100] | Loss: 2.5181 (Cls: 1.8663, TAL: 0.0000, Adv: 4.3456) | Train Acc: 0.9861 | Val Acc: 0.8522 | Val P/R/F1 (Macro): 0.4993/0.4798/0.4809 | LR: 0.000010
Epoch [38/100] | Loss: 2.5394 (Cls: 1.8820, TAL: 0.0000, Adv: 4.3830) | Train Acc: 0.9745 | Val Acc: 0.9043 | Val P/R/F1 (Macro): 0.6087/0.5153/0.5373 | LR: 0.000005
Epoch [39/100] | Loss: 2.5090 (Cls: 1.8370, TAL: 0.0000, Adv: 4.4803) | Train Acc: 0.9884 | Val Acc: 0.8870 | Val P/R/F1 (Macro): 0.4940/0.5118/0.4994 | LR: 0.000005
Epoch [40/100] | Loss: 2.5151 (Cls: 1.8286, TAL: 0.0000, Adv: 4.5768) | Train Acc: 0.9907 | Val Acc: 0.8957 | Val P/R/F1 (Macro): 0.5900/0.5279/0.5413 | LR: 0.000005
Epoch [41/100] | Loss: 2.4964 (Cls: 1.8103, TAL: 0.0000, Adv: 4.5738) | Train Acc: 0.9884 | Val Acc: 0.8957 | Val P/R/F1 (Macro): 0.5768/0.5107/0.5265 | LR: 0.000005
Epoch [42/100] | Loss: 2.4835 (Cls: 1.8063, TAL: 0.0000, Adv: 4.5148) | Train Acc: 0.9884 | Val Acc: 0.9043 | Val P/R/F1 (Macro): 0.5956/0.5434/0.5515 | LR: 0.000005
Epoch [43/100] | Loss: 2.5048 (Cls: 1.8322, TAL: 0.0000, Adv: 4.4840) | Train Acc: 0.9861 | Val Acc: 0.8783 | Val P/R/F1 (Macro): 0.5725/0.4999/0.5151 | LR: 0.000005
Epoch [44/100] | Loss: 2.4549 (Cls: 1.7830, TAL: 0.0000, Adv: 4.4792) | Train Acc: 0.9931 | Val Acc: 0.9391 | Val P/R/F1 (Macro): 0.6147/0.5525/0.5684 | LR: 0.000005
  >>> New Best Val Acc: 0.9391
Epoch [45/100] | Loss: 2.4745 (Cls: 1.7875, TAL: 0.0000, Adv: 4.5799) | Train Acc: 0.9931 | Val Acc: 0.9043 | Val P/R/F1 (Macro): 0.6076/0.5305/0.5503 | LR: 0.000005
Epoch [46/100] | Loss: 2.4903 (Cls: 1.7922, TAL: 0.0000, Adv: 4.6541) | Train Acc: 0.9884 | Val Acc: 0.8957 | Val P/R/F1 (Macro): 0.5855/0.5306/0.5352 | LR: 0.000005
Epoch [47/100] | Loss: 2.5424 (Cls: 1.8275, TAL: 0.0000, Adv: 4.7659) | Train Acc: 0.9884 | Val Acc: 0.8783 | Val P/R/F1 (Macro): 0.5690/0.5058/0.5184 | LR: 0.000005
Epoch [48/100] | Loss: 2.4948 (Cls: 1.8028, TAL: 0.0000, Adv: 4.6131) | Train Acc: 0.9954 | Val Acc: 0.8957 | Val P/R/F1 (Macro): 0.5845/0.5203/0.5307 | LR: 0.000005
Epoch [49/100] | Loss: 2.5306 (Cls: 1.8050, TAL: 0.0000, Adv: 4.8374) | Train Acc: 0.9838 | Val Acc: 0.8783 | Val P/R/F1 (Macro): 0.5674/0.5011/0.5115 | LR: 0.000005
Epoch [50/100] | Loss: 2.5504 (Cls: 1.8358, TAL: 0.0000, Adv: 4.7640) | Train Acc: 0.9838 | Val Acc: 0.9043 | Val P/R/F1 (Macro): 0.5772/0.5145/0.5306 | LR: 0.000005
Epoch [51/100] | Loss: 2.5281 (Cls: 1.7984, TAL: 0.0000, Adv: 4.8649) | Train Acc: 0.9931 | Val Acc: 0.9130 | Val P/R/F1 (Macro): 0.5920/0.5408/0.5523 | LR: 0.000005
Epoch [52/100] | Loss: 2.5152 (Cls: 1.7924, TAL: 0.0000, Adv: 4.8183) | Train Acc: 0.9861 | Val Acc: 0.8870 | Val P/R/F1 (Macro): 0.5750/0.5002/0.5166 | LR: 0.000005
Epoch [53/100] | Loss: 2.5680 (Cls: 1.8081, TAL: 0.0000, Adv: 5.0662) | Train Acc: 0.9861 | Val Acc: 0.9130 | Val P/R/F1 (Macro): 0.5891/0.5407/0.5497 | LR: 0.000005
Epoch [54/100] | Loss: 2.5472 (Cls: 1.7818, TAL: 0.0000, Adv: 5.1030) | Train Acc: 0.9954 | Val Acc: 0.9217 | Val P/R/F1 (Macro): 0.6033/0.5485/0.5576 | LR: 0.000005
Epoch [55/100] | Loss: 2.5452 (Cls: 1.7838, TAL: 0.0000, Adv: 5.0759) | Train Acc: 0.9907 | Val Acc: 0.8957 | Val P/R/F1 (Macro): 0.5768/0.5268/0.5375 | LR: 0.000003
Epoch [56/100] | Loss: 2.5411 (Cls: 1.7762, TAL: 0.0000, Adv: 5.0991) | Train Acc: 0.9884 | Val Acc: 0.9217 | Val P/R/F1 (Macro): 0.6031/0.5515/0.5593 | LR: 0.000003
Epoch [57/100] | Loss: 2.5275 (Cls: 1.7670, TAL: 0.0000, Adv: 5.0698) | Train Acc: 0.9977 | Val Acc: 0.8957 | Val P/R/F1 (Macro): 0.5803/0.5295/0.5371 | LR: 0.000003
Epoch [58/100] | Loss: 2.5640 (Cls: 1.7879, TAL: 0.0000, Adv: 5.1740) | Train Acc: 0.9907 | Val Acc: 0.9304 | Val P/R/F1 (Macro): 0.6023/0.5587/0.5648 | LR: 0.000003
Epoch [59/100] | Loss: 2.5667 (Cls: 1.7733, TAL: 0.0000, Adv: 5.2895) | Train Acc: 0.9861 | Val Acc: 0.9217 | Val P/R/F1 (Macro): 0.6041/0.5280/0.5447 | LR: 0.000003
Epoch [60/100] | Loss: 2.5749 (Cls: 1.7861, TAL: 0.0000, Adv: 5.2584) | Train Acc: 0.9884 | Val Acc: 0.9391 | Val P/R/F1 (Macro): 0.6134/0.5642/0.5741 | LR: 0.000003
Epoch [61/100] | Loss: 2.5520 (Cls: 1.7547, TAL: 0.0000, Adv: 5.3154) | Train Acc: 0.9907 | Val Acc: 0.9130 | Val P/R/F1 (Macro): 0.5916/0.5419/0.5514 | LR: 0.000003
Epoch [62/100] | Loss: 2.5428 (Cls: 1.7607, TAL: 0.0000, Adv: 5.2140) | Train Acc: 0.9954 | Val Acc: 0.9304 | Val P/R/F1 (Macro): 0.6009/0.5587/0.5637 | LR: 0.000003
Epoch [63/100] | Loss: 2.5567 (Cls: 1.7694, TAL: 0.0000, Adv: 5.2490) | Train Acc: 0.9931 | Val Acc: 0.9130 | Val P/R/F1 (Macro): 0.5840/0.5390/0.5487 | LR: 0.000003
Epoch [64/100] | Loss: 2.5745 (Cls: 1.7949, TAL: 0.0000, Adv: 5.1972) | Train Acc: 0.9907 | Val Acc: 0.8957 | Val P/R/F1 (Macro): 0.6063/0.5121/0.5345 | LR: 0.000003
Epoch [65/100] | Loss: 2.5366 (Cls: 1.7639, TAL: 0.0000, Adv: 5.1512) | Train Acc: 0.9931 | Val Acc: 0.9304 | Val P/R/F1 (Macro): 0.6027/0.5788/0.5851 | LR: 0.000003
Epoch [66/100] | Loss: 2.5401 (Cls: 1.7664, TAL: 0.0000, Adv: 5.1581) | Train Acc: 0.9931 | Val Acc: 0.9217 | Val P/R/F1 (Macro): 0.6038/0.5550/0.5632 | LR: 0.000001
Epoch [67/100] | Loss: 2.5333 (Cls: 1.7478, TAL: 0.0000, Adv: 5.2367) | Train Acc: 1.0000 | Val Acc: 0.9130 | Val P/R/F1 (Macro): 0.5936/0.5424/0.5535 | LR: 0.000001
Epoch [68/100] | Loss: 2.5596 (Cls: 1.7680, TAL: 0.0000, Adv: 5.2771) | Train Acc: 0.9931 | Val Acc: 0.9217 | Val P/R/F1 (Macro): 0.6128/0.5397/0.5578 | LR: 0.000001
Epoch [69/100] | Loss: 2.5739 (Cls: 1.7615, TAL: 0.0000, Adv: 5.4160) | Train Acc: 0.9977 | Val Acc: 0.9304 | Val P/R/F1 (Macro): 0.5914/0.5815/0.5815 | LR: 0.000001
Epoch [70/100] | Loss: 2.5664 (Cls: 1.7477, TAL: 0.0000, Adv: 5.4581) | Train Acc: 0.9954 | Val Acc: 0.8870 | Val P/R/F1 (Macro): 0.5703/0.5169/0.5292 | LR: 0.000001
Epoch [71/100] | Loss: 2.5908 (Cls: 1.7863, TAL: 0.0000, Adv: 5.3631) | Train Acc: 0.9861 | Val Acc: 0.9043 | Val P/R/F1 (Macro): 0.6067/0.5188/0.5421 | LR: 0.000001
Epoch [72/100] | Loss: 2.5536 (Cls: 1.7491, TAL: 0.0000, Adv: 5.3639) | Train Acc: 0.9977 | Val Acc: 0.9217 | Val P/R/F1 (Macro): 0.6008/0.5462/0.5586 | LR: 0.000001
Epoch [73/100] | Loss: 2.5657 (Cls: 1.7646, TAL: 0.0000, Adv: 5.3408) | Train Acc: 1.0000 | Val Acc: 0.9130 | Val P/R/F1 (Macro): 0.5846/0.5360/0.5420 | LR: 0.000001
Epoch [74/100] | Loss: 2.5559 (Cls: 1.7395, TAL: 0.0000, Adv: 5.4426) | Train Acc: 0.9977 | Val Acc: 0.9217 | Val P/R/F1 (Macro): 0.6027/0.5462/0.5601 | LR: 0.000001
Epoch [75/100] | Loss: 2.5705 (Cls: 1.7481, TAL: 0.0000, Adv: 5.4830) | Train Acc: 0.9954 | Val Acc: 0.8870 | Val P/R/F1 (Macro): 0.5789/0.5328/0.5373 | LR: 0.000001
Epoch [76/100] | Loss: 2.6027 (Cls: 1.7765, TAL: 0.0000, Adv: 5.5078) | Train Acc: 0.9861 | Val Acc: 0.9304 | Val P/R/F1 (Macro): 0.5994/0.5499/0.5601 | LR: 0.000001
Epoch [77/100] | Loss: 2.5768 (Cls: 1.7431, TAL: 0.0000, Adv: 5.5577) | Train Acc: 0.9954 | Val Acc: 0.9130 | Val P/R/F1 (Macro): 0.6019/0.5524/0.5615 | LR: 0.000001
Epoch [78/100] | Loss: 2.5745 (Cls: 1.7452, TAL: 0.0000, Adv: 5.5283) | Train Acc: 0.9954 | Val Acc: 0.9478 | Val P/R/F1 (Macro): 0.6204/0.5880/0.5995 | LR: 0.000001
  >>> New Best Val Acc: 0.9478
Epoch [79/100] | Loss: 2.5556 (Cls: 1.7292, TAL: 0.0000, Adv: 5.5090) | Train Acc: 0.9977 | Val Acc: 0.9217 | Val P/R/F1 (Macro): 0.5982/0.5565/0.5616 | LR: 0.000001
Epoch [80/100] | Loss: 2.5461 (Cls: 1.7313, TAL: 0.0000, Adv: 5.4321) | Train Acc: 1.0000 | Val Acc: 0.9130 | Val P/R/F1 (Macro): 0.5873/0.5372/0.5451 | LR: 0.000001
Epoch [81/100] | Loss: 2.6036 (Cls: 1.7496, TAL: 0.0000, Adv: 5.6932) | Train Acc: 0.9954 | Val Acc: 0.9043 | Val P/R/F1 (Macro): 0.5812/0.5248/0.5388 | LR: 0.000001
Epoch [82/100] | Loss: 2.6077 (Cls: 1.7533, TAL: 0.0000, Adv: 5.6958) | Train Acc: 0.9954 | Val Acc: 0.9304 | Val P/R/F1 (Macro): 0.6120/0.5423/0.5588 | LR: 0.000001
Epoch [83/100] | Loss: 2.5838 (Cls: 1.7409, TAL: 0.0000, Adv: 5.6189) | Train Acc: 0.9977 | Val Acc: 0.9130 | Val P/R/F1 (Macro): 0.5219/0.5147/0.5131 | LR: 0.000001
Epoch [84/100] | Loss: 2.5922 (Cls: 1.7400, TAL: 0.0000, Adv: 5.6812) | Train Acc: 0.9954 | Val Acc: 0.9304 | Val P/R/F1 (Macro): 0.6105/0.5528/0.5639 | LR: 0.000001
Epoch [85/100] | Loss: 2.5786 (Cls: 1.7278, TAL: 0.0000, Adv: 5.6714) | Train Acc: 0.9977 | Val Acc: 0.9043 | Val P/R/F1 (Macro): 0.5917/0.5438/0.5493 | LR: 0.000001
Epoch [86/100] | Loss: 2.5540 (Cls: 1.7468, TAL: 0.0000, Adv: 5.3818) | Train Acc: 1.0000 | Val Acc: 0.9391 | Val P/R/F1 (Macro): 0.6055/0.5642/0.5701 | LR: 0.000001
Epoch [87/100] | Loss: 2.5737 (Cls: 1.7417, TAL: 0.0000, Adv: 5.5471) | Train Acc: 0.9977 | Val Acc: 0.9130 | Val P/R/F1 (Macro): 0.5934/0.5419/0.5533 | LR: 0.000001
Epoch [88/100] | Loss: 2.5966 (Cls: 1.7591, TAL: 0.0000, Adv: 5.5835) | Train Acc: 0.9931 | Val Acc: 0.9130 | Val P/R/F1 (Macro): 0.6024/0.5401/0.5503 | LR: 0.000001
Epoch [89/100] | Loss: 2.5922 (Cls: 1.7484, TAL: 0.0000, Adv: 5.6253) | Train Acc: 0.9977 | Val Acc: 0.9217 | Val P/R/F1 (Macro): 0.5998/0.5397/0.5527 | LR: 0.000001
Epoch [90/100] | Loss: 2.6170 (Cls: 1.7445, TAL: 0.0000, Adv: 5.8170) | Train Acc: 0.9977 | Val Acc: 0.8870 | Val P/R/F1 (Macro): 0.5769/0.5019/0.5194 | LR: 0.000001
Epoch [91/100] | Loss: 2.5818 (Cls: 1.7416, TAL: 0.0000, Adv: 5.6011) | Train Acc: 0.9907 | Val Acc: 0.9391 | Val P/R/F1 (Macro): 0.6234/0.5630/0.5789 | LR: 0.000001
Epoch [92/100] | Loss: 2.6132 (Cls: 1.7442, TAL: 0.0000, Adv: 5.7935) | Train Acc: 1.0000 | Val Acc: 0.9217 | Val P/R/F1 (Macro): 0.6166/0.5280/0.5515 | LR: 0.000001
Epoch [93/100] | Loss: 2.6158 (Cls: 1.7342, TAL: 0.0000, Adv: 5.8776) | Train Acc: 0.9977 | Val Acc: 0.9391 | Val P/R/F1 (Macro): 0.6129/0.5642/0.5736 | LR: 0.000001
Epoch [94/100] | Loss: 2.6137 (Cls: 1.7402, TAL: 0.0000, Adv: 5.8234) | Train Acc: 0.9977 | Val Acc: 0.9130 | Val P/R/F1 (Macro): 0.5984/0.5360/0.5492 | LR: 0.000001
Epoch [95/100] | Loss: 2.6374 (Cls: 1.7468, TAL: 0.0000, Adv: 5.9378) | Train Acc: 0.9954 | Val Acc: 0.9130 | Val P/R/F1 (Macro): 0.5899/0.5436/0.5512 | LR: 0.000001
Epoch [96/100] | Loss: 2.6333 (Cls: 1.7409, TAL: 0.0000, Adv: 5.9489) | Train Acc: 0.9954 | Val Acc: 0.9478 | Val P/R/F1 (Macro): 0.6255/0.5668/0.5820 | LR: 0.000001
Epoch [97/100] | Loss: 2.6588 (Cls: 1.7681, TAL: 0.0000, Adv: 5.9379) | Train Acc: 0.9907 | Val Acc: 0.9130 | Val P/R/F1 (Macro): 0.5951/0.5401/0.5452 | LR: 0.000001
Epoch [98/100] | Loss: 2.6244 (Cls: 1.7349, TAL: 0.0000, Adv: 5.9297) | Train Acc: 0.9977 | Val Acc: 0.9304 | Val P/R/F1 (Macro): 0.6167/0.5605/0.5740 | LR: 0.000001
Epoch [99/100] | Loss: 2.6300 (Cls: 1.7439, TAL: 0.0000, Adv: 5.9073) | Train Acc: 1.0000 | Val Acc: 0.9304 | Val P/R/F1 (Macro): 0.6088/0.5382/0.5550 | LR: 0.000001
Epoch [100/100] | Loss: 2.6540 (Cls: 1.7497, TAL: 0.0000, Adv: 6.0288) | Train Acc: 0.9907 | Val Acc: 0.9217 | Val P/R/F1 (Macro): 0.6068/0.5438/0.5536 | LR: 0.000001

迭代 4 最佳指标:
  Accuracy: 0.9478
  Precision (Macro): 0.6204
  Recall (Macro): 0.5880
  F1 (Macro): 0.5995
  Precision (Micro): 0.9478
  Recall (Micro): 0.9478
  F1 (Micro): 0.9478

================================================================================
迭代 5/5
随机种子: 46
================================================================================
Epoch [1/100] | Loss: 7.2249 (Cls: 7.1790, TAL: 0.0000, Adv: 0.3062) | Train Acc: 0.2269 | Val Acc: 0.3217 | Val P/R/F1 (Macro): 0.0663/0.1843/0.0952 | LR: 0.000010
  >>> New Best Val Acc: 0.3217
Epoch [2/100] | Loss: 5.4834 (Cls: 5.3737, TAL: 0.0000, Adv: 0.7312) | Train Acc: 0.3356 | Val Acc: 0.4000 | Val P/R/F1 (Macro): 0.3326/0.2502/0.2542 | LR: 0.000010
  >>> New Best Val Acc: 0.4000
Epoch [3/100] | Loss: 4.4015 (Cls: 4.1843, TAL: 0.0000, Adv: 1.4474) | Train Acc: 0.5625 | Val Acc: 0.6870 | Val P/R/F1 (Macro): 0.4342/0.4055/0.3844 | LR: 0.000010
  >>> New Best Val Acc: 0.6870
Epoch [4/100] | Loss: 3.6961 (Cls: 3.3857, TAL: 0.0000, Adv: 2.0690) | Train Acc: 0.7338 | Val Acc: 0.6522 | Val P/R/F1 (Macro): 0.4057/0.4084/0.3711 | LR: 0.000010
Epoch [5/100] | Loss: 3.6543 (Cls: 3.2702, TAL: 0.0000, Adv: 2.5605) | Train Acc: 0.7361 | Val Acc: 0.7217 | Val P/R/F1 (Macro): 0.5149/0.4749/0.4517 | LR: 0.000010
  >>> New Best Val Acc: 0.7217
Epoch [6/100] | Loss: 3.6676 (Cls: 3.2436, TAL: 0.0000, Adv: 2.8264) | Train Acc: 0.7477 | Val Acc: 0.7217 | Val P/R/F1 (Macro): 0.4240/0.4199/0.3992 | LR: 0.000010
Epoch [7/100] | Loss: 3.2379 (Cls: 2.7794, TAL: 0.0000, Adv: 3.0565) | Train Acc: 0.8009 | Val Acc: 0.8348 | Val P/R/F1 (Macro): 0.5603/0.5098/0.5082 | LR: 0.000010
  >>> New Best Val Acc: 0.8348
Epoch [8/100] | Loss: 3.1083 (Cls: 2.6430, TAL: 0.0000, Adv: 3.1020) | Train Acc: 0.8519 | Val Acc: 0.8087 | Val P/R/F1 (Macro): 0.4612/0.4524/0.4523 | LR: 0.000010
Epoch [9/100] | Loss: 3.0922 (Cls: 2.5860, TAL: 0.0000, Adv: 3.3745) | Train Acc: 0.8843 | Val Acc: 0.7913 | Val P/R/F1 (Macro): 0.4658/0.4736/0.4511 | LR: 0.000010
Epoch [10/100] | Loss: 2.9176 (Cls: 2.4250, TAL: 0.0000, Adv: 3.2839) | Train Acc: 0.8750 | Val Acc: 0.7739 | Val P/R/F1 (Macro): 0.5266/0.4946/0.4740 | LR: 0.000010
Epoch [11/100] | Loss: 2.9097 (Cls: 2.3930, TAL: 0.0000, Adv: 3.4450) | Train Acc: 0.8935 | Val Acc: 0.8609 | Val P/R/F1 (Macro): 0.5546/0.5423/0.5330 | LR: 0.000010
  >>> New Best Val Acc: 0.8609
Epoch [12/100] | Loss: 3.0349 (Cls: 2.4792, TAL: 0.0000, Adv: 3.7049) | Train Acc: 0.8958 | Val Acc: 0.8870 | Val P/R/F1 (Macro): 0.5825/0.5604/0.5596 | LR: 0.000010
  >>> New Best Val Acc: 0.8870
Epoch [13/100] | Loss: 2.8828 (Cls: 2.3266, TAL: 0.0000, Adv: 3.7080) | Train Acc: 0.9259 | Val Acc: 0.9043 | Val P/R/F1 (Macro): 0.5924/0.5565/0.5673 | LR: 0.000010
  >>> New Best Val Acc: 0.9043
Epoch [14/100] | Loss: 2.8876 (Cls: 2.2974, TAL: 0.0000, Adv: 3.9347) | Train Acc: 0.9167 | Val Acc: 0.8522 | Val P/R/F1 (Macro): 0.5633/0.5226/0.5140 | LR: 0.000010
Epoch [15/100] | Loss: 2.8035 (Cls: 2.2212, TAL: 0.0000, Adv: 3.8821) | Train Acc: 0.9306 | Val Acc: 0.8783 | Val P/R/F1 (Macro): 0.5866/0.5369/0.5498 | LR: 0.000010
Epoch [16/100] | Loss: 2.7204 (Cls: 2.1075, TAL: 0.0000, Adv: 4.0858) | Train Acc: 0.9468 | Val Acc: 0.9043 | Val P/R/F1 (Macro): 0.5934/0.5458/0.5528 | LR: 0.000010
Epoch [17/100] | Loss: 2.6892 (Cls: 2.1092, TAL: 0.0000, Adv: 3.8670) | Train Acc: 0.9630 | Val Acc: 0.8609 | Val P/R/F1 (Macro): 0.5642/0.5316/0.5258 | LR: 0.000010
Epoch [18/100] | Loss: 2.7373 (Cls: 2.1613, TAL: 0.0000, Adv: 3.8402) | Train Acc: 0.9560 | Val Acc: 0.9043 | Val P/R/F1 (Macro): 0.5809/0.5512/0.5515 | LR: 0.000010
Epoch [19/100] | Loss: 2.8176 (Cls: 2.1926, TAL: 0.0000, Adv: 4.1662) | Train Acc: 0.9329 | Val Acc: 0.8783 | Val P/R/F1 (Macro): 0.5710/0.5305/0.5272 | LR: 0.000010
Epoch [20/100] | Loss: 2.7379 (Cls: 2.0774, TAL: 0.0000, Adv: 4.4033) | Train Acc: 0.9375 | Val Acc: 0.8957 | Val P/R/F1 (Macro): 0.5841/0.5607/0.5527 | LR: 0.000010
Epoch [21/100] | Loss: 2.7548 (Cls: 2.1231, TAL: 0.0000, Adv: 4.2115) | Train Acc: 0.9630 | Val Acc: 0.8870 | Val P/R/F1 (Macro): 0.5635/0.5318/0.5319 | LR: 0.000010
Epoch [22/100] | Loss: 2.6788 (Cls: 2.0644, TAL: 0.0000, Adv: 4.0960) | Train Acc: 0.9514 | Val Acc: 0.8522 | Val P/R/F1 (Macro): 0.5726/0.5022/0.5159 | LR: 0.000010
Epoch [23/100] | Loss: 2.5510 (Cls: 1.9420, TAL: 0.0000, Adv: 4.0595) | Train Acc: 0.9606 | Val Acc: 0.8957 | Val P/R/F1 (Macro): 0.5739/0.5309/0.5327 | LR: 0.000010
Epoch [24/100] | Loss: 2.6114 (Cls: 1.9849, TAL: 0.0000, Adv: 4.1767) | Train Acc: 0.9560 | Val Acc: 0.8870 | Val P/R/F1 (Macro): 0.5680/0.5301/0.5255 | LR: 0.000005
Epoch [25/100] | Loss: 2.5840 (Cls: 1.9657, TAL: 0.0000, Adv: 4.1215) | Train Acc: 0.9606 | Val Acc: 0.9043 | Val P/R/F1 (Macro): 0.5896/0.5358/0.5478 | LR: 0.000005
Epoch [26/100] | Loss: 2.5450 (Cls: 1.9306, TAL: 0.0000, Adv: 4.0961) | Train Acc: 0.9745 | Val Acc: 0.9130 | Val P/R/F1 (Macro): 0.5969/0.5620/0.5720 | LR: 0.000005
  >>> New Best Val Acc: 0.9130
Epoch [27/100] | Loss: 2.5298 (Cls: 1.8768, TAL: 0.0000, Adv: 4.3531) | Train Acc: 0.9931 | Val Acc: 0.9130 | Val P/R/F1 (Macro): 0.5962/0.5424/0.5531 | LR: 0.000005
Epoch [28/100] | Loss: 2.5178 (Cls: 1.8827, TAL: 0.0000, Adv: 4.2344) | Train Acc: 0.9769 | Val Acc: 0.9043 | Val P/R/F1 (Macro): 0.5829/0.5502/0.5482 | LR: 0.000005
Epoch [29/100] | Loss: 2.5484 (Cls: 1.9020, TAL: 0.0000, Adv: 4.3090) | Train Acc: 0.9861 | Val Acc: 0.9130 | Val P/R/F1 (Macro): 0.5819/0.5424/0.5487 | LR: 0.000005
Epoch [30/100] | Loss: 2.5435 (Cls: 1.8994, TAL: 0.0000, Adv: 4.2942) | Train Acc: 0.9722 | Val Acc: 0.9043 | Val P/R/F1 (Macro): 0.5723/0.5626/0.5610 | LR: 0.000005
Epoch [31/100] | Loss: 2.5147 (Cls: 1.8748, TAL: 0.0000, Adv: 4.2656) | Train Acc: 0.9838 | Val Acc: 0.9304 | Val P/R/F1 (Macro): 0.5939/0.5805/0.5804 | LR: 0.000005
  >>> New Best Val Acc: 0.9304
Epoch [32/100] | Loss: 2.5663 (Cls: 1.8914, TAL: 0.0000, Adv: 4.4995) | Train Acc: 0.9722 | Val Acc: 0.9043 | Val P/R/F1 (Macro): 0.5894/0.5217/0.5374 | LR: 0.000005
Epoch [33/100] | Loss: 2.5277 (Cls: 1.8428, TAL: 0.0000, Adv: 4.5659) | Train Acc: 0.9884 | Val Acc: 0.9217 | Val P/R/F1 (Macro): 0.5876/0.5582/0.5585 | LR: 0.000005
Epoch [34/100] | Loss: 2.5505 (Cls: 1.8485, TAL: 0.0000, Adv: 4.6801) | Train Acc: 0.9884 | Val Acc: 0.9130 | Val P/R/F1 (Macro): 0.5872/0.5540/0.5506 | LR: 0.000005
Epoch [35/100] | Loss: 2.6095 (Cls: 1.8951, TAL: 0.0000, Adv: 4.7625) | Train Acc: 0.9699 | Val Acc: 0.8609 | Val P/R/F1 (Macro): 0.4907/0.4951/0.4842 | LR: 0.000005
Epoch [36/100] | Loss: 2.6050 (Cls: 1.9091, TAL: 0.0000, Adv: 4.6393) | Train Acc: 0.9699 | Val Acc: 0.9304 | Val P/R/F1 (Macro): 0.5974/0.5591/0.5626 | LR: 0.000005
Epoch [37/100] | Loss: 2.6095 (Cls: 1.8957, TAL: 0.0000, Adv: 4.7591) | Train Acc: 0.9884 | Val Acc: 0.9130 | Val P/R/F1 (Macro): 0.5911/0.5723/0.5710 | LR: 0.000005
Epoch [38/100] | Loss: 2.6162 (Cls: 1.8826, TAL: 0.0000, Adv: 4.8903) | Train Acc: 0.9907 | Val Acc: 0.9304 | Val P/R/F1 (Macro): 0.5914/0.5847/0.5833 | LR: 0.000005
Epoch [39/100] | Loss: 2.5763 (Cls: 1.8534, TAL: 0.0000, Adv: 4.8192) | Train Acc: 0.9838 | Val Acc: 0.9217 | Val P/R/F1 (Macro): 0.5923/0.5790/0.5776 | LR: 0.000005
Epoch [40/100] | Loss: 2.5527 (Cls: 1.8285, TAL: 0.0000, Adv: 4.8280) | Train Acc: 0.9815 | Val Acc: 0.9217 | Val P/R/F1 (Macro): 0.5894/0.5413/0.5473 | LR: 0.000005
Epoch [41/100] | Loss: 2.5390 (Cls: 1.8350, TAL: 0.0000, Adv: 4.6929) | Train Acc: 0.9838 | Val Acc: 0.9478 | Val P/R/F1 (Macro): 0.6154/0.5804/0.5900 | LR: 0.000005
  >>> New Best Val Acc: 0.9478
Epoch [42/100] | Loss: 2.5416 (Cls: 1.8044, TAL: 0.0000, Adv: 4.9150) | Train Acc: 0.9954 | Val Acc: 0.9043 | Val P/R/F1 (Macro): 0.5859/0.5470/0.5493 | LR: 0.000005
Epoch [43/100] | Loss: 2.5637 (Cls: 1.8329, TAL: 0.0000, Adv: 4.8719) | Train Acc: 0.9884 | Val Acc: 0.9304 | Val P/R/F1 (Macro): 0.5998/0.5617/0.5659 | LR: 0.000005
Epoch [44/100] | Loss: 2.5630 (Cls: 1.8163, TAL: 0.0000, Adv: 4.9782) | Train Acc: 0.9884 | Val Acc: 0.8957 | Val P/R/F1 (Macro): 0.5790/0.5307/0.5386 | LR: 0.000005
Epoch [45/100] | Loss: 2.6568 (Cls: 1.8840, TAL: 0.0000, Adv: 5.1519) | Train Acc: 0.9838 | Val Acc: 0.9217 | Val P/R/F1 (Macro): 0.5821/0.5778/0.5748 | LR: 0.000005
Epoch [46/100] | Loss: 2.5972 (Cls: 1.8201, TAL: 0.0000, Adv: 5.1807) | Train Acc: 0.9907 | Val Acc: 0.8957 | Val P/R/F1 (Macro): 0.5830/0.5354/0.5417 | LR: 0.000005
Epoch [47/100] | Loss: 2.5845 (Cls: 1.8172, TAL: 0.0000, Adv: 5.1152) | Train Acc: 0.9884 | Val Acc: 0.9217 | Val P/R/F1 (Macro): 0.5891/0.5565/0.5596 | LR: 0.000005
Epoch [48/100] | Loss: 2.5411 (Cls: 1.7862, TAL: 0.0000, Adv: 5.0332) | Train Acc: 0.9954 | Val Acc: 0.9391 | Val P/R/F1 (Macro): 0.5990/0.5855/0.5845 | LR: 0.000005
Epoch [49/100] | Loss: 2.6259 (Cls: 1.8394, TAL: 0.0000, Adv: 5.2436) | Train Acc: 0.9792 | Val Acc: 0.9130 | Val P/R/F1 (Macro): 0.5914/0.5477/0.5550 | LR: 0.000005
Epoch [50/100] | Loss: 2.6066 (Cls: 1.8380, TAL: 0.0000, Adv: 5.1241) | Train Acc: 0.9838 | Val Acc: 0.9391 | Val P/R/F1 (Macro): 0.6030/0.5843/0.5882 | LR: 0.000005
Epoch [51/100] | Loss: 2.6532 (Cls: 1.8724, TAL: 0.0000, Adv: 5.2053) | Train Acc: 0.9722 | Val Acc: 0.8957 | Val P/R/F1 (Macro): 0.5768/0.5388/0.5359 | LR: 0.000005
Epoch [52/100] | Loss: 2.6156 (Cls: 1.8390, TAL: 0.0000, Adv: 5.1778) | Train Acc: 0.9884 | Val Acc: 0.9304 | Val P/R/F1 (Macro): 0.5903/0.5591/0.5605 | LR: 0.000003
Epoch [53/100] | Loss: 2.5960 (Cls: 1.8031, TAL: 0.0000, Adv: 5.2862) | Train Acc: 0.9815 | Val Acc: 0.9217 | Val P/R/F1 (Macro): 0.5875/0.5567/0.5575 | LR: 0.000003
Epoch [54/100] | Loss: 2.5727 (Cls: 1.7908, TAL: 0.0000, Adv: 5.2128) | Train Acc: 0.9954 | Val Acc: 0.9304 | Val P/R/F1 (Macro): 0.5922/0.5515/0.5572 | LR: 0.000003
Epoch [55/100] | Loss: 2.5573 (Cls: 1.7994, TAL: 0.0000, Adv: 5.0530) | Train Acc: 0.9907 | Val Acc: 0.9391 | Val P/R/F1 (Macro): 0.6151/0.5525/0.5688 | LR: 0.000003
Epoch [56/100] | Loss: 2.5919 (Cls: 1.8091, TAL: 0.0000, Adv: 5.2183) | Train Acc: 0.9907 | Val Acc: 0.9043 | Val P/R/F1 (Macro): 0.5803/0.5412/0.5472 | LR: 0.000003
Epoch [57/100] | Loss: 2.5838 (Cls: 1.7930, TAL: 0.0000, Adv: 5.2723) | Train Acc: 0.9884 | Val Acc: 0.9304 | Val P/R/F1 (Macro): 0.6007/0.5473/0.5597 | LR: 0.000003
Epoch [58/100] | Loss: 2.5775 (Cls: 1.7895, TAL: 0.0000, Adv: 5.2531) | Train Acc: 0.9954 | Val Acc: 0.9217 | Val P/R/F1 (Macro): 0.5817/0.5698/0.5678 | LR: 0.000003
Epoch [59/100] | Loss: 2.5394 (Cls: 1.7642, TAL: 0.0000, Adv: 5.1677) | Train Acc: 0.9907 | Val Acc: 0.9304 | Val P/R/F1 (Macro): 0.6039/0.5634/0.5697 | LR: 0.000003
Epoch [60/100] | Loss: 2.5457 (Cls: 1.7784, TAL: 0.0000, Adv: 5.1151) | Train Acc: 0.9977 | Val Acc: 0.9130 | Val P/R/F1 (Macro): 0.5958/0.5434/0.5552 | LR: 0.000003
Epoch [61/100] | Loss: 2.5575 (Cls: 1.7770, TAL: 0.0000, Adv: 5.2036) | Train Acc: 0.9907 | Val Acc: 0.8957 | Val P/R/F1 (Macro): 0.5826/0.5459/0.5480 | LR: 0.000003
Epoch [62/100] | Loss: 2.5863 (Cls: 1.7842, TAL: 0.0000, Adv: 5.3475) | Train Acc: 0.9907 | Val Acc: 0.9043 | Val P/R/F1 (Macro): 0.5846/0.5514/0.5515 | LR: 0.000003
Epoch [63/100] | Loss: 2.6169 (Cls: 1.7953, TAL: 0.0000, Adv: 5.4774) | Train Acc: 0.9861 | Val Acc: 0.9130 | Val P/R/F1 (Macro): 0.5838/0.5542/0.5546 | LR: 0.000001
Epoch [64/100] | Loss: 2.5855 (Cls: 1.7772, TAL: 0.0000, Adv: 5.3882) | Train Acc: 1.0000 | Val Acc: 0.9304 | Val P/R/F1 (Macro): 0.6008/0.5606/0.5657 | LR: 0.000001
Epoch [65/100] | Loss: 2.6029 (Cls: 1.7786, TAL: 0.0000, Adv: 5.4953) | Train Acc: 0.9954 | Val Acc: 0.9130 | Val P/R/F1 (Macro): 0.5853/0.5540/0.5523 | LR: 0.000001
Epoch [66/100] | Loss: 2.5977 (Cls: 1.7824, TAL: 0.0000, Adv: 5.4354) | Train Acc: 0.9884 | Val Acc: 0.9217 | Val P/R/F1 (Macro): 0.5954/0.5567/0.5628 | LR: 0.000001
Epoch [67/100] | Loss: 2.5892 (Cls: 1.7635, TAL: 0.0000, Adv: 5.5050) | Train Acc: 0.9907 | Val Acc: 0.9217 | Val P/R/F1 (Macro): 0.5899/0.5577/0.5574 | LR: 0.000001
Epoch [68/100] | Loss: 2.5926 (Cls: 1.7761, TAL: 0.0000, Adv: 5.4434) | Train Acc: 0.9954 | Val Acc: 0.9043 | Val P/R/F1 (Macro): 0.5788/0.5408/0.5382 | LR: 0.000001
Epoch [69/100] | Loss: 2.6051 (Cls: 1.7689, TAL: 0.0000, Adv: 5.5749) | Train Acc: 0.9931 | Val Acc: 0.9304 | Val P/R/F1 (Macro): 0.6026/0.5817/0.5866 | LR: 0.000001
Epoch [70/100] | Loss: 2.5960 (Cls: 1.7645, TAL: 0.0000, Adv: 5.5434) | Train Acc: 0.9907 | Val Acc: 0.9478 | Val P/R/F1 (Macro): 0.6105/0.5792/0.5872 | LR: 0.000001
Epoch [71/100] | Loss: 2.5859 (Cls: 1.7607, TAL: 0.0000, Adv: 5.5017) | Train Acc: 0.9931 | Val Acc: 0.9217 | Val P/R/F1 (Macro): 0.5952/0.5565/0.5606 | LR: 0.000001
Epoch [72/100] | Loss: 2.5962 (Cls: 1.7579, TAL: 0.0000, Adv: 5.5887) | Train Acc: 0.9977 | Val Acc: 0.9304 | Val P/R/F1 (Macro): 0.5979/0.5573/0.5619 | LR: 0.000001
Epoch [73/100] | Loss: 2.5958 (Cls: 1.7551, TAL: 0.0000, Adv: 5.6045) | Train Acc: 0.9954 | Val Acc: 0.9217 | Val P/R/F1 (Macro): 0.5893/0.5701/0.5707 | LR: 0.000001
Epoch [74/100] | Loss: 2.6014 (Cls: 1.7621, TAL: 0.0000, Adv: 5.5958) | Train Acc: 0.9954 | Val Acc: 0.9304 | Val P/R/F1 (Macro): 0.5974/0.5606/0.5638 | LR: 0.000001
Epoch [75/100] | Loss: 2.5896 (Cls: 1.7637, TAL: 0.0000, Adv: 5.5063) | Train Acc: 0.9884 | Val Acc: 0.9391 | Val P/R/F1 (Macro): 0.6034/0.5642/0.5689 | LR: 0.000001
Epoch [76/100] | Loss: 2.5990 (Cls: 1.7822, TAL: 0.0000, Adv: 5.4450) | Train Acc: 0.9861 | Val Acc: 0.9130 | Val P/R/F1 (Macro): 0.5890/0.5448/0.5466 | LR: 0.000001
Epoch [77/100] | Loss: 2.5937 (Cls: 1.7506, TAL: 0.0000, Adv: 5.6203) | Train Acc: 0.9954 | Val Acc: 0.9217 | Val P/R/F1 (Macro): 0.5858/0.5746/0.5760 | LR: 0.000001
Epoch [78/100] | Loss: 2.5844 (Cls: 1.7610, TAL: 0.0000, Adv: 5.4894) | Train Acc: 0.9977 | Val Acc: 0.9391 | Val P/R/F1 (Macro): 0.6162/0.5642/0.5761 | LR: 0.000001
Epoch [79/100] | Loss: 2.5784 (Cls: 1.7467, TAL: 0.0000, Adv: 5.5450) | Train Acc: 0.9977 | Val Acc: 0.9217 | Val P/R/F1 (Macro): 0.5873/0.5445/0.5507 | LR: 0.000001
Epoch [80/100] | Loss: 2.6181 (Cls: 1.7694, TAL: 0.0000, Adv: 5.6578) | Train Acc: 0.9931 | Val Acc: 0.9130 | Val P/R/F1 (Macro): 0.5921/0.5477/0.5516 | LR: 0.000001
Epoch [81/100] | Loss: 2.6230 (Cls: 1.7667, TAL: 0.0000, Adv: 5.7086) | Train Acc: 0.9907 | Val Acc: 0.9217 | Val P/R/F1 (Macro): 0.5919/0.5567/0.5609 | LR: 0.000001
Epoch [82/100] | Loss: 2.6084 (Cls: 1.7533, TAL: 0.0000, Adv: 5.7008) | Train Acc: 0.9931 | Val Acc: 0.9217 | Val P/R/F1 (Macro): 0.5946/0.5503/0.5585 | LR: 0.000001
Epoch [83/100] | Loss: 2.6177 (Cls: 1.7671, TAL: 0.0000, Adv: 5.6709) | Train Acc: 0.9931 | Val Acc: 0.9043 | Val P/R/F1 (Macro): 0.5774/0.5488/0.5442 | LR: 0.000001
Epoch [84/100] | Loss: 2.6132 (Cls: 1.7626, TAL: 0.0000, Adv: 5.6707) | Train Acc: 0.9977 | Val Acc: 0.9217 | Val P/R/F1 (Macro): 0.5934/0.5598/0.5687 | LR: 0.000001
Epoch [85/100] | Loss: 2.6118 (Cls: 1.7447, TAL: 0.0000, Adv: 5.7808) | Train Acc: 0.9954 | Val Acc: 0.9130 | Val P/R/F1 (Macro): 0.5894/0.5542/0.5552 | LR: 0.000001
Epoch [86/100] | Loss: 2.6485 (Cls: 1.7714, TAL: 0.0000, Adv: 5.8473) | Train Acc: 0.9907 | Val Acc: 0.9043 | Val P/R/F1 (Macro): 0.5862/0.5502/0.5520 | LR: 0.000001
Epoch [87/100] | Loss: 2.6352 (Cls: 1.7808, TAL: 0.0000, Adv: 5.6962) | Train Acc: 0.9907 | Val Acc: 0.9043 | Val P/R/F1 (Macro): 0.5789/0.5408/0.5391 | LR: 0.000001
Epoch [88/100] | Loss: 2.5906 (Cls: 1.7426, TAL: 0.0000, Adv: 5.6530) | Train Acc: 0.9977 | Val Acc: 0.9304 | Val P/R/F1 (Macro): 0.5988/0.5803/0.5841 | LR: 0.000001
Epoch [89/100] | Loss: 2.6098 (Cls: 1.7503, TAL: 0.0000, Adv: 5.7300) | Train Acc: 0.9977 | Val Acc: 0.9304 | Val P/R/F1 (Macro): 0.6052/0.5528/0.5616 | LR: 0.000001
Epoch [90/100] | Loss: 2.6085 (Cls: 1.7475, TAL: 0.0000, Adv: 5.7401) | Train Acc: 0.9954 | Val Acc: 0.9217 | Val P/R/F1 (Macro): 0.5957/0.5579/0.5612 | LR: 0.000001
Epoch [91/100] | Loss: 2.6064 (Cls: 1.7416, TAL: 0.0000, Adv: 5.7655) | Train Acc: 0.9931 | Val Acc: 0.9478 | Val P/R/F1 (Macro): 0.6062/0.5910/0.5911 | LR: 0.000001
Epoch [92/100] | Loss: 2.6083 (Cls: 1.7449, TAL: 0.0000, Adv: 5.7559) | Train Acc: 0.9954 | Val Acc: 0.9043 | Val P/R/F1 (Macro): 0.5791/0.5635/0.5608 | LR: 0.000001
Epoch [93/100] | Loss: 2.6058 (Cls: 1.7501, TAL: 0.0000, Adv: 5.7048) | Train Acc: 0.9954 | Val Acc: 0.9217 | Val P/R/F1 (Macro): 0.5913/0.5491/0.5515 | LR: 0.000001
Epoch [94/100] | Loss: 2.6051 (Cls: 1.7450, TAL: 0.0000, Adv: 5.7337) | Train Acc: 0.9954 | Val Acc: 0.9130 | Val P/R/F1 (Macro): 0.5829/0.5522/0.5506 | LR: 0.000001
Epoch [95/100] | Loss: 2.6122 (Cls: 1.7567, TAL: 0.0000, Adv: 5.7035) | Train Acc: 0.9954 | Val Acc: 0.9304 | Val P/R/F1 (Macro): 0.5894/0.5786/0.5795 | LR: 0.000001
Epoch [96/100] | Loss: 2.6283 (Cls: 1.7699, TAL: 0.0000, Adv: 5.7229) | Train Acc: 0.9838 | Val Acc: 0.9304 | Val P/R/F1 (Macro): 0.5928/0.5686/0.5755 | LR: 0.000001
Epoch [97/100] | Loss: 2.6158 (Cls: 1.7558, TAL: 0.0000, Adv: 5.7330) | Train Acc: 0.9977 | Val Acc: 0.9304 | Val P/R/F1 (Macro): 0.5894/0.5634/0.5622 | LR: 0.000001
Epoch [98/100] | Loss: 2.5839 (Cls: 1.7388, TAL: 0.0000, Adv: 5.6340) | Train Acc: 0.9954 | Val Acc: 0.9043 | Val P/R/F1 (Macro): 0.5792/0.5502/0.5497 | LR: 0.000001
Epoch [99/100] | Loss: 2.6401 (Cls: 1.7827, TAL: 0.0000, Adv: 5.7156) | Train Acc: 0.9931 | Val Acc: 0.9304 | Val P/R/F1 (Macro): 0.6051/0.5605/0.5678 | LR: 0.000001
Epoch [100/100] | Loss: 2.6180 (Cls: 1.7658, TAL: 0.0000, Adv: 5.6810) | Train Acc: 0.9907 | Val Acc: 0.9217 | Val P/R/F1 (Macro): 0.5850/0.5577/0.5529 | LR: 0.000001

迭代 5 最佳指标:
  Accuracy: 0.9478
  Precision (Macro): 0.6154
  Recall (Macro): 0.5804
  F1 (Macro): 0.5900
  Precision (Micro): 0.9478
  Recall (Micro): 0.9478
  F1 (Micro): 0.9478

================================================================================
5次迭代统计结果
================================================================================

accuracy:
  各迭代值: ['0.9478', '0.9391', '0.9391', '0.9478', '0.9478']
  均值 (Mean): 0.9443
  标准差 (Std): 0.0043

precision_macro:
  各迭代值: ['0.6185', '0.6177', '0.6180', '0.6204', '0.6154']
  均值 (Mean): 0.6180
  标准差 (Std): 0.0016

recall_macro:
  各迭代值: ['0.5886', '0.5618', '0.5554', '0.5880', '0.5804']
  均值 (Mean): 0.5748
  标准差 (Std): 0.0137

f1_macro:
  各迭代值: ['0.5988', '0.5754', '0.5695', '0.5995', '0.5900']
  均值 (Mean): 0.5866
  标准差 (Std): 0.0122

precision_micro:
  各迭代值: ['0.9478', '0.9391', '0.9391', '0.9478', '0.9478']
  均值 (Mean): 0.9443
  标准差 (Std): 0.0043

recall_micro:
  各迭代值: ['0.9478', '0.9391', '0.9391', '0.9478', '0.9478']
  均值 (Mean): 0.9443
  标准差 (Std): 0.0043

f1_micro:
  各迭代值: ['0.9478', '0.9391', '0.9391', '0.9478', '0.9478']
  均值 (Mean): 0.9443
  标准差 (Std): 0.0043

训练结束时间: 2026-06-23 19:53:37
================================================================================
