================================================================================
模块消融实验 - with_tensor_with_ot
目标域天气: 逆光
训练开始时间: 2026-06-29 10:18:36
设备: cuda
源域: D:\Code\JMDA-Net\Data\晴天
目标域: D:\Code\JMDA-Net\Data\逆光
批次大小: 16
总轮数: 100
迭代次数: 5
使用Tensor模块: 是
使用OT模块: 是
特征融合方式: Tensor对齐
域对齐方式: 最优传输
================================================================================

================================================================================
迭代 1/5
随机种子: 42
================================================================================
Feature fusion: Tensor alignment (512+512 -> 128+128); fused_dim=256
Domain adaptation: Neural OT generator with 3-domain discriminator
Loss weights: tensor=0.30, adv=0.15
Epoch [1/100] | Loss: 8.0809 (Cls: 7.9682, TAL: 0.2423, Adv: 0.2670) | Train Acc: 0.2969 | Val Acc: 0.1944 | Val P/R/F1 (Macro): 0.0584/0.1190/0.0664 | LR: 0.000010
  >>> New Best Val Acc: 0.1944
Epoch [2/100] | Loss: 6.6694 (Cls: 6.5592, TAL: 0.1907, Adv: 0.3532) | Train Acc: 0.3750 | Val Acc: 0.3611 | Val P/R/F1 (Macro): 0.1845/0.1964/0.1586 | LR: 0.000010
  >>> New Best Val Acc: 0.3611
Epoch [3/100] | Loss: 5.5603 (Cls: 5.4183, TAL: 0.1392, Adv: 0.6686) | Train Acc: 0.4531 | Val Acc: 0.6389 | Val P/R/F1 (Macro): 0.4536/0.4804/0.4286 | LR: 0.000010
  >>> New Best Val Acc: 0.6389
Epoch [4/100] | Loss: 5.0080 (Cls: 4.8814, TAL: 0.0056, Adv: 0.8331) | Train Acc: 0.5938 | Val Acc: 0.6389 | Val P/R/F1 (Macro): 0.4237/0.4357/0.3959 | LR: 0.000010
Epoch [5/100] | Loss: 4.3559 (Cls: 4.1869, TAL: -0.0055, Adv: 1.1376) | Train Acc: 0.6250 | Val Acc: 0.6944 | Val P/R/F1 (Macro): 0.5153/0.4845/0.4607 | LR: 0.000010
  >>> New Best Val Acc: 0.6944
Epoch [6/100] | Loss: 3.9409 (Cls: 3.6940, TAL: 0.1130, Adv: 1.4195) | Train Acc: 0.7891 | Val Acc: 0.7222 | Val P/R/F1 (Macro): 0.5051/0.5012/0.4703 | LR: 0.000010
  >>> New Best Val Acc: 0.7222
Epoch [7/100] | Loss: 3.8048 (Cls: 3.5175, TAL: 0.1736, Adv: 1.5682) | Train Acc: 0.8281 | Val Acc: 0.7500 | Val P/R/F1 (Macro): 0.4889/0.5131/0.4779 | LR: 0.000010
  >>> New Best Val Acc: 0.7500
Epoch [8/100] | Loss: 3.3112 (Cls: 2.9972, TAL: 0.2083, Adv: 1.6766) | Train Acc: 0.8828 | Val Acc: 0.8056 | Val P/R/F1 (Macro): 0.5651/0.5435/0.5346 | LR: 0.000010
  >>> New Best Val Acc: 0.8056
Epoch [9/100] | Loss: 3.3076 (Cls: 2.9919, TAL: 0.1734, Adv: 1.7578) | Train Acc: 0.8203 | Val Acc: 0.7778 | Val P/R/F1 (Macro): 0.5041/0.5286/0.4903 | LR: 0.000010
Epoch [10/100] | Loss: 3.1697 (Cls: 2.8606, TAL: 0.0900, Adv: 1.8809) | Train Acc: 0.9062 | Val Acc: 0.9444 | Val P/R/F1 (Macro): 0.6107/0.6143/0.6069 | LR: 0.000010
  >>> New Best Val Acc: 0.9444
Epoch [11/100] | Loss: 3.1219 (Cls: 2.8148, TAL: 0.1034, Adv: 1.8404) | Train Acc: 0.8594 | Val Acc: 0.9167 | Val P/R/F1 (Macro): 0.6000/0.5929/0.5869 | LR: 0.000010
Epoch [12/100] | Loss: 3.0600 (Cls: 2.7593, TAL: 0.0190, Adv: 1.9667) | Train Acc: 0.9375 | Val Acc: 0.9167 | Val P/R/F1 (Macro): 0.6088/0.5958/0.5961 | LR: 0.000010
Epoch [13/100] | Loss: 2.9845 (Cls: 2.7480, TAL: -0.1576, Adv: 1.8919) | Train Acc: 0.9609 | Val Acc: 0.9167 | Val P/R/F1 (Macro): 0.6122/0.6000/0.5928 | LR: 0.000010
Epoch [14/100] | Loss: 3.0903 (Cls: 2.7736, TAL: -0.0188, Adv: 2.1490) | Train Acc: 0.9062 | Val Acc: 1.0000 | Val P/R/F1 (Macro): 0.6429/0.6429/0.6429 | LR: 0.000010
  >>> New Best Val Acc: 1.0000
Epoch [15/100] | Loss: 2.7801 (Cls: 2.3994, TAL: 0.0712, Adv: 2.3952) | Train Acc: 0.9453 | Val Acc: 0.9444 | Val P/R/F1 (Macro): 0.6143/0.6107/0.6069 | LR: 0.000010
Epoch [16/100] | Loss: 2.8878 (Cls: 2.5427, TAL: -0.0210, Adv: 2.3430) | Train Acc: 0.9453 | Val Acc: 0.9722 | Val P/R/F1 (Macro): 0.6286/0.6286/0.6270 | LR: 0.000010
Epoch [17/100] | Loss: 2.6399 (Cls: 2.2596, TAL: 0.0601, Adv: 2.4146) | Train Acc: 0.9844 | Val Acc: 0.9722 | Val P/R/F1 (Macro): 0.6250/0.6286/0.6247 | LR: 0.000010
Epoch [18/100] | Loss: 2.8732 (Cls: 2.5145, TAL: -0.0323, Adv: 2.4559) | Train Acc: 0.9453 | Val Acc: 0.9722 | Val P/R/F1 (Macro): 0.6286/0.6286/0.6270 | LR: 0.000010
Epoch [19/100] | Loss: 2.8222 (Cls: 2.4067, TAL: 0.0146, Adv: 2.7408) | Train Acc: 0.9688 | Val Acc: 0.9444 | Val P/R/F1 (Macro): 0.6167/0.6190/0.6141 | LR: 0.000010
Epoch [20/100] | Loss: 2.6939 (Cls: 2.3180, TAL: -0.2170, Adv: 2.9404) | Train Acc: 0.9688 | Val Acc: 0.9722 | Val P/R/F1 (Macro): 0.6349/0.6310/0.6322 | LR: 0.000010
Epoch [21/100] | Loss: 2.8159 (Cls: 2.4214, TAL: 0.0492, Adv: 2.5318) | Train Acc: 0.9688 | Val Acc: 0.9444 | Val P/R/F1 (Macro): 0.5893/0.6107/0.5907 | LR: 0.000010
Epoch [22/100] | Loss: 2.7043 (Cls: 2.3019, TAL: 0.1580, Adv: 2.3666) | Train Acc: 0.9766 | Val Acc: 0.9167 | Val P/R/F1 (Macro): 0.6000/0.5964/0.5890 | LR: 0.000010
Epoch [23/100] | Loss: 2.6438 (Cls: 2.3253, TAL: -0.1024, Adv: 2.3280) | Train Acc: 0.9375 | Val Acc: 0.9722 | Val P/R/F1 (Macro): 0.6286/0.6286/0.6270 | LR: 0.000010
Epoch [24/100] | Loss: 2.6739 (Cls: 2.3492, TAL: -0.2718, Adv: 2.7084) | Train Acc: 0.9766 | Val Acc: 0.9444 | Val P/R/F1 (Macro): 0.5893/0.6107/0.5933 | LR: 0.000010
Epoch [25/100] | Loss: 2.5420 (Cls: 2.1341, TAL: -0.0283, Adv: 2.7759) | Train Acc: 0.9922 | Val Acc: 0.9167 | Val P/R/F1 (Macro): 0.5964/0.6000/0.5862 | LR: 0.000005
Epoch [26/100] | Loss: 2.6894 (Cls: 2.1627, TAL: 0.1349, Adv: 3.2414) | Train Acc: 0.9844 | Val Acc: 0.9722 | Val P/R/F1 (Macro): 0.6250/0.6286/0.6247 | LR: 0.000005
Epoch [27/100] | Loss: 2.5651 (Cls: 1.9803, TAL: 0.1872, Adv: 3.5242) | Train Acc: 1.0000 | Val Acc: 1.0000 | Val P/R/F1 (Macro): 0.6429/0.6429/0.6429 | LR: 0.000005
Epoch [28/100] | Loss: 2.5819 (Cls: 2.0429, TAL: 0.0317, Adv: 3.5295) | Train Acc: 0.9609 | Val Acc: 0.9722 | Val P/R/F1 (Macro): 0.6286/0.6286/0.6270 | LR: 0.000005
Epoch [29/100] | Loss: 2.4633 (Cls: 2.0121, TAL: -0.1329, Adv: 3.2739) | Train Acc: 0.9844 | Val Acc: 0.9444 | Val P/R/F1 (Macro): 0.6190/0.6143/0.6107 | LR: 0.000005
Epoch [30/100] | Loss: 2.5357 (Cls: 2.2066, TAL: -0.2276, Adv: 2.6495) | Train Acc: 1.0000 | Val Acc: 0.9444 | Val P/R/F1 (Macro): 0.6107/0.6143/0.6069 | LR: 0.000005
Epoch [31/100] | Loss: 2.3082 (Cls: 2.0637, TAL: -0.2446, Adv: 2.1192) | Train Acc: 0.9766 | Val Acc: 1.0000 | Val P/R/F1 (Macro): 0.6429/0.6429/0.6429 | LR: 0.000005
Epoch [32/100] | Loss: 2.2597 (Cls: 2.0129, TAL: -0.2710, Adv: 2.1875) | Train Acc: 1.0000 | Val Acc: 1.0000 | Val P/R/F1 (Macro): 0.6429/0.6429/0.6429 | LR: 0.000005
Epoch [33/100] | Loss: 2.2571 (Cls: 1.9733, TAL: -0.2910, Adv: 2.4745) | Train Acc: 1.0000 | Val Acc: 0.9722 | Val P/R/F1 (Macro): 0.6286/0.6286/0.6270 | LR: 0.000005
Epoch [34/100] | Loss: 2.2989 (Cls: 1.9533, TAL: -0.2033, Adv: 2.7108) | Train Acc: 0.9844 | Val Acc: 1.0000 | Val P/R/F1 (Macro): 0.6429/0.6429/0.6429 | LR: 0.000005
Epoch [35/100] | Loss: 2.4939 (Cls: 2.1228, TAL: -0.2545, Adv: 2.9830) | Train Acc: 0.9766 | Val Acc: 0.9722 | Val P/R/F1 (Macro): 0.6286/0.6286/0.6270 | LR: 0.000005
Epoch [36/100] | Loss: 2.3673 (Cls: 2.0252, TAL: -0.2548, Adv: 2.7906) | Train Acc: 0.9844 | Val Acc: 1.0000 | Val P/R/F1 (Macro): 0.6429/0.6429/0.6429 | LR: 0.000003
Epoch [37/100] | Loss: 2.2319 (Cls: 1.9593, TAL: -0.3284, Adv: 2.4741) | Train Acc: 0.9922 | Val Acc: 1.0000 | Val P/R/F1 (Macro): 0.6429/0.6429/0.6429 | LR: 0.000003
Epoch [38/100] | Loss: 2.1801 (Cls: 1.9275, TAL: -0.2210, Adv: 2.1256) | Train Acc: 0.9922 | Val Acc: 1.0000 | Val P/R/F1 (Macro): 0.6429/0.6429/0.6429 | LR: 0.000003
Epoch [39/100] | Loss: 2.3244 (Cls: 2.0524, TAL: -0.2807, Adv: 2.3745) | Train Acc: 0.9844 | Val Acc: 1.0000 | Val P/R/F1 (Macro): 0.6429/0.6429/0.6429 | LR: 0.000003
Epoch [40/100] | Loss: 2.2523 (Cls: 1.8901, TAL: -0.1310, Adv: 2.6768) | Train Acc: 1.0000 | Val Acc: 1.0000 | Val P/R/F1 (Macro): 0.6429/0.6429/0.6429 | LR: 0.000003
Epoch [41/100] | Loss: 2.3200 (Cls: 1.9221, TAL: -0.1853, Adv: 3.0234) | Train Acc: 0.9766 | Val Acc: 1.0000 | Val P/R/F1 (Macro): 0.6429/0.6429/0.6429 | LR: 0.000003
Epoch [42/100] | Loss: 2.3422 (Cls: 1.9108, TAL: -0.2079, Adv: 3.2922) | Train Acc: 0.9922 | Val Acc: 0.9722 | Val P/R/F1 (Macro): 0.6310/0.6250/0.6262 | LR: 0.000003
Epoch [43/100] | Loss: 2.4201 (Cls: 2.0066, TAL: -0.2199, Adv: 3.1969) | Train Acc: 0.9688 | Val Acc: 0.9722 | Val P/R/F1 (Macro): 0.6310/0.6250/0.6262 | LR: 0.000003
Epoch [44/100] | Loss: 2.3336 (Cls: 1.9307, TAL: -0.1793, Adv: 3.0445) | Train Acc: 0.9844 | Val Acc: 1.0000 | Val P/R/F1 (Macro): 0.6429/0.6429/0.6429 | LR: 0.000003
Epoch [45/100] | Loss: 2.3318 (Cls: 1.9383, TAL: -0.2196, Adv: 3.0623) | Train Acc: 1.0000 | Val Acc: 1.0000 | Val P/R/F1 (Macro): 0.6429/0.6429/0.6429 | LR: 0.000003
Epoch [46/100] | Loss: 2.3103 (Cls: 1.8975, TAL: -0.1585, Adv: 3.0690) | Train Acc: 0.9766 | Val Acc: 1.0000 | Val P/R/F1 (Macro): 0.6429/0.6429/0.6429 | LR: 0.000003
Epoch [47/100] | Loss: 2.2877 (Cls: 1.8963, TAL: -0.1715, Adv: 2.9521) | Train Acc: 1.0000 | Val Acc: 1.0000 | Val P/R/F1 (Macro): 0.6429/0.6429/0.6429 | LR: 0.000001
Epoch [48/100] | Loss: 2.2329 (Cls: 1.8922, TAL: -0.2085, Adv: 2.6881) | Train Acc: 0.9922 | Val Acc: 1.0000 | Val P/R/F1 (Macro): 0.6429/0.6429/0.6429 | LR: 0.000001
Epoch [49/100] | Loss: 2.1899 (Cls: 1.8533, TAL: -0.2301, Adv: 2.7044) | Train Acc: 1.0000 | Val Acc: 1.0000 | Val P/R/F1 (Macro): 0.6429/0.6429/0.6429 | LR: 0.000001
Epoch [50/100] | Loss: 2.3138 (Cls: 1.9104, TAL: -0.2161, Adv: 3.1215) | Train Acc: 1.0000 | Val Acc: 1.0000 | Val P/R/F1 (Macro): 0.6429/0.6429/0.6429 | LR: 0.000001
Epoch [51/100] | Loss: 2.3151 (Cls: 1.8769, TAL: -0.2038, Adv: 3.3291) | Train Acc: 1.0000 | Val Acc: 0.9722 | Val P/R/F1 (Macro): 0.6250/0.6286/0.6247 | LR: 0.000001
Epoch [52/100] | Loss: 2.3974 (Cls: 1.9735, TAL: -0.2331, Adv: 3.2922) | Train Acc: 1.0000 | Val Acc: 0.9722 | Val P/R/F1 (Macro): 0.6250/0.6286/0.6247 | LR: 0.000001
Epoch [53/100] | Loss: 2.2736 (Cls: 1.8574, TAL: -0.1713, Adv: 3.1175) | Train Acc: 0.9922 | Val Acc: 0.9722 | Val P/R/F1 (Macro): 0.6250/0.6286/0.6247 | LR: 0.000001
Epoch [54/100] | Loss: 2.3925 (Cls: 1.9656, TAL: -0.1568, Adv: 3.1595) | Train Acc: 1.0000 | Val Acc: 0.9722 | Val P/R/F1 (Macro): 0.6250/0.6286/0.6247 | LR: 0.000001
Epoch [55/100] | Loss: 2.3279 (Cls: 1.8951, TAL: -0.1770, Adv: 3.2395) | Train Acc: 1.0000 | Val Acc: 0.9722 | Val P/R/F1 (Macro): 0.6250/0.6286/0.6247 | LR: 0.000001
Epoch [56/100] | Loss: 2.2733 (Cls: 1.8235, TAL: -0.2219, Adv: 3.4423) | Train Acc: 1.0000 | Val Acc: 0.9722 | Val P/R/F1 (Macro): 0.6250/0.6286/0.6247 | LR: 0.000001
Epoch [57/100] | Loss: 2.3721 (Cls: 1.9246, TAL: -0.2008, Adv: 3.3843) | Train Acc: 0.9922 | Val Acc: 0.9722 | Val P/R/F1 (Macro): 0.6250/0.6286/0.6247 | LR: 0.000001
Epoch [58/100] | Loss: 2.2627 (Cls: 1.9148, TAL: -0.2616, Adv: 2.8422) | Train Acc: 1.0000 | Val Acc: 1.0000 | Val P/R/F1 (Macro): 0.6429/0.6429/0.6429 | LR: 0.000001
Epoch [59/100] | Loss: 2.2525 (Cls: 1.8611, TAL: -0.2497, Adv: 3.1091) | Train Acc: 1.0000 | Val Acc: 1.0000 | Val P/R/F1 (Macro): 0.6429/0.6429/0.6429 | LR: 0.000001
Epoch [60/100] | Loss: 2.3412 (Cls: 1.9303, TAL: -0.2715, Adv: 3.2821) | Train Acc: 0.9922 | Val Acc: 1.0000 | Val P/R/F1 (Macro): 0.6429/0.6429/0.6429 | LR: 0.000001
Epoch [61/100] | Loss: 2.3617 (Cls: 1.9376, TAL: -0.2208, Adv: 3.2691) | Train Acc: 1.0000 | Val Acc: 1.0000 | Val P/R/F1 (Macro): 0.6429/0.6429/0.6429 | LR: 0.000001
Epoch [62/100] | Loss: 2.2690 (Cls: 1.8707, TAL: -0.2246, Adv: 3.1046) | Train Acc: 1.0000 | Val Acc: 1.0000 | Val P/R/F1 (Macro): 0.6429/0.6429/0.6429 | LR: 0.000001
Epoch [63/100] | Loss: 2.2575 (Cls: 1.8364, TAL: -0.2329, Adv: 3.2726) | Train Acc: 1.0000 | Val Acc: 0.9722 | Val P/R/F1 (Macro): 0.6250/0.6286/0.6247 | LR: 0.000001
Epoch [64/100] | Loss: 2.3167 (Cls: 1.8712, TAL: -0.2429, Adv: 3.4553) | Train Acc: 1.0000 | Val Acc: 1.0000 | Val P/R/F1 (Macro): 0.6429/0.6429/0.6429 | LR: 0.000001
Epoch [65/100] | Loss: 2.3187 (Cls: 1.8915, TAL: -0.2872, Adv: 3.4221) | Train Acc: 1.0000 | Val Acc: 1.0000 | Val P/R/F1 (Macro): 0.6429/0.6429/0.6429 | LR: 0.000001
Epoch [66/100] | Loss: 2.2795 (Cls: 1.8588, TAL: -0.2883, Adv: 3.3806) | Train Acc: 0.9844 | Val Acc: 1.0000 | Val P/R/F1 (Macro): 0.6429/0.6429/0.6429 | LR: 0.000001
Epoch [67/100] | Loss: 2.2719 (Cls: 1.8311, TAL: -0.2378, Adv: 3.4142) | Train Acc: 1.0000 | Val Acc: 1.0000 | Val P/R/F1 (Macro): 0.6429/0.6429/0.6429 | LR: 0.000001
Epoch [68/100] | Loss: 2.4020 (Cls: 1.9328, TAL: -0.3236, Adv: 3.7755) | Train Acc: 1.0000 | Val Acc: 1.0000 | Val P/R/F1 (Macro): 0.6429/0.6429/0.6429 | LR: 0.000001
Epoch [69/100] | Loss: 2.4371 (Cls: 1.9695, TAL: -0.3326, Adv: 3.7830) | Train Acc: 0.9922 | Val Acc: 1.0000 | Val P/R/F1 (Macro): 0.6429/0.6429/0.6429 | LR: 0.000001
Epoch [70/100] | Loss: 2.2797 (Cls: 1.8322, TAL: -0.2655, Adv: 3.5144) | Train Acc: 1.0000 | Val Acc: 1.0000 | Val P/R/F1 (Macro): 0.6429/0.6429/0.6429 | LR: 0.000001
Epoch [71/100] | Loss: 2.3213 (Cls: 1.8731, TAL: -0.2742, Adv: 3.5363) | Train Acc: 1.0000 | Val Acc: 1.0000 | Val P/R/F1 (Macro): 0.6429/0.6429/0.6429 | LR: 0.000001
Epoch [72/100] | Loss: 2.3546 (Cls: 1.9009, TAL: -0.2809, Adv: 3.5864) | Train Acc: 1.0000 | Val Acc: 1.0000 | Val P/R/F1 (Macro): 0.6429/0.6429/0.6429 | LR: 0.000001
Epoch [73/100] | Loss: 2.3607 (Cls: 1.8764, TAL: -0.2728, Adv: 3.7738) | Train Acc: 1.0000 | Val Acc: 1.0000 | Val P/R/F1 (Macro): 0.6429/0.6429/0.6429 | LR: 0.000001
Epoch [74/100] | Loss: 2.2885 (Cls: 1.8400, TAL: -0.3304, Adv: 3.6505) | Train Acc: 1.0000 | Val Acc: 1.0000 | Val P/R/F1 (Macro): 0.6429/0.6429/0.6429 | LR: 0.000001
Epoch [75/100] | Loss: 2.2727 (Cls: 1.8234, TAL: -0.3428, Adv: 3.6803) | Train Acc: 1.0000 | Val Acc: 1.0000 | Val P/R/F1 (Macro): 0.6429/0.6429/0.6429 | LR: 0.000001
Epoch [76/100] | Loss: 2.2996 (Cls: 1.8441, TAL: -0.3031, Adv: 3.6432) | Train Acc: 0.9922 | Val Acc: 1.0000 | Val P/R/F1 (Macro): 0.6429/0.6429/0.6429 | LR: 0.000001
Epoch [77/100] | Loss: 2.3600 (Cls: 1.8395, TAL: -0.3097, Adv: 4.0900) | Train Acc: 0.9844 | Val Acc: 1.0000 | Val P/R/F1 (Macro): 0.6429/0.6429/0.6429 | LR: 0.000001
Epoch [78/100] | Loss: 2.4048 (Cls: 1.8963, TAL: -0.3186, Adv: 4.0269) | Train Acc: 0.9922 | Val Acc: 1.0000 | Val P/R/F1 (Macro): 0.6429/0.6429/0.6429 | LR: 0.000001
Epoch [79/100] | Loss: 2.2943 (Cls: 1.8220, TAL: -0.2538, Adv: 3.6562) | Train Acc: 1.0000 | Val Acc: 1.0000 | Val P/R/F1 (Macro): 0.6429/0.6429/0.6429 | LR: 0.000001
Epoch [80/100] | Loss: 2.3037 (Cls: 1.8417, TAL: -0.3089, Adv: 3.6977) | Train Acc: 0.9922 | Val Acc: 1.0000 | Val P/R/F1 (Macro): 0.6429/0.6429/0.6429 | LR: 0.000001
Epoch [81/100] | Loss: 2.2727 (Cls: 1.8245, TAL: -0.3095, Adv: 3.6065) | Train Acc: 1.0000 | Val Acc: 1.0000 | Val P/R/F1 (Macro): 0.6429/0.6429/0.6429 | LR: 0.000001
Epoch [82/100] | Loss: 2.2948 (Cls: 1.8574, TAL: -0.3479, Adv: 3.6118) | Train Acc: 1.0000 | Val Acc: 1.0000 | Val P/R/F1 (Macro): 0.6429/0.6429/0.6429 | LR: 0.000001
Epoch [83/100] | Loss: 2.3572 (Cls: 1.8746, TAL: -0.2838, Adv: 3.7849) | Train Acc: 1.0000 | Val Acc: 1.0000 | Val P/R/F1 (Macro): 0.6429/0.6429/0.6429 | LR: 0.000001
Epoch [84/100] | Loss: 2.2614 (Cls: 1.8384, TAL: -0.3114, Adv: 3.4428) | Train Acc: 1.0000 | Val Acc: 1.0000 | Val P/R/F1 (Macro): 0.6429/0.6429/0.6429 | LR: 0.000001
Epoch [85/100] | Loss: 2.3445 (Cls: 1.8885, TAL: -0.2175, Adv: 3.4748) | Train Acc: 1.0000 | Val Acc: 1.0000 | Val P/R/F1 (Macro): 0.6429/0.6429/0.6429 | LR: 0.000001
Epoch [86/100] | Loss: 2.3127 (Cls: 1.8905, TAL: -0.3180, Adv: 3.4508) | Train Acc: 0.9766 | Val Acc: 1.0000 | Val P/R/F1 (Macro): 0.6429/0.6429/0.6429 | LR: 0.000001
Epoch [87/100] | Loss: 2.3400 (Cls: 1.8312, TAL: -0.2658, Adv: 3.9239) | Train Acc: 1.0000 | Val Acc: 1.0000 | Val P/R/F1 (Macro): 0.6429/0.6429/0.6429 | LR: 0.000001
Epoch [88/100] | Loss: 2.3891 (Cls: 1.8806, TAL: -0.2370, Adv: 3.8640) | Train Acc: 1.0000 | Val Acc: 1.0000 | Val P/R/F1 (Macro): 0.6429/0.6429/0.6429 | LR: 0.000001
Epoch [89/100] | Loss: 2.3544 (Cls: 1.8531, TAL: -0.2594, Adv: 3.8607) | Train Acc: 1.0000 | Val Acc: 1.0000 | Val P/R/F1 (Macro): 0.6429/0.6429/0.6429 | LR: 0.000001
Epoch [90/100] | Loss: 2.3475 (Cls: 1.8767, TAL: -0.2957, Adv: 3.7295) | Train Acc: 1.0000 | Val Acc: 1.0000 | Val P/R/F1 (Macro): 0.6429/0.6429/0.6429 | LR: 0.000001
Epoch [91/100] | Loss: 2.3520 (Cls: 1.8857, TAL: -0.3323, Adv: 3.7731) | Train Acc: 0.9922 | Val Acc: 1.0000 | Val P/R/F1 (Macro): 0.6429/0.6429/0.6429 | LR: 0.000001
Epoch [92/100] | Loss: 2.2650 (Cls: 1.8163, TAL: -0.2723, Adv: 3.5356) | Train Acc: 1.0000 | Val Acc: 1.0000 | Val P/R/F1 (Macro): 0.6429/0.6429/0.6429 | LR: 0.000001
Epoch [93/100] | Loss: 2.3414 (Cls: 1.8615, TAL: -0.2843, Adv: 3.7674) | Train Acc: 1.0000 | Val Acc: 1.0000 | Val P/R/F1 (Macro): 0.6429/0.6429/0.6429 | LR: 0.000001
Epoch [94/100] | Loss: 2.3979 (Cls: 1.8617, TAL: -0.3115, Adv: 4.1980) | Train Acc: 0.9922 | Val Acc: 1.0000 | Val P/R/F1 (Macro): 0.6429/0.6429/0.6429 | LR: 0.000001
Epoch [95/100] | Loss: 2.3919 (Cls: 1.8449, TAL: -0.3149, Adv: 4.2761) | Train Acc: 1.0000 | Val Acc: 1.0000 | Val P/R/F1 (Macro): 0.6429/0.6429/0.6429 | LR: 0.000001
Epoch [96/100] | Loss: 2.3858 (Cls: 1.8287, TAL: -0.2525, Adv: 4.2189) | Train Acc: 1.0000 | Val Acc: 1.0000 | Val P/R/F1 (Macro): 0.6429/0.6429/0.6429 | LR: 0.000001
Epoch [97/100] | Loss: 2.4120 (Cls: 1.8691, TAL: -0.2413, Adv: 4.1021) | Train Acc: 0.9922 | Val Acc: 1.0000 | Val P/R/F1 (Macro): 0.6429/0.6429/0.6429 | LR: 0.000001
Epoch [98/100] | Loss: 2.3394 (Cls: 1.8373, TAL: -0.3063, Adv: 3.9598) | Train Acc: 0.9844 | Val Acc: 1.0000 | Val P/R/F1 (Macro): 0.6429/0.6429/0.6429 | LR: 0.000001
Epoch [99/100] | Loss: 2.4302 (Cls: 1.8921, TAL: -0.3464, Adv: 4.2801) | Train Acc: 1.0000 | Val Acc: 0.9722 | Val P/R/F1 (Macro): 0.6250/0.6286/0.6247 | LR: 0.000001
Epoch [100/100] | Loss: 2.4502 (Cls: 1.8875, TAL: -0.3139, Adv: 4.3794) | Train Acc: 0.9922 | Val Acc: 1.0000 | Val P/R/F1 (Macro): 0.6429/0.6429/0.6429 | LR: 0.000001

迭代 1 最佳指标:
  Accuracy: 1.0000
  Precision (Macro): 0.6429
  Recall (Macro): 0.6429
  F1 (Macro): 0.6429
  Precision (Micro): 1.0000
  Recall (Micro): 1.0000
  F1 (Micro): 1.0000

================================================================================
迭代 2/5
随机种子: 43
================================================================================
Feature fusion: Tensor alignment (512+512 -> 128+128); fused_dim=256
Domain adaptation: Neural OT generator with 3-domain discriminator
Loss weights: tensor=0.30, adv=0.15
Epoch [1/100] | Loss: 7.9481 (Cls: 7.8548, TAL: 0.1318, Adv: 0.3579) | Train Acc: 0.1797 | Val Acc: 0.2222 | Val P/R/F1 (Macro): 0.0707/0.1036/0.0673 | LR: 0.000010
  >>> New Best Val Acc: 0.2222
Epoch [2/100] | Loss: 6.1847 (Cls: 6.0514, TAL: 0.1691, Adv: 0.5504) | Train Acc: 0.3203 | Val Acc: 0.3889 | Val P/R/F1 (Macro): 0.2470/0.2917/0.2471 | LR: 0.000010
  >>> New Best Val Acc: 0.3889
Epoch [3/100] | Loss: 5.3269 (Cls: 5.1740, TAL: 0.1069, Adv: 0.8052) | Train Acc: 0.4922 | Val Acc: 0.3611 | Val P/R/F1 (Macro): 0.2200/0.2560/0.2134 | LR: 0.000010
Epoch [4/100] | Loss: 4.6954 (Cls: 4.5524, TAL: 0.0220, Adv: 0.9093) | Train Acc: 0.5625 | Val Acc: 0.7500 | Val P/R/F1 (Macro): 0.5208/0.5250/0.4920 | LR: 0.000010
  >>> New Best Val Acc: 0.7500
Epoch [5/100] | Loss: 4.3049 (Cls: 4.1583, TAL: 0.0305, Adv: 0.9164) | Train Acc: 0.6484 | Val Acc: 0.6667 | Val P/R/F1 (Macro): 0.5089/0.4732/0.4364 | LR: 0.000010
Epoch [6/100] | Loss: 4.1744 (Cls: 4.0171, TAL: -0.0130, Adv: 1.0746) | Train Acc: 0.7031 | Val Acc: 0.7222 | Val P/R/F1 (Macro): 0.5434/0.4940/0.4658 | LR: 0.000010
Epoch [7/100] | Loss: 3.7452 (Cls: 3.6041, TAL: -0.0834, Adv: 1.1078) | Train Acc: 0.8281 | Val Acc: 0.7778 | Val P/R/F1 (Macro): 0.5202/0.5363/0.5055 | LR: 0.000010
  >>> New Best Val Acc: 0.7778
Epoch [8/100] | Loss: 3.6260 (Cls: 3.4688, TAL: -0.0834, Adv: 1.2147) | Train Acc: 0.8672 | Val Acc: 0.7500 | Val P/R/F1 (Macro): 0.5391/0.5345/0.5094 | LR: 0.000010
Epoch [9/100] | Loss: 3.5549 (Cls: 3.3144, TAL: 0.0103, Adv: 1.5823) | Train Acc: 0.7969 | Val Acc: 0.8889 | Val P/R/F1 (Macro): 0.5731/0.5964/0.5712 | LR: 0.000010
  >>> New Best Val Acc: 0.8889
Epoch [10/100] | Loss: 3.1645 (Cls: 2.8940, TAL: 0.0048, Adv: 1.7942) | Train Acc: 0.8281 | Val Acc: 0.8333 | Val P/R/F1 (Macro): 0.5505/0.5607/0.5268 | LR: 0.000010
Epoch [11/100] | Loss: 3.0617 (Cls: 2.8274, TAL: -0.1505, Adv: 1.8626) | Train Acc: 0.9062 | Val Acc: 0.9722 | Val P/R/F1 (Macro): 0.6327/0.6339/0.6326 | LR: 0.000010
  >>> New Best Val Acc: 0.9722
Epoch [12/100] | Loss: 3.1890 (Cls: 2.9056, TAL: -0.0223, Adv: 1.9338) | Train Acc: 0.8672 | Val Acc: 0.9444 | Val P/R/F1 (Macro): 0.5969/0.6250/0.6033 | LR: 0.000010
Epoch [13/100] | Loss: 3.0401 (Cls: 2.7261, TAL: -0.0252, Adv: 2.1438) | Train Acc: 0.9453 | Val Acc: 0.9167 | Val P/R/F1 (Macro): 0.5612/0.6071/0.5693 | LR: 0.000010
Epoch [14/100] | Loss: 2.9525 (Cls: 2.5841, TAL: 0.0318, Adv: 2.3922) | Train Acc: 0.9531 | Val Acc: 0.9444 | Val P/R/F1 (Macro): 0.5929/0.6107/0.5930 | LR: 0.000010
Epoch [15/100] | Loss: 3.1076 (Cls: 2.7416, TAL: 0.0051, Adv: 2.4293) | Train Acc: 0.9141 | Val Acc: 0.8889 | Val P/R/F1 (Macro): 0.6012/0.5875/0.5855 | LR: 0.000010
Epoch [16/100] | Loss: 2.8853 (Cls: 2.4995, TAL: 0.0840, Adv: 2.4040) | Train Acc: 0.9531 | Val Acc: 0.9444 | Val P/R/F1 (Macro): 0.6184/0.6250/0.6192 | LR: 0.000010
Epoch [17/100] | Loss: 2.8219 (Cls: 2.4343, TAL: 0.1721, Adv: 2.2399) | Train Acc: 0.9297 | Val Acc: 0.8611 | Val P/R/F1 (Macro): 0.5648/0.5750/0.5446 | LR: 0.000010
Epoch [18/100] | Loss: 2.7350 (Cls: 2.3684, TAL: 0.0347, Adv: 2.3747) | Train Acc: 0.9609 | Val Acc: 0.9722 | Val P/R/F1 (Macro): 0.6327/0.6339/0.6326 | LR: 0.000010
Epoch [19/100] | Loss: 2.7714 (Cls: 2.3006, TAL: 0.1020, Adv: 2.9343) | Train Acc: 0.9375 | Val Acc: 0.9722 | Val P/R/F1 (Macro): 0.6327/0.6339/0.6326 | LR: 0.000010
Epoch [20/100] | Loss: 2.7179 (Cls: 2.3173, TAL: -0.0515, Adv: 2.7733) | Train Acc: 0.9766 | Val Acc: 0.9722 | Val P/R/F1 (Macro): 0.6327/0.6339/0.6326 | LR: 0.000010
Epoch [21/100] | Loss: 2.8666 (Cls: 2.4671, TAL: -0.0206, Adv: 2.7042) | Train Acc: 0.9766 | Val Acc: 0.9444 | Val P/R/F1 (Macro): 0.6190/0.6143/0.6107 | LR: 0.000010
Epoch [22/100] | Loss: 2.6635 (Cls: 2.2969, TAL: -0.0248, Adv: 2.4936) | Train Acc: 0.9766 | Val Acc: 1.0000 | Val P/R/F1 (Macro): 0.6429/0.6429/0.6429 | LR: 0.000010
  >>> New Best Val Acc: 1.0000
Epoch [23/100] | Loss: 2.5602 (Cls: 2.2051, TAL: -0.0139, Adv: 2.3952) | Train Acc: 0.9766 | Val Acc: 0.9722 | Val P/R/F1 (Macro): 0.6327/0.6339/0.6326 | LR: 0.000010
Epoch [24/100] | Loss: 2.8738 (Cls: 2.4570, TAL: 0.0484, Adv: 2.6823) | Train Acc: 0.9297 | Val Acc: 0.9167 | Val P/R/F1 (Macro): 0.5827/0.6018/0.5827 | LR: 0.000010
Epoch [25/100] | Loss: 2.7584 (Cls: 2.3408, TAL: 0.0748, Adv: 2.6345) | Train Acc: 0.9219 | Val Acc: 1.0000 | Val P/R/F1 (Macro): 0.6429/0.6429/0.6429 | LR: 0.000010
Epoch [26/100] | Loss: 2.5880 (Cls: 2.1777, TAL: 0.0155, Adv: 2.7041) | Train Acc: 0.9688 | Val Acc: 1.0000 | Val P/R/F1 (Macro): 0.6429/0.6429/0.6429 | LR: 0.000010
Epoch [27/100] | Loss: 2.4489 (Cls: 2.0829, TAL: -0.0374, Adv: 2.5146) | Train Acc: 0.9922 | Val Acc: 1.0000 | Val P/R/F1 (Macro): 0.6429/0.6429/0.6429 | LR: 0.000010
Epoch [28/100] | Loss: 2.4687 (Cls: 2.0992, TAL: -0.0860, Adv: 2.6350) | Train Acc: 0.9688 | Val Acc: 0.7222 | Val P/R/F1 (Macro): 0.4327/0.4179/0.3913 | LR: 0.000010
Epoch [29/100] | Loss: 2.5976 (Cls: 2.2065, TAL: -0.0491, Adv: 2.7055) | Train Acc: 0.9922 | Val Acc: 1.0000 | Val P/R/F1 (Macro): 0.6429/0.6429/0.6429 | LR: 0.000010
Epoch [30/100] | Loss: 2.5803 (Cls: 2.1840, TAL: 0.0187, Adv: 2.6051) | Train Acc: 0.9609 | Val Acc: 0.9444 | Val P/R/F1 (Macro): 0.6190/0.6143/0.6107 | LR: 0.000010
Epoch [31/100] | Loss: 2.6588 (Cls: 2.2653, TAL: -0.0156, Adv: 2.6547) | Train Acc: 0.9453 | Val Acc: 0.8889 | Val P/R/F1 (Macro): 0.5750/0.5839/0.5556 | LR: 0.000010
Epoch [32/100] | Loss: 2.4768 (Cls: 2.0794, TAL: 0.0511, Adv: 2.5472) | Train Acc: 0.9844 | Val Acc: 0.9722 | Val P/R/F1 (Macro): 0.6286/0.6286/0.6270 | LR: 0.000010
Epoch [33/100] | Loss: 2.7114 (Cls: 2.3902, TAL: -0.1027, Adv: 2.3468) | Train Acc: 0.9297 | Val Acc: 0.9722 | Val P/R/F1 (Macro): 0.6286/0.6286/0.6270 | LR: 0.000005
Epoch [34/100] | Loss: 2.4053 (Cls: 2.0626, TAL: 0.0280, Adv: 2.2286) | Train Acc: 0.9531 | Val Acc: 1.0000 | Val P/R/F1 (Macro): 0.6429/0.6429/0.6429 | LR: 0.000005
Epoch [35/100] | Loss: 2.3735 (Cls: 2.0283, TAL: -0.0522, Adv: 2.4058) | Train Acc: 0.9922 | Val Acc: 1.0000 | Val P/R/F1 (Macro): 0.6429/0.6429/0.6429 | LR: 0.000005
Epoch [36/100] | Loss: 2.3911 (Cls: 1.9549, TAL: -0.0420, Adv: 2.9918) | Train Acc: 0.9922 | Val Acc: 1.0000 | Val P/R/F1 (Macro): 0.6429/0.6429/0.6429 | LR: 0.000005
Epoch [37/100] | Loss: 2.4435 (Cls: 1.9248, TAL: 0.0136, Adv: 3.4309) | Train Acc: 1.0000 | Val Acc: 1.0000 | Val P/R/F1 (Macro): 0.6429/0.6429/0.6429 | LR: 0.000005
Epoch [38/100] | Loss: 2.4981 (Cls: 1.9567, TAL: 0.0179, Adv: 3.5738) | Train Acc: 0.9922 | Val Acc: 1.0000 | Val P/R/F1 (Macro): 0.6429/0.6429/0.6429 | LR: 0.000005
Epoch [39/100] | Loss: 2.3789 (Cls: 1.9225, TAL: -0.0195, Adv: 3.0815) | Train Acc: 1.0000 | Val Acc: 1.0000 | Val P/R/F1 (Macro): 0.6429/0.6429/0.6429 | LR: 0.000005
Epoch [40/100] | Loss: 2.3240 (Cls: 1.9323, TAL: 0.0769, Adv: 2.4576) | Train Acc: 1.0000 | Val Acc: 1.0000 | Val P/R/F1 (Macro): 0.6429/0.6429/0.6429 | LR: 0.000005
Epoch [41/100] | Loss: 2.2897 (Cls: 1.9171, TAL: 0.0786, Adv: 2.3265) | Train Acc: 1.0000 | Val Acc: 1.0000 | Val P/R/F1 (Macro): 0.6429/0.6429/0.6429 | LR: 0.000005
Epoch [42/100] | Loss: 2.3810 (Cls: 1.9610, TAL: 0.1241, Adv: 2.5518) | Train Acc: 0.9922 | Val Acc: 1.0000 | Val P/R/F1 (Macro): 0.6429/0.6429/0.6429 | LR: 0.000005
Epoch [43/100] | Loss: 2.4794 (Cls: 2.0101, TAL: 0.0999, Adv: 2.9293) | Train Acc: 0.9688 | Val Acc: 1.0000 | Val P/R/F1 (Macro): 0.6429/0.6429/0.6429 | LR: 0.000005
Epoch [44/100] | Loss: 2.4987 (Cls: 2.0171, TAL: 0.0512, Adv: 3.1083) | Train Acc: 1.0000 | Val Acc: 1.0000 | Val P/R/F1 (Macro): 0.6429/0.6429/0.6429 | LR: 0.000003
Epoch [45/100] | Loss: 2.4238 (Cls: 1.9284, TAL: 0.0742, Adv: 3.1545) | Train Acc: 0.9922 | Val Acc: 1.0000 | Val P/R/F1 (Macro): 0.6429/0.6429/0.6429 | LR: 0.000003
Epoch [46/100] | Loss: 2.4127 (Cls: 1.9647, TAL: -0.0390, Adv: 3.0645) | Train Acc: 0.9766 | Val Acc: 1.0000 | Val P/R/F1 (Macro): 0.6429/0.6429/0.6429 | LR: 0.000003
Epoch [47/100] | Loss: 2.3456 (Cls: 1.8663, TAL: 0.0034, Adv: 3.1887) | Train Acc: 1.0000 | Val Acc: 1.0000 | Val P/R/F1 (Macro): 0.6429/0.6429/0.6429 | LR: 0.000003
Epoch [48/100] | Loss: 2.3232 (Cls: 1.8495, TAL: -0.0026, Adv: 3.1631) | Train Acc: 1.0000 | Val Acc: 1.0000 | Val P/R/F1 (Macro): 0.6429/0.6429/0.6429 | LR: 0.000003
Epoch [49/100] | Loss: 2.3122 (Cls: 1.8529, TAL: -0.0062, Adv: 3.0744) | Train Acc: 1.0000 | Val Acc: 1.0000 | Val P/R/F1 (Macro): 0.6429/0.6429/0.6429 | LR: 0.000003
Epoch [50/100] | Loss: 2.2980 (Cls: 1.8835, TAL: -0.1725, Adv: 3.1083) | Train Acc: 0.9922 | Val Acc: 1.0000 | Val P/R/F1 (Macro): 0.6429/0.6429/0.6429 | LR: 0.000003
Epoch [51/100] | Loss: 2.4077 (Cls: 1.9517, TAL: -0.1232, Adv: 3.2867) | Train Acc: 0.9922 | Val Acc: 1.0000 | Val P/R/F1 (Macro): 0.6429/0.6429/0.6429 | LR: 0.000003
Epoch [52/100] | Loss: 2.3570 (Cls: 1.8702, TAL: -0.0126, Adv: 3.2708) | Train Acc: 0.9922 | Val Acc: 1.0000 | Val P/R/F1 (Macro): 0.6429/0.6429/0.6429 | LR: 0.000003
Epoch [53/100] | Loss: 2.3321 (Cls: 1.8697, TAL: -0.0183, Adv: 3.1191) | Train Acc: 1.0000 | Val Acc: 1.0000 | Val P/R/F1 (Macro): 0.6429/0.6429/0.6429 | LR: 0.000003
Epoch [54/100] | Loss: 2.2450 (Cls: 1.8378, TAL: -0.0374, Adv: 2.7892) | Train Acc: 1.0000 | Val Acc: 1.0000 | Val P/R/F1 (Macro): 0.6429/0.6429/0.6429 | LR: 0.000003
Epoch [55/100] | Loss: 2.3886 (Cls: 1.9600, TAL: 0.0094, Adv: 2.8387) | Train Acc: 1.0000 | Val Acc: 1.0000 | Val P/R/F1 (Macro): 0.6429/0.6429/0.6429 | LR: 0.000001
Epoch [56/100] | Loss: 2.4510 (Cls: 1.9516, TAL: 0.0963, Adv: 3.1369) | Train Acc: 1.0000 | Val Acc: 1.0000 | Val P/R/F1 (Macro): 0.6429/0.6429/0.6429 | LR: 0.000001
Epoch [57/100] | Loss: 2.2843 (Cls: 1.8387, TAL: -0.0506, Adv: 3.0720) | Train Acc: 1.0000 | Val Acc: 1.0000 | Val P/R/F1 (Macro): 0.6429/0.6429/0.6429 | LR: 0.000001
Epoch [58/100] | Loss: 2.3801 (Cls: 1.8842, TAL: 0.0736, Adv: 3.1592) | Train Acc: 1.0000 | Val Acc: 1.0000 | Val P/R/F1 (Macro): 0.6429/0.6429/0.6429 | LR: 0.000001
Epoch [59/100] | Loss: 2.4086 (Cls: 1.8636, TAL: -0.0055, Adv: 3.6442) | Train Acc: 1.0000 | Val Acc: 1.0000 | Val P/R/F1 (Macro): 0.6429/0.6429/0.6429 | LR: 0.000001
Epoch [60/100] | Loss: 2.4151 (Cls: 1.9293, TAL: -0.0316, Adv: 3.3019) | Train Acc: 1.0000 | Val Acc: 1.0000 | Val P/R/F1 (Macro): 0.6429/0.6429/0.6429 | LR: 0.000001
Epoch [61/100] | Loss: 2.3338 (Cls: 1.8682, TAL: 0.0009, Adv: 3.1016) | Train Acc: 0.9922 | Val Acc: 1.0000 | Val P/R/F1 (Macro): 0.6429/0.6429/0.6429 | LR: 0.000001
Epoch [62/100] | Loss: 2.3361 (Cls: 1.8774, TAL: -0.0423, Adv: 3.1426) | Train Acc: 1.0000 | Val Acc: 1.0000 | Val P/R/F1 (Macro): 0.6429/0.6429/0.6429 | LR: 0.000001
Epoch [63/100] | Loss: 2.3346 (Cls: 1.8398, TAL: -0.1044, Adv: 3.5074) | Train Acc: 1.0000 | Val Acc: 1.0000 | Val P/R/F1 (Macro): 0.6429/0.6429/0.6429 | LR: 0.000001
Epoch [64/100] | Loss: 2.3055 (Cls: 1.8091, TAL: -0.1334, Adv: 3.5761) | Train Acc: 1.0000 | Val Acc: 1.0000 | Val P/R/F1 (Macro): 0.6429/0.6429/0.6429 | LR: 0.000001
Epoch [65/100] | Loss: 2.3013 (Cls: 1.8378, TAL: -0.0416, Adv: 3.1734) | Train Acc: 0.9922 | Val Acc: 1.0000 | Val P/R/F1 (Macro): 0.6429/0.6429/0.6429 | LR: 0.000001
Epoch [66/100] | Loss: 2.3988 (Cls: 1.8721, TAL: -0.0580, Adv: 3.6278) | Train Acc: 1.0000 | Val Acc: 1.0000 | Val P/R/F1 (Macro): 0.6429/0.6429/0.6429 | LR: 0.000001
Epoch [67/100] | Loss: 2.4422 (Cls: 1.9191, TAL: -0.1630, Adv: 3.8133) | Train Acc: 1.0000 | Val Acc: 1.0000 | Val P/R/F1 (Macro): 0.6429/0.6429/0.6429 | LR: 0.000001
Epoch [68/100] | Loss: 2.4101 (Cls: 1.8511, TAL: -0.1318, Adv: 3.9905) | Train Acc: 1.0000 | Val Acc: 1.0000 | Val P/R/F1 (Macro): 0.6429/0.6429/0.6429 | LR: 0.000001
Epoch [69/100] | Loss: 2.4500 (Cls: 1.8767, TAL: -0.0854, Adv: 3.9931) | Train Acc: 1.0000 | Val Acc: 1.0000 | Val P/R/F1 (Macro): 0.6429/0.6429/0.6429 | LR: 0.000001
Epoch [70/100] | Loss: 2.3671 (Cls: 1.8249, TAL: -0.1739, Adv: 3.9623) | Train Acc: 0.9922 | Val Acc: 1.0000 | Val P/R/F1 (Macro): 0.6429/0.6429/0.6429 | LR: 0.000001
Epoch [71/100] | Loss: 2.3565 (Cls: 1.8272, TAL: -0.1587, Adv: 3.8460) | Train Acc: 1.0000 | Val Acc: 1.0000 | Val P/R/F1 (Macro): 0.6429/0.6429/0.6429 | LR: 0.000001
Epoch [72/100] | Loss: 2.4012 (Cls: 1.8779, TAL: -0.1867, Adv: 3.8623) | Train Acc: 1.0000 | Val Acc: 1.0000 | Val P/R/F1 (Macro): 0.6429/0.6429/0.6429 | LR: 0.000001
Epoch [73/100] | Loss: 2.4151 (Cls: 1.8921, TAL: -0.1395, Adv: 3.7653) | Train Acc: 0.9922 | Val Acc: 1.0000 | Val P/R/F1 (Macro): 0.6429/0.6429/0.6429 | LR: 0.000001
Epoch [74/100] | Loss: 2.4288 (Cls: 1.8803, TAL: -0.1568, Adv: 3.9700) | Train Acc: 1.0000 | Val Acc: 1.0000 | Val P/R/F1 (Macro): 0.6429/0.6429/0.6429 | LR: 0.000001
Epoch [75/100] | Loss: 2.3982 (Cls: 1.8755, TAL: -0.0770, Adv: 3.6390) | Train Acc: 0.9844 | Val Acc: 1.0000 | Val P/R/F1 (Macro): 0.6429/0.6429/0.6429 | LR: 0.000001
Epoch [76/100] | Loss: 2.4061 (Cls: 1.8641, TAL: -0.0838, Adv: 3.7805) | Train Acc: 1.0000 | Val Acc: 1.0000 | Val P/R/F1 (Macro): 0.6429/0.6429/0.6429 | LR: 0.000001
Epoch [77/100] | Loss: 2.4158 (Cls: 1.8976, TAL: -0.1326, Adv: 3.7198) | Train Acc: 1.0000 | Val Acc: 1.0000 | Val P/R/F1 (Macro): 0.6429/0.6429/0.6429 | LR: 0.000001
Epoch [78/100] | Loss: 2.4224 (Cls: 1.8728, TAL: -0.1359, Adv: 3.9358) | Train Acc: 0.9922 | Val Acc: 1.0000 | Val P/R/F1 (Macro): 0.6429/0.6429/0.6429 | LR: 0.000001
Epoch [79/100] | Loss: 2.3480 (Cls: 1.8412, TAL: -0.1441, Adv: 3.6666) | Train Acc: 1.0000 | Val Acc: 1.0000 | Val P/R/F1 (Macro): 0.6429/0.6429/0.6429 | LR: 0.000001
Epoch [80/100] | Loss: 2.4127 (Cls: 1.8411, TAL: -0.0840, Adv: 3.9786) | Train Acc: 0.9844 | Val Acc: 1.0000 | Val P/R/F1 (Macro): 0.6429/0.6429/0.6429 | LR: 0.000001
Epoch [81/100] | Loss: 2.4337 (Cls: 1.8391, TAL: -0.0583, Adv: 4.0804) | Train Acc: 0.9844 | Val Acc: 1.0000 | Val P/R/F1 (Macro): 0.6429/0.6429/0.6429 | LR: 0.000001
Epoch [82/100] | Loss: 2.3234 (Cls: 1.7994, TAL: -0.1469, Adv: 3.7875) | Train Acc: 1.0000 | Val Acc: 1.0000 | Val P/R/F1 (Macro): 0.6429/0.6429/0.6429 | LR: 0.000001
Epoch [83/100] | Loss: 2.4417 (Cls: 1.9189, TAL: -0.2114, Adv: 3.9082) | Train Acc: 0.9922 | Val Acc: 1.0000 | Val P/R/F1 (Macro): 0.6429/0.6429/0.6429 | LR: 0.000001
Epoch [84/100] | Loss: 2.3314 (Cls: 1.8168, TAL: -0.1731, Adv: 3.7768) | Train Acc: 1.0000 | Val Acc: 1.0000 | Val P/R/F1 (Macro): 0.6429/0.6429/0.6429 | LR: 0.000001
Epoch [85/100] | Loss: 2.4007 (Cls: 1.8816, TAL: -0.2675, Adv: 3.9960) | Train Acc: 0.9922 | Val Acc: 1.0000 | Val P/R/F1 (Macro): 0.6429/0.6429/0.6429 | LR: 0.000001
Epoch [86/100] | Loss: 2.4214 (Cls: 1.8644, TAL: -0.2542, Adv: 4.2221) | Train Acc: 0.9922 | Val Acc: 1.0000 | Val P/R/F1 (Macro): 0.6429/0.6429/0.6429 | LR: 0.000001
Epoch [87/100] | Loss: 2.3822 (Cls: 1.8379, TAL: -0.2825, Adv: 4.1939) | Train Acc: 1.0000 | Val Acc: 1.0000 | Val P/R/F1 (Macro): 0.6429/0.6429/0.6429 | LR: 0.000001
Epoch [88/100] | Loss: 2.4164 (Cls: 1.8668, TAL: -0.2661, Adv: 4.1964) | Train Acc: 1.0000 | Val Acc: 1.0000 | Val P/R/F1 (Macro): 0.6429/0.6429/0.6429 | LR: 0.000001
Epoch [89/100] | Loss: 2.3642 (Cls: 1.8429, TAL: -0.3468, Adv: 4.1691) | Train Acc: 1.0000 | Val Acc: 1.0000 | Val P/R/F1 (Macro): 0.6429/0.6429/0.6429 | LR: 0.000001
Epoch [90/100] | Loss: 2.3204 (Cls: 1.8186, TAL: -0.3191, Adv: 3.9840) | Train Acc: 1.0000 | Val Acc: 1.0000 | Val P/R/F1 (Macro): 0.6429/0.6429/0.6429 | LR: 0.000001
Epoch [91/100] | Loss: 2.3231 (Cls: 1.7936, TAL: -0.3295, Adv: 4.1888) | Train Acc: 1.0000 | Val Acc: 1.0000 | Val P/R/F1 (Macro): 0.6429/0.6429/0.6429 | LR: 0.000001
Epoch [92/100] | Loss: 2.3548 (Cls: 1.8162, TAL: -0.3027, Adv: 4.1961) | Train Acc: 1.0000 | Val Acc: 1.0000 | Val P/R/F1 (Macro): 0.6429/0.6429/0.6429 | LR: 0.000001
Epoch [93/100] | Loss: 2.3152 (Cls: 1.8217, TAL: -0.3466, Adv: 3.9835) | Train Acc: 1.0000 | Val Acc: 1.0000 | Val P/R/F1 (Macro): 0.6429/0.6429/0.6429 | LR: 0.000001
Epoch [94/100] | Loss: 2.4320 (Cls: 1.8763, TAL: -0.2895, Adv: 4.2840) | Train Acc: 1.0000 | Val Acc: 1.0000 | Val P/R/F1 (Macro): 0.6429/0.6429/0.6429 | LR: 0.000001
Epoch [95/100] | Loss: 2.3626 (Cls: 1.8486, TAL: -0.2686, Adv: 3.9642) | Train Acc: 1.0000 | Val Acc: 1.0000 | Val P/R/F1 (Macro): 0.6429/0.6429/0.6429 | LR: 0.000001
Epoch [96/100] | Loss: 2.3613 (Cls: 1.8589, TAL: -0.3059, Adv: 3.9609) | Train Acc: 1.0000 | Val Acc: 1.0000 | Val P/R/F1 (Macro): 0.6429/0.6429/0.6429 | LR: 0.000001
Epoch [97/100] | Loss: 2.2957 (Cls: 1.8254, TAL: -0.3328, Adv: 3.8008) | Train Acc: 1.0000 | Val Acc: 1.0000 | Val P/R/F1 (Macro): 0.6429/0.6429/0.6429 | LR: 0.000001
Epoch [98/100] | Loss: 2.3459 (Cls: 1.8032, TAL: -0.3118, Adv: 4.2411) | Train Acc: 1.0000 | Val Acc: 1.0000 | Val P/R/F1 (Macro): 0.6429/0.6429/0.6429 | LR: 0.000001
Epoch [99/100] | Loss: 2.3875 (Cls: 1.8581, TAL: -0.3131, Adv: 4.1551) | Train Acc: 0.9922 | Val Acc: 1.0000 | Val P/R/F1 (Macro): 0.6429/0.6429/0.6429 | LR: 0.000001
Epoch [100/100] | Loss: 2.5063 (Cls: 1.9561, TAL: -0.3589, Adv: 4.3857) | Train Acc: 1.0000 | Val Acc: 1.0000 | Val P/R/F1 (Macro): 0.6429/0.6429/0.6429 | LR: 0.000001

迭代 2 最佳指标:
  Accuracy: 1.0000
  Precision (Macro): 0.6429
  Recall (Macro): 0.6429
  F1 (Macro): 0.6429
  Precision (Micro): 1.0000
  Recall (Micro): 1.0000
  F1 (Micro): 1.0000

================================================================================
迭代 3/5
随机种子: 44
================================================================================
Feature fusion: Tensor alignment (512+512 -> 128+128); fused_dim=256
Domain adaptation: Neural OT generator with 3-domain discriminator
Loss weights: tensor=0.30, adv=0.15
Epoch [1/100] | Loss: 8.0356 (Cls: 7.9849, TAL: 0.0317, Adv: 0.2746) | Train Acc: 0.2109 | Val Acc: 0.3333 | Val P/R/F1 (Macro): 0.1941/0.2321/0.1934 | LR: 0.000010
  >>> New Best Val Acc: 0.3333
Epoch [2/100] | Loss: 6.4044 (Cls: 6.3515, TAL: -0.0051, Adv: 0.3632) | Train Acc: 0.2812 | Val Acc: 0.2500 | Val P/R/F1 (Macro): 0.2949/0.2226/0.1973 | LR: 0.000010
Epoch [3/100] | Loss: 5.6890 (Cls: 5.6378, TAL: -0.0911, Adv: 0.5239) | Train Acc: 0.5078 | Val Acc: 0.6667 | Val P/R/F1 (Macro): 0.3925/0.4137/0.3688 | LR: 0.000010
  >>> New Best Val Acc: 0.6667
Epoch [4/100] | Loss: 5.4764 (Cls: 5.3698, TAL: -0.0475, Adv: 0.8053) | Train Acc: 0.5000 | Val Acc: 0.6111 | Val P/R/F1 (Macro): 0.4206/0.3923/0.3662 | LR: 0.000010
Epoch [5/100] | Loss: 4.2314 (Cls: 4.1210, TAL: -0.1073, Adv: 0.9505) | Train Acc: 0.7344 | Val Acc: 0.6111 | Val P/R/F1 (Macro): 0.4255/0.4488/0.3972 | LR: 0.000010
Epoch [6/100] | Loss: 3.8273 (Cls: 3.6802, TAL: -0.0823, Adv: 1.1455) | Train Acc: 0.7656 | Val Acc: 0.8333 | Val P/R/F1 (Macro): 0.5476/0.5625/0.5209 | LR: 0.000010
  >>> New Best Val Acc: 0.8333
Epoch [7/100] | Loss: 3.9785 (Cls: 3.7672, TAL: 0.0273, Adv: 1.3536) | Train Acc: 0.7969 | Val Acc: 0.8056 | Val P/R/F1 (Macro): 0.5291/0.5452/0.5124 | LR: 0.000010
Epoch [8/100] | Loss: 3.4970 (Cls: 3.2910, TAL: 0.0375, Adv: 1.2984) | Train Acc: 0.7891 | Val Acc: 0.9167 | Val P/R/F1 (Macro): 0.6167/0.6012/0.6039 | LR: 0.000010
  >>> New Best Val Acc: 0.9167
Epoch [9/100] | Loss: 3.4853 (Cls: 3.2596, TAL: 0.0831, Adv: 1.3390) | Train Acc: 0.8594 | Val Acc: 0.8333 | Val P/R/F1 (Macro): 0.5254/0.5274/0.5215 | LR: 0.000010
Epoch [10/100] | Loss: 3.1620 (Cls: 2.9631, TAL: -0.0557, Adv: 1.4370) | Train Acc: 0.9141 | Val Acc: 0.9167 | Val P/R/F1 (Macro): 0.6054/0.6101/0.6065 | LR: 0.000010
Epoch [11/100] | Loss: 3.2307 (Cls: 2.9428, TAL: 0.0835, Adv: 1.7527) | Train Acc: 0.8672 | Val Acc: 0.9167 | Val P/R/F1 (Macro): 0.5849/0.6012/0.5824 | LR: 0.000010
Epoch [12/100] | Loss: 3.2243 (Cls: 2.9374, TAL: 0.0042, Adv: 1.9039) | Train Acc: 0.9375 | Val Acc: 0.8889 | Val P/R/F1 (Macro): 0.5969/0.5804/0.5748 | LR: 0.000010
Epoch [13/100] | Loss: 3.0994 (Cls: 2.7650, TAL: 0.1609, Adv: 1.9076) | Train Acc: 0.9219 | Val Acc: 0.9444 | Val P/R/F1 (Macro): 0.6184/0.6101/0.6104 | LR: 0.000010
  >>> New Best Val Acc: 0.9444
Epoch [14/100] | Loss: 2.7980 (Cls: 2.5265, TAL: -0.0690, Adv: 1.9484) | Train Acc: 0.9531 | Val Acc: 0.9722 | Val P/R/F1 (Macro): 0.6327/0.6339/0.6326 | LR: 0.000010
  >>> New Best Val Acc: 0.9722
Epoch [15/100] | Loss: 2.7909 (Cls: 2.4923, TAL: -0.0440, Adv: 2.0790) | Train Acc: 0.9844 | Val Acc: 0.9444 | Val P/R/F1 (Macro): 0.6230/0.6131/0.6155 | LR: 0.000010
Epoch [16/100] | Loss: 2.9456 (Cls: 2.6242, TAL: 0.0155, Adv: 2.1113) | Train Acc: 0.9531 | Val Acc: 0.9167 | Val P/R/F1 (Macro): 0.6088/0.6054/0.6005 | LR: 0.000010
Epoch [17/100] | Loss: 2.5904 (Cls: 2.2935, TAL: 0.0314, Adv: 1.9165) | Train Acc: 0.9766 | Val Acc: 0.9722 | Val P/R/F1 (Macro): 0.6349/0.6310/0.6322 | LR: 0.000010
Epoch [18/100] | Loss: 2.6824 (Cls: 2.3450, TAL: 0.0705, Adv: 2.1083) | Train Acc: 0.9688 | Val Acc: 0.9167 | Val P/R/F1 (Macro): 0.6028/0.6048/0.5983 | LR: 0.000010
Epoch [19/100] | Loss: 2.8003 (Cls: 2.4441, TAL: 0.0243, Adv: 2.3262) | Train Acc: 0.9375 | Val Acc: 0.9167 | Val P/R/F1 (Macro): 0.6041/0.6018/0.5966 | LR: 0.000010
Epoch [20/100] | Loss: 2.9092 (Cls: 2.5166, TAL: 0.0006, Adv: 2.6158) | Train Acc: 0.9531 | Val Acc: 0.9444 | Val P/R/F1 (Macro): 0.6220/0.6220/0.6220 | LR: 0.000010
Epoch [21/100] | Loss: 3.0399 (Cls: 2.6249, TAL: 0.0026, Adv: 2.7609) | Train Acc: 0.9531 | Val Acc: 0.9722 | Val P/R/F1 (Macro): 0.6327/0.6339/0.6326 | LR: 0.000010
Epoch [22/100] | Loss: 2.6566 (Cls: 2.2906, TAL: -0.0742, Adv: 2.5885) | Train Acc: 0.9688 | Val Acc: 0.9722 | Val P/R/F1 (Macro): 0.6327/0.6339/0.6326 | LR: 0.000010
Epoch [23/100] | Loss: 2.7721 (Cls: 2.4244, TAL: -0.1013, Adv: 2.5208) | Train Acc: 0.9141 | Val Acc: 1.0000 | Val P/R/F1 (Macro): 0.6429/0.6429/0.6429 | LR: 0.000010
  >>> New Best Val Acc: 1.0000
Epoch [24/100] | Loss: 2.7830 (Cls: 2.4919, TAL: -0.1075, Adv: 2.1555) | Train Acc: 0.9688 | Val Acc: 0.9722 | Val P/R/F1 (Macro): 0.6327/0.6339/0.6326 | LR: 0.000010
Epoch [25/100] | Loss: 2.6580 (Cls: 2.3935, TAL: -0.0961, Adv: 1.9556) | Train Acc: 0.9609 | Val Acc: 0.9167 | Val P/R/F1 (Macro): 0.6088/0.5863/0.5826 | LR: 0.000010
Epoch [26/100] | Loss: 2.6543 (Cls: 2.3398, TAL: -0.0458, Adv: 2.1881) | Train Acc: 0.9922 | Val Acc: 0.9722 | Val P/R/F1 (Macro): 0.6327/0.6339/0.6326 | LR: 0.000010
Epoch [27/100] | Loss: 2.5405 (Cls: 2.1982, TAL: -0.0174, Adv: 2.3167) | Train Acc: 0.9844 | Val Acc: 1.0000 | Val P/R/F1 (Macro): 0.6429/0.6429/0.6429 | LR: 0.000010
Epoch [28/100] | Loss: 2.5485 (Cls: 2.2034, TAL: -0.1897, Adv: 2.6800) | Train Acc: 0.9688 | Val Acc: 0.9722 | Val P/R/F1 (Macro): 0.6327/0.6339/0.6326 | LR: 0.000010
Epoch [29/100] | Loss: 2.7358 (Cls: 2.3757, TAL: -0.1810, Adv: 2.7629) | Train Acc: 0.9922 | Val Acc: 0.9722 | Val P/R/F1 (Macro): 0.6327/0.6339/0.6326 | LR: 0.000010
Epoch [30/100] | Loss: 2.4697 (Cls: 2.1534, TAL: -0.1364, Adv: 2.3812) | Train Acc: 0.9688 | Val Acc: 0.9722 | Val P/R/F1 (Macro): 0.6327/0.6339/0.6326 | LR: 0.000010
Epoch [31/100] | Loss: 2.4100 (Cls: 2.1544, TAL: -0.0772, Adv: 1.8580) | Train Acc: 0.9766 | Val Acc: 0.9722 | Val P/R/F1 (Macro): 0.6327/0.6339/0.6326 | LR: 0.000010
Epoch [32/100] | Loss: 2.5412 (Cls: 2.3162, TAL: -0.0596, Adv: 1.6188) | Train Acc: 0.9922 | Val Acc: 0.9722 | Val P/R/F1 (Macro): 0.6327/0.6339/0.6326 | LR: 0.000010
Epoch [33/100] | Loss: 2.2841 (Cls: 2.0639, TAL: -0.1128, Adv: 1.6932) | Train Acc: 0.9922 | Val Acc: 1.0000 | Val P/R/F1 (Macro): 0.6429/0.6429/0.6429 | LR: 0.000010
Epoch [34/100] | Loss: 2.4167 (Cls: 2.1793, TAL: -0.1820, Adv: 1.9465) | Train Acc: 0.9922 | Val Acc: 1.0000 | Val P/R/F1 (Macro): 0.6429/0.6429/0.6429 | LR: 0.000005
Epoch [35/100] | Loss: 2.3661 (Cls: 2.1080, TAL: -0.1819, Adv: 2.0843) | Train Acc: 0.9766 | Val Acc: 0.9722 | Val P/R/F1 (Macro): 0.6327/0.6339/0.6326 | LR: 0.000005
Epoch [36/100] | Loss: 2.4014 (Cls: 2.0788, TAL: -0.1023, Adv: 2.3551) | Train Acc: 0.9688 | Val Acc: 1.0000 | Val P/R/F1 (Macro): 0.6429/0.6429/0.6429 | LR: 0.000005
Epoch [37/100] | Loss: 2.3480 (Cls: 1.9943, TAL: -0.0126, Adv: 2.3835) | Train Acc: 1.0000 | Val Acc: 1.0000 | Val P/R/F1 (Macro): 0.6429/0.6429/0.6429 | LR: 0.000005
Epoch [38/100] | Loss: 2.2695 (Cls: 1.9415, TAL: -0.0680, Adv: 2.3232) | Train Acc: 1.0000 | Val Acc: 1.0000 | Val P/R/F1 (Macro): 0.6429/0.6429/0.6429 | LR: 0.000005
Epoch [39/100] | Loss: 2.2662 (Cls: 2.0100, TAL: -0.1071, Adv: 1.9224) | Train Acc: 0.9922 | Val Acc: 1.0000 | Val P/R/F1 (Macro): 0.6429/0.6429/0.6429 | LR: 0.000005
Epoch [40/100] | Loss: 2.2010 (Cls: 1.9574, TAL: -0.0495, Adv: 1.7229) | Train Acc: 1.0000 | Val Acc: 1.0000 | Val P/R/F1 (Macro): 0.6429/0.6429/0.6429 | LR: 0.000005
Epoch [41/100] | Loss: 2.2626 (Cls: 2.0039, TAL: -0.1440, Adv: 2.0124) | Train Acc: 0.9922 | Val Acc: 1.0000 | Val P/R/F1 (Macro): 0.6429/0.6429/0.6429 | LR: 0.000005
Epoch [42/100] | Loss: 2.2117 (Cls: 1.9285, TAL: -0.2776, Adv: 2.4433) | Train Acc: 0.9922 | Val Acc: 1.0000 | Val P/R/F1 (Macro): 0.6429/0.6429/0.6429 | LR: 0.000005
Epoch [43/100] | Loss: 2.2587 (Cls: 1.9259, TAL: -0.2097, Adv: 2.6384) | Train Acc: 1.0000 | Val Acc: 0.9722 | Val P/R/F1 (Macro): 0.6327/0.6339/0.6326 | LR: 0.000005
Epoch [44/100] | Loss: 2.4220 (Cls: 2.1084, TAL: -0.1626, Adv: 2.4156) | Train Acc: 0.9688 | Val Acc: 1.0000 | Val P/R/F1 (Macro): 0.6429/0.6429/0.6429 | LR: 0.000005
Epoch [45/100] | Loss: 2.3292 (Cls: 2.0067, TAL: -0.1341, Adv: 2.4186) | Train Acc: 0.9922 | Val Acc: 0.9722 | Val P/R/F1 (Macro): 0.6327/0.6339/0.6326 | LR: 0.000003
Epoch [46/100] | Loss: 2.2172 (Cls: 1.9024, TAL: -0.1404, Adv: 2.3789) | Train Acc: 0.9922 | Val Acc: 1.0000 | Val P/R/F1 (Macro): 0.6429/0.6429/0.6429 | LR: 0.000003
Epoch [47/100] | Loss: 2.2092 (Cls: 1.8822, TAL: -0.2836, Adv: 2.7471) | Train Acc: 1.0000 | Val Acc: 1.0000 | Val P/R/F1 (Macro): 0.6429/0.6429/0.6429 | LR: 0.000003
Epoch [48/100] | Loss: 2.2935 (Cls: 1.9438, TAL: -0.3201, Adv: 2.9717) | Train Acc: 0.9844 | Val Acc: 1.0000 | Val P/R/F1 (Macro): 0.6429/0.6429/0.6429 | LR: 0.000003
Epoch [49/100] | Loss: 2.2386 (Cls: 1.8789, TAL: -0.3026, Adv: 3.0030) | Train Acc: 1.0000 | Val Acc: 1.0000 | Val P/R/F1 (Macro): 0.6429/0.6429/0.6429 | LR: 0.000003
Epoch [50/100] | Loss: 2.2842 (Cls: 1.9793, TAL: -0.2907, Adv: 2.6141) | Train Acc: 0.9922 | Val Acc: 1.0000 | Val P/R/F1 (Macro): 0.6429/0.6429/0.6429 | LR: 0.000003
Epoch [51/100] | Loss: 2.2096 (Cls: 1.9429, TAL: -0.4075, Adv: 2.5927) | Train Acc: 0.9922 | Val Acc: 1.0000 | Val P/R/F1 (Macro): 0.6429/0.6429/0.6429 | LR: 0.000003
Epoch [52/100] | Loss: 2.1923 (Cls: 1.8662, TAL: -0.4289, Adv: 3.0315) | Train Acc: 1.0000 | Val Acc: 1.0000 | Val P/R/F1 (Macro): 0.6429/0.6429/0.6429 | LR: 0.000003
Epoch [53/100] | Loss: 2.2946 (Cls: 1.9355, TAL: -0.4011, Adv: 3.1961) | Train Acc: 1.0000 | Val Acc: 1.0000 | Val P/R/F1 (Macro): 0.6429/0.6429/0.6429 | LR: 0.000003
Epoch [54/100] | Loss: 2.1935 (Cls: 1.8793, TAL: -0.4212, Adv: 2.9369) | Train Acc: 0.9922 | Val Acc: 1.0000 | Val P/R/F1 (Macro): 0.6429/0.6429/0.6429 | LR: 0.000003
Epoch [55/100] | Loss: 2.2324 (Cls: 1.9405, TAL: -0.4123, Adv: 2.7706) | Train Acc: 0.9922 | Val Acc: 1.0000 | Val P/R/F1 (Macro): 0.6429/0.6429/0.6429 | LR: 0.000003
Epoch [56/100] | Loss: 2.1687 (Cls: 1.8918, TAL: -0.3565, Adv: 2.5588) | Train Acc: 1.0000 | Val Acc: 1.0000 | Val P/R/F1 (Macro): 0.6429/0.6429/0.6429 | LR: 0.000001
Epoch [57/100] | Loss: 2.2039 (Cls: 1.8937, TAL: -0.4204, Adv: 2.9088) | Train Acc: 0.9922 | Val Acc: 1.0000 | Val P/R/F1 (Macro): 0.6429/0.6429/0.6429 | LR: 0.000001
Epoch [58/100] | Loss: 2.2246 (Cls: 1.8930, TAL: -0.4304, Adv: 3.0715) | Train Acc: 1.0000 | Val Acc: 1.0000 | Val P/R/F1 (Macro): 0.6429/0.6429/0.6429 | LR: 0.000001
Epoch [59/100] | Loss: 2.1640 (Cls: 1.8368, TAL: -0.3660, Adv: 2.9132) | Train Acc: 1.0000 | Val Acc: 1.0000 | Val P/R/F1 (Macro): 0.6429/0.6429/0.6429 | LR: 0.000001
Epoch [60/100] | Loss: 2.2257 (Cls: 1.8986, TAL: -0.3274, Adv: 2.8355) | Train Acc: 1.0000 | Val Acc: 1.0000 | Val P/R/F1 (Macro): 0.6429/0.6429/0.6429 | LR: 0.000001
Epoch [61/100] | Loss: 2.2088 (Cls: 1.8708, TAL: -0.4007, Adv: 3.0546) | Train Acc: 1.0000 | Val Acc: 1.0000 | Val P/R/F1 (Macro): 0.6429/0.6429/0.6429 | LR: 0.000001
Epoch [62/100] | Loss: 2.2313 (Cls: 1.9012, TAL: -0.4112, Adv: 3.0228) | Train Acc: 0.9922 | Val Acc: 1.0000 | Val P/R/F1 (Macro): 0.6429/0.6429/0.6429 | LR: 0.000001
Epoch [63/100] | Loss: 2.1760 (Cls: 1.8230, TAL: -0.3837, Adv: 3.1206) | Train Acc: 0.9922 | Val Acc: 1.0000 | Val P/R/F1 (Macro): 0.6429/0.6429/0.6429 | LR: 0.000001
Epoch [64/100] | Loss: 2.1876 (Cls: 1.8674, TAL: -0.4009, Adv: 2.9365) | Train Acc: 1.0000 | Val Acc: 1.0000 | Val P/R/F1 (Macro): 0.6429/0.6429/0.6429 | LR: 0.000001
Epoch [65/100] | Loss: 2.2215 (Cls: 1.8740, TAL: -0.3380, Adv: 2.9928) | Train Acc: 1.0000 | Val Acc: 1.0000 | Val P/R/F1 (Macro): 0.6429/0.6429/0.6429 | LR: 0.000001
Epoch [66/100] | Loss: 2.1488 (Cls: 1.8385, TAL: -0.3968, Adv: 2.8622) | Train Acc: 0.9922 | Val Acc: 1.0000 | Val P/R/F1 (Macro): 0.6429/0.6429/0.6429 | LR: 0.000001
Epoch [67/100] | Loss: 2.1378 (Cls: 1.8420, TAL: -0.3565, Adv: 2.6844) | Train Acc: 1.0000 | Val Acc: 1.0000 | Val P/R/F1 (Macro): 0.6429/0.6429/0.6429 | LR: 0.000001
Epoch [68/100] | Loss: 2.2223 (Cls: 1.8602, TAL: -0.3767, Adv: 3.1674) | Train Acc: 1.0000 | Val Acc: 1.0000 | Val P/R/F1 (Macro): 0.6429/0.6429/0.6429 | LR: 0.000001
Epoch [69/100] | Loss: 2.2369 (Cls: 1.8267, TAL: -0.3166, Adv: 3.3677) | Train Acc: 1.0000 | Val Acc: 1.0000 | Val P/R/F1 (Macro): 0.6429/0.6429/0.6429 | LR: 0.000001
Epoch [70/100] | Loss: 2.1863 (Cls: 1.8101, TAL: -0.3447, Adv: 3.1976) | Train Acc: 1.0000 | Val Acc: 1.0000 | Val P/R/F1 (Macro): 0.6429/0.6429/0.6429 | LR: 0.000001
Epoch [71/100] | Loss: 2.1609 (Cls: 1.8433, TAL: -0.3579, Adv: 2.8334) | Train Acc: 1.0000 | Val Acc: 1.0000 | Val P/R/F1 (Macro): 0.6429/0.6429/0.6429 | LR: 0.000001
Epoch [72/100] | Loss: 2.2982 (Cls: 1.8995, TAL: -0.3059, Adv: 3.2695) | Train Acc: 0.9922 | Val Acc: 1.0000 | Val P/R/F1 (Macro): 0.6429/0.6429/0.6429 | LR: 0.000001
Epoch [73/100] | Loss: 2.2503 (Cls: 1.8278, TAL: -0.3137, Adv: 3.4444) | Train Acc: 1.0000 | Val Acc: 1.0000 | Val P/R/F1 (Macro): 0.6429/0.6429/0.6429 | LR: 0.000001
Epoch [74/100] | Loss: 2.2546 (Cls: 1.8328, TAL: -0.3094, Adv: 3.4307) | Train Acc: 1.0000 | Val Acc: 1.0000 | Val P/R/F1 (Macro): 0.6429/0.6429/0.6429 | LR: 0.000001
Epoch [75/100] | Loss: 2.2513 (Cls: 1.8848, TAL: -0.3559, Adv: 3.1552) | Train Acc: 1.0000 | Val Acc: 1.0000 | Val P/R/F1 (Macro): 0.6429/0.6429/0.6429 | LR: 0.000001
Epoch [76/100] | Loss: 2.2080 (Cls: 1.8379, TAL: -0.4070, Adv: 3.2817) | Train Acc: 1.0000 | Val Acc: 1.0000 | Val P/R/F1 (Macro): 0.6429/0.6429/0.6429 | LR: 0.000001
Epoch [77/100] | Loss: 2.2253 (Cls: 1.8223, TAL: -0.3581, Adv: 3.4034) | Train Acc: 1.0000 | Val Acc: 1.0000 | Val P/R/F1 (Macro): 0.6429/0.6429/0.6429 | LR: 0.000001
Epoch [78/100] | Loss: 2.2497 (Cls: 1.9003, TAL: -0.3569, Adv: 3.0428) | Train Acc: 1.0000 | Val Acc: 1.0000 | Val P/R/F1 (Macro): 0.6429/0.6429/0.6429 | LR: 0.000001
Epoch [79/100] | Loss: 2.2252 (Cls: 1.8340, TAL: -0.3669, Adv: 3.3417) | Train Acc: 0.9922 | Val Acc: 1.0000 | Val P/R/F1 (Macro): 0.6429/0.6429/0.6429 | LR: 0.000001
Epoch [80/100] | Loss: 2.2118 (Cls: 1.7927, TAL: -0.3660, Adv: 3.5257) | Train Acc: 1.0000 | Val Acc: 1.0000 | Val P/R/F1 (Macro): 0.6429/0.6429/0.6429 | LR: 0.000001
Epoch [81/100] | Loss: 2.2820 (Cls: 1.8785, TAL: -0.3694, Adv: 3.4284) | Train Acc: 0.9844 | Val Acc: 1.0000 | Val P/R/F1 (Macro): 0.6429/0.6429/0.6429 | LR: 0.000001
Epoch [82/100] | Loss: 2.2201 (Cls: 1.8308, TAL: -0.3869, Adv: 3.3688) | Train Acc: 1.0000 | Val Acc: 1.0000 | Val P/R/F1 (Macro): 0.6429/0.6429/0.6429 | LR: 0.000001
Epoch [83/100] | Loss: 2.2669 (Cls: 1.8879, TAL: -0.4003, Adv: 3.3271) | Train Acc: 1.0000 | Val Acc: 1.0000 | Val P/R/F1 (Macro): 0.6429/0.6429/0.6429 | LR: 0.000001
Epoch [84/100] | Loss: 2.1992 (Cls: 1.8211, TAL: -0.3987, Adv: 3.3181) | Train Acc: 1.0000 | Val Acc: 1.0000 | Val P/R/F1 (Macro): 0.6429/0.6429/0.6429 | LR: 0.000001
Epoch [85/100] | Loss: 2.1779 (Cls: 1.8277, TAL: -0.4076, Adv: 3.1505) | Train Acc: 1.0000 | Val Acc: 1.0000 | Val P/R/F1 (Macro): 0.6429/0.6429/0.6429 | LR: 0.000001
Epoch [86/100] | Loss: 2.2720 (Cls: 1.8718, TAL: -0.3916, Adv: 3.4506) | Train Acc: 1.0000 | Val Acc: 1.0000 | Val P/R/F1 (Macro): 0.6429/0.6429/0.6429 | LR: 0.000001
Epoch [87/100] | Loss: 2.3582 (Cls: 1.9053, TAL: -0.3807, Adv: 3.7807) | Train Acc: 1.0000 | Val Acc: 1.0000 | Val P/R/F1 (Macro): 0.6429/0.6429/0.6429 | LR: 0.000001
Epoch [88/100] | Loss: 2.2150 (Cls: 1.8154, TAL: -0.4003, Adv: 3.4648) | Train Acc: 1.0000 | Val Acc: 1.0000 | Val P/R/F1 (Macro): 0.6429/0.6429/0.6429 | LR: 0.000001
Epoch [89/100] | Loss: 2.2266 (Cls: 1.8005, TAL: -0.3874, Adv: 3.6156) | Train Acc: 1.0000 | Val Acc: 1.0000 | Val P/R/F1 (Macro): 0.6429/0.6429/0.6429 | LR: 0.000001
Epoch [90/100] | Loss: 2.2809 (Cls: 1.8728, TAL: -0.4303, Adv: 3.5807) | Train Acc: 0.9844 | Val Acc: 1.0000 | Val P/R/F1 (Macro): 0.6429/0.6429/0.6429 | LR: 0.000001
Epoch [91/100] | Loss: 2.1756 (Cls: 1.7952, TAL: -0.4523, Adv: 3.4408) | Train Acc: 1.0000 | Val Acc: 1.0000 | Val P/R/F1 (Macro): 0.6429/0.6429/0.6429 | LR: 0.000001
Epoch [92/100] | Loss: 2.1928 (Cls: 1.8274, TAL: -0.3905, Adv: 3.2171) | Train Acc: 1.0000 | Val Acc: 1.0000 | Val P/R/F1 (Macro): 0.6429/0.6429/0.6429 | LR: 0.000001
Epoch [93/100] | Loss: 2.1579 (Cls: 1.8082, TAL: -0.4578, Adv: 3.2467) | Train Acc: 1.0000 | Val Acc: 1.0000 | Val P/R/F1 (Macro): 0.6429/0.6429/0.6429 | LR: 0.000001
Epoch [94/100] | Loss: 2.2377 (Cls: 1.8268, TAL: -0.4067, Adv: 3.5528) | Train Acc: 0.9922 | Val Acc: 1.0000 | Val P/R/F1 (Macro): 0.6429/0.6429/0.6429 | LR: 0.000001
Epoch [95/100] | Loss: 2.2474 (Cls: 1.8839, TAL: -0.4698, Adv: 3.3633) | Train Acc: 1.0000 | Val Acc: 1.0000 | Val P/R/F1 (Macro): 0.6429/0.6429/0.6429 | LR: 0.000001
Epoch [96/100] | Loss: 2.1206 (Cls: 1.8131, TAL: -0.4624, Adv: 2.9745) | Train Acc: 1.0000 | Val Acc: 1.0000 | Val P/R/F1 (Macro): 0.6429/0.6429/0.6429 | LR: 0.000001
Epoch [97/100] | Loss: 2.1962 (Cls: 1.8261, TAL: -0.3982, Adv: 3.2639) | Train Acc: 1.0000 | Val Acc: 1.0000 | Val P/R/F1 (Macro): 0.6429/0.6429/0.6429 | LR: 0.000001
Epoch [98/100] | Loss: 2.2706 (Cls: 1.8477, TAL: -0.3923, Adv: 3.6040) | Train Acc: 1.0000 | Val Acc: 1.0000 | Val P/R/F1 (Macro): 0.6429/0.6429/0.6429 | LR: 0.000001
Epoch [99/100] | Loss: 2.2125 (Cls: 1.8408, TAL: -0.4103, Adv: 3.2990) | Train Acc: 1.0000 | Val Acc: 1.0000 | Val P/R/F1 (Macro): 0.6429/0.6429/0.6429 | LR: 0.000001
Epoch [100/100] | Loss: 2.2407 (Cls: 1.9081, TAL: -0.4210, Adv: 3.0595) | Train Acc: 1.0000 | Val Acc: 1.0000 | Val P/R/F1 (Macro): 0.6429/0.6429/0.6429 | LR: 0.000001

迭代 3 最佳指标:
  Accuracy: 1.0000
  Precision (Macro): 0.6429
  Recall (Macro): 0.6429
  F1 (Macro): 0.6429
  Precision (Micro): 1.0000
  Recall (Micro): 1.0000
  F1 (Micro): 1.0000

================================================================================
迭代 4/5
随机种子: 45
================================================================================
Feature fusion: Tensor alignment (512+512 -> 128+128); fused_dim=256
Domain adaptation: Neural OT generator with 3-domain discriminator
Loss weights: tensor=0.30, adv=0.15
Epoch [1/100] | Loss: 7.7288 (Cls: 7.7849, TAL: -0.3325, Adv: 0.2914) | Train Acc: 0.1250 | Val Acc: 0.1667 | Val P/R/F1 (Macro): 0.1513/0.1548/0.1069 | LR: 0.000010
  >>> New Best Val Acc: 0.1667
Epoch [2/100] | Loss: 6.3584 (Cls: 6.3964, TAL: -0.3567, Adv: 0.4600) | Train Acc: 0.3203 | Val Acc: 0.2222 | Val P/R/F1 (Macro): 0.0501/0.1214/0.0668 | LR: 0.000010
  >>> New Best Val Acc: 0.2222
Epoch [3/100] | Loss: 5.3417 (Cls: 5.3542, TAL: -0.3786, Adv: 0.6739) | Train Acc: 0.5469 | Val Acc: 0.3889 | Val P/R/F1 (Macro): 0.1847/0.2845/0.2037 | LR: 0.000010
  >>> New Best Val Acc: 0.3889
Epoch [4/100] | Loss: 4.6948 (Cls: 4.6717, TAL: -0.4243, Adv: 1.0025) | Train Acc: 0.5625 | Val Acc: 0.3333 | Val P/R/F1 (Macro): 0.2806/0.3089/0.2245 | LR: 0.000010
Epoch [5/100] | Loss: 4.5683 (Cls: 4.4746, TAL: -0.2953, Adv: 1.2154) | Train Acc: 0.6797 | Val Acc: 0.6944 | Val P/R/F1 (Macro): 0.4536/0.4851/0.4552 | LR: 0.000010
  >>> New Best Val Acc: 0.6944
Epoch [6/100] | Loss: 3.7545 (Cls: 3.6653, TAL: -0.2733, Adv: 1.1407) | Train Acc: 0.7812 | Val Acc: 0.7778 | Val P/R/F1 (Macro): 0.4993/0.5250/0.4932 | LR: 0.000010
  >>> New Best Val Acc: 0.7778
Epoch [7/100] | Loss: 3.3264 (Cls: 3.1942, TAL: -0.2657, Adv: 1.4126) | Train Acc: 0.7969 | Val Acc: 0.7778 | Val P/R/F1 (Macro): 0.4684/0.5357/0.4922 | LR: 0.000010
Epoch [8/100] | Loss: 3.3606 (Cls: 3.1720, TAL: -0.2267, Adv: 1.7103) | Train Acc: 0.8594 | Val Acc: 0.8056 | Val P/R/F1 (Macro): 0.5214/0.5429/0.5099 | LR: 0.000010
  >>> New Best Val Acc: 0.8056
Epoch [9/100] | Loss: 3.3206 (Cls: 3.0999, TAL: -0.2384, Adv: 1.9482) | Train Acc: 0.7891 | Val Acc: 0.8611 | Val P/R/F1 (Macro): 0.5464/0.5607/0.5354 | LR: 0.000010
  >>> New Best Val Acc: 0.8611
Epoch [10/100] | Loss: 3.5521 (Cls: 3.3261, TAL: -0.2144, Adv: 1.9352) | Train Acc: 0.8516 | Val Acc: 0.7778 | Val P/R/F1 (Macro): 0.5065/0.5375/0.4958 | LR: 0.000010
Epoch [11/100] | Loss: 3.0221 (Cls: 2.7737, TAL: -0.2301, Adv: 2.1167) | Train Acc: 0.9531 | Val Acc: 0.9444 | Val P/R/F1 (Macro): 0.6131/0.6071/0.6024 | LR: 0.000010
  >>> New Best Val Acc: 0.9444
Epoch [12/100] | Loss: 2.8229 (Cls: 2.5288, TAL: -0.1544, Adv: 2.2690) | Train Acc: 0.9453 | Val Acc: 0.8889 | Val P/R/F1 (Macro): 0.5714/0.5804/0.5599 | LR: 0.000010
Epoch [13/100] | Loss: 2.7092 (Cls: 2.4073, TAL: -0.2206, Adv: 2.4537) | Train Acc: 0.9766 | Val Acc: 0.9167 | Val P/R/F1 (Macro): 0.6041/0.6054/0.5989 | LR: 0.000010
Epoch [14/100] | Loss: 2.7759 (Cls: 2.4965, TAL: -0.2186, Adv: 2.2998) | Train Acc: 0.9297 | Val Acc: 0.8611 | Val P/R/F1 (Macro): 0.5553/0.5714/0.5407 | LR: 0.000010
Epoch [15/100] | Loss: 2.8118 (Cls: 2.5063, TAL: -0.0946, Adv: 2.2259) | Train Acc: 0.9062 | Val Acc: 0.8889 | Val P/R/F1 (Macro): 0.5765/0.5726/0.5572 | LR: 0.000010
Epoch [16/100] | Loss: 3.1164 (Cls: 2.8449, TAL: -0.1246, Adv: 2.0590) | Train Acc: 0.8828 | Val Acc: 0.8611 | Val P/R/F1 (Macro): 0.5786/0.5643/0.5488 | LR: 0.000010
Epoch [17/100] | Loss: 2.7062 (Cls: 2.4408, TAL: -0.1588, Adv: 2.0866) | Train Acc: 0.9375 | Val Acc: 0.8889 | Val P/R/F1 (Macro): 0.5731/0.5893/0.5645 | LR: 0.000010
Epoch [18/100] | Loss: 2.8381 (Cls: 2.5528, TAL: -0.2308, Adv: 2.3639) | Train Acc: 0.9141 | Val Acc: 0.9722 | Val P/R/F1 (Macro): 0.6327/0.6339/0.6326 | LR: 0.000010
  >>> New Best Val Acc: 0.9722
Epoch [19/100] | Loss: 2.6111 (Cls: 2.2675, TAL: -0.2361, Adv: 2.7633) | Train Acc: 0.9531 | Val Acc: 0.9722 | Val P/R/F1 (Macro): 0.6327/0.6339/0.6326 | LR: 0.000010
Epoch [20/100] | Loss: 2.6070 (Cls: 2.2990, TAL: -0.2414, Adv: 2.5360) | Train Acc: 0.9609 | Val Acc: 0.9722 | Val P/R/F1 (Macro): 0.6327/0.6339/0.6326 | LR: 0.000010
Epoch [21/100] | Loss: 2.4661 (Cls: 2.1650, TAL: -0.1134, Adv: 2.2338) | Train Acc: 0.9766 | Val Acc: 0.9167 | Val P/R/F1 (Macro): 0.5850/0.6071/0.5812 | LR: 0.000010
Epoch [22/100] | Loss: 2.5809 (Cls: 2.3173, TAL: -0.2229, Adv: 2.2031) | Train Acc: 0.9688 | Val Acc: 0.9722 | Val P/R/F1 (Macro): 0.6327/0.6339/0.6326 | LR: 0.000010
Epoch [23/100] | Loss: 2.6288 (Cls: 2.3273, TAL: -0.2478, Adv: 2.5056) | Train Acc: 0.9844 | Val Acc: 1.0000 | Val P/R/F1 (Macro): 0.6429/0.6429/0.6429 | LR: 0.000010
  >>> New Best Val Acc: 1.0000
Epoch [24/100] | Loss: 2.5093 (Cls: 2.1505, TAL: -0.1908, Adv: 2.7735) | Train Acc: 0.9766 | Val Acc: 0.9722 | Val P/R/F1 (Macro): 0.6327/0.6339/0.6326 | LR: 0.000010
Epoch [25/100] | Loss: 2.5364 (Cls: 2.1261, TAL: -0.2092, Adv: 3.1540) | Train Acc: 0.9922 | Val Acc: 0.9444 | Val P/R/F1 (Macro): 0.6184/0.6196/0.6167 | LR: 0.000010
Epoch [26/100] | Loss: 2.5016 (Cls: 2.0761, TAL: -0.2574, Adv: 3.3514) | Train Acc: 0.9766 | Val Acc: 0.9444 | Val P/R/F1 (Macro): 0.6184/0.6196/0.6167 | LR: 0.000010
Epoch [27/100] | Loss: 2.6444 (Cls: 2.2531, TAL: -0.2508, Adv: 3.1101) | Train Acc: 0.9453 | Val Acc: 0.9167 | Val P/R/F1 (Macro): 0.5850/0.6071/0.5812 | LR: 0.000010
Epoch [28/100] | Loss: 2.5051 (Cls: 2.1975, TAL: -0.2900, Adv: 2.6312) | Train Acc: 0.9531 | Val Acc: 0.9444 | Val P/R/F1 (Macro): 0.5929/0.6107/0.5930 | LR: 0.000010
Epoch [29/100] | Loss: 2.2355 (Cls: 1.9937, TAL: -0.1728, Adv: 1.9575) | Train Acc: 0.9922 | Val Acc: 0.9722 | Val P/R/F1 (Macro): 0.6327/0.6339/0.6326 | LR: 0.000010
Epoch [30/100] | Loss: 2.4974 (Cls: 2.2554, TAL: -0.2164, Adv: 2.0461) | Train Acc: 0.9844 | Val Acc: 0.9444 | Val P/R/F1 (Macro): 0.6184/0.6196/0.6167 | LR: 0.000010
Epoch [31/100] | Loss: 2.3237 (Cls: 2.1192, TAL: -0.3144, Adv: 1.9922) | Train Acc: 0.9844 | Val Acc: 0.9722 | Val P/R/F1 (Macro): 0.6327/0.6339/0.6326 | LR: 0.000010
Epoch [32/100] | Loss: 2.3047 (Cls: 2.0286, TAL: -0.2463, Adv: 2.3328) | Train Acc: 0.9844 | Val Acc: 0.9722 | Val P/R/F1 (Macro): 0.6327/0.6339/0.6326 | LR: 0.000010
Epoch [33/100] | Loss: 2.3507 (Cls: 2.0373, TAL: -0.1366, Adv: 2.3629) | Train Acc: 0.9922 | Val Acc: 0.9722 | Val P/R/F1 (Macro): 0.6327/0.6339/0.6326 | LR: 0.000010
Epoch [34/100] | Loss: 2.3656 (Cls: 2.0061, TAL: -0.1145, Adv: 2.6251) | Train Acc: 1.0000 | Val Acc: 0.9444 | Val P/R/F1 (Macro): 0.5969/0.6161/0.5986 | LR: 0.000005
Epoch [35/100] | Loss: 2.4488 (Cls: 2.0183, TAL: -0.0201, Adv: 2.9104) | Train Acc: 0.9922 | Val Acc: 0.9722 | Val P/R/F1 (Macro): 0.6327/0.6339/0.6326 | LR: 0.000005
Epoch [36/100] | Loss: 2.3525 (Cls: 1.9313, TAL: -0.0226, Adv: 2.8534) | Train Acc: 1.0000 | Val Acc: 0.9722 | Val P/R/F1 (Macro): 0.6327/0.6339/0.6326 | LR: 0.000005
Epoch [37/100] | Loss: 2.3123 (Cls: 1.9092, TAL: -0.1656, Adv: 3.0191) | Train Acc: 1.0000 | Val Acc: 0.9722 | Val P/R/F1 (Macro): 0.6327/0.6339/0.6326 | LR: 0.000005
Epoch [38/100] | Loss: 2.3452 (Cls: 1.9696, TAL: -0.0924, Adv: 2.6884) | Train Acc: 1.0000 | Val Acc: 0.9722 | Val P/R/F1 (Macro): 0.6327/0.6339/0.6326 | LR: 0.000005
Epoch [39/100] | Loss: 2.3080 (Cls: 1.9882, TAL: -0.2247, Adv: 2.5810) | Train Acc: 0.9844 | Val Acc: 1.0000 | Val P/R/F1 (Macro): 0.6429/0.6429/0.6429 | LR: 0.000005
Epoch [40/100] | Loss: 2.2467 (Cls: 1.9664, TAL: -0.3044, Adv: 2.4772) | Train Acc: 0.9844 | Val Acc: 0.9722 | Val P/R/F1 (Macro): 0.6327/0.6339/0.6326 | LR: 0.000005
Epoch [41/100] | Loss: 2.3476 (Cls: 2.0132, TAL: -0.2229, Adv: 2.6746) | Train Acc: 0.9844 | Val Acc: 0.9722 | Val P/R/F1 (Macro): 0.6327/0.6339/0.6326 | LR: 0.000005
Epoch [42/100] | Loss: 2.2537 (Cls: 1.9282, TAL: -0.1924, Adv: 2.5550) | Train Acc: 0.9922 | Val Acc: 0.9722 | Val P/R/F1 (Macro): 0.6327/0.6339/0.6326 | LR: 0.000005
Epoch [43/100] | Loss: 2.4194 (Cls: 2.1320, TAL: -0.3298, Adv: 2.5759) | Train Acc: 0.9922 | Val Acc: 0.9722 | Val P/R/F1 (Macro): 0.6327/0.6339/0.6326 | LR: 0.000005
Epoch [44/100] | Loss: 2.2291 (Cls: 1.9235, TAL: -0.3882, Adv: 2.8137) | Train Acc: 0.9922 | Val Acc: 1.0000 | Val P/R/F1 (Macro): 0.6429/0.6429/0.6429 | LR: 0.000005
Epoch [45/100] | Loss: 2.2781 (Cls: 1.9398, TAL: -0.3475, Adv: 2.9500) | Train Acc: 1.0000 | Val Acc: 0.9722 | Val P/R/F1 (Macro): 0.6327/0.6339/0.6326 | LR: 0.000003
Epoch [46/100] | Loss: 2.2207 (Cls: 1.8853, TAL: -0.3052, Adv: 2.8465) | Train Acc: 0.9922 | Val Acc: 0.9722 | Val P/R/F1 (Macro): 0.6327/0.6339/0.6326 | LR: 0.000003
Epoch [47/100] | Loss: 2.2248 (Cls: 1.9503, TAL: -0.3700, Adv: 2.5699) | Train Acc: 0.9922 | Val Acc: 0.9722 | Val P/R/F1 (Macro): 0.6327/0.6339/0.6326 | LR: 0.000003
Epoch [48/100] | Loss: 2.2003 (Cls: 1.9565, TAL: -0.4374, Adv: 2.5002) | Train Acc: 0.9922 | Val Acc: 1.0000 | Val P/R/F1 (Macro): 0.6429/0.6429/0.6429 | LR: 0.000003
Epoch [49/100] | Loss: 2.1655 (Cls: 1.8946, TAL: -0.4338, Adv: 2.6734) | Train Acc: 1.0000 | Val Acc: 1.0000 | Val P/R/F1 (Macro): 0.6429/0.6429/0.6429 | LR: 0.000003
Epoch [50/100] | Loss: 2.1554 (Cls: 1.9135, TAL: -0.5453, Adv: 2.7037) | Train Acc: 0.9922 | Val Acc: 0.9722 | Val P/R/F1 (Macro): 0.6327/0.6339/0.6326 | LR: 0.000003
Epoch [51/100] | Loss: 2.1000 (Cls: 1.8742, TAL: -0.5198, Adv: 2.5450) | Train Acc: 1.0000 | Val Acc: 1.0000 | Val P/R/F1 (Macro): 0.6429/0.6429/0.6429 | LR: 0.000003
Epoch [52/100] | Loss: 2.2103 (Cls: 1.9372, TAL: -0.5219, Adv: 2.8646) | Train Acc: 1.0000 | Val Acc: 1.0000 | Val P/R/F1 (Macro): 0.6429/0.6429/0.6429 | LR: 0.000003
Epoch [53/100] | Loss: 2.1955 (Cls: 1.8750, TAL: -0.5151, Adv: 3.1666) | Train Acc: 1.0000 | Val Acc: 0.9722 | Val P/R/F1 (Macro): 0.6327/0.6339/0.6326 | LR: 0.000003
Epoch [54/100] | Loss: 2.1620 (Cls: 1.8501, TAL: -0.5549, Adv: 3.1893) | Train Acc: 1.0000 | Val Acc: 1.0000 | Val P/R/F1 (Macro): 0.6429/0.6429/0.6429 | LR: 0.000003
Epoch [55/100] | Loss: 2.0834 (Cls: 1.8278, TAL: -0.5585, Adv: 2.8207) | Train Acc: 1.0000 | Val Acc: 1.0000 | Val P/R/F1 (Macro): 0.6429/0.6429/0.6429 | LR: 0.000003
Epoch [56/100] | Loss: 2.0694 (Cls: 1.8520, TAL: -0.5474, Adv: 2.5441) | Train Acc: 1.0000 | Val Acc: 1.0000 | Val P/R/F1 (Macro): 0.6429/0.6429/0.6429 | LR: 0.000001
Epoch [57/100] | Loss: 2.1594 (Cls: 1.8882, TAL: -0.5550, Adv: 2.9179) | Train Acc: 0.9922 | Val Acc: 1.0000 | Val P/R/F1 (Macro): 0.6429/0.6429/0.6429 | LR: 0.000001
Epoch [58/100] | Loss: 2.1209 (Cls: 1.8248, TAL: -0.5917, Adv: 3.1576) | Train Acc: 1.0000 | Val Acc: 1.0000 | Val P/R/F1 (Macro): 0.6429/0.6429/0.6429 | LR: 0.000001
Epoch [59/100] | Loss: 2.1703 (Cls: 1.8730, TAL: -0.6009, Adv: 3.1837) | Train Acc: 1.0000 | Val Acc: 1.0000 | Val P/R/F1 (Macro): 0.6429/0.6429/0.6429 | LR: 0.000001
Epoch [60/100] | Loss: 2.0616 (Cls: 1.8390, TAL: -0.6311, Adv: 2.7462) | Train Acc: 0.9922 | Val Acc: 1.0000 | Val P/R/F1 (Macro): 0.6429/0.6429/0.6429 | LR: 0.000001
Epoch [61/100] | Loss: 2.0504 (Cls: 1.8261, TAL: -0.5847, Adv: 2.6646) | Train Acc: 1.0000 | Val Acc: 1.0000 | Val P/R/F1 (Macro): 0.6429/0.6429/0.6429 | LR: 0.000001
Epoch [62/100] | Loss: 2.0944 (Cls: 1.8513, TAL: -0.6837, Adv: 2.9881) | Train Acc: 1.0000 | Val Acc: 1.0000 | Val P/R/F1 (Macro): 0.6429/0.6429/0.6429 | LR: 0.000001
Epoch [63/100] | Loss: 2.1390 (Cls: 1.8291, TAL: -0.6831, Adv: 3.4326) | Train Acc: 1.0000 | Val Acc: 1.0000 | Val P/R/F1 (Macro): 0.6429/0.6429/0.6429 | LR: 0.000001
Epoch [64/100] | Loss: 2.0698 (Cls: 1.8254, TAL: -0.6583, Adv: 2.9465) | Train Acc: 0.9922 | Val Acc: 1.0000 | Val P/R/F1 (Macro): 0.6429/0.6429/0.6429 | LR: 0.000001
Epoch [65/100] | Loss: 1.9983 (Cls: 1.8146, TAL: -0.6047, Adv: 2.4337) | Train Acc: 1.0000 | Val Acc: 1.0000 | Val P/R/F1 (Macro): 0.6429/0.6429/0.6429 | LR: 0.000001
Epoch [66/100] | Loss: 2.1884 (Cls: 1.9501, TAL: -0.6395, Adv: 2.8681) | Train Acc: 1.0000 | Val Acc: 1.0000 | Val P/R/F1 (Macro): 0.6429/0.6429/0.6429 | LR: 0.000001
Epoch [67/100] | Loss: 2.0915 (Cls: 1.8118, TAL: -0.6195, Adv: 3.1035) | Train Acc: 1.0000 | Val Acc: 1.0000 | Val P/R/F1 (Macro): 0.6429/0.6429/0.6429 | LR: 0.000001
Epoch [68/100] | Loss: 2.2173 (Cls: 1.8852, TAL: -0.6596, Adv: 3.5330) | Train Acc: 0.9922 | Val Acc: 1.0000 | Val P/R/F1 (Macro): 0.6429/0.6429/0.6429 | LR: 0.000001
Epoch [69/100] | Loss: 2.1127 (Cls: 1.7969, TAL: -0.6217, Adv: 3.3490) | Train Acc: 1.0000 | Val Acc: 1.0000 | Val P/R/F1 (Macro): 0.6429/0.6429/0.6429 | LR: 0.000001
Epoch [70/100] | Loss: 2.0582 (Cls: 1.7988, TAL: -0.6187, Adv: 2.9673) | Train Acc: 1.0000 | Val Acc: 0.9722 | Val P/R/F1 (Macro): 0.6327/0.6339/0.6326 | LR: 0.000001
Epoch [71/100] | Loss: 2.0837 (Cls: 1.8162, TAL: -0.6161, Adv: 3.0154) | Train Acc: 0.9922 | Val Acc: 1.0000 | Val P/R/F1 (Macro): 0.6429/0.6429/0.6429 | LR: 0.000001
Epoch [72/100] | Loss: 2.1605 (Cls: 1.8913, TAL: -0.6632, Adv: 3.1214) | Train Acc: 1.0000 | Val Acc: 1.0000 | Val P/R/F1 (Macro): 0.6429/0.6429/0.6429 | LR: 0.000001
Epoch [73/100] | Loss: 2.1884 (Cls: 1.8841, TAL: -0.6215, Adv: 3.2721) | Train Acc: 1.0000 | Val Acc: 1.0000 | Val P/R/F1 (Macro): 0.6429/0.6429/0.6429 | LR: 0.000001
Epoch [74/100] | Loss: 2.1121 (Cls: 1.8261, TAL: -0.6780, Adv: 3.2625) | Train Acc: 1.0000 | Val Acc: 1.0000 | Val P/R/F1 (Macro): 0.6429/0.6429/0.6429 | LR: 0.000001
Epoch [75/100] | Loss: 2.0900 (Cls: 1.8430, TAL: -0.7031, Adv: 3.0533) | Train Acc: 0.9922 | Val Acc: 1.0000 | Val P/R/F1 (Macro): 0.6429/0.6429/0.6429 | LR: 0.000001
Epoch [76/100] | Loss: 2.2037 (Cls: 1.9492, TAL: -0.6569, Adv: 3.0101) | Train Acc: 0.9766 | Val Acc: 1.0000 | Val P/R/F1 (Macro): 0.6429/0.6429/0.6429 | LR: 0.000001
Epoch [77/100] | Loss: 2.0707 (Cls: 1.7906, TAL: -0.6543, Adv: 3.1756) | Train Acc: 1.0000 | Val Acc: 1.0000 | Val P/R/F1 (Macro): 0.6429/0.6429/0.6429 | LR: 0.000001
Epoch [78/100] | Loss: 2.1793 (Cls: 1.8924, TAL: -0.6263, Adv: 3.1651) | Train Acc: 0.9922 | Val Acc: 1.0000 | Val P/R/F1 (Macro): 0.6429/0.6429/0.6429 | LR: 0.000001
Epoch [79/100] | Loss: 2.0815 (Cls: 1.8225, TAL: -0.6597, Adv: 3.0454) | Train Acc: 1.0000 | Val Acc: 1.0000 | Val P/R/F1 (Macro): 0.6429/0.6429/0.6429 | LR: 0.000001
Epoch [80/100] | Loss: 2.0843 (Cls: 1.8385, TAL: -0.7093, Adv: 3.0576) | Train Acc: 1.0000 | Val Acc: 0.9722 | Val P/R/F1 (Macro): 0.6327/0.6339/0.6326 | LR: 0.000001
Epoch [81/100] | Loss: 2.1034 (Cls: 1.8120, TAL: -0.6473, Adv: 3.2374) | Train Acc: 0.9922 | Val Acc: 0.9722 | Val P/R/F1 (Macro): 0.6327/0.6339/0.6326 | LR: 0.000001
Epoch [82/100] | Loss: 2.0717 (Cls: 1.8079, TAL: -0.6539, Adv: 3.0664) | Train Acc: 1.0000 | Val Acc: 1.0000 | Val P/R/F1 (Macro): 0.6429/0.6429/0.6429 | LR: 0.000001
Epoch [83/100] | Loss: 2.0641 (Cls: 1.8121, TAL: -0.6499, Adv: 2.9798) | Train Acc: 1.0000 | Val Acc: 1.0000 | Val P/R/F1 (Macro): 0.6429/0.6429/0.6429 | LR: 0.000001
Epoch [84/100] | Loss: 2.1720 (Cls: 1.8936, TAL: -0.6639, Adv: 3.1837) | Train Acc: 1.0000 | Val Acc: 0.9722 | Val P/R/F1 (Macro): 0.6327/0.6339/0.6326 | LR: 0.000001
Epoch [85/100] | Loss: 2.1299 (Cls: 1.8091, TAL: -0.6750, Adv: 3.4888) | Train Acc: 1.0000 | Val Acc: 1.0000 | Val P/R/F1 (Macro): 0.6429/0.6429/0.6429 | LR: 0.000001
Epoch [86/100] | Loss: 2.1869 (Cls: 1.8460, TAL: -0.6846, Adv: 3.6420) | Train Acc: 1.0000 | Val Acc: 0.9722 | Val P/R/F1 (Macro): 0.6327/0.6339/0.6326 | LR: 0.000001
Epoch [87/100] | Loss: 2.1257 (Cls: 1.8004, TAL: -0.6926, Adv: 3.5539) | Train Acc: 1.0000 | Val Acc: 1.0000 | Val P/R/F1 (Macro): 0.6429/0.6429/0.6429 | LR: 0.000001
Epoch [88/100] | Loss: 2.1429 (Cls: 1.8057, TAL: -0.6388, Adv: 3.5258) | Train Acc: 1.0000 | Val Acc: 1.0000 | Val P/R/F1 (Macro): 0.6429/0.6429/0.6429 | LR: 0.000001
Epoch [89/100] | Loss: 2.1707 (Cls: 1.8471, TAL: -0.6560, Adv: 3.4696) | Train Acc: 1.0000 | Val Acc: 0.9722 | Val P/R/F1 (Macro): 0.6327/0.6339/0.6326 | LR: 0.000001
Epoch [90/100] | Loss: 2.2658 (Cls: 1.9246, TAL: -0.6592, Adv: 3.5928) | Train Acc: 1.0000 | Val Acc: 1.0000 | Val P/R/F1 (Macro): 0.6429/0.6429/0.6429 | LR: 0.000001
Epoch [91/100] | Loss: 2.1504 (Cls: 1.8258, TAL: -0.6334, Adv: 3.4309) | Train Acc: 1.0000 | Val Acc: 1.0000 | Val P/R/F1 (Macro): 0.6429/0.6429/0.6429 | LR: 0.000001
Epoch [92/100] | Loss: 2.1038 (Cls: 1.8138, TAL: -0.6766, Adv: 3.2867) | Train Acc: 0.9922 | Val Acc: 1.0000 | Val P/R/F1 (Macro): 0.6429/0.6429/0.6429 | LR: 0.000001
Epoch [93/100] | Loss: 2.1653 (Cls: 1.8240, TAL: -0.7089, Adv: 3.6926) | Train Acc: 0.9922 | Val Acc: 1.0000 | Val P/R/F1 (Macro): 0.6429/0.6429/0.6429 | LR: 0.000001
Epoch [94/100] | Loss: 2.1561 (Cls: 1.7941, TAL: -0.6899, Adv: 3.7933) | Train Acc: 1.0000 | Val Acc: 1.0000 | Val P/R/F1 (Macro): 0.6429/0.6429/0.6429 | LR: 0.000001
Epoch [95/100] | Loss: 2.1400 (Cls: 1.8011, TAL: -0.7292, Adv: 3.7181) | Train Acc: 1.0000 | Val Acc: 1.0000 | Val P/R/F1 (Macro): 0.6429/0.6429/0.6429 | LR: 0.000001
Epoch [96/100] | Loss: 2.1513 (Cls: 1.8590, TAL: -0.7067, Adv: 3.3622) | Train Acc: 1.0000 | Val Acc: 1.0000 | Val P/R/F1 (Macro): 0.6429/0.6429/0.6429 | LR: 0.000001
Epoch [97/100] | Loss: 2.1624 (Cls: 1.8115, TAL: -0.6988, Adv: 3.7368) | Train Acc: 1.0000 | Val Acc: 0.9722 | Val P/R/F1 (Macro): 0.6327/0.6339/0.6326 | LR: 0.000001
Epoch [98/100] | Loss: 2.2167 (Cls: 1.8278, TAL: -0.6635, Adv: 3.9196) | Train Acc: 1.0000 | Val Acc: 0.9722 | Val P/R/F1 (Macro): 0.6327/0.6339/0.6326 | LR: 0.000001
Epoch [99/100] | Loss: 2.1134 (Cls: 1.7847, TAL: -0.7048, Adv: 3.6007) | Train Acc: 1.0000 | Val Acc: 0.9722 | Val P/R/F1 (Macro): 0.6327/0.6339/0.6326 | LR: 0.000001
Epoch [100/100] | Loss: 2.2277 (Cls: 1.8716, TAL: -0.6728, Adv: 3.7199) | Train Acc: 1.0000 | Val Acc: 0.9722 | Val P/R/F1 (Macro): 0.6327/0.6339/0.6326 | LR: 0.000001

迭代 4 最佳指标:
  Accuracy: 1.0000
  Precision (Macro): 0.6429
  Recall (Macro): 0.6429
  F1 (Macro): 0.6429
  Precision (Micro): 1.0000
  Recall (Micro): 1.0000
  F1 (Micro): 1.0000

================================================================================
迭代 5/5
随机种子: 46
================================================================================
Feature fusion: Tensor alignment (512+512 -> 128+128); fused_dim=256
Domain adaptation: Neural OT generator with 3-domain discriminator
Loss weights: tensor=0.30, adv=0.15
Epoch [1/100] | Loss: 8.0008 (Cls: 7.9820, TAL: -0.0856, Adv: 0.2964) | Train Acc: 0.1562 | Val Acc: 0.2222 | Val P/R/F1 (Macro): 0.0351/0.1250/0.0549 | LR: 0.000010
  >>> New Best Val Acc: 0.2222
Epoch [2/100] | Loss: 6.3694 (Cls: 6.3798, TAL: -0.3059, Adv: 0.5426) | Train Acc: 0.3438 | Val Acc: 0.3889 | Val P/R/F1 (Macro): 0.1858/0.2774/0.2138 | LR: 0.000010
  >>> New Best Val Acc: 0.3889
Epoch [3/100] | Loss: 5.1795 (Cls: 5.0833, TAL: -0.0201, Adv: 0.6812) | Train Acc: 0.5469 | Val Acc: 0.5278 | Val P/R/F1 (Macro): 0.3393/0.3036/0.2862 | LR: 0.000010
  >>> New Best Val Acc: 0.5278
Epoch [4/100] | Loss: 5.2876 (Cls: 5.1237, TAL: 0.1364, Adv: 0.8197) | Train Acc: 0.5391 | Val Acc: 0.7778 | Val P/R/F1 (Macro): 0.4969/0.5286/0.4920 | LR: 0.000010
  >>> New Best Val Acc: 0.7778
Epoch [5/100] | Loss: 4.2166 (Cls: 4.0549, TAL: 0.0123, Adv: 1.0533) | Train Acc: 0.6484 | Val Acc: 0.5278 | Val P/R/F1 (Macro): 0.3672/0.3863/0.3109 | LR: 0.000010
Epoch [6/100] | Loss: 4.1438 (Cls: 3.9446, TAL: -0.0122, Adv: 1.3523) | Train Acc: 0.7734 | Val Acc: 0.7222 | Val P/R/F1 (Macro): 0.4530/0.4911/0.4492 | LR: 0.000010
Epoch [7/100] | Loss: 3.8941 (Cls: 3.7312, TAL: -0.0839, Adv: 1.2536) | Train Acc: 0.7031 | Val Acc: 0.8889 | Val P/R/F1 (Macro): 0.5910/0.5911/0.5775 | LR: 0.000010
  >>> New Best Val Acc: 0.8889
Epoch [8/100] | Loss: 3.9705 (Cls: 3.7531, TAL: 0.0831, Adv: 1.2831) | Train Acc: 0.7969 | Val Acc: 0.7778 | Val P/R/F1 (Macro): 0.5471/0.5476/0.5212 | LR: 0.000010
Epoch [9/100] | Loss: 3.6125 (Cls: 3.3868, TAL: 0.0391, Adv: 1.4261) | Train Acc: 0.8906 | Val Acc: 0.8889 | Val P/R/F1 (Macro): 0.5964/0.5869/0.5844 | LR: 0.000010
Epoch [10/100] | Loss: 3.5847 (Cls: 3.3553, TAL: 0.0386, Adv: 1.4522) | Train Acc: 0.8750 | Val Acc: 0.8333 | Val P/R/F1 (Macro): 0.5536/0.5720/0.5392 | LR: 0.000010
Epoch [11/100] | Loss: 3.2706 (Cls: 2.9860, TAL: 0.0726, Adv: 1.7522) | Train Acc: 0.8359 | Val Acc: 0.8056 | Val P/R/F1 (Macro): 0.5310/0.5488/0.5124 | LR: 0.000010
Epoch [12/100] | Loss: 2.8503 (Cls: 2.5555, TAL: 0.1027, Adv: 1.7603) | Train Acc: 0.9297 | Val Acc: 0.9444 | Val P/R/F1 (Macro): 0.5969/0.6161/0.5986 | LR: 0.000010
  >>> New Best Val Acc: 0.9444
Epoch [13/100] | Loss: 2.9684 (Cls: 2.6515, TAL: 0.0900, Adv: 1.9324) | Train Acc: 0.8984 | Val Acc: 0.9167 | Val P/R/F1 (Macro): 0.5786/0.6077/0.5856 | LR: 0.000010
Epoch [14/100] | Loss: 3.2000 (Cls: 2.8765, TAL: 0.0460, Adv: 2.0649) | Train Acc: 0.9297 | Val Acc: 0.8889 | Val P/R/F1 (Macro): 0.5667/0.5875/0.5584 | LR: 0.000010
Epoch [15/100] | Loss: 2.9152 (Cls: 2.6322, TAL: -0.0221, Adv: 1.9309) | Train Acc: 0.9297 | Val Acc: 0.8889 | Val P/R/F1 (Macro): 0.5631/0.5899/0.5596 | LR: 0.000010
Epoch [16/100] | Loss: 2.8291 (Cls: 2.5238, TAL: -0.0328, Adv: 2.1005) | Train Acc: 0.9375 | Val Acc: 0.9167 | Val P/R/F1 (Macro): 0.5595/0.6042/0.5684 | LR: 0.000010
Epoch [17/100] | Loss: 2.9550 (Cls: 2.5935, TAL: 0.0000, Adv: 2.4094) | Train Acc: 0.9375 | Val Acc: 0.9167 | Val P/R/F1 (Macro): 0.6005/0.6054/0.5966 | LR: 0.000010
Epoch [18/100] | Loss: 3.1247 (Cls: 2.7760, TAL: -0.0006, Adv: 2.3257) | Train Acc: 0.9062 | Val Acc: 0.8611 | Val P/R/F1 (Macro): 0.5929/0.5869/0.5814 | LR: 0.000010
Epoch [19/100] | Loss: 2.9713 (Cls: 2.6060, TAL: 0.1126, Adv: 2.2103) | Train Acc: 0.9062 | Val Acc: 0.9722 | Val P/R/F1 (Macro): 0.6327/0.6339/0.6326 | LR: 0.000010
  >>> New Best Val Acc: 0.9722
Epoch [20/100] | Loss: 2.8869 (Cls: 2.5039, TAL: 0.1181, Adv: 2.3171) | Train Acc: 0.9297 | Val Acc: 0.9444 | Val P/R/F1 (Macro): 0.6190/0.6196/0.6159 | LR: 0.000010
Epoch [21/100] | Loss: 2.7120 (Cls: 2.3182, TAL: 0.1167, Adv: 2.3913) | Train Acc: 0.9609 | Val Acc: 0.9444 | Val P/R/F1 (Macro): 0.5969/0.6161/0.5986 | LR: 0.000010
Epoch [22/100] | Loss: 2.5410 (Cls: 2.1652, TAL: 0.0042, Adv: 2.4968) | Train Acc: 0.9922 | Val Acc: 0.9722 | Val P/R/F1 (Macro): 0.6327/0.6339/0.6326 | LR: 0.000010
Epoch [23/100] | Loss: 2.6755 (Cls: 2.2727, TAL: 0.0007, Adv: 2.6837) | Train Acc: 0.9922 | Val Acc: 1.0000 | Val P/R/F1 (Macro): 0.6429/0.6429/0.6429 | LR: 0.000010
  >>> New Best Val Acc: 1.0000
Epoch [24/100] | Loss: 2.6686 (Cls: 2.2737, TAL: 0.0278, Adv: 2.5771) | Train Acc: 0.9766 | Val Acc: 0.9167 | Val P/R/F1 (Macro): 0.6161/0.5893/0.5924 | LR: 0.000010
Epoch [25/100] | Loss: 2.6780 (Cls: 2.3086, TAL: 0.0301, Adv: 2.4022) | Train Acc: 0.9844 | Val Acc: 0.9444 | Val P/R/F1 (Macro): 0.6184/0.6196/0.6167 | LR: 0.000010
Epoch [26/100] | Loss: 2.7132 (Cls: 2.4156, TAL: -0.0472, Adv: 2.0787) | Train Acc: 0.9688 | Val Acc: 0.9722 | Val P/R/F1 (Macro): 0.6071/0.6250/0.6088 | LR: 0.000010
Epoch [27/100] | Loss: 2.6421 (Cls: 2.3486, TAL: -0.0405, Adv: 2.0380) | Train Acc: 0.9688 | Val Acc: 0.9722 | Val P/R/F1 (Macro): 0.6071/0.6310/0.6126 | LR: 0.000010
Epoch [28/100] | Loss: 2.3568 (Cls: 2.0614, TAL: -0.2146, Adv: 2.3983) | Train Acc: 0.9766 | Val Acc: 0.9444 | Val P/R/F1 (Macro): 0.5893/0.6167/0.5944 | LR: 0.000010
Epoch [29/100] | Loss: 2.4561 (Cls: 2.0911, TAL: -0.1115, Adv: 2.6559) | Train Acc: 0.9766 | Val Acc: 0.9722 | Val P/R/F1 (Macro): 0.6327/0.6339/0.6326 | LR: 0.000010
Epoch [30/100] | Loss: 2.6056 (Cls: 2.1977, TAL: -0.0643, Adv: 2.8481) | Train Acc: 0.9844 | Val Acc: 1.0000 | Val P/R/F1 (Macro): 0.6429/0.6429/0.6429 | LR: 0.000010
Epoch [31/100] | Loss: 2.8031 (Cls: 2.4081, TAL: -0.0728, Adv: 2.7787) | Train Acc: 0.9766 | Val Acc: 0.9722 | Val P/R/F1 (Macro): 0.6327/0.6339/0.6326 | LR: 0.000010
Epoch [32/100] | Loss: 2.6501 (Cls: 2.2748, TAL: -0.0946, Adv: 2.6915) | Train Acc: 0.9766 | Val Acc: 0.9722 | Val P/R/F1 (Macro): 0.6327/0.6339/0.6326 | LR: 0.000010
Epoch [33/100] | Loss: 2.5462 (Cls: 2.1909, TAL: -0.0056, Adv: 2.3796) | Train Acc: 0.9766 | Val Acc: 1.0000 | Val P/R/F1 (Macro): 0.6429/0.6429/0.6429 | LR: 0.000010
Epoch [34/100] | Loss: 2.4502 (Cls: 2.1490, TAL: -0.0721, Adv: 2.1521) | Train Acc: 0.9688 | Val Acc: 0.9722 | Val P/R/F1 (Macro): 0.6286/0.6286/0.6270 | LR: 0.000005
Epoch [35/100] | Loss: 2.3030 (Cls: 1.9765, TAL: -0.0545, Adv: 2.2860) | Train Acc: 1.0000 | Val Acc: 1.0000 | Val P/R/F1 (Macro): 0.6429/0.6429/0.6429 | LR: 0.000005
Epoch [36/100] | Loss: 2.3658 (Cls: 2.0114, TAL: -0.0048, Adv: 2.3725) | Train Acc: 0.9922 | Val Acc: 0.9722 | Val P/R/F1 (Macro): 0.6071/0.6310/0.6126 | LR: 0.000005
Epoch [37/100] | Loss: 2.3191 (Cls: 1.9742, TAL: -0.1715, Adv: 2.6427) | Train Acc: 0.9922 | Val Acc: 0.9722 | Val P/R/F1 (Macro): 0.6327/0.6339/0.6326 | LR: 0.000005
Epoch [38/100] | Loss: 2.3010 (Cls: 1.9550, TAL: -0.2484, Adv: 2.8036) | Train Acc: 0.9922 | Val Acc: 0.9722 | Val P/R/F1 (Macro): 0.6327/0.6339/0.6326 | LR: 0.000005
Epoch [39/100] | Loss: 2.3339 (Cls: 2.0149, TAL: -0.2749, Adv: 2.6761) | Train Acc: 0.9688 | Val Acc: 0.9722 | Val P/R/F1 (Macro): 0.6327/0.6339/0.6326 | LR: 0.000005
Epoch [40/100] | Loss: 2.4022 (Cls: 2.0971, TAL: -0.2494, Adv: 2.5327) | Train Acc: 0.9844 | Val Acc: 1.0000 | Val P/R/F1 (Macro): 0.6429/0.6429/0.6429 | LR: 0.000005
Epoch [41/100] | Loss: 2.1679 (Cls: 1.9340, TAL: -0.2891, Adv: 2.1376) | Train Acc: 0.9922 | Val Acc: 1.0000 | Val P/R/F1 (Macro): 0.6429/0.6429/0.6429 | LR: 0.000005
Epoch [42/100] | Loss: 2.3743 (Cls: 2.1261, TAL: -0.2429, Adv: 2.1400) | Train Acc: 0.9922 | Val Acc: 1.0000 | Val P/R/F1 (Macro): 0.6429/0.6429/0.6429 | LR: 0.000005
Epoch [43/100] | Loss: 2.2213 (Cls: 1.9035, TAL: -0.1847, Adv: 2.4875) | Train Acc: 1.0000 | Val Acc: 1.0000 | Val P/R/F1 (Macro): 0.6429/0.6429/0.6429 | LR: 0.000005
Epoch [44/100] | Loss: 2.3030 (Cls: 1.9345, TAL: -0.1120, Adv: 2.6808) | Train Acc: 1.0000 | Val Acc: 0.9722 | Val P/R/F1 (Macro): 0.6327/0.6339/0.6326 | LR: 0.000005
Epoch [45/100] | Loss: 2.3291 (Cls: 1.9962, TAL: -0.2773, Adv: 2.7742) | Train Acc: 1.0000 | Val Acc: 1.0000 | Val P/R/F1 (Macro): 0.6429/0.6429/0.6429 | LR: 0.000003
Epoch [46/100] | Loss: 2.2764 (Cls: 1.9214, TAL: -0.2282, Adv: 2.8225) | Train Acc: 1.0000 | Val Acc: 0.9722 | Val P/R/F1 (Macro): 0.6071/0.6310/0.6126 | LR: 0.000003
Epoch [47/100] | Loss: 2.3035 (Cls: 2.0050, TAL: -0.2838, Adv: 2.5576) | Train Acc: 0.9922 | Val Acc: 1.0000 | Val P/R/F1 (Macro): 0.6429/0.6429/0.6429 | LR: 0.000003
Epoch [48/100] | Loss: 2.1459 (Cls: 1.8750, TAL: -0.3161, Adv: 2.4381) | Train Acc: 1.0000 | Val Acc: 1.0000 | Val P/R/F1 (Macro): 0.6429/0.6429/0.6429 | LR: 0.000003
Epoch [49/100] | Loss: 2.1819 (Cls: 1.9306, TAL: -0.3448, Adv: 2.3650) | Train Acc: 0.9922 | Val Acc: 1.0000 | Val P/R/F1 (Macro): 0.6429/0.6429/0.6429 | LR: 0.000003
Epoch [50/100] | Loss: 2.3070 (Cls: 1.9840, TAL: -0.3176, Adv: 2.7891) | Train Acc: 0.9844 | Val Acc: 1.0000 | Val P/R/F1 (Macro): 0.6429/0.6429/0.6429 | LR: 0.000003
Epoch [51/100] | Loss: 2.2701 (Cls: 1.9291, TAL: -0.2161, Adv: 2.7056) | Train Acc: 1.0000 | Val Acc: 1.0000 | Val P/R/F1 (Macro): 0.6429/0.6429/0.6429 | LR: 0.000003
Epoch [52/100] | Loss: 2.1996 (Cls: 1.8931, TAL: -0.2553, Adv: 2.5545) | Train Acc: 1.0000 | Val Acc: 0.9722 | Val P/R/F1 (Macro): 0.6327/0.6339/0.6326 | LR: 0.000003
Epoch [53/100] | Loss: 2.1884 (Cls: 1.8448, TAL: -0.1390, Adv: 2.5682) | Train Acc: 0.9922 | Val Acc: 1.0000 | Val P/R/F1 (Macro): 0.6429/0.6429/0.6429 | LR: 0.000003
Epoch [54/100] | Loss: 2.2483 (Cls: 1.9034, TAL: -0.2335, Adv: 2.7662) | Train Acc: 0.9766 | Val Acc: 1.0000 | Val P/R/F1 (Macro): 0.6429/0.6429/0.6429 | LR: 0.000003
Epoch [55/100] | Loss: 2.1567 (Cls: 1.8414, TAL: -0.2838, Adv: 2.6698) | Train Acc: 1.0000 | Val Acc: 1.0000 | Val P/R/F1 (Macro): 0.6429/0.6429/0.6429 | LR: 0.000003
Epoch [56/100] | Loss: 2.2952 (Cls: 1.9679, TAL: -0.1509, Adv: 2.4839) | Train Acc: 1.0000 | Val Acc: 1.0000 | Val P/R/F1 (Macro): 0.6429/0.6429/0.6429 | LR: 0.000001
Epoch [57/100] | Loss: 2.2311 (Cls: 1.9131, TAL: -0.1255, Adv: 2.3713) | Train Acc: 1.0000 | Val Acc: 1.0000 | Val P/R/F1 (Macro): 0.6429/0.6429/0.6429 | LR: 0.000001
Epoch [58/100] | Loss: 2.2101 (Cls: 1.8745, TAL: -0.2120, Adv: 2.6611) | Train Acc: 1.0000 | Val Acc: 1.0000 | Val P/R/F1 (Macro): 0.6429/0.6429/0.6429 | LR: 0.000001
Epoch [59/100] | Loss: 2.1876 (Cls: 1.7995, TAL: -0.1139, Adv: 2.8152) | Train Acc: 1.0000 | Val Acc: 0.9722 | Val P/R/F1 (Macro): 0.6071/0.6310/0.6126 | LR: 0.000001
Epoch [60/100] | Loss: 2.2117 (Cls: 1.8312, TAL: -0.1005, Adv: 2.7377) | Train Acc: 0.9844 | Val Acc: 0.9722 | Val P/R/F1 (Macro): 0.6071/0.6310/0.6126 | LR: 0.000001
Epoch [61/100] | Loss: 2.1616 (Cls: 1.8160, TAL: -0.0580, Adv: 2.4197) | Train Acc: 1.0000 | Val Acc: 1.0000 | Val P/R/F1 (Macro): 0.6429/0.6429/0.6429 | LR: 0.000001
Epoch [62/100] | Loss: 2.2102 (Cls: 1.8428, TAL: -0.1005, Adv: 2.6503) | Train Acc: 1.0000 | Val Acc: 0.9722 | Val P/R/F1 (Macro): 0.6071/0.6310/0.6126 | LR: 0.000001
Epoch [63/100] | Loss: 2.4203 (Cls: 1.9827, TAL: -0.0558, Adv: 3.0288) | Train Acc: 0.9922 | Val Acc: 0.9722 | Val P/R/F1 (Macro): 0.6286/0.6310/0.6284 | LR: 0.000001
Epoch [64/100] | Loss: 2.2336 (Cls: 1.7999, TAL: -0.1447, Adv: 3.1803) | Train Acc: 1.0000 | Val Acc: 1.0000 | Val P/R/F1 (Macro): 0.6429/0.6429/0.6429 | LR: 0.000001
Epoch [65/100] | Loss: 2.2500 (Cls: 1.8320, TAL: -0.0987, Adv: 2.9838) | Train Acc: 1.0000 | Val Acc: 0.9722 | Val P/R/F1 (Macro): 0.6286/0.6310/0.6284 | LR: 0.000001
Epoch [66/100] | Loss: 2.2721 (Cls: 1.8558, TAL: 0.0100, Adv: 2.7554) | Train Acc: 1.0000 | Val Acc: 1.0000 | Val P/R/F1 (Macro): 0.6429/0.6429/0.6429 | LR: 0.000001
Epoch [67/100] | Loss: 2.2511 (Cls: 1.8685, TAL: -0.1412, Adv: 2.8329) | Train Acc: 0.9922 | Val Acc: 0.9722 | Val P/R/F1 (Macro): 0.6071/0.6310/0.6126 | LR: 0.000001
Epoch [68/100] | Loss: 2.2330 (Cls: 1.8181, TAL: -0.1508, Adv: 3.0676) | Train Acc: 1.0000 | Val Acc: 1.0000 | Val P/R/F1 (Macro): 0.6429/0.6429/0.6429 | LR: 0.000001
Epoch [69/100] | Loss: 2.3093 (Cls: 1.8462, TAL: 0.0028, Adv: 3.0812) | Train Acc: 0.9922 | Val Acc: 0.9722 | Val P/R/F1 (Macro): 0.6071/0.6310/0.6126 | LR: 0.000001
Epoch [70/100] | Loss: 2.2100 (Cls: 1.8108, TAL: -0.1794, Adv: 3.0196) | Train Acc: 1.0000 | Val Acc: 0.9722 | Val P/R/F1 (Macro): 0.6071/0.6310/0.6126 | LR: 0.000001
Epoch [71/100] | Loss: 2.2158 (Cls: 1.8091, TAL: -0.1108, Adv: 2.9330) | Train Acc: 1.0000 | Val Acc: 1.0000 | Val P/R/F1 (Macro): 0.6429/0.6429/0.6429 | LR: 0.000001
Epoch [72/100] | Loss: 2.2849 (Cls: 1.8632, TAL: -0.1252, Adv: 3.0613) | Train Acc: 0.9922 | Val Acc: 1.0000 | Val P/R/F1 (Macro): 0.6429/0.6429/0.6429 | LR: 0.000001
Epoch [73/100] | Loss: 2.2848 (Cls: 1.8527, TAL: -0.1217, Adv: 3.1240) | Train Acc: 1.0000 | Val Acc: 1.0000 | Val P/R/F1 (Macro): 0.6429/0.6429/0.6429 | LR: 0.000001
Epoch [74/100] | Loss: 2.2886 (Cls: 1.8321, TAL: -0.1628, Adv: 3.3691) | Train Acc: 1.0000 | Val Acc: 1.0000 | Val P/R/F1 (Macro): 0.6429/0.6429/0.6429 | LR: 0.000001
Epoch [75/100] | Loss: 2.3128 (Cls: 1.8392, TAL: -0.1046, Adv: 3.3665) | Train Acc: 1.0000 | Val Acc: 1.0000 | Val P/R/F1 (Macro): 0.6429/0.6429/0.6429 | LR: 0.000001
Epoch [76/100] | Loss: 2.2263 (Cls: 1.8090, TAL: -0.1394, Adv: 3.0609) | Train Acc: 1.0000 | Val Acc: 1.0000 | Val P/R/F1 (Macro): 0.6429/0.6429/0.6429 | LR: 0.000001
Epoch [77/100] | Loss: 2.1972 (Cls: 1.8521, TAL: -0.2911, Adv: 2.8826) | Train Acc: 1.0000 | Val Acc: 1.0000 | Val P/R/F1 (Macro): 0.6429/0.6429/0.6429 | LR: 0.000001
Epoch [78/100] | Loss: 2.1731 (Cls: 1.8212, TAL: -0.2264, Adv: 2.7987) | Train Acc: 0.9922 | Val Acc: 1.0000 | Val P/R/F1 (Macro): 0.6429/0.6429/0.6429 | LR: 0.000001
Epoch [79/100] | Loss: 2.2379 (Cls: 1.8270, TAL: -0.2472, Adv: 3.2332) | Train Acc: 1.0000 | Val Acc: 0.9722 | Val P/R/F1 (Macro): 0.6071/0.6310/0.6126 | LR: 0.000001
Epoch [80/100] | Loss: 2.2750 (Cls: 1.8150, TAL: -0.1629, Adv: 3.3924) | Train Acc: 1.0000 | Val Acc: 0.9722 | Val P/R/F1 (Macro): 0.6286/0.6310/0.6284 | LR: 0.000001
Epoch [81/100] | Loss: 2.2979 (Cls: 1.8643, TAL: -0.2421, Adv: 3.3748) | Train Acc: 0.9922 | Val Acc: 0.9722 | Val P/R/F1 (Macro): 0.6071/0.6310/0.6126 | LR: 0.000001
Epoch [82/100] | Loss: 2.2776 (Cls: 1.8431, TAL: -0.2157, Adv: 3.3279) | Train Acc: 0.9922 | Val Acc: 1.0000 | Val P/R/F1 (Macro): 0.6429/0.6429/0.6429 | LR: 0.000001
Epoch [83/100] | Loss: 2.2010 (Cls: 1.8185, TAL: -0.1971, Adv: 2.9441) | Train Acc: 1.0000 | Val Acc: 0.9722 | Val P/R/F1 (Macro): 0.6310/0.6310/0.6299 | LR: 0.000001
Epoch [84/100] | Loss: 2.2139 (Cls: 1.8030, TAL: -0.2544, Adv: 3.2477) | Train Acc: 1.0000 | Val Acc: 1.0000 | Val P/R/F1 (Macro): 0.6429/0.6429/0.6429 | LR: 0.000001
Epoch [85/100] | Loss: 2.3060 (Cls: 1.8630, TAL: -0.1472, Adv: 3.2474) | Train Acc: 1.0000 | Val Acc: 1.0000 | Val P/R/F1 (Macro): 0.6429/0.6429/0.6429 | LR: 0.000001
Epoch [86/100] | Loss: 2.2254 (Cls: 1.8174, TAL: -0.1998, Adv: 3.1192) | Train Acc: 1.0000 | Val Acc: 0.9722 | Val P/R/F1 (Macro): 0.6071/0.6310/0.6126 | LR: 0.000001
Epoch [87/100] | Loss: 2.2857 (Cls: 1.8223, TAL: -0.1142, Adv: 3.3177) | Train Acc: 1.0000 | Val Acc: 0.9722 | Val P/R/F1 (Macro): 0.6071/0.6310/0.6126 | LR: 0.000001
Epoch [88/100] | Loss: 2.3800 (Cls: 1.8590, TAL: -0.0340, Adv: 3.5414) | Train Acc: 1.0000 | Val Acc: 0.9722 | Val P/R/F1 (Macro): 0.6071/0.6310/0.6126 | LR: 0.000001
Epoch [89/100] | Loss: 2.3469 (Cls: 1.8239, TAL: -0.1294, Adv: 3.7457) | Train Acc: 1.0000 | Val Acc: 1.0000 | Val P/R/F1 (Macro): 0.6429/0.6429/0.6429 | LR: 0.000001
Epoch [90/100] | Loss: 2.3256 (Cls: 1.8311, TAL: -0.0666, Adv: 3.4303) | Train Acc: 1.0000 | Val Acc: 1.0000 | Val P/R/F1 (Macro): 0.6429/0.6429/0.6429 | LR: 0.000001
Epoch [91/100] | Loss: 2.3425 (Cls: 1.8330, TAL: -0.0723, Adv: 3.5415) | Train Acc: 1.0000 | Val Acc: 1.0000 | Val P/R/F1 (Macro): 0.6429/0.6429/0.6429 | LR: 0.000001
Epoch [92/100] | Loss: 2.2866 (Cls: 1.8136, TAL: -0.1910, Adv: 3.5349) | Train Acc: 1.0000 | Val Acc: 1.0000 | Val P/R/F1 (Macro): 0.6429/0.6429/0.6429 | LR: 0.000001
Epoch [93/100] | Loss: 2.3485 (Cls: 1.8391, TAL: -0.0537, Adv: 3.5038) | Train Acc: 1.0000 | Val Acc: 0.9722 | Val P/R/F1 (Macro): 0.6071/0.6310/0.6126 | LR: 0.000001
Epoch [94/100] | Loss: 2.3120 (Cls: 1.8176, TAL: -0.1606, Adv: 3.6171) | Train Acc: 1.0000 | Val Acc: 1.0000 | Val P/R/F1 (Macro): 0.6429/0.6429/0.6429 | LR: 0.000001
Epoch [95/100] | Loss: 2.3278 (Cls: 1.8298, TAL: -0.1020, Adv: 3.5243) | Train Acc: 1.0000 | Val Acc: 1.0000 | Val P/R/F1 (Macro): 0.6429/0.6429/0.6429 | LR: 0.000001
Epoch [96/100] | Loss: 2.3447 (Cls: 1.8421, TAL: -0.0539, Adv: 3.4587) | Train Acc: 1.0000 | Val Acc: 1.0000 | Val P/R/F1 (Macro): 0.6429/0.6429/0.6429 | LR: 0.000001
Epoch [97/100] | Loss: 2.4011 (Cls: 1.8516, TAL: -0.1085, Adv: 3.8808) | Train Acc: 1.0000 | Val Acc: 0.9722 | Val P/R/F1 (Macro): 0.6071/0.6310/0.6126 | LR: 0.000001
Epoch [98/100] | Loss: 2.3820 (Cls: 1.8164, TAL: -0.1544, Adv: 4.0791) | Train Acc: 1.0000 | Val Acc: 1.0000 | Val P/R/F1 (Macro): 0.6429/0.6429/0.6429 | LR: 0.000001
Epoch [99/100] | Loss: 2.2879 (Cls: 1.7940, TAL: -0.2179, Adv: 3.7282) | Train Acc: 1.0000 | Val Acc: 1.0000 | Val P/R/F1 (Macro): 0.6429/0.6429/0.6429 | LR: 0.000001
Epoch [100/100] | Loss: 2.3472 (Cls: 1.8096, TAL: -0.0765, Adv: 3.7365) | Train Acc: 1.0000 | Val Acc: 1.0000 | Val P/R/F1 (Macro): 0.6429/0.6429/0.6429 | LR: 0.000001

迭代 5 最佳指标:
  Accuracy: 1.0000
  Precision (Macro): 0.6429
  Recall (Macro): 0.6429
  F1 (Macro): 0.6429
  Precision (Micro): 1.0000
  Recall (Micro): 1.0000
  F1 (Micro): 1.0000

================================================================================
5次迭代统计结果
================================================================================

accuracy:
  各迭代值: ['1.0000', '1.0000', '1.0000', '1.0000', '1.0000']
  均值 (Mean): 1.0000
  标准差 (Std): 0.0000

precision_macro:
  各迭代值: ['0.6429', '0.6429', '0.6429', '0.6429', '0.6429']
  均值 (Mean): 0.6429
  标准差 (Std): 0.0000

recall_macro:
  各迭代值: ['0.6429', '0.6429', '0.6429', '0.6429', '0.6429']
  均值 (Mean): 0.6429
  标准差 (Std): 0.0000

f1_macro:
  各迭代值: ['0.6429', '0.6429', '0.6429', '0.6429', '0.6429']
  均值 (Mean): 0.6429
  标准差 (Std): 0.0000

precision_micro:
  各迭代值: ['1.0000', '1.0000', '1.0000', '1.0000', '1.0000']
  均值 (Mean): 1.0000
  标准差 (Std): 0.0000

recall_micro:
  各迭代值: ['1.0000', '1.0000', '1.0000', '1.0000', '1.0000']
  均值 (Mean): 1.0000
  标准差 (Std): 0.0000

f1_micro:
  各迭代值: ['1.0000', '1.0000', '1.0000', '1.0000', '1.0000']
  均值 (Mean): 1.0000
  标准差 (Std): 0.0000

训练结束时间: 2026-06-29 11:15:43
================================================================================
