================================================================================
模块消融实验 - without_tensor_without_ot
目标域天气: 逆光
训练开始时间: 2026-07-13 16:43:32
设备: cuda
源域: /home/lixiang/lx/Data/晴天
目标域: /home/lixiang/lx/Data/逆光
批次大小: 32
总轮数: 100
迭代次数: 5
使用Tensor模块: 否
使用OT模块: 否
特征融合方式: 通道拼接
域对齐方式: 常规对抗
目标标签比例/权重: 0.06/0.16
Tensor/Adv损失权重: 0.0/0.1
学习率: feature=5e-06, other=0.0002, weight_decay=0.0005
报告策略: last_window, 窗口: 10
================================================================================

================================================================================
迭代 1/5
随机种子: 42
================================================================================
Training mode: unpaired target adaptation with controlled target-label loss (ratio=0.06, weight=0.16).
Fixed labeled target subset: 9/128 samples.
Feature fusion: Channel concatenation (512+512); fused_dim=1024
Domain adaptation: standard source-target adversarial training, no generator
Loss weights: tensor=0.00, adv=0.10
Epoch [1/100] | Loss: 3.5060 (Cls: 3.4211, TAL: 0.0000, Adv: 0.8495) | Train Acc: 0.1641 | Val Acc: 0.1111 | Val P/R/F1 (Macro): 0.1389/0.0972/0.1056 | LR: 0.000005
  >>> New Best Val Acc: 0.1111
Epoch [2/100] | Loss: 2.6080 (Cls: 2.5175, TAL: 0.0000, Adv: 0.9049) | Train Acc: 0.3281 | Val Acc: 0.1667 | Val P/R/F1 (Macro): 0.0222/0.1111/0.0370 | LR: 0.000005
  >>> New Best Val Acc: 0.1667
Epoch [3/100] | Loss: 2.3835 (Cls: 2.3021, TAL: 0.0000, Adv: 0.8144) | Train Acc: 0.3828 | Val Acc: 0.1389 | Val P/R/F1 (Macro): 0.0198/0.0926/0.0327 | LR: 0.000005
Epoch [4/100] | Loss: 2.3578 (Cls: 2.2801, TAL: 0.0000, Adv: 0.7772) | Train Acc: 0.4219 | Val Acc: 0.1389 | Val P/R/F1 (Macro): 0.0253/0.0926/0.0397 | LR: 0.000005
Epoch [5/100] | Loss: 1.9463 (Cls: 1.8621, TAL: 0.0000, Adv: 0.8422) | Train Acc: 0.5781 | Val Acc: 0.1111 | Val P/R/F1 (Macro): 0.0234/0.0741/0.0356 | LR: 0.000005
Epoch [6/100] | Loss: 2.0068 (Cls: 1.9250, TAL: 0.0000, Adv: 0.8179) | Train Acc: 0.5938 | Val Acc: 0.2222 | Val P/R/F1 (Macro): 0.1993/0.1759/0.1594 | LR: 0.000005
  >>> New Best Val Acc: 0.2222
Epoch [7/100] | Loss: 1.9621 (Cls: 1.8791, TAL: 0.0000, Adv: 0.8306) | Train Acc: 0.6172 | Val Acc: 0.3611 | Val P/R/F1 (Macro): 0.3778/0.4722/0.4092 | LR: 0.000005
  >>> New Best Val Acc: 0.3611
Epoch [8/100] | Loss: 2.0206 (Cls: 1.9440, TAL: 0.0000, Adv: 0.7666) | Train Acc: 0.5156 | Val Acc: 0.3611 | Val P/R/F1 (Macro): 0.5093/0.4074/0.3958 | LR: 0.000005
Epoch [9/100] | Loss: 1.9096 (Cls: 1.8338, TAL: 0.0000, Adv: 0.7578) | Train Acc: 0.6016 | Val Acc: 0.4167 | Val P/R/F1 (Macro): 0.6605/0.5315/0.4764 | LR: 0.000005
  >>> New Best Val Acc: 0.4167
Epoch [10/100] | Loss: 1.6359 (Cls: 1.5651, TAL: 0.0000, Adv: 0.7085) | Train Acc: 0.6484 | Val Acc: 0.3889 | Val P/R/F1 (Macro): 0.5738/0.4861/0.4202 | LR: 0.000005
Epoch [11/100] | Loss: 1.6605 (Cls: 1.5840, TAL: 0.0000, Adv: 0.7648) | Train Acc: 0.6719 | Val Acc: 0.4722 | Val P/R/F1 (Macro): 0.6386/0.5741/0.5058 | LR: 0.000005
  >>> New Best Val Acc: 0.4722
Epoch [12/100] | Loss: 1.6891 (Cls: 1.6159, TAL: 0.0000, Adv: 0.7321) | Train Acc: 0.6484 | Val Acc: 0.4444 | Val P/R/F1 (Macro): 0.7912/0.5407/0.5566 | LR: 0.000005
Epoch [13/100] | Loss: 1.5696 (Cls: 1.5043, TAL: 0.0000, Adv: 0.6529) | Train Acc: 0.7031 | Val Acc: 0.4444 | Val P/R/F1 (Macro): 0.8274/0.5407/0.5810 | LR: 0.000005
Epoch [14/100] | Loss: 1.6430 (Cls: 1.5682, TAL: 0.0000, Adv: 0.7475) | Train Acc: 0.6953 | Val Acc: 0.5278 | Val P/R/F1 (Macro): 0.7160/0.6343/0.6317 | LR: 0.000005
  >>> New Best Val Acc: 0.5278
Epoch [15/100] | Loss: 1.4656 (Cls: 1.3917, TAL: 0.0000, Adv: 0.7395) | Train Acc: 0.7344 | Val Acc: 0.5278 | Val P/R/F1 (Macro): 0.7454/0.5407/0.5709 | LR: 0.000005
Epoch [16/100] | Loss: 1.3154 (Cls: 1.2432, TAL: 0.0000, Adv: 0.7219) | Train Acc: 0.7891 | Val Acc: 0.3889 | Val P/R/F1 (Macro): 0.6667/0.5130/0.5175 | LR: 0.000005
Epoch [17/100] | Loss: 1.3416 (Cls: 1.2727, TAL: 0.0000, Adv: 0.6886) | Train Acc: 0.7422 | Val Acc: 0.3889 | Val P/R/F1 (Macro): 0.4926/0.5278/0.4630 | LR: 0.000005
Epoch [18/100] | Loss: 1.2424 (Cls: 1.1722, TAL: 0.0000, Adv: 0.7020) | Train Acc: 0.8438 | Val Acc: 0.4167 | Val P/R/F1 (Macro): 0.4766/0.5324/0.4259 | LR: 0.000005
Epoch [19/100] | Loss: 1.3751 (Cls: 1.3002, TAL: 0.0000, Adv: 0.7492) | Train Acc: 0.7891 | Val Acc: 0.4722 | Val P/R/F1 (Macro): 0.5435/0.5417/0.5033 | LR: 0.000005
Epoch [20/100] | Loss: 1.2884 (Cls: 1.2149, TAL: 0.0000, Adv: 0.7346) | Train Acc: 0.8281 | Val Acc: 0.5000 | Val P/R/F1 (Macro): 0.6746/0.5907/0.6020 | LR: 0.000005
Epoch [21/100] | Loss: 1.2616 (Cls: 1.1879, TAL: 0.0000, Adv: 0.7368) | Train Acc: 0.8438 | Val Acc: 0.5833 | Val P/R/F1 (Macro): 0.8194/0.6787/0.6675 | LR: 0.000005
  >>> New Best Val Acc: 0.5833
Epoch [22/100] | Loss: 1.2054 (Cls: 1.1359, TAL: 0.0000, Adv: 0.6956) | Train Acc: 0.8281 | Val Acc: 0.4444 | Val P/R/F1 (Macro): 0.6608/0.5500/0.5319 | LR: 0.000005
Epoch [23/100] | Loss: 1.1960 (Cls: 1.1287, TAL: 0.0000, Adv: 0.6733) | Train Acc: 0.8672 | Val Acc: 0.4444 | Val P/R/F1 (Macro): 0.6123/0.5741/0.5263 | LR: 0.000005
Epoch [24/100] | Loss: 1.1620 (Cls: 1.0934, TAL: 0.0000, Adv: 0.6867) | Train Acc: 0.8516 | Val Acc: 0.5000 | Val P/R/F1 (Macro): 0.6463/0.6204/0.5735 | LR: 0.000005
Epoch [25/100] | Loss: 1.2763 (Cls: 1.2064, TAL: 0.0000, Adv: 0.6988) | Train Acc: 0.7891 | Val Acc: 0.5278 | Val P/R/F1 (Macro): 0.5611/0.6620/0.5815 | LR: 0.000005
Epoch [26/100] | Loss: 1.1982 (Cls: 1.1261, TAL: 0.0000, Adv: 0.7211) | Train Acc: 0.8438 | Val Acc: 0.5278 | Val P/R/F1 (Macro): 0.6735/0.5491/0.5443 | LR: 0.000005
Epoch [27/100] | Loss: 1.0597 (Cls: 0.9920, TAL: 0.0000, Adv: 0.6765) | Train Acc: 0.8594 | Val Acc: 0.4167 | Val P/R/F1 (Macro): 0.5805/0.4565/0.4693 | LR: 0.000005
Epoch [28/100] | Loss: 1.1483 (Cls: 1.0801, TAL: 0.0000, Adv: 0.6821) | Train Acc: 0.8516 | Val Acc: 0.4444 | Val P/R/F1 (Macro): 0.6531/0.5639/0.4832 | LR: 0.000005
Epoch [29/100] | Loss: 1.0313 (Cls: 0.9654, TAL: 0.0000, Adv: 0.6583) | Train Acc: 0.9375 | Val Acc: 0.4167 | Val P/R/F1 (Macro): 0.7037/0.5361/0.5105 | LR: 0.000005
Epoch [30/100] | Loss: 1.1070 (Cls: 1.0419, TAL: 0.0000, Adv: 0.6511) | Train Acc: 0.8828 | Val Acc: 0.5000 | Val P/R/F1 (Macro): 0.7963/0.5963/0.6206 | LR: 0.000005
Epoch [31/100] | Loss: 1.1099 (Cls: 1.0431, TAL: 0.0000, Adv: 0.6680) | Train Acc: 0.8750 | Val Acc: 0.5278 | Val P/R/F1 (Macro): 0.6037/0.5741/0.5661 | LR: 0.000005
Epoch [32/100] | Loss: 1.0754 (Cls: 1.0055, TAL: 0.0000, Adv: 0.6995) | Train Acc: 0.8906 | Val Acc: 0.5556 | Val P/R/F1 (Macro): 0.8426/0.6046/0.6569 | LR: 0.000003
Epoch [33/100] | Loss: 1.0380 (Cls: 0.9711, TAL: 0.0000, Adv: 0.6686) | Train Acc: 0.8906 | Val Acc: 0.5278 | Val P/R/F1 (Macro): 0.8098/0.6000/0.6375 | LR: 0.000003
Epoch [34/100] | Loss: 1.1023 (Cls: 1.0383, TAL: 0.0000, Adv: 0.6399) | Train Acc: 0.8672 | Val Acc: 0.5556 | Val P/R/F1 (Macro): 0.7661/0.6611/0.6193 | LR: 0.000003
Epoch [35/100] | Loss: 1.0717 (Cls: 1.0076, TAL: 0.0000, Adv: 0.6407) | Train Acc: 0.9219 | Val Acc: 0.5000 | Val P/R/F1 (Macro): 0.7050/0.6194/0.5513 | LR: 0.000003
Epoch [36/100] | Loss: 1.0555 (Cls: 0.9899, TAL: 0.0000, Adv: 0.6561) | Train Acc: 0.8750 | Val Acc: 0.4167 | Val P/R/F1 (Macro): 0.6032/0.5324/0.4852 | LR: 0.000003
Epoch [37/100] | Loss: 1.0040 (Cls: 0.9396, TAL: 0.0000, Adv: 0.6444) | Train Acc: 0.9688 | Val Acc: 0.4167 | Val P/R/F1 (Macro): 0.4907/0.5324/0.4759 | LR: 0.000003
Epoch [38/100] | Loss: 0.9389 (Cls: 0.8778, TAL: 0.0000, Adv: 0.6104) | Train Acc: 0.9062 | Val Acc: 0.4167 | Val P/R/F1 (Macro): 0.6524/0.5361/0.5117 | LR: 0.000003
Epoch [39/100] | Loss: 0.9914 (Cls: 0.9281, TAL: 0.0000, Adv: 0.6333) | Train Acc: 0.9375 | Val Acc: 0.4722 | Val P/R/F1 (Macro): 0.7519/0.6009/0.5568 | LR: 0.000003
Epoch [40/100] | Loss: 0.9641 (Cls: 0.9006, TAL: 0.0000, Adv: 0.6347) | Train Acc: 0.9062 | Val Acc: 0.4722 | Val P/R/F1 (Macro): 0.7130/0.6009/0.5662 | LR: 0.000003
Epoch [41/100] | Loss: 0.9883 (Cls: 0.9253, TAL: 0.0000, Adv: 0.6295) | Train Acc: 0.9453 | Val Acc: 0.4722 | Val P/R/F1 (Macro): 0.7642/0.5824/0.5609 | LR: 0.000003
Epoch [42/100] | Loss: 0.8768 (Cls: 0.8189, TAL: 0.0000, Adv: 0.5788) | Train Acc: 1.0000 | Val Acc: 0.5000 | Val P/R/F1 (Macro): 0.5816/0.6343/0.5648 | LR: 0.000003
Epoch [43/100] | Loss: 0.9273 (Cls: 0.8655, TAL: 0.0000, Adv: 0.6174) | Train Acc: 0.9531 | Val Acc: 0.5000 | Val P/R/F1 (Macro): 0.6261/0.6343/0.5580 | LR: 0.000001
Epoch [44/100] | Loss: 0.9432 (Cls: 0.8833, TAL: 0.0000, Adv: 0.5988) | Train Acc: 0.9219 | Val Acc: 0.5556 | Val P/R/F1 (Macro): 0.6227/0.6759/0.5975 | LR: 0.000001
Epoch [45/100] | Loss: 0.9485 (Cls: 0.8888, TAL: 0.0000, Adv: 0.5980) | Train Acc: 0.9297 | Val Acc: 0.5278 | Val P/R/F1 (Macro): 0.6172/0.6481/0.5820 | LR: 0.000001
Epoch [46/100] | Loss: 0.8882 (Cls: 0.8336, TAL: 0.0000, Adv: 0.5461) | Train Acc: 0.9609 | Val Acc: 0.5000 | Val P/R/F1 (Macro): 0.7828/0.6102/0.5824 | LR: 0.000001
Epoch [47/100] | Loss: 0.9195 (Cls: 0.8593, TAL: 0.0000, Adv: 0.6026) | Train Acc: 0.9297 | Val Acc: 0.5000 | Val P/R/F1 (Macro): 0.8069/0.6102/0.5908 | LR: 0.000001
Epoch [48/100] | Loss: 0.9609 (Cls: 0.9063, TAL: 0.0000, Adv: 0.5463) | Train Acc: 0.9453 | Val Acc: 0.5000 | Val P/R/F1 (Macro): 0.6624/0.6102/0.5702 | LR: 0.000001
Epoch [49/100] | Loss: 0.9243 (Cls: 0.8715, TAL: 0.0000, Adv: 0.5279) | Train Acc: 0.9531 | Val Acc: 0.5000 | Val P/R/F1 (Macro): 0.6624/0.6102/0.5702 | LR: 0.000001
Epoch [50/100] | Loss: 0.9282 (Cls: 0.8748, TAL: 0.0000, Adv: 0.5337) | Train Acc: 0.9609 | Val Acc: 0.4722 | Val P/R/F1 (Macro): 0.6574/0.5917/0.5617 | LR: 0.000001
Epoch [51/100] | Loss: 0.9127 (Cls: 0.8575, TAL: 0.0000, Adv: 0.5521) | Train Acc: 0.9688 | Val Acc: 0.4722 | Val P/R/F1 (Macro): 0.6574/0.5917/0.5617 | LR: 0.000001
Epoch [52/100] | Loss: 0.9243 (Cls: 0.8724, TAL: 0.0000, Adv: 0.5191) | Train Acc: 0.9531 | Val Acc: 0.4722 | Val P/R/F1 (Macro): 0.6204/0.5917/0.5469 | LR: 0.000001
Epoch [53/100] | Loss: 0.9456 (Cls: 0.8902, TAL: 0.0000, Adv: 0.5545) | Train Acc: 0.9688 | Val Acc: 0.4722 | Val P/R/F1 (Macro): 0.6204/0.5917/0.5469 | LR: 0.000001
Epoch [54/100] | Loss: 0.8872 (Cls: 0.8347, TAL: 0.0000, Adv: 0.5249) | Train Acc: 0.9531 | Val Acc: 0.5000 | Val P/R/F1 (Macro): 0.7557/0.6194/0.6000 | LR: 0.000001
Epoch [55/100] | Loss: 0.9486 (Cls: 0.8988, TAL: 0.0000, Adv: 0.4974) | Train Acc: 0.9453 | Val Acc: 0.5000 | Val P/R/F1 (Macro): 0.7315/0.6194/0.5914 | LR: 0.000001
Epoch [56/100] | Loss: 0.8608 (Cls: 0.8116, TAL: 0.0000, Adv: 0.4924) | Train Acc: 0.9766 | Val Acc: 0.5000 | Val P/R/F1 (Macro): 0.6852/0.6287/0.5705 | LR: 0.000001
Epoch [57/100] | Loss: 0.8688 (Cls: 0.8194, TAL: 0.0000, Adv: 0.4940) | Train Acc: 0.9844 | Val Acc: 0.5000 | Val P/R/F1 (Macro): 0.6852/0.6287/0.5705 | LR: 0.000001
Epoch [58/100] | Loss: 0.8987 (Cls: 0.8501, TAL: 0.0000, Adv: 0.4855) | Train Acc: 0.9531 | Val Acc: 0.5000 | Val P/R/F1 (Macro): 0.7315/0.6194/0.5864 | LR: 0.000001
Epoch [59/100] | Loss: 0.8711 (Cls: 0.8230, TAL: 0.0000, Adv: 0.4817) | Train Acc: 0.9531 | Val Acc: 0.4722 | Val P/R/F1 (Macro): 0.6237/0.6102/0.5586 | LR: 0.000001
Epoch [60/100] | Loss: 0.9083 (Cls: 0.8669, TAL: 0.0000, Adv: 0.4133) | Train Acc: 0.9453 | Val Acc: 0.5000 | Val P/R/F1 (Macro): 0.6386/0.6380/0.5879 | LR: 0.000001
Epoch [61/100] | Loss: 0.8400 (Cls: 0.7911, TAL: 0.0000, Adv: 0.4887) | Train Acc: 0.9688 | Val Acc: 0.5000 | Val P/R/F1 (Macro): 0.6386/0.6380/0.5879 | LR: 0.000001
Epoch [62/100] | Loss: 0.8881 (Cls: 0.8447, TAL: 0.0000, Adv: 0.4343) | Train Acc: 0.9766 | Val Acc: 0.5000 | Val P/R/F1 (Macro): 0.7185/0.6287/0.6117 | LR: 0.000001
Epoch [63/100] | Loss: 0.8740 (Cls: 0.8351, TAL: 0.0000, Adv: 0.3890) | Train Acc: 0.9688 | Val Acc: 0.4722 | Val P/R/F1 (Macro): 0.5519/0.6157/0.5599 | LR: 0.000001
Epoch [64/100] | Loss: 0.8696 (Cls: 0.8264, TAL: 0.0000, Adv: 0.4319) | Train Acc: 0.9766 | Val Acc: 0.5000 | Val P/R/F1 (Macro): 0.6630/0.6380/0.5969 | LR: 0.000001
Epoch [65/100] | Loss: 0.8638 (Cls: 0.8229, TAL: 0.0000, Adv: 0.4091) | Train Acc: 0.9844 | Val Acc: 0.5556 | Val P/R/F1 (Macro): 0.6907/0.6704/0.6261 | LR: 0.000001
Epoch [66/100] | Loss: 0.9109 (Cls: 0.8721, TAL: 0.0000, Adv: 0.3884) | Train Acc: 0.9297 | Val Acc: 0.5833 | Val P/R/F1 (Macro): 0.8032/0.7028/0.6607 | LR: 0.000001
Epoch [67/100] | Loss: 0.8219 (Cls: 0.7794, TAL: 0.0000, Adv: 0.4242) | Train Acc: 0.9844 | Val Acc: 0.5556 | Val P/R/F1 (Macro): 0.7976/0.6750/0.6452 | LR: 0.000001
Epoch [68/100] | Loss: 0.8453 (Cls: 0.8086, TAL: 0.0000, Adv: 0.3669) | Train Acc: 0.9766 | Val Acc: 0.5556 | Val P/R/F1 (Macro): 0.7735/0.6750/0.6368 | LR: 0.000001
Epoch [69/100] | Loss: 0.8445 (Cls: 0.8110, TAL: 0.0000, Adv: 0.3349) | Train Acc: 0.9922 | Val Acc: 0.5278 | Val P/R/F1 (Macro): 0.7130/0.6565/0.6210 | LR: 0.000001
Epoch [70/100] | Loss: 0.9028 (Cls: 0.8677, TAL: 0.0000, Adv: 0.3510) | Train Acc: 0.9297 | Val Acc: 0.5556 | Val P/R/F1 (Macro): 0.6857/0.6704/0.6212 | LR: 0.000001
Epoch [71/100] | Loss: 0.8348 (Cls: 0.8018, TAL: 0.0000, Adv: 0.3304) | Train Acc: 0.9688 | Val Acc: 0.5556 | Val P/R/F1 (Macro): 0.7357/0.6704/0.6428 | LR: 0.000001
Epoch [72/100] | Loss: 0.8376 (Cls: 0.8035, TAL: 0.0000, Adv: 0.3401) | Train Acc: 0.9922 | Val Acc: 0.5556 | Val P/R/F1 (Macro): 0.7735/0.6750/0.6368 | LR: 0.000001
Epoch [73/100] | Loss: 0.8610 (Cls: 0.8254, TAL: 0.0000, Adv: 0.3557) | Train Acc: 0.9844 | Val Acc: 0.5556 | Val P/R/F1 (Macro): 0.7357/0.6704/0.6428 | LR: 0.000001
Epoch [74/100] | Loss: 0.8565 (Cls: 0.8231, TAL: 0.0000, Adv: 0.3341) | Train Acc: 0.9688 | Val Acc: 0.5278 | Val P/R/F1 (Macro): 0.6630/0.6565/0.5994 | LR: 0.000001
Epoch [75/100] | Loss: 0.8757 (Cls: 0.8472, TAL: 0.0000, Adv: 0.2848) | Train Acc: 0.9609 | Val Acc: 0.5556 | Val P/R/F1 (Macro): 0.7791/0.6657/0.6301 | LR: 0.000001
Epoch [76/100] | Loss: 0.8678 (Cls: 0.8382, TAL: 0.0000, Adv: 0.2962) | Train Acc: 0.9766 | Val Acc: 0.5556 | Val P/R/F1 (Macro): 0.7791/0.6657/0.6301 | LR: 0.000001
Epoch [77/100] | Loss: 0.8672 (Cls: 0.8366, TAL: 0.0000, Adv: 0.3059) | Train Acc: 0.9609 | Val Acc: 0.5278 | Val P/R/F1 (Macro): 0.7427/0.6472/0.6229 | LR: 0.000001
Epoch [78/100] | Loss: 0.7958 (Cls: 0.7697, TAL: 0.0000, Adv: 0.2612) | Train Acc: 0.9844 | Val Acc: 0.5556 | Val P/R/F1 (Macro): 0.7976/0.6750/0.6452 | LR: 0.000001
Epoch [79/100] | Loss: 0.8751 (Cls: 0.8471, TAL: 0.0000, Adv: 0.2804) | Train Acc: 0.9688 | Val Acc: 0.5278 | Val P/R/F1 (Macro): 0.7976/0.6380/0.6230 | LR: 0.000001
Epoch [80/100] | Loss: 0.8698 (Cls: 0.8438, TAL: 0.0000, Adv: 0.2600) | Train Acc: 0.9688 | Val Acc: 0.5278 | Val P/R/F1 (Macro): 0.7976/0.6380/0.6230 | LR: 0.000001
Epoch [81/100] | Loss: 0.8624 (Cls: 0.8302, TAL: 0.0000, Adv: 0.3223) | Train Acc: 0.9531 | Val Acc: 0.5278 | Val P/R/F1 (Macro): 0.7735/0.6380/0.6146 | LR: 0.000001
Epoch [82/100] | Loss: 0.8350 (Cls: 0.8068, TAL: 0.0000, Adv: 0.2825) | Train Acc: 0.9844 | Val Acc: 0.5278 | Val P/R/F1 (Macro): 0.7976/0.6380/0.6230 | LR: 0.000001
Epoch [83/100] | Loss: 0.8232 (Cls: 0.7986, TAL: 0.0000, Adv: 0.2465) | Train Acc: 0.9844 | Val Acc: 0.5556 | Val P/R/F1 (Macro): 0.7976/0.6750/0.6452 | LR: 0.000001
Epoch [84/100] | Loss: 0.8472 (Cls: 0.8205, TAL: 0.0000, Adv: 0.2662) | Train Acc: 0.9609 | Val Acc: 0.5000 | Val P/R/F1 (Macro): 0.6574/0.6287/0.5840 | LR: 0.000001
Epoch [85/100] | Loss: 0.8991 (Cls: 0.8747, TAL: 0.0000, Adv: 0.2437) | Train Acc: 0.9297 | Val Acc: 0.5278 | Val P/R/F1 (Macro): 0.6624/0.6472/0.5924 | LR: 0.000001
Epoch [86/100] | Loss: 0.8222 (Cls: 0.7981, TAL: 0.0000, Adv: 0.2405) | Train Acc: 0.9766 | Val Acc: 0.5000 | Val P/R/F1 (Macro): 0.6574/0.6287/0.5840 | LR: 0.000001
Epoch [87/100] | Loss: 0.8544 (Cls: 0.8259, TAL: 0.0000, Adv: 0.2852) | Train Acc: 0.9844 | Val Acc: 0.5278 | Val P/R/F1 (Macro): 0.7976/0.6380/0.6230 | LR: 0.000001
Epoch [88/100] | Loss: 0.8391 (Cls: 0.8202, TAL: 0.0000, Adv: 0.1894) | Train Acc: 0.9766 | Val Acc: 0.5000 | Val P/R/F1 (Macro): 0.7884/0.6102/0.6032 | LR: 0.000001
Epoch [89/100] | Loss: 0.8221 (Cls: 0.8021, TAL: 0.0000, Adv: 0.1997) | Train Acc: 0.9844 | Val Acc: 0.5000 | Val P/R/F1 (Macro): 0.7884/0.6102/0.6032 | LR: 0.000001
Epoch [90/100] | Loss: 0.8212 (Cls: 0.7984, TAL: 0.0000, Adv: 0.2280) | Train Acc: 0.9844 | Val Acc: 0.5278 | Val P/R/F1 (Macro): 0.7976/0.6380/0.6230 | LR: 0.000001
Epoch [91/100] | Loss: 0.8480 (Cls: 0.8281, TAL: 0.0000, Adv: 0.1993) | Train Acc: 0.9844 | Val Acc: 0.5000 | Val P/R/F1 (Macro): 0.6865/0.6157/0.5860 | LR: 0.000001
Epoch [92/100] | Loss: 0.8065 (Cls: 0.7836, TAL: 0.0000, Adv: 0.2295) | Train Acc: 0.9922 | Val Acc: 0.4722 | Val P/R/F1 (Macro): 0.6772/0.5880/0.5661 | LR: 0.000001
Epoch [93/100] | Loss: 0.8283 (Cls: 0.8088, TAL: 0.0000, Adv: 0.1945) | Train Acc: 0.9766 | Val Acc: 0.5556 | Val P/R/F1 (Macro): 0.7976/0.6750/0.6452 | LR: 0.000001
Epoch [94/100] | Loss: 0.8615 (Cls: 0.8355, TAL: 0.0000, Adv: 0.2602) | Train Acc: 0.9531 | Val Acc: 0.5278 | Val P/R/F1 (Macro): 0.6865/0.6472/0.6008 | LR: 0.000001
Epoch [95/100] | Loss: 0.8290 (Cls: 0.8065, TAL: 0.0000, Adv: 0.2253) | Train Acc: 0.9766 | Val Acc: 0.4722 | Val P/R/F1 (Macro): 0.6587/0.5917/0.5545 | LR: 0.000001
Epoch [96/100] | Loss: 0.8208 (Cls: 0.8057, TAL: 0.0000, Adv: 0.1506) | Train Acc: 0.9609 | Val Acc: 0.5278 | Val P/R/F1 (Macro): 0.7884/0.6472/0.6254 | LR: 0.000001
Epoch [97/100] | Loss: 0.8489 (Cls: 0.8275, TAL: 0.0000, Adv: 0.2138) | Train Acc: 0.9688 | Val Acc: 0.5278 | Val P/R/F1 (Macro): 0.7884/0.6472/0.6254 | LR: 0.000001
Epoch [98/100] | Loss: 0.8208 (Cls: 0.8004, TAL: 0.0000, Adv: 0.2038) | Train Acc: 0.9922 | Val Acc: 0.5278 | Val P/R/F1 (Macro): 0.7884/0.6472/0.6254 | LR: 0.000001
Epoch [99/100] | Loss: 0.8571 (Cls: 0.8348, TAL: 0.0000, Adv: 0.2235) | Train Acc: 0.9453 | Val Acc: 0.5278 | Val P/R/F1 (Macro): 0.7884/0.6472/0.6254 | LR: 0.000001
Epoch [100/100] | Loss: 0.8450 (Cls: 0.8249, TAL: 0.0000, Adv: 0.2018) | Train Acc: 0.9688 | Val Acc: 0.5278 | Val P/R/F1 (Macro): 0.7884/0.6472/0.6254 | LR: 0.000001
Report strategy: last_window, window=10, reported_acc=0.5167, best_acc=0.5833

迭代 1 报告指标:
  Accuracy: 0.5167
  Precision (Macro): 0.7448
  Recall (Macro): 0.6354
  F1 (Macro): 0.6080
  Precision (Micro): 0.5167
  Recall (Micro): 0.5167
  F1 (Micro): 0.5167
  Val class coverage: 9/14 (0.6429), samples=36

================================================================================
迭代 2/5
随机种子: 43
================================================================================
Training mode: unpaired target adaptation with controlled target-label loss (ratio=0.06, weight=0.16).
Fixed labeled target subset: 9/128 samples.
Feature fusion: Channel concatenation (512+512); fused_dim=1024
Domain adaptation: standard source-target adversarial training, no generator
Loss weights: tensor=0.00, adv=0.10
Epoch [1/100] | Loss: 3.3201 (Cls: 3.2368, TAL: 0.0000, Adv: 0.8329) | Train Acc: 0.1250 | Val Acc: 0.2222 | Val P/R/F1 (Macro): 0.1019/0.1667/0.1079 | LR: 0.000005
  >>> New Best Val Acc: 0.2222
Epoch [2/100] | Loss: 2.8227 (Cls: 2.7408, TAL: 0.0000, Adv: 0.8196) | Train Acc: 0.2656 | Val Acc: 0.1667 | Val P/R/F1 (Macro): 0.0238/0.1111/0.0392 | LR: 0.000005
Epoch [3/100] | Loss: 2.6000 (Cls: 2.5202, TAL: 0.0000, Adv: 0.7977) | Train Acc: 0.2812 | Val Acc: 0.2500 | Val P/R/F1 (Macro): 0.0556/0.1778/0.0845 | LR: 0.000005
  >>> New Best Val Acc: 0.2500
Epoch [4/100] | Loss: 2.2860 (Cls: 2.2030, TAL: 0.0000, Adv: 0.8299) | Train Acc: 0.3750 | Val Acc: 0.1389 | Val P/R/F1 (Macro): 0.1065/0.1204/0.0963 | LR: 0.000005
Epoch [5/100] | Loss: 2.2272 (Cls: 2.1413, TAL: 0.0000, Adv: 0.8590) | Train Acc: 0.4531 | Val Acc: 0.1389 | Val P/R/F1 (Macro): 0.0500/0.1204/0.0668 | LR: 0.000005
Epoch [6/100] | Loss: 2.3074 (Cls: 2.2296, TAL: 0.0000, Adv: 0.7776) | Train Acc: 0.4141 | Val Acc: 0.2500 | Val P/R/F1 (Macro): 0.2685/0.2315/0.2256 | LR: 0.000005
Epoch [7/100] | Loss: 1.9275 (Cls: 1.8511, TAL: 0.0000, Adv: 0.7639) | Train Acc: 0.5703 | Val Acc: 0.3611 | Val P/R/F1 (Macro): 0.4421/0.3194/0.3048 | LR: 0.000005
  >>> New Best Val Acc: 0.3611
Epoch [8/100] | Loss: 1.9560 (Cls: 1.8797, TAL: 0.0000, Adv: 0.7627) | Train Acc: 0.6094 | Val Acc: 0.4722 | Val P/R/F1 (Macro): 0.5712/0.5093/0.4976 | LR: 0.000005
  >>> New Best Val Acc: 0.4722
Epoch [9/100] | Loss: 1.6525 (Cls: 1.5805, TAL: 0.0000, Adv: 0.7193) | Train Acc: 0.6172 | Val Acc: 0.4444 | Val P/R/F1 (Macro): 0.5135/0.4630/0.4465 | LR: 0.000005
Epoch [10/100] | Loss: 1.7225 (Cls: 1.6459, TAL: 0.0000, Adv: 0.7658) | Train Acc: 0.6953 | Val Acc: 0.5000 | Val P/R/F1 (Macro): 0.5754/0.6157/0.5313 | LR: 0.000005
  >>> New Best Val Acc: 0.5000
Epoch [11/100] | Loss: 1.6930 (Cls: 1.6182, TAL: 0.0000, Adv: 0.7478) | Train Acc: 0.6328 | Val Acc: 0.4722 | Val P/R/F1 (Macro): 0.5946/0.5824/0.4936 | LR: 0.000005
Epoch [12/100] | Loss: 1.5068 (Cls: 1.4331, TAL: 0.0000, Adv: 0.7368) | Train Acc: 0.7109 | Val Acc: 0.4722 | Val P/R/F1 (Macro): 0.4061/0.5463/0.4472 | LR: 0.000005
Epoch [13/100] | Loss: 1.5811 (Cls: 1.5030, TAL: 0.0000, Adv: 0.7809) | Train Acc: 0.6641 | Val Acc: 0.5833 | Val P/R/F1 (Macro): 0.7020/0.7065/0.6333 | LR: 0.000005
  >>> New Best Val Acc: 0.5833
Epoch [14/100] | Loss: 1.4128 (Cls: 1.3402, TAL: 0.0000, Adv: 0.7256) | Train Acc: 0.7266 | Val Acc: 0.5000 | Val P/R/F1 (Macro): 0.5611/0.6481/0.5502 | LR: 0.000005
Epoch [15/100] | Loss: 1.5620 (Cls: 1.4890, TAL: 0.0000, Adv: 0.7299) | Train Acc: 0.7422 | Val Acc: 0.5000 | Val P/R/F1 (Macro): 0.5162/0.6389/0.5014 | LR: 0.000005
Epoch [16/100] | Loss: 1.5077 (Cls: 1.4341, TAL: 0.0000, Adv: 0.7360) | Train Acc: 0.7031 | Val Acc: 0.5278 | Val P/R/F1 (Macro): 0.6572/0.6481/0.5659 | LR: 0.000005
Epoch [17/100] | Loss: 1.4046 (Cls: 1.3328, TAL: 0.0000, Adv: 0.7180) | Train Acc: 0.7344 | Val Acc: 0.6944 | Val P/R/F1 (Macro): 0.7815/0.6657/0.6642 | LR: 0.000005
  >>> New Best Val Acc: 0.6944
Epoch [18/100] | Loss: 1.3384 (Cls: 1.2677, TAL: 0.0000, Adv: 0.7071) | Train Acc: 0.8047 | Val Acc: 0.6389 | Val P/R/F1 (Macro): 0.7750/0.6639/0.6297 | LR: 0.000005
Epoch [19/100] | Loss: 1.2606 (Cls: 1.1883, TAL: 0.0000, Adv: 0.7226) | Train Acc: 0.8359 | Val Acc: 0.6389 | Val P/R/F1 (Macro): 0.8111/0.7481/0.7295 | LR: 0.000005
Epoch [20/100] | Loss: 1.3328 (Cls: 1.2650, TAL: 0.0000, Adv: 0.6779) | Train Acc: 0.8047 | Val Acc: 0.6111 | Val P/R/F1 (Macro): 0.7828/0.7167/0.6566 | LR: 0.000005
Epoch [21/100] | Loss: 1.2235 (Cls: 1.1569, TAL: 0.0000, Adv: 0.6666) | Train Acc: 0.8594 | Val Acc: 0.5833 | Val P/R/F1 (Macro): 0.6957/0.6944/0.6123 | LR: 0.000005
Epoch [22/100] | Loss: 1.2497 (Cls: 1.1770, TAL: 0.0000, Adv: 0.7271) | Train Acc: 0.8594 | Val Acc: 0.5000 | Val P/R/F1 (Macro): 0.7259/0.6380/0.5881 | LR: 0.000005
Epoch [23/100] | Loss: 1.2425 (Cls: 1.1723, TAL: 0.0000, Adv: 0.7025) | Train Acc: 0.8359 | Val Acc: 0.5278 | Val P/R/F1 (Macro): 0.7426/0.6657/0.6159 | LR: 0.000005
Epoch [24/100] | Loss: 1.4001 (Cls: 1.3321, TAL: 0.0000, Adv: 0.6802) | Train Acc: 0.8047 | Val Acc: 0.4444 | Val P/R/F1 (Macro): 0.4749/0.5778/0.4296 | LR: 0.000005
Epoch [25/100] | Loss: 1.2460 (Cls: 1.1753, TAL: 0.0000, Adv: 0.7072) | Train Acc: 0.8203 | Val Acc: 0.5278 | Val P/R/F1 (Macro): 0.6519/0.5676/0.5093 | LR: 0.000005
Epoch [26/100] | Loss: 1.0781 (Cls: 1.0112, TAL: 0.0000, Adv: 0.6684) | Train Acc: 0.9141 | Val Acc: 0.4167 | Val P/R/F1 (Macro): 0.4889/0.4769/0.4363 | LR: 0.000005
Epoch [27/100] | Loss: 1.2454 (Cls: 1.1781, TAL: 0.0000, Adv: 0.6732) | Train Acc: 0.8047 | Val Acc: 0.4167 | Val P/R/F1 (Macro): 0.5397/0.4676/0.4489 | LR: 0.000005
Epoch [28/100] | Loss: 1.1975 (Cls: 1.1292, TAL: 0.0000, Adv: 0.6830) | Train Acc: 0.8516 | Val Acc: 0.5833 | Val P/R/F1 (Macro): 0.7111/0.6972/0.6265 | LR: 0.000003
Epoch [29/100] | Loss: 1.0714 (Cls: 1.0079, TAL: 0.0000, Adv: 0.6354) | Train Acc: 0.8672 | Val Acc: 0.6389 | Val P/R/F1 (Macro): 0.8106/0.7157/0.6822 | LR: 0.000003
Epoch [30/100] | Loss: 1.1422 (Cls: 1.0730, TAL: 0.0000, Adv: 0.6919) | Train Acc: 0.8594 | Val Acc: 0.6111 | Val P/R/F1 (Macro): 0.7988/0.6741/0.6678 | LR: 0.000003
Epoch [31/100] | Loss: 1.0009 (Cls: 0.9315, TAL: 0.0000, Adv: 0.6944) | Train Acc: 0.9297 | Val Acc: 0.5833 | Val P/R/F1 (Macro): 0.7593/0.6917/0.6654 | LR: 0.000003
Epoch [32/100] | Loss: 1.0588 (Cls: 0.9934, TAL: 0.0000, Adv: 0.6538) | Train Acc: 0.8750 | Val Acc: 0.5556 | Val P/R/F1 (Macro): 0.7981/0.6750/0.6593 | LR: 0.000003
Epoch [33/100] | Loss: 1.0661 (Cls: 1.0014, TAL: 0.0000, Adv: 0.6473) | Train Acc: 0.9062 | Val Acc: 0.5000 | Val P/R/F1 (Macro): 0.6330/0.6111/0.5964 | LR: 0.000003
Epoch [34/100] | Loss: 1.0224 (Cls: 0.9578, TAL: 0.0000, Adv: 0.6460) | Train Acc: 0.8906 | Val Acc: 0.4722 | Val P/R/F1 (Macro): 0.5589/0.5833/0.5382 | LR: 0.000003
Epoch [35/100] | Loss: 1.0331 (Cls: 0.9643, TAL: 0.0000, Adv: 0.6877) | Train Acc: 0.9297 | Val Acc: 0.4722 | Val P/R/F1 (Macro): 0.6316/0.5880/0.5488 | LR: 0.000003
Epoch [36/100] | Loss: 0.9621 (Cls: 0.8957, TAL: 0.0000, Adv: 0.6640) | Train Acc: 0.9375 | Val Acc: 0.5556 | Val P/R/F1 (Macro): 0.6537/0.6759/0.6091 | LR: 0.000003
Epoch [37/100] | Loss: 0.9039 (Cls: 0.8423, TAL: 0.0000, Adv: 0.6154) | Train Acc: 0.9453 | Val Acc: 0.5000 | Val P/R/F1 (Macro): 0.5452/0.6343/0.5522 | LR: 0.000003
Epoch [38/100] | Loss: 1.0829 (Cls: 1.0233, TAL: 0.0000, Adv: 0.5963) | Train Acc: 0.8984 | Val Acc: 0.4722 | Val P/R/F1 (Macro): 0.4304/0.6204/0.4963 | LR: 0.000003
Epoch [39/100] | Loss: 0.9037 (Cls: 0.8409, TAL: 0.0000, Adv: 0.6284) | Train Acc: 0.9375 | Val Acc: 0.5278 | Val P/R/F1 (Macro): 0.5926/0.6620/0.5599 | LR: 0.000001
Epoch [40/100] | Loss: 1.0243 (Cls: 0.9630, TAL: 0.0000, Adv: 0.6132) | Train Acc: 0.9062 | Val Acc: 0.6111 | Val P/R/F1 (Macro): 0.8068/0.7250/0.6653 | LR: 0.000001
Epoch [41/100] | Loss: 1.0676 (Cls: 1.0084, TAL: 0.0000, Adv: 0.5923) | Train Acc: 0.9531 | Val Acc: 0.6389 | Val P/R/F1 (Macro): 0.8346/0.7389/0.6970 | LR: 0.000001
Epoch [42/100] | Loss: 0.9821 (Cls: 0.9222, TAL: 0.0000, Adv: 0.5992) | Train Acc: 0.9375 | Val Acc: 0.5833 | Val P/R/F1 (Macro): 0.7463/0.7065/0.6544 | LR: 0.000001
Epoch [43/100] | Loss: 0.9342 (Cls: 0.8749, TAL: 0.0000, Adv: 0.5926) | Train Acc: 0.9531 | Val Acc: 0.6389 | Val P/R/F1 (Macro): 0.8301/0.7481/0.7287 | LR: 0.000001
Epoch [44/100] | Loss: 0.9494 (Cls: 0.8896, TAL: 0.0000, Adv: 0.5981) | Train Acc: 0.9141 | Val Acc: 0.6111 | Val P/R/F1 (Macro): 0.7685/0.7287/0.6866 | LR: 0.000001
Epoch [45/100] | Loss: 1.0078 (Cls: 0.9520, TAL: 0.0000, Adv: 0.5578) | Train Acc: 0.9219 | Val Acc: 0.5278 | Val P/R/F1 (Macro): 0.6185/0.6620/0.5790 | LR: 0.000001
Epoch [46/100] | Loss: 0.9120 (Cls: 0.8586, TAL: 0.0000, Adv: 0.5342) | Train Acc: 0.9453 | Val Acc: 0.5556 | Val P/R/F1 (Macro): 0.7296/0.6843/0.6160 | LR: 0.000001
Epoch [47/100] | Loss: 0.9596 (Cls: 0.9053, TAL: 0.0000, Adv: 0.5434) | Train Acc: 0.9219 | Val Acc: 0.5556 | Val P/R/F1 (Macro): 0.7538/0.6843/0.6247 | LR: 0.000001
Epoch [48/100] | Loss: 0.9437 (Cls: 0.8847, TAL: 0.0000, Adv: 0.5896) | Train Acc: 0.9375 | Val Acc: 0.5556 | Val P/R/F1 (Macro): 0.7261/0.6843/0.6128 | LR: 0.000001
Epoch [49/100] | Loss: 0.8660 (Cls: 0.8137, TAL: 0.0000, Adv: 0.5229) | Train Acc: 0.9844 | Val Acc: 0.5556 | Val P/R/F1 (Macro): 0.7296/0.6843/0.6160 | LR: 0.000001
Epoch [50/100] | Loss: 0.9055 (Cls: 0.8570, TAL: 0.0000, Adv: 0.4855) | Train Acc: 0.9766 | Val Acc: 0.5556 | Val P/R/F1 (Macro): 0.7296/0.6843/0.6160 | LR: 0.000001
Epoch [51/100] | Loss: 0.9146 (Cls: 0.8615, TAL: 0.0000, Adv: 0.5306) | Train Acc: 0.9453 | Val Acc: 0.5556 | Val P/R/F1 (Macro): 0.7296/0.6843/0.6160 | LR: 0.000001
Epoch [52/100] | Loss: 0.8296 (Cls: 0.7773, TAL: 0.0000, Adv: 0.5227) | Train Acc: 0.9922 | Val Acc: 0.5556 | Val P/R/F1 (Macro): 0.7296/0.6843/0.6160 | LR: 0.000001
Epoch [53/100] | Loss: 0.8608 (Cls: 0.8098, TAL: 0.0000, Adv: 0.5099) | Train Acc: 0.9844 | Val Acc: 0.5278 | Val P/R/F1 (Macro): 0.6352/0.6620/0.5909 | LR: 0.000001
Epoch [54/100] | Loss: 0.9287 (Cls: 0.8818, TAL: 0.0000, Adv: 0.4691) | Train Acc: 0.9688 | Val Acc: 0.5556 | Val P/R/F1 (Macro): 0.7296/0.6843/0.6160 | LR: 0.000001
Epoch [55/100] | Loss: 0.8848 (Cls: 0.8352, TAL: 0.0000, Adv: 0.4961) | Train Acc: 0.9453 | Val Acc: 0.5833 | Val P/R/F1 (Macro): 0.7524/0.6981/0.6379 | LR: 0.000001
Epoch [56/100] | Loss: 0.9480 (Cls: 0.8984, TAL: 0.0000, Adv: 0.4956) | Train Acc: 0.9453 | Val Acc: 0.5278 | Val P/R/F1 (Macro): 0.6682/0.6657/0.6013 | LR: 0.000001
Epoch [57/100] | Loss: 0.9071 (Cls: 0.8586, TAL: 0.0000, Adv: 0.4849) | Train Acc: 0.9609 | Val Acc: 0.5556 | Val P/R/F1 (Macro): 0.7538/0.6843/0.6247 | LR: 0.000001
Epoch [58/100] | Loss: 0.8821 (Cls: 0.8355, TAL: 0.0000, Adv: 0.4657) | Train Acc: 0.9766 | Val Acc: 0.5556 | Val P/R/F1 (Macro): 0.7538/0.6843/0.6247 | LR: 0.000001
Epoch [59/100] | Loss: 0.8928 (Cls: 0.8427, TAL: 0.0000, Adv: 0.5013) | Train Acc: 0.9688 | Val Acc: 0.5556 | Val P/R/F1 (Macro): 0.7705/0.6843/0.6366 | LR: 0.000001
Epoch [60/100] | Loss: 0.9680 (Cls: 0.9260, TAL: 0.0000, Adv: 0.4205) | Train Acc: 0.9531 | Val Acc: 0.5556 | Val P/R/F1 (Macro): 0.7705/0.6843/0.6366 | LR: 0.000001
Epoch [61/100] | Loss: 0.9175 (Cls: 0.8745, TAL: 0.0000, Adv: 0.4302) | Train Acc: 0.9609 | Val Acc: 0.5556 | Val P/R/F1 (Macro): 0.7463/0.6843/0.6280 | LR: 0.000001
Epoch [62/100] | Loss: 0.9329 (Cls: 0.8857, TAL: 0.0000, Adv: 0.4723) | Train Acc: 0.9453 | Val Acc: 0.5556 | Val P/R/F1 (Macro): 0.7463/0.6843/0.6280 | LR: 0.000001
Epoch [63/100] | Loss: 0.8658 (Cls: 0.8276, TAL: 0.0000, Adv: 0.3823) | Train Acc: 0.9766 | Val Acc: 0.5556 | Val P/R/F1 (Macro): 0.7463/0.6843/0.6280 | LR: 0.000001
Epoch [64/100] | Loss: 0.8990 (Cls: 0.8620, TAL: 0.0000, Adv: 0.3701) | Train Acc: 0.9531 | Val Acc: 0.5556 | Val P/R/F1 (Macro): 0.7463/0.6843/0.6280 | LR: 0.000001
Epoch [65/100] | Loss: 0.8566 (Cls: 0.8176, TAL: 0.0000, Adv: 0.3907) | Train Acc: 0.9688 | Val Acc: 0.5556 | Val P/R/F1 (Macro): 0.7463/0.6843/0.6280 | LR: 0.000001
Epoch [66/100] | Loss: 0.8205 (Cls: 0.7831, TAL: 0.0000, Adv: 0.3746) | Train Acc: 0.9844 | Val Acc: 0.5278 | Val P/R/F1 (Macro): 0.6352/0.6620/0.5909 | LR: 0.000001
Epoch [67/100] | Loss: 0.8755 (Cls: 0.8388, TAL: 0.0000, Adv: 0.3671) | Train Acc: 0.9453 | Val Acc: 0.5556 | Val P/R/F1 (Macro): 0.7463/0.6843/0.6280 | LR: 0.000001
Epoch [68/100] | Loss: 0.8864 (Cls: 0.8487, TAL: 0.0000, Adv: 0.3769) | Train Acc: 0.9688 | Val Acc: 0.5278 | Val P/R/F1 (Macro): 0.6352/0.6620/0.5909 | LR: 0.000001
Epoch [69/100] | Loss: 0.8612 (Cls: 0.8276, TAL: 0.0000, Adv: 0.3356) | Train Acc: 0.9609 | Val Acc: 0.5556 | Val P/R/F1 (Macro): 0.7463/0.6843/0.6280 | LR: 0.000001
Epoch [70/100] | Loss: 0.8744 (Cls: 0.8338, TAL: 0.0000, Adv: 0.4060) | Train Acc: 0.9922 | Val Acc: 0.5556 | Val P/R/F1 (Macro): 0.7463/0.6843/0.6280 | LR: 0.000001
Epoch [71/100] | Loss: 0.8608 (Cls: 0.8265, TAL: 0.0000, Adv: 0.3436) | Train Acc: 0.9844 | Val Acc: 0.5278 | Val P/R/F1 (Macro): 0.6352/0.6620/0.5909 | LR: 0.000001
Epoch [72/100] | Loss: 0.8496 (Cls: 0.8116, TAL: 0.0000, Adv: 0.3809) | Train Acc: 0.9766 | Val Acc: 0.5278 | Val P/R/F1 (Macro): 0.6848/0.6657/0.6132 | LR: 0.000001
Epoch [73/100] | Loss: 0.8560 (Cls: 0.8259, TAL: 0.0000, Adv: 0.3012) | Train Acc: 0.9531 | Val Acc: 0.5278 | Val P/R/F1 (Macro): 0.6848/0.6657/0.6132 | LR: 0.000001
Epoch [74/100] | Loss: 0.8395 (Cls: 0.8111, TAL: 0.0000, Adv: 0.2836) | Train Acc: 0.9531 | Val Acc: 0.5556 | Val P/R/F1 (Macro): 0.7705/0.6843/0.6366 | LR: 0.000001
Epoch [75/100] | Loss: 0.8646 (Cls: 0.8307, TAL: 0.0000, Adv: 0.3393) | Train Acc: 0.9688 | Val Acc: 0.5833 | Val P/R/F1 (Macro): 0.7690/0.6981/0.6498 | LR: 0.000001
Epoch [76/100] | Loss: 0.8993 (Cls: 0.8660, TAL: 0.0000, Adv: 0.3325) | Train Acc: 0.9609 | Val Acc: 0.5833 | Val P/R/F1 (Macro): 0.7690/0.6981/0.6498 | LR: 0.000001
Epoch [77/100] | Loss: 0.9216 (Cls: 0.8855, TAL: 0.0000, Adv: 0.3602) | Train Acc: 0.9453 | Val Acc: 0.5556 | Val P/R/F1 (Macro): 0.7463/0.6843/0.6280 | LR: 0.000001
Epoch [78/100] | Loss: 0.8866 (Cls: 0.8529, TAL: 0.0000, Adv: 0.3371) | Train Acc: 0.9531 | Val Acc: 0.5556 | Val P/R/F1 (Macro): 0.7463/0.6843/0.6280 | LR: 0.000001
Epoch [79/100] | Loss: 0.8955 (Cls: 0.8571, TAL: 0.0000, Adv: 0.3837) | Train Acc: 0.9609 | Val Acc: 0.5556 | Val P/R/F1 (Macro): 0.7463/0.6843/0.6280 | LR: 0.000001
Epoch [80/100] | Loss: 0.9197 (Cls: 0.8862, TAL: 0.0000, Adv: 0.3350) | Train Acc: 0.9531 | Val Acc: 0.5556 | Val P/R/F1 (Macro): 0.7463/0.6843/0.6280 | LR: 0.000001
Epoch [81/100] | Loss: 0.8247 (Cls: 0.7970, TAL: 0.0000, Adv: 0.2769) | Train Acc: 0.9844 | Val Acc: 0.5833 | Val P/R/F1 (Macro): 0.7463/0.7065/0.6544 | LR: 0.000001
Epoch [82/100] | Loss: 0.8707 (Cls: 0.8395, TAL: 0.0000, Adv: 0.3119) | Train Acc: 0.9609 | Val Acc: 0.5278 | Val P/R/F1 (Macro): 0.6848/0.6657/0.6132 | LR: 0.000001
Epoch [83/100] | Loss: 0.8652 (Cls: 0.8352, TAL: 0.0000, Adv: 0.3001) | Train Acc: 0.9688 | Val Acc: 0.5556 | Val P/R/F1 (Macro): 0.7034/0.6880/0.6370 | LR: 0.000001
Epoch [84/100] | Loss: 0.8593 (Cls: 0.8340, TAL: 0.0000, Adv: 0.2528) | Train Acc: 0.9531 | Val Acc: 0.5556 | Val P/R/F1 (Macro): 0.7000/0.6880/0.6341 | LR: 0.000001
Epoch [85/100] | Loss: 0.8822 (Cls: 0.8550, TAL: 0.0000, Adv: 0.2724) | Train Acc: 0.9531 | Val Acc: 0.5556 | Val P/R/F1 (Macro): 0.7034/0.6880/0.6370 | LR: 0.000001
Epoch [86/100] | Loss: 0.8452 (Cls: 0.8223, TAL: 0.0000, Adv: 0.2286) | Train Acc: 0.9688 | Val Acc: 0.5556 | Val P/R/F1 (Macro): 0.7034/0.6880/0.6370 | LR: 0.000001
Epoch [87/100] | Loss: 0.8764 (Cls: 0.8500, TAL: 0.0000, Adv: 0.2639) | Train Acc: 0.9375 | Val Acc: 0.5278 | Val P/R/F1 (Macro): 0.6848/0.6657/0.6132 | LR: 0.000001
Epoch [88/100] | Loss: 0.9050 (Cls: 0.8850, TAL: 0.0000, Adv: 0.1999) | Train Acc: 0.9688 | Val Acc: 0.5278 | Val P/R/F1 (Macro): 0.6848/0.6657/0.6132 | LR: 0.000001
Epoch [89/100] | Loss: 0.7956 (Cls: 0.7670, TAL: 0.0000, Adv: 0.2867) | Train Acc: 0.9844 | Val Acc: 0.5556 | Val P/R/F1 (Macro): 0.7034/0.6880/0.6370 | LR: 0.000001
Epoch [90/100] | Loss: 0.9147 (Cls: 0.8966, TAL: 0.0000, Adv: 0.1808) | Train Acc: 0.9531 | Val Acc: 0.5833 | Val P/R/F1 (Macro): 0.7427/0.7065/0.6512 | LR: 0.000001
Epoch [91/100] | Loss: 0.8790 (Cls: 0.8583, TAL: 0.0000, Adv: 0.2072) | Train Acc: 0.9844 | Val Acc: 0.5833 | Val P/R/F1 (Macro): 0.7463/0.7065/0.6544 | LR: 0.000001
Epoch [92/100] | Loss: 0.8875 (Cls: 0.8670, TAL: 0.0000, Adv: 0.2053) | Train Acc: 0.9453 | Val Acc: 0.5278 | Val P/R/F1 (Macro): 0.6848/0.6657/0.6132 | LR: 0.000001
Epoch [93/100] | Loss: 0.8474 (Cls: 0.8289, TAL: 0.0000, Adv: 0.1849) | Train Acc: 0.9688 | Val Acc: 0.5278 | Val P/R/F1 (Macro): 0.6848/0.6657/0.6132 | LR: 0.000001
Epoch [94/100] | Loss: 0.8086 (Cls: 0.7895, TAL: 0.0000, Adv: 0.1910) | Train Acc: 0.9609 | Val Acc: 0.5556 | Val P/R/F1 (Macro): 0.7463/0.6843/0.6280 | LR: 0.000001
Epoch [95/100] | Loss: 0.8042 (Cls: 0.7800, TAL: 0.0000, Adv: 0.2419) | Train Acc: 0.9766 | Val Acc: 0.5556 | Val P/R/F1 (Macro): 0.7463/0.6843/0.6280 | LR: 0.000001
Epoch [96/100] | Loss: 0.8324 (Cls: 0.8165, TAL: 0.0000, Adv: 0.1591) | Train Acc: 0.9844 | Val Acc: 0.5556 | Val P/R/F1 (Macro): 0.7463/0.6843/0.6280 | LR: 0.000001
Epoch [97/100] | Loss: 0.8776 (Cls: 0.8573, TAL: 0.0000, Adv: 0.2024) | Train Acc: 0.9609 | Val Acc: 0.5556 | Val P/R/F1 (Macro): 0.7463/0.6843/0.6280 | LR: 0.000001
Epoch [98/100] | Loss: 0.8361 (Cls: 0.8187, TAL: 0.0000, Adv: 0.1745) | Train Acc: 0.9844 | Val Acc: 0.5833 | Val P/R/F1 (Macro): 0.7463/0.7065/0.6544 | LR: 0.000001
Epoch [99/100] | Loss: 0.8635 (Cls: 0.8444, TAL: 0.0000, Adv: 0.1916) | Train Acc: 0.9531 | Val Acc: 0.5556 | Val P/R/F1 (Macro): 0.7705/0.6843/0.6366 | LR: 0.000001
Epoch [100/100] | Loss: 0.8287 (Cls: 0.8128, TAL: 0.0000, Adv: 0.1590) | Train Acc: 0.9531 | Val Acc: 0.5556 | Val P/R/F1 (Macro): 0.7463/0.6843/0.6280 | LR: 0.000001
Report strategy: last_window, window=10, reported_acc=0.5556, best_acc=0.6944

迭代 2 报告指标:
  Accuracy: 0.5556
  Precision (Macro): 0.7364
  Recall (Macro): 0.6850
  F1 (Macro): 0.6312
  Precision (Micro): 0.5556
  Recall (Micro): 0.5556
  F1 (Micro): 0.5556
  Val class coverage: 9/14 (0.6429), samples=36

================================================================================
迭代 3/5
随机种子: 44
================================================================================
Training mode: unpaired target adaptation with controlled target-label loss (ratio=0.06, weight=0.16).
Fixed labeled target subset: 9/128 samples.
Feature fusion: Channel concatenation (512+512); fused_dim=1024
Domain adaptation: standard source-target adversarial training, no generator
Loss weights: tensor=0.00, adv=0.10
Epoch [1/100] | Loss: 3.4936 (Cls: 3.4032, TAL: 0.0000, Adv: 0.9032) | Train Acc: 0.1406 | Val Acc: 0.1944 | Val P/R/F1 (Macro): 0.0875/0.1481/0.1065 | LR: 0.000005
  >>> New Best Val Acc: 0.1944
Epoch [2/100] | Loss: 2.9370 (Cls: 2.8475, TAL: 0.0000, Adv: 0.8951) | Train Acc: 0.2031 | Val Acc: 0.2222 | Val P/R/F1 (Macro): 0.0803/0.1593/0.1039 | LR: 0.000005
  >>> New Best Val Acc: 0.2222
Epoch [3/100] | Loss: 2.6963 (Cls: 2.6123, TAL: 0.0000, Adv: 0.8393) | Train Acc: 0.3203 | Val Acc: 0.1389 | Val P/R/F1 (Macro): 0.0309/0.0926/0.0463 | LR: 0.000005
Epoch [4/100] | Loss: 2.3827 (Cls: 2.3028, TAL: 0.0000, Adv: 0.7990) | Train Acc: 0.3438 | Val Acc: 0.1389 | Val P/R/F1 (Macro): 0.0309/0.0926/0.0463 | LR: 0.000005
Epoch [5/100] | Loss: 2.3416 (Cls: 2.2620, TAL: 0.0000, Adv: 0.7955) | Train Acc: 0.4297 | Val Acc: 0.2778 | Val P/R/F1 (Macro): 0.2537/0.2213/0.2114 | LR: 0.000005
  >>> New Best Val Acc: 0.2778
Epoch [6/100] | Loss: 2.2369 (Cls: 2.1604, TAL: 0.0000, Adv: 0.7649) | Train Acc: 0.4453 | Val Acc: 0.3889 | Val P/R/F1 (Macro): 0.3977/0.2676/0.2851 | LR: 0.000005
  >>> New Best Val Acc: 0.3889
Epoch [7/100] | Loss: 2.0372 (Cls: 1.9630, TAL: 0.0000, Adv: 0.7419) | Train Acc: 0.4922 | Val Acc: 0.5556 | Val P/R/F1 (Macro): 0.5074/0.5556/0.5078 | LR: 0.000005
  >>> New Best Val Acc: 0.5556
Epoch [8/100] | Loss: 1.9393 (Cls: 1.8604, TAL: 0.0000, Adv: 0.7889) | Train Acc: 0.5234 | Val Acc: 0.3333 | Val P/R/F1 (Macro): 0.4815/0.3694/0.3580 | LR: 0.000005
Epoch [9/100] | Loss: 1.9511 (Cls: 1.8730, TAL: 0.0000, Adv: 0.7809) | Train Acc: 0.6016 | Val Acc: 0.3611 | Val P/R/F1 (Macro): 0.4833/0.4528/0.3567 | LR: 0.000005
Epoch [10/100] | Loss: 1.8115 (Cls: 1.7328, TAL: 0.0000, Adv: 0.7863) | Train Acc: 0.6328 | Val Acc: 0.5556 | Val P/R/F1 (Macro): 0.6759/0.5722/0.5148 | LR: 0.000005
Epoch [11/100] | Loss: 1.6989 (Cls: 1.6243, TAL: 0.0000, Adv: 0.7462) | Train Acc: 0.7109 | Val Acc: 0.5833 | Val P/R/F1 (Macro): 0.6153/0.6898/0.6209 | LR: 0.000005
  >>> New Best Val Acc: 0.5833
Epoch [12/100] | Loss: 1.7495 (Cls: 1.6793, TAL: 0.0000, Adv: 0.7016) | Train Acc: 0.6719 | Val Acc: 0.5278 | Val P/R/F1 (Macro): 0.5667/0.6204/0.5494 | LR: 0.000005
Epoch [13/100] | Loss: 1.7020 (Cls: 1.6295, TAL: 0.0000, Adv: 0.7253) | Train Acc: 0.6328 | Val Acc: 0.5278 | Val P/R/F1 (Macro): 0.6481/0.6333/0.6169 | LR: 0.000005
Epoch [14/100] | Loss: 1.5687 (Cls: 1.4917, TAL: 0.0000, Adv: 0.7701) | Train Acc: 0.7578 | Val Acc: 0.4444 | Val P/R/F1 (Macro): 0.6316/0.5731/0.4861 | LR: 0.000005
Epoch [15/100] | Loss: 1.6221 (Cls: 1.5437, TAL: 0.0000, Adv: 0.7846) | Train Acc: 0.7031 | Val Acc: 0.5000 | Val P/R/F1 (Macro): 0.5050/0.6250/0.5052 | LR: 0.000005
Epoch [16/100] | Loss: 1.3557 (Cls: 1.2823, TAL: 0.0000, Adv: 0.7344) | Train Acc: 0.7344 | Val Acc: 0.5278 | Val P/R/F1 (Macro): 0.6384/0.6380/0.5334 | LR: 0.000005
Epoch [17/100] | Loss: 1.3538 (Cls: 1.2833, TAL: 0.0000, Adv: 0.7049) | Train Acc: 0.8125 | Val Acc: 0.4722 | Val P/R/F1 (Macro): 0.5938/0.6009/0.5213 | LR: 0.000005
Epoch [18/100] | Loss: 1.4738 (Cls: 1.4066, TAL: 0.0000, Adv: 0.6715) | Train Acc: 0.7656 | Val Acc: 0.6111 | Val P/R/F1 (Macro): 0.7968/0.6981/0.7151 | LR: 0.000005
  >>> New Best Val Acc: 0.6111
Epoch [19/100] | Loss: 1.2714 (Cls: 1.1987, TAL: 0.0000, Adv: 0.7266) | Train Acc: 0.8047 | Val Acc: 0.6389 | Val P/R/F1 (Macro): 0.6554/0.7130/0.6680 | LR: 0.000005
  >>> New Best Val Acc: 0.6389
Epoch [20/100] | Loss: 1.3365 (Cls: 1.2660, TAL: 0.0000, Adv: 0.7049) | Train Acc: 0.8203 | Val Acc: 0.4444 | Val P/R/F1 (Macro): 0.6241/0.5731/0.5068 | LR: 0.000005
Epoch [21/100] | Loss: 1.3579 (Cls: 1.2830, TAL: 0.0000, Adv: 0.7484) | Train Acc: 0.7812 | Val Acc: 0.4722 | Val P/R/F1 (Macro): 0.6037/0.5954/0.5407 | LR: 0.000005
Epoch [22/100] | Loss: 1.2326 (Cls: 1.1641, TAL: 0.0000, Adv: 0.6852) | Train Acc: 0.8203 | Val Acc: 0.5000 | Val P/R/F1 (Macro): 0.6173/0.6194/0.5440 | LR: 0.000005
Epoch [23/100] | Loss: 1.3300 (Cls: 1.2629, TAL: 0.0000, Adv: 0.6710) | Train Acc: 0.8125 | Val Acc: 0.6111 | Val P/R/F1 (Macro): 0.6818/0.6657/0.6287 | LR: 0.000005
Epoch [24/100] | Loss: 1.2975 (Cls: 1.2305, TAL: 0.0000, Adv: 0.6700) | Train Acc: 0.8281 | Val Acc: 0.6111 | Val P/R/F1 (Macro): 0.7056/0.6843/0.6263 | LR: 0.000005
Epoch [25/100] | Loss: 1.1870 (Cls: 1.1223, TAL: 0.0000, Adv: 0.6473) | Train Acc: 0.8594 | Val Acc: 0.6389 | Val P/R/F1 (Macro): 0.7704/0.7296/0.7019 | LR: 0.000005
Epoch [26/100] | Loss: 1.2010 (Cls: 1.1331, TAL: 0.0000, Adv: 0.6792) | Train Acc: 0.8594 | Val Acc: 0.5000 | Val P/R/F1 (Macro): 0.5304/0.5537/0.5278 | LR: 0.000005
Epoch [27/100] | Loss: 1.0394 (Cls: 0.9718, TAL: 0.0000, Adv: 0.6763) | Train Acc: 0.8906 | Val Acc: 0.5000 | Val P/R/F1 (Macro): 0.6438/0.6380/0.5813 | LR: 0.000005
Epoch [28/100] | Loss: 1.1422 (Cls: 1.0748, TAL: 0.0000, Adv: 0.6738) | Train Acc: 0.9141 | Val Acc: 0.5833 | Val P/R/F1 (Macro): 0.6849/0.6750/0.6373 | LR: 0.000005
Epoch [29/100] | Loss: 1.2081 (Cls: 1.1437, TAL: 0.0000, Adv: 0.6443) | Train Acc: 0.8359 | Val Acc: 0.5556 | Val P/R/F1 (Macro): 0.6371/0.6565/0.5931 | LR: 0.000005
Epoch [30/100] | Loss: 1.0648 (Cls: 0.9999, TAL: 0.0000, Adv: 0.6489) | Train Acc: 0.8672 | Val Acc: 0.5000 | Val P/R/F1 (Macro): 0.4827/0.6380/0.4972 | LR: 0.000003
Epoch [31/100] | Loss: 1.0642 (Cls: 1.0033, TAL: 0.0000, Adv: 0.6095) | Train Acc: 0.9062 | Val Acc: 0.5278 | Val P/R/F1 (Macro): 0.5098/0.6565/0.5263 | LR: 0.000003
Epoch [32/100] | Loss: 1.1552 (Cls: 1.0889, TAL: 0.0000, Adv: 0.6637) | Train Acc: 0.8594 | Val Acc: 0.4722 | Val P/R/F1 (Macro): 0.5427/0.6148/0.5426 | LR: 0.000003
Epoch [33/100] | Loss: 0.9674 (Cls: 0.9071, TAL: 0.0000, Adv: 0.6030) | Train Acc: 0.9375 | Val Acc: 0.4722 | Val P/R/F1 (Macro): 0.5774/0.6102/0.5566 | LR: 0.000003
Epoch [34/100] | Loss: 1.0807 (Cls: 1.0172, TAL: 0.0000, Adv: 0.6348) | Train Acc: 0.9141 | Val Acc: 0.5278 | Val P/R/F1 (Macro): 0.6142/0.6519/0.6003 | LR: 0.000003
Epoch [35/100] | Loss: 0.9999 (Cls: 0.9326, TAL: 0.0000, Adv: 0.6729) | Train Acc: 0.9453 | Val Acc: 0.5833 | Val P/R/F1 (Macro): 0.6516/0.6750/0.6448 | LR: 0.000003
Epoch [36/100] | Loss: 1.0644 (Cls: 1.0026, TAL: 0.0000, Adv: 0.6180) | Train Acc: 0.8906 | Val Acc: 0.5556 | Val P/R/F1 (Macro): 0.6516/0.6380/0.6226 | LR: 0.000003
Epoch [37/100] | Loss: 1.0266 (Cls: 0.9623, TAL: 0.0000, Adv: 0.6429) | Train Acc: 0.8828 | Val Acc: 0.5833 | Val P/R/F1 (Macro): 0.6278/0.6602/0.6307 | LR: 0.000003
Epoch [38/100] | Loss: 1.0293 (Cls: 0.9696, TAL: 0.0000, Adv: 0.5975) | Train Acc: 0.8984 | Val Acc: 0.5833 | Val P/R/F1 (Macro): 0.6512/0.6963/0.6486 | LR: 0.000003
Epoch [39/100] | Loss: 1.1043 (Cls: 1.0412, TAL: 0.0000, Adv: 0.6309) | Train Acc: 0.8594 | Val Acc: 0.5833 | Val P/R/F1 (Macro): 0.6512/0.6880/0.6452 | LR: 0.000003
Epoch [40/100] | Loss: 0.9700 (Cls: 0.9112, TAL: 0.0000, Adv: 0.5884) | Train Acc: 0.9531 | Val Acc: 0.5833 | Val P/R/F1 (Macro): 0.6574/0.6796/0.6495 | LR: 0.000003
Epoch [41/100] | Loss: 0.9818 (Cls: 0.9223, TAL: 0.0000, Adv: 0.5950) | Train Acc: 0.9453 | Val Acc: 0.5833 | Val P/R/F1 (Macro): 0.6484/0.6565/0.6304 | LR: 0.000001
Epoch [42/100] | Loss: 0.9201 (Cls: 0.8618, TAL: 0.0000, Adv: 0.5832) | Train Acc: 0.9766 | Val Acc: 0.5278 | Val P/R/F1 (Macro): 0.6216/0.6287/0.5985 | LR: 0.000001
Epoch [43/100] | Loss: 1.0304 (Cls: 0.9739, TAL: 0.0000, Adv: 0.5646) | Train Acc: 0.9062 | Val Acc: 0.5278 | Val P/R/F1 (Macro): 0.6012/0.6287/0.5879 | LR: 0.000001
Epoch [44/100] | Loss: 0.9763 (Cls: 0.9170, TAL: 0.0000, Adv: 0.5925) | Train Acc: 0.9375 | Val Acc: 0.5000 | Val P/R/F1 (Macro): 0.5870/0.6148/0.5691 | LR: 0.000001
Epoch [45/100] | Loss: 0.8832 (Cls: 0.8315, TAL: 0.0000, Adv: 0.5172) | Train Acc: 0.9609 | Val Acc: 0.5556 | Val P/R/F1 (Macro): 0.6420/0.6509/0.6241 | LR: 0.000001
Epoch [46/100] | Loss: 0.9981 (Cls: 0.9422, TAL: 0.0000, Adv: 0.5587) | Train Acc: 0.9062 | Val Acc: 0.5833 | Val P/R/F1 (Macro): 0.6512/0.6880/0.6452 | LR: 0.000001
Epoch [47/100] | Loss: 0.9500 (Cls: 0.8963, TAL: 0.0000, Adv: 0.5368) | Train Acc: 0.9375 | Val Acc: 0.5556 | Val P/R/F1 (Macro): 0.6370/0.6741/0.6264 | LR: 0.000001
Epoch [48/100] | Loss: 0.9134 (Cls: 0.8624, TAL: 0.0000, Adv: 0.5103) | Train Acc: 0.9609 | Val Acc: 0.5556 | Val P/R/F1 (Macro): 0.6370/0.6741/0.6264 | LR: 0.000001
Epoch [49/100] | Loss: 0.9576 (Cls: 0.9042, TAL: 0.0000, Adv: 0.5339) | Train Acc: 0.9375 | Val Acc: 0.5556 | Val P/R/F1 (Macro): 0.6278/0.6657/0.6177 | LR: 0.000001
Epoch [50/100] | Loss: 0.9282 (Cls: 0.8780, TAL: 0.0000, Adv: 0.5021) | Train Acc: 0.9531 | Val Acc: 0.5556 | Val P/R/F1 (Macro): 0.6327/0.6657/0.6214 | LR: 0.000001
Epoch [51/100] | Loss: 0.8886 (Cls: 0.8393, TAL: 0.0000, Adv: 0.4924) | Train Acc: 0.9844 | Val Acc: 0.5556 | Val P/R/F1 (Macro): 0.6327/0.6657/0.6214 | LR: 0.000001
Epoch [52/100] | Loss: 0.8902 (Cls: 0.8388, TAL: 0.0000, Adv: 0.5146) | Train Acc: 0.9531 | Val Acc: 0.6389 | Val P/R/F1 (Macro): 0.7172/0.7213/0.7068 | LR: 0.000001
Epoch [53/100] | Loss: 0.9129 (Cls: 0.8626, TAL: 0.0000, Adv: 0.5024) | Train Acc: 0.9453 | Val Acc: 0.5833 | Val P/R/F1 (Macro): 0.6524/0.6796/0.6434 | LR: 0.000001
Epoch [54/100] | Loss: 0.9075 (Cls: 0.8583, TAL: 0.0000, Adv: 0.4922) | Train Acc: 0.9453 | Val Acc: 0.5278 | Val P/R/F1 (Macro): 0.6310/0.6472/0.6135 | LR: 0.000001
Epoch [55/100] | Loss: 0.9124 (Cls: 0.8665, TAL: 0.0000, Adv: 0.4592) | Train Acc: 0.9375 | Val Acc: 0.5556 | Val P/R/F1 (Macro): 0.6143/0.6611/0.6139 | LR: 0.000001
Epoch [56/100] | Loss: 0.8968 (Cls: 0.8497, TAL: 0.0000, Adv: 0.4709) | Train Acc: 0.9766 | Val Acc: 0.5833 | Val P/R/F1 (Macro): 0.6222/0.6796/0.6261 | LR: 0.000001
Epoch [57/100] | Loss: 0.8537 (Cls: 0.8054, TAL: 0.0000, Adv: 0.4834) | Train Acc: 0.9766 | Val Acc: 0.5556 | Val P/R/F1 (Macro): 0.6105/0.6657/0.6091 | LR: 0.000001
Epoch [58/100] | Loss: 0.9225 (Cls: 0.8716, TAL: 0.0000, Adv: 0.5089) | Train Acc: 0.9453 | Val Acc: 0.5556 | Val P/R/F1 (Macro): 0.6105/0.6657/0.6091 | LR: 0.000001
Epoch [59/100] | Loss: 0.8803 (Cls: 0.8322, TAL: 0.0000, Adv: 0.4809) | Train Acc: 0.9688 | Val Acc: 0.5556 | Val P/R/F1 (Macro): 0.6105/0.6657/0.6091 | LR: 0.000001
Epoch [60/100] | Loss: 0.8828 (Cls: 0.8405, TAL: 0.0000, Adv: 0.4229) | Train Acc: 0.9766 | Val Acc: 0.5556 | Val P/R/F1 (Macro): 0.6056/0.6657/0.6054 | LR: 0.000001
Epoch [61/100] | Loss: 0.8820 (Cls: 0.8355, TAL: 0.0000, Adv: 0.4643) | Train Acc: 0.9688 | Val Acc: 0.5556 | Val P/R/F1 (Macro): 0.6056/0.6657/0.6054 | LR: 0.000001
Epoch [62/100] | Loss: 0.8401 (Cls: 0.7990, TAL: 0.0000, Adv: 0.4110) | Train Acc: 0.9766 | Val Acc: 0.5833 | Val P/R/F1 (Macro): 0.6160/0.6796/0.6219 | LR: 0.000001
Epoch [63/100] | Loss: 0.8740 (Cls: 0.8295, TAL: 0.0000, Adv: 0.4455) | Train Acc: 0.9531 | Val Acc: 0.5556 | Val P/R/F1 (Macro): 0.6056/0.6657/0.6054 | LR: 0.000001
Epoch [64/100] | Loss: 0.9338 (Cls: 0.8947, TAL: 0.0000, Adv: 0.3908) | Train Acc: 0.9375 | Val Acc: 0.5556 | Val P/R/F1 (Macro): 0.6056/0.6657/0.6054 | LR: 0.000001
Epoch [65/100] | Loss: 0.9059 (Cls: 0.8651, TAL: 0.0000, Adv: 0.4077) | Train Acc: 0.9531 | Val Acc: 0.5556 | Val P/R/F1 (Macro): 0.6105/0.6657/0.6091 | LR: 0.000001
Epoch [66/100] | Loss: 0.9042 (Cls: 0.8640, TAL: 0.0000, Adv: 0.4023) | Train Acc: 0.9453 | Val Acc: 0.5556 | Val P/R/F1 (Macro): 0.6105/0.6657/0.6091 | LR: 0.000001
Epoch [67/100] | Loss: 0.8551 (Cls: 0.8200, TAL: 0.0000, Adv: 0.3516) | Train Acc: 0.9766 | Val Acc: 0.5556 | Val P/R/F1 (Macro): 0.6105/0.6657/0.6091 | LR: 0.000001
Epoch [68/100] | Loss: 0.9244 (Cls: 0.8911, TAL: 0.0000, Adv: 0.3325) | Train Acc: 0.9297 | Val Acc: 0.5833 | Val P/R/F1 (Macro): 0.6512/0.6880/0.6452 | LR: 0.000001
Epoch [69/100] | Loss: 0.9374 (Cls: 0.8992, TAL: 0.0000, Adv: 0.3818) | Train Acc: 0.9375 | Val Acc: 0.5556 | Val P/R/F1 (Macro): 0.6327/0.6657/0.6214 | LR: 0.000001
Epoch [70/100] | Loss: 0.8588 (Cls: 0.8250, TAL: 0.0000, Adv: 0.3375) | Train Acc: 0.9531 | Val Acc: 0.5556 | Val P/R/F1 (Macro): 0.6327/0.6657/0.6214 | LR: 0.000001
Epoch [71/100] | Loss: 0.9017 (Cls: 0.8705, TAL: 0.0000, Adv: 0.3116) | Train Acc: 0.9375 | Val Acc: 0.5833 | Val P/R/F1 (Macro): 0.6512/0.6880/0.6452 | LR: 0.000001
Epoch [72/100] | Loss: 0.8888 (Cls: 0.8529, TAL: 0.0000, Adv: 0.3591) | Train Acc: 0.9688 | Val Acc: 0.5833 | Val P/R/F1 (Macro): 0.6444/0.6796/0.6385 | LR: 0.000001
Epoch [73/100] | Loss: 0.9117 (Cls: 0.8803, TAL: 0.0000, Adv: 0.3136) | Train Acc: 0.9375 | Val Acc: 0.6111 | Val P/R/F1 (Macro): 0.6561/0.6935/0.6544 | LR: 0.000001
Epoch [74/100] | Loss: 0.8912 (Cls: 0.8629, TAL: 0.0000, Adv: 0.2830) | Train Acc: 0.9609 | Val Acc: 0.6389 | Val P/R/F1 (Macro): 0.6852/0.7157/0.6839 | LR: 0.000001
Epoch [75/100] | Loss: 0.8346 (Cls: 0.8059, TAL: 0.0000, Adv: 0.2871) | Train Acc: 0.9766 | Val Acc: 0.6111 | Val P/R/F1 (Macro): 0.6667/0.6935/0.6601 | LR: 0.000001
Epoch [76/100] | Loss: 0.8770 (Cls: 0.8519, TAL: 0.0000, Adv: 0.2510) | Train Acc: 0.9453 | Val Acc: 0.6111 | Val P/R/F1 (Macro): 0.6667/0.6935/0.6601 | LR: 0.000001
Epoch [77/100] | Loss: 0.8427 (Cls: 0.8183, TAL: 0.0000, Adv: 0.2446) | Train Acc: 0.9609 | Val Acc: 0.5833 | Val P/R/F1 (Macro): 0.6524/0.6796/0.6434 | LR: 0.000001
Epoch [78/100] | Loss: 0.8808 (Cls: 0.8527, TAL: 0.0000, Adv: 0.2813) | Train Acc: 0.9609 | Val Acc: 0.5833 | Val P/R/F1 (Macro): 0.6302/0.6796/0.6310 | LR: 0.000001
Epoch [79/100] | Loss: 0.9177 (Cls: 0.8857, TAL: 0.0000, Adv: 0.3201) | Train Acc: 0.9688 | Val Acc: 0.5833 | Val P/R/F1 (Macro): 0.6302/0.6796/0.6310 | LR: 0.000001
Epoch [80/100] | Loss: 0.8463 (Cls: 0.8218, TAL: 0.0000, Adv: 0.2453) | Train Acc: 0.9844 | Val Acc: 0.6111 | Val P/R/F1 (Macro): 0.6667/0.6935/0.6601 | LR: 0.000001
Epoch [81/100] | Loss: 0.8262 (Cls: 0.7936, TAL: 0.0000, Adv: 0.3261) | Train Acc: 0.9688 | Val Acc: 0.6111 | Val P/R/F1 (Macro): 0.6667/0.6935/0.6601 | LR: 0.000001
Epoch [82/100] | Loss: 0.8141 (Cls: 0.7864, TAL: 0.0000, Adv: 0.2772) | Train Acc: 0.9609 | Val Acc: 0.6111 | Val P/R/F1 (Macro): 0.6667/0.6935/0.6601 | LR: 0.000001
Epoch [83/100] | Loss: 0.8903 (Cls: 0.8685, TAL: 0.0000, Adv: 0.2178) | Train Acc: 0.9375 | Val Acc: 0.5556 | Val P/R/F1 (Macro): 0.6389/0.6657/0.6257 | LR: 0.000001
Epoch [84/100] | Loss: 0.8703 (Cls: 0.8470, TAL: 0.0000, Adv: 0.2334) | Train Acc: 0.9609 | Val Acc: 0.5556 | Val P/R/F1 (Macro): 0.6389/0.6657/0.6257 | LR: 0.000001
Epoch [85/100] | Loss: 0.8657 (Cls: 0.8363, TAL: 0.0000, Adv: 0.2945) | Train Acc: 0.9297 | Val Acc: 0.5556 | Val P/R/F1 (Macro): 0.6389/0.6657/0.6257 | LR: 0.000001
Epoch [86/100] | Loss: 0.8888 (Cls: 0.8640, TAL: 0.0000, Adv: 0.2480) | Train Acc: 0.9453 | Val Acc: 0.5556 | Val P/R/F1 (Macro): 0.6167/0.6657/0.6133 | LR: 0.000001
Epoch [87/100] | Loss: 0.8103 (Cls: 0.7881, TAL: 0.0000, Adv: 0.2224) | Train Acc: 0.9766 | Val Acc: 0.5556 | Val P/R/F1 (Macro): 0.6389/0.6657/0.6257 | LR: 0.000001
Epoch [88/100] | Loss: 0.8727 (Cls: 0.8435, TAL: 0.0000, Adv: 0.2921) | Train Acc: 0.9609 | Val Acc: 0.5833 | Val P/R/F1 (Macro): 0.6302/0.6796/0.6310 | LR: 0.000001
Epoch [89/100] | Loss: 0.8425 (Cls: 0.8207, TAL: 0.0000, Adv: 0.2178) | Train Acc: 0.9688 | Val Acc: 0.5833 | Val P/R/F1 (Macro): 0.6302/0.6796/0.6310 | LR: 0.000001
Epoch [90/100] | Loss: 0.8901 (Cls: 0.8678, TAL: 0.0000, Adv: 0.2232) | Train Acc: 0.9453 | Val Acc: 0.5833 | Val P/R/F1 (Macro): 0.6302/0.6796/0.6310 | LR: 0.000001
Epoch [91/100] | Loss: 0.8810 (Cls: 0.8543, TAL: 0.0000, Adv: 0.2667) | Train Acc: 0.9531 | Val Acc: 0.5833 | Val P/R/F1 (Macro): 0.6222/0.6796/0.6261 | LR: 0.000001
Epoch [92/100] | Loss: 0.8355 (Cls: 0.8150, TAL: 0.0000, Adv: 0.2049) | Train Acc: 0.9688 | Val Acc: 0.5833 | Val P/R/F1 (Macro): 0.6302/0.6796/0.6310 | LR: 0.000001
Epoch [93/100] | Loss: 0.8654 (Cls: 0.8434, TAL: 0.0000, Adv: 0.2204) | Train Acc: 0.9688 | Val Acc: 0.6111 | Val P/R/F1 (Macro): 0.6444/0.6935/0.6477 | LR: 0.000001
Epoch [94/100] | Loss: 0.8516 (Cls: 0.8324, TAL: 0.0000, Adv: 0.1919) | Train Acc: 0.9688 | Val Acc: 0.6389 | Val P/R/F1 (Macro): 0.6852/0.7157/0.6839 | LR: 0.000001
Epoch [95/100] | Loss: 0.9178 (Cls: 0.8976, TAL: 0.0000, Adv: 0.2025) | Train Acc: 0.9531 | Val Acc: 0.6111 | Val P/R/F1 (Macro): 0.6561/0.6935/0.6544 | LR: 0.000001
Epoch [96/100] | Loss: 0.8332 (Cls: 0.8113, TAL: 0.0000, Adv: 0.2189) | Train Acc: 0.9766 | Val Acc: 0.5833 | Val P/R/F1 (Macro): 0.6222/0.6796/0.6261 | LR: 0.000001
Epoch [97/100] | Loss: 0.8596 (Cls: 0.8393, TAL: 0.0000, Adv: 0.2028) | Train Acc: 0.9766 | Val Acc: 0.5833 | Val P/R/F1 (Macro): 0.6524/0.6796/0.6434 | LR: 0.000001
Epoch [98/100] | Loss: 0.8125 (Cls: 0.7959, TAL: 0.0000, Adv: 0.1658) | Train Acc: 0.9844 | Val Acc: 0.5556 | Val P/R/F1 (Macro): 0.6167/0.6657/0.6133 | LR: 0.000001
Epoch [99/100] | Loss: 0.8412 (Cls: 0.8212, TAL: 0.0000, Adv: 0.2008) | Train Acc: 0.9453 | Val Acc: 0.5556 | Val P/R/F1 (Macro): 0.6167/0.6657/0.6133 | LR: 0.000001
Epoch [100/100] | Loss: 0.8023 (Cls: 0.7823, TAL: 0.0000, Adv: 0.2001) | Train Acc: 0.9688 | Val Acc: 0.5556 | Val P/R/F1 (Macro): 0.6389/0.6657/0.6257 | LR: 0.000001
Report strategy: last_window, window=10, reported_acc=0.5861, best_acc=0.6389

迭代 3 报告指标:
  Accuracy: 0.5861
  Precision (Macro): 0.6385
  Recall (Macro): 0.6819
  F1 (Macro): 0.6365
  Precision (Micro): 0.5861
  Recall (Micro): 0.5861
  F1 (Micro): 0.5861
  Val class coverage: 9/14 (0.6429), samples=36

================================================================================
迭代 4/5
随机种子: 45
================================================================================
Training mode: unpaired target adaptation with controlled target-label loss (ratio=0.06, weight=0.16).
Fixed labeled target subset: 9/128 samples.
Feature fusion: Channel concatenation (512+512); fused_dim=1024
Domain adaptation: standard source-target adversarial training, no generator
Loss weights: tensor=0.00, adv=0.10
Epoch [1/100] | Loss: 3.1588 (Cls: 3.0780, TAL: 0.0000, Adv: 0.8079) | Train Acc: 0.1953 | Val Acc: 0.2222 | Val P/R/F1 (Macro): 0.1711/0.1611/0.1069 | LR: 0.000005
  >>> New Best Val Acc: 0.2222
Epoch [2/100] | Loss: 2.8494 (Cls: 2.7665, TAL: 0.0000, Adv: 0.8291) | Train Acc: 0.2266 | Val Acc: 0.1111 | Val P/R/F1 (Macro): 0.0212/0.0741/0.0329 | LR: 0.000005
Epoch [3/100] | Loss: 2.6178 (Cls: 2.5386, TAL: 0.0000, Adv: 0.7922) | Train Acc: 0.2500 | Val Acc: 0.0556 | Val P/R/F1 (Macro): 0.0278/0.0444/0.0342 | LR: 0.000005
Epoch [4/100] | Loss: 2.3985 (Cls: 2.3203, TAL: 0.0000, Adv: 0.7823) | Train Acc: 0.3516 | Val Acc: 0.0556 | Val P/R/F1 (Macro): 0.1270/0.0500/0.0630 | LR: 0.000005
Epoch [5/100] | Loss: 2.2525 (Cls: 2.1746, TAL: 0.0000, Adv: 0.7793) | Train Acc: 0.4922 | Val Acc: 0.1944 | Val P/R/F1 (Macro): 0.2444/0.1611/0.1746 | LR: 0.000005
Epoch [6/100] | Loss: 1.8978 (Cls: 1.8211, TAL: 0.0000, Adv: 0.7669) | Train Acc: 0.5781 | Val Acc: 0.2778 | Val P/R/F1 (Macro): 0.3111/0.2167/0.1994 | LR: 0.000005
  >>> New Best Val Acc: 0.2778
Epoch [7/100] | Loss: 2.0628 (Cls: 1.9877, TAL: 0.0000, Adv: 0.7516) | Train Acc: 0.5703 | Val Acc: 0.3611 | Val P/R/F1 (Macro): 0.6286/0.3602/0.3852 | LR: 0.000005
  >>> New Best Val Acc: 0.3611
Epoch [8/100] | Loss: 1.8041 (Cls: 1.7285, TAL: 0.0000, Adv: 0.7561) | Train Acc: 0.6797 | Val Acc: 0.1944 | Val P/R/F1 (Macro): 0.2012/0.2454/0.2185 | LR: 0.000005
Epoch [9/100] | Loss: 1.8625 (Cls: 1.7841, TAL: 0.0000, Adv: 0.7839) | Train Acc: 0.6172 | Val Acc: 0.4167 | Val P/R/F1 (Macro): 0.3902/0.4583/0.3492 | LR: 0.000005
  >>> New Best Val Acc: 0.4167
Epoch [10/100] | Loss: 1.7492 (Cls: 1.6700, TAL: 0.0000, Adv: 0.7922) | Train Acc: 0.6484 | Val Acc: 0.3056 | Val P/R/F1 (Macro): 0.3911/0.3333/0.3141 | LR: 0.000005
Epoch [11/100] | Loss: 1.6443 (Cls: 1.5668, TAL: 0.0000, Adv: 0.7749) | Train Acc: 0.6953 | Val Acc: 0.4444 | Val P/R/F1 (Macro): 0.6389/0.5639/0.5244 | LR: 0.000005
  >>> New Best Val Acc: 0.4444
Epoch [12/100] | Loss: 1.7157 (Cls: 1.6436, TAL: 0.0000, Adv: 0.7216) | Train Acc: 0.6719 | Val Acc: 0.3333 | Val P/R/F1 (Macro): 0.3884/0.4306/0.3931 | LR: 0.000005
Epoch [13/100] | Loss: 1.6469 (Cls: 1.5730, TAL: 0.0000, Adv: 0.7389) | Train Acc: 0.6484 | Val Acc: 0.2500 | Val P/R/F1 (Macro): 0.2815/0.3981/0.2952 | LR: 0.000005
Epoch [14/100] | Loss: 1.5136 (Cls: 1.4401, TAL: 0.0000, Adv: 0.7343) | Train Acc: 0.7969 | Val Acc: 0.3333 | Val P/R/F1 (Macro): 0.3537/0.4120/0.3056 | LR: 0.000005
Epoch [15/100] | Loss: 1.4553 (Cls: 1.3815, TAL: 0.0000, Adv: 0.7380) | Train Acc: 0.7344 | Val Acc: 0.5278 | Val P/R/F1 (Macro): 0.6210/0.6157/0.5601 | LR: 0.000005
  >>> New Best Val Acc: 0.5278
Epoch [16/100] | Loss: 1.4111 (Cls: 1.3391, TAL: 0.0000, Adv: 0.7206) | Train Acc: 0.7422 | Val Acc: 0.4722 | Val P/R/F1 (Macro): 0.5611/0.5509/0.4851 | LR: 0.000005
Epoch [17/100] | Loss: 1.5077 (Cls: 1.4387, TAL: 0.0000, Adv: 0.6905) | Train Acc: 0.7188 | Val Acc: 0.4167 | Val P/R/F1 (Macro): 0.5648/0.5185/0.4527 | LR: 0.000005
Epoch [18/100] | Loss: 1.3481 (Cls: 1.2746, TAL: 0.0000, Adv: 0.7357) | Train Acc: 0.7734 | Val Acc: 0.3611 | Val P/R/F1 (Macro): 0.4019/0.4815/0.4004 | LR: 0.000005
Epoch [19/100] | Loss: 1.3949 (Cls: 1.3258, TAL: 0.0000, Adv: 0.6907) | Train Acc: 0.7656 | Val Acc: 0.3889 | Val P/R/F1 (Macro): 0.6173/0.5037/0.5058 | LR: 0.000005
Epoch [20/100] | Loss: 1.3447 (Cls: 1.2748, TAL: 0.0000, Adv: 0.6996) | Train Acc: 0.7969 | Val Acc: 0.5000 | Val P/R/F1 (Macro): 0.6476/0.5361/0.4978 | LR: 0.000005
Epoch [21/100] | Loss: 1.2494 (Cls: 1.1772, TAL: 0.0000, Adv: 0.7221) | Train Acc: 0.8438 | Val Acc: 0.5556 | Val P/R/F1 (Macro): 0.6083/0.6528/0.5565 | LR: 0.000005
  >>> New Best Val Acc: 0.5556
Epoch [22/100] | Loss: 1.3675 (Cls: 1.2965, TAL: 0.0000, Adv: 0.7099) | Train Acc: 0.7891 | Val Acc: 0.4444 | Val P/R/F1 (Macro): 0.7907/0.5454/0.5354 | LR: 0.000005
Epoch [23/100] | Loss: 1.2327 (Cls: 1.1686, TAL: 0.0000, Adv: 0.6415) | Train Acc: 0.8047 | Val Acc: 0.5556 | Val P/R/F1 (Macro): 0.6537/0.6713/0.6080 | LR: 0.000005
Epoch [24/100] | Loss: 1.2231 (Cls: 1.1556, TAL: 0.0000, Adv: 0.6758) | Train Acc: 0.8516 | Val Acc: 0.4167 | Val P/R/F1 (Macro): 0.4610/0.5463/0.4459 | LR: 0.000005
Epoch [25/100] | Loss: 1.1311 (Cls: 1.0632, TAL: 0.0000, Adv: 0.6786) | Train Acc: 0.8672 | Val Acc: 0.5000 | Val P/R/F1 (Macro): 0.6000/0.6157/0.5431 | LR: 0.000005
Epoch [26/100] | Loss: 1.1172 (Cls: 1.0465, TAL: 0.0000, Adv: 0.7078) | Train Acc: 0.9062 | Val Acc: 0.5000 | Val P/R/F1 (Macro): 0.6522/0.6296/0.6043 | LR: 0.000005
Epoch [27/100] | Loss: 1.2003 (Cls: 1.1324, TAL: 0.0000, Adv: 0.6786) | Train Acc: 0.8359 | Val Acc: 0.5556 | Val P/R/F1 (Macro): 0.6927/0.6602/0.6135 | LR: 0.000005
Epoch [28/100] | Loss: 1.0390 (Cls: 0.9724, TAL: 0.0000, Adv: 0.6667) | Train Acc: 0.8750 | Val Acc: 0.4722 | Val P/R/F1 (Macro): 0.7037/0.6194/0.5896 | LR: 0.000005
Epoch [29/100] | Loss: 1.0687 (Cls: 0.9989, TAL: 0.0000, Adv: 0.6981) | Train Acc: 0.8984 | Val Acc: 0.5556 | Val P/R/F1 (Macro): 0.7426/0.7028/0.6817 | LR: 0.000005
Epoch [30/100] | Loss: 1.1489 (Cls: 1.0785, TAL: 0.0000, Adv: 0.7038) | Train Acc: 0.8594 | Val Acc: 0.5833 | Val P/R/F1 (Macro): 0.7847/0.6935/0.6451 | LR: 0.000005
  >>> New Best Val Acc: 0.5833
Epoch [31/100] | Loss: 1.0896 (Cls: 1.0274, TAL: 0.0000, Adv: 0.6210) | Train Acc: 0.8594 | Val Acc: 0.5833 | Val P/R/F1 (Macro): 0.6246/0.6852/0.5992 | LR: 0.000005
Epoch [32/100] | Loss: 1.1731 (Cls: 1.1054, TAL: 0.0000, Adv: 0.6768) | Train Acc: 0.8516 | Val Acc: 0.6389 | Val P/R/F1 (Macro): 0.7685/0.7537/0.6958 | LR: 0.000005
  >>> New Best Val Acc: 0.6389
Epoch [33/100] | Loss: 1.1648 (Cls: 1.0987, TAL: 0.0000, Adv: 0.6606) | Train Acc: 0.8594 | Val Acc: 0.4722 | Val P/R/F1 (Macro): 0.5796/0.6009/0.5165 | LR: 0.000005
Epoch [34/100] | Loss: 1.0459 (Cls: 0.9782, TAL: 0.0000, Adv: 0.6773) | Train Acc: 0.8750 | Val Acc: 0.4722 | Val P/R/F1 (Macro): 0.5384/0.5852/0.4907 | LR: 0.000005
Epoch [35/100] | Loss: 1.1193 (Cls: 1.0549, TAL: 0.0000, Adv: 0.6445) | Train Acc: 0.8672 | Val Acc: 0.5000 | Val P/R/F1 (Macro): 0.6222/0.6111/0.5222 | LR: 0.000005
Epoch [36/100] | Loss: 1.1065 (Cls: 1.0388, TAL: 0.0000, Adv: 0.6766) | Train Acc: 0.8906 | Val Acc: 0.5000 | Val P/R/F1 (Macro): 0.6210/0.5880/0.5156 | LR: 0.000005
Epoch [37/100] | Loss: 1.1259 (Cls: 1.0654, TAL: 0.0000, Adv: 0.6049) | Train Acc: 0.8750 | Val Acc: 0.5278 | Val P/R/F1 (Macro): 0.5854/0.5231/0.4879 | LR: 0.000005
Epoch [38/100] | Loss: 1.0719 (Cls: 1.0090, TAL: 0.0000, Adv: 0.6282) | Train Acc: 0.8594 | Val Acc: 0.5833 | Val P/R/F1 (Macro): 0.7907/0.7120/0.6685 | LR: 0.000005
Epoch [39/100] | Loss: 1.0761 (Cls: 1.0145, TAL: 0.0000, Adv: 0.6157) | Train Acc: 0.8906 | Val Acc: 0.6111 | Val P/R/F1 (Macro): 0.7333/0.7269/0.6772 | LR: 0.000005
Epoch [40/100] | Loss: 1.0092 (Cls: 0.9464, TAL: 0.0000, Adv: 0.6282) | Train Acc: 0.9375 | Val Acc: 0.5556 | Val P/R/F1 (Macro): 0.6000/0.6806/0.6321 | LR: 0.000005
Epoch [41/100] | Loss: 1.0491 (Cls: 0.9903, TAL: 0.0000, Adv: 0.5883) | Train Acc: 0.8984 | Val Acc: 0.5833 | Val P/R/F1 (Macro): 0.7513/0.6935/0.6116 | LR: 0.000005
Epoch [42/100] | Loss: 1.0001 (Cls: 0.9393, TAL: 0.0000, Adv: 0.6080) | Train Acc: 0.9141 | Val Acc: 0.4722 | Val P/R/F1 (Macro): 0.6421/0.5778/0.5198 | LR: 0.000005
Epoch [43/100] | Loss: 0.9641 (Cls: 0.9063, TAL: 0.0000, Adv: 0.5777) | Train Acc: 0.8984 | Val Acc: 0.5556 | Val P/R/F1 (Macro): 0.6176/0.6435/0.5821 | LR: 0.000003
Epoch [44/100] | Loss: 0.9547 (Cls: 0.8894, TAL: 0.0000, Adv: 0.6534) | Train Acc: 0.9688 | Val Acc: 0.5833 | Val P/R/F1 (Macro): 0.6423/0.6713/0.6128 | LR: 0.000003
Epoch [45/100] | Loss: 0.9611 (Cls: 0.9029, TAL: 0.0000, Adv: 0.5822) | Train Acc: 0.9688 | Val Acc: 0.5278 | Val P/R/F1 (Macro): 0.6481/0.6296/0.5987 | LR: 0.000003
Epoch [46/100] | Loss: 0.9288 (Cls: 0.8720, TAL: 0.0000, Adv: 0.5677) | Train Acc: 0.9219 | Val Acc: 0.5000 | Val P/R/F1 (Macro): 0.6759/0.5926/0.5881 | LR: 0.000003
Epoch [47/100] | Loss: 0.9750 (Cls: 0.9199, TAL: 0.0000, Adv: 0.5511) | Train Acc: 0.9297 | Val Acc: 0.5833 | Val P/R/F1 (Macro): 0.8062/0.6472/0.6558 | LR: 0.000003
Epoch [48/100] | Loss: 0.9391 (Cls: 0.8850, TAL: 0.0000, Adv: 0.5405) | Train Acc: 0.9531 | Val Acc: 0.5833 | Val P/R/F1 (Macro): 0.8515/0.6565/0.6927 | LR: 0.000003
Epoch [49/100] | Loss: 0.9818 (Cls: 0.9260, TAL: 0.0000, Adv: 0.5580) | Train Acc: 0.9375 | Val Acc: 0.5000 | Val P/R/F1 (Macro): 0.6764/0.6111/0.6054 | LR: 0.000003
Epoch [50/100] | Loss: 0.9837 (Cls: 0.9333, TAL: 0.0000, Adv: 0.5036) | Train Acc: 0.9219 | Val Acc: 0.4722 | Val P/R/F1 (Macro): 0.6537/0.5972/0.5764 | LR: 0.000003
Epoch [51/100] | Loss: 0.9311 (Cls: 0.8800, TAL: 0.0000, Adv: 0.5114) | Train Acc: 0.9375 | Val Acc: 0.5278 | Val P/R/F1 (Macro): 0.6852/0.6296/0.6000 | LR: 0.000003
Epoch [52/100] | Loss: 0.8693 (Cls: 0.8138, TAL: 0.0000, Adv: 0.5545) | Train Acc: 0.9297 | Val Acc: 0.5833 | Val P/R/F1 (Macro): 0.6833/0.7083/0.6235 | LR: 0.000003
Epoch [53/100] | Loss: 0.9051 (Cls: 0.8543, TAL: 0.0000, Adv: 0.5074) | Train Acc: 0.9375 | Val Acc: 0.5833 | Val P/R/F1 (Macro): 0.6907/0.6889/0.6147 | LR: 0.000003
Epoch [54/100] | Loss: 1.0460 (Cls: 0.9909, TAL: 0.0000, Adv: 0.5516) | Train Acc: 0.8984 | Val Acc: 0.5556 | Val P/R/F1 (Macro): 0.6283/0.6620/0.6104 | LR: 0.000001
Epoch [55/100] | Loss: 0.9048 (Cls: 0.8517, TAL: 0.0000, Adv: 0.5311) | Train Acc: 0.9688 | Val Acc: 0.6111 | Val P/R/F1 (Macro): 0.6352/0.7315/0.6464 | LR: 0.000001
Epoch [56/100] | Loss: 0.9491 (Cls: 0.8982, TAL: 0.0000, Adv: 0.5095) | Train Acc: 0.9297 | Val Acc: 0.5833 | Val P/R/F1 (Macro): 0.6630/0.6991/0.6235 | LR: 0.000001
Epoch [57/100] | Loss: 0.9339 (Cls: 0.8878, TAL: 0.0000, Adv: 0.4610) | Train Acc: 0.9688 | Val Acc: 0.6111 | Val P/R/F1 (Macro): 0.6722/0.7361/0.6354 | LR: 0.000001
Epoch [58/100] | Loss: 0.8429 (Cls: 0.7932, TAL: 0.0000, Adv: 0.4968) | Train Acc: 0.9766 | Val Acc: 0.6111 | Val P/R/F1 (Macro): 0.6722/0.7361/0.6354 | LR: 0.000001
Epoch [59/100] | Loss: 0.9114 (Cls: 0.8630, TAL: 0.0000, Adv: 0.4839) | Train Acc: 0.9453 | Val Acc: 0.5833 | Val P/R/F1 (Macro): 0.6722/0.7083/0.6142 | LR: 0.000001
Epoch [60/100] | Loss: 0.9147 (Cls: 0.8713, TAL: 0.0000, Adv: 0.4344) | Train Acc: 0.9453 | Val Acc: 0.5833 | Val P/R/F1 (Macro): 0.6722/0.7083/0.6142 | LR: 0.000001
Epoch [61/100] | Loss: 0.8491 (Cls: 0.8042, TAL: 0.0000, Adv: 0.4492) | Train Acc: 0.9766 | Val Acc: 0.5833 | Val P/R/F1 (Macro): 0.6833/0.7083/0.6235 | LR: 0.000001
Epoch [62/100] | Loss: 0.8847 (Cls: 0.8366, TAL: 0.0000, Adv: 0.4814) | Train Acc: 0.9453 | Val Acc: 0.5278 | Val P/R/F1 (Macro): 0.6116/0.6528/0.5924 | LR: 0.000001
Epoch [63/100] | Loss: 0.8993 (Cls: 0.8560, TAL: 0.0000, Adv: 0.4330) | Train Acc: 0.9219 | Val Acc: 0.5278 | Val P/R/F1 (Macro): 0.6116/0.6528/0.5924 | LR: 0.000001
Epoch [64/100] | Loss: 0.8630 (Cls: 0.8210, TAL: 0.0000, Adv: 0.4202) | Train Acc: 0.9688 | Val Acc: 0.5556 | Val P/R/F1 (Macro): 0.7116/0.6750/0.6215 | LR: 0.000001
Epoch [65/100] | Loss: 0.8852 (Cls: 0.8441, TAL: 0.0000, Adv: 0.4109) | Train Acc: 0.9531 | Val Acc: 0.5833 | Val P/R/F1 (Macro): 0.7352/0.6889/0.6438 | LR: 0.000001
Epoch [66/100] | Loss: 0.8434 (Cls: 0.8017, TAL: 0.0000, Adv: 0.4174) | Train Acc: 0.9609 | Val Acc: 0.5556 | Val P/R/F1 (Macro): 0.7227/0.6750/0.6295 | LR: 0.000001
Epoch [67/100] | Loss: 0.8537 (Cls: 0.8173, TAL: 0.0000, Adv: 0.3640) | Train Acc: 0.9844 | Val Acc: 0.5556 | Val P/R/F1 (Macro): 0.7227/0.6750/0.6295 | LR: 0.000001
Epoch [68/100] | Loss: 0.8379 (Cls: 0.7999, TAL: 0.0000, Adv: 0.3798) | Train Acc: 0.9766 | Val Acc: 0.5556 | Val P/R/F1 (Macro): 0.7227/0.6750/0.6295 | LR: 0.000001
Epoch [69/100] | Loss: 0.8957 (Cls: 0.8544, TAL: 0.0000, Adv: 0.4127) | Train Acc: 0.9453 | Val Acc: 0.5556 | Val P/R/F1 (Macro): 0.7227/0.6750/0.6295 | LR: 0.000001
Epoch [70/100] | Loss: 0.8897 (Cls: 0.8500, TAL: 0.0000, Adv: 0.3965) | Train Acc: 0.9453 | Val Acc: 0.5556 | Val P/R/F1 (Macro): 0.6352/0.6667/0.6147 | LR: 0.000001
Epoch [71/100] | Loss: 0.8744 (Cls: 0.8330, TAL: 0.0000, Adv: 0.4140) | Train Acc: 0.9844 | Val Acc: 0.5278 | Val P/R/F1 (Macro): 0.6296/0.6389/0.5993 | LR: 0.000001
Epoch [72/100] | Loss: 0.8525 (Cls: 0.8201, TAL: 0.0000, Adv: 0.3241) | Train Acc: 0.9766 | Val Acc: 0.5556 | Val P/R/F1 (Macro): 0.6407/0.6759/0.6191 | LR: 0.000001
Epoch [73/100] | Loss: 0.8872 (Cls: 0.8505, TAL: 0.0000, Adv: 0.3677) | Train Acc: 0.9453 | Val Acc: 0.5833 | Val P/R/F1 (Macro): 0.6463/0.7037/0.6345 | LR: 0.000001
Epoch [74/100] | Loss: 0.8258 (Cls: 0.7905, TAL: 0.0000, Adv: 0.3532) | Train Acc: 0.9844 | Val Acc: 0.5833 | Val P/R/F1 (Macro): 0.6463/0.7037/0.6345 | LR: 0.000001
Epoch [75/100] | Loss: 0.7872 (Cls: 0.7589, TAL: 0.0000, Adv: 0.2827) | Train Acc: 1.0000 | Val Acc: 0.6111 | Val P/R/F1 (Macro): 0.6463/0.7315/0.6557 | LR: 0.000001
Epoch [76/100] | Loss: 0.8080 (Cls: 0.7775, TAL: 0.0000, Adv: 0.3048) | Train Acc: 0.9844 | Val Acc: 0.5833 | Val P/R/F1 (Macro): 0.6352/0.6944/0.6359 | LR: 0.000001
Epoch [77/100] | Loss: 0.8383 (Cls: 0.8096, TAL: 0.0000, Adv: 0.2874) | Train Acc: 0.9844 | Val Acc: 0.6111 | Val P/R/F1 (Macro): 0.6463/0.7315/0.6557 | LR: 0.000001
Epoch [78/100] | Loss: 0.8698 (Cls: 0.8375, TAL: 0.0000, Adv: 0.3230) | Train Acc: 0.9688 | Val Acc: 0.6111 | Val P/R/F1 (Macro): 0.6463/0.7315/0.6557 | LR: 0.000001
Epoch [79/100] | Loss: 0.8279 (Cls: 0.8019, TAL: 0.0000, Adv: 0.2600) | Train Acc: 0.9688 | Val Acc: 0.5833 | Val P/R/F1 (Macro): 0.6352/0.6944/0.6359 | LR: 0.000001
Epoch [80/100] | Loss: 0.8083 (Cls: 0.7813, TAL: 0.0000, Adv: 0.2699) | Train Acc: 0.9844 | Val Acc: 0.6111 | Val P/R/F1 (Macro): 0.6463/0.7315/0.6557 | LR: 0.000001
Epoch [81/100] | Loss: 0.8209 (Cls: 0.7907, TAL: 0.0000, Adv: 0.3023) | Train Acc: 0.9922 | Val Acc: 0.6111 | Val P/R/F1 (Macro): 0.6463/0.7315/0.6557 | LR: 0.000001
Epoch [82/100] | Loss: 0.8489 (Cls: 0.8233, TAL: 0.0000, Adv: 0.2560) | Train Acc: 0.9531 | Val Acc: 0.5833 | Val P/R/F1 (Macro): 0.6463/0.7037/0.6345 | LR: 0.000001
Epoch [83/100] | Loss: 0.8516 (Cls: 0.8245, TAL: 0.0000, Adv: 0.2706) | Train Acc: 0.9844 | Val Acc: 0.5833 | Val P/R/F1 (Macro): 0.6463/0.7037/0.6345 | LR: 0.000001
Epoch [84/100] | Loss: 0.9075 (Cls: 0.8739, TAL: 0.0000, Adv: 0.3359) | Train Acc: 0.9297 | Val Acc: 0.5833 | Val P/R/F1 (Macro): 0.6463/0.7037/0.6345 | LR: 0.000001
Epoch [85/100] | Loss: 0.8345 (Cls: 0.8090, TAL: 0.0000, Adv: 0.2545) | Train Acc: 0.9766 | Val Acc: 0.5556 | Val P/R/F1 (Macro): 0.6241/0.6667/0.6068 | LR: 0.000001
Epoch [86/100] | Loss: 0.8112 (Cls: 0.7851, TAL: 0.0000, Adv: 0.2612) | Train Acc: 0.9922 | Val Acc: 0.5556 | Val P/R/F1 (Macro): 0.6352/0.6667/0.6147 | LR: 0.000001
Epoch [87/100] | Loss: 0.8119 (Cls: 0.7820, TAL: 0.0000, Adv: 0.2984) | Train Acc: 0.9688 | Val Acc: 0.5556 | Val P/R/F1 (Macro): 0.6352/0.6667/0.6147 | LR: 0.000001
Epoch [88/100] | Loss: 0.8799 (Cls: 0.8469, TAL: 0.0000, Adv: 0.3304) | Train Acc: 0.9688 | Val Acc: 0.5833 | Val P/R/F1 (Macro): 0.6506/0.6806/0.6345 | LR: 0.000001
Epoch [89/100] | Loss: 0.8489 (Cls: 0.8216, TAL: 0.0000, Adv: 0.2723) | Train Acc: 0.9688 | Val Acc: 0.5556 | Val P/R/F1 (Macro): 0.6352/0.6667/0.6147 | LR: 0.000001
Epoch [90/100] | Loss: 0.8231 (Cls: 0.8000, TAL: 0.0000, Adv: 0.2310) | Train Acc: 0.9922 | Val Acc: 0.6111 | Val P/R/F1 (Macro): 0.6463/0.7315/0.6557 | LR: 0.000001
Epoch [91/100] | Loss: 0.8194 (Cls: 0.7944, TAL: 0.0000, Adv: 0.2505) | Train Acc: 0.9844 | Val Acc: 0.5833 | Val P/R/F1 (Macro): 0.6352/0.6944/0.6359 | LR: 0.000001
Epoch [92/100] | Loss: 0.8862 (Cls: 0.8621, TAL: 0.0000, Adv: 0.2412) | Train Acc: 0.9531 | Val Acc: 0.5833 | Val P/R/F1 (Macro): 0.6574/0.6944/0.6482 | LR: 0.000001
Epoch [93/100] | Loss: 0.8295 (Cls: 0.8078, TAL: 0.0000, Adv: 0.2172) | Train Acc: 0.9844 | Val Acc: 0.5833 | Val P/R/F1 (Macro): 0.6537/0.6944/0.6464 | LR: 0.000001
Epoch [94/100] | Loss: 0.7983 (Cls: 0.7782, TAL: 0.0000, Adv: 0.2009) | Train Acc: 0.9688 | Val Acc: 0.5833 | Val P/R/F1 (Macro): 0.6537/0.6944/0.6464 | LR: 0.000001
Epoch [95/100] | Loss: 0.8071 (Cls: 0.7860, TAL: 0.0000, Adv: 0.2115) | Train Acc: 0.9844 | Val Acc: 0.5833 | Val P/R/F1 (Macro): 0.6352/0.6944/0.6359 | LR: 0.000001
Epoch [96/100] | Loss: 0.8234 (Cls: 0.8038, TAL: 0.0000, Adv: 0.1960) | Train Acc: 0.9766 | Val Acc: 0.5833 | Val P/R/F1 (Macro): 0.6352/0.6944/0.6359 | LR: 0.000001
Epoch [97/100] | Loss: 0.7897 (Cls: 0.7686, TAL: 0.0000, Adv: 0.2111) | Train Acc: 0.9922 | Val Acc: 0.5833 | Val P/R/F1 (Macro): 0.6352/0.6944/0.6359 | LR: 0.000001
Epoch [98/100] | Loss: 0.8367 (Cls: 0.8220, TAL: 0.0000, Adv: 0.1471) | Train Acc: 0.9531 | Val Acc: 0.6111 | Val P/R/F1 (Macro): 0.6463/0.7315/0.6557 | LR: 0.000001
Epoch [99/100] | Loss: 0.7872 (Cls: 0.7668, TAL: 0.0000, Adv: 0.2039) | Train Acc: 0.9766 | Val Acc: 0.6111 | Val P/R/F1 (Macro): 0.6463/0.7315/0.6557 | LR: 0.000001
Epoch [100/100] | Loss: 0.8366 (Cls: 0.8166, TAL: 0.0000, Adv: 0.2000) | Train Acc: 0.9609 | Val Acc: 0.5833 | Val P/R/F1 (Macro): 0.6352/0.6944/0.6359 | LR: 0.000001
Report strategy: last_window, window=10, reported_acc=0.5889, best_acc=0.6389

迭代 4 报告指标:
  Accuracy: 0.5889
  Precision (Macro): 0.6433
  Recall (Macro): 0.7019
  F1 (Macro): 0.6432
  Precision (Micro): 0.5889
  Recall (Micro): 0.5889
  F1 (Micro): 0.5889
  Val class coverage: 9/14 (0.6429), samples=36

================================================================================
迭代 5/5
随机种子: 46
================================================================================
Training mode: unpaired target adaptation with controlled target-label loss (ratio=0.06, weight=0.16).
Fixed labeled target subset: 9/128 samples.
Feature fusion: Channel concatenation (512+512); fused_dim=1024
Domain adaptation: standard source-target adversarial training, no generator
Loss weights: tensor=0.00, adv=0.10
Epoch [1/100] | Loss: 3.1980 (Cls: 3.1137, TAL: 0.0000, Adv: 0.8426) | Train Acc: 0.0859 | Val Acc: 0.0833 | Val P/R/F1 (Macro): 0.0333/0.0556/0.0417 | LR: 0.000005
  >>> New Best Val Acc: 0.0833
Epoch [2/100] | Loss: 2.8978 (Cls: 2.8202, TAL: 0.0000, Adv: 0.7766) | Train Acc: 0.1875 | Val Acc: 0.1944 | Val P/R/F1 (Macro): 0.0544/0.1333/0.0677 | LR: 0.000005
  >>> New Best Val Acc: 0.1944
Epoch [3/100] | Loss: 2.8503 (Cls: 2.7646, TAL: 0.0000, Adv: 0.8572) | Train Acc: 0.1953 | Val Acc: 0.1944 | Val P/R/F1 (Macro): 0.0442/0.1333/0.0619 | LR: 0.000005
Epoch [4/100] | Loss: 2.5881 (Cls: 2.5008, TAL: 0.0000, Adv: 0.8732) | Train Acc: 0.3672 | Val Acc: 0.0833 | Val P/R/F1 (Macro): 0.0556/0.0556/0.0556 | LR: 0.000005
Epoch [5/100] | Loss: 2.2344 (Cls: 2.1499, TAL: 0.0000, Adv: 0.8459) | Train Acc: 0.4219 | Val Acc: 0.1389 | Val P/R/F1 (Macro): 0.1667/0.1204/0.1397 | LR: 0.000005
Epoch [6/100] | Loss: 2.4010 (Cls: 2.3166, TAL: 0.0000, Adv: 0.8445) | Train Acc: 0.3672 | Val Acc: 0.3056 | Val P/R/F1 (Macro): 0.3333/0.3426/0.3298 | LR: 0.000005
  >>> New Best Val Acc: 0.3056
Epoch [7/100] | Loss: 2.0492 (Cls: 1.9658, TAL: 0.0000, Adv: 0.8335) | Train Acc: 0.4844 | Val Acc: 0.4167 | Val P/R/F1 (Macro): 0.3759/0.4954/0.4135 | LR: 0.000005
  >>> New Best Val Acc: 0.4167
Epoch [8/100] | Loss: 2.1745 (Cls: 2.0980, TAL: 0.0000, Adv: 0.7643) | Train Acc: 0.5469 | Val Acc: 0.4167 | Val P/R/F1 (Macro): 0.5648/0.5417/0.5150 | LR: 0.000005
Epoch [9/100] | Loss: 1.8839 (Cls: 1.8026, TAL: 0.0000, Adv: 0.8131) | Train Acc: 0.6328 | Val Acc: 0.4722 | Val P/R/F1 (Macro): 0.5507/0.5731/0.5266 | LR: 0.000005
  >>> New Best Val Acc: 0.4722
Epoch [10/100] | Loss: 1.9602 (Cls: 1.8766, TAL: 0.0000, Adv: 0.8357) | Train Acc: 0.6016 | Val Acc: 0.5278 | Val P/R/F1 (Macro): 0.6303/0.5722/0.5594 | LR: 0.000005
  >>> New Best Val Acc: 0.5278
Epoch [11/100] | Loss: 1.7647 (Cls: 1.6875, TAL: 0.0000, Adv: 0.7725) | Train Acc: 0.6562 | Val Acc: 0.4444 | Val P/R/F1 (Macro): 0.4651/0.5537/0.4860 | LR: 0.000005
Epoch [12/100] | Loss: 1.7605 (Cls: 1.6839, TAL: 0.0000, Adv: 0.7663) | Train Acc: 0.6797 | Val Acc: 0.4722 | Val P/R/F1 (Macro): 0.4500/0.5787/0.4571 | LR: 0.000005
Epoch [13/100] | Loss: 1.5740 (Cls: 1.4949, TAL: 0.0000, Adv: 0.7910) | Train Acc: 0.7812 | Val Acc: 0.4167 | Val P/R/F1 (Macro): 0.4663/0.5463/0.4486 | LR: 0.000005
Epoch [14/100] | Loss: 1.7929 (Cls: 1.7103, TAL: 0.0000, Adv: 0.8254) | Train Acc: 0.6016 | Val Acc: 0.5556 | Val P/R/F1 (Macro): 0.5820/0.6463/0.5604 | LR: 0.000005
  >>> New Best Val Acc: 0.5556
Epoch [15/100] | Loss: 1.6962 (Cls: 1.6200, TAL: 0.0000, Adv: 0.7615) | Train Acc: 0.6328 | Val Acc: 0.5833 | Val P/R/F1 (Macro): 0.6222/0.6981/0.5972 | LR: 0.000005
  >>> New Best Val Acc: 0.5833
Epoch [16/100] | Loss: 1.4661 (Cls: 1.3962, TAL: 0.0000, Adv: 0.6997) | Train Acc: 0.7578 | Val Acc: 0.5000 | Val P/R/F1 (Macro): 0.6524/0.6343/0.5553 | LR: 0.000005
Epoch [17/100] | Loss: 1.5603 (Cls: 1.4876, TAL: 0.0000, Adv: 0.7273) | Train Acc: 0.7344 | Val Acc: 0.5000 | Val P/R/F1 (Macro): 0.4735/0.6389/0.5138 | LR: 0.000005
Epoch [18/100] | Loss: 1.5121 (Cls: 1.4405, TAL: 0.0000, Adv: 0.7160) | Train Acc: 0.7891 | Val Acc: 0.5000 | Val P/R/F1 (Macro): 0.4685/0.6481/0.5309 | LR: 0.000005
Epoch [19/100] | Loss: 1.4488 (Cls: 1.3764, TAL: 0.0000, Adv: 0.7239) | Train Acc: 0.7734 | Val Acc: 0.5833 | Val P/R/F1 (Macro): 0.6679/0.6944/0.6420 | LR: 0.000005
Epoch [20/100] | Loss: 1.2577 (Cls: 1.1848, TAL: 0.0000, Adv: 0.7290) | Train Acc: 0.8359 | Val Acc: 0.6667 | Val P/R/F1 (Macro): 0.8698/0.7722/0.7377 | LR: 0.000005
  >>> New Best Val Acc: 0.6667
Epoch [21/100] | Loss: 1.3650 (Cls: 1.2949, TAL: 0.0000, Adv: 0.7006) | Train Acc: 0.7344 | Val Acc: 0.5833 | Val P/R/F1 (Macro): 0.6926/0.6704/0.6289 | LR: 0.000005
Epoch [22/100] | Loss: 1.2930 (Cls: 1.2228, TAL: 0.0000, Adv: 0.7014) | Train Acc: 0.7969 | Val Acc: 0.6111 | Val P/R/F1 (Macro): 0.6235/0.6204/0.6065 | LR: 0.000005
Epoch [23/100] | Loss: 1.2767 (Cls: 1.2092, TAL: 0.0000, Adv: 0.6750) | Train Acc: 0.8281 | Val Acc: 0.6389 | Val P/R/F1 (Macro): 0.7889/0.7500/0.7204 | LR: 0.000005
Epoch [24/100] | Loss: 1.2663 (Cls: 1.1953, TAL: 0.0000, Adv: 0.7102) | Train Acc: 0.7891 | Val Acc: 0.5556 | Val P/R/F1 (Macro): 0.6346/0.6806/0.5975 | LR: 0.000005
Epoch [25/100] | Loss: 1.2487 (Cls: 1.1801, TAL: 0.0000, Adv: 0.6867) | Train Acc: 0.8281 | Val Acc: 0.5556 | Val P/R/F1 (Macro): 0.6852/0.6981/0.6088 | LR: 0.000005
Epoch [26/100] | Loss: 1.2991 (Cls: 1.2250, TAL: 0.0000, Adv: 0.7412) | Train Acc: 0.8047 | Val Acc: 0.5833 | Val P/R/F1 (Macro): 0.7348/0.7213/0.6830 | LR: 0.000005
Epoch [27/100] | Loss: 1.0946 (Cls: 1.0275, TAL: 0.0000, Adv: 0.6712) | Train Acc: 0.8828 | Val Acc: 0.5556 | Val P/R/F1 (Macro): 0.7542/0.6667/0.6825 | LR: 0.000005
Epoch [28/100] | Loss: 1.0547 (Cls: 0.9862, TAL: 0.0000, Adv: 0.6850) | Train Acc: 0.8906 | Val Acc: 0.5000 | Val P/R/F1 (Macro): 0.6741/0.6241/0.6032 | LR: 0.000005
Epoch [29/100] | Loss: 1.0589 (Cls: 0.9901, TAL: 0.0000, Adv: 0.6876) | Train Acc: 0.8984 | Val Acc: 0.5278 | Val P/R/F1 (Macro): 0.5032/0.6667/0.5574 | LR: 0.000005
Epoch [30/100] | Loss: 1.1443 (Cls: 1.0741, TAL: 0.0000, Adv: 0.7017) | Train Acc: 0.8672 | Val Acc: 0.5833 | Val P/R/F1 (Macro): 0.6182/0.7241/0.6171 | LR: 0.000005
Epoch [31/100] | Loss: 1.0498 (Cls: 0.9816, TAL: 0.0000, Adv: 0.6815) | Train Acc: 0.9453 | Val Acc: 0.7222 | Val P/R/F1 (Macro): 0.9167/0.7954/0.8208 | LR: 0.000005
  >>> New Best Val Acc: 0.7222
Epoch [32/100] | Loss: 1.0295 (Cls: 0.9682, TAL: 0.0000, Adv: 0.6134) | Train Acc: 0.8828 | Val Acc: 0.6111 | Val P/R/F1 (Macro): 0.6481/0.6481/0.6259 | LR: 0.000005
Epoch [33/100] | Loss: 1.1312 (Cls: 1.0639, TAL: 0.0000, Adv: 0.6725) | Train Acc: 0.9062 | Val Acc: 0.5278 | Val P/R/F1 (Macro): 0.5537/0.5963/0.5344 | LR: 0.000005
Epoch [34/100] | Loss: 1.0732 (Cls: 1.0042, TAL: 0.0000, Adv: 0.6894) | Train Acc: 0.9219 | Val Acc: 0.5556 | Val P/R/F1 (Macro): 0.5847/0.6944/0.5741 | LR: 0.000005
Epoch [35/100] | Loss: 0.9938 (Cls: 0.9278, TAL: 0.0000, Adv: 0.6607) | Train Acc: 0.9375 | Val Acc: 0.5833 | Val P/R/F1 (Macro): 0.6685/0.7176/0.6488 | LR: 0.000005
Epoch [36/100] | Loss: 1.0048 (Cls: 0.9391, TAL: 0.0000, Adv: 0.6573) | Train Acc: 0.9141 | Val Acc: 0.5556 | Val P/R/F1 (Macro): 0.7037/0.6991/0.6642 | LR: 0.000005
Epoch [37/100] | Loss: 0.9971 (Cls: 0.9336, TAL: 0.0000, Adv: 0.6348) | Train Acc: 0.9531 | Val Acc: 0.6111 | Val P/R/F1 (Macro): 0.9028/0.7306/0.7065 | LR: 0.000005
Epoch [38/100] | Loss: 0.9886 (Cls: 0.9225, TAL: 0.0000, Adv: 0.6614) | Train Acc: 0.9141 | Val Acc: 0.5556 | Val P/R/F1 (Macro): 0.7269/0.6796/0.6236 | LR: 0.000005
Epoch [39/100] | Loss: 0.9264 (Cls: 0.8670, TAL: 0.0000, Adv: 0.5948) | Train Acc: 0.9766 | Val Acc: 0.4722 | Val P/R/F1 (Macro): 0.4722/0.6111/0.5025 | LR: 0.000005
Epoch [40/100] | Loss: 1.0592 (Cls: 0.9962, TAL: 0.0000, Adv: 0.6300) | Train Acc: 0.9062 | Val Acc: 0.5278 | Val P/R/F1 (Macro): 0.5093/0.6574/0.5476 | LR: 0.000005
Epoch [41/100] | Loss: 0.9738 (Cls: 0.9108, TAL: 0.0000, Adv: 0.6294) | Train Acc: 0.9688 | Val Acc: 0.5000 | Val P/R/F1 (Macro): 0.4409/0.6481/0.5056 | LR: 0.000005
Epoch [42/100] | Loss: 0.9411 (Cls: 0.8755, TAL: 0.0000, Adv: 0.6560) | Train Acc: 0.9609 | Val Acc: 0.5556 | Val P/R/F1 (Macro): 0.6759/0.6889/0.6323 | LR: 0.000003
Epoch [43/100] | Loss: 1.0067 (Cls: 0.9437, TAL: 0.0000, Adv: 0.6296) | Train Acc: 0.9297 | Val Acc: 0.5556 | Val P/R/F1 (Macro): 0.7083/0.6796/0.6426 | LR: 0.000003
Epoch [44/100] | Loss: 1.0298 (Cls: 0.9676, TAL: 0.0000, Adv: 0.6225) | Train Acc: 0.9062 | Val Acc: 0.5278 | Val P/R/F1 (Macro): 0.6556/0.6519/0.5979 | LR: 0.000003
Epoch [45/100] | Loss: 0.9773 (Cls: 0.9179, TAL: 0.0000, Adv: 0.5941) | Train Acc: 0.9375 | Val Acc: 0.5000 | Val P/R/F1 (Macro): 0.5061/0.6481/0.5402 | LR: 0.000003
Epoch [46/100] | Loss: 1.0369 (Cls: 0.9761, TAL: 0.0000, Adv: 0.6082) | Train Acc: 0.9297 | Val Acc: 0.5278 | Val P/R/F1 (Macro): 0.6698/0.6713/0.6101 | LR: 0.000003
Epoch [47/100] | Loss: 0.9223 (Cls: 0.8619, TAL: 0.0000, Adv: 0.6038) | Train Acc: 0.9531 | Val Acc: 0.5833 | Val P/R/F1 (Macro): 0.6901/0.7130/0.6645 | LR: 0.000003
Epoch [48/100] | Loss: 0.9459 (Cls: 0.8845, TAL: 0.0000, Adv: 0.6143) | Train Acc: 0.9531 | Val Acc: 0.5833 | Val P/R/F1 (Macro): 0.6716/0.7130/0.6460 | LR: 0.000003
Epoch [49/100] | Loss: 0.9496 (Cls: 0.8908, TAL: 0.0000, Adv: 0.5872) | Train Acc: 0.9219 | Val Acc: 0.5833 | Val P/R/F1 (Macro): 0.6975/0.7037/0.6764 | LR: 0.000003
Epoch [50/100] | Loss: 1.0045 (Cls: 0.9444, TAL: 0.0000, Adv: 0.6017) | Train Acc: 0.9375 | Val Acc: 0.5278 | Val P/R/F1 (Macro): 0.7094/0.6435/0.6437 | LR: 0.000003
Epoch [51/100] | Loss: 0.9269 (Cls: 0.8666, TAL: 0.0000, Adv: 0.6024) | Train Acc: 0.9453 | Val Acc: 0.5556 | Val P/R/F1 (Macro): 0.6261/0.7037/0.6352 | LR: 0.000003
Epoch [52/100] | Loss: 0.9841 (Cls: 0.9249, TAL: 0.0000, Adv: 0.5915) | Train Acc: 0.9609 | Val Acc: 0.5278 | Val P/R/F1 (Macro): 0.6786/0.6759/0.6397 | LR: 0.000003
Epoch [53/100] | Loss: 0.9222 (Cls: 0.8659, TAL: 0.0000, Adv: 0.5635) | Train Acc: 0.9609 | Val Acc: 0.5278 | Val P/R/F1 (Macro): 0.5574/0.6759/0.5599 | LR: 0.000001
Epoch [54/100] | Loss: 0.8418 (Cls: 0.7893, TAL: 0.0000, Adv: 0.5250) | Train Acc: 0.9531 | Val Acc: 0.5278 | Val P/R/F1 (Macro): 0.5296/0.6759/0.5306 | LR: 0.000001
Epoch [55/100] | Loss: 0.9624 (Cls: 0.9061, TAL: 0.0000, Adv: 0.5629) | Train Acc: 0.9688 | Val Acc: 0.4722 | Val P/R/F1 (Macro): 0.4167/0.6111/0.4657 | LR: 0.000001
Epoch [56/100] | Loss: 0.9461 (Cls: 0.8962, TAL: 0.0000, Adv: 0.4993) | Train Acc: 0.9297 | Val Acc: 0.5000 | Val P/R/F1 (Macro): 0.4227/0.6481/0.4894 | LR: 0.000001
Epoch [57/100] | Loss: 0.9175 (Cls: 0.8636, TAL: 0.0000, Adv: 0.5386) | Train Acc: 0.9688 | Val Acc: 0.5000 | Val P/R/F1 (Macro): 0.4926/0.6519/0.5348 | LR: 0.000001
Epoch [58/100] | Loss: 0.8642 (Cls: 0.8143, TAL: 0.0000, Adv: 0.4982) | Train Acc: 0.9766 | Val Acc: 0.5000 | Val P/R/F1 (Macro): 0.4205/0.6481/0.4998 | LR: 0.000001
Epoch [59/100] | Loss: 0.8549 (Cls: 0.8046, TAL: 0.0000, Adv: 0.5034) | Train Acc: 0.9609 | Val Acc: 0.4722 | Val P/R/F1 (Macro): 0.4148/0.6296/0.4907 | LR: 0.000001
Epoch [60/100] | Loss: 0.8951 (Cls: 0.8460, TAL: 0.0000, Adv: 0.4910) | Train Acc: 0.9609 | Val Acc: 0.5278 | Val P/R/F1 (Macro): 0.5316/0.6759/0.5443 | LR: 0.000001
Epoch [61/100] | Loss: 0.8851 (Cls: 0.8379, TAL: 0.0000, Adv: 0.4718) | Train Acc: 0.9688 | Val Acc: 0.5556 | Val P/R/F1 (Macro): 0.6650/0.6898/0.6159 | LR: 0.000001
Epoch [62/100] | Loss: 0.8805 (Cls: 0.8301, TAL: 0.0000, Adv: 0.5044) | Train Acc: 0.9844 | Val Acc: 0.5556 | Val P/R/F1 (Macro): 0.6427/0.6898/0.6035 | LR: 0.000001
Epoch [63/100] | Loss: 0.9397 (Cls: 0.8925, TAL: 0.0000, Adv: 0.4713) | Train Acc: 0.9219 | Val Acc: 0.5278 | Val P/R/F1 (Macro): 0.5538/0.6759/0.5566 | LR: 0.000001
Epoch [64/100] | Loss: 0.8361 (Cls: 0.7907, TAL: 0.0000, Adv: 0.4536) | Train Acc: 0.9688 | Val Acc: 0.5833 | Val P/R/F1 (Macro): 0.6852/0.7259/0.6384 | LR: 0.000001
Epoch [65/100] | Loss: 0.8549 (Cls: 0.8070, TAL: 0.0000, Adv: 0.4796) | Train Acc: 0.9922 | Val Acc: 0.5556 | Val P/R/F1 (Macro): 0.6630/0.6981/0.5965 | LR: 0.000001
Epoch [66/100] | Loss: 0.8841 (Cls: 0.8422, TAL: 0.0000, Adv: 0.4199) | Train Acc: 0.9688 | Val Acc: 0.5278 | Val P/R/F1 (Macro): 0.6237/0.6796/0.5941 | LR: 0.000001
Epoch [67/100] | Loss: 0.8758 (Cls: 0.8299, TAL: 0.0000, Adv: 0.4597) | Train Acc: 0.9453 | Val Acc: 0.5278 | Val P/R/F1 (Macro): 0.6015/0.6796/0.5817 | LR: 0.000001
Epoch [68/100] | Loss: 0.8204 (Cls: 0.7787, TAL: 0.0000, Adv: 0.4176) | Train Acc: 0.9766 | Val Acc: 0.5278 | Val P/R/F1 (Macro): 0.6237/0.6796/0.5941 | LR: 0.000001
Epoch [69/100] | Loss: 0.8775 (Cls: 0.8350, TAL: 0.0000, Adv: 0.4255) | Train Acc: 0.9453 | Val Acc: 0.5278 | Val P/R/F1 (Macro): 0.6237/0.6796/0.5941 | LR: 0.000001
Epoch [70/100] | Loss: 0.9217 (Cls: 0.8794, TAL: 0.0000, Adv: 0.4226) | Train Acc: 0.9297 | Val Acc: 0.5556 | Val P/R/F1 (Macro): 0.7372/0.6981/0.6426 | LR: 0.000001
Epoch [71/100] | Loss: 0.8730 (Cls: 0.8354, TAL: 0.0000, Adv: 0.3759) | Train Acc: 0.9688 | Val Acc: 0.5278 | Val P/R/F1 (Macro): 0.6230/0.6759/0.6026 | LR: 0.000001
Epoch [72/100] | Loss: 0.8586 (Cls: 0.8179, TAL: 0.0000, Adv: 0.4066) | Train Acc: 0.9609 | Val Acc: 0.5278 | Val P/R/F1 (Macro): 0.6736/0.6759/0.6346 | LR: 0.000001
Epoch [73/100] | Loss: 0.8437 (Cls: 0.8026, TAL: 0.0000, Adv: 0.4107) | Train Acc: 0.9844 | Val Acc: 0.5278 | Val P/R/F1 (Macro): 0.6063/0.6759/0.5907 | LR: 0.000001
Epoch [74/100] | Loss: 0.7994 (Cls: 0.7661, TAL: 0.0000, Adv: 0.3337) | Train Acc: 0.9922 | Val Acc: 0.5278 | Val P/R/F1 (Macro): 0.5872/0.6759/0.5813 | LR: 0.000001
Epoch [75/100] | Loss: 0.7969 (Cls: 0.7640, TAL: 0.0000, Adv: 0.3292) | Train Acc: 0.9922 | Val Acc: 0.5278 | Val P/R/F1 (Macro): 0.5872/0.6759/0.5813 | LR: 0.000001
Epoch [76/100] | Loss: 0.8609 (Cls: 0.8259, TAL: 0.0000, Adv: 0.3497) | Train Acc: 0.9688 | Val Acc: 0.4722 | Val P/R/F1 (Macro): 0.4841/0.6111/0.5265 | LR: 0.000001
Epoch [77/100] | Loss: 0.8157 (Cls: 0.7833, TAL: 0.0000, Adv: 0.3245) | Train Acc: 0.9766 | Val Acc: 0.4722 | Val P/R/F1 (Macro): 0.5026/0.6111/0.5370 | LR: 0.000001
Epoch [78/100] | Loss: 0.8003 (Cls: 0.7625, TAL: 0.0000, Adv: 0.3774) | Train Acc: 0.9688 | Val Acc: 0.5278 | Val P/R/F1 (Macro): 0.5352/0.6759/0.5475 | LR: 0.000001
Epoch [79/100] | Loss: 0.8120 (Cls: 0.7802, TAL: 0.0000, Adv: 0.3181) | Train Acc: 0.9844 | Val Acc: 0.4722 | Val P/R/F1 (Macro): 0.4619/0.6111/0.5141 | LR: 0.000001
Epoch [80/100] | Loss: 0.8227 (Cls: 0.7871, TAL: 0.0000, Adv: 0.3564) | Train Acc: 0.9844 | Val Acc: 0.5000 | Val P/R/F1 (Macro): 0.4730/0.6481/0.5340 | LR: 0.000001
Epoch [81/100] | Loss: 0.8005 (Cls: 0.7694, TAL: 0.0000, Adv: 0.3111) | Train Acc: 0.9844 | Val Acc: 0.5000 | Val P/R/F1 (Macro): 0.4205/0.6481/0.4998 | LR: 0.000001
Epoch [82/100] | Loss: 0.8306 (Cls: 0.8030, TAL: 0.0000, Adv: 0.2757) | Train Acc: 0.9766 | Val Acc: 0.5278 | Val P/R/F1 (Macro): 0.5316/0.6759/0.5443 | LR: 0.000001
Epoch [83/100] | Loss: 0.8433 (Cls: 0.8143, TAL: 0.0000, Adv: 0.2900) | Train Acc: 0.9609 | Val Acc: 0.5556 | Val P/R/F1 (Macro): 0.5352/0.7037/0.5772 | LR: 0.000001
Epoch [84/100] | Loss: 0.8698 (Cls: 0.8441, TAL: 0.0000, Adv: 0.2578) | Train Acc: 0.9375 | Val Acc: 0.5278 | Val P/R/F1 (Macro): 0.5316/0.6759/0.5443 | LR: 0.000001
Epoch [85/100] | Loss: 0.7897 (Cls: 0.7624, TAL: 0.0000, Adv: 0.2733) | Train Acc: 0.9844 | Val Acc: 0.5278 | Val P/R/F1 (Macro): 0.5316/0.6759/0.5443 | LR: 0.000001
Epoch [86/100] | Loss: 0.8698 (Cls: 0.8372, TAL: 0.0000, Adv: 0.3261) | Train Acc: 0.9609 | Val Acc: 0.5278 | Val P/R/F1 (Macro): 0.5316/0.6759/0.5443 | LR: 0.000001
Epoch [87/100] | Loss: 0.8456 (Cls: 0.8199, TAL: 0.0000, Adv: 0.2568) | Train Acc: 0.9844 | Val Acc: 0.5278 | Val P/R/F1 (Macro): 0.5841/0.6759/0.5784 | LR: 0.000001
Epoch [88/100] | Loss: 0.8356 (Cls: 0.8080, TAL: 0.0000, Adv: 0.2760) | Train Acc: 0.9688 | Val Acc: 0.5556 | Val P/R/F1 (Macro): 0.7175/0.6981/0.6278 | LR: 0.000001
Epoch [89/100] | Loss: 0.8468 (Cls: 0.8164, TAL: 0.0000, Adv: 0.3037) | Train Acc: 0.9844 | Val Acc: 0.5278 | Val P/R/F1 (Macro): 0.5538/0.6759/0.5566 | LR: 0.000001
Epoch [90/100] | Loss: 0.8613 (Cls: 0.8345, TAL: 0.0000, Adv: 0.2676) | Train Acc: 0.9844 | Val Acc: 0.5278 | Val P/R/F1 (Macro): 0.5538/0.6759/0.5566 | LR: 0.000001
Epoch [91/100] | Loss: 0.8282 (Cls: 0.7962, TAL: 0.0000, Adv: 0.3199) | Train Acc: 0.9766 | Val Acc: 0.5278 | Val P/R/F1 (Macro): 0.5316/0.6759/0.5443 | LR: 0.000001
Epoch [92/100] | Loss: 0.8086 (Cls: 0.7827, TAL: 0.0000, Adv: 0.2589) | Train Acc: 0.9922 | Val Acc: 0.5278 | Val P/R/F1 (Macro): 0.5316/0.6759/0.5443 | LR: 0.000001
Epoch [93/100] | Loss: 0.8094 (Cls: 0.7880, TAL: 0.0000, Adv: 0.2144) | Train Acc: 0.9688 | Val Acc: 0.5278 | Val P/R/F1 (Macro): 0.5316/0.6759/0.5443 | LR: 0.000001
Epoch [94/100] | Loss: 0.8340 (Cls: 0.8104, TAL: 0.0000, Adv: 0.2355) | Train Acc: 0.9922 | Val Acc: 0.5278 | Val P/R/F1 (Macro): 0.5205/0.6759/0.5350 | LR: 0.000001
Epoch [95/100] | Loss: 0.8806 (Cls: 0.8551, TAL: 0.0000, Adv: 0.2551) | Train Acc: 0.9531 | Val Acc: 0.5000 | Val P/R/F1 (Macro): 0.4205/0.6481/0.4998 | LR: 0.000001
Epoch [96/100] | Loss: 0.7859 (Cls: 0.7674, TAL: 0.0000, Adv: 0.1848) | Train Acc: 0.9688 | Val Acc: 0.5000 | Val P/R/F1 (Macro): 0.4205/0.6481/0.4998 | LR: 0.000001
Epoch [97/100] | Loss: 0.8383 (Cls: 0.8086, TAL: 0.0000, Adv: 0.2969) | Train Acc: 0.9609 | Val Acc: 0.5556 | Val P/R/F1 (Macro): 0.6463/0.6981/0.5846 | LR: 0.000001
Epoch [98/100] | Loss: 0.8577 (Cls: 0.8358, TAL: 0.0000, Adv: 0.2191) | Train Acc: 0.9531 | Val Acc: 0.5000 | Val P/R/F1 (Macro): 0.4205/0.6481/0.4998 | LR: 0.000001
Epoch [99/100] | Loss: 0.8289 (Cls: 0.8071, TAL: 0.0000, Adv: 0.2182) | Train Acc: 0.9922 | Val Acc: 0.5278 | Val P/R/F1 (Macro): 0.5841/0.6704/0.5710 | LR: 0.000001
Epoch [100/100] | Loss: 0.8318 (Cls: 0.8120, TAL: 0.0000, Adv: 0.1982) | Train Acc: 0.9766 | Val Acc: 0.5278 | Val P/R/F1 (Macro): 0.5316/0.6704/0.5369 | LR: 0.000001
Report strategy: last_window, window=10, reported_acc=0.5222, best_acc=0.7222

迭代 5 报告指标:
  Accuracy: 0.5222
  Precision (Macro): 0.5139
  Recall (Macro): 0.6687
  F1 (Macro): 0.5360
  Precision (Micro): 0.5222
  Recall (Micro): 0.5222
  F1 (Micro): 0.5222
  Val class coverage: 9/14 (0.6429), samples=36

================================================================================
5次迭代统计结果
================================================================================

accuracy:
  各迭代值: ['0.5167', '0.5556', '0.5861', '0.5889', '0.5222']
  均值 (Mean): 0.5539
  标准差 (Std): 0.0305

precision_macro:
  各迭代值: ['0.7448', '0.7364', '0.6385', '0.6433', '0.5139']
  均值 (Mean): 0.6554
  标准差 (Std): 0.0837

recall_macro:
  各迭代值: ['0.6354', '0.6850', '0.6819', '0.7019', '0.6687']
  均值 (Mean): 0.6746
  标准差 (Std): 0.0223

f1_macro:
  各迭代值: ['0.6080', '0.6312', '0.6365', '0.6432', '0.5360']
  均值 (Mean): 0.6110
  标准差 (Std): 0.0393

precision_micro:
  各迭代值: ['0.5167', '0.5556', '0.5861', '0.5889', '0.5222']
  均值 (Mean): 0.5539
  标准差 (Std): 0.0305

recall_micro:
  各迭代值: ['0.5167', '0.5556', '0.5861', '0.5889', '0.5222']
  均值 (Mean): 0.5539
  标准差 (Std): 0.0305

f1_micro:
  各迭代值: ['0.5167', '0.5556', '0.5861', '0.5889', '0.5222']
  均值 (Mean): 0.5539
  标准差 (Std): 0.0305

val_class_coverage:
  各迭代值: ['0.6429', '0.6429', '0.6429', '0.6429', '0.6429']
  均值 (Mean): 0.6429
  标准差 (Std): 0.0000

val_present_classes:
  各迭代值: ['9.0000', '9.0000', '9.0000', '9.0000', '9.0000']
  均值 (Mean): 9.0000
  标准差 (Std): 0.0000

val_total_classes:
  各迭代值: ['14.0000', '14.0000', '14.0000', '14.0000', '14.0000']
  均值 (Mean): 14.0000
  标准差 (Std): 0.0000

val_samples:
  各迭代值: ['36.0000', '36.0000', '36.0000', '36.0000', '36.0000']
  均值 (Mean): 36.0000
  标准差 (Std): 0.0000

训练结束时间: 2026-07-13 17:06:38
================================================================================
