================================================================================
模块消融实验 - without_tensor_without_ot
目标域天气: 黑天
训练开始时间: 2026-07-01 18:22:22
设备: cuda
源域: /home/lixiang/lx/Data/晴天
目标域: /home/lixiang/lx/Data/黑天
批次大小: 32
总轮数: 100
迭代次数: 5
使用Tensor模块: 否
使用OT模块: 否
特征融合方式: 通道拼接
域对齐方式: 常规对抗
================================================================================

================================================================================
迭代 1/5
随机种子: 42
================================================================================
Feature fusion: Channel concatenation (512+512); fused_dim=1024
Domain adaptation: standard source-target adversarial training, no generator
Loss weights: tensor=0.00, adv=0.15
Epoch [1/100] | Loss: 4.2869 (Cls: 4.1641, TAL: 0.0000, Adv: 0.8189) | Train Acc: 0.3728 | Val Acc: 0.1750 | Val P/R/F1 (Macro): 0.0387/0.1431/0.0566 | LR: 0.000010
  >>> New Best Val Acc: 0.1750
Epoch [2/100] | Loss: 2.7821 (Cls: 2.6649, TAL: 0.0000, Adv: 0.7819) | Train Acc: 0.6808 | Val Acc: 0.3833 | Val P/R/F1 (Macro): 0.1956/0.3286/0.2304 | LR: 0.000010
  >>> New Best Val Acc: 0.3833
Epoch [3/100] | Loss: 2.2113 (Cls: 2.1059, TAL: 0.0000, Adv: 0.7023) | Train Acc: 0.7723 | Val Acc: 0.4667 | Val P/R/F1 (Macro): 0.3123/0.3494/0.2375 | LR: 0.000010
  >>> New Best Val Acc: 0.4667
Epoch [4/100] | Loss: 1.9147 (Cls: 1.8183, TAL: 0.0000, Adv: 0.6425) | Train Acc: 0.8705 | Val Acc: 0.6083 | Val P/R/F1 (Macro): 0.4063/0.4360/0.3624 | LR: 0.000010
  >>> New Best Val Acc: 0.6083
Epoch [5/100] | Loss: 1.9307 (Cls: 1.8358, TAL: 0.0000, Adv: 0.6324) | Train Acc: 0.8482 | Val Acc: 0.8333 | Val P/R/F1 (Macro): 0.5003/0.4891/0.4888 | LR: 0.000010
  >>> New Best Val Acc: 0.8333
Epoch [6/100] | Loss: 1.7955 (Cls: 1.7076, TAL: 0.0000, Adv: 0.5858) | Train Acc: 0.9152 | Val Acc: 0.6750 | Val P/R/F1 (Macro): 0.3638/0.4723/0.3782 | LR: 0.000010
Epoch [7/100] | Loss: 1.6618 (Cls: 1.5855, TAL: 0.0000, Adv: 0.5087) | Train Acc: 0.9174 | Val Acc: 0.7417 | Val P/R/F1 (Macro): 0.3884/0.4683/0.4054 | LR: 0.000010
Epoch [8/100] | Loss: 1.6451 (Cls: 1.5798, TAL: 0.0000, Adv: 0.4354) | Train Acc: 0.9196 | Val Acc: 0.5417 | Val P/R/F1 (Macro): 0.3353/0.3730/0.3068 | LR: 0.000010
Epoch [9/100] | Loss: 1.6143 (Cls: 1.5637, TAL: 0.0000, Adv: 0.3375) | Train Acc: 0.9464 | Val Acc: 0.6167 | Val P/R/F1 (Macro): 0.4090/0.4290/0.3799 | LR: 0.000010
Epoch [10/100] | Loss: 1.5393 (Cls: 1.4972, TAL: 0.0000, Adv: 0.2806) | Train Acc: 0.9576 | Val Acc: 0.6917 | Val P/R/F1 (Macro): 0.4015/0.4640/0.3984 | LR: 0.000010
Epoch [11/100] | Loss: 1.5830 (Cls: 1.5410, TAL: 0.0000, Adv: 0.2796) | Train Acc: 0.9219 | Val Acc: 0.8333 | Val P/R/F1 (Macro): 0.5180/0.4694/0.4818 | LR: 0.000010
Epoch [12/100] | Loss: 1.4411 (Cls: 1.4117, TAL: 0.0000, Adv: 0.1955) | Train Acc: 0.9665 | Val Acc: 0.7583 | Val P/R/F1 (Macro): 0.4494/0.4332/0.4188 | LR: 0.000010
Epoch [13/100] | Loss: 1.4337 (Cls: 1.3993, TAL: 0.0000, Adv: 0.2290) | Train Acc: 0.9754 | Val Acc: 0.7417 | Val P/R/F1 (Macro): 0.4603/0.4547/0.4285 | LR: 0.000010
Epoch [14/100] | Loss: 1.4606 (Cls: 1.4283, TAL: 0.0000, Adv: 0.2156) | Train Acc: 0.9621 | Val Acc: 0.7333 | Val P/R/F1 (Macro): 0.4508/0.4702/0.4404 | LR: 0.000010
Epoch [15/100] | Loss: 1.4519 (Cls: 1.4247, TAL: 0.0000, Adv: 0.1818) | Train Acc: 0.9487 | Val Acc: 0.8333 | Val P/R/F1 (Macro): 0.4555/0.4959/0.4580 | LR: 0.000010
Epoch [16/100] | Loss: 1.3984 (Cls: 1.3393, TAL: 0.0000, Adv: 0.3944) | Train Acc: 0.9710 | Val Acc: 0.7333 | Val P/R/F1 (Macro): 0.4172/0.4794/0.4184 | LR: 0.000005
Epoch [17/100] | Loss: 1.4295 (Cls: 1.3223, TAL: 0.0000, Adv: 0.7145) | Train Acc: 0.9732 | Val Acc: 0.7833 | Val P/R/F1 (Macro): 0.4661/0.4898/0.4604 | LR: 0.000005
Epoch [18/100] | Loss: 1.4432 (Cls: 1.3482, TAL: 0.0000, Adv: 0.6335) | Train Acc: 0.9754 | Val Acc: 0.8667 | Val P/R/F1 (Macro): 0.5022/0.4828/0.4808 | LR: 0.000005
  >>> New Best Val Acc: 0.8667
Epoch [19/100] | Loss: 1.3425 (Cls: 1.2870, TAL: 0.0000, Adv: 0.3700) | Train Acc: 0.9911 | Val Acc: 0.8250 | Val P/R/F1 (Macro): 0.4530/0.4918/0.4496 | LR: 0.000005
Epoch [20/100] | Loss: 1.3491 (Cls: 1.3121, TAL: 0.0000, Adv: 0.2468) | Train Acc: 0.9710 | Val Acc: 0.9333 | Val P/R/F1 (Macro): 0.5361/0.5225/0.5245 | LR: 0.000005
  >>> New Best Val Acc: 0.9333
Epoch [21/100] | Loss: 1.3068 (Cls: 1.2793, TAL: 0.0000, Adv: 0.1836) | Train Acc: 0.9821 | Val Acc: 0.8167 | Val P/R/F1 (Macro): 0.4647/0.4700/0.4444 | LR: 0.000005
Epoch [22/100] | Loss: 1.3366 (Cls: 1.3041, TAL: 0.0000, Adv: 0.2172) | Train Acc: 0.9821 | Val Acc: 0.8167 | Val P/R/F1 (Macro): 0.4656/0.4910/0.4629 | LR: 0.000005
Epoch [23/100] | Loss: 1.3065 (Cls: 1.2805, TAL: 0.0000, Adv: 0.1733) | Train Acc: 0.9844 | Val Acc: 0.8667 | Val P/R/F1 (Macro): 0.4966/0.5072/0.4934 | LR: 0.000005
Epoch [24/100] | Loss: 1.2940 (Cls: 1.2748, TAL: 0.0000, Adv: 0.1278) | Train Acc: 0.9866 | Val Acc: 0.8500 | Val P/R/F1 (Macro): 0.4554/0.4980/0.4621 | LR: 0.000005
Epoch [25/100] | Loss: 1.2696 (Cls: 1.2555, TAL: 0.0000, Adv: 0.0940) | Train Acc: 0.9844 | Val Acc: 0.7417 | Val P/R/F1 (Macro): 0.4466/0.4689/0.4331 | LR: 0.000005
Epoch [26/100] | Loss: 1.2425 (Cls: 1.2338, TAL: 0.0000, Adv: 0.0585) | Train Acc: 0.9888 | Val Acc: 0.8917 | Val P/R/F1 (Macro): 0.4968/0.5043/0.4902 | LR: 0.000005
Epoch [27/100] | Loss: 1.2664 (Cls: 1.2544, TAL: 0.0000, Adv: 0.0799) | Train Acc: 0.9911 | Val Acc: 0.8167 | Val P/R/F1 (Macro): 0.4704/0.4920/0.4654 | LR: 0.000005
Epoch [28/100] | Loss: 1.2838 (Cls: 1.2737, TAL: 0.0000, Adv: 0.0668) | Train Acc: 0.9866 | Val Acc: 0.8583 | Val P/R/F1 (Macro): 0.4927/0.4783/0.4667 | LR: 0.000005
Epoch [29/100] | Loss: 1.2453 (Cls: 1.2374, TAL: 0.0000, Adv: 0.0527) | Train Acc: 0.9866 | Val Acc: 0.8667 | Val P/R/F1 (Macro): 0.4953/0.5062/0.4939 | LR: 0.000005
Epoch [30/100] | Loss: 1.2348 (Cls: 1.2137, TAL: 0.0000, Adv: 0.1409) | Train Acc: 0.9933 | Val Acc: 0.8583 | Val P/R/F1 (Macro): 0.4905/0.4800/0.4669 | LR: 0.000005
Epoch [31/100] | Loss: 1.2733 (Cls: 1.2211, TAL: 0.0000, Adv: 0.3476) | Train Acc: 0.9933 | Val Acc: 0.8417 | Val P/R/F1 (Macro): 0.4925/0.4752/0.4625 | LR: 0.000003
Epoch [32/100] | Loss: 1.3513 (Cls: 1.2650, TAL: 0.0000, Adv: 0.5749) | Train Acc: 0.9933 | Val Acc: 0.8833 | Val P/R/F1 (Macro): 0.5039/0.4999/0.4845 | LR: 0.000003
Epoch [33/100] | Loss: 1.3215 (Cls: 1.2208, TAL: 0.0000, Adv: 0.6718) | Train Acc: 0.9978 | Val Acc: 0.8333 | Val P/R/F1 (Macro): 0.4719/0.4965/0.4659 | LR: 0.000003
Epoch [34/100] | Loss: 1.2535 (Cls: 1.2204, TAL: 0.0000, Adv: 0.2208) | Train Acc: 0.9955 | Val Acc: 0.8250 | Val P/R/F1 (Macro): 0.4739/0.4938/0.4666 | LR: 0.000003
Epoch [35/100] | Loss: 1.2444 (Cls: 1.2243, TAL: 0.0000, Adv: 0.1345) | Train Acc: 0.9888 | Val Acc: 0.8833 | Val P/R/F1 (Macro): 0.4906/0.5012/0.4847 | LR: 0.000003
Epoch [36/100] | Loss: 1.2273 (Cls: 1.2107, TAL: 0.0000, Adv: 0.1105) | Train Acc: 0.9933 | Val Acc: 0.8083 | Val P/R/F1 (Macro): 0.4810/0.4903/0.4632 | LR: 0.000003
Epoch [37/100] | Loss: 1.2211 (Cls: 1.2075, TAL: 0.0000, Adv: 0.0907) | Train Acc: 0.9933 | Val Acc: 0.9250 | Val P/R/F1 (Macro): 0.5347/0.5147/0.5211 | LR: 0.000003
Epoch [38/100] | Loss: 1.2223 (Cls: 1.2132, TAL: 0.0000, Adv: 0.0611) | Train Acc: 0.9978 | Val Acc: 0.8583 | Val P/R/F1 (Macro): 0.4668/0.5021/0.4660 | LR: 0.000003
Epoch [39/100] | Loss: 1.2055 (Cls: 1.1966, TAL: 0.0000, Adv: 0.0592) | Train Acc: 1.0000 | Val Acc: 0.8750 | Val P/R/F1 (Macro): 0.4917/0.5056/0.4860 | LR: 0.000003
Epoch [40/100] | Loss: 1.2281 (Cls: 1.2176, TAL: 0.0000, Adv: 0.0701) | Train Acc: 0.9955 | Val Acc: 0.8917 | Val P/R/F1 (Macro): 0.5113/0.5087/0.5014 | LR: 0.000003
Epoch [41/100] | Loss: 1.2162 (Cls: 1.2070, TAL: 0.0000, Adv: 0.0616) | Train Acc: 0.9933 | Val Acc: 0.8167 | Val P/R/F1 (Macro): 0.4546/0.4863/0.4533 | LR: 0.000003
Epoch [42/100] | Loss: 1.2239 (Cls: 1.2163, TAL: 0.0000, Adv: 0.0504) | Train Acc: 0.9955 | Val Acc: 0.8667 | Val P/R/F1 (Macro): 0.5021/0.5035/0.4930 | LR: 0.000001
Epoch [43/100] | Loss: 1.1949 (Cls: 1.1908, TAL: 0.0000, Adv: 0.0275) | Train Acc: 1.0000 | Val Acc: 0.8500 | Val P/R/F1 (Macro): 0.4684/0.4769/0.4593 | LR: 0.000001
Epoch [44/100] | Loss: 1.2061 (Cls: 1.2016, TAL: 0.0000, Adv: 0.0296) | Train Acc: 0.9888 | Val Acc: 0.8583 | Val P/R/F1 (Macro): 0.4748/0.4787/0.4660 | LR: 0.000001
Epoch [45/100] | Loss: 1.1894 (Cls: 1.1846, TAL: 0.0000, Adv: 0.0321) | Train Acc: 1.0000 | Val Acc: 0.8750 | Val P/R/F1 (Macro): 0.4880/0.5042/0.4848 | LR: 0.000001
Epoch [46/100] | Loss: 1.1940 (Cls: 1.1874, TAL: 0.0000, Adv: 0.0442) | Train Acc: 0.9978 | Val Acc: 0.8583 | Val P/R/F1 (Macro): 0.4779/0.5008/0.4754 | LR: 0.000001
Epoch [47/100] | Loss: 1.1847 (Cls: 1.1823, TAL: 0.0000, Adv: 0.0160) | Train Acc: 0.9978 | Val Acc: 0.8583 | Val P/R/F1 (Macro): 0.4748/0.4787/0.4660 | LR: 0.000001
Epoch [48/100] | Loss: 1.1932 (Cls: 1.1878, TAL: 0.0000, Adv: 0.0360) | Train Acc: 0.9955 | Val Acc: 0.8667 | Val P/R/F1 (Macro): 0.4827/0.5025/0.4804 | LR: 0.000001
Epoch [49/100] | Loss: 1.1896 (Cls: 1.1851, TAL: 0.0000, Adv: 0.0295) | Train Acc: 0.9978 | Val Acc: 0.8583 | Val P/R/F1 (Macro): 0.4812/0.5008/0.4794 | LR: 0.000001
Epoch [50/100] | Loss: 1.2022 (Cls: 1.1957, TAL: 0.0000, Adv: 0.0428) | Train Acc: 0.9933 | Val Acc: 0.8667 | Val P/R/F1 (Macro): 0.4857/0.5025/0.4835 | LR: 0.000001
Epoch [51/100] | Loss: 1.1867 (Cls: 1.1836, TAL: 0.0000, Adv: 0.0205) | Train Acc: 1.0000 | Val Acc: 0.8417 | Val P/R/F1 (Macro): 0.4689/0.4925/0.4648 | LR: 0.000001
Epoch [52/100] | Loss: 1.1824 (Cls: 1.1786, TAL: 0.0000, Adv: 0.0254) | Train Acc: 1.0000 | Val Acc: 0.8583 | Val P/R/F1 (Macro): 0.4698/0.5008/0.4695 | LR: 0.000001
Epoch [53/100] | Loss: 1.1829 (Cls: 1.1777, TAL: 0.0000, Adv: 0.0344) | Train Acc: 1.0000 | Val Acc: 0.8667 | Val P/R/F1 (Macro): 0.4769/0.5025/0.4783 | LR: 0.000001
Epoch [54/100] | Loss: 1.1979 (Cls: 1.1895, TAL: 0.0000, Adv: 0.0558) | Train Acc: 0.9933 | Val Acc: 0.8583 | Val P/R/F1 (Macro): 0.4812/0.5008/0.4794 | LR: 0.000001
Epoch [55/100] | Loss: 1.1867 (Cls: 1.1801, TAL: 0.0000, Adv: 0.0443) | Train Acc: 0.9955 | Val Acc: 0.8583 | Val P/R/F1 (Macro): 0.4765/0.5008/0.4738 | LR: 0.000001
Epoch [56/100] | Loss: 1.1819 (Cls: 1.1777, TAL: 0.0000, Adv: 0.0280) | Train Acc: 1.0000 | Val Acc: 0.8667 | Val P/R/F1 (Macro): 0.4857/0.5025/0.4835 | LR: 0.000001
Epoch [57/100] | Loss: 1.1761 (Cls: 1.1730, TAL: 0.0000, Adv: 0.0206) | Train Acc: 1.0000 | Val Acc: 0.8667 | Val P/R/F1 (Macro): 0.4857/0.5025/0.4835 | LR: 0.000001
Epoch [58/100] | Loss: 1.1859 (Cls: 1.1785, TAL: 0.0000, Adv: 0.0494) | Train Acc: 0.9978 | Val Acc: 0.8667 | Val P/R/F1 (Macro): 0.4857/0.5025/0.4835 | LR: 0.000001
Epoch [59/100] | Loss: 1.1787 (Cls: 1.1732, TAL: 0.0000, Adv: 0.0367) | Train Acc: 1.0000 | Val Acc: 0.8750 | Val P/R/F1 (Macro): 0.4828/0.5042/0.4801 | LR: 0.000001
Epoch [60/100] | Loss: 1.1787 (Cls: 1.1776, TAL: 0.0000, Adv: 0.0073) | Train Acc: 0.9978 | Val Acc: 0.8917 | Val P/R/F1 (Macro): 0.4948/0.5091/0.4926 | LR: 0.000001
Epoch [61/100] | Loss: 1.1792 (Cls: 1.1775, TAL: 0.0000, Adv: 0.0115) | Train Acc: 0.9978 | Val Acc: 0.8833 | Val P/R/F1 (Macro): 0.4931/0.5060/0.4901 | LR: 0.000001
Epoch [62/100] | Loss: 1.1868 (Cls: 1.1852, TAL: 0.0000, Adv: 0.0110) | Train Acc: 0.9978 | Val Acc: 0.8667 | Val P/R/F1 (Macro): 0.4770/0.5025/0.4767 | LR: 0.000001
Epoch [63/100] | Loss: 1.1701 (Cls: 1.1687, TAL: 0.0000, Adv: 0.0092) | Train Acc: 1.0000 | Val Acc: 0.8833 | Val P/R/F1 (Macro): 0.4869/0.5060/0.4848 | LR: 0.000001
Epoch [64/100] | Loss: 1.1718 (Cls: 1.1707, TAL: 0.0000, Adv: 0.0076) | Train Acc: 0.9978 | Val Acc: 0.8917 | Val P/R/F1 (Macro): 0.4950/0.5077/0.4919 | LR: 0.000001
Epoch [65/100] | Loss: 1.1788 (Cls: 1.1759, TAL: 0.0000, Adv: 0.0190) | Train Acc: 1.0000 | Val Acc: 0.8667 | Val P/R/F1 (Macro): 0.4808/0.5025/0.4779 | LR: 0.000001
Epoch [66/100] | Loss: 1.1713 (Cls: 1.1703, TAL: 0.0000, Adv: 0.0072) | Train Acc: 0.9978 | Val Acc: 0.8667 | Val P/R/F1 (Macro): 0.4808/0.5025/0.4779 | LR: 0.000001
Epoch [67/100] | Loss: 1.1845 (Cls: 1.1811, TAL: 0.0000, Adv: 0.0227) | Train Acc: 1.0000 | Val Acc: 0.8667 | Val P/R/F1 (Macro): 0.4827/0.5025/0.4804 | LR: 0.000001
Epoch [68/100] | Loss: 1.1824 (Cls: 1.1810, TAL: 0.0000, Adv: 0.0096) | Train Acc: 0.9955 | Val Acc: 0.8583 | Val P/R/F1 (Macro): 0.4748/0.4997/0.4715 | LR: 0.000001
Epoch [69/100] | Loss: 1.1765 (Cls: 1.1751, TAL: 0.0000, Adv: 0.0088) | Train Acc: 1.0000 | Val Acc: 0.8667 | Val P/R/F1 (Macro): 0.4807/0.5025/0.4781 | LR: 0.000001
Epoch [70/100] | Loss: 1.1746 (Cls: 1.1731, TAL: 0.0000, Adv: 0.0103) | Train Acc: 0.9978 | Val Acc: 0.8917 | Val P/R/F1 (Macro): 0.4922/0.5077/0.4891 | LR: 0.000001
Epoch [71/100] | Loss: 1.1720 (Cls: 1.1702, TAL: 0.0000, Adv: 0.0118) | Train Acc: 1.0000 | Val Acc: 0.8917 | Val P/R/F1 (Macro): 0.4907/0.5077/0.4888 | LR: 0.000001
Epoch [72/100] | Loss: 1.1771 (Cls: 1.1764, TAL: 0.0000, Adv: 0.0052) | Train Acc: 0.9978 | Val Acc: 0.8750 | Val P/R/F1 (Macro): 0.4828/0.5042/0.4801 | LR: 0.000001
Epoch [73/100] | Loss: 1.1820 (Cls: 1.1804, TAL: 0.0000, Adv: 0.0107) | Train Acc: 0.9978 | Val Acc: 0.8667 | Val P/R/F1 (Macro): 0.4770/0.5025/0.4767 | LR: 0.000001
Epoch [74/100] | Loss: 1.1819 (Cls: 1.1798, TAL: 0.0000, Adv: 0.0142) | Train Acc: 0.9978 | Val Acc: 0.8750 | Val P/R/F1 (Macro): 0.4847/0.5042/0.4826 | LR: 0.000001
Epoch [75/100] | Loss: 1.1855 (Cls: 1.1843, TAL: 0.0000, Adv: 0.0086) | Train Acc: 0.9978 | Val Acc: 0.8667 | Val P/R/F1 (Macro): 0.4770/0.5025/0.4767 | LR: 0.000001
Epoch [76/100] | Loss: 1.1763 (Cls: 1.1758, TAL: 0.0000, Adv: 0.0038) | Train Acc: 0.9978 | Val Acc: 0.8750 | Val P/R/F1 (Macro): 0.4761/0.5042/0.4758 | LR: 0.000001
Epoch [77/100] | Loss: 1.1686 (Cls: 1.1673, TAL: 0.0000, Adv: 0.0087) | Train Acc: 1.0000 | Val Acc: 0.8750 | Val P/R/F1 (Macro): 0.4790/0.5042/0.4789 | LR: 0.000001
Epoch [78/100] | Loss: 1.1670 (Cls: 1.1666, TAL: 0.0000, Adv: 0.0026) | Train Acc: 1.0000 | Val Acc: 0.8917 | Val P/R/F1 (Macro): 0.4950/0.5077/0.4919 | LR: 0.000001
Epoch [79/100] | Loss: 1.1794 (Cls: 1.1792, TAL: 0.0000, Adv: 0.0018) | Train Acc: 0.9978 | Val Acc: 0.8667 | Val P/R/F1 (Macro): 0.4827/0.5025/0.4804 | LR: 0.000001
Epoch [80/100] | Loss: 1.1737 (Cls: 1.1721, TAL: 0.0000, Adv: 0.0103) | Train Acc: 1.0000 | Val Acc: 0.8667 | Val P/R/F1 (Macro): 0.4827/0.5025/0.4804 | LR: 0.000001
Epoch [81/100] | Loss: 1.1836 (Cls: 1.1826, TAL: 0.0000, Adv: 0.0068) | Train Acc: 0.9933 | Val Acc: 0.8917 | Val P/R/F1 (Macro): 0.4950/0.5077/0.4919 | LR: 0.000001
Epoch [82/100] | Loss: 1.1636 (Cls: 1.1632, TAL: 0.0000, Adv: 0.0024) | Train Acc: 1.0000 | Val Acc: 0.8667 | Val P/R/F1 (Macro): 0.4857/0.5025/0.4835 | LR: 0.000001
Epoch [83/100] | Loss: 1.1744 (Cls: 1.1727, TAL: 0.0000, Adv: 0.0114) | Train Acc: 1.0000 | Val Acc: 0.8833 | Val P/R/F1 (Macro): 0.4900/0.5060/0.4870 | LR: 0.000001
Epoch [84/100] | Loss: 1.1719 (Cls: 1.1699, TAL: 0.0000, Adv: 0.0134) | Train Acc: 1.0000 | Val Acc: 0.8917 | Val P/R/F1 (Macro): 0.5095/0.5077/0.5028 | LR: 0.000001
Epoch [85/100] | Loss: 1.1706 (Cls: 1.1700, TAL: 0.0000, Adv: 0.0041) | Train Acc: 0.9978 | Val Acc: 0.8917 | Val P/R/F1 (Macro): 0.4996/0.5077/0.4956 | LR: 0.000001
Epoch [86/100] | Loss: 1.1713 (Cls: 1.1707, TAL: 0.0000, Adv: 0.0038) | Train Acc: 1.0000 | Val Acc: 0.8667 | Val P/R/F1 (Macro): 0.4770/0.5025/0.4767 | LR: 0.000001
Epoch [87/100] | Loss: 1.1668 (Cls: 1.1664, TAL: 0.0000, Adv: 0.0026) | Train Acc: 1.0000 | Val Acc: 0.8833 | Val P/R/F1 (Macro): 0.4900/0.5060/0.4870 | LR: 0.000001
Epoch [88/100] | Loss: 1.1718 (Cls: 1.1699, TAL: 0.0000, Adv: 0.0128) | Train Acc: 1.0000 | Val Acc: 0.8833 | Val P/R/F1 (Macro): 0.4880/0.5060/0.4844 | LR: 0.000001
Epoch [89/100] | Loss: 1.1706 (Cls: 1.1696, TAL: 0.0000, Adv: 0.0065) | Train Acc: 1.0000 | Val Acc: 0.8750 | Val P/R/F1 (Macro): 0.4828/0.5042/0.4801 | LR: 0.000001
Epoch [90/100] | Loss: 1.1714 (Cls: 1.1704, TAL: 0.0000, Adv: 0.0066) | Train Acc: 1.0000 | Val Acc: 0.8833 | Val P/R/F1 (Macro): 0.4900/0.5060/0.4870 | LR: 0.000001
Epoch [91/100] | Loss: 1.1726 (Cls: 1.1722, TAL: 0.0000, Adv: 0.0024) | Train Acc: 1.0000 | Val Acc: 0.8750 | Val P/R/F1 (Macro): 0.4790/0.5042/0.4789 | LR: 0.000001
Epoch [92/100] | Loss: 1.1795 (Cls: 1.1788, TAL: 0.0000, Adv: 0.0050) | Train Acc: 0.9955 | Val Acc: 0.8750 | Val P/R/F1 (Macro): 0.4847/0.5042/0.4826 | LR: 0.000001
Epoch [93/100] | Loss: 1.1759 (Cls: 1.1715, TAL: 0.0000, Adv: 0.0292) | Train Acc: 1.0000 | Val Acc: 0.8750 | Val P/R/F1 (Macro): 0.4878/0.5042/0.4857 | LR: 0.000001
Epoch [94/100] | Loss: 1.1766 (Cls: 1.1752, TAL: 0.0000, Adv: 0.0094) | Train Acc: 0.9955 | Val Acc: 0.8667 | Val P/R/F1 (Macro): 0.4827/0.5025/0.4804 | LR: 0.000001
Epoch [95/100] | Loss: 1.1722 (Cls: 1.1701, TAL: 0.0000, Adv: 0.0141) | Train Acc: 1.0000 | Val Acc: 0.8667 | Val P/R/F1 (Macro): 0.4990/0.4987/0.4867 | LR: 0.000001
Epoch [96/100] | Loss: 1.1756 (Cls: 1.1750, TAL: 0.0000, Adv: 0.0042) | Train Acc: 1.0000 | Val Acc: 0.8750 | Val P/R/F1 (Macro): 0.4922/0.5042/0.4892 | LR: 0.000001
Epoch [97/100] | Loss: 1.1650 (Cls: 1.1645, TAL: 0.0000, Adv: 0.0028) | Train Acc: 1.0000 | Val Acc: 0.8833 | Val P/R/F1 (Macro): 0.4900/0.5060/0.4870 | LR: 0.000001
Epoch [98/100] | Loss: 1.1845 (Cls: 1.1829, TAL: 0.0000, Adv: 0.0108) | Train Acc: 1.0000 | Val Acc: 0.8833 | Val P/R/F1 (Macro): 0.4900/0.5060/0.4870 | LR: 0.000001
Epoch [99/100] | Loss: 1.1671 (Cls: 1.1669, TAL: 0.0000, Adv: 0.0016) | Train Acc: 1.0000 | Val Acc: 0.8750 | Val P/R/F1 (Macro): 0.4847/0.5042/0.4826 | LR: 0.000001
Epoch [100/100] | Loss: 1.1684 (Cls: 1.1674, TAL: 0.0000, Adv: 0.0067) | Train Acc: 1.0000 | Val Acc: 0.8917 | Val P/R/F1 (Macro): 0.4922/0.5077/0.4891 | LR: 0.000001

迭代 1 最佳指标:
  Accuracy: 0.9333
  Precision (Macro): 0.5361
  Recall (Macro): 0.5225
  F1 (Macro): 0.5245
  Precision (Micro): 0.9333
  Recall (Micro): 0.9333
  F1 (Micro): 0.9333

================================================================================
迭代 2/5
随机种子: 43
================================================================================
Feature fusion: Channel concatenation (512+512); fused_dim=1024
Domain adaptation: standard source-target adversarial training, no generator
Loss weights: tensor=0.00, adv=0.15
Epoch [1/100] | Loss: 4.4085 (Cls: 4.2935, TAL: 0.0000, Adv: 0.7662) | Train Acc: 0.3772 | Val Acc: 0.1250 | Val P/R/F1 (Macro): 0.0190/0.0907/0.0279 | LR: 0.000010
  >>> New Best Val Acc: 0.1250
Epoch [2/100] | Loss: 3.1062 (Cls: 2.9980, TAL: 0.0000, Adv: 0.7212) | Train Acc: 0.5982 | Val Acc: 0.2167 | Val P/R/F1 (Macro): 0.2103/0.1713/0.1186 | LR: 0.000010
  >>> New Best Val Acc: 0.2167
Epoch [3/100] | Loss: 2.2885 (Cls: 2.1829, TAL: 0.0000, Adv: 0.7040) | Train Acc: 0.7723 | Val Acc: 0.5500 | Val P/R/F1 (Macro): 0.3289/0.3649/0.3234 | LR: 0.000010
  >>> New Best Val Acc: 0.5500
Epoch [4/100] | Loss: 2.0915 (Cls: 1.9885, TAL: 0.0000, Adv: 0.6863) | Train Acc: 0.8214 | Val Acc: 0.3667 | Val P/R/F1 (Macro): 0.2880/0.2857/0.1830 | LR: 0.000010
Epoch [5/100] | Loss: 1.8715 (Cls: 1.7761, TAL: 0.0000, Adv: 0.6354) | Train Acc: 0.8772 | Val Acc: 0.6333 | Val P/R/F1 (Macro): 0.3899/0.3915/0.3554 | LR: 0.000010
  >>> New Best Val Acc: 0.6333
Epoch [6/100] | Loss: 1.8070 (Cls: 1.7191, TAL: 0.0000, Adv: 0.5861) | Train Acc: 0.8929 | Val Acc: 0.5417 | Val P/R/F1 (Macro): 0.3115/0.2928/0.2644 | LR: 0.000010
Epoch [7/100] | Loss: 1.7269 (Cls: 1.6516, TAL: 0.0000, Adv: 0.5022) | Train Acc: 0.9107 | Val Acc: 0.7667 | Val P/R/F1 (Macro): 0.3990/0.4259/0.3894 | LR: 0.000010
  >>> New Best Val Acc: 0.7667
Epoch [8/100] | Loss: 1.6590 (Cls: 1.5957, TAL: 0.0000, Adv: 0.4216) | Train Acc: 0.9129 | Val Acc: 0.8167 | Val P/R/F1 (Macro): 0.4389/0.4642/0.4345 | LR: 0.000010
  >>> New Best Val Acc: 0.8167
Epoch [9/100] | Loss: 1.6567 (Cls: 1.5979, TAL: 0.0000, Adv: 0.3922) | Train Acc: 0.9241 | Val Acc: 0.7500 | Val P/R/F1 (Macro): 0.4304/0.4486/0.4215 | LR: 0.000010
Epoch [10/100] | Loss: 1.5348 (Cls: 1.4932, TAL: 0.0000, Adv: 0.2769) | Train Acc: 0.9353 | Val Acc: 0.7417 | Val P/R/F1 (Macro): 0.4002/0.4781/0.4178 | LR: 0.000010
Epoch [11/100] | Loss: 1.4913 (Cls: 1.4550, TAL: 0.0000, Adv: 0.2420) | Train Acc: 0.9576 | Val Acc: 0.7000 | Val P/R/F1 (Macro): 0.3762/0.4653/0.3845 | LR: 0.000010
Epoch [12/100] | Loss: 1.4624 (Cls: 1.4284, TAL: 0.0000, Adv: 0.2263) | Train Acc: 0.9665 | Val Acc: 0.7167 | Val P/R/F1 (Macro): 0.3893/0.4790/0.4053 | LR: 0.000010
Epoch [13/100] | Loss: 1.4619 (Cls: 1.4329, TAL: 0.0000, Adv: 0.1932) | Train Acc: 0.9598 | Val Acc: 0.7917 | Val P/R/F1 (Macro): 0.4370/0.4647/0.4347 | LR: 0.000010
Epoch [14/100] | Loss: 1.4166 (Cls: 1.3875, TAL: 0.0000, Adv: 0.1942) | Train Acc: 0.9665 | Val Acc: 0.7583 | Val P/R/F1 (Macro): 0.4462/0.4951/0.4523 | LR: 0.000010
Epoch [15/100] | Loss: 1.3868 (Cls: 1.3659, TAL: 0.0000, Adv: 0.1393) | Train Acc: 0.9710 | Val Acc: 0.7917 | Val P/R/F1 (Macro): 0.4246/0.4862/0.4381 | LR: 0.000010
Epoch [16/100] | Loss: 1.4024 (Cls: 1.3854, TAL: 0.0000, Adv: 0.1132) | Train Acc: 0.9598 | Val Acc: 0.8083 | Val P/R/F1 (Macro): 0.4659/0.4941/0.4620 | LR: 0.000010
Epoch [17/100] | Loss: 1.3889 (Cls: 1.3744, TAL: 0.0000, Adv: 0.0968) | Train Acc: 0.9487 | Val Acc: 0.8750 | Val P/R/F1 (Macro): 0.5021/0.5104/0.4972 | LR: 0.000010
  >>> New Best Val Acc: 0.8750
Epoch [18/100] | Loss: 1.3862 (Cls: 1.3667, TAL: 0.0000, Adv: 0.1303) | Train Acc: 0.9688 | Val Acc: 0.7917 | Val P/R/F1 (Macro): 0.4588/0.4713/0.4534 | LR: 0.000010
Epoch [19/100] | Loss: 1.3387 (Cls: 1.3279, TAL: 0.0000, Adv: 0.0721) | Train Acc: 0.9777 | Val Acc: 0.7500 | Val P/R/F1 (Macro): 0.4573/0.4917/0.4492 | LR: 0.000010
Epoch [20/100] | Loss: 1.3158 (Cls: 1.3066, TAL: 0.0000, Adv: 0.0616) | Train Acc: 0.9754 | Val Acc: 0.7833 | Val P/R/F1 (Macro): 0.4671/0.4901/0.4517 | LR: 0.000010
Epoch [21/100] | Loss: 1.3257 (Cls: 1.3052, TAL: 0.0000, Adv: 0.1366) | Train Acc: 0.9866 | Val Acc: 0.8250 | Val P/R/F1 (Macro): 0.4041/0.4300/0.3956 | LR: 0.000010
Epoch [22/100] | Loss: 1.2969 (Cls: 1.2821, TAL: 0.0000, Adv: 0.0991) | Train Acc: 0.9933 | Val Acc: 0.7833 | Val P/R/F1 (Macro): 0.4504/0.4589/0.4298 | LR: 0.000010
Epoch [23/100] | Loss: 1.3476 (Cls: 1.3252, TAL: 0.0000, Adv: 0.1496) | Train Acc: 0.9777 | Val Acc: 0.8083 | Val P/R/F1 (Macro): 0.4611/0.5127/0.4698 | LR: 0.000010
Epoch [24/100] | Loss: 1.4105 (Cls: 1.3128, TAL: 0.0000, Adv: 0.6511) | Train Acc: 0.9665 | Val Acc: 0.8917 | Val P/R/F1 (Macro): 0.4935/0.5152/0.4917 | LR: 0.000010
  >>> New Best Val Acc: 0.8917
Epoch [25/100] | Loss: 1.4626 (Cls: 1.3206, TAL: 0.0000, Adv: 0.9466) | Train Acc: 0.9821 | Val Acc: 0.7750 | Val P/R/F1 (Macro): 0.4628/0.4453/0.4196 | LR: 0.000010
Epoch [26/100] | Loss: 1.4881 (Cls: 1.3800, TAL: 0.0000, Adv: 0.7202) | Train Acc: 0.9598 | Val Acc: 0.8167 | Val P/R/F1 (Macro): 0.4761/0.4483/0.4323 | LR: 0.000010
Epoch [27/100] | Loss: 1.3461 (Cls: 1.2701, TAL: 0.0000, Adv: 0.5063) | Train Acc: 0.9911 | Val Acc: 0.7333 | Val P/R/F1 (Macro): 0.4265/0.4522/0.4030 | LR: 0.000010
Epoch [28/100] | Loss: 1.3500 (Cls: 1.2963, TAL: 0.0000, Adv: 0.3583) | Train Acc: 0.9821 | Val Acc: 0.8167 | Val P/R/F1 (Macro): 0.4853/0.4771/0.4574 | LR: 0.000010
Epoch [29/100] | Loss: 1.2854 (Cls: 1.2621, TAL: 0.0000, Adv: 0.1553) | Train Acc: 0.9888 | Val Acc: 0.7250 | Val P/R/F1 (Macro): 0.4118/0.5024/0.4286 | LR: 0.000010
Epoch [30/100] | Loss: 1.2597 (Cls: 1.2496, TAL: 0.0000, Adv: 0.0670) | Train Acc: 0.9866 | Val Acc: 0.8500 | Val P/R/F1 (Macro): 0.4782/0.5316/0.4935 | LR: 0.000010
Epoch [31/100] | Loss: 1.2368 (Cls: 1.2285, TAL: 0.0000, Adv: 0.0551) | Train Acc: 0.9955 | Val Acc: 0.8167 | Val P/R/F1 (Macro): 0.4839/0.4676/0.4481 | LR: 0.000010
Epoch [32/100] | Loss: 1.2459 (Cls: 1.2329, TAL: 0.0000, Adv: 0.0869) | Train Acc: 0.9888 | Val Acc: 0.8250 | Val P/R/F1 (Macro): 0.4489/0.4972/0.4590 | LR: 0.000010
Epoch [33/100] | Loss: 1.2839 (Cls: 1.2662, TAL: 0.0000, Adv: 0.1181) | Train Acc: 0.9754 | Val Acc: 0.8750 | Val P/R/F1 (Macro): 0.4884/0.5324/0.5017 | LR: 0.000010
Epoch [34/100] | Loss: 1.2543 (Cls: 1.2418, TAL: 0.0000, Adv: 0.0834) | Train Acc: 0.9911 | Val Acc: 0.7583 | Val P/R/F1 (Macro): 0.4627/0.4425/0.4192 | LR: 0.000010
Epoch [35/100] | Loss: 1.2492 (Cls: 1.2264, TAL: 0.0000, Adv: 0.1519) | Train Acc: 0.9933 | Val Acc: 0.7000 | Val P/R/F1 (Macro): 0.3991/0.4701/0.3931 | LR: 0.000005
Epoch [36/100] | Loss: 1.2237 (Cls: 1.2047, TAL: 0.0000, Adv: 0.1271) | Train Acc: 0.9933 | Val Acc: 0.8083 | Val P/R/F1 (Macro): 0.4788/0.4485/0.4336 | LR: 0.000005
Epoch [37/100] | Loss: 1.2154 (Cls: 1.1942, TAL: 0.0000, Adv: 0.1412) | Train Acc: 0.9933 | Val Acc: 0.8833 | Val P/R/F1 (Macro): 0.4996/0.5141/0.4945 | LR: 0.000005
Epoch [38/100] | Loss: 1.2048 (Cls: 1.1879, TAL: 0.0000, Adv: 0.1131) | Train Acc: 1.0000 | Val Acc: 0.8583 | Val P/R/F1 (Macro): 0.4920/0.5299/0.4988 | LR: 0.000005
Epoch [39/100] | Loss: 1.2009 (Cls: 1.1863, TAL: 0.0000, Adv: 0.0976) | Train Acc: 1.0000 | Val Acc: 0.8500 | Val P/R/F1 (Macro): 0.4885/0.5071/0.4801 | LR: 0.000005
Epoch [40/100] | Loss: 1.2085 (Cls: 1.1902, TAL: 0.0000, Adv: 0.1217) | Train Acc: 1.0000 | Val Acc: 0.8000 | Val P/R/F1 (Macro): 0.4676/0.4923/0.4614 | LR: 0.000005
Epoch [41/100] | Loss: 1.1954 (Cls: 1.1835, TAL: 0.0000, Adv: 0.0793) | Train Acc: 0.9978 | Val Acc: 0.8333 | Val P/R/F1 (Macro): 0.4911/0.5013/0.4824 | LR: 0.000005
Epoch [42/100] | Loss: 1.1902 (Cls: 1.1774, TAL: 0.0000, Adv: 0.0854) | Train Acc: 1.0000 | Val Acc: 0.8750 | Val P/R/F1 (Macro): 0.4883/0.5083/0.4872 | LR: 0.000005
Epoch [43/100] | Loss: 1.1861 (Cls: 1.1765, TAL: 0.0000, Adv: 0.0640) | Train Acc: 0.9978 | Val Acc: 0.7917 | Val P/R/F1 (Macro): 0.4468/0.4909/0.4470 | LR: 0.000005
Epoch [44/100] | Loss: 1.1892 (Cls: 1.1725, TAL: 0.0000, Adv: 0.1112) | Train Acc: 1.0000 | Val Acc: 0.8250 | Val P/R/F1 (Macro): 0.4814/0.5206/0.4871 | LR: 0.000005
Epoch [45/100] | Loss: 1.1940 (Cls: 1.1838, TAL: 0.0000, Adv: 0.0679) | Train Acc: 0.9955 | Val Acc: 0.8417 | Val P/R/F1 (Macro): 0.4843/0.4986/0.4753 | LR: 0.000005
Epoch [46/100] | Loss: 1.1894 (Cls: 1.1827, TAL: 0.0000, Adv: 0.0449) | Train Acc: 0.9978 | Val Acc: 0.8333 | Val P/R/F1 (Macro): 0.4691/0.5186/0.4780 | LR: 0.000003
Epoch [47/100] | Loss: 1.1919 (Cls: 1.1810, TAL: 0.0000, Adv: 0.0729) | Train Acc: 0.9933 | Val Acc: 0.8500 | Val P/R/F1 (Macro): 0.4708/0.5234/0.4810 | LR: 0.000003
Epoch [48/100] | Loss: 1.1859 (Cls: 1.1764, TAL: 0.0000, Adv: 0.0632) | Train Acc: 0.9978 | Val Acc: 0.8500 | Val P/R/F1 (Macro): 0.4861/0.4793/0.4624 | LR: 0.000003
Epoch [49/100] | Loss: 1.1868 (Cls: 1.1714, TAL: 0.0000, Adv: 0.1025) | Train Acc: 1.0000 | Val Acc: 0.8583 | Val P/R/F1 (Macro): 0.4908/0.5286/0.4970 | LR: 0.000003
Epoch [50/100] | Loss: 1.1898 (Cls: 1.1791, TAL: 0.0000, Adv: 0.0713) | Train Acc: 0.9955 | Val Acc: 0.8667 | Val P/R/F1 (Macro): 0.4941/0.5256/0.4977 | LR: 0.000003
Epoch [51/100] | Loss: 1.1813 (Cls: 1.1740, TAL: 0.0000, Adv: 0.0487) | Train Acc: 0.9955 | Val Acc: 0.8750 | Val P/R/F1 (Macro): 0.4955/0.5277/0.4996 | LR: 0.000003
Epoch [52/100] | Loss: 1.1887 (Cls: 1.1826, TAL: 0.0000, Adv: 0.0406) | Train Acc: 1.0000 | Val Acc: 0.8750 | Val P/R/F1 (Macro): 0.4952/0.5100/0.4895 | LR: 0.000003
Epoch [53/100] | Loss: 1.1767 (Cls: 1.1699, TAL: 0.0000, Adv: 0.0450) | Train Acc: 0.9978 | Val Acc: 0.8333 | Val P/R/F1 (Macro): 0.4852/0.5186/0.4872 | LR: 0.000003
Epoch [54/100] | Loss: 1.1683 (Cls: 1.1637, TAL: 0.0000, Adv: 0.0305) | Train Acc: 1.0000 | Val Acc: 0.8667 | Val P/R/F1 (Macro): 0.4930/0.5256/0.4964 | LR: 0.000003
Epoch [55/100] | Loss: 1.1665 (Cls: 1.1613, TAL: 0.0000, Adv: 0.0352) | Train Acc: 1.0000 | Val Acc: 0.8750 | Val P/R/F1 (Macro): 0.4953/0.5287/0.5002 | LR: 0.000003
Epoch [56/100] | Loss: 1.1729 (Cls: 1.1661, TAL: 0.0000, Adv: 0.0454) | Train Acc: 1.0000 | Val Acc: 0.8500 | Val P/R/F1 (Macro): 0.4810/0.5004/0.4747 | LR: 0.000003
Epoch [57/100] | Loss: 1.1698 (Cls: 1.1656, TAL: 0.0000, Adv: 0.0286) | Train Acc: 1.0000 | Val Acc: 0.8500 | Val P/R/F1 (Macro): 0.4869/0.5014/0.4784 | LR: 0.000001
Epoch [58/100] | Loss: 1.1681 (Cls: 1.1632, TAL: 0.0000, Adv: 0.0327) | Train Acc: 1.0000 | Val Acc: 0.8583 | Val P/R/F1 (Macro): 0.4898/0.5252/0.4942 | LR: 0.000001
Epoch [59/100] | Loss: 1.1753 (Cls: 1.1706, TAL: 0.0000, Adv: 0.0315) | Train Acc: 1.0000 | Val Acc: 0.8750 | Val P/R/F1 (Macro): 0.4982/0.5287/0.5006 | LR: 0.000001
Epoch [60/100] | Loss: 1.1593 (Cls: 1.1566, TAL: 0.0000, Adv: 0.0182) | Train Acc: 1.0000 | Val Acc: 0.8500 | Val P/R/F1 (Macro): 0.4869/0.5000/0.4763 | LR: 0.000001
Epoch [61/100] | Loss: 1.1666 (Cls: 1.1592, TAL: 0.0000, Adv: 0.0494) | Train Acc: 1.0000 | Val Acc: 0.8833 | Val P/R/F1 (Macro): 0.4988/0.5304/0.5025 | LR: 0.000001
Epoch [62/100] | Loss: 1.1711 (Cls: 1.1650, TAL: 0.0000, Adv: 0.0407) | Train Acc: 1.0000 | Val Acc: 0.8667 | Val P/R/F1 (Macro): 0.4928/0.5269/0.4964 | LR: 0.000001
Epoch [63/100] | Loss: 1.1642 (Cls: 1.1599, TAL: 0.0000, Adv: 0.0283) | Train Acc: 0.9978 | Val Acc: 0.8667 | Val P/R/F1 (Macro): 0.4957/0.5049/0.4863 | LR: 0.000001
Epoch [64/100] | Loss: 1.1657 (Cls: 1.1630, TAL: 0.0000, Adv: 0.0178) | Train Acc: 0.9955 | Val Acc: 0.8833 | Val P/R/F1 (Macro): 0.4987/0.5314/0.5027 | LR: 0.000001
Epoch [65/100] | Loss: 1.1667 (Cls: 1.1594, TAL: 0.0000, Adv: 0.0484) | Train Acc: 0.9955 | Val Acc: 0.8833 | Val P/R/F1 (Macro): 0.4988/0.5304/0.5025 | LR: 0.000001
Epoch [66/100] | Loss: 1.1643 (Cls: 1.1622, TAL: 0.0000, Adv: 0.0139) | Train Acc: 1.0000 | Val Acc: 0.8500 | Val P/R/F1 (Macro): 0.4888/0.5221/0.4913 | LR: 0.000001
Epoch [67/100] | Loss: 1.1629 (Cls: 1.1600, TAL: 0.0000, Adv: 0.0193) | Train Acc: 0.9978 | Val Acc: 0.8833 | Val P/R/F1 (Macro): 0.4985/0.5304/0.5012 | LR: 0.000001
Epoch [68/100] | Loss: 1.1600 (Cls: 1.1580, TAL: 0.0000, Adv: 0.0131) | Train Acc: 0.9978 | Val Acc: 0.8667 | Val P/R/F1 (Macro): 0.4928/0.5269/0.4964 | LR: 0.000001
Epoch [69/100] | Loss: 1.1655 (Cls: 1.1627, TAL: 0.0000, Adv: 0.0189) | Train Acc: 0.9978 | Val Acc: 0.8750 | Val P/R/F1 (Macro): 0.4951/0.5287/0.4987 | LR: 0.000001
Epoch [70/100] | Loss: 1.1649 (Cls: 1.1630, TAL: 0.0000, Adv: 0.0123) | Train Acc: 1.0000 | Val Acc: 0.8667 | Val P/R/F1 (Macro): 0.4935/0.5049/0.4844 | LR: 0.000001
Epoch [71/100] | Loss: 1.1667 (Cls: 1.1626, TAL: 0.0000, Adv: 0.0273) | Train Acc: 1.0000 | Val Acc: 0.8833 | Val P/R/F1 (Macro): 0.4985/0.5304/0.5012 | LR: 0.000001
Epoch [72/100] | Loss: 1.1631 (Cls: 1.1595, TAL: 0.0000, Adv: 0.0244) | Train Acc: 0.9955 | Val Acc: 0.8667 | Val P/R/F1 (Macro): 0.4928/0.5269/0.4964 | LR: 0.000001
Epoch [73/100] | Loss: 1.1597 (Cls: 1.1530, TAL: 0.0000, Adv: 0.0450) | Train Acc: 1.0000 | Val Acc: 0.8750 | Val P/R/F1 (Macro): 0.4948/0.5287/0.4973 | LR: 0.000001
Epoch [74/100] | Loss: 1.1661 (Cls: 1.1602, TAL: 0.0000, Adv: 0.0391) | Train Acc: 0.9955 | Val Acc: 0.8667 | Val P/R/F1 (Macro): 0.4938/0.5269/0.4965 | LR: 0.000001
Epoch [75/100] | Loss: 1.1564 (Cls: 1.1554, TAL: 0.0000, Adv: 0.0067) | Train Acc: 1.0000 | Val Acc: 0.8750 | Val P/R/F1 (Macro): 0.4908/0.5277/0.4996 | LR: 0.000001
Epoch [76/100] | Loss: 1.1541 (Cls: 1.1523, TAL: 0.0000, Adv: 0.0124) | Train Acc: 0.9978 | Val Acc: 0.8833 | Val P/R/F1 (Macro): 0.4988/0.5304/0.5025 | LR: 0.000001
Epoch [77/100] | Loss: 1.1570 (Cls: 1.1550, TAL: 0.0000, Adv: 0.0134) | Train Acc: 1.0000 | Val Acc: 0.8833 | Val P/R/F1 (Macro): 0.4939/0.5342/0.5034 | LR: 0.000001
Epoch [78/100] | Loss: 1.1550 (Cls: 1.1530, TAL: 0.0000, Adv: 0.0133) | Train Acc: 1.0000 | Val Acc: 0.8667 | Val P/R/F1 (Macro): 0.4920/0.5049/0.4829 | LR: 0.000001
Epoch [79/100] | Loss: 1.1617 (Cls: 1.1610, TAL: 0.0000, Adv: 0.0052) | Train Acc: 1.0000 | Val Acc: 0.8750 | Val P/R/F1 (Macro): 0.4948/0.5287/0.4973 | LR: 0.000001
Epoch [80/100] | Loss: 1.1513 (Cls: 1.1504, TAL: 0.0000, Adv: 0.0061) | Train Acc: 1.0000 | Val Acc: 0.8667 | Val P/R/F1 (Macro): 0.4928/0.5049/0.4842 | LR: 0.000001
Epoch [81/100] | Loss: 1.1585 (Cls: 1.1571, TAL: 0.0000, Adv: 0.0096) | Train Acc: 1.0000 | Val Acc: 0.8667 | Val P/R/F1 (Macro): 0.4929/0.5256/0.4959 | LR: 0.000001
Epoch [82/100] | Loss: 1.1550 (Cls: 1.1534, TAL: 0.0000, Adv: 0.0110) | Train Acc: 1.0000 | Val Acc: 0.8833 | Val P/R/F1 (Macro): 0.4950/0.5294/0.5022 | LR: 0.000001
Epoch [83/100] | Loss: 1.1552 (Cls: 1.1540, TAL: 0.0000, Adv: 0.0083) | Train Acc: 1.0000 | Val Acc: 0.8500 | Val P/R/F1 (Macro): 0.4877/0.5014/0.4787 | LR: 0.000001
Epoch [84/100] | Loss: 1.1598 (Cls: 1.1586, TAL: 0.0000, Adv: 0.0076) | Train Acc: 1.0000 | Val Acc: 0.8667 | Val P/R/F1 (Macro): 0.4869/0.5259/0.4943 | LR: 0.000001
Epoch [85/100] | Loss: 1.1584 (Cls: 1.1566, TAL: 0.0000, Adv: 0.0119) | Train Acc: 1.0000 | Val Acc: 0.8500 | Val P/R/F1 (Macro): 0.4805/0.4994/0.4741 | LR: 0.000001
Epoch [86/100] | Loss: 1.1580 (Cls: 1.1572, TAL: 0.0000, Adv: 0.0049) | Train Acc: 1.0000 | Val Acc: 0.8750 | Val P/R/F1 (Macro): 0.4952/0.5287/0.4992 | LR: 0.000001
Epoch [87/100] | Loss: 1.1561 (Cls: 1.1546, TAL: 0.0000, Adv: 0.0098) | Train Acc: 1.0000 | Val Acc: 0.8833 | Val P/R/F1 (Macro): 0.4984/0.5304/0.5028 | LR: 0.000001
Epoch [88/100] | Loss: 1.1519 (Cls: 1.1513, TAL: 0.0000, Adv: 0.0038) | Train Acc: 1.0000 | Val Acc: 0.8750 | Val P/R/F1 (Macro): 0.4951/0.5287/0.4987 | LR: 0.000001
Epoch [89/100] | Loss: 1.1573 (Cls: 1.1561, TAL: 0.0000, Adv: 0.0082) | Train Acc: 1.0000 | Val Acc: 0.8667 | Val P/R/F1 (Macro): 0.4869/0.5259/0.4943 | LR: 0.000001
Epoch [90/100] | Loss: 1.1576 (Cls: 1.1564, TAL: 0.0000, Adv: 0.0078) | Train Acc: 1.0000 | Val Acc: 0.8833 | Val P/R/F1 (Macro): 0.4988/0.5304/0.5025 | LR: 0.000001
Epoch [91/100] | Loss: 1.1583 (Cls: 1.1569, TAL: 0.0000, Adv: 0.0094) | Train Acc: 1.0000 | Val Acc: 0.8750 | Val P/R/F1 (Macro): 0.4919/0.5056/0.4864 | LR: 0.000001
Epoch [92/100] | Loss: 1.1650 (Cls: 1.1645, TAL: 0.0000, Adv: 0.0038) | Train Acc: 0.9978 | Val Acc: 0.8833 | Val P/R/F1 (Macro): 0.4998/0.5083/0.4895 | LR: 0.000001
Epoch [93/100] | Loss: 1.1623 (Cls: 1.1616, TAL: 0.0000, Adv: 0.0044) | Train Acc: 0.9978 | Val Acc: 0.8750 | Val P/R/F1 (Macro): 0.4948/0.5287/0.4973 | LR: 0.000001
Epoch [94/100] | Loss: 1.1597 (Cls: 1.1580, TAL: 0.0000, Adv: 0.0112) | Train Acc: 0.9978 | Val Acc: 0.8667 | Val P/R/F1 (Macro): 0.4870/0.5259/0.4948 | LR: 0.000001
Epoch [95/100] | Loss: 1.1664 (Cls: 1.1646, TAL: 0.0000, Adv: 0.0119) | Train Acc: 0.9978 | Val Acc: 0.8583 | Val P/R/F1 (Macro): 0.4847/0.5242/0.4924 | LR: 0.000001
Epoch [96/100] | Loss: 1.1506 (Cls: 1.1485, TAL: 0.0000, Adv: 0.0138) | Train Acc: 1.0000 | Val Acc: 0.8417 | Val P/R/F1 (Macro): 0.4870/0.5203/0.4895 | LR: 0.000001
Epoch [97/100] | Loss: 1.1555 (Cls: 1.1547, TAL: 0.0000, Adv: 0.0054) | Train Acc: 1.0000 | Val Acc: 0.8750 | Val P/R/F1 (Macro): 0.4951/0.5287/0.4987 | LR: 0.000001
Epoch [98/100] | Loss: 1.1548 (Cls: 1.1516, TAL: 0.0000, Adv: 0.0214) | Train Acc: 0.9978 | Val Acc: 0.8750 | Val P/R/F1 (Macro): 0.4951/0.5287/0.4987 | LR: 0.000001
Epoch [99/100] | Loss: 1.1524 (Cls: 1.1519, TAL: 0.0000, Adv: 0.0035) | Train Acc: 1.0000 | Val Acc: 0.8583 | Val P/R/F1 (Macro): 0.4892/0.5031/0.4808 | LR: 0.000001
Epoch [100/100] | Loss: 1.1651 (Cls: 1.1632, TAL: 0.0000, Adv: 0.0131) | Train Acc: 1.0000 | Val Acc: 0.8917 | Val P/R/F1 (Macro): 0.5025/0.5322/0.5073 | LR: 0.000001

迭代 2 最佳指标:
  Accuracy: 0.8917
  Precision (Macro): 0.4935
  Recall (Macro): 0.5152
  F1 (Macro): 0.4917
  Precision (Micro): 0.8917
  Recall (Micro): 0.8917
  F1 (Micro): 0.8917

================================================================================
迭代 3/5
随机种子: 44
================================================================================
Feature fusion: Channel concatenation (512+512); fused_dim=1024
Domain adaptation: standard source-target adversarial training, no generator
Loss weights: tensor=0.00, adv=0.15
Epoch [1/100] | Loss: 4.2844 (Cls: 4.1604, TAL: 0.0000, Adv: 0.8265) | Train Acc: 0.3571 | Val Acc: 0.0917 | Val P/R/F1 (Macro): 0.0182/0.0767/0.0178 | LR: 0.000010
  >>> New Best Val Acc: 0.0917
Epoch [2/100] | Loss: 3.0496 (Cls: 2.9379, TAL: 0.0000, Adv: 0.7447) | Train Acc: 0.6094 | Val Acc: 0.3667 | Val P/R/F1 (Macro): 0.2355/0.2894/0.2161 | LR: 0.000010
  >>> New Best Val Acc: 0.3667
Epoch [3/100] | Loss: 2.3021 (Cls: 2.1960, TAL: 0.0000, Adv: 0.7071) | Train Acc: 0.7723 | Val Acc: 0.7417 | Val P/R/F1 (Macro): 0.4252/0.4380/0.4007 | LR: 0.000010
  >>> New Best Val Acc: 0.7417
Epoch [4/100] | Loss: 2.1268 (Cls: 2.0310, TAL: 0.0000, Adv: 0.6385) | Train Acc: 0.8460 | Val Acc: 0.6250 | Val P/R/F1 (Macro): 0.3723/0.4288/0.3652 | LR: 0.000010
Epoch [5/100] | Loss: 1.7808 (Cls: 1.6912, TAL: 0.0000, Adv: 0.5972) | Train Acc: 0.9085 | Val Acc: 0.5083 | Val P/R/F1 (Macro): 0.3432/0.3999/0.3065 | LR: 0.000010
Epoch [6/100] | Loss: 1.6879 (Cls: 1.6049, TAL: 0.0000, Adv: 0.5532) | Train Acc: 0.9219 | Val Acc: 0.6167 | Val P/R/F1 (Macro): 0.3701/0.4431/0.3659 | LR: 0.000010
Epoch [7/100] | Loss: 1.7987 (Cls: 1.7247, TAL: 0.0000, Adv: 0.4930) | Train Acc: 0.8772 | Val Acc: 0.5917 | Val P/R/F1 (Macro): 0.3490/0.3627/0.3116 | LR: 0.000010
Epoch [8/100] | Loss: 1.6406 (Cls: 1.5758, TAL: 0.0000, Adv: 0.4315) | Train Acc: 0.9353 | Val Acc: 0.6167 | Val P/R/F1 (Macro): 0.3523/0.4438/0.3406 | LR: 0.000010
Epoch [9/100] | Loss: 1.6425 (Cls: 1.5894, TAL: 0.0000, Adv: 0.3542) | Train Acc: 0.9107 | Val Acc: 0.6417 | Val P/R/F1 (Macro): 0.3628/0.3752/0.3269 | LR: 0.000010
Epoch [10/100] | Loss: 1.5479 (Cls: 1.5073, TAL: 0.0000, Adv: 0.2712) | Train Acc: 0.9330 | Val Acc: 0.6750 | Val P/R/F1 (Macro): 0.3839/0.4112/0.3659 | LR: 0.000010
Epoch [11/100] | Loss: 1.5273 (Cls: 1.4933, TAL: 0.0000, Adv: 0.2267) | Train Acc: 0.9509 | Val Acc: 0.1417 | Val P/R/F1 (Macro): 0.1424/0.1684/0.0949 | LR: 0.000010
Epoch [12/100] | Loss: 1.5140 (Cls: 1.4769, TAL: 0.0000, Adv: 0.2477) | Train Acc: 0.9531 | Val Acc: 0.6250 | Val P/R/F1 (Macro): 0.3770/0.4306/0.3471 | LR: 0.000010
Epoch [13/100] | Loss: 1.5418 (Cls: 1.4929, TAL: 0.0000, Adv: 0.3257) | Train Acc: 0.9420 | Val Acc: 0.7000 | Val P/R/F1 (Macro): 0.4449/0.4714/0.4305 | LR: 0.000010
Epoch [14/100] | Loss: 1.4841 (Cls: 1.4280, TAL: 0.0000, Adv: 0.3735) | Train Acc: 0.9621 | Val Acc: 0.8083 | Val P/R/F1 (Macro): 0.4325/0.4934/0.4544 | LR: 0.000010
  >>> New Best Val Acc: 0.8083
Epoch [15/100] | Loss: 1.5219 (Cls: 1.4293, TAL: 0.0000, Adv: 0.6173) | Train Acc: 0.9621 | Val Acc: 0.8417 | Val P/R/F1 (Macro): 0.4782/0.5204/0.4841 | LR: 0.000010
  >>> New Best Val Acc: 0.8417
Epoch [16/100] | Loss: 1.5489 (Cls: 1.4349, TAL: 0.0000, Adv: 0.7601) | Train Acc: 0.9330 | Val Acc: 0.6667 | Val P/R/F1 (Macro): 0.4642/0.3938/0.3778 | LR: 0.000010
Epoch [17/100] | Loss: 1.4708 (Cls: 1.3852, TAL: 0.0000, Adv: 0.5707) | Train Acc: 0.9554 | Val Acc: 0.6583 | Val P/R/F1 (Macro): 0.3926/0.4393/0.3822 | LR: 0.000010
Epoch [18/100] | Loss: 1.4521 (Cls: 1.3796, TAL: 0.0000, Adv: 0.4830) | Train Acc: 0.9576 | Val Acc: 0.8417 | Val P/R/F1 (Macro): 0.4560/0.5140/0.4682 | LR: 0.000010
Epoch [19/100] | Loss: 1.4167 (Cls: 1.3660, TAL: 0.0000, Adv: 0.3379) | Train Acc: 0.9554 | Val Acc: 0.7667 | Val P/R/F1 (Macro): 0.4543/0.4626/0.4391 | LR: 0.000010
Epoch [20/100] | Loss: 1.3287 (Cls: 1.2744, TAL: 0.0000, Adv: 0.3621) | Train Acc: 0.9911 | Val Acc: 0.7750 | Val P/R/F1 (Macro): 0.4469/0.4777/0.4485 | LR: 0.000010
Epoch [21/100] | Loss: 1.3890 (Cls: 1.3395, TAL: 0.0000, Adv: 0.3303) | Train Acc: 0.9754 | Val Acc: 0.2167 | Val P/R/F1 (Macro): 0.3286/0.2411/0.2003 | LR: 0.000010
Epoch [22/100] | Loss: 1.3820 (Cls: 1.3201, TAL: 0.0000, Adv: 0.4122) | Train Acc: 0.9821 | Val Acc: 0.7833 | Val P/R/F1 (Macro): 0.4668/0.4654/0.4445 | LR: 0.000010
Epoch [23/100] | Loss: 1.4244 (Cls: 1.3286, TAL: 0.0000, Adv: 0.6390) | Train Acc: 0.9732 | Val Acc: 0.8250 | Val P/R/F1 (Macro): 0.4868/0.4683/0.4563 | LR: 0.000010
Epoch [24/100] | Loss: 1.4594 (Cls: 1.4077, TAL: 0.0000, Adv: 0.3446) | Train Acc: 0.9531 | Val Acc: 0.6833 | Val P/R/F1 (Macro): 0.4521/0.4390/0.3954 | LR: 0.000010
Epoch [25/100] | Loss: 1.3366 (Cls: 1.2900, TAL: 0.0000, Adv: 0.3109) | Train Acc: 0.9821 | Val Acc: 0.8167 | Val P/R/F1 (Macro): 0.4526/0.4843/0.4441 | LR: 0.000010
Epoch [26/100] | Loss: 1.3128 (Cls: 1.2713, TAL: 0.0000, Adv: 0.2770) | Train Acc: 0.9844 | Val Acc: 0.8333 | Val P/R/F1 (Macro): 0.4814/0.4921/0.4772 | LR: 0.000005
Epoch [27/100] | Loss: 1.3210 (Cls: 1.2775, TAL: 0.0000, Adv: 0.2901) | Train Acc: 0.9821 | Val Acc: 0.8250 | Val P/R/F1 (Macro): 0.4715/0.5172/0.4827 | LR: 0.000005
Epoch [28/100] | Loss: 1.2898 (Cls: 1.2548, TAL: 0.0000, Adv: 0.2330) | Train Acc: 0.9799 | Val Acc: 0.8500 | Val P/R/F1 (Macro): 0.4819/0.4933/0.4805 | LR: 0.000005
  >>> New Best Val Acc: 0.8500
Epoch [29/100] | Loss: 1.2666 (Cls: 1.2261, TAL: 0.0000, Adv: 0.2699) | Train Acc: 0.9933 | Val Acc: 0.7833 | Val P/R/F1 (Macro): 0.4403/0.4573/0.4343 | LR: 0.000005
Epoch [30/100] | Loss: 1.3088 (Cls: 1.2577, TAL: 0.0000, Adv: 0.3410) | Train Acc: 0.9821 | Val Acc: 0.7917 | Val P/R/F1 (Macro): 0.4446/0.4794/0.4477 | LR: 0.000005
Epoch [31/100] | Loss: 1.2672 (Cls: 1.2378, TAL: 0.0000, Adv: 0.1958) | Train Acc: 0.9866 | Val Acc: 0.7833 | Val P/R/F1 (Macro): 0.4395/0.4634/0.4322 | LR: 0.000005
Epoch [32/100] | Loss: 1.2711 (Cls: 1.2340, TAL: 0.0000, Adv: 0.2469) | Train Acc: 0.9866 | Val Acc: 0.8167 | Val P/R/F1 (Macro): 0.4673/0.4900/0.4677 | LR: 0.000005
Epoch [33/100] | Loss: 1.2576 (Cls: 1.2150, TAL: 0.0000, Adv: 0.2842) | Train Acc: 0.9955 | Val Acc: 0.7917 | Val P/R/F1 (Macro): 0.4305/0.4828/0.4360 | LR: 0.000005
Epoch [34/100] | Loss: 1.2575 (Cls: 1.2160, TAL: 0.0000, Adv: 0.2767) | Train Acc: 0.9888 | Val Acc: 0.7833 | Val P/R/F1 (Macro): 0.4414/0.4990/0.4495 | LR: 0.000005
Epoch [35/100] | Loss: 1.2772 (Cls: 1.2212, TAL: 0.0000, Adv: 0.3733) | Train Acc: 0.9888 | Val Acc: 0.8583 | Val P/R/F1 (Macro): 0.4835/0.5021/0.4777 | LR: 0.000005
  >>> New Best Val Acc: 0.8583
Epoch [36/100] | Loss: 1.2477 (Cls: 1.2097, TAL: 0.0000, Adv: 0.2538) | Train Acc: 0.9955 | Val Acc: 0.8167 | Val P/R/F1 (Macro): 0.4550/0.4897/0.4551 | LR: 0.000005
Epoch [37/100] | Loss: 1.2349 (Cls: 1.2039, TAL: 0.0000, Adv: 0.2063) | Train Acc: 0.9978 | Val Acc: 0.8000 | Val P/R/F1 (Macro): 0.4669/0.4631/0.4440 | LR: 0.000005
Epoch [38/100] | Loss: 1.2135 (Cls: 1.1932, TAL: 0.0000, Adv: 0.1349) | Train Acc: 0.9955 | Val Acc: 0.7917 | Val P/R/F1 (Macro): 0.4631/0.4834/0.4551 | LR: 0.000005
Epoch [39/100] | Loss: 1.2249 (Cls: 1.2047, TAL: 0.0000, Adv: 0.1347) | Train Acc: 0.9978 | Val Acc: 0.8167 | Val P/R/F1 (Macro): 0.4326/0.5155/0.4549 | LR: 0.000005
Epoch [40/100] | Loss: 1.2144 (Cls: 1.1928, TAL: 0.0000, Adv: 0.1440) | Train Acc: 0.9911 | Val Acc: 0.8417 | Val P/R/F1 (Macro): 0.4878/0.4986/0.4756 | LR: 0.000005
Epoch [41/100] | Loss: 1.2188 (Cls: 1.1979, TAL: 0.0000, Adv: 0.1394) | Train Acc: 0.9955 | Val Acc: 0.7917 | Val P/R/F1 (Macro): 0.4456/0.4821/0.4507 | LR: 0.000005
Epoch [42/100] | Loss: 1.2131 (Cls: 1.1951, TAL: 0.0000, Adv: 0.1196) | Train Acc: 0.9955 | Val Acc: 0.8167 | Val P/R/F1 (Macro): 0.4536/0.4873/0.4530 | LR: 0.000005
Epoch [43/100] | Loss: 1.2140 (Cls: 1.1983, TAL: 0.0000, Adv: 0.1048) | Train Acc: 0.9933 | Val Acc: 0.8167 | Val P/R/F1 (Macro): 0.4521/0.5060/0.4647 | LR: 0.000005
Epoch [44/100] | Loss: 1.1868 (Cls: 1.1758, TAL: 0.0000, Adv: 0.0729) | Train Acc: 1.0000 | Val Acc: 0.7917 | Val P/R/F1 (Macro): 0.4630/0.4692/0.4427 | LR: 0.000005
Epoch [45/100] | Loss: 1.2043 (Cls: 1.1914, TAL: 0.0000, Adv: 0.0861) | Train Acc: 0.9978 | Val Acc: 0.8500 | Val P/R/F1 (Macro): 0.4667/0.5177/0.4829 | LR: 0.000005
Epoch [46/100] | Loss: 1.2233 (Cls: 1.2099, TAL: 0.0000, Adv: 0.0896) | Train Acc: 0.9888 | Val Acc: 0.7583 | Val P/R/F1 (Macro): 0.4525/0.4890/0.4472 | LR: 0.000003
Epoch [47/100] | Loss: 1.1967 (Cls: 1.1886, TAL: 0.0000, Adv: 0.0542) | Train Acc: 0.9978 | Val Acc: 0.8500 | Val P/R/F1 (Macro): 0.4785/0.5167/0.4830 | LR: 0.000003
Epoch [48/100] | Loss: 1.1983 (Cls: 1.1898, TAL: 0.0000, Adv: 0.0564) | Train Acc: 0.9933 | Val Acc: 0.8250 | Val P/R/F1 (Macro): 0.4693/0.4904/0.4620 | LR: 0.000003
Epoch [49/100] | Loss: 1.1853 (Cls: 1.1803, TAL: 0.0000, Adv: 0.0336) | Train Acc: 1.0000 | Val Acc: 0.8500 | Val P/R/F1 (Macro): 0.4735/0.5167/0.4837 | LR: 0.000003
Epoch [50/100] | Loss: 1.1908 (Cls: 1.1828, TAL: 0.0000, Adv: 0.0531) | Train Acc: 0.9955 | Val Acc: 0.8000 | Val P/R/F1 (Macro): 0.4684/0.4804/0.4542 | LR: 0.000003
Epoch [51/100] | Loss: 1.1885 (Cls: 1.1810, TAL: 0.0000, Adv: 0.0503) | Train Acc: 0.9978 | Val Acc: 0.8167 | Val P/R/F1 (Macro): 0.4487/0.4666/0.4426 | LR: 0.000003
Epoch [52/100] | Loss: 1.1791 (Cls: 1.1697, TAL: 0.0000, Adv: 0.0627) | Train Acc: 1.0000 | Val Acc: 0.8250 | Val P/R/F1 (Macro): 0.4544/0.5077/0.4667 | LR: 0.000003
Epoch [53/100] | Loss: 1.1730 (Cls: 1.1656, TAL: 0.0000, Adv: 0.0497) | Train Acc: 1.0000 | Val Acc: 0.8333 | Val P/R/F1 (Macro): 0.4489/0.5142/0.4655 | LR: 0.000003
Epoch [54/100] | Loss: 1.1724 (Cls: 1.1655, TAL: 0.0000, Adv: 0.0463) | Train Acc: 0.9978 | Val Acc: 0.8250 | Val P/R/F1 (Macro): 0.4536/0.4904/0.4529 | LR: 0.000003
Epoch [55/100] | Loss: 1.1761 (Cls: 1.1703, TAL: 0.0000, Adv: 0.0383) | Train Acc: 1.0000 | Val Acc: 0.8333 | Val P/R/F1 (Macro): 0.4755/0.4969/0.4672 | LR: 0.000003
Epoch [56/100] | Loss: 1.1762 (Cls: 1.1716, TAL: 0.0000, Adv: 0.0308) | Train Acc: 0.9978 | Val Acc: 0.8167 | Val P/R/F1 (Macro): 0.4543/0.4887/0.4500 | LR: 0.000003
Epoch [57/100] | Loss: 1.1709 (Cls: 1.1672, TAL: 0.0000, Adv: 0.0244) | Train Acc: 0.9955 | Val Acc: 0.8250 | Val P/R/F1 (Macro): 0.4620/0.5131/0.4720 | LR: 0.000001
Epoch [58/100] | Loss: 1.1834 (Cls: 1.1769, TAL: 0.0000, Adv: 0.0432) | Train Acc: 0.9978 | Val Acc: 0.8250 | Val P/R/F1 (Macro): 0.4640/0.5084/0.4700 | LR: 0.000001
Epoch [59/100] | Loss: 1.1688 (Cls: 1.1633, TAL: 0.0000, Adv: 0.0360) | Train Acc: 0.9978 | Val Acc: 0.8333 | Val P/R/F1 (Macro): 0.4583/0.5128/0.4722 | LR: 0.000001
Epoch [60/100] | Loss: 1.1711 (Cls: 1.1660, TAL: 0.0000, Adv: 0.0342) | Train Acc: 1.0000 | Val Acc: 0.8083 | Val P/R/F1 (Macro): 0.4518/0.4855/0.4507 | LR: 0.000001
Epoch [61/100] | Loss: 1.1765 (Cls: 1.1739, TAL: 0.0000, Adv: 0.0172) | Train Acc: 0.9978 | Val Acc: 0.8333 | Val P/R/F1 (Macro): 0.4602/0.5142/0.4702 | LR: 0.000001
Epoch [62/100] | Loss: 1.1661 (Cls: 1.1635, TAL: 0.0000, Adv: 0.0172) | Train Acc: 0.9978 | Val Acc: 0.8333 | Val P/R/F1 (Macro): 0.4595/0.5142/0.4718 | LR: 0.000001
Epoch [63/100] | Loss: 1.1689 (Cls: 1.1648, TAL: 0.0000, Adv: 0.0277) | Train Acc: 1.0000 | Val Acc: 0.8333 | Val P/R/F1 (Macro): 0.4616/0.5190/0.4737 | LR: 0.000001
Epoch [64/100] | Loss: 1.1585 (Cls: 1.1560, TAL: 0.0000, Adv: 0.0164) | Train Acc: 1.0000 | Val Acc: 0.8250 | Val P/R/F1 (Macro): 0.4393/0.5159/0.4579 | LR: 0.000001
Epoch [65/100] | Loss: 1.1755 (Cls: 1.1712, TAL: 0.0000, Adv: 0.0283) | Train Acc: 0.9933 | Val Acc: 0.8083 | Val P/R/F1 (Macro): 0.4541/0.4869/0.4493 | LR: 0.000001
Epoch [66/100] | Loss: 1.1676 (Cls: 1.1623, TAL: 0.0000, Adv: 0.0359) | Train Acc: 0.9978 | Val Acc: 0.8167 | Val P/R/F1 (Macro): 0.4678/0.4666/0.4479 | LR: 0.000001
Epoch [67/100] | Loss: 1.1675 (Cls: 1.1634, TAL: 0.0000, Adv: 0.0272) | Train Acc: 0.9978 | Val Acc: 0.8333 | Val P/R/F1 (Macro): 0.4712/0.5142/0.4788 | LR: 0.000001
Epoch [68/100] | Loss: 1.1784 (Cls: 1.1744, TAL: 0.0000, Adv: 0.0264) | Train Acc: 0.9978 | Val Acc: 0.8667 | Val P/R/F1 (Macro): 0.4717/0.4991/0.4713 | LR: 0.000001
  >>> New Best Val Acc: 0.8667
Epoch [69/100] | Loss: 1.1651 (Cls: 1.1610, TAL: 0.0000, Adv: 0.0271) | Train Acc: 0.9978 | Val Acc: 0.8667 | Val P/R/F1 (Macro): 0.4673/0.5212/0.4820 | LR: 0.000001
Epoch [70/100] | Loss: 1.1706 (Cls: 1.1653, TAL: 0.0000, Adv: 0.0350) | Train Acc: 0.9978 | Val Acc: 0.8250 | Val P/R/F1 (Macro): 0.4634/0.4904/0.4556 | LR: 0.000001
Epoch [71/100] | Loss: 1.1682 (Cls: 1.1650, TAL: 0.0000, Adv: 0.0210) | Train Acc: 0.9978 | Val Acc: 0.8500 | Val P/R/F1 (Macro): 0.4646/0.4956/0.4626 | LR: 0.000001
Epoch [72/100] | Loss: 1.1619 (Cls: 1.1590, TAL: 0.0000, Adv: 0.0192) | Train Acc: 1.0000 | Val Acc: 0.8417 | Val P/R/F1 (Macro): 0.4746/0.4718/0.4562 | LR: 0.000001
Epoch [73/100] | Loss: 1.1601 (Cls: 1.1579, TAL: 0.0000, Adv: 0.0147) | Train Acc: 0.9978 | Val Acc: 0.8333 | Val P/R/F1 (Macro): 0.4573/0.4921/0.4569 | LR: 0.000001
Epoch [74/100] | Loss: 1.1566 (Cls: 1.1534, TAL: 0.0000, Adv: 0.0212) | Train Acc: 1.0000 | Val Acc: 0.8333 | Val P/R/F1 (Macro): 0.4583/0.4921/0.4596 | LR: 0.000001
Epoch [75/100] | Loss: 1.1629 (Cls: 1.1613, TAL: 0.0000, Adv: 0.0105) | Train Acc: 1.0000 | Val Acc: 0.8333 | Val P/R/F1 (Macro): 0.4657/0.4921/0.4580 | LR: 0.000001
Epoch [76/100] | Loss: 1.1611 (Cls: 1.1580, TAL: 0.0000, Adv: 0.0206) | Train Acc: 0.9978 | Val Acc: 0.8250 | Val P/R/F1 (Macro): 0.4747/0.4904/0.4618 | LR: 0.000001
Epoch [77/100] | Loss: 1.1615 (Cls: 1.1574, TAL: 0.0000, Adv: 0.0275) | Train Acc: 1.0000 | Val Acc: 0.8250 | Val P/R/F1 (Macro): 0.4521/0.4683/0.4423 | LR: 0.000001
Epoch [78/100] | Loss: 1.1626 (Cls: 1.1561, TAL: 0.0000, Adv: 0.0435) | Train Acc: 1.0000 | Val Acc: 0.8583 | Val P/R/F1 (Macro): 0.4646/0.4974/0.4651 | LR: 0.000001
Epoch [79/100] | Loss: 1.1585 (Cls: 1.1547, TAL: 0.0000, Adv: 0.0255) | Train Acc: 0.9978 | Val Acc: 0.8750 | Val P/R/F1 (Macro): 0.4885/0.5008/0.4786 | LR: 0.000001
  >>> New Best Val Acc: 0.8750
Epoch [80/100] | Loss: 1.1645 (Cls: 1.1623, TAL: 0.0000, Adv: 0.0146) | Train Acc: 0.9978 | Val Acc: 0.8250 | Val P/R/F1 (Macro): 0.4694/0.4904/0.4592 | LR: 0.000001
Epoch [81/100] | Loss: 1.1566 (Cls: 1.1531, TAL: 0.0000, Adv: 0.0234) | Train Acc: 0.9978 | Val Acc: 0.8500 | Val P/R/F1 (Macro): 0.4803/0.4736/0.4561 | LR: 0.000001
Epoch [82/100] | Loss: 1.1536 (Cls: 1.1519, TAL: 0.0000, Adv: 0.0114) | Train Acc: 0.9978 | Val Acc: 0.8667 | Val P/R/F1 (Macro): 0.4673/0.5212/0.4820 | LR: 0.000001
Epoch [83/100] | Loss: 1.1591 (Cls: 1.1571, TAL: 0.0000, Adv: 0.0132) | Train Acc: 0.9955 | Val Acc: 0.8250 | Val P/R/F1 (Macro): 0.4579/0.4904/0.4547 | LR: 0.000001
Epoch [84/100] | Loss: 1.1580 (Cls: 1.1563, TAL: 0.0000, Adv: 0.0112) | Train Acc: 1.0000 | Val Acc: 0.8583 | Val P/R/F1 (Macro): 0.4672/0.4964/0.4658 | LR: 0.000001
Epoch [85/100] | Loss: 1.1557 (Cls: 1.1534, TAL: 0.0000, Adv: 0.0153) | Train Acc: 1.0000 | Val Acc: 0.8750 | Val P/R/F1 (Macro): 0.4743/0.5229/0.4857 | LR: 0.000001
Epoch [86/100] | Loss: 1.1676 (Cls: 1.1646, TAL: 0.0000, Adv: 0.0195) | Train Acc: 0.9978 | Val Acc: 0.8583 | Val P/R/F1 (Macro): 0.4635/0.5194/0.4782 | LR: 0.000001
Epoch [87/100] | Loss: 1.1512 (Cls: 1.1494, TAL: 0.0000, Adv: 0.0123) | Train Acc: 1.0000 | Val Acc: 0.8667 | Val P/R/F1 (Macro): 0.4673/0.5212/0.4820 | LR: 0.000001
Epoch [88/100] | Loss: 1.1508 (Cls: 1.1495, TAL: 0.0000, Adv: 0.0090) | Train Acc: 1.0000 | Val Acc: 0.8583 | Val P/R/F1 (Macro): 0.4646/0.4974/0.4651 | LR: 0.000001
Epoch [89/100] | Loss: 1.1514 (Cls: 1.1493, TAL: 0.0000, Adv: 0.0134) | Train Acc: 1.0000 | Val Acc: 0.8750 | Val P/R/F1 (Macro): 0.4685/0.5008/0.4756 | LR: 0.000001
Epoch [90/100] | Loss: 1.1665 (Cls: 1.1635, TAL: 0.0000, Adv: 0.0204) | Train Acc: 0.9978 | Val Acc: 0.8583 | Val P/R/F1 (Macro): 0.4634/0.4974/0.4685 | LR: 0.000001
Epoch [91/100] | Loss: 1.1572 (Cls: 1.1506, TAL: 0.0000, Adv: 0.0440) | Train Acc: 1.0000 | Val Acc: 0.8667 | Val P/R/F1 (Macro): 0.4673/0.5212/0.4820 | LR: 0.000001
Epoch [92/100] | Loss: 1.1547 (Cls: 1.1500, TAL: 0.0000, Adv: 0.0315) | Train Acc: 1.0000 | Val Acc: 0.8583 | Val P/R/F1 (Macro): 0.4659/0.5021/0.4680 | LR: 0.000001
Epoch [93/100] | Loss: 1.1520 (Cls: 1.1492, TAL: 0.0000, Adv: 0.0187) | Train Acc: 1.0000 | Val Acc: 0.8667 | Val P/R/F1 (Macro): 0.4689/0.5212/0.4824 | LR: 0.000001
Epoch [94/100] | Loss: 1.1657 (Cls: 1.1600, TAL: 0.0000, Adv: 0.0378) | Train Acc: 0.9955 | Val Acc: 0.8417 | Val P/R/F1 (Macro): 0.4621/0.4939/0.4602 | LR: 0.000001
Epoch [95/100] | Loss: 1.1587 (Cls: 1.1551, TAL: 0.0000, Adv: 0.0241) | Train Acc: 1.0000 | Val Acc: 0.8250 | Val P/R/F1 (Macro): 0.4457/0.5172/0.4609 | LR: 0.000001
Epoch [96/100] | Loss: 1.1556 (Cls: 1.1517, TAL: 0.0000, Adv: 0.0264) | Train Acc: 1.0000 | Val Acc: 0.8417 | Val P/R/F1 (Macro): 0.4515/0.5207/0.4684 | LR: 0.000001
Epoch [97/100] | Loss: 1.1549 (Cls: 1.1494, TAL: 0.0000, Adv: 0.0367) | Train Acc: 1.0000 | Val Acc: 0.8583 | Val P/R/F1 (Macro): 0.4646/0.4974/0.4651 | LR: 0.000001
Epoch [98/100] | Loss: 1.1638 (Cls: 1.1590, TAL: 0.0000, Adv: 0.0317) | Train Acc: 0.9978 | Val Acc: 0.8583 | Val P/R/F1 (Macro): 0.4635/0.5194/0.4782 | LR: 0.000001
Epoch [99/100] | Loss: 1.1556 (Cls: 1.1530, TAL: 0.0000, Adv: 0.0176) | Train Acc: 1.0000 | Val Acc: 0.8333 | Val P/R/F1 (Macro): 0.4477/0.4921/0.4489 | LR: 0.000001
Epoch [100/100] | Loss: 1.1560 (Cls: 1.1516, TAL: 0.0000, Adv: 0.0298) | Train Acc: 1.0000 | Val Acc: 0.8750 | Val P/R/F1 (Macro): 0.4763/0.5008/0.4718 | LR: 0.000001

迭代 3 最佳指标:
  Accuracy: 0.8750
  Precision (Macro): 0.4885
  Recall (Macro): 0.5008
  F1 (Macro): 0.4786
  Precision (Micro): 0.8750
  Recall (Micro): 0.8750
  F1 (Micro): 0.8750

================================================================================
迭代 4/5
随机种子: 45
================================================================================
Feature fusion: Channel concatenation (512+512); fused_dim=1024
Domain adaptation: standard source-target adversarial training, no generator
Loss weights: tensor=0.00, adv=0.15
Epoch [1/100] | Loss: 4.5221 (Cls: 4.4024, TAL: 0.0000, Adv: 0.7980) | Train Acc: 0.2924 | Val Acc: 0.0667 | Val P/R/F1 (Macro): 0.0048/0.0714/0.0089 | LR: 0.000010
  >>> New Best Val Acc: 0.0667
Epoch [2/100] | Loss: 3.1205 (Cls: 3.0068, TAL: 0.0000, Adv: 0.7584) | Train Acc: 0.5781 | Val Acc: 0.1750 | Val P/R/F1 (Macro): 0.2186/0.1416/0.1085 | LR: 0.000010
  >>> New Best Val Acc: 0.1750
Epoch [3/100] | Loss: 2.3659 (Cls: 2.2587, TAL: 0.0000, Adv: 0.7148) | Train Acc: 0.7746 | Val Acc: 0.5917 | Val P/R/F1 (Macro): 0.3271/0.4298/0.3327 | LR: 0.000010
  >>> New Best Val Acc: 0.5917
Epoch [4/100] | Loss: 1.9221 (Cls: 1.8179, TAL: 0.0000, Adv: 0.6951) | Train Acc: 0.8616 | Val Acc: 0.6250 | Val P/R/F1 (Macro): 0.4150/0.3994/0.3482 | LR: 0.000010
  >>> New Best Val Acc: 0.6250
Epoch [5/100] | Loss: 2.0002 (Cls: 1.9018, TAL: 0.0000, Adv: 0.6559) | Train Acc: 0.8571 | Val Acc: 0.6833 | Val P/R/F1 (Macro): 0.3076/0.3199/0.2657 | LR: 0.000010
  >>> New Best Val Acc: 0.6833
Epoch [6/100] | Loss: 1.9534 (Cls: 1.8591, TAL: 0.0000, Adv: 0.6282) | Train Acc: 0.8460 | Val Acc: 0.6917 | Val P/R/F1 (Macro): 0.4299/0.4402/0.4012 | LR: 0.000010
  >>> New Best Val Acc: 0.6917
Epoch [7/100] | Loss: 1.7354 (Cls: 1.6533, TAL: 0.0000, Adv: 0.5469) | Train Acc: 0.9263 | Val Acc: 0.7083 | Val P/R/F1 (Macro): 0.4609/0.4256/0.4101 | LR: 0.000010
  >>> New Best Val Acc: 0.7083
Epoch [8/100] | Loss: 1.6473 (Cls: 1.5749, TAL: 0.0000, Adv: 0.4827) | Train Acc: 0.9241 | Val Acc: 0.7167 | Val P/R/F1 (Macro): 0.4596/0.4314/0.4100 | LR: 0.000010
  >>> New Best Val Acc: 0.7167
Epoch [9/100] | Loss: 1.6208 (Cls: 1.5603, TAL: 0.0000, Adv: 0.4036) | Train Acc: 0.9107 | Val Acc: 0.7833 | Val P/R/F1 (Macro): 0.4372/0.4831/0.4509 | LR: 0.000010
  >>> New Best Val Acc: 0.7833
Epoch [10/100] | Loss: 1.5351 (Cls: 1.4915, TAL: 0.0000, Adv: 0.2910) | Train Acc: 0.9554 | Val Acc: 0.6750 | Val P/R/F1 (Macro): 0.4203/0.4089/0.3688 | LR: 0.000010
Epoch [11/100] | Loss: 1.5795 (Cls: 1.5386, TAL: 0.0000, Adv: 0.2726) | Train Acc: 0.9129 | Val Acc: 0.8250 | Val P/R/F1 (Macro): 0.4545/0.4795/0.4559 | LR: 0.000010
  >>> New Best Val Acc: 0.8250
Epoch [12/100] | Loss: 1.5290 (Cls: 1.4988, TAL: 0.0000, Adv: 0.2008) | Train Acc: 0.9487 | Val Acc: 0.6667 | Val P/R/F1 (Macro): 0.4209/0.4482/0.4014 | LR: 0.000010
Epoch [13/100] | Loss: 1.4623 (Cls: 1.4321, TAL: 0.0000, Adv: 0.2012) | Train Acc: 0.9643 | Val Acc: 0.7583 | Val P/R/F1 (Macro): 0.4578/0.4737/0.4478 | LR: 0.000010
Epoch [14/100] | Loss: 1.4746 (Cls: 1.4268, TAL: 0.0000, Adv: 0.3183) | Train Acc: 0.9554 | Val Acc: 0.7083 | Val P/R/F1 (Macro): 0.4445/0.4483/0.4143 | LR: 0.000010
Epoch [15/100] | Loss: 1.4599 (Cls: 1.4039, TAL: 0.0000, Adv: 0.3734) | Train Acc: 0.9531 | Val Acc: 0.7583 | Val P/R/F1 (Macro): 0.4241/0.4605/0.4207 | LR: 0.000010
Epoch [16/100] | Loss: 1.4480 (Cls: 1.4042, TAL: 0.0000, Adv: 0.2920) | Train Acc: 0.9531 | Val Acc: 0.7833 | Val P/R/F1 (Macro): 0.4445/0.4936/0.4519 | LR: 0.000010
Epoch [17/100] | Loss: 1.4798 (Cls: 1.3528, TAL: 0.0000, Adv: 0.8467) | Train Acc: 0.9710 | Val Acc: 0.5000 | Val P/R/F1 (Macro): 0.4083/0.4029/0.3524 | LR: 0.000010
Epoch [18/100] | Loss: 1.5173 (Cls: 1.3860, TAL: 0.0000, Adv: 0.8752) | Train Acc: 0.9598 | Val Acc: 0.7083 | Val P/R/F1 (Macro): 0.4771/0.4459/0.4283 | LR: 0.000010
Epoch [19/100] | Loss: 1.5100 (Cls: 1.4034, TAL: 0.0000, Adv: 0.7105) | Train Acc: 0.9576 | Val Acc: 0.7333 | Val P/R/F1 (Macro): 0.4424/0.4488/0.4205 | LR: 0.000010
Epoch [20/100] | Loss: 1.4486 (Cls: 1.3737, TAL: 0.0000, Adv: 0.4991) | Train Acc: 0.9710 | Val Acc: 0.7833 | Val P/R/F1 (Macro): 0.4806/0.4563/0.4307 | LR: 0.000010
Epoch [21/100] | Loss: 1.4390 (Cls: 1.3864, TAL: 0.0000, Adv: 0.3509) | Train Acc: 0.9688 | Val Acc: 0.8333 | Val P/R/F1 (Macro): 0.4807/0.4911/0.4742 | LR: 0.000010
  >>> New Best Val Acc: 0.8333
Epoch [22/100] | Loss: 1.4144 (Cls: 1.3839, TAL: 0.0000, Adv: 0.2033) | Train Acc: 0.9598 | Val Acc: 0.8167 | Val P/R/F1 (Macro): 0.4589/0.4761/0.4499 | LR: 0.000010
Epoch [23/100] | Loss: 1.3005 (Cls: 1.2790, TAL: 0.0000, Adv: 0.1432) | Train Acc: 0.9933 | Val Acc: 0.6000 | Val P/R/F1 (Macro): 0.4273/0.4061/0.3721 | LR: 0.000010
Epoch [24/100] | Loss: 1.2927 (Cls: 1.2705, TAL: 0.0000, Adv: 0.1479) | Train Acc: 0.9844 | Val Acc: 0.8083 | Val P/R/F1 (Macro): 0.4446/0.4934/0.4524 | LR: 0.000010
Epoch [25/100] | Loss: 1.2825 (Cls: 1.2603, TAL: 0.0000, Adv: 0.1483) | Train Acc: 0.9955 | Val Acc: 0.6833 | Val P/R/F1 (Macro): 0.4577/0.4802/0.4459 | LR: 0.000010
Epoch [26/100] | Loss: 1.5178 (Cls: 1.2750, TAL: 0.0000, Adv: 1.6182) | Train Acc: 0.9844 | Val Acc: 0.8417 | Val P/R/F1 (Macro): 0.4639/0.4949/0.4628 | LR: 0.000010
  >>> New Best Val Acc: 0.8417
Epoch [27/100] | Loss: 1.5123 (Cls: 1.2787, TAL: 0.0000, Adv: 1.5576) | Train Acc: 0.9933 | Val Acc: 0.7917 | Val P/R/F1 (Macro): 0.4573/0.4651/0.4401 | LR: 0.000010
Epoch [28/100] | Loss: 1.3792 (Cls: 1.2752, TAL: 0.0000, Adv: 0.6931) | Train Acc: 0.9710 | Val Acc: 0.6917 | Val P/R/F1 (Macro): 0.4187/0.4079/0.3766 | LR: 0.000010
Epoch [29/100] | Loss: 1.3736 (Cls: 1.2983, TAL: 0.0000, Adv: 0.5020) | Train Acc: 0.9643 | Val Acc: 0.8417 | Val P/R/F1 (Macro): 0.4596/0.5014/0.4684 | LR: 0.000010
Epoch [30/100] | Loss: 1.3174 (Cls: 1.2729, TAL: 0.0000, Adv: 0.2969) | Train Acc: 0.9888 | Val Acc: 0.6583 | Val P/R/F1 (Macro): 0.4799/0.4151/0.3947 | LR: 0.000010
Epoch [31/100] | Loss: 1.3240 (Cls: 1.3009, TAL: 0.0000, Adv: 0.1543) | Train Acc: 0.9688 | Val Acc: 0.8250 | Val P/R/F1 (Macro): 0.4830/0.4670/0.4620 | LR: 0.000010
Epoch [32/100] | Loss: 1.2847 (Cls: 1.2616, TAL: 0.0000, Adv: 0.1539) | Train Acc: 0.9844 | Val Acc: 0.8417 | Val P/R/F1 (Macro): 0.4641/0.4915/0.4610 | LR: 0.000010
Epoch [33/100] | Loss: 1.2912 (Cls: 1.2748, TAL: 0.0000, Adv: 0.1094) | Train Acc: 0.9844 | Val Acc: 0.8500 | Val P/R/F1 (Macro): 0.4887/0.4967/0.4853 | LR: 0.000010
  >>> New Best Val Acc: 0.8500
Epoch [34/100] | Loss: 1.2740 (Cls: 1.2615, TAL: 0.0000, Adv: 0.0834) | Train Acc: 0.9821 | Val Acc: 0.8917 | Val P/R/F1 (Macro): 0.4918/0.5115/0.4955 | LR: 0.000010
  >>> New Best Val Acc: 0.8917
Epoch [35/100] | Loss: 1.2365 (Cls: 1.2240, TAL: 0.0000, Adv: 0.0830) | Train Acc: 0.9888 | Val Acc: 0.8167 | Val P/R/F1 (Macro): 0.4662/0.4961/0.4628 | LR: 0.000010
Epoch [36/100] | Loss: 1.2393 (Cls: 1.2223, TAL: 0.0000, Adv: 0.1127) | Train Acc: 0.9933 | Val Acc: 0.7833 | Val P/R/F1 (Macro): 0.4544/0.4823/0.4467 | LR: 0.000010
Epoch [37/100] | Loss: 1.2762 (Cls: 1.2603, TAL: 0.0000, Adv: 0.1060) | Train Acc: 0.9777 | Val Acc: 0.8000 | Val P/R/F1 (Macro): 0.4723/0.4573/0.4385 | LR: 0.000010
Epoch [38/100] | Loss: 1.2323 (Cls: 1.2191, TAL: 0.0000, Adv: 0.0878) | Train Acc: 0.9844 | Val Acc: 0.7833 | Val P/R/F1 (Macro): 0.4720/0.4616/0.4395 | LR: 0.000010
Epoch [39/100] | Loss: 1.2604 (Cls: 1.2388, TAL: 0.0000, Adv: 0.1436) | Train Acc: 0.9933 | Val Acc: 0.8167 | Val P/R/F1 (Macro): 0.4666/0.4713/0.4474 | LR: 0.000010
Epoch [40/100] | Loss: 1.2273 (Cls: 1.2071, TAL: 0.0000, Adv: 0.1342) | Train Acc: 0.9866 | Val Acc: 0.8417 | Val P/R/F1 (Macro): 0.4771/0.4766/0.4562 | LR: 0.000010
Epoch [41/100] | Loss: 1.2158 (Cls: 1.2010, TAL: 0.0000, Adv: 0.0986) | Train Acc: 0.9933 | Val Acc: 0.8167 | Val P/R/F1 (Macro): 0.4679/0.4631/0.4446 | LR: 0.000010
Epoch [42/100] | Loss: 1.2187 (Cls: 1.2041, TAL: 0.0000, Adv: 0.0970) | Train Acc: 0.9955 | Val Acc: 0.8417 | Val P/R/F1 (Macro): 0.4525/0.4746/0.4495 | LR: 0.000010
Epoch [43/100] | Loss: 1.2270 (Cls: 1.1952, TAL: 0.0000, Adv: 0.2119) | Train Acc: 0.9955 | Val Acc: 0.8333 | Val P/R/F1 (Macro): 0.4887/0.4989/0.4784 | LR: 0.000010
Epoch [44/100] | Loss: 1.3194 (Cls: 1.2450, TAL: 0.0000, Adv: 0.4962) | Train Acc: 0.9888 | Val Acc: 0.7750 | Val P/R/F1 (Macro): 0.4652/0.4799/0.4536 | LR: 0.000010
Epoch [45/100] | Loss: 1.4118 (Cls: 1.2513, TAL: 0.0000, Adv: 1.0699) | Train Acc: 0.9844 | Val Acc: 0.7750 | Val P/R/F1 (Macro): 0.4318/0.4613/0.4217 | LR: 0.000005
Epoch [46/100] | Loss: 1.2967 (Cls: 1.2154, TAL: 0.0000, Adv: 0.5415) | Train Acc: 0.9911 | Val Acc: 0.8833 | Val P/R/F1 (Macro): 0.4828/0.5101/0.4882 | LR: 0.000005
Epoch [47/100] | Loss: 1.2662 (Cls: 1.2047, TAL: 0.0000, Adv: 0.4100) | Train Acc: 0.9955 | Val Acc: 0.8500 | Val P/R/F1 (Macro): 0.4764/0.4980/0.4757 | LR: 0.000005
Epoch [48/100] | Loss: 1.2367 (Cls: 1.2063, TAL: 0.0000, Adv: 0.2025) | Train Acc: 0.9978 | Val Acc: 0.8333 | Val P/R/F1 (Macro): 0.4693/0.4949/0.4668 | LR: 0.000005
Epoch [49/100] | Loss: 1.2064 (Cls: 1.1902, TAL: 0.0000, Adv: 0.1076) | Train Acc: 0.9911 | Val Acc: 0.8333 | Val P/R/F1 (Macro): 0.4691/0.4979/0.4673 | LR: 0.000005
Epoch [50/100] | Loss: 1.2133 (Cls: 1.2013, TAL: 0.0000, Adv: 0.0798) | Train Acc: 0.9888 | Val Acc: 0.8667 | Val P/R/F1 (Macro): 0.4814/0.5029/0.4794 | LR: 0.000005
Epoch [51/100] | Loss: 1.1922 (Cls: 1.1863, TAL: 0.0000, Adv: 0.0393) | Train Acc: 0.9955 | Val Acc: 0.8167 | Val P/R/F1 (Macro): 0.4426/0.4924/0.4470 | LR: 0.000005
Epoch [52/100] | Loss: 1.1888 (Cls: 1.1794, TAL: 0.0000, Adv: 0.0625) | Train Acc: 0.9955 | Val Acc: 0.8333 | Val P/R/F1 (Macro): 0.4630/0.4979/0.4644 | LR: 0.000005
Epoch [53/100] | Loss: 1.1939 (Cls: 1.1859, TAL: 0.0000, Adv: 0.0530) | Train Acc: 0.9955 | Val Acc: 0.8500 | Val P/R/F1 (Macro): 0.4687/0.5041/0.4760 | LR: 0.000005
Epoch [54/100] | Loss: 1.1819 (Cls: 1.1737, TAL: 0.0000, Adv: 0.0543) | Train Acc: 1.0000 | Val Acc: 0.8833 | Val P/R/F1 (Macro): 0.5010/0.5080/0.4942 | LR: 0.000005
Epoch [55/100] | Loss: 1.1777 (Cls: 1.1693, TAL: 0.0000, Adv: 0.0556) | Train Acc: 1.0000 | Val Acc: 0.9000 | Val P/R/F1 (Macro): 0.5102/0.5098/0.5053 | LR: 0.000005
  >>> New Best Val Acc: 0.9000
Epoch [56/100] | Loss: 1.1732 (Cls: 1.1666, TAL: 0.0000, Adv: 0.0439) | Train Acc: 1.0000 | Val Acc: 0.8167 | Val P/R/F1 (Macro): 0.4642/0.4914/0.4594 | LR: 0.000005
Epoch [57/100] | Loss: 1.1670 (Cls: 1.1635, TAL: 0.0000, Adv: 0.0236) | Train Acc: 1.0000 | Val Acc: 0.9000 | Val P/R/F1 (Macro): 0.5102/0.5118/0.5020 | LR: 0.000005
Epoch [58/100] | Loss: 1.1709 (Cls: 1.1679, TAL: 0.0000, Adv: 0.0201) | Train Acc: 1.0000 | Val Acc: 0.8750 | Val P/R/F1 (Macro): 0.4986/0.5076/0.4903 | LR: 0.000005
Epoch [59/100] | Loss: 1.1809 (Cls: 1.1717, TAL: 0.0000, Adv: 0.0611) | Train Acc: 0.9955 | Val Acc: 0.8333 | Val P/R/F1 (Macro): 0.4699/0.4959/0.4660 | LR: 0.000005
Epoch [60/100] | Loss: 1.1750 (Cls: 1.1698, TAL: 0.0000, Adv: 0.0352) | Train Acc: 0.9955 | Val Acc: 0.8333 | Val P/R/F1 (Macro): 0.4733/0.4959/0.4718 | LR: 0.000005
Epoch [61/100] | Loss: 1.1834 (Cls: 1.1764, TAL: 0.0000, Adv: 0.0462) | Train Acc: 0.9933 | Val Acc: 0.9083 | Val P/R/F1 (Macro): 0.5156/0.5173/0.5108 | LR: 0.000005
  >>> New Best Val Acc: 0.9083
Epoch [62/100] | Loss: 1.1746 (Cls: 1.1675, TAL: 0.0000, Adv: 0.0471) | Train Acc: 1.0000 | Val Acc: 0.8500 | Val P/R/F1 (Macro): 0.4820/0.5004/0.4749 | LR: 0.000005
Epoch [63/100] | Loss: 1.1690 (Cls: 1.1647, TAL: 0.0000, Adv: 0.0284) | Train Acc: 0.9978 | Val Acc: 0.9167 | Val P/R/F1 (Macro): 0.5181/0.5177/0.5133 | LR: 0.000005
  >>> New Best Val Acc: 0.9167
Epoch [64/100] | Loss: 1.1622 (Cls: 1.1597, TAL: 0.0000, Adv: 0.0167) | Train Acc: 0.9978 | Val Acc: 0.8333 | Val P/R/F1 (Macro): 0.4567/0.4959/0.4580 | LR: 0.000005
Epoch [65/100] | Loss: 1.1576 (Cls: 1.1538, TAL: 0.0000, Adv: 0.0259) | Train Acc: 1.0000 | Val Acc: 0.8917 | Val P/R/F1 (Macro): 0.4984/0.5138/0.4957 | LR: 0.000005
Epoch [66/100] | Loss: 1.1632 (Cls: 1.1598, TAL: 0.0000, Adv: 0.0225) | Train Acc: 1.0000 | Val Acc: 0.8750 | Val P/R/F1 (Macro): 0.4727/0.5093/0.4792 | LR: 0.000005
Epoch [67/100] | Loss: 1.1615 (Cls: 1.1570, TAL: 0.0000, Adv: 0.0299) | Train Acc: 1.0000 | Val Acc: 0.8500 | Val P/R/F1 (Macro): 0.4712/0.5014/0.4689 | LR: 0.000005
Epoch [68/100] | Loss: 1.1731 (Cls: 1.1683, TAL: 0.0000, Adv: 0.0321) | Train Acc: 0.9955 | Val Acc: 0.8583 | Val P/R/F1 (Macro): 0.4816/0.4800/0.4642 | LR: 0.000005
Epoch [69/100] | Loss: 1.1729 (Cls: 1.1651, TAL: 0.0000, Adv: 0.0518) | Train Acc: 0.9978 | Val Acc: 0.9000 | Val P/R/F1 (Macro): 0.5080/0.5146/0.5064 | LR: 0.000005
Epoch [70/100] | Loss: 1.1687 (Cls: 1.1620, TAL: 0.0000, Adv: 0.0449) | Train Acc: 0.9978 | Val Acc: 0.8667 | Val P/R/F1 (Macro): 0.4674/0.5249/0.4852 | LR: 0.000005
Epoch [71/100] | Loss: 1.1637 (Cls: 1.1600, TAL: 0.0000, Adv: 0.0246) | Train Acc: 1.0000 | Val Acc: 0.8667 | Val P/R/F1 (Macro): 0.4778/0.5059/0.4756 | LR: 0.000005
Epoch [72/100] | Loss: 1.1612 (Cls: 1.1572, TAL: 0.0000, Adv: 0.0267) | Train Acc: 1.0000 | Val Acc: 0.8500 | Val P/R/F1 (Macro): 0.4577/0.4783/0.4552 | LR: 0.000005
Epoch [73/100] | Loss: 1.1534 (Cls: 1.1505, TAL: 0.0000, Adv: 0.0198) | Train Acc: 0.9978 | Val Acc: 0.8417 | Val P/R/F1 (Macro): 0.4849/0.4776/0.4593 | LR: 0.000005
Epoch [74/100] | Loss: 1.1519 (Cls: 1.1465, TAL: 0.0000, Adv: 0.0358) | Train Acc: 1.0000 | Val Acc: 0.8417 | Val P/R/F1 (Macro): 0.4791/0.4986/0.4703 | LR: 0.000003
Epoch [75/100] | Loss: 1.1596 (Cls: 1.1534, TAL: 0.0000, Adv: 0.0416) | Train Acc: 1.0000 | Val Acc: 0.8750 | Val P/R/F1 (Macro): 0.4865/0.5046/0.4852 | LR: 0.000003
Epoch [76/100] | Loss: 1.1559 (Cls: 1.1511, TAL: 0.0000, Adv: 0.0318) | Train Acc: 1.0000 | Val Acc: 0.9000 | Val P/R/F1 (Macro): 0.5019/0.5118/0.4986 | LR: 0.000003
Epoch [77/100] | Loss: 1.1530 (Cls: 1.1501, TAL: 0.0000, Adv: 0.0195) | Train Acc: 0.9978 | Val Acc: 0.8333 | Val P/R/F1 (Macro): 0.4547/0.4959/0.4596 | LR: 0.000003
Epoch [78/100] | Loss: 1.1610 (Cls: 1.1546, TAL: 0.0000, Adv: 0.0427) | Train Acc: 1.0000 | Val Acc: 0.8583 | Val P/R/F1 (Macro): 0.4895/0.5031/0.4832 | LR: 0.000003
Epoch [79/100] | Loss: 1.1564 (Cls: 1.1513, TAL: 0.0000, Adv: 0.0339) | Train Acc: 1.0000 | Val Acc: 0.9000 | Val P/R/F1 (Macro): 0.5012/0.5108/0.4980 | LR: 0.000003
Epoch [80/100] | Loss: 1.1514 (Cls: 1.1487, TAL: 0.0000, Adv: 0.0176) | Train Acc: 0.9978 | Val Acc: 0.8500 | Val P/R/F1 (Macro): 0.4811/0.5004/0.4756 | LR: 0.000003
Epoch [81/100] | Loss: 1.1468 (Cls: 1.1445, TAL: 0.0000, Adv: 0.0154) | Train Acc: 1.0000 | Val Acc: 0.8500 | Val P/R/F1 (Macro): 0.4760/0.4994/0.4757 | LR: 0.000003
Epoch [82/100] | Loss: 1.1452 (Cls: 1.1429, TAL: 0.0000, Adv: 0.0150) | Train Acc: 1.0000 | Val Acc: 0.8667 | Val P/R/F1 (Macro): 0.4824/0.5029/0.4818 | LR: 0.000003
Epoch [83/100] | Loss: 1.1488 (Cls: 1.1462, TAL: 0.0000, Adv: 0.0174) | Train Acc: 1.0000 | Val Acc: 0.9083 | Val P/R/F1 (Macro): 0.5094/0.5126/0.5017 | LR: 0.000003
Epoch [84/100] | Loss: 1.1449 (Cls: 1.1441, TAL: 0.0000, Adv: 0.0051) | Train Acc: 1.0000 | Val Acc: 0.8750 | Val P/R/F1 (Macro): 0.4893/0.5042/0.4867 | LR: 0.000003
Epoch [85/100] | Loss: 1.1427 (Cls: 1.1411, TAL: 0.0000, Adv: 0.0106) | Train Acc: 1.0000 | Val Acc: 0.8583 | Val P/R/F1 (Macro): 0.4851/0.5021/0.4801 | LR: 0.000001
Epoch [86/100] | Loss: 1.1444 (Cls: 1.1424, TAL: 0.0000, Adv: 0.0133) | Train Acc: 1.0000 | Val Acc: 0.8583 | Val P/R/F1 (Macro): 0.4839/0.5021/0.4790 | LR: 0.000001
Epoch [87/100] | Loss: 1.1517 (Cls: 1.1495, TAL: 0.0000, Adv: 0.0149) | Train Acc: 0.9978 | Val Acc: 0.8833 | Val P/R/F1 (Macro): 0.5017/0.5094/0.4939 | LR: 0.000001
Epoch [88/100] | Loss: 1.1552 (Cls: 1.1527, TAL: 0.0000, Adv: 0.0169) | Train Acc: 0.9978 | Val Acc: 0.8917 | Val P/R/F1 (Macro): 0.5017/0.5111/0.4937 | LR: 0.000001
Epoch [89/100] | Loss: 1.1464 (Cls: 1.1453, TAL: 0.0000, Adv: 0.0070) | Train Acc: 1.0000 | Val Acc: 0.8667 | Val P/R/F1 (Macro): 0.4934/0.5049/0.4846 | LR: 0.000001
Epoch [90/100] | Loss: 1.1418 (Cls: 1.1402, TAL: 0.0000, Adv: 0.0105) | Train Acc: 1.0000 | Val Acc: 0.8583 | Val P/R/F1 (Macro): 0.4863/0.5018/0.4802 | LR: 0.000001
Epoch [91/100] | Loss: 1.1568 (Cls: 1.1525, TAL: 0.0000, Adv: 0.0288) | Train Acc: 1.0000 | Val Acc: 0.8417 | Val P/R/F1 (Macro): 0.4777/0.5207/0.4845 | LR: 0.000001
Epoch [92/100] | Loss: 1.1439 (Cls: 1.1428, TAL: 0.0000, Adv: 0.0073) | Train Acc: 1.0000 | Val Acc: 0.8750 | Val P/R/F1 (Macro): 0.4953/0.5066/0.4870 | LR: 0.000001
Epoch [93/100] | Loss: 1.1431 (Cls: 1.1421, TAL: 0.0000, Adv: 0.0067) | Train Acc: 0.9978 | Val Acc: 0.8917 | Val P/R/F1 (Macro): 0.5006/0.5138/0.4988 | LR: 0.000001
Epoch [94/100] | Loss: 1.1430 (Cls: 1.1415, TAL: 0.0000, Adv: 0.0102) | Train Acc: 1.0000 | Val Acc: 0.8917 | Val P/R/F1 (Macro): 0.5031/0.5101/0.4953 | LR: 0.000001
Epoch [95/100] | Loss: 1.1455 (Cls: 1.1435, TAL: 0.0000, Adv: 0.0134) | Train Acc: 0.9978 | Val Acc: 0.8750 | Val P/R/F1 (Macro): 0.4946/0.5076/0.4857 | LR: 0.000001
Epoch [96/100] | Loss: 1.1435 (Cls: 1.1428, TAL: 0.0000, Adv: 0.0046) | Train Acc: 1.0000 | Val Acc: 0.8833 | Val P/R/F1 (Macro): 0.4986/0.5094/0.4902 | LR: 0.000001
Epoch [97/100] | Loss: 1.1476 (Cls: 1.1457, TAL: 0.0000, Adv: 0.0122) | Train Acc: 1.0000 | Val Acc: 0.8500 | Val P/R/F1 (Macro): 0.4778/0.5004/0.4735 | LR: 0.000001
Epoch [98/100] | Loss: 1.1487 (Cls: 1.1481, TAL: 0.0000, Adv: 0.0040) | Train Acc: 0.9978 | Val Acc: 0.8750 | Val P/R/F1 (Macro): 0.4769/0.5056/0.4795 | LR: 0.000001
Epoch [99/100] | Loss: 1.1381 (Cls: 1.1373, TAL: 0.0000, Adv: 0.0054) | Train Acc: 0.9978 | Val Acc: 0.8583 | Val P/R/F1 (Macro): 0.4839/0.5021/0.4790 | LR: 0.000001
Epoch [100/100] | Loss: 1.1397 (Cls: 1.1390, TAL: 0.0000, Adv: 0.0048) | Train Acc: 1.0000 | Val Acc: 0.8667 | Val P/R/F1 (Macro): 0.4879/0.5039/0.4835 | LR: 0.000001

迭代 4 最佳指标:
  Accuracy: 0.9167
  Precision (Macro): 0.5181
  Recall (Macro): 0.5177
  F1 (Macro): 0.5133
  Precision (Micro): 0.9167
  Recall (Micro): 0.9167
  F1 (Micro): 0.9167

================================================================================
迭代 5/5
随机种子: 46
================================================================================
Feature fusion: Channel concatenation (512+512); fused_dim=1024
Domain adaptation: standard source-target adversarial training, no generator
Loss weights: tensor=0.00, adv=0.15
Epoch [1/100] | Loss: 4.2799 (Cls: 4.1581, TAL: 0.0000, Adv: 0.8117) | Train Acc: 0.4018 | Val Acc: 0.0667 | Val P/R/F1 (Macro): 0.0048/0.0714/0.0089 | LR: 0.000010
  >>> New Best Val Acc: 0.0667
Epoch [2/100] | Loss: 3.0593 (Cls: 2.9444, TAL: 0.0000, Adv: 0.7662) | Train Acc: 0.6049 | Val Acc: 0.4000 | Val P/R/F1 (Macro): 0.2194/0.2505/0.1911 | LR: 0.000010
  >>> New Best Val Acc: 0.4000
Epoch [3/100] | Loss: 2.3761 (Cls: 2.2668, TAL: 0.0000, Adv: 0.7289) | Train Acc: 0.7478 | Val Acc: 0.5500 | Val P/R/F1 (Macro): 0.3192/0.3688/0.3056 | LR: 0.000010
  >>> New Best Val Acc: 0.5500
Epoch [4/100] | Loss: 2.0411 (Cls: 1.9333, TAL: 0.0000, Adv: 0.7189) | Train Acc: 0.8371 | Val Acc: 0.3000 | Val P/R/F1 (Macro): 0.1807/0.2305/0.1656 | LR: 0.000010
Epoch [5/100] | Loss: 1.9151 (Cls: 1.8192, TAL: 0.0000, Adv: 0.6395) | Train Acc: 0.8750 | Val Acc: 0.6667 | Val P/R/F1 (Macro): 0.3346/0.3842/0.3169 | LR: 0.000010
  >>> New Best Val Acc: 0.6667
Epoch [6/100] | Loss: 1.8996 (Cls: 1.8041, TAL: 0.0000, Adv: 0.6361) | Train Acc: 0.8705 | Val Acc: 0.7083 | Val P/R/F1 (Macro): 0.4341/0.4755/0.4314 | LR: 0.000010
  >>> New Best Val Acc: 0.7083
Epoch [7/100] | Loss: 1.7088 (Cls: 1.6219, TAL: 0.0000, Adv: 0.5791) | Train Acc: 0.9286 | Val Acc: 0.4833 | Val P/R/F1 (Macro): 0.4188/0.3301/0.2981 | LR: 0.000010
Epoch [8/100] | Loss: 1.7285 (Cls: 1.6509, TAL: 0.0000, Adv: 0.5172) | Train Acc: 0.8973 | Val Acc: 0.7417 | Val P/R/F1 (Macro): 0.4458/0.4833/0.4399 | LR: 0.000010
  >>> New Best Val Acc: 0.7417
Epoch [9/100] | Loss: 1.6287 (Cls: 1.5707, TAL: 0.0000, Adv: 0.3867) | Train Acc: 0.9263 | Val Acc: 0.6417 | Val P/R/F1 (Macro): 0.4088/0.4636/0.3889 | LR: 0.000010
Epoch [10/100] | Loss: 1.5192 (Cls: 1.4722, TAL: 0.0000, Adv: 0.3134) | Train Acc: 0.9442 | Val Acc: 0.7167 | Val P/R/F1 (Macro): 0.4380/0.4300/0.3794 | LR: 0.000010
Epoch [11/100] | Loss: 1.4893 (Cls: 1.4477, TAL: 0.0000, Adv: 0.2771) | Train Acc: 0.9554 | Val Acc: 0.5583 | Val P/R/F1 (Macro): 0.2679/0.3450/0.2678 | LR: 0.000010
Epoch [12/100] | Loss: 1.4281 (Cls: 1.3891, TAL: 0.0000, Adv: 0.2598) | Train Acc: 0.9754 | Val Acc: 0.6167 | Val P/R/F1 (Macro): 0.3416/0.4323/0.3660 | LR: 0.000010
Epoch [13/100] | Loss: 1.5373 (Cls: 1.5053, TAL: 0.0000, Adv: 0.2132) | Train Acc: 0.9308 | Val Acc: 0.8000 | Val P/R/F1 (Macro): 0.3929/0.4237/0.3977 | LR: 0.000010
  >>> New Best Val Acc: 0.8000
Epoch [14/100] | Loss: 1.4620 (Cls: 1.4332, TAL: 0.0000, Adv: 0.1922) | Train Acc: 0.9554 | Val Acc: 0.7167 | Val P/R/F1 (Macro): 0.3852/0.4865/0.4053 | LR: 0.000010
Epoch [15/100] | Loss: 1.4466 (Cls: 1.4135, TAL: 0.0000, Adv: 0.2209) | Train Acc: 0.9732 | Val Acc: 0.7500 | Val P/R/F1 (Macro): 0.4039/0.5029/0.4299 | LR: 0.000010
Epoch [16/100] | Loss: 1.4142 (Cls: 1.3737, TAL: 0.0000, Adv: 0.2696) | Train Acc: 0.9576 | Val Acc: 0.8083 | Val P/R/F1 (Macro): 0.4408/0.5137/0.4608 | LR: 0.000010
  >>> New Best Val Acc: 0.8083
Epoch [17/100] | Loss: 1.4315 (Cls: 1.3848, TAL: 0.0000, Adv: 0.3113) | Train Acc: 0.9799 | Val Acc: 0.6083 | Val P/R/F1 (Macro): 0.3152/0.3864/0.3147 | LR: 0.000010
Epoch [18/100] | Loss: 1.4235 (Cls: 1.3701, TAL: 0.0000, Adv: 0.3556) | Train Acc: 0.9710 | Val Acc: 0.6667 | Val P/R/F1 (Macro): 0.3668/0.4817/0.3851 | LR: 0.000010
Epoch [19/100] | Loss: 1.5706 (Cls: 1.3579, TAL: 0.0000, Adv: 1.4176) | Train Acc: 0.9554 | Val Acc: 0.8250 | Val P/R/F1 (Macro): 0.4642/0.5152/0.4741 | LR: 0.000010
  >>> New Best Val Acc: 0.8250
Epoch [20/100] | Loss: 1.4938 (Cls: 1.3650, TAL: 0.0000, Adv: 0.8587) | Train Acc: 0.9844 | Val Acc: 0.7250 | Val P/R/F1 (Macro): 0.4684/0.4702/0.4384 | LR: 0.000010
Epoch [21/100] | Loss: 1.4411 (Cls: 1.3189, TAL: 0.0000, Adv: 0.8143) | Train Acc: 0.9844 | Val Acc: 0.8167 | Val P/R/F1 (Macro): 0.4493/0.5138/0.4676 | LR: 0.000010
Epoch [22/100] | Loss: 1.4366 (Cls: 1.3502, TAL: 0.0000, Adv: 0.5760) | Train Acc: 0.9732 | Val Acc: 0.8500 | Val P/R/F1 (Macro): 0.4907/0.5048/0.4874 | LR: 0.000010
  >>> New Best Val Acc: 0.8500
Epoch [23/100] | Loss: 1.3717 (Cls: 1.3078, TAL: 0.0000, Adv: 0.4261) | Train Acc: 0.9821 | Val Acc: 0.7917 | Val P/R/F1 (Macro): 0.4744/0.4994/0.4728 | LR: 0.000010
Epoch [24/100] | Loss: 1.3470 (Cls: 1.3055, TAL: 0.0000, Adv: 0.2765) | Train Acc: 0.9844 | Val Acc: 0.7333 | Val P/R/F1 (Macro): 0.3866/0.4227/0.3772 | LR: 0.000010
Epoch [25/100] | Loss: 1.3284 (Cls: 1.2992, TAL: 0.0000, Adv: 0.1950) | Train Acc: 0.9821 | Val Acc: 0.7667 | Val P/R/F1 (Macro): 0.4205/0.4626/0.4209 | LR: 0.000010
Epoch [26/100] | Loss: 1.3137 (Cls: 1.2894, TAL: 0.0000, Adv: 0.1621) | Train Acc: 0.9732 | Val Acc: 0.8000 | Val P/R/F1 (Macro): 0.4668/0.4957/0.4593 | LR: 0.000010
Epoch [27/100] | Loss: 1.2967 (Cls: 1.2763, TAL: 0.0000, Adv: 0.1355) | Train Acc: 0.9777 | Val Acc: 0.7583 | Val P/R/F1 (Macro): 0.4719/0.4581/0.4291 | LR: 0.000010
Epoch [28/100] | Loss: 1.2756 (Cls: 1.2604, TAL: 0.0000, Adv: 0.1012) | Train Acc: 0.9888 | Val Acc: 0.8417 | Val P/R/F1 (Macro): 0.4959/0.5156/0.4944 | LR: 0.000010
Epoch [29/100] | Loss: 1.2684 (Cls: 1.2493, TAL: 0.0000, Adv: 0.1273) | Train Acc: 0.9933 | Val Acc: 0.8333 | Val P/R/F1 (Macro): 0.4763/0.4422/0.4338 | LR: 0.000010
Epoch [30/100] | Loss: 1.2891 (Cls: 1.2576, TAL: 0.0000, Adv: 0.2101) | Train Acc: 0.9911 | Val Acc: 0.7833 | Val P/R/F1 (Macro): 0.4388/0.5099/0.4541 | LR: 0.000010
Epoch [31/100] | Loss: 1.3126 (Cls: 1.2512, TAL: 0.0000, Adv: 0.4098) | Train Acc: 0.9844 | Val Acc: 0.7333 | Val P/R/F1 (Macro): 0.4496/0.3981/0.4000 | LR: 0.000010
Epoch [32/100] | Loss: 1.5432 (Cls: 1.2734, TAL: 0.0000, Adv: 1.7991) | Train Acc: 0.9933 | Val Acc: 0.6583 | Val P/R/F1 (Macro): 0.4341/0.4354/0.4060 | LR: 0.000010
Epoch [33/100] | Loss: 1.4297 (Cls: 1.3105, TAL: 0.0000, Adv: 0.7947) | Train Acc: 0.9710 | Val Acc: 0.6667 | Val P/R/F1 (Macro): 0.3906/0.4169/0.3762 | LR: 0.000005
Epoch [34/100] | Loss: 1.3520 (Cls: 1.2543, TAL: 0.0000, Adv: 0.6520) | Train Acc: 0.9955 | Val Acc: 0.8250 | Val P/R/F1 (Macro): 0.4706/0.5162/0.4770 | LR: 0.000005
Epoch [35/100] | Loss: 1.3097 (Cls: 1.2429, TAL: 0.0000, Adv: 0.4452) | Train Acc: 0.9955 | Val Acc: 0.8250 | Val P/R/F1 (Macro): 0.4702/0.5152/0.4745 | LR: 0.000005
Epoch [36/100] | Loss: 1.2630 (Cls: 1.2236, TAL: 0.0000, Adv: 0.2628) | Train Acc: 0.9933 | Val Acc: 0.7750 | Val P/R/F1 (Macro): 0.4312/0.5010/0.4416 | LR: 0.000005
Epoch [37/100] | Loss: 1.2494 (Cls: 1.2289, TAL: 0.0000, Adv: 0.1363) | Train Acc: 0.9888 | Val Acc: 0.7917 | Val P/R/F1 (Macro): 0.4721/0.4878/0.4644 | LR: 0.000005
Epoch [38/100] | Loss: 1.2200 (Cls: 1.2063, TAL: 0.0000, Adv: 0.0913) | Train Acc: 1.0000 | Val Acc: 0.7333 | Val P/R/F1 (Macro): 0.4636/0.4746/0.4380 | LR: 0.000005
Epoch [39/100] | Loss: 1.2228 (Cls: 1.2098, TAL: 0.0000, Adv: 0.0870) | Train Acc: 0.9888 | Val Acc: 0.8250 | Val P/R/F1 (Macro): 0.4734/0.5125/0.4768 | LR: 0.000005
Epoch [40/100] | Loss: 1.2140 (Cls: 1.1980, TAL: 0.0000, Adv: 0.1068) | Train Acc: 0.9955 | Val Acc: 0.7917 | Val P/R/F1 (Macro): 0.4540/0.5072/0.4602 | LR: 0.000005
Epoch [41/100] | Loss: 1.2264 (Cls: 1.2117, TAL: 0.0000, Adv: 0.0985) | Train Acc: 0.9911 | Val Acc: 0.8583 | Val P/R/F1 (Macro): 0.4927/0.5262/0.4986 | LR: 0.000005
  >>> New Best Val Acc: 0.8583
Epoch [42/100] | Loss: 1.1969 (Cls: 1.1886, TAL: 0.0000, Adv: 0.0553) | Train Acc: 0.9955 | Val Acc: 0.8167 | Val P/R/F1 (Macro): 0.4557/0.5145/0.4638 | LR: 0.000005
Epoch [43/100] | Loss: 1.1869 (Cls: 1.1797, TAL: 0.0000, Adv: 0.0476) | Train Acc: 0.9978 | Val Acc: 0.8583 | Val P/R/F1 (Macro): 0.4914/0.5011/0.4883 | LR: 0.000005
Epoch [44/100] | Loss: 1.1900 (Cls: 1.1798, TAL: 0.0000, Adv: 0.0686) | Train Acc: 0.9978 | Val Acc: 0.8083 | Val P/R/F1 (Macro): 0.4658/0.4907/0.4559 | LR: 0.000005
Epoch [45/100] | Loss: 1.2003 (Cls: 1.1896, TAL: 0.0000, Adv: 0.0711) | Train Acc: 0.9955 | Val Acc: 0.8000 | Val P/R/F1 (Macro): 0.4623/0.5096/0.4679 | LR: 0.000005
Epoch [46/100] | Loss: 1.1924 (Cls: 1.1848, TAL: 0.0000, Adv: 0.0504) | Train Acc: 0.9955 | Val Acc: 0.8333 | Val P/R/F1 (Macro): 0.4753/0.5190/0.4805 | LR: 0.000005
Epoch [47/100] | Loss: 1.1871 (Cls: 1.1770, TAL: 0.0000, Adv: 0.0673) | Train Acc: 0.9933 | Val Acc: 0.8333 | Val P/R/F1 (Macro): 0.4691/0.5166/0.4770 | LR: 0.000005
Epoch [48/100] | Loss: 1.1959 (Cls: 1.1812, TAL: 0.0000, Adv: 0.0983) | Train Acc: 1.0000 | Val Acc: 0.8583 | Val P/R/F1 (Macro): 0.4865/0.5222/0.4897 | LR: 0.000005
Epoch [49/100] | Loss: 1.2011 (Cls: 1.1827, TAL: 0.0000, Adv: 0.1226) | Train Acc: 0.9978 | Val Acc: 0.8000 | Val P/R/F1 (Macro): 0.4430/0.5110/0.4529 | LR: 0.000005
Epoch [50/100] | Loss: 1.2028 (Cls: 1.1788, TAL: 0.0000, Adv: 0.1603) | Train Acc: 1.0000 | Val Acc: 0.8833 | Val P/R/F1 (Macro): 0.4923/0.5270/0.4976 | LR: 0.000005
  >>> New Best Val Acc: 0.8833
Epoch [51/100] | Loss: 1.2088 (Cls: 1.1858, TAL: 0.0000, Adv: 0.1539) | Train Acc: 0.9978 | Val Acc: 0.8583 | Val P/R/F1 (Macro): 0.4801/0.5232/0.4895 | LR: 0.000005
Epoch [52/100] | Loss: 1.2134 (Cls: 1.1916, TAL: 0.0000, Adv: 0.1454) | Train Acc: 0.9978 | Val Acc: 0.7917 | Val P/R/F1 (Macro): 0.4374/0.4838/0.4347 | LR: 0.000005
Epoch [53/100] | Loss: 1.2180 (Cls: 1.1987, TAL: 0.0000, Adv: 0.1288) | Train Acc: 0.9955 | Val Acc: 0.8333 | Val P/R/F1 (Macro): 0.4724/0.5166/0.4774 | LR: 0.000005
Epoch [54/100] | Loss: 1.1907 (Cls: 1.1738, TAL: 0.0000, Adv: 0.1129) | Train Acc: 0.9955 | Val Acc: 0.8167 | Val P/R/F1 (Macro): 0.4519/0.5121/0.4622 | LR: 0.000005
Epoch [55/100] | Loss: 1.1970 (Cls: 1.1826, TAL: 0.0000, Adv: 0.0956) | Train Acc: 0.9955 | Val Acc: 0.8167 | Val P/R/F1 (Macro): 0.4598/0.4863/0.4500 | LR: 0.000005
Epoch [56/100] | Loss: 1.1837 (Cls: 1.1753, TAL: 0.0000, Adv: 0.0557) | Train Acc: 1.0000 | Val Acc: 0.8500 | Val P/R/F1 (Macro): 0.4819/0.5191/0.4886 | LR: 0.000005
Epoch [57/100] | Loss: 1.1953 (Cls: 1.1776, TAL: 0.0000, Adv: 0.1186) | Train Acc: 0.9978 | Val Acc: 0.8583 | Val P/R/F1 (Macro): 0.4759/0.5001/0.4755 | LR: 0.000005
Epoch [58/100] | Loss: 1.1945 (Cls: 1.1720, TAL: 0.0000, Adv: 0.1500) | Train Acc: 1.0000 | Val Acc: 0.7583 | Val P/R/F1 (Macro): 0.4196/0.4993/0.4292 | LR: 0.000005
Epoch [59/100] | Loss: 1.2584 (Cls: 1.2064, TAL: 0.0000, Adv: 0.3466) | Train Acc: 0.9955 | Val Acc: 0.7917 | Val P/R/F1 (Macro): 0.4590/0.4580/0.4259 | LR: 0.000005
Epoch [60/100] | Loss: 1.2379 (Cls: 1.2187, TAL: 0.0000, Adv: 0.1278) | Train Acc: 0.9911 | Val Acc: 0.8583 | Val P/R/F1 (Macro): 0.4826/0.5242/0.4886 | LR: 0.000005
Epoch [61/100] | Loss: 1.1939 (Cls: 1.1823, TAL: 0.0000, Adv: 0.0772) | Train Acc: 0.9978 | Val Acc: 0.8083 | Val P/R/F1 (Macro): 0.4658/0.5117/0.4668 | LR: 0.000003
Epoch [62/100] | Loss: 1.1832 (Cls: 1.1751, TAL: 0.0000, Adv: 0.0541) | Train Acc: 0.9955 | Val Acc: 0.8500 | Val P/R/F1 (Macro): 0.4762/0.5191/0.4826 | LR: 0.000003
Epoch [63/100] | Loss: 1.1785 (Cls: 1.1721, TAL: 0.0000, Adv: 0.0433) | Train Acc: 1.0000 | Val Acc: 0.8583 | Val P/R/F1 (Macro): 0.4622/0.5184/0.4743 | LR: 0.000003
Epoch [64/100] | Loss: 1.1856 (Cls: 1.1751, TAL: 0.0000, Adv: 0.0702) | Train Acc: 0.9978 | Val Acc: 0.8333 | Val P/R/F1 (Macro): 0.4547/0.5203/0.4749 | LR: 0.000003
Epoch [65/100] | Loss: 1.1840 (Cls: 1.1773, TAL: 0.0000, Adv: 0.0449) | Train Acc: 0.9978 | Val Acc: 0.7917 | Val P/R/F1 (Macro): 0.4458/0.5021/0.4529 | LR: 0.000003
Epoch [66/100] | Loss: 1.1819 (Cls: 1.1736, TAL: 0.0000, Adv: 0.0559) | Train Acc: 0.9955 | Val Acc: 0.8083 | Val P/R/F1 (Macro): 0.4632/0.5056/0.4680 | LR: 0.000003
Epoch [67/100] | Loss: 1.1716 (Cls: 1.1613, TAL: 0.0000, Adv: 0.0686) | Train Acc: 1.0000 | Val Acc: 0.8250 | Val P/R/F1 (Macro): 0.4707/0.5101/0.4718 | LR: 0.000003
Epoch [68/100] | Loss: 1.1721 (Cls: 1.1596, TAL: 0.0000, Adv: 0.0835) | Train Acc: 0.9978 | Val Acc: 0.8083 | Val P/R/F1 (Macro): 0.4583/0.4835/0.4470 | LR: 0.000003
Epoch [69/100] | Loss: 1.1722 (Cls: 1.1600, TAL: 0.0000, Adv: 0.0815) | Train Acc: 1.0000 | Val Acc: 0.8500 | Val P/R/F1 (Macro): 0.4796/0.5153/0.4841 | LR: 0.000003
Epoch [70/100] | Loss: 1.1671 (Cls: 1.1611, TAL: 0.0000, Adv: 0.0403) | Train Acc: 1.0000 | Val Acc: 0.8000 | Val P/R/F1 (Macro): 0.4587/0.5096/0.4658 | LR: 0.000003
Epoch [71/100] | Loss: 1.1661 (Cls: 1.1565, TAL: 0.0000, Adv: 0.0639) | Train Acc: 1.0000 | Val Acc: 0.8917 | Val P/R/F1 (Macro): 0.4943/0.5288/0.5036 | LR: 0.000003
  >>> New Best Val Acc: 0.8917
Epoch [72/100] | Loss: 1.1576 (Cls: 1.1518, TAL: 0.0000, Adv: 0.0382) | Train Acc: 1.0000 | Val Acc: 0.8583 | Val P/R/F1 (Macro): 0.4802/0.5218/0.4889 | LR: 0.000003
Epoch [73/100] | Loss: 1.1565 (Cls: 1.1537, TAL: 0.0000, Adv: 0.0188) | Train Acc: 1.0000 | Val Acc: 0.8500 | Val P/R/F1 (Macro): 0.4863/0.5163/0.4855 | LR: 0.000003
Epoch [74/100] | Loss: 1.1576 (Cls: 1.1501, TAL: 0.0000, Adv: 0.0499) | Train Acc: 1.0000 | Val Acc: 0.8667 | Val P/R/F1 (Macro): 0.4823/0.5236/0.4900 | LR: 0.000003
Epoch [75/100] | Loss: 1.1582 (Cls: 1.1531, TAL: 0.0000, Adv: 0.0341) | Train Acc: 1.0000 | Val Acc: 0.8333 | Val P/R/F1 (Macro): 0.4568/0.5156/0.4680 | LR: 0.000003
Epoch [76/100] | Loss: 1.1638 (Cls: 1.1582, TAL: 0.0000, Adv: 0.0371) | Train Acc: 1.0000 | Val Acc: 0.8167 | Val P/R/F1 (Macro): 0.4364/0.5101/0.4531 | LR: 0.000003
Epoch [77/100] | Loss: 1.1658 (Cls: 1.1620, TAL: 0.0000, Adv: 0.0255) | Train Acc: 0.9978 | Val Acc: 0.8750 | Val P/R/F1 (Macro): 0.4846/0.5263/0.4906 | LR: 0.000003
Epoch [78/100] | Loss: 1.1522 (Cls: 1.1510, TAL: 0.0000, Adv: 0.0075) | Train Acc: 1.0000 | Val Acc: 0.8583 | Val P/R/F1 (Macro): 0.4815/0.5222/0.4873 | LR: 0.000003
Epoch [79/100] | Loss: 1.1487 (Cls: 1.1457, TAL: 0.0000, Adv: 0.0203) | Train Acc: 1.0000 | Val Acc: 0.8500 | Val P/R/F1 (Macro): 0.4665/0.4980/0.4628 | LR: 0.000003
Epoch [80/100] | Loss: 1.1596 (Cls: 1.1555, TAL: 0.0000, Adv: 0.0277) | Train Acc: 1.0000 | Val Acc: 0.8583 | Val P/R/F1 (Macro): 0.4728/0.4997/0.4677 | LR: 0.000003
Epoch [81/100] | Loss: 1.1591 (Cls: 1.1539, TAL: 0.0000, Adv: 0.0348) | Train Acc: 1.0000 | Val Acc: 0.8167 | Val P/R/F1 (Macro): 0.4581/0.5104/0.4640 | LR: 0.000003
Epoch [82/100] | Loss: 1.1569 (Cls: 1.1540, TAL: 0.0000, Adv: 0.0188) | Train Acc: 1.0000 | Val Acc: 0.8750 | Val P/R/F1 (Macro): 0.4744/0.5253/0.4863 | LR: 0.000001
Epoch [83/100] | Loss: 1.1561 (Cls: 1.1525, TAL: 0.0000, Adv: 0.0238) | Train Acc: 1.0000 | Val Acc: 0.8833 | Val P/R/F1 (Macro): 0.4946/0.5060/0.4855 | LR: 0.000001
Epoch [84/100] | Loss: 1.1466 (Cls: 1.1446, TAL: 0.0000, Adv: 0.0134) | Train Acc: 1.0000 | Val Acc: 0.8750 | Val P/R/F1 (Macro): 0.4767/0.5263/0.4875 | LR: 0.000001
Epoch [85/100] | Loss: 1.1512 (Cls: 1.1478, TAL: 0.0000, Adv: 0.0226) | Train Acc: 1.0000 | Val Acc: 0.8333 | Val P/R/F1 (Macro): 0.4630/0.5180/0.4702 | LR: 0.000001
Epoch [86/100] | Loss: 1.1498 (Cls: 1.1446, TAL: 0.0000, Adv: 0.0345) | Train Acc: 1.0000 | Val Acc: 0.8417 | Val P/R/F1 (Macro): 0.4776/0.5197/0.4805 | LR: 0.000001
Epoch [87/100] | Loss: 1.1519 (Cls: 1.1457, TAL: 0.0000, Adv: 0.0412) | Train Acc: 0.9978 | Val Acc: 0.8833 | Val P/R/F1 (Macro): 0.4819/0.5280/0.4918 | LR: 0.000001
Epoch [88/100] | Loss: 1.1595 (Cls: 1.1538, TAL: 0.0000, Adv: 0.0380) | Train Acc: 1.0000 | Val Acc: 0.8833 | Val P/R/F1 (Macro): 0.4928/0.5280/0.4994 | LR: 0.000001
Epoch [89/100] | Loss: 1.1477 (Cls: 1.1456, TAL: 0.0000, Adv: 0.0137) | Train Acc: 0.9978 | Val Acc: 0.8750 | Val P/R/F1 (Macro): 0.4921/0.5263/0.4964 | LR: 0.000001
Epoch [90/100] | Loss: 1.1479 (Cls: 1.1443, TAL: 0.0000, Adv: 0.0236) | Train Acc: 1.0000 | Val Acc: 0.8833 | Val P/R/F1 (Macro): 0.4948/0.5060/0.4880 | LR: 0.000001
Epoch [91/100] | Loss: 1.1470 (Cls: 1.1411, TAL: 0.0000, Adv: 0.0394) | Train Acc: 1.0000 | Val Acc: 0.8667 | Val P/R/F1 (Macro): 0.4866/0.5246/0.4908 | LR: 0.000001
Epoch [92/100] | Loss: 1.1470 (Cls: 1.1428, TAL: 0.0000, Adv: 0.0284) | Train Acc: 1.0000 | Val Acc: 0.8833 | Val P/R/F1 (Macro): 0.4915/0.5294/0.4972 | LR: 0.000001
Epoch [93/100] | Loss: 1.1481 (Cls: 1.1430, TAL: 0.0000, Adv: 0.0342) | Train Acc: 1.0000 | Val Acc: 0.8583 | Val P/R/F1 (Macro): 0.4838/0.5181/0.4877 | LR: 0.000001
Epoch [94/100] | Loss: 1.1462 (Cls: 1.1426, TAL: 0.0000, Adv: 0.0237) | Train Acc: 1.0000 | Val Acc: 0.8833 | Val P/R/F1 (Macro): 0.4929/0.5294/0.4976 | LR: 0.000001
Epoch [95/100] | Loss: 1.1473 (Cls: 1.1428, TAL: 0.0000, Adv: 0.0301) | Train Acc: 1.0000 | Val Acc: 0.8750 | Val P/R/F1 (Macro): 0.4902/0.5263/0.4946 | LR: 0.000001
Epoch [96/100] | Loss: 1.1446 (Cls: 1.1419, TAL: 0.0000, Adv: 0.0184) | Train Acc: 1.0000 | Val Acc: 0.8583 | Val P/R/F1 (Macro): 0.4685/0.5218/0.4791 | LR: 0.000001
Epoch [97/100] | Loss: 1.1449 (Cls: 1.1434, TAL: 0.0000, Adv: 0.0101) | Train Acc: 1.0000 | Val Acc: 0.8750 | Val P/R/F1 (Macro): 0.4889/0.5263/0.4943 | LR: 0.000001
Epoch [98/100] | Loss: 1.1494 (Cls: 1.1446, TAL: 0.0000, Adv: 0.0320) | Train Acc: 1.0000 | Val Acc: 0.9000 | Val P/R/F1 (Macro): 0.5020/0.5315/0.5064 | LR: 0.000001
  >>> New Best Val Acc: 0.9000
Epoch [99/100] | Loss: 1.1527 (Cls: 1.1487, TAL: 0.0000, Adv: 0.0269) | Train Acc: 1.0000 | Val Acc: 0.8583 | Val P/R/F1 (Macro): 0.4846/0.5228/0.4876 | LR: 0.000001
Epoch [100/100] | Loss: 1.1424 (Cls: 1.1401, TAL: 0.0000, Adv: 0.0156) | Train Acc: 1.0000 | Val Acc: 0.8750 | Val P/R/F1 (Macro): 0.4892/0.5277/0.4938 | LR: 0.000001

迭代 5 最佳指标:
  Accuracy: 0.9000
  Precision (Macro): 0.5020
  Recall (Macro): 0.5315
  F1 (Macro): 0.5064
  Precision (Micro): 0.9000
  Recall (Micro): 0.9000
  F1 (Micro): 0.9000

================================================================================
5次迭代统计结果
================================================================================

accuracy:
  各迭代值: ['0.9333', '0.8917', '0.8750', '0.9167', '0.9000']
  均值 (Mean): 0.9033
  标准差 (Std): 0.0201

precision_macro:
  各迭代值: ['0.5361', '0.4935', '0.4885', '0.5181', '0.5020']
  均值 (Mean): 0.5076
  标准差 (Std): 0.0174

recall_macro:
  各迭代值: ['0.5225', '0.5152', '0.5008', '0.5177', '0.5315']
  均值 (Mean): 0.5176
  标准差 (Std): 0.0100

f1_macro:
  各迭代值: ['0.5245', '0.4917', '0.4786', '0.5133', '0.5064']
  均值 (Mean): 0.5029
  标准差 (Std): 0.0161

precision_micro:
  各迭代值: ['0.9333', '0.8917', '0.8750', '0.9167', '0.9000']
  均值 (Mean): 0.9033
  标准差 (Std): 0.0201

recall_micro:
  各迭代值: ['0.9333', '0.8917', '0.8750', '0.9167', '0.9000']
  均值 (Mean): 0.9033
  标准差 (Std): 0.0201

f1_micro:
  各迭代值: ['0.9333', '0.8917', '0.8750', '0.9167', '0.9000']
  均值 (Mean): 0.9033
  标准差 (Std): 0.0201

训练结束时间: 2026-07-01 19:28:13
================================================================================
