================================================================================
模块消融实验 - without_tensor_without_ot
目标域天气: 雾天
训练开始时间: 2026-06-23 11:43:42
设备: cuda
源域: D:\Code\JMDA-Net\Data\晴天
目标域: D:\Code\JMDA-Net\Data\雾天
批次大小: 16
总轮数: 100
迭代次数: 5
使用Tensor模块: 否
使用OT模块: 否
特征融合方式: 通道拼接
域对齐方式: 常规对抗
================================================================================

================================================================================
迭代 1/5
随机种子: 42
================================================================================
Epoch [1/100] | Loss: 7.2842 (Cls: 6.9482, TAL: 0.0000, Adv: 2.2398) | Train Acc: 0.2593 | Val Acc: 0.3739 | Val P/R/F1 (Macro): 0.2489/0.2360/0.1662 | LR: 0.000010
  >>> New Best Val Acc: 0.3739
Epoch [2/100] | Loss: 5.4447 (Cls: 4.9212, TAL: 0.0000, Adv: 3.4898) | Train Acc: 0.5069 | Val Acc: 0.5478 | Val P/R/F1 (Macro): 0.3799/0.3507/0.3029 | LR: 0.000010
  >>> New Best Val Acc: 0.5478
Epoch [3/100] | Loss: 4.1434 (Cls: 3.5185, TAL: 0.0000, Adv: 4.1658) | Train Acc: 0.6389 | Val Acc: 0.6435 | Val P/R/F1 (Macro): 0.3677/0.3640/0.3434 | LR: 0.000010
  >>> New Best Val Acc: 0.6435
Epoch [4/100] | Loss: 3.8575 (Cls: 3.1381, TAL: 0.0000, Adv: 4.7958) | Train Acc: 0.6944 | Val Acc: 0.7304 | Val P/R/F1 (Macro): 0.4358/0.4354/0.4068 | LR: 0.000010
  >>> New Best Val Acc: 0.7304
Epoch [5/100] | Loss: 3.6373 (Cls: 2.8623, TAL: 0.0000, Adv: 5.1666) | Train Acc: 0.7847 | Val Acc: 0.7913 | Val P/R/F1 (Macro): 0.5177/0.4908/0.4756 | LR: 0.000010
  >>> New Best Val Acc: 0.7913
Epoch [6/100] | Loss: 3.3138 (Cls: 2.5361, TAL: 0.0000, Adv: 5.1850) | Train Acc: 0.8542 | Val Acc: 0.8261 | Val P/R/F1 (Macro): 0.5749/0.5346/0.5396 | LR: 0.000010
  >>> New Best Val Acc: 0.8261
Epoch [7/100] | Loss: 3.2758 (Cls: 2.4889, TAL: 0.0000, Adv: 5.2463) | Train Acc: 0.8380 | Val Acc: 0.8174 | Val P/R/F1 (Macro): 0.5371/0.5080/0.4962 | LR: 0.000010
Epoch [8/100] | Loss: 3.1876 (Cls: 2.4047, TAL: 0.0000, Adv: 5.2195) | Train Acc: 0.8611 | Val Acc: 0.8087 | Val P/R/F1 (Macro): 0.5430/0.5308/0.5147 | LR: 0.000010
Epoch [9/100] | Loss: 3.2149 (Cls: 2.4275, TAL: 0.0000, Adv: 5.2499) | Train Acc: 0.8843 | Val Acc: 0.8783 | Val P/R/F1 (Macro): 0.5848/0.5345/0.5472 | LR: 0.000010
  >>> New Best Val Acc: 0.8783
Epoch [10/100] | Loss: 3.0618 (Cls: 2.2927, TAL: 0.0000, Adv: 5.1274) | Train Acc: 0.9051 | Val Acc: 0.8000 | Val P/R/F1 (Macro): 0.4968/0.5067/0.4921 | LR: 0.000010
Epoch [11/100] | Loss: 3.1142 (Cls: 2.3288, TAL: 0.0000, Adv: 5.2359) | Train Acc: 0.8565 | Val Acc: 0.9043 | Val P/R/F1 (Macro): 0.5862/0.5609/0.5638 | LR: 0.000010
  >>> New Best Val Acc: 0.9043
Epoch [12/100] | Loss: 2.9919 (Cls: 2.2261, TAL: 0.0000, Adv: 5.1052) | Train Acc: 0.9120 | Val Acc: 0.8870 | Val P/R/F1 (Macro): 0.5839/0.5136/0.5298 | LR: 0.000010
Epoch [13/100] | Loss: 2.9429 (Cls: 2.1628, TAL: 0.0000, Adv: 5.2004) | Train Acc: 0.9236 | Val Acc: 0.8522 | Val P/R/F1 (Macro): 0.5613/0.5090/0.5158 | LR: 0.000010
Epoch [14/100] | Loss: 2.9218 (Cls: 2.1434, TAL: 0.0000, Adv: 5.1898) | Train Acc: 0.9213 | Val Acc: 0.8435 | Val P/R/F1 (Macro): 0.5582/0.5043/0.5060 | LR: 0.000010
Epoch [15/100] | Loss: 2.8832 (Cls: 2.0957, TAL: 0.0000, Adv: 5.2501) | Train Acc: 0.9375 | Val Acc: 0.9043 | Val P/R/F1 (Macro): 0.5950/0.5556/0.5699 | LR: 0.000010
Epoch [16/100] | Loss: 2.8245 (Cls: 2.0492, TAL: 0.0000, Adv: 5.1689) | Train Acc: 0.9560 | Val Acc: 0.8783 | Val P/R/F1 (Macro): 0.5088/0.5021/0.4988 | LR: 0.000010
Epoch [17/100] | Loss: 2.8395 (Cls: 2.0431, TAL: 0.0000, Adv: 5.3087) | Train Acc: 0.9583 | Val Acc: 0.8696 | Val P/R/F1 (Macro): 0.5519/0.5448/0.5415 | LR: 0.000010
Epoch [18/100] | Loss: 2.8706 (Cls: 2.0851, TAL: 0.0000, Adv: 5.2365) | Train Acc: 0.9491 | Val Acc: 0.9130 | Val P/R/F1 (Macro): 0.5998/0.5894/0.5917 | LR: 0.000010
  >>> New Best Val Acc: 0.9130
Epoch [19/100] | Loss: 2.7898 (Cls: 1.9994, TAL: 0.0000, Adv: 5.2695) | Train Acc: 0.9583 | Val Acc: 0.9217 | Val P/R/F1 (Macro): 0.5956/0.5565/0.5602 | LR: 0.000010
  >>> New Best Val Acc: 0.9217
Epoch [20/100] | Loss: 2.8040 (Cls: 2.0029, TAL: 0.0000, Adv: 5.3405) | Train Acc: 0.9676 | Val Acc: 0.9043 | Val P/R/F1 (Macro): 0.5976/0.5305/0.5468 | LR: 0.000010
Epoch [21/100] | Loss: 2.7908 (Cls: 1.9725, TAL: 0.0000, Adv: 5.4557) | Train Acc: 0.9745 | Val Acc: 0.8609 | Val P/R/F1 (Macro): 0.5823/0.5195/0.5297 | LR: 0.000010
Epoch [22/100] | Loss: 2.7836 (Cls: 1.9454, TAL: 0.0000, Adv: 5.5881) | Train Acc: 0.9699 | Val Acc: 0.9130 | Val P/R/F1 (Macro): 0.5962/0.5527/0.5593 | LR: 0.000010
Epoch [23/100] | Loss: 2.7807 (Cls: 1.9428, TAL: 0.0000, Adv: 5.5861) | Train Acc: 0.9769 | Val Acc: 0.9217 | Val P/R/F1 (Macro): 0.5860/0.5668/0.5707 | LR: 0.000010
Epoch [24/100] | Loss: 2.8274 (Cls: 1.9632, TAL: 0.0000, Adv: 5.7611) | Train Acc: 0.9699 | Val Acc: 0.9130 | Val P/R/F1 (Macro): 0.5861/0.5422/0.5491 | LR: 0.000010
Epoch [25/100] | Loss: 2.8415 (Cls: 1.9612, TAL: 0.0000, Adv: 5.8687) | Train Acc: 0.9699 | Val Acc: 0.8957 | Val P/R/F1 (Macro): 0.5847/0.5482/0.5485 | LR: 0.000010
Epoch [26/100] | Loss: 2.8111 (Cls: 1.9299, TAL: 0.0000, Adv: 5.8744) | Train Acc: 0.9722 | Val Acc: 0.9304 | Val P/R/F1 (Macro): 0.5982/0.5815/0.5824 | LR: 0.000010
  >>> New Best Val Acc: 0.9304
Epoch [27/100] | Loss: 2.8095 (Cls: 1.9354, TAL: 0.0000, Adv: 5.8275) | Train Acc: 0.9722 | Val Acc: 0.8957 | Val P/R/F1 (Macro): 0.5926/0.5346/0.5458 | LR: 0.000010
Epoch [28/100] | Loss: 2.7567 (Cls: 1.8640, TAL: 0.0000, Adv: 5.9515) | Train Acc: 0.9838 | Val Acc: 0.8957 | Val P/R/F1 (Macro): 0.5837/0.5355/0.5353 | LR: 0.000010
Epoch [29/100] | Loss: 2.7718 (Cls: 1.9009, TAL: 0.0000, Adv: 5.8059) | Train Acc: 0.9745 | Val Acc: 0.9217 | Val P/R/F1 (Macro): 0.5994/0.5766/0.5826 | LR: 0.000010
Epoch [30/100] | Loss: 2.8034 (Cls: 1.9152, TAL: 0.0000, Adv: 5.9216) | Train Acc: 0.9699 | Val Acc: 0.9043 | Val P/R/F1 (Macro): 0.5938/0.5487/0.5546 | LR: 0.000010
Epoch [31/100] | Loss: 2.7512 (Cls: 1.8680, TAL: 0.0000, Adv: 5.8875) | Train Acc: 0.9769 | Val Acc: 0.9043 | Val P/R/F1 (Macro): 0.5861/0.5499/0.5503 | LR: 0.000010
Epoch [32/100] | Loss: 2.7924 (Cls: 1.9051, TAL: 0.0000, Adv: 5.9150) | Train Acc: 0.9722 | Val Acc: 0.8783 | Val P/R/F1 (Macro): 0.5766/0.5017/0.5180 | LR: 0.000010
Epoch [33/100] | Loss: 2.8158 (Cls: 1.9040, TAL: 0.0000, Adv: 6.0789) | Train Acc: 0.9560 | Val Acc: 0.8957 | Val P/R/F1 (Macro): 0.5804/0.5466/0.5462 | LR: 0.000010
Epoch [34/100] | Loss: 2.7576 (Cls: 1.8710, TAL: 0.0000, Adv: 5.9108) | Train Acc: 0.9630 | Val Acc: 0.8870 | Val P/R/F1 (Macro): 0.5741/0.5295/0.5281 | LR: 0.000010
Epoch [35/100] | Loss: 2.7670 (Cls: 1.8495, TAL: 0.0000, Adv: 6.1165) | Train Acc: 0.9745 | Val Acc: 0.8957 | Val P/R/F1 (Macro): 0.5820/0.5370/0.5395 | LR: 0.000010
Epoch [36/100] | Loss: 2.7535 (Cls: 1.8211, TAL: 0.0000, Adv: 6.2157) | Train Acc: 0.9977 | Val Acc: 0.9217 | Val P/R/F1 (Macro): 0.5953/0.5691/0.5734 | LR: 0.000010
Epoch [37/100] | Loss: 2.8228 (Cls: 1.8899, TAL: 0.0000, Adv: 6.2192) | Train Acc: 0.9606 | Val Acc: 0.9391 | Val P/R/F1 (Macro): 0.6000/0.5858/0.5867 | LR: 0.000010
  >>> New Best Val Acc: 0.9391
Epoch [38/100] | Loss: 2.7585 (Cls: 1.8332, TAL: 0.0000, Adv: 6.1691) | Train Acc: 0.9838 | Val Acc: 0.9478 | Val P/R/F1 (Macro): 0.6184/0.5697/0.5800 | LR: 0.000010
  >>> New Best Val Acc: 0.9478
Epoch [39/100] | Loss: 2.7835 (Cls: 1.8486, TAL: 0.0000, Adv: 6.2330) | Train Acc: 0.9815 | Val Acc: 0.9391 | Val P/R/F1 (Macro): 0.5996/0.6026/0.5969 | LR: 0.000010
Epoch [40/100] | Loss: 2.7635 (Cls: 1.8232, TAL: 0.0000, Adv: 6.2685) | Train Acc: 0.9954 | Val Acc: 0.9043 | Val P/R/F1 (Macro): 0.5847/0.5490/0.5477 | LR: 0.000010
Epoch [41/100] | Loss: 2.7561 (Cls: 1.8285, TAL: 0.0000, Adv: 6.1842) | Train Acc: 0.9769 | Val Acc: 0.9217 | Val P/R/F1 (Macro): 0.6032/0.5550/0.5635 | LR: 0.000010
Epoch [42/100] | Loss: 2.7842 (Cls: 1.8558, TAL: 0.0000, Adv: 6.1889) | Train Acc: 0.9769 | Val Acc: 0.9130 | Val P/R/F1 (Macro): 0.6033/0.5530/0.5629 | LR: 0.000010
Epoch [43/100] | Loss: 2.7351 (Cls: 1.8149, TAL: 0.0000, Adv: 6.1348) | Train Acc: 0.9861 | Val Acc: 0.9130 | Val P/R/F1 (Macro): 0.5936/0.5559/0.5578 | LR: 0.000010
Epoch [44/100] | Loss: 2.7622 (Cls: 1.8135, TAL: 0.0000, Adv: 6.3250) | Train Acc: 0.9884 | Val Acc: 0.9043 | Val P/R/F1 (Macro): 0.5863/0.5504/0.5504 | LR: 0.000010
Epoch [45/100] | Loss: 2.7485 (Cls: 1.8015, TAL: 0.0000, Adv: 6.3136) | Train Acc: 0.9884 | Val Acc: 0.9217 | Val P/R/F1 (Macro): 0.5967/0.5570/0.5616 | LR: 0.000010
Epoch [46/100] | Loss: 2.7519 (Cls: 1.7963, TAL: 0.0000, Adv: 6.3707) | Train Acc: 0.9907 | Val Acc: 0.9391 | Val P/R/F1 (Macro): 0.6087/0.5831/0.5903 | LR: 0.000010
Epoch [47/100] | Loss: 2.7452 (Cls: 1.7873, TAL: 0.0000, Adv: 6.3860) | Train Acc: 0.9931 | Val Acc: 0.8870 | Val P/R/F1 (Macro): 0.5777/0.5439/0.5428 | LR: 0.000010
Epoch [48/100] | Loss: 2.7936 (Cls: 1.8263, TAL: 0.0000, Adv: 6.4488) | Train Acc: 0.9815 | Val Acc: 0.9304 | Val P/R/F1 (Macro): 0.6078/0.5622/0.5699 | LR: 0.000010
Epoch [49/100] | Loss: 2.7480 (Cls: 1.7824, TAL: 0.0000, Adv: 6.4372) | Train Acc: 0.9931 | Val Acc: 0.8957 | Val P/R/F1 (Macro): 0.5827/0.5479/0.5461 | LR: 0.000005
Epoch [50/100] | Loss: 2.7397 (Cls: 1.7769, TAL: 0.0000, Adv: 6.4185) | Train Acc: 0.9907 | Val Acc: 0.9304 | Val P/R/F1 (Macro): 0.5901/0.5833/0.5819 | LR: 0.000005
Epoch [51/100] | Loss: 2.7491 (Cls: 1.7589, TAL: 0.0000, Adv: 6.6009) | Train Acc: 0.9954 | Val Acc: 0.9217 | Val P/R/F1 (Macro): 0.5984/0.5584/0.5621 | LR: 0.000005
Epoch [52/100] | Loss: 2.7641 (Cls: 1.7716, TAL: 0.0000, Adv: 6.6171) | Train Acc: 0.9931 | Val Acc: 0.9391 | Val P/R/F1 (Macro): 0.5891/0.5660/0.5739 | LR: 0.000005
Epoch [53/100] | Loss: 2.7512 (Cls: 1.7670, TAL: 0.0000, Adv: 6.5609) | Train Acc: 0.9884 | Val Acc: 0.9130 | Val P/R/F1 (Macro): 0.5878/0.5754/0.5721 | LR: 0.000005
Epoch [54/100] | Loss: 2.7446 (Cls: 1.7437, TAL: 0.0000, Adv: 6.6730) | Train Acc: 0.9954 | Val Acc: 0.9304 | Val P/R/F1 (Macro): 0.5993/0.5823/0.5836 | LR: 0.000005
Epoch [55/100] | Loss: 2.7296 (Cls: 1.7553, TAL: 0.0000, Adv: 6.4954) | Train Acc: 0.9954 | Val Acc: 0.9217 | Val P/R/F1 (Macro): 0.5994/0.5567/0.5621 | LR: 0.000005
Epoch [56/100] | Loss: 2.7323 (Cls: 1.7642, TAL: 0.0000, Adv: 6.4539) | Train Acc: 0.9977 | Val Acc: 0.9478 | Val P/R/F1 (Macro): 0.5943/0.5898/0.5893 | LR: 0.000005
Epoch [57/100] | Loss: 2.7147 (Cls: 1.7436, TAL: 0.0000, Adv: 6.4737) | Train Acc: 0.9931 | Val Acc: 0.9130 | Val P/R/F1 (Macro): 0.5936/0.5530/0.5570 | LR: 0.000005
Epoch [58/100] | Loss: 2.7750 (Cls: 1.7791, TAL: 0.0000, Adv: 6.6396) | Train Acc: 0.9838 | Val Acc: 0.9304 | Val P/R/F1 (Macro): 0.6075/0.5593/0.5684 | LR: 0.000005
Epoch [59/100] | Loss: 2.7498 (Cls: 1.7566, TAL: 0.0000, Adv: 6.6212) | Train Acc: 0.9931 | Val Acc: 0.9391 | Val P/R/F1 (Macro): 0.6103/0.5630/0.5721 | LR: 0.000005
Epoch [60/100] | Loss: 2.7592 (Cls: 1.7496, TAL: 0.0000, Adv: 6.7305) | Train Acc: 0.9907 | Val Acc: 0.9043 | Val P/R/F1 (Macro): 0.5893/0.5502/0.5525 | LR: 0.000003
Epoch [61/100] | Loss: 2.7659 (Cls: 1.7533, TAL: 0.0000, Adv: 6.7506) | Train Acc: 0.9954 | Val Acc: 0.9130 | Val P/R/F1 (Macro): 0.6029/0.5512/0.5619 | LR: 0.000003
Epoch [62/100] | Loss: 2.7617 (Cls: 1.7442, TAL: 0.0000, Adv: 6.7829) | Train Acc: 0.9954 | Val Acc: 0.9217 | Val P/R/F1 (Macro): 0.5966/0.5597/0.5617 | LR: 0.000003
Epoch [63/100] | Loss: 2.7592 (Cls: 1.7536, TAL: 0.0000, Adv: 6.7037) | Train Acc: 0.9954 | Val Acc: 0.9217 | Val P/R/F1 (Macro): 0.5987/0.5780/0.5813 | LR: 0.000003
Epoch [64/100] | Loss: 2.7520 (Cls: 1.7405, TAL: 0.0000, Adv: 6.7432) | Train Acc: 0.9977 | Val Acc: 0.9217 | Val P/R/F1 (Macro): 0.6132/0.5467/0.5640 | LR: 0.000003
Epoch [65/100] | Loss: 2.7680 (Cls: 1.7346, TAL: 0.0000, Adv: 6.8893) | Train Acc: 0.9977 | Val Acc: 0.9043 | Val P/R/F1 (Macro): 0.5883/0.5410/0.5461 | LR: 0.000003
Epoch [66/100] | Loss: 2.7578 (Cls: 1.7320, TAL: 0.0000, Adv: 6.8388) | Train Acc: 0.9977 | Val Acc: 0.9217 | Val P/R/F1 (Macro): 0.5994/0.5567/0.5621 | LR: 0.000003
Epoch [67/100] | Loss: 2.7805 (Cls: 1.7415, TAL: 0.0000, Adv: 6.9270) | Train Acc: 0.9931 | Val Acc: 0.9304 | Val P/R/F1 (Macro): 0.6099/0.5805/0.5900 | LR: 0.000003
Epoch [68/100] | Loss: 2.7854 (Cls: 1.7601, TAL: 0.0000, Adv: 6.8353) | Train Acc: 0.9907 | Val Acc: 0.9130 | Val P/R/F1 (Macro): 0.6001/0.5530/0.5609 | LR: 0.000003
Epoch [69/100] | Loss: 2.7775 (Cls: 1.7288, TAL: 0.0000, Adv: 6.9916) | Train Acc: 0.9977 | Val Acc: 0.9130 | Val P/R/F1 (Macro): 0.5912/0.5676/0.5700 | LR: 0.000003
Epoch [70/100] | Loss: 2.7919 (Cls: 1.7488, TAL: 0.0000, Adv: 6.9540) | Train Acc: 0.9931 | Val Acc: 0.9304 | Val P/R/F1 (Macro): 0.6075/0.5593/0.5684 | LR: 0.000003
Epoch [71/100] | Loss: 2.8106 (Cls: 1.7369, TAL: 0.0000, Adv: 7.1579) | Train Acc: 0.9977 | Val Acc: 0.9043 | Val P/R/F1 (Macro): 0.5903/0.5504/0.5539 | LR: 0.000001
Epoch [72/100] | Loss: 2.7981 (Cls: 1.7374, TAL: 0.0000, Adv: 7.0713) | Train Acc: 0.9954 | Val Acc: 0.9217 | Val P/R/F1 (Macro): 0.5949/0.5565/0.5601 | LR: 0.000001
Epoch [73/100] | Loss: 2.8172 (Cls: 1.7312, TAL: 0.0000, Adv: 7.2401) | Train Acc: 0.9931 | Val Acc: 0.9043 | Val P/R/F1 (Macro): 0.5862/0.5533/0.5526 | LR: 0.000001
Epoch [74/100] | Loss: 2.8160 (Cls: 1.7296, TAL: 0.0000, Adv: 7.2429) | Train Acc: 0.9977 | Val Acc: 0.9217 | Val P/R/F1 (Macro): 0.5927/0.5809/0.5797 | LR: 0.000001
Epoch [75/100] | Loss: 2.8444 (Cls: 1.7493, TAL: 0.0000, Adv: 7.3011) | Train Acc: 0.9907 | Val Acc: 0.9130 | Val P/R/F1 (Macro): 0.5954/0.5465/0.5527 | LR: 0.000001
Epoch [76/100] | Loss: 2.8092 (Cls: 1.7276, TAL: 0.0000, Adv: 7.2102) | Train Acc: 0.9954 | Val Acc: 0.9130 | Val P/R/F1 (Macro): 0.5920/0.5512/0.5540 | LR: 0.000001
Epoch [77/100] | Loss: 2.7973 (Cls: 1.7207, TAL: 0.0000, Adv: 7.1776) | Train Acc: 0.9977 | Val Acc: 0.9217 | Val P/R/F1 (Macro): 0.5980/0.5567/0.5620 | LR: 0.000001
Epoch [78/100] | Loss: 2.8154 (Cls: 1.7248, TAL: 0.0000, Adv: 7.2708) | Train Acc: 0.9977 | Val Acc: 0.9217 | Val P/R/F1 (Macro): 0.5943/0.5766/0.5777 | LR: 0.000001
Epoch [79/100] | Loss: 2.8429 (Cls: 1.7324, TAL: 0.0000, Adv: 7.4034) | Train Acc: 0.9931 | Val Acc: 0.9304 | Val P/R/F1 (Macro): 0.6024/0.5605/0.5659 | LR: 0.000001
Epoch [80/100] | Loss: 2.8422 (Cls: 1.7356, TAL: 0.0000, Adv: 7.3768) | Train Acc: 1.0000 | Val Acc: 0.9217 | Val P/R/F1 (Macro): 0.6144/0.5567/0.5705 | LR: 0.000001
Epoch [81/100] | Loss: 2.8163 (Cls: 1.7193, TAL: 0.0000, Adv: 7.3130) | Train Acc: 1.0000 | Val Acc: 0.9217 | Val P/R/F1 (Macro): 0.5991/0.5733/0.5769 | LR: 0.000001
Epoch [82/100] | Loss: 2.8456 (Cls: 1.7388, TAL: 0.0000, Adv: 7.3791) | Train Acc: 0.9907 | Val Acc: 0.9130 | Val P/R/F1 (Macro): 0.5927/0.5542/0.5561 | LR: 0.000001
Epoch [83/100] | Loss: 2.8146 (Cls: 1.7260, TAL: 0.0000, Adv: 7.2577) | Train Acc: 0.9977 | Val Acc: 0.9130 | Val P/R/F1 (Macro): 0.5894/0.5542/0.5552 | LR: 0.000001
Epoch [84/100] | Loss: 2.8427 (Cls: 1.7316, TAL: 0.0000, Adv: 7.4072) | Train Acc: 0.9977 | Val Acc: 0.9130 | Val P/R/F1 (Macro): 0.5940/0.5542/0.5588 | LR: 0.000001
Epoch [85/100] | Loss: 2.8272 (Cls: 1.7223, TAL: 0.0000, Adv: 7.3661) | Train Acc: 0.9977 | Val Acc: 0.9304 | Val P/R/F1 (Macro): 0.6138/0.5622/0.5728 | LR: 0.000001
Epoch [86/100] | Loss: 2.8623 (Cls: 1.7412, TAL: 0.0000, Adv: 7.4740) | Train Acc: 0.9931 | Val Acc: 0.9478 | Val P/R/F1 (Macro): 0.6228/0.5673/0.5807 | LR: 0.000001
Epoch [87/100] | Loss: 2.8242 (Cls: 1.7317, TAL: 0.0000, Adv: 7.2837) | Train Acc: 0.9931 | Val Acc: 0.9043 | Val P/R/F1 (Macro): 0.5857/0.5599/0.5668 | LR: 0.000001
Epoch [88/100] | Loss: 2.8417 (Cls: 1.7224, TAL: 0.0000, Adv: 7.4621) | Train Acc: 0.9977 | Val Acc: 0.9391 | Val P/R/F1 (Macro): 0.6103/0.5630/0.5721 | LR: 0.000001
Epoch [89/100] | Loss: 2.8487 (Cls: 1.7339, TAL: 0.0000, Adv: 7.4324) | Train Acc: 0.9931 | Val Acc: 0.9130 | Val P/R/F1 (Macro): 0.6004/0.5530/0.5613 | LR: 0.000001
Epoch [90/100] | Loss: 2.8456 (Cls: 1.7295, TAL: 0.0000, Adv: 7.4411) | Train Acc: 0.9977 | Val Acc: 0.9217 | Val P/R/F1 (Macro): 0.6051/0.5567/0.5659 | LR: 0.000001
Epoch [91/100] | Loss: 2.8424 (Cls: 1.7317, TAL: 0.0000, Adv: 7.4049) | Train Acc: 0.9954 | Val Acc: 0.9043 | Val P/R/F1 (Macro): 0.5913/0.5516/0.5552 | LR: 0.000001
Epoch [92/100] | Loss: 2.8502 (Cls: 1.7256, TAL: 0.0000, Adv: 7.4976) | Train Acc: 0.9977 | Val Acc: 0.9391 | Val P/R/F1 (Macro): 0.6112/0.5630/0.5726 | LR: 0.000001
Epoch [93/100] | Loss: 2.8286 (Cls: 1.7199, TAL: 0.0000, Adv: 7.3908) | Train Acc: 1.0000 | Val Acc: 0.9304 | Val P/R/F1 (Macro): 0.6058/0.5608/0.5684 | LR: 0.000001
Epoch [94/100] | Loss: 2.8614 (Cls: 1.7413, TAL: 0.0000, Adv: 7.4678) | Train Acc: 0.9954 | Val Acc: 0.9478 | Val P/R/F1 (Macro): 0.6096/0.5898/0.5934 | LR: 0.000001
Epoch [95/100] | Loss: 2.8442 (Cls: 1.7257, TAL: 0.0000, Adv: 7.4562) | Train Acc: 0.9954 | Val Acc: 0.9217 | Val P/R/F1 (Macro): 0.5974/0.5597/0.5623 | LR: 0.000001
Epoch [96/100] | Loss: 2.8591 (Cls: 1.7337, TAL: 0.0000, Adv: 7.5024) | Train Acc: 1.0000 | Val Acc: 0.9304 | Val P/R/F1 (Macro): 0.6149/0.5516/0.5662 | LR: 0.000001
Epoch [97/100] | Loss: 2.8494 (Cls: 1.7184, TAL: 0.0000, Adv: 7.5402) | Train Acc: 1.0000 | Val Acc: 0.9217 | Val P/R/F1 (Macro): 0.6022/0.5506/0.5590 | LR: 0.000001
Epoch [98/100] | Loss: 2.8662 (Cls: 1.7331, TAL: 0.0000, Adv: 7.5538) | Train Acc: 0.9977 | Val Acc: 0.9217 | Val P/R/F1 (Macro): 0.6051/0.5503/0.5603 | LR: 0.000001
Epoch [99/100] | Loss: 2.8456 (Cls: 1.7198, TAL: 0.0000, Adv: 7.5055) | Train Acc: 0.9977 | Val Acc: 0.9304 | Val P/R/F1 (Macro): 0.6038/0.6006/0.5987 | LR: 0.000001
Epoch [100/100] | Loss: 2.8570 (Cls: 1.7341, TAL: 0.0000, Adv: 7.4860) | Train Acc: 0.9907 | Val Acc: 0.9217 | Val P/R/F1 (Macro): 0.5898/0.5692/0.5730 | LR: 0.000001

迭代 1 最佳指标:
  Accuracy: 0.9478
  Precision (Macro): 0.6184
  Recall (Macro): 0.5697
  F1 (Macro): 0.5800
  Precision (Micro): 0.9478
  Recall (Micro): 0.9478
  F1 (Micro): 0.9478

================================================================================
迭代 2/5
随机种子: 43
================================================================================
Epoch [1/100] | Loss: 7.0023 (Cls: 6.6910, TAL: 0.0000, Adv: 2.0748) | Train Acc: 0.3056 | Val Acc: 0.4261 | Val P/R/F1 (Macro): 0.3032/0.2805/0.2267 | LR: 0.000010
  >>> New Best Val Acc: 0.4261
Epoch [2/100] | Loss: 5.6011 (Cls: 5.1182, TAL: 0.0000, Adv: 3.2192) | Train Acc: 0.4259 | Val Acc: 0.5652 | Val P/R/F1 (Macro): 0.3821/0.3321/0.3310 | LR: 0.000010
  >>> New Best Val Acc: 0.5652
Epoch [3/100] | Loss: 4.3332 (Cls: 3.7712, TAL: 0.0000, Adv: 3.7467) | Train Acc: 0.6620 | Val Acc: 0.7130 | Val P/R/F1 (Macro): 0.4349/0.4632/0.4176 | LR: 0.000010
  >>> New Best Val Acc: 0.7130
Epoch [4/100] | Loss: 3.8717 (Cls: 3.2425, TAL: 0.0000, Adv: 4.1947) | Train Acc: 0.6991 | Val Acc: 0.6870 | Val P/R/F1 (Macro): 0.4937/0.4592/0.4519 | LR: 0.000010
Epoch [5/100] | Loss: 3.5030 (Cls: 2.8172, TAL: 0.0000, Adv: 4.5719) | Train Acc: 0.7940 | Val Acc: 0.7043 | Val P/R/F1 (Macro): 0.5200/0.4268/0.4325 | LR: 0.000010
Epoch [6/100] | Loss: 3.5597 (Cls: 2.8539, TAL: 0.0000, Adv: 4.7047) | Train Acc: 0.7778 | Val Acc: 0.7565 | Val P/R/F1 (Macro): 0.4411/0.4532/0.4285 | LR: 0.000010
  >>> New Best Val Acc: 0.7565
Epoch [7/100] | Loss: 3.3863 (Cls: 2.6713, TAL: 0.0000, Adv: 4.7667) | Train Acc: 0.8125 | Val Acc: 0.7913 | Val P/R/F1 (Macro): 0.4683/0.4649/0.4588 | LR: 0.000010
  >>> New Best Val Acc: 0.7913
Epoch [8/100] | Loss: 3.1304 (Cls: 2.4034, TAL: 0.0000, Adv: 4.8469) | Train Acc: 0.8750 | Val Acc: 0.8261 | Val P/R/F1 (Macro): 0.5627/0.4799/0.4999 | LR: 0.000010
  >>> New Best Val Acc: 0.8261
Epoch [9/100] | Loss: 3.0686 (Cls: 2.3467, TAL: 0.0000, Adv: 4.8126) | Train Acc: 0.8843 | Val Acc: 0.8261 | Val P/R/F1 (Macro): 0.5154/0.5494/0.5182 | LR: 0.000010
Epoch [10/100] | Loss: 3.1509 (Cls: 2.4480, TAL: 0.0000, Adv: 4.6865) | Train Acc: 0.8519 | Val Acc: 0.8696 | Val P/R/F1 (Macro): 0.5635/0.5108/0.5225 | LR: 0.000010
  >>> New Best Val Acc: 0.8696
Epoch [11/100] | Loss: 2.9810 (Cls: 2.2759, TAL: 0.0000, Adv: 4.7011) | Train Acc: 0.8958 | Val Acc: 0.8522 | Val P/R/F1 (Macro): 0.5564/0.5375/0.5402 | LR: 0.000010
Epoch [12/100] | Loss: 2.9088 (Cls: 2.2090, TAL: 0.0000, Adv: 4.6656) | Train Acc: 0.9236 | Val Acc: 0.8522 | Val P/R/F1 (Macro): 0.5656/0.5164/0.5305 | LR: 0.000010
Epoch [13/100] | Loss: 2.8150 (Cls: 2.1141, TAL: 0.0000, Adv: 4.6725) | Train Acc: 0.9468 | Val Acc: 0.8696 | Val P/R/F1 (Macro): 0.5737/0.5284/0.5294 | LR: 0.000010
Epoch [14/100] | Loss: 2.8442 (Cls: 2.1390, TAL: 0.0000, Adv: 4.7011) | Train Acc: 0.9120 | Val Acc: 0.8696 | Val P/R/F1 (Macro): 0.5455/0.5091/0.5118 | LR: 0.000010
Epoch [15/100] | Loss: 2.8841 (Cls: 2.1638, TAL: 0.0000, Adv: 4.8021) | Train Acc: 0.9236 | Val Acc: 0.8522 | Val P/R/F1 (Macro): 0.5640/0.5068/0.5098 | LR: 0.000010
Epoch [16/100] | Loss: 2.8160 (Cls: 2.1053, TAL: 0.0000, Adv: 4.7377) | Train Acc: 0.9537 | Val Acc: 0.8435 | Val P/R/F1 (Macro): 0.5440/0.5090/0.5066 | LR: 0.000010
Epoch [17/100] | Loss: 2.8328 (Cls: 2.1127, TAL: 0.0000, Adv: 4.8007) | Train Acc: 0.9468 | Val Acc: 0.8783 | Val P/R/F1 (Macro): 0.5552/0.5391/0.5417 | LR: 0.000010
  >>> New Best Val Acc: 0.8783
Epoch [18/100] | Loss: 2.7945 (Cls: 2.0590, TAL: 0.0000, Adv: 4.9037) | Train Acc: 0.9537 | Val Acc: 0.8522 | Val P/R/F1 (Macro): 0.5583/0.5146/0.5134 | LR: 0.000010
Epoch [19/100] | Loss: 2.8046 (Cls: 2.0710, TAL: 0.0000, Adv: 4.8904) | Train Acc: 0.9444 | Val Acc: 0.8696 | Val P/R/F1 (Macro): 0.5613/0.5000/0.5133 | LR: 0.000010
Epoch [20/100] | Loss: 2.7972 (Cls: 2.0266, TAL: 0.0000, Adv: 5.1371) | Train Acc: 0.9514 | Val Acc: 0.8870 | Val P/R/F1 (Macro): 0.5826/0.5672/0.5690 | LR: 0.000010
  >>> New Best Val Acc: 0.8870
Epoch [21/100] | Loss: 2.7768 (Cls: 2.0045, TAL: 0.0000, Adv: 5.1481) | Train Acc: 0.9468 | Val Acc: 0.9217 | Val P/R/F1 (Macro): 0.6008/0.5741/0.5812 | LR: 0.000010
  >>> New Best Val Acc: 0.9217
Epoch [22/100] | Loss: 2.7496 (Cls: 1.9774, TAL: 0.0000, Adv: 5.1477) | Train Acc: 0.9606 | Val Acc: 0.9130 | Val P/R/F1 (Macro): 0.6077/0.5566/0.5757 | LR: 0.000010
Epoch [23/100] | Loss: 2.7617 (Cls: 1.9885, TAL: 0.0000, Adv: 5.1549) | Train Acc: 0.9699 | Val Acc: 0.9043 | Val P/R/F1 (Macro): 0.5714/0.5623/0.5593 | LR: 0.000010
Epoch [24/100] | Loss: 2.7512 (Cls: 1.9717, TAL: 0.0000, Adv: 5.1967) | Train Acc: 0.9606 | Val Acc: 0.8957 | Val P/R/F1 (Macro): 0.5916/0.5126/0.5278 | LR: 0.000010
Epoch [25/100] | Loss: 2.7603 (Cls: 1.9590, TAL: 0.0000, Adv: 5.3417) | Train Acc: 0.9537 | Val Acc: 0.9043 | Val P/R/F1 (Macro): 0.5868/0.5398/0.5451 | LR: 0.000010
Epoch [26/100] | Loss: 2.7041 (Cls: 1.9263, TAL: 0.0000, Adv: 5.1858) | Train Acc: 0.9745 | Val Acc: 0.9043 | Val P/R/F1 (Macro): 0.6035/0.5387/0.5537 | LR: 0.000010
Epoch [27/100] | Loss: 2.7093 (Cls: 1.9138, TAL: 0.0000, Adv: 5.3035) | Train Acc: 0.9722 | Val Acc: 0.9130 | Val P/R/F1 (Macro): 0.5917/0.5453/0.5490 | LR: 0.000010
Epoch [28/100] | Loss: 2.7846 (Cls: 1.9744, TAL: 0.0000, Adv: 5.4018) | Train Acc: 0.9560 | Val Acc: 0.8957 | Val P/R/F1 (Macro): 0.5786/0.5185/0.5309 | LR: 0.000010
Epoch [29/100] | Loss: 2.7534 (Cls: 1.9331, TAL: 0.0000, Adv: 5.4691) | Train Acc: 0.9653 | Val Acc: 0.9217 | Val P/R/F1 (Macro): 0.5912/0.5691/0.5704 | LR: 0.000010
Epoch [30/100] | Loss: 2.7512 (Cls: 1.9261, TAL: 0.0000, Adv: 5.5006) | Train Acc: 0.9676 | Val Acc: 0.9217 | Val P/R/F1 (Macro): 0.5982/0.5753/0.5811 | LR: 0.000010
Epoch [31/100] | Loss: 2.7049 (Cls: 1.8586, TAL: 0.0000, Adv: 5.6425) | Train Acc: 0.9745 | Val Acc: 0.9304 | Val P/R/F1 (Macro): 0.6018/0.5793/0.5849 | LR: 0.000010
  >>> New Best Val Acc: 0.9304
Epoch [32/100] | Loss: 2.7466 (Cls: 1.8657, TAL: 0.0000, Adv: 5.8727) | Train Acc: 0.9653 | Val Acc: 0.9130 | Val P/R/F1 (Macro): 0.5936/0.5699/0.5752 | LR: 0.000010
Epoch [33/100] | Loss: 2.7608 (Cls: 1.8851, TAL: 0.0000, Adv: 5.8375) | Train Acc: 0.9699 | Val Acc: 0.9217 | Val P/R/F1 (Macro): 0.6107/0.5863/0.5938 | LR: 0.000010
Epoch [34/100] | Loss: 2.7629 (Cls: 1.8818, TAL: 0.0000, Adv: 5.8737) | Train Acc: 0.9699 | Val Acc: 0.9130 | Val P/R/F1 (Macro): 0.6017/0.5530/0.5611 | LR: 0.000010
Epoch [35/100] | Loss: 2.7349 (Cls: 1.8539, TAL: 0.0000, Adv: 5.8737) | Train Acc: 0.9792 | Val Acc: 0.8957 | Val P/R/F1 (Macro): 0.6028/0.5319/0.5493 | LR: 0.000010
Epoch [36/100] | Loss: 2.7527 (Cls: 1.8649, TAL: 0.0000, Adv: 5.9183) | Train Acc: 0.9653 | Val Acc: 0.9043 | Val P/R/F1 (Macro): 0.5676/0.5548/0.5565 | LR: 0.000010
Epoch [37/100] | Loss: 2.6925 (Cls: 1.8301, TAL: 0.0000, Adv: 5.7491) | Train Acc: 0.9861 | Val Acc: 0.8957 | Val P/R/F1 (Macro): 0.5837/0.5241/0.5359 | LR: 0.000010
Epoch [38/100] | Loss: 2.7089 (Cls: 1.8300, TAL: 0.0000, Adv: 5.8591) | Train Acc: 0.9838 | Val Acc: 0.8870 | Val P/R/F1 (Macro): 0.5647/0.5216/0.5282 | LR: 0.000010
Epoch [39/100] | Loss: 2.7306 (Cls: 1.8571, TAL: 0.0000, Adv: 5.8234) | Train Acc: 0.9884 | Val Acc: 0.8609 | Val P/R/F1 (Macro): 0.5012/0.4798/0.4777 | LR: 0.000010
Epoch [40/100] | Loss: 2.7526 (Cls: 1.8634, TAL: 0.0000, Adv: 5.9282) | Train Acc: 0.9838 | Val Acc: 0.8696 | Val P/R/F1 (Macro): 0.5709/0.5021/0.5121 | LR: 0.000010
Epoch [41/100] | Loss: 2.6550 (Cls: 1.7921, TAL: 0.0000, Adv: 5.7529) | Train Acc: 0.9977 | Val Acc: 0.9130 | Val P/R/F1 (Macro): 0.5925/0.5515/0.5557 | LR: 0.000010
Epoch [42/100] | Loss: 2.7195 (Cls: 1.8261, TAL: 0.0000, Adv: 5.9565) | Train Acc: 0.9861 | Val Acc: 0.9043 | Val P/R/F1 (Macro): 0.5938/0.5322/0.5451 | LR: 0.000005
Epoch [43/100] | Loss: 2.6935 (Cls: 1.8052, TAL: 0.0000, Adv: 5.9222) | Train Acc: 0.9861 | Val Acc: 0.9304 | Val P/R/F1 (Macro): 0.6116/0.5581/0.5693 | LR: 0.000005
Epoch [44/100] | Loss: 2.7207 (Cls: 1.8125, TAL: 0.0000, Adv: 6.0545) | Train Acc: 0.9861 | Val Acc: 0.9130 | Val P/R/F1 (Macro): 0.5970/0.5412/0.5539 | LR: 0.000005
Epoch [45/100] | Loss: 2.6915 (Cls: 1.7773, TAL: 0.0000, Adv: 6.0947) | Train Acc: 0.9907 | Val Acc: 0.8957 | Val P/R/F1 (Macro): 0.5761/0.5615/0.5619 | LR: 0.000005
Epoch [46/100] | Loss: 2.7216 (Cls: 1.8070, TAL: 0.0000, Adv: 6.0968) | Train Acc: 0.9769 | Val Acc: 0.9217 | Val P/R/F1 (Macro): 0.6107/0.5555/0.5680 | LR: 0.000005
Epoch [47/100] | Loss: 2.6987 (Cls: 1.7880, TAL: 0.0000, Adv: 6.0718) | Train Acc: 0.9884 | Val Acc: 0.9130 | Val P/R/F1 (Macro): 0.5955/0.5437/0.5522 | LR: 0.000005
Epoch [48/100] | Loss: 2.7184 (Cls: 1.7801, TAL: 0.0000, Adv: 6.2555) | Train Acc: 0.9861 | Val Acc: 0.8870 | Val P/R/F1 (Macro): 0.5983/0.5364/0.5474 | LR: 0.000005
Epoch [49/100] | Loss: 2.7010 (Cls: 1.7744, TAL: 0.0000, Adv: 6.1770) | Train Acc: 0.9907 | Val Acc: 0.8957 | Val P/R/F1 (Macro): 0.5884/0.5255/0.5385 | LR: 0.000005
Epoch [50/100] | Loss: 2.6909 (Cls: 1.7630, TAL: 0.0000, Adv: 6.1860) | Train Acc: 1.0000 | Val Acc: 0.9217 | Val P/R/F1 (Macro): 0.6091/0.5555/0.5668 | LR: 0.000005
Epoch [51/100] | Loss: 2.7306 (Cls: 1.7716, TAL: 0.0000, Adv: 6.3932) | Train Acc: 0.9931 | Val Acc: 0.9217 | Val P/R/F1 (Macro): 0.6011/0.5650/0.5781 | LR: 0.000005
Epoch [52/100] | Loss: 2.7251 (Cls: 1.7864, TAL: 0.0000, Adv: 6.2580) | Train Acc: 0.9861 | Val Acc: 0.8870 | Val P/R/F1 (Macro): 0.5654/0.5298/0.5305 | LR: 0.000005
Epoch [53/100] | Loss: 2.7193 (Cls: 1.7908, TAL: 0.0000, Adv: 6.1903) | Train Acc: 0.9907 | Val Acc: 0.8522 | Val P/R/F1 (Macro): 0.5458/0.4867/0.4991 | LR: 0.000003
Epoch [54/100] | Loss: 2.7216 (Cls: 1.7636, TAL: 0.0000, Adv: 6.3865) | Train Acc: 0.9931 | Val Acc: 0.9217 | Val P/R/F1 (Macro): 0.6003/0.5691/0.5761 | LR: 0.000003
Epoch [55/100] | Loss: 2.7086 (Cls: 1.7536, TAL: 0.0000, Adv: 6.3667) | Train Acc: 0.9977 | Val Acc: 0.9043 | Val P/R/F1 (Macro): 0.5832/0.5428/0.5474 | LR: 0.000003
Epoch [56/100] | Loss: 2.7201 (Cls: 1.7602, TAL: 0.0000, Adv: 6.3990) | Train Acc: 0.9884 | Val Acc: 0.9217 | Val P/R/F1 (Macro): 0.6100/0.5479/0.5613 | LR: 0.000003
Epoch [57/100] | Loss: 2.7495 (Cls: 1.7778, TAL: 0.0000, Adv: 6.4781) | Train Acc: 0.9931 | Val Acc: 0.9043 | Val P/R/F1 (Macro): 0.5930/0.5269/0.5425 | LR: 0.000003
Epoch [58/100] | Loss: 2.7379 (Cls: 1.7661, TAL: 0.0000, Adv: 6.4786) | Train Acc: 0.9884 | Val Acc: 0.9304 | Val P/R/F1 (Macro): 0.5907/0.5629/0.5715 | LR: 0.000003
Epoch [59/100] | Loss: 2.7377 (Cls: 1.7672, TAL: 0.0000, Adv: 6.4695) | Train Acc: 0.9931 | Val Acc: 0.9304 | Val P/R/F1 (Macro): 0.6136/0.5411/0.5596 | LR: 0.000003
Epoch [60/100] | Loss: 2.7243 (Cls: 1.7553, TAL: 0.0000, Adv: 6.4601) | Train Acc: 0.9954 | Val Acc: 0.9217 | Val P/R/F1 (Macro): 0.6004/0.5574/0.5708 | LR: 0.000003
Epoch [61/100] | Loss: 2.7138 (Cls: 1.7460, TAL: 0.0000, Adv: 6.4520) | Train Acc: 1.0000 | Val Acc: 0.9130 | Val P/R/F1 (Macro): 0.6063/0.5453/0.5576 | LR: 0.000003
Epoch [62/100] | Loss: 2.7505 (Cls: 1.7530, TAL: 0.0000, Adv: 6.6501) | Train Acc: 0.9907 | Val Acc: 0.9130 | Val P/R/F1 (Macro): 0.5945/0.5398/0.5518 | LR: 0.000003
Epoch [63/100] | Loss: 2.7451 (Cls: 1.7475, TAL: 0.0000, Adv: 6.6505) | Train Acc: 0.9954 | Val Acc: 0.9043 | Val P/R/F1 (Macro): 0.6061/0.5152/0.5360 | LR: 0.000003
Epoch [64/100] | Loss: 2.7725 (Cls: 1.7555, TAL: 0.0000, Adv: 6.7803) | Train Acc: 0.9907 | Val Acc: 0.9043 | Val P/R/F1 (Macro): 0.5940/0.5193/0.5380 | LR: 0.000001
Epoch [65/100] | Loss: 2.7689 (Cls: 1.7569, TAL: 0.0000, Adv: 6.7464) | Train Acc: 0.9954 | Val Acc: 0.9043 | Val P/R/F1 (Macro): 0.5925/0.5387/0.5499 | LR: 0.000001
Epoch [66/100] | Loss: 2.7313 (Cls: 1.7370, TAL: 0.0000, Adv: 6.6291) | Train Acc: 1.0000 | Val Acc: 0.9217 | Val P/R/F1 (Macro): 0.6100/0.5479/0.5613 | LR: 0.000001
Epoch [67/100] | Loss: 2.7660 (Cls: 1.7516, TAL: 0.0000, Adv: 6.7629) | Train Acc: 0.9907 | Val Acc: 0.9130 | Val P/R/F1 (Macro): 0.6070/0.5336/0.5513 | LR: 0.000001
Epoch [68/100] | Loss: 2.7653 (Cls: 1.7545, TAL: 0.0000, Adv: 6.7385) | Train Acc: 0.9884 | Val Acc: 0.9130 | Val P/R/F1 (Macro): 0.6061/0.5465/0.5578 | LR: 0.000001
Epoch [69/100] | Loss: 2.7616 (Cls: 1.7539, TAL: 0.0000, Adv: 6.7179) | Train Acc: 0.9977 | Val Acc: 0.9130 | Val P/R/F1 (Macro): 0.5963/0.5515/0.5579 | LR: 0.000001
Epoch [70/100] | Loss: 2.7559 (Cls: 1.7553, TAL: 0.0000, Adv: 6.6709) | Train Acc: 0.9977 | Val Acc: 0.8957 | Val P/R/F1 (Macro): 0.5892/0.5285/0.5418 | LR: 0.000001
Epoch [71/100] | Loss: 2.8055 (Cls: 1.7751, TAL: 0.0000, Adv: 6.8697) | Train Acc: 0.9861 | Val Acc: 0.8870 | Val P/R/F1 (Macro): 0.5761/0.5231/0.5313 | LR: 0.000001
Epoch [72/100] | Loss: 2.7594 (Cls: 1.7488, TAL: 0.0000, Adv: 6.7372) | Train Acc: 0.9977 | Val Acc: 0.9304 | Val P/R/F1 (Macro): 0.6136/0.5717/0.5848 | LR: 0.000001
Epoch [73/100] | Loss: 2.7480 (Cls: 1.7386, TAL: 0.0000, Adv: 6.7295) | Train Acc: 0.9977 | Val Acc: 0.8957 | Val P/R/F1 (Macro): 0.6018/0.5179/0.5373 | LR: 0.000001
Epoch [74/100] | Loss: 2.7668 (Cls: 1.7460, TAL: 0.0000, Adv: 6.8053) | Train Acc: 0.9931 | Val Acc: 0.8957 | Val P/R/F1 (Macro): 0.5901/0.5325/0.5388 | LR: 0.000001
Epoch [75/100] | Loss: 2.7572 (Cls: 1.7386, TAL: 0.0000, Adv: 6.7909) | Train Acc: 0.9977 | Val Acc: 0.9391 | Val P/R/F1 (Macro): 0.6167/0.5618/0.5748 | LR: 0.000001
  >>> New Best Val Acc: 0.9391
Epoch [76/100] | Loss: 2.7648 (Cls: 1.7459, TAL: 0.0000, Adv: 6.7922) | Train Acc: 0.9907 | Val Acc: 0.9130 | Val P/R/F1 (Macro): 0.6035/0.5611/0.5756 | LR: 0.000001
Epoch [77/100] | Loss: 2.7624 (Cls: 1.7475, TAL: 0.0000, Adv: 6.7659) | Train Acc: 0.9954 | Val Acc: 0.8957 | Val P/R/F1 (Macro): 0.5860/0.5388/0.5425 | LR: 0.000001
Epoch [78/100] | Loss: 2.7559 (Cls: 1.7447, TAL: 0.0000, Adv: 6.7412) | Train Acc: 0.9931 | Val Acc: 0.9130 | Val P/R/F1 (Macro): 0.5969/0.5515/0.5586 | LR: 0.000001
Epoch [79/100] | Loss: 2.7659 (Cls: 1.7537, TAL: 0.0000, Adv: 6.7484) | Train Acc: 0.9954 | Val Acc: 0.9130 | Val P/R/F1 (Macro): 0.6069/0.5548/0.5715 | LR: 0.000001
Epoch [80/100] | Loss: 2.7537 (Cls: 1.7406, TAL: 0.0000, Adv: 6.7544) | Train Acc: 0.9977 | Val Acc: 0.9043 | Val P/R/F1 (Macro): 0.6027/0.5281/0.5462 | LR: 0.000001
Epoch [81/100] | Loss: 2.7519 (Cls: 1.7415, TAL: 0.0000, Adv: 6.7359) | Train Acc: 0.9931 | Val Acc: 0.9130 | Val P/R/F1 (Macro): 0.6021/0.5451/0.5561 | LR: 0.000001
Epoch [82/100] | Loss: 2.7639 (Cls: 1.7490, TAL: 0.0000, Adv: 6.7658) | Train Acc: 0.9931 | Val Acc: 0.9130 | Val P/R/F1 (Macro): 0.6084/0.5453/0.5593 | LR: 0.000001
Epoch [83/100] | Loss: 2.7915 (Cls: 1.7610, TAL: 0.0000, Adv: 6.8700) | Train Acc: 0.9954 | Val Acc: 0.8957 | Val P/R/F1 (Macro): 0.5806/0.5388/0.5403 | LR: 0.000001
Epoch [84/100] | Loss: 2.7783 (Cls: 1.7405, TAL: 0.0000, Adv: 6.9183) | Train Acc: 0.9977 | Val Acc: 0.9130 | Val P/R/F1 (Macro): 0.6027/0.5453/0.5562 | LR: 0.000001
Epoch [85/100] | Loss: 2.7783 (Cls: 1.7392, TAL: 0.0000, Adv: 6.9277) | Train Acc: 0.9954 | Val Acc: 0.9304 | Val P/R/F1 (Macro): 0.6132/0.5622/0.5715 | LR: 0.000001
Epoch [86/100] | Loss: 2.7900 (Cls: 1.7537, TAL: 0.0000, Adv: 6.9091) | Train Acc: 0.9931 | Val Acc: 0.9130 | Val P/R/F1 (Macro): 0.5916/0.5377/0.5463 | LR: 0.000001
Epoch [87/100] | Loss: 2.7680 (Cls: 1.7280, TAL: 0.0000, Adv: 6.9334) | Train Acc: 1.0000 | Val Acc: 0.9217 | Val P/R/F1 (Macro): 0.6122/0.5385/0.5574 | LR: 0.000001
Epoch [88/100] | Loss: 2.7780 (Cls: 1.7361, TAL: 0.0000, Adv: 6.9455) | Train Acc: 0.9977 | Val Acc: 0.9304 | Val P/R/F1 (Macro): 0.6029/0.5475/0.5609 | LR: 0.000001
Epoch [89/100] | Loss: 2.7801 (Cls: 1.7334, TAL: 0.0000, Adv: 6.9780) | Train Acc: 0.9954 | Val Acc: 0.9130 | Val P/R/F1 (Macro): 0.5952/0.5360/0.5498 | LR: 0.000001
Epoch [90/100] | Loss: 2.7964 (Cls: 1.7294, TAL: 0.0000, Adv: 7.1135) | Train Acc: 0.9977 | Val Acc: 0.9391 | Val P/R/F1 (Macro): 0.6177/0.5554/0.5698 | LR: 0.000001
Epoch [91/100] | Loss: 2.8039 (Cls: 1.7360, TAL: 0.0000, Adv: 7.1195) | Train Acc: 1.0000 | Val Acc: 0.9130 | Val P/R/F1 (Macro): 0.5878/0.5530/0.5556 | LR: 0.000001
Epoch [92/100] | Loss: 2.7848 (Cls: 1.7391, TAL: 0.0000, Adv: 6.9711) | Train Acc: 0.9977 | Val Acc: 0.9130 | Val P/R/F1 (Macro): 0.5946/0.5453/0.5545 | LR: 0.000001
Epoch [93/100] | Loss: 2.8219 (Cls: 1.7420, TAL: 0.0000, Adv: 7.1993) | Train Acc: 0.9931 | Val Acc: 0.9304 | Val P/R/F1 (Macro): 0.6122/0.5593/0.5709 | LR: 0.000001
Epoch [94/100] | Loss: 2.8184 (Cls: 1.7403, TAL: 0.0000, Adv: 7.1876) | Train Acc: 0.9977 | Val Acc: 0.9130 | Val P/R/F1 (Macro): 0.6071/0.5453/0.5583 | LR: 0.000001
Epoch [95/100] | Loss: 2.8102 (Cls: 1.7356, TAL: 0.0000, Adv: 7.1639) | Train Acc: 1.0000 | Val Acc: 0.9304 | Val P/R/F1 (Macro): 0.6053/0.5516/0.5609 | LR: 0.000001
Epoch [96/100] | Loss: 2.8426 (Cls: 1.7453, TAL: 0.0000, Adv: 7.3151) | Train Acc: 0.9884 | Val Acc: 0.9304 | Val P/R/F1 (Macro): 0.6147/0.5516/0.5658 | LR: 0.000001
Epoch [97/100] | Loss: 2.8479 (Cls: 1.7504, TAL: 0.0000, Adv: 7.3166) | Train Acc: 0.9907 | Val Acc: 0.9217 | Val P/R/F1 (Macro): 0.6049/0.5491/0.5592 | LR: 0.000001
Epoch [98/100] | Loss: 2.8516 (Cls: 1.7395, TAL: 0.0000, Adv: 7.4136) | Train Acc: 0.9954 | Val Acc: 0.9043 | Val P/R/F1 (Macro): 0.5880/0.5322/0.5420 | LR: 0.000001
Epoch [99/100] | Loss: 2.8649 (Cls: 1.7503, TAL: 0.0000, Adv: 7.4306) | Train Acc: 0.9931 | Val Acc: 0.9217 | Val P/R/F1 (Macro): 0.6108/0.5479/0.5617 | LR: 0.000001
Epoch [100/100] | Loss: 2.8476 (Cls: 1.7299, TAL: 0.0000, Adv: 7.4517) | Train Acc: 0.9954 | Val Acc: 0.8957 | Val P/R/F1 (Macro): 0.6013/0.5244/0.5429 | LR: 0.000001

迭代 2 最佳指标:
  Accuracy: 0.9391
  Precision (Macro): 0.6167
  Recall (Macro): 0.5618
  F1 (Macro): 0.5748
  Precision (Micro): 0.9391
  Recall (Micro): 0.9391
  F1 (Micro): 0.9391

================================================================================
迭代 3/5
随机种子: 44
================================================================================
Epoch [1/100] | Loss: 6.8675 (Cls: 6.5110, TAL: 0.0000, Adv: 2.3767) | Train Acc: 0.3056 | Val Acc: 0.5391 | Val P/R/F1 (Macro): 0.4549/0.2944/0.3157 | LR: 0.000010
  >>> New Best Val Acc: 0.5391
Epoch [2/100] | Loss: 5.1169 (Cls: 4.5809, TAL: 0.0000, Adv: 3.5735) | Train Acc: 0.5046 | Val Acc: 0.4609 | Val P/R/F1 (Macro): 0.4372/0.3062/0.3097 | LR: 0.000010
Epoch [3/100] | Loss: 4.3420 (Cls: 3.7251, TAL: 0.0000, Adv: 4.1127) | Train Acc: 0.6019 | Val Acc: 0.7391 | Val P/R/F1 (Macro): 0.5230/0.4465/0.4526 | LR: 0.000010
  >>> New Best Val Acc: 0.7391
Epoch [4/100] | Loss: 3.8143 (Cls: 3.1213, TAL: 0.0000, Adv: 4.6199) | Train Acc: 0.7384 | Val Acc: 0.7391 | Val P/R/F1 (Macro): 0.4901/0.4684/0.4431 | LR: 0.000010
Epoch [5/100] | Loss: 3.6228 (Cls: 2.9059, TAL: 0.0000, Adv: 4.7797) | Train Acc: 0.7755 | Val Acc: 0.7826 | Val P/R/F1 (Macro): 0.4580/0.4303/0.4290 | LR: 0.000010
  >>> New Best Val Acc: 0.7826
Epoch [6/100] | Loss: 3.3805 (Cls: 2.6535, TAL: 0.0000, Adv: 4.8465) | Train Acc: 0.8194 | Val Acc: 0.7913 | Val P/R/F1 (Macro): 0.5354/0.4858/0.4736 | LR: 0.000010
  >>> New Best Val Acc: 0.7913
Epoch [7/100] | Loss: 3.3539 (Cls: 2.6296, TAL: 0.0000, Adv: 4.8281) | Train Acc: 0.8333 | Val Acc: 0.7913 | Val P/R/F1 (Macro): 0.5511/0.4670/0.4825 | LR: 0.000010
Epoch [8/100] | Loss: 3.2436 (Cls: 2.5263, TAL: 0.0000, Adv: 4.7822) | Train Acc: 0.8380 | Val Acc: 0.8435 | Val P/R/F1 (Macro): 0.5438/0.5026/0.5014 | LR: 0.000010
  >>> New Best Val Acc: 0.8435
Epoch [9/100] | Loss: 3.0499 (Cls: 2.3395, TAL: 0.0000, Adv: 4.7355) | Train Acc: 0.8750 | Val Acc: 0.8435 | Val P/R/F1 (Macro): 0.5592/0.5142/0.5246 | LR: 0.000010
Epoch [10/100] | Loss: 3.0065 (Cls: 2.2988, TAL: 0.0000, Adv: 4.7182) | Train Acc: 0.9120 | Val Acc: 0.8609 | Val P/R/F1 (Macro): 0.5015/0.5093/0.5005 | LR: 0.000010
  >>> New Best Val Acc: 0.8609
Epoch [11/100] | Loss: 3.0508 (Cls: 2.3407, TAL: 0.0000, Adv: 4.7339) | Train Acc: 0.8889 | Val Acc: 0.8522 | Val P/R/F1 (Macro): 0.5090/0.5095/0.5018 | LR: 0.000010
Epoch [12/100] | Loss: 2.9170 (Cls: 2.2098, TAL: 0.0000, Adv: 4.7145) | Train Acc: 0.9236 | Val Acc: 0.8261 | Val P/R/F1 (Macro): 0.4700/0.4887/0.4655 | LR: 0.000010
Epoch [13/100] | Loss: 2.8536 (Cls: 2.1735, TAL: 0.0000, Adv: 4.5340) | Train Acc: 0.9144 | Val Acc: 0.8783 | Val P/R/F1 (Macro): 0.5697/0.5369/0.5375 | LR: 0.000010
  >>> New Best Val Acc: 0.8783
Epoch [14/100] | Loss: 2.8416 (Cls: 2.1651, TAL: 0.0000, Adv: 4.5100) | Train Acc: 0.9329 | Val Acc: 0.9130 | Val P/R/F1 (Macro): 0.5855/0.5631/0.5598 | LR: 0.000010
  >>> New Best Val Acc: 0.9130
Epoch [15/100] | Loss: 2.8000 (Cls: 2.1101, TAL: 0.0000, Adv: 4.5997) | Train Acc: 0.9329 | Val Acc: 0.8870 | Val P/R/F1 (Macro): 0.5799/0.5374/0.5385 | LR: 0.000010
Epoch [16/100] | Loss: 2.6855 (Cls: 1.9913, TAL: 0.0000, Adv: 4.6276) | Train Acc: 0.9630 | Val Acc: 0.9130 | Val P/R/F1 (Macro): 0.6017/0.5548/0.5685 | LR: 0.000010
Epoch [17/100] | Loss: 2.7692 (Cls: 2.0766, TAL: 0.0000, Adv: 4.6171) | Train Acc: 0.9329 | Val Acc: 0.8522 | Val P/R/F1 (Macro): 0.5813/0.4949/0.5104 | LR: 0.000010
Epoch [18/100] | Loss: 2.7585 (Cls: 2.0675, TAL: 0.0000, Adv: 4.6068) | Train Acc: 0.9583 | Val Acc: 0.9304 | Val P/R/F1 (Macro): 0.6107/0.5662/0.5769 | LR: 0.000010
  >>> New Best Val Acc: 0.9304
Epoch [19/100] | Loss: 2.7335 (Cls: 2.0403, TAL: 0.0000, Adv: 4.6214) | Train Acc: 0.9398 | Val Acc: 0.8783 | Val P/R/F1 (Macro): 0.5770/0.5325/0.5364 | LR: 0.000010
Epoch [20/100] | Loss: 2.6834 (Cls: 1.9659, TAL: 0.0000, Adv: 4.7832) | Train Acc: 0.9676 | Val Acc: 0.9130 | Val P/R/F1 (Macro): 0.5942/0.5424/0.5542 | LR: 0.000010
Epoch [21/100] | Loss: 2.8119 (Cls: 2.0706, TAL: 0.0000, Adv: 4.9418) | Train Acc: 0.9491 | Val Acc: 0.9130 | Val P/R/F1 (Macro): 0.6014/0.5348/0.5502 | LR: 0.000010
Epoch [22/100] | Loss: 2.7409 (Cls: 1.9946, TAL: 0.0000, Adv: 4.9753) | Train Acc: 0.9491 | Val Acc: 0.8957 | Val P/R/F1 (Macro): 0.6066/0.5357/0.5548 | LR: 0.000010
Epoch [23/100] | Loss: 2.7581 (Cls: 1.9952, TAL: 0.0000, Adv: 5.0861) | Train Acc: 0.9583 | Val Acc: 0.8957 | Val P/R/F1 (Macro): 0.5936/0.5140/0.5283 | LR: 0.000010
Epoch [24/100] | Loss: 2.7026 (Cls: 1.9505, TAL: 0.0000, Adv: 5.0140) | Train Acc: 0.9722 | Val Acc: 0.8609 | Val P/R/F1 (Macro): 0.5610/0.5054/0.5118 | LR: 0.000010
Epoch [25/100] | Loss: 2.6897 (Cls: 1.9116, TAL: 0.0000, Adv: 5.1870) | Train Acc: 0.9792 | Val Acc: 0.9217 | Val P/R/F1 (Macro): 0.5944/0.5467/0.5573 | LR: 0.000010
Epoch [26/100] | Loss: 2.6830 (Cls: 1.8943, TAL: 0.0000, Adv: 5.2581) | Train Acc: 0.9745 | Val Acc: 0.9217 | Val P/R/F1 (Macro): 0.6161/0.5412/0.5579 | LR: 0.000010
Epoch [27/100] | Loss: 2.7095 (Cls: 1.9150, TAL: 0.0000, Adv: 5.2971) | Train Acc: 0.9815 | Val Acc: 0.9130 | Val P/R/F1 (Macro): 0.6040/0.5284/0.5447 | LR: 0.000010
Epoch [28/100] | Loss: 2.6752 (Cls: 1.8752, TAL: 0.0000, Adv: 5.3334) | Train Acc: 0.9907 | Val Acc: 0.9217 | Val P/R/F1 (Macro): 0.6107/0.5703/0.5821 | LR: 0.000010
Epoch [29/100] | Loss: 2.7375 (Cls: 1.9404, TAL: 0.0000, Adv: 5.3141) | Train Acc: 0.9444 | Val Acc: 0.9130 | Val P/R/F1 (Macro): 0.5927/0.5377/0.5497 | LR: 0.000005
Epoch [30/100] | Loss: 2.6201 (Cls: 1.8173, TAL: 0.0000, Adv: 5.3523) | Train Acc: 0.9884 | Val Acc: 0.9304 | Val P/R/F1 (Macro): 0.6074/0.5729/0.5819 | LR: 0.000005
Epoch [31/100] | Loss: 2.6711 (Cls: 1.8541, TAL: 0.0000, Adv: 5.4466) | Train Acc: 0.9815 | Val Acc: 0.9217 | Val P/R/F1 (Macro): 0.6030/0.5701/0.5791 | LR: 0.000005
Epoch [32/100] | Loss: 2.6242 (Cls: 1.7979, TAL: 0.0000, Adv: 5.5082) | Train Acc: 0.9861 | Val Acc: 0.9478 | Val P/R/F1 (Macro): 0.6200/0.5656/0.5786 | LR: 0.000005
  >>> New Best Val Acc: 0.9478
Epoch [33/100] | Loss: 2.6622 (Cls: 1.8310, TAL: 0.0000, Adv: 5.5415) | Train Acc: 0.9815 | Val Acc: 0.8957 | Val P/R/F1 (Macro): 0.5792/0.5400/0.5404 | LR: 0.000005
Epoch [34/100] | Loss: 2.6621 (Cls: 1.8409, TAL: 0.0000, Adv: 5.4746) | Train Acc: 0.9884 | Val Acc: 0.9043 | Val P/R/F1 (Macro): 0.5931/0.5377/0.5517 | LR: 0.000005
Epoch [35/100] | Loss: 2.6583 (Cls: 1.8066, TAL: 0.0000, Adv: 5.6777) | Train Acc: 0.9907 | Val Acc: 0.9304 | Val P/R/F1 (Macro): 0.6143/0.5610/0.5725 | LR: 0.000005
Epoch [36/100] | Loss: 2.6403 (Cls: 1.7952, TAL: 0.0000, Adv: 5.6342) | Train Acc: 0.9861 | Val Acc: 0.9391 | Val P/R/F1 (Macro): 0.6222/0.5796/0.5933 | LR: 0.000005
Epoch [37/100] | Loss: 2.6644 (Cls: 1.7994, TAL: 0.0000, Adv: 5.7663) | Train Acc: 0.9861 | Val Acc: 0.9217 | Val P/R/F1 (Macro): 0.6008/0.5792/0.5842 | LR: 0.000005
Epoch [38/100] | Loss: 2.6849 (Cls: 1.8159, TAL: 0.0000, Adv: 5.7931) | Train Acc: 0.9838 | Val Acc: 0.9130 | Val P/R/F1 (Macro): 0.5929/0.5468/0.5517 | LR: 0.000005
Epoch [39/100] | Loss: 2.6490 (Cls: 1.7791, TAL: 0.0000, Adv: 5.7994) | Train Acc: 0.9884 | Val Acc: 0.9217 | Val P/R/F1 (Macro): 0.5986/0.5520/0.5569 | LR: 0.000005
Epoch [40/100] | Loss: 2.6672 (Cls: 1.7915, TAL: 0.0000, Adv: 5.8381) | Train Acc: 0.9884 | Val Acc: 0.9217 | Val P/R/F1 (Macro): 0.5963/0.5465/0.5568 | LR: 0.000005
Epoch [41/100] | Loss: 2.6859 (Cls: 1.7984, TAL: 0.0000, Adv: 5.9168) | Train Acc: 0.9838 | Val Acc: 0.9130 | Val P/R/F1 (Macro): 0.5965/0.5472/0.5591 | LR: 0.000005
Epoch [42/100] | Loss: 2.7003 (Cls: 1.7931, TAL: 0.0000, Adv: 6.0482) | Train Acc: 0.9977 | Val Acc: 0.9217 | Val P/R/F1 (Macro): 0.5908/0.5689/0.5684 | LR: 0.000005
Epoch [43/100] | Loss: 2.7123 (Cls: 1.7977, TAL: 0.0000, Adv: 6.0974) | Train Acc: 0.9861 | Val Acc: 0.9043 | Val P/R/F1 (Macro): 0.5809/0.5650/0.5672 | LR: 0.000003
Epoch [44/100] | Loss: 2.7093 (Cls: 1.7938, TAL: 0.0000, Adv: 6.1032) | Train Acc: 0.9931 | Val Acc: 0.9130 | Val P/R/F1 (Macro): 0.5128/0.5210/0.5156 | LR: 0.000003
Epoch [45/100] | Loss: 2.6844 (Cls: 1.7780, TAL: 0.0000, Adv: 6.0430) | Train Acc: 0.9884 | Val Acc: 0.9217 | Val P/R/F1 (Macro): 0.5818/0.5503/0.5493 | LR: 0.000003
Epoch [46/100] | Loss: 2.7087 (Cls: 1.7828, TAL: 0.0000, Adv: 6.1724) | Train Acc: 0.9884 | Val Acc: 0.9043 | Val P/R/F1 (Macro): 0.5796/0.5467/0.5402 | LR: 0.000003
Epoch [47/100] | Loss: 2.6995 (Cls: 1.7629, TAL: 0.0000, Adv: 6.2440) | Train Acc: 0.9931 | Val Acc: 0.9217 | Val P/R/F1 (Macro): 0.5948/0.5520/0.5550 | LR: 0.000003
Epoch [48/100] | Loss: 2.7227 (Cls: 1.7878, TAL: 0.0000, Adv: 6.2327) | Train Acc: 0.9884 | Val Acc: 0.9391 | Val P/R/F1 (Macro): 0.6172/0.5754/0.5888 | LR: 0.000003
Epoch [49/100] | Loss: 2.7473 (Cls: 1.8084, TAL: 0.0000, Adv: 6.2591) | Train Acc: 0.9861 | Val Acc: 0.8870 | Val P/R/F1 (Macro): 0.5811/0.5333/0.5382 | LR: 0.000003
Epoch [50/100] | Loss: 2.7190 (Cls: 1.7808, TAL: 0.0000, Adv: 6.2545) | Train Acc: 0.9907 | Val Acc: 0.8696 | Val P/R/F1 (Macro): 0.5525/0.4959/0.5056 | LR: 0.000003
Epoch [51/100] | Loss: 2.7090 (Cls: 1.7809, TAL: 0.0000, Adv: 6.1873) | Train Acc: 0.9861 | Val Acc: 0.9130 | Val P/R/F1 (Macro): 0.6081/0.5453/0.5589 | LR: 0.000003
Epoch [52/100] | Loss: 2.7135 (Cls: 1.7742, TAL: 0.0000, Adv: 6.2622) | Train Acc: 0.9977 | Val Acc: 0.9043 | Val P/R/F1 (Macro): 0.5776/0.5626/0.5635 | LR: 0.000003
Epoch [53/100] | Loss: 2.6944 (Cls: 1.7626, TAL: 0.0000, Adv: 6.2120) | Train Acc: 0.9954 | Val Acc: 0.9217 | Val P/R/F1 (Macro): 0.6033/0.5520/0.5599 | LR: 0.000003
Epoch [54/100] | Loss: 2.7225 (Cls: 1.7723, TAL: 0.0000, Adv: 6.3348) | Train Acc: 0.9931 | Val Acc: 0.9130 | Val P/R/F1 (Macro): 0.6035/0.5451/0.5567 | LR: 0.000001
Epoch [55/100] | Loss: 2.7208 (Cls: 1.7721, TAL: 0.0000, Adv: 6.3246) | Train Acc: 0.9907 | Val Acc: 0.9304 | Val P/R/F1 (Macro): 0.6095/0.5805/0.5893 | LR: 0.000001
Epoch [56/100] | Loss: 2.6854 (Cls: 1.7471, TAL: 0.0000, Adv: 6.2549) | Train Acc: 0.9977 | Val Acc: 0.9043 | Val P/R/F1 (Macro): 0.5858/0.5543/0.5538 | LR: 0.000001
Epoch [57/100] | Loss: 2.7153 (Cls: 1.7794, TAL: 0.0000, Adv: 6.2387) | Train Acc: 0.9907 | Val Acc: 0.8870 | Val P/R/F1 (Macro): 0.5820/0.5362/0.5439 | LR: 0.000001
Epoch [58/100] | Loss: 2.7247 (Cls: 1.7584, TAL: 0.0000, Adv: 6.4418) | Train Acc: 0.9954 | Val Acc: 0.9478 | Val P/R/F1 (Macro): 0.6251/0.5638/0.5797 | LR: 0.000001
Epoch [59/100] | Loss: 2.7388 (Cls: 1.7740, TAL: 0.0000, Adv: 6.4322) | Train Acc: 0.9954 | Val Acc: 0.9217 | Val P/R/F1 (Macro): 0.6076/0.5491/0.5611 | LR: 0.000001
Epoch [60/100] | Loss: 2.7565 (Cls: 1.7929, TAL: 0.0000, Adv: 6.4238) | Train Acc: 0.9838 | Val Acc: 0.9304 | Val P/R/F1 (Macro): 0.5937/0.5528/0.5589 | LR: 0.000001
Epoch [61/100] | Loss: 2.7287 (Cls: 1.7631, TAL: 0.0000, Adv: 6.4379) | Train Acc: 0.9907 | Val Acc: 0.9217 | Val P/R/F1 (Macro): 0.6020/0.5518/0.5597 | LR: 0.000001
Epoch [62/100] | Loss: 2.7479 (Cls: 1.7636, TAL: 0.0000, Adv: 6.5616) | Train Acc: 0.9977 | Val Acc: 0.9043 | Val P/R/F1 (Macro): 0.6010/0.5425/0.5541 | LR: 0.000001
Epoch [63/100] | Loss: 2.7582 (Cls: 1.7800, TAL: 0.0000, Adv: 6.5216) | Train Acc: 0.9931 | Val Acc: 0.8783 | Val P/R/F1 (Macro): 0.5791/0.5361/0.5367 | LR: 0.000001
Epoch [64/100] | Loss: 2.7472 (Cls: 1.7602, TAL: 0.0000, Adv: 6.5796) | Train Acc: 0.9931 | Val Acc: 0.9043 | Val P/R/F1 (Macro): 0.5897/0.5294/0.5425 | LR: 0.000001
Epoch [65/100] | Loss: 2.7352 (Cls: 1.7590, TAL: 0.0000, Adv: 6.5085) | Train Acc: 0.9954 | Val Acc: 0.9130 | Val P/R/F1 (Macro): 0.5915/0.5465/0.5544 | LR: 0.000001
Epoch [66/100] | Loss: 2.7628 (Cls: 1.7618, TAL: 0.0000, Adv: 6.6733) | Train Acc: 0.9954 | Val Acc: 0.9304 | Val P/R/F1 (Macro): 0.6081/0.5741/0.5859 | LR: 0.000001
Epoch [67/100] | Loss: 2.7645 (Cls: 1.7532, TAL: 0.0000, Adv: 6.7421) | Train Acc: 0.9954 | Val Acc: 0.9391 | Val P/R/F1 (Macro): 0.6074/0.5784/0.5844 | LR: 0.000001
Epoch [68/100] | Loss: 2.7757 (Cls: 1.7672, TAL: 0.0000, Adv: 6.7235) | Train Acc: 0.9931 | Val Acc: 0.9130 | Val P/R/F1 (Macro): 0.5213/0.5250/0.5174 | LR: 0.000001
Epoch [69/100] | Loss: 2.7534 (Cls: 1.7459, TAL: 0.0000, Adv: 6.7164) | Train Acc: 0.9954 | Val Acc: 0.9304 | Val P/R/F1 (Macro): 0.5942/0.5758/0.5794 | LR: 0.000001
Epoch [70/100] | Loss: 2.7546 (Cls: 1.7604, TAL: 0.0000, Adv: 6.6276) | Train Acc: 0.9907 | Val Acc: 0.9130 | Val P/R/F1 (Macro): 0.5990/0.5463/0.5553 | LR: 0.000001
Epoch [71/100] | Loss: 2.7857 (Cls: 1.7816, TAL: 0.0000, Adv: 6.6936) | Train Acc: 0.9907 | Val Acc: 0.9130 | Val P/R/F1 (Macro): 0.5985/0.5465/0.5544 | LR: 0.000001
Epoch [72/100] | Loss: 2.7355 (Cls: 1.7379, TAL: 0.0000, Adv: 6.6502) | Train Acc: 1.0000 | Val Acc: 0.9304 | Val P/R/F1 (Macro): 0.6146/0.5729/0.5859 | LR: 0.000001
Epoch [73/100] | Loss: 2.7541 (Cls: 1.7460, TAL: 0.0000, Adv: 6.7207) | Train Acc: 0.9977 | Val Acc: 0.9043 | Val P/R/F1 (Macro): 0.5866/0.5467/0.5533 | LR: 0.000001
Epoch [74/100] | Loss: 2.7774 (Cls: 1.7674, TAL: 0.0000, Adv: 6.7335) | Train Acc: 0.9907 | Val Acc: 0.9391 | Val P/R/F1 (Macro): 0.6226/0.5554/0.5717 | LR: 0.000001
Epoch [75/100] | Loss: 2.8065 (Cls: 1.7904, TAL: 0.0000, Adv: 6.7745) | Train Acc: 0.9861 | Val Acc: 0.9130 | Val P/R/F1 (Macro): 0.6041/0.5463/0.5584 | LR: 0.000001
Epoch [76/100] | Loss: 2.7697 (Cls: 1.7556, TAL: 0.0000, Adv: 6.7605) | Train Acc: 0.9931 | Val Acc: 0.9217 | Val P/R/F1 (Macro): 0.6087/0.5766/0.5873 | LR: 0.000001
Epoch [77/100] | Loss: 2.7437 (Cls: 1.7443, TAL: 0.0000, Adv: 6.6627) | Train Acc: 1.0000 | Val Acc: 0.9130 | Val P/R/F1 (Macro): 0.5999/0.5477/0.5561 | LR: 0.000001
Epoch [78/100] | Loss: 2.7892 (Cls: 1.7624, TAL: 0.0000, Adv: 6.8453) | Train Acc: 0.9931 | Val Acc: 0.9043 | Val P/R/F1 (Macro): 0.5853/0.5423/0.5455 | LR: 0.000001
Epoch [79/100] | Loss: 2.7701 (Cls: 1.7477, TAL: 0.0000, Adv: 6.8161) | Train Acc: 0.9931 | Val Acc: 0.9304 | Val P/R/F1 (Macro): 0.6107/0.5729/0.5837 | LR: 0.000001
Epoch [80/100] | Loss: 2.7752 (Cls: 1.7436, TAL: 0.0000, Adv: 6.8779) | Train Acc: 0.9954 | Val Acc: 0.8783 | Val P/R/F1 (Macro): 0.5663/0.5335/0.5339 | LR: 0.000001
Epoch [81/100] | Loss: 2.7791 (Cls: 1.7505, TAL: 0.0000, Adv: 6.8574) | Train Acc: 0.9931 | Val Acc: 0.9043 | Val P/R/F1 (Macro): 0.5978/0.5410/0.5511 | LR: 0.000001
Epoch [82/100] | Loss: 2.7831 (Cls: 1.7491, TAL: 0.0000, Adv: 6.8937) | Train Acc: 0.9954 | Val Acc: 0.9130 | Val P/R/F1 (Macro): 0.5893/0.5690/0.5697 | LR: 0.000001
Epoch [83/100] | Loss: 2.7877 (Cls: 1.7420, TAL: 0.0000, Adv: 6.9712) | Train Acc: 0.9954 | Val Acc: 0.9043 | Val P/R/F1 (Macro): 0.5869/0.5455/0.5473 | LR: 0.000001
Epoch [84/100] | Loss: 2.8284 (Cls: 1.7610, TAL: 0.0000, Adv: 7.1166) | Train Acc: 0.9954 | Val Acc: 0.9130 | Val P/R/F1 (Macro): 0.5872/0.5449/0.5466 | LR: 0.000001
Epoch [85/100] | Loss: 2.7988 (Cls: 1.7602, TAL: 0.0000, Adv: 6.9240) | Train Acc: 0.9861 | Val Acc: 0.9217 | Val P/R/F1 (Macro): 0.6083/0.5603/0.5753 | LR: 0.000001
Epoch [86/100] | Loss: 2.8000 (Cls: 1.7486, TAL: 0.0000, Adv: 7.0100) | Train Acc: 0.9977 | Val Acc: 0.8870 | Val P/R/F1 (Macro): 0.5723/0.5542/0.5512 | LR: 0.000001
Epoch [87/100] | Loss: 2.8036 (Cls: 1.7496, TAL: 0.0000, Adv: 7.0267) | Train Acc: 0.9954 | Val Acc: 0.9304 | Val P/R/F1 (Macro): 0.6027/0.5741/0.5839 | LR: 0.000001
Epoch [88/100] | Loss: 2.8066 (Cls: 1.7459, TAL: 0.0000, Adv: 7.0717) | Train Acc: 0.9954 | Val Acc: 0.9217 | Val P/R/F1 (Macro): 0.6042/0.5701/0.5791 | LR: 0.000001
Epoch [89/100] | Loss: 2.8015 (Cls: 1.7478, TAL: 0.0000, Adv: 7.0253) | Train Acc: 0.9954 | Val Acc: 0.9217 | Val P/R/F1 (Macro): 0.5960/0.5689/0.5733 | LR: 0.000001
Epoch [90/100] | Loss: 2.8293 (Cls: 1.7490, TAL: 0.0000, Adv: 7.2022) | Train Acc: 0.9931 | Val Acc: 0.9130 | Val P/R/F1 (Macro): 0.5923/0.5477/0.5501 | LR: 0.000001
Epoch [91/100] | Loss: 2.8117 (Cls: 1.7457, TAL: 0.0000, Adv: 7.1066) | Train Acc: 1.0000 | Val Acc: 0.9130 | Val P/R/F1 (Macro): 0.6047/0.5451/0.5576 | LR: 0.000001
Epoch [92/100] | Loss: 2.8433 (Cls: 1.7676, TAL: 0.0000, Adv: 7.1714) | Train Acc: 0.9907 | Val Acc: 0.8957 | Val P/R/F1 (Macro): 0.5855/0.5373/0.5464 | LR: 0.000001
Epoch [93/100] | Loss: 2.8213 (Cls: 1.7448, TAL: 0.0000, Adv: 7.1765) | Train Acc: 0.9931 | Val Acc: 0.9130 | Val P/R/F1 (Macro): 0.6068/0.5451/0.5588 | LR: 0.000001
Epoch [94/100] | Loss: 2.8575 (Cls: 1.7639, TAL: 0.0000, Adv: 7.2906) | Train Acc: 0.9907 | Val Acc: 0.8957 | Val P/R/F1 (Macro): 0.5902/0.5556/0.5633 | LR: 0.000001
Epoch [95/100] | Loss: 2.8563 (Cls: 1.7594, TAL: 0.0000, Adv: 7.3128) | Train Acc: 0.9815 | Val Acc: 0.9130 | Val P/R/F1 (Macro): 0.5915/0.5463/0.5511 | LR: 0.000001
Epoch [96/100] | Loss: 2.8692 (Cls: 1.7504, TAL: 0.0000, Adv: 7.4584) | Train Acc: 0.9954 | Val Acc: 0.8957 | Val P/R/F1 (Macro): 0.5870/0.5400/0.5451 | LR: 0.000001
Epoch [97/100] | Loss: 2.8391 (Cls: 1.7318, TAL: 0.0000, Adv: 7.3821) | Train Acc: 0.9977 | Val Acc: 0.8870 | Val P/R/F1 (Macro): 0.5819/0.5347/0.5377 | LR: 0.000001
Epoch [98/100] | Loss: 2.8740 (Cls: 1.7538, TAL: 0.0000, Adv: 7.4679) | Train Acc: 0.9954 | Val Acc: 0.9304 | Val P/R/F1 (Macro): 0.6028/0.5711/0.5789 | LR: 0.000001
Epoch [99/100] | Loss: 2.8484 (Cls: 1.7490, TAL: 0.0000, Adv: 7.3295) | Train Acc: 0.9977 | Val Acc: 0.9652 | Val P/R/F1 (Macro): 0.6119/0.6173/0.6135 | LR: 0.000001
  >>> New Best Val Acc: 0.9652
Epoch [100/100] | Loss: 2.8426 (Cls: 1.7444, TAL: 0.0000, Adv: 7.3212) | Train Acc: 1.0000 | Val Acc: 0.9043 | Val P/R/F1 (Macro): 0.5825/0.5638/0.5622 | LR: 0.000001

迭代 3 最佳指标:
  Accuracy: 0.9652
  Precision (Macro): 0.6119
  Recall (Macro): 0.6173
  F1 (Macro): 0.6135
  Precision (Micro): 0.9652
  Recall (Micro): 0.9652
  F1 (Micro): 0.9652

================================================================================
迭代 4/5
随机种子: 45
================================================================================
Epoch [1/100] | Loss: 7.1150 (Cls: 6.8331, TAL: 0.0000, Adv: 1.8789) | Train Acc: 0.2778 | Val Acc: 0.5130 | Val P/R/F1 (Macro): 0.2734/0.3097/0.2795 | LR: 0.000010
  >>> New Best Val Acc: 0.5130
Epoch [2/100] | Loss: 5.4759 (Cls: 5.0358, TAL: 0.0000, Adv: 2.9338) | Train Acc: 0.4120 | Val Acc: 0.5391 | Val P/R/F1 (Macro): 0.3663/0.3268/0.3036 | LR: 0.000010
  >>> New Best Val Acc: 0.5391
Epoch [3/100] | Loss: 4.3446 (Cls: 3.8102, TAL: 0.0000, Adv: 3.5623) | Train Acc: 0.6250 | Val Acc: 0.7130 | Val P/R/F1 (Macro): 0.5053/0.4442/0.4419 | LR: 0.000010
  >>> New Best Val Acc: 0.7130
Epoch [4/100] | Loss: 3.5923 (Cls: 2.9993, TAL: 0.0000, Adv: 3.9527) | Train Acc: 0.7500 | Val Acc: 0.7739 | Val P/R/F1 (Macro): 0.5179/0.5222/0.4943 | LR: 0.000010
  >>> New Best Val Acc: 0.7739
Epoch [5/100] | Loss: 3.6808 (Cls: 3.0630, TAL: 0.0000, Adv: 4.1192) | Train Acc: 0.7523 | Val Acc: 0.7565 | Val P/R/F1 (Macro): 0.4417/0.4169/0.3989 | LR: 0.000010
Epoch [6/100] | Loss: 3.3311 (Cls: 2.6899, TAL: 0.0000, Adv: 4.2748) | Train Acc: 0.8056 | Val Acc: 0.8087 | Val P/R/F1 (Macro): 0.4688/0.4762/0.4650 | LR: 0.000010
  >>> New Best Val Acc: 0.8087
Epoch [7/100] | Loss: 3.2959 (Cls: 2.6509, TAL: 0.0000, Adv: 4.3001) | Train Acc: 0.8171 | Val Acc: 0.7391 | Val P/R/F1 (Macro): 0.5361/0.4291/0.4415 | LR: 0.000010
Epoch [8/100] | Loss: 3.1403 (Cls: 2.5023, TAL: 0.0000, Adv: 4.2531) | Train Acc: 0.8588 | Val Acc: 0.8261 | Val P/R/F1 (Macro): 0.5448/0.4769/0.4935 | LR: 0.000010
  >>> New Best Val Acc: 0.8261
Epoch [9/100] | Loss: 3.0405 (Cls: 2.4022, TAL: 0.0000, Adv: 4.2548) | Train Acc: 0.8727 | Val Acc: 0.8000 | Val P/R/F1 (Macro): 0.4591/0.4810/0.4514 | LR: 0.000010
Epoch [10/100] | Loss: 3.0701 (Cls: 2.4245, TAL: 0.0000, Adv: 4.3039) | Train Acc: 0.8889 | Val Acc: 0.8261 | Val P/R/F1 (Macro): 0.5584/0.5038/0.5045 | LR: 0.000010
Epoch [11/100] | Loss: 2.8389 (Cls: 2.2010, TAL: 0.0000, Adv: 4.2526) | Train Acc: 0.9398 | Val Acc: 0.8261 | Val P/R/F1 (Macro): 0.4840/0.4631/0.4587 | LR: 0.000010
Epoch [12/100] | Loss: 2.8139 (Cls: 2.1772, TAL: 0.0000, Adv: 4.2446) | Train Acc: 0.9259 | Val Acc: 0.8261 | Val P/R/F1 (Macro): 0.5550/0.5201/0.5082 | LR: 0.000010
Epoch [13/100] | Loss: 2.8700 (Cls: 2.2177, TAL: 0.0000, Adv: 4.3487) | Train Acc: 0.9213 | Val Acc: 0.8609 | Val P/R/F1 (Macro): 0.5636/0.5122/0.5173 | LR: 0.000010
  >>> New Best Val Acc: 0.8609
Epoch [14/100] | Loss: 2.8390 (Cls: 2.1772, TAL: 0.0000, Adv: 4.4124) | Train Acc: 0.9398 | Val Acc: 0.8435 | Val P/R/F1 (Macro): 0.5390/0.4971/0.5114 | LR: 0.000010
Epoch [15/100] | Loss: 2.8200 (Cls: 2.1500, TAL: 0.0000, Adv: 4.4672) | Train Acc: 0.9306 | Val Acc: 0.8261 | Val P/R/F1 (Macro): 0.5414/0.4861/0.4887 | LR: 0.000010
Epoch [16/100] | Loss: 2.7412 (Cls: 2.0608, TAL: 0.0000, Adv: 4.5365) | Train Acc: 0.9398 | Val Acc: 0.8261 | Val P/R/F1 (Macro): 0.5395/0.5099/0.5084 | LR: 0.000010
Epoch [17/100] | Loss: 2.7865 (Cls: 2.0873, TAL: 0.0000, Adv: 4.6614) | Train Acc: 0.9236 | Val Acc: 0.8435 | Val P/R/F1 (Macro): 0.5093/0.4696/0.4746 | LR: 0.000010
Epoch [18/100] | Loss: 2.7399 (Cls: 2.0503, TAL: 0.0000, Adv: 4.5977) | Train Acc: 0.9375 | Val Acc: 0.8087 | Val P/R/F1 (Macro): 0.4667/0.4579/0.4507 | LR: 0.000010
Epoch [19/100] | Loss: 2.7503 (Cls: 2.0539, TAL: 0.0000, Adv: 4.6432) | Train Acc: 0.9537 | Val Acc: 0.8609 | Val P/R/F1 (Macro): 0.5661/0.5366/0.5406 | LR: 0.000010
Epoch [20/100] | Loss: 2.6953 (Cls: 1.9802, TAL: 0.0000, Adv: 4.7674) | Train Acc: 0.9630 | Val Acc: 0.8696 | Val P/R/F1 (Macro): 0.5818/0.5605/0.5611 | LR: 0.000010
  >>> New Best Val Acc: 0.8696
Epoch [21/100] | Loss: 2.7435 (Cls: 2.0212, TAL: 0.0000, Adv: 4.8159) | Train Acc: 0.9444 | Val Acc: 0.8696 | Val P/R/F1 (Macro): 0.5729/0.5282/0.5292 | LR: 0.000010
Epoch [22/100] | Loss: 2.7382 (Cls: 2.0056, TAL: 0.0000, Adv: 4.8840) | Train Acc: 0.9398 | Val Acc: 0.8870 | Val P/R/F1 (Macro): 0.5950/0.5420/0.5579 | LR: 0.000010
  >>> New Best Val Acc: 0.8870
Epoch [23/100] | Loss: 2.7953 (Cls: 2.0476, TAL: 0.0000, Adv: 4.9850) | Train Acc: 0.9375 | Val Acc: 0.8870 | Val P/R/F1 (Macro): 0.5854/0.5577/0.5659 | LR: 0.000010
Epoch [24/100] | Loss: 2.7380 (Cls: 1.9819, TAL: 0.0000, Adv: 5.0408) | Train Acc: 0.9583 | Val Acc: 0.8609 | Val P/R/F1 (Macro): 0.5581/0.5168/0.5161 | LR: 0.000010
Epoch [25/100] | Loss: 2.7009 (Cls: 1.9475, TAL: 0.0000, Adv: 5.0228) | Train Acc: 0.9606 | Val Acc: 0.8783 | Val P/R/F1 (Macro): 0.4971/0.5169/0.5014 | LR: 0.000010
Epoch [26/100] | Loss: 2.7050 (Cls: 1.9353, TAL: 0.0000, Adv: 5.1315) | Train Acc: 0.9792 | Val Acc: 0.9043 | Val P/R/F1 (Macro): 0.5978/0.5297/0.5369 | LR: 0.000010
  >>> New Best Val Acc: 0.9043
Epoch [27/100] | Loss: 2.6910 (Cls: 1.9129, TAL: 0.0000, Adv: 5.1870) | Train Acc: 0.9653 | Val Acc: 0.9217 | Val P/R/F1 (Macro): 0.5915/0.5587/0.5690 | LR: 0.000010
  >>> New Best Val Acc: 0.9217
Epoch [28/100] | Loss: 2.6500 (Cls: 1.8700, TAL: 0.0000, Adv: 5.2001) | Train Acc: 0.9861 | Val Acc: 0.8957 | Val P/R/F1 (Macro): 0.6009/0.5285/0.5449 | LR: 0.000010
Epoch [29/100] | Loss: 2.6361 (Cls: 1.8510, TAL: 0.0000, Adv: 5.2339) | Train Acc: 0.9884 | Val Acc: 0.8870 | Val P/R/F1 (Macro): 0.5738/0.5175/0.5281 | LR: 0.000010
Epoch [30/100] | Loss: 2.7341 (Cls: 1.9437, TAL: 0.0000, Adv: 5.2695) | Train Acc: 0.9630 | Val Acc: 0.9043 | Val P/R/F1 (Macro): 0.5940/0.5623/0.5698 | LR: 0.000010
Epoch [31/100] | Loss: 2.7546 (Cls: 1.9544, TAL: 0.0000, Adv: 5.3346) | Train Acc: 0.9560 | Val Acc: 0.8609 | Val P/R/F1 (Macro): 0.5758/0.5333/0.5361 | LR: 0.000010
Epoch [32/100] | Loss: 2.6617 (Cls: 1.8778, TAL: 0.0000, Adv: 5.2256) | Train Acc: 0.9884 | Val Acc: 0.9130 | Val P/R/F1 (Macro): 0.5896/0.5637/0.5709 | LR: 0.000010
Epoch [33/100] | Loss: 2.6249 (Cls: 1.8507, TAL: 0.0000, Adv: 5.1609) | Train Acc: 0.9861 | Val Acc: 0.9130 | Val P/R/F1 (Macro): 0.6038/0.5627/0.5703 | LR: 0.000010
Epoch [34/100] | Loss: 2.6292 (Cls: 1.8397, TAL: 0.0000, Adv: 5.2633) | Train Acc: 0.9769 | Val Acc: 0.9217 | Val P/R/F1 (Macro): 0.6150/0.5461/0.5637 | LR: 0.000010
Epoch [35/100] | Loss: 2.6709 (Cls: 1.8764, TAL: 0.0000, Adv: 5.2966) | Train Acc: 0.9815 | Val Acc: 0.9217 | Val P/R/F1 (Macro): 0.6038/0.5536/0.5625 | LR: 0.000010
Epoch [36/100] | Loss: 2.6349 (Cls: 1.8317, TAL: 0.0000, Adv: 5.3547) | Train Acc: 0.9977 | Val Acc: 0.8957 | Val P/R/F1 (Macro): 0.5202/0.5266/0.5190 | LR: 0.000010
Epoch [37/100] | Loss: 2.6360 (Cls: 1.8353, TAL: 0.0000, Adv: 5.3381) | Train Acc: 0.9745 | Val Acc: 0.8783 | Val P/R/F1 (Macro): 0.5736/0.5219/0.5291 | LR: 0.000010
Epoch [38/100] | Loss: 2.6591 (Cls: 1.8382, TAL: 0.0000, Adv: 5.4731) | Train Acc: 0.9815 | Val Acc: 0.9304 | Val P/R/F1 (Macro): 0.6122/0.5729/0.5848 | LR: 0.000010
  >>> New Best Val Acc: 0.9304
Epoch [39/100] | Loss: 2.6563 (Cls: 1.8392, TAL: 0.0000, Adv: 5.4478) | Train Acc: 0.9838 | Val Acc: 0.9217 | Val P/R/F1 (Macro): 0.6104/0.5886/0.5937 | LR: 0.000010
Epoch [40/100] | Loss: 2.6617 (Cls: 1.8430, TAL: 0.0000, Adv: 5.4578) | Train Acc: 0.9815 | Val Acc: 0.9391 | Val P/R/F1 (Macro): 0.6031/0.5855/0.5865 | LR: 0.000010
  >>> New Best Val Acc: 0.9391
Epoch [41/100] | Loss: 2.6571 (Cls: 1.8203, TAL: 0.0000, Adv: 5.5784) | Train Acc: 0.9861 | Val Acc: 0.8957 | Val P/R/F1 (Macro): 0.5750/0.5469/0.5557 | LR: 0.000010
Epoch [42/100] | Loss: 2.6428 (Cls: 1.7970, TAL: 0.0000, Adv: 5.6386) | Train Acc: 0.9931 | Val Acc: 0.9130 | Val P/R/F1 (Macro): 0.5977/0.5548/0.5657 | LR: 0.000010
Epoch [43/100] | Loss: 2.6836 (Cls: 1.8337, TAL: 0.0000, Adv: 5.6660) | Train Acc: 0.9838 | Val Acc: 0.8957 | Val P/R/F1 (Macro): 0.5847/0.5265/0.5379 | LR: 0.000010
Epoch [44/100] | Loss: 2.6976 (Cls: 1.8400, TAL: 0.0000, Adv: 5.7175) | Train Acc: 0.9699 | Val Acc: 0.9130 | Val P/R/F1 (Macro): 0.5847/0.5344/0.5423 | LR: 0.000010
Epoch [45/100] | Loss: 2.6662 (Cls: 1.8247, TAL: 0.0000, Adv: 5.6095) | Train Acc: 0.9884 | Val Acc: 0.9478 | Val P/R/F1 (Macro): 0.6123/0.5790/0.5883 | LR: 0.000010
  >>> New Best Val Acc: 0.9478
Epoch [46/100] | Loss: 2.6770 (Cls: 1.8129, TAL: 0.0000, Adv: 5.7605) | Train Acc: 0.9815 | Val Acc: 0.9391 | Val P/R/F1 (Macro): 0.6025/0.5841/0.5881 | LR: 0.000010
Epoch [47/100] | Loss: 2.6681 (Cls: 1.8121, TAL: 0.0000, Adv: 5.7065) | Train Acc: 0.9838 | Val Acc: 0.9391 | Val P/R/F1 (Macro): 0.6226/0.5591/0.5819 | LR: 0.000010
Epoch [48/100] | Loss: 2.6896 (Cls: 1.8164, TAL: 0.0000, Adv: 5.8215) | Train Acc: 0.9907 | Val Acc: 0.9217 | Val P/R/F1 (Macro): 0.6107/0.5491/0.5626 | LR: 0.000010
Epoch [49/100] | Loss: 2.6698 (Cls: 1.7952, TAL: 0.0000, Adv: 5.8304) | Train Acc: 0.9884 | Val Acc: 0.9217 | Val P/R/F1 (Macro): 0.5970/0.5808/0.5829 | LR: 0.000010
Epoch [50/100] | Loss: 2.7260 (Cls: 1.8562, TAL: 0.0000, Adv: 5.7990) | Train Acc: 0.9907 | Val Acc: 0.9304 | Val P/R/F1 (Macro): 0.6046/0.5526/0.5605 | LR: 0.000010
Epoch [51/100] | Loss: 2.6747 (Cls: 1.7913, TAL: 0.0000, Adv: 5.8895) | Train Acc: 0.9884 | Val Acc: 0.9130 | Val P/R/F1 (Macro): 0.5929/0.5477/0.5561 | LR: 0.000010
Epoch [52/100] | Loss: 2.6911 (Cls: 1.8012, TAL: 0.0000, Adv: 5.9331) | Train Acc: 0.9815 | Val Acc: 0.9217 | Val P/R/F1 (Macro): 0.6011/0.5562/0.5629 | LR: 0.000010
Epoch [53/100] | Loss: 2.7278 (Cls: 1.8316, TAL: 0.0000, Adv: 5.9751) | Train Acc: 0.9792 | Val Acc: 0.9043 | Val P/R/F1 (Macro): 0.5945/0.5397/0.5530 | LR: 0.000010
Epoch [54/100] | Loss: 2.7035 (Cls: 1.8069, TAL: 0.0000, Adv: 5.9774) | Train Acc: 0.9884 | Val Acc: 0.8870 | Val P/R/F1 (Macro): 0.5951/0.5242/0.5406 | LR: 0.000010
Epoch [55/100] | Loss: 2.7060 (Cls: 1.8034, TAL: 0.0000, Adv: 6.0175) | Train Acc: 0.9861 | Val Acc: 0.8870 | Val P/R/F1 (Macro): 0.5828/0.5337/0.5409 | LR: 0.000010
Epoch [56/100] | Loss: 2.6814 (Cls: 1.7751, TAL: 0.0000, Adv: 6.0419) | Train Acc: 0.9931 | Val Acc: 0.9304 | Val P/R/F1 (Macro): 0.6077/0.5575/0.5676 | LR: 0.000005
Epoch [57/100] | Loss: 2.6804 (Cls: 1.7687, TAL: 0.0000, Adv: 6.0784) | Train Acc: 0.9884 | Val Acc: 0.9391 | Val P/R/F1 (Macro): 0.6134/0.5630/0.5741 | LR: 0.000005
Epoch [58/100] | Loss: 2.6903 (Cls: 1.7718, TAL: 0.0000, Adv: 6.1237) | Train Acc: 0.9977 | Val Acc: 0.9130 | Val P/R/F1 (Macro): 0.5821/0.5554/0.5537 | LR: 0.000005
Epoch [59/100] | Loss: 2.6967 (Cls: 1.7810, TAL: 0.0000, Adv: 6.1046) | Train Acc: 0.9954 | Val Acc: 0.9217 | Val P/R/F1 (Macro): 0.5955/0.5565/0.5603 | LR: 0.000005
Epoch [60/100] | Loss: 2.6585 (Cls: 1.7460, TAL: 0.0000, Adv: 6.0831) | Train Acc: 0.9954 | Val Acc: 0.9217 | Val P/R/F1 (Macro): 0.6045/0.5550/0.5643 | LR: 0.000005
Epoch [61/100] | Loss: 2.6682 (Cls: 1.7459, TAL: 0.0000, Adv: 6.1489) | Train Acc: 0.9931 | Val Acc: 0.9391 | Val P/R/F1 (Macro): 0.6162/0.5690/0.5816 | LR: 0.000005
Epoch [62/100] | Loss: 2.6656 (Cls: 1.7404, TAL: 0.0000, Adv: 6.1681) | Train Acc: 1.0000 | Val Acc: 0.9304 | Val P/R/F1 (Macro): 0.6010/0.5801/0.5855 | LR: 0.000005
Epoch [63/100] | Loss: 2.6838 (Cls: 1.7445, TAL: 0.0000, Adv: 6.2619) | Train Acc: 0.9907 | Val Acc: 0.9043 | Val P/R/F1 (Macro): 0.5834/0.5547/0.5602 | LR: 0.000005
Epoch [64/100] | Loss: 2.6944 (Cls: 1.7643, TAL: 0.0000, Adv: 6.2008) | Train Acc: 0.9931 | Val Acc: 0.8783 | Val P/R/F1 (Macro): 0.5863/0.5234/0.5363 | LR: 0.000005
Epoch [65/100] | Loss: 2.7049 (Cls: 1.7654, TAL: 0.0000, Adv: 6.2632) | Train Acc: 0.9954 | Val Acc: 0.9043 | Val P/R/F1 (Macro): 0.6048/0.5375/0.5489 | LR: 0.000005
Epoch [66/100] | Loss: 2.6948 (Cls: 1.7619, TAL: 0.0000, Adv: 6.2198) | Train Acc: 0.9907 | Val Acc: 0.9304 | Val P/R/F1 (Macro): 0.6016/0.5729/0.5829 | LR: 0.000005
Epoch [67/100] | Loss: 2.6631 (Cls: 1.7244, TAL: 0.0000, Adv: 6.2584) | Train Acc: 1.0000 | Val Acc: 0.9043 | Val P/R/F1 (Macro): 0.5970/0.5626/0.5712 | LR: 0.000003
Epoch [68/100] | Loss: 2.6786 (Cls: 1.7422, TAL: 0.0000, Adv: 6.2427) | Train Acc: 1.0000 | Val Acc: 0.8957 | Val P/R/F1 (Macro): 0.5868/0.5464/0.5506 | LR: 0.000003
Epoch [69/100] | Loss: 2.6697 (Cls: 1.7443, TAL: 0.0000, Adv: 6.1698) | Train Acc: 0.9884 | Val Acc: 0.9217 | Val P/R/F1 (Macro): 0.6011/0.5591/0.5643 | LR: 0.000003
Epoch [70/100] | Loss: 2.6824 (Cls: 1.7265, TAL: 0.0000, Adv: 6.3729) | Train Acc: 0.9954 | Val Acc: 0.9130 | Val P/R/F1 (Macro): 0.5981/0.5527/0.5597 | LR: 0.000003
Epoch [71/100] | Loss: 2.6908 (Cls: 1.7427, TAL: 0.0000, Adv: 6.3204) | Train Acc: 1.0000 | Val Acc: 0.9130 | Val P/R/F1 (Macro): 0.6079/0.5230/0.5444 | LR: 0.000003
Epoch [72/100] | Loss: 2.6962 (Cls: 1.7319, TAL: 0.0000, Adv: 6.4288) | Train Acc: 0.9977 | Val Acc: 0.9217 | Val P/R/F1 (Macro): 0.6060/0.5438/0.5589 | LR: 0.000003
Epoch [73/100] | Loss: 2.6915 (Cls: 1.7423, TAL: 0.0000, Adv: 6.3282) | Train Acc: 0.9977 | Val Acc: 0.9043 | Val P/R/F1 (Macro): 0.5841/0.5440/0.5442 | LR: 0.000003
Epoch [74/100] | Loss: 2.7076 (Cls: 1.7383, TAL: 0.0000, Adv: 6.4618) | Train Acc: 0.9954 | Val Acc: 0.9130 | Val P/R/F1 (Macro): 0.5999/0.5542/0.5616 | LR: 0.000003
Epoch [75/100] | Loss: 2.7205 (Cls: 1.7477, TAL: 0.0000, Adv: 6.4851) | Train Acc: 0.9931 | Val Acc: 0.9217 | Val P/R/F1 (Macro): 0.6026/0.5579/0.5648 | LR: 0.000003
Epoch [76/100] | Loss: 2.7422 (Cls: 1.7425, TAL: 0.0000, Adv: 6.6648) | Train Acc: 0.9977 | Val Acc: 0.9217 | Val P/R/F1 (Macro): 0.5979/0.5450/0.5564 | LR: 0.000003
Epoch [77/100] | Loss: 2.7165 (Cls: 1.7301, TAL: 0.0000, Adv: 6.5758) | Train Acc: 0.9977 | Val Acc: 0.9043 | Val P/R/F1 (Macro): 0.5996/0.5399/0.5536 | LR: 0.000003
Epoch [78/100] | Loss: 2.7419 (Cls: 1.7482, TAL: 0.0000, Adv: 6.6244) | Train Acc: 0.9931 | Val Acc: 0.9304 | Val P/R/F1 (Macro): 0.6147/0.5623/0.5804 | LR: 0.000001
Epoch [79/100] | Loss: 2.7167 (Cls: 1.7208, TAL: 0.0000, Adv: 6.6394) | Train Acc: 0.9954 | Val Acc: 0.9304 | Val P/R/F1 (Macro): 0.6169/0.5528/0.5678 | LR: 0.000001
Epoch [80/100] | Loss: 2.7149 (Cls: 1.7379, TAL: 0.0000, Adv: 6.5131) | Train Acc: 0.9977 | Val Acc: 0.9304 | Val P/R/F1 (Macro): 0.6125/0.5593/0.5717 | LR: 0.000001
Epoch [81/100] | Loss: 2.7224 (Cls: 1.7210, TAL: 0.0000, Adv: 6.6759) | Train Acc: 0.9954 | Val Acc: 0.9304 | Val P/R/F1 (Macro): 0.6087/0.5438/0.5581 | LR: 0.000001
Epoch [82/100] | Loss: 2.7510 (Cls: 1.7304, TAL: 0.0000, Adv: 6.8039) | Train Acc: 0.9977 | Val Acc: 0.9217 | Val P/R/F1 (Macro): 0.5902/0.5448/0.5525 | LR: 0.000001
Epoch [83/100] | Loss: 2.7284 (Cls: 1.7199, TAL: 0.0000, Adv: 6.7232) | Train Acc: 1.0000 | Val Acc: 0.9130 | Val P/R/F1 (Macro): 0.5816/0.5424/0.5463 | LR: 0.000001
Epoch [84/100] | Loss: 2.7523 (Cls: 1.7215, TAL: 0.0000, Adv: 6.8717) | Train Acc: 0.9954 | Val Acc: 0.9304 | Val P/R/F1 (Macro): 0.6147/0.5729/0.5863 | LR: 0.000001
Epoch [85/100] | Loss: 2.7470 (Cls: 1.7141, TAL: 0.0000, Adv: 6.8855) | Train Acc: 0.9954 | Val Acc: 0.9304 | Val P/R/F1 (Macro): 0.6074/0.5409/0.5564 | LR: 0.000001
Epoch [86/100] | Loss: 2.7185 (Cls: 1.7287, TAL: 0.0000, Adv: 6.5984) | Train Acc: 1.0000 | Val Acc: 0.9391 | Val P/R/F1 (Macro): 0.6194/0.5766/0.5908 | LR: 0.000001
Epoch [87/100] | Loss: 2.7222 (Cls: 1.7323, TAL: 0.0000, Adv: 6.5992) | Train Acc: 0.9977 | Val Acc: 0.9130 | Val P/R/F1 (Macro): 0.5264/0.5263/0.5206 | LR: 0.000001
Epoch [88/100] | Loss: 2.7205 (Cls: 1.7296, TAL: 0.0000, Adv: 6.6061) | Train Acc: 0.9954 | Val Acc: 0.9043 | Val P/R/F1 (Macro): 0.5963/0.5361/0.5451 | LR: 0.000001
Epoch [89/100] | Loss: 2.7156 (Cls: 1.7308, TAL: 0.0000, Adv: 6.5655) | Train Acc: 0.9977 | Val Acc: 0.9391 | Val P/R/F1 (Macro): 0.6078/0.5843/0.5924 | LR: 0.000001
Epoch [90/100] | Loss: 2.7373 (Cls: 1.7343, TAL: 0.0000, Adv: 6.6870) | Train Acc: 0.9954 | Val Acc: 0.9130 | Val P/R/F1 (Macro): 0.6065/0.5530/0.5642 | LR: 0.000001
Epoch [91/100] | Loss: 2.7126 (Cls: 1.7212, TAL: 0.0000, Adv: 6.6092) | Train Acc: 1.0000 | Val Acc: 0.9043 | Val P/R/F1 (Macro): 0.5840/0.5440/0.5494 | LR: 0.000001
Epoch [92/100] | Loss: 2.7407 (Cls: 1.7258, TAL: 0.0000, Adv: 6.7661) | Train Acc: 1.0000 | Val Acc: 0.9130 | Val P/R/F1 (Macro): 0.6080/0.5542/0.5656 | LR: 0.000001
Epoch [93/100] | Loss: 2.7217 (Cls: 1.7112, TAL: 0.0000, Adv: 6.7364) | Train Acc: 0.9977 | Val Acc: 0.9130 | Val P/R/F1 (Macro): 0.5927/0.5463/0.5523 | LR: 0.000001
Epoch [94/100] | Loss: 2.7122 (Cls: 1.7160, TAL: 0.0000, Adv: 6.6418) | Train Acc: 1.0000 | Val Acc: 0.9217 | Val P/R/F1 (Macro): 0.6144/0.5503/0.5649 | LR: 0.000001
Epoch [95/100] | Loss: 2.7438 (Cls: 1.7254, TAL: 0.0000, Adv: 6.7896) | Train Acc: 0.9977 | Val Acc: 0.9130 | Val P/R/F1 (Macro): 0.5904/0.5515/0.5552 | LR: 0.000001
Epoch [96/100] | Loss: 2.7439 (Cls: 1.7263, TAL: 0.0000, Adv: 6.7839) | Train Acc: 0.9954 | Val Acc: 0.9130 | Val P/R/F1 (Macro): 0.6037/0.5451/0.5570 | LR: 0.000001
Epoch [97/100] | Loss: 2.7659 (Cls: 1.7393, TAL: 0.0000, Adv: 6.8435) | Train Acc: 0.9954 | Val Acc: 0.9217 | Val P/R/F1 (Macro): 0.6002/0.5426/0.5501 | LR: 0.000001
Epoch [98/100] | Loss: 2.7781 (Cls: 1.7209, TAL: 0.0000, Adv: 7.0482) | Train Acc: 0.9977 | Val Acc: 0.9304 | Val P/R/F1 (Macro): 0.6129/0.5593/0.5714 | LR: 0.000001
Epoch [99/100] | Loss: 2.7486 (Cls: 1.7146, TAL: 0.0000, Adv: 6.8930) | Train Acc: 0.9977 | Val Acc: 0.8957 | Val P/R/F1 (Macro): 0.5935/0.5402/0.5485 | LR: 0.000001
Epoch [100/100] | Loss: 2.7634 (Cls: 1.7238, TAL: 0.0000, Adv: 6.9305) | Train Acc: 0.9954 | Val Acc: 0.9304 | Val P/R/F1 (Macro): 0.6086/0.5605/0.5700 | LR: 0.000001

迭代 4 最佳指标:
  Accuracy: 0.9478
  Precision (Macro): 0.6123
  Recall (Macro): 0.5790
  F1 (Macro): 0.5883
  Precision (Micro): 0.9478
  Recall (Micro): 0.9478
  F1 (Micro): 0.9478

================================================================================
迭代 5/5
随机种子: 46
================================================================================
Epoch [1/100] | Loss: 7.4683 (Cls: 7.2460, TAL: 0.0000, Adv: 1.4825) | Train Acc: 0.2407 | Val Acc: 0.3739 | Val P/R/F1 (Macro): 0.2123/0.2662/0.1766 | LR: 0.000010
  >>> New Best Val Acc: 0.3739
Epoch [2/100] | Loss: 5.7150 (Cls: 5.3534, TAL: 0.0000, Adv: 2.4111) | Train Acc: 0.3565 | Val Acc: 0.5043 | Val P/R/F1 (Macro): 0.3646/0.3627/0.3382 | LR: 0.000010
  >>> New Best Val Acc: 0.5043
Epoch [3/100] | Loss: 4.5458 (Cls: 4.0746, TAL: 0.0000, Adv: 3.1409) | Train Acc: 0.6019 | Val Acc: 0.7130 | Val P/R/F1 (Macro): 0.4307/0.4272/0.4000 | LR: 0.000010
  >>> New Best Val Acc: 0.7130
Epoch [4/100] | Loss: 3.7500 (Cls: 3.2121, TAL: 0.0000, Adv: 3.5855) | Train Acc: 0.7245 | Val Acc: 0.8435 | Val P/R/F1 (Macro): 0.5373/0.5164/0.5068 | LR: 0.000010
  >>> New Best Val Acc: 0.8435
Epoch [5/100] | Loss: 3.5603 (Cls: 2.9851, TAL: 0.0000, Adv: 3.8349) | Train Acc: 0.7292 | Val Acc: 0.8348 | Val P/R/F1 (Macro): 0.5557/0.5605/0.5410 | LR: 0.000010
Epoch [6/100] | Loss: 3.4674 (Cls: 2.8633, TAL: 0.0000, Adv: 4.0277) | Train Acc: 0.7639 | Val Acc: 0.8435 | Val P/R/F1 (Macro): 0.5506/0.5391/0.5322 | LR: 0.000010
Epoch [7/100] | Loss: 3.2240 (Cls: 2.6156, TAL: 0.0000, Adv: 4.0560) | Train Acc: 0.8264 | Val Acc: 0.8087 | Val P/R/F1 (Macro): 0.5431/0.4837/0.4965 | LR: 0.000010
Epoch [8/100] | Loss: 3.0777 (Cls: 2.4513, TAL: 0.0000, Adv: 4.1760) | Train Acc: 0.8634 | Val Acc: 0.8261 | Val P/R/F1 (Macro): 0.5422/0.4935/0.4967 | LR: 0.000010
Epoch [9/100] | Loss: 2.9420 (Cls: 2.3062, TAL: 0.0000, Adv: 4.2389) | Train Acc: 0.9028 | Val Acc: 0.7826 | Val P/R/F1 (Macro): 0.4647/0.4567/0.4520 | LR: 0.000010
Epoch [10/100] | Loss: 3.0031 (Cls: 2.3543, TAL: 0.0000, Adv: 4.3258) | Train Acc: 0.8704 | Val Acc: 0.8609 | Val P/R/F1 (Macro): 0.5614/0.5303/0.5261 | LR: 0.000010
  >>> New Best Val Acc: 0.8609
Epoch [11/100] | Loss: 2.9323 (Cls: 2.2905, TAL: 0.0000, Adv: 4.2788) | Train Acc: 0.8958 | Val Acc: 0.8609 | Val P/R/F1 (Macro): 0.5622/0.5174/0.5216 | LR: 0.000010
Epoch [12/100] | Loss: 2.9105 (Cls: 2.2443, TAL: 0.0000, Adv: 4.4415) | Train Acc: 0.9259 | Val Acc: 0.8870 | Val P/R/F1 (Macro): 0.5847/0.5534/0.5600 | LR: 0.000010
  >>> New Best Val Acc: 0.8870
Epoch [13/100] | Loss: 2.9221 (Cls: 2.2665, TAL: 0.0000, Adv: 4.3710) | Train Acc: 0.8866 | Val Acc: 0.8783 | Val P/R/F1 (Macro): 0.6033/0.5823/0.5858 | LR: 0.000010
Epoch [14/100] | Loss: 2.8479 (Cls: 2.2001, TAL: 0.0000, Adv: 4.3187) | Train Acc: 0.9167 | Val Acc: 0.8957 | Val P/R/F1 (Macro): 0.5853/0.5297/0.5423 | LR: 0.000010
  >>> New Best Val Acc: 0.8957
Epoch [15/100] | Loss: 2.8540 (Cls: 2.1921, TAL: 0.0000, Adv: 4.4126) | Train Acc: 0.9190 | Val Acc: 0.9043 | Val P/R/F1 (Macro): 0.5816/0.5735/0.5694 | LR: 0.000010
  >>> New Best Val Acc: 0.9043
Epoch [16/100] | Loss: 2.7201 (Cls: 2.0667, TAL: 0.0000, Adv: 4.3557) | Train Acc: 0.9444 | Val Acc: 0.8870 | Val P/R/F1 (Macro): 0.5917/0.5318/0.5452 | LR: 0.000010
Epoch [17/100] | Loss: 2.7568 (Cls: 2.0823, TAL: 0.0000, Adv: 4.4962) | Train Acc: 0.9282 | Val Acc: 0.9217 | Val P/R/F1 (Macro): 0.5955/0.5550/0.5600 | LR: 0.000010
  >>> New Best Val Acc: 0.9217
Epoch [18/100] | Loss: 2.7684 (Cls: 2.0820, TAL: 0.0000, Adv: 4.5760) | Train Acc: 0.9375 | Val Acc: 0.8957 | Val P/R/F1 (Macro): 0.5851/0.5578/0.5638 | LR: 0.000010
Epoch [19/100] | Loss: 2.8590 (Cls: 2.1566, TAL: 0.0000, Adv: 4.6827) | Train Acc: 0.9375 | Val Acc: 0.8696 | Val P/R/F1 (Macro): 0.5682/0.5586/0.5496 | LR: 0.000010
Epoch [20/100] | Loss: 2.7258 (Cls: 2.0304, TAL: 0.0000, Adv: 4.6359) | Train Acc: 0.9514 | Val Acc: 0.8522 | Val P/R/F1 (Macro): 0.5660/0.5366/0.5243 | LR: 0.000010
Epoch [21/100] | Loss: 2.6886 (Cls: 1.9823, TAL: 0.0000, Adv: 4.7093) | Train Acc: 0.9491 | Val Acc: 0.8957 | Val P/R/F1 (Macro): 0.5745/0.5389/0.5392 | LR: 0.000010
Epoch [22/100] | Loss: 2.7092 (Cls: 1.9812, TAL: 0.0000, Adv: 4.8533) | Train Acc: 0.9468 | Val Acc: 0.8870 | Val P/R/F1 (Macro): 0.5891/0.5681/0.5695 | LR: 0.000010
Epoch [23/100] | Loss: 2.6800 (Cls: 1.9451, TAL: 0.0000, Adv: 4.8992) | Train Acc: 0.9583 | Val Acc: 0.8957 | Val P/R/F1 (Macro): 0.5774/0.5373/0.5416 | LR: 0.000010
Epoch [24/100] | Loss: 2.6881 (Cls: 1.9504, TAL: 0.0000, Adv: 4.9184) | Train Acc: 0.9722 | Val Acc: 0.8870 | Val P/R/F1 (Macro): 0.5781/0.5425/0.5435 | LR: 0.000010
Epoch [25/100] | Loss: 2.6707 (Cls: 1.9193, TAL: 0.0000, Adv: 5.0092) | Train Acc: 0.9676 | Val Acc: 0.8783 | Val P/R/F1 (Macro): 0.4994/0.5127/0.4991 | LR: 0.000010
Epoch [26/100] | Loss: 2.7045 (Cls: 1.9344, TAL: 0.0000, Adv: 5.1343) | Train Acc: 0.9699 | Val Acc: 0.8957 | Val P/R/F1 (Macro): 0.5929/0.5361/0.5471 | LR: 0.000010
Epoch [27/100] | Loss: 2.6274 (Cls: 1.8785, TAL: 0.0000, Adv: 4.9923) | Train Acc: 0.9838 | Val Acc: 0.9217 | Val P/R/F1 (Macro): 0.6100/0.5479/0.5620 | LR: 0.000010
Epoch [28/100] | Loss: 2.6272 (Cls: 1.8821, TAL: 0.0000, Adv: 4.9674) | Train Acc: 0.9722 | Val Acc: 0.9043 | Val P/R/F1 (Macro): 0.5930/0.5387/0.5497 | LR: 0.000005
Epoch [29/100] | Loss: 2.6563 (Cls: 1.8843, TAL: 0.0000, Adv: 5.1468) | Train Acc: 0.9861 | Val Acc: 0.9391 | Val P/R/F1 (Macro): 0.6162/0.6047/0.6074 | LR: 0.000005
  >>> New Best Val Acc: 0.9391
Epoch [30/100] | Loss: 2.6128 (Cls: 1.8497, TAL: 0.0000, Adv: 5.0875) | Train Acc: 0.9815 | Val Acc: 0.9217 | Val P/R/F1 (Macro): 0.6090/0.5650/0.5795 | LR: 0.000005
Epoch [31/100] | Loss: 2.6094 (Cls: 1.8334, TAL: 0.0000, Adv: 5.1728) | Train Acc: 0.9838 | Val Acc: 0.8870 | Val P/R/F1 (Macro): 0.5695/0.5575/0.5502 | LR: 0.000005
Epoch [32/100] | Loss: 2.6177 (Cls: 1.8359, TAL: 0.0000, Adv: 5.2122) | Train Acc: 0.9884 | Val Acc: 0.8870 | Val P/R/F1 (Macro): 0.5708/0.5171/0.5244 | LR: 0.000005
Epoch [33/100] | Loss: 2.6164 (Cls: 1.8193, TAL: 0.0000, Adv: 5.3137) | Train Acc: 0.9884 | Val Acc: 0.8870 | Val P/R/F1 (Macro): 0.5022/0.5062/0.4968 | LR: 0.000005
Epoch [34/100] | Loss: 2.6139 (Cls: 1.8196, TAL: 0.0000, Adv: 5.2954) | Train Acc: 0.9838 | Val Acc: 0.8870 | Val P/R/F1 (Macro): 0.5012/0.5226/0.5044 | LR: 0.000005
Epoch [35/100] | Loss: 2.6801 (Cls: 1.8604, TAL: 0.0000, Adv: 5.4643) | Train Acc: 0.9861 | Val Acc: 0.8957 | Val P/R/F1 (Macro): 0.5784/0.5361/0.5398 | LR: 0.000005
Epoch [36/100] | Loss: 2.6784 (Cls: 1.8638, TAL: 0.0000, Adv: 5.4309) | Train Acc: 0.9722 | Val Acc: 0.9043 | Val P/R/F1 (Macro): 0.5894/0.5490/0.5532 | LR: 0.000005
Epoch [37/100] | Loss: 2.6448 (Cls: 1.8411, TAL: 0.0000, Adv: 5.3580) | Train Acc: 0.9884 | Val Acc: 0.9130 | Val P/R/F1 (Macro): 0.5875/0.5527/0.5523 | LR: 0.000005
Epoch [38/100] | Loss: 2.6731 (Cls: 1.8389, TAL: 0.0000, Adv: 5.5611) | Train Acc: 0.9907 | Val Acc: 0.9304 | Val P/R/F1 (Macro): 0.5985/0.5546/0.5572 | LR: 0.000005
Epoch [39/100] | Loss: 2.6733 (Cls: 1.8439, TAL: 0.0000, Adv: 5.5293) | Train Acc: 0.9769 | Val Acc: 0.9304 | Val P/R/F1 (Macro): 0.6036/0.5608/0.5662 | LR: 0.000005
Epoch [40/100] | Loss: 2.6516 (Cls: 1.8130, TAL: 0.0000, Adv: 5.5906) | Train Acc: 0.9907 | Val Acc: 0.9304 | Val P/R/F1 (Macro): 0.6016/0.5916/0.5935 | LR: 0.000003
Epoch [41/100] | Loss: 2.6252 (Cls: 1.7894, TAL: 0.0000, Adv: 5.5723) | Train Acc: 0.9931 | Val Acc: 0.9478 | Val P/R/F1 (Macro): 0.6193/0.5685/0.5791 | LR: 0.000003
  >>> New Best Val Acc: 0.9478
Epoch [42/100] | Loss: 2.6427 (Cls: 1.7900, TAL: 0.0000, Adv: 5.6846) | Train Acc: 0.9907 | Val Acc: 0.9391 | Val P/R/F1 (Macro): 0.6127/0.5636/0.5730 | LR: 0.000003
Epoch [43/100] | Loss: 2.6293 (Cls: 1.7857, TAL: 0.0000, Adv: 5.6237) | Train Acc: 0.9907 | Val Acc: 0.9652 | Val P/R/F1 (Macro): 0.6213/0.5961/0.6039 | LR: 0.000003
  >>> New Best Val Acc: 0.9652
Epoch [44/100] | Loss: 2.6641 (Cls: 1.7989, TAL: 0.0000, Adv: 5.7680) | Train Acc: 0.9884 | Val Acc: 0.9130 | Val P/R/F1 (Macro): 0.5941/0.5559/0.5577 | LR: 0.000003
Epoch [45/100] | Loss: 2.6654 (Cls: 1.7938, TAL: 0.0000, Adv: 5.8101) | Train Acc: 0.9954 | Val Acc: 0.9391 | Val P/R/F1 (Macro): 0.6046/0.5743/0.5838 | LR: 0.000003
Epoch [46/100] | Loss: 2.6579 (Cls: 1.7838, TAL: 0.0000, Adv: 5.8272) | Train Acc: 0.9907 | Val Acc: 0.9043 | Val P/R/F1 (Macro): 0.5810/0.5502/0.5476 | LR: 0.000003
Epoch [47/100] | Loss: 2.6686 (Cls: 1.7879, TAL: 0.0000, Adv: 5.8718) | Train Acc: 0.9861 | Val Acc: 0.9478 | Val P/R/F1 (Macro): 0.6130/0.5898/0.5962 | LR: 0.000003
Epoch [48/100] | Loss: 2.6682 (Cls: 1.7737, TAL: 0.0000, Adv: 5.9630) | Train Acc: 0.9931 | Val Acc: 0.9217 | Val P/R/F1 (Macro): 0.5910/0.5582/0.5576 | LR: 0.000003
Epoch [49/100] | Loss: 2.6820 (Cls: 1.7890, TAL: 0.0000, Adv: 5.9536) | Train Acc: 0.9931 | Val Acc: 0.9304 | Val P/R/F1 (Macro): 0.6040/0.5610/0.5660 | LR: 0.000003
Epoch [50/100] | Loss: 2.6845 (Cls: 1.8014, TAL: 0.0000, Adv: 5.8874) | Train Acc: 0.9815 | Val Acc: 0.9304 | Val P/R/F1 (Macro): 0.5998/0.5464/0.5518 | LR: 0.000003
Epoch [51/100] | Loss: 2.6703 (Cls: 1.7897, TAL: 0.0000, Adv: 5.8708) | Train Acc: 0.9907 | Val Acc: 0.9130 | Val P/R/F1 (Macro): 0.6022/0.5611/0.5753 | LR: 0.000003
Epoch [52/100] | Loss: 2.7188 (Cls: 1.8055, TAL: 0.0000, Adv: 6.0890) | Train Acc: 0.9861 | Val Acc: 0.9391 | Val P/R/F1 (Macro): 0.6159/0.5636/0.5738 | LR: 0.000003
Epoch [53/100] | Loss: 2.6833 (Cls: 1.7668, TAL: 0.0000, Adv: 6.1100) | Train Acc: 0.9977 | Val Acc: 0.9217 | Val P/R/F1 (Macro): 0.6026/0.5503/0.5587 | LR: 0.000003
Epoch [54/100] | Loss: 2.7019 (Cls: 1.7889, TAL: 0.0000, Adv: 6.0866) | Train Acc: 0.9907 | Val Acc: 0.9304 | Val P/R/F1 (Macro): 0.6029/0.5605/0.5664 | LR: 0.000001
Epoch [55/100] | Loss: 2.6786 (Cls: 1.7718, TAL: 0.0000, Adv: 6.0453) | Train Acc: 0.9954 | Val Acc: 0.9478 | Val P/R/F1 (Macro): 0.6104/0.5673/0.5736 | LR: 0.000001
Epoch [56/100] | Loss: 2.7143 (Cls: 1.7877, TAL: 0.0000, Adv: 6.1772) | Train Acc: 0.9931 | Val Acc: 0.9304 | Val P/R/F1 (Macro): 0.6128/0.5505/0.5650 | LR: 0.000001
Epoch [57/100] | Loss: 2.7139 (Cls: 1.7701, TAL: 0.0000, Adv: 6.2924) | Train Acc: 0.9907 | Val Acc: 0.9391 | Val P/R/F1 (Macro): 0.6118/0.5772/0.5859 | LR: 0.000001
Epoch [58/100] | Loss: 2.7148 (Cls: 1.7796, TAL: 0.0000, Adv: 6.2346) | Train Acc: 0.9861 | Val Acc: 0.9217 | Val P/R/F1 (Macro): 0.5902/0.5795/0.5751 | LR: 0.000001
Epoch [59/100] | Loss: 2.6973 (Cls: 1.7604, TAL: 0.0000, Adv: 6.2459) | Train Acc: 0.9931 | Val Acc: 0.9304 | Val P/R/F1 (Macro): 0.6044/0.5622/0.5676 | LR: 0.000001
Epoch [60/100] | Loss: 2.7054 (Cls: 1.7723, TAL: 0.0000, Adv: 6.2208) | Train Acc: 0.9907 | Val Acc: 0.9130 | Val P/R/F1 (Macro): 0.5845/0.5545/0.5543 | LR: 0.000001
Epoch [61/100] | Loss: 2.7160 (Cls: 1.7849, TAL: 0.0000, Adv: 6.2075) | Train Acc: 0.9954 | Val Acc: 0.9391 | Val P/R/F1 (Macro): 0.5986/0.5860/0.5855 | LR: 0.000001
Epoch [62/100] | Loss: 2.6992 (Cls: 1.7694, TAL: 0.0000, Adv: 6.1983) | Train Acc: 0.9907 | Val Acc: 0.9043 | Val P/R/F1 (Macro): 0.5956/0.5546/0.5583 | LR: 0.000001
Epoch [63/100] | Loss: 2.7005 (Cls: 1.7639, TAL: 0.0000, Adv: 6.2444) | Train Acc: 0.9977 | Val Acc: 0.8957 | Val P/R/F1 (Macro): 0.5779/0.5492/0.5487 | LR: 0.000001
Epoch [64/100] | Loss: 2.7334 (Cls: 1.7788, TAL: 0.0000, Adv: 6.3643) | Train Acc: 0.9954 | Val Acc: 0.9391 | Val P/R/F1 (Macro): 0.6086/0.5860/0.5917 | LR: 0.000001
Epoch [65/100] | Loss: 2.7002 (Cls: 1.7671, TAL: 0.0000, Adv: 6.2207) | Train Acc: 0.9977 | Val Acc: 0.9304 | Val P/R/F1 (Macro): 0.5990/0.5608/0.5636 | LR: 0.000001
Epoch [66/100] | Loss: 2.7236 (Cls: 1.7822, TAL: 0.0000, Adv: 6.2758) | Train Acc: 0.9931 | Val Acc: 0.9391 | Val P/R/F1 (Macro): 0.6166/0.5648/0.5763 | LR: 0.000001
Epoch [67/100] | Loss: 2.7087 (Cls: 1.7622, TAL: 0.0000, Adv: 6.3099) | Train Acc: 0.9931 | Val Acc: 0.8870 | Val P/R/F1 (Macro): 0.5639/0.5243/0.5287 | LR: 0.000001
Epoch [68/100] | Loss: 2.7305 (Cls: 1.7674, TAL: 0.0000, Adv: 6.4212) | Train Acc: 0.9884 | Val Acc: 0.9391 | Val P/R/F1 (Macro): 0.6065/0.5831/0.5892 | LR: 0.000001
Epoch [69/100] | Loss: 2.7289 (Cls: 1.7682, TAL: 0.0000, Adv: 6.4045) | Train Acc: 0.9907 | Val Acc: 0.9304 | Val P/R/F1 (Macro): 0.6034/0.5608/0.5664 | LR: 0.000001
Epoch [70/100] | Loss: 2.7340 (Cls: 1.7583, TAL: 0.0000, Adv: 6.5047) | Train Acc: 0.9954 | Val Acc: 0.9565 | Val P/R/F1 (Macro): 0.6223/0.5911/0.6015 | LR: 0.000001
Epoch [71/100] | Loss: 2.7151 (Cls: 1.7584, TAL: 0.0000, Adv: 6.3780) | Train Acc: 0.9931 | Val Acc: 0.9217 | Val P/R/F1 (Macro): 0.5393/0.5267/0.5274 | LR: 0.000001
Epoch [72/100] | Loss: 2.7281 (Cls: 1.7608, TAL: 0.0000, Adv: 6.4488) | Train Acc: 0.9931 | Val Acc: 0.9130 | Val P/R/F1 (Macro): 0.5941/0.5515/0.5569 | LR: 0.000001
Epoch [73/100] | Loss: 2.7563 (Cls: 1.7748, TAL: 0.0000, Adv: 6.5435) | Train Acc: 0.9954 | Val Acc: 0.9304 | Val P/R/F1 (Macro): 0.6039/0.5622/0.5671 | LR: 0.000001
Epoch [74/100] | Loss: 2.7761 (Cls: 1.7733, TAL: 0.0000, Adv: 6.6854) | Train Acc: 0.9884 | Val Acc: 0.9130 | Val P/R/F1 (Macro): 0.5878/0.5436/0.5500 | LR: 0.000001
Epoch [75/100] | Loss: 2.7663 (Cls: 1.7651, TAL: 0.0000, Adv: 6.6743) | Train Acc: 0.9931 | Val Acc: 0.9043 | Val P/R/F1 (Macro): 0.5843/0.5490/0.5482 | LR: 0.000001
Epoch [76/100] | Loss: 2.7884 (Cls: 1.7701, TAL: 0.0000, Adv: 6.7888) | Train Acc: 0.9931 | Val Acc: 0.9043 | Val P/R/F1 (Macro): 0.5827/0.5473/0.5486 | LR: 0.000001
Epoch [77/100] | Loss: 2.7572 (Cls: 1.7556, TAL: 0.0000, Adv: 6.6772) | Train Acc: 0.9954 | Val Acc: 0.9217 | Val P/R/F1 (Macro): 0.5865/0.5703/0.5732 | LR: 0.000001
Epoch [78/100] | Loss: 2.8051 (Cls: 1.7821, TAL: 0.0000, Adv: 6.8198) | Train Acc: 0.9838 | Val Acc: 0.9478 | Val P/R/F1 (Macro): 0.6054/0.5896/0.5912 | LR: 0.000001
Epoch [79/100] | Loss: 2.7639 (Cls: 1.7413, TAL: 0.0000, Adv: 6.8176) | Train Acc: 1.0000 | Val Acc: 0.9217 | Val P/R/F1 (Macro): 0.5917/0.5582/0.5568 | LR: 0.000001
Epoch [80/100] | Loss: 2.7790 (Cls: 1.7548, TAL: 0.0000, Adv: 6.8279) | Train Acc: 0.9907 | Val Acc: 0.9130 | Val P/R/F1 (Macro): 0.6017/0.5412/0.5547 | LR: 0.000001
Epoch [81/100] | Loss: 2.7706 (Cls: 1.7476, TAL: 0.0000, Adv: 6.8198) | Train Acc: 0.9977 | Val Acc: 0.9043 | Val P/R/F1 (Macro): 0.5977/0.5269/0.5430 | LR: 0.000001
Epoch [82/100] | Loss: 2.8149 (Cls: 1.7644, TAL: 0.0000, Adv: 7.0033) | Train Acc: 0.9954 | Val Acc: 0.9217 | Val P/R/F1 (Macro): 0.5365/0.5249/0.5267 | LR: 0.000001
Epoch [83/100] | Loss: 2.8056 (Cls: 1.7650, TAL: 0.0000, Adv: 6.9376) | Train Acc: 0.9907 | Val Acc: 0.9130 | Val P/R/F1 (Macro): 0.5976/0.5742/0.5790 | LR: 0.000001
Epoch [84/100] | Loss: 2.8101 (Cls: 1.7662, TAL: 0.0000, Adv: 6.9589) | Train Acc: 0.9977 | Val Acc: 0.9304 | Val P/R/F1 (Macro): 0.5980/0.5593/0.5624 | LR: 0.000001
Epoch [85/100] | Loss: 2.8269 (Cls: 1.7565, TAL: 0.0000, Adv: 7.1356) | Train Acc: 0.9977 | Val Acc: 0.9130 | Val P/R/F1 (Macro): 0.6033/0.5482/0.5572 | LR: 0.000001
Epoch [86/100] | Loss: 2.8419 (Cls: 1.7780, TAL: 0.0000, Adv: 7.0921) | Train Acc: 0.9954 | Val Acc: 0.9217 | Val P/R/F1 (Macro): 0.5856/0.5479/0.5527 | LR: 0.000001
Epoch [87/100] | Loss: 2.8321 (Cls: 1.7611, TAL: 0.0000, Adv: 7.1402) | Train Acc: 0.9931 | Val Acc: 0.9217 | Val P/R/F1 (Macro): 0.5982/0.5584/0.5626 | LR: 0.000001
Epoch [88/100] | Loss: 2.8078 (Cls: 1.7561, TAL: 0.0000, Adv: 7.0110) | Train Acc: 0.9977 | Val Acc: 0.9304 | Val P/R/F1 (Macro): 0.5993/0.5605/0.5647 | LR: 0.000001
Epoch [89/100] | Loss: 2.8061 (Cls: 1.7504, TAL: 0.0000, Adv: 7.0378) | Train Acc: 0.9954 | Val Acc: 0.9391 | Val P/R/F1 (Macro): 0.6029/0.5846/0.5880 | LR: 0.000001
Epoch [90/100] | Loss: 2.8130 (Cls: 1.7539, TAL: 0.0000, Adv: 7.0609) | Train Acc: 0.9977 | Val Acc: 0.9391 | Val P/R/F1 (Macro): 0.6070/0.5648/0.5702 | LR: 0.000001
Epoch [91/100] | Loss: 2.8105 (Cls: 1.7495, TAL: 0.0000, Adv: 7.0733) | Train Acc: 1.0000 | Val Acc: 0.9304 | Val P/R/F1 (Macro): 0.6087/0.5793/0.5885 | LR: 0.000001
Epoch [92/100] | Loss: 2.8384 (Cls: 1.7672, TAL: 0.0000, Adv: 7.1413) | Train Acc: 0.9884 | Val Acc: 0.9304 | Val P/R/F1 (Macro): 0.6116/0.5581/0.5693 | LR: 0.000001
Epoch [93/100] | Loss: 2.8359 (Cls: 1.7601, TAL: 0.0000, Adv: 7.1724) | Train Acc: 0.9977 | Val Acc: 0.9304 | Val P/R/F1 (Macro): 0.6087/0.5428/0.5567 | LR: 0.000001
Epoch [94/100] | Loss: 2.8478 (Cls: 1.7611, TAL: 0.0000, Adv: 7.2449) | Train Acc: 0.9977 | Val Acc: 0.9478 | Val P/R/F1 (Macro): 0.6187/0.5964/0.6045 | LR: 0.000001
Epoch [95/100] | Loss: 2.8333 (Cls: 1.7480, TAL: 0.0000, Adv: 7.2353) | Train Acc: 0.9954 | Val Acc: 0.9304 | Val P/R/F1 (Macro): 0.6130/0.5729/0.5849 | LR: 0.000001
Epoch [96/100] | Loss: 2.8730 (Cls: 1.7687, TAL: 0.0000, Adv: 7.3622) | Train Acc: 0.9861 | Val Acc: 0.9130 | Val P/R/F1 (Macro): 0.5940/0.5495/0.5527 | LR: 0.000001
Epoch [97/100] | Loss: 2.8369 (Cls: 1.7508, TAL: 0.0000, Adv: 7.2404) | Train Acc: 0.9954 | Val Acc: 0.8957 | Val P/R/F1 (Macro): 0.5850/0.5464/0.5479 | LR: 0.000001
Epoch [98/100] | Loss: 2.8338 (Cls: 1.7525, TAL: 0.0000, Adv: 7.2088) | Train Acc: 0.9954 | Val Acc: 0.9391 | Val P/R/F1 (Macro): 0.6066/0.5633/0.5695 | LR: 0.000001
Epoch [99/100] | Loss: 2.8641 (Cls: 1.7866, TAL: 0.0000, Adv: 7.1835) | Train Acc: 0.9931 | Val Acc: 0.9130 | Val P/R/F1 (Macro): 0.5845/0.5451/0.5456 | LR: 0.000001
Epoch [100/100] | Loss: 2.8601 (Cls: 1.7705, TAL: 0.0000, Adv: 7.2639) | Train Acc: 0.9931 | Val Acc: 0.9478 | Val P/R/F1 (Macro): 0.6119/0.5866/0.5942 | LR: 0.000001

迭代 5 最佳指标:
  Accuracy: 0.9652
  Precision (Macro): 0.6213
  Recall (Macro): 0.5961
  F1 (Macro): 0.6039
  Precision (Micro): 0.9652
  Recall (Micro): 0.9652
  F1 (Micro): 0.9652

================================================================================
5次迭代统计结果
================================================================================

accuracy:
  各迭代值: ['0.9478', '0.9391', '0.9652', '0.9478', '0.9652']
  均值 (Mean): 0.9530
  标准差 (Std): 0.0104

precision_macro:
  各迭代值: ['0.6184', '0.6167', '0.6119', '0.6123', '0.6213']
  均值 (Mean): 0.6161
  标准差 (Std): 0.0036

recall_macro:
  各迭代值: ['0.5697', '0.5618', '0.6173', '0.5790', '0.5961']
  均值 (Mean): 0.5848
  标准差 (Std): 0.0199

f1_macro:
  各迭代值: ['0.5800', '0.5748', '0.6135', '0.5883', '0.6039']
  均值 (Mean): 0.5921
  标准差 (Std): 0.0145

precision_micro:
  各迭代值: ['0.9478', '0.9391', '0.9652', '0.9478', '0.9652']
  均值 (Mean): 0.9530
  标准差 (Std): 0.0104

recall_micro:
  各迭代值: ['0.9478', '0.9391', '0.9652', '0.9478', '0.9652']
  均值 (Mean): 0.9530
  标准差 (Std): 0.0104

f1_micro:
  各迭代值: ['0.9478', '0.9391', '0.9652', '0.9478', '0.9652']
  均值 (Mean): 0.9530
  标准差 (Std): 0.0104

训练结束时间: 2026-06-23 13:39:56
================================================================================
