================================================================================
模块消融实验 - without_tensor_with_ot
目标域天气: 雨天
训练开始时间: 2026-06-24 23:18:28
设备: cuda
源域: /home/lixiang/lx/Data/晴天
目标域: /home/lixiang/lx/Data/雨天
批次大小: 64
总轮数: 100
迭代次数: 5
使用Tensor模块: 否
使用OT模块: 是
特征融合方式: 通道拼接
域对齐方式: 最优传输
================================================================================

================================================================================
迭代 1/5
随机种子: 42
================================================================================
Feature fusion: Channel concatenation (512+512); fused_dim=1024
Domain adaptation: Neural OT generator with 3-domain discriminator
Loss weights: tensor=0.00, adv=0.15
Epoch [1/100] | Loss: 9.0068 (Cls: 8.9621, TAL: 0.0000, Adv: 0.2976) | Train Acc: 0.1250 | Val Acc: 0.2308 | Val P/R/F1 (Macro): 0.0655/0.0696/0.0543 | LR: 0.000010
  >>> New Best Val Acc: 0.2308
Epoch [2/100] | Loss: 7.0800 (Cls: 7.0253, TAL: 0.0000, Adv: 0.3647) | Train Acc: 0.2656 | Val Acc: 0.2692 | Val P/R/F1 (Macro): 0.0672/0.0839/0.0577 | LR: 0.000010
  >>> New Best Val Acc: 0.2692
Epoch [3/100] | Loss: 6.1371 (Cls: 6.0886, TAL: 0.0000, Adv: 0.3233) | Train Acc: 0.3125 | Val Acc: 0.4231 | Val P/R/F1 (Macro): 0.1156/0.1786/0.1151 | LR: 0.000010
  >>> New Best Val Acc: 0.4231
Epoch [4/100] | Loss: 5.6773 (Cls: 5.6223, TAL: 0.0000, Adv: 0.3667) | Train Acc: 0.3281 | Val Acc: 0.2692 | Val P/R/F1 (Macro): 0.0446/0.1429/0.0635 | LR: 0.000010
Epoch [5/100] | Loss: 5.4149 (Cls: 5.3698, TAL: 0.0000, Adv: 0.3007) | Train Acc: 0.4531 | Val Acc: 0.1923 | Val P/R/F1 (Macro): 0.0137/0.0714/0.0230 | LR: 0.000010
Epoch [6/100] | Loss: 4.7639 (Cls: 4.7160, TAL: 0.0000, Adv: 0.3198) | Train Acc: 0.5312 | Val Acc: 0.1923 | Val P/R/F1 (Macro): 0.0137/0.0714/0.0230 | LR: 0.000010
Epoch [7/100] | Loss: 4.5766 (Cls: 4.5250, TAL: 0.0000, Adv: 0.3436) | Train Acc: 0.5781 | Val Acc: 0.1923 | Val P/R/F1 (Macro): 0.0137/0.0714/0.0230 | LR: 0.000010
Epoch [8/100] | Loss: 4.5610 (Cls: 4.5144, TAL: 0.0000, Adv: 0.3104) | Train Acc: 0.5938 | Val Acc: 0.1923 | Val P/R/F1 (Macro): 0.0137/0.0714/0.0230 | LR: 0.000010
Epoch [9/100] | Loss: 4.8315 (Cls: 4.7826, TAL: 0.0000, Adv: 0.3261) | Train Acc: 0.5938 | Val Acc: 0.1923 | Val P/R/F1 (Macro): 0.0137/0.0714/0.0230 | LR: 0.000010
Epoch [10/100] | Loss: 3.7238 (Cls: 3.6797, TAL: 0.0000, Adv: 0.2944) | Train Acc: 0.6875 | Val Acc: 0.3077 | Val P/R/F1 (Macro): 0.1200/0.1518/0.0828 | LR: 0.000010
Epoch [11/100] | Loss: 3.7920 (Cls: 3.7391, TAL: 0.0000, Adv: 0.3528) | Train Acc: 0.7344 | Val Acc: 0.2692 | Val P/R/F1 (Macro): 0.1155/0.1375/0.0749 | LR: 0.000010
Epoch [12/100] | Loss: 3.6526 (Cls: 3.5996, TAL: 0.0000, Adv: 0.3537) | Train Acc: 0.6875 | Val Acc: 0.3077 | Val P/R/F1 (Macro): 0.1200/0.1518/0.0828 | LR: 0.000010
Epoch [13/100] | Loss: 3.5321 (Cls: 3.4763, TAL: 0.0000, Adv: 0.3718) | Train Acc: 0.7344 | Val Acc: 0.3077 | Val P/R/F1 (Macro): 0.1141/0.1518/0.0784 | LR: 0.000010
Epoch [14/100] | Loss: 3.5574 (Cls: 3.5028, TAL: 0.0000, Adv: 0.3640) | Train Acc: 0.8438 | Val Acc: 0.3077 | Val P/R/F1 (Macro): 0.0893/0.0982/0.0675 | LR: 0.000005
Epoch [15/100] | Loss: 3.1097 (Cls: 3.0515, TAL: 0.0000, Adv: 0.3882) | Train Acc: 0.9375 | Val Acc: 0.3077 | Val P/R/F1 (Macro): 0.0893/0.0982/0.0675 | LR: 0.000005
Epoch [16/100] | Loss: 3.0221 (Cls: 2.9619, TAL: 0.0000, Adv: 0.4013) | Train Acc: 0.8594 | Val Acc: 0.3077 | Val P/R/F1 (Macro): 0.0884/0.0982/0.0664 | LR: 0.000005
Epoch [17/100] | Loss: 2.8630 (Cls: 2.7953, TAL: 0.0000, Adv: 0.4511) | Train Acc: 0.9688 | Val Acc: 0.3462 | Val P/R/F1 (Macro): 0.0759/0.1071/0.0737 | LR: 0.000005
Epoch [18/100] | Loss: 3.0151 (Cls: 2.9632, TAL: 0.0000, Adv: 0.3458) | Train Acc: 0.8750 | Val Acc: 0.3846 | Val P/R/F1 (Macro): 0.1484/0.1250/0.1036 | LR: 0.000005
Epoch [19/100] | Loss: 2.7720 (Cls: 2.7155, TAL: 0.0000, Adv: 0.3766) | Train Acc: 0.9062 | Val Acc: 0.4615 | Val P/R/F1 (Macro): 0.1857/0.1786/0.1548 | LR: 0.000005
  >>> New Best Val Acc: 0.4615
Epoch [20/100] | Loss: 2.6713 (Cls: 2.6040, TAL: 0.0000, Adv: 0.4489) | Train Acc: 0.9375 | Val Acc: 0.5385 | Val P/R/F1 (Macro): 0.2134/0.2321/0.1928 | LR: 0.000005
  >>> New Best Val Acc: 0.5385
Epoch [21/100] | Loss: 3.1694 (Cls: 3.1111, TAL: 0.0000, Adv: 0.3885) | Train Acc: 0.8906 | Val Acc: 0.5769 | Val P/R/F1 (Macro): 0.2253/0.2500/0.2095 | LR: 0.000005
  >>> New Best Val Acc: 0.5769
Epoch [22/100] | Loss: 2.9237 (Cls: 2.8566, TAL: 0.0000, Adv: 0.4471) | Train Acc: 0.8750 | Val Acc: 0.5769 | Val P/R/F1 (Macro): 0.2253/0.2500/0.2095 | LR: 0.000005
Epoch [23/100] | Loss: 2.7468 (Cls: 2.6856, TAL: 0.0000, Adv: 0.4081) | Train Acc: 0.9219 | Val Acc: 0.5769 | Val P/R/F1 (Macro): 0.2253/0.2500/0.2095 | LR: 0.000005
Epoch [24/100] | Loss: 2.7608 (Cls: 2.7005, TAL: 0.0000, Adv: 0.4020) | Train Acc: 0.9375 | Val Acc: 0.5769 | Val P/R/F1 (Macro): 0.2253/0.2500/0.2095 | LR: 0.000005
Epoch [25/100] | Loss: 2.6252 (Cls: 2.5492, TAL: 0.0000, Adv: 0.5067) | Train Acc: 0.9375 | Val Acc: 0.6538 | Val P/R/F1 (Macro): 0.2987/0.2786/0.2533 | LR: 0.000005
  >>> New Best Val Acc: 0.6538
Epoch [26/100] | Loss: 2.4401 (Cls: 2.3682, TAL: 0.0000, Adv: 0.4798) | Train Acc: 0.9531 | Val Acc: 0.6154 | Val P/R/F1 (Macro): 0.2844/0.2607/0.2394 | LR: 0.000005
Epoch [27/100] | Loss: 2.4296 (Cls: 2.3498, TAL: 0.0000, Adv: 0.5317) | Train Acc: 0.9688 | Val Acc: 0.5385 | Val P/R/F1 (Macro): 0.2440/0.1929/0.1849 | LR: 0.000005
Epoch [28/100] | Loss: 2.5522 (Cls: 2.4672, TAL: 0.0000, Adv: 0.5667) | Train Acc: 0.9219 | Val Acc: 0.5769 | Val P/R/F1 (Macro): 0.2418/0.2071/0.1995 | LR: 0.000005
Epoch [29/100] | Loss: 2.4003 (Cls: 2.3164, TAL: 0.0000, Adv: 0.5592) | Train Acc: 0.9375 | Val Acc: 0.5769 | Val P/R/F1 (Macro): 0.2418/0.2071/0.1995 | LR: 0.000005
Epoch [30/100] | Loss: 2.4826 (Cls: 2.4006, TAL: 0.0000, Adv: 0.5471) | Train Acc: 0.9688 | Val Acc: 0.5769 | Val P/R/F1 (Macro): 0.2418/0.2071/0.1995 | LR: 0.000005
Epoch [31/100] | Loss: 2.3908 (Cls: 2.3102, TAL: 0.0000, Adv: 0.5375) | Train Acc: 0.9688 | Val Acc: 0.6154 | Val P/R/F1 (Macro): 0.2732/0.2429/0.2324 | LR: 0.000005
Epoch [32/100] | Loss: 2.3800 (Cls: 2.2843, TAL: 0.0000, Adv: 0.6383) | Train Acc: 0.9688 | Val Acc: 0.6538 | Val P/R/F1 (Macro): 0.2987/0.2786/0.2533 | LR: 0.000005
Epoch [33/100] | Loss: 2.5405 (Cls: 2.4447, TAL: 0.0000, Adv: 0.6385) | Train Acc: 0.9531 | Val Acc: 0.6154 | Val P/R/F1 (Macro): 0.2976/0.2643/0.2347 | LR: 0.000005
Epoch [34/100] | Loss: 2.5808 (Cls: 2.4746, TAL: 0.0000, Adv: 0.7079) | Train Acc: 0.9375 | Val Acc: 0.6538 | Val P/R/F1 (Macro): 0.2987/0.2786/0.2533 | LR: 0.000005
Epoch [35/100] | Loss: 2.3416 (Cls: 2.2262, TAL: 0.0000, Adv: 0.7698) | Train Acc: 0.9688 | Val Acc: 0.6923 | Val P/R/F1 (Macro): 0.3000/0.2929/0.2679 | LR: 0.000005
  >>> New Best Val Acc: 0.6923
Epoch [36/100] | Loss: 2.5786 (Cls: 2.4715, TAL: 0.0000, Adv: 0.7143) | Train Acc: 0.9219 | Val Acc: 0.6538 | Val P/R/F1 (Macro): 0.2730/0.2786/0.2503 | LR: 0.000005
Epoch [37/100] | Loss: 2.3252 (Cls: 2.2307, TAL: 0.0000, Adv: 0.6301) | Train Acc: 0.9531 | Val Acc: 0.6538 | Val P/R/F1 (Macro): 0.2730/0.2786/0.2503 | LR: 0.000005
Epoch [38/100] | Loss: 2.4907 (Cls: 2.3759, TAL: 0.0000, Adv: 0.7655) | Train Acc: 0.9688 | Val Acc: 0.6923 | Val P/R/F1 (Macro): 0.2798/0.2929/0.2658 | LR: 0.000005
Epoch [39/100] | Loss: 2.3739 (Cls: 2.2651, TAL: 0.0000, Adv: 0.7251) | Train Acc: 0.9688 | Val Acc: 0.6923 | Val P/R/F1 (Macro): 0.3000/0.2929/0.2679 | LR: 0.000005
Epoch [40/100] | Loss: 2.3790 (Cls: 2.2429, TAL: 0.0000, Adv: 0.9077) | Train Acc: 0.9844 | Val Acc: 0.6923 | Val P/R/F1 (Macro): 0.3000/0.2929/0.2679 | LR: 0.000005
Epoch [41/100] | Loss: 2.1138 (Cls: 1.9958, TAL: 0.0000, Adv: 0.7870) | Train Acc: 0.9844 | Val Acc: 0.7308 | Val P/R/F1 (Macro): 0.3016/0.3071/0.2799 | LR: 0.000005
  >>> New Best Val Acc: 0.7308
Epoch [42/100] | Loss: 2.2816 (Cls: 2.1528, TAL: 0.0000, Adv: 0.8587) | Train Acc: 1.0000 | Val Acc: 0.7692 | Val P/R/F1 (Macro): 0.2942/0.3214/0.2872 | LR: 0.000005
  >>> New Best Val Acc: 0.7692
Epoch [43/100] | Loss: 2.1889 (Cls: 2.0444, TAL: 0.0000, Adv: 0.9633) | Train Acc: 0.9844 | Val Acc: 0.6923 | Val P/R/F1 (Macro): 0.2755/0.2714/0.2579 | LR: 0.000005
Epoch [44/100] | Loss: 2.2614 (Cls: 2.1218, TAL: 0.0000, Adv: 0.9302) | Train Acc: 0.9844 | Val Acc: 0.6154 | Val P/R/F1 (Macro): 0.2642/0.2393/0.2293 | LR: 0.000005
Epoch [45/100] | Loss: 2.2785 (Cls: 2.1149, TAL: 0.0000, Adv: 1.0904) | Train Acc: 0.9844 | Val Acc: 0.5769 | Val P/R/F1 (Macro): 0.3301/0.2429/0.2462 | LR: 0.000005
Epoch [46/100] | Loss: 2.5473 (Cls: 2.3887, TAL: 0.0000, Adv: 1.0572) | Train Acc: 1.0000 | Val Acc: 0.6154 | Val P/R/F1 (Macro): 0.3418/0.2786/0.2630 | LR: 0.000005
Epoch [47/100] | Loss: 2.3427 (Cls: 2.1727, TAL: 0.0000, Adv: 1.1331) | Train Acc: 0.9688 | Val Acc: 0.6923 | Val P/R/F1 (Macro): 0.3500/0.2964/0.2857 | LR: 0.000005
Epoch [48/100] | Loss: 2.3330 (Cls: 2.1529, TAL: 0.0000, Adv: 1.2010) | Train Acc: 1.0000 | Val Acc: 0.6923 | Val P/R/F1 (Macro): 0.3492/0.2964/0.2840 | LR: 0.000005
Epoch [49/100] | Loss: 2.3816 (Cls: 2.1674, TAL: 0.0000, Adv: 1.4281) | Train Acc: 0.9844 | Val Acc: 0.6538 | Val P/R/F1 (Macro): 0.3360/0.2518/0.2521 | LR: 0.000005
Epoch [50/100] | Loss: 2.3270 (Cls: 2.1101, TAL: 0.0000, Adv: 1.4466) | Train Acc: 0.9688 | Val Acc: 0.6538 | Val P/R/F1 (Macro): 0.3357/0.2607/0.2653 | LR: 0.000005
Epoch [51/100] | Loss: 2.2368 (Cls: 2.0538, TAL: 0.0000, Adv: 1.2202) | Train Acc: 0.9844 | Val Acc: 0.6154 | Val P/R/F1 (Macro): 0.2748/0.2518/0.2243 | LR: 0.000005
Epoch [52/100] | Loss: 2.2846 (Cls: 2.0761, TAL: 0.0000, Adv: 1.3902) | Train Acc: 1.0000 | Val Acc: 0.5769 | Val P/R/F1 (Macro): 0.2783/0.2429/0.2176 | LR: 0.000005
Epoch [53/100] | Loss: 2.2690 (Cls: 2.0724, TAL: 0.0000, Adv: 1.3104) | Train Acc: 0.9844 | Val Acc: 0.6538 | Val P/R/F1 (Macro): 0.2987/0.2786/0.2533 | LR: 0.000003
Epoch [54/100] | Loss: 2.2979 (Cls: 2.0768, TAL: 0.0000, Adv: 1.4742) | Train Acc: 0.9844 | Val Acc: 0.6538 | Val P/R/F1 (Macro): 0.2987/0.2786/0.2533 | LR: 0.000003
Epoch [55/100] | Loss: 2.4898 (Cls: 2.2578, TAL: 0.0000, Adv: 1.5468) | Train Acc: 0.9844 | Val Acc: 0.7308 | Val P/R/F1 (Macro): 0.3016/0.3071/0.2799 | LR: 0.000003
Epoch [56/100] | Loss: 2.4306 (Cls: 2.2221, TAL: 0.0000, Adv: 1.3901) | Train Acc: 1.0000 | Val Acc: 0.6538 | Val P/R/F1 (Macro): 0.2987/0.2786/0.2533 | LR: 0.000003
Epoch [57/100] | Loss: 2.3620 (Cls: 2.1341, TAL: 0.0000, Adv: 1.5193) | Train Acc: 0.9688 | Val Acc: 0.6538 | Val P/R/F1 (Macro): 0.2987/0.2786/0.2533 | LR: 0.000003
Epoch [58/100] | Loss: 2.2938 (Cls: 2.0544, TAL: 0.0000, Adv: 1.5960) | Train Acc: 1.0000 | Val Acc: 0.6538 | Val P/R/F1 (Macro): 0.2987/0.2786/0.2533 | LR: 0.000003
Epoch [59/100] | Loss: 2.2125 (Cls: 1.9822, TAL: 0.0000, Adv: 1.5347) | Train Acc: 0.9844 | Val Acc: 0.6538 | Val P/R/F1 (Macro): 0.2987/0.2786/0.2533 | LR: 0.000003
Epoch [60/100] | Loss: 2.5034 (Cls: 2.2600, TAL: 0.0000, Adv: 1.6231) | Train Acc: 1.0000 | Val Acc: 0.6538 | Val P/R/F1 (Macro): 0.2987/0.2786/0.2533 | LR: 0.000003
Epoch [61/100] | Loss: 2.5005 (Cls: 2.2779, TAL: 0.0000, Adv: 1.4842) | Train Acc: 1.0000 | Val Acc: 0.6538 | Val P/R/F1 (Macro): 0.2987/0.2786/0.2533 | LR: 0.000003
Epoch [62/100] | Loss: 2.2914 (Cls: 2.0522, TAL: 0.0000, Adv: 1.5944) | Train Acc: 0.9531 | Val Acc: 0.6538 | Val P/R/F1 (Macro): 0.2987/0.2786/0.2533 | LR: 0.000003
Epoch [63/100] | Loss: 2.2403 (Cls: 1.9929, TAL: 0.0000, Adv: 1.6494) | Train Acc: 1.0000 | Val Acc: 0.6538 | Val P/R/F1 (Macro): 0.2987/0.2786/0.2533 | LR: 0.000003
Epoch [64/100] | Loss: 2.4189 (Cls: 2.1829, TAL: 0.0000, Adv: 1.5731) | Train Acc: 0.9688 | Val Acc: 0.6538 | Val P/R/F1 (Macro): 0.2987/0.2786/0.2533 | LR: 0.000001
Epoch [65/100] | Loss: 2.2740 (Cls: 2.0263, TAL: 0.0000, Adv: 1.6514) | Train Acc: 1.0000 | Val Acc: 0.6923 | Val P/R/F1 (Macro): 0.3000/0.2929/0.2679 | LR: 0.000001
Epoch [66/100] | Loss: 2.1977 (Cls: 1.9605, TAL: 0.0000, Adv: 1.5818) | Train Acc: 1.0000 | Val Acc: 0.7308 | Val P/R/F1 (Macro): 0.3016/0.3071/0.2799 | LR: 0.000001
Epoch [67/100] | Loss: 2.1979 (Cls: 1.9521, TAL: 0.0000, Adv: 1.6392) | Train Acc: 1.0000 | Val Acc: 0.7308 | Val P/R/F1 (Macro): 0.3016/0.3071/0.2799 | LR: 0.000001
Epoch [68/100] | Loss: 2.2717 (Cls: 2.0152, TAL: 0.0000, Adv: 1.7103) | Train Acc: 1.0000 | Val Acc: 0.7308 | Val P/R/F1 (Macro): 0.3016/0.3071/0.2799 | LR: 0.000001
Epoch [69/100] | Loss: 2.2141 (Cls: 1.9657, TAL: 0.0000, Adv: 1.6560) | Train Acc: 1.0000 | Val Acc: 0.7308 | Val P/R/F1 (Macro): 0.3016/0.3071/0.2799 | LR: 0.000001
Epoch [70/100] | Loss: 2.2683 (Cls: 2.0183, TAL: 0.0000, Adv: 1.6671) | Train Acc: 1.0000 | Val Acc: 0.7308 | Val P/R/F1 (Macro): 0.3016/0.3071/0.2799 | LR: 0.000001
Epoch [71/100] | Loss: 2.1761 (Cls: 1.8970, TAL: 0.0000, Adv: 1.8609) | Train Acc: 1.0000 | Val Acc: 0.7308 | Val P/R/F1 (Macro): 0.3016/0.3071/0.2799 | LR: 0.000001
Epoch [72/100] | Loss: 2.1827 (Cls: 1.9158, TAL: 0.0000, Adv: 1.7794) | Train Acc: 1.0000 | Val Acc: 0.7308 | Val P/R/F1 (Macro): 0.3016/0.3071/0.2799 | LR: 0.000001
Epoch [73/100] | Loss: 2.2183 (Cls: 1.9583, TAL: 0.0000, Adv: 1.7331) | Train Acc: 1.0000 | Val Acc: 0.7308 | Val P/R/F1 (Macro): 0.3016/0.3071/0.2799 | LR: 0.000001
Epoch [74/100] | Loss: 2.2562 (Cls: 2.0173, TAL: 0.0000, Adv: 1.5923) | Train Acc: 1.0000 | Val Acc: 0.7308 | Val P/R/F1 (Macro): 0.3016/0.3071/0.2799 | LR: 0.000001
Epoch [75/100] | Loss: 2.2460 (Cls: 2.0205, TAL: 0.0000, Adv: 1.5033) | Train Acc: 0.9844 | Val Acc: 0.7308 | Val P/R/F1 (Macro): 0.3016/0.3071/0.2799 | LR: 0.000001
Epoch [76/100] | Loss: 2.3145 (Cls: 2.0364, TAL: 0.0000, Adv: 1.8538) | Train Acc: 1.0000 | Val Acc: 0.7308 | Val P/R/F1 (Macro): 0.3016/0.3071/0.2799 | LR: 0.000001
Epoch [77/100] | Loss: 2.2377 (Cls: 1.9682, TAL: 0.0000, Adv: 1.7963) | Train Acc: 1.0000 | Val Acc: 0.6538 | Val P/R/F1 (Macro): 0.2881/0.2750/0.2512 | LR: 0.000001
Epoch [78/100] | Loss: 2.3271 (Cls: 2.0723, TAL: 0.0000, Adv: 1.6988) | Train Acc: 0.9688 | Val Acc: 0.7308 | Val P/R/F1 (Macro): 0.3016/0.3071/0.2799 | LR: 0.000001
Epoch [79/100] | Loss: 2.1857 (Cls: 1.9278, TAL: 0.0000, Adv: 1.7191) | Train Acc: 1.0000 | Val Acc: 0.6923 | Val P/R/F1 (Macro): 0.2897/0.2893/0.2632 | LR: 0.000001
Epoch [80/100] | Loss: 2.1682 (Cls: 1.9095, TAL: 0.0000, Adv: 1.7250) | Train Acc: 1.0000 | Val Acc: 0.7308 | Val P/R/F1 (Macro): 0.3016/0.3071/0.2799 | LR: 0.000001
Epoch [81/100] | Loss: 2.1780 (Cls: 1.8846, TAL: 0.0000, Adv: 1.9557) | Train Acc: 1.0000 | Val Acc: 0.7308 | Val P/R/F1 (Macro): 0.3016/0.3071/0.2799 | LR: 0.000001
Epoch [82/100] | Loss: 2.1924 (Cls: 1.9358, TAL: 0.0000, Adv: 1.7109) | Train Acc: 0.9844 | Val Acc: 0.7308 | Val P/R/F1 (Macro): 0.3016/0.3071/0.2799 | LR: 0.000001
Epoch [83/100] | Loss: 2.2637 (Cls: 2.0260, TAL: 0.0000, Adv: 1.5843) | Train Acc: 1.0000 | Val Acc: 0.6923 | Val P/R/F1 (Macro): 0.2897/0.2893/0.2632 | LR: 0.000001
Epoch [84/100] | Loss: 2.1477 (Cls: 1.8769, TAL: 0.0000, Adv: 1.8051) | Train Acc: 1.0000 | Val Acc: 0.6923 | Val P/R/F1 (Macro): 0.2897/0.2893/0.2632 | LR: 0.000001
Epoch [85/100] | Loss: 2.1709 (Cls: 1.8870, TAL: 0.0000, Adv: 1.8927) | Train Acc: 1.0000 | Val Acc: 0.6538 | Val P/R/F1 (Macro): 0.2881/0.2750/0.2512 | LR: 0.000001
Epoch [86/100] | Loss: 2.1758 (Cls: 1.9087, TAL: 0.0000, Adv: 1.7813) | Train Acc: 0.9844 | Val Acc: 0.6538 | Val P/R/F1 (Macro): 0.2881/0.2750/0.2512 | LR: 0.000001
Epoch [87/100] | Loss: 2.2163 (Cls: 1.9225, TAL: 0.0000, Adv: 1.9591) | Train Acc: 1.0000 | Val Acc: 0.6923 | Val P/R/F1 (Macro): 0.2897/0.2893/0.2632 | LR: 0.000001
Epoch [88/100] | Loss: 2.2026 (Cls: 1.9481, TAL: 0.0000, Adv: 1.6963) | Train Acc: 1.0000 | Val Acc: 0.6154 | Val P/R/F1 (Macro): 0.2796/0.2571/0.2321 | LR: 0.000001
Epoch [89/100] | Loss: 2.2299 (Cls: 1.9488, TAL: 0.0000, Adv: 1.8734) | Train Acc: 0.9688 | Val Acc: 0.6154 | Val P/R/F1 (Macro): 0.2796/0.2571/0.2321 | LR: 0.000001
Epoch [90/100] | Loss: 2.2131 (Cls: 1.9412, TAL: 0.0000, Adv: 1.8132) | Train Acc: 1.0000 | Val Acc: 0.6154 | Val P/R/F1 (Macro): 0.2796/0.2571/0.2321 | LR: 0.000001
Epoch [91/100] | Loss: 2.1537 (Cls: 1.8927, TAL: 0.0000, Adv: 1.7402) | Train Acc: 1.0000 | Val Acc: 0.6154 | Val P/R/F1 (Macro): 0.2796/0.2571/0.2321 | LR: 0.000001
Epoch [92/100] | Loss: 2.3006 (Cls: 2.0162, TAL: 0.0000, Adv: 1.8960) | Train Acc: 0.9844 | Val Acc: 0.6923 | Val P/R/F1 (Macro): 0.2897/0.2893/0.2632 | LR: 0.000001
Epoch [93/100] | Loss: 2.1439 (Cls: 1.8762, TAL: 0.0000, Adv: 1.7845) | Train Acc: 1.0000 | Val Acc: 0.6154 | Val P/R/F1 (Macro): 0.2796/0.2571/0.2321 | LR: 0.000001
Epoch [94/100] | Loss: 2.1944 (Cls: 1.9392, TAL: 0.0000, Adv: 1.7011) | Train Acc: 0.9844 | Val Acc: 0.6154 | Val P/R/F1 (Macro): 0.2796/0.2571/0.2321 | LR: 0.000001
Epoch [95/100] | Loss: 2.2205 (Cls: 1.9465, TAL: 0.0000, Adv: 1.8269) | Train Acc: 1.0000 | Val Acc: 0.6154 | Val P/R/F1 (Macro): 0.2796/0.2571/0.2321 | LR: 0.000001
Epoch [96/100] | Loss: 2.1964 (Cls: 1.9283, TAL: 0.0000, Adv: 1.7875) | Train Acc: 1.0000 | Val Acc: 0.6154 | Val P/R/F1 (Macro): 0.2796/0.2571/0.2321 | LR: 0.000001
Epoch [97/100] | Loss: 2.1545 (Cls: 1.8939, TAL: 0.0000, Adv: 1.7377) | Train Acc: 1.0000 | Val Acc: 0.6538 | Val P/R/F1 (Macro): 0.2881/0.2750/0.2512 | LR: 0.000001
Epoch [98/100] | Loss: 2.2078 (Cls: 1.9283, TAL: 0.0000, Adv: 1.8634) | Train Acc: 1.0000 | Val Acc: 0.6538 | Val P/R/F1 (Macro): 0.2881/0.2750/0.2512 | LR: 0.000001
Epoch [99/100] | Loss: 2.1635 (Cls: 1.9052, TAL: 0.0000, Adv: 1.7220) | Train Acc: 1.0000 | Val Acc: 0.6538 | Val P/R/F1 (Macro): 0.2881/0.2750/0.2512 | LR: 0.000001
Epoch [100/100] | Loss: 2.2336 (Cls: 1.9571, TAL: 0.0000, Adv: 1.8436) | Train Acc: 0.9844 | Val Acc: 0.6538 | Val P/R/F1 (Macro): 0.2881/0.2750/0.2512 | LR: 0.000001

迭代 1 最佳指标:
  Accuracy: 0.7692
  Precision (Macro): 0.2942
  Recall (Macro): 0.3214
  F1 (Macro): 0.2872
  Precision (Micro): 0.7692
  Recall (Micro): 0.7692
  F1 (Micro): 0.7692

================================================================================
迭代 2/5
随机种子: 43
================================================================================
Feature fusion: Channel concatenation (512+512); fused_dim=1024
Domain adaptation: Neural OT generator with 3-domain discriminator
Loss weights: tensor=0.00, adv=0.15
Epoch [1/100] | Loss: 10.1428 (Cls: 10.0918, TAL: 0.0000, Adv: 0.3399) | Train Acc: 0.0938 | Val Acc: 0.0769 | Val P/R/F1 (Macro): 0.0060/0.0714/0.0110 | LR: 0.000010
  >>> New Best Val Acc: 0.0769
Epoch [2/100] | Loss: 6.5420 (Cls: 6.4841, TAL: 0.0000, Adv: 0.3857) | Train Acc: 0.2969 | Val Acc: 0.1538 | Val P/R/F1 (Macro): 0.0354/0.1000/0.0410 | LR: 0.000010
  >>> New Best Val Acc: 0.1538
Epoch [3/100] | Loss: 5.8941 (Cls: 5.8219, TAL: 0.0000, Adv: 0.4811) | Train Acc: 0.4219 | Val Acc: 0.1923 | Val P/R/F1 (Macro): 0.0238/0.0714/0.0357 | LR: 0.000010
  >>> New Best Val Acc: 0.1923
Epoch [4/100] | Loss: 5.3109 (Cls: 5.2550, TAL: 0.0000, Adv: 0.3722) | Train Acc: 0.4688 | Val Acc: 0.1923 | Val P/R/F1 (Macro): 0.0210/0.0714/0.0325 | LR: 0.000010
Epoch [5/100] | Loss: 4.5932 (Cls: 4.5175, TAL: 0.0000, Adv: 0.5043) | Train Acc: 0.6250 | Val Acc: 0.1923 | Val P/R/F1 (Macro): 0.0188/0.0714/0.0298 | LR: 0.000010
Epoch [6/100] | Loss: 4.9201 (Cls: 4.8569, TAL: 0.0000, Adv: 0.4215) | Train Acc: 0.4688 | Val Acc: 0.1923 | Val P/R/F1 (Macro): 0.0155/0.0714/0.0255 | LR: 0.000010
Epoch [7/100] | Loss: 4.2976 (Cls: 4.2358, TAL: 0.0000, Adv: 0.4115) | Train Acc: 0.5781 | Val Acc: 0.1923 | Val P/R/F1 (Macro): 0.0275/0.0714/0.0397 | LR: 0.000010
Epoch [8/100] | Loss: 4.2313 (Cls: 4.1570, TAL: 0.0000, Adv: 0.4951) | Train Acc: 0.6094 | Val Acc: 0.1923 | Val P/R/F1 (Macro): 0.0210/0.0714/0.0325 | LR: 0.000010
Epoch [9/100] | Loss: 4.1187 (Cls: 4.0457, TAL: 0.0000, Adv: 0.4867) | Train Acc: 0.5625 | Val Acc: 0.1923 | Val P/R/F1 (Macro): 0.0179/0.0714/0.0286 | LR: 0.000010
Epoch [10/100] | Loss: 3.4581 (Cls: 3.3849, TAL: 0.0000, Adv: 0.4879) | Train Acc: 0.7500 | Val Acc: 0.1923 | Val P/R/F1 (Macro): 0.0170/0.0714/0.0275 | LR: 0.000010
Epoch [11/100] | Loss: 3.8673 (Cls: 3.7884, TAL: 0.0000, Adv: 0.5262) | Train Acc: 0.7188 | Val Acc: 0.1923 | Val P/R/F1 (Macro): 0.0238/0.0714/0.0357 | LR: 0.000010
Epoch [12/100] | Loss: 3.1178 (Cls: 3.0435, TAL: 0.0000, Adv: 0.4956) | Train Acc: 0.7656 | Val Acc: 0.2308 | Val P/R/F1 (Macro): 0.0402/0.1071/0.0556 | LR: 0.000010
  >>> New Best Val Acc: 0.2308
Epoch [13/100] | Loss: 3.4159 (Cls: 3.3432, TAL: 0.0000, Adv: 0.4848) | Train Acc: 0.8750 | Val Acc: 0.2308 | Val P/R/F1 (Macro): 0.0330/0.1071/0.0492 | LR: 0.000010
Epoch [14/100] | Loss: 3.1350 (Cls: 3.0526, TAL: 0.0000, Adv: 0.5496) | Train Acc: 0.9062 | Val Acc: 0.2308 | Val P/R/F1 (Macro): 0.0315/0.1071/0.0478 | LR: 0.000010
Epoch [15/100] | Loss: 2.9006 (Cls: 2.8035, TAL: 0.0000, Adv: 0.6473) | Train Acc: 0.8594 | Val Acc: 0.1923 | Val P/R/F1 (Macro): 0.0188/0.0714/0.0298 | LR: 0.000010
Epoch [16/100] | Loss: 3.4760 (Cls: 3.3819, TAL: 0.0000, Adv: 0.6275) | Train Acc: 0.7500 | Val Acc: 0.2308 | Val P/R/F1 (Macro): 0.0893/0.0804/0.0444 | LR: 0.000010
Epoch [17/100] | Loss: 3.2876 (Cls: 3.1875, TAL: 0.0000, Adv: 0.6671) | Train Acc: 0.8281 | Val Acc: 0.3462 | Val P/R/F1 (Macro): 0.1813/0.1429/0.1120 | LR: 0.000010
  >>> New Best Val Acc: 0.3462
Epoch [18/100] | Loss: 3.0644 (Cls: 2.9265, TAL: 0.0000, Adv: 0.9195) | Train Acc: 0.9375 | Val Acc: 0.3462 | Val P/R/F1 (Macro): 0.1714/0.1536/0.1298 | LR: 0.000010
Epoch [19/100] | Loss: 3.0777 (Cls: 2.9645, TAL: 0.0000, Adv: 0.7549) | Train Acc: 0.9062 | Val Acc: 0.4231 | Val P/R/F1 (Macro): 0.1977/0.1964/0.1490 | LR: 0.000010
  >>> New Best Val Acc: 0.4231
Epoch [20/100] | Loss: 3.1381 (Cls: 2.9919, TAL: 0.0000, Adv: 0.9747) | Train Acc: 0.9375 | Val Acc: 0.3846 | Val P/R/F1 (Macro): 0.1872/0.1786/0.1222 | LR: 0.000010
Epoch [21/100] | Loss: 2.8026 (Cls: 2.6618, TAL: 0.0000, Adv: 0.9383) | Train Acc: 0.8750 | Val Acc: 0.4231 | Val P/R/F1 (Macro): 0.1869/0.1875/0.1334 | LR: 0.000010
Epoch [22/100] | Loss: 2.7560 (Cls: 2.5946, TAL: 0.0000, Adv: 1.0764) | Train Acc: 0.9219 | Val Acc: 0.4231 | Val P/R/F1 (Macro): 0.1905/0.1875/0.1356 | LR: 0.000010
Epoch [23/100] | Loss: 2.6107 (Cls: 2.4320, TAL: 0.0000, Adv: 1.1914) | Train Acc: 0.9375 | Val Acc: 0.4231 | Val P/R/F1 (Macro): 0.1935/0.1875/0.1376 | LR: 0.000010
Epoch [24/100] | Loss: 2.3841 (Cls: 2.2087, TAL: 0.0000, Adv: 1.1693) | Train Acc: 0.9531 | Val Acc: 0.4615 | Val P/R/F1 (Macro): 0.1916/0.1964/0.1458 | LR: 0.000010
  >>> New Best Val Acc: 0.4615
Epoch [25/100] | Loss: 2.5337 (Cls: 2.3390, TAL: 0.0000, Adv: 1.2980) | Train Acc: 0.9375 | Val Acc: 0.5385 | Val P/R/F1 (Macro): 0.2683/0.2286/0.1939 | LR: 0.000010
  >>> New Best Val Acc: 0.5385
Epoch [26/100] | Loss: 2.4105 (Cls: 2.1887, TAL: 0.0000, Adv: 1.4782) | Train Acc: 0.9531 | Val Acc: 0.5769 | Val P/R/F1 (Macro): 0.2530/0.2429/0.2128 | LR: 0.000010
  >>> New Best Val Acc: 0.5769
Epoch [27/100] | Loss: 2.4404 (Cls: 2.2129, TAL: 0.0000, Adv: 1.5168) | Train Acc: 0.9531 | Val Acc: 0.5000 | Val P/R/F1 (Macro): 0.2304/0.1893/0.1725 | LR: 0.000010
Epoch [28/100] | Loss: 2.3156 (Cls: 2.0623, TAL: 0.0000, Adv: 1.6887) | Train Acc: 0.9844 | Val Acc: 0.5769 | Val P/R/F1 (Macro): 0.2468/0.2250/0.2110 | LR: 0.000010
Epoch [29/100] | Loss: 2.5263 (Cls: 2.2704, TAL: 0.0000, Adv: 1.7064) | Train Acc: 0.9844 | Val Acc: 0.6154 | Val P/R/F1 (Macro): 0.2500/0.2429/0.2242 | LR: 0.000010
  >>> New Best Val Acc: 0.6154
Epoch [30/100] | Loss: 2.4659 (Cls: 2.1911, TAL: 0.0000, Adv: 1.8323) | Train Acc: 1.0000 | Val Acc: 0.6538 | Val P/R/F1 (Macro): 0.2689/0.2786/0.2443 | LR: 0.000010
  >>> New Best Val Acc: 0.6538
Epoch [31/100] | Loss: 2.7695 (Cls: 2.4366, TAL: 0.0000, Adv: 2.2195) | Train Acc: 0.9375 | Val Acc: 0.5769 | Val P/R/F1 (Macro): 0.2738/0.2554/0.2150 | LR: 0.000010
Epoch [32/100] | Loss: 2.6139 (Cls: 2.2926, TAL: 0.0000, Adv: 2.1421) | Train Acc: 0.9531 | Val Acc: 0.5769 | Val P/R/F1 (Macro): 0.2738/0.2554/0.2150 | LR: 0.000010
Epoch [33/100] | Loss: 2.7032 (Cls: 2.3633, TAL: 0.0000, Adv: 2.2656) | Train Acc: 0.9062 | Val Acc: 0.6923 | Val P/R/F1 (Macro): 0.2714/0.2929/0.2602 | LR: 0.000010
  >>> New Best Val Acc: 0.6923
Epoch [34/100] | Loss: 2.6177 (Cls: 2.2379, TAL: 0.0000, Adv: 2.5323) | Train Acc: 0.9688 | Val Acc: 0.8462 | Val P/R/F1 (Macro): 0.3724/0.3929/0.3690 | LR: 0.000010
  >>> New Best Val Acc: 0.8462
Epoch [35/100] | Loss: 2.6955 (Cls: 2.3545, TAL: 0.0000, Adv: 2.2738) | Train Acc: 1.0000 | Val Acc: 0.7308 | Val P/R/F1 (Macro): 0.2825/0.3018/0.2718 | LR: 0.000010
Epoch [36/100] | Loss: 2.8797 (Cls: 2.5391, TAL: 0.0000, Adv: 2.2705) | Train Acc: 0.9375 | Val Acc: 0.5385 | Val P/R/F1 (Macro): 0.1892/0.2357/0.1893 | LR: 0.000010
Epoch [37/100] | Loss: 2.5689 (Cls: 2.1925, TAL: 0.0000, Adv: 2.5098) | Train Acc: 0.9688 | Val Acc: 0.6538 | Val P/R/F1 (Macro): 0.2713/0.2732/0.2344 | LR: 0.000010
Epoch [38/100] | Loss: 2.8709 (Cls: 2.4750, TAL: 0.0000, Adv: 2.6393) | Train Acc: 0.9531 | Val Acc: 0.7308 | Val P/R/F1 (Macro): 0.3070/0.2964/0.2896 | LR: 0.000010
Epoch [39/100] | Loss: 2.4991 (Cls: 2.1168, TAL: 0.0000, Adv: 2.5489) | Train Acc: 0.9531 | Val Acc: 0.6923 | Val P/R/F1 (Macro): 0.2893/0.2929/0.2690 | LR: 0.000010
Epoch [40/100] | Loss: 2.4934 (Cls: 2.1259, TAL: 0.0000, Adv: 2.4501) | Train Acc: 0.9688 | Val Acc: 0.6923 | Val P/R/F1 (Macro): 0.3016/0.2929/0.2700 | LR: 0.000010
Epoch [41/100] | Loss: 2.5489 (Cls: 2.1423, TAL: 0.0000, Adv: 2.7107) | Train Acc: 0.9844 | Val Acc: 0.6538 | Val P/R/F1 (Macro): 0.2774/0.2839/0.2495 | LR: 0.000010
Epoch [42/100] | Loss: 2.5426 (Cls: 2.1356, TAL: 0.0000, Adv: 2.7138) | Train Acc: 0.9531 | Val Acc: 0.6154 | Val P/R/F1 (Macro): 0.2653/0.2661/0.2342 | LR: 0.000010
Epoch [43/100] | Loss: 2.6387 (Cls: 2.1931, TAL: 0.0000, Adv: 2.9704) | Train Acc: 0.9375 | Val Acc: 0.6154 | Val P/R/F1 (Macro): 0.2611/0.2696/0.2252 | LR: 0.000010
Epoch [44/100] | Loss: 2.5354 (Cls: 2.1169, TAL: 0.0000, Adv: 2.7898) | Train Acc: 1.0000 | Val Acc: 0.5769 | Val P/R/F1 (Macro): 0.2252/0.2500/0.2203 | LR: 0.000010
Epoch [45/100] | Loss: 2.4840 (Cls: 2.0648, TAL: 0.0000, Adv: 2.7946) | Train Acc: 0.9531 | Val Acc: 0.6538 | Val P/R/F1 (Macro): 0.2463/0.2679/0.2468 | LR: 0.000005
Epoch [46/100] | Loss: 2.4542 (Cls: 2.0206, TAL: 0.0000, Adv: 2.8906) | Train Acc: 1.0000 | Val Acc: 0.6154 | Val P/R/F1 (Macro): 0.3061/0.2643/0.2529 | LR: 0.000005
Epoch [47/100] | Loss: 2.6994 (Cls: 2.2473, TAL: 0.0000, Adv: 3.0140) | Train Acc: 0.9688 | Val Acc: 0.6154 | Val P/R/F1 (Macro): 0.3061/0.2643/0.2529 | LR: 0.000005
Epoch [48/100] | Loss: 2.4909 (Cls: 2.0511, TAL: 0.0000, Adv: 2.9316) | Train Acc: 0.9844 | Val Acc: 0.7308 | Val P/R/F1 (Macro): 0.2799/0.3071/0.2756 | LR: 0.000005
Epoch [49/100] | Loss: 2.5838 (Cls: 2.1265, TAL: 0.0000, Adv: 3.0490) | Train Acc: 1.0000 | Val Acc: 0.7692 | Val P/R/F1 (Macro): 0.2942/0.3214/0.2872 | LR: 0.000005
Epoch [50/100] | Loss: 2.4884 (Cls: 2.0621, TAL: 0.0000, Adv: 2.8421) | Train Acc: 1.0000 | Val Acc: 0.7308 | Val P/R/F1 (Macro): 0.2772/0.2857/0.2679 | LR: 0.000005
Epoch [51/100] | Loss: 2.4601 (Cls: 2.0098, TAL: 0.0000, Adv: 3.0023) | Train Acc: 1.0000 | Val Acc: 0.7692 | Val P/R/F1 (Macro): 0.3482/0.3214/0.3168 | LR: 0.000005
Epoch [52/100] | Loss: 2.5421 (Cls: 2.1231, TAL: 0.0000, Adv: 2.7931) | Train Acc: 1.0000 | Val Acc: 0.7308 | Val P/R/F1 (Macro): 0.3339/0.3071/0.3053 | LR: 0.000005
Epoch [53/100] | Loss: 2.4525 (Cls: 2.0022, TAL: 0.0000, Adv: 3.0019) | Train Acc: 1.0000 | Val Acc: 0.6538 | Val P/R/F1 (Macro): 0.3016/0.2571/0.2645 | LR: 0.000005
Epoch [54/100] | Loss: 2.4622 (Cls: 2.0588, TAL: 0.0000, Adv: 2.6893) | Train Acc: 1.0000 | Val Acc: 0.6923 | Val P/R/F1 (Macro): 0.3290/0.2929/0.2914 | LR: 0.000005
Epoch [55/100] | Loss: 2.5595 (Cls: 2.1304, TAL: 0.0000, Adv: 2.8608) | Train Acc: 0.9844 | Val Acc: 0.6154 | Val P/R/F1 (Macro): 0.2642/0.2393/0.2293 | LR: 0.000005
Epoch [56/100] | Loss: 2.6163 (Cls: 2.1511, TAL: 0.0000, Adv: 3.1012) | Train Acc: 0.9688 | Val Acc: 0.6154 | Val P/R/F1 (Macro): 0.2633/0.2661/0.2316 | LR: 0.000003
Epoch [57/100] | Loss: 2.4685 (Cls: 2.0529, TAL: 0.0000, Adv: 2.7704) | Train Acc: 0.9531 | Val Acc: 0.5769 | Val P/R/F1 (Macro): 0.2510/0.2482/0.2143 | LR: 0.000003
Epoch [58/100] | Loss: 2.5329 (Cls: 2.0544, TAL: 0.0000, Adv: 3.1903) | Train Acc: 1.0000 | Val Acc: 0.6538 | Val P/R/F1 (Macro): 0.2718/0.2804/0.2469 | LR: 0.000003
Epoch [59/100] | Loss: 2.4457 (Cls: 1.9902, TAL: 0.0000, Adv: 3.0366) | Train Acc: 0.9844 | Val Acc: 0.6538 | Val P/R/F1 (Macro): 0.2718/0.2804/0.2469 | LR: 0.000003
Epoch [60/100] | Loss: 2.3639 (Cls: 1.8915, TAL: 0.0000, Adv: 3.1491) | Train Acc: 1.0000 | Val Acc: 0.6538 | Val P/R/F1 (Macro): 0.2718/0.2804/0.2469 | LR: 0.000003
Epoch [61/100] | Loss: 2.5832 (Cls: 2.1227, TAL: 0.0000, Adv: 3.0700) | Train Acc: 0.9531 | Val Acc: 0.6538 | Val P/R/F1 (Macro): 0.2718/0.2804/0.2469 | LR: 0.000003
Epoch [62/100] | Loss: 2.5107 (Cls: 2.0337, TAL: 0.0000, Adv: 3.1804) | Train Acc: 1.0000 | Val Acc: 0.6923 | Val P/R/F1 (Macro): 0.2873/0.2982/0.2633 | LR: 0.000003
Epoch [63/100] | Loss: 2.4041 (Cls: 1.9623, TAL: 0.0000, Adv: 2.9453) | Train Acc: 0.9688 | Val Acc: 0.7308 | Val P/R/F1 (Macro): 0.3016/0.3071/0.2799 | LR: 0.000003
Epoch [64/100] | Loss: 2.3973 (Cls: 1.9459, TAL: 0.0000, Adv: 3.0094) | Train Acc: 0.9844 | Val Acc: 0.7692 | Val P/R/F1 (Macro): 0.3036/0.3214/0.2905 | LR: 0.000003
Epoch [65/100] | Loss: 2.5350 (Cls: 2.0475, TAL: 0.0000, Adv: 3.2498) | Train Acc: 1.0000 | Val Acc: 0.7692 | Val P/R/F1 (Macro): 0.2942/0.3214/0.2872 | LR: 0.000003
Epoch [66/100] | Loss: 2.4636 (Cls: 1.9909, TAL: 0.0000, Adv: 3.1515) | Train Acc: 1.0000 | Val Acc: 0.8077 | Val P/R/F1 (Macro): 0.3653/0.3571/0.3384 | LR: 0.000003
Epoch [67/100] | Loss: 2.4929 (Cls: 2.0417, TAL: 0.0000, Adv: 3.0079) | Train Acc: 1.0000 | Val Acc: 0.8077 | Val P/R/F1 (Macro): 0.3653/0.3571/0.3384 | LR: 0.000001
Epoch [68/100] | Loss: 2.3420 (Cls: 1.8919, TAL: 0.0000, Adv: 3.0007) | Train Acc: 1.0000 | Val Acc: 0.8077 | Val P/R/F1 (Macro): 0.3690/0.3571/0.3387 | LR: 0.000001
Epoch [69/100] | Loss: 2.4955 (Cls: 2.0624, TAL: 0.0000, Adv: 2.8878) | Train Acc: 1.0000 | Val Acc: 0.7692 | Val P/R/F1 (Macro): 0.2942/0.3214/0.2872 | LR: 0.000001
Epoch [70/100] | Loss: 2.3321 (Cls: 1.8651, TAL: 0.0000, Adv: 3.1131) | Train Acc: 1.0000 | Val Acc: 0.7308 | Val P/R/F1 (Macro): 0.2917/0.3071/0.2760 | LR: 0.000001
Epoch [71/100] | Loss: 2.3519 (Cls: 1.8598, TAL: 0.0000, Adv: 3.2803) | Train Acc: 1.0000 | Val Acc: 0.7308 | Val P/R/F1 (Macro): 0.3016/0.3071/0.2799 | LR: 0.000001
Epoch [72/100] | Loss: 2.3823 (Cls: 1.9192, TAL: 0.0000, Adv: 3.0873) | Train Acc: 1.0000 | Val Acc: 0.7308 | Val P/R/F1 (Macro): 0.3016/0.3071/0.2799 | LR: 0.000001
Epoch [73/100] | Loss: 2.3704 (Cls: 1.9172, TAL: 0.0000, Adv: 3.0209) | Train Acc: 1.0000 | Val Acc: 0.7308 | Val P/R/F1 (Macro): 0.3016/0.3071/0.2799 | LR: 0.000001
Epoch [74/100] | Loss: 2.3797 (Cls: 1.8946, TAL: 0.0000, Adv: 3.2341) | Train Acc: 1.0000 | Val Acc: 0.7308 | Val P/R/F1 (Macro): 0.3016/0.3071/0.2799 | LR: 0.000001
Epoch [75/100] | Loss: 2.3174 (Cls: 1.8751, TAL: 0.0000, Adv: 2.9486) | Train Acc: 0.9844 | Val Acc: 0.7308 | Val P/R/F1 (Macro): 0.3016/0.3071/0.2799 | LR: 0.000001
Epoch [76/100] | Loss: 2.4087 (Cls: 1.9365, TAL: 0.0000, Adv: 3.1481) | Train Acc: 0.9688 | Val Acc: 0.7308 | Val P/R/F1 (Macro): 0.3016/0.3071/0.2799 | LR: 0.000001
Epoch [77/100] | Loss: 2.3575 (Cls: 1.8873, TAL: 0.0000, Adv: 3.1348) | Train Acc: 1.0000 | Val Acc: 0.7308 | Val P/R/F1 (Macro): 0.3016/0.3071/0.2799 | LR: 0.000001
Epoch [78/100] | Loss: 2.3930 (Cls: 1.9180, TAL: 0.0000, Adv: 3.1667) | Train Acc: 1.0000 | Val Acc: 0.7308 | Val P/R/F1 (Macro): 0.3016/0.3071/0.2799 | LR: 0.000001
Epoch [79/100] | Loss: 2.3763 (Cls: 1.8896, TAL: 0.0000, Adv: 3.2448) | Train Acc: 0.9844 | Val Acc: 0.7308 | Val P/R/F1 (Macro): 0.3016/0.3071/0.2799 | LR: 0.000001
Epoch [80/100] | Loss: 2.3700 (Cls: 1.8952, TAL: 0.0000, Adv: 3.1653) | Train Acc: 1.0000 | Val Acc: 0.7308 | Val P/R/F1 (Macro): 0.3016/0.3071/0.2799 | LR: 0.000001
Epoch [81/100] | Loss: 2.3681 (Cls: 1.8925, TAL: 0.0000, Adv: 3.1708) | Train Acc: 0.9844 | Val Acc: 0.7308 | Val P/R/F1 (Macro): 0.3016/0.3071/0.2799 | LR: 0.000001
Epoch [82/100] | Loss: 2.4153 (Cls: 1.9433, TAL: 0.0000, Adv: 3.1467) | Train Acc: 1.0000 | Val Acc: 0.7308 | Val P/R/F1 (Macro): 0.3016/0.3071/0.2799 | LR: 0.000001
Epoch [83/100] | Loss: 2.3719 (Cls: 1.8667, TAL: 0.0000, Adv: 3.3679) | Train Acc: 0.9844 | Val Acc: 0.7308 | Val P/R/F1 (Macro): 0.3016/0.3071/0.2799 | LR: 0.000001
Epoch [84/100] | Loss: 2.4515 (Cls: 1.9630, TAL: 0.0000, Adv: 3.2564) | Train Acc: 1.0000 | Val Acc: 0.6923 | Val P/R/F1 (Macro): 0.2873/0.2929/0.2621 | LR: 0.000001
Epoch [85/100] | Loss: 2.3767 (Cls: 1.9009, TAL: 0.0000, Adv: 3.1720) | Train Acc: 1.0000 | Val Acc: 0.6923 | Val P/R/F1 (Macro): 0.2873/0.2929/0.2621 | LR: 0.000001
Epoch [86/100] | Loss: 2.3479 (Cls: 1.8531, TAL: 0.0000, Adv: 3.2986) | Train Acc: 1.0000 | Val Acc: 0.7308 | Val P/R/F1 (Macro): 0.3016/0.3071/0.2799 | LR: 0.000001
Epoch [87/100] | Loss: 2.4502 (Cls: 1.9596, TAL: 0.0000, Adv: 3.2708) | Train Acc: 1.0000 | Val Acc: 0.7308 | Val P/R/F1 (Macro): 0.3016/0.3071/0.2799 | LR: 0.000001
Epoch [88/100] | Loss: 2.4784 (Cls: 1.9693, TAL: 0.0000, Adv: 3.3945) | Train Acc: 0.9844 | Val Acc: 0.7308 | Val P/R/F1 (Macro): 0.3016/0.3071/0.2799 | LR: 0.000001
Epoch [89/100] | Loss: 2.3533 (Cls: 1.8784, TAL: 0.0000, Adv: 3.1661) | Train Acc: 1.0000 | Val Acc: 0.7308 | Val P/R/F1 (Macro): 0.3016/0.3071/0.2799 | LR: 0.000001
Epoch [90/100] | Loss: 2.4055 (Cls: 1.9285, TAL: 0.0000, Adv: 3.1798) | Train Acc: 0.9844 | Val Acc: 0.7308 | Val P/R/F1 (Macro): 0.3016/0.3071/0.2799 | LR: 0.000001
Epoch [91/100] | Loss: 2.3870 (Cls: 1.9148, TAL: 0.0000, Adv: 3.1483) | Train Acc: 1.0000 | Val Acc: 0.7308 | Val P/R/F1 (Macro): 0.3016/0.3071/0.2799 | LR: 0.000001
Epoch [92/100] | Loss: 2.3358 (Cls: 1.8443, TAL: 0.0000, Adv: 3.2766) | Train Acc: 1.0000 | Val Acc: 0.7308 | Val P/R/F1 (Macro): 0.3016/0.3071/0.2799 | LR: 0.000001
Epoch [93/100] | Loss: 2.4743 (Cls: 1.9962, TAL: 0.0000, Adv: 3.1871) | Train Acc: 1.0000 | Val Acc: 0.7308 | Val P/R/F1 (Macro): 0.3016/0.3071/0.2799 | LR: 0.000001
Epoch [94/100] | Loss: 2.3973 (Cls: 1.9248, TAL: 0.0000, Adv: 3.1500) | Train Acc: 1.0000 | Val Acc: 0.7308 | Val P/R/F1 (Macro): 0.3016/0.3071/0.2799 | LR: 0.000001
Epoch [95/100] | Loss: 2.3803 (Cls: 1.9034, TAL: 0.0000, Adv: 3.1796) | Train Acc: 1.0000 | Val Acc: 0.7308 | Val P/R/F1 (Macro): 0.3016/0.3071/0.2799 | LR: 0.000001
Epoch [96/100] | Loss: 2.3544 (Cls: 1.8700, TAL: 0.0000, Adv: 3.2289) | Train Acc: 1.0000 | Val Acc: 0.7308 | Val P/R/F1 (Macro): 0.3016/0.3071/0.2799 | LR: 0.000001
Epoch [97/100] | Loss: 2.3205 (Cls: 1.8297, TAL: 0.0000, Adv: 3.2716) | Train Acc: 1.0000 | Val Acc: 0.7308 | Val P/R/F1 (Macro): 0.3016/0.3071/0.2799 | LR: 0.000001
Epoch [98/100] | Loss: 2.3508 (Cls: 1.8750, TAL: 0.0000, Adv: 3.1718) | Train Acc: 0.9844 | Val Acc: 0.7308 | Val P/R/F1 (Macro): 0.3016/0.3071/0.2799 | LR: 0.000001
Epoch [99/100] | Loss: 2.4329 (Cls: 1.9588, TAL: 0.0000, Adv: 3.1607) | Train Acc: 1.0000 | Val Acc: 0.7308 | Val P/R/F1 (Macro): 0.3016/0.3071/0.2799 | LR: 0.000001
Epoch [100/100] | Loss: 2.3502 (Cls: 1.8878, TAL: 0.0000, Adv: 3.0823) | Train Acc: 1.0000 | Val Acc: 0.7308 | Val P/R/F1 (Macro): 0.3016/0.3071/0.2799 | LR: 0.000001

迭代 2 最佳指标:
  Accuracy: 0.8462
  Precision (Macro): 0.3724
  Recall (Macro): 0.3929
  F1 (Macro): 0.3690
  Precision (Micro): 0.8462
  Recall (Micro): 0.8462
  F1 (Micro): 0.8462

================================================================================
迭代 3/5
随机种子: 44
================================================================================
Feature fusion: Channel concatenation (512+512); fused_dim=1024
Domain adaptation: Neural OT generator with 3-domain discriminator
Loss weights: tensor=0.00, adv=0.15
Epoch [1/100] | Loss: 10.4449 (Cls: 10.3552, TAL: 0.0000, Adv: 0.5975) | Train Acc: 0.0625 | Val Acc: 0.1538 | Val P/R/F1 (Macro): 0.0288/0.1429/0.0468 | LR: 0.000010
  >>> New Best Val Acc: 0.1538
Epoch [2/100] | Loss: 6.6790 (Cls: 6.6159, TAL: 0.0000, Adv: 0.4205) | Train Acc: 0.3125 | Val Acc: 0.1154 | Val P/R/F1 (Macro): 0.0779/0.1071/0.0595 | LR: 0.000010
Epoch [3/100] | Loss: 5.8635 (Cls: 5.7887, TAL: 0.0000, Adv: 0.4989) | Train Acc: 0.3750 | Val Acc: 0.1923 | Val P/R/F1 (Macro): 0.0162/0.0714/0.0265 | LR: 0.000010
  >>> New Best Val Acc: 0.1923
Epoch [4/100] | Loss: 5.3696 (Cls: 5.2967, TAL: 0.0000, Adv: 0.4858) | Train Acc: 0.4531 | Val Acc: 0.1923 | Val P/R/F1 (Macro): 0.0137/0.0714/0.0230 | LR: 0.000010
Epoch [5/100] | Loss: 5.6355 (Cls: 5.5515, TAL: 0.0000, Adv: 0.5601) | Train Acc: 0.4844 | Val Acc: 0.1923 | Val P/R/F1 (Macro): 0.0137/0.0714/0.0230 | LR: 0.000010
Epoch [6/100] | Loss: 4.9563 (Cls: 4.8714, TAL: 0.0000, Adv: 0.5666) | Train Acc: 0.4688 | Val Acc: 0.1154 | Val P/R/F1 (Macro): 0.0771/0.0857/0.0344 | LR: 0.000010
Epoch [7/100] | Loss: 5.3484 (Cls: 5.2588, TAL: 0.0000, Adv: 0.5972) | Train Acc: 0.3906 | Val Acc: 0.0769 | Val P/R/F1 (Macro): 0.0055/0.0714/0.0102 | LR: 0.000010
Epoch [8/100] | Loss: 4.4216 (Cls: 4.3353, TAL: 0.0000, Adv: 0.5753) | Train Acc: 0.5156 | Val Acc: 0.1538 | Val P/R/F1 (Macro): 0.0354/0.1000/0.0410 | LR: 0.000010
Epoch [9/100] | Loss: 4.3392 (Cls: 4.2343, TAL: 0.0000, Adv: 0.6997) | Train Acc: 0.5781 | Val Acc: 0.1923 | Val P/R/F1 (Macro): 0.0179/0.0714/0.0286 | LR: 0.000010
Epoch [10/100] | Loss: 3.9846 (Cls: 3.8819, TAL: 0.0000, Adv: 0.6843) | Train Acc: 0.7500 | Val Acc: 0.1923 | Val P/R/F1 (Macro): 0.0149/0.0714/0.0246 | LR: 0.000010
Epoch [11/100] | Loss: 4.4374 (Cls: 4.3368, TAL: 0.0000, Adv: 0.6705) | Train Acc: 0.7500 | Val Acc: 0.1923 | Val P/R/F1 (Macro): 0.0149/0.0714/0.0246 | LR: 0.000010
Epoch [12/100] | Loss: 3.8986 (Cls: 3.8042, TAL: 0.0000, Adv: 0.6289) | Train Acc: 0.7500 | Val Acc: 0.1923 | Val P/R/F1 (Macro): 0.0162/0.0714/0.0265 | LR: 0.000010
Epoch [13/100] | Loss: 3.9499 (Cls: 3.8519, TAL: 0.0000, Adv: 0.6532) | Train Acc: 0.6562 | Val Acc: 0.1923 | Val P/R/F1 (Macro): 0.0179/0.0714/0.0286 | LR: 0.000010
Epoch [14/100] | Loss: 3.4655 (Cls: 3.3621, TAL: 0.0000, Adv: 0.6896) | Train Acc: 0.8125 | Val Acc: 0.1923 | Val P/R/F1 (Macro): 0.0179/0.0714/0.0286 | LR: 0.000005
Epoch [15/100] | Loss: 3.6235 (Cls: 3.5043, TAL: 0.0000, Adv: 0.7951) | Train Acc: 0.8125 | Val Acc: 0.1923 | Val P/R/F1 (Macro): 0.0155/0.0714/0.0255 | LR: 0.000005
Epoch [16/100] | Loss: 3.5729 (Cls: 3.4338, TAL: 0.0000, Adv: 0.9269) | Train Acc: 0.9219 | Val Acc: 0.1923 | Val P/R/F1 (Macro): 0.0162/0.0714/0.0265 | LR: 0.000005
Epoch [17/100] | Loss: 3.2136 (Cls: 3.0869, TAL: 0.0000, Adv: 0.8443) | Train Acc: 0.8281 | Val Acc: 0.1923 | Val P/R/F1 (Macro): 0.0162/0.0714/0.0265 | LR: 0.000005
Epoch [18/100] | Loss: 3.0410 (Cls: 2.9065, TAL: 0.0000, Adv: 0.8970) | Train Acc: 0.9219 | Val Acc: 0.1923 | Val P/R/F1 (Macro): 0.0162/0.0714/0.0265 | LR: 0.000005
Epoch [19/100] | Loss: 3.0150 (Cls: 2.8682, TAL: 0.0000, Adv: 0.9785) | Train Acc: 0.7812 | Val Acc: 0.1923 | Val P/R/F1 (Macro): 0.0149/0.0714/0.0246 | LR: 0.000005
Epoch [20/100] | Loss: 2.9248 (Cls: 2.7822, TAL: 0.0000, Adv: 0.9505) | Train Acc: 0.8750 | Val Acc: 0.1923 | Val P/R/F1 (Macro): 0.0149/0.0714/0.0246 | LR: 0.000005
Epoch [21/100] | Loss: 2.9664 (Cls: 2.7912, TAL: 0.0000, Adv: 1.1675) | Train Acc: 0.9375 | Val Acc: 0.1923 | Val P/R/F1 (Macro): 0.0143/0.0714/0.0238 | LR: 0.000005
Epoch [22/100] | Loss: 3.0514 (Cls: 2.8804, TAL: 0.0000, Adv: 1.1398) | Train Acc: 0.9688 | Val Acc: 0.1923 | Val P/R/F1 (Macro): 0.0149/0.0714/0.0246 | LR: 0.000005
Epoch [23/100] | Loss: 2.9325 (Cls: 2.7740, TAL: 0.0000, Adv: 1.0570) | Train Acc: 0.8906 | Val Acc: 0.2308 | Val P/R/F1 (Macro): 0.0884/0.0804/0.0433 | LR: 0.000005
  >>> New Best Val Acc: 0.2308
Epoch [24/100] | Loss: 2.9087 (Cls: 2.7316, TAL: 0.0000, Adv: 1.1807) | Train Acc: 0.9062 | Val Acc: 0.3077 | Val P/R/F1 (Macro): 0.1045/0.1250/0.0787 | LR: 0.000005
  >>> New Best Val Acc: 0.3077
Epoch [25/100] | Loss: 2.7070 (Cls: 2.5306, TAL: 0.0000, Adv: 1.1763) | Train Acc: 0.9688 | Val Acc: 0.2692 | Val P/R/F1 (Macro): 0.0893/0.0893/0.0571 | LR: 0.000005
Epoch [26/100] | Loss: 2.8408 (Cls: 2.6495, TAL: 0.0000, Adv: 1.2751) | Train Acc: 0.9219 | Val Acc: 0.3077 | Val P/R/F1 (Macro): 0.0902/0.0982/0.0687 | LR: 0.000005
Epoch [27/100] | Loss: 2.9494 (Cls: 2.7584, TAL: 0.0000, Adv: 1.2735) | Train Acc: 0.8906 | Val Acc: 0.3846 | Val P/R/F1 (Macro): 0.1162/0.1696/0.1071 | LR: 0.000005
  >>> New Best Val Acc: 0.3846
Epoch [28/100] | Loss: 2.8674 (Cls: 2.6366, TAL: 0.0000, Adv: 1.5387) | Train Acc: 0.9531 | Val Acc: 0.3846 | Val P/R/F1 (Macro): 0.1142/0.1696/0.1047 | LR: 0.000005
Epoch [29/100] | Loss: 2.5801 (Cls: 2.3572, TAL: 0.0000, Adv: 1.4863) | Train Acc: 0.9375 | Val Acc: 0.3846 | Val P/R/F1 (Macro): 0.1142/0.1696/0.1047 | LR: 0.000005
Epoch [30/100] | Loss: 2.4725 (Cls: 2.2735, TAL: 0.0000, Adv: 1.3269) | Train Acc: 1.0000 | Val Acc: 0.3846 | Val P/R/F1 (Macro): 0.1142/0.1696/0.1047 | LR: 0.000005
Epoch [31/100] | Loss: 2.3816 (Cls: 2.1636, TAL: 0.0000, Adv: 1.4533) | Train Acc: 0.9844 | Val Acc: 0.4615 | Val P/R/F1 (Macro): 0.1888/0.1964/0.1455 | LR: 0.000005
  >>> New Best Val Acc: 0.4615
Epoch [32/100] | Loss: 2.7304 (Cls: 2.4569, TAL: 0.0000, Adv: 1.8237) | Train Acc: 0.9688 | Val Acc: 0.5385 | Val P/R/F1 (Macro): 0.1821/0.2321/0.1814 | LR: 0.000005
  >>> New Best Val Acc: 0.5385
Epoch [33/100] | Loss: 2.7252 (Cls: 2.4661, TAL: 0.0000, Adv: 1.7274) | Train Acc: 1.0000 | Val Acc: 0.5769 | Val P/R/F1 (Macro): 0.2575/0.2464/0.2086 | LR: 0.000005
  >>> New Best Val Acc: 0.5769
Epoch [34/100] | Loss: 2.6693 (Cls: 2.3848, TAL: 0.0000, Adv: 1.8964) | Train Acc: 0.9688 | Val Acc: 0.6154 | Val P/R/F1 (Macro): 0.2594/0.2643/0.2241 | LR: 0.000005
  >>> New Best Val Acc: 0.6154
Epoch [35/100] | Loss: 2.5656 (Cls: 2.2769, TAL: 0.0000, Adv: 1.9244) | Train Acc: 0.9844 | Val Acc: 0.6154 | Val P/R/F1 (Macro): 0.2555/0.2643/0.2227 | LR: 0.000005
Epoch [36/100] | Loss: 2.5562 (Cls: 2.2807, TAL: 0.0000, Adv: 1.8364) | Train Acc: 0.9219 | Val Acc: 0.5769 | Val P/R/F1 (Macro): 0.2587/0.2250/0.2122 | LR: 0.000005
Epoch [37/100] | Loss: 2.5156 (Cls: 2.2276, TAL: 0.0000, Adv: 1.9202) | Train Acc: 0.9062 | Val Acc: 0.6538 | Val P/R/F1 (Macro): 0.2659/0.2571/0.2415 | LR: 0.000005
  >>> New Best Val Acc: 0.6538
Epoch [38/100] | Loss: 2.6196 (Cls: 2.3012, TAL: 0.0000, Adv: 2.1230) | Train Acc: 1.0000 | Val Acc: 0.6154 | Val P/R/F1 (Macro): 0.2619/0.2393/0.2279 | LR: 0.000005
Epoch [39/100] | Loss: 2.3717 (Cls: 2.0565, TAL: 0.0000, Adv: 2.1017) | Train Acc: 1.0000 | Val Acc: 0.6154 | Val P/R/F1 (Macro): 0.2619/0.2393/0.2279 | LR: 0.000005
Epoch [40/100] | Loss: 2.6097 (Cls: 2.2523, TAL: 0.0000, Adv: 2.3826) | Train Acc: 0.9375 | Val Acc: 0.5769 | Val P/R/F1 (Macro): 0.2587/0.2250/0.2122 | LR: 0.000005
Epoch [41/100] | Loss: 2.6887 (Cls: 2.3101, TAL: 0.0000, Adv: 2.5241) | Train Acc: 0.9688 | Val Acc: 0.6154 | Val P/R/F1 (Macro): 0.2619/0.2429/0.2253 | LR: 0.000005
Epoch [42/100] | Loss: 2.7106 (Cls: 2.3593, TAL: 0.0000, Adv: 2.3422) | Train Acc: 0.9688 | Val Acc: 0.6154 | Val P/R/F1 (Macro): 0.2642/0.2429/0.2268 | LR: 0.000005
Epoch [43/100] | Loss: 2.3608 (Cls: 2.0046, TAL: 0.0000, Adv: 2.3745) | Train Acc: 1.0000 | Val Acc: 0.6154 | Val P/R/F1 (Macro): 0.2619/0.2429/0.2253 | LR: 0.000005
Epoch [44/100] | Loss: 2.5484 (Cls: 2.2001, TAL: 0.0000, Adv: 2.3217) | Train Acc: 1.0000 | Val Acc: 0.6538 | Val P/R/F1 (Macro): 0.2659/0.2571/0.2415 | LR: 0.000005
Epoch [45/100] | Loss: 2.4891 (Cls: 2.1125, TAL: 0.0000, Adv: 2.5111) | Train Acc: 1.0000 | Val Acc: 0.6538 | Val P/R/F1 (Macro): 0.2659/0.2571/0.2415 | LR: 0.000005
Epoch [46/100] | Loss: 2.3674 (Cls: 1.9790, TAL: 0.0000, Adv: 2.5891) | Train Acc: 1.0000 | Val Acc: 0.6538 | Val P/R/F1 (Macro): 0.2659/0.2571/0.2415 | LR: 0.000005
Epoch [47/100] | Loss: 2.5696 (Cls: 2.1507, TAL: 0.0000, Adv: 2.7920) | Train Acc: 0.9844 | Val Acc: 0.6538 | Val P/R/F1 (Macro): 0.2659/0.2571/0.2415 | LR: 0.000005
Epoch [48/100] | Loss: 2.5958 (Cls: 2.1770, TAL: 0.0000, Adv: 2.7918) | Train Acc: 0.9844 | Val Acc: 0.6538 | Val P/R/F1 (Macro): 0.2768/0.2750/0.2459 | LR: 0.000003
Epoch [49/100] | Loss: 2.5472 (Cls: 2.1832, TAL: 0.0000, Adv: 2.4273) | Train Acc: 0.9688 | Val Acc: 0.6538 | Val P/R/F1 (Macro): 0.2768/0.2750/0.2459 | LR: 0.000003
Epoch [50/100] | Loss: 2.6617 (Cls: 2.2576, TAL: 0.0000, Adv: 2.6940) | Train Acc: 0.9688 | Val Acc: 0.6923 | Val P/R/F1 (Macro): 0.2832/0.2893/0.2604 | LR: 0.000003
  >>> New Best Val Acc: 0.6923
Epoch [51/100] | Loss: 2.4269 (Cls: 2.0168, TAL: 0.0000, Adv: 2.7337) | Train Acc: 1.0000 | Val Acc: 0.6923 | Val P/R/F1 (Macro): 0.2832/0.2893/0.2604 | LR: 0.000003
Epoch [52/100] | Loss: 2.5017 (Cls: 2.0978, TAL: 0.0000, Adv: 2.6925) | Train Acc: 1.0000 | Val Acc: 0.6923 | Val P/R/F1 (Macro): 0.2832/0.2893/0.2604 | LR: 0.000003
Epoch [53/100] | Loss: 2.3983 (Cls: 1.9903, TAL: 0.0000, Adv: 2.7202) | Train Acc: 0.9844 | Val Acc: 0.7308 | Val P/R/F1 (Macro): 0.2917/0.3071/0.2760 | LR: 0.000003
  >>> New Best Val Acc: 0.7308
Epoch [54/100] | Loss: 2.5083 (Cls: 2.0738, TAL: 0.0000, Adv: 2.8966) | Train Acc: 1.0000 | Val Acc: 0.7692 | Val P/R/F1 (Macro): 0.2942/0.3214/0.2872 | LR: 0.000003
  >>> New Best Val Acc: 0.7692
Epoch [55/100] | Loss: 2.5185 (Cls: 2.0705, TAL: 0.0000, Adv: 2.9870) | Train Acc: 0.9688 | Val Acc: 0.7692 | Val P/R/F1 (Macro): 0.2942/0.3214/0.2872 | LR: 0.000003
Epoch [56/100] | Loss: 2.3444 (Cls: 1.9484, TAL: 0.0000, Adv: 2.6398) | Train Acc: 0.9844 | Val Acc: 0.7692 | Val P/R/F1 (Macro): 0.2891/0.3214/0.2857 | LR: 0.000003
Epoch [57/100] | Loss: 2.4091 (Cls: 1.9775, TAL: 0.0000, Adv: 2.8772) | Train Acc: 1.0000 | Val Acc: 0.7308 | Val P/R/F1 (Macro): 0.2748/0.3071/0.2741 | LR: 0.000003
Epoch [58/100] | Loss: 2.3910 (Cls: 1.9696, TAL: 0.0000, Adv: 2.8098) | Train Acc: 0.9688 | Val Acc: 0.7692 | Val P/R/F1 (Macro): 0.3510/0.3429/0.3268 | LR: 0.000003
Epoch [59/100] | Loss: 2.4722 (Cls: 2.0591, TAL: 0.0000, Adv: 2.7538) | Train Acc: 1.0000 | Val Acc: 0.7308 | Val P/R/F1 (Macro): 0.2748/0.3071/0.2741 | LR: 0.000003
Epoch [60/100] | Loss: 2.5641 (Cls: 2.1335, TAL: 0.0000, Adv: 2.8704) | Train Acc: 1.0000 | Val Acc: 0.7308 | Val P/R/F1 (Macro): 0.2748/0.3071/0.2741 | LR: 0.000003
Epoch [61/100] | Loss: 2.4779 (Cls: 2.0121, TAL: 0.0000, Adv: 3.1052) | Train Acc: 1.0000 | Val Acc: 0.7308 | Val P/R/F1 (Macro): 0.2857/0.3071/0.2738 | LR: 0.000003
Epoch [62/100] | Loss: 2.3897 (Cls: 1.9847, TAL: 0.0000, Adv: 2.6998) | Train Acc: 0.9844 | Val Acc: 0.7308 | Val P/R/F1 (Macro): 0.2917/0.3071/0.2760 | LR: 0.000003
Epoch [63/100] | Loss: 2.4724 (Cls: 2.0310, TAL: 0.0000, Adv: 2.9424) | Train Acc: 1.0000 | Val Acc: 0.7308 | Val P/R/F1 (Macro): 0.2857/0.3071/0.2738 | LR: 0.000003
Epoch [64/100] | Loss: 2.5407 (Cls: 2.0771, TAL: 0.0000, Adv: 3.0909) | Train Acc: 1.0000 | Val Acc: 0.6923 | Val P/R/F1 (Macro): 0.2793/0.2929/0.2593 | LR: 0.000003
Epoch [65/100] | Loss: 2.4624 (Cls: 1.9925, TAL: 0.0000, Adv: 3.1328) | Train Acc: 1.0000 | Val Acc: 0.6923 | Val P/R/F1 (Macro): 0.2793/0.2929/0.2593 | LR: 0.000001
Epoch [66/100] | Loss: 2.5630 (Cls: 2.0992, TAL: 0.0000, Adv: 3.0919) | Train Acc: 1.0000 | Val Acc: 0.6538 | Val P/R/F1 (Macro): 0.2744/0.2786/0.2426 | LR: 0.000001
Epoch [67/100] | Loss: 2.4501 (Cls: 2.0066, TAL: 0.0000, Adv: 2.9566) | Train Acc: 1.0000 | Val Acc: 0.6538 | Val P/R/F1 (Macro): 0.2768/0.2786/0.2434 | LR: 0.000001
Epoch [68/100] | Loss: 2.4632 (Cls: 2.0026, TAL: 0.0000, Adv: 3.0711) | Train Acc: 1.0000 | Val Acc: 0.6923 | Val P/R/F1 (Macro): 0.2832/0.2929/0.2607 | LR: 0.000001
Epoch [69/100] | Loss: 2.4252 (Cls: 1.9713, TAL: 0.0000, Adv: 3.0264) | Train Acc: 0.9844 | Val Acc: 0.6538 | Val P/R/F1 (Macro): 0.2768/0.2786/0.2434 | LR: 0.000001
Epoch [70/100] | Loss: 2.4488 (Cls: 1.9699, TAL: 0.0000, Adv: 3.1929) | Train Acc: 1.0000 | Val Acc: 0.6923 | Val P/R/F1 (Macro): 0.2793/0.2929/0.2593 | LR: 0.000001
Epoch [71/100] | Loss: 2.5091 (Cls: 2.0188, TAL: 0.0000, Adv: 3.2683) | Train Acc: 1.0000 | Val Acc: 0.7308 | Val P/R/F1 (Macro): 0.2917/0.3071/0.2760 | LR: 0.000001
Epoch [72/100] | Loss: 2.5271 (Cls: 2.0715, TAL: 0.0000, Adv: 3.0375) | Train Acc: 0.9844 | Val Acc: 0.7308 | Val P/R/F1 (Macro): 0.2857/0.3071/0.2738 | LR: 0.000001
Epoch [73/100] | Loss: 2.5637 (Cls: 2.1109, TAL: 0.0000, Adv: 3.0182) | Train Acc: 0.9688 | Val Acc: 0.7692 | Val P/R/F1 (Macro): 0.3605/0.3429/0.3254 | LR: 0.000001
Epoch [74/100] | Loss: 2.4406 (Cls: 1.9731, TAL: 0.0000, Adv: 3.1165) | Train Acc: 1.0000 | Val Acc: 0.7692 | Val P/R/F1 (Macro): 0.3605/0.3429/0.3254 | LR: 0.000001
Epoch [75/100] | Loss: 2.3520 (Cls: 1.8944, TAL: 0.0000, Adv: 3.0512) | Train Acc: 1.0000 | Val Acc: 0.7692 | Val P/R/F1 (Macro): 0.3605/0.3429/0.3254 | LR: 0.000001
Epoch [76/100] | Loss: 2.4654 (Cls: 2.0018, TAL: 0.0000, Adv: 3.0905) | Train Acc: 1.0000 | Val Acc: 0.7692 | Val P/R/F1 (Macro): 0.3656/0.3429/0.3268 | LR: 0.000001
Epoch [77/100] | Loss: 2.4562 (Cls: 1.9656, TAL: 0.0000, Adv: 3.2713) | Train Acc: 0.9844 | Val Acc: 0.7692 | Val P/R/F1 (Macro): 0.3605/0.3429/0.3254 | LR: 0.000001
Epoch [78/100] | Loss: 2.4433 (Cls: 1.9568, TAL: 0.0000, Adv: 3.2432) | Train Acc: 1.0000 | Val Acc: 0.7692 | Val P/R/F1 (Macro): 0.3605/0.3429/0.3254 | LR: 0.000001
Epoch [79/100] | Loss: 2.4397 (Cls: 1.9308, TAL: 0.0000, Adv: 3.3927) | Train Acc: 1.0000 | Val Acc: 0.7308 | Val P/R/F1 (Macro): 0.2857/0.3071/0.2738 | LR: 0.000001
Epoch [80/100] | Loss: 2.4708 (Cls: 2.0013, TAL: 0.0000, Adv: 3.1300) | Train Acc: 1.0000 | Val Acc: 0.7308 | Val P/R/F1 (Macro): 0.2857/0.3071/0.2738 | LR: 0.000001
Epoch [81/100] | Loss: 2.5082 (Cls: 2.0170, TAL: 0.0000, Adv: 3.2743) | Train Acc: 0.9844 | Val Acc: 0.7308 | Val P/R/F1 (Macro): 0.2857/0.3071/0.2738 | LR: 0.000001
Epoch [82/100] | Loss: 2.3905 (Cls: 1.9189, TAL: 0.0000, Adv: 3.1445) | Train Acc: 1.0000 | Val Acc: 0.7308 | Val P/R/F1 (Macro): 0.2857/0.3071/0.2738 | LR: 0.000001
Epoch [83/100] | Loss: 2.4243 (Cls: 1.9644, TAL: 0.0000, Adv: 3.0662) | Train Acc: 0.9688 | Val Acc: 0.7308 | Val P/R/F1 (Macro): 0.2857/0.3071/0.2738 | LR: 0.000001
Epoch [84/100] | Loss: 2.4263 (Cls: 1.9221, TAL: 0.0000, Adv: 3.3619) | Train Acc: 0.9844 | Val Acc: 0.7308 | Val P/R/F1 (Macro): 0.2917/0.3071/0.2760 | LR: 0.000001
Epoch [85/100] | Loss: 2.3773 (Cls: 1.9195, TAL: 0.0000, Adv: 3.0524) | Train Acc: 1.0000 | Val Acc: 0.7308 | Val P/R/F1 (Macro): 0.2917/0.3071/0.2760 | LR: 0.000001
Epoch [86/100] | Loss: 2.3704 (Cls: 1.8791, TAL: 0.0000, Adv: 3.2753) | Train Acc: 1.0000 | Val Acc: 0.7308 | Val P/R/F1 (Macro): 0.2917/0.3071/0.2760 | LR: 0.000001
Epoch [87/100] | Loss: 2.4576 (Cls: 1.9849, TAL: 0.0000, Adv: 3.1511) | Train Acc: 1.0000 | Val Acc: 0.7692 | Val P/R/F1 (Macro): 0.2891/0.3214/0.2857 | LR: 0.000001
Epoch [88/100] | Loss: 2.3701 (Cls: 1.8870, TAL: 0.0000, Adv: 3.2205) | Train Acc: 1.0000 | Val Acc: 0.7308 | Val P/R/F1 (Macro): 0.2917/0.3071/0.2760 | LR: 0.000001
Epoch [89/100] | Loss: 2.3772 (Cls: 1.9129, TAL: 0.0000, Adv: 3.0947) | Train Acc: 1.0000 | Val Acc: 0.6923 | Val P/R/F1 (Macro): 0.2708/0.2714/0.2553 | LR: 0.000001
Epoch [90/100] | Loss: 2.3794 (Cls: 1.9197, TAL: 0.0000, Adv: 3.0648) | Train Acc: 1.0000 | Val Acc: 0.6923 | Val P/R/F1 (Macro): 0.2708/0.2714/0.2553 | LR: 0.000001
Epoch [91/100] | Loss: 2.4362 (Cls: 1.9401, TAL: 0.0000, Adv: 3.3072) | Train Acc: 1.0000 | Val Acc: 0.6923 | Val P/R/F1 (Macro): 0.2708/0.2714/0.2553 | LR: 0.000001
Epoch [92/100] | Loss: 2.4881 (Cls: 2.0040, TAL: 0.0000, Adv: 3.2273) | Train Acc: 0.9844 | Val Acc: 0.6923 | Val P/R/F1 (Macro): 0.2755/0.2714/0.2579 | LR: 0.000001
Epoch [93/100] | Loss: 2.3863 (Cls: 1.9008, TAL: 0.0000, Adv: 3.2365) | Train Acc: 1.0000 | Val Acc: 0.6923 | Val P/R/F1 (Macro): 0.2708/0.2714/0.2553 | LR: 0.000001
Epoch [94/100] | Loss: 2.4239 (Cls: 1.9562, TAL: 0.0000, Adv: 3.1180) | Train Acc: 1.0000 | Val Acc: 0.6923 | Val P/R/F1 (Macro): 0.2755/0.2714/0.2579 | LR: 0.000001
Epoch [95/100] | Loss: 2.4431 (Cls: 1.9484, TAL: 0.0000, Adv: 3.2980) | Train Acc: 1.0000 | Val Acc: 0.7308 | Val P/R/F1 (Macro): 0.2732/0.2857/0.2658 | LR: 0.000001
Epoch [96/100] | Loss: 2.4720 (Cls: 1.9782, TAL: 0.0000, Adv: 3.2921) | Train Acc: 1.0000 | Val Acc: 0.6923 | Val P/R/F1 (Macro): 0.2708/0.2714/0.2553 | LR: 0.000001
Epoch [97/100] | Loss: 2.3758 (Cls: 1.8810, TAL: 0.0000, Adv: 3.2986) | Train Acc: 1.0000 | Val Acc: 0.6923 | Val P/R/F1 (Macro): 0.2708/0.2714/0.2553 | LR: 0.000001
Epoch [98/100] | Loss: 2.3726 (Cls: 1.9022, TAL: 0.0000, Adv: 3.1361) | Train Acc: 1.0000 | Val Acc: 0.6923 | Val P/R/F1 (Macro): 0.2708/0.2714/0.2553 | LR: 0.000001
Epoch [99/100] | Loss: 2.4565 (Cls: 1.9878, TAL: 0.0000, Adv: 3.1246) | Train Acc: 0.9688 | Val Acc: 0.6923 | Val P/R/F1 (Macro): 0.2708/0.2714/0.2553 | LR: 0.000001
Epoch [100/100] | Loss: 2.4552 (Cls: 1.9863, TAL: 0.0000, Adv: 3.1258) | Train Acc: 0.9844 | Val Acc: 0.6923 | Val P/R/F1 (Macro): 0.2708/0.2714/0.2553 | LR: 0.000001

迭代 3 最佳指标:
  Accuracy: 0.7692
  Precision (Macro): 0.2942
  Recall (Macro): 0.3214
  F1 (Macro): 0.2872
  Precision (Micro): 0.7692
  Recall (Micro): 0.7692
  F1 (Micro): 0.7692

================================================================================
迭代 4/5
随机种子: 45
================================================================================
Feature fusion: Channel concatenation (512+512); fused_dim=1024
Domain adaptation: Neural OT generator with 3-domain discriminator
Loss weights: tensor=0.00, adv=0.15
Epoch [1/100] | Loss: 9.8194 (Cls: 9.7584, TAL: 0.0000, Adv: 0.4062) | Train Acc: 0.1406 | Val Acc: 0.1538 | Val P/R/F1 (Macro): 0.0136/0.0571/0.0220 | LR: 0.000010
  >>> New Best Val Acc: 0.1538
Epoch [2/100] | Loss: 6.4651 (Cls: 6.3932, TAL: 0.0000, Adv: 0.4796) | Train Acc: 0.3594 | Val Acc: 0.1538 | Val P/R/F1 (Macro): 0.0308/0.0893/0.0436 | LR: 0.000010
Epoch [3/100] | Loss: 6.1078 (Cls: 6.0441, TAL: 0.0000, Adv: 0.4241) | Train Acc: 0.2656 | Val Acc: 0.1923 | Val P/R/F1 (Macro): 0.0137/0.0714/0.0230 | LR: 0.000010
  >>> New Best Val Acc: 0.1923
Epoch [4/100] | Loss: 5.5795 (Cls: 5.5140, TAL: 0.0000, Adv: 0.4362) | Train Acc: 0.4688 | Val Acc: 0.1923 | Val P/R/F1 (Macro): 0.0137/0.0714/0.0230 | LR: 0.000010
Epoch [5/100] | Loss: 4.8652 (Cls: 4.8019, TAL: 0.0000, Adv: 0.4220) | Train Acc: 0.6250 | Val Acc: 0.1923 | Val P/R/F1 (Macro): 0.0143/0.0714/0.0238 | LR: 0.000010
Epoch [6/100] | Loss: 5.2982 (Cls: 5.2288, TAL: 0.0000, Adv: 0.4628) | Train Acc: 0.4531 | Val Acc: 0.1923 | Val P/R/F1 (Macro): 0.0198/0.0714/0.0311 | LR: 0.000010
Epoch [7/100] | Loss: 4.8743 (Cls: 4.8076, TAL: 0.0000, Adv: 0.4448) | Train Acc: 0.4688 | Val Acc: 0.1538 | Val P/R/F1 (Macro): 0.0259/0.0786/0.0365 | LR: 0.000010
Epoch [8/100] | Loss: 4.2404 (Cls: 4.1796, TAL: 0.0000, Adv: 0.4051) | Train Acc: 0.6094 | Val Acc: 0.2308 | Val P/R/F1 (Macro): 0.0303/0.1071/0.0467 | LR: 0.000010
  >>> New Best Val Acc: 0.2308
Epoch [9/100] | Loss: 4.1162 (Cls: 4.0525, TAL: 0.0000, Adv: 0.4251) | Train Acc: 0.6719 | Val Acc: 0.1923 | Val P/R/F1 (Macro): 0.0170/0.0714/0.0275 | LR: 0.000010
Epoch [10/100] | Loss: 3.8295 (Cls: 3.7566, TAL: 0.0000, Adv: 0.4861) | Train Acc: 0.7656 | Val Acc: 0.1923 | Val P/R/F1 (Macro): 0.0149/0.0714/0.0246 | LR: 0.000010
Epoch [11/100] | Loss: 4.0352 (Cls: 3.9649, TAL: 0.0000, Adv: 0.4685) | Train Acc: 0.7188 | Val Acc: 0.1923 | Val P/R/F1 (Macro): 0.0149/0.0714/0.0246 | LR: 0.000010
Epoch [12/100] | Loss: 4.1488 (Cls: 4.0664, TAL: 0.0000, Adv: 0.5492) | Train Acc: 0.6875 | Val Acc: 0.1923 | Val P/R/F1 (Macro): 0.0149/0.0714/0.0246 | LR: 0.000010
Epoch [13/100] | Loss: 3.7603 (Cls: 3.6916, TAL: 0.0000, Adv: 0.4580) | Train Acc: 0.8438 | Val Acc: 0.2308 | Val P/R/F1 (Macro): 0.0315/0.1071/0.0478 | LR: 0.000010
Epoch [14/100] | Loss: 3.2056 (Cls: 3.1020, TAL: 0.0000, Adv: 0.6909) | Train Acc: 0.7969 | Val Acc: 0.3462 | Val P/R/F1 (Macro): 0.1173/0.1607/0.0940 | LR: 0.000010
  >>> New Best Val Acc: 0.3462
Epoch [15/100] | Loss: 3.1280 (Cls: 3.0473, TAL: 0.0000, Adv: 0.5376) | Train Acc: 0.8125 | Val Acc: 0.3846 | Val P/R/F1 (Macro): 0.1213/0.1696/0.1078 | LR: 0.000010
  >>> New Best Val Acc: 0.3846
Epoch [16/100] | Loss: 3.4319 (Cls: 3.3452, TAL: 0.0000, Adv: 0.5780) | Train Acc: 0.8125 | Val Acc: 0.4231 | Val P/R/F1 (Macro): 0.1184/0.1786/0.1213 | LR: 0.000010
  >>> New Best Val Acc: 0.4231
Epoch [17/100] | Loss: 3.4085 (Cls: 3.2926, TAL: 0.0000, Adv: 0.7729) | Train Acc: 0.7969 | Val Acc: 0.4231 | Val P/R/F1 (Macro): 0.1043/0.1786/0.1205 | LR: 0.000010
Epoch [18/100] | Loss: 3.4514 (Cls: 3.3350, TAL: 0.0000, Adv: 0.7765) | Train Acc: 0.8906 | Val Acc: 0.5385 | Val P/R/F1 (Macro): 0.1893/0.2321/0.1930 | LR: 0.000010
  >>> New Best Val Acc: 0.5385
Epoch [19/100] | Loss: 2.8918 (Cls: 2.7814, TAL: 0.0000, Adv: 0.7363) | Train Acc: 0.9219 | Val Acc: 0.6538 | Val P/R/F1 (Macro): 0.2056/0.2679/0.2237 | LR: 0.000010
  >>> New Best Val Acc: 0.6538
Epoch [20/100] | Loss: 2.9833 (Cls: 2.8542, TAL: 0.0000, Adv: 0.8606) | Train Acc: 0.9219 | Val Acc: 0.5385 | Val P/R/F1 (Macro): 0.1545/0.2143/0.1744 | LR: 0.000010
Epoch [21/100] | Loss: 3.0029 (Cls: 2.8658, TAL: 0.0000, Adv: 0.9138) | Train Acc: 0.9062 | Val Acc: 0.3846 | Val P/R/F1 (Macro): 0.1255/0.1339/0.1083 | LR: 0.000010
Epoch [22/100] | Loss: 2.9157 (Cls: 2.7671, TAL: 0.0000, Adv: 0.9906) | Train Acc: 0.8438 | Val Acc: 0.3077 | Val P/R/F1 (Macro): 0.1329/0.1339/0.0911 | LR: 0.000010
Epoch [23/100] | Loss: 2.8750 (Cls: 2.7354, TAL: 0.0000, Adv: 0.9306) | Train Acc: 0.9062 | Val Acc: 0.3077 | Val P/R/F1 (Macro): 0.1305/0.1339/0.0892 | LR: 0.000010
Epoch [24/100] | Loss: 2.9724 (Cls: 2.7911, TAL: 0.0000, Adv: 1.2084) | Train Acc: 0.9688 | Val Acc: 0.5385 | Val P/R/F1 (Macro): 0.1855/0.2143/0.1796 | LR: 0.000010
Epoch [25/100] | Loss: 2.8361 (Cls: 2.6543, TAL: 0.0000, Adv: 1.2118) | Train Acc: 0.9531 | Val Acc: 0.6154 | Val P/R/F1 (Macro): 0.2868/0.2643/0.2298 | LR: 0.000010
Epoch [26/100] | Loss: 2.7515 (Cls: 2.5396, TAL: 0.0000, Adv: 1.4126) | Train Acc: 0.9844 | Val Acc: 0.7308 | Val P/R/F1 (Macro): 0.2893/0.3071/0.2789 | LR: 0.000010
  >>> New Best Val Acc: 0.7308
Epoch [27/100] | Loss: 2.9205 (Cls: 2.7205, TAL: 0.0000, Adv: 1.3334) | Train Acc: 0.9062 | Val Acc: 0.7308 | Val P/R/F1 (Macro): 0.2917/0.3071/0.2760 | LR: 0.000010
Epoch [28/100] | Loss: 2.6565 (Cls: 2.4361, TAL: 0.0000, Adv: 1.4694) | Train Acc: 0.9531 | Val Acc: 0.6923 | Val P/R/F1 (Macro): 0.2750/0.2929/0.2619 | LR: 0.000010
Epoch [29/100] | Loss: 2.6958 (Cls: 2.4638, TAL: 0.0000, Adv: 1.5468) | Train Acc: 0.8594 | Val Acc: 0.6538 | Val P/R/F1 (Macro): 0.2768/0.2786/0.2434 | LR: 0.000010
Epoch [30/100] | Loss: 2.9520 (Cls: 2.7382, TAL: 0.0000, Adv: 1.4254) | Train Acc: 0.9844 | Val Acc: 0.5000 | Val P/R/F1 (Macro): 0.1703/0.1786/0.1587 | LR: 0.000010
Epoch [31/100] | Loss: 2.7064 (Cls: 2.4975, TAL: 0.0000, Adv: 1.3925) | Train Acc: 0.9844 | Val Acc: 0.5769 | Val P/R/F1 (Macro): 0.2629/0.2286/0.2082 | LR: 0.000010
Epoch [32/100] | Loss: 2.5059 (Cls: 2.2567, TAL: 0.0000, Adv: 1.6614) | Train Acc: 1.0000 | Val Acc: 0.6154 | Val P/R/F1 (Macro): 0.2732/0.2429/0.2324 | LR: 0.000010
Epoch [33/100] | Loss: 2.4627 (Cls: 2.2018, TAL: 0.0000, Adv: 1.7394) | Train Acc: 0.9844 | Val Acc: 0.6154 | Val P/R/F1 (Macro): 0.2796/0.2643/0.2262 | LR: 0.000010
Epoch [34/100] | Loss: 2.5630 (Cls: 2.3014, TAL: 0.0000, Adv: 1.7437) | Train Acc: 1.0000 | Val Acc: 0.6538 | Val P/R/F1 (Macro): 0.2812/0.2786/0.2454 | LR: 0.000010
Epoch [35/100] | Loss: 2.5463 (Cls: 2.2585, TAL: 0.0000, Adv: 1.9189) | Train Acc: 0.9844 | Val Acc: 0.6923 | Val P/R/F1 (Macro): 0.2832/0.2893/0.2604 | LR: 0.000010
Epoch [36/100] | Loss: 2.4073 (Cls: 2.1347, TAL: 0.0000, Adv: 1.8173) | Train Acc: 1.0000 | Val Acc: 0.6923 | Val P/R/F1 (Macro): 0.2832/0.2893/0.2604 | LR: 0.000010
Epoch [37/100] | Loss: 2.4865 (Cls: 2.2127, TAL: 0.0000, Adv: 1.8254) | Train Acc: 0.9688 | Val Acc: 0.7692 | Val P/R/F1 (Macro): 0.3656/0.3429/0.3268 | LR: 0.000010
  >>> New Best Val Acc: 0.7692
Epoch [38/100] | Loss: 2.4754 (Cls: 2.1962, TAL: 0.0000, Adv: 1.8615) | Train Acc: 1.0000 | Val Acc: 0.7692 | Val P/R/F1 (Macro): 0.3656/0.3429/0.3268 | LR: 0.000010
Epoch [39/100] | Loss: 2.3901 (Cls: 2.0938, TAL: 0.0000, Adv: 1.9755) | Train Acc: 0.9844 | Val Acc: 0.6923 | Val P/R/F1 (Macro): 0.2832/0.2929/0.2607 | LR: 0.000010
Epoch [40/100] | Loss: 2.4804 (Cls: 2.1545, TAL: 0.0000, Adv: 2.1727) | Train Acc: 0.9844 | Val Acc: 0.6154 | Val P/R/F1 (Macro): 0.2748/0.2643/0.2238 | LR: 0.000010
Epoch [41/100] | Loss: 2.3865 (Cls: 2.0588, TAL: 0.0000, Adv: 2.1846) | Train Acc: 1.0000 | Val Acc: 0.6538 | Val P/R/F1 (Macro): 0.2812/0.2786/0.2454 | LR: 0.000010
Epoch [42/100] | Loss: 2.3910 (Cls: 2.0962, TAL: 0.0000, Adv: 1.9651) | Train Acc: 0.9844 | Val Acc: 0.6538 | Val P/R/F1 (Macro): 0.2812/0.2786/0.2454 | LR: 0.000010
Epoch [43/100] | Loss: 2.6232 (Cls: 2.3013, TAL: 0.0000, Adv: 2.1459) | Train Acc: 0.9375 | Val Acc: 0.7308 | Val P/R/F1 (Macro): 0.2917/0.3071/0.2760 | LR: 0.000010
Epoch [44/100] | Loss: 2.3397 (Cls: 2.0143, TAL: 0.0000, Adv: 2.1698) | Train Acc: 0.9844 | Val Acc: 0.6923 | Val P/R/F1 (Macro): 0.3611/0.3250/0.3020 | LR: 0.000010
Epoch [45/100] | Loss: 2.2987 (Cls: 1.9705, TAL: 0.0000, Adv: 2.1879) | Train Acc: 0.9844 | Val Acc: 0.7308 | Val P/R/F1 (Macro): 0.3730/0.3393/0.3165 | LR: 0.000010
Epoch [46/100] | Loss: 2.3279 (Cls: 1.9852, TAL: 0.0000, Adv: 2.2848) | Train Acc: 1.0000 | Val Acc: 0.7692 | Val P/R/F1 (Macro): 0.3633/0.3482/0.3247 | LR: 0.000010
Epoch [47/100] | Loss: 2.6528 (Cls: 2.3001, TAL: 0.0000, Adv: 2.3510) | Train Acc: 0.9531 | Val Acc: 0.7692 | Val P/R/F1 (Macro): 0.2946/0.2946/0.2885 | LR: 0.000010
Epoch [48/100] | Loss: 2.5055 (Cls: 2.1626, TAL: 0.0000, Adv: 2.2859) | Train Acc: 1.0000 | Val Acc: 0.7308 | Val P/R/F1 (Macro): 0.3367/0.2857/0.2976 | LR: 0.000005
Epoch [49/100] | Loss: 2.4634 (Cls: 2.1037, TAL: 0.0000, Adv: 2.3981) | Train Acc: 0.9844 | Val Acc: 0.8077 | Val P/R/F1 (Macro): 0.3776/0.3571/0.3413 | LR: 0.000005
  >>> New Best Val Acc: 0.8077
Epoch [50/100] | Loss: 2.3849 (Cls: 2.0224, TAL: 0.0000, Adv: 2.4170) | Train Acc: 0.9688 | Val Acc: 0.7692 | Val P/R/F1 (Macro): 0.3036/0.3214/0.2905 | LR: 0.000005
Epoch [51/100] | Loss: 2.3355 (Cls: 1.9735, TAL: 0.0000, Adv: 2.4131) | Train Acc: 0.9688 | Val Acc: 0.7692 | Val P/R/F1 (Macro): 0.3036/0.3214/0.2905 | LR: 0.000005
Epoch [52/100] | Loss: 2.3293 (Cls: 1.9824, TAL: 0.0000, Adv: 2.3126) | Train Acc: 0.9844 | Val Acc: 0.7308 | Val P/R/F1 (Macro): 0.2893/0.3071/0.2789 | LR: 0.000005
Epoch [53/100] | Loss: 2.3431 (Cls: 1.9618, TAL: 0.0000, Adv: 2.5425) | Train Acc: 1.0000 | Val Acc: 0.7308 | Val P/R/F1 (Macro): 0.2893/0.3071/0.2789 | LR: 0.000005
Epoch [54/100] | Loss: 2.3770 (Cls: 2.0298, TAL: 0.0000, Adv: 2.3149) | Train Acc: 1.0000 | Val Acc: 0.7692 | Val P/R/F1 (Macro): 0.3036/0.3214/0.2905 | LR: 0.000005
Epoch [55/100] | Loss: 2.2579 (Cls: 1.9123, TAL: 0.0000, Adv: 2.3042) | Train Acc: 1.0000 | Val Acc: 0.7692 | Val P/R/F1 (Macro): 0.3036/0.3214/0.2905 | LR: 0.000005
Epoch [56/100] | Loss: 2.4012 (Cls: 2.0315, TAL: 0.0000, Adv: 2.4650) | Train Acc: 0.9844 | Val Acc: 0.7692 | Val P/R/F1 (Macro): 0.3036/0.3214/0.2905 | LR: 0.000005
Epoch [57/100] | Loss: 2.4335 (Cls: 2.1011, TAL: 0.0000, Adv: 2.2158) | Train Acc: 0.9844 | Val Acc: 0.7692 | Val P/R/F1 (Macro): 0.3036/0.3214/0.2905 | LR: 0.000005
Epoch [58/100] | Loss: 2.2600 (Cls: 1.9056, TAL: 0.0000, Adv: 2.3624) | Train Acc: 0.9844 | Val Acc: 0.7692 | Val P/R/F1 (Macro): 0.3036/0.3214/0.2905 | LR: 0.000005
Epoch [59/100] | Loss: 2.4724 (Cls: 2.1131, TAL: 0.0000, Adv: 2.3953) | Train Acc: 0.9688 | Val Acc: 0.8462 | Val P/R/F1 (Macro): 0.3810/0.3661/0.3526 | LR: 0.000005
  >>> New Best Val Acc: 0.8462
Epoch [60/100] | Loss: 2.3421 (Cls: 1.9481, TAL: 0.0000, Adv: 2.6265) | Train Acc: 1.0000 | Val Acc: 0.9231 | Val P/R/F1 (Macro): 0.3929/0.3839/0.3762 | LR: 0.000005
  >>> New Best Val Acc: 0.9231
Epoch [61/100] | Loss: 2.4928 (Cls: 2.1109, TAL: 0.0000, Adv: 2.5461) | Train Acc: 0.9844 | Val Acc: 0.9231 | Val P/R/F1 (Macro): 0.3929/0.3839/0.3762 | LR: 0.000005
Epoch [62/100] | Loss: 2.3169 (Cls: 1.9440, TAL: 0.0000, Adv: 2.4861) | Train Acc: 1.0000 | Val Acc: 0.8846 | Val P/R/F1 (Macro): 0.3857/0.3696/0.3615 | LR: 0.000005
Epoch [63/100] | Loss: 2.5893 (Cls: 2.2074, TAL: 0.0000, Adv: 2.5459) | Train Acc: 0.9688 | Val Acc: 0.8462 | Val P/R/F1 (Macro): 0.3810/0.3607/0.3509 | LR: 0.000005
Epoch [64/100] | Loss: 2.3019 (Cls: 1.9042, TAL: 0.0000, Adv: 2.6508) | Train Acc: 1.0000 | Val Acc: 0.7692 | Val P/R/F1 (Macro): 0.3656/0.3429/0.3268 | LR: 0.000005
Epoch [65/100] | Loss: 2.3671 (Cls: 1.9739, TAL: 0.0000, Adv: 2.6215) | Train Acc: 0.9844 | Val Acc: 0.8077 | Val P/R/F1 (Macro): 0.3546/0.3571/0.3452 | LR: 0.000005
Epoch [66/100] | Loss: 2.3684 (Cls: 1.9816, TAL: 0.0000, Adv: 2.5783) | Train Acc: 1.0000 | Val Acc: 0.7308 | Val P/R/F1 (Macro): 0.3554/0.3071/0.3110 | LR: 0.000005
Epoch [67/100] | Loss: 2.4384 (Cls: 2.0264, TAL: 0.0000, Adv: 2.7467) | Train Acc: 0.9688 | Val Acc: 0.7692 | Val P/R/F1 (Macro): 0.3750/0.3429/0.3302 | LR: 0.000005
Epoch [68/100] | Loss: 2.3777 (Cls: 1.9658, TAL: 0.0000, Adv: 2.7462) | Train Acc: 0.9688 | Val Acc: 0.7692 | Val P/R/F1 (Macro): 0.3750/0.3429/0.3302 | LR: 0.000005
Epoch [69/100] | Loss: 2.3370 (Cls: 1.9586, TAL: 0.0000, Adv: 2.5230) | Train Acc: 0.9844 | Val Acc: 0.7692 | Val P/R/F1 (Macro): 0.3750/0.3429/0.3302 | LR: 0.000005
Epoch [70/100] | Loss: 2.4713 (Cls: 2.0898, TAL: 0.0000, Adv: 2.5431) | Train Acc: 0.9688 | Val Acc: 0.8077 | Val P/R/F1 (Macro): 0.3776/0.3518/0.3407 | LR: 0.000005
Epoch [71/100] | Loss: 2.3082 (Cls: 1.9103, TAL: 0.0000, Adv: 2.6528) | Train Acc: 1.0000 | Val Acc: 0.8077 | Val P/R/F1 (Macro): 0.3776/0.3518/0.3407 | LR: 0.000003
Epoch [72/100] | Loss: 2.3050 (Cls: 1.9044, TAL: 0.0000, Adv: 2.6706) | Train Acc: 1.0000 | Val Acc: 0.7692 | Val P/R/F1 (Macro): 0.3036/0.3161/0.2899 | LR: 0.000003
Epoch [73/100] | Loss: 2.2956 (Cls: 1.8923, TAL: 0.0000, Adv: 2.6885) | Train Acc: 1.0000 | Val Acc: 0.7308 | Val P/R/F1 (Macro): 0.3016/0.3071/0.2799 | LR: 0.000003
Epoch [74/100] | Loss: 2.3422 (Cls: 1.9646, TAL: 0.0000, Adv: 2.5176) | Train Acc: 1.0000 | Val Acc: 0.7308 | Val P/R/F1 (Macro): 0.3016/0.3071/0.2799 | LR: 0.000003
Epoch [75/100] | Loss: 2.3712 (Cls: 1.9403, TAL: 0.0000, Adv: 2.8726) | Train Acc: 1.0000 | Val Acc: 0.7308 | Val P/R/F1 (Macro): 0.3016/0.3071/0.2799 | LR: 0.000003
Epoch [76/100] | Loss: 2.3439 (Cls: 1.9389, TAL: 0.0000, Adv: 2.7000) | Train Acc: 0.9844 | Val Acc: 0.7308 | Val P/R/F1 (Macro): 0.3016/0.3071/0.2799 | LR: 0.000003
Epoch [77/100] | Loss: 2.5128 (Cls: 2.0881, TAL: 0.0000, Adv: 2.8317) | Train Acc: 0.9844 | Val Acc: 0.7308 | Val P/R/F1 (Macro): 0.2893/0.3071/0.2789 | LR: 0.000003
Epoch [78/100] | Loss: 2.2935 (Cls: 1.9035, TAL: 0.0000, Adv: 2.5999) | Train Acc: 1.0000 | Val Acc: 0.7692 | Val P/R/F1 (Macro): 0.3750/0.3429/0.3302 | LR: 0.000003
Epoch [79/100] | Loss: 2.3585 (Cls: 1.9308, TAL: 0.0000, Adv: 2.8513) | Train Acc: 1.0000 | Val Acc: 0.7308 | Val P/R/F1 (Macro): 0.3486/0.3071/0.3075 | LR: 0.000003
Epoch [80/100] | Loss: 2.3928 (Cls: 1.9632, TAL: 0.0000, Adv: 2.8638) | Train Acc: 1.0000 | Val Acc: 0.6923 | Val P/R/F1 (Macro): 0.3304/0.2714/0.2851 | LR: 0.000003
Epoch [81/100] | Loss: 2.3821 (Cls: 1.9961, TAL: 0.0000, Adv: 2.5731) | Train Acc: 1.0000 | Val Acc: 0.6923 | Val P/R/F1 (Macro): 0.3304/0.2714/0.2851 | LR: 0.000003
Epoch [82/100] | Loss: 2.3105 (Cls: 1.8981, TAL: 0.0000, Adv: 2.7492) | Train Acc: 1.0000 | Val Acc: 0.6923 | Val P/R/F1 (Macro): 0.3304/0.2714/0.2851 | LR: 0.000001
Epoch [83/100] | Loss: 2.2964 (Cls: 1.8996, TAL: 0.0000, Adv: 2.6457) | Train Acc: 1.0000 | Val Acc: 0.7692 | Val P/R/F1 (Macro): 0.3571/0.3214/0.3209 | LR: 0.000001
Epoch [84/100] | Loss: 2.4147 (Cls: 2.0143, TAL: 0.0000, Adv: 2.6698) | Train Acc: 1.0000 | Val Acc: 0.7308 | Val P/R/F1 (Macro): 0.3554/0.3071/0.3110 | LR: 0.000001
Epoch [85/100] | Loss: 2.2947 (Cls: 1.8785, TAL: 0.0000, Adv: 2.7745) | Train Acc: 1.0000 | Val Acc: 0.7692 | Val P/R/F1 (Macro): 0.3750/0.3429/0.3302 | LR: 0.000001
Epoch [86/100] | Loss: 2.3450 (Cls: 1.9142, TAL: 0.0000, Adv: 2.8725) | Train Acc: 1.0000 | Val Acc: 0.7692 | Val P/R/F1 (Macro): 0.3750/0.3429/0.3302 | LR: 0.000001
Epoch [87/100] | Loss: 2.3038 (Cls: 1.9060, TAL: 0.0000, Adv: 2.6522) | Train Acc: 1.0000 | Val Acc: 0.7692 | Val P/R/F1 (Macro): 0.3750/0.3429/0.3302 | LR: 0.000001
Epoch [88/100] | Loss: 2.2983 (Cls: 1.8948, TAL: 0.0000, Adv: 2.6901) | Train Acc: 1.0000 | Val Acc: 0.7692 | Val P/R/F1 (Macro): 0.3750/0.3429/0.3302 | LR: 0.000001
Epoch [89/100] | Loss: 2.2501 (Cls: 1.8493, TAL: 0.0000, Adv: 2.6719) | Train Acc: 1.0000 | Val Acc: 0.7308 | Val P/R/F1 (Macro): 0.3016/0.3071/0.2799 | LR: 0.000001
Epoch [90/100] | Loss: 2.3069 (Cls: 1.9006, TAL: 0.0000, Adv: 2.7090) | Train Acc: 1.0000 | Val Acc: 0.7308 | Val P/R/F1 (Macro): 0.3016/0.3071/0.2799 | LR: 0.000001
Epoch [91/100] | Loss: 2.2881 (Cls: 1.8818, TAL: 0.0000, Adv: 2.7089) | Train Acc: 1.0000 | Val Acc: 0.7308 | Val P/R/F1 (Macro): 0.3016/0.3071/0.2799 | LR: 0.000001
Epoch [92/100] | Loss: 2.3671 (Cls: 1.9574, TAL: 0.0000, Adv: 2.7314) | Train Acc: 1.0000 | Val Acc: 0.7308 | Val P/R/F1 (Macro): 0.3016/0.3071/0.2799 | LR: 0.000001
Epoch [93/100] | Loss: 2.3049 (Cls: 1.8823, TAL: 0.0000, Adv: 2.8179) | Train Acc: 1.0000 | Val Acc: 0.7308 | Val P/R/F1 (Macro): 0.3016/0.3071/0.2799 | LR: 0.000001
Epoch [94/100] | Loss: 2.3527 (Cls: 1.9217, TAL: 0.0000, Adv: 2.8732) | Train Acc: 1.0000 | Val Acc: 0.7308 | Val P/R/F1 (Macro): 0.3016/0.3071/0.2799 | LR: 0.000001
Epoch [95/100] | Loss: 2.3023 (Cls: 1.8565, TAL: 0.0000, Adv: 2.9723) | Train Acc: 1.0000 | Val Acc: 0.7308 | Val P/R/F1 (Macro): 0.3016/0.3071/0.2799 | LR: 0.000001
Epoch [96/100] | Loss: 2.2552 (Cls: 1.8535, TAL: 0.0000, Adv: 2.6780) | Train Acc: 1.0000 | Val Acc: 0.7308 | Val P/R/F1 (Macro): 0.3016/0.3071/0.2799 | LR: 0.000001
Epoch [97/100] | Loss: 2.3146 (Cls: 1.8894, TAL: 0.0000, Adv: 2.8349) | Train Acc: 1.0000 | Val Acc: 0.7308 | Val P/R/F1 (Macro): 0.3016/0.3071/0.2799 | LR: 0.000001
Epoch [98/100] | Loss: 2.3221 (Cls: 1.9167, TAL: 0.0000, Adv: 2.7028) | Train Acc: 1.0000 | Val Acc: 0.7692 | Val P/R/F1 (Macro): 0.3036/0.3214/0.2905 | LR: 0.000001
Epoch [99/100] | Loss: 2.2421 (Cls: 1.8496, TAL: 0.0000, Adv: 2.6166) | Train Acc: 1.0000 | Val Acc: 0.7308 | Val P/R/F1 (Macro): 0.3016/0.3071/0.2799 | LR: 0.000001
Epoch [100/100] | Loss: 2.2381 (Cls: 1.8303, TAL: 0.0000, Adv: 2.7185) | Train Acc: 1.0000 | Val Acc: 0.7308 | Val P/R/F1 (Macro): 0.3016/0.3071/0.2799 | LR: 0.000001

迭代 4 最佳指标:
  Accuracy: 0.9231
  Precision (Macro): 0.3929
  Recall (Macro): 0.3839
  F1 (Macro): 0.3762
  Precision (Micro): 0.9231
  Recall (Micro): 0.9231
  F1 (Micro): 0.9231

================================================================================
迭代 5/5
随机种子: 46
================================================================================
Feature fusion: Channel concatenation (512+512); fused_dim=1024
Domain adaptation: Neural OT generator with 3-domain discriminator
Loss weights: tensor=0.00, adv=0.15
Epoch [1/100] | Loss: 11.4565 (Cls: 11.4057, TAL: 0.0000, Adv: 0.3383) | Train Acc: 0.0312 | Val Acc: 0.1538 | Val P/R/F1 (Macro): 0.0319/0.0679/0.0432 | LR: 0.000010
  >>> New Best Val Acc: 0.1538
Epoch [2/100] | Loss: 6.8225 (Cls: 6.7586, TAL: 0.0000, Adv: 0.4257) | Train Acc: 0.2500 | Val Acc: 0.1923 | Val P/R/F1 (Macro): 0.0137/0.0714/0.0230 | LR: 0.000010
  >>> New Best Val Acc: 0.1923
Epoch [3/100] | Loss: 5.8116 (Cls: 5.7494, TAL: 0.0000, Adv: 0.4150) | Train Acc: 0.3906 | Val Acc: 0.1923 | Val P/R/F1 (Macro): 0.0137/0.0714/0.0230 | LR: 0.000010
Epoch [4/100] | Loss: 6.2153 (Cls: 6.1571, TAL: 0.0000, Adv: 0.3880) | Train Acc: 0.2344 | Val Acc: 0.1923 | Val P/R/F1 (Macro): 0.0143/0.0714/0.0238 | LR: 0.000010
Epoch [5/100] | Loss: 5.2998 (Cls: 5.2421, TAL: 0.0000, Adv: 0.3841) | Train Acc: 0.3281 | Val Acc: 0.2308 | Val P/R/F1 (Macro): 0.0298/0.1071/0.0464 | LR: 0.000010
  >>> New Best Val Acc: 0.2308
Epoch [6/100] | Loss: 4.8455 (Cls: 4.7845, TAL: 0.0000, Adv: 0.4063) | Train Acc: 0.4844 | Val Acc: 0.2308 | Val P/R/F1 (Macro): 0.0298/0.1071/0.0464 | LR: 0.000010
Epoch [7/100] | Loss: 4.7706 (Cls: 4.7054, TAL: 0.0000, Adv: 0.4347) | Train Acc: 0.5938 | Val Acc: 0.1923 | Val P/R/F1 (Macro): 0.0155/0.0714/0.0255 | LR: 0.000010
Epoch [8/100] | Loss: 4.5247 (Cls: 4.4603, TAL: 0.0000, Adv: 0.4289) | Train Acc: 0.6094 | Val Acc: 0.1923 | Val P/R/F1 (Macro): 0.0137/0.0714/0.0230 | LR: 0.000010
Epoch [9/100] | Loss: 3.9091 (Cls: 3.8465, TAL: 0.0000, Adv: 0.4173) | Train Acc: 0.7812 | Val Acc: 0.1923 | Val P/R/F1 (Macro): 0.0137/0.0714/0.0230 | LR: 0.000010
Epoch [10/100] | Loss: 4.4783 (Cls: 4.4118, TAL: 0.0000, Adv: 0.4434) | Train Acc: 0.6562 | Val Acc: 0.1923 | Val P/R/F1 (Macro): 0.0143/0.0714/0.0238 | LR: 0.000010
Epoch [11/100] | Loss: 3.9976 (Cls: 3.9278, TAL: 0.0000, Adv: 0.4655) | Train Acc: 0.7969 | Val Acc: 0.1923 | Val P/R/F1 (Macro): 0.0162/0.0714/0.0265 | LR: 0.000010
Epoch [12/100] | Loss: 3.8121 (Cls: 3.7358, TAL: 0.0000, Adv: 0.5083) | Train Acc: 0.8125 | Val Acc: 0.2308 | Val P/R/F1 (Macro): 0.0295/0.1071/0.0459 | LR: 0.000010
Epoch [13/100] | Loss: 3.3456 (Cls: 3.2465, TAL: 0.0000, Adv: 0.6610) | Train Acc: 0.8594 | Val Acc: 0.2308 | Val P/R/F1 (Macro): 0.0289/0.1071/0.0455 | LR: 0.000010
Epoch [14/100] | Loss: 3.4226 (Cls: 3.3209, TAL: 0.0000, Adv: 0.6777) | Train Acc: 0.8125 | Val Acc: 0.1923 | Val P/R/F1 (Macro): 0.0162/0.0714/0.0265 | LR: 0.000010
Epoch [15/100] | Loss: 3.3677 (Cls: 3.2398, TAL: 0.0000, Adv: 0.8528) | Train Acc: 0.7812 | Val Acc: 0.1923 | Val P/R/F1 (Macro): 0.0155/0.0714/0.0255 | LR: 0.000010
Epoch [16/100] | Loss: 3.2269 (Cls: 3.1166, TAL: 0.0000, Adv: 0.7354) | Train Acc: 0.8906 | Val Acc: 0.1923 | Val P/R/F1 (Macro): 0.0155/0.0714/0.0255 | LR: 0.000005
Epoch [17/100] | Loss: 3.0452 (Cls: 2.8943, TAL: 0.0000, Adv: 1.0062) | Train Acc: 0.9062 | Val Acc: 0.1923 | Val P/R/F1 (Macro): 0.0155/0.0714/0.0255 | LR: 0.000005
Epoch [18/100] | Loss: 2.7944 (Cls: 2.6669, TAL: 0.0000, Adv: 0.8499) | Train Acc: 0.8594 | Val Acc: 0.2308 | Val P/R/F1 (Macro): 0.0877/0.0804/0.0423 | LR: 0.000005
Epoch [19/100] | Loss: 3.0035 (Cls: 2.8786, TAL: 0.0000, Adv: 0.8324) | Train Acc: 0.8125 | Val Acc: 0.3077 | Val P/R/F1 (Macro): 0.0877/0.0982/0.0654 | LR: 0.000005
  >>> New Best Val Acc: 0.3077
Epoch [20/100] | Loss: 3.0806 (Cls: 2.9425, TAL: 0.0000, Adv: 0.9210) | Train Acc: 0.9062 | Val Acc: 0.3077 | Val P/R/F1 (Macro): 0.0913/0.0982/0.0700 | LR: 0.000005
Epoch [21/100] | Loss: 2.9389 (Cls: 2.7922, TAL: 0.0000, Adv: 0.9780) | Train Acc: 0.8438 | Val Acc: 0.3462 | Val P/R/F1 (Macro): 0.0880/0.1339/0.0876 | LR: 0.000005
  >>> New Best Val Acc: 0.3462
Epoch [22/100] | Loss: 2.6887 (Cls: 2.5412, TAL: 0.0000, Adv: 0.9836) | Train Acc: 0.9062 | Val Acc: 0.3846 | Val P/R/F1 (Macro): 0.0969/0.1696/0.1014 | LR: 0.000005
  >>> New Best Val Acc: 0.3846
Epoch [23/100] | Loss: 2.7294 (Cls: 2.5463, TAL: 0.0000, Adv: 1.2208) | Train Acc: 0.9531 | Val Acc: 0.3846 | Val P/R/F1 (Macro): 0.1042/0.1696/0.1058 | LR: 0.000005
Epoch [24/100] | Loss: 2.6098 (Cls: 2.4165, TAL: 0.0000, Adv: 1.2886) | Train Acc: 0.9375 | Val Acc: 0.4231 | Val P/R/F1 (Macro): 0.1087/0.1786/0.1154 | LR: 0.000005
  >>> New Best Val Acc: 0.4231
Epoch [25/100] | Loss: 3.2980 (Cls: 3.1239, TAL: 0.0000, Adv: 1.1604) | Train Acc: 0.8281 | Val Acc: 0.4231 | Val P/R/F1 (Macro): 0.1058/0.1786/0.1136 | LR: 0.000005
Epoch [26/100] | Loss: 2.4181 (Cls: 2.2158, TAL: 0.0000, Adv: 1.3489) | Train Acc: 0.9688 | Val Acc: 0.4231 | Val P/R/F1 (Macro): 0.1028/0.1786/0.1119 | LR: 0.000005
Epoch [27/100] | Loss: 2.7220 (Cls: 2.5566, TAL: 0.0000, Adv: 1.1027) | Train Acc: 0.9688 | Val Acc: 0.4231 | Val P/R/F1 (Macro): 0.1684/0.1429/0.1328 | LR: 0.000005
Epoch [28/100] | Loss: 2.6618 (Cls: 2.4887, TAL: 0.0000, Adv: 1.1546) | Train Acc: 1.0000 | Val Acc: 0.4231 | Val P/R/F1 (Macro): 0.1667/0.1429/0.1310 | LR: 0.000005
Epoch [29/100] | Loss: 2.5107 (Cls: 2.2943, TAL: 0.0000, Adv: 1.4421) | Train Acc: 0.9531 | Val Acc: 0.4231 | Val P/R/F1 (Macro): 0.1684/0.1429/0.1328 | LR: 0.000005
Epoch [30/100] | Loss: 2.5465 (Cls: 2.3143, TAL: 0.0000, Adv: 1.5480) | Train Acc: 1.0000 | Val Acc: 0.4615 | Val P/R/F1 (Macro): 0.2418/0.1571/0.1587 | LR: 0.000005
  >>> New Best Val Acc: 0.4615
Epoch [31/100] | Loss: 2.7940 (Cls: 2.5773, TAL: 0.0000, Adv: 1.4451) | Train Acc: 0.9844 | Val Acc: 0.5000 | Val P/R/F1 (Macro): 0.1726/0.1786/0.1611 | LR: 0.000005
  >>> New Best Val Acc: 0.5000
Epoch [32/100] | Loss: 2.6490 (Cls: 2.3973, TAL: 0.0000, Adv: 1.6783) | Train Acc: 0.9844 | Val Acc: 0.5769 | Val P/R/F1 (Macro): 0.1964/0.2500/0.1952 | LR: 0.000005
  >>> New Best Val Acc: 0.5769
Epoch [33/100] | Loss: 2.3585 (Cls: 2.1194, TAL: 0.0000, Adv: 1.5938) | Train Acc: 0.9688 | Val Acc: 0.5769 | Val P/R/F1 (Macro): 0.1984/0.2500/0.1960 | LR: 0.000005
Epoch [34/100] | Loss: 2.5645 (Cls: 2.3255, TAL: 0.0000, Adv: 1.5928) | Train Acc: 0.9844 | Val Acc: 0.5769 | Val P/R/F1 (Macro): 0.1984/0.2500/0.1960 | LR: 0.000005
Epoch [35/100] | Loss: 2.5665 (Cls: 2.3113, TAL: 0.0000, Adv: 1.7008) | Train Acc: 0.9688 | Val Acc: 0.5769 | Val P/R/F1 (Macro): 0.2034/0.2500/0.2000 | LR: 0.000005
Epoch [36/100] | Loss: 2.7383 (Cls: 2.4883, TAL: 0.0000, Adv: 1.6667) | Train Acc: 1.0000 | Val Acc: 0.5000 | Val P/R/F1 (Macro): 0.1944/0.2143/0.1688 | LR: 0.000005
Epoch [37/100] | Loss: 2.4780 (Cls: 2.2143, TAL: 0.0000, Adv: 1.7579) | Train Acc: 1.0000 | Val Acc: 0.5000 | Val P/R/F1 (Macro): 0.1912/0.2143/0.1659 | LR: 0.000005
Epoch [38/100] | Loss: 2.5107 (Cls: 2.2286, TAL: 0.0000, Adv: 1.8801) | Train Acc: 0.9375 | Val Acc: 0.5385 | Val P/R/F1 (Macro): 0.2646/0.2286/0.1923 | LR: 0.000005
Epoch [39/100] | Loss: 2.6752 (Cls: 2.3859, TAL: 0.0000, Adv: 1.9285) | Train Acc: 0.9844 | Val Acc: 0.6154 | Val P/R/F1 (Macro): 0.3418/0.2821/0.2596 | LR: 0.000005
  >>> New Best Val Acc: 0.6154
Epoch [40/100] | Loss: 2.5124 (Cls: 2.2401, TAL: 0.0000, Adv: 1.8158) | Train Acc: 1.0000 | Val Acc: 0.6923 | Val P/R/F1 (Macro): 0.3492/0.3089/0.2845 | LR: 0.000005
  >>> New Best Val Acc: 0.6923
Epoch [41/100] | Loss: 2.3778 (Cls: 2.0944, TAL: 0.0000, Adv: 1.8892) | Train Acc: 0.9844 | Val Acc: 0.7308 | Val P/R/F1 (Macro): 0.3540/0.3446/0.3134 | LR: 0.000005
  >>> New Best Val Acc: 0.7308
Epoch [42/100] | Loss: 2.6558 (Cls: 2.3726, TAL: 0.0000, Adv: 1.8880) | Train Acc: 0.9844 | Val Acc: 0.6923 | Val P/R/F1 (Macro): 0.2786/0.3304/0.2862 | LR: 0.000005
Epoch [43/100] | Loss: 2.5113 (Cls: 2.2240, TAL: 0.0000, Adv: 1.9153) | Train Acc: 0.9844 | Val Acc: 0.6538 | Val P/R/F1 (Macro): 0.2646/0.2946/0.2663 | LR: 0.000005
Epoch [44/100] | Loss: 2.6167 (Cls: 2.2841, TAL: 0.0000, Adv: 2.2176) | Train Acc: 0.9688 | Val Acc: 0.6538 | Val P/R/F1 (Macro): 0.3095/0.3000/0.2627 | LR: 0.000005
Epoch [45/100] | Loss: 2.5813 (Cls: 2.2631, TAL: 0.0000, Adv: 2.1210) | Train Acc: 0.9688 | Val Acc: 0.6154 | Val P/R/F1 (Macro): 0.3000/0.2643/0.2461 | LR: 0.000005
Epoch [46/100] | Loss: 2.6217 (Cls: 2.3067, TAL: 0.0000, Adv: 2.1000) | Train Acc: 0.9531 | Val Acc: 0.6538 | Val P/R/F1 (Macro): 0.2974/0.2732/0.2539 | LR: 0.000005
Epoch [47/100] | Loss: 2.4941 (Cls: 2.1996, TAL: 0.0000, Adv: 1.9630) | Train Acc: 0.9844 | Val Acc: 0.6154 | Val P/R/F1 (Macro): 0.2748/0.2643/0.2238 | LR: 0.000005
Epoch [48/100] | Loss: 2.7469 (Cls: 2.4304, TAL: 0.0000, Adv: 2.1104) | Train Acc: 0.9688 | Val Acc: 0.5769 | Val P/R/F1 (Macro): 0.1984/0.2500/0.1960 | LR: 0.000005
Epoch [49/100] | Loss: 2.4734 (Cls: 2.1425, TAL: 0.0000, Adv: 2.2059) | Train Acc: 0.9531 | Val Acc: 0.5769 | Val P/R/F1 (Macro): 0.1964/0.2500/0.1952 | LR: 0.000005
Epoch [50/100] | Loss: 2.4514 (Cls: 2.1283, TAL: 0.0000, Adv: 2.1536) | Train Acc: 0.9688 | Val Acc: 0.5769 | Val P/R/F1 (Macro): 0.1847/0.2500/0.1947 | LR: 0.000005
Epoch [51/100] | Loss: 2.4377 (Cls: 2.1088, TAL: 0.0000, Adv: 2.1930) | Train Acc: 0.9844 | Val Acc: 0.6154 | Val P/R/F1 (Macro): 0.2651/0.2643/0.2259 | LR: 0.000005
Epoch [52/100] | Loss: 2.4813 (Cls: 2.1449, TAL: 0.0000, Adv: 2.2426) | Train Acc: 1.0000 | Val Acc: 0.6538 | Val P/R/F1 (Macro): 0.2395/0.3214/0.2670 | LR: 0.000003
Epoch [53/100] | Loss: 2.5609 (Cls: 2.2402, TAL: 0.0000, Adv: 2.1382) | Train Acc: 0.9375 | Val Acc: 0.6538 | Val P/R/F1 (Macro): 0.2395/0.3214/0.2670 | LR: 0.000003
Epoch [54/100] | Loss: 2.6146 (Cls: 2.2865, TAL: 0.0000, Adv: 2.1873) | Train Acc: 0.9844 | Val Acc: 0.7308 | Val P/R/F1 (Macro): 0.3272/0.3500/0.3137 | LR: 0.000003
Epoch [55/100] | Loss: 2.4680 (Cls: 2.1400, TAL: 0.0000, Adv: 2.1870) | Train Acc: 0.9844 | Val Acc: 0.7308 | Val P/R/F1 (Macro): 0.3272/0.3500/0.3137 | LR: 0.000003
Epoch [56/100] | Loss: 2.4179 (Cls: 2.0680, TAL: 0.0000, Adv: 2.3329) | Train Acc: 1.0000 | Val Acc: 0.7308 | Val P/R/F1 (Macro): 0.3272/0.3500/0.3137 | LR: 0.000003
Epoch [57/100] | Loss: 2.4751 (Cls: 2.1045, TAL: 0.0000, Adv: 2.4701) | Train Acc: 0.9844 | Val Acc: 0.7692 | Val P/R/F1 (Macro): 0.3415/0.3643/0.3301 | LR: 0.000003
  >>> New Best Val Acc: 0.7692
Epoch [58/100] | Loss: 2.3272 (Cls: 1.9748, TAL: 0.0000, Adv: 2.3491) | Train Acc: 1.0000 | Val Acc: 0.7692 | Val P/R/F1 (Macro): 0.3333/0.3429/0.3189 | LR: 0.000003
Epoch [59/100] | Loss: 2.3448 (Cls: 2.0054, TAL: 0.0000, Adv: 2.2624) | Train Acc: 1.0000 | Val Acc: 0.7308 | Val P/R/F1 (Macro): 0.3299/0.3286/0.3050 | LR: 0.000003
Epoch [60/100] | Loss: 2.4117 (Cls: 2.0815, TAL: 0.0000, Adv: 2.2014) | Train Acc: 0.9844 | Val Acc: 0.8077 | Val P/R/F1 (Macro): 0.3776/0.3571/0.3413 | LR: 0.000003
  >>> New Best Val Acc: 0.8077
Epoch [61/100] | Loss: 2.3367 (Cls: 1.9736, TAL: 0.0000, Adv: 2.4202) | Train Acc: 1.0000 | Val Acc: 0.7692 | Val P/R/F1 (Macro): 0.3750/0.3429/0.3302 | LR: 0.000003
Epoch [62/100] | Loss: 2.3207 (Cls: 1.9965, TAL: 0.0000, Adv: 2.1610) | Train Acc: 1.0000 | Val Acc: 0.7308 | Val P/R/F1 (Macro): 0.3016/0.3071/0.2799 | LR: 0.000003
Epoch [63/100] | Loss: 2.3834 (Cls: 2.0607, TAL: 0.0000, Adv: 2.1508) | Train Acc: 0.9844 | Val Acc: 0.6538 | Val P/R/F1 (Macro): 0.2812/0.2786/0.2454 | LR: 0.000003
Epoch [64/100] | Loss: 2.3015 (Cls: 1.9771, TAL: 0.0000, Adv: 2.1628) | Train Acc: 1.0000 | Val Acc: 0.6154 | Val P/R/F1 (Macro): 0.2748/0.2607/0.2306 | LR: 0.000003
Epoch [65/100] | Loss: 2.3891 (Cls: 2.0036, TAL: 0.0000, Adv: 2.5705) | Train Acc: 1.0000 | Val Acc: 0.5769 | Val P/R/F1 (Macro): 0.2679/0.2429/0.2122 | LR: 0.000003
Epoch [66/100] | Loss: 2.4475 (Cls: 2.0866, TAL: 0.0000, Adv: 2.4060) | Train Acc: 0.9844 | Val Acc: 0.5769 | Val P/R/F1 (Macro): 0.2679/0.2429/0.2122 | LR: 0.000003
Epoch [67/100] | Loss: 2.4328 (Cls: 2.0755, TAL: 0.0000, Adv: 2.3821) | Train Acc: 0.9844 | Val Acc: 0.4615 | Val P/R/F1 (Macro): 0.1805/0.1786/0.1508 | LR: 0.000003
Epoch [68/100] | Loss: 2.3579 (Cls: 2.0117, TAL: 0.0000, Adv: 2.3082) | Train Acc: 1.0000 | Val Acc: 0.4615 | Val P/R/F1 (Macro): 0.1805/0.1786/0.1508 | LR: 0.000003
Epoch [69/100] | Loss: 2.4380 (Cls: 2.0672, TAL: 0.0000, Adv: 2.4717) | Train Acc: 1.0000 | Val Acc: 0.4615 | Val P/R/F1 (Macro): 0.1805/0.1786/0.1508 | LR: 0.000003
Epoch [70/100] | Loss: 2.3879 (Cls: 2.0333, TAL: 0.0000, Adv: 2.3637) | Train Acc: 0.9688 | Val Acc: 0.5000 | Val P/R/F1 (Macro): 0.1855/0.1964/0.1694 | LR: 0.000003
Epoch [71/100] | Loss: 2.3420 (Cls: 1.9721, TAL: 0.0000, Adv: 2.4659) | Train Acc: 1.0000 | Val Acc: 0.5769 | Val P/R/F1 (Macro): 0.2642/0.2286/0.2098 | LR: 0.000001
Epoch [72/100] | Loss: 2.3389 (Cls: 1.9795, TAL: 0.0000, Adv: 2.3960) | Train Acc: 1.0000 | Val Acc: 0.5769 | Val P/R/F1 (Macro): 0.2642/0.2286/0.2098 | LR: 0.000001
Epoch [73/100] | Loss: 2.3847 (Cls: 1.9977, TAL: 0.0000, Adv: 2.5803) | Train Acc: 1.0000 | Val Acc: 0.6154 | Val P/R/F1 (Macro): 0.3048/0.2643/0.2494 | LR: 0.000001
Epoch [74/100] | Loss: 2.3631 (Cls: 1.9892, TAL: 0.0000, Adv: 2.4924) | Train Acc: 0.9688 | Val Acc: 0.6154 | Val P/R/F1 (Macro): 0.3048/0.2643/0.2494 | LR: 0.000001
Epoch [75/100] | Loss: 2.5563 (Cls: 2.1803, TAL: 0.0000, Adv: 2.5064) | Train Acc: 0.9688 | Val Acc: 0.6923 | Val P/R/F1 (Macro): 0.3089/0.2875/0.2783 | LR: 0.000001
Epoch [76/100] | Loss: 2.3277 (Cls: 1.9490, TAL: 0.0000, Adv: 2.5249) | Train Acc: 1.0000 | Val Acc: 0.6923 | Val P/R/F1 (Macro): 0.3089/0.2875/0.2783 | LR: 0.000001
Epoch [77/100] | Loss: 2.2923 (Cls: 1.9159, TAL: 0.0000, Adv: 2.5098) | Train Acc: 1.0000 | Val Acc: 0.6923 | Val P/R/F1 (Macro): 0.3089/0.2875/0.2783 | LR: 0.000001
Epoch [78/100] | Loss: 2.3679 (Cls: 2.0055, TAL: 0.0000, Adv: 2.4161) | Train Acc: 1.0000 | Val Acc: 0.6538 | Val P/R/F1 (Macro): 0.3040/0.2732/0.2573 | LR: 0.000001
Epoch [79/100] | Loss: 2.3072 (Cls: 1.9359, TAL: 0.0000, Adv: 2.4754) | Train Acc: 1.0000 | Val Acc: 0.6538 | Val P/R/F1 (Macro): 0.3040/0.2732/0.2573 | LR: 0.000001
Epoch [80/100] | Loss: 2.2351 (Cls: 1.8832, TAL: 0.0000, Adv: 2.3462) | Train Acc: 1.0000 | Val Acc: 0.6538 | Val P/R/F1 (Macro): 0.3040/0.2732/0.2573 | LR: 0.000001
Epoch [81/100] | Loss: 2.3106 (Cls: 1.9196, TAL: 0.0000, Adv: 2.6068) | Train Acc: 1.0000 | Val Acc: 0.6923 | Val P/R/F1 (Macro): 0.3397/0.2875/0.2862 | LR: 0.000001
Epoch [82/100] | Loss: 2.2925 (Cls: 1.9145, TAL: 0.0000, Adv: 2.5202) | Train Acc: 1.0000 | Val Acc: 0.6154 | Val P/R/F1 (Macro): 0.3000/0.2554/0.2437 | LR: 0.000001
Epoch [83/100] | Loss: 2.3568 (Cls: 1.9871, TAL: 0.0000, Adv: 2.4643) | Train Acc: 0.9844 | Val Acc: 0.5769 | Val P/R/F1 (Macro): 0.2976/0.2464/0.2338 | LR: 0.000001
Epoch [84/100] | Loss: 2.2437 (Cls: 1.8718, TAL: 0.0000, Adv: 2.4792) | Train Acc: 1.0000 | Val Acc: 0.5769 | Val P/R/F1 (Macro): 0.2976/0.2464/0.2338 | LR: 0.000001
Epoch [85/100] | Loss: 2.3417 (Cls: 1.9329, TAL: 0.0000, Adv: 2.7252) | Train Acc: 1.0000 | Val Acc: 0.5769 | Val P/R/F1 (Macro): 0.2976/0.2464/0.2338 | LR: 0.000001
Epoch [86/100] | Loss: 2.2285 (Cls: 1.8880, TAL: 0.0000, Adv: 2.2699) | Train Acc: 1.0000 | Val Acc: 0.5385 | Val P/R/F1 (Macro): 0.2944/0.2286/0.2173 | LR: 0.000001
Epoch [87/100] | Loss: 2.3302 (Cls: 1.9288, TAL: 0.0000, Adv: 2.6760) | Train Acc: 1.0000 | Val Acc: 0.5000 | Val P/R/F1 (Macro): 0.2706/0.2196/0.2018 | LR: 0.000001
Epoch [88/100] | Loss: 2.2715 (Cls: 1.8947, TAL: 0.0000, Adv: 2.5116) | Train Acc: 1.0000 | Val Acc: 0.5769 | Val P/R/F1 (Macro): 0.2976/0.2464/0.2338 | LR: 0.000001
Epoch [89/100] | Loss: 2.2686 (Cls: 1.8808, TAL: 0.0000, Adv: 2.5850) | Train Acc: 1.0000 | Val Acc: 0.5385 | Val P/R/F1 (Macro): 0.2602/0.2107/0.1961 | LR: 0.000001
Epoch [90/100] | Loss: 2.2558 (Cls: 1.8872, TAL: 0.0000, Adv: 2.4571) | Train Acc: 1.0000 | Val Acc: 0.5769 | Val P/R/F1 (Macro): 0.2748/0.2464/0.2136 | LR: 0.000001
Epoch [91/100] | Loss: 2.3416 (Cls: 1.9616, TAL: 0.0000, Adv: 2.5335) | Train Acc: 1.0000 | Val Acc: 0.5385 | Val P/R/F1 (Macro): 0.2698/0.2286/0.1960 | LR: 0.000001
Epoch [92/100] | Loss: 2.3526 (Cls: 1.9875, TAL: 0.0000, Adv: 2.4335) | Train Acc: 1.0000 | Val Acc: 0.5385 | Val P/R/F1 (Macro): 0.2679/0.2286/0.1952 | LR: 0.000001
Epoch [93/100] | Loss: 2.2951 (Cls: 1.9186, TAL: 0.0000, Adv: 2.5096) | Train Acc: 1.0000 | Val Acc: 0.5769 | Val P/R/F1 (Macro): 0.2748/0.2464/0.2136 | LR: 0.000001
Epoch [94/100] | Loss: 2.3009 (Cls: 1.8970, TAL: 0.0000, Adv: 2.6931) | Train Acc: 1.0000 | Val Acc: 0.5769 | Val P/R/F1 (Macro): 0.2748/0.2464/0.2136 | LR: 0.000001
Epoch [95/100] | Loss: 2.2717 (Cls: 1.9021, TAL: 0.0000, Adv: 2.4640) | Train Acc: 1.0000 | Val Acc: 0.5769 | Val P/R/F1 (Macro): 0.2748/0.2464/0.2136 | LR: 0.000001
Epoch [96/100] | Loss: 2.3024 (Cls: 1.9085, TAL: 0.0000, Adv: 2.6260) | Train Acc: 1.0000 | Val Acc: 0.5769 | Val P/R/F1 (Macro): 0.2718/0.2464/0.2122 | LR: 0.000001
Epoch [97/100] | Loss: 2.2491 (Cls: 1.8918, TAL: 0.0000, Adv: 2.3825) | Train Acc: 1.0000 | Val Acc: 0.5769 | Val P/R/F1 (Macro): 0.2748/0.2464/0.2136 | LR: 0.000001
Epoch [98/100] | Loss: 2.2804 (Cls: 1.9031, TAL: 0.0000, Adv: 2.5154) | Train Acc: 1.0000 | Val Acc: 0.6538 | Val P/R/F1 (Macro): 0.3189/0.3000/0.2667 | LR: 0.000001
Epoch [99/100] | Loss: 2.2885 (Cls: 1.9100, TAL: 0.0000, Adv: 2.5233) | Train Acc: 1.0000 | Val Acc: 0.6154 | Val P/R/F1 (Macro): 0.3016/0.2643/0.2474 | LR: 0.000001
Epoch [100/100] | Loss: 2.3380 (Cls: 1.9437, TAL: 0.0000, Adv: 2.6286) | Train Acc: 1.0000 | Val Acc: 0.6154 | Val P/R/F1 (Macro): 0.3016/0.2643/0.2474 | LR: 0.000001

迭代 5 最佳指标:
  Accuracy: 0.8077
  Precision (Macro): 0.3776
  Recall (Macro): 0.3571
  F1 (Macro): 0.3413
  Precision (Micro): 0.8077
  Recall (Micro): 0.8077
  F1 (Micro): 0.8077

================================================================================
5次迭代统计结果
================================================================================

accuracy:
  各迭代值: ['0.7692', '0.8462', '0.7692', '0.9231', '0.8077']
  均值 (Mean): 0.8231
  标准差 (Std): 0.0576

precision_macro:
  各迭代值: ['0.2942', '0.3724', '0.2942', '0.3929', '0.3776']
  均值 (Mean): 0.3463
  标准差 (Std): 0.0430

recall_macro:
  各迭代值: ['0.3214', '0.3929', '0.3214', '0.3839', '0.3571']
  均值 (Mean): 0.3554
  标准差 (Std): 0.0301

f1_macro:
  各迭代值: ['0.2872', '0.3690', '0.2872', '0.3762', '0.3413']
  均值 (Mean): 0.3322
  标准差 (Std): 0.0386

precision_micro:
  各迭代值: ['0.7692', '0.8462', '0.7692', '0.9231', '0.8077']
  均值 (Mean): 0.8231
  标准差 (Std): 0.0576

recall_micro:
  各迭代值: ['0.7692', '0.8462', '0.7692', '0.9231', '0.8077']
  均值 (Mean): 0.8231
  标准差 (Std): 0.0576

f1_micro:
  各迭代值: ['0.7692', '0.8462', '0.7692', '0.9231', '0.8077']
  均值 (Mean): 0.8231
  标准差 (Std): 0.0576

训练结束时间: 2026-06-24 23:31:35
================================================================================
