================================================================================
模块消融实验 - with_tensor_with_ot
目标域天气: 黑天
训练开始时间: 2026-06-29 14:21:54
设备: cuda
源域: D:\Code\JMDA-Net\Data\晴天
目标域: D:\Code\JMDA-Net\Data\黑天
批次大小: 16
总轮数: 100
迭代次数: 5
使用Tensor模块: 是
使用OT模块: 是
特征融合方式: Tensor对齐
域对齐方式: 最优传输
================================================================================

================================================================================
迭代 1/5
随机种子: 42
================================================================================
Feature fusion: Tensor alignment (512+512 -> 128+128); fused_dim=256
Domain adaptation: Neural OT generator with 3-domain discriminator
Loss weights: tensor=0.30, adv=0.15
Epoch [1/100] | Loss: 6.0423 (Cls: 5.9609, TAL: 0.0325, Adv: 0.4774) | Train Acc: 0.4375 | Val Acc: 0.1833 | Val P/R/F1 (Macro): 0.2175/0.2226/0.1742 | LR: 0.000010
  >>> New Best Val Acc: 0.1833
Epoch [2/100] | Loss: 4.0302 (Cls: 3.8471, TAL: -0.0006, Adv: 1.2219) | Train Acc: 0.7198 | Val Acc: 0.5167 | Val P/R/F1 (Macro): 0.3140/0.4049/0.3140 | LR: 0.000010
  >>> New Best Val Acc: 0.5167
Epoch [3/100] | Loss: 3.4956 (Cls: 3.2374, TAL: 0.0605, Adv: 1.6001) | Train Acc: 0.8362 | Val Acc: 0.6833 | Val P/R/F1 (Macro): 0.3881/0.4496/0.3746 | LR: 0.000010
  >>> New Best Val Acc: 0.6833
Epoch [4/100] | Loss: 3.0243 (Cls: 2.7491, TAL: -0.0511, Adv: 1.9369) | Train Acc: 0.8664 | Val Acc: 0.6000 | Val P/R/F1 (Macro): 0.4202/0.3973/0.3501 | LR: 0.000010
Epoch [5/100] | Loss: 2.8459 (Cls: 2.4986, TAL: -0.0178, Adv: 2.3509) | Train Acc: 0.9181 | Val Acc: 0.7667 | Val P/R/F1 (Macro): 0.4346/0.4812/0.4350 | LR: 0.000010
  >>> New Best Val Acc: 0.7667
Epoch [6/100] | Loss: 2.7967 (Cls: 2.4682, TAL: -0.1133, Adv: 2.4165) | Train Acc: 0.9116 | Val Acc: 0.8333 | Val P/R/F1 (Macro): 0.4268/0.5106/0.4407 | LR: 0.000010
  >>> New Best Val Acc: 0.8333
Epoch [7/100] | Loss: 2.6801 (Cls: 2.2498, TAL: -0.0014, Adv: 2.8714) | Train Acc: 0.9418 | Val Acc: 0.7750 | Val P/R/F1 (Macro): 0.4268/0.5035/0.4359 | LR: 0.000010
Epoch [8/100] | Loss: 2.6321 (Cls: 2.2547, TAL: -0.0059, Adv: 2.5277) | Train Acc: 0.9397 | Val Acc: 0.8667 | Val P/R/F1 (Macro): 0.4955/0.5242/0.5010 | LR: 0.000010
  >>> New Best Val Acc: 0.8667
Epoch [9/100] | Loss: 2.6161 (Cls: 2.1657, TAL: 0.0586, Adv: 2.8854) | Train Acc: 0.9569 | Val Acc: 0.8833 | Val P/R/F1 (Macro): 0.4882/0.5353/0.5038 | LR: 0.000010
  >>> New Best Val Acc: 0.8833
Epoch [10/100] | Loss: 2.4797 (Cls: 2.0555, TAL: 0.0819, Adv: 2.6643) | Train Acc: 0.9677 | Val Acc: 0.8167 | Val P/R/F1 (Macro): 0.4376/0.5040/0.4467 | LR: 0.000010
Epoch [11/100] | Loss: 2.5721 (Cls: 2.1093, TAL: 0.0641, Adv: 2.9567) | Train Acc: 0.9569 | Val Acc: 0.8333 | Val P/R/F1 (Macro): 0.4788/0.5238/0.4902 | LR: 0.000010
Epoch [12/100] | Loss: 2.5838 (Cls: 2.0847, TAL: 0.0845, Adv: 3.1584) | Train Acc: 0.9569 | Val Acc: 0.8167 | Val P/R/F1 (Macro): 0.4970/0.5210/0.4967 | LR: 0.000010
Epoch [13/100] | Loss: 2.5069 (Cls: 2.0684, TAL: 0.1085, Adv: 2.7061) | Train Acc: 0.9698 | Val Acc: 0.8917 | Val P/R/F1 (Macro): 0.4917/0.5386/0.5100 | LR: 0.000010
  >>> New Best Val Acc: 0.8917
Epoch [14/100] | Loss: 2.5027 (Cls: 2.0468, TAL: -0.0696, Adv: 3.1787) | Train Acc: 0.9418 | Val Acc: 0.8500 | Val P/R/F1 (Macro): 0.4599/0.5227/0.4804 | LR: 0.000010
Epoch [15/100] | Loss: 2.3384 (Cls: 1.9899, TAL: 0.0068, Adv: 2.3099) | Train Acc: 0.9677 | Val Acc: 0.8750 | Val P/R/F1 (Macro): 0.5083/0.5320/0.5150 | LR: 0.000010
Epoch [16/100] | Loss: 2.3133 (Cls: 1.9896, TAL: 0.1362, Adv: 1.8856) | Train Acc: 0.9612 | Val Acc: 0.8000 | Val P/R/F1 (Macro): 0.4458/0.5073/0.4527 | LR: 0.000010
Epoch [17/100] | Loss: 2.3335 (Cls: 1.9354, TAL: 0.1551, Adv: 2.3440) | Train Acc: 0.9677 | Val Acc: 0.9167 | Val P/R/F1 (Macro): 0.5152/0.5439/0.5232 | LR: 0.000010
  >>> New Best Val Acc: 0.9167
Epoch [18/100] | Loss: 2.2973 (Cls: 2.0039, TAL: -0.1250, Adv: 2.2063) | Train Acc: 0.9720 | Val Acc: 0.9333 | Val P/R/F1 (Macro): 0.5364/0.5422/0.5384 | LR: 0.000010
  >>> New Best Val Acc: 0.9333
Epoch [19/100] | Loss: 2.3042 (Cls: 1.9534, TAL: -0.2051, Adv: 2.7486) | Train Acc: 0.9634 | Val Acc: 0.9333 | Val P/R/F1 (Macro): 0.5271/0.5474/0.5310 | LR: 0.000010
Epoch [20/100] | Loss: 2.2633 (Cls: 1.9094, TAL: -0.2678, Adv: 2.8949) | Train Acc: 0.9784 | Val Acc: 0.9500 | Val P/R/F1 (Macro): 0.5326/0.5522/0.5360 | LR: 0.000010
  >>> New Best Val Acc: 0.9500
Epoch [21/100] | Loss: 2.3504 (Cls: 1.8961, TAL: -0.2206, Adv: 3.4705) | Train Acc: 0.9849 | Val Acc: 0.8917 | Val P/R/F1 (Macro): 0.5013/0.5417/0.5160 | LR: 0.000010
Epoch [22/100] | Loss: 2.3457 (Cls: 1.9595, TAL: -0.2182, Adv: 3.0114) | Train Acc: 0.9677 | Val Acc: 0.9083 | Val P/R/F1 (Macro): 0.5089/0.5415/0.5166 | LR: 0.000010
Epoch [23/100] | Loss: 2.3362 (Cls: 1.8916, TAL: -0.1962, Adv: 3.3564) | Train Acc: 0.9763 | Val Acc: 0.8917 | Val P/R/F1 (Macro): 0.5159/0.5355/0.5226 | LR: 0.000010
Epoch [24/100] | Loss: 2.2833 (Cls: 1.9065, TAL: -0.3091, Adv: 3.1302) | Train Acc: 0.9763 | Val Acc: 0.8583 | Val P/R/F1 (Macro): 0.4965/0.5265/0.5035 | LR: 0.000010
Epoch [25/100] | Loss: 2.3197 (Cls: 1.8553, TAL: -0.1923, Adv: 3.4809) | Train Acc: 0.9892 | Val Acc: 0.8917 | Val P/R/F1 (Macro): 0.4791/0.5400/0.4982 | LR: 0.000010
Epoch [26/100] | Loss: 2.3620 (Cls: 1.9022, TAL: -0.2342, Adv: 3.5341) | Train Acc: 0.9806 | Val Acc: 0.8833 | Val P/R/F1 (Macro): 0.4647/0.5359/0.4811 | LR: 0.000010
Epoch [27/100] | Loss: 2.4269 (Cls: 1.9233, TAL: -0.1739, Adv: 3.7052) | Train Acc: 0.9612 | Val Acc: 0.9333 | Val P/R/F1 (Macro): 0.5271/0.5548/0.5375 | LR: 0.000010
Epoch [28/100] | Loss: 2.3440 (Cls: 1.8221, TAL: -0.0748, Adv: 3.6285) | Train Acc: 0.9849 | Val Acc: 0.8333 | Val P/R/F1 (Macro): 0.4876/0.5237/0.4907 | LR: 0.000010
Epoch [29/100] | Loss: 2.4220 (Cls: 1.8570, TAL: -0.0884, Adv: 3.9438) | Train Acc: 0.9784 | Val Acc: 0.8417 | Val P/R/F1 (Macro): 0.4729/0.5202/0.4791 | LR: 0.000010
Epoch [30/100] | Loss: 2.5149 (Cls: 1.8961, TAL: 0.0748, Adv: 3.9759) | Train Acc: 0.9677 | Val Acc: 0.9250 | Val P/R/F1 (Macro): 0.5088/0.5404/0.5198 | LR: 0.000010
Epoch [31/100] | Loss: 2.4290 (Cls: 1.8195, TAL: 0.1021, Adv: 3.8591) | Train Acc: 0.9828 | Val Acc: 0.8583 | Val P/R/F1 (Macro): 0.4697/0.5229/0.4837 | LR: 0.000005
Epoch [32/100] | Loss: 2.4489 (Cls: 1.8269, TAL: 0.0429, Adv: 4.0607) | Train Acc: 0.9871 | Val Acc: 0.9333 | Val P/R/F1 (Macro): 0.5312/0.5426/0.5328 | LR: 0.000005
Epoch [33/100] | Loss: 2.3514 (Cls: 1.8161, TAL: -0.1458, Adv: 3.8607) | Train Acc: 0.9914 | Val Acc: 0.9250 | Val P/R/F1 (Macro): 0.5244/0.5399/0.5237 | LR: 0.000005
Epoch [34/100] | Loss: 2.3089 (Cls: 1.8090, TAL: -0.2677, Adv: 3.8681) | Train Acc: 0.9828 | Val Acc: 0.9667 | Val P/R/F1 (Macro): 0.5535/0.5526/0.5518 | LR: 0.000005
  >>> New Best Val Acc: 0.9667
Epoch [35/100] | Loss: 2.3583 (Cls: 1.7851, TAL: -0.0858, Adv: 3.9927) | Train Acc: 0.9871 | Val Acc: 0.9583 | Val P/R/F1 (Macro): 0.5203/0.5536/0.5323 | LR: 0.000005
Epoch [36/100] | Loss: 2.3915 (Cls: 1.8024, TAL: -0.1329, Adv: 4.1931) | Train Acc: 0.9978 | Val Acc: 0.9500 | Val P/R/F1 (Macro): 0.5464/0.5539/0.5492 | LR: 0.000005
Epoch [37/100] | Loss: 2.3695 (Cls: 1.7840, TAL: -0.2055, Adv: 4.3138) | Train Acc: 0.9914 | Val Acc: 0.9417 | Val P/R/F1 (Macro): 0.5117/0.5521/0.5272 | LR: 0.000005
Epoch [38/100] | Loss: 2.4326 (Cls: 1.8183, TAL: -0.0926, Adv: 4.2805) | Train Acc: 0.9828 | Val Acc: 0.9833 | Val P/R/F1 (Macro): 0.5417/0.5618/0.5497 | LR: 0.000005
  >>> New Best Val Acc: 0.9833
Epoch [39/100] | Loss: 2.4335 (Cls: 1.7789, TAL: -0.0158, Adv: 4.3960) | Train Acc: 0.9957 | Val Acc: 0.9250 | Val P/R/F1 (Macro): 0.5125/0.5496/0.5271 | LR: 0.000005
Epoch [40/100] | Loss: 2.4449 (Cls: 1.7779, TAL: 0.0437, Adv: 4.3597) | Train Acc: 0.9935 | Val Acc: 0.9500 | Val P/R/F1 (Macro): 0.5338/0.5539/0.5419 | LR: 0.000005
Epoch [41/100] | Loss: 2.4118 (Cls: 1.7854, TAL: -0.1459, Adv: 4.4676) | Train Acc: 0.9914 | Val Acc: 0.9417 | Val P/R/F1 (Macro): 0.5338/0.5521/0.5414 | LR: 0.000005
Epoch [42/100] | Loss: 2.3277 (Cls: 1.7736, TAL: -0.3229, Adv: 4.3396) | Train Acc: 0.9957 | Val Acc: 0.9417 | Val P/R/F1 (Macro): 0.5245/0.5501/0.5339 | LR: 0.000005
Epoch [43/100] | Loss: 2.3438 (Cls: 1.8179, TAL: -0.3262, Adv: 4.1580) | Train Acc: 0.9806 | Val Acc: 0.9833 | Val P/R/F1 (Macro): 0.5569/0.5618/0.5586 | LR: 0.000005
Epoch [44/100] | Loss: 2.3696 (Cls: 1.7790, TAL: -0.3950, Adv: 4.7269) | Train Acc: 0.9892 | Val Acc: 0.9667 | Val P/R/F1 (Macro): 0.5417/0.5563/0.5472 | LR: 0.000005
Epoch [45/100] | Loss: 2.3650 (Cls: 1.7822, TAL: -0.3291, Adv: 4.5437) | Train Acc: 0.9957 | Val Acc: 0.9083 | Val P/R/F1 (Macro): 0.5067/0.5411/0.5180 | LR: 0.000005
Epoch [46/100] | Loss: 2.3182 (Cls: 1.7936, TAL: -0.5294, Adv: 4.5567) | Train Acc: 0.9914 | Val Acc: 0.9667 | Val P/R/F1 (Macro): 0.5400/0.5604/0.5476 | LR: 0.000005
Epoch [47/100] | Loss: 2.3256 (Cls: 1.7805, TAL: -0.5818, Adv: 4.7974) | Train Acc: 0.9871 | Val Acc: 0.9500 | Val P/R/F1 (Macro): 0.5281/0.5508/0.5371 | LR: 0.000005
Epoch [48/100] | Loss: 2.2878 (Cls: 1.7467, TAL: -0.6632, Adv: 4.9337) | Train Acc: 0.9978 | Val Acc: 0.9500 | Val P/R/F1 (Macro): 0.5274/0.5529/0.5367 | LR: 0.000005
Epoch [49/100] | Loss: 2.3257 (Cls: 1.7853, TAL: -0.6946, Adv: 4.9920) | Train Acc: 0.9849 | Val Acc: 0.9583 | Val P/R/F1 (Macro): 0.5372/0.5556/0.5443 | LR: 0.000003
Epoch [50/100] | Loss: 2.3725 (Cls: 1.7608, TAL: -0.4476, Adv: 4.9733) | Train Acc: 0.9914 | Val Acc: 0.9333 | Val P/R/F1 (Macro): 0.5227/0.5494/0.5323 | LR: 0.000003
Epoch [51/100] | Loss: 2.2324 (Cls: 1.7454, TAL: -0.6455, Adv: 4.5371) | Train Acc: 0.9914 | Val Acc: 0.9750 | Val P/R/F1 (Macro): 0.5485/0.5553/0.5498 | LR: 0.000003
Epoch [52/100] | Loss: 2.3363 (Cls: 1.7362, TAL: -0.3840, Adv: 4.7682) | Train Acc: 1.0000 | Val Acc: 0.9583 | Val P/R/F1 (Macro): 0.5364/0.5556/0.5441 | LR: 0.000003
Epoch [53/100] | Loss: 2.3190 (Cls: 1.7401, TAL: -0.4743, Adv: 4.8085) | Train Acc: 1.0000 | Val Acc: 0.9583 | Val P/R/F1 (Macro): 0.5426/0.5556/0.5472 | LR: 0.000003
Epoch [54/100] | Loss: 2.3676 (Cls: 1.7365, TAL: -0.3230, Adv: 4.8531) | Train Acc: 0.9978 | Val Acc: 0.9667 | Val P/R/F1 (Macro): 0.5364/0.5573/0.5448 | LR: 0.000003
Epoch [55/100] | Loss: 2.3995 (Cls: 1.7402, TAL: -0.3540, Adv: 5.1037) | Train Acc: 0.9978 | Val Acc: 0.9583 | Val P/R/F1 (Macro): 0.5494/0.5484/0.5479 | LR: 0.000003
Epoch [56/100] | Loss: 2.3782 (Cls: 1.7563, TAL: -0.3087, Adv: 4.7634) | Train Acc: 0.9935 | Val Acc: 0.9750 | Val P/R/F1 (Macro): 0.5483/0.5591/0.5518 | LR: 0.000003
Epoch [57/100] | Loss: 2.3811 (Cls: 1.7592, TAL: -0.3422, Adv: 4.8309) | Train Acc: 0.9849 | Val Acc: 0.9667 | Val P/R/F1 (Macro): 0.5272/0.5601/0.5403 | LR: 0.000003
Epoch [58/100] | Loss: 2.3758 (Cls: 1.7525, TAL: -0.3065, Adv: 4.7687) | Train Acc: 0.9957 | Val Acc: 0.9667 | Val P/R/F1 (Macro): 0.5455/0.5611/0.5516 | LR: 0.000003
Epoch [59/100] | Loss: 2.3615 (Cls: 1.7510, TAL: -0.2675, Adv: 4.6047) | Train Acc: 0.9957 | Val Acc: 0.8917 | Val P/R/F1 (Macro): 0.4918/0.5305/0.5027 | LR: 0.000003
Epoch [60/100] | Loss: 2.3982 (Cls: 1.7457, TAL: -0.2631, Adv: 4.8759) | Train Acc: 0.9957 | Val Acc: 0.9667 | Val P/R/F1 (Macro): 0.5465/0.5563/0.5495 | LR: 0.000001
Epoch [61/100] | Loss: 2.4333 (Cls: 1.7343, TAL: -0.2041, Adv: 5.0684) | Train Acc: 0.9957 | Val Acc: 0.9667 | Val P/R/F1 (Macro): 0.5418/0.5563/0.5458 | LR: 0.000001
Epoch [62/100] | Loss: 2.3784 (Cls: 1.7438, TAL: -0.1767, Adv: 4.5843) | Train Acc: 0.9935 | Val Acc: 0.9667 | Val P/R/F1 (Macro): 0.5245/0.5563/0.5361 | LR: 0.000001
Epoch [63/100] | Loss: 2.3304 (Cls: 1.7248, TAL: -0.2707, Adv: 4.5791) | Train Acc: 1.0000 | Val Acc: 0.9667 | Val P/R/F1 (Macro): 0.5421/0.5601/0.5491 | LR: 0.000001
Epoch [64/100] | Loss: 2.3755 (Cls: 1.7201, TAL: -0.3022, Adv: 4.9743) | Train Acc: 0.9957 | Val Acc: 0.9750 | Val P/R/F1 (Macro): 0.5451/0.5632/0.5520 | LR: 0.000001
Epoch [65/100] | Loss: 2.3197 (Cls: 1.7225, TAL: -0.3921, Adv: 4.7653) | Train Acc: 0.9978 | Val Acc: 0.9583 | Val P/R/F1 (Macro): 0.5376/0.5546/0.5440 | LR: 0.000001
Epoch [66/100] | Loss: 2.2945 (Cls: 1.7207, TAL: -0.4133, Adv: 4.6521) | Train Acc: 0.9978 | Val Acc: 0.9167 | Val P/R/F1 (Macro): 0.4996/0.5449/0.5155 | LR: 0.000001
Epoch [67/100] | Loss: 2.3017 (Cls: 1.7266, TAL: -0.4760, Adv: 4.7855) | Train Acc: 0.9957 | Val Acc: 0.9500 | Val P/R/F1 (Macro): 0.5314/0.5518/0.5398 | LR: 0.000001
Epoch [68/100] | Loss: 2.3201 (Cls: 1.7321, TAL: -0.4200, Adv: 4.7600) | Train Acc: 0.9957 | Val Acc: 0.9667 | Val P/R/F1 (Macro): 0.5402/0.5563/0.5461 | LR: 0.000001
Epoch [69/100] | Loss: 2.3326 (Cls: 1.7360, TAL: -0.4247, Adv: 4.8270) | Train Acc: 0.9914 | Val Acc: 0.9667 | Val P/R/F1 (Macro): 0.5367/0.5577/0.5444 | LR: 0.000001
Epoch [70/100] | Loss: 2.3625 (Cls: 1.7473, TAL: -0.3824, Adv: 4.8665) | Train Acc: 0.9935 | Val Acc: 0.9417 | Val P/R/F1 (Macro): 0.5293/0.5501/0.5366 | LR: 0.000001
Epoch [71/100] | Loss: 2.4600 (Cls: 1.7344, TAL: -0.1863, Adv: 5.2101) | Train Acc: 0.9978 | Val Acc: 0.9500 | Val P/R/F1 (Macro): 0.5208/0.5518/0.5315 | LR: 0.000001
Epoch [72/100] | Loss: 2.3189 (Cls: 1.7314, TAL: -0.3274, Adv: 4.5718) | Train Acc: 1.0000 | Val Acc: 0.9583 | Val P/R/F1 (Macro): 0.5237/0.5536/0.5339 | LR: 0.000001
Epoch [73/100] | Loss: 2.3561 (Cls: 1.7219, TAL: -0.3055, Adv: 4.8390) | Train Acc: 1.0000 | Val Acc: 0.9333 | Val P/R/F1 (Macro): 0.5240/0.5412/0.5293 | LR: 0.000001
Epoch [74/100] | Loss: 2.3598 (Cls: 1.7190, TAL: -0.3027, Adv: 4.8778) | Train Acc: 1.0000 | Val Acc: 0.9667 | Val P/R/F1 (Macro): 0.5304/0.5573/0.5407 | LR: 0.000001
Epoch [75/100] | Loss: 2.3610 (Cls: 1.7287, TAL: -0.3173, Adv: 4.8503) | Train Acc: 0.9892 | Val Acc: 0.9583 | Val P/R/F1 (Macro): 0.5237/0.5536/0.5339 | LR: 0.000001
Epoch [76/100] | Loss: 2.3282 (Cls: 1.7443, TAL: -0.2716, Adv: 4.4359) | Train Acc: 0.9935 | Val Acc: 0.9500 | Val P/R/F1 (Macro): 0.5337/0.5433/0.5350 | LR: 0.000001
Epoch [77/100] | Loss: 2.3388 (Cls: 1.7320, TAL: -0.2830, Adv: 4.6114) | Train Acc: 0.9914 | Val Acc: 0.9500 | Val P/R/F1 (Macro): 0.5193/0.5518/0.5319 | LR: 0.000001
Epoch [78/100] | Loss: 2.4030 (Cls: 1.7157, TAL: -0.2633, Adv: 5.1084) | Train Acc: 1.0000 | Val Acc: 0.9750 | Val P/R/F1 (Macro): 0.5488/0.5591/0.5525 | LR: 0.000001
Epoch [79/100] | Loss: 2.3562 (Cls: 1.7181, TAL: -0.2785, Adv: 4.8112) | Train Acc: 0.9957 | Val Acc: 0.9667 | Val P/R/F1 (Macro): 0.5303/0.5563/0.5401 | LR: 0.000001
Epoch [80/100] | Loss: 2.3527 (Cls: 1.7142, TAL: -0.2651, Adv: 4.7869) | Train Acc: 1.0000 | Val Acc: 0.9500 | Val P/R/F1 (Macro): 0.5207/0.5518/0.5316 | LR: 0.000001
Epoch [81/100] | Loss: 2.3552 (Cls: 1.7314, TAL: -0.2776, Adv: 4.7143) | Train Acc: 0.9892 | Val Acc: 0.9500 | Val P/R/F1 (Macro): 0.5243/0.5471/0.5321 | LR: 0.000001
Epoch [82/100] | Loss: 2.3571 (Cls: 1.7192, TAL: -0.2811, Adv: 4.8142) | Train Acc: 0.9978 | Val Acc: 0.9500 | Val P/R/F1 (Macro): 0.5208/0.5518/0.5315 | LR: 0.000001
Epoch [83/100] | Loss: 2.3465 (Cls: 1.7151, TAL: -0.2743, Adv: 4.7578) | Train Acc: 1.0000 | Val Acc: 0.9667 | Val P/R/F1 (Macro): 0.5268/0.5563/0.5369 | LR: 0.000001
Epoch [84/100] | Loss: 2.3081 (Cls: 1.7232, TAL: -0.2526, Adv: 4.4047) | Train Acc: 0.9957 | Val Acc: 0.9583 | Val P/R/F1 (Macro): 0.5237/0.5536/0.5339 | LR: 0.000001
Epoch [85/100] | Loss: 2.3573 (Cls: 1.7125, TAL: -0.2568, Adv: 4.8123) | Train Acc: 1.0000 | Val Acc: 0.9667 | Val P/R/F1 (Macro): 0.5303/0.5563/0.5401 | LR: 0.000001
Epoch [86/100] | Loss: 2.3867 (Cls: 1.7243, TAL: -0.2721, Adv: 4.9596) | Train Acc: 0.9957 | Val Acc: 0.9583 | Val P/R/F1 (Macro): 0.5284/0.5536/0.5376 | LR: 0.000001
Epoch [87/100] | Loss: 2.3984 (Cls: 1.7235, TAL: -0.2571, Adv: 5.0135) | Train Acc: 0.9978 | Val Acc: 0.9667 | Val P/R/F1 (Macro): 0.5465/0.5563/0.5495 | LR: 0.000001
Epoch [88/100] | Loss: 2.4012 (Cls: 1.7181, TAL: -0.2525, Adv: 5.0592) | Train Acc: 0.9957 | Val Acc: 0.9667 | Val P/R/F1 (Macro): 0.5268/0.5563/0.5369 | LR: 0.000001
Epoch [89/100] | Loss: 2.4131 (Cls: 1.7144, TAL: -0.2711, Adv: 5.2003) | Train Acc: 1.0000 | Val Acc: 0.9583 | Val P/R/F1 (Macro): 0.5371/0.5546/0.5437 | LR: 0.000001
Epoch [90/100] | Loss: 2.4005 (Cls: 1.7287, TAL: -0.2857, Adv: 5.0497) | Train Acc: 0.9978 | Val Acc: 0.9417 | Val P/R/F1 (Macro): 0.5041/0.5429/0.5181 | LR: 0.000001
Epoch [91/100] | Loss: 2.3844 (Cls: 1.7307, TAL: -0.3052, Adv: 4.9681) | Train Acc: 0.9914 | Val Acc: 0.9750 | Val P/R/F1 (Macro): 0.5446/0.5594/0.5487 | LR: 0.000001
Epoch [92/100] | Loss: 2.3997 (Cls: 1.7278, TAL: -0.3380, Adv: 5.1553) | Train Acc: 0.9978 | Val Acc: 0.9500 | Val P/R/F1 (Macro): 0.5161/0.5518/0.5296 | LR: 0.000001
Epoch [93/100] | Loss: 2.4342 (Cls: 1.7460, TAL: -0.3564, Adv: 5.3012) | Train Acc: 0.9849 | Val Acc: 0.9583 | Val P/R/F1 (Macro): 0.5391/0.5546/0.5436 | LR: 0.000001
Epoch [94/100] | Loss: 2.3834 (Cls: 1.7143, TAL: -0.3880, Adv: 5.2364) | Train Acc: 0.9957 | Val Acc: 0.9583 | Val P/R/F1 (Macro): 0.5391/0.5546/0.5436 | LR: 0.000001
Epoch [95/100] | Loss: 2.3820 (Cls: 1.7064, TAL: -0.3562, Adv: 5.2160) | Train Acc: 0.9978 | Val Acc: 0.9583 | Val P/R/F1 (Macro): 0.5391/0.5546/0.5436 | LR: 0.000001
Epoch [96/100] | Loss: 2.3924 (Cls: 1.7063, TAL: -0.3712, Adv: 5.3165) | Train Acc: 1.0000 | Val Acc: 0.9500 | Val P/R/F1 (Macro): 0.5161/0.5518/0.5296 | LR: 0.000001
Epoch [97/100] | Loss: 2.3914 (Cls: 1.7195, TAL: -0.3379, Adv: 5.1551) | Train Acc: 0.9957 | Val Acc: 0.9583 | Val P/R/F1 (Macro): 0.5160/0.5536/0.5292 | LR: 0.000001
Epoch [98/100] | Loss: 2.3567 (Cls: 1.7172, TAL: -0.3346, Adv: 4.9328) | Train Acc: 0.9957 | Val Acc: 0.9583 | Val P/R/F1 (Macro): 0.5370/0.5536/0.5431 | LR: 0.000001
Epoch [99/100] | Loss: 2.4331 (Cls: 1.7366, TAL: -0.2820, Adv: 5.2072) | Train Acc: 0.9957 | Val Acc: 0.9583 | Val P/R/F1 (Macro): 0.5485/0.5546/0.5508 | LR: 0.000001
Epoch [100/100] | Loss: 2.3914 (Cls: 1.7176, TAL: -0.3502, Adv: 5.1924) | Train Acc: 1.0000 | Val Acc: 0.9583 | Val P/R/F1 (Macro): 0.5492/0.5546/0.5512 | LR: 0.000001

迭代 1 最佳指标:
  Accuracy: 0.9833
  Precision (Macro): 0.5417
  Recall (Macro): 0.5618
  F1 (Macro): 0.5497
  Precision (Micro): 0.9833
  Recall (Micro): 0.9833
  F1 (Micro): 0.9833

================================================================================
迭代 2/5
随机种子: 43
================================================================================
Feature fusion: Tensor alignment (512+512 -> 128+128); fused_dim=256
Domain adaptation: Neural OT generator with 3-domain discriminator
Loss weights: tensor=0.30, adv=0.15
Epoch [1/100] | Loss: 6.2687 (Cls: 6.1626, TAL: 0.0722, Adv: 0.5634) | Train Acc: 0.3534 | Val Acc: 0.2833 | Val P/R/F1 (Macro): 0.3898/0.2912/0.2375 | LR: 0.000010
  >>> New Best Val Acc: 0.2833
Epoch [2/100] | Loss: 4.1543 (Cls: 4.0092, TAL: -0.0425, Adv: 1.0526) | Train Acc: 0.6853 | Val Acc: 0.4000 | Val P/R/F1 (Macro): 0.3551/0.3409/0.2467 | LR: 0.000010
  >>> New Best Val Acc: 0.4000
Epoch [3/100] | Loss: 3.2994 (Cls: 3.0612, TAL: -0.0723, Adv: 1.7328) | Train Acc: 0.7586 | Val Acc: 0.5417 | Val P/R/F1 (Macro): 0.3885/0.4112/0.3468 | LR: 0.000010
  >>> New Best Val Acc: 0.5417
Epoch [4/100] | Loss: 3.1908 (Cls: 2.8561, TAL: -0.0002, Adv: 2.2318) | Train Acc: 0.8599 | Val Acc: 0.7667 | Val P/R/F1 (Macro): 0.4463/0.4889/0.4494 | LR: 0.000010
  >>> New Best Val Acc: 0.7667
Epoch [5/100] | Loss: 2.9306 (Cls: 2.6038, TAL: -0.0499, Adv: 2.2782) | Train Acc: 0.8836 | Val Acc: 0.7917 | Val P/R/F1 (Macro): 0.4444/0.4896/0.4495 | LR: 0.000010
  >>> New Best Val Acc: 0.7917
Epoch [6/100] | Loss: 2.8245 (Cls: 2.4460, TAL: -0.0439, Adv: 2.6116) | Train Acc: 0.9095 | Val Acc: 0.6333 | Val P/R/F1 (Macro): 0.4215/0.3951/0.3499 | LR: 0.000010
Epoch [7/100] | Loss: 2.7198 (Cls: 2.3595, TAL: 0.0097, Adv: 2.3826) | Train Acc: 0.9116 | Val Acc: 0.8167 | Val P/R/F1 (Macro): 0.4570/0.5098/0.4636 | LR: 0.000010
  >>> New Best Val Acc: 0.8167
Epoch [8/100] | Loss: 2.5909 (Cls: 2.2176, TAL: -0.0413, Adv: 2.5717) | Train Acc: 0.9310 | Val Acc: 0.8333 | Val P/R/F1 (Macro): 0.4699/0.5218/0.4799 | LR: 0.000010
  >>> New Best Val Acc: 0.8333
Epoch [9/100] | Loss: 2.4706 (Cls: 2.1047, TAL: -0.0562, Adv: 2.5512) | Train Acc: 0.9547 | Val Acc: 0.8250 | Val P/R/F1 (Macro): 0.4739/0.5162/0.4871 | LR: 0.000010
Epoch [10/100] | Loss: 2.5997 (Cls: 2.1713, TAL: 0.0039, Adv: 2.8480) | Train Acc: 0.9332 | Val Acc: 0.9500 | Val P/R/F1 (Macro): 0.5580/0.5433/0.5490 | LR: 0.000010
  >>> New Best Val Acc: 0.9500
Epoch [11/100] | Loss: 2.6347 (Cls: 2.1435, TAL: 0.1854, Adv: 2.9039) | Train Acc: 0.9526 | Val Acc: 0.8667 | Val P/R/F1 (Macro): 0.4943/0.5203/0.4991 | LR: 0.000010
Epoch [12/100] | Loss: 2.6120 (Cls: 2.1298, TAL: 0.1446, Adv: 2.9253) | Train Acc: 0.9310 | Val Acc: 0.8583 | Val P/R/F1 (Macro): 0.4745/0.5205/0.4866 | LR: 0.000010
Epoch [13/100] | Loss: 2.5040 (Cls: 2.0706, TAL: -0.0515, Adv: 2.9923) | Train Acc: 0.9526 | Val Acc: 0.8417 | Val P/R/F1 (Macro): 0.5014/0.5198/0.5039 | LR: 0.000010
Epoch [14/100] | Loss: 2.3939 (Cls: 2.0089, TAL: -0.0078, Adv: 2.5823) | Train Acc: 0.9698 | Val Acc: 0.8250 | Val P/R/F1 (Macro): 0.4930/0.5173/0.4961 | LR: 0.000010
Epoch [15/100] | Loss: 2.3894 (Cls: 1.9668, TAL: 0.0158, Adv: 2.7860) | Train Acc: 0.9849 | Val Acc: 0.8417 | Val P/R/F1 (Macro): 0.4869/0.5184/0.4911 | LR: 0.000010
Epoch [16/100] | Loss: 2.5430 (Cls: 2.1049, TAL: 0.0191, Adv: 2.8823) | Train Acc: 0.9504 | Val Acc: 0.8667 | Val P/R/F1 (Macro): 0.5054/0.5364/0.5126 | LR: 0.000010
Epoch [17/100] | Loss: 2.4173 (Cls: 1.9642, TAL: 0.0178, Adv: 2.9851) | Train Acc: 0.9634 | Val Acc: 0.9000 | Val P/R/F1 (Macro): 0.5042/0.5319/0.5104 | LR: 0.000010
Epoch [18/100] | Loss: 2.4305 (Cls: 1.9284, TAL: 0.0430, Adv: 3.2610) | Train Acc: 0.9677 | Val Acc: 0.7083 | Val P/R/F1 (Macro): 0.4309/0.4906/0.4233 | LR: 0.000010
Epoch [19/100] | Loss: 2.4457 (Cls: 1.9322, TAL: 0.0615, Adv: 3.3005) | Train Acc: 0.9655 | Val Acc: 0.5583 | Val P/R/F1 (Macro): 0.4005/0.4396/0.3545 | LR: 0.000010
Epoch [20/100] | Loss: 2.4532 (Cls: 1.9271, TAL: 0.0494, Adv: 3.4087) | Train Acc: 0.9655 | Val Acc: 0.7667 | Val P/R/F1 (Macro): 0.4095/0.4948/0.4184 | LR: 0.000010
Epoch [21/100] | Loss: 2.5169 (Cls: 1.9498, TAL: 0.1487, Adv: 3.4831) | Train Acc: 0.9591 | Val Acc: 0.8667 | Val P/R/F1 (Macro): 0.4667/0.5226/0.4760 | LR: 0.000005
Epoch [22/100] | Loss: 2.4772 (Cls: 1.8878, TAL: 0.0847, Adv: 3.7601) | Train Acc: 0.9741 | Val Acc: 0.8333 | Val P/R/F1 (Macro): 0.4913/0.5302/0.4976 | LR: 0.000005
Epoch [23/100] | Loss: 2.4609 (Cls: 1.9208, TAL: 0.0862, Adv: 3.4281) | Train Acc: 0.9741 | Val Acc: 0.9250 | Val P/R/F1 (Macro): 0.5255/0.5442/0.5328 | LR: 0.000005
Epoch [24/100] | Loss: 2.3379 (Cls: 1.8208, TAL: -0.0895, Adv: 3.6260) | Train Acc: 0.9849 | Val Acc: 0.9167 | Val P/R/F1 (Macro): 0.4909/0.5411/0.5114 | LR: 0.000005
Epoch [25/100] | Loss: 2.3667 (Cls: 1.8346, TAL: -0.1090, Adv: 3.7657) | Train Acc: 0.9806 | Val Acc: 0.8917 | Val P/R/F1 (Macro): 0.4991/0.5353/0.5125 | LR: 0.000005
Epoch [26/100] | Loss: 2.4321 (Cls: 1.8592, TAL: -0.1068, Adv: 4.0331) | Train Acc: 0.9741 | Val Acc: 0.7750 | Val P/R/F1 (Macro): 0.4762/0.5143/0.4733 | LR: 0.000005
Epoch [27/100] | Loss: 2.3807 (Cls: 1.8668, TAL: -0.1951, Adv: 3.8162) | Train Acc: 0.9763 | Val Acc: 0.8750 | Val P/R/F1 (Macro): 0.4961/0.5355/0.5091 | LR: 0.000005
Epoch [28/100] | Loss: 2.3531 (Cls: 1.8249, TAL: -0.1943, Adv: 3.9100) | Train Acc: 0.9849 | Val Acc: 0.8667 | Val P/R/F1 (Macro): 0.5060/0.5338/0.5074 | LR: 0.000005
Epoch [29/100] | Loss: 2.3663 (Cls: 1.8117, TAL: -0.1035, Adv: 3.9042) | Train Acc: 0.9892 | Val Acc: 0.9167 | Val P/R/F1 (Macro): 0.5167/0.5391/0.5189 | LR: 0.000005
Epoch [30/100] | Loss: 2.3677 (Cls: 1.8131, TAL: -0.1250, Adv: 3.9471) | Train Acc: 0.9828 | Val Acc: 0.8417 | Val P/R/F1 (Macro): 0.5032/0.5275/0.5040 | LR: 0.000005
Epoch [31/100] | Loss: 2.4391 (Cls: 1.8597, TAL: -0.1643, Adv: 4.1915) | Train Acc: 0.9806 | Val Acc: 0.8417 | Val P/R/F1 (Macro): 0.4784/0.5234/0.4896 | LR: 0.000005
Epoch [32/100] | Loss: 2.4057 (Cls: 1.8277, TAL: -0.1671, Adv: 4.1874) | Train Acc: 0.9806 | Val Acc: 0.9417 | Val P/R/F1 (Macro): 0.5457/0.5477/0.5466 | LR: 0.000003
Epoch [33/100] | Loss: 2.3572 (Cls: 1.7810, TAL: -0.1678, Adv: 4.1770) | Train Acc: 0.9914 | Val Acc: 0.9417 | Val P/R/F1 (Macro): 0.5137/0.5525/0.5294 | LR: 0.000003
Epoch [34/100] | Loss: 2.3891 (Cls: 1.8077, TAL: -0.1461, Adv: 4.1681) | Train Acc: 0.9828 | Val Acc: 0.8833 | Val P/R/F1 (Macro): 0.4867/0.5383/0.5027 | LR: 0.000003
Epoch [35/100] | Loss: 2.4205 (Cls: 1.7904, TAL: -0.0754, Adv: 4.3520) | Train Acc: 0.9871 | Val Acc: 0.8667 | Val P/R/F1 (Macro): 0.4675/0.5348/0.4853 | LR: 0.000003
Epoch [36/100] | Loss: 2.4807 (Cls: 1.8093, TAL: -0.0406, Adv: 4.5574) | Train Acc: 0.9914 | Val Acc: 0.8750 | Val P/R/F1 (Macro): 0.4868/0.5348/0.5034 | LR: 0.000003
Epoch [37/100] | Loss: 2.3882 (Cls: 1.8030, TAL: -0.0926, Adv: 4.0860) | Train Acc: 0.9871 | Val Acc: 0.9250 | Val P/R/F1 (Macro): 0.5252/0.5480/0.5342 | LR: 0.000003
Epoch [38/100] | Loss: 2.4504 (Cls: 1.7871, TAL: -0.0215, Adv: 4.4651) | Train Acc: 0.9849 | Val Acc: 0.9417 | Val P/R/F1 (Macro): 0.5448/0.5477/0.5460 | LR: 0.000003
Epoch [39/100] | Loss: 2.4987 (Cls: 1.8342, TAL: 0.0480, Adv: 4.3340) | Train Acc: 0.9784 | Val Acc: 0.9583 | Val P/R/F1 (Macro): 0.5581/0.5570/0.5570 | LR: 0.000003
  >>> New Best Val Acc: 0.9583
Epoch [40/100] | Loss: 2.4506 (Cls: 1.7966, TAL: 0.0182, Adv: 4.3237) | Train Acc: 0.9892 | Val Acc: 0.9333 | Val P/R/F1 (Macro): 0.5420/0.5457/0.5417 | LR: 0.000003
Epoch [41/100] | Loss: 2.3990 (Cls: 1.7812, TAL: -0.1344, Adv: 4.3873) | Train Acc: 0.9871 | Val Acc: 0.9250 | Val P/R/F1 (Macro): 0.5185/0.5470/0.5281 | LR: 0.000003
Epoch [42/100] | Loss: 2.3632 (Cls: 1.7774, TAL: -0.2471, Adv: 4.3990) | Train Acc: 0.9935 | Val Acc: 0.9083 | Val P/R/F1 (Macro): 0.5184/0.5428/0.5282 | LR: 0.000003
Epoch [43/100] | Loss: 2.4069 (Cls: 1.7799, TAL: -0.2814, Adv: 4.7429) | Train Acc: 0.9828 | Val Acc: 0.9250 | Val P/R/F1 (Macro): 0.5042/0.5466/0.5204 | LR: 0.000003
Epoch [44/100] | Loss: 2.4015 (Cls: 1.7936, TAL: -0.3328, Adv: 4.7181) | Train Acc: 0.9871 | Val Acc: 0.9583 | Val P/R/F1 (Macro): 0.5386/0.5546/0.5448 | LR: 0.000003
Epoch [45/100] | Loss: 2.3807 (Cls: 1.7776, TAL: -0.3258, Adv: 4.6729) | Train Acc: 0.9914 | Val Acc: 0.9333 | Val P/R/F1 (Macro): 0.5309/0.5460/0.5343 | LR: 0.000003
Epoch [46/100] | Loss: 2.3925 (Cls: 1.7879, TAL: -0.2982, Adv: 4.6273) | Train Acc: 0.9957 | Val Acc: 0.9417 | Val P/R/F1 (Macro): 0.5360/0.5542/0.5426 | LR: 0.000003
Epoch [47/100] | Loss: 2.4221 (Cls: 1.7998, TAL: -0.1166, Adv: 4.3825) | Train Acc: 0.9914 | Val Acc: 0.9583 | Val P/R/F1 (Macro): 0.5585/0.5556/0.5566 | LR: 0.000003
Epoch [48/100] | Loss: 2.4624 (Cls: 1.7685, TAL: -0.0336, Adv: 4.6931) | Train Acc: 0.9914 | Val Acc: 0.9500 | Val P/R/F1 (Macro): 0.5516/0.5552/0.5530 | LR: 0.000003
Epoch [49/100] | Loss: 2.3521 (Cls: 1.7665, TAL: -0.1475, Adv: 4.1994) | Train Acc: 0.9957 | Val Acc: 0.9333 | Val P/R/F1 (Macro): 0.5152/0.5484/0.5289 | LR: 0.000003
Epoch [50/100] | Loss: 2.3411 (Cls: 1.7619, TAL: -0.3526, Adv: 4.5669) | Train Acc: 0.9957 | Val Acc: 0.9583 | Val P/R/F1 (Macro): 0.5385/0.5560/0.5458 | LR: 0.000001
Epoch [51/100] | Loss: 2.3579 (Cls: 1.7740, TAL: -0.3101, Adv: 4.5127) | Train Acc: 0.9957 | Val Acc: 0.9333 | Val P/R/F1 (Macro): 0.5414/0.5497/0.5444 | LR: 0.000001
Epoch [52/100] | Loss: 2.4288 (Cls: 1.7545, TAL: -0.0143, Adv: 4.5236) | Train Acc: 0.9935 | Val Acc: 0.9583 | Val P/R/F1 (Macro): 0.5510/0.5560/0.5531 | LR: 0.000001
Epoch [53/100] | Loss: 2.3964 (Cls: 1.7686, TAL: -0.2412, Adv: 4.6680) | Train Acc: 0.9978 | Val Acc: 0.9583 | Val P/R/F1 (Macro): 0.5587/0.5560/0.5571 | LR: 0.000001
Epoch [54/100] | Loss: 2.4495 (Cls: 1.7903, TAL: -0.1297, Adv: 4.6545) | Train Acc: 0.9935 | Val Acc: 0.9417 | Val P/R/F1 (Macro): 0.5387/0.5505/0.5427 | LR: 0.000001
Epoch [55/100] | Loss: 2.4180 (Cls: 1.7577, TAL: -0.1160, Adv: 4.6340) | Train Acc: 0.9978 | Val Acc: 0.9667 | Val P/R/F1 (Macro): 0.5412/0.5573/0.5480 | LR: 0.000001
  >>> New Best Val Acc: 0.9667
Epoch [56/100] | Loss: 2.3967 (Cls: 1.7537, TAL: -0.1522, Adv: 4.5905) | Train Acc: 0.9892 | Val Acc: 0.9583 | Val P/R/F1 (Macro): 0.5481/0.5550/0.5507 | LR: 0.000001
Epoch [57/100] | Loss: 2.3856 (Cls: 1.7693, TAL: -0.2882, Adv: 4.6852) | Train Acc: 0.9871 | Val Acc: 0.9583 | Val P/R/F1 (Macro): 0.5542/0.5556/0.5548 | LR: 0.000001
Epoch [58/100] | Loss: 2.4065 (Cls: 1.7605, TAL: -0.3434, Adv: 4.9937) | Train Acc: 0.9978 | Val Acc: 0.9750 | Val P/R/F1 (Macro): 0.5632/0.5604/0.5616 | LR: 0.000001
  >>> New Best Val Acc: 0.9750
Epoch [59/100] | Loss: 2.3704 (Cls: 1.7680, TAL: -0.4080, Adv: 4.8319) | Train Acc: 0.9957 | Val Acc: 0.9500 | Val P/R/F1 (Macro): 0.5462/0.5505/0.5468 | LR: 0.000001
Epoch [60/100] | Loss: 2.3568 (Cls: 1.7805, TAL: -0.4930, Adv: 4.8282) | Train Acc: 0.9828 | Val Acc: 0.9583 | Val P/R/F1 (Macro): 0.5581/0.5522/0.5542 | LR: 0.000001
Epoch [61/100] | Loss: 2.3499 (Cls: 1.7539, TAL: -0.5040, Adv: 4.9812) | Train Acc: 0.9914 | Val Acc: 0.9583 | Val P/R/F1 (Macro): 0.5331/0.5546/0.5418 | LR: 0.000001
Epoch [62/100] | Loss: 2.3575 (Cls: 1.7541, TAL: -0.5494, Adv: 5.1213) | Train Acc: 0.9935 | Val Acc: 0.9333 | Val P/R/F1 (Macro): 0.5160/0.5464/0.5285 | LR: 0.000001
Epoch [63/100] | Loss: 2.3850 (Cls: 1.7562, TAL: -0.4223, Adv: 5.0368) | Train Acc: 0.9935 | Val Acc: 0.9333 | Val P/R/F1 (Macro): 0.5110/0.5467/0.5242 | LR: 0.000001
Epoch [64/100] | Loss: 2.3733 (Cls: 1.7507, TAL: -0.3770, Adv: 4.9042) | Train Acc: 0.9935 | Val Acc: 0.9583 | Val P/R/F1 (Macro): 0.5252/0.5539/0.5347 | LR: 0.000001
Epoch [65/100] | Loss: 2.3306 (Cls: 1.7611, TAL: -0.5662, Adv: 4.9287) | Train Acc: 0.9978 | Val Acc: 0.9583 | Val P/R/F1 (Macro): 0.5424/0.5560/0.5476 | LR: 0.000001
Epoch [66/100] | Loss: 2.3068 (Cls: 1.7400, TAL: -0.5972, Adv: 4.9732) | Train Acc: 1.0000 | Val Acc: 0.9500 | Val P/R/F1 (Macro): 0.5397/0.5529/0.5447 | LR: 0.000001
Epoch [67/100] | Loss: 2.3681 (Cls: 1.7513, TAL: -0.4938, Adv: 5.0993) | Train Acc: 0.9957 | Val Acc: 0.9333 | Val P/R/F1 (Macro): 0.5084/0.5484/0.5236 | LR: 0.000001
Epoch [68/100] | Loss: 2.3132 (Cls: 1.7416, TAL: -0.3986, Adv: 4.6079) | Train Acc: 1.0000 | Val Acc: 0.9083 | Val P/R/F1 (Macro): 0.4977/0.5401/0.5121 | LR: 0.000001
Epoch [69/100] | Loss: 2.4125 (Cls: 1.7599, TAL: -0.2318, Adv: 4.8142) | Train Acc: 1.0000 | Val Acc: 0.9250 | Val P/R/F1 (Macro): 0.5261/0.5486/0.5359 | LR: 0.000001
Epoch [70/100] | Loss: 2.3995 (Cls: 1.7532, TAL: -0.2425, Adv: 4.7936) | Train Acc: 0.9914 | Val Acc: 0.9417 | Val P/R/F1 (Macro): 0.5183/0.5505/0.5312 | LR: 0.000001
Epoch [71/100] | Loss: 2.4480 (Cls: 1.7789, TAL: -0.2095, Adv: 4.8796) | Train Acc: 0.9935 | Val Acc: 0.9250 | Val P/R/F1 (Macro): 0.5070/0.5460/0.5217 | LR: 0.000001
Epoch [72/100] | Loss: 2.3818 (Cls: 1.7488, TAL: -0.3187, Adv: 4.8571) | Train Acc: 0.9978 | Val Acc: 0.9750 | Val P/R/F1 (Macro): 0.5596/0.5642/0.5617 | LR: 0.000001
Epoch [73/100] | Loss: 2.4209 (Cls: 1.7529, TAL: -0.4080, Adv: 5.2694) | Train Acc: 0.9935 | Val Acc: 0.9667 | Val P/R/F1 (Macro): 0.5414/0.5577/0.5480 | LR: 0.000001
Epoch [74/100] | Loss: 2.4066 (Cls: 1.7673, TAL: -0.5117, Adv: 5.2853) | Train Acc: 0.9914 | Val Acc: 0.9500 | Val P/R/F1 (Macro): 0.5314/0.5512/0.5387 | LR: 0.000001
Epoch [75/100] | Loss: 2.2956 (Cls: 1.7366, TAL: -0.4398, Adv: 4.6066) | Train Acc: 0.9978 | Val Acc: 0.9417 | Val P/R/F1 (Macro): 0.5274/0.5495/0.5355 | LR: 0.000001
Epoch [76/100] | Loss: 2.3618 (Cls: 1.7375, TAL: -0.3430, Adv: 4.8481) | Train Acc: 0.9957 | Val Acc: 0.9750 | Val P/R/F1 (Macro): 0.5478/0.5604/0.5527 | LR: 0.000001
Epoch [77/100] | Loss: 2.3879 (Cls: 1.7399, TAL: -0.2688, Adv: 4.8577) | Train Acc: 0.9957 | Val Acc: 0.9333 | Val P/R/F1 (Macro): 0.5181/0.5477/0.5279 | LR: 0.000001
Epoch [78/100] | Loss: 2.4458 (Cls: 1.7490, TAL: -0.2381, Adv: 5.1218) | Train Acc: 0.9935 | Val Acc: 0.9417 | Val P/R/F1 (Macro): 0.5227/0.5495/0.5314 | LR: 0.000001
Epoch [79/100] | Loss: 2.4503 (Cls: 1.7358, TAL: -0.2256, Adv: 5.2150) | Train Acc: 0.9935 | Val Acc: 0.9667 | Val P/R/F1 (Macro): 0.5453/0.5567/0.5491 | LR: 0.000001
Epoch [80/100] | Loss: 2.4112 (Cls: 1.7310, TAL: -0.2015, Adv: 4.9376) | Train Acc: 1.0000 | Val Acc: 0.9500 | Val P/R/F1 (Macro): 0.5334/0.5532/0.5414 | LR: 0.000001
Epoch [81/100] | Loss: 2.3889 (Cls: 1.7250, TAL: -0.2705, Adv: 4.9670) | Train Acc: 0.9978 | Val Acc: 0.9500 | Val P/R/F1 (Macro): 0.5334/0.5532/0.5414 | LR: 0.000001
Epoch [82/100] | Loss: 2.4698 (Cls: 1.7479, TAL: -0.2615, Adv: 5.3358) | Train Acc: 0.9957 | Val Acc: 0.9500 | Val P/R/F1 (Macro): 0.5334/0.5532/0.5414 | LR: 0.000001
Epoch [83/100] | Loss: 2.4204 (Cls: 1.7313, TAL: -0.2000, Adv: 4.9936) | Train Acc: 0.9957 | Val Acc: 0.9750 | Val P/R/F1 (Macro): 0.5479/0.5594/0.5520 | LR: 0.000001
Epoch [84/100] | Loss: 2.4647 (Cls: 1.7307, TAL: -0.1510, Adv: 5.1956) | Train Acc: 0.9978 | Val Acc: 0.9750 | Val P/R/F1 (Macro): 0.5441/0.5604/0.5509 | LR: 0.000001
Epoch [85/100] | Loss: 2.3832 (Cls: 1.7222, TAL: -0.1655, Adv: 4.7377) | Train Acc: 1.0000 | Val Acc: 0.9583 | Val P/R/F1 (Macro): 0.5383/0.5546/0.5451 | LR: 0.000001
Epoch [86/100] | Loss: 2.4642 (Cls: 1.7304, TAL: -0.2068, Adv: 5.3055) | Train Acc: 0.9978 | Val Acc: 0.9583 | Val P/R/F1 (Macro): 0.5360/0.5560/0.5443 | LR: 0.000001
Epoch [87/100] | Loss: 2.4631 (Cls: 1.7398, TAL: -0.2390, Adv: 5.3000) | Train Acc: 0.9978 | Val Acc: 0.9667 | Val P/R/F1 (Macro): 0.5604/0.5587/0.5592 | LR: 0.000001
Epoch [88/100] | Loss: 2.4222 (Cls: 1.7476, TAL: -0.3148, Adv: 5.1273) | Train Acc: 0.9935 | Val Acc: 0.9667 | Val P/R/F1 (Macro): 0.5604/0.5587/0.5592 | LR: 0.000001
Epoch [89/100] | Loss: 2.3165 (Cls: 1.7359, TAL: -0.5707, Adv: 5.0119) | Train Acc: 1.0000 | Val Acc: 0.9667 | Val P/R/F1 (Macro): 0.5604/0.5587/0.5592 | LR: 0.000001
Epoch [90/100] | Loss: 2.3178 (Cls: 1.7276, TAL: -0.5626, Adv: 5.0602) | Train Acc: 1.0000 | Val Acc: 0.9750 | Val P/R/F1 (Macro): 0.5478/0.5604/0.5527 | LR: 0.000001
Epoch [91/100] | Loss: 2.3759 (Cls: 1.7395, TAL: -0.5598, Adv: 5.3620) | Train Acc: 0.9957 | Val Acc: 0.9500 | Val P/R/F1 (Macro): 0.5483/0.5542/0.5509 | LR: 0.000001
Epoch [92/100] | Loss: 2.3390 (Cls: 1.7477, TAL: -0.5725, Adv: 5.0871) | Train Acc: 0.9978 | Val Acc: 0.9583 | Val P/R/F1 (Macro): 0.5273/0.5570/0.5392 | LR: 0.000001
Epoch [93/100] | Loss: 2.3186 (Cls: 1.7308, TAL: -0.5717, Adv: 5.0620) | Train Acc: 0.9957 | Val Acc: 0.9583 | Val P/R/F1 (Macro): 0.5334/0.5539/0.5410 | LR: 0.000001
Epoch [94/100] | Loss: 2.2953 (Cls: 1.7356, TAL: -0.5566, Adv: 4.8449) | Train Acc: 0.9978 | Val Acc: 0.9333 | Val P/R/F1 (Macro): 0.5403/0.5535/0.5443 | LR: 0.000001
Epoch [95/100] | Loss: 2.2653 (Cls: 1.7347, TAL: -0.5886, Adv: 4.7150) | Train Acc: 0.9957 | Val Acc: 0.9667 | Val P/R/F1 (Macro): 0.5414/0.5577/0.5480 | LR: 0.000001
Epoch [96/100] | Loss: 2.3173 (Cls: 1.7413, TAL: -0.5419, Adv: 4.9237) | Train Acc: 0.9914 | Val Acc: 0.9083 | Val P/R/F1 (Macro): 0.5322/0.5472/0.5352 | LR: 0.000001
Epoch [97/100] | Loss: 2.2950 (Cls: 1.7349, TAL: -0.5792, Adv: 4.8922) | Train Acc: 0.9957 | Val Acc: 0.9167 | Val P/R/F1 (Macro): 0.5192/0.5432/0.5279 | LR: 0.000001
Epoch [98/100] | Loss: 2.2910 (Cls: 1.7511, TAL: -0.5667, Adv: 4.7329) | Train Acc: 0.9914 | Val Acc: 0.9750 | Val P/R/F1 (Macro): 0.5477/0.5591/0.5520 | LR: 0.000001
Epoch [99/100] | Loss: 2.2816 (Cls: 1.7412, TAL: -0.5344, Adv: 4.6717) | Train Acc: 0.9978 | Val Acc: 0.9750 | Val P/R/F1 (Macro): 0.5479/0.5594/0.5520 | LR: 0.000001
Epoch [100/100] | Loss: 2.2561 (Cls: 1.7310, TAL: -0.5828, Adv: 4.6666) | Train Acc: 1.0000 | Val Acc: 0.9750 | Val P/R/F1 (Macro): 0.5479/0.5594/0.5520 | LR: 0.000001

迭代 2 最佳指标:
  Accuracy: 0.9750
  Precision (Macro): 0.5632
  Recall (Macro): 0.5604
  F1 (Macro): 0.5616
  Precision (Micro): 0.9750
  Recall (Micro): 0.9750
  F1 (Micro): 0.9750

================================================================================
迭代 3/5
随机种子: 44
================================================================================
Feature fusion: Tensor alignment (512+512 -> 128+128); fused_dim=256
Domain adaptation: Neural OT generator with 3-domain discriminator
Loss weights: tensor=0.30, adv=0.15
Epoch [1/100] | Loss: 6.2643 (Cls: 6.1485, TAL: 0.1146, Adv: 0.5427) | Train Acc: 0.4116 | Val Acc: 0.1750 | Val P/R/F1 (Macro): 0.1902/0.1859/0.1225 | LR: 0.000010
  >>> New Best Val Acc: 0.1750
Epoch [2/100] | Loss: 4.2472 (Cls: 4.0669, TAL: 0.0022, Adv: 1.1977) | Train Acc: 0.6853 | Val Acc: 0.4333 | Val P/R/F1 (Macro): 0.3944/0.3716/0.2974 | LR: 0.000010
  >>> New Best Val Acc: 0.4333
Epoch [3/100] | Loss: 3.4510 (Cls: 3.2192, TAL: -0.0557, Adv: 1.6565) | Train Acc: 0.8233 | Val Acc: 0.3667 | Val P/R/F1 (Macro): 0.3446/0.3596/0.3002 | LR: 0.000010
Epoch [4/100] | Loss: 3.2956 (Cls: 3.0167, TAL: -0.0217, Adv: 1.9028) | Train Acc: 0.8362 | Val Acc: 0.6750 | Val P/R/F1 (Macro): 0.4073/0.4669/0.4050 | LR: 0.000010
  >>> New Best Val Acc: 0.6750
Epoch [5/100] | Loss: 3.1061 (Cls: 2.7517, TAL: 0.0201, Adv: 2.3230) | Train Acc: 0.8362 | Val Acc: 0.5167 | Val P/R/F1 (Macro): 0.3846/0.3981/0.3446 | LR: 0.000010
Epoch [6/100] | Loss: 2.8085 (Cls: 2.4982, TAL: -0.0828, Adv: 2.2344) | Train Acc: 0.9224 | Val Acc: 0.7167 | Val P/R/F1 (Macro): 0.3930/0.4582/0.4006 | LR: 0.000010
  >>> New Best Val Acc: 0.7167
Epoch [7/100] | Loss: 2.7445 (Cls: 2.3609, TAL: -0.0576, Adv: 2.6723) | Train Acc: 0.9052 | Val Acc: 0.8250 | Val P/R/F1 (Macro): 0.4519/0.4888/0.4580 | LR: 0.000010
  >>> New Best Val Acc: 0.8250
Epoch [8/100] | Loss: 2.5569 (Cls: 2.2286, TAL: 0.0154, Adv: 2.1578) | Train Acc: 0.9461 | Val Acc: 0.7167 | Val P/R/F1 (Macro): 0.4071/0.4501/0.4043 | LR: 0.000010
Epoch [9/100] | Loss: 2.5547 (Cls: 2.1914, TAL: -0.0330, Adv: 2.4880) | Train Acc: 0.9547 | Val Acc: 0.7083 | Val P/R/F1 (Macro): 0.4267/0.4463/0.4081 | LR: 0.000010
Epoch [10/100] | Loss: 2.4804 (Cls: 2.1605, TAL: -0.1471, Adv: 2.4267) | Train Acc: 0.9310 | Val Acc: 0.8500 | Val P/R/F1 (Macro): 0.4998/0.5051/0.4940 | LR: 0.000010
  >>> New Best Val Acc: 0.8500
Epoch [11/100] | Loss: 2.5871 (Cls: 2.2119, TAL: -0.0127, Adv: 2.5268) | Train Acc: 0.9677 | Val Acc: 0.8333 | Val P/R/F1 (Macro): 0.4933/0.4972/0.4858 | LR: 0.000010
Epoch [12/100] | Loss: 2.4372 (Cls: 2.1029, TAL: -0.0634, Adv: 2.3554) | Train Acc: 0.9698 | Val Acc: 0.8583 | Val P/R/F1 (Macro): 0.4810/0.5269/0.4933 | LR: 0.000010
  >>> New Best Val Acc: 0.8583
Epoch [13/100] | Loss: 2.4482 (Cls: 1.9757, TAL: -0.0359, Adv: 3.2218) | Train Acc: 0.9677 | Val Acc: 0.8833 | Val P/R/F1 (Macro): 0.4822/0.5117/0.4922 | LR: 0.000010
  >>> New Best Val Acc: 0.8833
Epoch [14/100] | Loss: 2.1951 (Cls: 1.9635, TAL: -0.2001, Adv: 1.9445) | Train Acc: 0.9806 | Val Acc: 0.8333 | Val P/R/F1 (Macro): 0.4525/0.4878/0.4582 | LR: 0.000010
Epoch [15/100] | Loss: 2.3057 (Cls: 1.9853, TAL: -0.1242, Adv: 2.3844) | Train Acc: 0.9612 | Val Acc: 0.8333 | Val P/R/F1 (Macro): 0.4763/0.4983/0.4782 | LR: 0.000010
Epoch [16/100] | Loss: 2.4270 (Cls: 2.0955, TAL: -0.1734, Adv: 2.5570) | Train Acc: 0.9504 | Val Acc: 0.9167 | Val P/R/F1 (Macro): 0.5054/0.5354/0.5153 | LR: 0.000010
  >>> New Best Val Acc: 0.9167
Epoch [17/100] | Loss: 2.3897 (Cls: 1.9871, TAL: -0.0499, Adv: 2.7839) | Train Acc: 0.9720 | Val Acc: 0.9250 | Val P/R/F1 (Macro): 0.5296/0.5391/0.5292 | LR: 0.000010
  >>> New Best Val Acc: 0.9250
Epoch [18/100] | Loss: 2.3703 (Cls: 1.9780, TAL: -0.1400, Adv: 2.8953) | Train Acc: 0.9741 | Val Acc: 0.7750 | Val P/R/F1 (Macro): 0.4298/0.4882/0.4354 | LR: 0.000010
Epoch [19/100] | Loss: 2.6372 (Cls: 2.1702, TAL: -0.1102, Adv: 3.3334) | Train Acc: 0.9569 | Val Acc: 0.9000 | Val P/R/F1 (Macro): 0.5110/0.5366/0.5200 | LR: 0.000010
Epoch [20/100] | Loss: 2.3364 (Cls: 1.9258, TAL: -0.1289, Adv: 2.9948) | Train Acc: 0.9849 | Val Acc: 0.9083 | Val P/R/F1 (Macro): 0.5015/0.5384/0.5163 | LR: 0.000010
Epoch [21/100] | Loss: 2.4326 (Cls: 1.9588, TAL: -0.0730, Adv: 3.3042) | Train Acc: 0.9741 | Val Acc: 0.8750 | Val P/R/F1 (Macro): 0.4985/0.5294/0.5085 | LR: 0.000010
Epoch [22/100] | Loss: 2.4594 (Cls: 2.0460, TAL: -0.1826, Adv: 3.1216) | Train Acc: 0.9677 | Val Acc: 0.8250 | Val P/R/F1 (Macro): 0.4508/0.5210/0.4748 | LR: 0.000010
Epoch [23/100] | Loss: 2.3481 (Cls: 1.9255, TAL: -0.2214, Adv: 3.2602) | Train Acc: 0.9634 | Val Acc: 0.8833 | Val P/R/F1 (Macro): 0.4972/0.5274/0.5065 | LR: 0.000010
Epoch [24/100] | Loss: 2.2347 (Cls: 1.8796, TAL: -0.2650, Adv: 2.8971) | Train Acc: 0.9763 | Val Acc: 0.8417 | Val P/R/F1 (Macro): 0.4940/0.4940/0.4810 | LR: 0.000010
Epoch [25/100] | Loss: 2.3228 (Cls: 1.9252, TAL: -0.3205, Adv: 3.2916) | Train Acc: 0.9677 | Val Acc: 0.8250 | Val P/R/F1 (Macro): 0.4617/0.5223/0.4789 | LR: 0.000010
Epoch [26/100] | Loss: 2.2596 (Cls: 1.9095, TAL: -0.4427, Adv: 3.2196) | Train Acc: 0.9720 | Val Acc: 0.9000 | Val P/R/F1 (Macro): 0.5039/0.5332/0.5142 | LR: 0.000010
Epoch [27/100] | Loss: 2.2943 (Cls: 1.8819, TAL: -0.3668, Adv: 3.4829) | Train Acc: 0.9828 | Val Acc: 0.8417 | Val P/R/F1 (Macro): 0.4777/0.4996/0.4758 | LR: 0.000010
Epoch [28/100] | Loss: 2.3931 (Cls: 1.9071, TAL: -0.1102, Adv: 3.4602) | Train Acc: 0.9806 | Val Acc: 0.9500 | Val P/R/F1 (Macro): 0.5480/0.5280/0.5339 | LR: 0.000010
  >>> New Best Val Acc: 0.9500
Epoch [29/100] | Loss: 2.3752 (Cls: 1.8879, TAL: -0.0280, Adv: 3.3049) | Train Acc: 0.9784 | Val Acc: 0.8583 | Val P/R/F1 (Macro): 0.4609/0.5242/0.4754 | LR: 0.000010
Epoch [30/100] | Loss: 2.3809 (Cls: 1.8433, TAL: -0.0967, Adv: 3.7777) | Train Acc: 0.9871 | Val Acc: 0.9167 | Val P/R/F1 (Macro): 0.5175/0.5044/0.5043 | LR: 0.000010
Epoch [31/100] | Loss: 2.3372 (Cls: 1.9018, TAL: -0.2713, Adv: 3.4457) | Train Acc: 0.9806 | Val Acc: 0.8833 | Val P/R/F1 (Macro): 0.4844/0.5250/0.4962 | LR: 0.000010
Epoch [32/100] | Loss: 2.3015 (Cls: 1.8459, TAL: -0.3083, Adv: 3.6538) | Train Acc: 0.9828 | Val Acc: 0.7917 | Val P/R/F1 (Macro): 0.5091/0.4987/0.4862 | LR: 0.000010
Epoch [33/100] | Loss: 2.3365 (Cls: 1.8776, TAL: -0.2738, Adv: 3.6065) | Train Acc: 0.9828 | Val Acc: 0.8417 | Val P/R/F1 (Macro): 0.5177/0.5139/0.5025 | LR: 0.000010
Epoch [34/100] | Loss: 2.3573 (Cls: 1.8495, TAL: -0.2517, Adv: 3.8889) | Train Acc: 0.9849 | Val Acc: 0.7583 | Val P/R/F1 (Macro): 0.4732/0.4901/0.4580 | LR: 0.000010
Epoch [35/100] | Loss: 2.3940 (Cls: 1.8945, TAL: -0.2820, Adv: 3.8938) | Train Acc: 0.9806 | Val Acc: 0.9000 | Val P/R/F1 (Macro): 0.5066/0.5343/0.5174 | LR: 0.000010
Epoch [36/100] | Loss: 2.3819 (Cls: 1.8404, TAL: -0.2682, Adv: 4.1463) | Train Acc: 0.9871 | Val Acc: 0.8750 | Val P/R/F1 (Macro): 0.5005/0.5104/0.4957 | LR: 0.000010
Epoch [37/100] | Loss: 2.4451 (Cls: 1.8587, TAL: -0.1769, Adv: 4.2627) | Train Acc: 0.9784 | Val Acc: 0.8667 | Val P/R/F1 (Macro): 0.5086/0.5165/0.4976 | LR: 0.000010
Epoch [38/100] | Loss: 2.4636 (Cls: 1.8494, TAL: -0.2390, Adv: 4.5728) | Train Acc: 0.9784 | Val Acc: 0.8417 | Val P/R/F1 (Macro): 0.4931/0.5160/0.4903 | LR: 0.000010
Epoch [39/100] | Loss: 2.3744 (Cls: 1.8132, TAL: -0.2914, Adv: 4.3239) | Train Acc: 0.9892 | Val Acc: 0.9000 | Val P/R/F1 (Macro): 0.5058/0.5376/0.5148 | LR: 0.000005
Epoch [40/100] | Loss: 2.3351 (Cls: 1.7787, TAL: -0.3630, Adv: 4.4352) | Train Acc: 0.9935 | Val Acc: 0.8833 | Val P/R/F1 (Macro): 0.5029/0.5332/0.5129 | LR: 0.000005
Epoch [41/100] | Loss: 2.3627 (Cls: 1.7730, TAL: -0.1752, Adv: 4.2817) | Train Acc: 0.9914 | Val Acc: 0.8917 | Val P/R/F1 (Macro): 0.5212/0.5148/0.5131 | LR: 0.000005
Epoch [42/100] | Loss: 2.3599 (Cls: 1.7605, TAL: -0.2323, Adv: 4.4611) | Train Acc: 0.9914 | Val Acc: 0.9500 | Val P/R/F1 (Macro): 0.5184/0.5457/0.5286 | LR: 0.000005
Epoch [43/100] | Loss: 2.4403 (Cls: 1.7798, TAL: -0.1896, Adv: 4.7827) | Train Acc: 0.9914 | Val Acc: 0.9250 | Val P/R/F1 (Macro): 0.5257/0.5419/0.5282 | LR: 0.000005
Epoch [44/100] | Loss: 2.3624 (Cls: 1.7921, TAL: -0.1797, Adv: 4.1611) | Train Acc: 0.9914 | Val Acc: 0.9333 | Val P/R/F1 (Macro): 0.5160/0.5446/0.5267 | LR: 0.000005
Epoch [45/100] | Loss: 2.4127 (Cls: 1.7477, TAL: -0.1483, Adv: 4.7296) | Train Acc: 0.9935 | Val Acc: 0.9000 | Val P/R/F1 (Macro): 0.4752/0.5305/0.4932 | LR: 0.000005
Epoch [46/100] | Loss: 2.4215 (Cls: 1.7537, TAL: -0.1267, Adv: 4.7055) | Train Acc: 0.9935 | Val Acc: 0.9333 | Val P/R/F1 (Macro): 0.5225/0.5446/0.5259 | LR: 0.000005
Epoch [47/100] | Loss: 2.4448 (Cls: 1.7556, TAL: -0.0933, Adv: 4.7813) | Train Acc: 0.9914 | Val Acc: 0.8750 | Val P/R/F1 (Macro): 0.4887/0.5277/0.4945 | LR: 0.000005
Epoch [48/100] | Loss: 2.4010 (Cls: 1.7428, TAL: 0.0055, Adv: 4.3769) | Train Acc: 0.9957 | Val Acc: 0.8917 | Val P/R/F1 (Macro): 0.5030/0.5369/0.5126 | LR: 0.000005
Epoch [49/100] | Loss: 2.3739 (Cls: 1.7594, TAL: -0.1215, Adv: 4.3399) | Train Acc: 0.9978 | Val Acc: 0.9250 | Val P/R/F1 (Macro): 0.5230/0.5486/0.5327 | LR: 0.000005
Epoch [50/100] | Loss: 2.4279 (Cls: 1.7861, TAL: -0.1150, Adv: 4.5086) | Train Acc: 0.9978 | Val Acc: 0.9000 | Val P/R/F1 (Macro): 0.5096/0.5376/0.5173 | LR: 0.000003
Epoch [51/100] | Loss: 2.3037 (Cls: 1.7379, TAL: -0.4146, Adv: 4.6013) | Train Acc: 1.0000 | Val Acc: 0.9250 | Val P/R/F1 (Macro): 0.5077/0.5439/0.5223 | LR: 0.000003
Epoch [52/100] | Loss: 2.3623 (Cls: 1.7649, TAL: -0.2718, Adv: 4.5263) | Train Acc: 0.9935 | Val Acc: 0.9083 | Val P/R/F1 (Macro): 0.5196/0.5404/0.5274 | LR: 0.000003
Epoch [53/100] | Loss: 2.3872 (Cls: 1.7840, TAL: -0.2840, Adv: 4.5893) | Train Acc: 0.9914 | Val Acc: 0.9083 | Val P/R/F1 (Macro): 0.5115/0.5404/0.5214 | LR: 0.000003
Epoch [54/100] | Loss: 2.3870 (Cls: 1.7421, TAL: -0.2708, Adv: 4.8412) | Train Acc: 0.9935 | Val Acc: 0.9167 | Val P/R/F1 (Macro): 0.5150/0.5421/0.5246 | LR: 0.000003
Epoch [55/100] | Loss: 2.3725 (Cls: 1.7275, TAL: -0.0057, Adv: 4.3115) | Train Acc: 0.9978 | Val Acc: 0.9500 | Val P/R/F1 (Macro): 0.5327/0.5491/0.5391 | LR: 0.000003
Epoch [56/100] | Loss: 2.3997 (Cls: 1.7487, TAL: -0.0431, Adv: 4.4262) | Train Acc: 0.9914 | Val Acc: 0.9583 | Val P/R/F1 (Macro): 0.5386/0.5508/0.5428 | LR: 0.000003
  >>> New Best Val Acc: 0.9583
Epoch [57/100] | Loss: 2.3617 (Cls: 1.7336, TAL: -0.0616, Adv: 4.3109) | Train Acc: 0.9935 | Val Acc: 0.9000 | Val P/R/F1 (Macro): 0.4919/0.5319/0.5016 | LR: 0.000003
Epoch [58/100] | Loss: 2.4473 (Cls: 1.7722, TAL: 0.0111, Adv: 4.4781) | Train Acc: 0.9914 | Val Acc: 0.9333 | Val P/R/F1 (Macro): 0.5212/0.5446/0.5282 | LR: 0.000003
Epoch [59/100] | Loss: 2.4230 (Cls: 1.7470, TAL: -0.0753, Adv: 4.6571) | Train Acc: 0.9978 | Val Acc: 0.9167 | Val P/R/F1 (Macro): 0.5157/0.5411/0.5236 | LR: 0.000003
Epoch [60/100] | Loss: 2.3168 (Cls: 1.7559, TAL: -0.2088, Adv: 4.1570) | Train Acc: 0.9871 | Val Acc: 0.9333 | Val P/R/F1 (Macro): 0.5313/0.5466/0.5347 | LR: 0.000003
Epoch [61/100] | Loss: 2.2956 (Cls: 1.7501, TAL: -0.2739, Adv: 4.1849) | Train Acc: 0.9957 | Val Acc: 0.9250 | Val P/R/F1 (Macro): 0.5089/0.5439/0.5215 | LR: 0.000003
Epoch [62/100] | Loss: 2.3193 (Cls: 1.7556, TAL: -0.2896, Adv: 4.3371) | Train Acc: 0.9978 | Val Acc: 0.8667 | Val P/R/F1 (Macro): 0.4849/0.5249/0.4860 | LR: 0.000003
Epoch [63/100] | Loss: 2.2287 (Cls: 1.7448, TAL: -0.2926, Adv: 3.8110) | Train Acc: 0.9935 | Val Acc: 0.8917 | Val P/R/F1 (Macro): 0.4843/0.5359/0.5025 | LR: 0.000003
Epoch [64/100] | Loss: 2.3387 (Cls: 1.7548, TAL: -0.2963, Adv: 4.4853) | Train Acc: 0.9935 | Val Acc: 0.8917 | Val P/R/F1 (Macro): 0.5035/0.5349/0.5137 | LR: 0.000003
Epoch [65/100] | Loss: 2.3636 (Cls: 1.7562, TAL: -0.3823, Adv: 4.8139) | Train Acc: 0.9935 | Val Acc: 0.9000 | Val P/R/F1 (Macro): 0.5088/0.5366/0.5125 | LR: 0.000003
Epoch [66/100] | Loss: 2.3759 (Cls: 1.7380, TAL: -0.4617, Adv: 5.1762) | Train Acc: 0.9935 | Val Acc: 0.9083 | Val P/R/F1 (Macro): 0.5120/0.5404/0.5196 | LR: 0.000003
Epoch [67/100] | Loss: 2.3326 (Cls: 1.7455, TAL: -0.6045, Adv: 5.1233) | Train Acc: 1.0000 | Val Acc: 0.8750 | Val P/R/F1 (Macro): 0.4991/0.5324/0.5083 | LR: 0.000001
Epoch [68/100] | Loss: 2.3070 (Cls: 1.7267, TAL: -0.5045, Adv: 4.8772) | Train Acc: 0.9978 | Val Acc: 0.9250 | Val P/R/F1 (Macro): 0.5179/0.5419/0.5252 | LR: 0.000001
Epoch [69/100] | Loss: 2.3601 (Cls: 1.7275, TAL: -0.5788, Adv: 5.3746) | Train Acc: 0.9935 | Val Acc: 0.9417 | Val P/R/F1 (Macro): 0.5287/0.5454/0.5338 | LR: 0.000001
Epoch [70/100] | Loss: 2.3257 (Cls: 1.7457, TAL: -0.5818, Adv: 5.0306) | Train Acc: 0.9914 | Val Acc: 0.9167 | Val P/R/F1 (Macro): 0.5013/0.5421/0.5167 | LR: 0.000001
Epoch [71/100] | Loss: 2.3183 (Cls: 1.7209, TAL: -0.5492, Adv: 5.0810) | Train Acc: 0.9957 | Val Acc: 0.9583 | Val P/R/F1 (Macro): 0.5384/0.5498/0.5422 | LR: 0.000001
Epoch [72/100] | Loss: 2.3313 (Cls: 1.7176, TAL: -0.5357, Adv: 5.1626) | Train Acc: 1.0000 | Val Acc: 0.8833 | Val P/R/F1 (Macro): 0.4764/0.5270/0.4894 | LR: 0.000001
Epoch [73/100] | Loss: 2.3305 (Cls: 1.7165, TAL: -0.5188, Adv: 5.1311) | Train Acc: 1.0000 | Val Acc: 0.9000 | Val P/R/F1 (Macro): 0.4913/0.5376/0.5052 | LR: 0.000001
Epoch [74/100] | Loss: 2.3868 (Cls: 1.7273, TAL: -0.3229, Adv: 5.0430) | Train Acc: 0.9978 | Val Acc: 0.9167 | Val P/R/F1 (Macro): 0.5183/0.5421/0.5276 | LR: 0.000001
Epoch [75/100] | Loss: 2.3781 (Cls: 1.7406, TAL: -0.3656, Adv: 4.9812) | Train Acc: 0.9935 | Val Acc: 0.9167 | Val P/R/F1 (Macro): 0.5189/0.5469/0.5287 | LR: 0.000001
Epoch [76/100] | Loss: 2.3525 (Cls: 1.7178, TAL: -0.3588, Adv: 4.9490) | Train Acc: 0.9957 | Val Acc: 0.9083 | Val P/R/F1 (Macro): 0.5102/0.5404/0.5185 | LR: 0.000001
Epoch [77/100] | Loss: 2.3607 (Cls: 1.7311, TAL: -0.3280, Adv: 4.8538) | Train Acc: 0.9978 | Val Acc: 0.9250 | Val P/R/F1 (Macro): 0.5144/0.5486/0.5288 | LR: 0.000001
Epoch [78/100] | Loss: 2.2969 (Cls: 1.7202, TAL: -0.4783, Adv: 4.8017) | Train Acc: 0.9935 | Val Acc: 0.9167 | Val P/R/F1 (Macro): 0.5153/0.5238/0.5125 | LR: 0.000001
Epoch [79/100] | Loss: 2.2936 (Cls: 1.7334, TAL: -0.5213, Adv: 4.7777) | Train Acc: 0.9978 | Val Acc: 0.9083 | Val P/R/F1 (Macro): 0.5125/0.5173/0.5086 | LR: 0.000001
Epoch [80/100] | Loss: 2.3236 (Cls: 1.7188, TAL: -0.5088, Adv: 5.0500) | Train Acc: 1.0000 | Val Acc: 0.8833 | Val P/R/F1 (Macro): 0.5019/0.5332/0.5058 | LR: 0.000001
Epoch [81/100] | Loss: 2.3106 (Cls: 1.7177, TAL: -0.4581, Adv: 4.8691) | Train Acc: 1.0000 | Val Acc: 0.9167 | Val P/R/F1 (Macro): 0.5129/0.5449/0.5226 | LR: 0.000001
Epoch [82/100] | Loss: 2.2875 (Cls: 1.7383, TAL: -0.4854, Adv: 4.6320) | Train Acc: 0.9914 | Val Acc: 0.9167 | Val P/R/F1 (Macro): 0.5121/0.5401/0.5198 | LR: 0.000001
Epoch [83/100] | Loss: 2.3255 (Cls: 1.7368, TAL: -0.5780, Adv: 5.0805) | Train Acc: 0.9978 | Val Acc: 0.9250 | Val P/R/F1 (Macro): 0.5294/0.5486/0.5375 | LR: 0.000001
Epoch [84/100] | Loss: 2.3141 (Cls: 1.7243, TAL: -0.5227, Adv: 4.9769) | Train Acc: 0.9935 | Val Acc: 0.9250 | Val P/R/F1 (Macro): 0.5163/0.5429/0.5247 | LR: 0.000001
Epoch [85/100] | Loss: 2.3472 (Cls: 1.7353, TAL: -0.5710, Adv: 5.2218) | Train Acc: 0.9978 | Val Acc: 0.9417 | Val P/R/F1 (Macro): 0.5292/0.5521/0.5383 | LR: 0.000001
Epoch [86/100] | Loss: 2.3361 (Cls: 1.7299, TAL: -0.5627, Adv: 5.1664) | Train Acc: 0.9978 | Val Acc: 0.8917 | Val P/R/F1 (Macro): 0.4939/0.5339/0.5022 | LR: 0.000001
Epoch [87/100] | Loss: 2.2809 (Cls: 1.7310, TAL: -0.5773, Adv: 4.8202) | Train Acc: 0.9914 | Val Acc: 0.9417 | Val P/R/F1 (Macro): 0.5340/0.5474/0.5398 | LR: 0.000001
Epoch [88/100] | Loss: 2.2720 (Cls: 1.7432, TAL: -0.5464, Adv: 4.6182) | Train Acc: 0.9978 | Val Acc: 0.9000 | Val P/R/F1 (Macro): 0.4885/0.5366/0.5011 | LR: 0.000001
Epoch [89/100] | Loss: 2.3736 (Cls: 1.7174, TAL: -0.4822, Adv: 5.3390) | Train Acc: 1.0000 | Val Acc: 0.9083 | Val P/R/F1 (Macro): 0.5121/0.5431/0.5222 | LR: 0.000001
Epoch [90/100] | Loss: 2.3368 (Cls: 1.7251, TAL: -0.4608, Adv: 5.0000) | Train Acc: 0.9957 | Val Acc: 0.8667 | Val P/R/F1 (Macro): 0.5013/0.5334/0.5081 | LR: 0.000001
Epoch [91/100] | Loss: 2.4214 (Cls: 1.7510, TAL: -0.3823, Adv: 5.2339) | Train Acc: 0.9978 | Val Acc: 0.8833 | Val P/R/F1 (Macro): 0.4908/0.5322/0.4997 | LR: 0.000001
Epoch [92/100] | Loss: 2.3783 (Cls: 1.7249, TAL: -0.3917, Adv: 5.1398) | Train Acc: 0.9935 | Val Acc: 0.9250 | Val P/R/F1 (Macro): 0.5198/0.5429/0.5237 | LR: 0.000001
Epoch [93/100] | Loss: 2.3881 (Cls: 1.7438, TAL: -0.4298, Adv: 5.1550) | Train Acc: 0.9957 | Val Acc: 0.9250 | Val P/R/F1 (Macro): 0.5193/0.5466/0.5293 | LR: 0.000001
Epoch [94/100] | Loss: 2.4295 (Cls: 1.7304, TAL: -0.5040, Adv: 5.6691) | Train Acc: 0.9914 | Val Acc: 0.9167 | Val P/R/F1 (Macro): 0.5151/0.5449/0.5252 | LR: 0.000001
Epoch [95/100] | Loss: 2.3497 (Cls: 1.7313, TAL: -0.5086, Adv: 5.1394) | Train Acc: 0.9978 | Val Acc: 0.9167 | Val P/R/F1 (Macro): 0.5151/0.5449/0.5252 | LR: 0.000001
Epoch [96/100] | Loss: 2.3459 (Cls: 1.7199, TAL: -0.6226, Adv: 5.4188) | Train Acc: 0.9978 | Val Acc: 0.9250 | Val P/R/F1 (Macro): 0.5188/0.5208/0.5127 | LR: 0.000001
Epoch [97/100] | Loss: 2.3609 (Cls: 1.7648, TAL: -0.4749, Adv: 4.9241) | Train Acc: 0.9871 | Val Acc: 0.9250 | Val P/R/F1 (Macro): 0.5187/0.5476/0.5289 | LR: 0.000001
Epoch [98/100] | Loss: 2.3640 (Cls: 1.7299, TAL: -0.4712, Adv: 5.1695) | Train Acc: 0.9978 | Val Acc: 0.9333 | Val P/R/F1 (Macro): 0.5224/0.5484/0.5317 | LR: 0.000001
Epoch [99/100] | Loss: 2.3651 (Cls: 1.7211, TAL: -0.4627, Adv: 5.2192) | Train Acc: 1.0000 | Val Acc: 0.8583 | Val P/R/F1 (Macro): 0.4907/0.5209/0.4932 | LR: 0.000001
Epoch [100/100] | Loss: 2.2819 (Cls: 1.7296, TAL: -0.4912, Adv: 4.6648) | Train Acc: 0.9957 | Val Acc: 0.9083 | Val P/R/F1 (Macro): 0.4944/0.5394/0.5102 | LR: 0.000001

迭代 3 最佳指标:
  Accuracy: 0.9583
  Precision (Macro): 0.5386
  Recall (Macro): 0.5508
  F1 (Macro): 0.5428
  Precision (Micro): 0.9583
  Recall (Micro): 0.9583
  F1 (Micro): 0.9583

================================================================================
迭代 4/5
随机种子: 45
================================================================================
Feature fusion: Tensor alignment (512+512 -> 128+128); fused_dim=256
Domain adaptation: Neural OT generator with 3-domain discriminator
Loss weights: tensor=0.30, adv=0.15
Epoch [1/100] | Loss: 6.2946 (Cls: 6.2380, TAL: -0.0708, Adv: 0.5191) | Train Acc: 0.3534 | Val Acc: 0.2583 | Val P/R/F1 (Macro): 0.2170/0.2069/0.1469 | LR: 0.000010
  >>> New Best Val Acc: 0.2583
Epoch [2/100] | Loss: 3.9863 (Cls: 3.8417, TAL: -0.0761, Adv: 1.1161) | Train Acc: 0.7328 | Val Acc: 0.7333 | Val P/R/F1 (Macro): 0.4532/0.4586/0.4120 | LR: 0.000010
  >>> New Best Val Acc: 0.7333
Epoch [3/100] | Loss: 3.4991 (Cls: 3.2631, TAL: -0.0587, Adv: 1.6908) | Train Acc: 0.8147 | Val Acc: 0.5917 | Val P/R/F1 (Macro): 0.3918/0.4608/0.3592 | LR: 0.000010
Epoch [4/100] | Loss: 2.9801 (Cls: 2.6567, TAL: 0.0415, Adv: 2.0725) | Train Acc: 0.9116 | Val Acc: 0.5667 | Val P/R/F1 (Macro): 0.4151/0.4406/0.3811 | LR: 0.000010
Epoch [5/100] | Loss: 2.9384 (Cls: 2.5828, TAL: 0.0296, Adv: 2.3116) | Train Acc: 0.8922 | Val Acc: 0.5583 | Val P/R/F1 (Macro): 0.4914/0.4418/0.4135 | LR: 0.000010
Epoch [6/100] | Loss: 2.7375 (Cls: 2.3917, TAL: -0.0973, Adv: 2.5000) | Train Acc: 0.9397 | Val Acc: 0.6250 | Val P/R/F1 (Macro): 0.4104/0.4127/0.3640 | LR: 0.000010
Epoch [7/100] | Loss: 2.6872 (Cls: 2.2761, TAL: 0.0399, Adv: 2.6612) | Train Acc: 0.9547 | Val Acc: 0.6167 | Val P/R/F1 (Macro): 0.4059/0.4642/0.3901 | LR: 0.000010
Epoch [8/100] | Loss: 2.7419 (Cls: 2.3307, TAL: 0.0075, Adv: 2.7269) | Train Acc: 0.9246 | Val Acc: 0.7667 | Val P/R/F1 (Macro): 0.4243/0.4973/0.4324 | LR: 0.000010
  >>> New Best Val Acc: 0.7667
Epoch [9/100] | Loss: 2.5949 (Cls: 2.2457, TAL: -0.1614, Adv: 2.6508) | Train Acc: 0.9375 | Val Acc: 0.8417 | Val P/R/F1 (Macro): 0.4706/0.5139/0.4744 | LR: 0.000010
  >>> New Best Val Acc: 0.8417
Epoch [10/100] | Loss: 2.5011 (Cls: 2.1045, TAL: -0.0033, Adv: 2.6504) | Train Acc: 0.9504 | Val Acc: 0.8083 | Val P/R/F1 (Macro): 0.4773/0.4907/0.4688 | LR: 0.000010
Epoch [11/100] | Loss: 2.3938 (Cls: 2.0641, TAL: -0.0097, Adv: 2.2173) | Train Acc: 0.9461 | Val Acc: 0.8250 | Val P/R/F1 (Macro): 0.4933/0.5196/0.4978 | LR: 0.000010
Epoch [12/100] | Loss: 2.6195 (Cls: 2.1710, TAL: 0.0497, Adv: 2.8907) | Train Acc: 0.9353 | Val Acc: 0.9417 | Val P/R/F1 (Macro): 0.5183/0.5464/0.5303 | LR: 0.000010
  >>> New Best Val Acc: 0.9417
Epoch [13/100] | Loss: 2.3480 (Cls: 2.0725, TAL: -0.1562, Adv: 2.1494) | Train Acc: 0.9526 | Val Acc: 0.7417 | Val P/R/F1 (Macro): 0.4171/0.4917/0.4289 | LR: 0.000010
Epoch [14/100] | Loss: 2.4276 (Cls: 2.0634, TAL: -0.0461, Adv: 2.5206) | Train Acc: 0.9634 | Val Acc: 0.8500 | Val P/R/F1 (Macro): 0.5274/0.5024/0.5054 | LR: 0.000010
Epoch [15/100] | Loss: 2.4936 (Cls: 2.0258, TAL: 0.0640, Adv: 2.9906) | Train Acc: 0.9698 | Val Acc: 0.8417 | Val P/R/F1 (Macro): 0.4976/0.5024/0.4903 | LR: 0.000010
Epoch [16/100] | Loss: 2.3380 (Cls: 2.0451, TAL: -0.2354, Adv: 2.4239) | Train Acc: 0.9698 | Val Acc: 0.8750 | Val P/R/F1 (Macro): 0.4866/0.5348/0.5018 | LR: 0.000010
Epoch [17/100] | Loss: 2.3268 (Cls: 1.9934, TAL: -0.2882, Adv: 2.7990) | Train Acc: 0.9720 | Val Acc: 0.8667 | Val P/R/F1 (Macro): 0.4712/0.4970/0.4689 | LR: 0.000010
Epoch [18/100] | Loss: 2.3215 (Cls: 1.9934, TAL: -0.2792, Adv: 2.7457) | Train Acc: 0.9763 | Val Acc: 0.8333 | Val P/R/F1 (Macro): 0.4497/0.5237/0.4686 | LR: 0.000010
Epoch [19/100] | Loss: 2.2647 (Cls: 1.8882, TAL: -0.2659, Adv: 3.0417) | Train Acc: 0.9763 | Val Acc: 0.7917 | Val P/R/F1 (Macro): 0.4907/0.4949/0.4761 | LR: 0.000010
Epoch [20/100] | Loss: 2.2338 (Cls: 1.9414, TAL: -0.4233, Adv: 2.7960) | Train Acc: 0.9720 | Val Acc: 0.8833 | Val P/R/F1 (Macro): 0.5048/0.5202/0.5051 | LR: 0.000010
Epoch [21/100] | Loss: 2.2957 (Cls: 1.8864, TAL: -0.3489, Adv: 3.4265) | Train Acc: 0.9763 | Val Acc: 0.9417 | Val P/R/F1 (Macro): 0.5314/0.5501/0.5360 | LR: 0.000010
Epoch [22/100] | Loss: 2.2512 (Cls: 1.9362, TAL: -0.4496, Adv: 2.9994) | Train Acc: 0.9698 | Val Acc: 0.9083 | Val P/R/F1 (Macro): 0.5368/0.4973/0.5034 | LR: 0.000010
Epoch [23/100] | Loss: 2.2921 (Cls: 1.8866, TAL: -0.3612, Adv: 3.4259) | Train Acc: 0.9828 | Val Acc: 0.9250 | Val P/R/F1 (Macro): 0.5182/0.5276/0.5176 | LR: 0.000005
Epoch [24/100] | Loss: 2.3364 (Cls: 1.8968, TAL: -0.3021, Adv: 3.5347) | Train Acc: 0.9849 | Val Acc: 0.8917 | Val P/R/F1 (Macro): 0.4921/0.5176/0.4977 | LR: 0.000005
Epoch [25/100] | Loss: 2.2502 (Cls: 1.8385, TAL: -0.2630, Adv: 3.2701) | Train Acc: 0.9871 | Val Acc: 0.9083 | Val P/R/F1 (Macro): 0.5034/0.5221/0.5064 | LR: 0.000005
Epoch [26/100] | Loss: 2.2700 (Cls: 1.8222, TAL: -0.2630, Adv: 3.5113) | Train Acc: 0.9849 | Val Acc: 0.9000 | Val P/R/F1 (Macro): 0.5055/0.5203/0.5066 | LR: 0.000005
Epoch [27/100] | Loss: 2.2452 (Cls: 1.8106, TAL: -0.3576, Adv: 3.6125) | Train Acc: 0.9957 | Val Acc: 0.9167 | Val P/R/F1 (Macro): 0.5123/0.5211/0.5114 | LR: 0.000005
Epoch [28/100] | Loss: 2.2471 (Cls: 1.8022, TAL: -0.3884, Adv: 3.7428) | Train Acc: 0.9935 | Val Acc: 0.9083 | Val P/R/F1 (Macro): 0.5114/0.5231/0.5115 | LR: 0.000005
Epoch [29/100] | Loss: 2.3053 (Cls: 1.8383, TAL: -0.3312, Adv: 3.7759) | Train Acc: 0.9698 | Val Acc: 0.9500 | Val P/R/F1 (Macro): 0.5270/0.5549/0.5388 | LR: 0.000005
  >>> New Best Val Acc: 0.9500
Epoch [30/100] | Loss: 2.2156 (Cls: 1.7865, TAL: -0.3394, Adv: 3.5396) | Train Acc: 1.0000 | Val Acc: 0.8917 | Val P/R/F1 (Macro): 0.4961/0.5390/0.5099 | LR: 0.000005
Epoch [31/100] | Loss: 2.2319 (Cls: 1.8045, TAL: -0.2974, Adv: 3.4444) | Train Acc: 0.9892 | Val Acc: 0.9000 | Val P/R/F1 (Macro): 0.4907/0.5213/0.4969 | LR: 0.000005
Epoch [32/100] | Loss: 2.1857 (Cls: 1.7897, TAL: -0.3337, Adv: 3.3071) | Train Acc: 0.9892 | Val Acc: 0.8917 | Val P/R/F1 (Macro): 0.4725/0.5417/0.4974 | LR: 0.000005
Epoch [33/100] | Loss: 2.1950 (Cls: 1.8361, TAL: -0.3688, Adv: 3.1302) | Train Acc: 0.9871 | Val Acc: 0.8833 | Val P/R/F1 (Macro): 0.4943/0.5369/0.5074 | LR: 0.000005
Epoch [34/100] | Loss: 2.2923 (Cls: 1.8614, TAL: -0.2718, Adv: 3.4163) | Train Acc: 0.9741 | Val Acc: 0.9083 | Val P/R/F1 (Macro): 0.4968/0.5411/0.5128 | LR: 0.000005
Epoch [35/100] | Loss: 2.2184 (Cls: 1.7763, TAL: -0.3278, Adv: 3.6034) | Train Acc: 0.9978 | Val Acc: 0.9333 | Val P/R/F1 (Macro): 0.5020/0.5504/0.5224 | LR: 0.000005
Epoch [36/100] | Loss: 2.2815 (Cls: 1.7961, TAL: -0.2707, Adv: 3.7776) | Train Acc: 0.9914 | Val Acc: 0.9417 | Val P/R/F1 (Macro): 0.5298/0.5494/0.5369 | LR: 0.000005
Epoch [37/100] | Loss: 2.2929 (Cls: 1.7962, TAL: -0.2560, Adv: 3.8228) | Train Acc: 0.9828 | Val Acc: 0.8583 | Val P/R/F1 (Macro): 0.4970/0.5327/0.5046 | LR: 0.000005
Epoch [38/100] | Loss: 2.4047 (Cls: 1.8881, TAL: -0.2631, Adv: 3.9700) | Train Acc: 0.9828 | Val Acc: 0.9417 | Val P/R/F1 (Macro): 0.5321/0.5531/0.5406 | LR: 0.000005
Epoch [39/100] | Loss: 2.2818 (Cls: 1.7996, TAL: -0.2643, Adv: 3.7434) | Train Acc: 0.9892 | Val Acc: 0.9333 | Val P/R/F1 (Macro): 0.5346/0.5236/0.5257 | LR: 0.000005
Epoch [40/100] | Loss: 2.2882 (Cls: 1.7727, TAL: -0.3164, Adv: 4.0694) | Train Acc: 0.9892 | Val Acc: 0.9583 | Val P/R/F1 (Macro): 0.5294/0.5519/0.5385 | LR: 0.000005
  >>> New Best Val Acc: 0.9583
Epoch [41/100] | Loss: 2.2894 (Cls: 1.7872, TAL: -0.3367, Adv: 4.0219) | Train Acc: 0.9871 | Val Acc: 0.9500 | Val P/R/F1 (Macro): 0.5263/0.5501/0.5361 | LR: 0.000005
Epoch [42/100] | Loss: 2.3090 (Cls: 1.7839, TAL: -0.4289, Adv: 4.3585) | Train Acc: 0.9978 | Val Acc: 0.9167 | Val P/R/F1 (Macro): 0.5183/0.5439/0.5272 | LR: 0.000005
Epoch [43/100] | Loss: 2.2967 (Cls: 1.8098, TAL: -0.5249, Adv: 4.2958) | Train Acc: 0.9849 | Val Acc: 0.9083 | Val P/R/F1 (Macro): 0.5253/0.5451/0.5326 | LR: 0.000005
Epoch [44/100] | Loss: 2.2663 (Cls: 1.7781, TAL: -0.4606, Adv: 4.1759) | Train Acc: 1.0000 | Val Acc: 0.9333 | Val P/R/F1 (Macro): 0.5088/0.5412/0.5200 | LR: 0.000005
Epoch [45/100] | Loss: 2.1638 (Cls: 1.7600, TAL: -0.5012, Adv: 3.6943) | Train Acc: 0.9978 | Val Acc: 0.9417 | Val P/R/F1 (Macro): 0.5349/0.5412/0.5357 | LR: 0.000005
Epoch [46/100] | Loss: 2.2246 (Cls: 1.7997, TAL: -0.6008, Adv: 4.0346) | Train Acc: 0.9828 | Val Acc: 0.9500 | Val P/R/F1 (Macro): 0.5317/0.5529/0.5400 | LR: 0.000005
Epoch [47/100] | Loss: 2.3029 (Cls: 1.8262, TAL: -0.5389, Adv: 4.2557) | Train Acc: 0.9871 | Val Acc: 0.9250 | Val P/R/F1 (Macro): 0.5064/0.5446/0.5212 | LR: 0.000005
Epoch [48/100] | Loss: 2.2715 (Cls: 1.8038, TAL: -0.5282, Adv: 4.1746) | Train Acc: 0.9741 | Val Acc: 0.9167 | Val P/R/F1 (Macro): 0.5193/0.5238/0.5158 | LR: 0.000005
Epoch [49/100] | Loss: 2.2287 (Cls: 1.7676, TAL: -0.4662, Adv: 4.0064) | Train Acc: 0.9914 | Val Acc: 0.9167 | Val P/R/F1 (Macro): 0.4971/0.5459/0.5132 | LR: 0.000005
Epoch [50/100] | Loss: 2.1908 (Cls: 1.7734, TAL: -0.3672, Adv: 3.5170) | Train Acc: 0.9892 | Val Acc: 0.9500 | Val P/R/F1 (Macro): 0.5466/0.5270/0.5330 | LR: 0.000005
Epoch [51/100] | Loss: 2.1473 (Cls: 1.7719, TAL: -0.3144, Adv: 3.1313) | Train Acc: 0.9957 | Val Acc: 0.9500 | Val P/R/F1 (Macro): 0.5480/0.5280/0.5339 | LR: 0.000003
Epoch [52/100] | Loss: 2.2323 (Cls: 1.7358, TAL: -0.3572, Adv: 4.0245) | Train Acc: 0.9978 | Val Acc: 0.9333 | Val P/R/F1 (Macro): 0.5223/0.5174/0.5175 | LR: 0.000003
Epoch [53/100] | Loss: 2.3069 (Cls: 1.7741, TAL: -0.3919, Adv: 4.3360) | Train Acc: 0.9892 | Val Acc: 0.9083 | Val P/R/F1 (Macro): 0.5297/0.5193/0.5199 | LR: 0.000003
Epoch [54/100] | Loss: 2.2968 (Cls: 1.7379, TAL: -0.3627, Adv: 4.4515) | Train Acc: 0.9914 | Val Acc: 0.9333 | Val P/R/F1 (Macro): 0.5251/0.5494/0.5345 | LR: 0.000003
Epoch [55/100] | Loss: 2.3154 (Cls: 1.7629, TAL: -0.3693, Adv: 4.4220) | Train Acc: 0.9914 | Val Acc: 0.9500 | Val P/R/F1 (Macro): 0.5402/0.5328/0.5331 | LR: 0.000003
Epoch [56/100] | Loss: 2.3220 (Cls: 1.7510, TAL: -0.2704, Adv: 4.3475) | Train Acc: 0.9935 | Val Acc: 0.9750 | Val P/R/F1 (Macro): 0.5483/0.5591/0.5518 | LR: 0.000003
  >>> New Best Val Acc: 0.9750
Epoch [57/100] | Loss: 2.3504 (Cls: 1.7947, TAL: -0.2433, Adv: 4.1908) | Train Acc: 0.9871 | Val Acc: 0.9583 | Val P/R/F1 (Macro): 0.5456/0.5345/0.5369 | LR: 0.000003
Epoch [58/100] | Loss: 2.3025 (Cls: 1.7695, TAL: -0.3815, Adv: 4.3162) | Train Acc: 0.9892 | Val Acc: 0.9500 | Val P/R/F1 (Macro): 0.5369/0.5318/0.5301 | LR: 0.000003
Epoch [59/100] | Loss: 2.2873 (Cls: 1.7468, TAL: -0.2532, Adv: 4.1098) | Train Acc: 0.9978 | Val Acc: 0.9417 | Val P/R/F1 (Macro): 0.5278/0.5511/0.5367 | LR: 0.000003
Epoch [60/100] | Loss: 2.3562 (Cls: 1.7602, TAL: -0.1397, Adv: 4.2528) | Train Acc: 0.9914 | Val Acc: 0.9500 | Val P/R/F1 (Macro): 0.5327/0.5529/0.5396 | LR: 0.000003
Epoch [61/100] | Loss: 2.3908 (Cls: 1.7547, TAL: -0.1653, Adv: 4.5711) | Train Acc: 0.9914 | Val Acc: 0.9583 | Val P/R/F1 (Macro): 0.5390/0.5546/0.5451 | LR: 0.000003
Epoch [62/100] | Loss: 2.2321 (Cls: 1.7442, TAL: -0.3927, Adv: 4.0380) | Train Acc: 0.9935 | Val Acc: 0.8083 | Val P/R/F1 (Macro): 0.4456/0.5162/0.4597 | LR: 0.000003
Epoch [63/100] | Loss: 2.2252 (Cls: 1.7693, TAL: -0.4266, Adv: 3.8928) | Train Acc: 0.9935 | Val Acc: 0.9000 | Val P/R/F1 (Macro): 0.4848/0.5217/0.4926 | LR: 0.000003
Epoch [64/100] | Loss: 2.2638 (Cls: 1.7729, TAL: -0.3551, Adv: 3.9825) | Train Acc: 0.9914 | Val Acc: 0.9583 | Val P/R/F1 (Macro): 0.5500/0.5298/0.5359 | LR: 0.000003
Epoch [65/100] | Loss: 2.3071 (Cls: 1.7408, TAL: -0.2290, Adv: 4.2334) | Train Acc: 0.9957 | Val Acc: 0.9167 | Val P/R/F1 (Macro): 0.5140/0.5469/0.5265 | LR: 0.000003
Epoch [66/100] | Loss: 2.3247 (Cls: 1.7676, TAL: -0.3076, Adv: 4.3295) | Train Acc: 0.9892 | Val Acc: 0.9500 | Val P/R/F1 (Macro): 0.5317/0.5529/0.5400 | LR: 0.000003
Epoch [67/100] | Loss: 2.2567 (Cls: 1.7650, TAL: -0.5034, Adv: 4.2848) | Train Acc: 0.9978 | Val Acc: 0.9417 | Val P/R/F1 (Macro): 0.5501/0.5263/0.5341 | LR: 0.000001
Epoch [68/100] | Loss: 2.3245 (Cls: 1.7592, TAL: -0.4949, Adv: 4.7586) | Train Acc: 0.9914 | Val Acc: 0.9667 | Val P/R/F1 (Macro): 0.5417/0.5563/0.5472 | LR: 0.000001
Epoch [69/100] | Loss: 2.3207 (Cls: 1.7442, TAL: -0.4657, Adv: 4.7749) | Train Acc: 0.9957 | Val Acc: 0.9667 | Val P/R/F1 (Macro): 0.5457/0.5573/0.5496 | LR: 0.000001
Epoch [70/100] | Loss: 2.3179 (Cls: 1.7316, TAL: -0.3805, Adv: 4.6699) | Train Acc: 0.9978 | Val Acc: 0.9500 | Val P/R/F1 (Macro): 0.5354/0.5318/0.5290 | LR: 0.000001
Epoch [71/100] | Loss: 2.3134 (Cls: 1.7317, TAL: -0.2919, Adv: 4.4619) | Train Acc: 0.9935 | Val Acc: 0.9500 | Val P/R/F1 (Macro): 0.5377/0.5549/0.5451 | LR: 0.000001
Epoch [72/100] | Loss: 2.3443 (Cls: 1.7317, TAL: -0.1984, Adv: 4.4810) | Train Acc: 0.9957 | Val Acc: 0.9417 | Val P/R/F1 (Macro): 0.5312/0.5290/0.5258 | LR: 0.000001
Epoch [73/100] | Loss: 2.3301 (Cls: 1.7283, TAL: -0.2450, Adv: 4.5019) | Train Acc: 0.9978 | Val Acc: 0.9500 | Val P/R/F1 (Macro): 0.5366/0.5308/0.5295 | LR: 0.000001
Epoch [74/100] | Loss: 2.3519 (Cls: 1.7319, TAL: -0.2430, Adv: 4.6197) | Train Acc: 0.9957 | Val Acc: 0.9667 | Val P/R/F1 (Macro): 0.5457/0.5573/0.5496 | LR: 0.000001
Epoch [75/100] | Loss: 2.3181 (Cls: 1.7223, TAL: -0.3335, Adv: 4.6386) | Train Acc: 0.9978 | Val Acc: 0.9500 | Val P/R/F1 (Macro): 0.5366/0.5308/0.5295 | LR: 0.000001
Epoch [76/100] | Loss: 2.3339 (Cls: 1.7230, TAL: -0.3528, Adv: 4.7782) | Train Acc: 0.9957 | Val Acc: 0.9417 | Val P/R/F1 (Macro): 0.5224/0.5474/0.5311 | LR: 0.000001
Epoch [77/100] | Loss: 2.2978 (Cls: 1.7240, TAL: -0.3507, Adv: 4.5265) | Train Acc: 0.9914 | Val Acc: 0.9333 | Val P/R/F1 (Macro): 0.5266/0.5273/0.5223 | LR: 0.000001
Epoch [78/100] | Loss: 2.3236 (Cls: 1.7457, TAL: -0.3990, Adv: 4.6506) | Train Acc: 0.9892 | Val Acc: 0.9250 | Val P/R/F1 (Macro): 0.5096/0.5266/0.5128 | LR: 0.000001
Epoch [79/100] | Loss: 2.3281 (Cls: 1.7338, TAL: -0.3801, Adv: 4.7224) | Train Acc: 0.9935 | Val Acc: 0.9250 | Val P/R/F1 (Macro): 0.5012/0.5486/0.5197 | LR: 0.000001
Epoch [80/100] | Loss: 2.2740 (Cls: 1.7215, TAL: -0.3995, Adv: 4.4820) | Train Acc: 0.9957 | Val Acc: 0.9500 | Val P/R/F1 (Macro): 0.5429/0.5280/0.5320 | LR: 0.000001
Epoch [81/100] | Loss: 2.3104 (Cls: 1.7194, TAL: -0.4100, Adv: 4.7600) | Train Acc: 0.9978 | Val Acc: 0.9417 | Val P/R/F1 (Macro): 0.5190/0.5300/0.5189 | LR: 0.000001
Epoch [82/100] | Loss: 2.3485 (Cls: 1.7227, TAL: -0.4144, Adv: 5.0009) | Train Acc: 0.9957 | Val Acc: 0.9333 | Val P/R/F1 (Macro): 0.5053/0.5504/0.5221 | LR: 0.000001
Epoch [83/100] | Loss: 2.3469 (Cls: 1.7149, TAL: -0.4492, Adv: 5.1116) | Train Acc: 1.0000 | Val Acc: 0.9667 | Val P/R/F1 (Macro): 0.5521/0.5363/0.5409 | LR: 0.000001
Epoch [84/100] | Loss: 2.3390 (Cls: 1.7125, TAL: -0.4741, Adv: 5.1248) | Train Acc: 0.9978 | Val Acc: 0.9583 | Val P/R/F1 (Macro): 0.5454/0.5335/0.5364 | LR: 0.000001
Epoch [85/100] | Loss: 2.3062 (Cls: 1.7148, TAL: -0.4974, Adv: 4.9376) | Train Acc: 1.0000 | Val Acc: 0.9083 | Val P/R/F1 (Macro): 0.4901/0.5221/0.4973 | LR: 0.000001
Epoch [86/100] | Loss: 2.2919 (Cls: 1.7200, TAL: -0.5674, Adv: 4.9473) | Train Acc: 0.9978 | Val Acc: 0.9667 | Val P/R/F1 (Macro): 0.5521/0.5363/0.5409 | LR: 0.000001
Epoch [87/100] | Loss: 2.2763 (Cls: 1.7213, TAL: -0.6077, Adv: 4.9152) | Train Acc: 0.9935 | Val Acc: 0.9167 | Val P/R/F1 (Macro): 0.4925/0.5459/0.5128 | LR: 0.000001
Epoch [88/100] | Loss: 2.1968 (Cls: 1.7256, TAL: -0.6972, Adv: 4.5361) | Train Acc: 0.9978 | Val Acc: 0.9583 | Val P/R/F1 (Macro): 0.5454/0.5335/0.5364 | LR: 0.000001
Epoch [89/100] | Loss: 2.1891 (Cls: 1.7214, TAL: -0.7447, Adv: 4.6069) | Train Acc: 0.9935 | Val Acc: 0.8917 | Val P/R/F1 (Macro): 0.4861/0.5156/0.4921 | LR: 0.000001
Epoch [90/100] | Loss: 2.2280 (Cls: 1.7329, TAL: -0.7492, Adv: 4.7986) | Train Acc: 0.9957 | Val Acc: 0.8917 | Val P/R/F1 (Macro): 0.4861/0.5156/0.4921 | LR: 0.000001
Epoch [91/100] | Loss: 2.2042 (Cls: 1.7175, TAL: -0.7610, Adv: 4.7662) | Train Acc: 0.9978 | Val Acc: 0.9500 | Val P/R/F1 (Macro): 0.5402/0.5328/0.5331 | LR: 0.000001
Epoch [92/100] | Loss: 2.1198 (Cls: 1.7232, TAL: -0.7659, Adv: 4.1763) | Train Acc: 0.9978 | Val Acc: 0.9500 | Val P/R/F1 (Macro): 0.5354/0.5318/0.5290 | LR: 0.000001
Epoch [93/100] | Loss: 2.1305 (Cls: 1.7189, TAL: -0.7626, Adv: 4.2689) | Train Acc: 0.9978 | Val Acc: 0.9417 | Val P/R/F1 (Macro): 0.5323/0.5311/0.5280 | LR: 0.000001
Epoch [94/100] | Loss: 2.1587 (Cls: 1.7105, TAL: -0.7766, Adv: 4.5409) | Train Acc: 1.0000 | Val Acc: 0.9583 | Val P/R/F1 (Macro): 0.5454/0.5335/0.5364 | LR: 0.000001
Epoch [95/100] | Loss: 2.2178 (Cls: 1.7190, TAL: -0.7742, Adv: 4.8741) | Train Acc: 0.9978 | Val Acc: 0.9583 | Val P/R/F1 (Macro): 0.5390/0.5546/0.5451 | LR: 0.000001
Epoch [96/100] | Loss: 2.2639 (Cls: 1.7183, TAL: -0.7752, Adv: 5.1878) | Train Acc: 0.9978 | Val Acc: 0.9333 | Val P/R/F1 (Macro): 0.5111/0.5283/0.5138 | LR: 0.000001
Epoch [97/100] | Loss: 2.2167 (Cls: 1.7171, TAL: -0.7890, Adv: 4.9087) | Train Acc: 1.0000 | Val Acc: 0.9417 | Val P/R/F1 (Macro): 0.5287/0.5290/0.5244 | LR: 0.000001
Epoch [98/100] | Loss: 2.1641 (Cls: 1.7065, TAL: -0.7817, Adv: 4.6142) | Train Acc: 1.0000 | Val Acc: 0.9333 | Val P/R/F1 (Macro): 0.5232/0.5273/0.5207 | LR: 0.000001
Epoch [99/100] | Loss: 2.1332 (Cls: 1.7192, TAL: -0.7890, Adv: 4.3375) | Train Acc: 0.9914 | Val Acc: 0.9167 | Val P/R/F1 (Macro): 0.4987/0.5228/0.5034 | LR: 0.000001
Epoch [100/100] | Loss: 2.1458 (Cls: 1.7205, TAL: -0.7932, Adv: 4.4215) | Train Acc: 0.9978 | Val Acc: 0.9583 | Val P/R/F1 (Macro): 0.5390/0.5546/0.5451 | LR: 0.000001

迭代 4 最佳指标:
  Accuracy: 0.9750
  Precision (Macro): 0.5483
  Recall (Macro): 0.5591
  F1 (Macro): 0.5518
  Precision (Micro): 0.9750
  Recall (Micro): 0.9750
  F1 (Micro): 0.9750

================================================================================
迭代 5/5
随机种子: 46
================================================================================
Feature fusion: Tensor alignment (512+512 -> 128+128); fused_dim=256
Domain adaptation: Neural OT generator with 3-domain discriminator
Loss weights: tensor=0.30, adv=0.15
Epoch [1/100] | Loss: 6.0039 (Cls: 6.0192, TAL: -0.3383, Adv: 0.5747) | Train Acc: 0.3879 | Val Acc: 0.1750 | Val P/R/F1 (Macro): 0.1948/0.1907/0.1148 | LR: 0.000010
  >>> New Best Val Acc: 0.1750
Epoch [2/100] | Loss: 4.4004 (Cls: 4.2689, TAL: -0.1088, Adv: 1.0945) | Train Acc: 0.6746 | Val Acc: 0.5250 | Val P/R/F1 (Macro): 0.3860/0.3828/0.3331 | LR: 0.000010
  >>> New Best Val Acc: 0.5250
Epoch [3/100] | Loss: 3.7335 (Cls: 3.5379, TAL: -0.0578, Adv: 1.4198) | Train Acc: 0.7888 | Val Acc: 0.7167 | Val P/R/F1 (Macro): 0.4787/0.4593/0.4468 | LR: 0.000010
  >>> New Best Val Acc: 0.7167
Epoch [4/100] | Loss: 3.1314 (Cls: 2.8679, TAL: -0.0815, Adv: 1.9195) | Train Acc: 0.8341 | Val Acc: 0.6167 | Val P/R/F1 (Macro): 0.3761/0.4591/0.3621 | LR: 0.000010
Epoch [5/100] | Loss: 2.9755 (Cls: 2.6870, TAL: -0.0856, Adv: 2.0945) | Train Acc: 0.8987 | Val Acc: 0.7583 | Val P/R/F1 (Macro): 0.4653/0.4766/0.4423 | LR: 0.000010
  >>> New Best Val Acc: 0.7583
Epoch [6/100] | Loss: 2.9195 (Cls: 2.5763, TAL: -0.0687, Adv: 2.4254) | Train Acc: 0.8793 | Val Acc: 0.7167 | Val P/R/F1 (Macro): 0.3936/0.4929/0.4073 | LR: 0.000010
Epoch [7/100] | Loss: 2.7569 (Cls: 2.4066, TAL: -0.0141, Adv: 2.3631) | Train Acc: 0.9397 | Val Acc: 0.8667 | Val P/R/F1 (Macro): 0.4639/0.5331/0.4862 | LR: 0.000010
  >>> New Best Val Acc: 0.8667
Epoch [8/100] | Loss: 2.6246 (Cls: 2.3002, TAL: -0.2434, Adv: 2.6498) | Train Acc: 0.9397 | Val Acc: 0.7167 | Val P/R/F1 (Macro): 0.4106/0.4973/0.4131 | LR: 0.000010
Epoch [9/100] | Loss: 2.5506 (Cls: 2.2096, TAL: -0.2152, Adv: 2.7042) | Train Acc: 0.9203 | Val Acc: 0.8917 | Val P/R/F1 (Macro): 0.5244/0.5097/0.5103 | LR: 0.000010
  >>> New Best Val Acc: 0.8917
Epoch [10/100] | Loss: 2.4864 (Cls: 2.1009, TAL: -0.1815, Adv: 2.9324) | Train Acc: 0.9483 | Val Acc: 0.8667 | Val P/R/F1 (Macro): 0.4968/0.5402/0.5114 | LR: 0.000010
Epoch [11/100] | Loss: 2.5274 (Cls: 2.2058, TAL: -0.1524, Adv: 2.4491) | Train Acc: 0.9526 | Val Acc: 0.8000 | Val P/R/F1 (Macro): 0.4413/0.5101/0.4493 | LR: 0.000010
Epoch [12/100] | Loss: 2.4629 (Cls: 2.0978, TAL: -0.1126, Adv: 2.6594) | Train Acc: 0.9504 | Val Acc: 0.8750 | Val P/R/F1 (Macro): 0.4975/0.5298/0.5048 | LR: 0.000010
Epoch [13/100] | Loss: 2.4480 (Cls: 2.0279, TAL: -0.1421, Adv: 3.0854) | Train Acc: 0.9634 | Val Acc: 0.9167 | Val P/R/F1 (Macro): 0.5466/0.5452/0.5438 | LR: 0.000010
  >>> New Best Val Acc: 0.9167
Epoch [14/100] | Loss: 2.2943 (Cls: 2.0495, TAL: -0.1852, Adv: 2.0022) | Train Acc: 0.9504 | Val Acc: 0.7583 | Val P/R/F1 (Macro): 0.4045/0.5128/0.4214 | LR: 0.000010
Epoch [15/100] | Loss: 2.2506 (Cls: 1.9799, TAL: -0.1025, Adv: 2.0097) | Train Acc: 0.9698 | Val Acc: 0.7667 | Val P/R/F1 (Macro): 0.4521/0.5027/0.4401 | LR: 0.000010
Epoch [16/100] | Loss: 2.3448 (Cls: 1.9679, TAL: -0.1158, Adv: 2.7440) | Train Acc: 0.9591 | Val Acc: 0.9000 | Val P/R/F1 (Macro): 0.5143/0.5424/0.5235 | LR: 0.000010
Epoch [17/100] | Loss: 2.3151 (Cls: 1.9836, TAL: -0.0447, Adv: 2.2996) | Train Acc: 0.9763 | Val Acc: 0.8083 | Val P/R/F1 (Macro): 0.5009/0.4995/0.4892 | LR: 0.000010
Epoch [18/100] | Loss: 2.3450 (Cls: 1.9690, TAL: -0.1242, Adv: 2.7549) | Train Acc: 0.9763 | Val Acc: 0.8333 | Val P/R/F1 (Macro): 0.4820/0.5217/0.4876 | LR: 0.000010
Epoch [19/100] | Loss: 2.3930 (Cls: 1.9887, TAL: 0.0293, Adv: 2.6368) | Train Acc: 0.9591 | Val Acc: 0.8500 | Val P/R/F1 (Macro): 0.4802/0.5329/0.4975 | LR: 0.000010
Epoch [20/100] | Loss: 2.3725 (Cls: 1.9223, TAL: 0.0165, Adv: 2.9683) | Train Acc: 0.9720 | Val Acc: 0.8333 | Val P/R/F1 (Macro): 0.4903/0.5217/0.4892 | LR: 0.000010
Epoch [21/100] | Loss: 2.4012 (Cls: 1.9748, TAL: -0.1104, Adv: 3.0632) | Train Acc: 0.9655 | Val Acc: 0.7917 | Val P/R/F1 (Macro): 0.4483/0.5007/0.4562 | LR: 0.000010
Epoch [22/100] | Loss: 2.3106 (Cls: 1.9096, TAL: -0.0510, Adv: 2.7752) | Train Acc: 0.9871 | Val Acc: 0.8583 | Val P/R/F1 (Macro): 0.4870/0.5384/0.5023 | LR: 0.000010
Epoch [23/100] | Loss: 2.4024 (Cls: 1.9150, TAL: -0.0050, Adv: 3.2592) | Train Acc: 0.9763 | Val Acc: 0.9250 | Val P/R/F1 (Macro): 0.4997/0.5439/0.5157 | LR: 0.000010
  >>> New Best Val Acc: 0.9250
Epoch [24/100] | Loss: 2.3813 (Cls: 1.9460, TAL: -0.0130, Adv: 2.9279) | Train Acc: 0.9849 | Val Acc: 0.8167 | Val P/R/F1 (Macro): 0.4809/0.5127/0.4841 | LR: 0.000010
Epoch [25/100] | Loss: 2.4242 (Cls: 1.9538, TAL: 0.0191, Adv: 3.0977) | Train Acc: 0.9849 | Val Acc: 0.8667 | Val P/R/F1 (Macro): 0.4919/0.5310/0.4993 | LR: 0.000010
Epoch [26/100] | Loss: 2.3797 (Cls: 1.8870, TAL: -0.0601, Adv: 3.4049) | Train Acc: 0.9655 | Val Acc: 0.8250 | Val P/R/F1 (Macro): 0.4308/0.5190/0.4589 | LR: 0.000010
Epoch [27/100] | Loss: 2.3982 (Cls: 1.9384, TAL: -0.0299, Adv: 3.1250) | Train Acc: 0.9698 | Val Acc: 0.8167 | Val P/R/F1 (Macro): 0.4201/0.5206/0.4464 | LR: 0.000010
Epoch [28/100] | Loss: 2.3735 (Cls: 1.8549, TAL: 0.0752, Adv: 3.3068) | Train Acc: 0.9935 | Val Acc: 0.7667 | Val P/R/F1 (Macro): 0.4313/0.5040/0.4465 | LR: 0.000010
Epoch [29/100] | Loss: 2.3457 (Cls: 1.8599, TAL: -0.0852, Adv: 3.4086) | Train Acc: 0.9720 | Val Acc: 0.8917 | Val P/R/F1 (Macro): 0.4935/0.5339/0.5074 | LR: 0.000010
Epoch [30/100] | Loss: 2.3424 (Cls: 1.8303, TAL: -0.0730, Adv: 3.5597) | Train Acc: 0.9892 | Val Acc: 0.8500 | Val P/R/F1 (Macro): 0.4994/0.5353/0.5095 | LR: 0.000010
Epoch [31/100] | Loss: 2.3371 (Cls: 1.8547, TAL: -0.1499, Adv: 3.5155) | Train Acc: 0.9784 | Val Acc: 0.8083 | Val P/R/F1 (Macro): 0.4369/0.5069/0.4402 | LR: 0.000010
Epoch [32/100] | Loss: 2.3598 (Cls: 1.8605, TAL: -0.1635, Adv: 3.6561) | Train Acc: 0.9763 | Val Acc: 0.9500 | Val P/R/F1 (Macro): 0.5261/0.5508/0.5336 | LR: 0.000010
  >>> New Best Val Acc: 0.9500
Epoch [33/100] | Loss: 2.4399 (Cls: 1.9639, TAL: -0.2054, Adv: 3.5839) | Train Acc: 0.9504 | Val Acc: 0.8000 | Val P/R/F1 (Macro): 0.4687/0.5069/0.4649 | LR: 0.000010
Epoch [34/100] | Loss: 2.4267 (Cls: 1.8765, TAL: -0.0262, Adv: 3.7202) | Train Acc: 0.9806 | Val Acc: 0.8333 | Val P/R/F1 (Macro): 0.4452/0.5227/0.4636 | LR: 0.000010
Epoch [35/100] | Loss: 2.5243 (Cls: 1.9799, TAL: -0.0914, Adv: 3.8126) | Train Acc: 0.9634 | Val Acc: 0.8333 | Val P/R/F1 (Macro): 0.4871/0.5210/0.4873 | LR: 0.000010
Epoch [36/100] | Loss: 2.4271 (Cls: 1.8956, TAL: -0.1167, Adv: 3.7773) | Train Acc: 0.9741 | Val Acc: 0.9167 | Val P/R/F1 (Macro): 0.5129/0.5231/0.5103 | LR: 0.000010
Epoch [37/100] | Loss: 2.3811 (Cls: 1.8536, TAL: -0.2181, Adv: 3.9529) | Train Acc: 0.9806 | Val Acc: 0.8917 | Val P/R/F1 (Macro): 0.4937/0.5407/0.5090 | LR: 0.000010
Epoch [38/100] | Loss: 2.3230 (Cls: 1.8015, TAL: -0.2375, Adv: 3.9510) | Train Acc: 0.9935 | Val Acc: 0.9333 | Val P/R/F1 (Macro): 0.5273/0.5494/0.5365 | LR: 0.000010
Epoch [39/100] | Loss: 2.3061 (Cls: 1.7914, TAL: -0.2507, Adv: 3.9321) | Train Acc: 0.9935 | Val Acc: 0.9583 | Val P/R/F1 (Macro): 0.5390/0.5546/0.5451 | LR: 0.000010
  >>> New Best Val Acc: 0.9583
Epoch [40/100] | Loss: 2.4459 (Cls: 1.8832, TAL: -0.2428, Adv: 4.2371) | Train Acc: 0.9892 | Val Acc: 0.8500 | Val P/R/F1 (Macro): 0.4822/0.5272/0.4970 | LR: 0.000010
Epoch [41/100] | Loss: 2.4648 (Cls: 1.9020, TAL: -0.2665, Adv: 4.2850) | Train Acc: 0.9741 | Val Acc: 0.9417 | Val P/R/F1 (Macro): 0.5329/0.5501/0.5401 | LR: 0.000010
Epoch [42/100] | Loss: 2.3651 (Cls: 1.8456, TAL: -0.2710, Adv: 4.0055) | Train Acc: 0.9806 | Val Acc: 0.9000 | Val P/R/F1 (Macro): 0.5005/0.5424/0.5134 | LR: 0.000010
Epoch [43/100] | Loss: 2.3436 (Cls: 1.7845, TAL: -0.2508, Adv: 4.2287) | Train Acc: 0.9914 | Val Acc: 0.8917 | Val P/R/F1 (Macro): 0.4789/0.5386/0.4952 | LR: 0.000010
Epoch [44/100] | Loss: 2.3916 (Cls: 1.8400, TAL: -0.2153, Adv: 4.1079) | Train Acc: 0.9957 | Val Acc: 0.9167 | Val P/R/F1 (Macro): 0.4998/0.5401/0.5110 | LR: 0.000010
Epoch [45/100] | Loss: 2.3994 (Cls: 1.7931, TAL: -0.1593, Adv: 4.3608) | Train Acc: 0.9892 | Val Acc: 0.9250 | Val P/R/F1 (Macro): 0.5217/0.5439/0.5306 | LR: 0.000010
Epoch [46/100] | Loss: 2.4056 (Cls: 1.8089, TAL: -0.1760, Adv: 4.3303) | Train Acc: 0.9763 | Val Acc: 0.9000 | Val P/R/F1 (Macro): 0.5120/0.5373/0.5181 | LR: 0.000010
Epoch [47/100] | Loss: 2.3363 (Cls: 1.8083, TAL: -0.3586, Adv: 4.2369) | Train Acc: 0.9806 | Val Acc: 0.9083 | Val P/R/F1 (Macro): 0.5040/0.5374/0.5145 | LR: 0.000010
Epoch [48/100] | Loss: 2.2750 (Cls: 1.8082, TAL: -0.3291, Adv: 3.7700) | Train Acc: 0.9828 | Val Acc: 0.7917 | Val P/R/F1 (Macro): 0.4489/0.5009/0.4526 | LR: 0.000010
Epoch [49/100] | Loss: 2.2246 (Cls: 1.8379, TAL: -0.4815, Adv: 3.5414) | Train Acc: 0.9784 | Val Acc: 0.9000 | Val P/R/F1 (Macro): 0.4887/0.5384/0.5061 | LR: 0.000010
Epoch [50/100] | Loss: 2.1727 (Cls: 1.8006, TAL: -0.5901, Adv: 3.6615) | Train Acc: 0.9698 | Val Acc: 0.8667 | Val P/R/F1 (Macro): 0.4551/0.5297/0.4793 | LR: 0.000005
Epoch [51/100] | Loss: 2.3213 (Cls: 1.8501, TAL: -0.3241, Adv: 3.7901) | Train Acc: 0.9720 | Val Acc: 0.9000 | Val P/R/F1 (Macro): 0.5046/0.5376/0.5158 | LR: 0.000005
Epoch [52/100] | Loss: 2.4451 (Cls: 1.8596, TAL: -0.2657, Adv: 4.4350) | Train Acc: 0.9784 | Val Acc: 0.8917 | Val P/R/F1 (Macro): 0.4864/0.5349/0.5040 | LR: 0.000005
Epoch [53/100] | Loss: 2.3526 (Cls: 1.7662, TAL: -0.2766, Adv: 4.4629) | Train Acc: 0.9828 | Val Acc: 0.8917 | Val P/R/F1 (Macro): 0.4980/0.5298/0.5056 | LR: 0.000005
Epoch [54/100] | Loss: 2.3186 (Cls: 1.7582, TAL: -0.2290, Adv: 4.1942) | Train Acc: 0.9914 | Val Acc: 0.9333 | Val P/R/F1 (Macro): 0.5071/0.5436/0.5198 | LR: 0.000005
Epoch [55/100] | Loss: 2.4505 (Cls: 1.7742, TAL: -0.1575, Adv: 4.8235) | Train Acc: 0.9849 | Val Acc: 0.9417 | Val P/R/F1 (Macro): 0.5096/0.5454/0.5220 | LR: 0.000005
Epoch [56/100] | Loss: 2.4551 (Cls: 1.7409, TAL: -0.1013, Adv: 4.9637) | Train Acc: 0.9978 | Val Acc: 0.9167 | Val P/R/F1 (Macro): 0.5144/0.5411/0.5253 | LR: 0.000005
Epoch [57/100] | Loss: 2.4285 (Cls: 1.7576, TAL: -0.0783, Adv: 4.6287) | Train Acc: 0.9892 | Val Acc: 0.9083 | Val P/R/F1 (Macro): 0.5129/0.5356/0.5195 | LR: 0.000005
Epoch [58/100] | Loss: 2.4143 (Cls: 1.7871, TAL: -0.2041, Adv: 4.5899) | Train Acc: 0.9828 | Val Acc: 0.8917 | Val P/R/F1 (Macro): 0.5038/0.5369/0.5157 | LR: 0.000005
