================================================================================
模块消融实验 - with_tensor_without_ot
目标域天气: 雨天
训练开始时间: 2026-07-13 18:20:44
设备: cuda
源域: /home/lixiang/lx/Data/晴天
目标域: /home/lixiang/lx/Data/雨天
批次大小: 32
总轮数: 100
迭代次数: 5
使用Tensor模块: 是
使用OT模块: 否
特征融合方式: Tensor对齐
域对齐方式: 常规对抗
目标标签比例/权重: 0.1/0.18
Tensor/Adv损失权重: 0.05/0.05
学习率: feature=5e-06, other=0.0002, weight_decay=0.0005
报告策略: last_window, 窗口: 10
================================================================================

================================================================================
迭代 1/5
随机种子: 42
================================================================================
Training mode: unpaired target adaptation with controlled target-label loss (ratio=0.10, weight=0.18).
Fixed labeled target subset: 10/96 samples.
Feature fusion: Tensor alignment (512+512 -> 128+128); fused_dim=256
Domain adaptation: standard source-target adversarial training, no generator
Loss weights: tensor=0.05, adv=0.05
Epoch [1/100] | Loss: 3.6332 (Cls: 3.5721, TAL: 0.1804, Adv: 1.0422) | Train Acc: 0.1146 | Val Acc: 0.1154 | Val P/R/F1 (Macro): 0.1032/0.1667/0.1273 | LR: 0.000005
  >>> New Best Val Acc: 0.1154
Epoch [2/100] | Loss: 3.1055 (Cls: 3.0524, TAL: 0.3403, Adv: 0.7212) | Train Acc: 0.1667 | Val Acc: 0.1923 | Val P/R/F1 (Macro): 0.1329/0.1792/0.1250 | LR: 0.000005
  >>> New Best Val Acc: 0.1923
Epoch [3/100] | Loss: 2.8554 (Cls: 2.8154, TAL: 0.2408, Adv: 0.5582) | Train Acc: 0.2396 | Val Acc: 0.2692 | Val P/R/F1 (Macro): 0.0974/0.1875/0.1270 | LR: 0.000005
  >>> New Best Val Acc: 0.2692
Epoch [4/100] | Loss: 2.7275 (Cls: 2.6917, TAL: 0.2475, Adv: 0.4694) | Train Acc: 0.2604 | Val Acc: 0.3462 | Val P/R/F1 (Macro): 0.1315/0.2292/0.1638 | LR: 0.000005
  >>> New Best Val Acc: 0.3462
Epoch [5/100] | Loss: 2.5079 (Cls: 2.4782, TAL: 0.2497, Adv: 0.3442) | Train Acc: 0.3542 | Val Acc: 0.3846 | Val P/R/F1 (Macro): 0.2836/0.2542/0.2137 | LR: 0.000005
  >>> New Best Val Acc: 0.3846
Epoch [6/100] | Loss: 2.4718 (Cls: 2.4449, TAL: 0.2419, Adv: 0.2962) | Train Acc: 0.3229 | Val Acc: 0.4231 | Val P/R/F1 (Macro): 0.1424/0.2917/0.1911 | LR: 0.000005
  >>> New Best Val Acc: 0.4231
Epoch [7/100] | Loss: 2.1731 (Cls: 2.1503, TAL: 0.2365, Adv: 0.2185) | Train Acc: 0.3958 | Val Acc: 0.3462 | Val P/R/F1 (Macro): 0.1207/0.2500/0.1615 | LR: 0.000005
Epoch [8/100] | Loss: 2.1471 (Cls: 2.1294, TAL: 0.1741, Adv: 0.1805) | Train Acc: 0.4479 | Val Acc: 0.4615 | Val P/R/F1 (Macro): 0.5363/0.4583/0.4458 | LR: 0.000005
  >>> New Best Val Acc: 0.4615
Epoch [9/100] | Loss: 2.1760 (Cls: 2.1636, TAL: 0.1061, Adv: 0.1411) | Train Acc: 0.4688 | Val Acc: 0.5000 | Val P/R/F1 (Macro): 0.4881/0.5583/0.4730 | LR: 0.000005
  >>> New Best Val Acc: 0.5000
Epoch [10/100] | Loss: 2.1749 (Cls: 2.1630, TAL: 0.1037, Adv: 0.1331) | Train Acc: 0.4375 | Val Acc: 0.5385 | Val P/R/F1 (Macro): 0.5444/0.6000/0.5166 | LR: 0.000005
  >>> New Best Val Acc: 0.5385
Epoch [11/100] | Loss: 2.0861 (Cls: 2.0787, TAL: 0.0431, Adv: 0.1051) | Train Acc: 0.4896 | Val Acc: 0.5000 | Val P/R/F1 (Macro): 0.3913/0.4958/0.4040 | LR: 0.000005
Epoch [12/100] | Loss: 1.9795 (Cls: 1.9725, TAL: 0.0625, Adv: 0.0783) | Train Acc: 0.4896 | Val Acc: 0.5769 | Val P/R/F1 (Macro): 0.4933/0.5458/0.4504 | LR: 0.000005
  >>> New Best Val Acc: 0.5769
Epoch [13/100] | Loss: 1.7621 (Cls: 1.7518, TAL: 0.1287, Adv: 0.0772) | Train Acc: 0.6354 | Val Acc: 0.8077 | Val P/R/F1 (Macro): 0.8611/0.7958/0.7804 | LR: 0.000005
  >>> New Best Val Acc: 0.8077
Epoch [14/100] | Loss: 1.6958 (Cls: 1.6846, TAL: 0.1378, Adv: 0.0865) | Train Acc: 0.6771 | Val Acc: 0.6923 | Val P/R/F1 (Macro): 0.8694/0.6708/0.6919 | LR: 0.000005
Epoch [15/100] | Loss: 1.6562 (Cls: 1.6478, TAL: 0.1152, Adv: 0.0525) | Train Acc: 0.6562 | Val Acc: 0.6923 | Val P/R/F1 (Macro): 0.7750/0.6958/0.6397 | LR: 0.000005
Epoch [16/100] | Loss: 1.8266 (Cls: 1.8182, TAL: 0.1171, Adv: 0.0512) | Train Acc: 0.5104 | Val Acc: 0.5385 | Val P/R/F1 (Macro): 0.4268/0.5125/0.3707 | LR: 0.000005
Epoch [17/100] | Loss: 1.7170 (Cls: 1.7103, TAL: 0.0873, Adv: 0.0465) | Train Acc: 0.6354 | Val Acc: 0.5769 | Val P/R/F1 (Macro): 0.6143/0.5958/0.4915 | LR: 0.000005
Epoch [18/100] | Loss: 1.6776 (Cls: 1.6728, TAL: 0.0606, Adv: 0.0364) | Train Acc: 0.6562 | Val Acc: 0.5769 | Val P/R/F1 (Macro): 0.5693/0.5833/0.4756 | LR: 0.000005
Epoch [19/100] | Loss: 1.6376 (Cls: 1.6285, TAL: 0.1458, Adv: 0.0368) | Train Acc: 0.6458 | Val Acc: 0.5385 | Val P/R/F1 (Macro): 0.5437/0.5500/0.4444 | LR: 0.000005
Epoch [20/100] | Loss: 1.8144 (Cls: 1.8121, TAL: 0.0238, Adv: 0.0227) | Train Acc: 0.5833 | Val Acc: 0.7308 | Val P/R/F1 (Macro): 0.7778/0.7542/0.7115 | LR: 0.000005
Epoch [21/100] | Loss: 1.6077 (Cls: 1.6035, TAL: 0.0607, Adv: 0.0235) | Train Acc: 0.6354 | Val Acc: 0.8846 | Val P/R/F1 (Macro): 0.8333/0.8750/0.8444 | LR: 0.000005
  >>> New Best Val Acc: 0.8846
Epoch [22/100] | Loss: 1.5956 (Cls: 1.5909, TAL: 0.0732, Adv: 0.0209) | Train Acc: 0.6250 | Val Acc: 0.8462 | Val P/R/F1 (Macro): 0.7153/0.7917/0.7377 | LR: 0.000005
Epoch [23/100] | Loss: 1.4680 (Cls: 1.4596, TAL: 0.1489, Adv: 0.0188) | Train Acc: 0.6875 | Val Acc: 0.8077 | Val P/R/F1 (Macro): 0.7037/0.7708/0.7139 | LR: 0.000005
Epoch [24/100] | Loss: 1.2314 (Cls: 1.2233, TAL: 0.1439, Adv: 0.0184) | Train Acc: 0.8229 | Val Acc: 0.8462 | Val P/R/F1 (Macro): 0.7153/0.7917/0.7377 | LR: 0.000005
Epoch [25/100] | Loss: 1.4423 (Cls: 1.4390, TAL: 0.0549, Adv: 0.0126) | Train Acc: 0.7604 | Val Acc: 0.8846 | Val P/R/F1 (Macro): 0.8968/0.8750/0.8595 | LR: 0.000005
Epoch [26/100] | Loss: 1.2248 (Cls: 1.2212, TAL: 0.0557, Adv: 0.0157) | Train Acc: 0.8229 | Val Acc: 0.8077 | Val P/R/F1 (Macro): 0.8333/0.8000/0.7807 | LR: 0.000005
Epoch [27/100] | Loss: 1.3075 (Cls: 1.3022, TAL: 0.0940, Adv: 0.0122) | Train Acc: 0.8125 | Val Acc: 0.8077 | Val P/R/F1 (Macro): 0.7750/0.8083/0.7659 | LR: 0.000005
Epoch [28/100] | Loss: 1.3327 (Cls: 1.3259, TAL: 0.1259, Adv: 0.0103) | Train Acc: 0.7604 | Val Acc: 0.7692 | Val P/R/F1 (Macro): 0.7639/0.7875/0.7393 | LR: 0.000005
Epoch [29/100] | Loss: 1.2809 (Cls: 1.2763, TAL: 0.0805, Adv: 0.0121) | Train Acc: 0.8125 | Val Acc: 0.7692 | Val P/R/F1 (Macro): 0.8222/0.7875/0.7560 | LR: 0.000005
Epoch [30/100] | Loss: 1.2434 (Cls: 1.2408, TAL: 0.0441, Adv: 0.0084) | Train Acc: 0.8333 | Val Acc: 0.7308 | Val P/R/F1 (Macro): 0.8056/0.7542/0.7284 | LR: 0.000005
Epoch [31/100] | Loss: 1.1797 (Cls: 1.1738, TAL: 0.1092, Adv: 0.0091) | Train Acc: 0.8542 | Val Acc: 0.7692 | Val P/R/F1 (Macro): 0.6500/0.7250/0.6623 | LR: 0.000005
Epoch [32/100] | Loss: 1.2577 (Cls: 1.2557, TAL: 0.0295, Adv: 0.0102) | Train Acc: 0.8229 | Val Acc: 0.7692 | Val P/R/F1 (Macro): 0.8222/0.7875/0.7560 | LR: 0.000003
Epoch [33/100] | Loss: 1.2688 (Cls: 1.2645, TAL: 0.0777, Adv: 0.0083) | Train Acc: 0.7917 | Val Acc: 0.6923 | Val P/R/F1 (Macro): 0.7722/0.7333/0.6928 | LR: 0.000003
Epoch [34/100] | Loss: 1.1363 (Cls: 1.1340, TAL: 0.0382, Adv: 0.0079) | Train Acc: 0.8125 | Val Acc: 0.7692 | Val P/R/F1 (Macro): 0.8370/0.8000/0.7709 | LR: 0.000003
Epoch [35/100] | Loss: 1.2329 (Cls: 1.2306, TAL: 0.0386, Adv: 0.0076) | Train Acc: 0.7604 | Val Acc: 0.7692 | Val P/R/F1 (Macro): 0.8370/0.8000/0.7709 | LR: 0.000003
Epoch [36/100] | Loss: 1.0946 (Cls: 1.0938, TAL: 0.0079, Adv: 0.0076) | Train Acc: 0.8229 | Val Acc: 0.8462 | Val P/R/F1 (Macro): 0.8819/0.8542/0.8342 | LR: 0.000003
Epoch [37/100] | Loss: 1.1285 (Cls: 1.1237, TAL: 0.0895, Adv: 0.0067) | Train Acc: 0.8542 | Val Acc: 0.7692 | Val P/R/F1 (Macro): 0.6704/0.7500/0.6783 | LR: 0.000003
Epoch [38/100] | Loss: 1.1349 (Cls: 1.1328, TAL: 0.0354, Adv: 0.0065) | Train Acc: 0.8646 | Val Acc: 0.7692 | Val P/R/F1 (Macro): 0.6704/0.7500/0.6783 | LR: 0.000003
Epoch [39/100] | Loss: 1.1441 (Cls: 1.1414, TAL: 0.0512, Adv: 0.0039) | Train Acc: 0.8750 | Val Acc: 0.8077 | Val P/R/F1 (Macro): 0.8486/0.8333/0.7986 | LR: 0.000003
Epoch [40/100] | Loss: 1.1277 (Cls: 1.1234, TAL: 0.0793, Adv: 0.0060) | Train Acc: 0.8438 | Val Acc: 0.8462 | Val P/R/F1 (Macro): 0.8819/0.8542/0.8342 | LR: 0.000003
Epoch [41/100] | Loss: 1.0631 (Cls: 1.0618, TAL: 0.0207, Adv: 0.0046) | Train Acc: 0.8646 | Val Acc: 0.8462 | Val P/R/F1 (Macro): 0.8611/0.8417/0.8196 | LR: 0.000003
Epoch [42/100] | Loss: 1.0605 (Cls: 1.0572, TAL: 0.0625, Adv: 0.0034) | Train Acc: 0.8542 | Val Acc: 0.8462 | Val P/R/F1 (Macro): 0.8819/0.8542/0.8342 | LR: 0.000003
Epoch [43/100] | Loss: 1.1595 (Cls: 1.1621, TAL: -0.0642, Adv: 0.0128) | Train Acc: 0.8438 | Val Acc: 0.8462 | Val P/R/F1 (Macro): 0.8819/0.8542/0.8342 | LR: 0.000001
Epoch [44/100] | Loss: 1.0000 (Cls: 0.9962, TAL: 0.0726, Adv: 0.0035) | Train Acc: 0.9271 | Val Acc: 0.8462 | Val P/R/F1 (Macro): 0.8819/0.8542/0.8342 | LR: 0.000001
Epoch [45/100] | Loss: 1.1436 (Cls: 1.1397, TAL: 0.0724, Adv: 0.0054) | Train Acc: 0.8333 | Val Acc: 0.8462 | Val P/R/F1 (Macro): 0.8819/0.8542/0.8342 | LR: 0.000001
Epoch [46/100] | Loss: 0.9698 (Cls: 0.9697, TAL: -0.0034, Adv: 0.0047) | Train Acc: 0.9167 | Val Acc: 0.8077 | Val P/R/F1 (Macro): 0.8486/0.8208/0.7972 | LR: 0.000001
Epoch [47/100] | Loss: 1.0395 (Cls: 1.0388, TAL: 0.0070, Adv: 0.0061) | Train Acc: 0.8333 | Val Acc: 0.8462 | Val P/R/F1 (Macro): 0.8819/0.8542/0.8342 | LR: 0.000001
Epoch [48/100] | Loss: 0.9888 (Cls: 0.9861, TAL: 0.0480, Adv: 0.0055) | Train Acc: 0.9062 | Val Acc: 0.8846 | Val P/R/F1 (Macro): 0.8968/0.8750/0.8595 | LR: 0.000001
Epoch [49/100] | Loss: 0.9320 (Cls: 0.9281, TAL: 0.0734, Adv: 0.0054) | Train Acc: 0.9479 | Val Acc: 0.9231 | Val P/R/F1 (Macro): 0.9524/0.8958/0.9056 | LR: 0.000001
  >>> New Best Val Acc: 0.9231
Epoch [50/100] | Loss: 1.0241 (Cls: 1.0190, TAL: 0.0978, Adv: 0.0033) | Train Acc: 0.8750 | Val Acc: 0.8462 | Val P/R/F1 (Macro): 0.9259/0.7917/0.8175 | LR: 0.000001
Epoch [51/100] | Loss: 1.0681 (Cls: 1.0630, TAL: 0.0979, Adv: 0.0047) | Train Acc: 0.8542 | Val Acc: 0.8462 | Val P/R/F1 (Macro): 0.9259/0.7917/0.8175 | LR: 0.000001
Epoch [52/100] | Loss: 1.1094 (Cls: 1.1057, TAL: 0.0708, Adv: 0.0042) | Train Acc: 0.8542 | Val Acc: 0.8462 | Val P/R/F1 (Macro): 0.9259/0.7917/0.8175 | LR: 0.000001
Epoch [53/100] | Loss: 1.0598 (Cls: 1.0582, TAL: 0.0285, Adv: 0.0035) | Train Acc: 0.8750 | Val Acc: 0.8462 | Val P/R/F1 (Macro): 0.9259/0.7917/0.8175 | LR: 0.000001
Epoch [54/100] | Loss: 1.0229 (Cls: 1.0185, TAL: 0.0848, Adv: 0.0032) | Train Acc: 0.9271 | Val Acc: 0.8846 | Val P/R/F1 (Macro): 0.9375/0.8750/0.8822 | LR: 0.000001
Epoch [55/100] | Loss: 1.0099 (Cls: 1.0030, TAL: 0.1337, Adv: 0.0025) | Train Acc: 0.8646 | Val Acc: 0.8846 | Val P/R/F1 (Macro): 0.9375/0.8750/0.8822 | LR: 0.000001
Epoch [56/100] | Loss: 0.9298 (Cls: 0.9284, TAL: 0.0248, Adv: 0.0041) | Train Acc: 0.9271 | Val Acc: 0.8462 | Val P/R/F1 (Macro): 0.8952/0.8417/0.8466 | LR: 0.000001
Epoch [57/100] | Loss: 0.9151 (Cls: 0.9147, TAL: 0.0050, Adv: 0.0033) | Train Acc: 0.9375 | Val Acc: 0.8077 | Val P/R/F1 (Macro): 0.8611/0.8083/0.8115 | LR: 0.000001
Epoch [58/100] | Loss: 0.9520 (Cls: 0.9502, TAL: 0.0341, Adv: 0.0022) | Train Acc: 0.9167 | Val Acc: 0.7692 | Val P/R/F1 (Macro): 0.8056/0.7875/0.7636 | LR: 0.000001
Epoch [59/100] | Loss: 0.9625 (Cls: 0.9616, TAL: 0.0146, Adv: 0.0033) | Train Acc: 0.9167 | Val Acc: 0.8077 | Val P/R/F1 (Macro): 0.8397/0.8208/0.7986 | LR: 0.000001
Epoch [60/100] | Loss: 0.9609 (Cls: 0.9581, TAL: 0.0534, Adv: 0.0020) | Train Acc: 0.9167 | Val Acc: 0.8077 | Val P/R/F1 (Macro): 0.8397/0.8208/0.7986 | LR: 0.000001
Epoch [61/100] | Loss: 1.0113 (Cls: 1.0098, TAL: 0.0232, Adv: 0.0058) | Train Acc: 0.8854 | Val Acc: 0.8462 | Val P/R/F1 (Macro): 0.8819/0.8542/0.8342 | LR: 0.000001
Epoch [62/100] | Loss: 0.9309 (Cls: 0.9266, TAL: 0.0819, Adv: 0.0031) | Train Acc: 0.9062 | Val Acc: 0.7692 | Val P/R/F1 (Macro): 0.8175/0.7875/0.7652 | LR: 0.000001
Epoch [63/100] | Loss: 0.9546 (Cls: 0.9537, TAL: 0.0168, Adv: 0.0017) | Train Acc: 0.9167 | Val Acc: 0.8077 | Val P/R/F1 (Macro): 0.8397/0.8208/0.7986 | LR: 0.000001
Epoch [64/100] | Loss: 0.9621 (Cls: 0.9605, TAL: 0.0296, Adv: 0.0032) | Train Acc: 0.9062 | Val Acc: 0.8462 | Val P/R/F1 (Macro): 0.8819/0.8542/0.8342 | LR: 0.000001
Epoch [65/100] | Loss: 0.9564 (Cls: 0.9559, TAL: 0.0084, Adv: 0.0024) | Train Acc: 0.8646 | Val Acc: 0.8077 | Val P/R/F1 (Macro): 0.8333/0.8083/0.7900 | LR: 0.000001
Epoch [66/100] | Loss: 0.9835 (Cls: 0.9819, TAL: 0.0273, Adv: 0.0041) | Train Acc: 0.8750 | Val Acc: 0.8462 | Val P/R/F1 (Macro): 0.8819/0.8542/0.8342 | LR: 0.000001
Epoch [67/100] | Loss: 1.0198 (Cls: 1.0177, TAL: 0.0385, Adv: 0.0019) | Train Acc: 0.8854 | Val Acc: 0.8462 | Val P/R/F1 (Macro): 0.8819/0.8542/0.8342 | LR: 0.000001
Epoch [68/100] | Loss: 0.9130 (Cls: 0.9102, TAL: 0.0528, Adv: 0.0023) | Train Acc: 0.9271 | Val Acc: 0.8462 | Val P/R/F1 (Macro): 0.8819/0.8542/0.8342 | LR: 0.000001
Epoch [69/100] | Loss: 0.9516 (Cls: 0.9507, TAL: 0.0167, Adv: 0.0018) | Train Acc: 0.9375 | Val Acc: 0.8846 | Val P/R/F1 (Macro): 0.8968/0.8750/0.8595 | LR: 0.000001
Epoch [70/100] | Loss: 0.8952 (Cls: 0.8945, TAL: 0.0133, Adv: 0.0018) | Train Acc: 0.9479 | Val Acc: 0.9231 | Val P/R/F1 (Macro): 0.9524/0.8958/0.9056 | LR: 0.000001
Epoch [71/100] | Loss: 0.9266 (Cls: 0.9294, TAL: -0.0577, Adv: 0.0027) | Train Acc: 0.9271 | Val Acc: 0.9231 | Val P/R/F1 (Macro): 0.9524/0.8958/0.9056 | LR: 0.000001
Epoch [72/100] | Loss: 0.8977 (Cls: 0.8978, TAL: -0.0039, Adv: 0.0019) | Train Acc: 0.9375 | Val Acc: 0.9231 | Val P/R/F1 (Macro): 0.9524/0.8958/0.9056 | LR: 0.000001
Epoch [73/100] | Loss: 0.9135 (Cls: 0.9127, TAL: 0.0124, Adv: 0.0030) | Train Acc: 0.9375 | Val Acc: 0.8462 | Val P/R/F1 (Macro): 0.9042/0.8542/0.8490 | LR: 0.000001
Epoch [74/100] | Loss: 0.9261 (Cls: 0.9266, TAL: -0.0107, Adv: 0.0020) | Train Acc: 0.9271 | Val Acc: 0.8846 | Val P/R/F1 (Macro): 0.9375/0.8750/0.8822 | LR: 0.000001
Epoch [75/100] | Loss: 0.9843 (Cls: 0.9861, TAL: -0.0392, Adv: 0.0028) | Train Acc: 0.8958 | Val Acc: 0.8462 | Val P/R/F1 (Macro): 0.8819/0.8542/0.8342 | LR: 0.000001
Epoch [76/100] | Loss: 0.8875 (Cls: 0.8871, TAL: 0.0049, Adv: 0.0028) | Train Acc: 0.9583 | Val Acc: 0.8846 | Val P/R/F1 (Macro): 0.8968/0.8750/0.8595 | LR: 0.000001
Epoch [77/100] | Loss: 1.0052 (Cls: 1.0076, TAL: -0.0513, Adv: 0.0030) | Train Acc: 0.9375 | Val Acc: 0.8846 | Val P/R/F1 (Macro): 0.8968/0.8750/0.8595 | LR: 0.000001
Epoch [78/100] | Loss: 0.9492 (Cls: 0.9500, TAL: -0.0192, Adv: 0.0029) | Train Acc: 0.9375 | Val Acc: 0.8846 | Val P/R/F1 (Macro): 0.9375/0.8750/0.8822 | LR: 0.000001
Epoch [79/100] | Loss: 0.8908 (Cls: 0.8905, TAL: 0.0047, Adv: 0.0015) | Train Acc: 0.9479 | Val Acc: 0.8462 | Val P/R/F1 (Macro): 0.8819/0.8542/0.8342 | LR: 0.000001
Epoch [80/100] | Loss: 0.8824 (Cls: 0.8842, TAL: -0.0377, Adv: 0.0023) | Train Acc: 0.9375 | Val Acc: 0.9231 | Val P/R/F1 (Macro): 0.9524/0.8958/0.9056 | LR: 0.000001
Epoch [81/100] | Loss: 0.8826 (Cls: 0.8818, TAL: 0.0129, Adv: 0.0018) | Train Acc: 0.9271 | Val Acc: 0.9231 | Val P/R/F1 (Macro): 0.9524/0.8958/0.9056 | LR: 0.000001
Epoch [82/100] | Loss: 0.8861 (Cls: 0.8850, TAL: 0.0195, Adv: 0.0019) | Train Acc: 0.9271 | Val Acc: 0.8846 | Val P/R/F1 (Macro): 0.9375/0.8750/0.8822 | LR: 0.000001
Epoch [83/100] | Loss: 0.9845 (Cls: 0.9837, TAL: 0.0125, Adv: 0.0022) | Train Acc: 0.9167 | Val Acc: 0.8846 | Val P/R/F1 (Macro): 0.9375/0.8750/0.8822 | LR: 0.000001
Epoch [84/100] | Loss: 0.9059 (Cls: 0.9056, TAL: 0.0027, Adv: 0.0021) | Train Acc: 0.9583 | Val Acc: 0.8846 | Val P/R/F1 (Macro): 0.8968/0.8750/0.8595 | LR: 0.000001
Epoch [85/100] | Loss: 0.8937 (Cls: 0.8946, TAL: -0.0192, Adv: 0.0023) | Train Acc: 0.9583 | Val Acc: 0.8846 | Val P/R/F1 (Macro): 0.8968/0.8750/0.8595 | LR: 0.000001
Epoch [86/100] | Loss: 0.9442 (Cls: 0.9442, TAL: -0.0037, Adv: 0.0027) | Train Acc: 0.9271 | Val Acc: 0.9231 | Val P/R/F1 (Macro): 0.9524/0.8958/0.9056 | LR: 0.000001
Epoch [87/100] | Loss: 0.8767 (Cls: 0.8746, TAL: 0.0410, Adv: 0.0019) | Train Acc: 0.9375 | Val Acc: 0.8846 | Val P/R/F1 (Macro): 0.8968/0.8750/0.8595 | LR: 0.000001
Epoch [88/100] | Loss: 0.9191 (Cls: 0.9189, TAL: 0.0011, Adv: 0.0019) | Train Acc: 0.9271 | Val Acc: 0.8846 | Val P/R/F1 (Macro): 0.8968/0.8750/0.8595 | LR: 0.000001
Epoch [89/100] | Loss: 0.9706 (Cls: 0.9719, TAL: -0.0303, Adv: 0.0029) | Train Acc: 0.8750 | Val Acc: 0.9231 | Val P/R/F1 (Macro): 0.9524/0.8958/0.9056 | LR: 0.000001
Epoch [90/100] | Loss: 0.9342 (Cls: 0.9338, TAL: 0.0064, Adv: 0.0016) | Train Acc: 0.9271 | Val Acc: 0.8846 | Val P/R/F1 (Macro): 0.8968/0.8750/0.8595 | LR: 0.000001
Epoch [91/100] | Loss: 0.9198 (Cls: 0.9227, TAL: -0.0601, Adv: 0.0012) | Train Acc: 0.9062 | Val Acc: 0.9231 | Val P/R/F1 (Macro): 0.9524/0.8958/0.9056 | LR: 0.000001
Epoch [92/100] | Loss: 0.8910 (Cls: 0.8920, TAL: -0.0203, Adv: 0.0020) | Train Acc: 0.9479 | Val Acc: 0.8846 | Val P/R/F1 (Macro): 0.9375/0.8750/0.8822 | LR: 0.000001
Epoch [93/100] | Loss: 0.9613 (Cls: 0.9622, TAL: -0.0185, Adv: 0.0012) | Train Acc: 0.9062 | Val Acc: 0.9231 | Val P/R/F1 (Macro): 0.9524/0.8958/0.9056 | LR: 0.000001
Epoch [94/100] | Loss: 0.9905 (Cls: 0.9902, TAL: 0.0030, Adv: 0.0029) | Train Acc: 0.8854 | Val Acc: 0.8462 | Val P/R/F1 (Macro): 0.8819/0.8542/0.8342 | LR: 0.000001
Epoch [95/100] | Loss: 0.9833 (Cls: 0.9820, TAL: 0.0245, Adv: 0.0014) | Train Acc: 0.8958 | Val Acc: 0.8846 | Val P/R/F1 (Macro): 0.8968/0.8750/0.8595 | LR: 0.000001
Epoch [96/100] | Loss: 0.9678 (Cls: 0.9640, TAL: 0.0733, Adv: 0.0012) | Train Acc: 0.9167 | Val Acc: 0.8846 | Val P/R/F1 (Macro): 0.8968/0.8750/0.8595 | LR: 0.000001
Epoch [97/100] | Loss: 0.9273 (Cls: 0.9262, TAL: 0.0195, Adv: 0.0013) | Train Acc: 0.9375 | Val Acc: 0.8846 | Val P/R/F1 (Macro): 0.8968/0.8750/0.8595 | LR: 0.000001
Epoch [98/100] | Loss: 0.9395 (Cls: 0.9403, TAL: -0.0164, Adv: 0.0011) | Train Acc: 0.9479 | Val Acc: 0.8846 | Val P/R/F1 (Macro): 0.8968/0.8750/0.8595 | LR: 0.000001
Epoch [99/100] | Loss: 0.8826 (Cls: 0.8836, TAL: -0.0240, Adv: 0.0028) | Train Acc: 0.9583 | Val Acc: 0.8846 | Val P/R/F1 (Macro): 0.8968/0.8750/0.8595 | LR: 0.000001
Epoch [100/100] | Loss: 0.9669 (Cls: 0.9663, TAL: 0.0105, Adv: 0.0019) | Train Acc: 0.9167 | Val Acc: 0.8462 | Val P/R/F1 (Macro): 0.8819/0.8542/0.8342 | LR: 0.000001
Report strategy: last_window, window=10, reported_acc=0.8846, best_acc=0.9231

迭代 1 报告指标:
  Accuracy: 0.8846
  Precision (Macro): 0.9090
  Recall (Macro): 0.8750
  F1 (Macro): 0.8659
  Precision (Micro): 0.8846
  Recall (Micro): 0.8846
  F1 (Micro): 0.8846
  Val class coverage: 6/14 (0.4286), samples=26

================================================================================
迭代 2/5
随机种子: 43
================================================================================
Training mode: unpaired target adaptation with controlled target-label loss (ratio=0.10, weight=0.18).
Fixed labeled target subset: 10/96 samples.
Feature fusion: Tensor alignment (512+512 -> 128+128); fused_dim=256
Domain adaptation: standard source-target adversarial training, no generator
Loss weights: tensor=0.05, adv=0.05
Epoch [1/100] | Loss: 3.5853 (Cls: 3.5320, TAL: 0.0756, Adv: 0.9889) | Train Acc: 0.1146 | Val Acc: 0.0385 | Val P/R/F1 (Macro): 0.0278/0.0417/0.0333 | LR: 0.000005
  >>> New Best Val Acc: 0.0385
Epoch [2/100] | Loss: 3.3213 (Cls: 3.2779, TAL: 0.0578, Adv: 0.8105) | Train Acc: 0.2083 | Val Acc: 0.1923 | Val P/R/F1 (Macro): 0.2639/0.1833/0.1717 | LR: 0.000005
  >>> New Best Val Acc: 0.1923
Epoch [3/100] | Loss: 2.8957 (Cls: 2.8648, TAL: 0.0171, Adv: 0.6009) | Train Acc: 0.2604 | Val Acc: 0.1923 | Val P/R/F1 (Macro): 0.1639/0.1750/0.1656 | LR: 0.000005
Epoch [4/100] | Loss: 2.6359 (Cls: 2.6188, TAL: -0.0748, Adv: 0.4161) | Train Acc: 0.3021 | Val Acc: 0.1538 | Val P/R/F1 (Macro): 0.1288/0.1917/0.1229 | LR: 0.000005
Epoch [5/100] | Loss: 2.6543 (Cls: 2.6365, TAL: -0.0336, Adv: 0.3906) | Train Acc: 0.3229 | Val Acc: 0.2692 | Val P/R/F1 (Macro): 0.1389/0.3833/0.2024 | LR: 0.000005
  >>> New Best Val Acc: 0.2692
Epoch [6/100] | Loss: 2.6797 (Cls: 2.6677, TAL: -0.0542, Adv: 0.2953) | Train Acc: 0.2396 | Val Acc: 0.2308 | Val P/R/F1 (Macro): 0.2339/0.3167/0.2018 | LR: 0.000005
Epoch [7/100] | Loss: 2.3154 (Cls: 2.3083, TAL: -0.1189, Adv: 0.2622) | Train Acc: 0.4271 | Val Acc: 0.2692 | Val P/R/F1 (Macro): 0.2444/0.3583/0.2427 | LR: 0.000005
Epoch [8/100] | Loss: 2.4951 (Cls: 2.4854, TAL: -0.0273, Adv: 0.2217) | Train Acc: 0.3125 | Val Acc: 0.5769 | Val P/R/F1 (Macro): 0.5389/0.7333/0.5944 | LR: 0.000005
  >>> New Best Val Acc: 0.5769
Epoch [9/100] | Loss: 2.1522 (Cls: 2.1389, TAL: 0.0856, Adv: 0.1805) | Train Acc: 0.4583 | Val Acc: 0.4231 | Val P/R/F1 (Macro): 0.4056/0.6000/0.4611 | LR: 0.000005
Epoch [10/100] | Loss: 2.0152 (Cls: 2.0058, TAL: 0.0545, Adv: 0.1332) | Train Acc: 0.4896 | Val Acc: 0.3846 | Val P/R/F1 (Macro): 0.3879/0.5167/0.3954 | LR: 0.000005
Epoch [11/100] | Loss: 1.9043 (Cls: 1.8979, TAL: 0.0125, Adv: 0.1154) | Train Acc: 0.5104 | Val Acc: 0.4231 | Val P/R/F1 (Macro): 0.3564/0.6000/0.4277 | LR: 0.000005
Epoch [12/100] | Loss: 2.0294 (Cls: 2.0247, TAL: -0.0083, Adv: 0.1018) | Train Acc: 0.4792 | Val Acc: 0.3846 | Val P/R/F1 (Macro): 0.3528/0.5667/0.3921 | LR: 0.000005
Epoch [13/100] | Loss: 2.0064 (Cls: 1.9959, TAL: 0.1201, Adv: 0.0900) | Train Acc: 0.4896 | Val Acc: 0.3846 | Val P/R/F1 (Macro): 0.2962/0.4667/0.3156 | LR: 0.000005
Epoch [14/100] | Loss: 1.8199 (Cls: 1.8108, TAL: 0.1126, Adv: 0.0690) | Train Acc: 0.5625 | Val Acc: 0.3846 | Val P/R/F1 (Macro): 0.4369/0.4500/0.3185 | LR: 0.000005
Epoch [15/100] | Loss: 1.8996 (Cls: 1.8963, TAL: 0.0058, Adv: 0.0587) | Train Acc: 0.5104 | Val Acc: 0.4231 | Val P/R/F1 (Macro): 0.4722/0.5750/0.4123 | LR: 0.000005
Epoch [16/100] | Loss: 1.5731 (Cls: 1.5677, TAL: 0.0587, Adv: 0.0489) | Train Acc: 0.7188 | Val Acc: 0.4615 | Val P/R/F1 (Macro): 0.7030/0.5958/0.4463 | LR: 0.000005
Epoch [17/100] | Loss: 1.8418 (Cls: 1.8400, TAL: -0.0046, Adv: 0.0401) | Train Acc: 0.5417 | Val Acc: 0.4615 | Val P/R/F1 (Macro): 0.5060/0.6167/0.4916 | LR: 0.000005
Epoch [18/100] | Loss: 1.5491 (Cls: 1.5464, TAL: 0.0158, Adv: 0.0381) | Train Acc: 0.7500 | Val Acc: 0.4231 | Val P/R/F1 (Macro): 0.6061/0.4708/0.3592 | LR: 0.000005
Epoch [19/100] | Loss: 1.7248 (Cls: 1.7192, TAL: 0.0830, Adv: 0.0296) | Train Acc: 0.5729 | Val Acc: 0.4615 | Val P/R/F1 (Macro): 0.4537/0.5333/0.3889 | LR: 0.000003
Epoch [20/100] | Loss: 1.5962 (Cls: 1.5916, TAL: 0.0589, Adv: 0.0335) | Train Acc: 0.6771 | Val Acc: 0.5769 | Val P/R/F1 (Macro): 0.6902/0.7208/0.5926 | LR: 0.000003
Epoch [21/100] | Loss: 1.7597 (Cls: 1.7574, TAL: 0.0185, Adv: 0.0275) | Train Acc: 0.5625 | Val Acc: 0.5769 | Val P/R/F1 (Macro): 0.6462/0.7208/0.5684 | LR: 0.000003
Epoch [22/100] | Loss: 1.3704 (Cls: 1.3735, TAL: -0.0788, Adv: 0.0179) | Train Acc: 0.7188 | Val Acc: 0.6923 | Val P/R/F1 (Macro): 0.7542/0.8083/0.7208 | LR: 0.000003
  >>> New Best Val Acc: 0.6923
Epoch [23/100] | Loss: 1.5396 (Cls: 1.5388, TAL: 0.0017, Adv: 0.0148) | Train Acc: 0.6771 | Val Acc: 0.6923 | Val P/R/F1 (Macro): 0.7542/0.8083/0.7208 | LR: 0.000003
Epoch [24/100] | Loss: 1.5937 (Cls: 1.5890, TAL: 0.0745, Adv: 0.0195) | Train Acc: 0.6250 | Val Acc: 0.6538 | Val P/R/F1 (Macro): 0.7426/0.7750/0.6884 | LR: 0.000003
Epoch [25/100] | Loss: 1.4798 (Cls: 1.4812, TAL: -0.0406, Adv: 0.0131) | Train Acc: 0.7083 | Val Acc: 0.6154 | Val P/R/F1 (Macro): 0.7037/0.7417/0.6440 | LR: 0.000003
Epoch [26/100] | Loss: 1.5321 (Cls: 1.5304, TAL: 0.0213, Adv: 0.0124) | Train Acc: 0.6667 | Val Acc: 0.6154 | Val P/R/F1 (Macro): 0.7037/0.7417/0.6440 | LR: 0.000003
Epoch [27/100] | Loss: 1.3629 (Cls: 1.3604, TAL: 0.0375, Adv: 0.0118) | Train Acc: 0.7917 | Val Acc: 0.5769 | Val P/R/F1 (Macro): 0.5847/0.7083/0.5598 | LR: 0.000003
Epoch [28/100] | Loss: 1.4525 (Cls: 1.4506, TAL: 0.0296, Adv: 0.0081) | Train Acc: 0.7292 | Val Acc: 0.6154 | Val P/R/F1 (Macro): 0.7037/0.7417/0.6440 | LR: 0.000003
Epoch [29/100] | Loss: 1.4466 (Cls: 1.4529, TAL: -0.1345, Adv: 0.0083) | Train Acc: 0.7083 | Val Acc: 0.5769 | Val P/R/F1 (Macro): 0.6958/0.7208/0.6052 | LR: 0.000003
Epoch [30/100] | Loss: 1.3984 (Cls: 1.4039, TAL: -0.1174, Adv: 0.0083) | Train Acc: 0.7292 | Val Acc: 0.5385 | Val P/R/F1 (Macro): 0.5231/0.7000/0.5607 | LR: 0.000003
Epoch [31/100] | Loss: 1.5703 (Cls: 1.5781, TAL: -0.1629, Adv: 0.0059) | Train Acc: 0.6146 | Val Acc: 0.5769 | Val P/R/F1 (Macro): 0.6958/0.7208/0.6052 | LR: 0.000003
Epoch [32/100] | Loss: 1.3216 (Cls: 1.3278, TAL: -0.1313, Adv: 0.0075) | Train Acc: 0.8021 | Val Acc: 0.5385 | Val P/R/F1 (Macro): 0.5176/0.7000/0.5481 | LR: 0.000003
Epoch [33/100] | Loss: 1.5139 (Cls: 1.5176, TAL: -0.0802, Adv: 0.0063) | Train Acc: 0.6979 | Val Acc: 0.6154 | Val P/R/F1 (Macro): 0.6759/0.7417/0.6167 | LR: 0.000001
Epoch [34/100] | Loss: 1.3324 (Cls: 1.3366, TAL: -0.0905, Adv: 0.0049) | Train Acc: 0.7292 | Val Acc: 0.5769 | Val P/R/F1 (Macro): 0.7148/0.7208/0.5569 | LR: 0.000001
Epoch [35/100] | Loss: 1.3529 (Cls: 1.3599, TAL: -0.1436, Adv: 0.0043) | Train Acc: 0.7500 | Val Acc: 0.6154 | Val P/R/F1 (Macro): 0.6759/0.7417/0.6167 | LR: 0.000001
Epoch [36/100] | Loss: 1.3274 (Cls: 1.3315, TAL: -0.0874, Adv: 0.0055) | Train Acc: 0.7812 | Val Acc: 0.5385 | Val P/R/F1 (Macro): 0.4954/0.7000/0.5333 | LR: 0.000001
Epoch [37/100] | Loss: 1.1771 (Cls: 1.1825, TAL: -0.1135, Adv: 0.0055) | Train Acc: 0.8542 | Val Acc: 0.6154 | Val P/R/F1 (Macro): 0.6759/0.7417/0.6167 | LR: 0.000001
Epoch [38/100] | Loss: 1.1856 (Cls: 1.1916, TAL: -0.1247, Adv: 0.0049) | Train Acc: 0.8438 | Val Acc: 0.6154 | Val P/R/F1 (Macro): 0.6981/0.7417/0.6315 | LR: 0.000001
Epoch [39/100] | Loss: 1.2666 (Cls: 1.2722, TAL: -0.1171, Adv: 0.0045) | Train Acc: 0.8021 | Val Acc: 0.5769 | Val P/R/F1 (Macro): 0.6902/0.7208/0.5926 | LR: 0.000001
Epoch [40/100] | Loss: 1.2991 (Cls: 1.3062, TAL: -0.1439, Adv: 0.0030) | Train Acc: 0.7812 | Val Acc: 0.5769 | Val P/R/F1 (Macro): 0.6902/0.7208/0.5926 | LR: 0.000001
Epoch [41/100] | Loss: 1.1882 (Cls: 1.1934, TAL: -0.1071, Adv: 0.0045) | Train Acc: 0.8333 | Val Acc: 0.5000 | Val P/R/F1 (Macro): 0.5926/0.6167/0.4894 | LR: 0.000001
Epoch [42/100] | Loss: 1.1357 (Cls: 1.1395, TAL: -0.0800, Adv: 0.0046) | Train Acc: 0.8229 | Val Acc: 0.5769 | Val P/R/F1 (Macro): 0.6958/0.7208/0.6052 | LR: 0.000001
Epoch [43/100] | Loss: 1.1698 (Cls: 1.1755, TAL: -0.1174, Adv: 0.0032) | Train Acc: 0.8438 | Val Acc: 0.5769 | Val P/R/F1 (Macro): 0.6958/0.7208/0.6052 | LR: 0.000001
Epoch [44/100] | Loss: 1.2222 (Cls: 1.2282, TAL: -0.1236, Adv: 0.0030) | Train Acc: 0.8333 | Val Acc: 0.5769 | Val P/R/F1 (Macro): 0.6958/0.7208/0.6052 | LR: 0.000001
Epoch [45/100] | Loss: 1.2435 (Cls: 1.2488, TAL: -0.1093, Adv: 0.0039) | Train Acc: 0.8333 | Val Acc: 0.5769 | Val P/R/F1 (Macro): 0.6902/0.7208/0.5926 | LR: 0.000001
Epoch [46/100] | Loss: 1.1602 (Cls: 1.1620, TAL: -0.0396, Adv: 0.0030) | Train Acc: 0.8229 | Val Acc: 0.5385 | Val P/R/F1 (Macro): 0.5176/0.7000/0.5481 | LR: 0.000001
Epoch [47/100] | Loss: 1.1061 (Cls: 1.1078, TAL: -0.0376, Adv: 0.0029) | Train Acc: 0.8438 | Val Acc: 0.5385 | Val P/R/F1 (Macro): 0.5231/0.7000/0.5607 | LR: 0.000001
Epoch [48/100] | Loss: 1.2549 (Cls: 1.2562, TAL: -0.0281, Adv: 0.0029) | Train Acc: 0.7917 | Val Acc: 0.6154 | Val P/R/F1 (Macro): 0.7037/0.7417/0.6440 | LR: 0.000001
Epoch [49/100] | Loss: 1.1344 (Cls: 1.1390, TAL: -0.0956, Adv: 0.0046) | Train Acc: 0.8750 | Val Acc: 0.6154 | Val P/R/F1 (Macro): 0.7037/0.7417/0.6440 | LR: 0.000001
Epoch [50/100] | Loss: 1.0976 (Cls: 1.1026, TAL: -0.1032, Adv: 0.0039) | Train Acc: 0.8333 | Val Acc: 0.6154 | Val P/R/F1 (Macro): 0.6981/0.7417/0.6315 | LR: 0.000001
Epoch [51/100] | Loss: 1.1263 (Cls: 1.1285, TAL: -0.0454, Adv: 0.0025) | Train Acc: 0.8542 | Val Acc: 0.6154 | Val P/R/F1 (Macro): 0.6981/0.7417/0.6315 | LR: 0.000001
Epoch [52/100] | Loss: 1.0150 (Cls: 1.0180, TAL: -0.0638, Adv: 0.0025) | Train Acc: 0.9167 | Val Acc: 0.6154 | Val P/R/F1 (Macro): 0.6981/0.7417/0.6315 | LR: 0.000001
Epoch [53/100] | Loss: 1.1689 (Cls: 1.1708, TAL: -0.0411, Adv: 0.0028) | Train Acc: 0.8750 | Val Acc: 0.6154 | Val P/R/F1 (Macro): 0.6981/0.7417/0.6315 | LR: 0.000001
Epoch [54/100] | Loss: 1.0726 (Cls: 1.0726, TAL: -0.0015, Adv: 0.0017) | Train Acc: 0.8750 | Val Acc: 0.6154 | Val P/R/F1 (Macro): 0.6981/0.7417/0.6315 | LR: 0.000001
Epoch [55/100] | Loss: 1.1382 (Cls: 1.1403, TAL: -0.0444, Adv: 0.0023) | Train Acc: 0.8438 | Val Acc: 0.6154 | Val P/R/F1 (Macro): 0.6981/0.7417/0.6315 | LR: 0.000001
Epoch [56/100] | Loss: 1.0968 (Cls: 1.0992, TAL: -0.0510, Adv: 0.0023) | Train Acc: 0.8646 | Val Acc: 0.6154 | Val P/R/F1 (Macro): 0.6981/0.7417/0.6315 | LR: 0.000001
Epoch [57/100] | Loss: 1.0083 (Cls: 1.0102, TAL: -0.0419, Adv: 0.0028) | Train Acc: 0.9167 | Val Acc: 0.6154 | Val P/R/F1 (Macro): 0.6981/0.7417/0.6315 | LR: 0.000001
Epoch [58/100] | Loss: 1.0774 (Cls: 1.0780, TAL: -0.0140, Adv: 0.0023) | Train Acc: 0.8750 | Val Acc: 0.6154 | Val P/R/F1 (Macro): 0.6981/0.7417/0.6315 | LR: 0.000001
Epoch [59/100] | Loss: 1.0214 (Cls: 1.0238, TAL: -0.0506, Adv: 0.0018) | Train Acc: 0.8542 | Val Acc: 0.6154 | Val P/R/F1 (Macro): 0.6981/0.7417/0.6315 | LR: 0.000001
Epoch [60/100] | Loss: 1.1941 (Cls: 1.1974, TAL: -0.0673, Adv: 0.0020) | Train Acc: 0.7708 | Val Acc: 0.6154 | Val P/R/F1 (Macro): 0.6981/0.7417/0.6315 | LR: 0.000001
Epoch [61/100] | Loss: 1.1096 (Cls: 1.1118, TAL: -0.0457, Adv: 0.0015) | Train Acc: 0.8854 | Val Acc: 0.6154 | Val P/R/F1 (Macro): 0.6981/0.7417/0.6315 | LR: 0.000001
Epoch [62/100] | Loss: 1.0490 (Cls: 1.0490, TAL: -0.0009, Adv: 0.0020) | Train Acc: 0.8542 | Val Acc: 0.6154 | Val P/R/F1 (Macro): 0.6981/0.7417/0.6315 | LR: 0.000001
Epoch [63/100] | Loss: 1.1403 (Cls: 1.1385, TAL: 0.0342, Adv: 0.0017) | Train Acc: 0.8125 | Val Acc: 0.6154 | Val P/R/F1 (Macro): 0.6981/0.7417/0.6315 | LR: 0.000001
Epoch [64/100] | Loss: 1.1305 (Cls: 1.1373, TAL: -0.1369, Adv: 0.0017) | Train Acc: 0.8229 | Val Acc: 0.6154 | Val P/R/F1 (Macro): 0.6981/0.7417/0.6315 | LR: 0.000001
Epoch [65/100] | Loss: 1.0443 (Cls: 1.0435, TAL: 0.0139, Adv: 0.0014) | Train Acc: 0.9167 | Val Acc: 0.6154 | Val P/R/F1 (Macro): 0.6981/0.7417/0.6315 | LR: 0.000001
Epoch [66/100] | Loss: 1.1264 (Cls: 1.1285, TAL: -0.0441, Adv: 0.0028) | Train Acc: 0.8438 | Val Acc: 0.6154 | Val P/R/F1 (Macro): 0.6981/0.7417/0.6315 | LR: 0.000001
Epoch [67/100] | Loss: 0.9764 (Cls: 0.9810, TAL: -0.0943, Adv: 0.0022) | Train Acc: 0.9167 | Val Acc: 0.6154 | Val P/R/F1 (Macro): 0.6981/0.7417/0.6315 | LR: 0.000001
Epoch [68/100] | Loss: 0.9959 (Cls: 0.9970, TAL: -0.0248, Adv: 0.0014) | Train Acc: 0.9062 | Val Acc: 0.6154 | Val P/R/F1 (Macro): 0.6981/0.7417/0.6315 | LR: 0.000001
Epoch [69/100] | Loss: 1.0108 (Cls: 1.0111, TAL: -0.0065, Adv: 0.0013) | Train Acc: 0.9062 | Val Acc: 0.6154 | Val P/R/F1 (Macro): 0.6981/0.7417/0.6315 | LR: 0.000001
Epoch [70/100] | Loss: 1.0808 (Cls: 1.0855, TAL: -0.0957, Adv: 0.0011) | Train Acc: 0.8542 | Val Acc: 0.6154 | Val P/R/F1 (Macro): 0.6981/0.7417/0.6315 | LR: 0.000001
Epoch [71/100] | Loss: 1.0005 (Cls: 1.0064, TAL: -0.1200, Adv: 0.0015) | Train Acc: 0.8854 | Val Acc: 0.6154 | Val P/R/F1 (Macro): 0.6981/0.7417/0.6315 | LR: 0.000001
Epoch [72/100] | Loss: 1.0600 (Cls: 1.0632, TAL: -0.0648, Adv: 0.0019) | Train Acc: 0.8438 | Val Acc: 0.6154 | Val P/R/F1 (Macro): 0.6981/0.7417/0.6315 | LR: 0.000001
Epoch [73/100] | Loss: 1.0735 (Cls: 1.0796, TAL: -0.1242, Adv: 0.0010) | Train Acc: 0.8646 | Val Acc: 0.6154 | Val P/R/F1 (Macro): 0.6981/0.7417/0.6315 | LR: 0.000001
Epoch [74/100] | Loss: 1.1759 (Cls: 1.1802, TAL: -0.0881, Adv: 0.0013) | Train Acc: 0.8125 | Val Acc: 0.6154 | Val P/R/F1 (Macro): 0.6981/0.7417/0.6315 | LR: 0.000001
Epoch [75/100] | Loss: 1.0104 (Cls: 1.0129, TAL: -0.0521, Adv: 0.0020) | Train Acc: 0.9271 | Val Acc: 0.6154 | Val P/R/F1 (Macro): 0.6981/0.7417/0.6315 | LR: 0.000001
Epoch [76/100] | Loss: 1.0100 (Cls: 1.0123, TAL: -0.0481, Adv: 0.0021) | Train Acc: 0.8854 | Val Acc: 0.6154 | Val P/R/F1 (Macro): 0.6981/0.7417/0.6315 | LR: 0.000001
Epoch [77/100] | Loss: 1.0085 (Cls: 1.0083, TAL: 0.0028, Adv: 0.0014) | Train Acc: 0.9479 | Val Acc: 0.6154 | Val P/R/F1 (Macro): 0.6981/0.7417/0.6315 | LR: 0.000001
Epoch [78/100] | Loss: 1.0399 (Cls: 1.0414, TAL: -0.0306, Adv: 0.0012) | Train Acc: 0.9167 | Val Acc: 0.6154 | Val P/R/F1 (Macro): 0.6981/0.7417/0.6315 | LR: 0.000001
Epoch [79/100] | Loss: 1.0539 (Cls: 1.0593, TAL: -0.1089, Adv: 0.0016) | Train Acc: 0.8750 | Val Acc: 0.6154 | Val P/R/F1 (Macro): 0.6981/0.7417/0.6315 | LR: 0.000001
Epoch [80/100] | Loss: 1.1820 (Cls: 1.1854, TAL: -0.0692, Adv: 0.0010) | Train Acc: 0.8333 | Val Acc: 0.6154 | Val P/R/F1 (Macro): 0.6981/0.7417/0.6315 | LR: 0.000001
Epoch [81/100] | Loss: 1.0831 (Cls: 1.0873, TAL: -0.0861, Adv: 0.0013) | Train Acc: 0.8750 | Val Acc: 0.6154 | Val P/R/F1 (Macro): 0.6981/0.7417/0.6315 | LR: 0.000001
Epoch [82/100] | Loss: 1.1031 (Cls: 1.1052, TAL: -0.0428, Adv: 0.0012) | Train Acc: 0.8542 | Val Acc: 0.6154 | Val P/R/F1 (Macro): 0.6981/0.7417/0.6315 | LR: 0.000001
Epoch [83/100] | Loss: 1.0468 (Cls: 1.0482, TAL: -0.0287, Adv: 0.0009) | Train Acc: 0.8750 | Val Acc: 0.6154 | Val P/R/F1 (Macro): 0.6981/0.7417/0.6315 | LR: 0.000001
Epoch [84/100] | Loss: 1.0811 (Cls: 1.0811, TAL: -0.0013, Adv: 0.0012) | Train Acc: 0.8958 | Val Acc: 0.6154 | Val P/R/F1 (Macro): 0.6981/0.7417/0.6315 | LR: 0.000001
Epoch [85/100] | Loss: 1.1245 (Cls: 1.1258, TAL: -0.0265, Adv: 0.0013) | Train Acc: 0.8438 | Val Acc: 0.6154 | Val P/R/F1 (Macro): 0.6981/0.7417/0.6315 | LR: 0.000001
Epoch [86/100] | Loss: 1.0464 (Cls: 1.0504, TAL: -0.0802, Adv: 0.0011) | Train Acc: 0.9062 | Val Acc: 0.6154 | Val P/R/F1 (Macro): 0.6981/0.7417/0.6315 | LR: 0.000001
Epoch [87/100] | Loss: 0.9541 (Cls: 0.9549, TAL: -0.0192, Adv: 0.0017) | Train Acc: 0.9479 | Val Acc: 0.6154 | Val P/R/F1 (Macro): 0.6981/0.7417/0.6315 | LR: 0.000001
Epoch [88/100] | Loss: 1.0337 (Cls: 1.0339, TAL: -0.0063, Adv: 0.0015) | Train Acc: 0.8750 | Val Acc: 0.6154 | Val P/R/F1 (Macro): 0.6981/0.7417/0.6315 | LR: 0.000001
Epoch [89/100] | Loss: 1.0518 (Cls: 1.0545, TAL: -0.0552, Adv: 0.0016) | Train Acc: 0.9062 | Val Acc: 0.6154 | Val P/R/F1 (Macro): 0.6981/0.7417/0.6315 | LR: 0.000001
Epoch [90/100] | Loss: 1.1050 (Cls: 1.1082, TAL: -0.0659, Adv: 0.0010) | Train Acc: 0.8750 | Val Acc: 0.6154 | Val P/R/F1 (Macro): 0.6981/0.7417/0.6315 | LR: 0.000001
Epoch [91/100] | Loss: 1.0671 (Cls: 1.0696, TAL: -0.0514, Adv: 0.0014) | Train Acc: 0.8854 | Val Acc: 0.6154 | Val P/R/F1 (Macro): 0.6981/0.7417/0.6315 | LR: 0.000001
Epoch [92/100] | Loss: 1.0834 (Cls: 1.0862, TAL: -0.0566, Adv: 0.0013) | Train Acc: 0.8854 | Val Acc: 0.6154 | Val P/R/F1 (Macro): 0.6981/0.7417/0.6315 | LR: 0.000001
Epoch [93/100] | Loss: 1.0215 (Cls: 1.0244, TAL: -0.0592, Adv: 0.0012) | Train Acc: 0.8750 | Val Acc: 0.6154 | Val P/R/F1 (Macro): 0.6981/0.7417/0.6315 | LR: 0.000001
Epoch [94/100] | Loss: 0.9589 (Cls: 0.9580, TAL: 0.0173, Adv: 0.0013) | Train Acc: 0.9375 | Val Acc: 0.6154 | Val P/R/F1 (Macro): 0.6981/0.7417/0.6315 | LR: 0.000001
Epoch [95/100] | Loss: 1.0223 (Cls: 1.0278, TAL: -0.1120, Adv: 0.0010) | Train Acc: 0.9479 | Val Acc: 0.6154 | Val P/R/F1 (Macro): 0.6981/0.7417/0.6315 | LR: 0.000001
Epoch [96/100] | Loss: 0.9706 (Cls: 0.9724, TAL: -0.0356, Adv: 0.0008) | Train Acc: 0.9479 | Val Acc: 0.6154 | Val P/R/F1 (Macro): 0.6981/0.7417/0.6315 | LR: 0.000001
Epoch [97/100] | Loss: 1.1327 (Cls: 1.1322, TAL: 0.0085, Adv: 0.0018) | Train Acc: 0.8646 | Val Acc: 0.6154 | Val P/R/F1 (Macro): 0.6981/0.7417/0.6315 | LR: 0.000001
Epoch [98/100] | Loss: 0.9736 (Cls: 0.9756, TAL: -0.0399, Adv: 0.0008) | Train Acc: 0.9375 | Val Acc: 0.6154 | Val P/R/F1 (Macro): 0.6981/0.7417/0.6315 | LR: 0.000001
Epoch [99/100] | Loss: 0.9825 (Cls: 0.9847, TAL: -0.0451, Adv: 0.0010) | Train Acc: 0.9375 | Val Acc: 0.6154 | Val P/R/F1 (Macro): 0.6981/0.7417/0.6315 | LR: 0.000001
Epoch [100/100] | Loss: 1.0862 (Cls: 1.0881, TAL: -0.0388, Adv: 0.0011) | Train Acc: 0.8854 | Val Acc: 0.6154 | Val P/R/F1 (Macro): 0.6981/0.7417/0.6315 | LR: 0.000001
Report strategy: last_window, window=10, reported_acc=0.6154, best_acc=0.6923

迭代 2 报告指标:
  Accuracy: 0.6154
  Precision (Macro): 0.6981
  Recall (Macro): 0.7417
  F1 (Macro): 0.6315
  Precision (Micro): 0.6154
  Recall (Micro): 0.6154
  F1 (Micro): 0.6154
  Val class coverage: 6/14 (0.4286), samples=26

================================================================================
迭代 3/5
随机种子: 44
================================================================================
Training mode: unpaired target adaptation with controlled target-label loss (ratio=0.10, weight=0.18).
Fixed labeled target subset: 10/96 samples.
Feature fusion: Tensor alignment (512+512 -> 128+128); fused_dim=256
Domain adaptation: standard source-target adversarial training, no generator
Loss weights: tensor=0.05, adv=0.05
Epoch [1/100] | Loss: 3.8555 (Cls: 3.7797, TAL: 0.3666, Adv: 1.1494) | Train Acc: 0.0833 | Val Acc: 0.2308 | Val P/R/F1 (Macro): 0.1111/0.1250/0.1176 | LR: 0.000005
  >>> New Best Val Acc: 0.2308
Epoch [2/100] | Loss: 3.4047 (Cls: 3.3496, TAL: 0.2743, Adv: 0.8286) | Train Acc: 0.1042 | Val Acc: 0.1923 | Val P/R/F1 (Macro): 0.2175/0.2500/0.1354 | LR: 0.000005
Epoch [3/100] | Loss: 3.1033 (Cls: 3.0604, TAL: 0.1816, Adv: 0.6758) | Train Acc: 0.2188 | Val Acc: 0.1923 | Val P/R/F1 (Macro): 0.0694/0.2500/0.1083 | LR: 0.000005
Epoch [4/100] | Loss: 2.6793 (Cls: 2.6372, TAL: 0.3337, Adv: 0.5092) | Train Acc: 0.3125 | Val Acc: 0.1538 | Val P/R/F1 (Macro): 0.1083/0.1833/0.1233 | LR: 0.000005
Epoch [5/100] | Loss: 2.8305 (Cls: 2.7973, TAL: 0.3211, Adv: 0.3435) | Train Acc: 0.1979 | Val Acc: 0.1923 | Val P/R/F1 (Macro): 0.1123/0.2167/0.1310 | LR: 0.000005
Epoch [6/100] | Loss: 2.5105 (Cls: 2.4772, TAL: 0.3982, Adv: 0.2672) | Train Acc: 0.3438 | Val Acc: 0.2308 | Val P/R/F1 (Macro): 0.1181/0.2500/0.1408 | LR: 0.000005
Epoch [7/100] | Loss: 2.4368 (Cls: 2.4086, TAL: 0.3303, Adv: 0.2347) | Train Acc: 0.3333 | Val Acc: 0.2308 | Val P/R/F1 (Macro): 0.1181/0.2500/0.1408 | LR: 0.000005
Epoch [8/100] | Loss: 2.2113 (Cls: 2.1848, TAL: 0.3411, Adv: 0.1896) | Train Acc: 0.4062 | Val Acc: 0.1923 | Val P/R/F1 (Macro): 0.0725/0.2167/0.1082 | LR: 0.000005
Epoch [9/100] | Loss: 2.1831 (Cls: 2.1610, TAL: 0.2789, Adv: 0.1620) | Train Acc: 0.4375 | Val Acc: 0.3846 | Val P/R/F1 (Macro): 0.2967/0.4000/0.3278 | LR: 0.000005
  >>> New Best Val Acc: 0.3846
Epoch [10/100] | Loss: 2.1203 (Cls: 2.1035, TAL: 0.2051, Adv: 0.1305) | Train Acc: 0.4896 | Val Acc: 0.3846 | Val P/R/F1 (Macro): 0.2013/0.4667/0.2762 | LR: 0.000005
Epoch [11/100] | Loss: 2.0397 (Cls: 2.0244, TAL: 0.1813, Adv: 0.1257) | Train Acc: 0.4375 | Val Acc: 0.3077 | Val P/R/F1 (Macro): 0.1499/0.4000/0.2142 | LR: 0.000005
Epoch [12/100] | Loss: 1.8991 (Cls: 1.8845, TAL: 0.2057, Adv: 0.0852) | Train Acc: 0.6146 | Val Acc: 0.2692 | Val P/R/F1 (Macro): 0.2944/0.3042/0.1905 | LR: 0.000005
Epoch [13/100] | Loss: 1.7664 (Cls: 1.7508, TAL: 0.2269, Adv: 0.0849) | Train Acc: 0.6562 | Val Acc: 0.2308 | Val P/R/F1 (Macro): 0.2556/0.2833/0.1778 | LR: 0.000005
Epoch [14/100] | Loss: 1.8722 (Cls: 1.8587, TAL: 0.2081, Adv: 0.0632) | Train Acc: 0.5833 | Val Acc: 0.3462 | Val P/R/F1 (Macro): 0.4837/0.4333/0.3476 | LR: 0.000005
Epoch [15/100] | Loss: 1.6609 (Cls: 1.6470, TAL: 0.2166, Adv: 0.0614) | Train Acc: 0.6250 | Val Acc: 0.4615 | Val P/R/F1 (Macro): 0.4365/0.5333/0.4074 | LR: 0.000005
  >>> New Best Val Acc: 0.4615
Epoch [16/100] | Loss: 1.7361 (Cls: 1.7231, TAL: 0.2175, Adv: 0.0426) | Train Acc: 0.6250 | Val Acc: 0.5000 | Val P/R/F1 (Macro): 0.5763/0.6167/0.5209 | LR: 0.000005
  >>> New Best Val Acc: 0.5000
Epoch [17/100] | Loss: 1.6386 (Cls: 1.6259, TAL: 0.2065, Adv: 0.0465) | Train Acc: 0.6250 | Val Acc: 0.4231 | Val P/R/F1 (Macro): 0.4028/0.5000/0.4046 | LR: 0.000005
Epoch [18/100] | Loss: 1.7376 (Cls: 1.7234, TAL: 0.2405, Adv: 0.0432) | Train Acc: 0.6250 | Val Acc: 0.3846 | Val P/R/F1 (Macro): 0.3347/0.4667/0.3280 | LR: 0.000005
Epoch [19/100] | Loss: 1.6691 (Cls: 1.6514, TAL: 0.3300, Adv: 0.0253) | Train Acc: 0.6458 | Val Acc: 0.3846 | Val P/R/F1 (Macro): 0.3286/0.4667/0.3201 | LR: 0.000005
Epoch [20/100] | Loss: 1.5708 (Cls: 1.5615, TAL: 0.1601, Adv: 0.0263) | Train Acc: 0.6250 | Val Acc: 0.3846 | Val P/R/F1 (Macro): 0.4167/0.3917/0.3245 | LR: 0.000005
Epoch [21/100] | Loss: 1.5266 (Cls: 1.5155, TAL: 0.1987, Adv: 0.0240) | Train Acc: 0.6771 | Val Acc: 0.3462 | Val P/R/F1 (Macro): 0.3476/0.4333/0.2791 | LR: 0.000005
Epoch [22/100] | Loss: 1.5523 (Cls: 1.5394, TAL: 0.2327, Adv: 0.0253) | Train Acc: 0.6354 | Val Acc: 0.4231 | Val P/R/F1 (Macro): 0.3380/0.5000/0.3548 | LR: 0.000005
Epoch [23/100] | Loss: 1.3838 (Cls: 1.3730, TAL: 0.1939, Adv: 0.0211) | Train Acc: 0.7083 | Val Acc: 0.4231 | Val P/R/F1 (Macro): 0.3380/0.5000/0.3548 | LR: 0.000005
Epoch [24/100] | Loss: 1.4100 (Cls: 1.4009, TAL: 0.1633, Adv: 0.0197) | Train Acc: 0.7708 | Val Acc: 0.4231 | Val P/R/F1 (Macro): 0.3417/0.5000/0.3536 | LR: 0.000005
Epoch [25/100] | Loss: 1.2922 (Cls: 1.2856, TAL: 0.1178, Adv: 0.0135) | Train Acc: 0.7812 | Val Acc: 0.4231 | Val P/R/F1 (Macro): 0.3417/0.5000/0.3536 | LR: 0.000005
Epoch [26/100] | Loss: 1.4192 (Cls: 1.4102, TAL: 0.1699, Adv: 0.0106) | Train Acc: 0.7500 | Val Acc: 0.4231 | Val P/R/F1 (Macro): 0.3444/0.5000/0.3583 | LR: 0.000005
Epoch [27/100] | Loss: 1.3610 (Cls: 1.3532, TAL: 0.1432, Adv: 0.0118) | Train Acc: 0.7500 | Val Acc: 0.3846 | Val P/R/F1 (Macro): 0.3167/0.4167/0.3225 | LR: 0.000003
Epoch [28/100] | Loss: 1.2849 (Cls: 1.2725, TAL: 0.2412, Adv: 0.0080) | Train Acc: 0.8021 | Val Acc: 0.5000 | Val P/R/F1 (Macro): 0.5778/0.5542/0.4497 | LR: 0.000003
Epoch [29/100] | Loss: 1.1812 (Cls: 1.1708, TAL: 0.1998, Adv: 0.0092) | Train Acc: 0.8021 | Val Acc: 0.4231 | Val P/R/F1 (Macro): 0.3556/0.5000/0.3571 | LR: 0.000003
Epoch [30/100] | Loss: 1.3231 (Cls: 1.3170, TAL: 0.1125, Adv: 0.0084) | Train Acc: 0.7604 | Val Acc: 0.5000 | Val P/R/F1 (Macro): 0.4185/0.5667/0.4488 | LR: 0.000003
Epoch [31/100] | Loss: 1.3151 (Cls: 1.3042, TAL: 0.2103, Adv: 0.0074) | Train Acc: 0.7604 | Val Acc: 0.4615 | Val P/R/F1 (Macro): 0.3907/0.4833/0.3988 | LR: 0.000003
Epoch [32/100] | Loss: 1.2467 (Cls: 1.2385, TAL: 0.1582, Adv: 0.0069) | Train Acc: 0.8125 | Val Acc: 0.5000 | Val P/R/F1 (Macro): 0.3981/0.5167/0.4293 | LR: 0.000003
Epoch [33/100] | Loss: 1.1950 (Cls: 1.1853, TAL: 0.1877, Adv: 0.0053) | Train Acc: 0.8021 | Val Acc: 0.5000 | Val P/R/F1 (Macro): 0.5574/0.5042/0.4368 | LR: 0.000003
Epoch [34/100] | Loss: 1.2311 (Cls: 1.2228, TAL: 0.1599, Adv: 0.0051) | Train Acc: 0.8021 | Val Acc: 0.4231 | Val P/R/F1 (Macro): 0.3380/0.5000/0.3622 | LR: 0.000003
Epoch [35/100] | Loss: 1.2891 (Cls: 1.2792, TAL: 0.1902, Adv: 0.0084) | Train Acc: 0.7812 | Val Acc: 0.4231 | Val P/R/F1 (Macro): 0.3380/0.5000/0.3622 | LR: 0.000003
Epoch [36/100] | Loss: 1.3636 (Cls: 1.3568, TAL: 0.1250, Adv: 0.0115) | Train Acc: 0.7812 | Val Acc: 0.4231 | Val P/R/F1 (Macro): 0.3426/0.5000/0.3671 | LR: 0.000003
Epoch [37/100] | Loss: 1.2343 (Cls: 1.2277, TAL: 0.1267, Adv: 0.0058) | Train Acc: 0.8229 | Val Acc: 0.4231 | Val P/R/F1 (Macro): 0.3380/0.5000/0.3622 | LR: 0.000003
Epoch [38/100] | Loss: 1.3796 (Cls: 1.3739, TAL: 0.1070, Adv: 0.0078) | Train Acc: 0.7708 | Val Acc: 0.4231 | Val P/R/F1 (Macro): 0.3426/0.5000/0.3671 | LR: 0.000001
Epoch [39/100] | Loss: 1.1948 (Cls: 1.1891, TAL: 0.1084, Adv: 0.0063) | Train Acc: 0.8438 | Val Acc: 0.4231 | Val P/R/F1 (Macro): 0.3426/0.5000/0.3671 | LR: 0.000001
Epoch [40/100] | Loss: 1.1636 (Cls: 1.1570, TAL: 0.1268, Adv: 0.0050) | Train Acc: 0.8125 | Val Acc: 0.4231 | Val P/R/F1 (Macro): 0.3380/0.5000/0.3622 | LR: 0.000001
Epoch [41/100] | Loss: 1.1126 (Cls: 1.1053, TAL: 0.1407, Adv: 0.0057) | Train Acc: 0.8542 | Val Acc: 0.4231 | Val P/R/F1 (Macro): 0.3380/0.5000/0.3622 | LR: 0.000001
Epoch [42/100] | Loss: 1.3224 (Cls: 1.3155, TAL: 0.1328, Adv: 0.0044) | Train Acc: 0.7917 | Val Acc: 0.4231 | Val P/R/F1 (Macro): 0.3380/0.5000/0.3622 | LR: 0.000001
Epoch [43/100] | Loss: 1.0661 (Cls: 1.0571, TAL: 0.1763, Adv: 0.0046) | Train Acc: 0.8646 | Val Acc: 0.4231 | Val P/R/F1 (Macro): 0.3365/0.5000/0.3591 | LR: 0.000001
Epoch [44/100] | Loss: 1.0639 (Cls: 1.0531, TAL: 0.2109, Adv: 0.0050) | Train Acc: 0.8646 | Val Acc: 0.4231 | Val P/R/F1 (Macro): 0.3365/0.5000/0.3591 | LR: 0.000001
Epoch [45/100] | Loss: 1.2322 (Cls: 1.2231, TAL: 0.1774, Adv: 0.0038) | Train Acc: 0.8229 | Val Acc: 0.4615 | Val P/R/F1 (Macro): 0.3625/0.5333/0.3924 | LR: 0.000001
Epoch [46/100] | Loss: 1.1387 (Cls: 1.1309, TAL: 0.1514, Adv: 0.0033) | Train Acc: 0.7917 | Val Acc: 0.4615 | Val P/R/F1 (Macro): 0.3625/0.5333/0.3924 | LR: 0.000001
Epoch [47/100] | Loss: 1.0661 (Cls: 1.0609, TAL: 0.1002, Adv: 0.0032) | Train Acc: 0.8750 | Val Acc: 0.4231 | Val P/R/F1 (Macro): 0.3365/0.5000/0.3591 | LR: 0.000001
Epoch [48/100] | Loss: 1.1124 (Cls: 1.1046, TAL: 0.1495, Adv: 0.0050) | Train Acc: 0.8854 | Val Acc: 0.4231 | Val P/R/F1 (Macro): 0.3365/0.5000/0.3591 | LR: 0.000001
Epoch [49/100] | Loss: 1.1119 (Cls: 1.1053, TAL: 0.1295, Adv: 0.0028) | Train Acc: 0.8646 | Val Acc: 0.4615 | Val P/R/F1 (Macro): 0.3630/0.5333/0.3942 | LR: 0.000001
Epoch [50/100] | Loss: 1.0138 (Cls: 1.0057, TAL: 0.1593, Adv: 0.0035) | Train Acc: 0.8438 | Val Acc: 0.4615 | Val P/R/F1 (Macro): 0.3630/0.5333/0.3942 | LR: 0.000001
Epoch [51/100] | Loss: 1.1375 (Cls: 1.1356, TAL: 0.0356, Adv: 0.0032) | Train Acc: 0.8646 | Val Acc: 0.5000 | Val P/R/F1 (Macro): 0.3699/0.5667/0.4229 | LR: 0.000001
Epoch [52/100] | Loss: 1.1432 (Cls: 1.1413, TAL: 0.0348, Adv: 0.0022) | Train Acc: 0.8125 | Val Acc: 0.4231 | Val P/R/F1 (Macro): 0.3365/0.5000/0.3591 | LR: 0.000001
Epoch [53/100] | Loss: 1.0921 (Cls: 1.0895, TAL: 0.0488, Adv: 0.0024) | Train Acc: 0.8542 | Val Acc: 0.4615 | Val P/R/F1 (Macro): 0.3439/0.5333/0.3896 | LR: 0.000001
Epoch [54/100] | Loss: 1.0068 (Cls: 1.0025, TAL: 0.0823, Adv: 0.0034) | Train Acc: 0.9167 | Val Acc: 0.4231 | Val P/R/F1 (Macro): 0.3365/0.5000/0.3591 | LR: 0.000001
Epoch [55/100] | Loss: 1.0222 (Cls: 1.0217, TAL: 0.0090, Adv: 0.0023) | Train Acc: 0.9271 | Val Acc: 0.4231 | Val P/R/F1 (Macro): 0.3365/0.5000/0.3591 | LR: 0.000001
Epoch [56/100] | Loss: 1.0904 (Cls: 1.0890, TAL: 0.0260, Adv: 0.0026) | Train Acc: 0.8333 | Val Acc: 0.4231 | Val P/R/F1 (Macro): 0.3365/0.5000/0.3591 | LR: 0.000001
Epoch [57/100] | Loss: 1.1117 (Cls: 1.1119, TAL: -0.0064, Adv: 0.0017) | Train Acc: 0.8542 | Val Acc: 0.4231 | Val P/R/F1 (Macro): 0.3380/0.5000/0.3622 | LR: 0.000001
Epoch [58/100] | Loss: 1.1166 (Cls: 1.1164, TAL: 0.0037, Adv: 0.0020) | Train Acc: 0.8542 | Val Acc: 0.4615 | Val P/R/F1 (Macro): 0.3439/0.5333/0.3896 | LR: 0.000001
Epoch [59/100] | Loss: 0.9859 (Cls: 0.9861, TAL: -0.0056, Adv: 0.0019) | Train Acc: 0.9479 | Val Acc: 0.4615 | Val P/R/F1 (Macro): 0.3439/0.5333/0.3896 | LR: 0.000001
Epoch [60/100] | Loss: 1.0166 (Cls: 1.0155, TAL: 0.0188, Adv: 0.0026) | Train Acc: 0.9062 | Val Acc: 0.4231 | Val P/R/F1 (Macro): 0.3365/0.5000/0.3591 | LR: 0.000001
Epoch [61/100] | Loss: 1.0950 (Cls: 1.0944, TAL: 0.0097, Adv: 0.0022) | Train Acc: 0.8750 | Val Acc: 0.4231 | Val P/R/F1 (Macro): 0.3365/0.5000/0.3591 | LR: 0.000001
Epoch [62/100] | Loss: 1.0823 (Cls: 1.0819, TAL: 0.0056, Adv: 0.0023) | Train Acc: 0.9062 | Val Acc: 0.4615 | Val P/R/F1 (Macro): 0.3439/0.5333/0.3896 | LR: 0.000001
Epoch [63/100] | Loss: 1.0637 (Cls: 1.0636, TAL: -0.0011, Adv: 0.0022) | Train Acc: 0.8854 | Val Acc: 0.4615 | Val P/R/F1 (Macro): 0.3439/0.5333/0.3896 | LR: 0.000001
Epoch [64/100] | Loss: 1.1240 (Cls: 1.1228, TAL: 0.0225, Adv: 0.0020) | Train Acc: 0.8646 | Val Acc: 0.4231 | Val P/R/F1 (Macro): 0.3365/0.5000/0.3591 | LR: 0.000001
Epoch [65/100] | Loss: 1.0719 (Cls: 1.0686, TAL: 0.0633, Adv: 0.0022) | Train Acc: 0.9167 | Val Acc: 0.4231 | Val P/R/F1 (Macro): 0.3380/0.5000/0.3622 | LR: 0.000001
Epoch [66/100] | Loss: 1.1470 (Cls: 1.1441, TAL: 0.0559, Adv: 0.0020) | Train Acc: 0.8125 | Val Acc: 0.4231 | Val P/R/F1 (Macro): 0.3380/0.5000/0.3622 | LR: 0.000001
Epoch [67/100] | Loss: 1.0496 (Cls: 1.0510, TAL: -0.0316, Adv: 0.0022) | Train Acc: 0.8750 | Val Acc: 0.4615 | Val P/R/F1 (Macro): 0.3439/0.5333/0.3896 | LR: 0.000001
Epoch [68/100] | Loss: 0.9543 (Cls: 0.9557, TAL: -0.0303, Adv: 0.0021) | Train Acc: 0.9271 | Val Acc: 0.4615 | Val P/R/F1 (Macro): 0.3439/0.5333/0.3896 | LR: 0.000001
Epoch [69/100] | Loss: 1.0995 (Cls: 1.1030, TAL: -0.0712, Adv: 0.0029) | Train Acc: 0.8333 | Val Acc: 0.4615 | Val P/R/F1 (Macro): 0.3472/0.5333/0.3939 | LR: 0.000001
Epoch [70/100] | Loss: 0.9716 (Cls: 0.9729, TAL: -0.0278, Adv: 0.0019) | Train Acc: 0.8958 | Val Acc: 0.4231 | Val P/R/F1 (Macro): 0.3380/0.5000/0.3622 | LR: 0.000001
Epoch [71/100] | Loss: 1.0487 (Cls: 1.0506, TAL: -0.0390, Adv: 0.0020) | Train Acc: 0.8854 | Val Acc: 0.5000 | Val P/R/F1 (Macro): 0.3532/0.5667/0.4167 | LR: 0.000001
Epoch [72/100] | Loss: 1.0291 (Cls: 1.0296, TAL: -0.0117, Adv: 0.0019) | Train Acc: 0.8750 | Val Acc: 0.4615 | Val P/R/F1 (Macro): 0.3439/0.5333/0.3896 | LR: 0.000001
Epoch [73/100] | Loss: 0.9957 (Cls: 0.9990, TAL: -0.0675, Adv: 0.0018) | Train Acc: 0.8958 | Val Acc: 0.4231 | Val P/R/F1 (Macro): 0.3365/0.5000/0.3591 | LR: 0.000001
Epoch [74/100] | Loss: 1.0402 (Cls: 1.0383, TAL: 0.0353, Adv: 0.0016) | Train Acc: 0.8542 | Val Acc: 0.4615 | Val P/R/F1 (Macro): 0.3439/0.5333/0.3896 | LR: 0.000001
Epoch [75/100] | Loss: 0.9417 (Cls: 0.9446, TAL: -0.0593, Adv: 0.0013) | Train Acc: 0.9167 | Val Acc: 0.5000 | Val P/R/F1 (Macro): 0.3532/0.5667/0.4167 | LR: 0.000001
Epoch [76/100] | Loss: 1.0139 (Cls: 1.0149, TAL: -0.0219, Adv: 0.0016) | Train Acc: 0.8854 | Val Acc: 0.5000 | Val P/R/F1 (Macro): 0.3532/0.5667/0.4167 | LR: 0.000001
Epoch [77/100] | Loss: 1.0871 (Cls: 1.0907, TAL: -0.0738, Adv: 0.0021) | Train Acc: 0.8958 | Val Acc: 0.4615 | Val P/R/F1 (Macro): 0.3439/0.5333/0.3896 | LR: 0.000001
Epoch [78/100] | Loss: 1.1075 (Cls: 1.1078, TAL: -0.0071, Adv: 0.0025) | Train Acc: 0.8333 | Val Acc: 0.5385 | Val P/R/F1 (Macro): 0.3792/0.6000/0.4499 | LR: 0.000001
  >>> New Best Val Acc: 0.5385
Epoch [79/100] | Loss: 0.9948 (Cls: 0.9940, TAL: 0.0148, Adv: 0.0017) | Train Acc: 0.9167 | Val Acc: 0.4615 | Val P/R/F1 (Macro): 0.3625/0.5333/0.3924 | LR: 0.000001
Epoch [80/100] | Loss: 0.9812 (Cls: 0.9837, TAL: -0.0526, Adv: 0.0025) | Train Acc: 0.8854 | Val Acc: 0.5000 | Val P/R/F1 (Macro): 0.3532/0.5667/0.4167 | LR: 0.000001
Epoch [81/100] | Loss: 1.0103 (Cls: 1.0119, TAL: -0.0337, Adv: 0.0018) | Train Acc: 0.9271 | Val Acc: 0.4231 | Val P/R/F1 (Macro): 0.3365/0.5000/0.3591 | LR: 0.000001
Epoch [82/100] | Loss: 0.9574 (Cls: 0.9586, TAL: -0.0251, Adv: 0.0018) | Train Acc: 0.9167 | Val Acc: 0.4615 | Val P/R/F1 (Macro): 0.3439/0.5333/0.3896 | LR: 0.000001
Epoch [83/100] | Loss: 0.9771 (Cls: 0.9790, TAL: -0.0402, Adv: 0.0026) | Train Acc: 0.9271 | Val Acc: 0.4615 | Val P/R/F1 (Macro): 0.3472/0.5333/0.3939 | LR: 0.000001
Epoch [84/100] | Loss: 0.9909 (Cls: 0.9928, TAL: -0.0396, Adv: 0.0021) | Train Acc: 0.8750 | Val Acc: 0.4231 | Val P/R/F1 (Macro): 0.3380/0.5000/0.3622 | LR: 0.000001
Epoch [85/100] | Loss: 1.2098 (Cls: 1.2123, TAL: -0.0499, Adv: 0.0014) | Train Acc: 0.8125 | Val Acc: 0.3846 | Val P/R/F1 (Macro): 0.3218/0.4583/0.3393 | LR: 0.000001
Epoch [86/100] | Loss: 1.0612 (Cls: 1.0622, TAL: -0.0205, Adv: 0.0013) | Train Acc: 0.8750 | Val Acc: 0.4231 | Val P/R/F1 (Macro): 0.3380/0.5000/0.3622 | LR: 0.000001
Epoch [87/100] | Loss: 0.9935 (Cls: 0.9942, TAL: -0.0151, Adv: 0.0014) | Train Acc: 0.9375 | Val Acc: 0.4231 | Val P/R/F1 (Macro): 0.3380/0.5000/0.3622 | LR: 0.000001
Epoch [88/100] | Loss: 1.0252 (Cls: 1.0259, TAL: -0.0174, Adv: 0.0026) | Train Acc: 0.8854 | Val Acc: 0.4231 | Val P/R/F1 (Macro): 0.3365/0.5000/0.3591 | LR: 0.000001
Epoch [89/100] | Loss: 0.8996 (Cls: 0.9039, TAL: -0.0868, Adv: 0.0011) | Train Acc: 0.9479 | Val Acc: 0.4231 | Val P/R/F1 (Macro): 0.3380/0.5000/0.3622 | LR: 0.000001
Epoch [90/100] | Loss: 0.9223 (Cls: 0.9254, TAL: -0.0636, Adv: 0.0021) | Train Acc: 0.9375 | Val Acc: 0.4231 | Val P/R/F1 (Macro): 0.3365/0.5000/0.3591 | LR: 0.000001
Epoch [91/100] | Loss: 1.0629 (Cls: 1.0636, TAL: -0.0149, Adv: 0.0016) | Train Acc: 0.8750 | Val Acc: 0.5000 | Val P/R/F1 (Macro): 0.3532/0.5667/0.4167 | LR: 0.000001
Epoch [92/100] | Loss: 1.0622 (Cls: 1.0629, TAL: -0.0151, Adv: 0.0017) | Train Acc: 0.8958 | Val Acc: 0.5000 | Val P/R/F1 (Macro): 0.3532/0.5667/0.4167 | LR: 0.000001
Epoch [93/100] | Loss: 0.9854 (Cls: 0.9861, TAL: -0.0151, Adv: 0.0011) | Train Acc: 0.9167 | Val Acc: 0.5000 | Val P/R/F1 (Macro): 0.3532/0.5667/0.4167 | LR: 0.000001
Epoch [94/100] | Loss: 1.0107 (Cls: 1.0100, TAL: 0.0117, Adv: 0.0024) | Train Acc: 0.9167 | Val Acc: 0.5000 | Val P/R/F1 (Macro): 0.3532/0.5667/0.4167 | LR: 0.000001
Epoch [95/100] | Loss: 1.1005 (Cls: 1.1016, TAL: -0.0225, Adv: 0.0017) | Train Acc: 0.8333 | Val Acc: 0.5000 | Val P/R/F1 (Macro): 0.3532/0.5667/0.4167 | LR: 0.000001
Epoch [96/100] | Loss: 0.9658 (Cls: 0.9669, TAL: -0.0239, Adv: 0.0014) | Train Acc: 0.9167 | Val Acc: 0.4231 | Val P/R/F1 (Macro): 0.3380/0.5000/0.3622 | LR: 0.000001
Epoch [97/100] | Loss: 1.0130 (Cls: 1.0121, TAL: 0.0180, Adv: 0.0017) | Train Acc: 0.8646 | Val Acc: 0.4231 | Val P/R/F1 (Macro): 0.3380/0.5000/0.3622 | LR: 0.000001
Epoch [98/100] | Loss: 1.0980 (Cls: 1.0988, TAL: -0.0154, Adv: 0.0008) | Train Acc: 0.8542 | Val Acc: 0.4615 | Val P/R/F1 (Macro): 0.3439/0.5333/0.3896 | LR: 0.000001
Epoch [99/100] | Loss: 0.9759 (Cls: 0.9789, TAL: -0.0621, Adv: 0.0011) | Train Acc: 0.9062 | Val Acc: 0.4615 | Val P/R/F1 (Macro): 0.3439/0.5333/0.3896 | LR: 0.000001
Epoch [100/100] | Loss: 0.8989 (Cls: 0.8993, TAL: -0.0100, Adv: 0.0016) | Train Acc: 0.9271 | Val Acc: 0.4615 | Val P/R/F1 (Macro): 0.3439/0.5333/0.3896 | LR: 0.000001
Report strategy: last_window, window=10, reported_acc=0.4731, best_acc=0.5385

迭代 3 报告指标:
  Accuracy: 0.4731
  Precision (Macro): 0.3474
  Recall (Macro): 0.5433
  F1 (Macro): 0.3976
  Precision (Micro): 0.4731
  Recall (Micro): 0.4731
  F1 (Micro): 0.4731
  Val class coverage: 6/14 (0.4286), samples=26

================================================================================
迭代 4/5
随机种子: 45
================================================================================
Training mode: unpaired target adaptation with controlled target-label loss (ratio=0.10, weight=0.18).
Fixed labeled target subset: 10/96 samples.
Feature fusion: Tensor alignment (512+512 -> 128+128); fused_dim=256
Domain adaptation: standard source-target adversarial training, no generator
Loss weights: tensor=0.05, adv=0.05
Epoch [1/100] | Loss: 4.0314 (Cls: 3.9917, TAL: 0.0405, Adv: 0.7533) | Train Acc: 0.0729 | Val Acc: 0.2692 | Val P/R/F1 (Macro): 0.0530/0.1458/0.0778 | LR: 0.000005
  >>> New Best Val Acc: 0.2692
Epoch [2/100] | Loss: 3.2994 (Cls: 3.2721, TAL: -0.0726, Adv: 0.6176) | Train Acc: 0.1042 | Val Acc: 0.2308 | Val P/R/F1 (Macro): 0.0588/0.1250/0.0800 | LR: 0.000005
Epoch [3/100] | Loss: 2.9136 (Cls: 2.8933, TAL: -0.2392, Adv: 0.6451) | Train Acc: 0.2083 | Val Acc: 0.3077 | Val P/R/F1 (Macro): 0.1845/0.3292/0.2167 | LR: 0.000005
  >>> New Best Val Acc: 0.3077
Epoch [4/100] | Loss: 2.9086 (Cls: 2.9015, TAL: -0.3417, Adv: 0.4841) | Train Acc: 0.1875 | Val Acc: 0.2692 | Val P/R/F1 (Macro): 0.2514/0.3083/0.1828 | LR: 0.000005
Epoch [5/100] | Loss: 2.6137 (Cls: 2.6205, TAL: -0.4708, Adv: 0.3357) | Train Acc: 0.2917 | Val Acc: 0.1923 | Val P/R/F1 (Macro): 0.0579/0.2167/0.0913 | LR: 0.000005
Epoch [6/100] | Loss: 2.3887 (Cls: 2.3988, TAL: -0.4920, Adv: 0.2900) | Train Acc: 0.4062 | Val Acc: 0.1923 | Val P/R/F1 (Macro): 0.0615/0.2167/0.0940 | LR: 0.000005
Epoch [7/100] | Loss: 2.3551 (Cls: 2.3699, TAL: -0.5282, Adv: 0.2323) | Train Acc: 0.3438 | Val Acc: 0.2692 | Val P/R/F1 (Macro): 0.1188/0.3333/0.1746 | LR: 0.000005
Epoch [8/100] | Loss: 2.1162 (Cls: 2.1369, TAL: -0.5620, Adv: 0.1489) | Train Acc: 0.4375 | Val Acc: 0.5000 | Val P/R/F1 (Macro): 0.4261/0.5208/0.3954 | LR: 0.000005
  >>> New Best Val Acc: 0.5000
Epoch [9/100] | Loss: 2.1330 (Cls: 2.1503, TAL: -0.4652, Adv: 0.1183) | Train Acc: 0.4271 | Val Acc: 0.4231 | Val P/R/F1 (Macro): 0.4524/0.4500/0.3528 | LR: 0.000005
Epoch [10/100] | Loss: 2.2360 (Cls: 2.2521, TAL: -0.4272, Adv: 0.1055) | Train Acc: 0.4375 | Val Acc: 0.4615 | Val P/R/F1 (Macro): 0.5056/0.5333/0.4278 | LR: 0.000005
Epoch [11/100] | Loss: 1.8886 (Cls: 1.8967, TAL: -0.2507, Adv: 0.0890) | Train Acc: 0.5312 | Val Acc: 0.5000 | Val P/R/F1 (Macro): 0.5417/0.5167/0.4463 | LR: 0.000005
Epoch [12/100] | Loss: 1.8433 (Cls: 1.8532, TAL: -0.2625, Adv: 0.0643) | Train Acc: 0.5312 | Val Acc: 0.4615 | Val P/R/F1 (Macro): 0.5400/0.4542/0.4025 | LR: 0.000005
Epoch [13/100] | Loss: 1.8780 (Cls: 1.8899, TAL: -0.2868, Adv: 0.0496) | Train Acc: 0.4688 | Val Acc: 0.4615 | Val P/R/F1 (Macro): 0.5214/0.4833/0.4099 | LR: 0.000005
Epoch [14/100] | Loss: 1.9305 (Cls: 1.9429, TAL: -0.2882, Adv: 0.0403) | Train Acc: 0.5521 | Val Acc: 0.5769 | Val P/R/F1 (Macro): 0.6417/0.5083/0.5504 | LR: 0.000005
  >>> New Best Val Acc: 0.5769
Epoch [15/100] | Loss: 1.7834 (Cls: 1.8001, TAL: -0.3645, Adv: 0.0308) | Train Acc: 0.6250 | Val Acc: 0.6154 | Val P/R/F1 (Macro): 0.6303/0.5917/0.5501 | LR: 0.000005
  >>> New Best Val Acc: 0.6154
Epoch [16/100] | Loss: 1.8624 (Cls: 1.8811, TAL: -0.4035, Adv: 0.0293) | Train Acc: 0.5625 | Val Acc: 0.5000 | Val P/R/F1 (Macro): 0.2611/0.4583/0.3183 | LR: 0.000005
Epoch [17/100] | Loss: 1.6215 (Cls: 1.6414, TAL: -0.4217, Adv: 0.0236) | Train Acc: 0.6250 | Val Acc: 0.7308 | Val P/R/F1 (Macro): 0.6944/0.6708/0.6669 | LR: 0.000005
  >>> New Best Val Acc: 0.7308
Epoch [18/100] | Loss: 1.5445 (Cls: 1.5631, TAL: -0.3914, Adv: 0.0193) | Train Acc: 0.6771 | Val Acc: 0.6154 | Val P/R/F1 (Macro): 0.6230/0.5417/0.5254 | LR: 0.000005
Epoch [19/100] | Loss: 1.4615 (Cls: 1.4801, TAL: -0.3862, Adv: 0.0157) | Train Acc: 0.6875 | Val Acc: 0.6538 | Val P/R/F1 (Macro): 0.6264/0.6500/0.6041 | LR: 0.000005
Epoch [20/100] | Loss: 1.4508 (Cls: 1.4658, TAL: -0.3224, Adv: 0.0226) | Train Acc: 0.7292 | Val Acc: 0.6154 | Val P/R/F1 (Macro): 0.5889/0.6042/0.5373 | LR: 0.000005
Epoch [21/100] | Loss: 1.6073 (Cls: 1.6282, TAL: -0.4372, Adv: 0.0177) | Train Acc: 0.6771 | Val Acc: 0.6154 | Val P/R/F1 (Macro): 0.6236/0.6583/0.5929 | LR: 0.000005
Epoch [22/100] | Loss: 1.5362 (Cls: 1.5544, TAL: -0.3758, Adv: 0.0118) | Train Acc: 0.6250 | Val Acc: 0.6154 | Val P/R/F1 (Macro): 0.6021/0.6250/0.5778 | LR: 0.000005
Epoch [23/100] | Loss: 1.4911 (Cls: 1.5094, TAL: -0.3804, Adv: 0.0136) | Train Acc: 0.7083 | Val Acc: 0.5000 | Val P/R/F1 (Macro): 0.5202/0.5333/0.4518 | LR: 0.000005
Epoch [24/100] | Loss: 1.4426 (Cls: 1.4603, TAL: -0.3682, Adv: 0.0149) | Train Acc: 0.6875 | Val Acc: 0.5385 | Val P/R/F1 (Macro): 0.7153/0.6375/0.5402 | LR: 0.000005
Epoch [25/100] | Loss: 1.4147 (Cls: 1.4237, TAL: -0.1882, Adv: 0.0084) | Train Acc: 0.7604 | Val Acc: 0.5000 | Val P/R/F1 (Macro): 0.5565/0.6042/0.4870 | LR: 0.000005
Epoch [26/100] | Loss: 1.3639 (Cls: 1.3799, TAL: -0.3283, Adv: 0.0082) | Train Acc: 0.7292 | Val Acc: 0.5385 | Val P/R/F1 (Macro): 0.5423/0.6250/0.5063 | LR: 0.000005
Epoch [27/100] | Loss: 1.4495 (Cls: 1.4664, TAL: -0.3471, Adv: 0.0099) | Train Acc: 0.7500 | Val Acc: 0.5385 | Val P/R/F1 (Macro): 0.5060/0.6542/0.5167 | LR: 0.000005
Epoch [28/100] | Loss: 1.3884 (Cls: 1.4052, TAL: -0.3447, Adv: 0.0073) | Train Acc: 0.8021 | Val Acc: 0.6923 | Val P/R/F1 (Macro): 0.6000/0.6375/0.5921 | LR: 0.000003
Epoch [29/100] | Loss: 1.1781 (Cls: 1.1942, TAL: -0.3293, Adv: 0.0069) | Train Acc: 0.7917 | Val Acc: 0.7308 | Val P/R/F1 (Macro): 0.6347/0.6625/0.6411 | LR: 0.000003
Epoch [30/100] | Loss: 1.2022 (Cls: 1.2171, TAL: -0.3020, Adv: 0.0058) | Train Acc: 0.8229 | Val Acc: 0.6923 | Val P/R/F1 (Macro): 0.6317/0.6417/0.6348 | LR: 0.000003
Epoch [31/100] | Loss: 1.1221 (Cls: 1.1384, TAL: -0.3309, Adv: 0.0054) | Train Acc: 0.8542 | Val Acc: 0.7308 | Val P/R/F1 (Macro): 0.7151/0.7250/0.7134 | LR: 0.000003
Epoch [32/100] | Loss: 1.1526 (Cls: 1.1657, TAL: -0.2673, Adv: 0.0044) | Train Acc: 0.8958 | Val Acc: 0.7692 | Val P/R/F1 (Macro): 0.7014/0.7042/0.7001 | LR: 0.000003
  >>> New Best Val Acc: 0.7692
Epoch [33/100] | Loss: 1.1092 (Cls: 1.1177, TAL: -0.1730, Adv: 0.0042) | Train Acc: 0.8333 | Val Acc: 0.7692 | Val P/R/F1 (Macro): 0.7014/0.7042/0.7001 | LR: 0.000003
Epoch [34/100] | Loss: 1.2229 (Cls: 1.2350, TAL: -0.2448, Adv: 0.0033) | Train Acc: 0.8021 | Val Acc: 0.7692 | Val P/R/F1 (Macro): 0.7014/0.7042/0.7001 | LR: 0.000003
Epoch [35/100] | Loss: 1.0693 (Cls: 1.0792, TAL: -0.2021, Adv: 0.0032) | Train Acc: 0.9062 | Val Acc: 0.7692 | Val P/R/F1 (Macro): 0.7736/0.7458/0.7418 | LR: 0.000003
Epoch [36/100] | Loss: 1.2205 (Cls: 1.2299, TAL: -0.1907, Adv: 0.0043) | Train Acc: 0.7812 | Val Acc: 0.6923 | Val P/R/F1 (Macro): 0.7056/0.7125/0.6936 | LR: 0.000003
Epoch [37/100] | Loss: 1.1239 (Cls: 1.1353, TAL: -0.2310, Adv: 0.0030) | Train Acc: 0.8750 | Val Acc: 0.7308 | Val P/R/F1 (Macro): 0.7698/0.7208/0.6827 | LR: 0.000003
Epoch [38/100] | Loss: 1.0840 (Cls: 1.0936, TAL: -0.1930, Adv: 0.0028) | Train Acc: 0.8854 | Val Acc: 0.7692 | Val P/R/F1 (Macro): 0.7976/0.7625/0.7217 | LR: 0.000003
Epoch [39/100] | Loss: 1.0996 (Cls: 1.1074, TAL: -0.1589, Adv: 0.0027) | Train Acc: 0.8438 | Val Acc: 0.7308 | Val P/R/F1 (Macro): 0.7643/0.7417/0.6905 | LR: 0.000003
Epoch [40/100] | Loss: 1.1716 (Cls: 1.1798, TAL: -0.1662, Adv: 0.0020) | Train Acc: 0.8333 | Val Acc: 0.7692 | Val P/R/F1 (Macro): 0.8476/0.8250/0.7540 | LR: 0.000003
Epoch [41/100] | Loss: 1.2004 (Cls: 1.2093, TAL: -0.1812, Adv: 0.0030) | Train Acc: 0.8438 | Val Acc: 0.7692 | Val P/R/F1 (Macro): 0.8476/0.8250/0.7540 | LR: 0.000003
Epoch [42/100] | Loss: 1.0985 (Cls: 1.1029, TAL: -0.0926, Adv: 0.0049) | Train Acc: 0.8854 | Val Acc: 0.7308 | Val P/R/F1 (Macro): 0.7361/0.7833/0.7170 | LR: 0.000003
Epoch [43/100] | Loss: 1.1143 (Cls: 1.1205, TAL: -0.1260, Adv: 0.0019) | Train Acc: 0.8542 | Val Acc: 0.6923 | Val P/R/F1 (Macro): 0.7460/0.7417/0.6843 | LR: 0.000001
Epoch [44/100] | Loss: 0.9931 (Cls: 0.9989, TAL: -0.1227, Adv: 0.0059) | Train Acc: 0.8438 | Val Acc: 0.6538 | Val P/R/F1 (Macro): 0.6865/0.7208/0.6542 | LR: 0.000001
Epoch [45/100] | Loss: 1.0998 (Cls: 1.1091, TAL: -0.1886, Adv: 0.0020) | Train Acc: 0.8750 | Val Acc: 0.7308 | Val P/R/F1 (Macro): 0.8323/0.7625/0.7048 | LR: 0.000001
Epoch [46/100] | Loss: 1.1324 (Cls: 1.1398, TAL: -0.1490, Adv: 0.0022) | Train Acc: 0.8229 | Val Acc: 0.6538 | Val P/R/F1 (Macro): 0.7639/0.7208/0.6547 | LR: 0.000001
Epoch [47/100] | Loss: 1.0501 (Cls: 1.0562, TAL: -0.1244, Adv: 0.0022) | Train Acc: 0.8646 | Val Acc: 0.6538 | Val P/R/F1 (Macro): 0.8056/0.7000/0.6321 | LR: 0.000001
Epoch [48/100] | Loss: 1.0645 (Cls: 1.0666, TAL: -0.0444, Adv: 0.0019) | Train Acc: 0.8750 | Val Acc: 0.6538 | Val P/R/F1 (Macro): 0.7361/0.7208/0.6626 | LR: 0.000001
Epoch [49/100] | Loss: 1.0987 (Cls: 1.1073, TAL: -0.1735, Adv: 0.0023) | Train Acc: 0.8438 | Val Acc: 0.6538 | Val P/R/F1 (Macro): 0.7143/0.7208/0.6641 | LR: 0.000001
Epoch [50/100] | Loss: 1.0969 (Cls: 1.1045, TAL: -0.1549, Adv: 0.0024) | Train Acc: 0.8958 | Val Acc: 0.7308 | Val P/R/F1 (Macro): 0.8323/0.7625/0.7048 | LR: 0.000001
Epoch [51/100] | Loss: 1.0323 (Cls: 1.0408, TAL: -0.1723, Adv: 0.0018) | Train Acc: 0.8333 | Val Acc: 0.6538 | Val P/R/F1 (Macro): 0.7004/0.7417/0.6700 | LR: 0.000001
Epoch [52/100] | Loss: 1.0936 (Cls: 1.0996, TAL: -0.1211, Adv: 0.0014) | Train Acc: 0.8750 | Val Acc: 0.7692 | Val P/R/F1 (Macro): 0.7976/0.8250/0.7646 | LR: 0.000001
Epoch [53/100] | Loss: 1.0492 (Cls: 1.0596, TAL: -0.2085, Adv: 0.0018) | Train Acc: 0.8750 | Val Acc: 0.7692 | Val P/R/F1 (Macro): 0.7778/0.8042/0.7475 | LR: 0.000001
Epoch [54/100] | Loss: 0.9573 (Cls: 0.9632, TAL: -0.1190, Adv: 0.0015) | Train Acc: 0.9271 | Val Acc: 0.7692 | Val P/R/F1 (Macro): 0.7722/0.7875/0.7673 | LR: 0.000001
Epoch [55/100] | Loss: 0.9762 (Cls: 0.9860, TAL: -0.1986, Adv: 0.0041) | Train Acc: 0.9271 | Val Acc: 0.6923 | Val P/R/F1 (Macro): 0.7083/0.7625/0.6964 | LR: 0.000001
Epoch [56/100] | Loss: 1.1295 (Cls: 1.1369, TAL: -0.1513, Adv: 0.0015) | Train Acc: 0.8438 | Val Acc: 0.7692 | Val P/R/F1 (Macro): 0.7750/0.8167/0.7646 | LR: 0.000001
Epoch [57/100] | Loss: 0.9663 (Cls: 0.9793, TAL: -0.2621, Adv: 0.0021) | Train Acc: 0.9271 | Val Acc: 0.7692 | Val P/R/F1 (Macro): 0.7722/0.8250/0.7553 | LR: 0.000001
Epoch [58/100] | Loss: 0.9044 (Cls: 0.9109, TAL: -0.1313, Adv: 0.0012) | Train Acc: 0.9583 | Val Acc: 0.6923 | Val P/R/F1 (Macro): 0.7365/0.7833/0.7083 | LR: 0.000001
Epoch [59/100] | Loss: 1.0117 (Cls: 1.0187, TAL: -0.1422, Adv: 0.0014) | Train Acc: 0.9167 | Val Acc: 0.7692 | Val P/R/F1 (Macro): 0.8476/0.8250/0.7540 | LR: 0.000001
Epoch [60/100] | Loss: 0.9703 (Cls: 0.9751, TAL: -0.0976, Adv: 0.0016) | Train Acc: 0.9479 | Val Acc: 0.6923 | Val P/R/F1 (Macro): 0.7365/0.7833/0.7083 | LR: 0.000001
Epoch [61/100] | Loss: 1.0651 (Cls: 1.0720, TAL: -0.1400, Adv: 0.0013) | Train Acc: 0.8958 | Val Acc: 0.7692 | Val P/R/F1 (Macro): 0.7722/0.8250/0.7553 | LR: 0.000001
Epoch [62/100] | Loss: 0.9674 (Cls: 0.9724, TAL: -0.1009, Adv: 0.0012) | Train Acc: 0.9375 | Val Acc: 0.7692 | Val P/R/F1 (Macro): 0.7722/0.8250/0.7553 | LR: 0.000001
Epoch [63/100] | Loss: 1.0035 (Cls: 1.0126, TAL: -0.1813, Adv: 0.0009) | Train Acc: 0.8750 | Val Acc: 0.7692 | Val P/R/F1 (Macro): 0.7722/0.8250/0.7553 | LR: 0.000001
Epoch [64/100] | Loss: 0.9885 (Cls: 0.9938, TAL: -0.1065, Adv: 0.0013) | Train Acc: 0.9062 | Val Acc: 0.7692 | Val P/R/F1 (Macro): 0.7722/0.8250/0.7553 | LR: 0.000001
Epoch [65/100] | Loss: 0.9838 (Cls: 0.9896, TAL: -0.1163, Adv: 0.0010) | Train Acc: 0.8958 | Val Acc: 0.7692 | Val P/R/F1 (Macro): 0.7722/0.8250/0.7553 | LR: 0.000001
Epoch [66/100] | Loss: 1.0854 (Cls: 1.0895, TAL: -0.0841, Adv: 0.0014) | Train Acc: 0.8229 | Val Acc: 0.7692 | Val P/R/F1 (Macro): 0.7722/0.8250/0.7553 | LR: 0.000001
Epoch [67/100] | Loss: 0.9920 (Cls: 0.9963, TAL: -0.0890, Adv: 0.0011) | Train Acc: 0.9271 | Val Acc: 0.8077 | Val P/R/F1 (Macro): 0.7889/0.8083/0.7910 | LR: 0.000001
  >>> New Best Val Acc: 0.8077
Epoch [68/100] | Loss: 0.9792 (Cls: 0.9831, TAL: -0.0792, Adv: 0.0011) | Train Acc: 0.8854 | Val Acc: 0.7308 | Val P/R/F1 (Macro): 0.7361/0.7458/0.7290 | LR: 0.000001
Epoch [69/100] | Loss: 0.9180 (Cls: 0.9239, TAL: -0.1195, Adv: 0.0014) | Train Acc: 0.9375 | Val Acc: 0.7308 | Val P/R/F1 (Macro): 0.7361/0.7458/0.7290 | LR: 0.000001
Epoch [70/100] | Loss: 0.9746 (Cls: 0.9807, TAL: -0.1236, Adv: 0.0020) | Train Acc: 0.9271 | Val Acc: 0.7692 | Val P/R/F1 (Macro): 0.7833/0.8375/0.7790 | LR: 0.000001
Epoch [71/100] | Loss: 0.9849 (Cls: 0.9907, TAL: -0.1173, Adv: 0.0015) | Train Acc: 0.9167 | Val Acc: 0.6923 | Val P/R/F1 (Macro): 0.7083/0.7625/0.6964 | LR: 0.000001
Epoch [72/100] | Loss: 1.0074 (Cls: 1.0136, TAL: -0.1250, Adv: 0.0013) | Train Acc: 0.8854 | Val Acc: 0.6923 | Val P/R/F1 (Macro): 0.7083/0.7625/0.6964 | LR: 0.000001
Epoch [73/100] | Loss: 0.9716 (Cls: 0.9769, TAL: -0.1060, Adv: 0.0012) | Train Acc: 0.9271 | Val Acc: 0.7692 | Val P/R/F1 (Macro): 0.7722/0.8250/0.7553 | LR: 0.000001
Epoch [74/100] | Loss: 1.0032 (Cls: 1.0117, TAL: -0.1707, Adv: 0.0012) | Train Acc: 0.9167 | Val Acc: 0.7692 | Val P/R/F1 (Macro): 0.7722/0.8250/0.7553 | LR: 0.000001
Epoch [75/100] | Loss: 1.0272 (Cls: 1.0326, TAL: -0.1090, Adv: 0.0011) | Train Acc: 0.9062 | Val Acc: 0.6923 | Val P/R/F1 (Macro): 0.7083/0.7625/0.6964 | LR: 0.000001
Epoch [76/100] | Loss: 0.9443 (Cls: 0.9515, TAL: -0.1442, Adv: 0.0009) | Train Acc: 0.9271 | Val Acc: 0.7308 | Val P/R/F1 (Macro): 0.7361/0.7833/0.7170 | LR: 0.000001
Epoch [77/100] | Loss: 0.9913 (Cls: 0.9998, TAL: -0.1717, Adv: 0.0007) | Train Acc: 0.8958 | Val Acc: 0.7308 | Val P/R/F1 (Macro): 0.7361/0.7833/0.7170 | LR: 0.000001
Epoch [78/100] | Loss: 0.9236 (Cls: 0.9293, TAL: -0.1137, Adv: 0.0011) | Train Acc: 0.9479 | Val Acc: 0.7308 | Val P/R/F1 (Macro): 0.7361/0.7833/0.7170 | LR: 0.000001
Epoch [79/100] | Loss: 0.8846 (Cls: 0.8935, TAL: -0.1807, Adv: 0.0010) | Train Acc: 0.9583 | Val Acc: 0.7308 | Val P/R/F1 (Macro): 0.7361/0.7833/0.7170 | LR: 0.000001
Epoch [80/100] | Loss: 0.9940 (Cls: 1.0007, TAL: -0.1355, Adv: 0.0012) | Train Acc: 0.9062 | Val Acc: 0.7308 | Val P/R/F1 (Macro): 0.7361/0.7833/0.7170 | LR: 0.000001
Epoch [81/100] | Loss: 0.9479 (Cls: 0.9553, TAL: -0.1483, Adv: 0.0013) | Train Acc: 0.9167 | Val Acc: 0.7308 | Val P/R/F1 (Macro): 0.7361/0.7833/0.7170 | LR: 0.000001
Epoch [82/100] | Loss: 0.9440 (Cls: 0.9525, TAL: -0.1701, Adv: 0.0008) | Train Acc: 0.9375 | Val Acc: 0.7308 | Val P/R/F1 (Macro): 0.7361/0.7833/0.7170 | LR: 0.000001
Epoch [83/100] | Loss: 1.0424 (Cls: 1.0482, TAL: -0.1179, Adv: 0.0010) | Train Acc: 0.8750 | Val Acc: 0.7308 | Val P/R/F1 (Macro): 0.7361/0.7833/0.7170 | LR: 0.000001
Epoch [84/100] | Loss: 0.9191 (Cls: 0.9218, TAL: -0.0548, Adv: 0.0009) | Train Acc: 0.9062 | Val Acc: 0.7308 | Val P/R/F1 (Macro): 0.7361/0.7833/0.7170 | LR: 0.000001
Epoch [85/100] | Loss: 0.8844 (Cls: 0.8907, TAL: -0.1274, Adv: 0.0012) | Train Acc: 0.9479 | Val Acc: 0.7308 | Val P/R/F1 (Macro): 0.7361/0.7833/0.7170 | LR: 0.000001
Epoch [86/100] | Loss: 0.9870 (Cls: 0.9966, TAL: -0.1930, Adv: 0.0009) | Train Acc: 0.9062 | Val Acc: 0.7308 | Val P/R/F1 (Macro): 0.7361/0.7833/0.7170 | LR: 0.000001
Epoch [87/100] | Loss: 0.9451 (Cls: 0.9518, TAL: -0.1356, Adv: 0.0012) | Train Acc: 0.9375 | Val Acc: 0.7308 | Val P/R/F1 (Macro): 0.7361/0.7833/0.7170 | LR: 0.000001
Epoch [88/100] | Loss: 0.8938 (Cls: 0.9002, TAL: -0.1275, Adv: 0.0009) | Train Acc: 0.9583 | Val Acc: 0.7308 | Val P/R/F1 (Macro): 0.7361/0.7833/0.7170 | LR: 0.000001
Epoch [89/100] | Loss: 0.9453 (Cls: 0.9517, TAL: -0.1295, Adv: 0.0009) | Train Acc: 0.9167 | Val Acc: 0.7308 | Val P/R/F1 (Macro): 0.7361/0.7833/0.7170 | LR: 0.000001
Epoch [90/100] | Loss: 0.9770 (Cls: 0.9836, TAL: -0.1323, Adv: 0.0006) | Train Acc: 0.8854 | Val Acc: 0.7308 | Val P/R/F1 (Macro): 0.7361/0.7833/0.7170 | LR: 0.000001
Epoch [91/100] | Loss: 0.9991 (Cls: 1.0077, TAL: -0.1725, Adv: 0.0010) | Train Acc: 0.8542 | Val Acc: 0.7308 | Val P/R/F1 (Macro): 0.7361/0.7833/0.7170 | LR: 0.000001
Epoch [92/100] | Loss: 0.9624 (Cls: 0.9700, TAL: -0.1528, Adv: 0.0010) | Train Acc: 0.8854 | Val Acc: 0.6923 | Val P/R/F1 (Macro): 0.6984/0.7417/0.6777 | LR: 0.000001
Epoch [93/100] | Loss: 0.9572 (Cls: 0.9625, TAL: -0.1070, Adv: 0.0009) | Train Acc: 0.8750 | Val Acc: 0.6923 | Val P/R/F1 (Macro): 0.6984/0.7417/0.6777 | LR: 0.000001
Epoch [94/100] | Loss: 0.9916 (Cls: 0.9981, TAL: -0.1312, Adv: 0.0013) | Train Acc: 0.9062 | Val Acc: 0.7308 | Val P/R/F1 (Macro): 0.7361/0.7833/0.7170 | LR: 0.000001
Epoch [95/100] | Loss: 0.9493 (Cls: 0.9578, TAL: -0.1711, Adv: 0.0008) | Train Acc: 0.9271 | Val Acc: 0.7308 | Val P/R/F1 (Macro): 0.7361/0.7833/0.7170 | LR: 0.000001
Epoch [96/100] | Loss: 0.8761 (Cls: 0.8850, TAL: -0.1789, Adv: 0.0007) | Train Acc: 0.9583 | Val Acc: 0.7308 | Val P/R/F1 (Macro): 0.7361/0.7833/0.7170 | LR: 0.000001
Epoch [97/100] | Loss: 0.9459 (Cls: 0.9534, TAL: -0.1509, Adv: 0.0007) | Train Acc: 0.9479 | Val Acc: 0.7308 | Val P/R/F1 (Macro): 0.7361/0.7833/0.7170 | LR: 0.000001
Epoch [98/100] | Loss: 0.8919 (Cls: 0.8954, TAL: -0.0719, Adv: 0.0014) | Train Acc: 0.9479 | Val Acc: 0.7308 | Val P/R/F1 (Macro): 0.7361/0.7833/0.7170 | LR: 0.000001
Epoch [99/100] | Loss: 0.8588 (Cls: 0.8656, TAL: -0.1355, Adv: 0.0006) | Train Acc: 0.9688 | Val Acc: 0.7308 | Val P/R/F1 (Macro): 0.7361/0.7833/0.7170 | LR: 0.000001
Epoch [100/100] | Loss: 0.8918 (Cls: 0.8977, TAL: -0.1204, Adv: 0.0009) | Train Acc: 0.9479 | Val Acc: 0.7308 | Val P/R/F1 (Macro): 0.7361/0.7833/0.7170 | LR: 0.000001
Report strategy: last_window, window=10, reported_acc=0.7231, best_acc=0.8077

迭代 4 报告指标:
  Accuracy: 0.7231
  Precision (Macro): 0.7286
  Recall (Macro): 0.7750
  F1 (Macro): 0.7091
  Precision (Micro): 0.7231
  Recall (Micro): 0.7231
  F1 (Micro): 0.7231
  Val class coverage: 6/14 (0.4286), samples=26

================================================================================
迭代 5/5
随机种子: 46
================================================================================
Training mode: unpaired target adaptation with controlled target-label loss (ratio=0.10, weight=0.18).
Fixed labeled target subset: 10/96 samples.
Feature fusion: Tensor alignment (512+512 -> 128+128); fused_dim=256
Domain adaptation: standard source-target adversarial training, no generator
Loss weights: tensor=0.05, adv=0.05
Epoch [1/100] | Loss: 3.9825 (Cls: 3.9483, TAL: -0.2165, Adv: 0.9010) | Train Acc: 0.0625 | Val Acc: 0.1154 | Val P/R/F1 (Macro): 0.0263/0.1000/0.0417 | LR: 0.000005
  >>> New Best Val Acc: 0.1154
Epoch [2/100] | Loss: 3.1662 (Cls: 3.1421, TAL: -0.1276, Adv: 0.6096) | Train Acc: 0.1458 | Val Acc: 0.1923 | Val P/R/F1 (Macro): 0.0333/0.1667/0.0556 | LR: 0.000005
  >>> New Best Val Acc: 0.1923
Epoch [3/100] | Loss: 2.9737 (Cls: 2.9518, TAL: -0.0284, Adv: 0.4654) | Train Acc: 0.2500 | Val Acc: 0.1923 | Val P/R/F1 (Macro): 0.0321/0.1667/0.0538 | LR: 0.000005
Epoch [4/100] | Loss: 2.7446 (Cls: 2.7249, TAL: 0.0441, Adv: 0.3488) | Train Acc: 0.2708 | Val Acc: 0.1923 | Val P/R/F1 (Macro): 0.0321/0.1667/0.0538 | LR: 0.000005
Epoch [5/100] | Loss: 2.6770 (Cls: 2.6606, TAL: 0.0569, Adv: 0.2716) | Train Acc: 0.2500 | Val Acc: 0.1923 | Val P/R/F1 (Macro): 0.0321/0.1667/0.0538 | LR: 0.000005
Epoch [6/100] | Loss: 2.3875 (Cls: 2.3778, TAL: -0.0294, Adv: 0.2231) | Train Acc: 0.3333 | Val Acc: 0.3462 | Val P/R/F1 (Macro): 0.1528/0.3333/0.2000 | LR: 0.000005
  >>> New Best Val Acc: 0.3462
Epoch [7/100] | Loss: 2.2728 (Cls: 2.2707, TAL: -0.1478, Adv: 0.1889) | Train Acc: 0.4062 | Val Acc: 0.3846 | Val P/R/F1 (Macro): 0.3048/0.3542/0.2322 | LR: 0.000005
  >>> New Best Val Acc: 0.3846
Epoch [8/100] | Loss: 2.3489 (Cls: 2.3501, TAL: -0.1736, Adv: 0.1505) | Train Acc: 0.3438 | Val Acc: 0.3077 | Val P/R/F1 (Macro): 0.3318/0.3375/0.2320 | LR: 0.000005
Epoch [9/100] | Loss: 2.2486 (Cls: 2.2494, TAL: -0.1519, Adv: 0.1357) | Train Acc: 0.3958 | Val Acc: 0.3077 | Val P/R/F1 (Macro): 0.1111/0.3000/0.1618 | LR: 0.000005
Epoch [10/100] | Loss: 2.1263 (Cls: 2.1256, TAL: -0.0896, Adv: 0.1032) | Train Acc: 0.5208 | Val Acc: 0.3846 | Val P/R/F1 (Macro): 0.2928/0.4167/0.2930 | LR: 0.000005
Epoch [11/100] | Loss: 2.1564 (Cls: 2.1554, TAL: -0.0724, Adv: 0.0933) | Train Acc: 0.4271 | Val Acc: 0.3846 | Val P/R/F1 (Macro): 0.2868/0.4167/0.2877 | LR: 0.000005
Epoch [12/100] | Loss: 1.8177 (Cls: 1.8197, TAL: -0.1058, Adv: 0.0660) | Train Acc: 0.5521 | Val Acc: 0.3462 | Val P/R/F1 (Macro): 0.1670/0.3833/0.2322 | LR: 0.000005
Epoch [13/100] | Loss: 2.0421 (Cls: 2.0341, TAL: 0.0913, Adv: 0.0690) | Train Acc: 0.5000 | Val Acc: 0.4231 | Val P/R/F1 (Macro): 0.2947/0.4875/0.3212 | LR: 0.000005
  >>> New Best Val Acc: 0.4231
Epoch [14/100] | Loss: 1.7941 (Cls: 1.7900, TAL: -0.0009, Adv: 0.0824) | Train Acc: 0.6875 | Val Acc: 0.4615 | Val P/R/F1 (Macro): 0.3380/0.5208/0.3673 | LR: 0.000005
  >>> New Best Val Acc: 0.4615
Epoch [15/100] | Loss: 1.8294 (Cls: 1.8240, TAL: 0.0654, Adv: 0.0419) | Train Acc: 0.6250 | Val Acc: 0.5385 | Val P/R/F1 (Macro): 0.4369/0.5000/0.4216 | LR: 0.000005
  >>> New Best Val Acc: 0.5385
Epoch [16/100] | Loss: 1.8325 (Cls: 1.8288, TAL: 0.0381, Adv: 0.0359) | Train Acc: 0.5833 | Val Acc: 0.4615 | Val P/R/F1 (Macro): 0.3939/0.4583/0.3667 | LR: 0.000005
Epoch [17/100] | Loss: 1.6844 (Cls: 1.6785, TAL: 0.0865, Adv: 0.0303) | Train Acc: 0.6146 | Val Acc: 0.6154 | Val P/R/F1 (Macro): 0.4722/0.5417/0.4732 | LR: 0.000005
  >>> New Best Val Acc: 0.6154
Epoch [18/100] | Loss: 1.7811 (Cls: 1.7788, TAL: 0.0140, Adv: 0.0330) | Train Acc: 0.5104 | Val Acc: 0.5769 | Val P/R/F1 (Macro): 0.3361/0.4583/0.3758 | LR: 0.000005
Epoch [19/100] | Loss: 1.7703 (Cls: 1.7650, TAL: 0.0763, Adv: 0.0280) | Train Acc: 0.5833 | Val Acc: 0.4615 | Val P/R/F1 (Macro): 0.3939/0.4583/0.3667 | LR: 0.000005
Epoch [20/100] | Loss: 1.5166 (Cls: 1.5097, TAL: 0.1183, Adv: 0.0197) | Train Acc: 0.6562 | Val Acc: 0.4231 | Val P/R/F1 (Macro): 0.3813/0.4375/0.3319 | LR: 0.000005
Epoch [21/100] | Loss: 1.5159 (Cls: 1.5059, TAL: 0.1822, Adv: 0.0175) | Train Acc: 0.6979 | Val Acc: 0.4231 | Val P/R/F1 (Macro): 0.3586/0.4375/0.3345 | LR: 0.000005
Epoch [22/100] | Loss: 1.5610 (Cls: 1.5514, TAL: 0.1765, Adv: 0.0151) | Train Acc: 0.6562 | Val Acc: 0.4231 | Val P/R/F1 (Macro): 0.2828/0.4375/0.3136 | LR: 0.000005
Epoch [23/100] | Loss: 1.5668 (Cls: 1.5564, TAL: 0.1941, Adv: 0.0125) | Train Acc: 0.6562 | Val Acc: 0.5000 | Val P/R/F1 (Macro): 0.5486/0.6042/0.5196 | LR: 0.000005
Epoch [24/100] | Loss: 1.4316 (Cls: 1.4241, TAL: 0.1379, Adv: 0.0116) | Train Acc: 0.7292 | Val Acc: 0.6154 | Val P/R/F1 (Macro): 0.6283/0.6042/0.5635 | LR: 0.000005
Epoch [25/100] | Loss: 1.3548 (Cls: 1.3464, TAL: 0.1582, Adv: 0.0102) | Train Acc: 0.8021 | Val Acc: 0.6538 | Val P/R/F1 (Macro): 0.6462/0.6250/0.5875 | LR: 0.000005
  >>> New Best Val Acc: 0.6538
Epoch [26/100] | Loss: 1.3663 (Cls: 1.3562, TAL: 0.1893, Adv: 0.0119) | Train Acc: 0.7292 | Val Acc: 0.5000 | Val P/R/F1 (Macro): 0.5926/0.5417/0.4852 | LR: 0.000005
Epoch [27/100] | Loss: 1.3040 (Cls: 1.2956, TAL: 0.1568, Adv: 0.0097) | Train Acc: 0.7292 | Val Acc: 0.5385 | Val P/R/F1 (Macro): 0.6042/0.6250/0.5499 | LR: 0.000005
Epoch [28/100] | Loss: 1.2978 (Cls: 1.2893, TAL: 0.1563, Adv: 0.0125) | Train Acc: 0.7188 | Val Acc: 0.5385 | Val P/R/F1 (Macro): 0.4568/0.5625/0.4735 | LR: 0.000005
Epoch [29/100] | Loss: 1.3932 (Cls: 1.3845, TAL: 0.1630, Adv: 0.0096) | Train Acc: 0.7604 | Val Acc: 0.4615 | Val P/R/F1 (Macro): 0.3264/0.5208/0.3752 | LR: 0.000005
Epoch [30/100] | Loss: 1.2602 (Cls: 1.2531, TAL: 0.1313, Adv: 0.0104) | Train Acc: 0.7292 | Val Acc: 0.5000 | Val P/R/F1 (Macro): 0.4297/0.6042/0.4611 | LR: 0.000005
Epoch [31/100] | Loss: 1.3407 (Cls: 1.3295, TAL: 0.2162, Adv: 0.0074) | Train Acc: 0.6979 | Val Acc: 0.4615 | Val P/R/F1 (Macro): 0.3199/0.5208/0.3716 | LR: 0.000005
Epoch [32/100] | Loss: 1.3595 (Cls: 1.3472, TAL: 0.2400, Adv: 0.0079) | Train Acc: 0.7917 | Val Acc: 0.5000 | Val P/R/F1 (Macro): 0.4032/0.5417/0.4302 | LR: 0.000005
Epoch [33/100] | Loss: 1.1952 (Cls: 1.1840, TAL: 0.2108, Adv: 0.0123) | Train Acc: 0.8125 | Val Acc: 0.4615 | Val P/R/F1 (Macro): 0.3646/0.5208/0.3964 | LR: 0.000005
Epoch [34/100] | Loss: 1.3172 (Cls: 1.3124, TAL: 0.0901, Adv: 0.0060) | Train Acc: 0.7396 | Val Acc: 0.4615 | Val P/R/F1 (Macro): 0.3861/0.5208/0.3933 | LR: 0.000005
Epoch [35/100] | Loss: 1.2293 (Cls: 1.2273, TAL: 0.0341, Adv: 0.0055) | Train Acc: 0.7708 | Val Acc: 0.4615 | Val P/R/F1 (Macro): 0.4160/0.4583/0.3669 | LR: 0.000005
Epoch [36/100] | Loss: 1.1020 (Cls: 1.0993, TAL: 0.0462, Adv: 0.0083) | Train Acc: 0.8854 | Val Acc: 0.4615 | Val P/R/F1 (Macro): 0.4139/0.4583/0.3650 | LR: 0.000003
Epoch [37/100] | Loss: 1.1600 (Cls: 1.1601, TAL: -0.0055, Adv: 0.0047) | Train Acc: 0.8333 | Val Acc: 0.4615 | Val P/R/F1 (Macro): 0.4139/0.4583/0.3650 | LR: 0.000003
Epoch [38/100] | Loss: 1.0983 (Cls: 1.0961, TAL: 0.0360, Adv: 0.0070) | Train Acc: 0.8750 | Val Acc: 0.4615 | Val P/R/F1 (Macro): 0.4139/0.4583/0.3650 | LR: 0.000003
Epoch [39/100] | Loss: 1.1033 (Cls: 1.1037, TAL: -0.0134, Adv: 0.0052) | Train Acc: 0.8542 | Val Acc: 0.4231 | Val P/R/F1 (Macro): 0.3836/0.4375/0.3347 | LR: 0.000003
Epoch [40/100] | Loss: 1.1362 (Cls: 1.1357, TAL: 0.0034, Adv: 0.0052) | Train Acc: 0.8438 | Val Acc: 0.4615 | Val P/R/F1 (Macro): 0.4160/0.4583/0.3669 | LR: 0.000003
Epoch [41/100] | Loss: 1.0972 (Cls: 1.0963, TAL: 0.0123, Adv: 0.0058) | Train Acc: 0.9062 | Val Acc: 0.5385 | Val P/R/F1 (Macro): 0.5944/0.6250/0.5447 | LR: 0.000003
Epoch [42/100] | Loss: 1.0750 (Cls: 1.0734, TAL: 0.0281, Adv: 0.0041) | Train Acc: 0.8438 | Val Acc: 0.6154 | Val P/R/F1 (Macro): 0.6528/0.7292/0.6515 | LR: 0.000003
Epoch [43/100] | Loss: 1.1609 (Cls: 1.1655, TAL: -0.0954, Adv: 0.0036) | Train Acc: 0.8438 | Val Acc: 0.5769 | Val P/R/F1 (Macro): 0.6190/0.7083/0.6162 | LR: 0.000003
Epoch [44/100] | Loss: 1.1092 (Cls: 1.1096, TAL: -0.0137, Adv: 0.0060) | Train Acc: 0.8750 | Val Acc: 0.5769 | Val P/R/F1 (Macro): 0.5875/0.7083/0.6123 | LR: 0.000003
Epoch [45/100] | Loss: 0.9136 (Cls: 0.9128, TAL: 0.0115, Adv: 0.0040) | Train Acc: 0.9583 | Val Acc: 0.5769 | Val P/R/F1 (Macro): 0.5875/0.7083/0.6123 | LR: 0.000003
Epoch [46/100] | Loss: 1.0775 (Cls: 1.0781, TAL: -0.0172, Adv: 0.0064) | Train Acc: 0.8750 | Val Acc: 0.5769 | Val P/R/F1 (Macro): 0.5875/0.7083/0.6123 | LR: 0.000003
Epoch [47/100] | Loss: 1.0133 (Cls: 1.0131, TAL: 0.0008, Adv: 0.0034) | Train Acc: 0.8750 | Val Acc: 0.5769 | Val P/R/F1 (Macro): 0.5875/0.7083/0.6123 | LR: 0.000001
Epoch [48/100] | Loss: 1.0081 (Cls: 1.0052, TAL: 0.0537, Adv: 0.0042) | Train Acc: 0.8958 | Val Acc: 0.5385 | Val P/R/F1 (Macro): 0.5759/0.6250/0.5476 | LR: 0.000001
Epoch [49/100] | Loss: 0.8881 (Cls: 0.8863, TAL: 0.0325, Adv: 0.0043) | Train Acc: 0.9583 | Val Acc: 0.5769 | Val P/R/F1 (Macro): 0.5875/0.7083/0.6123 | LR: 0.000001
Epoch [50/100] | Loss: 0.9909 (Cls: 0.9886, TAL: 0.0420, Adv: 0.0043) | Train Acc: 0.9271 | Val Acc: 0.5769 | Val P/R/F1 (Macro): 0.5875/0.7083/0.6123 | LR: 0.000001
Epoch [51/100] | Loss: 0.9905 (Cls: 0.9921, TAL: -0.0360, Adv: 0.0039) | Train Acc: 0.9271 | Val Acc: 0.5769 | Val P/R/F1 (Macro): 0.5875/0.7083/0.6123 | LR: 0.000001
Epoch [52/100] | Loss: 1.0298 (Cls: 1.0284, TAL: 0.0234, Adv: 0.0038) | Train Acc: 0.8958 | Val Acc: 0.5769 | Val P/R/F1 (Macro): 0.6037/0.7083/0.6082 | LR: 0.000001
Epoch [53/100] | Loss: 1.0320 (Cls: 1.0288, TAL: 0.0594, Adv: 0.0048) | Train Acc: 0.8750 | Val Acc: 0.5385 | Val P/R/F1 (Macro): 0.5759/0.6250/0.5476 | LR: 0.000001
Epoch [54/100] | Loss: 0.9776 (Cls: 0.9776, TAL: -0.0063, Adv: 0.0050) | Train Acc: 0.9271 | Val Acc: 0.5385 | Val P/R/F1 (Macro): 0.5944/0.6250/0.5447 | LR: 0.000001
Epoch [55/100] | Loss: 0.9927 (Cls: 0.9910, TAL: 0.0263, Adv: 0.0068) | Train Acc: 0.9062 | Val Acc: 0.5385 | Val P/R/F1 (Macro): 0.6042/0.6250/0.5499 | LR: 0.000001
Epoch [56/100] | Loss: 0.9571 (Cls: 0.9574, TAL: -0.0134, Adv: 0.0080) | Train Acc: 0.9479 | Val Acc: 0.5769 | Val P/R/F1 (Macro): 0.6190/0.7083/0.6162 | LR: 0.000001
Epoch [57/100] | Loss: 1.0144 (Cls: 1.0148, TAL: -0.0110, Adv: 0.0034) | Train Acc: 0.8958 | Val Acc: 0.5769 | Val P/R/F1 (Macro): 0.6190/0.7083/0.6162 | LR: 0.000001
Epoch [58/100] | Loss: 1.1166 (Cls: 1.1170, TAL: -0.0122, Adv: 0.0044) | Train Acc: 0.8438 | Val Acc: 0.5769 | Val P/R/F1 (Macro): 0.6190/0.7083/0.6162 | LR: 0.000001
Epoch [59/100] | Loss: 0.8911 (Cls: 0.8918, TAL: -0.0185, Adv: 0.0038) | Train Acc: 0.9375 | Val Acc: 0.5769 | Val P/R/F1 (Macro): 0.6190/0.7083/0.6162 | LR: 0.000001
Epoch [60/100] | Loss: 1.0543 (Cls: 1.0589, TAL: -0.0979, Adv: 0.0048) | Train Acc: 0.8438 | Val Acc: 0.5769 | Val P/R/F1 (Macro): 0.6092/0.7083/0.6110 | LR: 0.000001
Epoch [61/100] | Loss: 0.9500 (Cls: 0.9547, TAL: -0.0998, Adv: 0.0060) | Train Acc: 0.9375 | Val Acc: 0.6154 | Val P/R/F1 (Macro): 0.8314/0.7417/0.6726 | LR: 0.000001
Epoch [62/100] | Loss: 1.0751 (Cls: 1.0756, TAL: -0.0144, Adv: 0.0055) | Train Acc: 0.8438 | Val Acc: 0.6154 | Val P/R/F1 (Macro): 0.8314/0.7417/0.6726 | LR: 0.000001
Epoch [63/100] | Loss: 0.9585 (Cls: 0.9614, TAL: -0.0638, Adv: 0.0057) | Train Acc: 0.8958 | Val Acc: 0.5769 | Val P/R/F1 (Macro): 0.6190/0.7083/0.6162 | LR: 0.000001
Epoch [64/100] | Loss: 0.9895 (Cls: 0.9933, TAL: -0.0808, Adv: 0.0037) | Train Acc: 0.8958 | Val Acc: 0.6154 | Val P/R/F1 (Macro): 0.7908/0.7417/0.6773 | LR: 0.000001
Epoch [65/100] | Loss: 0.9829 (Cls: 0.9846, TAL: -0.0371, Adv: 0.0043) | Train Acc: 0.8958 | Val Acc: 0.5769 | Val P/R/F1 (Macro): 0.6190/0.7083/0.6162 | LR: 0.000001
Epoch [66/100] | Loss: 1.0203 (Cls: 1.0211, TAL: -0.0196, Adv: 0.0027) | Train Acc: 0.9062 | Val Acc: 0.5769 | Val P/R/F1 (Macro): 0.8264/0.6583/0.6115 | LR: 0.000001
Epoch [67/100] | Loss: 1.0354 (Cls: 1.0382, TAL: -0.0598, Adv: 0.0043) | Train Acc: 0.8542 | Val Acc: 0.6154 | Val P/R/F1 (Macro): 0.8413/0.7417/0.6778 | LR: 0.000001
Epoch [68/100] | Loss: 0.9676 (Cls: 0.9688, TAL: -0.0271, Adv: 0.0035) | Train Acc: 0.9167 | Val Acc: 0.5769 | Val P/R/F1 (Macro): 0.8264/0.6583/0.6115 | LR: 0.000001
Epoch [69/100] | Loss: 0.9488 (Cls: 0.9499, TAL: -0.0243, Adv: 0.0030) | Train Acc: 0.9167 | Val Acc: 0.6154 | Val P/R/F1 (Macro): 0.8413/0.7417/0.6778 | LR: 0.000001
Epoch [70/100] | Loss: 0.9217 (Cls: 0.9237, TAL: -0.0445, Adv: 0.0034) | Train Acc: 0.9375 | Val Acc: 0.5769 | Val P/R/F1 (Macro): 0.7857/0.7208/0.6148 | LR: 0.000001
Epoch [71/100] | Loss: 0.9204 (Cls: 0.9193, TAL: 0.0177, Adv: 0.0033) | Train Acc: 0.9375 | Val Acc: 0.6154 | Val P/R/F1 (Macro): 0.8413/0.7417/0.6778 | LR: 0.000001
Epoch [72/100] | Loss: 0.9244 (Cls: 0.9259, TAL: -0.0313, Adv: 0.0024) | Train Acc: 0.9167 | Val Acc: 0.6154 | Val P/R/F1 (Macro): 0.8413/0.7417/0.6778 | LR: 0.000001
Epoch [73/100] | Loss: 1.0474 (Cls: 1.0520, TAL: -0.0933, Adv: 0.0023) | Train Acc: 0.8542 | Val Acc: 0.6154 | Val P/R/F1 (Macro): 0.8413/0.7417/0.6778 | LR: 0.000001
Epoch [74/100] | Loss: 0.9226 (Cls: 0.9241, TAL: -0.0326, Adv: 0.0019) | Train Acc: 0.9479 | Val Acc: 0.5769 | Val P/R/F1 (Macro): 0.5833/0.7083/0.5955 | LR: 0.000001
Epoch [75/100] | Loss: 1.1286 (Cls: 1.1269, TAL: 0.0317, Adv: 0.0019) | Train Acc: 0.8438 | Val Acc: 0.6154 | Val P/R/F1 (Macro): 0.6528/0.7292/0.6515 | LR: 0.000001
Epoch [76/100] | Loss: 0.9737 (Cls: 0.9747, TAL: -0.0219, Adv: 0.0023) | Train Acc: 0.8958 | Val Acc: 0.6154 | Val P/R/F1 (Macro): 0.6528/0.7292/0.6515 | LR: 0.000001
Epoch [77/100] | Loss: 0.9616 (Cls: 0.9622, TAL: -0.0141, Adv: 0.0018) | Train Acc: 0.8958 | Val Acc: 0.6154 | Val P/R/F1 (Macro): 0.6528/0.7292/0.6515 | LR: 0.000001
Epoch [78/100] | Loss: 0.8821 (Cls: 0.8860, TAL: -0.0813, Adv: 0.0031) | Train Acc: 0.9479 | Val Acc: 0.5769 | Val P/R/F1 (Macro): 0.6190/0.7083/0.6162 | LR: 0.000001
Epoch [79/100] | Loss: 0.9856 (Cls: 0.9872, TAL: -0.0335, Adv: 0.0022) | Train Acc: 0.8646 | Val Acc: 0.5769 | Val P/R/F1 (Macro): 0.6190/0.7083/0.6162 | LR: 0.000001
Epoch [80/100] | Loss: 0.8845 (Cls: 0.8848, TAL: -0.0097, Adv: 0.0019) | Train Acc: 0.9792 | Val Acc: 0.6154 | Val P/R/F1 (Macro): 0.6528/0.7292/0.6515 | LR: 0.000001
Epoch [81/100] | Loss: 0.9672 (Cls: 0.9681, TAL: -0.0214, Adv: 0.0022) | Train Acc: 0.8958 | Val Acc: 0.6154 | Val P/R/F1 (Macro): 0.6528/0.7292/0.6515 | LR: 0.000001
Epoch [82/100] | Loss: 0.8955 (Cls: 0.8964, TAL: -0.0204, Adv: 0.0025) | Train Acc: 0.9583 | Val Acc: 0.6154 | Val P/R/F1 (Macro): 0.6528/0.7292/0.6515 | LR: 0.000001
Epoch [83/100] | Loss: 0.9412 (Cls: 0.9435, TAL: -0.0489, Adv: 0.0026) | Train Acc: 0.9167 | Val Acc: 0.6154 | Val P/R/F1 (Macro): 0.6528/0.7292/0.6515 | LR: 0.000001
Epoch [84/100] | Loss: 0.9555 (Cls: 0.9569, TAL: -0.0290, Adv: 0.0021) | Train Acc: 0.9167 | Val Acc: 0.6154 | Val P/R/F1 (Macro): 0.8413/0.6792/0.6465 | LR: 0.000001
Epoch [85/100] | Loss: 0.9813 (Cls: 0.9832, TAL: -0.0403, Adv: 0.0016) | Train Acc: 0.8958 | Val Acc: 0.6154 | Val P/R/F1 (Macro): 0.6528/0.7292/0.6515 | LR: 0.000001
Epoch [86/100] | Loss: 0.8623 (Cls: 0.8621, TAL: 0.0017, Adv: 0.0022) | Train Acc: 0.9583 | Val Acc: 0.6154 | Val P/R/F1 (Macro): 0.6528/0.7292/0.6515 | LR: 0.000001
Epoch [87/100] | Loss: 0.8551 (Cls: 0.8587, TAL: -0.0740, Adv: 0.0021) | Train Acc: 0.9896 | Val Acc: 0.6538 | Val P/R/F1 (Macro): 0.8611/0.7625/0.7146 | LR: 0.000001
Epoch [88/100] | Loss: 0.9491 (Cls: 0.9488, TAL: 0.0042, Adv: 0.0020) | Train Acc: 0.9375 | Val Acc: 0.6154 | Val P/R/F1 (Macro): 0.8413/0.6792/0.6465 | LR: 0.000001
Epoch [89/100] | Loss: 0.9729 (Cls: 0.9771, TAL: -0.0846, Adv: 0.0018) | Train Acc: 0.9062 | Val Acc: 0.6538 | Val P/R/F1 (Macro): 0.8611/0.7625/0.7146 | LR: 0.000001
Epoch [90/100] | Loss: 0.8958 (Cls: 0.8970, TAL: -0.0274, Adv: 0.0017) | Train Acc: 0.9375 | Val Acc: 0.6154 | Val P/R/F1 (Macro): 0.6528/0.7292/0.6515 | LR: 0.000001
Epoch [91/100] | Loss: 0.9190 (Cls: 0.9218, TAL: -0.0562, Adv: 0.0016) | Train Acc: 0.9479 | Val Acc: 0.6154 | Val P/R/F1 (Macro): 0.6528/0.7292/0.6515 | LR: 0.000001
Epoch [92/100] | Loss: 0.9319 (Cls: 0.9378, TAL: -0.1199, Adv: 0.0019) | Train Acc: 0.9167 | Val Acc: 0.5769 | Val P/R/F1 (Macro): 0.6190/0.7083/0.6162 | LR: 0.000001
Epoch [93/100] | Loss: 0.9654 (Cls: 0.9660, TAL: -0.0122, Adv: 0.0016) | Train Acc: 0.9271 | Val Acc: 0.6154 | Val P/R/F1 (Macro): 0.6528/0.7292/0.6515 | LR: 0.000001
Epoch [94/100] | Loss: 1.0794 (Cls: 1.0804, TAL: -0.0217, Adv: 0.0017) | Train Acc: 0.8854 | Val Acc: 0.6154 | Val P/R/F1 (Macro): 0.6528/0.7292/0.6515 | LR: 0.000001
Epoch [95/100] | Loss: 0.9381 (Cls: 0.9448, TAL: -0.1347, Adv: 0.0016) | Train Acc: 0.9062 | Val Acc: 0.6154 | Val P/R/F1 (Macro): 0.6528/0.7292/0.6515 | LR: 0.000001
Epoch [96/100] | Loss: 0.9599 (Cls: 0.9623, TAL: -0.0486, Adv: 0.0019) | Train Acc: 0.9375 | Val Acc: 0.5769 | Val P/R/F1 (Macro): 0.6190/0.7083/0.6162 | LR: 0.000001
Epoch [97/100] | Loss: 0.9501 (Cls: 0.9505, TAL: -0.0098, Adv: 0.0015) | Train Acc: 0.9062 | Val Acc: 0.6154 | Val P/R/F1 (Macro): 0.6528/0.7292/0.6515 | LR: 0.000001
Epoch [98/100] | Loss: 0.9611 (Cls: 0.9622, TAL: -0.0233, Adv: 0.0016) | Train Acc: 0.9375 | Val Acc: 0.6154 | Val P/R/F1 (Macro): 0.6528/0.7292/0.6515 | LR: 0.000001
Epoch [99/100] | Loss: 0.9726 (Cls: 0.9734, TAL: -0.0172, Adv: 0.0013) | Train Acc: 0.8854 | Val Acc: 0.6154 | Val P/R/F1 (Macro): 0.6328/0.7292/0.6507 | LR: 0.000001
Epoch [100/100] | Loss: 0.8716 (Cls: 0.8714, TAL: 0.0025, Adv: 0.0015) | Train Acc: 0.9479 | Val Acc: 0.5769 | Val P/R/F1 (Macro): 0.6329/0.6458/0.5833 | LR: 0.000001
Report strategy: last_window, window=10, reported_acc=0.6038, best_acc=0.6538

迭代 5 报告指标:
  Accuracy: 0.6038
  Precision (Macro): 0.6421
  Recall (Macro): 0.7167
  F1 (Macro): 0.6375
  Precision (Micro): 0.6038
  Recall (Micro): 0.6038
  F1 (Micro): 0.6038
  Val class coverage: 6/14 (0.4286), samples=26

================================================================================
5次迭代统计结果
================================================================================

accuracy:
  各迭代值: ['0.8846', '0.6154', '0.4731', '0.7231', '0.6038']
  均值 (Mean): 0.6600
  标准差 (Std): 0.1375

precision_macro:
  各迭代值: ['0.9090', '0.6981', '0.3474', '0.7286', '0.6421']
  均值 (Mean): 0.6650
  标准差 (Std): 0.1823

recall_macro:
  各迭代值: ['0.8750', '0.7417', '0.5433', '0.7750', '0.7167']
  均值 (Mean): 0.7303
  标准差 (Std): 0.1079

f1_macro:
  各迭代值: ['0.8659', '0.6315', '0.3976', '0.7091', '0.6375']
  均值 (Mean): 0.6483
  标准差 (Std): 0.1512

precision_micro:
  各迭代值: ['0.8846', '0.6154', '0.4731', '0.7231', '0.6038']
  均值 (Mean): 0.6600
  标准差 (Std): 0.1375

recall_micro:
  各迭代值: ['0.8846', '0.6154', '0.4731', '0.7231', '0.6038']
  均值 (Mean): 0.6600
  标准差 (Std): 0.1375

f1_micro:
  各迭代值: ['0.8846', '0.6154', '0.4731', '0.7231', '0.6038']
  均值 (Mean): 0.6600
  标准差 (Std): 0.1375

val_class_coverage:
  各迭代值: ['0.4286', '0.4286', '0.4286', '0.4286', '0.4286']
  均值 (Mean): 0.4286
  标准差 (Std): 0.0000

val_present_classes:
  各迭代值: ['6.0000', '6.0000', '6.0000', '6.0000', '6.0000']
  均值 (Mean): 6.0000
  标准差 (Std): 0.0000

val_total_classes:
  各迭代值: ['14.0000', '14.0000', '14.0000', '14.0000', '14.0000']
  均值 (Mean): 14.0000
  标准差 (Std): 0.0000

val_samples:
  各迭代值: ['26.0000', '26.0000', '26.0000', '26.0000', '26.0000']
  均值 (Mean): 26.0000
  标准差 (Std): 0.0000

训练结束时间: 2026-07-13 18:34:55
================================================================================
