================================================================================
模块消融实验 - without_tensor_without_ot
目标域天气: 雾天
训练开始时间: 2026-07-09 22:05:40
设备: cuda
源域: /home/lixiang/lx/Data/晴天
目标域: /home/lixiang/lx/Data/雾天
批次大小: 32
总轮数: 100
迭代次数: 5
使用Tensor模块: 否
使用OT模块: 否
特征融合方式: 通道拼接
域对齐方式: 常规对抗
================================================================================

================================================================================
迭代 1/5
随机种子: 42
================================================================================
Training mode: unsupervised target adaptation (target labels ignored in training).
Feature fusion: Channel concatenation (512+512); fused_dim=1024
Domain adaptation: standard source-target adversarial training, no generator
Loss weights: tensor=0.00, adv=0.15
Epoch [1/100] | Loss: 2.4810 (Cls: 2.3523, TAL: 0.0000, Adv: 0.8579) | Train Acc: 0.2861 | Val Acc: 0.1565 | Val P/R/F1 (Macro): 0.0892/0.1827/0.0968 | LR: 0.000010
  >>> New Best Val Acc: 0.1565
Epoch [2/100] | Loss: 1.7666 (Cls: 1.6541, TAL: 0.0000, Adv: 0.7501) | Train Acc: 0.5721 | Val Acc: 0.1913 | Val P/R/F1 (Macro): 0.1612/0.2491/0.1713 | LR: 0.000010
  >>> New Best Val Acc: 0.1913
Epoch [3/100] | Loss: 1.5036 (Cls: 1.3997, TAL: 0.0000, Adv: 0.6924) | Train Acc: 0.6779 | Val Acc: 0.1565 | Val P/R/F1 (Macro): 0.2352/0.1820/0.1420 | LR: 0.000010
Epoch [4/100] | Loss: 1.2865 (Cls: 1.1827, TAL: 0.0000, Adv: 0.6926) | Train Acc: 0.7428 | Val Acc: 0.2870 | Val P/R/F1 (Macro): 0.3534/0.2474/0.1866 | LR: 0.000010
  >>> New Best Val Acc: 0.2870
Epoch [5/100] | Loss: 1.1521 (Cls: 1.0473, TAL: 0.0000, Adv: 0.6986) | Train Acc: 0.8221 | Val Acc: 0.2087 | Val P/R/F1 (Macro): 0.3015/0.2430/0.1825 | LR: 0.000010
Epoch [6/100] | Loss: 1.0426 (Cls: 0.9425, TAL: 0.0000, Adv: 0.6676) | Train Acc: 0.8822 | Val Acc: 0.1739 | Val P/R/F1 (Macro): 0.1175/0.1913/0.1177 | LR: 0.000010
Epoch [7/100] | Loss: 0.9753 (Cls: 0.8775, TAL: 0.0000, Adv: 0.6516) | Train Acc: 0.9087 | Val Acc: 0.3043 | Val P/R/F1 (Macro): 0.5576/0.3582/0.3045 | LR: 0.000010
  >>> New Best Val Acc: 0.3043
Epoch [8/100] | Loss: 1.0069 (Cls: 0.9140, TAL: 0.0000, Adv: 0.6197) | Train Acc: 0.8750 | Val Acc: 0.3043 | Val P/R/F1 (Macro): 0.2782/0.2951/0.2083 | LR: 0.000010
Epoch [9/100] | Loss: 0.8838 (Cls: 0.7951, TAL: 0.0000, Adv: 0.5912) | Train Acc: 0.9399 | Val Acc: 0.4174 | Val P/R/F1 (Macro): 0.3476/0.3544/0.3260 | LR: 0.000010
  >>> New Best Val Acc: 0.4174
Epoch [10/100] | Loss: 0.9123 (Cls: 0.8309, TAL: 0.0000, Adv: 0.5423) | Train Acc: 0.9279 | Val Acc: 0.2696 | Val P/R/F1 (Macro): 0.2740/0.2507/0.1793 | LR: 0.000010
Epoch [11/100] | Loss: 0.8586 (Cls: 0.7868, TAL: 0.0000, Adv: 0.4783) | Train Acc: 0.9375 | Val Acc: 0.2783 | Val P/R/F1 (Macro): 0.2634/0.2707/0.2065 | LR: 0.000010
Epoch [12/100] | Loss: 0.8644 (Cls: 0.8030, TAL: 0.0000, Adv: 0.4093) | Train Acc: 0.9351 | Val Acc: 0.1478 | Val P/R/F1 (Macro): 0.3271/0.1686/0.1312 | LR: 0.000010
Epoch [13/100] | Loss: 0.8184 (Cls: 0.7536, TAL: 0.0000, Adv: 0.4318) | Train Acc: 0.9495 | Val Acc: 0.4609 | Val P/R/F1 (Macro): 0.3406/0.3842/0.3396 | LR: 0.000010
  >>> New Best Val Acc: 0.4609
Epoch [14/100] | Loss: 0.8088 (Cls: 0.7537, TAL: 0.0000, Adv: 0.3671) | Train Acc: 0.9519 | Val Acc: 0.2870 | Val P/R/F1 (Macro): 0.3672/0.2862/0.2362 | LR: 0.000010
Epoch [15/100] | Loss: 0.8368 (Cls: 0.7793, TAL: 0.0000, Adv: 0.3835) | Train Acc: 0.9447 | Val Acc: 0.2957 | Val P/R/F1 (Macro): 0.2484/0.3160/0.2283 | LR: 0.000010
Epoch [16/100] | Loss: 0.7936 (Cls: 0.7429, TAL: 0.0000, Adv: 0.3376) | Train Acc: 0.9543 | Val Acc: 0.3826 | Val P/R/F1 (Macro): 0.4164/0.3467/0.3223 | LR: 0.000010
Epoch [17/100] | Loss: 0.8224 (Cls: 0.7649, TAL: 0.0000, Adv: 0.3833) | Train Acc: 0.9471 | Val Acc: 0.3913 | Val P/R/F1 (Macro): 0.4189/0.3723/0.3363 | LR: 0.000010
Epoch [18/100] | Loss: 0.8070 (Cls: 0.7480, TAL: 0.0000, Adv: 0.3934) | Train Acc: 0.9639 | Val Acc: 0.4261 | Val P/R/F1 (Macro): 0.4068/0.3982/0.3450 | LR: 0.000010
Epoch [19/100] | Loss: 0.7774 (Cls: 0.6984, TAL: 0.0000, Adv: 0.5269) | Train Acc: 0.9808 | Val Acc: 0.4696 | Val P/R/F1 (Macro): 0.4541/0.4220/0.4022 | LR: 0.000010
  >>> New Best Val Acc: 0.4696
Epoch [20/100] | Loss: 0.8334 (Cls: 0.7501, TAL: 0.0000, Adv: 0.5551) | Train Acc: 0.9543 | Val Acc: 0.3826 | Val P/R/F1 (Macro): 0.3150/0.3416/0.2871 | LR: 0.000010
Epoch [21/100] | Loss: 0.8015 (Cls: 0.7333, TAL: 0.0000, Adv: 0.4552) | Train Acc: 0.9567 | Val Acc: 0.2348 | Val P/R/F1 (Macro): 0.2944/0.1940/0.1908 | LR: 0.000010
Epoch [22/100] | Loss: 0.8026 (Cls: 0.6994, TAL: 0.0000, Adv: 0.6880) | Train Acc: 0.9760 | Val Acc: 0.4348 | Val P/R/F1 (Macro): 0.5046/0.3798/0.4133 | LR: 0.000010
Epoch [23/100] | Loss: 0.8379 (Cls: 0.7259, TAL: 0.0000, Adv: 0.7470) | Train Acc: 0.9495 | Val Acc: 0.3826 | Val P/R/F1 (Macro): 0.4297/0.3365/0.3038 | LR: 0.000010
Epoch [24/100] | Loss: 0.7835 (Cls: 0.6883, TAL: 0.0000, Adv: 0.6350) | Train Acc: 0.9784 | Val Acc: 0.4087 | Val P/R/F1 (Macro): 0.4358/0.4120/0.3882 | LR: 0.000010
Epoch [25/100] | Loss: 0.7718 (Cls: 0.6939, TAL: 0.0000, Adv: 0.5188) | Train Acc: 0.9760 | Val Acc: 0.3739 | Val P/R/F1 (Macro): 0.3942/0.3402/0.3182 | LR: 0.000010
Epoch [26/100] | Loss: 0.7658 (Cls: 0.6975, TAL: 0.0000, Adv: 0.4555) | Train Acc: 0.9808 | Val Acc: 0.4609 | Val P/R/F1 (Macro): 0.4425/0.4246/0.3891 | LR: 0.000010
Epoch [27/100] | Loss: 0.7389 (Cls: 0.6787, TAL: 0.0000, Adv: 0.4010) | Train Acc: 0.9784 | Val Acc: 0.3739 | Val P/R/F1 (Macro): 0.3751/0.3382/0.3007 | LR: 0.000010
Epoch [28/100] | Loss: 0.7167 (Cls: 0.6653, TAL: 0.0000, Adv: 0.3427) | Train Acc: 0.9856 | Val Acc: 0.4348 | Val P/R/F1 (Macro): 0.3940/0.3565/0.3243 | LR: 0.000010
Epoch [29/100] | Loss: 0.7134 (Cls: 0.6600, TAL: 0.0000, Adv: 0.3562) | Train Acc: 0.9904 | Val Acc: 0.3826 | Val P/R/F1 (Macro): 0.4375/0.3818/0.3172 | LR: 0.000010
Epoch [30/100] | Loss: 0.7201 (Cls: 0.6722, TAL: 0.0000, Adv: 0.3194) | Train Acc: 0.9856 | Val Acc: 0.3217 | Val P/R/F1 (Macro): 0.3238/0.2733/0.2501 | LR: 0.000005
Epoch [31/100] | Loss: 0.7062 (Cls: 0.6648, TAL: 0.0000, Adv: 0.2763) | Train Acc: 0.9856 | Val Acc: 0.3565 | Val P/R/F1 (Macro): 0.3201/0.3042/0.2589 | LR: 0.000005
Epoch [32/100] | Loss: 0.6906 (Cls: 0.6526, TAL: 0.0000, Adv: 0.2530) | Train Acc: 0.9904 | Val Acc: 0.3391 | Val P/R/F1 (Macro): 0.3262/0.3161/0.2673 | LR: 0.000005
Epoch [33/100] | Loss: 0.6891 (Cls: 0.6575, TAL: 0.0000, Adv: 0.2103) | Train Acc: 0.9832 | Val Acc: 0.3913 | Val P/R/F1 (Macro): 0.3817/0.3460/0.2801 | LR: 0.000005
Epoch [34/100] | Loss: 0.6766 (Cls: 0.6379, TAL: 0.0000, Adv: 0.2584) | Train Acc: 0.9928 | Val Acc: 0.4087 | Val P/R/F1 (Macro): 0.3213/0.3639/0.3038 | LR: 0.000005
Epoch [35/100] | Loss: 0.6770 (Cls: 0.6326, TAL: 0.0000, Adv: 0.2965) | Train Acc: 0.9904 | Val Acc: 0.4435 | Val P/R/F1 (Macro): 0.4494/0.3698/0.3333 | LR: 0.000005
Epoch [36/100] | Loss: 0.6751 (Cls: 0.6329, TAL: 0.0000, Adv: 0.2814) | Train Acc: 0.9952 | Val Acc: 0.3652 | Val P/R/F1 (Macro): 0.3453/0.3086/0.2723 | LR: 0.000005
Epoch [37/100] | Loss: 0.6687 (Cls: 0.6310, TAL: 0.0000, Adv: 0.2508) | Train Acc: 0.9976 | Val Acc: 0.3826 | Val P/R/F1 (Macro): 0.3567/0.3104/0.2909 | LR: 0.000005
Epoch [38/100] | Loss: 0.6787 (Cls: 0.6432, TAL: 0.0000, Adv: 0.2361) | Train Acc: 0.9784 | Val Acc: 0.4087 | Val P/R/F1 (Macro): 0.3298/0.3554/0.2932 | LR: 0.000005
Epoch [39/100] | Loss: 0.6805 (Cls: 0.6427, TAL: 0.0000, Adv: 0.2524) | Train Acc: 0.9880 | Val Acc: 0.3652 | Val P/R/F1 (Macro): 0.3139/0.3584/0.2926 | LR: 0.000005
Epoch [40/100] | Loss: 0.7026 (Cls: 0.6413, TAL: 0.0000, Adv: 0.4086) | Train Acc: 0.9928 | Val Acc: 0.4609 | Val P/R/F1 (Macro): 0.4043/0.3801/0.3187 | LR: 0.000005
Epoch [41/100] | Loss: 0.6974 (Cls: 0.6352, TAL: 0.0000, Adv: 0.4147) | Train Acc: 0.9928 | Val Acc: 0.3478 | Val P/R/F1 (Macro): 0.3150/0.3093/0.2699 | LR: 0.000003
Epoch [42/100] | Loss: 0.7070 (Cls: 0.6295, TAL: 0.0000, Adv: 0.5166) | Train Acc: 0.9952 | Val Acc: 0.3739 | Val P/R/F1 (Macro): 0.2886/0.3465/0.2735 | LR: 0.000003
Epoch [43/100] | Loss: 0.6772 (Cls: 0.6222, TAL: 0.0000, Adv: 0.3669) | Train Acc: 0.9952 | Val Acc: 0.4174 | Val P/R/F1 (Macro): 0.3327/0.3683/0.3188 | LR: 0.000003
Epoch [44/100] | Loss: 0.6774 (Cls: 0.6259, TAL: 0.0000, Adv: 0.3434) | Train Acc: 0.9952 | Val Acc: 0.4696 | Val P/R/F1 (Macro): 0.3838/0.3805/0.3468 | LR: 0.000003
Epoch [45/100] | Loss: 0.6711 (Cls: 0.6256, TAL: 0.0000, Adv: 0.3034) | Train Acc: 0.9928 | Val Acc: 0.4522 | Val P/R/F1 (Macro): 0.3762/0.3688/0.3343 | LR: 0.000003
Epoch [46/100] | Loss: 0.6620 (Cls: 0.6220, TAL: 0.0000, Adv: 0.2670) | Train Acc: 0.9952 | Val Acc: 0.3913 | Val P/R/F1 (Macro): 0.3020/0.3625/0.2857 | LR: 0.000003
Epoch [47/100] | Loss: 0.6532 (Cls: 0.6194, TAL: 0.0000, Adv: 0.2252) | Train Acc: 1.0000 | Val Acc: 0.4000 | Val P/R/F1 (Macro): 0.3040/0.3444/0.2923 | LR: 0.000003
Epoch [48/100] | Loss: 0.6524 (Cls: 0.6232, TAL: 0.0000, Adv: 0.1944) | Train Acc: 0.9952 | Val Acc: 0.4348 | Val P/R/F1 (Macro): 0.3773/0.3713/0.3357 | LR: 0.000003
Epoch [49/100] | Loss: 0.6509 (Cls: 0.6152, TAL: 0.0000, Adv: 0.2385) | Train Acc: 0.9976 | Val Acc: 0.3217 | Val P/R/F1 (Macro): 0.3352/0.2750/0.2758 | LR: 0.000003
Epoch [50/100] | Loss: 0.7010 (Cls: 0.6159, TAL: 0.0000, Adv: 0.5671) | Train Acc: 1.0000 | Val Acc: 0.3913 | Val P/R/F1 (Macro): 0.3179/0.3483/0.2888 | LR: 0.000003
Epoch [51/100] | Loss: 0.7144 (Cls: 0.6367, TAL: 0.0000, Adv: 0.5180) | Train Acc: 0.9928 | Val Acc: 0.3565 | Val P/R/F1 (Macro): 0.3275/0.3388/0.2882 | LR: 0.000003
Epoch [52/100] | Loss: 0.6987 (Cls: 0.6236, TAL: 0.0000, Adv: 0.5008) | Train Acc: 1.0000 | Val Acc: 0.3565 | Val P/R/F1 (Macro): 0.3197/0.3296/0.2680 | LR: 0.000001
Epoch [53/100] | Loss: 0.6876 (Cls: 0.6249, TAL: 0.0000, Adv: 0.4182) | Train Acc: 1.0000 | Val Acc: 0.3739 | Val P/R/F1 (Macro): 0.3836/0.3395/0.2992 | LR: 0.000001
Epoch [54/100] | Loss: 0.6613 (Cls: 0.6177, TAL: 0.0000, Adv: 0.2910) | Train Acc: 1.0000 | Val Acc: 0.3739 | Val P/R/F1 (Macro): 0.3712/0.3397/0.2920 | LR: 0.000001
Epoch [55/100] | Loss: 0.6449 (Cls: 0.6164, TAL: 0.0000, Adv: 0.1900) | Train Acc: 0.9976 | Val Acc: 0.3565 | Val P/R/F1 (Macro): 0.3175/0.3292/0.2682 | LR: 0.000001
Epoch [56/100] | Loss: 0.6426 (Cls: 0.6236, TAL: 0.0000, Adv: 0.1262) | Train Acc: 0.9952 | Val Acc: 0.3652 | Val P/R/F1 (Macro): 0.3129/0.3351/0.2804 | LR: 0.000001
Epoch [57/100] | Loss: 0.6320 (Cls: 0.6138, TAL: 0.0000, Adv: 0.1214) | Train Acc: 0.9976 | Val Acc: 0.3913 | Val P/R/F1 (Macro): 0.3238/0.3448/0.3005 | LR: 0.000001
Epoch [58/100] | Loss: 0.6434 (Cls: 0.6163, TAL: 0.0000, Adv: 0.1805) | Train Acc: 1.0000 | Val Acc: 0.3652 | Val P/R/F1 (Macro): 0.3399/0.3375/0.2871 | LR: 0.000001
Epoch [59/100] | Loss: 0.6392 (Cls: 0.6110, TAL: 0.0000, Adv: 0.1882) | Train Acc: 1.0000 | Val Acc: 0.3043 | Val P/R/F1 (Macro): 0.2945/0.3034/0.2398 | LR: 0.000001
Epoch [60/100] | Loss: 0.6450 (Cls: 0.6175, TAL: 0.0000, Adv: 0.1834) | Train Acc: 0.9976 | Val Acc: 0.3652 | Val P/R/F1 (Macro): 0.3048/0.3373/0.2791 | LR: 0.000001
Epoch [61/100] | Loss: 0.6522 (Cls: 0.6184, TAL: 0.0000, Adv: 0.2253) | Train Acc: 0.9976 | Val Acc: 0.4000 | Val P/R/F1 (Macro): 0.3871/0.3615/0.3030 | LR: 0.000001
Epoch [62/100] | Loss: 0.6368 (Cls: 0.6120, TAL: 0.0000, Adv: 0.1658) | Train Acc: 1.0000 | Val Acc: 0.3478 | Val P/R/F1 (Macro): 0.3035/0.3112/0.2585 | LR: 0.000001
Epoch [63/100] | Loss: 0.6253 (Cls: 0.6052, TAL: 0.0000, Adv: 0.1342) | Train Acc: 1.0000 | Val Acc: 0.3913 | Val P/R/F1 (Macro): 0.3155/0.3410/0.2967 | LR: 0.000001
Epoch [64/100] | Loss: 0.6370 (Cls: 0.6173, TAL: 0.0000, Adv: 0.1308) | Train Acc: 0.9952 | Val Acc: 0.4174 | Val P/R/F1 (Macro): 0.4241/0.3597/0.3214 | LR: 0.000001
Epoch [65/100] | Loss: 0.6318 (Cls: 0.6176, TAL: 0.0000, Adv: 0.0945) | Train Acc: 0.9976 | Val Acc: 0.4087 | Val P/R/F1 (Macro): 0.4296/0.3508/0.3138 | LR: 0.000001
Epoch [66/100] | Loss: 0.6404 (Cls: 0.6191, TAL: 0.0000, Adv: 0.1414) | Train Acc: 0.9952 | Val Acc: 0.4000 | Val P/R/F1 (Macro): 0.3132/0.3511/0.2922 | LR: 0.000001
Epoch [67/100] | Loss: 0.6256 (Cls: 0.6095, TAL: 0.0000, Adv: 0.1079) | Train Acc: 1.0000 | Val Acc: 0.4174 | Val P/R/F1 (Macro): 0.4441/0.3561/0.3129 | LR: 0.000001
Epoch [68/100] | Loss: 0.6191 (Cls: 0.6093, TAL: 0.0000, Adv: 0.0654) | Train Acc: 0.9976 | Val Acc: 0.4000 | Val P/R/F1 (Macro): 0.3052/0.3414/0.2884 | LR: 0.000001
Epoch [69/100] | Loss: 0.6253 (Cls: 0.6138, TAL: 0.0000, Adv: 0.0765) | Train Acc: 0.9976 | Val Acc: 0.4174 | Val P/R/F1 (Macro): 0.3709/0.3571/0.3224 | LR: 0.000001
Epoch [70/100] | Loss: 0.6190 (Cls: 0.6008, TAL: 0.0000, Adv: 0.1212) | Train Acc: 1.0000 | Val Acc: 0.3913 | Val P/R/F1 (Macro): 0.2964/0.3364/0.2869 | LR: 0.000001
Epoch [71/100] | Loss: 0.6226 (Cls: 0.6081, TAL: 0.0000, Adv: 0.0966) | Train Acc: 1.0000 | Val Acc: 0.3913 | Val P/R/F1 (Macro): 0.2823/0.3288/0.2754 | LR: 0.000001
Epoch [72/100] | Loss: 0.6188 (Cls: 0.6047, TAL: 0.0000, Adv: 0.0938) | Train Acc: 1.0000 | Val Acc: 0.4174 | Val P/R/F1 (Macro): 0.2992/0.3527/0.2969 | LR: 0.000001
Epoch [73/100] | Loss: 0.6291 (Cls: 0.6163, TAL: 0.0000, Adv: 0.0848) | Train Acc: 0.9952 | Val Acc: 0.4174 | Val P/R/F1 (Macro): 0.3064/0.3567/0.2998 | LR: 0.000001
Epoch [74/100] | Loss: 0.6337 (Cls: 0.6210, TAL: 0.0000, Adv: 0.0843) | Train Acc: 0.9928 | Val Acc: 0.4174 | Val P/R/F1 (Macro): 0.3072/0.3524/0.2992 | LR: 0.000001
Epoch [75/100] | Loss: 0.6182 (Cls: 0.6039, TAL: 0.0000, Adv: 0.0954) | Train Acc: 1.0000 | Val Acc: 0.4609 | Val P/R/F1 (Macro): 0.3351/0.3847/0.3314 | LR: 0.000001
Epoch [76/100] | Loss: 0.6192 (Cls: 0.6046, TAL: 0.0000, Adv: 0.0976) | Train Acc: 1.0000 | Val Acc: 0.4522 | Val P/R/F1 (Macro): 0.4307/0.3766/0.3402 | LR: 0.000001
Epoch [77/100] | Loss: 0.6240 (Cls: 0.6109, TAL: 0.0000, Adv: 0.0880) | Train Acc: 0.9976 | Val Acc: 0.4174 | Val P/R/F1 (Macro): 0.3010/0.3483/0.3000 | LR: 0.000001
Epoch [78/100] | Loss: 0.6194 (Cls: 0.6063, TAL: 0.0000, Adv: 0.0877) | Train Acc: 0.9976 | Val Acc: 0.4261 | Val P/R/F1 (Macro): 0.3223/0.3577/0.3122 | LR: 0.000001
Epoch [79/100] | Loss: 0.6218 (Cls: 0.6072, TAL: 0.0000, Adv: 0.0970) | Train Acc: 0.9976 | Val Acc: 0.3826 | Val P/R/F1 (Macro): 0.2939/0.3289/0.2750 | LR: 0.000001
Epoch [80/100] | Loss: 0.6307 (Cls: 0.6124, TAL: 0.0000, Adv: 0.1219) | Train Acc: 0.9952 | Val Acc: 0.4000 | Val P/R/F1 (Macro): 0.2914/0.3326/0.2827 | LR: 0.000001
Epoch [81/100] | Loss: 0.6246 (Cls: 0.6048, TAL: 0.0000, Adv: 0.1317) | Train Acc: 0.9952 | Val Acc: 0.3913 | Val P/R/F1 (Macro): 0.2959/0.3450/0.2867 | LR: 0.000001
Epoch [82/100] | Loss: 0.6268 (Cls: 0.6063, TAL: 0.0000, Adv: 0.1363) | Train Acc: 0.9976 | Val Acc: 0.4000 | Val P/R/F1 (Macro): 0.3195/0.3529/0.2952 | LR: 0.000001
Epoch [83/100] | Loss: 0.6320 (Cls: 0.6049, TAL: 0.0000, Adv: 0.1810) | Train Acc: 1.0000 | Val Acc: 0.4261 | Val P/R/F1 (Macro): 0.4173/0.3903/0.3368 | LR: 0.000001
Epoch [84/100] | Loss: 0.6191 (Cls: 0.6038, TAL: 0.0000, Adv: 0.1023) | Train Acc: 1.0000 | Val Acc: 0.4087 | Val P/R/F1 (Macro): 0.3253/0.3632/0.3018 | LR: 0.000001
Epoch [85/100] | Loss: 0.6183 (Cls: 0.6050, TAL: 0.0000, Adv: 0.0885) | Train Acc: 1.0000 | Val Acc: 0.4087 | Val P/R/F1 (Macro): 0.3877/0.3758/0.3246 | LR: 0.000001
Epoch [86/100] | Loss: 0.6238 (Cls: 0.6083, TAL: 0.0000, Adv: 0.1030) | Train Acc: 0.9976 | Val Acc: 0.4522 | Val P/R/F1 (Macro): 0.4278/0.4034/0.3628 | LR: 0.000001
Epoch [87/100] | Loss: 0.6212 (Cls: 0.6048, TAL: 0.0000, Adv: 0.1091) | Train Acc: 1.0000 | Val Acc: 0.4087 | Val P/R/F1 (Macro): 0.4496/0.3659/0.3086 | LR: 0.000001
Epoch [88/100] | Loss: 0.6316 (Cls: 0.6133, TAL: 0.0000, Adv: 0.1219) | Train Acc: 0.9904 | Val Acc: 0.3826 | Val P/R/F1 (Macro): 0.3818/0.3543/0.2904 | LR: 0.000001
Epoch [89/100] | Loss: 0.6139 (Cls: 0.6022, TAL: 0.0000, Adv: 0.0781) | Train Acc: 1.0000 | Val Acc: 0.4261 | Val P/R/F1 (Macro): 0.4081/0.3757/0.3291 | LR: 0.000001
Epoch [90/100] | Loss: 0.6159 (Cls: 0.6039, TAL: 0.0000, Adv: 0.0799) | Train Acc: 1.0000 | Val Acc: 0.4348 | Val P/R/F1 (Macro): 0.4285/0.3682/0.3338 | LR: 0.000001
Epoch [91/100] | Loss: 0.6135 (Cls: 0.6029, TAL: 0.0000, Adv: 0.0708) | Train Acc: 1.0000 | Val Acc: 0.4522 | Val P/R/F1 (Macro): 0.4232/0.4086/0.3620 | LR: 0.000001
Epoch [92/100] | Loss: 0.6170 (Cls: 0.6018, TAL: 0.0000, Adv: 0.1015) | Train Acc: 1.0000 | Val Acc: 0.4348 | Val P/R/F1 (Macro): 0.4204/0.3983/0.3480 | LR: 0.000001
Epoch [93/100] | Loss: 0.6373 (Cls: 0.6111, TAL: 0.0000, Adv: 0.1744) | Train Acc: 0.9976 | Val Acc: 0.4174 | Val P/R/F1 (Macro): 0.3834/0.3779/0.3297 | LR: 0.000001
Epoch [94/100] | Loss: 0.6227 (Cls: 0.6074, TAL: 0.0000, Adv: 0.1018) | Train Acc: 0.9976 | Val Acc: 0.4609 | Val P/R/F1 (Macro): 0.4099/0.4053/0.3653 | LR: 0.000001
Epoch [95/100] | Loss: 0.6149 (Cls: 0.6055, TAL: 0.0000, Adv: 0.0627) | Train Acc: 1.0000 | Val Acc: 0.4261 | Val P/R/F1 (Macro): 0.3661/0.3849/0.3353 | LR: 0.000001
Epoch [96/100] | Loss: 0.6197 (Cls: 0.6064, TAL: 0.0000, Adv: 0.0887) | Train Acc: 0.9976 | Val Acc: 0.4174 | Val P/R/F1 (Macro): 0.3696/0.3659/0.3133 | LR: 0.000001
Epoch [97/100] | Loss: 0.6292 (Cls: 0.6121, TAL: 0.0000, Adv: 0.1140) | Train Acc: 0.9976 | Val Acc: 0.4174 | Val P/R/F1 (Macro): 0.3993/0.3739/0.3262 | LR: 0.000001
Epoch [98/100] | Loss: 0.6258 (Cls: 0.6068, TAL: 0.0000, Adv: 0.1267) | Train Acc: 0.9976 | Val Acc: 0.4348 | Val P/R/F1 (Macro): 0.3350/0.3885/0.3330 | LR: 0.000001
Epoch [99/100] | Loss: 0.6127 (Cls: 0.6033, TAL: 0.0000, Adv: 0.0629) | Train Acc: 0.9976 | Val Acc: 0.4348 | Val P/R/F1 (Macro): 0.3902/0.3881/0.3386 | LR: 0.000001
Epoch [100/100] | Loss: 0.6092 (Cls: 0.6004, TAL: 0.0000, Adv: 0.0586) | Train Acc: 1.0000 | Val Acc: 0.4174 | Val P/R/F1 (Macro): 0.3764/0.3695/0.3314 | LR: 0.000001

迭代 1 最佳指标:
  Accuracy: 0.4696
  Precision (Macro): 0.4541
  Recall (Macro): 0.4220
  F1 (Macro): 0.4022
  Precision (Micro): 0.4696
  Recall (Micro): 0.4696
  F1 (Micro): 0.4696
  Val class coverage: 9/14 (0.6429), samples=115

================================================================================
迭代 2/5
随机种子: 43
================================================================================
Training mode: unsupervised target adaptation (target labels ignored in training).
Feature fusion: Channel concatenation (512+512); fused_dim=1024
Domain adaptation: standard source-target adversarial training, no generator
Loss weights: tensor=0.00, adv=0.15
Epoch [1/100] | Loss: 2.5451 (Cls: 2.4229, TAL: 0.0000, Adv: 0.8149) | Train Acc: 0.2596 | Val Acc: 0.0783 | Val P/R/F1 (Macro): 0.0094/0.1111/0.0174 | LR: 0.000010
  >>> New Best Val Acc: 0.0783
Epoch [2/100] | Loss: 1.9090 (Cls: 1.7924, TAL: 0.0000, Adv: 0.7774) | Train Acc: 0.5048 | Val Acc: 0.1043 | Val P/R/F1 (Macro): 0.0515/0.1947/0.0772 | LR: 0.000010
  >>> New Best Val Acc: 0.1043
Epoch [3/100] | Loss: 1.4998 (Cls: 1.3912, TAL: 0.0000, Adv: 0.7241) | Train Acc: 0.6514 | Val Acc: 0.1478 | Val P/R/F1 (Macro): 0.1798/0.1788/0.1427 | LR: 0.000010
  >>> New Best Val Acc: 0.1478
Epoch [4/100] | Loss: 1.2633 (Cls: 1.1565, TAL: 0.0000, Adv: 0.7117) | Train Acc: 0.7716 | Val Acc: 0.2783 | Val P/R/F1 (Macro): 0.3099/0.2691/0.2269 | LR: 0.000010
  >>> New Best Val Acc: 0.2783
Epoch [5/100] | Loss: 1.1433 (Cls: 1.0411, TAL: 0.0000, Adv: 0.6815) | Train Acc: 0.8221 | Val Acc: 0.2783 | Val P/R/F1 (Macro): 0.3870/0.2449/0.2284 | LR: 0.000010
Epoch [6/100] | Loss: 1.1318 (Cls: 1.0321, TAL: 0.0000, Adv: 0.6649) | Train Acc: 0.8341 | Val Acc: 0.3043 | Val P/R/F1 (Macro): 0.3944/0.3150/0.2710 | LR: 0.000010
  >>> New Best Val Acc: 0.3043
Epoch [7/100] | Loss: 1.0426 (Cls: 0.9424, TAL: 0.0000, Adv: 0.6684) | Train Acc: 0.8654 | Val Acc: 0.3391 | Val P/R/F1 (Macro): 0.3141/0.3310/0.2731 | LR: 0.000010
  >>> New Best Val Acc: 0.3391
Epoch [8/100] | Loss: 1.0237 (Cls: 0.9296, TAL: 0.0000, Adv: 0.6274) | Train Acc: 0.8846 | Val Acc: 0.1304 | Val P/R/F1 (Macro): 0.2271/0.0986/0.1011 | LR: 0.000010
Epoch [9/100] | Loss: 1.0178 (Cls: 0.9261, TAL: 0.0000, Adv: 0.6115) | Train Acc: 0.8750 | Val Acc: 0.2957 | Val P/R/F1 (Macro): 0.3635/0.3154/0.2463 | LR: 0.000010
Epoch [10/100] | Loss: 0.8685 (Cls: 0.7869, TAL: 0.0000, Adv: 0.5444) | Train Acc: 0.9423 | Val Acc: 0.0783 | Val P/R/F1 (Macro): 0.1161/0.0645/0.0822 | LR: 0.000010
Epoch [11/100] | Loss: 0.8881 (Cls: 0.8030, TAL: 0.0000, Adv: 0.5675) | Train Acc: 0.9447 | Val Acc: 0.2870 | Val P/R/F1 (Macro): 0.2971/0.3119/0.2547 | LR: 0.000010
Epoch [12/100] | Loss: 0.8474 (Cls: 0.7712, TAL: 0.0000, Adv: 0.5076) | Train Acc: 0.9399 | Val Acc: 0.2609 | Val P/R/F1 (Macro): 0.3871/0.2928/0.2525 | LR: 0.000010
Epoch [13/100] | Loss: 0.8556 (Cls: 0.7882, TAL: 0.0000, Adv: 0.4491) | Train Acc: 0.9375 | Val Acc: 0.2609 | Val P/R/F1 (Macro): 0.3265/0.2958/0.2296 | LR: 0.000010
Epoch [14/100] | Loss: 0.8655 (Cls: 0.7988, TAL: 0.0000, Adv: 0.4447) | Train Acc: 0.9303 | Val Acc: 0.4348 | Val P/R/F1 (Macro): 0.4537/0.3588/0.3880 | LR: 0.000010
  >>> New Best Val Acc: 0.4348
Epoch [15/100] | Loss: 0.8375 (Cls: 0.7773, TAL: 0.0000, Adv: 0.4013) | Train Acc: 0.9495 | Val Acc: 0.3739 | Val P/R/F1 (Macro): 0.3650/0.3458/0.3146 | LR: 0.000010
Epoch [16/100] | Loss: 0.8249 (Cls: 0.7626, TAL: 0.0000, Adv: 0.4153) | Train Acc: 0.9543 | Val Acc: 0.4087 | Val P/R/F1 (Macro): 0.4911/0.3450/0.3566 | LR: 0.000010
Epoch [17/100] | Loss: 0.8276 (Cls: 0.7675, TAL: 0.0000, Adv: 0.4005) | Train Acc: 0.9375 | Val Acc: 0.2609 | Val P/R/F1 (Macro): 0.3036/0.2555/0.2389 | LR: 0.000010
Epoch [18/100] | Loss: 0.7847 (Cls: 0.7148, TAL: 0.0000, Adv: 0.4663) | Train Acc: 0.9760 | Val Acc: 0.3739 | Val P/R/F1 (Macro): 0.3523/0.3115/0.3251 | LR: 0.000010
Epoch [19/100] | Loss: 0.8077 (Cls: 0.7105, TAL: 0.0000, Adv: 0.6477) | Train Acc: 0.9736 | Val Acc: 0.3130 | Val P/R/F1 (Macro): 0.3354/0.3445/0.2541 | LR: 0.000010
Epoch [20/100] | Loss: 0.8507 (Cls: 0.7023, TAL: 0.0000, Adv: 0.9894) | Train Acc: 0.9736 | Val Acc: 0.3913 | Val P/R/F1 (Macro): 0.3714/0.3760/0.3200 | LR: 0.000010
Epoch [21/100] | Loss: 0.7900 (Cls: 0.7005, TAL: 0.0000, Adv: 0.5969) | Train Acc: 0.9760 | Val Acc: 0.2783 | Val P/R/F1 (Macro): 0.3983/0.2536/0.2767 | LR: 0.000010
Epoch [22/100] | Loss: 0.7757 (Cls: 0.6915, TAL: 0.0000, Adv: 0.5612) | Train Acc: 0.9736 | Val Acc: 0.3739 | Val P/R/F1 (Macro): 0.4658/0.3244/0.3229 | LR: 0.000010
Epoch [23/100] | Loss: 0.7997 (Cls: 0.7273, TAL: 0.0000, Adv: 0.4825) | Train Acc: 0.9663 | Val Acc: 0.3565 | Val P/R/F1 (Macro): 0.3724/0.3364/0.3201 | LR: 0.000010
Epoch [24/100] | Loss: 0.7845 (Cls: 0.7271, TAL: 0.0000, Adv: 0.3824) | Train Acc: 0.9639 | Val Acc: 0.3478 | Val P/R/F1 (Macro): 0.3226/0.3490/0.2767 | LR: 0.000010
Epoch [25/100] | Loss: 0.7334 (Cls: 0.6843, TAL: 0.0000, Adv: 0.3278) | Train Acc: 0.9784 | Val Acc: 0.2696 | Val P/R/F1 (Macro): 0.3858/0.3113/0.2265 | LR: 0.000005
Epoch [26/100] | Loss: 0.7190 (Cls: 0.6726, TAL: 0.0000, Adv: 0.3093) | Train Acc: 0.9808 | Val Acc: 0.3478 | Val P/R/F1 (Macro): 0.4815/0.3390/0.3096 | LR: 0.000005
Epoch [27/100] | Loss: 0.7331 (Cls: 0.6815, TAL: 0.0000, Adv: 0.3440) | Train Acc: 0.9784 | Val Acc: 0.3565 | Val P/R/F1 (Macro): 0.4168/0.3385/0.3350 | LR: 0.000005
Epoch [28/100] | Loss: 0.6964 (Cls: 0.6499, TAL: 0.0000, Adv: 0.3102) | Train Acc: 0.9904 | Val Acc: 0.3043 | Val P/R/F1 (Macro): 0.3903/0.3278/0.2820 | LR: 0.000005
Epoch [29/100] | Loss: 0.7258 (Cls: 0.6726, TAL: 0.0000, Adv: 0.3544) | Train Acc: 0.9736 | Val Acc: 0.3391 | Val P/R/F1 (Macro): 0.4085/0.3220/0.2759 | LR: 0.000005
Epoch [30/100] | Loss: 0.7070 (Cls: 0.6520, TAL: 0.0000, Adv: 0.3665) | Train Acc: 0.9880 | Val Acc: 0.2870 | Val P/R/F1 (Macro): 0.3450/0.2998/0.2679 | LR: 0.000005
Epoch [31/100] | Loss: 0.7150 (Cls: 0.6621, TAL: 0.0000, Adv: 0.3528) | Train Acc: 0.9832 | Val Acc: 0.3652 | Val P/R/F1 (Macro): 0.3947/0.3458/0.3233 | LR: 0.000005
Epoch [32/100] | Loss: 0.6770 (Cls: 0.6346, TAL: 0.0000, Adv: 0.2827) | Train Acc: 0.9976 | Val Acc: 0.3391 | Val P/R/F1 (Macro): 0.4719/0.3615/0.2909 | LR: 0.000005
Epoch [33/100] | Loss: 0.6988 (Cls: 0.6537, TAL: 0.0000, Adv: 0.3006) | Train Acc: 0.9832 | Val Acc: 0.3565 | Val P/R/F1 (Macro): 0.4464/0.3590/0.3157 | LR: 0.000005
Epoch [34/100] | Loss: 0.7013 (Cls: 0.6546, TAL: 0.0000, Adv: 0.3111) | Train Acc: 0.9856 | Val Acc: 0.2609 | Val P/R/F1 (Macro): 0.2814/0.2855/0.2280 | LR: 0.000005
Epoch [35/100] | Loss: 0.6893 (Cls: 0.6374, TAL: 0.0000, Adv: 0.3458) | Train Acc: 0.9904 | Val Acc: 0.3739 | Val P/R/F1 (Macro): 0.3762/0.3561/0.3254 | LR: 0.000005
Epoch [36/100] | Loss: 0.6999 (Cls: 0.6444, TAL: 0.0000, Adv: 0.3701) | Train Acc: 0.9976 | Val Acc: 0.4000 | Val P/R/F1 (Macro): 0.3859/0.3931/0.3487 | LR: 0.000003
Epoch [37/100] | Loss: 0.6893 (Cls: 0.6451, TAL: 0.0000, Adv: 0.2950) | Train Acc: 0.9832 | Val Acc: 0.4348 | Val P/R/F1 (Macro): 0.3938/0.4225/0.3646 | LR: 0.000003
Epoch [38/100] | Loss: 0.6484 (Cls: 0.6189, TAL: 0.0000, Adv: 0.1969) | Train Acc: 0.9976 | Val Acc: 0.3217 | Val P/R/F1 (Macro): 0.3069/0.3342/0.2613 | LR: 0.000003
Epoch [39/100] | Loss: 0.6553 (Cls: 0.6317, TAL: 0.0000, Adv: 0.1570) | Train Acc: 0.9928 | Val Acc: 0.3391 | Val P/R/F1 (Macro): 0.4372/0.3511/0.3014 | LR: 0.000003
Epoch [40/100] | Loss: 0.6593 (Cls: 0.6325, TAL: 0.0000, Adv: 0.1783) | Train Acc: 0.9928 | Val Acc: 0.3217 | Val P/R/F1 (Macro): 0.3372/0.3463/0.2767 | LR: 0.000003
Epoch [41/100] | Loss: 0.7007 (Cls: 0.6457, TAL: 0.0000, Adv: 0.3666) | Train Acc: 0.9880 | Val Acc: 0.2522 | Val P/R/F1 (Macro): 0.3069/0.3152/0.2300 | LR: 0.000003
Epoch [42/100] | Loss: 0.6760 (Cls: 0.6287, TAL: 0.0000, Adv: 0.3155) | Train Acc: 0.9976 | Val Acc: 0.3739 | Val P/R/F1 (Macro): 0.3754/0.3837/0.3152 | LR: 0.000003
Epoch [43/100] | Loss: 0.6937 (Cls: 0.6362, TAL: 0.0000, Adv: 0.3832) | Train Acc: 0.9928 | Val Acc: 0.3826 | Val P/R/F1 (Macro): 0.4409/0.3895/0.3251 | LR: 0.000003
Epoch [44/100] | Loss: 0.7220 (Cls: 0.6406, TAL: 0.0000, Adv: 0.5426) | Train Acc: 0.9952 | Val Acc: 0.4000 | Val P/R/F1 (Macro): 0.4257/0.3893/0.3718 | LR: 0.000003
Epoch [45/100] | Loss: 0.7278 (Cls: 0.6423, TAL: 0.0000, Adv: 0.5702) | Train Acc: 0.9928 | Val Acc: 0.3130 | Val P/R/F1 (Macro): 0.3811/0.3394/0.3083 | LR: 0.000003
Epoch [46/100] | Loss: 0.7077 (Cls: 0.6286, TAL: 0.0000, Adv: 0.5272) | Train Acc: 0.9976 | Val Acc: 0.2870 | Val P/R/F1 (Macro): 0.3571/0.3377/0.2569 | LR: 0.000003
Epoch [47/100] | Loss: 0.6925 (Cls: 0.6356, TAL: 0.0000, Adv: 0.3798) | Train Acc: 0.9928 | Val Acc: 0.3478 | Val P/R/F1 (Macro): 0.3460/0.3539/0.2948 | LR: 0.000001
Epoch [48/100] | Loss: 0.6601 (Cls: 0.6213, TAL: 0.0000, Adv: 0.2587) | Train Acc: 0.9952 | Val Acc: 0.3478 | Val P/R/F1 (Macro): 0.4237/0.3664/0.2938 | LR: 0.000001
Epoch [49/100] | Loss: 0.6741 (Cls: 0.6360, TAL: 0.0000, Adv: 0.2536) | Train Acc: 0.9904 | Val Acc: 0.3130 | Val P/R/F1 (Macro): 0.4820/0.3405/0.2749 | LR: 0.000001
Epoch [50/100] | Loss: 0.6491 (Cls: 0.6200, TAL: 0.0000, Adv: 0.1937) | Train Acc: 0.9952 | Val Acc: 0.3304 | Val P/R/F1 (Macro): 0.3787/0.3503/0.2893 | LR: 0.000001
Epoch [51/100] | Loss: 0.6665 (Cls: 0.6329, TAL: 0.0000, Adv: 0.2239) | Train Acc: 0.9904 | Val Acc: 0.3130 | Val P/R/F1 (Macro): 0.3735/0.3210/0.2843 | LR: 0.000001
Epoch [52/100] | Loss: 0.6701 (Cls: 0.6325, TAL: 0.0000, Adv: 0.2506) | Train Acc: 1.0000 | Val Acc: 0.3304 | Val P/R/F1 (Macro): 0.4075/0.3281/0.2803 | LR: 0.000001
Epoch [53/100] | Loss: 0.6467 (Cls: 0.6211, TAL: 0.0000, Adv: 0.1705) | Train Acc: 0.9976 | Val Acc: 0.4000 | Val P/R/F1 (Macro): 0.4340/0.3725/0.3568 | LR: 0.000001
Epoch [54/100] | Loss: 0.6417 (Cls: 0.6249, TAL: 0.0000, Adv: 0.1121) | Train Acc: 0.9976 | Val Acc: 0.4087 | Val P/R/F1 (Macro): 0.4265/0.3801/0.3383 | LR: 0.000001
Epoch [55/100] | Loss: 0.6411 (Cls: 0.6218, TAL: 0.0000, Adv: 0.1283) | Train Acc: 1.0000 | Val Acc: 0.3217 | Val P/R/F1 (Macro): 0.4225/0.3306/0.2772 | LR: 0.000001
Epoch [56/100] | Loss: 0.6352 (Cls: 0.6193, TAL: 0.0000, Adv: 0.1059) | Train Acc: 0.9928 | Val Acc: 0.3217 | Val P/R/F1 (Macro): 0.3712/0.3567/0.2849 | LR: 0.000001
Epoch [57/100] | Loss: 0.6394 (Cls: 0.6199, TAL: 0.0000, Adv: 0.1301) | Train Acc: 0.9976 | Val Acc: 0.2957 | Val P/R/F1 (Macro): 0.3607/0.3288/0.2660 | LR: 0.000001
Epoch [58/100] | Loss: 0.6301 (Cls: 0.6122, TAL: 0.0000, Adv: 0.1189) | Train Acc: 1.0000 | Val Acc: 0.2870 | Val P/R/F1 (Macro): 0.4012/0.3110/0.2494 | LR: 0.000001
Epoch [59/100] | Loss: 0.6326 (Cls: 0.6104, TAL: 0.0000, Adv: 0.1482) | Train Acc: 1.0000 | Val Acc: 0.3304 | Val P/R/F1 (Macro): 0.4243/0.3465/0.2898 | LR: 0.000001
Epoch [60/100] | Loss: 0.6373 (Cls: 0.6189, TAL: 0.0000, Adv: 0.1226) | Train Acc: 0.9928 | Val Acc: 0.3304 | Val P/R/F1 (Macro): 0.4242/0.3443/0.2890 | LR: 0.000001
Epoch [61/100] | Loss: 0.6255 (Cls: 0.6112, TAL: 0.0000, Adv: 0.0956) | Train Acc: 1.0000 | Val Acc: 0.3043 | Val P/R/F1 (Macro): 0.4071/0.3128/0.2674 | LR: 0.000001
Epoch [62/100] | Loss: 0.6364 (Cls: 0.6214, TAL: 0.0000, Adv: 0.1003) | Train Acc: 0.9952 | Val Acc: 0.3652 | Val P/R/F1 (Macro): 0.4352/0.3589/0.3173 | LR: 0.000001
Epoch [63/100] | Loss: 0.6278 (Cls: 0.6129, TAL: 0.0000, Adv: 0.0993) | Train Acc: 1.0000 | Val Acc: 0.3391 | Val P/R/F1 (Macro): 0.4262/0.3383/0.2933 | LR: 0.000001
Epoch [64/100] | Loss: 0.6284 (Cls: 0.6159, TAL: 0.0000, Adv: 0.0829) | Train Acc: 0.9976 | Val Acc: 0.3739 | Val P/R/F1 (Macro): 0.4565/0.3648/0.3294 | LR: 0.000001
Epoch [65/100] | Loss: 0.6275 (Cls: 0.6128, TAL: 0.0000, Adv: 0.0984) | Train Acc: 0.9976 | Val Acc: 0.3391 | Val P/R/F1 (Macro): 0.4291/0.3443/0.2975 | LR: 0.000001
Epoch [66/100] | Loss: 0.6266 (Cls: 0.6107, TAL: 0.0000, Adv: 0.1063) | Train Acc: 1.0000 | Val Acc: 0.2957 | Val P/R/F1 (Macro): 0.3580/0.3207/0.2671 | LR: 0.000001
Epoch [67/100] | Loss: 0.6291 (Cls: 0.6149, TAL: 0.0000, Adv: 0.0946) | Train Acc: 0.9976 | Val Acc: 0.3304 | Val P/R/F1 (Macro): 0.4384/0.3385/0.2971 | LR: 0.000001
Epoch [68/100] | Loss: 0.6221 (Cls: 0.6092, TAL: 0.0000, Adv: 0.0861) | Train Acc: 1.0000 | Val Acc: 0.3565 | Val P/R/F1 (Macro): 0.4253/0.3439/0.3066 | LR: 0.000001
Epoch [69/100] | Loss: 0.6422 (Cls: 0.6249, TAL: 0.0000, Adv: 0.1152) | Train Acc: 0.9976 | Val Acc: 0.3130 | Val P/R/F1 (Macro): 0.4194/0.3203/0.2801 | LR: 0.000001
Epoch [70/100] | Loss: 0.6346 (Cls: 0.6169, TAL: 0.0000, Adv: 0.1179) | Train Acc: 1.0000 | Val Acc: 0.2957 | Val P/R/F1 (Macro): 0.4375/0.3142/0.2748 | LR: 0.000001
Epoch [71/100] | Loss: 0.6186 (Cls: 0.6007, TAL: 0.0000, Adv: 0.1194) | Train Acc: 1.0000 | Val Acc: 0.3043 | Val P/R/F1 (Macro): 0.4230/0.3201/0.2767 | LR: 0.000001
Epoch [72/100] | Loss: 0.6263 (Cls: 0.6083, TAL: 0.0000, Adv: 0.1203) | Train Acc: 1.0000 | Val Acc: 0.3217 | Val P/R/F1 (Macro): 0.3748/0.3321/0.2881 | LR: 0.000001
Epoch [73/100] | Loss: 0.6281 (Cls: 0.6152, TAL: 0.0000, Adv: 0.0862) | Train Acc: 0.9976 | Val Acc: 0.3478 | Val P/R/F1 (Macro): 0.4371/0.3418/0.3068 | LR: 0.000001
Epoch [74/100] | Loss: 0.6183 (Cls: 0.6107, TAL: 0.0000, Adv: 0.0512) | Train Acc: 0.9976 | Val Acc: 0.2696 | Val P/R/F1 (Macro): 0.4220/0.3066/0.2501 | LR: 0.000001
Epoch [75/100] | Loss: 0.6196 (Cls: 0.6092, TAL: 0.0000, Adv: 0.0694) | Train Acc: 0.9976 | Val Acc: 0.3043 | Val P/R/F1 (Macro): 0.3652/0.3303/0.2720 | LR: 0.000001
Epoch [76/100] | Loss: 0.6183 (Cls: 0.6077, TAL: 0.0000, Adv: 0.0703) | Train Acc: 1.0000 | Val Acc: 0.2957 | Val P/R/F1 (Macro): 0.4245/0.3161/0.2739 | LR: 0.000001
Epoch [77/100] | Loss: 0.6234 (Cls: 0.6137, TAL: 0.0000, Adv: 0.0646) | Train Acc: 1.0000 | Val Acc: 0.2957 | Val P/R/F1 (Macro): 0.4050/0.3144/0.2586 | LR: 0.000001
Epoch [78/100] | Loss: 0.6209 (Cls: 0.6118, TAL: 0.0000, Adv: 0.0611) | Train Acc: 0.9976 | Val Acc: 0.3043 | Val P/R/F1 (Macro): 0.4084/0.3182/0.2732 | LR: 0.000001
Epoch [79/100] | Loss: 0.6212 (Cls: 0.6125, TAL: 0.0000, Adv: 0.0582) | Train Acc: 1.0000 | Val Acc: 0.3478 | Val P/R/F1 (Macro): 0.3876/0.3437/0.3079 | LR: 0.000001
Epoch [80/100] | Loss: 0.6175 (Cls: 0.6074, TAL: 0.0000, Adv: 0.0676) | Train Acc: 0.9976 | Val Acc: 0.3043 | Val P/R/F1 (Macro): 0.4049/0.3182/0.2669 | LR: 0.000001
Epoch [81/100] | Loss: 0.6196 (Cls: 0.6116, TAL: 0.0000, Adv: 0.0536) | Train Acc: 0.9976 | Val Acc: 0.3217 | Val P/R/F1 (Macro): 0.4181/0.3299/0.2845 | LR: 0.000001
Epoch [82/100] | Loss: 0.6219 (Cls: 0.6115, TAL: 0.0000, Adv: 0.0696) | Train Acc: 1.0000 | Val Acc: 0.3217 | Val P/R/F1 (Macro): 0.4168/0.3261/0.2829 | LR: 0.000001
Epoch [83/100] | Loss: 0.6111 (Cls: 0.6049, TAL: 0.0000, Adv: 0.0418) | Train Acc: 1.0000 | Val Acc: 0.3043 | Val P/R/F1 (Macro): 0.4180/0.3284/0.2737 | LR: 0.000001
Epoch [84/100] | Loss: 0.6280 (Cls: 0.6126, TAL: 0.0000, Adv: 0.1027) | Train Acc: 0.9952 | Val Acc: 0.3043 | Val P/R/F1 (Macro): 0.4123/0.3197/0.2698 | LR: 0.000001
Epoch [85/100] | Loss: 0.6262 (Cls: 0.6093, TAL: 0.0000, Adv: 0.1121) | Train Acc: 1.0000 | Val Acc: 0.3043 | Val P/R/F1 (Macro): 0.4254/0.3262/0.2774 | LR: 0.000001
Epoch [86/100] | Loss: 0.6233 (Cls: 0.6102, TAL: 0.0000, Adv: 0.0874) | Train Acc: 1.0000 | Val Acc: 0.3130 | Val P/R/F1 (Macro): 0.4330/0.3346/0.2739 | LR: 0.000001
Epoch [87/100] | Loss: 0.6094 (Cls: 0.6024, TAL: 0.0000, Adv: 0.0469) | Train Acc: 1.0000 | Val Acc: 0.3130 | Val P/R/F1 (Macro): 0.4182/0.3302/0.2781 | LR: 0.000001
Epoch [88/100] | Loss: 0.6165 (Cls: 0.6113, TAL: 0.0000, Adv: 0.0347) | Train Acc: 0.9976 | Val Acc: 0.3043 | Val P/R/F1 (Macro): 0.4328/0.3201/0.2803 | LR: 0.000001
Epoch [89/100] | Loss: 0.6121 (Cls: 0.6068, TAL: 0.0000, Adv: 0.0350) | Train Acc: 1.0000 | Val Acc: 0.3043 | Val P/R/F1 (Macro): 0.4333/0.3266/0.2791 | LR: 0.000001
Epoch [90/100] | Loss: 0.6214 (Cls: 0.6145, TAL: 0.0000, Adv: 0.0463) | Train Acc: 0.9952 | Val Acc: 0.3217 | Val P/R/F1 (Macro): 0.4255/0.3447/0.2809 | LR: 0.000001
Epoch [91/100] | Loss: 0.6121 (Cls: 0.6043, TAL: 0.0000, Adv: 0.0521) | Train Acc: 1.0000 | Val Acc: 0.2870 | Val P/R/F1 (Macro): 0.4387/0.3005/0.2590 | LR: 0.000001
Epoch [92/100] | Loss: 0.6163 (Cls: 0.6067, TAL: 0.0000, Adv: 0.0636) | Train Acc: 0.9976 | Val Acc: 0.3565 | Val P/R/F1 (Macro): 0.4267/0.3522/0.3044 | LR: 0.000001
Epoch [93/100] | Loss: 0.6133 (Cls: 0.6086, TAL: 0.0000, Adv: 0.0309) | Train Acc: 0.9976 | Val Acc: 0.3130 | Val P/R/F1 (Macro): 0.4374/0.3240/0.2850 | LR: 0.000001
Epoch [94/100] | Loss: 0.6161 (Cls: 0.6096, TAL: 0.0000, Adv: 0.0433) | Train Acc: 0.9976 | Val Acc: 0.3391 | Val P/R/F1 (Macro): 0.4214/0.3237/0.2882 | LR: 0.000001
Epoch [95/100] | Loss: 0.6164 (Cls: 0.6102, TAL: 0.0000, Adv: 0.0416) | Train Acc: 1.0000 | Val Acc: 0.3043 | Val P/R/F1 (Macro): 0.4088/0.3284/0.2688 | LR: 0.000001
Epoch [96/100] | Loss: 0.6130 (Cls: 0.6067, TAL: 0.0000, Adv: 0.0421) | Train Acc: 1.0000 | Val Acc: 0.3043 | Val P/R/F1 (Macro): 0.4271/0.3284/0.2753 | LR: 0.000001
Epoch [97/100] | Loss: 0.6181 (Cls: 0.6082, TAL: 0.0000, Adv: 0.0661) | Train Acc: 1.0000 | Val Acc: 0.3130 | Val P/R/F1 (Macro): 0.4146/0.3324/0.2913 | LR: 0.000001
Epoch [98/100] | Loss: 0.6070 (Cls: 0.6017, TAL: 0.0000, Adv: 0.0353) | Train Acc: 1.0000 | Val Acc: 0.3043 | Val P/R/F1 (Macro): 0.4272/0.3346/0.2758 | LR: 0.000001
Epoch [99/100] | Loss: 0.6133 (Cls: 0.6049, TAL: 0.0000, Adv: 0.0556) | Train Acc: 1.0000 | Val Acc: 0.3217 | Val P/R/F1 (Macro): 0.4241/0.3261/0.2827 | LR: 0.000001
Epoch [100/100] | Loss: 0.6197 (Cls: 0.6130, TAL: 0.0000, Adv: 0.0449) | Train Acc: 0.9976 | Val Acc: 0.3043 | Val P/R/F1 (Macro): 0.4218/0.3201/0.2762 | LR: 0.000001

迭代 2 最佳指标:
  Accuracy: 0.4348
  Precision (Macro): 0.4537
  Recall (Macro): 0.3588
  F1 (Macro): 0.3880
  Precision (Micro): 0.4348
  Recall (Micro): 0.4348
  F1 (Micro): 0.4348
  Val class coverage: 9/14 (0.6429), samples=115

================================================================================
迭代 3/5
随机种子: 44
================================================================================
Training mode: unsupervised target adaptation (target labels ignored in training).
Feature fusion: Channel concatenation (512+512); fused_dim=1024
Domain adaptation: standard source-target adversarial training, no generator
Loss weights: tensor=0.00, adv=0.15
Epoch [1/100] | Loss: 2.6812 (Cls: 2.5507, TAL: 0.0000, Adv: 0.8698) | Train Acc: 0.2476 | Val Acc: 0.0783 | Val P/R/F1 (Macro): 0.0091/0.1111/0.0168 | LR: 0.000010
  >>> New Best Val Acc: 0.0783
Epoch [2/100] | Loss: 1.9598 (Cls: 1.8477, TAL: 0.0000, Adv: 0.7475) | Train Acc: 0.4904 | Val Acc: 0.1130 | Val P/R/F1 (Macro): 0.2187/0.1124/0.1233 | LR: 0.000010
  >>> New Best Val Acc: 0.1130
Epoch [3/100] | Loss: 1.4510 (Cls: 1.3405, TAL: 0.0000, Adv: 0.7372) | Train Acc: 0.6947 | Val Acc: 0.2348 | Val P/R/F1 (Macro): 0.2614/0.2093/0.1822 | LR: 0.000010
  >>> New Best Val Acc: 0.2348
Epoch [4/100] | Loss: 1.3883 (Cls: 1.2819, TAL: 0.0000, Adv: 0.7096) | Train Acc: 0.7139 | Val Acc: 0.1130 | Val P/R/F1 (Macro): 0.1093/0.1394/0.1030 | LR: 0.000010
Epoch [5/100] | Loss: 1.2348 (Cls: 1.1298, TAL: 0.0000, Adv: 0.6995) | Train Acc: 0.7837 | Val Acc: 0.2609 | Val P/R/F1 (Macro): 0.2223/0.2280/0.1961 | LR: 0.000010
  >>> New Best Val Acc: 0.2609
Epoch [6/100] | Loss: 1.0786 (Cls: 0.9784, TAL: 0.0000, Adv: 0.6680) | Train Acc: 0.8558 | Val Acc: 0.3217 | Val P/R/F1 (Macro): 0.4122/0.2656/0.2441 | LR: 0.000010
  >>> New Best Val Acc: 0.3217
Epoch [7/100] | Loss: 1.0528 (Cls: 0.9553, TAL: 0.0000, Adv: 0.6503) | Train Acc: 0.8630 | Val Acc: 0.2435 | Val P/R/F1 (Macro): 0.2731/0.2151/0.2066 | LR: 0.000010
Epoch [8/100] | Loss: 1.0236 (Cls: 0.9288, TAL: 0.0000, Adv: 0.6323) | Train Acc: 0.8750 | Val Acc: 0.2696 | Val P/R/F1 (Macro): 0.2404/0.2247/0.1673 | LR: 0.000010
Epoch [9/100] | Loss: 0.9294 (Cls: 0.8418, TAL: 0.0000, Adv: 0.5837) | Train Acc: 0.9183 | Val Acc: 0.2696 | Val P/R/F1 (Macro): 0.2840/0.2767/0.2328 | LR: 0.000010
Epoch [10/100] | Loss: 0.9295 (Cls: 0.8463, TAL: 0.0000, Adv: 0.5548) | Train Acc: 0.9111 | Val Acc: 0.3043 | Val P/R/F1 (Macro): 0.3816/0.2802/0.2467 | LR: 0.000010
Epoch [11/100] | Loss: 0.8972 (Cls: 0.8235, TAL: 0.0000, Adv: 0.4908) | Train Acc: 0.9327 | Val Acc: 0.1565 | Val P/R/F1 (Macro): 0.3671/0.1244/0.1654 | LR: 0.000010
Epoch [12/100] | Loss: 0.9058 (Cls: 0.8336, TAL: 0.0000, Adv: 0.4808) | Train Acc: 0.9183 | Val Acc: 0.3217 | Val P/R/F1 (Macro): 0.3319/0.2526/0.2547 | LR: 0.000010
Epoch [13/100] | Loss: 0.8577 (Cls: 0.7897, TAL: 0.0000, Adv: 0.4532) | Train Acc: 0.9375 | Val Acc: 0.2870 | Val P/R/F1 (Macro): 0.3578/0.2871/0.2651 | LR: 0.000010
Epoch [14/100] | Loss: 0.8370 (Cls: 0.7698, TAL: 0.0000, Adv: 0.4480) | Train Acc: 0.9567 | Val Acc: 0.2783 | Val P/R/F1 (Macro): 0.4172/0.2794/0.2249 | LR: 0.000010
Epoch [15/100] | Loss: 0.8237 (Cls: 0.7492, TAL: 0.0000, Adv: 0.4964) | Train Acc: 0.9567 | Val Acc: 0.3130 | Val P/R/F1 (Macro): 0.2811/0.2960/0.2481 | LR: 0.000010
Epoch [16/100] | Loss: 0.8293 (Cls: 0.7414, TAL: 0.0000, Adv: 0.5859) | Train Acc: 0.9495 | Val Acc: 0.3565 | Val P/R/F1 (Macro): 0.3800/0.2796/0.3006 | LR: 0.000010
  >>> New Best Val Acc: 0.3565
Epoch [17/100] | Loss: 0.8538 (Cls: 0.7454, TAL: 0.0000, Adv: 0.7223) | Train Acc: 0.9591 | Val Acc: 0.2609 | Val P/R/F1 (Macro): 0.2554/0.2588/0.2226 | LR: 0.000010
Epoch [18/100] | Loss: 0.8152 (Cls: 0.7222, TAL: 0.0000, Adv: 0.6201) | Train Acc: 0.9688 | Val Acc: 0.2000 | Val P/R/F1 (Macro): 0.1547/0.1963/0.1209 | LR: 0.000010
Epoch [19/100] | Loss: 0.7884 (Cls: 0.7133, TAL: 0.0000, Adv: 0.5011) | Train Acc: 0.9663 | Val Acc: 0.4783 | Val P/R/F1 (Macro): 0.3627/0.3708/0.3563 | LR: 0.000010
  >>> New Best Val Acc: 0.4783
Epoch [20/100] | Loss: 0.7932 (Cls: 0.7246, TAL: 0.0000, Adv: 0.4573) | Train Acc: 0.9615 | Val Acc: 0.3478 | Val P/R/F1 (Macro): 0.3120/0.3030/0.2947 | LR: 0.000010
Epoch [21/100] | Loss: 0.8027 (Cls: 0.7431, TAL: 0.0000, Adv: 0.3978) | Train Acc: 0.9447 | Val Acc: 0.3217 | Val P/R/F1 (Macro): 0.2949/0.2745/0.2444 | LR: 0.000010
Epoch [22/100] | Loss: 0.7689 (Cls: 0.7053, TAL: 0.0000, Adv: 0.4242) | Train Acc: 0.9736 | Val Acc: 0.4174 | Val P/R/F1 (Macro): 0.3787/0.3574/0.3599 | LR: 0.000010
Epoch [23/100] | Loss: 0.7604 (Cls: 0.6931, TAL: 0.0000, Adv: 0.4486) | Train Acc: 0.9736 | Val Acc: 0.2348 | Val P/R/F1 (Macro): 0.3507/0.2428/0.1979 | LR: 0.000010
Epoch [24/100] | Loss: 0.7696 (Cls: 0.7042, TAL: 0.0000, Adv: 0.4358) | Train Acc: 0.9615 | Val Acc: 0.2609 | Val P/R/F1 (Macro): 0.3197/0.3340/0.2304 | LR: 0.000010
Epoch [25/100] | Loss: 0.7796 (Cls: 0.7051, TAL: 0.0000, Adv: 0.4966) | Train Acc: 0.9688 | Val Acc: 0.2522 | Val P/R/F1 (Macro): 0.2474/0.2565/0.1880 | LR: 0.000010
Epoch [26/100] | Loss: 0.7962 (Cls: 0.7147, TAL: 0.0000, Adv: 0.5430) | Train Acc: 0.9663 | Val Acc: 0.3391 | Val P/R/F1 (Macro): 0.3009/0.3177/0.2616 | LR: 0.000010
Epoch [27/100] | Loss: 0.7783 (Cls: 0.6888, TAL: 0.0000, Adv: 0.5967) | Train Acc: 0.9832 | Val Acc: 0.3826 | Val P/R/F1 (Macro): 0.4126/0.2912/0.3251 | LR: 0.000010
Epoch [28/100] | Loss: 0.7434 (Cls: 0.6758, TAL: 0.0000, Adv: 0.4510) | Train Acc: 0.9904 | Val Acc: 0.3652 | Val P/R/F1 (Macro): 0.3321/0.3251/0.2884 | LR: 0.000010
Epoch [29/100] | Loss: 0.7246 (Cls: 0.6609, TAL: 0.0000, Adv: 0.4243) | Train Acc: 0.9856 | Val Acc: 0.2609 | Val P/R/F1 (Macro): 0.2733/0.2960/0.2449 | LR: 0.000010
Epoch [30/100] | Loss: 0.7183 (Cls: 0.6561, TAL: 0.0000, Adv: 0.4144) | Train Acc: 0.9880 | Val Acc: 0.3913 | Val P/R/F1 (Macro): 0.3951/0.3744/0.3459 | LR: 0.000005
Epoch [31/100] | Loss: 0.7197 (Cls: 0.6513, TAL: 0.0000, Adv: 0.4557) | Train Acc: 0.9904 | Val Acc: 0.3478 | Val P/R/F1 (Macro): 0.3731/0.3322/0.2852 | LR: 0.000005
Epoch [32/100] | Loss: 0.7229 (Cls: 0.6550, TAL: 0.0000, Adv: 0.4527) | Train Acc: 0.9832 | Val Acc: 0.3913 | Val P/R/F1 (Macro): 0.3897/0.3808/0.3466 | LR: 0.000005
Epoch [33/100] | Loss: 0.6820 (Cls: 0.6367, TAL: 0.0000, Adv: 0.3020) | Train Acc: 0.9904 | Val Acc: 0.3217 | Val P/R/F1 (Macro): 0.3292/0.3204/0.2795 | LR: 0.000005
Epoch [34/100] | Loss: 0.6949 (Cls: 0.6557, TAL: 0.0000, Adv: 0.2616) | Train Acc: 0.9808 | Val Acc: 0.4261 | Val P/R/F1 (Macro): 0.3909/0.3896/0.3555 | LR: 0.000005
Epoch [35/100] | Loss: 0.6785 (Cls: 0.6415, TAL: 0.0000, Adv: 0.2467) | Train Acc: 0.9904 | Val Acc: 0.3826 | Val P/R/F1 (Macro): 0.3384/0.3410/0.3120 | LR: 0.000005
Epoch [36/100] | Loss: 0.6856 (Cls: 0.6444, TAL: 0.0000, Adv: 0.2749) | Train Acc: 0.9904 | Val Acc: 0.3826 | Val P/R/F1 (Macro): 0.3188/0.3301/0.2939 | LR: 0.000005
Epoch [37/100] | Loss: 0.7033 (Cls: 0.6499, TAL: 0.0000, Adv: 0.3559) | Train Acc: 0.9880 | Val Acc: 0.3913 | Val P/R/F1 (Macro): 0.3445/0.3718/0.3303 | LR: 0.000005
Epoch [38/100] | Loss: 0.7071 (Cls: 0.6475, TAL: 0.0000, Adv: 0.3978) | Train Acc: 0.9928 | Val Acc: 0.4174 | Val P/R/F1 (Macro): 0.3929/0.3761/0.3419 | LR: 0.000005
Epoch [39/100] | Loss: 0.6948 (Cls: 0.6419, TAL: 0.0000, Adv: 0.3526) | Train Acc: 0.9976 | Val Acc: 0.3391 | Val P/R/F1 (Macro): 0.4114/0.3148/0.3144 | LR: 0.000005
Epoch [40/100] | Loss: 0.6833 (Cls: 0.6358, TAL: 0.0000, Adv: 0.3163) | Train Acc: 0.9976 | Val Acc: 0.3652 | Val P/R/F1 (Macro): 0.3724/0.3621/0.3150 | LR: 0.000005
Epoch [41/100] | Loss: 0.6701 (Cls: 0.6325, TAL: 0.0000, Adv: 0.2504) | Train Acc: 0.9952 | Val Acc: 0.3913 | Val P/R/F1 (Macro): 0.3821/0.3473/0.3275 | LR: 0.000003
Epoch [42/100] | Loss: 0.6736 (Cls: 0.6358, TAL: 0.0000, Adv: 0.2524) | Train Acc: 0.9904 | Val Acc: 0.3652 | Val P/R/F1 (Macro): 0.3294/0.3564/0.2928 | LR: 0.000003
Epoch [43/100] | Loss: 0.6667 (Cls: 0.6307, TAL: 0.0000, Adv: 0.2398) | Train Acc: 0.9952 | Val Acc: 0.4000 | Val P/R/F1 (Macro): 0.3602/0.3414/0.3277 | LR: 0.000003
Epoch [44/100] | Loss: 0.6534 (Cls: 0.6259, TAL: 0.0000, Adv: 0.1832) | Train Acc: 0.9952 | Val Acc: 0.2870 | Val P/R/F1 (Macro): 0.3114/0.2985/0.2428 | LR: 0.000003
Epoch [45/100] | Loss: 0.6497 (Cls: 0.6194, TAL: 0.0000, Adv: 0.2020) | Train Acc: 0.9976 | Val Acc: 0.4087 | Val P/R/F1 (Macro): 0.4269/0.3882/0.3527 | LR: 0.000003
Epoch [46/100] | Loss: 0.6465 (Cls: 0.6207, TAL: 0.0000, Adv: 0.1720) | Train Acc: 0.9976 | Val Acc: 0.3913 | Val P/R/F1 (Macro): 0.3317/0.3477/0.2989 | LR: 0.000003
Epoch [47/100] | Loss: 0.6598 (Cls: 0.6306, TAL: 0.0000, Adv: 0.1945) | Train Acc: 0.9904 | Val Acc: 0.4087 | Val P/R/F1 (Macro): 0.3947/0.3559/0.3270 | LR: 0.000003
Epoch [48/100] | Loss: 0.6595 (Cls: 0.6218, TAL: 0.0000, Adv: 0.2513) | Train Acc: 0.9976 | Val Acc: 0.4087 | Val P/R/F1 (Macro): 0.4694/0.3681/0.3338 | LR: 0.000003
Epoch [49/100] | Loss: 0.6852 (Cls: 0.6213, TAL: 0.0000, Adv: 0.4263) | Train Acc: 0.9952 | Val Acc: 0.3913 | Val P/R/F1 (Macro): 0.3861/0.3904/0.3338 | LR: 0.000003
Epoch [50/100] | Loss: 0.6628 (Cls: 0.6120, TAL: 0.0000, Adv: 0.3392) | Train Acc: 1.0000 | Val Acc: 0.4174 | Val P/R/F1 (Macro): 0.4508/0.3962/0.3533 | LR: 0.000003
Epoch [51/100] | Loss: 0.8048 (Cls: 0.6616, TAL: 0.0000, Adv: 0.9547) | Train Acc: 0.9808 | Val Acc: 0.4000 | Val P/R/F1 (Macro): 0.4302/0.3808/0.3371 | LR: 0.000003
Epoch [52/100] | Loss: 0.6933 (Cls: 0.6309, TAL: 0.0000, Adv: 0.4158) | Train Acc: 0.9952 | Val Acc: 0.4087 | Val P/R/F1 (Macro): 0.3940/0.3567/0.3226 | LR: 0.000001
Epoch [53/100] | Loss: 0.7103 (Cls: 0.6398, TAL: 0.0000, Adv: 0.4701) | Train Acc: 0.9952 | Val Acc: 0.4087 | Val P/R/F1 (Macro): 0.3479/0.3569/0.3307 | LR: 0.000001
Epoch [54/100] | Loss: 0.6655 (Cls: 0.6196, TAL: 0.0000, Adv: 0.3058) | Train Acc: 0.9952 | Val Acc: 0.3913 | Val P/R/F1 (Macro): 0.3383/0.3698/0.3183 | LR: 0.000001
Epoch [55/100] | Loss: 0.6761 (Cls: 0.6357, TAL: 0.0000, Adv: 0.2695) | Train Acc: 0.9952 | Val Acc: 0.4087 | Val P/R/F1 (Macro): 0.3718/0.3841/0.3331 | LR: 0.000001
Epoch [56/100] | Loss: 0.6475 (Cls: 0.6177, TAL: 0.0000, Adv: 0.1990) | Train Acc: 0.9976 | Val Acc: 0.4000 | Val P/R/F1 (Macro): 0.3740/0.3916/0.3244 | LR: 0.000001
Epoch [57/100] | Loss: 0.6381 (Cls: 0.6127, TAL: 0.0000, Adv: 0.1693) | Train Acc: 0.9976 | Val Acc: 0.4261 | Val P/R/F1 (Macro): 0.4062/0.4179/0.3580 | LR: 0.000001
Epoch [58/100] | Loss: 0.6383 (Cls: 0.6180, TAL: 0.0000, Adv: 0.1353) | Train Acc: 0.9952 | Val Acc: 0.4435 | Val P/R/F1 (Macro): 0.4024/0.4181/0.3684 | LR: 0.000001
Epoch [59/100] | Loss: 0.6376 (Cls: 0.6168, TAL: 0.0000, Adv: 0.1385) | Train Acc: 0.9976 | Val Acc: 0.4000 | Val P/R/F1 (Macro): 0.4488/0.3961/0.3370 | LR: 0.000001
Epoch [60/100] | Loss: 0.6346 (Cls: 0.6138, TAL: 0.0000, Adv: 0.1385) | Train Acc: 0.9976 | Val Acc: 0.4000 | Val P/R/F1 (Macro): 0.4003/0.3982/0.3479 | LR: 0.000001
Epoch [61/100] | Loss: 0.6288 (Cls: 0.6097, TAL: 0.0000, Adv: 0.1271) | Train Acc: 1.0000 | Val Acc: 0.4000 | Val P/R/F1 (Macro): 0.3513/0.3816/0.3296 | LR: 0.000001
Epoch [62/100] | Loss: 0.6375 (Cls: 0.6092, TAL: 0.0000, Adv: 0.1885) | Train Acc: 0.9976 | Val Acc: 0.4261 | Val P/R/F1 (Macro): 0.4595/0.3901/0.3595 | LR: 0.000001
Epoch [63/100] | Loss: 0.6328 (Cls: 0.6079, TAL: 0.0000, Adv: 0.1661) | Train Acc: 1.0000 | Val Acc: 0.4348 | Val P/R/F1 (Macro): 0.4337/0.3761/0.3419 | LR: 0.000001
Epoch [64/100] | Loss: 0.6379 (Cls: 0.6179, TAL: 0.0000, Adv: 0.1333) | Train Acc: 0.9976 | Val Acc: 0.4435 | Val P/R/F1 (Macro): 0.3206/0.3755/0.3262 | LR: 0.000001
Epoch [65/100] | Loss: 0.6340 (Cls: 0.6103, TAL: 0.0000, Adv: 0.1583) | Train Acc: 0.9976 | Val Acc: 0.4348 | Val P/R/F1 (Macro): 0.3333/0.3941/0.3405 | LR: 0.000001
Epoch [66/100] | Loss: 0.6257 (Cls: 0.6064, TAL: 0.0000, Adv: 0.1285) | Train Acc: 1.0000 | Val Acc: 0.4174 | Val P/R/F1 (Macro): 0.4395/0.3698/0.3438 | LR: 0.000001
Epoch [67/100] | Loss: 0.6262 (Cls: 0.6106, TAL: 0.0000, Adv: 0.1040) | Train Acc: 0.9976 | Val Acc: 0.4261 | Val P/R/F1 (Macro): 0.4600/0.3959/0.3551 | LR: 0.000001
Epoch [68/100] | Loss: 0.6350 (Cls: 0.6159, TAL: 0.0000, Adv: 0.1273) | Train Acc: 0.9952 | Val Acc: 0.4435 | Val P/R/F1 (Macro): 0.4543/0.4042/0.3631 | LR: 0.000001
Epoch [69/100] | Loss: 0.6321 (Cls: 0.6125, TAL: 0.0000, Adv: 0.1312) | Train Acc: 0.9952 | Val Acc: 0.4174 | Val P/R/F1 (Macro): 0.3188/0.3549/0.3187 | LR: 0.000001
Epoch [70/100] | Loss: 0.6362 (Cls: 0.6150, TAL: 0.0000, Adv: 0.1408) | Train Acc: 0.9952 | Val Acc: 0.4087 | Val P/R/F1 (Macro): 0.4372/0.3471/0.3339 | LR: 0.000001
Epoch [71/100] | Loss: 0.6217 (Cls: 0.6085, TAL: 0.0000, Adv: 0.0878) | Train Acc: 0.9976 | Val Acc: 0.4000 | Val P/R/F1 (Macro): 0.4342/0.3660/0.3315 | LR: 0.000001
Epoch [72/100] | Loss: 0.6189 (Cls: 0.6091, TAL: 0.0000, Adv: 0.0655) | Train Acc: 0.9976 | Val Acc: 0.4174 | Val P/R/F1 (Macro): 0.3292/0.3713/0.3337 | LR: 0.000001
Epoch [73/100] | Loss: 0.6228 (Cls: 0.6080, TAL: 0.0000, Adv: 0.0982) | Train Acc: 1.0000 | Val Acc: 0.4174 | Val P/R/F1 (Macro): 0.3281/0.3651/0.3311 | LR: 0.000001
Epoch [74/100] | Loss: 0.6289 (Cls: 0.6088, TAL: 0.0000, Adv: 0.1341) | Train Acc: 1.0000 | Val Acc: 0.4435 | Val P/R/F1 (Macro): 0.4635/0.4060/0.3758 | LR: 0.000001
Epoch [75/100] | Loss: 0.6322 (Cls: 0.6149, TAL: 0.0000, Adv: 0.1154) | Train Acc: 0.9952 | Val Acc: 0.4435 | Val P/R/F1 (Macro): 0.3980/0.4035/0.3675 | LR: 0.000001
Epoch [76/100] | Loss: 0.6268 (Cls: 0.6045, TAL: 0.0000, Adv: 0.1491) | Train Acc: 1.0000 | Val Acc: 0.4000 | Val P/R/F1 (Macro): 0.3253/0.3698/0.3214 | LR: 0.000001
Epoch [77/100] | Loss: 0.6287 (Cls: 0.6135, TAL: 0.0000, Adv: 0.1011) | Train Acc: 0.9952 | Val Acc: 0.4174 | Val P/R/F1 (Macro): 0.3318/0.3793/0.3314 | LR: 0.000001
Epoch [78/100] | Loss: 0.6207 (Cls: 0.6068, TAL: 0.0000, Adv: 0.0928) | Train Acc: 1.0000 | Val Acc: 0.4174 | Val P/R/F1 (Macro): 0.4399/0.3823/0.3401 | LR: 0.000001
Epoch [79/100] | Loss: 0.6214 (Cls: 0.6090, TAL: 0.0000, Adv: 0.0827) | Train Acc: 1.0000 | Val Acc: 0.4087 | Val P/R/F1 (Macro): 0.4337/0.3763/0.3424 | LR: 0.000001
Epoch [80/100] | Loss: 0.6180 (Cls: 0.6066, TAL: 0.0000, Adv: 0.0761) | Train Acc: 1.0000 | Val Acc: 0.4174 | Val P/R/F1 (Macro): 0.4643/0.4021/0.3631 | LR: 0.000001
Epoch [81/100] | Loss: 0.6176 (Cls: 0.6056, TAL: 0.0000, Adv: 0.0802) | Train Acc: 0.9976 | Val Acc: 0.3826 | Val P/R/F1 (Macro): 0.4564/0.3828/0.3366 | LR: 0.000001
Epoch [82/100] | Loss: 0.6315 (Cls: 0.6162, TAL: 0.0000, Adv: 0.1023) | Train Acc: 0.9952 | Val Acc: 0.4000 | Val P/R/F1 (Macro): 0.3549/0.3881/0.3337 | LR: 0.000001
Epoch [83/100] | Loss: 0.6175 (Cls: 0.6039, TAL: 0.0000, Adv: 0.0908) | Train Acc: 1.0000 | Val Acc: 0.3913 | Val P/R/F1 (Macro): 0.4484/0.3658/0.3294 | LR: 0.000001
Epoch [84/100] | Loss: 0.6152 (Cls: 0.5985, TAL: 0.0000, Adv: 0.1117) | Train Acc: 1.0000 | Val Acc: 0.4000 | Val P/R/F1 (Macro): 0.4620/0.3945/0.3473 | LR: 0.000001
Epoch [85/100] | Loss: 0.6210 (Cls: 0.6056, TAL: 0.0000, Adv: 0.1022) | Train Acc: 1.0000 | Val Acc: 0.4087 | Val P/R/F1 (Macro): 0.4653/0.4004/0.3527 | LR: 0.000001
Epoch [86/100] | Loss: 0.6210 (Cls: 0.6107, TAL: 0.0000, Adv: 0.0687) | Train Acc: 0.9976 | Val Acc: 0.4174 | Val P/R/F1 (Macro): 0.4684/0.4044/0.3584 | LR: 0.000001
Epoch [87/100] | Loss: 0.6069 (Cls: 0.6022, TAL: 0.0000, Adv: 0.0314) | Train Acc: 0.9976 | Val Acc: 0.3913 | Val P/R/F1 (Macro): 0.4691/0.3906/0.3447 | LR: 0.000001
Epoch [88/100] | Loss: 0.6151 (Cls: 0.5998, TAL: 0.0000, Adv: 0.1020) | Train Acc: 1.0000 | Val Acc: 0.3652 | Val P/R/F1 (Macro): 0.4435/0.3567/0.3157 | LR: 0.000001
Epoch [89/100] | Loss: 0.6108 (Cls: 0.5990, TAL: 0.0000, Adv: 0.0788) | Train Acc: 1.0000 | Val Acc: 0.3565 | Val P/R/F1 (Macro): 0.4397/0.3527/0.3066 | LR: 0.000001
Epoch [90/100] | Loss: 0.6190 (Cls: 0.6055, TAL: 0.0000, Adv: 0.0902) | Train Acc: 1.0000 | Val Acc: 0.3913 | Val P/R/F1 (Macro): 0.4594/0.3723/0.3296 | LR: 0.000001
Epoch [91/100] | Loss: 0.6232 (Cls: 0.6142, TAL: 0.0000, Adv: 0.0599) | Train Acc: 0.9952 | Val Acc: 0.4174 | Val P/R/F1 (Macro): 0.4597/0.4093/0.3556 | LR: 0.000001
Epoch [92/100] | Loss: 0.6249 (Cls: 0.6103, TAL: 0.0000, Adv: 0.0978) | Train Acc: 1.0000 | Val Acc: 0.4261 | Val P/R/F1 (Macro): 0.4764/0.4083/0.3691 | LR: 0.000001
Epoch [93/100] | Loss: 0.6231 (Cls: 0.6096, TAL: 0.0000, Adv: 0.0899) | Train Acc: 0.9952 | Val Acc: 0.4174 | Val P/R/F1 (Macro): 0.4620/0.4025/0.3587 | LR: 0.000001
Epoch [94/100] | Loss: 0.6138 (Cls: 0.6047, TAL: 0.0000, Adv: 0.0606) | Train Acc: 1.0000 | Val Acc: 0.4261 | Val P/R/F1 (Macro): 0.4708/0.4083/0.3636 | LR: 0.000001
Epoch [95/100] | Loss: 0.6147 (Cls: 0.6045, TAL: 0.0000, Adv: 0.0677) | Train Acc: 1.0000 | Val Acc: 0.4087 | Val P/R/F1 (Macro): 0.4459/0.3796/0.3425 | LR: 0.000001
Epoch [96/100] | Loss: 0.6203 (Cls: 0.6041, TAL: 0.0000, Adv: 0.1079) | Train Acc: 1.0000 | Val Acc: 0.4348 | Val P/R/F1 (Macro): 0.4550/0.3959/0.3595 | LR: 0.000001
Epoch [97/100] | Loss: 0.6177 (Cls: 0.6060, TAL: 0.0000, Adv: 0.0784) | Train Acc: 1.0000 | Val Acc: 0.4348 | Val P/R/F1 (Macro): 0.4605/0.3981/0.3607 | LR: 0.000001
Epoch [98/100] | Loss: 0.6182 (Cls: 0.6039, TAL: 0.0000, Adv: 0.0955) | Train Acc: 1.0000 | Val Acc: 0.4000 | Val P/R/F1 (Macro): 0.4536/0.3800/0.3373 | LR: 0.000001
Epoch [99/100] | Loss: 0.6170 (Cls: 0.6074, TAL: 0.0000, Adv: 0.0641) | Train Acc: 0.9928 | Val Acc: 0.4087 | Val P/R/F1 (Macro): 0.4530/0.3963/0.3535 | LR: 0.000001
Epoch [100/100] | Loss: 0.6204 (Cls: 0.6121, TAL: 0.0000, Adv: 0.0559) | Train Acc: 0.9952 | Val Acc: 0.4348 | Val P/R/F1 (Macro): 0.4677/0.4138/0.3640 | LR: 0.000001

迭代 3 最佳指标:
  Accuracy: 0.4783
  Precision (Macro): 0.3627
  Recall (Macro): 0.3708
  F1 (Macro): 0.3563
  Precision (Micro): 0.4783
  Recall (Micro): 0.4783
  F1 (Micro): 0.4783
  Val class coverage: 9/14 (0.6429), samples=115

================================================================================
迭代 4/5
随机种子: 45
================================================================================
Training mode: unsupervised target adaptation (target labels ignored in training).
Feature fusion: Channel concatenation (512+512); fused_dim=1024
Domain adaptation: standard source-target adversarial training, no generator
Loss weights: tensor=0.00, adv=0.15
Epoch [1/100] | Loss: 2.5013 (Cls: 2.3828, TAL: 0.0000, Adv: 0.7902) | Train Acc: 0.2764 | Val Acc: 0.1826 | Val P/R/F1 (Macro): 0.1945/0.1949/0.1373 | LR: 0.000010
  >>> New Best Val Acc: 0.1826
Epoch [2/100] | Loss: 1.7358 (Cls: 1.6266, TAL: 0.0000, Adv: 0.7280) | Train Acc: 0.5721 | Val Acc: 0.1391 | Val P/R/F1 (Macro): 0.2243/0.2015/0.0915 | LR: 0.000010
Epoch [3/100] | Loss: 1.5047 (Cls: 1.3962, TAL: 0.0000, Adv: 0.7236) | Train Acc: 0.6707 | Val Acc: 0.1130 | Val P/R/F1 (Macro): 0.3270/0.1291/0.0751 | LR: 0.000010
Epoch [4/100] | Loss: 1.3684 (Cls: 1.2657, TAL: 0.0000, Adv: 0.6842) | Train Acc: 0.7284 | Val Acc: 0.2435 | Val P/R/F1 (Macro): 0.1819/0.3180/0.1854 | LR: 0.000010
  >>> New Best Val Acc: 0.2435
Epoch [5/100] | Loss: 1.1487 (Cls: 1.0467, TAL: 0.0000, Adv: 0.6803) | Train Acc: 0.8173 | Val Acc: 0.2174 | Val P/R/F1 (Macro): 0.2818/0.2320/0.1941 | LR: 0.000010
Epoch [6/100] | Loss: 1.0985 (Cls: 1.0007, TAL: 0.0000, Adv: 0.6520) | Train Acc: 0.8341 | Val Acc: 0.2261 | Val P/R/F1 (Macro): 0.1368/0.2311/0.1484 | LR: 0.000010
Epoch [7/100] | Loss: 1.0678 (Cls: 0.9733, TAL: 0.0000, Adv: 0.6305) | Train Acc: 0.8486 | Val Acc: 0.1478 | Val P/R/F1 (Macro): 0.2933/0.1839/0.1499 | LR: 0.000010
Epoch [8/100] | Loss: 0.9510 (Cls: 0.8589, TAL: 0.0000, Adv: 0.6140) | Train Acc: 0.9183 | Val Acc: 0.2261 | Val P/R/F1 (Macro): 0.2754/0.2443/0.1698 | LR: 0.000010
Epoch [9/100] | Loss: 0.9116 (Cls: 0.8248, TAL: 0.0000, Adv: 0.5792) | Train Acc: 0.9327 | Val Acc: 0.2087 | Val P/R/F1 (Macro): 0.2370/0.2077/0.1656 | LR: 0.000010
Epoch [10/100] | Loss: 0.9590 (Cls: 0.8734, TAL: 0.0000, Adv: 0.5707) | Train Acc: 0.8990 | Val Acc: 0.2522 | Val P/R/F1 (Macro): 0.3037/0.2535/0.2360 | LR: 0.000010
  >>> New Best Val Acc: 0.2522
Epoch [11/100] | Loss: 0.9253 (Cls: 0.8409, TAL: 0.0000, Adv: 0.5629) | Train Acc: 0.9135 | Val Acc: 0.3130 | Val P/R/F1 (Macro): 0.3138/0.2904/0.2536 | LR: 0.000010
  >>> New Best Val Acc: 0.3130
Epoch [12/100] | Loss: 0.9387 (Cls: 0.8661, TAL: 0.0000, Adv: 0.4841) | Train Acc: 0.8918 | Val Acc: 0.2696 | Val P/R/F1 (Macro): 0.2517/0.3008/0.2415 | LR: 0.000010
Epoch [13/100] | Loss: 0.8563 (Cls: 0.7885, TAL: 0.0000, Adv: 0.4520) | Train Acc: 0.9375 | Val Acc: 0.2609 | Val P/R/F1 (Macro): 0.3498/0.2613/0.2469 | LR: 0.000010
Epoch [14/100] | Loss: 0.8359 (Cls: 0.7764, TAL: 0.0000, Adv: 0.3965) | Train Acc: 0.9423 | Val Acc: 0.3652 | Val P/R/F1 (Macro): 0.3669/0.3202/0.3054 | LR: 0.000010
  >>> New Best Val Acc: 0.3652
Epoch [15/100] | Loss: 0.8269 (Cls: 0.7744, TAL: 0.0000, Adv: 0.3500) | Train Acc: 0.9399 | Val Acc: 0.1304 | Val P/R/F1 (Macro): 0.2955/0.1490/0.1189 | LR: 0.000010
Epoch [16/100] | Loss: 0.8554 (Cls: 0.7979, TAL: 0.0000, Adv: 0.3835) | Train Acc: 0.9303 | Val Acc: 0.3826 | Val P/R/F1 (Macro): 0.3576/0.3482/0.2960 | LR: 0.000010
  >>> New Best Val Acc: 0.3826
Epoch [17/100] | Loss: 0.8686 (Cls: 0.8034, TAL: 0.0000, Adv: 0.4347) | Train Acc: 0.9207 | Val Acc: 0.2957 | Val P/R/F1 (Macro): 0.3000/0.2923/0.2596 | LR: 0.000010
Epoch [18/100] | Loss: 0.8349 (Cls: 0.7495, TAL: 0.0000, Adv: 0.5697) | Train Acc: 0.9495 | Val Acc: 0.3043 | Val P/R/F1 (Macro): 0.3475/0.2690/0.2702 | LR: 0.000010
Epoch [19/100] | Loss: 0.8241 (Cls: 0.7297, TAL: 0.0000, Adv: 0.6295) | Train Acc: 0.9663 | Val Acc: 0.2609 | Val P/R/F1 (Macro): 0.2338/0.2727/0.2026 | LR: 0.000010
Epoch [20/100] | Loss: 0.8228 (Cls: 0.7471, TAL: 0.0000, Adv: 0.5049) | Train Acc: 0.9639 | Val Acc: 0.3217 | Val P/R/F1 (Macro): 0.3684/0.3381/0.3057 | LR: 0.000010
Epoch [21/100] | Loss: 0.7902 (Cls: 0.7110, TAL: 0.0000, Adv: 0.5282) | Train Acc: 0.9760 | Val Acc: 0.4696 | Val P/R/F1 (Macro): 0.4240/0.4377/0.4114 | LR: 0.000010
  >>> New Best Val Acc: 0.4696
Epoch [22/100] | Loss: 0.7697 (Cls: 0.6970, TAL: 0.0000, Adv: 0.4847) | Train Acc: 0.9856 | Val Acc: 0.3217 | Val P/R/F1 (Macro): 0.4222/0.2944/0.2903 | LR: 0.000010
Epoch [23/100] | Loss: 0.7801 (Cls: 0.7126, TAL: 0.0000, Adv: 0.4498) | Train Acc: 0.9736 | Val Acc: 0.3913 | Val P/R/F1 (Macro): 0.4504/0.3566/0.3572 | LR: 0.000010
Epoch [24/100] | Loss: 0.7819 (Cls: 0.7274, TAL: 0.0000, Adv: 0.3633) | Train Acc: 0.9688 | Val Acc: 0.2348 | Val P/R/F1 (Macro): 0.3904/0.2434/0.2039 | LR: 0.000010
Epoch [25/100] | Loss: 0.7949 (Cls: 0.7097, TAL: 0.0000, Adv: 0.5679) | Train Acc: 0.9688 | Val Acc: 0.3826 | Val P/R/F1 (Macro): 0.4077/0.3034/0.3241 | LR: 0.000010
Epoch [26/100] | Loss: 0.9373 (Cls: 0.7022, TAL: 0.0000, Adv: 1.5669) | Train Acc: 0.9591 | Val Acc: 0.4087 | Val P/R/F1 (Macro): 0.2874/0.3281/0.2942 | LR: 0.000010
Epoch [27/100] | Loss: 0.8341 (Cls: 0.6949, TAL: 0.0000, Adv: 0.9285) | Train Acc: 0.9760 | Val Acc: 0.3565 | Val P/R/F1 (Macro): 0.3861/0.3673/0.3335 | LR: 0.000010
Epoch [28/100] | Loss: 0.8532 (Cls: 0.7556, TAL: 0.0000, Adv: 0.6506) | Train Acc: 0.9471 | Val Acc: 0.3478 | Val P/R/F1 (Macro): 0.3474/0.3149/0.2885 | LR: 0.000010
Epoch [29/100] | Loss: 0.8293 (Cls: 0.7479, TAL: 0.0000, Adv: 0.5427) | Train Acc: 0.9471 | Val Acc: 0.3130 | Val P/R/F1 (Macro): 0.4321/0.2629/0.2641 | LR: 0.000010
Epoch [30/100] | Loss: 0.7994 (Cls: 0.7269, TAL: 0.0000, Adv: 0.4833) | Train Acc: 0.9663 | Val Acc: 0.4348 | Val P/R/F1 (Macro): 0.3446/0.3639/0.3297 | LR: 0.000010
Epoch [31/100] | Loss: 0.7743 (Cls: 0.7100, TAL: 0.0000, Adv: 0.4283) | Train Acc: 0.9688 | Val Acc: 0.3304 | Val P/R/F1 (Macro): 0.3619/0.2928/0.2539 | LR: 0.000010
Epoch [32/100] | Loss: 0.7402 (Cls: 0.6959, TAL: 0.0000, Adv: 0.2947) | Train Acc: 0.9784 | Val Acc: 0.2783 | Val P/R/F1 (Macro): 0.2739/0.2570/0.2223 | LR: 0.000005
Epoch [33/100] | Loss: 0.6947 (Cls: 0.6527, TAL: 0.0000, Adv: 0.2798) | Train Acc: 0.9856 | Val Acc: 0.4000 | Val P/R/F1 (Macro): 0.4117/0.3397/0.3234 | LR: 0.000005
Epoch [34/100] | Loss: 0.7232 (Cls: 0.6684, TAL: 0.0000, Adv: 0.3655) | Train Acc: 0.9808 | Val Acc: 0.3391 | Val P/R/F1 (Macro): 0.3393/0.3219/0.2913 | LR: 0.000005
Epoch [35/100] | Loss: 0.7317 (Cls: 0.6726, TAL: 0.0000, Adv: 0.3939) | Train Acc: 0.9784 | Val Acc: 0.3652 | Val P/R/F1 (Macro): 0.3933/0.3464/0.3200 | LR: 0.000005
Epoch [36/100] | Loss: 0.7074 (Cls: 0.6494, TAL: 0.0000, Adv: 0.3865) | Train Acc: 0.9832 | Val Acc: 0.3478 | Val P/R/F1 (Macro): 0.3622/0.3108/0.3148 | LR: 0.000005
Epoch [37/100] | Loss: 0.7787 (Cls: 0.6978, TAL: 0.0000, Adv: 0.5398) | Train Acc: 0.9736 | Val Acc: 0.3652 | Val P/R/F1 (Macro): 0.4153/0.2856/0.3136 | LR: 0.000005
Epoch [38/100] | Loss: 0.7651 (Cls: 0.6613, TAL: 0.0000, Adv: 0.6916) | Train Acc: 0.9904 | Val Acc: 0.2870 | Val P/R/F1 (Macro): 0.3593/0.2976/0.3023 | LR: 0.000005
Epoch [39/100] | Loss: 0.7121 (Cls: 0.6519, TAL: 0.0000, Adv: 0.4010) | Train Acc: 0.9904 | Val Acc: 0.3304 | Val P/R/F1 (Macro): 0.4068/0.3427/0.2824 | LR: 0.000005
Epoch [40/100] | Loss: 0.6929 (Cls: 0.6402, TAL: 0.0000, Adv: 0.3512) | Train Acc: 0.9880 | Val Acc: 0.3130 | Val P/R/F1 (Macro): 0.4235/0.3099/0.2994 | LR: 0.000005
Epoch [41/100] | Loss: 0.6841 (Cls: 0.6381, TAL: 0.0000, Adv: 0.3070) | Train Acc: 0.9952 | Val Acc: 0.3217 | Val P/R/F1 (Macro): 0.3636/0.3113/0.2675 | LR: 0.000005
Epoch [42/100] | Loss: 0.6776 (Cls: 0.6364, TAL: 0.0000, Adv: 0.2744) | Train Acc: 0.9856 | Val Acc: 0.3565 | Val P/R/F1 (Macro): 0.3776/0.2905/0.3009 | LR: 0.000005
Epoch [43/100] | Loss: 0.6991 (Cls: 0.6452, TAL: 0.0000, Adv: 0.3592) | Train Acc: 0.9856 | Val Acc: 0.3652 | Val P/R/F1 (Macro): 0.3577/0.3229/0.3240 | LR: 0.000003
Epoch [44/100] | Loss: 0.6732 (Cls: 0.6282, TAL: 0.0000, Adv: 0.3001) | Train Acc: 0.9928 | Val Acc: 0.3826 | Val P/R/F1 (Macro): 0.3799/0.3315/0.3475 | LR: 0.000003
Epoch [45/100] | Loss: 0.6799 (Cls: 0.6390, TAL: 0.0000, Adv: 0.2729) | Train Acc: 0.9904 | Val Acc: 0.3478 | Val P/R/F1 (Macro): 0.3515/0.3075/0.3102 | LR: 0.000003
Epoch [46/100] | Loss: 0.6634 (Cls: 0.6239, TAL: 0.0000, Adv: 0.2630) | Train Acc: 0.9976 | Val Acc: 0.3130 | Val P/R/F1 (Macro): 0.4071/0.3108/0.2907 | LR: 0.000003
Epoch [47/100] | Loss: 0.6750 (Cls: 0.6316, TAL: 0.0000, Adv: 0.2897) | Train Acc: 0.9904 | Val Acc: 0.3652 | Val P/R/F1 (Macro): 0.4456/0.3516/0.3065 | LR: 0.000003
Epoch [48/100] | Loss: 0.6803 (Cls: 0.6257, TAL: 0.0000, Adv: 0.3637) | Train Acc: 0.9976 | Val Acc: 0.3130 | Val P/R/F1 (Macro): 0.3759/0.3307/0.2922 | LR: 0.000003
Epoch [49/100] | Loss: 0.6841 (Cls: 0.6378, TAL: 0.0000, Adv: 0.3091) | Train Acc: 0.9904 | Val Acc: 0.3739 | Val P/R/F1 (Macro): 0.4393/0.3468/0.3332 | LR: 0.000003
Epoch [50/100] | Loss: 0.6605 (Cls: 0.6232, TAL: 0.0000, Adv: 0.2491) | Train Acc: 0.9952 | Val Acc: 0.2957 | Val P/R/F1 (Macro): 0.3493/0.2808/0.2454 | LR: 0.000003
Epoch [51/100] | Loss: 0.6496 (Cls: 0.6210, TAL: 0.0000, Adv: 0.1901) | Train Acc: 1.0000 | Val Acc: 0.3565 | Val P/R/F1 (Macro): 0.3785/0.3208/0.3114 | LR: 0.000003
Epoch [52/100] | Loss: 0.6441 (Cls: 0.6195, TAL: 0.0000, Adv: 0.1637) | Train Acc: 1.0000 | Val Acc: 0.3913 | Val P/R/F1 (Macro): 0.3953/0.3681/0.3494 | LR: 0.000003
Epoch [53/100] | Loss: 0.6637 (Cls: 0.6425, TAL: 0.0000, Adv: 0.1409) | Train Acc: 0.9832 | Val Acc: 0.3565 | Val P/R/F1 (Macro): 0.3741/0.3277/0.3133 | LR: 0.000003
Epoch [54/100] | Loss: 0.6361 (Cls: 0.6184, TAL: 0.0000, Adv: 0.1184) | Train Acc: 0.9952 | Val Acc: 0.4000 | Val P/R/F1 (Macro): 0.4050/0.3669/0.3487 | LR: 0.000001
Epoch [55/100] | Loss: 0.6278 (Cls: 0.6114, TAL: 0.0000, Adv: 0.1092) | Train Acc: 0.9976 | Val Acc: 0.3913 | Val P/R/F1 (Macro): 0.4534/0.3592/0.3460 | LR: 0.000001
Epoch [56/100] | Loss: 0.6471 (Cls: 0.6237, TAL: 0.0000, Adv: 0.1564) | Train Acc: 0.9928 | Val Acc: 0.4087 | Val P/R/F1 (Macro): 0.4120/0.3690/0.3522 | LR: 0.000001
Epoch [57/100] | Loss: 0.6363 (Cls: 0.6181, TAL: 0.0000, Adv: 0.1212) | Train Acc: 0.9976 | Val Acc: 0.3565 | Val P/R/F1 (Macro): 0.3628/0.3302/0.3156 | LR: 0.000001
Epoch [58/100] | Loss: 0.6358 (Cls: 0.6185, TAL: 0.0000, Adv: 0.1156) | Train Acc: 0.9928 | Val Acc: 0.3565 | Val P/R/F1 (Macro): 0.3476/0.3320/0.3082 | LR: 0.000001
Epoch [59/100] | Loss: 0.6373 (Cls: 0.6143, TAL: 0.0000, Adv: 0.1532) | Train Acc: 1.0000 | Val Acc: 0.3739 | Val P/R/F1 (Macro): 0.3926/0.3397/0.3257 | LR: 0.000001
Epoch [60/100] | Loss: 0.6339 (Cls: 0.6152, TAL: 0.0000, Adv: 0.1245) | Train Acc: 0.9928 | Val Acc: 0.3739 | Val P/R/F1 (Macro): 0.4260/0.3407/0.3185 | LR: 0.000001
Epoch [61/100] | Loss: 0.6397 (Cls: 0.6125, TAL: 0.0000, Adv: 0.1813) | Train Acc: 0.9952 | Val Acc: 0.3304 | Val P/R/F1 (Macro): 0.3396/0.3086/0.2678 | LR: 0.000001
Epoch [62/100] | Loss: 0.6568 (Cls: 0.6267, TAL: 0.0000, Adv: 0.2009) | Train Acc: 0.9952 | Val Acc: 0.3913 | Val P/R/F1 (Macro): 0.3938/0.3655/0.3291 | LR: 0.000001
Epoch [63/100] | Loss: 0.6399 (Cls: 0.6162, TAL: 0.0000, Adv: 0.1575) | Train Acc: 0.9952 | Val Acc: 0.3130 | Val P/R/F1 (Macro): 0.2975/0.3057/0.2522 | LR: 0.000001
Epoch [64/100] | Loss: 0.6477 (Cls: 0.6152, TAL: 0.0000, Adv: 0.2164) | Train Acc: 0.9976 | Val Acc: 0.3391 | Val P/R/F1 (Macro): 0.4356/0.3423/0.3000 | LR: 0.000001
Epoch [65/100] | Loss: 0.6313 (Cls: 0.6077, TAL: 0.0000, Adv: 0.1573) | Train Acc: 1.0000 | Val Acc: 0.3565 | Val P/R/F1 (Macro): 0.3030/0.3123/0.2774 | LR: 0.000001
Epoch [66/100] | Loss: 0.6323 (Cls: 0.6127, TAL: 0.0000, Adv: 0.1308) | Train Acc: 0.9976 | Val Acc: 0.3565 | Val P/R/F1 (Macro): 0.3411/0.3309/0.2957 | LR: 0.000001
Epoch [67/100] | Loss: 0.6296 (Cls: 0.6153, TAL: 0.0000, Adv: 0.0954) | Train Acc: 0.9952 | Val Acc: 0.3478 | Val P/R/F1 (Macro): 0.3825/0.3302/0.2961 | LR: 0.000001
Epoch [68/100] | Loss: 0.6220 (Cls: 0.6059, TAL: 0.0000, Adv: 0.1073) | Train Acc: 0.9976 | Val Acc: 0.3478 | Val P/R/F1 (Macro): 0.3921/0.3324/0.2996 | LR: 0.000001
Epoch [69/100] | Loss: 0.6109 (Cls: 0.5991, TAL: 0.0000, Adv: 0.0788) | Train Acc: 1.0000 | Val Acc: 0.3391 | Val P/R/F1 (Macro): 0.3708/0.3388/0.2992 | LR: 0.000001
Epoch [70/100] | Loss: 0.6221 (Cls: 0.6091, TAL: 0.0000, Adv: 0.0871) | Train Acc: 1.0000 | Val Acc: 0.3565 | Val P/R/F1 (Macro): 0.3776/0.3521/0.3100 | LR: 0.000001
Epoch [71/100] | Loss: 0.6194 (Cls: 0.6108, TAL: 0.0000, Adv: 0.0569) | Train Acc: 0.9976 | Val Acc: 0.3478 | Val P/R/F1 (Macro): 0.3578/0.3360/0.3075 | LR: 0.000001
Epoch [72/100] | Loss: 0.6220 (Cls: 0.6116, TAL: 0.0000, Adv: 0.0690) | Train Acc: 0.9976 | Val Acc: 0.3391 | Val P/R/F1 (Macro): 0.3796/0.3404/0.2900 | LR: 0.000001
Epoch [73/100] | Loss: 0.6211 (Cls: 0.6085, TAL: 0.0000, Adv: 0.0841) | Train Acc: 1.0000 | Val Acc: 0.3217 | Val P/R/F1 (Macro): 0.3536/0.2984/0.2683 | LR: 0.000001
Epoch [74/100] | Loss: 0.6198 (Cls: 0.6074, TAL: 0.0000, Adv: 0.0828) | Train Acc: 0.9976 | Val Acc: 0.2957 | Val P/R/F1 (Macro): 0.2797/0.2758/0.2308 | LR: 0.000001
Epoch [75/100] | Loss: 0.6283 (Cls: 0.6110, TAL: 0.0000, Adv: 0.1156) | Train Acc: 0.9976 | Val Acc: 0.3130 | Val P/R/F1 (Macro): 0.2841/0.2875/0.2434 | LR: 0.000001
Epoch [76/100] | Loss: 0.6358 (Cls: 0.6012, TAL: 0.0000, Adv: 0.2305) | Train Acc: 0.9976 | Val Acc: 0.3130 | Val P/R/F1 (Macro): 0.4262/0.3006/0.2569 | LR: 0.000001
Epoch [77/100] | Loss: 0.6329 (Cls: 0.6132, TAL: 0.0000, Adv: 0.1313) | Train Acc: 0.9976 | Val Acc: 0.3043 | Val P/R/F1 (Macro): 0.3627/0.2968/0.2633 | LR: 0.000001
Epoch [78/100] | Loss: 0.6207 (Cls: 0.6075, TAL: 0.0000, Adv: 0.0884) | Train Acc: 0.9976 | Val Acc: 0.3130 | Val P/R/F1 (Macro): 0.3820/0.2980/0.2794 | LR: 0.000001
Epoch [79/100] | Loss: 0.6285 (Cls: 0.6161, TAL: 0.0000, Adv: 0.0828) | Train Acc: 0.9904 | Val Acc: 0.2957 | Val P/R/F1 (Macro): 0.3625/0.2766/0.2526 | LR: 0.000001
Epoch [80/100] | Loss: 0.6262 (Cls: 0.6113, TAL: 0.0000, Adv: 0.0993) | Train Acc: 0.9976 | Val Acc: 0.2522 | Val P/R/F1 (Macro): 0.3766/0.2565/0.2179 | LR: 0.000001
Epoch [81/100] | Loss: 0.6121 (Cls: 0.6031, TAL: 0.0000, Adv: 0.0603) | Train Acc: 1.0000 | Val Acc: 0.3217 | Val P/R/F1 (Macro): 0.4068/0.3010/0.2746 | LR: 0.000001
Epoch [82/100] | Loss: 0.6189 (Cls: 0.6067, TAL: 0.0000, Adv: 0.0814) | Train Acc: 1.0000 | Val Acc: 0.3478 | Val P/R/F1 (Macro): 0.4402/0.3176/0.2912 | LR: 0.000001
Epoch [83/100] | Loss: 0.6177 (Cls: 0.6078, TAL: 0.0000, Adv: 0.0659) | Train Acc: 0.9976 | Val Acc: 0.3304 | Val P/R/F1 (Macro): 0.3813/0.3032/0.2823 | LR: 0.000001
Epoch [84/100] | Loss: 0.6118 (Cls: 0.6017, TAL: 0.0000, Adv: 0.0671) | Train Acc: 0.9952 | Val Acc: 0.3217 | Val P/R/F1 (Macro): 0.3508/0.2948/0.2749 | LR: 0.000001
Epoch [85/100] | Loss: 0.6111 (Cls: 0.6014, TAL: 0.0000, Adv: 0.0645) | Train Acc: 1.0000 | Val Acc: 0.3478 | Val P/R/F1 (Macro): 0.3510/0.3170/0.3017 | LR: 0.000001
Epoch [86/100] | Loss: 0.6140 (Cls: 0.6074, TAL: 0.0000, Adv: 0.0443) | Train Acc: 1.0000 | Val Acc: 0.3217 | Val P/R/F1 (Macro): 0.3544/0.3010/0.2739 | LR: 0.000001
Epoch [87/100] | Loss: 0.6194 (Cls: 0.6100, TAL: 0.0000, Adv: 0.0621) | Train Acc: 1.0000 | Val Acc: 0.3304 | Val P/R/F1 (Macro): 0.3826/0.3051/0.2860 | LR: 0.000001
Epoch [88/100] | Loss: 0.6113 (Cls: 0.6008, TAL: 0.0000, Adv: 0.0705) | Train Acc: 1.0000 | Val Acc: 0.3304 | Val P/R/F1 (Macro): 0.3308/0.3122/0.2820 | LR: 0.000001
Epoch [89/100] | Loss: 0.6099 (Cls: 0.6045, TAL: 0.0000, Adv: 0.0365) | Train Acc: 1.0000 | Val Acc: 0.3478 | Val P/R/F1 (Macro): 0.4005/0.3308/0.2979 | LR: 0.000001
Epoch [90/100] | Loss: 0.6196 (Cls: 0.6102, TAL: 0.0000, Adv: 0.0625) | Train Acc: 1.0000 | Val Acc: 0.3739 | Val P/R/F1 (Macro): 0.4577/0.3530/0.3244 | LR: 0.000001
Epoch [91/100] | Loss: 0.6080 (Cls: 0.6014, TAL: 0.0000, Adv: 0.0440) | Train Acc: 0.9976 | Val Acc: 0.3739 | Val P/R/F1 (Macro): 0.4445/0.3487/0.3214 | LR: 0.000001
Epoch [92/100] | Loss: 0.6101 (Cls: 0.6021, TAL: 0.0000, Adv: 0.0535) | Train Acc: 0.9976 | Val Acc: 0.3478 | Val P/R/F1 (Macro): 0.4134/0.3108/0.2910 | LR: 0.000001
Epoch [93/100] | Loss: 0.6088 (Cls: 0.6033, TAL: 0.0000, Adv: 0.0367) | Train Acc: 1.0000 | Val Acc: 0.3391 | Val P/R/F1 (Macro): 0.3744/0.3111/0.2791 | LR: 0.000001
Epoch [94/100] | Loss: 0.6130 (Cls: 0.6034, TAL: 0.0000, Adv: 0.0636) | Train Acc: 0.9976 | Val Acc: 0.3304 | Val P/R/F1 (Macro): 0.4419/0.3116/0.2806 | LR: 0.000001
Epoch [95/100] | Loss: 0.6089 (Cls: 0.6002, TAL: 0.0000, Adv: 0.0580) | Train Acc: 0.9976 | Val Acc: 0.3217 | Val P/R/F1 (Macro): 0.3608/0.3129/0.2798 | LR: 0.000001
Epoch [96/100] | Loss: 0.6149 (Cls: 0.6083, TAL: 0.0000, Adv: 0.0441) | Train Acc: 1.0000 | Val Acc: 0.3304 | Val P/R/F1 (Macro): 0.3816/0.3129/0.2898 | LR: 0.000001
Epoch [97/100] | Loss: 0.6115 (Cls: 0.6045, TAL: 0.0000, Adv: 0.0472) | Train Acc: 0.9952 | Val Acc: 0.2957 | Val P/R/F1 (Macro): 0.3745/0.2804/0.2641 | LR: 0.000001
Epoch [98/100] | Loss: 0.6064 (Cls: 0.6007, TAL: 0.0000, Adv: 0.0386) | Train Acc: 0.9976 | Val Acc: 0.3304 | Val P/R/F1 (Macro): 0.3663/0.3094/0.2776 | LR: 0.000001
Epoch [99/100] | Loss: 0.6086 (Cls: 0.5998, TAL: 0.0000, Adv: 0.0586) | Train Acc: 0.9976 | Val Acc: 0.3304 | Val P/R/F1 (Macro): 0.3700/0.3165/0.2849 | LR: 0.000001
Epoch [100/100] | Loss: 0.6108 (Cls: 0.6023, TAL: 0.0000, Adv: 0.0564) | Train Acc: 1.0000 | Val Acc: 0.3391 | Val P/R/F1 (Macro): 0.4244/0.3274/0.2900 | LR: 0.000001

迭代 4 最佳指标:
  Accuracy: 0.4696
  Precision (Macro): 0.4240
  Recall (Macro): 0.4377
  F1 (Macro): 0.4114
  Precision (Micro): 0.4696
  Recall (Micro): 0.4696
  F1 (Micro): 0.4696
  Val class coverage: 9/14 (0.6429), samples=115

================================================================================
迭代 5/5
随机种子: 46
================================================================================
Training mode: unsupervised target adaptation (target labels ignored in training).
Feature fusion: Channel concatenation (512+512); fused_dim=1024
Domain adaptation: standard source-target adversarial training, no generator
Loss weights: tensor=0.00, adv=0.15
Epoch [1/100] | Loss: 2.6080 (Cls: 2.4883, TAL: 0.0000, Adv: 0.7981) | Train Acc: 0.2404 | Val Acc: 0.1043 | Val P/R/F1 (Macro): 0.0320/0.1877/0.0532 | LR: 0.000010
  >>> New Best Val Acc: 0.1043
Epoch [2/100] | Loss: 1.9011 (Cls: 1.7832, TAL: 0.0000, Adv: 0.7857) | Train Acc: 0.4952 | Val Acc: 0.2870 | Val P/R/F1 (Macro): 0.1926/0.3792/0.2191 | LR: 0.000010
  >>> New Best Val Acc: 0.2870
Epoch [3/100] | Loss: 1.5450 (Cls: 1.4352, TAL: 0.0000, Adv: 0.7317) | Train Acc: 0.6683 | Val Acc: 0.1565 | Val P/R/F1 (Macro): 0.0956/0.1472/0.0995 | LR: 0.000010
Epoch [4/100] | Loss: 1.2886 (Cls: 1.1758, TAL: 0.0000, Adv: 0.7518) | Train Acc: 0.7620 | Val Acc: 0.2522 | Val P/R/F1 (Macro): 0.1682/0.3327/0.1956 | LR: 0.000010
Epoch [5/100] | Loss: 1.2055 (Cls: 1.0990, TAL: 0.0000, Adv: 0.7096) | Train Acc: 0.8077 | Val Acc: 0.1652 | Val P/R/F1 (Macro): 0.1525/0.2274/0.1348 | LR: 0.000010
Epoch [6/100] | Loss: 1.1307 (Cls: 1.0250, TAL: 0.0000, Adv: 0.7045) | Train Acc: 0.8365 | Val Acc: 0.1304 | Val P/R/F1 (Macro): 0.2657/0.1288/0.1036 | LR: 0.000010
Epoch [7/100] | Loss: 1.0176 (Cls: 0.9176, TAL: 0.0000, Adv: 0.6667) | Train Acc: 0.8894 | Val Acc: 0.2087 | Val P/R/F1 (Macro): 0.3115/0.2449/0.1861 | LR: 0.000010
Epoch [8/100] | Loss: 1.0036 (Cls: 0.9055, TAL: 0.0000, Adv: 0.6538) | Train Acc: 0.8942 | Val Acc: 0.2348 | Val P/R/F1 (Macro): 0.2903/0.2502/0.2168 | LR: 0.000010
Epoch [9/100] | Loss: 0.9172 (Cls: 0.8243, TAL: 0.0000, Adv: 0.6198) | Train Acc: 0.9303 | Val Acc: 0.2870 | Val P/R/F1 (Macro): 0.1379/0.2829/0.1727 | LR: 0.000010
Epoch [10/100] | Loss: 0.9494 (Cls: 0.8615, TAL: 0.0000, Adv: 0.5859) | Train Acc: 0.9183 | Val Acc: 0.3217 | Val P/R/F1 (Macro): 0.4499/0.3600/0.2767 | LR: 0.000010
  >>> New Best Val Acc: 0.3217
Epoch [11/100] | Loss: 0.9029 (Cls: 0.8166, TAL: 0.0000, Adv: 0.5753) | Train Acc: 0.9375 | Val Acc: 0.2348 | Val P/R/F1 (Macro): 0.3193/0.2342/0.2307 | LR: 0.000010
Epoch [12/100] | Loss: 0.8533 (Cls: 0.7713, TAL: 0.0000, Adv: 0.5467) | Train Acc: 0.9615 | Val Acc: 0.2957 | Val P/R/F1 (Macro): 0.3853/0.3371/0.2620 | LR: 0.000010
Epoch [13/100] | Loss: 0.8483 (Cls: 0.7761, TAL: 0.0000, Adv: 0.4813) | Train Acc: 0.9423 | Val Acc: 0.3304 | Val P/R/F1 (Macro): 0.4265/0.3241/0.2984 | LR: 0.000010
  >>> New Best Val Acc: 0.3304
Epoch [14/100] | Loss: 0.8866 (Cls: 0.8106, TAL: 0.0000, Adv: 0.5067) | Train Acc: 0.9111 | Val Acc: 0.2609 | Val P/R/F1 (Macro): 0.2623/0.3397/0.2101 | LR: 0.000010
Epoch [15/100] | Loss: 0.8757 (Cls: 0.8035, TAL: 0.0000, Adv: 0.4809) | Train Acc: 0.9423 | Val Acc: 0.2087 | Val P/R/F1 (Macro): 0.2296/0.2160/0.1663 | LR: 0.000010
Epoch [16/100] | Loss: 0.8072 (Cls: 0.7403, TAL: 0.0000, Adv: 0.4454) | Train Acc: 0.9519 | Val Acc: 0.1913 | Val P/R/F1 (Macro): 0.3170/0.1562/0.1747 | LR: 0.000010
Epoch [17/100] | Loss: 0.8623 (Cls: 0.7929, TAL: 0.0000, Adv: 0.4623) | Train Acc: 0.9471 | Val Acc: 0.2870 | Val P/R/F1 (Macro): 0.3243/0.3621/0.2234 | LR: 0.000010
Epoch [18/100] | Loss: 0.7976 (Cls: 0.7355, TAL: 0.0000, Adv: 0.4135) | Train Acc: 0.9615 | Val Acc: 0.1565 | Val P/R/F1 (Macro): 0.1911/0.2235/0.1202 | LR: 0.000010
Epoch [19/100] | Loss: 0.8170 (Cls: 0.7535, TAL: 0.0000, Adv: 0.4233) | Train Acc: 0.9471 | Val Acc: 0.3130 | Val P/R/F1 (Macro): 0.4689/0.3049/0.2945 | LR: 0.000010
Epoch [20/100] | Loss: 0.8028 (Cls: 0.7181, TAL: 0.0000, Adv: 0.5647) | Train Acc: 0.9688 | Val Acc: 0.3043 | Val P/R/F1 (Macro): 0.2772/0.3598/0.2325 | LR: 0.000010
Epoch [21/100] | Loss: 0.8219 (Cls: 0.7149, TAL: 0.0000, Adv: 0.7138) | Train Acc: 0.9663 | Val Acc: 0.2696 | Val P/R/F1 (Macro): 0.2687/0.3029/0.2215 | LR: 0.000010
Epoch [22/100] | Loss: 0.8150 (Cls: 0.7063, TAL: 0.0000, Adv: 0.7248) | Train Acc: 0.9784 | Val Acc: 0.3217 | Val P/R/F1 (Macro): 0.3570/0.3554/0.2939 | LR: 0.000010
Epoch [23/100] | Loss: 0.8486 (Cls: 0.7057, TAL: 0.0000, Adv: 0.9530) | Train Acc: 0.9712 | Val Acc: 0.2435 | Val P/R/F1 (Macro): 0.2990/0.2832/0.2263 | LR: 0.000010
Epoch [24/100] | Loss: 0.8260 (Cls: 0.7032, TAL: 0.0000, Adv: 0.8185) | Train Acc: 0.9688 | Val Acc: 0.2870 | Val P/R/F1 (Macro): 0.3272/0.3416/0.2635 | LR: 0.000005
Epoch [25/100] | Loss: 0.7666 (Cls: 0.6701, TAL: 0.0000, Adv: 0.6440) | Train Acc: 0.9784 | Val Acc: 0.2783 | Val P/R/F1 (Macro): 0.3173/0.2828/0.2474 | LR: 0.000005
Epoch [26/100] | Loss: 0.7663 (Cls: 0.6756, TAL: 0.0000, Adv: 0.6042) | Train Acc: 0.9880 | Val Acc: 0.3043 | Val P/R/F1 (Macro): 0.3739/0.3455/0.2961 | LR: 0.000005
Epoch [27/100] | Loss: 0.7656 (Cls: 0.6797, TAL: 0.0000, Adv: 0.5724) | Train Acc: 0.9808 | Val Acc: 0.2609 | Val P/R/F1 (Macro): 0.3715/0.3133/0.2440 | LR: 0.000005
Epoch [28/100] | Loss: 0.7651 (Cls: 0.6913, TAL: 0.0000, Adv: 0.4920) | Train Acc: 0.9760 | Val Acc: 0.3043 | Val P/R/F1 (Macro): 0.3810/0.3407/0.2896 | LR: 0.000005
Epoch [29/100] | Loss: 0.7219 (Cls: 0.6588, TAL: 0.0000, Adv: 0.4205) | Train Acc: 0.9856 | Val Acc: 0.3043 | Val P/R/F1 (Macro): 0.3842/0.3482/0.2894 | LR: 0.000005
Epoch [30/100] | Loss: 0.7021 (Cls: 0.6536, TAL: 0.0000, Adv: 0.3231) | Train Acc: 0.9856 | Val Acc: 0.3565 | Val P/R/F1 (Macro): 0.3324/0.3365/0.2973 | LR: 0.000005
  >>> New Best Val Acc: 0.3565
Epoch [31/100] | Loss: 0.7233 (Cls: 0.6746, TAL: 0.0000, Adv: 0.3246) | Train Acc: 0.9808 | Val Acc: 0.3130 | Val P/R/F1 (Macro): 0.2907/0.3462/0.2550 | LR: 0.000005
Epoch [32/100] | Loss: 0.7095 (Cls: 0.6649, TAL: 0.0000, Adv: 0.2978) | Train Acc: 0.9832 | Val Acc: 0.3478 | Val P/R/F1 (Macro): 0.3219/0.3574/0.2969 | LR: 0.000005
Epoch [33/100] | Loss: 0.6738 (Cls: 0.6337, TAL: 0.0000, Adv: 0.2676) | Train Acc: 0.9976 | Val Acc: 0.2522 | Val P/R/F1 (Macro): 0.2871/0.3128/0.2158 | LR: 0.000005
Epoch [34/100] | Loss: 0.6900 (Cls: 0.6464, TAL: 0.0000, Adv: 0.2904) | Train Acc: 0.9976 | Val Acc: 0.3478 | Val P/R/F1 (Macro): 0.4134/0.3527/0.2826 | LR: 0.000005
Epoch [35/100] | Loss: 0.6758 (Cls: 0.6329, TAL: 0.0000, Adv: 0.2861) | Train Acc: 0.9928 | Val Acc: 0.2957 | Val P/R/F1 (Macro): 0.4118/0.3400/0.2279 | LR: 0.000005
Epoch [36/100] | Loss: 0.6927 (Cls: 0.6471, TAL: 0.0000, Adv: 0.3041) | Train Acc: 0.9856 | Val Acc: 0.2783 | Val P/R/F1 (Macro): 0.3807/0.3029/0.2536 | LR: 0.000005
Epoch [37/100] | Loss: 0.7260 (Cls: 0.6649, TAL: 0.0000, Adv: 0.4075) | Train Acc: 0.9856 | Val Acc: 0.3391 | Val P/R/F1 (Macro): 0.4556/0.4104/0.3059 | LR: 0.000005
Epoch [38/100] | Loss: 0.7709 (Cls: 0.6566, TAL: 0.0000, Adv: 0.7618) | Train Acc: 0.9928 | Val Acc: 0.4087 | Val P/R/F1 (Macro): 0.4417/0.3873/0.3261 | LR: 0.000005
  >>> New Best Val Acc: 0.4087
Epoch [39/100] | Loss: 0.7438 (Cls: 0.6620, TAL: 0.0000, Adv: 0.5447) | Train Acc: 0.9832 | Val Acc: 0.2870 | Val P/R/F1 (Macro): 0.2771/0.2943/0.2462 | LR: 0.000005
Epoch [40/100] | Loss: 0.7619 (Cls: 0.6634, TAL: 0.0000, Adv: 0.6569) | Train Acc: 0.9808 | Val Acc: 0.2870 | Val P/R/F1 (Macro): 0.3170/0.3060/0.2522 | LR: 0.000005
Epoch [41/100] | Loss: 0.7323 (Cls: 0.6537, TAL: 0.0000, Adv: 0.5238) | Train Acc: 0.9880 | Val Acc: 0.3304 | Val P/R/F1 (Macro): 0.3492/0.3458/0.2878 | LR: 0.000005
Epoch [42/100] | Loss: 0.7222 (Cls: 0.6480, TAL: 0.0000, Adv: 0.4952) | Train Acc: 0.9928 | Val Acc: 0.3826 | Val P/R/F1 (Macro): 0.4457/0.3850/0.3419 | LR: 0.000005
Epoch [43/100] | Loss: 0.7076 (Cls: 0.6490, TAL: 0.0000, Adv: 0.3905) | Train Acc: 0.9952 | Val Acc: 0.3217 | Val P/R/F1 (Macro): 0.2892/0.3445/0.2662 | LR: 0.000005
Epoch [44/100] | Loss: 0.6860 (Cls: 0.6320, TAL: 0.0000, Adv: 0.3597) | Train Acc: 0.9928 | Val Acc: 0.2957 | Val P/R/F1 (Macro): 0.2584/0.3010/0.2363 | LR: 0.000005
Epoch [45/100] | Loss: 0.6839 (Cls: 0.6270, TAL: 0.0000, Adv: 0.3792) | Train Acc: 0.9952 | Val Acc: 0.3130 | Val P/R/F1 (Macro): 0.3170/0.3494/0.2704 | LR: 0.000005
Epoch [46/100] | Loss: 0.7007 (Cls: 0.6430, TAL: 0.0000, Adv: 0.3849) | Train Acc: 0.9832 | Val Acc: 0.3130 | Val P/R/F1 (Macro): 0.3279/0.3341/0.3015 | LR: 0.000005
Epoch [47/100] | Loss: 0.6957 (Cls: 0.6417, TAL: 0.0000, Adv: 0.3604) | Train Acc: 0.9952 | Val Acc: 0.3304 | Val P/R/F1 (Macro): 0.3263/0.3544/0.2599 | LR: 0.000005
Epoch [48/100] | Loss: 0.6901 (Cls: 0.6386, TAL: 0.0000, Adv: 0.3433) | Train Acc: 0.9976 | Val Acc: 0.3304 | Val P/R/F1 (Macro): 0.3892/0.3865/0.2953 | LR: 0.000005
Epoch [49/100] | Loss: 0.6910 (Cls: 0.6423, TAL: 0.0000, Adv: 0.3248) | Train Acc: 0.9880 | Val Acc: 0.3826 | Val P/R/F1 (Macro): 0.3827/0.4124/0.3441 | LR: 0.000003
Epoch [50/100] | Loss: 0.6736 (Cls: 0.6309, TAL: 0.0000, Adv: 0.2849) | Train Acc: 0.9952 | Val Acc: 0.3304 | Val P/R/F1 (Macro): 0.3653/0.3486/0.3160 | LR: 0.000003
Epoch [51/100] | Loss: 0.6714 (Cls: 0.6348, TAL: 0.0000, Adv: 0.2435) | Train Acc: 0.9952 | Val Acc: 0.3217 | Val P/R/F1 (Macro): 0.3455/0.3689/0.2778 | LR: 0.000003
Epoch [52/100] | Loss: 0.6555 (Cls: 0.6251, TAL: 0.0000, Adv: 0.2026) | Train Acc: 0.9952 | Val Acc: 0.3217 | Val P/R/F1 (Macro): 0.3422/0.3758/0.2596 | LR: 0.000003
Epoch [53/100] | Loss: 0.6525 (Cls: 0.6268, TAL: 0.0000, Adv: 0.1712) | Train Acc: 0.9952 | Val Acc: 0.3391 | Val P/R/F1 (Macro): 0.3591/0.3575/0.3121 | LR: 0.000003
Epoch [54/100] | Loss: 0.6583 (Cls: 0.6311, TAL: 0.0000, Adv: 0.1812) | Train Acc: 0.9976 | Val Acc: 0.2609 | Val P/R/F1 (Macro): 0.3413/0.3146/0.2499 | LR: 0.000003
Epoch [55/100] | Loss: 0.6480 (Cls: 0.6249, TAL: 0.0000, Adv: 0.1541) | Train Acc: 0.9928 | Val Acc: 0.3043 | Val P/R/F1 (Macro): 0.3580/0.3513/0.2711 | LR: 0.000003
Epoch [56/100] | Loss: 0.6394 (Cls: 0.6192, TAL: 0.0000, Adv: 0.1346) | Train Acc: 0.9904 | Val Acc: 0.2957 | Val P/R/F1 (Macro): 0.3356/0.3383/0.2711 | LR: 0.000003
Epoch [57/100] | Loss: 0.6276 (Cls: 0.6106, TAL: 0.0000, Adv: 0.1133) | Train Acc: 1.0000 | Val Acc: 0.3043 | Val P/R/F1 (Macro): 0.3472/0.3550/0.2565 | LR: 0.000003
Epoch [58/100] | Loss: 0.6435 (Cls: 0.6219, TAL: 0.0000, Adv: 0.1443) | Train Acc: 0.9904 | Val Acc: 0.3391 | Val P/R/F1 (Macro): 0.3503/0.3907/0.2963 | LR: 0.000003
Epoch [59/100] | Loss: 0.6375 (Cls: 0.6198, TAL: 0.0000, Adv: 0.1179) | Train Acc: 0.9976 | Val Acc: 0.2522 | Val P/R/F1 (Macro): 0.3000/0.2902/0.2285 | LR: 0.000003
Epoch [60/100] | Loss: 0.6447 (Cls: 0.6248, TAL: 0.0000, Adv: 0.1325) | Train Acc: 0.9952 | Val Acc: 0.2696 | Val P/R/F1 (Macro): 0.3005/0.3077/0.2380 | LR: 0.000001
Epoch [61/100] | Loss: 0.6463 (Cls: 0.6209, TAL: 0.0000, Adv: 0.1689) | Train Acc: 0.9952 | Val Acc: 0.3304 | Val P/R/F1 (Macro): 0.3599/0.3627/0.2800 | LR: 0.000001
Epoch [62/100] | Loss: 0.6314 (Cls: 0.6134, TAL: 0.0000, Adv: 0.1201) | Train Acc: 0.9928 | Val Acc: 0.3217 | Val P/R/F1 (Macro): 0.3432/0.3259/0.2785 | LR: 0.000001
Epoch [63/100] | Loss: 0.6301 (Cls: 0.6136, TAL: 0.0000, Adv: 0.1101) | Train Acc: 0.9976 | Val Acc: 0.3391 | Val P/R/F1 (Macro): 0.3986/0.3631/0.3090 | LR: 0.000001
Epoch [64/100] | Loss: 0.6252 (Cls: 0.6112, TAL: 0.0000, Adv: 0.0930) | Train Acc: 0.9952 | Val Acc: 0.3217 | Val P/R/F1 (Macro): 0.3632/0.3440/0.2882 | LR: 0.000001
Epoch [65/100] | Loss: 0.6229 (Cls: 0.6069, TAL: 0.0000, Adv: 0.1068) | Train Acc: 1.0000 | Val Acc: 0.3043 | Val P/R/F1 (Macro): 0.3432/0.3385/0.2701 | LR: 0.000001
Epoch [66/100] | Loss: 0.6319 (Cls: 0.6130, TAL: 0.0000, Adv: 0.1263) | Train Acc: 0.9976 | Val Acc: 0.3478 | Val P/R/F1 (Macro): 0.3736/0.3781/0.3091 | LR: 0.000001
Epoch [67/100] | Loss: 0.6350 (Cls: 0.6187, TAL: 0.0000, Adv: 0.1083) | Train Acc: 1.0000 | Val Acc: 0.3565 | Val P/R/F1 (Macro): 0.3729/0.3873/0.2882 | LR: 0.000001
Epoch [68/100] | Loss: 0.6210 (Cls: 0.6053, TAL: 0.0000, Adv: 0.1047) | Train Acc: 1.0000 | Val Acc: 0.3391 | Val P/R/F1 (Macro): 0.3384/0.3602/0.2790 | LR: 0.000001
Epoch [69/100] | Loss: 0.6215 (Cls: 0.6068, TAL: 0.0000, Adv: 0.0974) | Train Acc: 0.9976 | Val Acc: 0.3391 | Val P/R/F1 (Macro): 0.3335/0.3534/0.2900 | LR: 0.000001
Epoch [70/100] | Loss: 0.6189 (Cls: 0.6060, TAL: 0.0000, Adv: 0.0858) | Train Acc: 0.9976 | Val Acc: 0.3478 | Val P/R/F1 (Macro): 0.3598/0.3670/0.2987 | LR: 0.000001
Epoch [71/100] | Loss: 0.6240 (Cls: 0.6085, TAL: 0.0000, Adv: 0.1034) | Train Acc: 0.9976 | Val Acc: 0.3304 | Val P/R/F1 (Macro): 0.3865/0.3562/0.2854 | LR: 0.000001
Epoch [72/100] | Loss: 0.6160 (Cls: 0.6038, TAL: 0.0000, Adv: 0.0812) | Train Acc: 1.0000 | Val Acc: 0.3391 | Val P/R/F1 (Macro): 0.3362/0.3534/0.2934 | LR: 0.000001
Epoch [73/100] | Loss: 0.6183 (Cls: 0.6003, TAL: 0.0000, Adv: 0.1201) | Train Acc: 1.0000 | Val Acc: 0.3130 | Val P/R/F1 (Macro): 0.3419/0.3461/0.2700 | LR: 0.000001
Epoch [74/100] | Loss: 0.6192 (Cls: 0.6045, TAL: 0.0000, Adv: 0.0978) | Train Acc: 1.0000 | Val Acc: 0.3478 | Val P/R/F1 (Macro): 0.3529/0.3595/0.3010 | LR: 0.000001
Epoch [75/100] | Loss: 0.6326 (Cls: 0.6064, TAL: 0.0000, Adv: 0.1745) | Train Acc: 0.9976 | Val Acc: 0.3565 | Val P/R/F1 (Macro): 0.3705/0.3806/0.3040 | LR: 0.000001
Epoch [76/100] | Loss: 0.6276 (Cls: 0.6068, TAL: 0.0000, Adv: 0.1387) | Train Acc: 1.0000 | Val Acc: 0.3565 | Val P/R/F1 (Macro): 0.3879/0.3787/0.3017 | LR: 0.000001
Epoch [77/100] | Loss: 0.6227 (Cls: 0.6018, TAL: 0.0000, Adv: 0.1388) | Train Acc: 0.9976 | Val Acc: 0.3304 | Val P/R/F1 (Macro): 0.3602/0.3500/0.2834 | LR: 0.000001
Epoch [78/100] | Loss: 0.6275 (Cls: 0.6084, TAL: 0.0000, Adv: 0.1271) | Train Acc: 0.9976 | Val Acc: 0.3043 | Val P/R/F1 (Macro): 0.3567/0.3264/0.2580 | LR: 0.000001
Epoch [79/100] | Loss: 0.6314 (Cls: 0.6097, TAL: 0.0000, Adv: 0.1451) | Train Acc: 0.9952 | Val Acc: 0.3130 | Val P/R/F1 (Macro): 0.3800/0.3696/0.2574 | LR: 0.000001
Epoch [80/100] | Loss: 0.6084 (Cls: 0.5993, TAL: 0.0000, Adv: 0.0605) | Train Acc: 1.0000 | Val Acc: 0.3391 | Val P/R/F1 (Macro): 0.3540/0.3788/0.2794 | LR: 0.000001
Epoch [81/100] | Loss: 0.6169 (Cls: 0.6063, TAL: 0.0000, Adv: 0.0706) | Train Acc: 0.9952 | Val Acc: 0.3739 | Val P/R/F1 (Macro): 0.4345/0.4028/0.3040 | LR: 0.000001
Epoch [82/100] | Loss: 0.6142 (Cls: 0.6039, TAL: 0.0000, Adv: 0.0691) | Train Acc: 0.9976 | Val Acc: 0.3391 | Val P/R/F1 (Macro): 0.4698/0.3714/0.2804 | LR: 0.000001
Epoch [83/100] | Loss: 0.6150 (Cls: 0.6039, TAL: 0.0000, Adv: 0.0742) | Train Acc: 0.9976 | Val Acc: 0.3217 | Val P/R/F1 (Macro): 0.4806/0.3597/0.2580 | LR: 0.000001
Epoch [84/100] | Loss: 0.6218 (Cls: 0.6077, TAL: 0.0000, Adv: 0.0941) | Train Acc: 1.0000 | Val Acc: 0.3565 | Val P/R/F1 (Macro): 0.4554/0.3747/0.2992 | LR: 0.000001
Epoch [85/100] | Loss: 0.6121 (Cls: 0.6013, TAL: 0.0000, Adv: 0.0716) | Train Acc: 1.0000 | Val Acc: 0.3391 | Val P/R/F1 (Macro): 0.3953/0.3670/0.2787 | LR: 0.000001
Epoch [86/100] | Loss: 0.6206 (Cls: 0.6087, TAL: 0.0000, Adv: 0.0793) | Train Acc: 0.9976 | Val Acc: 0.3130 | Val P/R/F1 (Macro): 0.3705/0.3507/0.2616 | LR: 0.000001
Epoch [87/100] | Loss: 0.6126 (Cls: 0.6045, TAL: 0.0000, Adv: 0.0544) | Train Acc: 1.0000 | Val Acc: 0.3565 | Val P/R/F1 (Macro): 0.3830/0.3806/0.2977 | LR: 0.000001
Epoch [88/100] | Loss: 0.6190 (Cls: 0.6055, TAL: 0.0000, Adv: 0.0897) | Train Acc: 0.9952 | Val Acc: 0.3217 | Val P/R/F1 (Macro): 0.4138/0.3569/0.2726 | LR: 0.000001
Epoch [89/100] | Loss: 0.6082 (Cls: 0.5982, TAL: 0.0000, Adv: 0.0667) | Train Acc: 0.9976 | Val Acc: 0.3304 | Val P/R/F1 (Macro): 0.3774/0.3630/0.2743 | LR: 0.000001
Epoch [90/100] | Loss: 0.6160 (Cls: 0.6048, TAL: 0.0000, Adv: 0.0750) | Train Acc: 1.0000 | Val Acc: 0.3478 | Val P/R/F1 (Macro): 0.3915/0.3686/0.2885 | LR: 0.000001
Epoch [91/100] | Loss: 0.6216 (Cls: 0.6106, TAL: 0.0000, Adv: 0.0732) | Train Acc: 0.9976 | Val Acc: 0.3217 | Val P/R/F1 (Macro): 0.3308/0.3423/0.2693 | LR: 0.000001
Epoch [92/100] | Loss: 0.6085 (Cls: 0.5965, TAL: 0.0000, Adv: 0.0802) | Train Acc: 0.9976 | Val Acc: 0.3217 | Val P/R/F1 (Macro): 0.3661/0.3490/0.2669 | LR: 0.000001
Epoch [93/100] | Loss: 0.6124 (Cls: 0.6015, TAL: 0.0000, Adv: 0.0732) | Train Acc: 1.0000 | Val Acc: 0.3391 | Val P/R/F1 (Macro): 0.3555/0.3585/0.2829 | LR: 0.000001
Epoch [94/100] | Loss: 0.6173 (Cls: 0.6065, TAL: 0.0000, Adv: 0.0724) | Train Acc: 1.0000 | Val Acc: 0.3478 | Val P/R/F1 (Macro): 0.4783/0.3788/0.2884 | LR: 0.000001
Epoch [95/100] | Loss: 0.6107 (Cls: 0.6013, TAL: 0.0000, Adv: 0.0625) | Train Acc: 0.9976 | Val Acc: 0.3478 | Val P/R/F1 (Macro): 0.3863/0.3952/0.2851 | LR: 0.000001
Epoch [96/100] | Loss: 0.6112 (Cls: 0.6012, TAL: 0.0000, Adv: 0.0663) | Train Acc: 1.0000 | Val Acc: 0.3304 | Val P/R/F1 (Macro): 0.3897/0.3587/0.2708 | LR: 0.000001
Epoch [97/100] | Loss: 0.6041 (Cls: 0.5981, TAL: 0.0000, Adv: 0.0397) | Train Acc: 1.0000 | Val Acc: 0.3391 | Val P/R/F1 (Macro): 0.5090/0.3977/0.3291 | LR: 0.000001
Epoch [98/100] | Loss: 0.6142 (Cls: 0.6062, TAL: 0.0000, Adv: 0.0535) | Train Acc: 1.0000 | Val Acc: 0.3478 | Val P/R/F1 (Macro): 0.4104/0.3766/0.2924 | LR: 0.000001
Epoch [99/100] | Loss: 0.6149 (Cls: 0.6000, TAL: 0.0000, Adv: 0.0990) | Train Acc: 0.9976 | Val Acc: 0.3652 | Val P/R/F1 (Macro): 0.4008/0.4050/0.3046 | LR: 0.000001
Epoch [100/100] | Loss: 0.6178 (Cls: 0.6040, TAL: 0.0000, Adv: 0.0921) | Train Acc: 0.9976 | Val Acc: 0.3391 | Val P/R/F1 (Macro): 0.3876/0.3893/0.2810 | LR: 0.000001

迭代 5 最佳指标:
  Accuracy: 0.4087
  Precision (Macro): 0.4417
  Recall (Macro): 0.3873
  F1 (Macro): 0.3261
  Precision (Micro): 0.4087
  Recall (Micro): 0.4087
  F1 (Micro): 0.4087
  Val class coverage: 9/14 (0.6429), samples=115

================================================================================
5次迭代统计结果
================================================================================

accuracy:
  各迭代值: ['0.4696', '0.4348', '0.4783', '0.4696', '0.4087']
  均值 (Mean): 0.4522
  标准差 (Std): 0.0264

precision_macro:
  各迭代值: ['0.4541', '0.4537', '0.3627', '0.4240', '0.4417']
  均值 (Mean): 0.4272
  标准差 (Std): 0.0341

recall_macro:
  各迭代值: ['0.4220', '0.3588', '0.3708', '0.4377', '0.3873']
  均值 (Mean): 0.3953
  标准差 (Std): 0.0300

f1_macro:
  各迭代值: ['0.4022', '0.3880', '0.3563', '0.4114', '0.3261']
  均值 (Mean): 0.3768
  标准差 (Std): 0.0315

precision_micro:
  各迭代值: ['0.4696', '0.4348', '0.4783', '0.4696', '0.4087']
  均值 (Mean): 0.4522
  标准差 (Std): 0.0264

recall_micro:
  各迭代值: ['0.4696', '0.4348', '0.4783', '0.4696', '0.4087']
  均值 (Mean): 0.4522
  标准差 (Std): 0.0264

f1_micro:
  各迭代值: ['0.4696', '0.4348', '0.4783', '0.4696', '0.4087']
  均值 (Mean): 0.4522
  标准差 (Std): 0.0264

val_class_coverage:
  各迭代值: ['0.6429', '0.6429', '0.6429', '0.6429', '0.6429']
  均值 (Mean): 0.6429
  标准差 (Std): 0.0000

val_present_classes:
  各迭代值: ['9.0000', '9.0000', '9.0000', '9.0000', '9.0000']
  均值 (Mean): 9.0000
  标准差 (Std): 0.0000

val_total_classes:
  各迭代值: ['14.0000', '14.0000', '14.0000', '14.0000', '14.0000']
  均值 (Mean): 14.0000
  标准差 (Std): 0.0000

val_samples:
  各迭代值: ['115.0000', '115.0000', '115.0000', '115.0000', '115.0000']
  均值 (Mean): 115.0000
  标准差 (Std): 0.0000

训练结束时间: 2026-07-09 23:12:59
================================================================================
