================================================================================
模块消融实验 - without_tensor_without_ot
目标域天气: 雾天
训练开始时间: 2026-07-07 20:47:33
设备: cuda
源域: /home/lixiang/lx/Data/晴天
目标域: /home/lixiang/lx/Data/雾天
批次大小: 32
总轮数: 100
迭代次数: 5
使用Tensor模块: 否
使用OT模块: 否
特征融合方式: 通道拼接
域对齐方式: 常规对抗
================================================================================

================================================================================
迭代 1/5
随机种子: 42
================================================================================
Feature fusion: Channel concatenation (512+512); fused_dim=1024
Domain adaptation: standard source-target adversarial training, no generator
Loss weights: tensor=0.00, adv=0.15
Epoch [1/100] | Loss: 4.5433 (Cls: 4.4170, TAL: 0.0000, Adv: 0.8420) | Train Acc: 0.2788 | Val Acc: 0.3391 | Val P/R/F1 (Macro): 0.3199/0.3896/0.3080 | LR: 0.000010
  >>> New Best Val Acc: 0.3391
Epoch [2/100] | Loss: 3.3727 (Cls: 3.2624, TAL: 0.0000, Adv: 0.7359) | Train Acc: 0.5264 | Val Acc: 0.4348 | Val P/R/F1 (Macro): 0.4577/0.4719/0.3842 | LR: 0.000010
  >>> New Best Val Acc: 0.4348
Epoch [3/100] | Loss: 2.6547 (Cls: 2.5545, TAL: 0.0000, Adv: 0.6683) | Train Acc: 0.6514 | Val Acc: 0.6174 | Val P/R/F1 (Macro): 0.6379/0.5934/0.5360 | LR: 0.000010
  >>> New Best Val Acc: 0.6174
Epoch [4/100] | Loss: 2.3323 (Cls: 2.2375, TAL: 0.0000, Adv: 0.6319) | Train Acc: 0.7019 | Val Acc: 0.7304 | Val P/R/F1 (Macro): 0.7023/0.7489/0.6963 | LR: 0.000010
  >>> New Best Val Acc: 0.7304
Epoch [5/100] | Loss: 2.1266 (Cls: 2.0301, TAL: 0.0000, Adv: 0.6432) | Train Acc: 0.7885 | Val Acc: 0.7304 | Val P/R/F1 (Macro): 0.8366/0.7603/0.7527 | LR: 0.000010
Epoch [6/100] | Loss: 2.0075 (Cls: 1.9191, TAL: 0.0000, Adv: 0.5893) | Train Acc: 0.8606 | Val Acc: 0.8348 | Val P/R/F1 (Macro): 0.8499/0.8046/0.7998 | LR: 0.000010
  >>> New Best Val Acc: 0.8348
Epoch [7/100] | Loss: 1.8356 (Cls: 1.7542, TAL: 0.0000, Adv: 0.5428) | Train Acc: 0.9087 | Val Acc: 0.8261 | Val P/R/F1 (Macro): 0.8168/0.7642/0.7745 | LR: 0.000010
Epoch [8/100] | Loss: 1.8567 (Cls: 1.7810, TAL: 0.0000, Adv: 0.5050) | Train Acc: 0.8798 | Val Acc: 0.8609 | Val P/R/F1 (Macro): 0.8875/0.8347/0.8379 | LR: 0.000010
  >>> New Best Val Acc: 0.8609
Epoch [9/100] | Loss: 1.7380 (Cls: 1.6677, TAL: 0.0000, Adv: 0.4688) | Train Acc: 0.9111 | Val Acc: 0.8087 | Val P/R/F1 (Macro): 0.7158/0.7015/0.6874 | LR: 0.000010
Epoch [10/100] | Loss: 1.7213 (Cls: 1.6582, TAL: 0.0000, Adv: 0.4205) | Train Acc: 0.9279 | Val Acc: 0.7565 | Val P/R/F1 (Macro): 0.7167/0.6867/0.6572 | LR: 0.000010
Epoch [11/100] | Loss: 1.6361 (Cls: 1.5798, TAL: 0.0000, Adv: 0.3752) | Train Acc: 0.9135 | Val Acc: 0.8174 | Val P/R/F1 (Macro): 0.8402/0.7848/0.7904 | LR: 0.000010
Epoch [12/100] | Loss: 1.5853 (Cls: 1.5373, TAL: 0.0000, Adv: 0.3201) | Train Acc: 0.9351 | Val Acc: 0.8522 | Val P/R/F1 (Macro): 0.8485/0.8092/0.8168 | LR: 0.000010
Epoch [13/100] | Loss: 1.6612 (Cls: 1.6041, TAL: 0.0000, Adv: 0.3807) | Train Acc: 0.9279 | Val Acc: 0.8522 | Val P/R/F1 (Macro): 0.8587/0.7981/0.7943 | LR: 0.000010
Epoch [14/100] | Loss: 1.5901 (Cls: 1.5489, TAL: 0.0000, Adv: 0.2748) | Train Acc: 0.9255 | Val Acc: 0.8261 | Val P/R/F1 (Macro): 0.8661/0.7701/0.7741 | LR: 0.000010
Epoch [15/100] | Loss: 1.5320 (Cls: 1.4844, TAL: 0.0000, Adv: 0.3175) | Train Acc: 0.9519 | Val Acc: 0.8609 | Val P/R/F1 (Macro): 0.8643/0.7875/0.7895 | LR: 0.000010
Epoch [16/100] | Loss: 1.4953 (Cls: 1.4488, TAL: 0.0000, Adv: 0.3100) | Train Acc: 0.9639 | Val Acc: 0.8783 | Val P/R/F1 (Macro): 0.8974/0.8740/0.8754 | LR: 0.000010
  >>> New Best Val Acc: 0.8783
Epoch [17/100] | Loss: 1.5118 (Cls: 1.4501, TAL: 0.0000, Adv: 0.4109) | Train Acc: 0.9447 | Val Acc: 0.8261 | Val P/R/F1 (Macro): 0.8409/0.7893/0.7912 | LR: 0.000010
Epoch [18/100] | Loss: 1.5477 (Cls: 1.4502, TAL: 0.0000, Adv: 0.6498) | Train Acc: 0.9543 | Val Acc: 0.8783 | Val P/R/F1 (Macro): 0.8955/0.8482/0.8554 | LR: 0.000010
Epoch [19/100] | Loss: 1.5111 (Cls: 1.4455, TAL: 0.0000, Adv: 0.4369) | Train Acc: 0.9471 | Val Acc: 0.8696 | Val P/R/F1 (Macro): 0.8331/0.8497/0.8329 | LR: 0.000010
Epoch [20/100] | Loss: 1.4924 (Cls: 1.4420, TAL: 0.0000, Adv: 0.3354) | Train Acc: 0.9591 | Val Acc: 0.8783 | Val P/R/F1 (Macro): 0.8899/0.8506/0.8523 | LR: 0.000010
Epoch [21/100] | Loss: 1.4679 (Cls: 1.3994, TAL: 0.0000, Adv: 0.4569) | Train Acc: 0.9615 | Val Acc: 0.8522 | Val P/R/F1 (Macro): 0.8597/0.7702/0.7762 | LR: 0.000010
Epoch [22/100] | Loss: 1.3882 (Cls: 1.3395, TAL: 0.0000, Adv: 0.3244) | Train Acc: 0.9832 | Val Acc: 0.8783 | Val P/R/F1 (Macro): 0.8712/0.8533/0.8498 | LR: 0.000010
Epoch [23/100] | Loss: 1.4265 (Cls: 1.3785, TAL: 0.0000, Adv: 0.3199) | Train Acc: 0.9591 | Val Acc: 0.8609 | Val P/R/F1 (Macro): 0.8679/0.7696/0.7835 | LR: 0.000010
Epoch [24/100] | Loss: 1.4071 (Cls: 1.3695, TAL: 0.0000, Adv: 0.2508) | Train Acc: 0.9712 | Val Acc: 0.8870 | Val P/R/F1 (Macro): 0.8953/0.8374/0.8471 | LR: 0.000010
  >>> New Best Val Acc: 0.8870
Epoch [25/100] | Loss: 1.3848 (Cls: 1.3335, TAL: 0.0000, Adv: 0.3418) | Train Acc: 0.9736 | Val Acc: 0.8783 | Val P/R/F1 (Macro): 0.8915/0.8579/0.8607 | LR: 0.000010
Epoch [26/100] | Loss: 1.4322 (Cls: 1.3651, TAL: 0.0000, Adv: 0.4472) | Train Acc: 0.9663 | Val Acc: 0.8957 | Val P/R/F1 (Macro): 0.9185/0.8841/0.8921 | LR: 0.000010
  >>> New Best Val Acc: 0.8957
Epoch [27/100] | Loss: 1.4569 (Cls: 1.3687, TAL: 0.0000, Adv: 0.5884) | Train Acc: 0.9760 | Val Acc: 0.8870 | Val P/R/F1 (Macro): 0.8841/0.8801/0.8754 | LR: 0.000010
Epoch [28/100] | Loss: 1.5148 (Cls: 1.3977, TAL: 0.0000, Adv: 0.7805) | Train Acc: 0.9567 | Val Acc: 0.8696 | Val P/R/F1 (Macro): 0.8928/0.8725/0.8677 | LR: 0.000010
Epoch [29/100] | Loss: 1.4432 (Cls: 1.3615, TAL: 0.0000, Adv: 0.5448) | Train Acc: 0.9712 | Val Acc: 0.8870 | Val P/R/F1 (Macro): 0.9031/0.8534/0.8555 | LR: 0.000010
Epoch [30/100] | Loss: 1.3836 (Cls: 1.3236, TAL: 0.0000, Adv: 0.4002) | Train Acc: 0.9760 | Val Acc: 0.8870 | Val P/R/F1 (Macro): 0.9044/0.8783/0.8789 | LR: 0.000010
Epoch [31/100] | Loss: 1.3708 (Cls: 1.3108, TAL: 0.0000, Adv: 0.4001) | Train Acc: 0.9808 | Val Acc: 0.9043 | Val P/R/F1 (Macro): 0.9160/0.8803/0.8832 | LR: 0.000010
  >>> New Best Val Acc: 0.9043
Epoch [32/100] | Loss: 1.3535 (Cls: 1.3006, TAL: 0.0000, Adv: 0.3527) | Train Acc: 0.9832 | Val Acc: 0.9043 | Val P/R/F1 (Macro): 0.9228/0.8917/0.8920 | LR: 0.000010
Epoch [33/100] | Loss: 1.3422 (Cls: 1.2936, TAL: 0.0000, Adv: 0.3239) | Train Acc: 0.9880 | Val Acc: 0.9043 | Val P/R/F1 (Macro): 0.9159/0.8990/0.8900 | LR: 0.000010
Epoch [34/100] | Loss: 1.3369 (Cls: 1.2861, TAL: 0.0000, Adv: 0.3386) | Train Acc: 0.9808 | Val Acc: 0.9043 | Val P/R/F1 (Macro): 0.9144/0.8663/0.8738 | LR: 0.000010
Epoch [35/100] | Loss: 1.3302 (Cls: 1.2816, TAL: 0.0000, Adv: 0.3242) | Train Acc: 0.9880 | Val Acc: 0.8870 | Val P/R/F1 (Macro): 0.8999/0.8512/0.8588 | LR: 0.000010
Epoch [36/100] | Loss: 1.3293 (Cls: 1.2876, TAL: 0.0000, Adv: 0.2782) | Train Acc: 0.9784 | Val Acc: 0.9043 | Val P/R/F1 (Macro): 0.9056/0.8773/0.8750 | LR: 0.000010
Epoch [37/100] | Loss: 1.3104 (Cls: 1.2745, TAL: 0.0000, Adv: 0.2391) | Train Acc: 0.9832 | Val Acc: 0.9130 | Val P/R/F1 (Macro): 0.9151/0.9171/0.9026 | LR: 0.000010
  >>> New Best Val Acc: 0.9130
Epoch [38/100] | Loss: 1.3084 (Cls: 1.2667, TAL: 0.0000, Adv: 0.2780) | Train Acc: 0.9832 | Val Acc: 0.8609 | Val P/R/F1 (Macro): 0.8786/0.7692/0.7880 | LR: 0.000010
Epoch [39/100] | Loss: 1.3387 (Cls: 1.2887, TAL: 0.0000, Adv: 0.3333) | Train Acc: 0.9928 | Val Acc: 0.9043 | Val P/R/F1 (Macro): 0.9235/0.8588/0.8798 | LR: 0.000010
Epoch [40/100] | Loss: 1.3367 (Cls: 1.2864, TAL: 0.0000, Adv: 0.3350) | Train Acc: 0.9856 | Val Acc: 0.8783 | Val P/R/F1 (Macro): 0.8948/0.8517/0.8502 | LR: 0.000010
Epoch [41/100] | Loss: 1.2966 (Cls: 1.2540, TAL: 0.0000, Adv: 0.2841) | Train Acc: 0.9880 | Val Acc: 0.8957 | Val P/R/F1 (Macro): 0.9052/0.9000/0.8888 | LR: 0.000010
Epoch [42/100] | Loss: 1.3416 (Cls: 1.2774, TAL: 0.0000, Adv: 0.4283) | Train Acc: 0.9880 | Val Acc: 0.9043 | Val P/R/F1 (Macro): 0.9136/0.9082/0.9006 | LR: 0.000010
Epoch [43/100] | Loss: 1.3388 (Cls: 1.2810, TAL: 0.0000, Adv: 0.3853) | Train Acc: 0.9856 | Val Acc: 0.9043 | Val P/R/F1 (Macro): 0.9187/0.8564/0.8750 | LR: 0.000010
Epoch [44/100] | Loss: 1.3062 (Cls: 1.2535, TAL: 0.0000, Adv: 0.3517) | Train Acc: 0.9880 | Val Acc: 0.8783 | Val P/R/F1 (Macro): 0.8961/0.8331/0.8463 | LR: 0.000010
Epoch [45/100] | Loss: 1.3186 (Cls: 1.2801, TAL: 0.0000, Adv: 0.2564) | Train Acc: 0.9832 | Val Acc: 0.8957 | Val P/R/F1 (Macro): 0.9012/0.8836/0.8819 | LR: 0.000010
Epoch [46/100] | Loss: 1.2762 (Cls: 1.2480, TAL: 0.0000, Adv: 0.1880) | Train Acc: 0.9832 | Val Acc: 0.9130 | Val P/R/F1 (Macro): 0.9258/0.8943/0.9002 | LR: 0.000010
Epoch [47/100] | Loss: 1.3089 (Cls: 1.2690, TAL: 0.0000, Adv: 0.2663) | Train Acc: 0.9856 | Val Acc: 0.8522 | Val P/R/F1 (Macro): 0.8657/0.7966/0.8094 | LR: 0.000010
Epoch [48/100] | Loss: 1.2990 (Cls: 1.2443, TAL: 0.0000, Adv: 0.3648) | Train Acc: 0.9904 | Val Acc: 0.8783 | Val P/R/F1 (Macro): 0.8916/0.7918/0.8113 | LR: 0.000005
Epoch [49/100] | Loss: 1.3209 (Cls: 1.2453, TAL: 0.0000, Adv: 0.5036) | Train Acc: 0.9928 | Val Acc: 0.8783 | Val P/R/F1 (Macro): 0.9028/0.8479/0.8590 | LR: 0.000005
Epoch [50/100] | Loss: 1.3296 (Cls: 1.2401, TAL: 0.0000, Adv: 0.5964) | Train Acc: 0.9832 | Val Acc: 0.9130 | Val P/R/F1 (Macro): 0.9309/0.8939/0.9045 | LR: 0.000005
Epoch [51/100] | Loss: 1.2604 (Cls: 1.2218, TAL: 0.0000, Adv: 0.2573) | Train Acc: 0.9976 | Val Acc: 0.8870 | Val P/R/F1 (Macro): 0.8936/0.8541/0.8562 | LR: 0.000005
Epoch [52/100] | Loss: 1.2675 (Cls: 1.2205, TAL: 0.0000, Adv: 0.3130) | Train Acc: 0.9880 | Val Acc: 0.8957 | Val P/R/F1 (Macro): 0.9118/0.8347/0.8593 | LR: 0.000005
Epoch [53/100] | Loss: 1.2638 (Cls: 1.2280, TAL: 0.0000, Adv: 0.2391) | Train Acc: 0.9904 | Val Acc: 0.9043 | Val P/R/F1 (Macro): 0.9060/0.8739/0.8797 | LR: 0.000005
Epoch [54/100] | Loss: 1.2574 (Cls: 1.2168, TAL: 0.0000, Adv: 0.2704) | Train Acc: 0.9904 | Val Acc: 0.9043 | Val P/R/F1 (Macro): 0.9159/0.8751/0.8806 | LR: 0.000005
Epoch [55/100] | Loss: 1.2452 (Cls: 1.2091, TAL: 0.0000, Adv: 0.2405) | Train Acc: 0.9976 | Val Acc: 0.9130 | Val P/R/F1 (Macro): 0.9215/0.8798/0.8899 | LR: 0.000005
Epoch [56/100] | Loss: 1.2634 (Cls: 1.2255, TAL: 0.0000, Adv: 0.2528) | Train Acc: 0.9856 | Val Acc: 0.8957 | Val P/R/F1 (Macro): 0.9094/0.8529/0.8680 | LR: 0.000005
Epoch [57/100] | Loss: 1.2301 (Cls: 1.2055, TAL: 0.0000, Adv: 0.1642) | Train Acc: 0.9976 | Val Acc: 0.9043 | Val P/R/F1 (Macro): 0.9137/0.8620/0.8719 | LR: 0.000005
Epoch [58/100] | Loss: 1.2198 (Cls: 1.2009, TAL: 0.0000, Adv: 0.1258) | Train Acc: 0.9952 | Val Acc: 0.8957 | Val P/R/F1 (Macro): 0.9167/0.8410/0.8610 | LR: 0.000005
Epoch [59/100] | Loss: 1.2071 (Cls: 1.1925, TAL: 0.0000, Adv: 0.0978) | Train Acc: 0.9976 | Val Acc: 0.8870 | Val P/R/F1 (Macro): 0.8962/0.8389/0.8479 | LR: 0.000003
Epoch [60/100] | Loss: 1.2011 (Cls: 1.1899, TAL: 0.0000, Adv: 0.0744) | Train Acc: 1.0000 | Val Acc: 0.9217 | Val P/R/F1 (Macro): 0.9370/0.8998/0.9108 | LR: 0.000003
  >>> New Best Val Acc: 0.9217
Epoch [61/100] | Loss: 1.2093 (Cls: 1.2004, TAL: 0.0000, Adv: 0.0588) | Train Acc: 0.9904 | Val Acc: 0.9130 | Val P/R/F1 (Macro): 0.9257/0.8649/0.8828 | LR: 0.000003
Epoch [62/100] | Loss: 1.1920 (Cls: 1.1848, TAL: 0.0000, Adv: 0.0476) | Train Acc: 0.9952 | Val Acc: 0.9130 | Val P/R/F1 (Macro): 0.9229/0.8810/0.8892 | LR: 0.000003
Epoch [63/100] | Loss: 1.2088 (Cls: 1.2017, TAL: 0.0000, Adv: 0.0473) | Train Acc: 0.9928 | Val Acc: 0.9043 | Val P/R/F1 (Macro): 0.9181/0.8588/0.8769 | LR: 0.000003
Epoch [64/100] | Loss: 1.2002 (Cls: 1.1923, TAL: 0.0000, Adv: 0.0529) | Train Acc: 0.9952 | Val Acc: 0.9043 | Val P/R/F1 (Macro): 0.9123/0.8918/0.8935 | LR: 0.000003
Epoch [65/100] | Loss: 1.1929 (Cls: 1.1879, TAL: 0.0000, Adv: 0.0333) | Train Acc: 0.9928 | Val Acc: 0.9130 | Val P/R/F1 (Macro): 0.9309/0.8627/0.8856 | LR: 0.000003
Epoch [66/100] | Loss: 1.1995 (Cls: 1.1922, TAL: 0.0000, Adv: 0.0491) | Train Acc: 0.9976 | Val Acc: 0.9217 | Val P/R/F1 (Macro): 0.9319/0.9202/0.9143 | LR: 0.000003
Epoch [67/100] | Loss: 1.1994 (Cls: 1.1962, TAL: 0.0000, Adv: 0.0211) | Train Acc: 0.9952 | Val Acc: 0.9217 | Val P/R/F1 (Macro): 0.9373/0.9020/0.9108 | LR: 0.000003
Epoch [68/100] | Loss: 1.1980 (Cls: 1.1908, TAL: 0.0000, Adv: 0.0480) | Train Acc: 0.9976 | Val Acc: 0.9130 | Val P/R/F1 (Macro): 0.9301/0.8839/0.8933 | LR: 0.000003
Epoch [69/100] | Loss: 1.1846 (Cls: 1.1791, TAL: 0.0000, Adv: 0.0367) | Train Acc: 1.0000 | Val Acc: 0.9304 | Val P/R/F1 (Macro): 0.9391/0.8911/0.9022 | LR: 0.000003
  >>> New Best Val Acc: 0.9304
Epoch [70/100] | Loss: 1.1941 (Cls: 1.1892, TAL: 0.0000, Adv: 0.0325) | Train Acc: 0.9928 | Val Acc: 0.9217 | Val P/R/F1 (Macro): 0.9279/0.8872/0.8943 | LR: 0.000003
Epoch [71/100] | Loss: 1.1851 (Cls: 1.1817, TAL: 0.0000, Adv: 0.0229) | Train Acc: 0.9952 | Val Acc: 0.8957 | Val P/R/F1 (Macro): 0.9093/0.8734/0.8755 | LR: 0.000003
Epoch [72/100] | Loss: 1.1887 (Cls: 1.1848, TAL: 0.0000, Adv: 0.0256) | Train Acc: 1.0000 | Val Acc: 0.8957 | Val P/R/F1 (Macro): 0.9058/0.8923/0.8823 | LR: 0.000003
Epoch [73/100] | Loss: 1.2056 (Cls: 1.1986, TAL: 0.0000, Adv: 0.0468) | Train Acc: 0.9928 | Val Acc: 0.9217 | Val P/R/F1 (Macro): 0.9351/0.8872/0.8977 | LR: 0.000003
Epoch [74/100] | Loss: 1.1964 (Cls: 1.1874, TAL: 0.0000, Adv: 0.0602) | Train Acc: 0.9952 | Val Acc: 0.9217 | Val P/R/F1 (Macro): 0.9379/0.8689/0.8918 | LR: 0.000003
Epoch [75/100] | Loss: 1.1921 (Cls: 1.1851, TAL: 0.0000, Adv: 0.0471) | Train Acc: 0.9976 | Val Acc: 0.9130 | Val P/R/F1 (Macro): 0.9267/0.8627/0.8831 | LR: 0.000003
Epoch [76/100] | Loss: 1.2021 (Cls: 1.1926, TAL: 0.0000, Adv: 0.0637) | Train Acc: 0.9928 | Val Acc: 0.9304 | Val P/R/F1 (Macro): 0.9414/0.8911/0.9038 | LR: 0.000003
Epoch [77/100] | Loss: 1.1975 (Cls: 1.1903, TAL: 0.0000, Adv: 0.0484) | Train Acc: 0.9976 | Val Acc: 0.9217 | Val P/R/F1 (Macro): 0.9270/0.9180/0.9133 | LR: 0.000003
Epoch [78/100] | Loss: 1.1822 (Cls: 1.1792, TAL: 0.0000, Adv: 0.0200) | Train Acc: 1.0000 | Val Acc: 0.9304 | Val P/R/F1 (Macro): 0.9384/0.9059/0.9146 | LR: 0.000003
Epoch [79/100] | Loss: 1.1764 (Cls: 1.1737, TAL: 0.0000, Adv: 0.0181) | Train Acc: 0.9976 | Val Acc: 0.9304 | Val P/R/F1 (Macro): 0.9377/0.9059/0.9139 | LR: 0.000003
Epoch [80/100] | Loss: 1.1802 (Cls: 1.1756, TAL: 0.0000, Adv: 0.0307) | Train Acc: 0.9976 | Val Acc: 0.9217 | Val P/R/F1 (Macro): 0.9336/0.9020/0.9093 | LR: 0.000001
Epoch [81/100] | Loss: 1.1820 (Cls: 1.1789, TAL: 0.0000, Adv: 0.0211) | Train Acc: 1.0000 | Val Acc: 0.9304 | Val P/R/F1 (Macro): 0.9377/0.9059/0.9139 | LR: 0.000001
Epoch [82/100] | Loss: 1.1958 (Cls: 1.1935, TAL: 0.0000, Adv: 0.0154) | Train Acc: 0.9952 | Val Acc: 0.9391 | Val P/R/F1 (Macro): 0.9454/0.9282/0.9279 | LR: 0.000001
  >>> New Best Val Acc: 0.9391
Epoch [83/100] | Loss: 1.1836 (Cls: 1.1780, TAL: 0.0000, Adv: 0.0377) | Train Acc: 1.0000 | Val Acc: 0.9217 | Val P/R/F1 (Macro): 0.9314/0.8689/0.8881 | LR: 0.000001
Epoch [84/100] | Loss: 1.1878 (Cls: 1.1829, TAL: 0.0000, Adv: 0.0325) | Train Acc: 0.9952 | Val Acc: 0.9043 | Val P/R/F1 (Macro): 0.9198/0.8588/0.8766 | LR: 0.000001
Epoch [85/100] | Loss: 1.1836 (Cls: 1.1800, TAL: 0.0000, Adv: 0.0240) | Train Acc: 1.0000 | Val Acc: 0.9391 | Val P/R/F1 (Macro): 0.9488/0.9282/0.9293 | LR: 0.000001
Epoch [86/100] | Loss: 1.1848 (Cls: 1.1786, TAL: 0.0000, Adv: 0.0415) | Train Acc: 0.9976 | Val Acc: 0.9217 | Val P/R/F1 (Macro): 0.9265/0.9020/0.9059 | LR: 0.000001
Epoch [87/100] | Loss: 1.1815 (Cls: 1.1757, TAL: 0.0000, Adv: 0.0391) | Train Acc: 0.9976 | Val Acc: 0.9217 | Val P/R/F1 (Macro): 0.9265/0.9020/0.9059 | LR: 0.000001
Epoch [88/100] | Loss: 1.1914 (Cls: 1.1839, TAL: 0.0000, Adv: 0.0496) | Train Acc: 0.9904 | Val Acc: 0.9217 | Val P/R/F1 (Macro): 0.9314/0.8689/0.8881 | LR: 0.000001
Epoch [89/100] | Loss: 1.1910 (Cls: 1.1862, TAL: 0.0000, Adv: 0.0321) | Train Acc: 0.9976 | Val Acc: 0.9130 | Val P/R/F1 (Macro): 0.9278/0.8627/0.8838 | LR: 0.000001
Epoch [90/100] | Loss: 1.1836 (Cls: 1.1775, TAL: 0.0000, Adv: 0.0409) | Train Acc: 0.9952 | Val Acc: 0.9217 | Val P/R/F1 (Macro): 0.9340/0.8689/0.8898 | LR: 0.000001
Epoch [91/100] | Loss: 1.1877 (Cls: 1.1802, TAL: 0.0000, Adv: 0.0500) | Train Acc: 0.9952 | Val Acc: 0.9217 | Val P/R/F1 (Macro): 0.9374/0.8689/0.8911 | LR: 0.000001
Epoch [92/100] | Loss: 1.1732 (Cls: 1.1674, TAL: 0.0000, Adv: 0.0392) | Train Acc: 1.0000 | Val Acc: 0.9391 | Val P/R/F1 (Macro): 0.9454/0.9282/0.9279 | LR: 0.000001
Epoch [93/100] | Loss: 1.1900 (Cls: 1.1845, TAL: 0.0000, Adv: 0.0366) | Train Acc: 0.9856 | Val Acc: 0.9130 | Val P/R/F1 (Macro): 0.9249/0.8627/0.8817 | LR: 0.000001
Epoch [94/100] | Loss: 1.1813 (Cls: 1.1767, TAL: 0.0000, Adv: 0.0304) | Train Acc: 1.0000 | Val Acc: 0.9130 | Val P/R/F1 (Macro): 0.9249/0.8627/0.8817 | LR: 0.000001
Epoch [95/100] | Loss: 1.1768 (Cls: 1.1741, TAL: 0.0000, Adv: 0.0182) | Train Acc: 0.9952 | Val Acc: 0.9130 | Val P/R/F1 (Macro): 0.9309/0.8627/0.8856 | LR: 0.000001
Epoch [96/100] | Loss: 1.1798 (Cls: 1.1740, TAL: 0.0000, Adv: 0.0388) | Train Acc: 0.9952 | Val Acc: 0.9217 | Val P/R/F1 (Macro): 0.9331/0.8998/0.9089 | LR: 0.000001
Epoch [97/100] | Loss: 1.1762 (Cls: 1.1746, TAL: 0.0000, Adv: 0.0107) | Train Acc: 0.9952 | Val Acc: 0.9217 | Val P/R/F1 (Macro): 0.9303/0.8541/0.8646 | LR: 0.000001
Epoch [98/100] | Loss: 1.1763 (Cls: 1.1703, TAL: 0.0000, Adv: 0.0396) | Train Acc: 1.0000 | Val Acc: 0.9130 | Val P/R/F1 (Macro): 0.9201/0.8649/0.8802 | LR: 0.000001
Epoch [99/100] | Loss: 1.1853 (Cls: 1.1796, TAL: 0.0000, Adv: 0.0380) | Train Acc: 0.9976 | Val Acc: 0.9217 | Val P/R/F1 (Macro): 0.9351/0.8872/0.8977 | LR: 0.000001
Epoch [100/100] | Loss: 1.1765 (Cls: 1.1705, TAL: 0.0000, Adv: 0.0404) | Train Acc: 0.9976 | Val Acc: 0.9217 | Val P/R/F1 (Macro): 0.9351/0.8872/0.8977 | LR: 0.000001

迭代 1 最佳指标:
  Accuracy: 0.9391
  Precision (Macro): 0.9454
  Recall (Macro): 0.9282
  F1 (Macro): 0.9279
  Precision (Micro): 0.9391
  Recall (Micro): 0.9391
  F1 (Micro): 0.9391
  Val class coverage: 9/14 (0.6429), samples=115

================================================================================
迭代 2/5
随机种子: 43
================================================================================
Feature fusion: Channel concatenation (512+512); fused_dim=1024
Domain adaptation: standard source-target adversarial training, no generator
Loss weights: tensor=0.00, adv=0.15
Epoch [1/100] | Loss: 4.6477 (Cls: 4.5300, TAL: 0.0000, Adv: 0.7842) | Train Acc: 0.2404 | Val Acc: 0.3826 | Val P/R/F1 (Macro): 0.3631/0.3771/0.2743 | LR: 0.000010
  >>> New Best Val Acc: 0.3826
Epoch [2/100] | Loss: 3.5465 (Cls: 3.4394, TAL: 0.0000, Adv: 0.7143) | Train Acc: 0.4663 | Val Acc: 0.5130 | Val P/R/F1 (Macro): 0.5196/0.5336/0.4612 | LR: 0.000010
  >>> New Best Val Acc: 0.5130
Epoch [3/100] | Loss: 2.8627 (Cls: 2.7607, TAL: 0.0000, Adv: 0.6798) | Train Acc: 0.6154 | Val Acc: 0.6783 | Val P/R/F1 (Macro): 0.6925/0.6778/0.6244 | LR: 0.000010
  >>> New Best Val Acc: 0.6783
Epoch [4/100] | Loss: 2.5435 (Cls: 2.4440, TAL: 0.0000, Adv: 0.6637) | Train Acc: 0.7043 | Val Acc: 0.6609 | Val P/R/F1 (Macro): 0.6673/0.6439/0.5987 | LR: 0.000010
Epoch [5/100] | Loss: 2.2642 (Cls: 2.1718, TAL: 0.0000, Adv: 0.6160) | Train Acc: 0.7380 | Val Acc: 0.7130 | Val P/R/F1 (Macro): 0.7730/0.6431/0.6484 | LR: 0.000010
  >>> New Best Val Acc: 0.7130
Epoch [6/100] | Loss: 2.0333 (Cls: 1.9429, TAL: 0.0000, Adv: 0.6026) | Train Acc: 0.8245 | Val Acc: 0.7565 | Val P/R/F1 (Macro): 0.7843/0.7330/0.7086 | LR: 0.000010
  >>> New Best Val Acc: 0.7565
Epoch [7/100] | Loss: 1.9811 (Cls: 1.8970, TAL: 0.0000, Adv: 0.5604) | Train Acc: 0.8486 | Val Acc: 0.7565 | Val P/R/F1 (Macro): 0.7760/0.8132/0.7611 | LR: 0.000010
Epoch [8/100] | Loss: 1.8711 (Cls: 1.7936, TAL: 0.0000, Adv: 0.5167) | Train Acc: 0.8894 | Val Acc: 0.7826 | Val P/R/F1 (Macro): 0.6989/0.6940/0.6750 | LR: 0.000010
  >>> New Best Val Acc: 0.7826
Epoch [9/100] | Loss: 1.7583 (Cls: 1.6878, TAL: 0.0000, Adv: 0.4699) | Train Acc: 0.8942 | Val Acc: 0.8348 | Val P/R/F1 (Macro): 0.7929/0.7080/0.7059 | LR: 0.000010
  >>> New Best Val Acc: 0.8348
Epoch [10/100] | Loss: 1.6678 (Cls: 1.6044, TAL: 0.0000, Adv: 0.4229) | Train Acc: 0.9062 | Val Acc: 0.8435 | Val P/R/F1 (Macro): 0.8796/0.8117/0.8242 | LR: 0.000010
  >>> New Best Val Acc: 0.8435
Epoch [11/100] | Loss: 1.6729 (Cls: 1.6149, TAL: 0.0000, Adv: 0.3868) | Train Acc: 0.9231 | Val Acc: 0.8783 | Val P/R/F1 (Macro): 0.8472/0.8429/0.8285 | LR: 0.000010
  >>> New Best Val Acc: 0.8783
Epoch [12/100] | Loss: 1.6447 (Cls: 1.5938, TAL: 0.0000, Adv: 0.3394) | Train Acc: 0.9279 | Val Acc: 0.8435 | Val P/R/F1 (Macro): 0.8977/0.8058/0.8289 | LR: 0.000010
Epoch [13/100] | Loss: 1.5688 (Cls: 1.5175, TAL: 0.0000, Adv: 0.3419) | Train Acc: 0.9399 | Val Acc: 0.8696 | Val P/R/F1 (Macro): 0.8594/0.8254/0.8290 | LR: 0.000010
Epoch [14/100] | Loss: 1.6621 (Cls: 1.6097, TAL: 0.0000, Adv: 0.3493) | Train Acc: 0.9279 | Val Acc: 0.8609 | Val P/R/F1 (Macro): 0.8674/0.8355/0.8317 | LR: 0.000010
Epoch [15/100] | Loss: 1.5343 (Cls: 1.4885, TAL: 0.0000, Adv: 0.3057) | Train Acc: 0.9375 | Val Acc: 0.8783 | Val P/R/F1 (Macro): 0.9173/0.8204/0.8475 | LR: 0.000010
Epoch [16/100] | Loss: 1.5880 (Cls: 1.5408, TAL: 0.0000, Adv: 0.3152) | Train Acc: 0.9327 | Val Acc: 0.8261 | Val P/R/F1 (Macro): 0.8316/0.7133/0.7276 | LR: 0.000010
Epoch [17/100] | Loss: 1.5114 (Cls: 1.4629, TAL: 0.0000, Adv: 0.3231) | Train Acc: 0.9543 | Val Acc: 0.8522 | Val P/R/F1 (Macro): 0.8055/0.7777/0.7767 | LR: 0.000010
Epoch [18/100] | Loss: 1.5082 (Cls: 1.4344, TAL: 0.0000, Adv: 0.4920) | Train Acc: 0.9567 | Val Acc: 0.8348 | Val P/R/F1 (Macro): 0.8334/0.8298/0.8187 | LR: 0.000010
Epoch [19/100] | Loss: 1.5314 (Cls: 1.4572, TAL: 0.0000, Adv: 0.4947) | Train Acc: 0.9688 | Val Acc: 0.8783 | Val P/R/F1 (Macro): 0.8872/0.8161/0.8386 | LR: 0.000010
Epoch [20/100] | Loss: 1.5359 (Cls: 1.4290, TAL: 0.0000, Adv: 0.7130) | Train Acc: 0.9688 | Val Acc: 0.8783 | Val P/R/F1 (Macro): 0.9146/0.7947/0.8201 | LR: 0.000010
Epoch [21/100] | Loss: 1.4617 (Cls: 1.3665, TAL: 0.0000, Adv: 0.6347) | Train Acc: 0.9712 | Val Acc: 0.8696 | Val P/R/F1 (Macro): 0.8806/0.7696/0.7927 | LR: 0.000010
Epoch [22/100] | Loss: 1.5202 (Cls: 1.4470, TAL: 0.0000, Adv: 0.4879) | Train Acc: 0.9423 | Val Acc: 0.8435 | Val P/R/F1 (Macro): 0.8641/0.7827/0.7878 | LR: 0.000005
Epoch [23/100] | Loss: 1.4350 (Cls: 1.3709, TAL: 0.0000, Adv: 0.4277) | Train Acc: 0.9615 | Val Acc: 0.8609 | Val P/R/F1 (Macro): 0.8676/0.7816/0.7953 | LR: 0.000005
Epoch [24/100] | Loss: 1.4119 (Cls: 1.3631, TAL: 0.0000, Adv: 0.3252) | Train Acc: 0.9736 | Val Acc: 0.8783 | Val P/R/F1 (Macro): 0.8883/0.8431/0.8498 | LR: 0.000005
Epoch [25/100] | Loss: 1.3698 (Cls: 1.3310, TAL: 0.0000, Adv: 0.2586) | Train Acc: 0.9784 | Val Acc: 0.8870 | Val P/R/F1 (Macro): 0.8950/0.8288/0.8465 | LR: 0.000005
  >>> New Best Val Acc: 0.8870
Epoch [26/100] | Loss: 1.3769 (Cls: 1.3360, TAL: 0.0000, Adv: 0.2727) | Train Acc: 0.9736 | Val Acc: 0.8870 | Val P/R/F1 (Macro): 0.8768/0.8107/0.8249 | LR: 0.000005
Epoch [27/100] | Loss: 1.3588 (Cls: 1.3282, TAL: 0.0000, Adv: 0.2040) | Train Acc: 0.9808 | Val Acc: 0.9043 | Val P/R/F1 (Macro): 0.9056/0.8408/0.8589 | LR: 0.000005
  >>> New Best Val Acc: 0.9043
Epoch [28/100] | Loss: 1.3515 (Cls: 1.3220, TAL: 0.0000, Adv: 0.1968) | Train Acc: 0.9832 | Val Acc: 0.8957 | Val P/R/F1 (Macro): 0.9115/0.8347/0.8588 | LR: 0.000005
Epoch [29/100] | Loss: 1.3159 (Cls: 1.2826, TAL: 0.0000, Adv: 0.2221) | Train Acc: 0.9808 | Val Acc: 0.8870 | Val P/R/F1 (Macro): 0.8849/0.8334/0.8440 | LR: 0.000005
Epoch [30/100] | Loss: 1.3177 (Cls: 1.2902, TAL: 0.0000, Adv: 0.1833) | Train Acc: 0.9832 | Val Acc: 0.9217 | Val P/R/F1 (Macro): 0.9263/0.8996/0.9013 | LR: 0.000005
  >>> New Best Val Acc: 0.9217
Epoch [31/100] | Loss: 1.3301 (Cls: 1.2953, TAL: 0.0000, Adv: 0.2322) | Train Acc: 0.9880 | Val Acc: 0.8957 | Val P/R/F1 (Macro): 0.9009/0.8248/0.8314 | LR: 0.000005
Epoch [32/100] | Loss: 1.3002 (Cls: 1.2695, TAL: 0.0000, Adv: 0.2047) | Train Acc: 0.9856 | Val Acc: 0.8696 | Val P/R/F1 (Macro): 0.8613/0.7867/0.8006 | LR: 0.000005
Epoch [33/100] | Loss: 1.3160 (Cls: 1.2872, TAL: 0.0000, Adv: 0.1914) | Train Acc: 0.9808 | Val Acc: 0.8696 | Val P/R/F1 (Macro): 0.8265/0.7866/0.7935 | LR: 0.000005
Epoch [34/100] | Loss: 1.3393 (Cls: 1.3052, TAL: 0.0000, Adv: 0.2273) | Train Acc: 0.9832 | Val Acc: 0.8783 | Val P/R/F1 (Macro): 0.8704/0.7929/0.8074 | LR: 0.000005
Epoch [35/100] | Loss: 1.3304 (Cls: 1.3059, TAL: 0.0000, Adv: 0.1636) | Train Acc: 0.9832 | Val Acc: 0.8609 | Val P/R/F1 (Macro): 0.8601/0.7473/0.7662 | LR: 0.000005
Epoch [36/100] | Loss: 1.3080 (Cls: 1.2848, TAL: 0.0000, Adv: 0.1548) | Train Acc: 0.9856 | Val Acc: 0.8783 | Val P/R/F1 (Macro): 0.8641/0.8565/0.8465 | LR: 0.000005
Epoch [37/100] | Loss: 1.2893 (Cls: 1.2672, TAL: 0.0000, Adv: 0.1472) | Train Acc: 0.9904 | Val Acc: 0.8870 | Val P/R/F1 (Macro): 0.9253/0.8042/0.8231 | LR: 0.000005
Epoch [38/100] | Loss: 1.2758 (Cls: 1.2591, TAL: 0.0000, Adv: 0.1113) | Train Acc: 0.9952 | Val Acc: 0.8696 | Val P/R/F1 (Macro): 0.8621/0.8026/0.8154 | LR: 0.000005
Epoch [39/100] | Loss: 1.3104 (Cls: 1.2699, TAL: 0.0000, Adv: 0.2705) | Train Acc: 0.9832 | Val Acc: 0.8696 | Val P/R/F1 (Macro): 0.8405/0.7844/0.7949 | LR: 0.000005
Epoch [40/100] | Loss: 1.3013 (Cls: 1.2689, TAL: 0.0000, Adv: 0.2162) | Train Acc: 0.9904 | Val Acc: 0.8783 | Val P/R/F1 (Macro): 0.8779/0.7905/0.8119 | LR: 0.000005
Epoch [41/100] | Loss: 1.3108 (Cls: 1.2597, TAL: 0.0000, Adv: 0.3407) | Train Acc: 0.9928 | Val Acc: 0.8957 | Val P/R/F1 (Macro): 0.8704/0.8466/0.8506 | LR: 0.000003
Epoch [42/100] | Loss: 1.3163 (Cls: 1.2602, TAL: 0.0000, Adv: 0.3741) | Train Acc: 0.9832 | Val Acc: 0.8870 | Val P/R/F1 (Macro): 0.8903/0.8225/0.8425 | LR: 0.000003
Epoch [43/100] | Loss: 1.2942 (Cls: 1.2563, TAL: 0.0000, Adv: 0.2523) | Train Acc: 0.9856 | Val Acc: 0.8957 | Val P/R/F1 (Macro): 0.8908/0.8186/0.8366 | LR: 0.000003
Epoch [44/100] | Loss: 1.2671 (Cls: 1.2360, TAL: 0.0000, Adv: 0.2070) | Train Acc: 0.9928 | Val Acc: 0.8783 | Val P/R/F1 (Macro): 0.8757/0.7694/0.7886 | LR: 0.000003
Epoch [45/100] | Loss: 1.2493 (Cls: 1.2264, TAL: 0.0000, Adv: 0.1528) | Train Acc: 0.9880 | Val Acc: 0.8783 | Val P/R/F1 (Macro): 0.8930/0.8066/0.8308 | LR: 0.000003
Epoch [46/100] | Loss: 1.2549 (Cls: 1.2381, TAL: 0.0000, Adv: 0.1123) | Train Acc: 0.9952 | Val Acc: 0.9043 | Val P/R/F1 (Macro): 0.9044/0.8408/0.8581 | LR: 0.000003
Epoch [47/100] | Loss: 1.2767 (Cls: 1.2547, TAL: 0.0000, Adv: 0.1471) | Train Acc: 0.9856 | Val Acc: 0.9043 | Val P/R/F1 (Macro): 0.9190/0.8509/0.8747 | LR: 0.000003
Epoch [48/100] | Loss: 1.2676 (Cls: 1.2453, TAL: 0.0000, Adv: 0.1489) | Train Acc: 0.9856 | Val Acc: 0.9130 | Val P/R/F1 (Macro): 0.9161/0.8750/0.8865 | LR: 0.000003
Epoch [49/100] | Loss: 1.2667 (Cls: 1.2487, TAL: 0.0000, Adv: 0.1198) | Train Acc: 0.9904 | Val Acc: 0.8957 | Val P/R/F1 (Macro): 0.9122/0.8347/0.8598 | LR: 0.000003
Epoch [50/100] | Loss: 1.2612 (Cls: 1.2290, TAL: 0.0000, Adv: 0.2143) | Train Acc: 0.9952 | Val Acc: 0.8870 | Val P/R/F1 (Macro): 0.8828/0.8490/0.8496 | LR: 0.000003
Epoch [51/100] | Loss: 1.2751 (Cls: 1.2418, TAL: 0.0000, Adv: 0.2222) | Train Acc: 0.9928 | Val Acc: 0.8870 | Val P/R/F1 (Macro): 0.8974/0.8436/0.8563 | LR: 0.000003
Epoch [52/100] | Loss: 1.2561 (Cls: 1.2282, TAL: 0.0000, Adv: 0.1857) | Train Acc: 0.9952 | Val Acc: 0.8957 | Val P/R/F1 (Macro): 0.8813/0.8595/0.8628 | LR: 0.000001
Epoch [53/100] | Loss: 1.2830 (Cls: 1.2440, TAL: 0.0000, Adv: 0.2600) | Train Acc: 0.9856 | Val Acc: 0.8957 | Val P/R/F1 (Macro): 0.9034/0.8447/0.8625 | LR: 0.000001
Epoch [54/100] | Loss: 1.2492 (Cls: 1.2266, TAL: 0.0000, Adv: 0.1508) | Train Acc: 0.9928 | Val Acc: 0.8957 | Val P/R/F1 (Macro): 0.8940/0.8283/0.8479 | LR: 0.000001
Epoch [55/100] | Loss: 1.2518 (Cls: 1.2298, TAL: 0.0000, Adv: 0.1470) | Train Acc: 0.9880 | Val Acc: 0.8783 | Val P/R/F1 (Macro): 0.8743/0.8002/0.8184 | LR: 0.000001
Epoch [56/100] | Loss: 1.2246 (Cls: 1.2091, TAL: 0.0000, Adv: 0.1034) | Train Acc: 1.0000 | Val Acc: 0.8957 | Val P/R/F1 (Macro): 0.8916/0.8778/0.8780 | LR: 0.000001
Epoch [57/100] | Loss: 1.2183 (Cls: 1.2047, TAL: 0.0000, Adv: 0.0912) | Train Acc: 1.0000 | Val Acc: 0.8870 | Val P/R/F1 (Macro): 0.8866/0.8407/0.8530 | LR: 0.000001
Epoch [58/100] | Loss: 1.2371 (Cls: 1.2280, TAL: 0.0000, Adv: 0.0604) | Train Acc: 0.9904 | Val Acc: 0.9130 | Val P/R/F1 (Macro): 0.9132/0.8728/0.8832 | LR: 0.000001
Epoch [59/100] | Loss: 1.2252 (Cls: 1.2178, TAL: 0.0000, Adv: 0.0492) | Train Acc: 0.9976 | Val Acc: 0.8957 | Val P/R/F1 (Macro): 0.8982/0.8347/0.8513 | LR: 0.000001
Epoch [60/100] | Loss: 1.2206 (Cls: 1.2148, TAL: 0.0000, Adv: 0.0389) | Train Acc: 1.0000 | Val Acc: 0.9130 | Val P/R/F1 (Macro): 0.9189/0.8910/0.8932 | LR: 0.000001
Epoch [61/100] | Loss: 1.2081 (Cls: 1.2011, TAL: 0.0000, Adv: 0.0466) | Train Acc: 0.9976 | Val Acc: 0.8870 | Val P/R/F1 (Macro): 0.8782/0.8061/0.8246 | LR: 0.000001
Epoch [62/100] | Loss: 1.2233 (Cls: 1.2191, TAL: 0.0000, Adv: 0.0281) | Train Acc: 1.0000 | Val Acc: 0.9043 | Val P/R/F1 (Macro): 0.9152/0.8505/0.8729 | LR: 0.000001
Epoch [63/100] | Loss: 1.2098 (Cls: 1.2050, TAL: 0.0000, Adv: 0.0316) | Train Acc: 0.9976 | Val Acc: 0.8957 | Val P/R/F1 (Macro): 0.9033/0.8347/0.8546 | LR: 0.000001
Epoch [64/100] | Loss: 1.2325 (Cls: 1.2260, TAL: 0.0000, Adv: 0.0432) | Train Acc: 0.9880 | Val Acc: 0.8696 | Val P/R/F1 (Macro): 0.8484/0.7863/0.8010 | LR: 0.000001
Epoch [65/100] | Loss: 1.2337 (Cls: 1.2262, TAL: 0.0000, Adv: 0.0499) | Train Acc: 0.9904 | Val Acc: 0.9130 | Val P/R/F1 (Macro): 0.9177/0.8939/0.8967 | LR: 0.000001
Epoch [66/100] | Loss: 1.2112 (Cls: 1.2048, TAL: 0.0000, Adv: 0.0426) | Train Acc: 0.9952 | Val Acc: 0.8957 | Val P/R/F1 (Macro): 0.9115/0.8347/0.8592 | LR: 0.000001
Epoch [67/100] | Loss: 1.2218 (Cls: 1.2178, TAL: 0.0000, Adv: 0.0265) | Train Acc: 0.9976 | Val Acc: 0.9043 | Val P/R/F1 (Macro): 0.9128/0.8569/0.8714 | LR: 0.000001
Epoch [68/100] | Loss: 1.2291 (Cls: 1.2201, TAL: 0.0000, Adv: 0.0603) | Train Acc: 0.9928 | Val Acc: 0.8957 | Val P/R/F1 (Macro): 0.8984/0.8529/0.8618 | LR: 0.000001
Epoch [69/100] | Loss: 1.2194 (Cls: 1.2142, TAL: 0.0000, Adv: 0.0352) | Train Acc: 0.9976 | Val Acc: 0.9043 | Val P/R/F1 (Macro): 0.9036/0.8717/0.8772 | LR: 0.000001
Epoch [70/100] | Loss: 1.2141 (Cls: 1.2097, TAL: 0.0000, Adv: 0.0297) | Train Acc: 0.9976 | Val Acc: 0.8957 | Val P/R/F1 (Macro): 0.9115/0.8347/0.8588 | LR: 0.000001
Epoch [71/100] | Loss: 1.2118 (Cls: 1.2075, TAL: 0.0000, Adv: 0.0287) | Train Acc: 0.9952 | Val Acc: 0.8957 | Val P/R/F1 (Macro): 0.9115/0.8347/0.8592 | LR: 0.000001
Epoch [72/100] | Loss: 1.2297 (Cls: 1.2247, TAL: 0.0000, Adv: 0.0329) | Train Acc: 0.9928 | Val Acc: 0.9130 | Val P/R/F1 (Macro): 0.9177/0.8939/0.8967 | LR: 0.000001
Epoch [73/100] | Loss: 1.2075 (Cls: 1.2043, TAL: 0.0000, Adv: 0.0216) | Train Acc: 0.9976 | Val Acc: 0.8870 | Val P/R/F1 (Macro): 0.8939/0.8471/0.8557 | LR: 0.000001
Epoch [74/100] | Loss: 1.2118 (Cls: 1.2090, TAL: 0.0000, Adv: 0.0186) | Train Acc: 0.9928 | Val Acc: 0.8957 | Val P/R/F1 (Macro): 0.9033/0.8347/0.8546 | LR: 0.000001
Epoch [75/100] | Loss: 1.2273 (Cls: 1.2201, TAL: 0.0000, Adv: 0.0479) | Train Acc: 0.9952 | Val Acc: 0.9130 | Val P/R/F1 (Macro): 0.9258/0.8631/0.8810 | LR: 0.000001
Epoch [76/100] | Loss: 1.2085 (Cls: 1.2055, TAL: 0.0000, Adv: 0.0197) | Train Acc: 0.9952 | Val Acc: 0.9043 | Val P/R/F1 (Macro): 0.9182/0.8408/0.8656 | LR: 0.000001
Epoch [77/100] | Loss: 1.2114 (Cls: 1.2069, TAL: 0.0000, Adv: 0.0303) | Train Acc: 0.9952 | Val Acc: 0.9043 | Val P/R/F1 (Macro): 0.9082/0.8717/0.8799 | LR: 0.000001
Epoch [78/100] | Loss: 1.2025 (Cls: 1.1985, TAL: 0.0000, Adv: 0.0264) | Train Acc: 0.9952 | Val Acc: 0.8957 | Val P/R/F1 (Macro): 0.8980/0.8283/0.8507 | LR: 0.000001
Epoch [79/100] | Loss: 1.2190 (Cls: 1.2143, TAL: 0.0000, Adv: 0.0310) | Train Acc: 0.9928 | Val Acc: 0.8783 | Val P/R/F1 (Macro): 0.8858/0.8066/0.8270 | LR: 0.000001
Epoch [80/100] | Loss: 1.1937 (Cls: 1.1897, TAL: 0.0000, Adv: 0.0267) | Train Acc: 1.0000 | Val Acc: 0.8957 | Val P/R/F1 (Macro): 0.9103/0.8347/0.8581 | LR: 0.000001
Epoch [81/100] | Loss: 1.2173 (Cls: 1.2142, TAL: 0.0000, Adv: 0.0209) | Train Acc: 0.9976 | Val Acc: 0.8957 | Val P/R/F1 (Macro): 0.8987/0.8347/0.8519 | LR: 0.000001
Epoch [82/100] | Loss: 1.2125 (Cls: 1.2070, TAL: 0.0000, Adv: 0.0370) | Train Acc: 0.9976 | Val Acc: 0.8957 | Val P/R/F1 (Macro): 0.9033/0.8347/0.8546 | LR: 0.000001
Epoch [83/100] | Loss: 1.2090 (Cls: 1.2037, TAL: 0.0000, Adv: 0.0349) | Train Acc: 0.9928 | Val Acc: 0.9043 | Val P/R/F1 (Macro): 0.9082/0.8717/0.8799 | LR: 0.000001
Epoch [84/100] | Loss: 1.2138 (Cls: 1.2095, TAL: 0.0000, Adv: 0.0286) | Train Acc: 0.9952 | Val Acc: 0.8957 | Val P/R/F1 (Macro): 0.9045/0.8347/0.8558 | LR: 0.000001
Epoch [85/100] | Loss: 1.2116 (Cls: 1.2079, TAL: 0.0000, Adv: 0.0246) | Train Acc: 0.9952 | Val Acc: 0.9043 | Val P/R/F1 (Macro): 0.9082/0.8717/0.8799 | LR: 0.000001
Epoch [86/100] | Loss: 1.2147 (Cls: 1.2071, TAL: 0.0000, Adv: 0.0501) | Train Acc: 0.9976 | Val Acc: 0.9043 | Val P/R/F1 (Macro): 0.9109/0.8591/0.8713 | LR: 0.000001
Epoch [87/100] | Loss: 1.2104 (Cls: 1.2046, TAL: 0.0000, Adv: 0.0391) | Train Acc: 1.0000 | Val Acc: 0.8957 | Val P/R/F1 (Macro): 0.9103/0.8347/0.8581 | LR: 0.000001
Epoch [88/100] | Loss: 1.2060 (Cls: 1.2017, TAL: 0.0000, Adv: 0.0286) | Train Acc: 1.0000 | Val Acc: 0.9043 | Val P/R/F1 (Macro): 0.9128/0.8569/0.8714 | LR: 0.000001
Epoch [89/100] | Loss: 1.2197 (Cls: 1.2171, TAL: 0.0000, Adv: 0.0176) | Train Acc: 0.9952 | Val Acc: 0.9130 | Val P/R/F1 (Macro): 0.9278/0.8891/0.8973 | LR: 0.000001
Epoch [90/100] | Loss: 1.2100 (Cls: 1.2076, TAL: 0.0000, Adv: 0.0157) | Train Acc: 0.9976 | Val Acc: 0.8957 | Val P/R/F1 (Macro): 0.9033/0.8347/0.8546 | LR: 0.000001
Epoch [91/100] | Loss: 1.2051 (Cls: 1.2038, TAL: 0.0000, Adv: 0.0088) | Train Acc: 0.9952 | Val Acc: 0.9043 | Val P/R/F1 (Macro): 0.9082/0.8569/0.8687 | LR: 0.000001
Epoch [92/100] | Loss: 1.1957 (Cls: 1.1943, TAL: 0.0000, Adv: 0.0096) | Train Acc: 1.0000 | Val Acc: 0.9043 | Val P/R/F1 (Macro): 0.9082/0.8569/0.8687 | LR: 0.000001
Epoch [93/100] | Loss: 1.2080 (Cls: 1.2057, TAL: 0.0000, Adv: 0.0154) | Train Acc: 0.9976 | Val Acc: 0.9043 | Val P/R/F1 (Macro): 0.9128/0.8569/0.8714 | LR: 0.000001
Epoch [94/100] | Loss: 1.2095 (Cls: 1.2065, TAL: 0.0000, Adv: 0.0202) | Train Acc: 0.9976 | Val Acc: 0.9043 | Val P/R/F1 (Macro): 0.9048/0.8505/0.8675 | LR: 0.000001
Epoch [95/100] | Loss: 1.2073 (Cls: 1.2026, TAL: 0.0000, Adv: 0.0314) | Train Acc: 1.0000 | Val Acc: 0.8957 | Val P/R/F1 (Macro): 0.9103/0.8347/0.8581 | LR: 0.000001
Epoch [96/100] | Loss: 1.2039 (Cls: 1.2017, TAL: 0.0000, Adv: 0.0148) | Train Acc: 0.9952 | Val Acc: 0.9130 | Val P/R/F1 (Macro): 0.9203/0.8567/0.8785 | LR: 0.000001
Epoch [97/100] | Loss: 1.2003 (Cls: 1.1974, TAL: 0.0000, Adv: 0.0192) | Train Acc: 1.0000 | Val Acc: 0.8957 | Val P/R/F1 (Macro): 0.9045/0.8347/0.8558 | LR: 0.000001
Epoch [98/100] | Loss: 1.2055 (Cls: 1.2042, TAL: 0.0000, Adv: 0.0082) | Train Acc: 0.9976 | Val Acc: 0.9043 | Val P/R/F1 (Macro): 0.9182/0.8408/0.8656 | LR: 0.000001
Epoch [99/100] | Loss: 1.2126 (Cls: 1.2102, TAL: 0.0000, Adv: 0.0161) | Train Acc: 0.9952 | Val Acc: 0.8957 | Val P/R/F1 (Macro): 0.9033/0.8347/0.8546 | LR: 0.000001
Epoch [100/100] | Loss: 1.1975 (Cls: 1.1950, TAL: 0.0000, Adv: 0.0164) | Train Acc: 0.9976 | Val Acc: 0.9043 | Val P/R/F1 (Macro): 0.9128/0.8569/0.8714 | LR: 0.000001

迭代 2 最佳指标:
  Accuracy: 0.9217
  Precision (Macro): 0.9263
  Recall (Macro): 0.8996
  F1 (Macro): 0.9013
  Precision (Micro): 0.9217
  Recall (Micro): 0.9217
  F1 (Micro): 0.9217
  Val class coverage: 9/14 (0.6429), samples=115

================================================================================
迭代 3/5
随机种子: 44
================================================================================
Feature fusion: Channel concatenation (512+512); fused_dim=1024
Domain adaptation: standard source-target adversarial training, no generator
Loss weights: tensor=0.00, adv=0.15
Epoch [1/100] | Loss: 4.8540 (Cls: 4.7258, TAL: 0.0000, Adv: 0.8547) | Train Acc: 0.2548 | Val Acc: 0.3478 | Val P/R/F1 (Macro): 0.3185/0.3398/0.2558 | LR: 0.000010
  >>> New Best Val Acc: 0.3478
Epoch [2/100] | Loss: 3.4641 (Cls: 3.3535, TAL: 0.0000, Adv: 0.7374) | Train Acc: 0.4327 | Val Acc: 0.5391 | Val P/R/F1 (Macro): 0.5850/0.4927/0.4666 | LR: 0.000010
  >>> New Best Val Acc: 0.5391
Epoch [3/100] | Loss: 2.7749 (Cls: 2.6697, TAL: 0.0000, Adv: 0.7016) | Train Acc: 0.6370 | Val Acc: 0.6087 | Val P/R/F1 (Macro): 0.7094/0.6105/0.6224 | LR: 0.000010
  >>> New Best Val Acc: 0.6087
Epoch [4/100] | Loss: 2.4487 (Cls: 2.3481, TAL: 0.0000, Adv: 0.6703) | Train Acc: 0.7236 | Val Acc: 0.6435 | Val P/R/F1 (Macro): 0.5972/0.5633/0.5423 | LR: 0.000010
  >>> New Best Val Acc: 0.6435
Epoch [5/100] | Loss: 2.2365 (Cls: 2.1409, TAL: 0.0000, Adv: 0.6374) | Train Acc: 0.7812 | Val Acc: 0.8174 | Val P/R/F1 (Macro): 0.8404/0.7407/0.7531 | LR: 0.000010
  >>> New Best Val Acc: 0.8174
Epoch [6/100] | Loss: 2.0984 (Cls: 2.0077, TAL: 0.0000, Adv: 0.6044) | Train Acc: 0.8077 | Val Acc: 0.7304 | Val P/R/F1 (Macro): 0.8057/0.6020/0.6171 | LR: 0.000010
Epoch [7/100] | Loss: 1.9244 (Cls: 1.8378, TAL: 0.0000, Adv: 0.5773) | Train Acc: 0.8678 | Val Acc: 0.7826 | Val P/R/F1 (Macro): 0.8418/0.7431/0.7473 | LR: 0.000010
Epoch [8/100] | Loss: 1.8055 (Cls: 1.7297, TAL: 0.0000, Adv: 0.5050) | Train Acc: 0.8678 | Val Acc: 0.8609 | Val P/R/F1 (Macro): 0.8420/0.8466/0.8286 | LR: 0.000010
  >>> New Best Val Acc: 0.8609
Epoch [9/100] | Loss: 1.7756 (Cls: 1.7118, TAL: 0.0000, Adv: 0.4254) | Train Acc: 0.9062 | Val Acc: 0.8522 | Val P/R/F1 (Macro): 0.8638/0.7904/0.7845 | LR: 0.000010
Epoch [10/100] | Loss: 1.6620 (Cls: 1.6023, TAL: 0.0000, Adv: 0.3976) | Train Acc: 0.9207 | Val Acc: 0.8000 | Val P/R/F1 (Macro): 0.8731/0.6799/0.7030 | LR: 0.000010
Epoch [11/100] | Loss: 1.7050 (Cls: 1.6455, TAL: 0.0000, Adv: 0.3969) | Train Acc: 0.9207 | Val Acc: 0.8261 | Val P/R/F1 (Macro): 0.8315/0.7648/0.7631 | LR: 0.000010
Epoch [12/100] | Loss: 1.6175 (Cls: 1.5618, TAL: 0.0000, Adv: 0.3716) | Train Acc: 0.9231 | Val Acc: 0.8783 | Val P/R/F1 (Macro): 0.8890/0.8197/0.8296 | LR: 0.000010
  >>> New Best Val Acc: 0.8783
Epoch [13/100] | Loss: 1.5538 (Cls: 1.5047, TAL: 0.0000, Adv: 0.3275) | Train Acc: 0.9447 | Val Acc: 0.8522 | Val P/R/F1 (Macro): 0.8202/0.7704/0.7855 | LR: 0.000010
Epoch [14/100] | Loss: 1.5865 (Cls: 1.5330, TAL: 0.0000, Adv: 0.3568) | Train Acc: 0.9423 | Val Acc: 0.8087 | Val P/R/F1 (Macro): 0.7146/0.6793/0.6732 | LR: 0.000010
Epoch [15/100] | Loss: 1.5786 (Cls: 1.5319, TAL: 0.0000, Adv: 0.3115) | Train Acc: 0.9183 | Val Acc: 0.8348 | Val P/R/F1 (Macro): 0.8194/0.7489/0.7662 | LR: 0.000010
Epoch [16/100] | Loss: 1.4840 (Cls: 1.4338, TAL: 0.0000, Adv: 0.3344) | Train Acc: 0.9591 | Val Acc: 0.8609 | Val P/R/F1 (Macro): 0.8686/0.8018/0.8026 | LR: 0.000010
Epoch [17/100] | Loss: 1.5751 (Cls: 1.5188, TAL: 0.0000, Adv: 0.3751) | Train Acc: 0.9399 | Val Acc: 0.8609 | Val P/R/F1 (Macro): 0.8743/0.8140/0.8143 | LR: 0.000010
Epoch [18/100] | Loss: 1.5207 (Cls: 1.4501, TAL: 0.0000, Adv: 0.4706) | Train Acc: 0.9591 | Val Acc: 0.8870 | Val P/R/F1 (Macro): 0.8586/0.8148/0.8303 | LR: 0.000010
  >>> New Best Val Acc: 0.8870
Epoch [19/100] | Loss: 1.4450 (Cls: 1.3904, TAL: 0.0000, Adv: 0.3641) | Train Acc: 0.9591 | Val Acc: 0.8696 | Val P/R/F1 (Macro): 0.8344/0.8107/0.8115 | LR: 0.000010
Epoch [20/100] | Loss: 1.5344 (Cls: 1.4105, TAL: 0.0000, Adv: 0.8261) | Train Acc: 0.9688 | Val Acc: 0.8957 | Val P/R/F1 (Macro): 0.9152/0.8332/0.8462 | LR: 0.000010
  >>> New Best Val Acc: 0.8957
Epoch [21/100] | Loss: 1.5918 (Cls: 1.4356, TAL: 0.0000, Adv: 1.0415) | Train Acc: 0.9519 | Val Acc: 0.8783 | Val P/R/F1 (Macro): 0.8815/0.8056/0.8188 | LR: 0.000010
Epoch [22/100] | Loss: 1.4992 (Cls: 1.4069, TAL: 0.0000, Adv: 0.6156) | Train Acc: 0.9688 | Val Acc: 0.8522 | Val P/R/F1 (Macro): 0.8702/0.7981/0.8001 | LR: 0.000010
Epoch [23/100] | Loss: 1.4783 (Cls: 1.4028, TAL: 0.0000, Adv: 0.5030) | Train Acc: 0.9712 | Val Acc: 0.8696 | Val P/R/F1 (Macro): 0.8325/0.7942/0.8009 | LR: 0.000010
Epoch [24/100] | Loss: 1.4749 (Cls: 1.4115, TAL: 0.0000, Adv: 0.4231) | Train Acc: 0.9663 | Val Acc: 0.8783 | Val P/R/F1 (Macro): 0.8579/0.8239/0.8263 | LR: 0.000010
Epoch [25/100] | Loss: 1.4071 (Cls: 1.3614, TAL: 0.0000, Adv: 0.3051) | Train Acc: 0.9784 | Val Acc: 0.8696 | Val P/R/F1 (Macro): 0.8782/0.7853/0.8012 | LR: 0.000010
Epoch [26/100] | Loss: 1.3383 (Cls: 1.3007, TAL: 0.0000, Adv: 0.2510) | Train Acc: 0.9832 | Val Acc: 0.8783 | Val P/R/F1 (Macro): 0.8840/0.8097/0.8176 | LR: 0.000010
Epoch [27/100] | Loss: 1.3866 (Cls: 1.3564, TAL: 0.0000, Adv: 0.2012) | Train Acc: 0.9736 | Val Acc: 0.8870 | Val P/R/F1 (Macro): 0.8862/0.7913/0.8090 | LR: 0.000010
Epoch [28/100] | Loss: 1.3612 (Cls: 1.3333, TAL: 0.0000, Adv: 0.1859) | Train Acc: 0.9639 | Val Acc: 0.8783 | Val P/R/F1 (Macro): 0.8499/0.8249/0.8296 | LR: 0.000010
Epoch [29/100] | Loss: 1.3739 (Cls: 1.3261, TAL: 0.0000, Adv: 0.3187) | Train Acc: 0.9808 | Val Acc: 0.8783 | Val P/R/F1 (Macro): 0.8899/0.8310/0.8297 | LR: 0.000010
Epoch [30/100] | Loss: 1.3816 (Cls: 1.2863, TAL: 0.0000, Adv: 0.6353) | Train Acc: 0.9928 | Val Acc: 0.9217 | Val P/R/F1 (Macro): 0.9234/0.8474/0.8624 | LR: 0.000010
  >>> New Best Val Acc: 0.9217
Epoch [31/100] | Loss: 1.3938 (Cls: 1.3106, TAL: 0.0000, Adv: 0.5547) | Train Acc: 0.9880 | Val Acc: 0.8696 | Val P/R/F1 (Macro): 0.8238/0.7961/0.7989 | LR: 0.000010
Epoch [32/100] | Loss: 1.3627 (Cls: 1.3149, TAL: 0.0000, Adv: 0.3185) | Train Acc: 0.9736 | Val Acc: 0.8696 | Val P/R/F1 (Macro): 0.8815/0.8034/0.8128 | LR: 0.000010
Epoch [33/100] | Loss: 1.3460 (Cls: 1.3057, TAL: 0.0000, Adv: 0.2683) | Train Acc: 0.9856 | Val Acc: 0.8870 | Val P/R/F1 (Macro): 0.9174/0.8055/0.8277 | LR: 0.000010
Epoch [34/100] | Loss: 1.2978 (Cls: 1.2707, TAL: 0.0000, Adv: 0.1806) | Train Acc: 0.9832 | Val Acc: 0.8870 | Val P/R/F1 (Macro): 0.8619/0.8186/0.8306 | LR: 0.000010
Epoch [35/100] | Loss: 1.3094 (Cls: 1.2830, TAL: 0.0000, Adv: 0.1758) | Train Acc: 0.9880 | Val Acc: 0.9043 | Val P/R/F1 (Macro): 0.9175/0.8421/0.8513 | LR: 0.000010
Epoch [36/100] | Loss: 1.2879 (Cls: 1.2713, TAL: 0.0000, Adv: 0.1107) | Train Acc: 0.9880 | Val Acc: 0.8696 | Val P/R/F1 (Macro): 0.8921/0.7924/0.8128 | LR: 0.000010
Epoch [37/100] | Loss: 1.3248 (Cls: 1.2960, TAL: 0.0000, Adv: 0.1925) | Train Acc: 0.9808 | Val Acc: 0.8957 | Val P/R/F1 (Macro): 0.9050/0.8291/0.8427 | LR: 0.000010
Epoch [38/100] | Loss: 1.3286 (Cls: 1.2827, TAL: 0.0000, Adv: 0.3065) | Train Acc: 0.9856 | Val Acc: 0.8870 | Val P/R/F1 (Macro): 0.8906/0.8095/0.8209 | LR: 0.000010
Epoch [39/100] | Loss: 1.3017 (Cls: 1.2532, TAL: 0.0000, Adv: 0.3235) | Train Acc: 0.9832 | Val Acc: 0.8696 | Val P/R/F1 (Macro): 0.8779/0.8034/0.8099 | LR: 0.000010
Epoch [40/100] | Loss: 1.2923 (Cls: 1.2435, TAL: 0.0000, Adv: 0.3247) | Train Acc: 0.9976 | Val Acc: 0.8609 | Val P/R/F1 (Macro): 0.8767/0.7994/0.8071 | LR: 0.000010
Epoch [41/100] | Loss: 1.3149 (Cls: 1.2508, TAL: 0.0000, Adv: 0.4276) | Train Acc: 0.9832 | Val Acc: 0.8435 | Val P/R/F1 (Macro): 0.8751/0.7775/0.7926 | LR: 0.000005
Epoch [42/100] | Loss: 1.2743 (Cls: 1.2375, TAL: 0.0000, Adv: 0.2452) | Train Acc: 0.9808 | Val Acc: 0.8957 | Val P/R/F1 (Macro): 0.9125/0.8712/0.8768 | LR: 0.000005
Epoch [43/100] | Loss: 1.2728 (Cls: 1.2430, TAL: 0.0000, Adv: 0.1985) | Train Acc: 0.9904 | Val Acc: 0.9043 | Val P/R/F1 (Macro): 0.9122/0.8724/0.8780 | LR: 0.000005
Epoch [44/100] | Loss: 1.2500 (Cls: 1.2349, TAL: 0.0000, Adv: 0.1008) | Train Acc: 0.9928 | Val Acc: 0.8609 | Val P/R/F1 (Macro): 0.8641/0.7908/0.7981 | LR: 0.000005
Epoch [45/100] | Loss: 1.2401 (Cls: 1.2263, TAL: 0.0000, Adv: 0.0924) | Train Acc: 0.9976 | Val Acc: 0.9130 | Val P/R/F1 (Macro): 0.9365/0.8433/0.8627 | LR: 0.000005
Epoch [46/100] | Loss: 1.2474 (Cls: 1.2378, TAL: 0.0000, Adv: 0.0640) | Train Acc: 0.9904 | Val Acc: 0.8957 | Val P/R/F1 (Macro): 0.9034/0.8272/0.8404 | LR: 0.000005
Epoch [47/100] | Loss: 1.2379 (Cls: 1.2282, TAL: 0.0000, Adv: 0.0646) | Train Acc: 0.9904 | Val Acc: 0.8609 | Val P/R/F1 (Macro): 0.8728/0.7994/0.8048 | LR: 0.000005
Epoch [48/100] | Loss: 1.2520 (Cls: 1.2444, TAL: 0.0000, Adv: 0.0506) | Train Acc: 0.9880 | Val Acc: 0.8783 | Val P/R/F1 (Macro): 0.8817/0.8192/0.8238 | LR: 0.000005
Epoch [49/100] | Loss: 1.2336 (Cls: 1.2251, TAL: 0.0000, Adv: 0.0570) | Train Acc: 0.9928 | Val Acc: 0.8783 | Val P/R/F1 (Macro): 0.9131/0.8073/0.8292 | LR: 0.000005
Epoch [50/100] | Loss: 1.2312 (Cls: 1.2229, TAL: 0.0000, Adv: 0.0558) | Train Acc: 0.9952 | Val Acc: 0.8609 | Val P/R/F1 (Macro): 0.8789/0.8177/0.8136 | LR: 0.000005
Epoch [51/100] | Loss: 1.2203 (Cls: 1.2142, TAL: 0.0000, Adv: 0.0407) | Train Acc: 0.9952 | Val Acc: 0.9130 | Val P/R/F1 (Macro): 0.9323/0.8397/0.8594 | LR: 0.000005
Epoch [52/100] | Loss: 1.2121 (Cls: 1.2052, TAL: 0.0000, Adv: 0.0460) | Train Acc: 1.0000 | Val Acc: 0.8957 | Val P/R/F1 (Macro): 0.9048/0.8454/0.8488 | LR: 0.000003
Epoch [53/100] | Loss: 1.2214 (Cls: 1.2163, TAL: 0.0000, Adv: 0.0339) | Train Acc: 1.0000 | Val Acc: 0.8696 | Val P/R/F1 (Macro): 0.8821/0.8034/0.8126 | LR: 0.000003
Epoch [54/100] | Loss: 1.2377 (Cls: 1.2192, TAL: 0.0000, Adv: 0.1234) | Train Acc: 0.9976 | Val Acc: 0.8870 | Val P/R/F1 (Macro): 0.8990/0.8296/0.8336 | LR: 0.000003
Epoch [55/100] | Loss: 1.2007 (Cls: 1.1916, TAL: 0.0000, Adv: 0.0611) | Train Acc: 0.9976 | Val Acc: 0.8957 | Val P/R/F1 (Macro): 0.8947/0.8318/0.8373 | LR: 0.000003
Epoch [56/100] | Loss: 1.2206 (Cls: 1.2092, TAL: 0.0000, Adv: 0.0762) | Train Acc: 0.9928 | Val Acc: 0.8783 | Val P/R/F1 (Macro): 0.8897/0.8119/0.8218 | LR: 0.000003
Epoch [57/100] | Loss: 1.2420 (Cls: 1.2103, TAL: 0.0000, Adv: 0.2116) | Train Acc: 0.9952 | Val Acc: 0.8957 | Val P/R/F1 (Macro): 0.9214/0.8153/0.8380 | LR: 0.000003
Epoch [58/100] | Loss: 1.2288 (Cls: 1.2014, TAL: 0.0000, Adv: 0.1828) | Train Acc: 0.9952 | Val Acc: 0.8696 | Val P/R/F1 (Macro): 0.8795/0.8034/0.8114 | LR: 0.000003
Epoch [59/100] | Loss: 1.2409 (Cls: 1.2075, TAL: 0.0000, Adv: 0.2224) | Train Acc: 0.9952 | Val Acc: 0.9043 | Val P/R/F1 (Macro): 0.9076/0.8513/0.8537 | LR: 0.000003
Epoch [60/100] | Loss: 1.2114 (Cls: 1.1970, TAL: 0.0000, Adv: 0.0964) | Train Acc: 0.9928 | Val Acc: 0.8957 | Val P/R/F1 (Macro): 0.9012/0.8454/0.8468 | LR: 0.000003
Epoch [61/100] | Loss: 1.2073 (Cls: 1.1998, TAL: 0.0000, Adv: 0.0499) | Train Acc: 0.9952 | Val Acc: 0.8870 | Val P/R/F1 (Macro): 0.8968/0.8232/0.8340 | LR: 0.000003
Epoch [62/100] | Loss: 1.2182 (Cls: 1.2070, TAL: 0.0000, Adv: 0.0746) | Train Acc: 0.9928 | Val Acc: 0.8870 | Val P/R/F1 (Macro): 0.8967/0.8296/0.8325 | LR: 0.000003
Epoch [63/100] | Loss: 1.2034 (Cls: 1.1943, TAL: 0.0000, Adv: 0.0607) | Train Acc: 0.9952 | Val Acc: 0.9043 | Val P/R/F1 (Macro): 0.9076/0.8540/0.8539 | LR: 0.000001
Epoch [64/100] | Loss: 1.1985 (Cls: 1.1892, TAL: 0.0000, Adv: 0.0623) | Train Acc: 1.0000 | Val Acc: 0.9130 | Val P/R/F1 (Macro): 0.9238/0.8579/0.8670 | LR: 0.000001
Epoch [65/100] | Loss: 1.1965 (Cls: 1.1877, TAL: 0.0000, Adv: 0.0587) | Train Acc: 0.9976 | Val Acc: 0.8783 | Val P/R/F1 (Macro): 0.8774/0.8010/0.8143 | LR: 0.000001
Epoch [66/100] | Loss: 1.1860 (Cls: 1.1789, TAL: 0.0000, Adv: 0.0476) | Train Acc: 0.9976 | Val Acc: 0.9130 | Val P/R/F1 (Macro): 0.9335/0.8534/0.8694 | LR: 0.000001
Epoch [67/100] | Loss: 1.1892 (Cls: 1.1823, TAL: 0.0000, Adv: 0.0460) | Train Acc: 1.0000 | Val Acc: 0.9130 | Val P/R/F1 (Macro): 0.9167/0.8598/0.8634 | LR: 0.000001
Epoch [68/100] | Loss: 1.1950 (Cls: 1.1914, TAL: 0.0000, Adv: 0.0239) | Train Acc: 0.9952 | Val Acc: 0.8957 | Val P/R/F1 (Macro): 0.9034/0.8272/0.8404 | LR: 0.000001
Epoch [69/100] | Loss: 1.1914 (Cls: 1.1875, TAL: 0.0000, Adv: 0.0259) | Train Acc: 1.0000 | Val Acc: 0.9130 | Val P/R/F1 (Macro): 0.9335/0.8397/0.8615 | LR: 0.000001
Epoch [70/100] | Loss: 1.1885 (Cls: 1.1828, TAL: 0.0000, Adv: 0.0381) | Train Acc: 0.9976 | Val Acc: 0.9043 | Val P/R/F1 (Macro): 0.9126/0.8376/0.8519 | LR: 0.000001
Epoch [71/100] | Loss: 1.2022 (Cls: 1.1948, TAL: 0.0000, Adv: 0.0489) | Train Acc: 0.9952 | Val Acc: 0.8783 | Val P/R/F1 (Macro): 0.8897/0.8119/0.8218 | LR: 0.000001
Epoch [72/100] | Loss: 1.2035 (Cls: 1.1966, TAL: 0.0000, Adv: 0.0460) | Train Acc: 0.9976 | Val Acc: 0.9043 | Val P/R/F1 (Macro): 0.9287/0.8357/0.8570 | LR: 0.000001
Epoch [73/100] | Loss: 1.1979 (Cls: 1.1898, TAL: 0.0000, Adv: 0.0542) | Train Acc: 0.9976 | Val Acc: 0.9043 | Val P/R/F1 (Macro): 0.9110/0.8357/0.8497 | LR: 0.000001
Epoch [74/100] | Loss: 1.1885 (Cls: 1.1842, TAL: 0.0000, Adv: 0.0292) | Train Acc: 0.9976 | Val Acc: 0.9043 | Val P/R/F1 (Macro): 0.9302/0.8175/0.8443 | LR: 0.000001
Epoch [75/100] | Loss: 1.1838 (Cls: 1.1794, TAL: 0.0000, Adv: 0.0291) | Train Acc: 1.0000 | Val Acc: 0.8957 | Val P/R/F1 (Macro): 0.9034/0.8272/0.8404 | LR: 0.000001
Epoch [76/100] | Loss: 1.1893 (Cls: 1.1832, TAL: 0.0000, Adv: 0.0404) | Train Acc: 1.0000 | Val Acc: 0.8957 | Val P/R/F1 (Macro): 0.9012/0.8454/0.8468 | LR: 0.000001
Epoch [77/100] | Loss: 1.1851 (Cls: 1.1812, TAL: 0.0000, Adv: 0.0263) | Train Acc: 0.9976 | Val Acc: 0.9130 | Val P/R/F1 (Macro): 0.9354/0.8397/0.8625 | LR: 0.000001
Epoch [78/100] | Loss: 1.1972 (Cls: 1.1861, TAL: 0.0000, Adv: 0.0736) | Train Acc: 0.9976 | Val Acc: 0.9130 | Val P/R/F1 (Macro): 0.9174/0.8416/0.8565 | LR: 0.000001
Epoch [79/100] | Loss: 1.1928 (Cls: 1.1841, TAL: 0.0000, Adv: 0.0581) | Train Acc: 1.0000 | Val Acc: 0.9043 | Val P/R/F1 (Macro): 0.9098/0.8330/0.8473 | LR: 0.000001
Epoch [80/100] | Loss: 1.1840 (Cls: 1.1771, TAL: 0.0000, Adv: 0.0460) | Train Acc: 0.9976 | Val Acc: 0.8957 | Val P/R/F1 (Macro): 0.8959/0.8318/0.8395 | LR: 0.000001
Epoch [81/100] | Loss: 1.1826 (Cls: 1.1789, TAL: 0.0000, Adv: 0.0246) | Train Acc: 0.9976 | Val Acc: 0.9043 | Val P/R/F1 (Macro): 0.9259/0.8311/0.8523 | LR: 0.000001
Epoch [82/100] | Loss: 1.1807 (Cls: 1.1755, TAL: 0.0000, Adv: 0.0346) | Train Acc: 1.0000 | Val Acc: 0.8696 | Val P/R/F1 (Macro): 0.8883/0.8216/0.8234 | LR: 0.000001
Epoch [83/100] | Loss: 1.1907 (Cls: 1.1855, TAL: 0.0000, Adv: 0.0347) | Train Acc: 0.9976 | Val Acc: 0.9043 | Val P/R/F1 (Macro): 0.9104/0.8513/0.8550 | LR: 0.000001
Epoch [84/100] | Loss: 1.1910 (Cls: 1.1877, TAL: 0.0000, Adv: 0.0220) | Train Acc: 0.9976 | Val Acc: 0.9043 | Val P/R/F1 (Macro): 0.9023/0.8403/0.8465 | LR: 0.000001
Epoch [85/100] | Loss: 1.1831 (Cls: 1.1793, TAL: 0.0000, Adv: 0.0250) | Train Acc: 1.0000 | Val Acc: 0.8957 | Val P/R/F1 (Macro): 0.8959/0.8318/0.8395 | LR: 0.000001
Epoch [86/100] | Loss: 1.2002 (Cls: 1.1897, TAL: 0.0000, Adv: 0.0702) | Train Acc: 0.9952 | Val Acc: 0.9043 | Val P/R/F1 (Macro): 0.9073/0.8559/0.8560 | LR: 0.000001
Epoch [87/100] | Loss: 1.1928 (Cls: 1.1888, TAL: 0.0000, Adv: 0.0266) | Train Acc: 0.9952 | Val Acc: 0.9043 | Val P/R/F1 (Macro): 0.9110/0.8357/0.8497 | LR: 0.000001
Epoch [88/100] | Loss: 1.1850 (Cls: 1.1823, TAL: 0.0000, Adv: 0.0179) | Train Acc: 0.9976 | Val Acc: 0.9043 | Val P/R/F1 (Macro): 0.9259/0.8311/0.8523 | LR: 0.000001
Epoch [89/100] | Loss: 1.1818 (Cls: 1.1789, TAL: 0.0000, Adv: 0.0198) | Train Acc: 1.0000 | Val Acc: 0.9043 | Val P/R/F1 (Macro): 0.9259/0.8311/0.8523 | LR: 0.000001
Epoch [90/100] | Loss: 1.1901 (Cls: 1.1872, TAL: 0.0000, Adv: 0.0196) | Train Acc: 0.9928 | Val Acc: 0.8957 | Val P/R/F1 (Macro): 0.9012/0.8454/0.8468 | LR: 0.000001
Epoch [91/100] | Loss: 1.1941 (Cls: 1.1897, TAL: 0.0000, Adv: 0.0290) | Train Acc: 0.9976 | Val Acc: 0.8957 | Val P/R/F1 (Macro): 0.9034/0.8272/0.8404 | LR: 0.000001
Epoch [92/100] | Loss: 1.1926 (Cls: 1.1848, TAL: 0.0000, Adv: 0.0517) | Train Acc: 0.9952 | Val Acc: 0.8783 | Val P/R/F1 (Macro): 0.8836/0.8192/0.8256 | LR: 0.000001
Epoch [93/100] | Loss: 1.1872 (Cls: 1.1802, TAL: 0.0000, Adv: 0.0465) | Train Acc: 0.9952 | Val Acc: 0.9130 | Val P/R/F1 (Macro): 0.9167/0.8598/0.8634 | LR: 0.000001
Epoch [94/100] | Loss: 1.1903 (Cls: 1.1831, TAL: 0.0000, Adv: 0.0476) | Train Acc: 0.9976 | Val Acc: 0.9043 | Val P/R/F1 (Macro): 0.9076/0.8540/0.8539 | LR: 0.000001
Epoch [95/100] | Loss: 1.1934 (Cls: 1.1902, TAL: 0.0000, Adv: 0.0213) | Train Acc: 0.9976 | Val Acc: 0.8870 | Val P/R/F1 (Macro): 0.8984/0.8433/0.8443 | LR: 0.000001
Epoch [96/100] | Loss: 1.1865 (Cls: 1.1796, TAL: 0.0000, Adv: 0.0456) | Train Acc: 1.0000 | Val Acc: 0.9043 | Val P/R/F1 (Macro): 0.9193/0.8421/0.8527 | LR: 0.000001
Epoch [97/100] | Loss: 1.1876 (Cls: 1.1848, TAL: 0.0000, Adv: 0.0186) | Train Acc: 0.9976 | Val Acc: 0.8870 | Val P/R/F1 (Macro): 0.9076/0.8360/0.8415 | LR: 0.000001
Epoch [98/100] | Loss: 1.1878 (Cls: 1.1845, TAL: 0.0000, Adv: 0.0222) | Train Acc: 0.9976 | Val Acc: 0.9217 | Val P/R/F1 (Macro): 0.9330/0.8638/0.8752 | LR: 0.000001
Epoch [99/100] | Loss: 1.1840 (Cls: 1.1811, TAL: 0.0000, Adv: 0.0192) | Train Acc: 0.9976 | Val Acc: 0.8783 | Val P/R/F1 (Macro): 0.8817/0.8192/0.8238 | LR: 0.000001
Epoch [100/100] | Loss: 1.1866 (Cls: 1.1840, TAL: 0.0000, Adv: 0.0178) | Train Acc: 1.0000 | Val Acc: 0.8783 | Val P/R/F1 (Macro): 0.9000/0.8421/0.8439 | LR: 0.000001

迭代 3 最佳指标:
  Accuracy: 0.9217
  Precision (Macro): 0.9234
  Recall (Macro): 0.8474
  F1 (Macro): 0.8624
  Precision (Micro): 0.9217
  Recall (Micro): 0.9217
  F1 (Micro): 0.9217
  Val class coverage: 9/14 (0.6429), samples=115

================================================================================
迭代 4/5
随机种子: 45
================================================================================
Feature fusion: Channel concatenation (512+512); fused_dim=1024
Domain adaptation: standard source-target adversarial training, no generator
Loss weights: tensor=0.00, adv=0.15
Epoch [1/100] | Loss: 4.5446 (Cls: 4.4253, TAL: 0.0000, Adv: 0.7953) | Train Acc: 0.2716 | Val Acc: 0.3391 | Val P/R/F1 (Macro): 0.3546/0.3416/0.2758 | LR: 0.000010
  >>> New Best Val Acc: 0.3391
Epoch [2/100] | Loss: 3.3714 (Cls: 3.2626, TAL: 0.0000, Adv: 0.7250) | Train Acc: 0.5024 | Val Acc: 0.5043 | Val P/R/F1 (Macro): 0.6915/0.5092/0.4930 | LR: 0.000010
  >>> New Best Val Acc: 0.5043
Epoch [3/100] | Loss: 2.6889 (Cls: 2.5885, TAL: 0.0000, Adv: 0.6695) | Train Acc: 0.6490 | Val Acc: 0.6522 | Val P/R/F1 (Macro): 0.5891/0.5927/0.5393 | LR: 0.000010
  >>> New Best Val Acc: 0.6522
Epoch [4/100] | Loss: 2.2101 (Cls: 2.1158, TAL: 0.0000, Adv: 0.6280) | Train Acc: 0.7861 | Val Acc: 0.6870 | Val P/R/F1 (Macro): 0.7182/0.7085/0.6538 | LR: 0.000010
  >>> New Best Val Acc: 0.6870
Epoch [5/100] | Loss: 2.1526 (Cls: 2.0629, TAL: 0.0000, Adv: 0.5981) | Train Acc: 0.8005 | Val Acc: 0.6696 | Val P/R/F1 (Macro): 0.6848/0.6302/0.5980 | LR: 0.000010
Epoch [6/100] | Loss: 2.0050 (Cls: 1.9242, TAL: 0.0000, Adv: 0.5381) | Train Acc: 0.8197 | Val Acc: 0.7391 | Val P/R/F1 (Macro): 0.8399/0.6451/0.6978 | LR: 0.000010
  >>> New Best Val Acc: 0.7391
Epoch [7/100] | Loss: 1.9827 (Cls: 1.9100, TAL: 0.0000, Adv: 0.4842) | Train Acc: 0.8389 | Val Acc: 0.7913 | Val P/R/F1 (Macro): 0.8510/0.7721/0.7638 | LR: 0.000010
  >>> New Best Val Acc: 0.7913
Epoch [8/100] | Loss: 1.7723 (Cls: 1.7070, TAL: 0.0000, Adv: 0.4352) | Train Acc: 0.8894 | Val Acc: 0.8348 | Val P/R/F1 (Macro): 0.8640/0.8063/0.8082 | LR: 0.000010
  >>> New Best Val Acc: 0.8348
Epoch [9/100] | Loss: 1.7659 (Cls: 1.7065, TAL: 0.0000, Adv: 0.3959) | Train Acc: 0.9038 | Val Acc: 0.8261 | Val P/R/F1 (Macro): 0.8743/0.7637/0.7841 | LR: 0.000010
Epoch [10/100] | Loss: 1.6546 (Cls: 1.6017, TAL: 0.0000, Adv: 0.3528) | Train Acc: 0.9087 | Val Acc: 0.8087 | Val P/R/F1 (Macro): 0.8270/0.7762/0.7680 | LR: 0.000010
Epoch [11/100] | Loss: 1.5771 (Cls: 1.5273, TAL: 0.0000, Adv: 0.3316) | Train Acc: 0.9447 | Val Acc: 0.8435 | Val P/R/F1 (Macro): 0.8514/0.7933/0.7820 | LR: 0.000010
  >>> New Best Val Acc: 0.8435
Epoch [12/100] | Loss: 1.6333 (Cls: 1.5900, TAL: 0.0000, Adv: 0.2891) | Train Acc: 0.9327 | Val Acc: 0.8435 | Val P/R/F1 (Macro): 0.8739/0.7947/0.8102 | LR: 0.000010
Epoch [13/100] | Loss: 1.5921 (Cls: 1.5518, TAL: 0.0000, Adv: 0.2687) | Train Acc: 0.9303 | Val Acc: 0.8087 | Val P/R/F1 (Macro): 0.7325/0.7127/0.7056 | LR: 0.000010
Epoch [14/100] | Loss: 1.6017 (Cls: 1.5558, TAL: 0.0000, Adv: 0.3058) | Train Acc: 0.9399 | Val Acc: 0.8261 | Val P/R/F1 (Macro): 0.8513/0.7815/0.7864 | LR: 0.000010
Epoch [15/100] | Loss: 1.5718 (Cls: 1.5352, TAL: 0.0000, Adv: 0.2440) | Train Acc: 0.9399 | Val Acc: 0.8522 | Val P/R/F1 (Macro): 0.8433/0.7992/0.7912 | LR: 0.000010
  >>> New Best Val Acc: 0.8522
Epoch [16/100] | Loss: 1.5242 (Cls: 1.4783, TAL: 0.0000, Adv: 0.3059) | Train Acc: 0.9591 | Val Acc: 0.8174 | Val P/R/F1 (Macro): 0.8615/0.7333/0.7548 | LR: 0.000010
Epoch [17/100] | Loss: 1.4953 (Cls: 1.4497, TAL: 0.0000, Adv: 0.3042) | Train Acc: 0.9639 | Val Acc: 0.8696 | Val P/R/F1 (Macro): 0.7765/0.7778/0.7688 | LR: 0.000010
  >>> New Best Val Acc: 0.8696
Epoch [18/100] | Loss: 1.4641 (Cls: 1.4012, TAL: 0.0000, Adv: 0.4194) | Train Acc: 0.9639 | Val Acc: 0.8522 | Val P/R/F1 (Macro): 0.8527/0.7951/0.7878 | LR: 0.000010
Epoch [19/100] | Loss: 1.5459 (Cls: 1.4097, TAL: 0.0000, Adv: 0.9078) | Train Acc: 0.9688 | Val Acc: 0.8609 | Val P/R/F1 (Macro): 0.8512/0.8389/0.8309 | LR: 0.000010
Epoch [20/100] | Loss: 1.5520 (Cls: 1.4116, TAL: 0.0000, Adv: 0.9359) | Train Acc: 0.9591 | Val Acc: 0.8870 | Val P/R/F1 (Macro): 0.8634/0.8140/0.8233 | LR: 0.000010
  >>> New Best Val Acc: 0.8870
Epoch [21/100] | Loss: 1.4502 (Cls: 1.3623, TAL: 0.0000, Adv: 0.5859) | Train Acc: 0.9736 | Val Acc: 0.8696 | Val P/R/F1 (Macro): 0.8628/0.8027/0.8070 | LR: 0.000010
Epoch [22/100] | Loss: 1.4422 (Cls: 1.3472, TAL: 0.0000, Adv: 0.6335) | Train Acc: 0.9808 | Val Acc: 0.8870 | Val P/R/F1 (Macro): 0.8742/0.8178/0.8207 | LR: 0.000010
Epoch [23/100] | Loss: 1.5113 (Cls: 1.4323, TAL: 0.0000, Adv: 0.5271) | Train Acc: 0.9495 | Val Acc: 0.7739 | Val P/R/F1 (Macro): 0.7972/0.7040/0.7155 | LR: 0.000010
Epoch [24/100] | Loss: 1.4625 (Cls: 1.4040, TAL: 0.0000, Adv: 0.3900) | Train Acc: 0.9519 | Val Acc: 0.8957 | Val P/R/F1 (Macro): 0.8837/0.8127/0.8244 | LR: 0.000010
  >>> New Best Val Acc: 0.8957
Epoch [25/100] | Loss: 1.4133 (Cls: 1.3618, TAL: 0.0000, Adv: 0.3431) | Train Acc: 0.9808 | Val Acc: 0.8783 | Val P/R/F1 (Macro): 0.8794/0.8138/0.8143 | LR: 0.000010
Epoch [26/100] | Loss: 1.4819 (Cls: 1.4382, TAL: 0.0000, Adv: 0.2915) | Train Acc: 0.9471 | Val Acc: 0.8957 | Val P/R/F1 (Macro): 0.8843/0.8260/0.8325 | LR: 0.000010
Epoch [27/100] | Loss: 1.5137 (Cls: 1.4050, TAL: 0.0000, Adv: 0.7246) | Train Acc: 0.9808 | Val Acc: 0.8957 | Val P/R/F1 (Macro): 0.8651/0.8462/0.8490 | LR: 0.000010
Epoch [28/100] | Loss: 1.5303 (Cls: 1.3954, TAL: 0.0000, Adv: 0.8992) | Train Acc: 0.9591 | Val Acc: 0.8522 | Val P/R/F1 (Macro): 0.8275/0.8220/0.8098 | LR: 0.000010
Epoch [29/100] | Loss: 1.5002 (Cls: 1.3690, TAL: 0.0000, Adv: 0.8748) | Train Acc: 0.9712 | Val Acc: 0.8609 | Val P/R/F1 (Macro): 0.9075/0.7552/0.7745 | LR: 0.000010
Epoch [30/100] | Loss: 1.5012 (Cls: 1.4127, TAL: 0.0000, Adv: 0.5902) | Train Acc: 0.9591 | Val Acc: 0.8957 | Val P/R/F1 (Macro): 0.8703/0.7968/0.8088 | LR: 0.000010
Epoch [31/100] | Loss: 1.4017 (Cls: 1.3248, TAL: 0.0000, Adv: 0.5128) | Train Acc: 0.9856 | Val Acc: 0.8696 | Val P/R/F1 (Macro): 0.8860/0.8265/0.8414 | LR: 0.000010
Epoch [32/100] | Loss: 1.3763 (Cls: 1.3164, TAL: 0.0000, Adv: 0.3996) | Train Acc: 0.9712 | Val Acc: 0.8696 | Val P/R/F1 (Macro): 0.8548/0.7660/0.7823 | LR: 0.000010
Epoch [33/100] | Loss: 1.3769 (Cls: 1.3213, TAL: 0.0000, Adv: 0.3709) | Train Acc: 0.9736 | Val Acc: 0.9130 | Val P/R/F1 (Macro): 0.9411/0.8440/0.8715 | LR: 0.000010
  >>> New Best Val Acc: 0.9130
Epoch [34/100] | Loss: 1.3279 (Cls: 1.2796, TAL: 0.0000, Adv: 0.3220) | Train Acc: 0.9832 | Val Acc: 0.8696 | Val P/R/F1 (Macro): 0.8787/0.8268/0.8356 | LR: 0.000010
Epoch [35/100] | Loss: 1.3638 (Cls: 1.3258, TAL: 0.0000, Adv: 0.2532) | Train Acc: 0.9856 | Val Acc: 0.9043 | Val P/R/F1 (Macro): 0.8898/0.8524/0.8618 | LR: 0.000010
Epoch [36/100] | Loss: 1.3684 (Cls: 1.3254, TAL: 0.0000, Adv: 0.2865) | Train Acc: 0.9736 | Val Acc: 0.8783 | Val P/R/F1 (Macro): 0.8991/0.7932/0.8150 | LR: 0.000010
Epoch [37/100] | Loss: 1.3368 (Cls: 1.2963, TAL: 0.0000, Adv: 0.2701) | Train Acc: 0.9784 | Val Acc: 0.8435 | Val P/R/F1 (Macro): 0.8838/0.7778/0.7965 | LR: 0.000010
Epoch [38/100] | Loss: 1.2919 (Cls: 1.2626, TAL: 0.0000, Adv: 0.1949) | Train Acc: 0.9880 | Val Acc: 0.8696 | Val P/R/F1 (Macro): 0.8724/0.7851/0.7954 | LR: 0.000010
Epoch [39/100] | Loss: 1.3234 (Cls: 1.2887, TAL: 0.0000, Adv: 0.2312) | Train Acc: 0.9904 | Val Acc: 0.9130 | Val P/R/F1 (Macro): 0.9006/0.8783/0.8781 | LR: 0.000010
Epoch [40/100] | Loss: 1.2938 (Cls: 1.2514, TAL: 0.0000, Adv: 0.2825) | Train Acc: 0.9904 | Val Acc: 0.8870 | Val P/R/F1 (Macro): 0.8802/0.8014/0.8112 | LR: 0.000010
Epoch [41/100] | Loss: 1.2991 (Cls: 1.2474, TAL: 0.0000, Adv: 0.3449) | Train Acc: 0.9904 | Val Acc: 0.8696 | Val P/R/F1 (Macro): 0.8569/0.8034/0.7968 | LR: 0.000010
Epoch [42/100] | Loss: 1.2991 (Cls: 1.2599, TAL: 0.0000, Adv: 0.2612) | Train Acc: 0.9904 | Val Acc: 0.8957 | Val P/R/F1 (Macro): 0.9304/0.7852/0.8161 | LR: 0.000010
Epoch [43/100] | Loss: 1.2876 (Cls: 1.2442, TAL: 0.0000, Adv: 0.2898) | Train Acc: 0.9928 | Val Acc: 0.9043 | Val P/R/F1 (Macro): 0.8931/0.8047/0.8236 | LR: 0.000010
Epoch [44/100] | Loss: 1.3495 (Cls: 1.2818, TAL: 0.0000, Adv: 0.4509) | Train Acc: 0.9808 | Val Acc: 0.8870 | Val P/R/F1 (Macro): 0.8898/0.7995/0.8165 | LR: 0.000005
Epoch [45/100] | Loss: 1.2962 (Cls: 1.2427, TAL: 0.0000, Adv: 0.3565) | Train Acc: 0.9904 | Val Acc: 0.8783 | Val P/R/F1 (Macro): 0.8590/0.7883/0.7969 | LR: 0.000005
Epoch [46/100] | Loss: 1.2580 (Cls: 1.2241, TAL: 0.0000, Adv: 0.2262) | Train Acc: 0.9952 | Val Acc: 0.8609 | Val P/R/F1 (Macro): 0.8608/0.7830/0.7905 | LR: 0.000005
Epoch [47/100] | Loss: 1.2622 (Cls: 1.2342, TAL: 0.0000, Adv: 0.1870) | Train Acc: 0.9904 | Val Acc: 0.8870 | Val P/R/F1 (Macro): 0.8798/0.8151/0.8143 | LR: 0.000005
Epoch [48/100] | Loss: 1.2320 (Cls: 1.2138, TAL: 0.0000, Adv: 0.1213) | Train Acc: 0.9952 | Val Acc: 0.8783 | Val P/R/F1 (Macro): 0.8726/0.7974/0.8098 | LR: 0.000005
Epoch [49/100] | Loss: 1.2310 (Cls: 1.2170, TAL: 0.0000, Adv: 0.0936) | Train Acc: 0.9928 | Val Acc: 0.8957 | Val P/R/F1 (Macro): 0.8692/0.8054/0.8128 | LR: 0.000005
Epoch [50/100] | Loss: 1.2342 (Cls: 1.2247, TAL: 0.0000, Adv: 0.0633) | Train Acc: 0.9952 | Val Acc: 0.8783 | Val P/R/F1 (Macro): 0.8918/0.7955/0.8132 | LR: 0.000005
Epoch [51/100] | Loss: 1.2376 (Cls: 1.2222, TAL: 0.0000, Adv: 0.1029) | Train Acc: 0.9952 | Val Acc: 0.9217 | Val P/R/F1 (Macro): 0.9098/0.8538/0.8574 | LR: 0.000005
  >>> New Best Val Acc: 0.9217
Epoch [52/100] | Loss: 1.2154 (Cls: 1.2043, TAL: 0.0000, Adv: 0.0737) | Train Acc: 0.9976 | Val Acc: 0.8957 | Val P/R/F1 (Macro): 0.8758/0.8548/0.8536 | LR: 0.000005
Epoch [53/100] | Loss: 1.2175 (Cls: 1.2045, TAL: 0.0000, Adv: 0.0868) | Train Acc: 0.9976 | Val Acc: 0.8870 | Val P/R/F1 (Macro): 0.8825/0.7990/0.8090 | LR: 0.000005
Epoch [54/100] | Loss: 1.2123 (Cls: 1.2039, TAL: 0.0000, Adv: 0.0563) | Train Acc: 0.9904 | Val Acc: 0.8870 | Val P/R/F1 (Macro): 0.8802/0.8178/0.8164 | LR: 0.000005
Epoch [55/100] | Loss: 1.2181 (Cls: 1.2093, TAL: 0.0000, Adv: 0.0586) | Train Acc: 0.9976 | Val Acc: 0.9130 | Val P/R/F1 (Macro): 0.9075/0.8416/0.8511 | LR: 0.000005
Epoch [56/100] | Loss: 1.2044 (Cls: 1.1900, TAL: 0.0000, Adv: 0.0963) | Train Acc: 0.9976 | Val Acc: 0.9043 | Val P/R/F1 (Macro): 0.9119/0.8440/0.8485 | LR: 0.000005
Epoch [57/100] | Loss: 1.2176 (Cls: 1.2047, TAL: 0.0000, Adv: 0.0859) | Train Acc: 0.9952 | Val Acc: 0.9130 | Val P/R/F1 (Macro): 0.9139/0.8646/0.8751 | LR: 0.000005
Epoch [58/100] | Loss: 1.2184 (Cls: 1.2088, TAL: 0.0000, Adv: 0.0635) | Train Acc: 0.9928 | Val Acc: 0.9043 | Val P/R/F1 (Macro): 0.9018/0.8257/0.8360 | LR: 0.000005
Epoch [59/100] | Loss: 1.2163 (Cls: 1.2038, TAL: 0.0000, Adv: 0.0835) | Train Acc: 0.9976 | Val Acc: 0.8957 | Val P/R/F1 (Macro): 0.8850/0.8355/0.8312 | LR: 0.000005
Epoch [60/100] | Loss: 1.2064 (Cls: 1.1984, TAL: 0.0000, Adv: 0.0537) | Train Acc: 0.9928 | Val Acc: 0.9043 | Val P/R/F1 (Macro): 0.8890/0.8395/0.8414 | LR: 0.000005
Epoch [61/100] | Loss: 1.2186 (Cls: 1.2063, TAL: 0.0000, Adv: 0.0821) | Train Acc: 1.0000 | Val Acc: 0.9130 | Val P/R/F1 (Macro): 0.9209/0.8486/0.8697 | LR: 0.000005
Epoch [62/100] | Loss: 1.2201 (Cls: 1.1977, TAL: 0.0000, Adv: 0.1497) | Train Acc: 1.0000 | Val Acc: 0.9130 | Val P/R/F1 (Macro): 0.9036/0.8435/0.8481 | LR: 0.000003
Epoch [63/100] | Loss: 1.2255 (Cls: 1.2069, TAL: 0.0000, Adv: 0.1240) | Train Acc: 0.9952 | Val Acc: 0.9304 | Val P/R/F1 (Macro): 0.9367/0.8908/0.9018 | LR: 0.000003
  >>> New Best Val Acc: 0.9304
Epoch [64/100] | Loss: 1.2175 (Cls: 1.1977, TAL: 0.0000, Adv: 0.1317) | Train Acc: 1.0000 | Val Acc: 0.9130 | Val P/R/F1 (Macro): 0.9150/0.8668/0.8765 | LR: 0.000003
Epoch [65/100] | Loss: 1.2059 (Cls: 1.1935, TAL: 0.0000, Adv: 0.0828) | Train Acc: 0.9928 | Val Acc: 0.8957 | Val P/R/F1 (Macro): 0.8966/0.8419/0.8345 | LR: 0.000003
Epoch [66/100] | Loss: 1.2118 (Cls: 1.1997, TAL: 0.0000, Adv: 0.0806) | Train Acc: 0.9952 | Val Acc: 0.8870 | Val P/R/F1 (Macro): 0.8791/0.7949/0.8080 | LR: 0.000003
Epoch [67/100] | Loss: 1.2089 (Cls: 1.1973, TAL: 0.0000, Adv: 0.0774) | Train Acc: 0.9928 | Val Acc: 0.9304 | Val P/R/F1 (Macro): 0.9338/0.8845/0.9021 | LR: 0.000003
Epoch [68/100] | Loss: 1.1943 (Cls: 1.1866, TAL: 0.0000, Adv: 0.0515) | Train Acc: 0.9976 | Val Acc: 0.8957 | Val P/R/F1 (Macro): 0.8969/0.8365/0.8509 | LR: 0.000003
Epoch [69/100] | Loss: 1.1920 (Cls: 1.1865, TAL: 0.0000, Adv: 0.0367) | Train Acc: 0.9976 | Val Acc: 0.9130 | Val P/R/F1 (Macro): 0.9002/0.8646/0.8725 | LR: 0.000003
Epoch [70/100] | Loss: 1.2096 (Cls: 1.2014, TAL: 0.0000, Adv: 0.0544) | Train Acc: 0.9952 | Val Acc: 0.9217 | Val P/R/F1 (Macro): 0.9294/0.8560/0.8623 | LR: 0.000003
Epoch [71/100] | Loss: 1.2088 (Cls: 1.1996, TAL: 0.0000, Adv: 0.0617) | Train Acc: 0.9976 | Val Acc: 0.9217 | Val P/R/F1 (Macro): 0.9240/0.8868/0.8916 | LR: 0.000003
Epoch [72/100] | Loss: 1.1997 (Cls: 1.1926, TAL: 0.0000, Adv: 0.0475) | Train Acc: 1.0000 | Val Acc: 0.9217 | Val P/R/F1 (Macro): 0.9203/0.8686/0.8816 | LR: 0.000003
Epoch [73/100] | Loss: 1.1903 (Cls: 1.1842, TAL: 0.0000, Adv: 0.0405) | Train Acc: 0.9928 | Val Acc: 0.9043 | Val P/R/F1 (Macro): 0.9025/0.8458/0.8481 | LR: 0.000003
Epoch [74/100] | Loss: 1.1843 (Cls: 1.1766, TAL: 0.0000, Adv: 0.0508) | Train Acc: 1.0000 | Val Acc: 0.9304 | Val P/R/F1 (Macro): 0.9316/0.8908/0.8984 | LR: 0.000001
Epoch [75/100] | Loss: 1.1993 (Cls: 1.1862, TAL: 0.0000, Adv: 0.0875) | Train Acc: 0.9976 | Val Acc: 0.9043 | Val P/R/F1 (Macro): 0.9066/0.8588/0.8682 | LR: 0.000001
Epoch [76/100] | Loss: 1.1895 (Cls: 1.1840, TAL: 0.0000, Adv: 0.0362) | Train Acc: 0.9952 | Val Acc: 0.9217 | Val P/R/F1 (Macro): 0.9203/0.8686/0.8816 | LR: 0.000001
Epoch [77/100] | Loss: 1.1866 (Cls: 1.1824, TAL: 0.0000, Adv: 0.0285) | Train Acc: 0.9928 | Val Acc: 0.9043 | Val P/R/F1 (Macro): 0.9067/0.8458/0.8452 | LR: 0.000001
Epoch [78/100] | Loss: 1.1709 (Cls: 1.1674, TAL: 0.0000, Adv: 0.0235) | Train Acc: 1.0000 | Val Acc: 0.9217 | Val P/R/F1 (Macro): 0.9183/0.8538/0.8567 | LR: 0.000001
Epoch [79/100] | Loss: 1.1793 (Cls: 1.1754, TAL: 0.0000, Adv: 0.0264) | Train Acc: 0.9976 | Val Acc: 0.8957 | Val P/R/F1 (Macro): 0.8941/0.8217/0.8287 | LR: 0.000001
Epoch [80/100] | Loss: 1.1882 (Cls: 1.1852, TAL: 0.0000, Adv: 0.0198) | Train Acc: 0.9952 | Val Acc: 0.9217 | Val P/R/F1 (Macro): 0.9203/0.8686/0.8816 | LR: 0.000001
Epoch [81/100] | Loss: 1.1735 (Cls: 1.1683, TAL: 0.0000, Adv: 0.0343) | Train Acc: 1.0000 | Val Acc: 0.9130 | Val P/R/F1 (Macro): 0.9055/0.8315/0.8402 | LR: 0.000001
Epoch [82/100] | Loss: 1.1734 (Cls: 1.1709, TAL: 0.0000, Adv: 0.0163) | Train Acc: 0.9976 | Val Acc: 0.9217 | Val P/R/F1 (Macro): 0.9183/0.8538/0.8567 | LR: 0.000001
Epoch [83/100] | Loss: 1.1877 (Cls: 1.1844, TAL: 0.0000, Adv: 0.0220) | Train Acc: 0.9952 | Val Acc: 0.9130 | Val P/R/F1 (Macro): 0.9055/0.8315/0.8402 | LR: 0.000001
Epoch [84/100] | Loss: 1.1652 (Cls: 1.1622, TAL: 0.0000, Adv: 0.0199) | Train Acc: 1.0000 | Val Acc: 0.9130 | Val P/R/F1 (Macro): 0.9091/0.8315/0.8430 | LR: 0.000001
Epoch [85/100] | Loss: 1.1908 (Cls: 1.1858, TAL: 0.0000, Adv: 0.0333) | Train Acc: 0.9976 | Val Acc: 0.9043 | Val P/R/F1 (Macro): 0.9053/0.8542/0.8655 | LR: 0.000001
Epoch [86/100] | Loss: 1.1695 (Cls: 1.1667, TAL: 0.0000, Adv: 0.0188) | Train Acc: 1.0000 | Val Acc: 0.9130 | Val P/R/F1 (Macro): 0.9110/0.8479/0.8497 | LR: 0.000001
Epoch [87/100] | Loss: 1.1817 (Cls: 1.1786, TAL: 0.0000, Adv: 0.0204) | Train Acc: 0.9952 | Val Acc: 0.9130 | Val P/R/F1 (Macro): 0.9110/0.8479/0.8497 | LR: 0.000001
Epoch [88/100] | Loss: 1.1829 (Cls: 1.1784, TAL: 0.0000, Adv: 0.0302) | Train Acc: 0.9976 | Val Acc: 0.9130 | Val P/R/F1 (Macro): 0.9055/0.8315/0.8402 | LR: 0.000001
Epoch [89/100] | Loss: 1.1917 (Cls: 1.1888, TAL: 0.0000, Adv: 0.0190) | Train Acc: 0.9976 | Val Acc: 0.9130 | Val P/R/F1 (Macro): 0.9166/0.8627/0.8774 | LR: 0.000001
Epoch [90/100] | Loss: 1.1815 (Cls: 1.1778, TAL: 0.0000, Adv: 0.0248) | Train Acc: 0.9976 | Val Acc: 0.9130 | Val P/R/F1 (Macro): 0.9130/0.8627/0.8746 | LR: 0.000001
Epoch [91/100] | Loss: 1.1761 (Cls: 1.1719, TAL: 0.0000, Adv: 0.0275) | Train Acc: 1.0000 | Val Acc: 0.9130 | Val P/R/F1 (Macro): 0.9055/0.8315/0.8402 | LR: 0.000001
Epoch [92/100] | Loss: 1.1881 (Cls: 1.1851, TAL: 0.0000, Adv: 0.0202) | Train Acc: 0.9976 | Val Acc: 0.9130 | Val P/R/F1 (Macro): 0.9055/0.8315/0.8402 | LR: 0.000001
Epoch [93/100] | Loss: 1.1742 (Cls: 1.1717, TAL: 0.0000, Adv: 0.0164) | Train Acc: 0.9976 | Val Acc: 0.8957 | Val P/R/F1 (Macro): 0.8977/0.8236/0.8312 | LR: 0.000001
Epoch [94/100] | Loss: 1.1710 (Cls: 1.1697, TAL: 0.0000, Adv: 0.0084) | Train Acc: 1.0000 | Val Acc: 0.9217 | Val P/R/F1 (Macro): 0.9203/0.8686/0.8816 | LR: 0.000001
Epoch [95/100] | Loss: 1.1894 (Cls: 1.1876, TAL: 0.0000, Adv: 0.0121) | Train Acc: 0.9976 | Val Acc: 0.9130 | Val P/R/F1 (Macro): 0.9130/0.8627/0.8746 | LR: 0.000001
Epoch [96/100] | Loss: 1.1795 (Cls: 1.1723, TAL: 0.0000, Adv: 0.0479) | Train Acc: 1.0000 | Val Acc: 0.9043 | Val P/R/F1 (Macro): 0.8981/0.8257/0.8332 | LR: 0.000001
Epoch [97/100] | Loss: 1.1849 (Cls: 1.1792, TAL: 0.0000, Adv: 0.0380) | Train Acc: 0.9976 | Val Acc: 0.9043 | Val P/R/F1 (Macro): 0.8981/0.8257/0.8332 | LR: 0.000001
Epoch [98/100] | Loss: 1.1778 (Cls: 1.1752, TAL: 0.0000, Adv: 0.0171) | Train Acc: 0.9976 | Val Acc: 0.9130 | Val P/R/F1 (Macro): 0.9055/0.8315/0.8402 | LR: 0.000001
Epoch [99/100] | Loss: 1.1783 (Cls: 1.1761, TAL: 0.0000, Adv: 0.0150) | Train Acc: 0.9976 | Val Acc: 0.9130 | Val P/R/F1 (Macro): 0.9143/0.8498/0.8522 | LR: 0.000001
Epoch [100/100] | Loss: 1.1704 (Cls: 1.1684, TAL: 0.0000, Adv: 0.0131) | Train Acc: 1.0000 | Val Acc: 0.9130 | Val P/R/F1 (Macro): 0.9163/0.8627/0.8764 | LR: 0.000001

迭代 4 最佳指标:
  Accuracy: 0.9304
  Precision (Macro): 0.9367
  Recall (Macro): 0.8908
  F1 (Macro): 0.9018
  Precision (Micro): 0.9304
  Recall (Micro): 0.9304
  F1 (Micro): 0.9304
  Val class coverage: 9/14 (0.6429), samples=115

================================================================================
迭代 5/5
随机种子: 46
================================================================================
Feature fusion: Channel concatenation (512+512); fused_dim=1024
Domain adaptation: standard source-target adversarial training, no generator
Loss weights: tensor=0.00, adv=0.15
Epoch [1/100] | Loss: 4.6182 (Cls: 4.4956, TAL: 0.0000, Adv: 0.8170) | Train Acc: 0.2764 | Val Acc: 0.3043 | Val P/R/F1 (Macro): 0.1311/0.3430/0.1815 | LR: 0.000010
  >>> New Best Val Acc: 0.3043
Epoch [2/100] | Loss: 3.7002 (Cls: 3.5881, TAL: 0.0000, Adv: 0.7476) | Train Acc: 0.4062 | Val Acc: 0.3913 | Val P/R/F1 (Macro): 0.5323/0.4295/0.3566 | LR: 0.000010
  >>> New Best Val Acc: 0.3913
Epoch [3/100] | Loss: 3.0105 (Cls: 2.9051, TAL: 0.0000, Adv: 0.7022) | Train Acc: 0.5553 | Val Acc: 0.5217 | Val P/R/F1 (Macro): 0.5424/0.4893/0.4424 | LR: 0.000010
  >>> New Best Val Acc: 0.5217
Epoch [4/100] | Loss: 2.2645 (Cls: 2.1611, TAL: 0.0000, Adv: 0.6896) | Train Acc: 0.7548 | Val Acc: 0.7391 | Val P/R/F1 (Macro): 0.6540/0.6743/0.6413 | LR: 0.000010
  >>> New Best Val Acc: 0.7391
Epoch [5/100] | Loss: 2.1094 (Cls: 2.0155, TAL: 0.0000, Adv: 0.6258) | Train Acc: 0.8053 | Val Acc: 0.7652 | Val P/R/F1 (Macro): 0.6934/0.6938/0.6629 | LR: 0.000010
  >>> New Best Val Acc: 0.7652
Epoch [6/100] | Loss: 2.0665 (Cls: 1.9722, TAL: 0.0000, Adv: 0.6286) | Train Acc: 0.8462 | Val Acc: 0.8087 | Val P/R/F1 (Macro): 0.8402/0.7765/0.7629 | LR: 0.000010
  >>> New Best Val Acc: 0.8087
Epoch [7/100] | Loss: 1.9051 (Cls: 1.8201, TAL: 0.0000, Adv: 0.5671) | Train Acc: 0.8654 | Val Acc: 0.7391 | Val P/R/F1 (Macro): 0.7610/0.6469/0.6403 | LR: 0.000010
Epoch [8/100] | Loss: 1.7897 (Cls: 1.7147, TAL: 0.0000, Adv: 0.5005) | Train Acc: 0.8894 | Val Acc: 0.8435 | Val P/R/F1 (Macro): 0.8640/0.8063/0.8147 | LR: 0.000010
  >>> New Best Val Acc: 0.8435
Epoch [9/100] | Loss: 1.7819 (Cls: 1.7129, TAL: 0.0000, Adv: 0.4599) | Train Acc: 0.8918 | Val Acc: 0.7913 | Val P/R/F1 (Macro): 0.8748/0.7523/0.7697 | LR: 0.000010
Epoch [10/100] | Loss: 1.7197 (Cls: 1.6555, TAL: 0.0000, Adv: 0.4277) | Train Acc: 0.9087 | Val Acc: 0.8261 | Val P/R/F1 (Macro): 0.8831/0.7728/0.8011 | LR: 0.000010
Epoch [11/100] | Loss: 1.6587 (Cls: 1.6026, TAL: 0.0000, Adv: 0.3738) | Train Acc: 0.9135 | Val Acc: 0.8348 | Val P/R/F1 (Macro): 0.8351/0.8529/0.8261 | LR: 0.000010
Epoch [12/100] | Loss: 1.6490 (Cls: 1.5984, TAL: 0.0000, Adv: 0.3373) | Train Acc: 0.9255 | Val Acc: 0.8261 | Val P/R/F1 (Macro): 0.8629/0.8093/0.8120 | LR: 0.000010
Epoch [13/100] | Loss: 1.5872 (Cls: 1.5386, TAL: 0.0000, Adv: 0.3245) | Train Acc: 0.9375 | Val Acc: 0.8696 | Val P/R/F1 (Macro): 0.8806/0.8601/0.8482 | LR: 0.000010
  >>> New Best Val Acc: 0.8696
Epoch [14/100] | Loss: 1.6147 (Cls: 1.5669, TAL: 0.0000, Adv: 0.3182) | Train Acc: 0.9255 | Val Acc: 0.8957 | Val P/R/F1 (Macro): 0.8744/0.8756/0.8656 | LR: 0.000010
  >>> New Best Val Acc: 0.8957
Epoch [15/100] | Loss: 1.5679 (Cls: 1.5197, TAL: 0.0000, Adv: 0.3213) | Train Acc: 0.9351 | Val Acc: 0.9217 | Val P/R/F1 (Macro): 0.9130/0.9318/0.9201 | LR: 0.000010
  >>> New Best Val Acc: 0.9217
Epoch [16/100] | Loss: 1.6024 (Cls: 1.5317, TAL: 0.0000, Adv: 0.4715) | Train Acc: 0.9351 | Val Acc: 0.9043 | Val P/R/F1 (Macro): 0.9056/0.8803/0.8797 | LR: 0.000010
Epoch [17/100] | Loss: 1.5642 (Cls: 1.4785, TAL: 0.0000, Adv: 0.5712) | Train Acc: 0.9447 | Val Acc: 0.8870 | Val P/R/F1 (Macro): 0.8968/0.8764/0.8657 | LR: 0.000010
Epoch [18/100] | Loss: 1.5674 (Cls: 1.4881, TAL: 0.0000, Adv: 0.5285) | Train Acc: 0.9495 | Val Acc: 0.8435 | Val P/R/F1 (Macro): 0.9038/0.7930/0.8149 | LR: 0.000010
Epoch [19/100] | Loss: 1.5527 (Cls: 1.4834, TAL: 0.0000, Adv: 0.4621) | Train Acc: 0.9471 | Val Acc: 0.8696 | Val P/R/F1 (Macro): 0.8793/0.8574/0.8483 | LR: 0.000010
Epoch [20/100] | Loss: 1.4905 (Cls: 1.4290, TAL: 0.0000, Adv: 0.4097) | Train Acc: 0.9519 | Val Acc: 0.9304 | Val P/R/F1 (Macro): 0.9570/0.8947/0.9157 | LR: 0.000010
  >>> New Best Val Acc: 0.9304
Epoch [21/100] | Loss: 1.4619 (Cls: 1.4071, TAL: 0.0000, Adv: 0.3653) | Train Acc: 0.9712 | Val Acc: 0.9391 | Val P/R/F1 (Macro): 0.9606/0.9073/0.9238 | LR: 0.000010
  >>> New Best Val Acc: 0.9391
Epoch [22/100] | Loss: 1.4856 (Cls: 1.4220, TAL: 0.0000, Adv: 0.4244) | Train Acc: 0.9519 | Val Acc: 0.8783 | Val P/R/F1 (Macro): 0.8740/0.8047/0.8123 | LR: 0.000010
Epoch [23/100] | Loss: 1.4342 (Cls: 1.3761, TAL: 0.0000, Adv: 0.3879) | Train Acc: 0.9712 | Val Acc: 0.9217 | Val P/R/F1 (Macro): 0.9259/0.8767/0.8917 | LR: 0.000010
Epoch [24/100] | Loss: 1.4706 (Cls: 1.3857, TAL: 0.0000, Adv: 0.5658) | Train Acc: 0.9639 | Val Acc: 0.9130 | Val P/R/F1 (Macro): 0.9240/0.8832/0.8924 | LR: 0.000010
Epoch [25/100] | Loss: 1.4942 (Cls: 1.3764, TAL: 0.0000, Adv: 0.7852) | Train Acc: 0.9880 | Val Acc: 0.8870 | Val P/R/F1 (Macro): 0.8822/0.8167/0.8373 | LR: 0.000010
Epoch [26/100] | Loss: 1.4402 (Cls: 1.3658, TAL: 0.0000, Adv: 0.4962) | Train Acc: 0.9712 | Val Acc: 0.8957 | Val P/R/F1 (Macro): 0.8859/0.8895/0.8746 | LR: 0.000010
Epoch [27/100] | Loss: 1.4757 (Cls: 1.4068, TAL: 0.0000, Adv: 0.4597) | Train Acc: 0.9663 | Val Acc: 0.8870 | Val P/R/F1 (Macro): 0.8814/0.8382/0.8480 | LR: 0.000010
Epoch [28/100] | Loss: 1.4368 (Cls: 1.3740, TAL: 0.0000, Adv: 0.4187) | Train Acc: 0.9688 | Val Acc: 0.9130 | Val P/R/F1 (Macro): 0.9137/0.8746/0.8831 | LR: 0.000010
Epoch [29/100] | Loss: 1.4074 (Cls: 1.3628, TAL: 0.0000, Adv: 0.2970) | Train Acc: 0.9736 | Val Acc: 0.9652 | Val P/R/F1 (Macro): 0.9741/0.9254/0.9425 | LR: 0.000010
  >>> New Best Val Acc: 0.9652
Epoch [30/100] | Loss: 1.3610 (Cls: 1.3277, TAL: 0.0000, Adv: 0.2217) | Train Acc: 0.9808 | Val Acc: 0.9478 | Val P/R/F1 (Macro): 0.9601/0.9129/0.9287 | LR: 0.000010
Epoch [31/100] | Loss: 1.3583 (Cls: 1.3219, TAL: 0.0000, Adv: 0.2429) | Train Acc: 0.9760 | Val Acc: 0.9478 | Val P/R/F1 (Macro): 0.9605/0.9106/0.9282 | LR: 0.000010
Epoch [32/100] | Loss: 1.3482 (Cls: 1.3179, TAL: 0.0000, Adv: 0.2024) | Train Acc: 0.9808 | Val Acc: 0.9217 | Val P/R/F1 (Macro): 0.9256/0.8761/0.8930 | LR: 0.000010
Epoch [33/100] | Loss: 1.3557 (Cls: 1.3204, TAL: 0.0000, Adv: 0.2360) | Train Acc: 0.9832 | Val Acc: 0.9565 | Val P/R/F1 (Macro): 0.9643/0.9477/0.9520 | LR: 0.000010
Epoch [34/100] | Loss: 1.3341 (Cls: 1.3064, TAL: 0.0000, Adv: 0.1853) | Train Acc: 0.9808 | Val Acc: 0.8783 | Val P/R/F1 (Macro): 0.9121/0.8122/0.8403 | LR: 0.000010
Epoch [35/100] | Loss: 1.3152 (Cls: 1.2852, TAL: 0.0000, Adv: 0.2001) | Train Acc: 0.9784 | Val Acc: 0.9304 | Val P/R/F1 (Macro): 0.9108/0.8981/0.8964 | LR: 0.000010
Epoch [36/100] | Loss: 1.3168 (Cls: 1.2777, TAL: 0.0000, Adv: 0.2611) | Train Acc: 0.9784 | Val Acc: 0.9217 | Val P/R/F1 (Macro): 0.9276/0.9161/0.9122 | LR: 0.000010
Epoch [37/100] | Loss: 1.3167 (Cls: 1.2848, TAL: 0.0000, Adv: 0.2129) | Train Acc: 0.9832 | Val Acc: 0.9043 | Val P/R/F1 (Macro): 0.8932/0.8524/0.8618 | LR: 0.000010
Epoch [38/100] | Loss: 1.3265 (Cls: 1.2827, TAL: 0.0000, Adv: 0.2924) | Train Acc: 0.9808 | Val Acc: 0.9304 | Val P/R/F1 (Macro): 0.9426/0.9261/0.9241 | LR: 0.000010
Epoch [39/100] | Loss: 1.3256 (Cls: 1.2606, TAL: 0.0000, Adv: 0.4335) | Train Acc: 0.9904 | Val Acc: 0.9478 | Val P/R/F1 (Macro): 0.9630/0.9133/0.9290 | LR: 0.000010
Epoch [40/100] | Loss: 1.3696 (Cls: 1.2894, TAL: 0.0000, Adv: 0.5346) | Train Acc: 0.9856 | Val Acc: 0.9217 | Val P/R/F1 (Macro): 0.9331/0.8845/0.8958 | LR: 0.000005
Epoch [41/100] | Loss: 1.3770 (Cls: 1.2950, TAL: 0.0000, Adv: 0.5465) | Train Acc: 0.9784 | Val Acc: 0.9652 | Val P/R/F1 (Macro): 0.9730/0.9539/0.9596 | LR: 0.000005
Epoch [42/100] | Loss: 1.3397 (Cls: 1.2657, TAL: 0.0000, Adv: 0.4935) | Train Acc: 0.9856 | Val Acc: 0.9304 | Val P/R/F1 (Macro): 0.9333/0.9027/0.9096 | LR: 0.000005
Epoch [43/100] | Loss: 1.3199 (Cls: 1.2669, TAL: 0.0000, Adv: 0.3534) | Train Acc: 0.9880 | Val Acc: 0.9391 | Val P/R/F1 (Macro): 0.9371/0.9067/0.9135 | LR: 0.000005
Epoch [44/100] | Loss: 1.2878 (Cls: 1.2492, TAL: 0.0000, Adv: 0.2571) | Train Acc: 0.9904 | Val Acc: 0.9391 | Val P/R/F1 (Macro): 0.9500/0.8948/0.9111 | LR: 0.000005
Epoch [45/100] | Loss: 1.2596 (Cls: 1.2308, TAL: 0.0000, Adv: 0.1918) | Train Acc: 0.9904 | Val Acc: 0.9565 | Val P/R/F1 (Macro): 0.9641/0.9496/0.9529 | LR: 0.000005
Epoch [46/100] | Loss: 1.2301 (Cls: 1.2147, TAL: 0.0000, Adv: 0.1026) | Train Acc: 0.9952 | Val Acc: 0.9478 | Val P/R/F1 (Macro): 0.9601/0.9009/0.9190 | LR: 0.000005
Epoch [47/100] | Loss: 1.2531 (Cls: 1.2353, TAL: 0.0000, Adv: 0.1188) | Train Acc: 0.9952 | Val Acc: 0.9217 | Val P/R/F1 (Macro): 0.9286/0.8890/0.8949 | LR: 0.000005
Epoch [48/100] | Loss: 1.2523 (Cls: 1.2318, TAL: 0.0000, Adv: 0.1372) | Train Acc: 0.9928 | Val Acc: 0.9478 | Val P/R/F1 (Macro): 0.9505/0.8989/0.9181 | LR: 0.000005
Epoch [49/100] | Loss: 1.2428 (Cls: 1.2267, TAL: 0.0000, Adv: 0.1075) | Train Acc: 0.9976 | Val Acc: 0.9478 | Val P/R/F1 (Macro): 0.9460/0.9129/0.9212 | LR: 0.000005
Epoch [50/100] | Loss: 1.2721 (Cls: 1.2462, TAL: 0.0000, Adv: 0.1728) | Train Acc: 0.9880 | Val Acc: 0.9217 | Val P/R/F1 (Macro): 0.9418/0.8622/0.8886 | LR: 0.000005
Epoch [51/100] | Loss: 1.2443 (Cls: 1.2175, TAL: 0.0000, Adv: 0.1785) | Train Acc: 0.9976 | Val Acc: 0.9304 | Val P/R/F1 (Macro): 0.9343/0.8930/0.9010 | LR: 0.000003
Epoch [52/100] | Loss: 1.2413 (Cls: 1.2214, TAL: 0.0000, Adv: 0.1325) | Train Acc: 0.9904 | Val Acc: 0.9391 | Val P/R/F1 (Macro): 0.9343/0.9070/0.9117 | LR: 0.000003
Epoch [53/100] | Loss: 1.2322 (Cls: 1.2120, TAL: 0.0000, Adv: 0.1348) | Train Acc: 0.9952 | Val Acc: 0.9391 | Val P/R/F1 (Macro): 0.9434/0.9070/0.9165 | LR: 0.000003
Epoch [54/100] | Loss: 1.2304 (Cls: 1.2176, TAL: 0.0000, Adv: 0.0850) | Train Acc: 0.9952 | Val Acc: 0.9478 | Val P/R/F1 (Macro): 0.9497/0.9129/0.9232 | LR: 0.000003
Epoch [55/100] | Loss: 1.2291 (Cls: 1.2190, TAL: 0.0000, Adv: 0.0668) | Train Acc: 0.9880 | Val Acc: 0.9478 | Val P/R/F1 (Macro): 0.9416/0.9129/0.9186 | LR: 0.000003
Epoch [56/100] | Loss: 1.2113 (Cls: 1.2013, TAL: 0.0000, Adv: 0.0665) | Train Acc: 1.0000 | Val Acc: 0.9478 | Val P/R/F1 (Macro): 0.9416/0.9129/0.9186 | LR: 0.000003
Epoch [57/100] | Loss: 1.2284 (Cls: 1.2204, TAL: 0.0000, Adv: 0.0537) | Train Acc: 0.9928 | Val Acc: 0.9391 | Val P/R/F1 (Macro): 0.9332/0.8906/0.9038 | LR: 0.000003
Epoch [58/100] | Loss: 1.2186 (Cls: 1.2084, TAL: 0.0000, Adv: 0.0678) | Train Acc: 0.9952 | Val Acc: 0.9478 | Val P/R/F1 (Macro): 0.9434/0.9129/0.9201 | LR: 0.000003
Epoch [59/100] | Loss: 1.2175 (Cls: 1.2106, TAL: 0.0000, Adv: 0.0461) | Train Acc: 0.9928 | Val Acc: 0.9391 | Val P/R/F1 (Macro): 0.9340/0.9089/0.9118 | LR: 0.000003
Epoch [60/100] | Loss: 1.2116 (Cls: 1.2026, TAL: 0.0000, Adv: 0.0602) | Train Acc: 1.0000 | Val Acc: 0.9478 | Val P/R/F1 (Macro): 0.9460/0.9129/0.9212 | LR: 0.000003
Epoch [61/100] | Loss: 1.2157 (Cls: 1.2072, TAL: 0.0000, Adv: 0.0568) | Train Acc: 1.0000 | Val Acc: 0.9304 | Val P/R/F1 (Macro): 0.9256/0.8867/0.8970 | LR: 0.000003
Epoch [62/100] | Loss: 1.2092 (Cls: 1.1973, TAL: 0.0000, Adv: 0.0791) | Train Acc: 0.9952 | Val Acc: 0.9217 | Val P/R/F1 (Macro): 0.9431/0.8462/0.8725 | LR: 0.000001
Epoch [63/100] | Loss: 1.2031 (Cls: 1.1931, TAL: 0.0000, Adv: 0.0663) | Train Acc: 0.9976 | Val Acc: 0.9391 | Val P/R/F1 (Macro): 0.9379/0.8906/0.9065 | LR: 0.000001
Epoch [64/100] | Loss: 1.2288 (Cls: 1.2169, TAL: 0.0000, Adv: 0.0793) | Train Acc: 0.9928 | Val Acc: 0.9391 | Val P/R/F1 (Macro): 0.9510/0.8906/0.9111 | LR: 0.000001
Epoch [65/100] | Loss: 1.2124 (Cls: 1.1984, TAL: 0.0000, Adv: 0.0938) | Train Acc: 0.9952 | Val Acc: 0.9391 | Val P/R/F1 (Macro): 0.9340/0.9089/0.9118 | LR: 0.000001
Epoch [66/100] | Loss: 1.2079 (Cls: 1.1964, TAL: 0.0000, Adv: 0.0772) | Train Acc: 0.9976 | Val Acc: 0.9304 | Val P/R/F1 (Macro): 0.9290/0.8867/0.8998 | LR: 0.000001
Epoch [67/100] | Loss: 1.1981 (Cls: 1.1929, TAL: 0.0000, Adv: 0.0345) | Train Acc: 1.0000 | Val Acc: 0.9478 | Val P/R/F1 (Macro): 0.9416/0.9129/0.9186 | LR: 0.000001
Epoch [68/100] | Loss: 1.2017 (Cls: 1.1967, TAL: 0.0000, Adv: 0.0334) | Train Acc: 0.9952 | Val Acc: 0.9391 | Val P/R/F1 (Macro): 0.9340/0.9089/0.9118 | LR: 0.000001
Epoch [69/100] | Loss: 1.2004 (Cls: 1.1927, TAL: 0.0000, Adv: 0.0514) | Train Acc: 0.9976 | Val Acc: 0.9391 | Val P/R/F1 (Macro): 0.9340/0.9089/0.9118 | LR: 0.000001
Epoch [70/100] | Loss: 1.1979 (Cls: 1.1896, TAL: 0.0000, Adv: 0.0550) | Train Acc: 1.0000 | Val Acc: 0.9391 | Val P/R/F1 (Macro): 0.9386/0.9089/0.9153 | LR: 0.000001
Epoch [71/100] | Loss: 1.2036 (Cls: 1.1959, TAL: 0.0000, Adv: 0.0513) | Train Acc: 1.0000 | Val Acc: 0.9391 | Val P/R/F1 (Macro): 0.9339/0.8906/0.9046 | LR: 0.000001
Epoch [72/100] | Loss: 1.1976 (Cls: 1.1894, TAL: 0.0000, Adv: 0.0551) | Train Acc: 1.0000 | Val Acc: 0.9478 | Val P/R/F1 (Macro): 0.9416/0.9129/0.9186 | LR: 0.000001
Epoch [73/100] | Loss: 1.1984 (Cls: 1.1931, TAL: 0.0000, Adv: 0.0353) | Train Acc: 0.9928 | Val Acc: 0.9391 | Val P/R/F1 (Macro): 0.9343/0.9089/0.9127 | LR: 0.000001
Epoch [74/100] | Loss: 1.1915 (Cls: 1.1862, TAL: 0.0000, Adv: 0.0354) | Train Acc: 1.0000 | Val Acc: 0.9478 | Val P/R/F1 (Macro): 0.9460/0.9129/0.9212 | LR: 0.000001
Epoch [75/100] | Loss: 1.2043 (Cls: 1.1971, TAL: 0.0000, Adv: 0.0482) | Train Acc: 0.9928 | Val Acc: 0.9478 | Val P/R/F1 (Macro): 0.9434/0.9129/0.9201 | LR: 0.000001
Epoch [76/100] | Loss: 1.1979 (Cls: 1.1905, TAL: 0.0000, Adv: 0.0497) | Train Acc: 1.0000 | Val Acc: 0.9391 | Val P/R/F1 (Macro): 0.9339/0.8906/0.9046 | LR: 0.000001
Epoch [77/100] | Loss: 1.1880 (Cls: 1.1835, TAL: 0.0000, Adv: 0.0301) | Train Acc: 0.9952 | Val Acc: 0.9478 | Val P/R/F1 (Macro): 0.9460/0.9129/0.9212 | LR: 0.000001
Epoch [78/100] | Loss: 1.2050 (Cls: 1.1998, TAL: 0.0000, Adv: 0.0343) | Train Acc: 0.9952 | Val Acc: 0.9478 | Val P/R/F1 (Macro): 0.9416/0.9129/0.9186 | LR: 0.000001
Epoch [79/100] | Loss: 1.2176 (Cls: 1.2093, TAL: 0.0000, Adv: 0.0552) | Train Acc: 0.9904 | Val Acc: 0.9478 | Val P/R/F1 (Macro): 0.9460/0.9129/0.9212 | LR: 0.000001
Epoch [80/100] | Loss: 1.1993 (Cls: 1.1940, TAL: 0.0000, Adv: 0.0355) | Train Acc: 0.9952 | Val Acc: 0.9391 | Val P/R/F1 (Macro): 0.9343/0.9089/0.9127 | LR: 0.000001
Epoch [81/100] | Loss: 1.1878 (Cls: 1.1806, TAL: 0.0000, Adv: 0.0480) | Train Acc: 1.0000 | Val Acc: 0.9391 | Val P/R/F1 (Macro): 0.9343/0.9089/0.9127 | LR: 0.000001
Epoch [82/100] | Loss: 1.1951 (Cls: 1.1884, TAL: 0.0000, Adv: 0.0446) | Train Acc: 0.9952 | Val Acc: 0.9391 | Val P/R/F1 (Macro): 0.9340/0.9089/0.9118 | LR: 0.000001
Epoch [83/100] | Loss: 1.1931 (Cls: 1.1893, TAL: 0.0000, Adv: 0.0251) | Train Acc: 0.9976 | Val Acc: 0.9565 | Val P/R/F1 (Macro): 0.9601/0.9168/0.9308 | LR: 0.000001
Epoch [84/100] | Loss: 1.1930 (Cls: 1.1884, TAL: 0.0000, Adv: 0.0305) | Train Acc: 1.0000 | Val Acc: 0.9478 | Val P/R/F1 (Macro): 0.9416/0.9129/0.9186 | LR: 0.000001
Epoch [85/100] | Loss: 1.1908 (Cls: 1.1860, TAL: 0.0000, Adv: 0.0319) | Train Acc: 0.9952 | Val Acc: 0.9391 | Val P/R/F1 (Macro): 0.9339/0.8906/0.9046 | LR: 0.000001
Epoch [86/100] | Loss: 1.1920 (Cls: 1.1891, TAL: 0.0000, Adv: 0.0189) | Train Acc: 0.9976 | Val Acc: 0.9304 | Val P/R/F1 (Macro): 0.9265/0.8867/0.8987 | LR: 0.000001
Epoch [87/100] | Loss: 1.1924 (Cls: 1.1903, TAL: 0.0000, Adv: 0.0139) | Train Acc: 0.9928 | Val Acc: 0.9391 | Val P/R/F1 (Macro): 0.9340/0.9089/0.9118 | LR: 0.000001
Epoch [88/100] | Loss: 1.2023 (Cls: 1.1968, TAL: 0.0000, Adv: 0.0371) | Train Acc: 0.9976 | Val Acc: 0.9391 | Val P/R/F1 (Macro): 0.9343/0.9089/0.9127 | LR: 0.000001
Epoch [89/100] | Loss: 1.1950 (Cls: 1.1909, TAL: 0.0000, Adv: 0.0275) | Train Acc: 0.9976 | Val Acc: 0.9391 | Val P/R/F1 (Macro): 0.9386/0.9089/0.9153 | LR: 0.000001
Epoch [90/100] | Loss: 1.1964 (Cls: 1.1916, TAL: 0.0000, Adv: 0.0324) | Train Acc: 1.0000 | Val Acc: 0.9391 | Val P/R/F1 (Macro): 0.9340/0.9089/0.9118 | LR: 0.000001
Epoch [91/100] | Loss: 1.1912 (Cls: 1.1854, TAL: 0.0000, Adv: 0.0387) | Train Acc: 0.9952 | Val Acc: 0.9478 | Val P/R/F1 (Macro): 0.9416/0.9129/0.9186 | LR: 0.000001
Epoch [92/100] | Loss: 1.2043 (Cls: 1.1955, TAL: 0.0000, Adv: 0.0581) | Train Acc: 0.9952 | Val Acc: 0.9391 | Val P/R/F1 (Macro): 0.9339/0.8906/0.9046 | LR: 0.000001
Epoch [93/100] | Loss: 1.1792 (Cls: 1.1774, TAL: 0.0000, Adv: 0.0125) | Train Acc: 1.0000 | Val Acc: 0.9391 | Val P/R/F1 (Macro): 0.9339/0.8906/0.9046 | LR: 0.000001
Epoch [94/100] | Loss: 1.1980 (Cls: 1.1911, TAL: 0.0000, Adv: 0.0460) | Train Acc: 1.0000 | Val Acc: 0.9478 | Val P/R/F1 (Macro): 0.9618/0.8946/0.9198 | LR: 0.000001
Epoch [95/100] | Loss: 1.1999 (Cls: 1.1960, TAL: 0.0000, Adv: 0.0265) | Train Acc: 1.0000 | Val Acc: 0.9391 | Val P/R/F1 (Macro): 0.9340/0.9089/0.9118 | LR: 0.000001
Epoch [96/100] | Loss: 1.1884 (Cls: 1.1844, TAL: 0.0000, Adv: 0.0267) | Train Acc: 1.0000 | Val Acc: 0.9478 | Val P/R/F1 (Macro): 0.9416/0.9129/0.9186 | LR: 0.000001
Epoch [97/100] | Loss: 1.1868 (Cls: 1.1834, TAL: 0.0000, Adv: 0.0227) | Train Acc: 1.0000 | Val Acc: 0.9478 | Val P/R/F1 (Macro): 0.9416/0.9129/0.9186 | LR: 0.000001
Epoch [98/100] | Loss: 1.1913 (Cls: 1.1880, TAL: 0.0000, Adv: 0.0221) | Train Acc: 1.0000 | Val Acc: 0.9565 | Val P/R/F1 (Macro): 0.9601/0.9168/0.9308 | LR: 0.000001
Epoch [99/100] | Loss: 1.1934 (Cls: 1.1900, TAL: 0.0000, Adv: 0.0226) | Train Acc: 0.9952 | Val Acc: 0.9391 | Val P/R/F1 (Macro): 0.9340/0.9089/0.9118 | LR: 0.000001
Epoch [100/100] | Loss: 1.1893 (Cls: 1.1862, TAL: 0.0000, Adv: 0.0205) | Train Acc: 0.9976 | Val Acc: 0.9478 | Val P/R/F1 (Macro): 0.9434/0.9129/0.9201 | LR: 0.000001

迭代 5 最佳指标:
  Accuracy: 0.9652
  Precision (Macro): 0.9741
  Recall (Macro): 0.9254
  F1 (Macro): 0.9425
  Precision (Micro): 0.9652
  Recall (Micro): 0.9652
  F1 (Micro): 0.9652
  Val class coverage: 9/14 (0.6429), samples=115

================================================================================
5次迭代统计结果
================================================================================

accuracy:
  各迭代值: ['0.9391', '0.9217', '0.9217', '0.9304', '0.9652']
  均值 (Mean): 0.9357
  标准差 (Std): 0.0161

precision_macro:
  各迭代值: ['0.9454', '0.9263', '0.9234', '0.9367', '0.9741']
  均值 (Mean): 0.9412
  标准差 (Std): 0.0182

recall_macro:
  各迭代值: ['0.9282', '0.8996', '0.8474', '0.8908', '0.9254']
  均值 (Mean): 0.8983
  标准差 (Std): 0.0292

f1_macro:
  各迭代值: ['0.9279', '0.9013', '0.8624', '0.9018', '0.9425']
  均值 (Mean): 0.9072
  标准差 (Std): 0.0274

precision_micro:
  各迭代值: ['0.9391', '0.9217', '0.9217', '0.9304', '0.9652']
  均值 (Mean): 0.9357
  标准差 (Std): 0.0161

recall_micro:
  各迭代值: ['0.9391', '0.9217', '0.9217', '0.9304', '0.9652']
  均值 (Mean): 0.9357
  标准差 (Std): 0.0161

f1_micro:
  各迭代值: ['0.9391', '0.9217', '0.9217', '0.9304', '0.9652']
  均值 (Mean): 0.9357
  标准差 (Std): 0.0161

val_class_coverage:
  各迭代值: ['0.6429', '0.6429', '0.6429', '0.6429', '0.6429']
  均值 (Mean): 0.6429
  标准差 (Std): 0.0000

val_present_classes:
  各迭代值: ['9.0000', '9.0000', '9.0000', '9.0000', '9.0000']
  均值 (Mean): 9.0000
  标准差 (Std): 0.0000

val_total_classes:
  各迭代值: ['14.0000', '14.0000', '14.0000', '14.0000', '14.0000']
  均值 (Mean): 14.0000
  标准差 (Std): 0.0000

val_samples:
  各迭代值: ['115.0000', '115.0000', '115.0000', '115.0000', '115.0000']
  均值 (Mean): 115.0000
  标准差 (Std): 0.0000

训练结束时间: 2026-07-07 21:36:33
================================================================================
