================================================================================
模块消融实验 - without_tensor_without_ot
目标域天气: 逆光
训练开始时间: 2026-07-07 18:53:15
设备: cuda
源域: /home/lixiang/lx/Data/晴天
目标域: /home/lixiang/lx/Data/逆光
批次大小: 32
总轮数: 100
迭代次数: 5
使用Tensor模块: 否
使用OT模块: 否
特征融合方式: 通道拼接
域对齐方式: 常规对抗
================================================================================

================================================================================
迭代 1/5
随机种子: 42
================================================================================
Feature fusion: Channel concatenation (512+512); fused_dim=1024
Domain adaptation: standard source-target adversarial training, no generator
Loss weights: tensor=0.00, adv=0.15
Epoch [1/100] | Loss: 5.4381 (Cls: 5.3153, TAL: 0.0000, Adv: 0.8185) | Train Acc: 0.1875 | Val Acc: 0.2500 | Val P/R/F1 (Macro): 0.2141/0.3000/0.1845 | LR: 0.000010
  >>> New Best Val Acc: 0.2500
Epoch [2/100] | Loss: 3.9989 (Cls: 3.8744, TAL: 0.0000, Adv: 0.8300) | Train Acc: 0.4375 | Val Acc: 0.2222 | Val P/R/F1 (Macro): 0.2025/0.1759/0.1239 | LR: 0.000010
Epoch [3/100] | Loss: 3.2942 (Cls: 3.1678, TAL: 0.0000, Adv: 0.8431) | Train Acc: 0.6016 | Val Acc: 0.4167 | Val P/R/F1 (Macro): 0.4860/0.4167/0.3802 | LR: 0.000010
  >>> New Best Val Acc: 0.4167
Epoch [4/100] | Loss: 3.1369 (Cls: 3.0229, TAL: 0.0000, Adv: 0.7595) | Train Acc: 0.6250 | Val Acc: 0.5000 | Val P/R/F1 (Macro): 0.5376/0.5648/0.5057 | LR: 0.000010
  >>> New Best Val Acc: 0.5000
Epoch [5/100] | Loss: 2.5344 (Cls: 2.4168, TAL: 0.0000, Adv: 0.7845) | Train Acc: 0.7500 | Val Acc: 0.5556 | Val P/R/F1 (Macro): 0.6944/0.5991/0.5654 | LR: 0.000010
  >>> New Best Val Acc: 0.5556
Epoch [6/100] | Loss: 2.3199 (Cls: 2.2009, TAL: 0.0000, Adv: 0.7936) | Train Acc: 0.7891 | Val Acc: 0.8611 | Val P/R/F1 (Macro): 0.7500/0.7944/0.7394 | LR: 0.000010
  >>> New Best Val Acc: 0.8611
Epoch [7/100] | Loss: 2.4054 (Cls: 2.2882, TAL: 0.0000, Adv: 0.7819) | Train Acc: 0.7891 | Val Acc: 0.9167 | Val P/R/F1 (Macro): 0.9378/0.9306/0.9210 | LR: 0.000010
  >>> New Best Val Acc: 0.9167
Epoch [8/100] | Loss: 2.1004 (Cls: 1.9902, TAL: 0.0000, Adv: 0.7343) | Train Acc: 0.9062 | Val Acc: 0.7778 | Val P/R/F1 (Macro): 0.8074/0.8176/0.7598 | LR: 0.000010
Epoch [9/100] | Loss: 1.9228 (Cls: 1.8163, TAL: 0.0000, Adv: 0.7100) | Train Acc: 0.8984 | Val Acc: 0.8889 | Val P/R/F1 (Macro): 0.8963/0.8944/0.8936 | LR: 0.000010
Epoch [10/100] | Loss: 2.2257 (Cls: 2.1248, TAL: 0.0000, Adv: 0.6723) | Train Acc: 0.8516 | Val Acc: 0.8889 | Val P/R/F1 (Macro): 0.9333/0.9037/0.9004 | LR: 0.000010
Epoch [11/100] | Loss: 1.9215 (Cls: 1.8114, TAL: 0.0000, Adv: 0.7344) | Train Acc: 0.8906 | Val Acc: 0.8611 | Val P/R/F1 (Macro): 0.8654/0.8722/0.8356 | LR: 0.000010
Epoch [12/100] | Loss: 1.7979 (Cls: 1.6981, TAL: 0.0000, Adv: 0.6657) | Train Acc: 0.9219 | Val Acc: 0.8056 | Val P/R/F1 (Macro): 0.7714/0.8389/0.7650 | LR: 0.000010
Epoch [13/100] | Loss: 1.8280 (Cls: 1.7271, TAL: 0.0000, Adv: 0.6727) | Train Acc: 0.9609 | Val Acc: 0.8889 | Val P/R/F1 (Macro): 0.9043/0.8852/0.8605 | LR: 0.000010
Epoch [14/100] | Loss: 1.7492 (Cls: 1.6436, TAL: 0.0000, Adv: 0.7041) | Train Acc: 0.9609 | Val Acc: 0.9444 | Val P/R/F1 (Macro): 0.9500/0.9500/0.9436 | LR: 0.000010
  >>> New Best Val Acc: 0.9444
Epoch [15/100] | Loss: 1.7094 (Cls: 1.6034, TAL: 0.0000, Adv: 0.7070) | Train Acc: 0.9219 | Val Acc: 1.0000 | Val P/R/F1 (Macro): 1.0000/1.0000/1.0000 | LR: 0.000010
  >>> New Best Val Acc: 1.0000
Epoch [16/100] | Loss: 1.8147 (Cls: 1.7114, TAL: 0.0000, Adv: 0.6888) | Train Acc: 0.9688 | Val Acc: 0.9167 | Val P/R/F1 (Macro): 0.9120/0.9361/0.9023 | LR: 0.000010
Epoch [17/100] | Loss: 1.6428 (Cls: 1.5448, TAL: 0.0000, Adv: 0.6528) | Train Acc: 0.9453 | Val Acc: 0.9167 | Val P/R/F1 (Macro): 0.9120/0.9361/0.9023 | LR: 0.000010
Epoch [18/100] | Loss: 1.5849 (Cls: 1.4863, TAL: 0.0000, Adv: 0.6573) | Train Acc: 0.9453 | Val Acc: 0.9444 | Val P/R/F1 (Macro): 0.9654/0.9593/0.9587 | LR: 0.000010
Epoch [19/100] | Loss: 1.5424 (Cls: 1.4458, TAL: 0.0000, Adv: 0.6439) | Train Acc: 0.9766 | Val Acc: 0.9722 | Val P/R/F1 (Macro): 0.9444/0.9722/0.9471 | LR: 0.000010
Epoch [20/100] | Loss: 1.6760 (Cls: 1.5836, TAL: 0.0000, Adv: 0.6160) | Train Acc: 0.9688 | Val Acc: 0.9722 | Val P/R/F1 (Macro): 0.9778/0.9815/0.9776 | LR: 0.000010
Epoch [21/100] | Loss: 1.7623 (Cls: 1.6665, TAL: 0.0000, Adv: 0.6385) | Train Acc: 0.9141 | Val Acc: 0.9444 | Val P/R/F1 (Macro): 0.9593/0.9537/0.9516 | LR: 0.000010
Epoch [22/100] | Loss: 1.6412 (Cls: 1.5482, TAL: 0.0000, Adv: 0.6195) | Train Acc: 0.9531 | Val Acc: 0.9722 | Val P/R/F1 (Macro): 0.9444/0.9722/0.9471 | LR: 0.000010
Epoch [23/100] | Loss: 1.4460 (Cls: 1.3581, TAL: 0.0000, Adv: 0.5862) | Train Acc: 1.0000 | Val Acc: 0.9444 | Val P/R/F1 (Macro): 0.9259/0.9444/0.9074 | LR: 0.000010
Epoch [24/100] | Loss: 1.5314 (Cls: 1.4456, TAL: 0.0000, Adv: 0.5720) | Train Acc: 0.9688 | Val Acc: 0.8889 | Val P/R/F1 (Macro): 0.8852/0.9074/0.8627 | LR: 0.000010
Epoch [25/100] | Loss: 1.5492 (Cls: 1.4674, TAL: 0.0000, Adv: 0.5453) | Train Acc: 0.9844 | Val Acc: 0.9167 | Val P/R/F1 (Macro): 0.9043/0.9222/0.8965 | LR: 0.000010
Epoch [26/100] | Loss: 1.5498 (Cls: 1.4665, TAL: 0.0000, Adv: 0.5550) | Train Acc: 0.9688 | Val Acc: 0.9722 | Val P/R/F1 (Macro): 0.9877/0.9778/0.9811 | LR: 0.000005
Epoch [27/100] | Loss: 1.4330 (Cls: 1.3506, TAL: 0.0000, Adv: 0.5498) | Train Acc: 1.0000 | Val Acc: 0.9722 | Val P/R/F1 (Macro): 0.9778/0.9815/0.9776 | LR: 0.000005
Epoch [28/100] | Loss: 1.4244 (Cls: 1.3520, TAL: 0.0000, Adv: 0.4823) | Train Acc: 0.9922 | Val Acc: 0.9722 | Val P/R/F1 (Macro): 0.9778/0.9815/0.9776 | LR: 0.000005
Epoch [29/100] | Loss: 1.4253 (Cls: 1.3534, TAL: 0.0000, Adv: 0.4792) | Train Acc: 0.9922 | Val Acc: 0.9722 | Val P/R/F1 (Macro): 0.9778/0.9815/0.9776 | LR: 0.000005
Epoch [30/100] | Loss: 1.5230 (Cls: 1.4599, TAL: 0.0000, Adv: 0.4205) | Train Acc: 0.9375 | Val Acc: 0.9444 | Val P/R/F1 (Macro): 0.9222/0.9537/0.9246 | LR: 0.000005
Epoch [31/100] | Loss: 1.4328 (Cls: 1.3621, TAL: 0.0000, Adv: 0.4711) | Train Acc: 0.9844 | Val Acc: 0.9722 | Val P/R/F1 (Macro): 0.9778/0.9815/0.9776 | LR: 0.000005
Epoch [32/100] | Loss: 1.4053 (Cls: 1.3346, TAL: 0.0000, Adv: 0.4710) | Train Acc: 0.9922 | Val Acc: 0.9444 | Val P/R/F1 (Macro): 0.9222/0.9537/0.9246 | LR: 0.000005
Epoch [33/100] | Loss: 1.3962 (Cls: 1.3318, TAL: 0.0000, Adv: 0.4296) | Train Acc: 0.9844 | Val Acc: 0.9722 | Val P/R/F1 (Macro): 0.9778/0.9815/0.9776 | LR: 0.000005
Epoch [34/100] | Loss: 1.3874 (Cls: 1.3207, TAL: 0.0000, Adv: 0.4444) | Train Acc: 0.9922 | Val Acc: 0.9722 | Val P/R/F1 (Macro): 0.9778/0.9815/0.9776 | LR: 0.000005
Epoch [35/100] | Loss: 1.3977 (Cls: 1.3362, TAL: 0.0000, Adv: 0.4096) | Train Acc: 0.9844 | Val Acc: 0.9722 | Val P/R/F1 (Macro): 0.9778/0.9815/0.9776 | LR: 0.000005
Epoch [36/100] | Loss: 1.3587 (Cls: 1.3015, TAL: 0.0000, Adv: 0.3812) | Train Acc: 1.0000 | Val Acc: 0.9722 | Val P/R/F1 (Macro): 0.9778/0.9815/0.9776 | LR: 0.000005
Epoch [37/100] | Loss: 1.3929 (Cls: 1.3381, TAL: 0.0000, Adv: 0.3653) | Train Acc: 0.9844 | Val Acc: 0.9722 | Val P/R/F1 (Macro): 0.9778/0.9815/0.9776 | LR: 0.000003
Epoch [38/100] | Loss: 1.3272 (Cls: 1.2776, TAL: 0.0000, Adv: 0.3311) | Train Acc: 0.9922 | Val Acc: 1.0000 | Val P/R/F1 (Macro): 1.0000/1.0000/1.0000 | LR: 0.000003
Epoch [39/100] | Loss: 1.3769 (Cls: 1.3264, TAL: 0.0000, Adv: 0.3366) | Train Acc: 0.9922 | Val Acc: 0.9722 | Val P/R/F1 (Macro): 0.9778/0.9815/0.9776 | LR: 0.000003
Epoch [40/100] | Loss: 1.3674 (Cls: 1.3246, TAL: 0.0000, Adv: 0.2853) | Train Acc: 0.9844 | Val Acc: 0.9722 | Val P/R/F1 (Macro): 0.9778/0.9815/0.9776 | LR: 0.000003
Epoch [41/100] | Loss: 1.3533 (Cls: 1.3131, TAL: 0.0000, Adv: 0.2675) | Train Acc: 1.0000 | Val Acc: 0.9722 | Val P/R/F1 (Macro): 0.9778/0.9815/0.9776 | LR: 0.000003
Epoch [42/100] | Loss: 1.3411 (Cls: 1.3030, TAL: 0.0000, Adv: 0.2541) | Train Acc: 1.0000 | Val Acc: 0.9722 | Val P/R/F1 (Macro): 0.9778/0.9815/0.9776 | LR: 0.000003
Epoch [43/100] | Loss: 1.3760 (Cls: 1.3364, TAL: 0.0000, Adv: 0.2638) | Train Acc: 0.9844 | Val Acc: 1.0000 | Val P/R/F1 (Macro): 1.0000/1.0000/1.0000 | LR: 0.000003
Epoch [44/100] | Loss: 1.3370 (Cls: 1.2922, TAL: 0.0000, Adv: 0.2988) | Train Acc: 0.9922 | Val Acc: 0.9722 | Val P/R/F1 (Macro): 0.9778/0.9815/0.9776 | LR: 0.000003
Epoch [45/100] | Loss: 1.3044 (Cls: 1.2694, TAL: 0.0000, Adv: 0.2335) | Train Acc: 0.9922 | Val Acc: 1.0000 | Val P/R/F1 (Macro): 1.0000/1.0000/1.0000 | LR: 0.000003
Epoch [46/100] | Loss: 1.3421 (Cls: 1.3071, TAL: 0.0000, Adv: 0.2331) | Train Acc: 1.0000 | Val Acc: 1.0000 | Val P/R/F1 (Macro): 1.0000/1.0000/1.0000 | LR: 0.000003
Epoch [47/100] | Loss: 1.2943 (Cls: 1.2582, TAL: 0.0000, Adv: 0.2402) | Train Acc: 0.9922 | Val Acc: 0.9722 | Val P/R/F1 (Macro): 0.9778/0.9815/0.9776 | LR: 0.000003
Epoch [48/100] | Loss: 1.3786 (Cls: 1.3418, TAL: 0.0000, Adv: 0.2457) | Train Acc: 0.9922 | Val Acc: 0.9722 | Val P/R/F1 (Macro): 0.9778/0.9815/0.9776 | LR: 0.000001
Epoch [49/100] | Loss: 1.3233 (Cls: 1.2784, TAL: 0.0000, Adv: 0.2990) | Train Acc: 0.9844 | Val Acc: 0.9722 | Val P/R/F1 (Macro): 0.9778/0.9815/0.9776 | LR: 0.000001
Epoch [50/100] | Loss: 1.3071 (Cls: 1.2737, TAL: 0.0000, Adv: 0.2225) | Train Acc: 1.0000 | Val Acc: 0.9722 | Val P/R/F1 (Macro): 0.9778/0.9815/0.9776 | LR: 0.000001
Epoch [51/100] | Loss: 1.3015 (Cls: 1.2707, TAL: 0.0000, Adv: 0.2053) | Train Acc: 0.9922 | Val Acc: 0.9722 | Val P/R/F1 (Macro): 0.9778/0.9815/0.9776 | LR: 0.000001
Epoch [52/100] | Loss: 1.3224 (Cls: 1.2824, TAL: 0.0000, Adv: 0.2667) | Train Acc: 0.9922 | Val Acc: 1.0000 | Val P/R/F1 (Macro): 1.0000/1.0000/1.0000 | LR: 0.000001
Epoch [53/100] | Loss: 1.3042 (Cls: 1.2724, TAL: 0.0000, Adv: 0.2122) | Train Acc: 0.9922 | Val Acc: 1.0000 | Val P/R/F1 (Macro): 1.0000/1.0000/1.0000 | LR: 0.000001
Epoch [54/100] | Loss: 1.2641 (Cls: 1.2394, TAL: 0.0000, Adv: 0.1643) | Train Acc: 1.0000 | Val Acc: 0.9722 | Val P/R/F1 (Macro): 0.9778/0.9815/0.9776 | LR: 0.000001
Epoch [55/100] | Loss: 1.3289 (Cls: 1.2964, TAL: 0.0000, Adv: 0.2169) | Train Acc: 0.9922 | Val Acc: 0.9722 | Val P/R/F1 (Macro): 0.9778/0.9815/0.9776 | LR: 0.000001
Epoch [56/100] | Loss: 1.2711 (Cls: 1.2388, TAL: 0.0000, Adv: 0.2156) | Train Acc: 1.0000 | Val Acc: 0.9722 | Val P/R/F1 (Macro): 0.9778/0.9815/0.9776 | LR: 0.000001
Epoch [57/100] | Loss: 1.2962 (Cls: 1.2732, TAL: 0.0000, Adv: 0.1535) | Train Acc: 0.9922 | Val Acc: 1.0000 | Val P/R/F1 (Macro): 1.0000/1.0000/1.0000 | LR: 0.000001
Epoch [58/100] | Loss: 1.2635 (Cls: 1.2296, TAL: 0.0000, Adv: 0.2256) | Train Acc: 1.0000 | Val Acc: 1.0000 | Val P/R/F1 (Macro): 1.0000/1.0000/1.0000 | LR: 0.000001
Epoch [59/100] | Loss: 1.3029 (Cls: 1.2821, TAL: 0.0000, Adv: 0.1387) | Train Acc: 0.9922 | Val Acc: 1.0000 | Val P/R/F1 (Macro): 1.0000/1.0000/1.0000 | LR: 0.000001
Epoch [60/100] | Loss: 1.2805 (Cls: 1.2609, TAL: 0.0000, Adv: 0.1306) | Train Acc: 1.0000 | Val Acc: 1.0000 | Val P/R/F1 (Macro): 1.0000/1.0000/1.0000 | LR: 0.000001
Epoch [61/100] | Loss: 1.2943 (Cls: 1.2708, TAL: 0.0000, Adv: 0.1566) | Train Acc: 0.9844 | Val Acc: 1.0000 | Val P/R/F1 (Macro): 1.0000/1.0000/1.0000 | LR: 0.000001
Epoch [62/100] | Loss: 1.2833 (Cls: 1.2513, TAL: 0.0000, Adv: 0.2139) | Train Acc: 1.0000 | Val Acc: 1.0000 | Val P/R/F1 (Macro): 1.0000/1.0000/1.0000 | LR: 0.000001
Epoch [63/100] | Loss: 1.2701 (Cls: 1.2508, TAL: 0.0000, Adv: 0.1284) | Train Acc: 1.0000 | Val Acc: 1.0000 | Val P/R/F1 (Macro): 1.0000/1.0000/1.0000 | LR: 0.000001
Epoch [64/100] | Loss: 1.2867 (Cls: 1.2616, TAL: 0.0000, Adv: 0.1671) | Train Acc: 0.9922 | Val Acc: 1.0000 | Val P/R/F1 (Macro): 1.0000/1.0000/1.0000 | LR: 0.000001
Epoch [65/100] | Loss: 1.2829 (Cls: 1.2597, TAL: 0.0000, Adv: 0.1546) | Train Acc: 1.0000 | Val Acc: 1.0000 | Val P/R/F1 (Macro): 1.0000/1.0000/1.0000 | LR: 0.000001
Epoch [66/100] | Loss: 1.2999 (Cls: 1.2718, TAL: 0.0000, Adv: 0.1873) | Train Acc: 1.0000 | Val Acc: 1.0000 | Val P/R/F1 (Macro): 1.0000/1.0000/1.0000 | LR: 0.000001
Epoch [67/100] | Loss: 1.2676 (Cls: 1.2467, TAL: 0.0000, Adv: 0.1391) | Train Acc: 1.0000 | Val Acc: 0.9722 | Val P/R/F1 (Macro): 0.9778/0.9815/0.9776 | LR: 0.000001
Epoch [68/100] | Loss: 1.2822 (Cls: 1.2623, TAL: 0.0000, Adv: 0.1323) | Train Acc: 1.0000 | Val Acc: 0.9722 | Val P/R/F1 (Macro): 0.9778/0.9815/0.9776 | LR: 0.000001
Epoch [69/100] | Loss: 1.2801 (Cls: 1.2680, TAL: 0.0000, Adv: 0.0803) | Train Acc: 1.0000 | Val Acc: 1.0000 | Val P/R/F1 (Macro): 1.0000/1.0000/1.0000 | LR: 0.000001
Epoch [70/100] | Loss: 1.2760 (Cls: 1.2624, TAL: 0.0000, Adv: 0.0902) | Train Acc: 1.0000 | Val Acc: 0.9722 | Val P/R/F1 (Macro): 0.9778/0.9815/0.9776 | LR: 0.000001
Epoch [71/100] | Loss: 1.2937 (Cls: 1.2759, TAL: 0.0000, Adv: 0.1183) | Train Acc: 0.9922 | Val Acc: 0.9722 | Val P/R/F1 (Macro): 0.9778/0.9815/0.9776 | LR: 0.000001
Epoch [72/100] | Loss: 1.2656 (Cls: 1.2374, TAL: 0.0000, Adv: 0.1885) | Train Acc: 1.0000 | Val Acc: 0.9722 | Val P/R/F1 (Macro): 0.9778/0.9815/0.9776 | LR: 0.000001
Epoch [73/100] | Loss: 1.2585 (Cls: 1.2425, TAL: 0.0000, Adv: 0.1068) | Train Acc: 0.9922 | Val Acc: 0.9722 | Val P/R/F1 (Macro): 0.9778/0.9815/0.9776 | LR: 0.000001
Epoch [74/100] | Loss: 1.2816 (Cls: 1.2669, TAL: 0.0000, Adv: 0.0982) | Train Acc: 1.0000 | Val Acc: 0.9722 | Val P/R/F1 (Macro): 0.9778/0.9815/0.9776 | LR: 0.000001
Epoch [75/100] | Loss: 1.2669 (Cls: 1.2516, TAL: 0.0000, Adv: 0.1018) | Train Acc: 1.0000 | Val Acc: 0.9722 | Val P/R/F1 (Macro): 0.9778/0.9815/0.9776 | LR: 0.000001
Epoch [76/100] | Loss: 1.2661 (Cls: 1.2515, TAL: 0.0000, Adv: 0.0968) | Train Acc: 1.0000 | Val Acc: 0.9722 | Val P/R/F1 (Macro): 0.9778/0.9815/0.9776 | LR: 0.000001
Epoch [77/100] | Loss: 1.2762 (Cls: 1.2561, TAL: 0.0000, Adv: 0.1341) | Train Acc: 1.0000 | Val Acc: 1.0000 | Val P/R/F1 (Macro): 1.0000/1.0000/1.0000 | LR: 0.000001
Epoch [78/100] | Loss: 1.2738 (Cls: 1.2631, TAL: 0.0000, Adv: 0.0719) | Train Acc: 0.9922 | Val Acc: 1.0000 | Val P/R/F1 (Macro): 1.0000/1.0000/1.0000 | LR: 0.000001
Epoch [79/100] | Loss: 1.2617 (Cls: 1.2507, TAL: 0.0000, Adv: 0.0735) | Train Acc: 0.9922 | Val Acc: 1.0000 | Val P/R/F1 (Macro): 1.0000/1.0000/1.0000 | LR: 0.000001
Epoch [80/100] | Loss: 1.2619 (Cls: 1.2426, TAL: 0.0000, Adv: 0.1286) | Train Acc: 1.0000 | Val Acc: 0.9722 | Val P/R/F1 (Macro): 0.9778/0.9815/0.9776 | LR: 0.000001
Epoch [81/100] | Loss: 1.2510 (Cls: 1.2403, TAL: 0.0000, Adv: 0.0718) | Train Acc: 1.0000 | Val Acc: 0.9722 | Val P/R/F1 (Macro): 0.9778/0.9815/0.9776 | LR: 0.000001
Epoch [82/100] | Loss: 1.2558 (Cls: 1.2418, TAL: 0.0000, Adv: 0.0936) | Train Acc: 1.0000 | Val Acc: 1.0000 | Val P/R/F1 (Macro): 1.0000/1.0000/1.0000 | LR: 0.000001
Epoch [83/100] | Loss: 1.2729 (Cls: 1.2563, TAL: 0.0000, Adv: 0.1105) | Train Acc: 0.9922 | Val Acc: 0.9722 | Val P/R/F1 (Macro): 0.9778/0.9815/0.9776 | LR: 0.000001
Epoch [84/100] | Loss: 1.2519 (Cls: 1.2459, TAL: 0.0000, Adv: 0.0404) | Train Acc: 1.0000 | Val Acc: 1.0000 | Val P/R/F1 (Macro): 1.0000/1.0000/1.0000 | LR: 0.000001
Epoch [85/100] | Loss: 1.2639 (Cls: 1.2505, TAL: 0.0000, Adv: 0.0890) | Train Acc: 1.0000 | Val Acc: 1.0000 | Val P/R/F1 (Macro): 1.0000/1.0000/1.0000 | LR: 0.000001
Epoch [86/100] | Loss: 1.2808 (Cls: 1.2591, TAL: 0.0000, Adv: 0.1448) | Train Acc: 1.0000 | Val Acc: 1.0000 | Val P/R/F1 (Macro): 1.0000/1.0000/1.0000 | LR: 0.000001
Epoch [87/100] | Loss: 1.2825 (Cls: 1.2685, TAL: 0.0000, Adv: 0.0932) | Train Acc: 1.0000 | Val Acc: 1.0000 | Val P/R/F1 (Macro): 1.0000/1.0000/1.0000 | LR: 0.000001
Epoch [88/100] | Loss: 1.2539 (Cls: 1.2386, TAL: 0.0000, Adv: 0.1018) | Train Acc: 1.0000 | Val Acc: 1.0000 | Val P/R/F1 (Macro): 1.0000/1.0000/1.0000 | LR: 0.000001
Epoch [89/100] | Loss: 1.2806 (Cls: 1.2577, TAL: 0.0000, Adv: 0.1520) | Train Acc: 1.0000 | Val Acc: 1.0000 | Val P/R/F1 (Macro): 1.0000/1.0000/1.0000 | LR: 0.000001
Epoch [90/100] | Loss: 1.2711 (Cls: 1.2558, TAL: 0.0000, Adv: 0.1023) | Train Acc: 0.9844 | Val Acc: 1.0000 | Val P/R/F1 (Macro): 1.0000/1.0000/1.0000 | LR: 0.000001
Epoch [91/100] | Loss: 1.2671 (Cls: 1.2542, TAL: 0.0000, Adv: 0.0862) | Train Acc: 1.0000 | Val Acc: 1.0000 | Val P/R/F1 (Macro): 1.0000/1.0000/1.0000 | LR: 0.000001
Epoch [92/100] | Loss: 1.2512 (Cls: 1.2338, TAL: 0.0000, Adv: 0.1163) | Train Acc: 0.9922 | Val Acc: 1.0000 | Val P/R/F1 (Macro): 1.0000/1.0000/1.0000 | LR: 0.000001
Epoch [93/100] | Loss: 1.2659 (Cls: 1.2500, TAL: 0.0000, Adv: 0.1059) | Train Acc: 0.9922 | Val Acc: 1.0000 | Val P/R/F1 (Macro): 1.0000/1.0000/1.0000 | LR: 0.000001
Epoch [94/100] | Loss: 1.2565 (Cls: 1.2389, TAL: 0.0000, Adv: 0.1168) | Train Acc: 1.0000 | Val Acc: 0.9722 | Val P/R/F1 (Macro): 0.9778/0.9815/0.9776 | LR: 0.000001
Epoch [95/100] | Loss: 1.2677 (Cls: 1.2508, TAL: 0.0000, Adv: 0.1129) | Train Acc: 1.0000 | Val Acc: 1.0000 | Val P/R/F1 (Macro): 1.0000/1.0000/1.0000 | LR: 0.000001
Epoch [96/100] | Loss: 1.2787 (Cls: 1.2651, TAL: 0.0000, Adv: 0.0906) | Train Acc: 0.9922 | Val Acc: 1.0000 | Val P/R/F1 (Macro): 1.0000/1.0000/1.0000 | LR: 0.000001
Epoch [97/100] | Loss: 1.2426 (Cls: 1.2343, TAL: 0.0000, Adv: 0.0550) | Train Acc: 1.0000 | Val Acc: 1.0000 | Val P/R/F1 (Macro): 1.0000/1.0000/1.0000 | LR: 0.000001
Epoch [98/100] | Loss: 1.2540 (Cls: 1.2466, TAL: 0.0000, Adv: 0.0494) | Train Acc: 1.0000 | Val Acc: 1.0000 | Val P/R/F1 (Macro): 1.0000/1.0000/1.0000 | LR: 0.000001
Epoch [99/100] | Loss: 1.3116 (Cls: 1.3003, TAL: 0.0000, Adv: 0.0750) | Train Acc: 0.9922 | Val Acc: 1.0000 | Val P/R/F1 (Macro): 1.0000/1.0000/1.0000 | LR: 0.000001
Epoch [100/100] | Loss: 1.2545 (Cls: 1.2318, TAL: 0.0000, Adv: 0.1514) | Train Acc: 1.0000 | Val Acc: 1.0000 | Val P/R/F1 (Macro): 1.0000/1.0000/1.0000 | LR: 0.000001

迭代 1 最佳指标:
  Accuracy: 1.0000
  Precision (Macro): 1.0000
  Recall (Macro): 1.0000
  F1 (Macro): 1.0000
  Precision (Micro): 1.0000
  Recall (Micro): 1.0000
  F1 (Micro): 1.0000
  Val class coverage: 9/14 (0.6429), samples=36

================================================================================
迭代 2/5
随机种子: 43
================================================================================
Feature fusion: Channel concatenation (512+512); fused_dim=1024
Domain adaptation: standard source-target adversarial training, no generator
Loss weights: tensor=0.00, adv=0.15
Epoch [1/100] | Loss: 4.8332 (Cls: 4.7003, TAL: 0.0000, Adv: 0.8862) | Train Acc: 0.2734 | Val Acc: 0.2778 | Val P/R/F1 (Macro): 0.1148/0.2148/0.1321 | LR: 0.000010
  >>> New Best Val Acc: 0.2778
Epoch [2/100] | Loss: 3.4785 (Cls: 3.3580, TAL: 0.0000, Adv: 0.8036) | Train Acc: 0.5000 | Val Acc: 0.1667 | Val P/R/F1 (Macro): 0.1815/0.1519/0.0896 | LR: 0.000010
Epoch [3/100] | Loss: 3.5664 (Cls: 3.4464, TAL: 0.0000, Adv: 0.7996) | Train Acc: 0.5234 | Val Acc: 0.3056 | Val P/R/F1 (Macro): 0.2547/0.2593/0.2076 | LR: 0.000010
  >>> New Best Val Acc: 0.3056
Epoch [4/100] | Loss: 3.0152 (Cls: 2.9077, TAL: 0.0000, Adv: 0.7167) | Train Acc: 0.6719 | Val Acc: 0.5556 | Val P/R/F1 (Macro): 0.6063/0.5694/0.5219 | LR: 0.000010
  >>> New Best Val Acc: 0.5556
Epoch [5/100] | Loss: 2.7457 (Cls: 2.6316, TAL: 0.0000, Adv: 0.7605) | Train Acc: 0.7578 | Val Acc: 0.7222 | Val P/R/F1 (Macro): 0.7680/0.6704/0.6540 | LR: 0.000010
  >>> New Best Val Acc: 0.7222
Epoch [6/100] | Loss: 2.5444 (Cls: 2.4358, TAL: 0.0000, Adv: 0.7238) | Train Acc: 0.7500 | Val Acc: 0.7500 | Val P/R/F1 (Macro): 0.7417/0.7148/0.6829 | LR: 0.000010
  >>> New Best Val Acc: 0.7500
Epoch [7/100] | Loss: 2.3733 (Cls: 2.2666, TAL: 0.0000, Adv: 0.7114) | Train Acc: 0.8516 | Val Acc: 0.9167 | Val P/R/F1 (Macro): 0.8321/0.8389/0.8264 | LR: 0.000010
  >>> New Best Val Acc: 0.9167
Epoch [8/100] | Loss: 2.3381 (Cls: 2.2356, TAL: 0.0000, Adv: 0.6831) | Train Acc: 0.8281 | Val Acc: 0.8056 | Val P/R/F1 (Macro): 0.8561/0.8407/0.7949 | LR: 0.000010
Epoch [9/100] | Loss: 2.2744 (Cls: 2.1634, TAL: 0.0000, Adv: 0.7396) | Train Acc: 0.8672 | Val Acc: 0.8889 | Val P/R/F1 (Macro): 0.8704/0.9120/0.8674 | LR: 0.000010
Epoch [10/100] | Loss: 2.0030 (Cls: 1.8959, TAL: 0.0000, Adv: 0.7142) | Train Acc: 0.8906 | Val Acc: 0.9167 | Val P/R/F1 (Macro): 0.9352/0.9278/0.9183 | LR: 0.000010
Epoch [11/100] | Loss: 1.8095 (Cls: 1.7086, TAL: 0.0000, Adv: 0.6726) | Train Acc: 0.8984 | Val Acc: 0.8889 | Val P/R/F1 (Macro): 0.8722/0.9074/0.8693 | LR: 0.000010
Epoch [12/100] | Loss: 1.9176 (Cls: 1.8180, TAL: 0.0000, Adv: 0.6642) | Train Acc: 0.9375 | Val Acc: 0.6389 | Val P/R/F1 (Macro): 0.7379/0.7269/0.6626 | LR: 0.000010
Epoch [13/100] | Loss: 1.9380 (Cls: 1.8360, TAL: 0.0000, Adv: 0.6800) | Train Acc: 0.9219 | Val Acc: 0.8889 | Val P/R/F1 (Macro): 0.8241/0.8194/0.8063 | LR: 0.000010
Epoch [14/100] | Loss: 1.8236 (Cls: 1.7236, TAL: 0.0000, Adv: 0.6664) | Train Acc: 0.9453 | Val Acc: 0.8056 | Val P/R/F1 (Macro): 0.8608/0.8194/0.7865 | LR: 0.000010
Epoch [15/100] | Loss: 1.8213 (Cls: 1.7224, TAL: 0.0000, Adv: 0.6592) | Train Acc: 0.9141 | Val Acc: 0.9167 | Val P/R/F1 (Macro): 0.8981/0.9444/0.8968 | LR: 0.000010
Epoch [16/100] | Loss: 1.7606 (Cls: 1.6623, TAL: 0.0000, Adv: 0.6558) | Train Acc: 0.9062 | Val Acc: 0.9167 | Val P/R/F1 (Macro): 0.8321/0.8389/0.8264 | LR: 0.000010
Epoch [17/100] | Loss: 1.6598 (Cls: 1.5719, TAL: 0.0000, Adv: 0.5863) | Train Acc: 0.9688 | Val Acc: 1.0000 | Val P/R/F1 (Macro): 1.0000/1.0000/1.0000 | LR: 0.000010
  >>> New Best Val Acc: 1.0000
Epoch [18/100] | Loss: 1.7155 (Cls: 1.6200, TAL: 0.0000, Adv: 0.6364) | Train Acc: 0.9609 | Val Acc: 0.9444 | Val P/R/F1 (Macro): 0.9259/0.9583/0.9212 | LR: 0.000010
Epoch [19/100] | Loss: 1.6024 (Cls: 1.5141, TAL: 0.0000, Adv: 0.5886) | Train Acc: 0.9531 | Val Acc: 1.0000 | Val P/R/F1 (Macro): 1.0000/1.0000/1.0000 | LR: 0.000010
Epoch [20/100] | Loss: 1.5617 (Cls: 1.4697, TAL: 0.0000, Adv: 0.6130) | Train Acc: 0.9766 | Val Acc: 0.8889 | Val P/R/F1 (Macro): 0.8889/0.9167/0.8698 | LR: 0.000010
Epoch [21/100] | Loss: 1.5372 (Cls: 1.4528, TAL: 0.0000, Adv: 0.5626) | Train Acc: 0.9531 | Val Acc: 0.8889 | Val P/R/F1 (Macro): 0.9111/0.9167/0.8730 | LR: 0.000010
Epoch [22/100] | Loss: 1.5977 (Cls: 1.5041, TAL: 0.0000, Adv: 0.6240) | Train Acc: 0.9688 | Val Acc: 0.9722 | Val P/R/F1 (Macro): 0.9444/0.9722/0.9471 | LR: 0.000010
Epoch [23/100] | Loss: 1.6404 (Cls: 1.5606, TAL: 0.0000, Adv: 0.5322) | Train Acc: 0.9531 | Val Acc: 0.9722 | Val P/R/F1 (Macro): 0.9722/0.9722/0.9683 | LR: 0.000010
Epoch [24/100] | Loss: 1.6333 (Cls: 1.5468, TAL: 0.0000, Adv: 0.5762) | Train Acc: 0.9375 | Val Acc: 0.9167 | Val P/R/F1 (Macro): 0.8981/0.9306/0.8894 | LR: 0.000010
Epoch [25/100] | Loss: 1.5768 (Cls: 1.4955, TAL: 0.0000, Adv: 0.5420) | Train Acc: 0.9531 | Val Acc: 0.9444 | Val P/R/F1 (Macro): 0.9259/0.9583/0.9212 | LR: 0.000010
Epoch [26/100] | Loss: 1.5648 (Cls: 1.4859, TAL: 0.0000, Adv: 0.5262) | Train Acc: 0.9531 | Val Acc: 1.0000 | Val P/R/F1 (Macro): 1.0000/1.0000/1.0000 | LR: 0.000010
Epoch [27/100] | Loss: 1.5559 (Cls: 1.4750, TAL: 0.0000, Adv: 0.5391) | Train Acc: 0.9688 | Val Acc: 1.0000 | Val P/R/F1 (Macro): 1.0000/1.0000/1.0000 | LR: 0.000010
Epoch [28/100] | Loss: 1.5920 (Cls: 1.5122, TAL: 0.0000, Adv: 0.5317) | Train Acc: 0.9531 | Val Acc: 0.9444 | Val P/R/F1 (Macro): 0.9556/0.9500/0.9440 | LR: 0.000005
Epoch [29/100] | Loss: 1.4336 (Cls: 1.3608, TAL: 0.0000, Adv: 0.4850) | Train Acc: 0.9922 | Val Acc: 0.9722 | Val P/R/F1 (Macro): 0.9444/0.9722/0.9471 | LR: 0.000005
Epoch [30/100] | Loss: 1.4420 (Cls: 1.3713, TAL: 0.0000, Adv: 0.4718) | Train Acc: 0.9688 | Val Acc: 0.9722 | Val P/R/F1 (Macro): 0.9815/0.9815/0.9798 | LR: 0.000005
Epoch [31/100] | Loss: 1.4023 (Cls: 1.3310, TAL: 0.0000, Adv: 0.4758) | Train Acc: 0.9922 | Val Acc: 0.9722 | Val P/R/F1 (Macro): 0.9815/0.9815/0.9798 | LR: 0.000005
Epoch [32/100] | Loss: 1.5144 (Cls: 1.4409, TAL: 0.0000, Adv: 0.4904) | Train Acc: 0.9844 | Val Acc: 1.0000 | Val P/R/F1 (Macro): 1.0000/1.0000/1.0000 | LR: 0.000005
Epoch [33/100] | Loss: 1.4644 (Cls: 1.3986, TAL: 0.0000, Adv: 0.4388) | Train Acc: 0.9844 | Val Acc: 1.0000 | Val P/R/F1 (Macro): 1.0000/1.0000/1.0000 | LR: 0.000005
Epoch [34/100] | Loss: 1.4045 (Cls: 1.3388, TAL: 0.0000, Adv: 0.4384) | Train Acc: 0.9922 | Val Acc: 1.0000 | Val P/R/F1 (Macro): 1.0000/1.0000/1.0000 | LR: 0.000005
Epoch [35/100] | Loss: 1.4083 (Cls: 1.3508, TAL: 0.0000, Adv: 0.3836) | Train Acc: 0.9922 | Val Acc: 1.0000 | Val P/R/F1 (Macro): 1.0000/1.0000/1.0000 | LR: 0.000005
Epoch [36/100] | Loss: 1.3755 (Cls: 1.3175, TAL: 0.0000, Adv: 0.3868) | Train Acc: 0.9922 | Val Acc: 1.0000 | Val P/R/F1 (Macro): 1.0000/1.0000/1.0000 | LR: 0.000005
Epoch [37/100] | Loss: 1.3607 (Cls: 1.3129, TAL: 0.0000, Adv: 0.3188) | Train Acc: 0.9922 | Val Acc: 1.0000 | Val P/R/F1 (Macro): 1.0000/1.0000/1.0000 | LR: 0.000005
Epoch [38/100] | Loss: 1.3577 (Cls: 1.3163, TAL: 0.0000, Adv: 0.2760) | Train Acc: 0.9922 | Val Acc: 1.0000 | Val P/R/F1 (Macro): 1.0000/1.0000/1.0000 | LR: 0.000005
Epoch [39/100] | Loss: 1.3597 (Cls: 1.3088, TAL: 0.0000, Adv: 0.3390) | Train Acc: 0.9922 | Val Acc: 0.9722 | Val P/R/F1 (Macro): 0.9444/0.9722/0.9471 | LR: 0.000003
Epoch [40/100] | Loss: 1.3397 (Cls: 1.2916, TAL: 0.0000, Adv: 0.3208) | Train Acc: 0.9922 | Val Acc: 1.0000 | Val P/R/F1 (Macro): 1.0000/1.0000/1.0000 | LR: 0.000003
Epoch [41/100] | Loss: 1.3063 (Cls: 1.2599, TAL: 0.0000, Adv: 0.3090) | Train Acc: 0.9922 | Val Acc: 1.0000 | Val P/R/F1 (Macro): 1.0000/1.0000/1.0000 | LR: 0.000003
Epoch [42/100] | Loss: 1.3149 (Cls: 1.2640, TAL: 0.0000, Adv: 0.3393) | Train Acc: 0.9922 | Val Acc: 1.0000 | Val P/R/F1 (Macro): 1.0000/1.0000/1.0000 | LR: 0.000003
Epoch [43/100] | Loss: 1.3029 (Cls: 1.2567, TAL: 0.0000, Adv: 0.3082) | Train Acc: 1.0000 | Val Acc: 1.0000 | Val P/R/F1 (Macro): 1.0000/1.0000/1.0000 | LR: 0.000003
Epoch [44/100] | Loss: 1.3066 (Cls: 1.2629, TAL: 0.0000, Adv: 0.2914) | Train Acc: 1.0000 | Val Acc: 1.0000 | Val P/R/F1 (Macro): 1.0000/1.0000/1.0000 | LR: 0.000003
Epoch [45/100] | Loss: 1.3088 (Cls: 1.2765, TAL: 0.0000, Adv: 0.2154) | Train Acc: 1.0000 | Val Acc: 1.0000 | Val P/R/F1 (Macro): 1.0000/1.0000/1.0000 | LR: 0.000003
Epoch [46/100] | Loss: 1.3625 (Cls: 1.3173, TAL: 0.0000, Adv: 0.3014) | Train Acc: 0.9922 | Val Acc: 1.0000 | Val P/R/F1 (Macro): 1.0000/1.0000/1.0000 | LR: 0.000003
Epoch [47/100] | Loss: 1.2851 (Cls: 1.2519, TAL: 0.0000, Adv: 0.2210) | Train Acc: 1.0000 | Val Acc: 1.0000 | Val P/R/F1 (Macro): 1.0000/1.0000/1.0000 | LR: 0.000003
Epoch [48/100] | Loss: 1.3359 (Cls: 1.2977, TAL: 0.0000, Adv: 0.2549) | Train Acc: 1.0000 | Val Acc: 1.0000 | Val P/R/F1 (Macro): 1.0000/1.0000/1.0000 | LR: 0.000003
Epoch [49/100] | Loss: 1.2721 (Cls: 1.2471, TAL: 0.0000, Adv: 0.1672) | Train Acc: 1.0000 | Val Acc: 0.9722 | Val P/R/F1 (Macro): 0.9444/0.9722/0.9471 | LR: 0.000003
Epoch [50/100] | Loss: 1.2793 (Cls: 1.2499, TAL: 0.0000, Adv: 0.1962) | Train Acc: 1.0000 | Val Acc: 0.9722 | Val P/R/F1 (Macro): 0.9444/0.9722/0.9471 | LR: 0.000001
Epoch [51/100] | Loss: 1.3123 (Cls: 1.2883, TAL: 0.0000, Adv: 0.1596) | Train Acc: 1.0000 | Val Acc: 0.9722 | Val P/R/F1 (Macro): 0.9444/0.9722/0.9471 | LR: 0.000001
Epoch [52/100] | Loss: 1.3242 (Cls: 1.2993, TAL: 0.0000, Adv: 0.1660) | Train Acc: 0.9922 | Val Acc: 1.0000 | Val P/R/F1 (Macro): 1.0000/1.0000/1.0000 | LR: 0.000001
Epoch [53/100] | Loss: 1.2593 (Cls: 1.2398, TAL: 0.0000, Adv: 0.1304) | Train Acc: 1.0000 | Val Acc: 1.0000 | Val P/R/F1 (Macro): 1.0000/1.0000/1.0000 | LR: 0.000001
Epoch [54/100] | Loss: 1.3288 (Cls: 1.3015, TAL: 0.0000, Adv: 0.1818) | Train Acc: 0.9922 | Val Acc: 1.0000 | Val P/R/F1 (Macro): 1.0000/1.0000/1.0000 | LR: 0.000001
Epoch [55/100] | Loss: 1.3433 (Cls: 1.3131, TAL: 0.0000, Adv: 0.2013) | Train Acc: 0.9844 | Val Acc: 1.0000 | Val P/R/F1 (Macro): 1.0000/1.0000/1.0000 | LR: 0.000001
Epoch [56/100] | Loss: 1.2551 (Cls: 1.2324, TAL: 0.0000, Adv: 0.1512) | Train Acc: 1.0000 | Val Acc: 1.0000 | Val P/R/F1 (Macro): 1.0000/1.0000/1.0000 | LR: 0.000001
Epoch [57/100] | Loss: 1.3091 (Cls: 1.2900, TAL: 0.0000, Adv: 0.1277) | Train Acc: 1.0000 | Val Acc: 1.0000 | Val P/R/F1 (Macro): 1.0000/1.0000/1.0000 | LR: 0.000001
Epoch [58/100] | Loss: 1.2661 (Cls: 1.2421, TAL: 0.0000, Adv: 0.1596) | Train Acc: 1.0000 | Val Acc: 1.0000 | Val P/R/F1 (Macro): 1.0000/1.0000/1.0000 | LR: 0.000001
Epoch [59/100] | Loss: 1.2805 (Cls: 1.2512, TAL: 0.0000, Adv: 0.1955) | Train Acc: 0.9922 | Val Acc: 1.0000 | Val P/R/F1 (Macro): 1.0000/1.0000/1.0000 | LR: 0.000001
Epoch [60/100] | Loss: 1.2633 (Cls: 1.2400, TAL: 0.0000, Adv: 0.1550) | Train Acc: 1.0000 | Val Acc: 1.0000 | Val P/R/F1 (Macro): 1.0000/1.0000/1.0000 | LR: 0.000001
Epoch [61/100] | Loss: 1.2638 (Cls: 1.2460, TAL: 0.0000, Adv: 0.1186) | Train Acc: 0.9922 | Val Acc: 1.0000 | Val P/R/F1 (Macro): 1.0000/1.0000/1.0000 | LR: 0.000001
Epoch [62/100] | Loss: 1.2951 (Cls: 1.2600, TAL: 0.0000, Adv: 0.2343) | Train Acc: 1.0000 | Val Acc: 1.0000 | Val P/R/F1 (Macro): 1.0000/1.0000/1.0000 | LR: 0.000001
Epoch [63/100] | Loss: 1.2638 (Cls: 1.2475, TAL: 0.0000, Adv: 0.1087) | Train Acc: 1.0000 | Val Acc: 1.0000 | Val P/R/F1 (Macro): 1.0000/1.0000/1.0000 | LR: 0.000001
Epoch [64/100] | Loss: 1.2866 (Cls: 1.2637, TAL: 0.0000, Adv: 0.1524) | Train Acc: 1.0000 | Val Acc: 1.0000 | Val P/R/F1 (Macro): 1.0000/1.0000/1.0000 | LR: 0.000001
Epoch [65/100] | Loss: 1.2996 (Cls: 1.2754, TAL: 0.0000, Adv: 0.1612) | Train Acc: 1.0000 | Val Acc: 1.0000 | Val P/R/F1 (Macro): 1.0000/1.0000/1.0000 | LR: 0.000001
Epoch [66/100] | Loss: 1.3030 (Cls: 1.2837, TAL: 0.0000, Adv: 0.1286) | Train Acc: 1.0000 | Val Acc: 1.0000 | Val P/R/F1 (Macro): 1.0000/1.0000/1.0000 | LR: 0.000001
Epoch [67/100] | Loss: 1.2774 (Cls: 1.2527, TAL: 0.0000, Adv: 0.1646) | Train Acc: 1.0000 | Val Acc: 1.0000 | Val P/R/F1 (Macro): 1.0000/1.0000/1.0000 | LR: 0.000001
Epoch [68/100] | Loss: 1.3004 (Cls: 1.2799, TAL: 0.0000, Adv: 0.1364) | Train Acc: 0.9922 | Val Acc: 1.0000 | Val P/R/F1 (Macro): 1.0000/1.0000/1.0000 | LR: 0.000001
Epoch [69/100] | Loss: 1.2880 (Cls: 1.2640, TAL: 0.0000, Adv: 0.1604) | Train Acc: 1.0000 | Val Acc: 1.0000 | Val P/R/F1 (Macro): 1.0000/1.0000/1.0000 | LR: 0.000001
Epoch [70/100] | Loss: 1.2872 (Cls: 1.2648, TAL: 0.0000, Adv: 0.1495) | Train Acc: 0.9922 | Val Acc: 1.0000 | Val P/R/F1 (Macro): 1.0000/1.0000/1.0000 | LR: 0.000001
Epoch [71/100] | Loss: 1.2507 (Cls: 1.2331, TAL: 0.0000, Adv: 0.1172) | Train Acc: 1.0000 | Val Acc: 1.0000 | Val P/R/F1 (Macro): 1.0000/1.0000/1.0000 | LR: 0.000001
Epoch [72/100] | Loss: 1.2705 (Cls: 1.2523, TAL: 0.0000, Adv: 0.1216) | Train Acc: 1.0000 | Val Acc: 1.0000 | Val P/R/F1 (Macro): 1.0000/1.0000/1.0000 | LR: 0.000001
Epoch [73/100] | Loss: 1.3151 (Cls: 1.2931, TAL: 0.0000, Adv: 0.1463) | Train Acc: 0.9922 | Val Acc: 1.0000 | Val P/R/F1 (Macro): 1.0000/1.0000/1.0000 | LR: 0.000001
Epoch [74/100] | Loss: 1.2944 (Cls: 1.2800, TAL: 0.0000, Adv: 0.0958) | Train Acc: 1.0000 | Val Acc: 1.0000 | Val P/R/F1 (Macro): 1.0000/1.0000/1.0000 | LR: 0.000001
Epoch [75/100] | Loss: 1.2369 (Cls: 1.2197, TAL: 0.0000, Adv: 0.1148) | Train Acc: 1.0000 | Val Acc: 1.0000 | Val P/R/F1 (Macro): 1.0000/1.0000/1.0000 | LR: 0.000001
Epoch [76/100] | Loss: 1.2577 (Cls: 1.2424, TAL: 0.0000, Adv: 0.1015) | Train Acc: 1.0000 | Val Acc: 1.0000 | Val P/R/F1 (Macro): 1.0000/1.0000/1.0000 | LR: 0.000001
Epoch [77/100] | Loss: 1.2651 (Cls: 1.2536, TAL: 0.0000, Adv: 0.0761) | Train Acc: 0.9844 | Val Acc: 1.0000 | Val P/R/F1 (Macro): 1.0000/1.0000/1.0000 | LR: 0.000001
Epoch [78/100] | Loss: 1.2852 (Cls: 1.2694, TAL: 0.0000, Adv: 0.1059) | Train Acc: 0.9922 | Val Acc: 1.0000 | Val P/R/F1 (Macro): 1.0000/1.0000/1.0000 | LR: 0.000001
Epoch [79/100] | Loss: 1.2449 (Cls: 1.2322, TAL: 0.0000, Adv: 0.0849) | Train Acc: 0.9922 | Val Acc: 1.0000 | Val P/R/F1 (Macro): 1.0000/1.0000/1.0000 | LR: 0.000001
Epoch [80/100] | Loss: 1.2879 (Cls: 1.2765, TAL: 0.0000, Adv: 0.0760) | Train Acc: 0.9922 | Val Acc: 1.0000 | Val P/R/F1 (Macro): 1.0000/1.0000/1.0000 | LR: 0.000001
Epoch [81/100] | Loss: 1.2534 (Cls: 1.2423, TAL: 0.0000, Adv: 0.0744) | Train Acc: 1.0000 | Val Acc: 1.0000 | Val P/R/F1 (Macro): 1.0000/1.0000/1.0000 | LR: 0.000001
Epoch [82/100] | Loss: 1.2565 (Cls: 1.2493, TAL: 0.0000, Adv: 0.0477) | Train Acc: 1.0000 | Val Acc: 1.0000 | Val P/R/F1 (Macro): 1.0000/1.0000/1.0000 | LR: 0.000001
Epoch [83/100] | Loss: 1.2554 (Cls: 1.2376, TAL: 0.0000, Adv: 0.1191) | Train Acc: 1.0000 | Val Acc: 1.0000 | Val P/R/F1 (Macro): 1.0000/1.0000/1.0000 | LR: 0.000001
Epoch [84/100] | Loss: 1.2671 (Cls: 1.2551, TAL: 0.0000, Adv: 0.0802) | Train Acc: 1.0000 | Val Acc: 1.0000 | Val P/R/F1 (Macro): 1.0000/1.0000/1.0000 | LR: 0.000001
Epoch [85/100] | Loss: 1.2264 (Cls: 1.2191, TAL: 0.0000, Adv: 0.0482) | Train Acc: 1.0000 | Val Acc: 1.0000 | Val P/R/F1 (Macro): 1.0000/1.0000/1.0000 | LR: 0.000001
Epoch [86/100] | Loss: 1.2532 (Cls: 1.2387, TAL: 0.0000, Adv: 0.0964) | Train Acc: 1.0000 | Val Acc: 1.0000 | Val P/R/F1 (Macro): 1.0000/1.0000/1.0000 | LR: 0.000001
Epoch [87/100] | Loss: 1.2454 (Cls: 1.2362, TAL: 0.0000, Adv: 0.0616) | Train Acc: 0.9922 | Val Acc: 1.0000 | Val P/R/F1 (Macro): 1.0000/1.0000/1.0000 | LR: 0.000001
Epoch [88/100] | Loss: 1.2580 (Cls: 1.2484, TAL: 0.0000, Adv: 0.0638) | Train Acc: 1.0000 | Val Acc: 1.0000 | Val P/R/F1 (Macro): 1.0000/1.0000/1.0000 | LR: 0.000001
Epoch [89/100] | Loss: 1.2384 (Cls: 1.2302, TAL: 0.0000, Adv: 0.0552) | Train Acc: 0.9922 | Val Acc: 1.0000 | Val P/R/F1 (Macro): 1.0000/1.0000/1.0000 | LR: 0.000001
Epoch [90/100] | Loss: 1.2389 (Cls: 1.2283, TAL: 0.0000, Adv: 0.0709) | Train Acc: 1.0000 | Val Acc: 1.0000 | Val P/R/F1 (Macro): 1.0000/1.0000/1.0000 | LR: 0.000001
Epoch [91/100] | Loss: 1.2381 (Cls: 1.2237, TAL: 0.0000, Adv: 0.0960) | Train Acc: 1.0000 | Val Acc: 1.0000 | Val P/R/F1 (Macro): 1.0000/1.0000/1.0000 | LR: 0.000001
Epoch [92/100] | Loss: 1.2569 (Cls: 1.2483, TAL: 0.0000, Adv: 0.0577) | Train Acc: 0.9922 | Val Acc: 1.0000 | Val P/R/F1 (Macro): 1.0000/1.0000/1.0000 | LR: 0.000001
Epoch [93/100] | Loss: 1.2862 (Cls: 1.2714, TAL: 0.0000, Adv: 0.0988) | Train Acc: 1.0000 | Val Acc: 1.0000 | Val P/R/F1 (Macro): 1.0000/1.0000/1.0000 | LR: 0.000001
Epoch [94/100] | Loss: 1.2606 (Cls: 1.2470, TAL: 0.0000, Adv: 0.0907) | Train Acc: 1.0000 | Val Acc: 1.0000 | Val P/R/F1 (Macro): 1.0000/1.0000/1.0000 | LR: 0.000001
Epoch [95/100] | Loss: 1.2480 (Cls: 1.2395, TAL: 0.0000, Adv: 0.0573) | Train Acc: 1.0000 | Val Acc: 1.0000 | Val P/R/F1 (Macro): 1.0000/1.0000/1.0000 | LR: 0.000001
Epoch [96/100] | Loss: 1.2499 (Cls: 1.2352, TAL: 0.0000, Adv: 0.0978) | Train Acc: 1.0000 | Val Acc: 1.0000 | Val P/R/F1 (Macro): 1.0000/1.0000/1.0000 | LR: 0.000001
Epoch [97/100] | Loss: 1.2466 (Cls: 1.2367, TAL: 0.0000, Adv: 0.0657) | Train Acc: 1.0000 | Val Acc: 1.0000 | Val P/R/F1 (Macro): 1.0000/1.0000/1.0000 | LR: 0.000001
Epoch [98/100] | Loss: 1.2613 (Cls: 1.2467, TAL: 0.0000, Adv: 0.0975) | Train Acc: 1.0000 | Val Acc: 1.0000 | Val P/R/F1 (Macro): 1.0000/1.0000/1.0000 | LR: 0.000001
Epoch [99/100] | Loss: 1.2296 (Cls: 1.2189, TAL: 0.0000, Adv: 0.0713) | Train Acc: 1.0000 | Val Acc: 1.0000 | Val P/R/F1 (Macro): 1.0000/1.0000/1.0000 | LR: 0.000001
Epoch [100/100] | Loss: 1.2622 (Cls: 1.2459, TAL: 0.0000, Adv: 0.1085) | Train Acc: 1.0000 | Val Acc: 1.0000 | Val P/R/F1 (Macro): 1.0000/1.0000/1.0000 | LR: 0.000001

迭代 2 最佳指标:
  Accuracy: 1.0000
  Precision (Macro): 1.0000
  Recall (Macro): 1.0000
  F1 (Macro): 1.0000
  Precision (Micro): 1.0000
  Recall (Micro): 1.0000
  F1 (Micro): 1.0000
  Val class coverage: 9/14 (0.6429), samples=36

================================================================================
迭代 3/5
随机种子: 44
================================================================================
Feature fusion: Channel concatenation (512+512); fused_dim=1024
Domain adaptation: standard source-target adversarial training, no generator
Loss weights: tensor=0.00, adv=0.15
Epoch [1/100] | Loss: 5.2480 (Cls: 5.1145, TAL: 0.0000, Adv: 0.8900) | Train Acc: 0.2578 | Val Acc: 0.3056 | Val P/R/F1 (Macro): 0.2288/0.3574/0.2436 | LR: 0.000010
  >>> New Best Val Acc: 0.3056
Epoch [2/100] | Loss: 3.6495 (Cls: 3.5080, TAL: 0.0000, Adv: 0.9432) | Train Acc: 0.5000 | Val Acc: 0.3889 | Val P/R/F1 (Macro): 0.2527/0.4370/0.2943 | LR: 0.000010
  >>> New Best Val Acc: 0.3889
Epoch [3/100] | Loss: 3.4462 (Cls: 3.3214, TAL: 0.0000, Adv: 0.8323) | Train Acc: 0.6172 | Val Acc: 0.3611 | Val P/R/F1 (Macro): 0.5111/0.3843/0.3519 | LR: 0.000010
Epoch [4/100] | Loss: 2.8348 (Cls: 2.7184, TAL: 0.0000, Adv: 0.7759) | Train Acc: 0.6797 | Val Acc: 0.6389 | Val P/R/F1 (Macro): 0.6472/0.6204/0.5699 | LR: 0.000010
  >>> New Best Val Acc: 0.6389
Epoch [5/100] | Loss: 2.6123 (Cls: 2.5019, TAL: 0.0000, Adv: 0.7358) | Train Acc: 0.7656 | Val Acc: 0.8889 | Val P/R/F1 (Macro): 0.9130/0.9194/0.8945 | LR: 0.000010
  >>> New Best Val Acc: 0.8889
Epoch [6/100] | Loss: 2.3108 (Cls: 2.1999, TAL: 0.0000, Adv: 0.7392) | Train Acc: 0.7656 | Val Acc: 0.7778 | Val P/R/F1 (Macro): 0.7611/0.8222/0.7291 | LR: 0.000010
Epoch [7/100] | Loss: 2.2530 (Cls: 2.1450, TAL: 0.0000, Adv: 0.7200) | Train Acc: 0.8750 | Val Acc: 0.9444 | Val P/R/F1 (Macro): 0.9167/0.9583/0.9278 | LR: 0.000010
  >>> New Best Val Acc: 0.9444
Epoch [8/100] | Loss: 2.1970 (Cls: 2.0868, TAL: 0.0000, Adv: 0.7347) | Train Acc: 0.8438 | Val Acc: 0.9444 | Val P/R/F1 (Macro): 0.9500/0.9639/0.9520 | LR: 0.000010
Epoch [9/100] | Loss: 2.0941 (Cls: 1.9891, TAL: 0.0000, Adv: 0.6996) | Train Acc: 0.8750 | Val Acc: 0.8611 | Val P/R/F1 (Macro): 0.9206/0.8917/0.8761 | LR: 0.000010
Epoch [10/100] | Loss: 2.0543 (Cls: 1.9478, TAL: 0.0000, Adv: 0.7103) | Train Acc: 0.8750 | Val Acc: 0.8333 | Val P/R/F1 (Macro): 0.8532/0.8639/0.8198 | LR: 0.000010
Epoch [11/100] | Loss: 1.9623 (Cls: 1.8567, TAL: 0.0000, Adv: 0.7037) | Train Acc: 0.8672 | Val Acc: 0.8333 | Val P/R/F1 (Macro): 0.9000/0.8824/0.8579 | LR: 0.000010
Epoch [12/100] | Loss: 1.7803 (Cls: 1.6779, TAL: 0.0000, Adv: 0.6829) | Train Acc: 0.9531 | Val Acc: 0.9167 | Val P/R/F1 (Macro): 0.8889/0.9361/0.8996 | LR: 0.000010
Epoch [13/100] | Loss: 1.7528 (Cls: 1.6515, TAL: 0.0000, Adv: 0.6754) | Train Acc: 0.9609 | Val Acc: 0.8611 | Val P/R/F1 (Macro): 0.8611/0.9083/0.8517 | LR: 0.000010
Epoch [14/100] | Loss: 1.6987 (Cls: 1.5950, TAL: 0.0000, Adv: 0.6910) | Train Acc: 0.9297 | Val Acc: 0.9444 | Val P/R/F1 (Macro): 0.9500/0.9639/0.9520 | LR: 0.000010
Epoch [15/100] | Loss: 1.6295 (Cls: 1.5263, TAL: 0.0000, Adv: 0.6879) | Train Acc: 0.9375 | Val Acc: 0.9444 | Val P/R/F1 (Macro): 0.9286/0.9583/0.9311 | LR: 0.000010
Epoch [16/100] | Loss: 1.6931 (Cls: 1.5980, TAL: 0.0000, Adv: 0.6338) | Train Acc: 0.9297 | Val Acc: 0.9444 | Val P/R/F1 (Macro): 0.9556/0.9500/0.9440 | LR: 0.000010
Epoch [17/100] | Loss: 1.6229 (Cls: 1.5335, TAL: 0.0000, Adv: 0.5959) | Train Acc: 0.9688 | Val Acc: 0.9722 | Val P/R/F1 (Macro): 0.9778/0.9861/0.9802 | LR: 0.000010
  >>> New Best Val Acc: 0.9722
Epoch [18/100] | Loss: 1.6900 (Cls: 1.5939, TAL: 0.0000, Adv: 0.6405) | Train Acc: 0.9375 | Val Acc: 0.9444 | Val P/R/F1 (Macro): 0.9563/0.9639/0.9558 | LR: 0.000010
Epoch [19/100] | Loss: 1.6398 (Cls: 1.5483, TAL: 0.0000, Adv: 0.6101) | Train Acc: 0.9766 | Val Acc: 0.8889 | Val P/R/F1 (Macro): 0.8841/0.9139/0.8756 | LR: 0.000010
Epoch [20/100] | Loss: 1.6950 (Cls: 1.6045, TAL: 0.0000, Adv: 0.6036) | Train Acc: 0.9375 | Val Acc: 0.9167 | Val P/R/F1 (Macro): 0.9333/0.9361/0.9243 | LR: 0.000010
Epoch [21/100] | Loss: 1.5573 (Cls: 1.4620, TAL: 0.0000, Adv: 0.6353) | Train Acc: 0.9844 | Val Acc: 0.9722 | Val P/R/F1 (Macro): 0.9444/0.9722/0.9471 | LR: 0.000010
Epoch [22/100] | Loss: 1.5781 (Cls: 1.4877, TAL: 0.0000, Adv: 0.6026) | Train Acc: 0.9688 | Val Acc: 0.9167 | Val P/R/F1 (Macro): 0.9008/0.9361/0.9029 | LR: 0.000010
Epoch [23/100] | Loss: 1.6477 (Cls: 1.5591, TAL: 0.0000, Adv: 0.5905) | Train Acc: 0.9453 | Val Acc: 0.9722 | Val P/R/F1 (Macro): 0.9444/0.9722/0.9471 | LR: 0.000010
Epoch [24/100] | Loss: 1.6197 (Cls: 1.5288, TAL: 0.0000, Adv: 0.6060) | Train Acc: 0.9609 | Val Acc: 1.0000 | Val P/R/F1 (Macro): 1.0000/1.0000/1.0000 | LR: 0.000010
  >>> New Best Val Acc: 1.0000
Epoch [25/100] | Loss: 1.5432 (Cls: 1.4629, TAL: 0.0000, Adv: 0.5350) | Train Acc: 0.9609 | Val Acc: 0.9444 | Val P/R/F1 (Macro): 0.9259/0.9583/0.9212 | LR: 0.000010
Epoch [26/100] | Loss: 1.4557 (Cls: 1.3750, TAL: 0.0000, Adv: 0.5378) | Train Acc: 0.9844 | Val Acc: 1.0000 | Val P/R/F1 (Macro): 1.0000/1.0000/1.0000 | LR: 0.000010
Epoch [27/100] | Loss: 1.5806 (Cls: 1.5002, TAL: 0.0000, Adv: 0.5362) | Train Acc: 0.9688 | Val Acc: 0.9722 | Val P/R/F1 (Macro): 0.9444/0.9722/0.9471 | LR: 0.000010
Epoch [28/100] | Loss: 1.5543 (Cls: 1.4733, TAL: 0.0000, Adv: 0.5396) | Train Acc: 0.9688 | Val Acc: 0.8056 | Val P/R/F1 (Macro): 0.8968/0.8167/0.8112 | LR: 0.000010
Epoch [29/100] | Loss: 1.6249 (Cls: 1.5518, TAL: 0.0000, Adv: 0.4871) | Train Acc: 0.9453 | Val Acc: 0.9722 | Val P/R/F1 (Macro): 0.9841/0.9861/0.9840 | LR: 0.000010
Epoch [30/100] | Loss: 1.6111 (Cls: 1.5339, TAL: 0.0000, Adv: 0.5146) | Train Acc: 0.9609 | Val Acc: 0.9444 | Val P/R/F1 (Macro): 0.9286/0.9583/0.9311 | LR: 0.000010
Epoch [31/100] | Loss: 1.6034 (Cls: 1.5364, TAL: 0.0000, Adv: 0.4464) | Train Acc: 0.9297 | Val Acc: 1.0000 | Val P/R/F1 (Macro): 1.0000/1.0000/1.0000 | LR: 0.000010
Epoch [32/100] | Loss: 1.4206 (Cls: 1.3483, TAL: 0.0000, Adv: 0.4825) | Train Acc: 0.9922 | Val Acc: 1.0000 | Val P/R/F1 (Macro): 1.0000/1.0000/1.0000 | LR: 0.000010
Epoch [33/100] | Loss: 1.4708 (Cls: 1.4043, TAL: 0.0000, Adv: 0.4433) | Train Acc: 1.0000 | Val Acc: 1.0000 | Val P/R/F1 (Macro): 1.0000/1.0000/1.0000 | LR: 0.000010
Epoch [34/100] | Loss: 1.4904 (Cls: 1.4217, TAL: 0.0000, Adv: 0.4582) | Train Acc: 0.9688 | Val Acc: 1.0000 | Val P/R/F1 (Macro): 1.0000/1.0000/1.0000 | LR: 0.000010
Epoch [35/100] | Loss: 1.4560 (Cls: 1.3953, TAL: 0.0000, Adv: 0.4047) | Train Acc: 0.9922 | Val Acc: 0.9722 | Val P/R/F1 (Macro): 0.9444/0.9722/0.9471 | LR: 0.000005
Epoch [36/100] | Loss: 1.4258 (Cls: 1.3591, TAL: 0.0000, Adv: 0.4446) | Train Acc: 0.9844 | Val Acc: 0.9722 | Val P/R/F1 (Macro): 0.9444/0.9722/0.9471 | LR: 0.000005
Epoch [37/100] | Loss: 1.4247 (Cls: 1.3614, TAL: 0.0000, Adv: 0.4213) | Train Acc: 1.0000 | Val Acc: 1.0000 | Val P/R/F1 (Macro): 1.0000/1.0000/1.0000 | LR: 0.000005
Epoch [38/100] | Loss: 1.3690 (Cls: 1.3164, TAL: 0.0000, Adv: 0.3503) | Train Acc: 0.9844 | Val Acc: 1.0000 | Val P/R/F1 (Macro): 1.0000/1.0000/1.0000 | LR: 0.000005
Epoch [39/100] | Loss: 1.3582 (Cls: 1.3062, TAL: 0.0000, Adv: 0.3468) | Train Acc: 0.9922 | Val Acc: 1.0000 | Val P/R/F1 (Macro): 1.0000/1.0000/1.0000 | LR: 0.000005
Epoch [40/100] | Loss: 1.3336 (Cls: 1.2835, TAL: 0.0000, Adv: 0.3342) | Train Acc: 0.9844 | Val Acc: 1.0000 | Val P/R/F1 (Macro): 1.0000/1.0000/1.0000 | LR: 0.000005
Epoch [41/100] | Loss: 1.3823 (Cls: 1.3323, TAL: 0.0000, Adv: 0.3334) | Train Acc: 0.9922 | Val Acc: 1.0000 | Val P/R/F1 (Macro): 1.0000/1.0000/1.0000 | LR: 0.000005
Epoch [42/100] | Loss: 1.3295 (Cls: 1.2873, TAL: 0.0000, Adv: 0.2813) | Train Acc: 1.0000 | Val Acc: 1.0000 | Val P/R/F1 (Macro): 1.0000/1.0000/1.0000 | LR: 0.000005
Epoch [43/100] | Loss: 1.3045 (Cls: 1.2672, TAL: 0.0000, Adv: 0.2493) | Train Acc: 1.0000 | Val Acc: 1.0000 | Val P/R/F1 (Macro): 1.0000/1.0000/1.0000 | LR: 0.000005
Epoch [44/100] | Loss: 1.3765 (Cls: 1.3304, TAL: 0.0000, Adv: 0.3070) | Train Acc: 0.9688 | Val Acc: 1.0000 | Val P/R/F1 (Macro): 1.0000/1.0000/1.0000 | LR: 0.000005
Epoch [45/100] | Loss: 1.3778 (Cls: 1.3362, TAL: 0.0000, Adv: 0.2774) | Train Acc: 0.9922 | Val Acc: 1.0000 | Val P/R/F1 (Macro): 1.0000/1.0000/1.0000 | LR: 0.000005
Epoch [46/100] | Loss: 1.3433 (Cls: 1.3119, TAL: 0.0000, Adv: 0.2095) | Train Acc: 0.9922 | Val Acc: 0.9722 | Val P/R/F1 (Macro): 0.9444/0.9722/0.9471 | LR: 0.000003
Epoch [47/100] | Loss: 1.3516 (Cls: 1.3107, TAL: 0.0000, Adv: 0.2726) | Train Acc: 0.9922 | Val Acc: 1.0000 | Val P/R/F1 (Macro): 1.0000/1.0000/1.0000 | LR: 0.000003
Epoch [48/100] | Loss: 1.2874 (Cls: 1.2567, TAL: 0.0000, Adv: 0.2052) | Train Acc: 1.0000 | Val Acc: 1.0000 | Val P/R/F1 (Macro): 1.0000/1.0000/1.0000 | LR: 0.000003
Epoch [49/100] | Loss: 1.3324 (Cls: 1.2920, TAL: 0.0000, Adv: 0.2698) | Train Acc: 0.9922 | Val Acc: 1.0000 | Val P/R/F1 (Macro): 1.0000/1.0000/1.0000 | LR: 0.000003
Epoch [50/100] | Loss: 1.4187 (Cls: 1.3682, TAL: 0.0000, Adv: 0.3362) | Train Acc: 1.0000 | Val Acc: 1.0000 | Val P/R/F1 (Macro): 1.0000/1.0000/1.0000 | LR: 0.000003
Epoch [51/100] | Loss: 1.3028 (Cls: 1.2672, TAL: 0.0000, Adv: 0.2375) | Train Acc: 0.9922 | Val Acc: 1.0000 | Val P/R/F1 (Macro): 1.0000/1.0000/1.0000 | LR: 0.000003
Epoch [52/100] | Loss: 1.2696 (Cls: 1.2353, TAL: 0.0000, Adv: 0.2293) | Train Acc: 1.0000 | Val Acc: 1.0000 | Val P/R/F1 (Macro): 1.0000/1.0000/1.0000 | LR: 0.000003
Epoch [53/100] | Loss: 1.2927 (Cls: 1.2569, TAL: 0.0000, Adv: 0.2389) | Train Acc: 1.0000 | Val Acc: 1.0000 | Val P/R/F1 (Macro): 1.0000/1.0000/1.0000 | LR: 0.000003
Epoch [54/100] | Loss: 1.2718 (Cls: 1.2327, TAL: 0.0000, Adv: 0.2603) | Train Acc: 1.0000 | Val Acc: 1.0000 | Val P/R/F1 (Macro): 1.0000/1.0000/1.0000 | LR: 0.000003
Epoch [55/100] | Loss: 1.3355 (Cls: 1.2903, TAL: 0.0000, Adv: 0.3012) | Train Acc: 0.9922 | Val Acc: 1.0000 | Val P/R/F1 (Macro): 1.0000/1.0000/1.0000 | LR: 0.000003
Epoch [56/100] | Loss: 1.2818 (Cls: 1.2559, TAL: 0.0000, Adv: 0.1728) | Train Acc: 0.9922 | Val Acc: 0.9722 | Val P/R/F1 (Macro): 0.9722/0.9778/0.9718 | LR: 0.000003
Epoch [57/100] | Loss: 1.2757 (Cls: 1.2508, TAL: 0.0000, Adv: 0.1656) | Train Acc: 1.0000 | Val Acc: 1.0000 | Val P/R/F1 (Macro): 1.0000/1.0000/1.0000 | LR: 0.000001
Epoch [58/100] | Loss: 1.3687 (Cls: 1.3374, TAL: 0.0000, Adv: 0.2086) | Train Acc: 0.9844 | Val Acc: 1.0000 | Val P/R/F1 (Macro): 1.0000/1.0000/1.0000 | LR: 0.000001
Epoch [59/100] | Loss: 1.2650 (Cls: 1.2417, TAL: 0.0000, Adv: 0.1553) | Train Acc: 1.0000 | Val Acc: 1.0000 | Val P/R/F1 (Macro): 1.0000/1.0000/1.0000 | LR: 0.000001
Epoch [60/100] | Loss: 1.2692 (Cls: 1.2458, TAL: 0.0000, Adv: 0.1559) | Train Acc: 0.9844 | Val Acc: 1.0000 | Val P/R/F1 (Macro): 1.0000/1.0000/1.0000 | LR: 0.000001
Epoch [61/100] | Loss: 1.2341 (Cls: 1.2157, TAL: 0.0000, Adv: 0.1229) | Train Acc: 1.0000 | Val Acc: 1.0000 | Val P/R/F1 (Macro): 1.0000/1.0000/1.0000 | LR: 0.000001
Epoch [62/100] | Loss: 1.2783 (Cls: 1.2610, TAL: 0.0000, Adv: 0.1151) | Train Acc: 0.9844 | Val Acc: 1.0000 | Val P/R/F1 (Macro): 1.0000/1.0000/1.0000 | LR: 0.000001
Epoch [63/100] | Loss: 1.2323 (Cls: 1.2172, TAL: 0.0000, Adv: 0.1004) | Train Acc: 1.0000 | Val Acc: 1.0000 | Val P/R/F1 (Macro): 1.0000/1.0000/1.0000 | LR: 0.000001
Epoch [64/100] | Loss: 1.2623 (Cls: 1.2402, TAL: 0.0000, Adv: 0.1471) | Train Acc: 1.0000 | Val Acc: 1.0000 | Val P/R/F1 (Macro): 1.0000/1.0000/1.0000 | LR: 0.000001
Epoch [65/100] | Loss: 1.2410 (Cls: 1.2257, TAL: 0.0000, Adv: 0.1023) | Train Acc: 1.0000 | Val Acc: 1.0000 | Val P/R/F1 (Macro): 1.0000/1.0000/1.0000 | LR: 0.000001
Epoch [66/100] | Loss: 1.2859 (Cls: 1.2672, TAL: 0.0000, Adv: 0.1251) | Train Acc: 1.0000 | Val Acc: 1.0000 | Val P/R/F1 (Macro): 1.0000/1.0000/1.0000 | LR: 0.000001
Epoch [67/100] | Loss: 1.3009 (Cls: 1.2727, TAL: 0.0000, Adv: 0.1876) | Train Acc: 1.0000 | Val Acc: 1.0000 | Val P/R/F1 (Macro): 1.0000/1.0000/1.0000 | LR: 0.000001
Epoch [68/100] | Loss: 1.2666 (Cls: 1.2447, TAL: 0.0000, Adv: 0.1459) | Train Acc: 1.0000 | Val Acc: 1.0000 | Val P/R/F1 (Macro): 1.0000/1.0000/1.0000 | LR: 0.000001
Epoch [69/100] | Loss: 1.2524 (Cls: 1.2332, TAL: 0.0000, Adv: 0.1278) | Train Acc: 1.0000 | Val Acc: 1.0000 | Val P/R/F1 (Macro): 1.0000/1.0000/1.0000 | LR: 0.000001
Epoch [70/100] | Loss: 1.2765 (Cls: 1.2640, TAL: 0.0000, Adv: 0.0830) | Train Acc: 0.9922 | Val Acc: 1.0000 | Val P/R/F1 (Macro): 1.0000/1.0000/1.0000 | LR: 0.000001
Epoch [71/100] | Loss: 1.2494 (Cls: 1.2352, TAL: 0.0000, Adv: 0.0951) | Train Acc: 1.0000 | Val Acc: 1.0000 | Val P/R/F1 (Macro): 1.0000/1.0000/1.0000 | LR: 0.000001
Epoch [72/100] | Loss: 1.2528 (Cls: 1.2254, TAL: 0.0000, Adv: 0.1829) | Train Acc: 0.9922 | Val Acc: 1.0000 | Val P/R/F1 (Macro): 1.0000/1.0000/1.0000 | LR: 0.000001
Epoch [73/100] | Loss: 1.2546 (Cls: 1.2315, TAL: 0.0000, Adv: 0.1544) | Train Acc: 1.0000 | Val Acc: 1.0000 | Val P/R/F1 (Macro): 1.0000/1.0000/1.0000 | LR: 0.000001
Epoch [74/100] | Loss: 1.2422 (Cls: 1.2281, TAL: 0.0000, Adv: 0.0934) | Train Acc: 0.9922 | Val Acc: 1.0000 | Val P/R/F1 (Macro): 1.0000/1.0000/1.0000 | LR: 0.000001
Epoch [75/100] | Loss: 1.2686 (Cls: 1.2407, TAL: 0.0000, Adv: 0.1862) | Train Acc: 1.0000 | Val Acc: 1.0000 | Val P/R/F1 (Macro): 1.0000/1.0000/1.0000 | LR: 0.000001
Epoch [76/100] | Loss: 1.2650 (Cls: 1.2433, TAL: 0.0000, Adv: 0.1452) | Train Acc: 1.0000 | Val Acc: 1.0000 | Val P/R/F1 (Macro): 1.0000/1.0000/1.0000 | LR: 0.000001
Epoch [77/100] | Loss: 1.2415 (Cls: 1.2211, TAL: 0.0000, Adv: 0.1358) | Train Acc: 1.0000 | Val Acc: 1.0000 | Val P/R/F1 (Macro): 1.0000/1.0000/1.0000 | LR: 0.000001
Epoch [78/100] | Loss: 1.2513 (Cls: 1.2313, TAL: 0.0000, Adv: 0.1336) | Train Acc: 0.9922 | Val Acc: 1.0000 | Val P/R/F1 (Macro): 1.0000/1.0000/1.0000 | LR: 0.000001
Epoch [79/100] | Loss: 1.2586 (Cls: 1.2416, TAL: 0.0000, Adv: 0.1133) | Train Acc: 1.0000 | Val Acc: 1.0000 | Val P/R/F1 (Macro): 1.0000/1.0000/1.0000 | LR: 0.000001
Epoch [80/100] | Loss: 1.2597 (Cls: 1.2373, TAL: 0.0000, Adv: 0.1493) | Train Acc: 1.0000 | Val Acc: 1.0000 | Val P/R/F1 (Macro): 1.0000/1.0000/1.0000 | LR: 0.000001
Epoch [81/100] | Loss: 1.2860 (Cls: 1.2653, TAL: 0.0000, Adv: 0.1383) | Train Acc: 0.9844 | Val Acc: 1.0000 | Val P/R/F1 (Macro): 1.0000/1.0000/1.0000 | LR: 0.000001
Epoch [82/100] | Loss: 1.2843 (Cls: 1.2560, TAL: 0.0000, Adv: 0.1889) | Train Acc: 1.0000 | Val Acc: 1.0000 | Val P/R/F1 (Macro): 1.0000/1.0000/1.0000 | LR: 0.000001
Epoch [83/100] | Loss: 1.2604 (Cls: 1.2271, TAL: 0.0000, Adv: 0.2218) | Train Acc: 1.0000 | Val Acc: 1.0000 | Val P/R/F1 (Macro): 1.0000/1.0000/1.0000 | LR: 0.000001
Epoch [84/100] | Loss: 1.2389 (Cls: 1.2275, TAL: 0.0000, Adv: 0.0759) | Train Acc: 1.0000 | Val Acc: 1.0000 | Val P/R/F1 (Macro): 1.0000/1.0000/1.0000 | LR: 0.000001
Epoch [85/100] | Loss: 1.2504 (Cls: 1.2313, TAL: 0.0000, Adv: 0.1277) | Train Acc: 1.0000 | Val Acc: 1.0000 | Val P/R/F1 (Macro): 1.0000/1.0000/1.0000 | LR: 0.000001
Epoch [86/100] | Loss: 1.2629 (Cls: 1.2555, TAL: 0.0000, Adv: 0.0495) | Train Acc: 1.0000 | Val Acc: 1.0000 | Val P/R/F1 (Macro): 1.0000/1.0000/1.0000 | LR: 0.000001
Epoch [87/100] | Loss: 1.2527 (Cls: 1.2403, TAL: 0.0000, Adv: 0.0830) | Train Acc: 1.0000 | Val Acc: 1.0000 | Val P/R/F1 (Macro): 1.0000/1.0000/1.0000 | LR: 0.000001
Epoch [88/100] | Loss: 1.2467 (Cls: 1.2275, TAL: 0.0000, Adv: 0.1283) | Train Acc: 1.0000 | Val Acc: 1.0000 | Val P/R/F1 (Macro): 1.0000/1.0000/1.0000 | LR: 0.000001
Epoch [89/100] | Loss: 1.2343 (Cls: 1.2167, TAL: 0.0000, Adv: 0.1173) | Train Acc: 1.0000 | Val Acc: 1.0000 | Val P/R/F1 (Macro): 1.0000/1.0000/1.0000 | LR: 0.000001
Epoch [90/100] | Loss: 1.2615 (Cls: 1.2448, TAL: 0.0000, Adv: 0.1110) | Train Acc: 1.0000 | Val Acc: 1.0000 | Val P/R/F1 (Macro): 1.0000/1.0000/1.0000 | LR: 0.000001
Epoch [91/100] | Loss: 1.2328 (Cls: 1.2246, TAL: 0.0000, Adv: 0.0547) | Train Acc: 1.0000 | Val Acc: 1.0000 | Val P/R/F1 (Macro): 1.0000/1.0000/1.0000 | LR: 0.000001
Epoch [92/100] | Loss: 1.2468 (Cls: 1.2314, TAL: 0.0000, Adv: 0.1026) | Train Acc: 1.0000 | Val Acc: 1.0000 | Val P/R/F1 (Macro): 1.0000/1.0000/1.0000 | LR: 0.000001
Epoch [93/100] | Loss: 1.2268 (Cls: 1.2166, TAL: 0.0000, Adv: 0.0679) | Train Acc: 1.0000 | Val Acc: 1.0000 | Val P/R/F1 (Macro): 1.0000/1.0000/1.0000 | LR: 0.000001
Epoch [94/100] | Loss: 1.2498 (Cls: 1.2305, TAL: 0.0000, Adv: 0.1284) | Train Acc: 1.0000 | Val Acc: 1.0000 | Val P/R/F1 (Macro): 1.0000/1.0000/1.0000 | LR: 0.000001
Epoch [95/100] | Loss: 1.2199 (Cls: 1.2078, TAL: 0.0000, Adv: 0.0802) | Train Acc: 1.0000 | Val Acc: 1.0000 | Val P/R/F1 (Macro): 1.0000/1.0000/1.0000 | LR: 0.000001
Epoch [96/100] | Loss: 1.2449 (Cls: 1.2264, TAL: 0.0000, Adv: 0.1233) | Train Acc: 1.0000 | Val Acc: 1.0000 | Val P/R/F1 (Macro): 1.0000/1.0000/1.0000 | LR: 0.000001
Epoch [97/100] | Loss: 1.2372 (Cls: 1.2222, TAL: 0.0000, Adv: 0.1004) | Train Acc: 1.0000 | Val Acc: 1.0000 | Val P/R/F1 (Macro): 1.0000/1.0000/1.0000 | LR: 0.000001
Epoch [98/100] | Loss: 1.2400 (Cls: 1.2225, TAL: 0.0000, Adv: 0.1166) | Train Acc: 1.0000 | Val Acc: 1.0000 | Val P/R/F1 (Macro): 1.0000/1.0000/1.0000 | LR: 0.000001
Epoch [99/100] | Loss: 1.2621 (Cls: 1.2541, TAL: 0.0000, Adv: 0.0532) | Train Acc: 0.9844 | Val Acc: 1.0000 | Val P/R/F1 (Macro): 1.0000/1.0000/1.0000 | LR: 0.000001
Epoch [100/100] | Loss: 1.2101 (Cls: 1.2061, TAL: 0.0000, Adv: 0.0268) | Train Acc: 1.0000 | Val Acc: 1.0000 | Val P/R/F1 (Macro): 1.0000/1.0000/1.0000 | LR: 0.000001

迭代 3 最佳指标:
  Accuracy: 1.0000
  Precision (Macro): 1.0000
  Recall (Macro): 1.0000
  F1 (Macro): 1.0000
  Precision (Micro): 1.0000
  Recall (Micro): 1.0000
  F1 (Micro): 1.0000
  Val class coverage: 9/14 (0.6429), samples=36

================================================================================
迭代 4/5
随机种子: 45
================================================================================
Feature fusion: Channel concatenation (512+512); fused_dim=1024
Domain adaptation: standard source-target adversarial training, no generator
Loss weights: tensor=0.00, adv=0.15
Epoch [1/100] | Loss: 5.0007 (Cls: 4.8722, TAL: 0.0000, Adv: 0.8570) | Train Acc: 0.2891 | Val Acc: 0.2778 | Val P/R/F1 (Macro): 0.1704/0.3148/0.2011 | LR: 0.000010
  >>> New Best Val Acc: 0.2778
Epoch [2/100] | Loss: 4.0243 (Cls: 3.8970, TAL: 0.0000, Adv: 0.8484) | Train Acc: 0.4453 | Val Acc: 0.2222 | Val P/R/F1 (Macro): 0.3502/0.2870/0.2404 | LR: 0.000010
Epoch [3/100] | Loss: 3.1978 (Cls: 3.0871, TAL: 0.0000, Adv: 0.7382) | Train Acc: 0.5703 | Val Acc: 0.4722 | Val P/R/F1 (Macro): 0.4730/0.5093/0.4387 | LR: 0.000010
  >>> New Best Val Acc: 0.4722
Epoch [4/100] | Loss: 2.9724 (Cls: 2.8612, TAL: 0.0000, Adv: 0.7416) | Train Acc: 0.6875 | Val Acc: 0.5556 | Val P/R/F1 (Macro): 0.6637/0.5481/0.5202 | LR: 0.000010
  >>> New Best Val Acc: 0.5556
Epoch [5/100] | Loss: 2.5971 (Cls: 2.4869, TAL: 0.0000, Adv: 0.7346) | Train Acc: 0.7891 | Val Acc: 0.6111 | Val P/R/F1 (Macro): 0.7063/0.6204/0.5984 | LR: 0.000010
  >>> New Best Val Acc: 0.6111
Epoch [6/100] | Loss: 2.6856 (Cls: 2.5749, TAL: 0.0000, Adv: 0.7380) | Train Acc: 0.6719 | Val Acc: 0.7222 | Val P/R/F1 (Macro): 0.7143/0.6926/0.6635 | LR: 0.000010
  >>> New Best Val Acc: 0.7222
Epoch [7/100] | Loss: 2.2052 (Cls: 2.1031, TAL: 0.0000, Adv: 0.6808) | Train Acc: 0.8125 | Val Acc: 0.8333 | Val P/R/F1 (Macro): 0.8071/0.7722/0.7419 | LR: 0.000010
  >>> New Best Val Acc: 0.8333
Epoch [8/100] | Loss: 2.2346 (Cls: 2.1274, TAL: 0.0000, Adv: 0.7149) | Train Acc: 0.8750 | Val Acc: 0.8333 | Val P/R/F1 (Macro): 0.8939/0.8889/0.8615 | LR: 0.000010
Epoch [9/100] | Loss: 2.0370 (Cls: 1.9294, TAL: 0.0000, Adv: 0.7179) | Train Acc: 0.8516 | Val Acc: 0.9722 | Val P/R/F1 (Macro): 0.9877/0.9722/0.9776 | LR: 0.000010
  >>> New Best Val Acc: 0.9722
Epoch [10/100] | Loss: 2.0132 (Cls: 1.9036, TAL: 0.0000, Adv: 0.7309) | Train Acc: 0.8281 | Val Acc: 0.9722 | Val P/R/F1 (Macro): 0.9778/0.9861/0.9802 | LR: 0.000010
Epoch [11/100] | Loss: 1.9416 (Cls: 1.8330, TAL: 0.0000, Adv: 0.7242) | Train Acc: 0.9141 | Val Acc: 0.9167 | Val P/R/F1 (Macro): 0.8313/0.8528/0.8382 | LR: 0.000010
Epoch [12/100] | Loss: 1.8997 (Cls: 1.7981, TAL: 0.0000, Adv: 0.6772) | Train Acc: 0.8984 | Val Acc: 0.7778 | Val P/R/F1 (Macro): 0.8373/0.8167/0.7626 | LR: 0.000010
Epoch [13/100] | Loss: 1.7622 (Cls: 1.6658, TAL: 0.0000, Adv: 0.6422) | Train Acc: 0.8594 | Val Acc: 0.9444 | Val P/R/F1 (Macro): 0.9444/0.9537/0.9462 | LR: 0.000010
Epoch [14/100] | Loss: 1.7317 (Cls: 1.6282, TAL: 0.0000, Adv: 0.6897) | Train Acc: 0.9766 | Val Acc: 0.8889 | Val P/R/F1 (Macro): 0.9034/0.8981/0.8944 | LR: 0.000010
Epoch [15/100] | Loss: 1.7056 (Cls: 1.6051, TAL: 0.0000, Adv: 0.6703) | Train Acc: 0.9375 | Val Acc: 0.8333 | Val P/R/F1 (Macro): 0.8611/0.8722/0.8209 | LR: 0.000010
Epoch [16/100] | Loss: 1.7658 (Cls: 1.6706, TAL: 0.0000, Adv: 0.6349) | Train Acc: 0.9453 | Val Acc: 0.8611 | Val P/R/F1 (Macro): 0.8704/0.8861/0.8405 | LR: 0.000010
Epoch [17/100] | Loss: 1.6681 (Cls: 1.5733, TAL: 0.0000, Adv: 0.6325) | Train Acc: 0.9219 | Val Acc: 0.8611 | Val P/R/F1 (Macro): 0.8741/0.8713/0.8374 | LR: 0.000010
Epoch [18/100] | Loss: 1.5753 (Cls: 1.4782, TAL: 0.0000, Adv: 0.6475) | Train Acc: 0.9844 | Val Acc: 0.8889 | Val P/R/F1 (Macro): 0.8944/0.9259/0.8791 | LR: 0.000010
Epoch [19/100] | Loss: 1.6142 (Cls: 1.5248, TAL: 0.0000, Adv: 0.5962) | Train Acc: 0.9609 | Val Acc: 0.8611 | Val P/R/F1 (Macro): 0.8611/0.8954/0.8529 | LR: 0.000010
Epoch [20/100] | Loss: 1.5745 (Cls: 1.4832, TAL: 0.0000, Adv: 0.6090) | Train Acc: 0.9766 | Val Acc: 0.9444 | Val P/R/F1 (Macro): 0.9286/0.9583/0.9311 | LR: 0.000005
Epoch [21/100] | Loss: 1.5148 (Cls: 1.4242, TAL: 0.0000, Adv: 0.6037) | Train Acc: 0.9844 | Val Acc: 0.9444 | Val P/R/F1 (Macro): 0.9593/0.9676/0.9617 | LR: 0.000005
Epoch [22/100] | Loss: 1.5361 (Cls: 1.4519, TAL: 0.0000, Adv: 0.5614) | Train Acc: 0.9609 | Val Acc: 1.0000 | Val P/R/F1 (Macro): 1.0000/1.0000/1.0000 | LR: 0.000005
  >>> New Best Val Acc: 1.0000
Epoch [23/100] | Loss: 1.5594 (Cls: 1.4721, TAL: 0.0000, Adv: 0.5817) | Train Acc: 0.9531 | Val Acc: 0.9722 | Val P/R/F1 (Macro): 0.9778/0.9815/0.9776 | LR: 0.000005
Epoch [24/100] | Loss: 1.5168 (Cls: 1.4341, TAL: 0.0000, Adv: 0.5512) | Train Acc: 0.9922 | Val Acc: 1.0000 | Val P/R/F1 (Macro): 1.0000/1.0000/1.0000 | LR: 0.000005
Epoch [25/100] | Loss: 1.4660 (Cls: 1.3860, TAL: 0.0000, Adv: 0.5333) | Train Acc: 0.9844 | Val Acc: 1.0000 | Val P/R/F1 (Macro): 1.0000/1.0000/1.0000 | LR: 0.000005
Epoch [26/100] | Loss: 1.5200 (Cls: 1.4395, TAL: 0.0000, Adv: 0.5368) | Train Acc: 0.9922 | Val Acc: 0.9722 | Val P/R/F1 (Macro): 0.9444/0.9722/0.9471 | LR: 0.000005
Epoch [27/100] | Loss: 1.5202 (Cls: 1.4333, TAL: 0.0000, Adv: 0.5792) | Train Acc: 0.9688 | Val Acc: 0.9722 | Val P/R/F1 (Macro): 0.9444/0.9722/0.9471 | LR: 0.000005
Epoch [28/100] | Loss: 1.4817 (Cls: 1.4085, TAL: 0.0000, Adv: 0.4880) | Train Acc: 0.9844 | Val Acc: 0.9444 | Val P/R/F1 (Macro): 0.9222/0.9537/0.9246 | LR: 0.000005
Epoch [29/100] | Loss: 1.4075 (Cls: 1.3357, TAL: 0.0000, Adv: 0.4787) | Train Acc: 0.9844 | Val Acc: 1.0000 | Val P/R/F1 (Macro): 1.0000/1.0000/1.0000 | LR: 0.000005
Epoch [30/100] | Loss: 1.5490 (Cls: 1.4740, TAL: 0.0000, Adv: 0.5002) | Train Acc: 0.9688 | Val Acc: 1.0000 | Val P/R/F1 (Macro): 1.0000/1.0000/1.0000 | LR: 0.000005
Epoch [31/100] | Loss: 1.4575 (Cls: 1.3825, TAL: 0.0000, Adv: 0.5005) | Train Acc: 0.9688 | Val Acc: 0.9444 | Val P/R/F1 (Macro): 0.8591/0.8750/0.8665 | LR: 0.000005
Epoch [32/100] | Loss: 1.4408 (Cls: 1.3693, TAL: 0.0000, Adv: 0.4764) | Train Acc: 0.9922 | Val Acc: 1.0000 | Val P/R/F1 (Macro): 1.0000/1.0000/1.0000 | LR: 0.000005
Epoch [33/100] | Loss: 1.4219 (Cls: 1.3589, TAL: 0.0000, Adv: 0.4200) | Train Acc: 0.9844 | Val Acc: 1.0000 | Val P/R/F1 (Macro): 1.0000/1.0000/1.0000 | LR: 0.000003
Epoch [34/100] | Loss: 1.4076 (Cls: 1.3500, TAL: 0.0000, Adv: 0.3838) | Train Acc: 0.9922 | Val Acc: 1.0000 | Val P/R/F1 (Macro): 1.0000/1.0000/1.0000 | LR: 0.000003
Epoch [35/100] | Loss: 1.4316 (Cls: 1.3707, TAL: 0.0000, Adv: 0.4062) | Train Acc: 0.9766 | Val Acc: 0.9722 | Val P/R/F1 (Macro): 0.9841/0.9861/0.9840 | LR: 0.000003
Epoch [36/100] | Loss: 1.3856 (Cls: 1.3227, TAL: 0.0000, Adv: 0.4194) | Train Acc: 0.9844 | Val Acc: 1.0000 | Val P/R/F1 (Macro): 1.0000/1.0000/1.0000 | LR: 0.000003
Epoch [37/100] | Loss: 1.3680 (Cls: 1.3138, TAL: 0.0000, Adv: 0.3618) | Train Acc: 1.0000 | Val Acc: 1.0000 | Val P/R/F1 (Macro): 1.0000/1.0000/1.0000 | LR: 0.000003
Epoch [38/100] | Loss: 1.4943 (Cls: 1.4452, TAL: 0.0000, Adv: 0.3273) | Train Acc: 1.0000 | Val Acc: 1.0000 | Val P/R/F1 (Macro): 1.0000/1.0000/1.0000 | LR: 0.000003
Epoch [39/100] | Loss: 1.3467 (Cls: 1.2949, TAL: 0.0000, Adv: 0.3450) | Train Acc: 1.0000 | Val Acc: 0.9722 | Val P/R/F1 (Macro): 0.9444/0.9861/0.9556 | LR: 0.000003
Epoch [40/100] | Loss: 1.3778 (Cls: 1.3384, TAL: 0.0000, Adv: 0.2626) | Train Acc: 0.9844 | Val Acc: 1.0000 | Val P/R/F1 (Macro): 1.0000/1.0000/1.0000 | LR: 0.000003
Epoch [41/100] | Loss: 1.3764 (Cls: 1.3286, TAL: 0.0000, Adv: 0.3185) | Train Acc: 0.9844 | Val Acc: 1.0000 | Val P/R/F1 (Macro): 1.0000/1.0000/1.0000 | LR: 0.000003
Epoch [42/100] | Loss: 1.3478 (Cls: 1.3028, TAL: 0.0000, Adv: 0.2999) | Train Acc: 0.9922 | Val Acc: 1.0000 | Val P/R/F1 (Macro): 1.0000/1.0000/1.0000 | LR: 0.000003
Epoch [43/100] | Loss: 1.3338 (Cls: 1.2944, TAL: 0.0000, Adv: 0.2623) | Train Acc: 1.0000 | Val Acc: 0.9722 | Val P/R/F1 (Macro): 0.9778/0.9815/0.9776 | LR: 0.000003
Epoch [44/100] | Loss: 1.3431 (Cls: 1.2999, TAL: 0.0000, Adv: 0.2882) | Train Acc: 1.0000 | Val Acc: 1.0000 | Val P/R/F1 (Macro): 1.0000/1.0000/1.0000 | LR: 0.000001
Epoch [45/100] | Loss: 1.3025 (Cls: 1.2731, TAL: 0.0000, Adv: 0.1963) | Train Acc: 1.0000 | Val Acc: 1.0000 | Val P/R/F1 (Macro): 1.0000/1.0000/1.0000 | LR: 0.000001
Epoch [46/100] | Loss: 1.3865 (Cls: 1.3486, TAL: 0.0000, Adv: 0.2524) | Train Acc: 0.9922 | Val Acc: 1.0000 | Val P/R/F1 (Macro): 1.0000/1.0000/1.0000 | LR: 0.000001
Epoch [47/100] | Loss: 1.3557 (Cls: 1.3139, TAL: 0.0000, Adv: 0.2788) | Train Acc: 0.9922 | Val Acc: 1.0000 | Val P/R/F1 (Macro): 1.0000/1.0000/1.0000 | LR: 0.000001
Epoch [48/100] | Loss: 1.3105 (Cls: 1.2828, TAL: 0.0000, Adv: 0.1847) | Train Acc: 0.9922 | Val Acc: 1.0000 | Val P/R/F1 (Macro): 1.0000/1.0000/1.0000 | LR: 0.000001
Epoch [49/100] | Loss: 1.3771 (Cls: 1.3249, TAL: 0.0000, Adv: 0.3481) | Train Acc: 0.9922 | Val Acc: 1.0000 | Val P/R/F1 (Macro): 1.0000/1.0000/1.0000 | LR: 0.000001
Epoch [50/100] | Loss: 1.3371 (Cls: 1.3035, TAL: 0.0000, Adv: 0.2237) | Train Acc: 0.9844 | Val Acc: 1.0000 | Val P/R/F1 (Macro): 1.0000/1.0000/1.0000 | LR: 0.000001
Epoch [51/100] | Loss: 1.3758 (Cls: 1.3407, TAL: 0.0000, Adv: 0.2341) | Train Acc: 0.9844 | Val Acc: 1.0000 | Val P/R/F1 (Macro): 1.0000/1.0000/1.0000 | LR: 0.000001
Epoch [52/100] | Loss: 1.3105 (Cls: 1.2646, TAL: 0.0000, Adv: 0.3059) | Train Acc: 1.0000 | Val Acc: 1.0000 | Val P/R/F1 (Macro): 1.0000/1.0000/1.0000 | LR: 0.000001
Epoch [53/100] | Loss: 1.3041 (Cls: 1.2825, TAL: 0.0000, Adv: 0.1444) | Train Acc: 0.9844 | Val Acc: 1.0000 | Val P/R/F1 (Macro): 1.0000/1.0000/1.0000 | LR: 0.000001
Epoch [54/100] | Loss: 1.3242 (Cls: 1.3032, TAL: 0.0000, Adv: 0.1394) | Train Acc: 1.0000 | Val Acc: 1.0000 | Val P/R/F1 (Macro): 1.0000/1.0000/1.0000 | LR: 0.000001
Epoch [55/100] | Loss: 1.3313 (Cls: 1.2875, TAL: 0.0000, Adv: 0.2917) | Train Acc: 0.9922 | Val Acc: 1.0000 | Val P/R/F1 (Macro): 1.0000/1.0000/1.0000 | LR: 0.000001
Epoch [56/100] | Loss: 1.3035 (Cls: 1.2765, TAL: 0.0000, Adv: 0.1806) | Train Acc: 1.0000 | Val Acc: 1.0000 | Val P/R/F1 (Macro): 1.0000/1.0000/1.0000 | LR: 0.000001
Epoch [57/100] | Loss: 1.3160 (Cls: 1.2914, TAL: 0.0000, Adv: 0.1641) | Train Acc: 1.0000 | Val Acc: 1.0000 | Val P/R/F1 (Macro): 1.0000/1.0000/1.0000 | LR: 0.000001
Epoch [58/100] | Loss: 1.3079 (Cls: 1.2811, TAL: 0.0000, Adv: 0.1791) | Train Acc: 1.0000 | Val Acc: 1.0000 | Val P/R/F1 (Macro): 1.0000/1.0000/1.0000 | LR: 0.000001
Epoch [59/100] | Loss: 1.2822 (Cls: 1.2542, TAL: 0.0000, Adv: 0.1865) | Train Acc: 1.0000 | Val Acc: 1.0000 | Val P/R/F1 (Macro): 1.0000/1.0000/1.0000 | LR: 0.000001
Epoch [60/100] | Loss: 1.3041 (Cls: 1.2793, TAL: 0.0000, Adv: 0.1653) | Train Acc: 0.9922 | Val Acc: 1.0000 | Val P/R/F1 (Macro): 1.0000/1.0000/1.0000 | LR: 0.000001
Epoch [61/100] | Loss: 1.2926 (Cls: 1.2751, TAL: 0.0000, Adv: 0.1170) | Train Acc: 1.0000 | Val Acc: 1.0000 | Val P/R/F1 (Macro): 1.0000/1.0000/1.0000 | LR: 0.000001
Epoch [62/100] | Loss: 1.3228 (Cls: 1.3032, TAL: 0.0000, Adv: 0.1311) | Train Acc: 1.0000 | Val Acc: 1.0000 | Val P/R/F1 (Macro): 1.0000/1.0000/1.0000 | LR: 0.000001
Epoch [63/100] | Loss: 1.2776 (Cls: 1.2618, TAL: 0.0000, Adv: 0.1056) | Train Acc: 1.0000 | Val Acc: 1.0000 | Val P/R/F1 (Macro): 1.0000/1.0000/1.0000 | LR: 0.000001
Epoch [64/100] | Loss: 1.3207 (Cls: 1.3013, TAL: 0.0000, Adv: 0.1294) | Train Acc: 0.9922 | Val Acc: 1.0000 | Val P/R/F1 (Macro): 1.0000/1.0000/1.0000 | LR: 0.000001
Epoch [65/100] | Loss: 1.3272 (Cls: 1.3081, TAL: 0.0000, Adv: 0.1276) | Train Acc: 1.0000 | Val Acc: 1.0000 | Val P/R/F1 (Macro): 1.0000/1.0000/1.0000 | LR: 0.000001
Epoch [66/100] | Loss: 1.3213 (Cls: 1.2917, TAL: 0.0000, Adv: 0.1973) | Train Acc: 0.9922 | Val Acc: 1.0000 | Val P/R/F1 (Macro): 1.0000/1.0000/1.0000 | LR: 0.000001
Epoch [67/100] | Loss: 1.3173 (Cls: 1.2867, TAL: 0.0000, Adv: 0.2040) | Train Acc: 0.9922 | Val Acc: 1.0000 | Val P/R/F1 (Macro): 1.0000/1.0000/1.0000 | LR: 0.000001
Epoch [68/100] | Loss: 1.2793 (Cls: 1.2590, TAL: 0.0000, Adv: 0.1352) | Train Acc: 1.0000 | Val Acc: 1.0000 | Val P/R/F1 (Macro): 1.0000/1.0000/1.0000 | LR: 0.000001
Epoch [69/100] | Loss: 1.2912 (Cls: 1.2724, TAL: 0.0000, Adv: 0.1254) | Train Acc: 0.9844 | Val Acc: 1.0000 | Val P/R/F1 (Macro): 1.0000/1.0000/1.0000 | LR: 0.000001
Epoch [70/100] | Loss: 1.3093 (Cls: 1.2891, TAL: 0.0000, Adv: 0.1345) | Train Acc: 0.9922 | Val Acc: 1.0000 | Val P/R/F1 (Macro): 1.0000/1.0000/1.0000 | LR: 0.000001
Epoch [71/100] | Loss: 1.2730 (Cls: 1.2556, TAL: 0.0000, Adv: 0.1163) | Train Acc: 1.0000 | Val Acc: 1.0000 | Val P/R/F1 (Macro): 1.0000/1.0000/1.0000 | LR: 0.000001
Epoch [72/100] | Loss: 1.2939 (Cls: 1.2687, TAL: 0.0000, Adv: 0.1682) | Train Acc: 1.0000 | Val Acc: 1.0000 | Val P/R/F1 (Macro): 1.0000/1.0000/1.0000 | LR: 0.000001
Epoch [73/100] | Loss: 1.2603 (Cls: 1.2413, TAL: 0.0000, Adv: 0.1265) | Train Acc: 1.0000 | Val Acc: 1.0000 | Val P/R/F1 (Macro): 1.0000/1.0000/1.0000 | LR: 0.000001
Epoch [74/100] | Loss: 1.3043 (Cls: 1.2864, TAL: 0.0000, Adv: 0.1191) | Train Acc: 0.9922 | Val Acc: 1.0000 | Val P/R/F1 (Macro): 1.0000/1.0000/1.0000 | LR: 0.000001
Epoch [75/100] | Loss: 1.2899 (Cls: 1.2697, TAL: 0.0000, Adv: 0.1345) | Train Acc: 0.9922 | Val Acc: 1.0000 | Val P/R/F1 (Macro): 1.0000/1.0000/1.0000 | LR: 0.000001
Epoch [76/100] | Loss: 1.2550 (Cls: 1.2376, TAL: 0.0000, Adv: 0.1162) | Train Acc: 1.0000 | Val Acc: 1.0000 | Val P/R/F1 (Macro): 1.0000/1.0000/1.0000 | LR: 0.000001
Epoch [77/100] | Loss: 1.2711 (Cls: 1.2615, TAL: 0.0000, Adv: 0.0637) | Train Acc: 1.0000 | Val Acc: 1.0000 | Val P/R/F1 (Macro): 1.0000/1.0000/1.0000 | LR: 0.000001
Epoch [78/100] | Loss: 1.3236 (Cls: 1.3041, TAL: 0.0000, Adv: 0.1303) | Train Acc: 0.9922 | Val Acc: 1.0000 | Val P/R/F1 (Macro): 1.0000/1.0000/1.0000 | LR: 0.000001
Epoch [79/100] | Loss: 1.2568 (Cls: 1.2436, TAL: 0.0000, Adv: 0.0877) | Train Acc: 0.9922 | Val Acc: 1.0000 | Val P/R/F1 (Macro): 1.0000/1.0000/1.0000 | LR: 0.000001
Epoch [80/100] | Loss: 1.2979 (Cls: 1.2821, TAL: 0.0000, Adv: 0.1057) | Train Acc: 0.9922 | Val Acc: 1.0000 | Val P/R/F1 (Macro): 1.0000/1.0000/1.0000 | LR: 0.000001
Epoch [81/100] | Loss: 1.2483 (Cls: 1.2383, TAL: 0.0000, Adv: 0.0670) | Train Acc: 1.0000 | Val Acc: 1.0000 | Val P/R/F1 (Macro): 1.0000/1.0000/1.0000 | LR: 0.000001
Epoch [82/100] | Loss: 1.2960 (Cls: 1.2804, TAL: 0.0000, Adv: 0.1041) | Train Acc: 0.9922 | Val Acc: 1.0000 | Val P/R/F1 (Macro): 1.0000/1.0000/1.0000 | LR: 0.000001
Epoch [83/100] | Loss: 1.2670 (Cls: 1.2553, TAL: 0.0000, Adv: 0.0778) | Train Acc: 1.0000 | Val Acc: 1.0000 | Val P/R/F1 (Macro): 1.0000/1.0000/1.0000 | LR: 0.000001
Epoch [84/100] | Loss: 1.3094 (Cls: 1.2975, TAL: 0.0000, Adv: 0.0796) | Train Acc: 1.0000 | Val Acc: 1.0000 | Val P/R/F1 (Macro): 1.0000/1.0000/1.0000 | LR: 0.000001
Epoch [85/100] | Loss: 1.3094 (Cls: 1.3001, TAL: 0.0000, Adv: 0.0616) | Train Acc: 1.0000 | Val Acc: 1.0000 | Val P/R/F1 (Macro): 1.0000/1.0000/1.0000 | LR: 0.000001
Epoch [86/100] | Loss: 1.2733 (Cls: 1.2603, TAL: 0.0000, Adv: 0.0870) | Train Acc: 0.9922 | Val Acc: 1.0000 | Val P/R/F1 (Macro): 1.0000/1.0000/1.0000 | LR: 0.000001
Epoch [87/100] | Loss: 1.3054 (Cls: 1.2808, TAL: 0.0000, Adv: 0.1637) | Train Acc: 0.9922 | Val Acc: 1.0000 | Val P/R/F1 (Macro): 1.0000/1.0000/1.0000 | LR: 0.000001
Epoch [88/100] | Loss: 1.2781 (Cls: 1.2649, TAL: 0.0000, Adv: 0.0877) | Train Acc: 0.9844 | Val Acc: 1.0000 | Val P/R/F1 (Macro): 1.0000/1.0000/1.0000 | LR: 0.000001
Epoch [89/100] | Loss: 1.2822 (Cls: 1.2643, TAL: 0.0000, Adv: 0.1194) | Train Acc: 1.0000 | Val Acc: 1.0000 | Val P/R/F1 (Macro): 1.0000/1.0000/1.0000 | LR: 0.000001
Epoch [90/100] | Loss: 1.3027 (Cls: 1.2829, TAL: 0.0000, Adv: 0.1318) | Train Acc: 1.0000 | Val Acc: 1.0000 | Val P/R/F1 (Macro): 1.0000/1.0000/1.0000 | LR: 0.000001
Epoch [91/100] | Loss: 1.2956 (Cls: 1.2695, TAL: 0.0000, Adv: 0.1742) | Train Acc: 1.0000 | Val Acc: 1.0000 | Val P/R/F1 (Macro): 1.0000/1.0000/1.0000 | LR: 0.000001
Epoch [92/100] | Loss: 1.2795 (Cls: 1.2636, TAL: 0.0000, Adv: 0.1060) | Train Acc: 1.0000 | Val Acc: 1.0000 | Val P/R/F1 (Macro): 1.0000/1.0000/1.0000 | LR: 0.000001
Epoch [93/100] | Loss: 1.2789 (Cls: 1.2635, TAL: 0.0000, Adv: 0.1023) | Train Acc: 1.0000 | Val Acc: 1.0000 | Val P/R/F1 (Macro): 1.0000/1.0000/1.0000 | LR: 0.000001
Epoch [94/100] | Loss: 1.3237 (Cls: 1.2896, TAL: 0.0000, Adv: 0.2273) | Train Acc: 0.9922 | Val Acc: 1.0000 | Val P/R/F1 (Macro): 1.0000/1.0000/1.0000 | LR: 0.000001
Epoch [95/100] | Loss: 1.2539 (Cls: 1.2386, TAL: 0.0000, Adv: 0.1019) | Train Acc: 1.0000 | Val Acc: 1.0000 | Val P/R/F1 (Macro): 1.0000/1.0000/1.0000 | LR: 0.000001
Epoch [96/100] | Loss: 1.2744 (Cls: 1.2685, TAL: 0.0000, Adv: 0.0391) | Train Acc: 0.9844 | Val Acc: 1.0000 | Val P/R/F1 (Macro): 1.0000/1.0000/1.0000 | LR: 0.000001
Epoch [97/100] | Loss: 1.2549 (Cls: 1.2476, TAL: 0.0000, Adv: 0.0487) | Train Acc: 1.0000 | Val Acc: 1.0000 | Val P/R/F1 (Macro): 1.0000/1.0000/1.0000 | LR: 0.000001
Epoch [98/100] | Loss: 1.2620 (Cls: 1.2509, TAL: 0.0000, Adv: 0.0735) | Train Acc: 1.0000 | Val Acc: 1.0000 | Val P/R/F1 (Macro): 1.0000/1.0000/1.0000 | LR: 0.000001
Epoch [99/100] | Loss: 1.2780 (Cls: 1.2631, TAL: 0.0000, Adv: 0.0991) | Train Acc: 1.0000 | Val Acc: 1.0000 | Val P/R/F1 (Macro): 1.0000/1.0000/1.0000 | LR: 0.000001
Epoch [100/100] | Loss: 1.2733 (Cls: 1.2645, TAL: 0.0000, Adv: 0.0582) | Train Acc: 0.9844 | Val Acc: 1.0000 | Val P/R/F1 (Macro): 1.0000/1.0000/1.0000 | LR: 0.000001

迭代 4 最佳指标:
  Accuracy: 1.0000
  Precision (Macro): 1.0000
  Recall (Macro): 1.0000
  F1 (Macro): 1.0000
  Precision (Micro): 1.0000
  Recall (Micro): 1.0000
  F1 (Micro): 1.0000
  Val class coverage: 9/14 (0.6429), samples=36

================================================================================
迭代 5/5
随机种子: 46
================================================================================
Feature fusion: Channel concatenation (512+512); fused_dim=1024
Domain adaptation: standard source-target adversarial training, no generator
Loss weights: tensor=0.00, adv=0.15
Epoch [1/100] | Loss: 5.3429 (Cls: 5.2166, TAL: 0.0000, Adv: 0.8421) | Train Acc: 0.2188 | Val Acc: 0.3611 | Val P/R/F1 (Macro): 0.1963/0.2556/0.2000 | LR: 0.000010
  >>> New Best Val Acc: 0.3611
Epoch [2/100] | Loss: 3.5203 (Cls: 3.4032, TAL: 0.0000, Adv: 0.7801) | Train Acc: 0.5078 | Val Acc: 0.3056 | Val P/R/F1 (Macro): 0.1952/0.2593/0.1711 | LR: 0.000010
Epoch [3/100] | Loss: 3.1087 (Cls: 2.9929, TAL: 0.0000, Adv: 0.7719) | Train Acc: 0.6406 | Val Acc: 0.3611 | Val P/R/F1 (Macro): 0.4103/0.4074/0.3454 | LR: 0.000010
Epoch [4/100] | Loss: 2.8520 (Cls: 2.7307, TAL: 0.0000, Adv: 0.8088) | Train Acc: 0.6797 | Val Acc: 0.6389 | Val P/R/F1 (Macro): 0.4672/0.5556/0.4579 | LR: 0.000010
  >>> New Best Val Acc: 0.6389
Epoch [5/100] | Loss: 2.7647 (Cls: 2.6481, TAL: 0.0000, Adv: 0.7776) | Train Acc: 0.7188 | Val Acc: 0.5833 | Val P/R/F1 (Macro): 0.6213/0.6157/0.5612 | LR: 0.000010
Epoch [6/100] | Loss: 2.2984 (Cls: 2.1868, TAL: 0.0000, Adv: 0.7439) | Train Acc: 0.8594 | Val Acc: 0.6944 | Val P/R/F1 (Macro): 0.8241/0.7954/0.7467 | LR: 0.000010
  >>> New Best Val Acc: 0.6944
Epoch [7/100] | Loss: 2.2059 (Cls: 2.0921, TAL: 0.0000, Adv: 0.7587) | Train Acc: 0.8125 | Val Acc: 0.8056 | Val P/R/F1 (Macro): 0.8843/0.8759/0.8628 | LR: 0.000010
  >>> New Best Val Acc: 0.8056
Epoch [8/100] | Loss: 2.3182 (Cls: 2.2073, TAL: 0.0000, Adv: 0.7395) | Train Acc: 0.8047 | Val Acc: 0.9167 | Val P/R/F1 (Macro): 0.9378/0.9306/0.9263 | LR: 0.000010
  >>> New Best Val Acc: 0.9167
Epoch [9/100] | Loss: 1.9677 (Cls: 1.8630, TAL: 0.0000, Adv: 0.6978) | Train Acc: 0.8750 | Val Acc: 0.6667 | Val P/R/F1 (Macro): 0.6796/0.7333/0.6460 | LR: 0.000010
Epoch [10/100] | Loss: 1.8320 (Cls: 1.7237, TAL: 0.0000, Adv: 0.7220) | Train Acc: 0.9219 | Val Acc: 0.6667 | Val P/R/F1 (Macro): 0.7809/0.7519/0.6889 | LR: 0.000010
Epoch [11/100] | Loss: 2.0150 (Cls: 1.9077, TAL: 0.0000, Adv: 0.7147) | Train Acc: 0.8594 | Val Acc: 0.5278 | Val P/R/F1 (Macro): 0.6074/0.5574/0.5294 | LR: 0.000010
Epoch [12/100] | Loss: 1.8176 (Cls: 1.7141, TAL: 0.0000, Adv: 0.6901) | Train Acc: 0.8906 | Val Acc: 0.9444 | Val P/R/F1 (Macro): 0.9619/0.9722/0.9632 | LR: 0.000010
  >>> New Best Val Acc: 0.9444
Epoch [13/100] | Loss: 1.7790 (Cls: 1.6804, TAL: 0.0000, Adv: 0.6571) | Train Acc: 0.9375 | Val Acc: 1.0000 | Val P/R/F1 (Macro): 1.0000/1.0000/1.0000 | LR: 0.000010
  >>> New Best Val Acc: 1.0000
Epoch [14/100] | Loss: 1.8796 (Cls: 1.7786, TAL: 0.0000, Adv: 0.6738) | Train Acc: 0.9062 | Val Acc: 0.9444 | Val P/R/F1 (Macro): 0.8488/0.8611/0.8506 | LR: 0.000010
Epoch [15/100] | Loss: 1.6965 (Cls: 1.5917, TAL: 0.0000, Adv: 0.6982) | Train Acc: 0.9141 | Val Acc: 0.9722 | Val P/R/F1 (Macro): 0.9841/0.9861/0.9840 | LR: 0.000010
Epoch [16/100] | Loss: 1.6765 (Cls: 1.5781, TAL: 0.0000, Adv: 0.6562) | Train Acc: 0.9766 | Val Acc: 0.9722 | Val P/R/F1 (Macro): 0.9841/0.9861/0.9840 | LR: 0.000010
Epoch [17/100] | Loss: 1.7097 (Cls: 1.6146, TAL: 0.0000, Adv: 0.6346) | Train Acc: 0.9766 | Val Acc: 0.9722 | Val P/R/F1 (Macro): 0.9444/0.9861/0.9556 | LR: 0.000010
Epoch [18/100] | Loss: 1.6429 (Cls: 1.5406, TAL: 0.0000, Adv: 0.6819) | Train Acc: 0.9609 | Val Acc: 0.9444 | Val P/R/F1 (Macro): 0.9259/0.9583/0.9212 | LR: 0.000010
Epoch [19/100] | Loss: 1.6924 (Cls: 1.5953, TAL: 0.0000, Adv: 0.6471) | Train Acc: 0.9766 | Val Acc: 0.9722 | Val P/R/F1 (Macro): 0.9722/0.9722/0.9683 | LR: 0.000010
Epoch [20/100] | Loss: 1.6617 (Cls: 1.5631, TAL: 0.0000, Adv: 0.6575) | Train Acc: 0.9453 | Val Acc: 0.8889 | Val P/R/F1 (Macro): 0.8823/0.9167/0.8724 | LR: 0.000010
Epoch [21/100] | Loss: 1.5440 (Cls: 1.4497, TAL: 0.0000, Adv: 0.6287) | Train Acc: 0.9688 | Val Acc: 0.9444 | Val P/R/F1 (Macro): 0.9259/0.9583/0.9212 | LR: 0.000010
Epoch [22/100] | Loss: 1.5343 (Cls: 1.4367, TAL: 0.0000, Adv: 0.6506) | Train Acc: 0.9609 | Val Acc: 1.0000 | Val P/R/F1 (Macro): 1.0000/1.0000/1.0000 | LR: 0.000010
Epoch [23/100] | Loss: 1.6271 (Cls: 1.5386, TAL: 0.0000, Adv: 0.5898) | Train Acc: 0.9531 | Val Acc: 1.0000 | Val P/R/F1 (Macro): 1.0000/1.0000/1.0000 | LR: 0.000010
Epoch [24/100] | Loss: 1.5562 (Cls: 1.4687, TAL: 0.0000, Adv: 0.5835) | Train Acc: 1.0000 | Val Acc: 0.9167 | Val P/R/F1 (Macro): 0.9008/0.9444/0.9068 | LR: 0.000005
Epoch [25/100] | Loss: 1.5892 (Cls: 1.5022, TAL: 0.0000, Adv: 0.5804) | Train Acc: 0.9688 | Val Acc: 0.9722 | Val P/R/F1 (Macro): 0.9841/0.9861/0.9840 | LR: 0.000005
Epoch [26/100] | Loss: 1.4650 (Cls: 1.3756, TAL: 0.0000, Adv: 0.5963) | Train Acc: 0.9922 | Val Acc: 0.9722 | Val P/R/F1 (Macro): 0.9444/0.9861/0.9556 | LR: 0.000005
Epoch [27/100] | Loss: 1.5010 (Cls: 1.4220, TAL: 0.0000, Adv: 0.5264) | Train Acc: 0.9922 | Val Acc: 0.9444 | Val P/R/F1 (Macro): 0.9259/0.9583/0.9212 | LR: 0.000005
Epoch [28/100] | Loss: 1.4155 (Cls: 1.3339, TAL: 0.0000, Adv: 0.5440) | Train Acc: 0.9766 | Val Acc: 1.0000 | Val P/R/F1 (Macro): 1.0000/1.0000/1.0000 | LR: 0.000005
Epoch [29/100] | Loss: 1.4721 (Cls: 1.3912, TAL: 0.0000, Adv: 0.5392) | Train Acc: 0.9922 | Val Acc: 1.0000 | Val P/R/F1 (Macro): 1.0000/1.0000/1.0000 | LR: 0.000005
Epoch [30/100] | Loss: 1.5131 (Cls: 1.4326, TAL: 0.0000, Adv: 0.5370) | Train Acc: 0.9766 | Val Acc: 1.0000 | Val P/R/F1 (Macro): 1.0000/1.0000/1.0000 | LR: 0.000005
Epoch [31/100] | Loss: 1.4440 (Cls: 1.3722, TAL: 0.0000, Adv: 0.4785) | Train Acc: 0.9922 | Val Acc: 1.0000 | Val P/R/F1 (Macro): 1.0000/1.0000/1.0000 | LR: 0.000005
Epoch [32/100] | Loss: 1.4417 (Cls: 1.3755, TAL: 0.0000, Adv: 0.4416) | Train Acc: 0.9766 | Val Acc: 1.0000 | Val P/R/F1 (Macro): 1.0000/1.0000/1.0000 | LR: 0.000005
Epoch [33/100] | Loss: 1.3915 (Cls: 1.3258, TAL: 0.0000, Adv: 0.4377) | Train Acc: 0.9922 | Val Acc: 0.9722 | Val P/R/F1 (Macro): 0.9444/0.9861/0.9556 | LR: 0.000005
Epoch [34/100] | Loss: 1.4238 (Cls: 1.3623, TAL: 0.0000, Adv: 0.4103) | Train Acc: 0.9844 | Val Acc: 1.0000 | Val P/R/F1 (Macro): 1.0000/1.0000/1.0000 | LR: 0.000005
Epoch [35/100] | Loss: 1.4024 (Cls: 1.3433, TAL: 0.0000, Adv: 0.3937) | Train Acc: 1.0000 | Val Acc: 1.0000 | Val P/R/F1 (Macro): 1.0000/1.0000/1.0000 | LR: 0.000003
Epoch [36/100] | Loss: 1.4406 (Cls: 1.3794, TAL: 0.0000, Adv: 0.4085) | Train Acc: 0.9922 | Val Acc: 1.0000 | Val P/R/F1 (Macro): 1.0000/1.0000/1.0000 | LR: 0.000003
Epoch [37/100] | Loss: 1.3564 (Cls: 1.3043, TAL: 0.0000, Adv: 0.3475) | Train Acc: 0.9922 | Val Acc: 1.0000 | Val P/R/F1 (Macro): 1.0000/1.0000/1.0000 | LR: 0.000003
Epoch [38/100] | Loss: 1.3565 (Cls: 1.2992, TAL: 0.0000, Adv: 0.3820) | Train Acc: 0.9922 | Val Acc: 1.0000 | Val P/R/F1 (Macro): 1.0000/1.0000/1.0000 | LR: 0.000003
Epoch [39/100] | Loss: 1.3503 (Cls: 1.3014, TAL: 0.0000, Adv: 0.3260) | Train Acc: 1.0000 | Val Acc: 1.0000 | Val P/R/F1 (Macro): 1.0000/1.0000/1.0000 | LR: 0.000003
Epoch [40/100] | Loss: 1.3151 (Cls: 1.2724, TAL: 0.0000, Adv: 0.2844) | Train Acc: 1.0000 | Val Acc: 1.0000 | Val P/R/F1 (Macro): 1.0000/1.0000/1.0000 | LR: 0.000003
Epoch [41/100] | Loss: 1.3787 (Cls: 1.3309, TAL: 0.0000, Adv: 0.3191) | Train Acc: 0.9844 | Val Acc: 1.0000 | Val P/R/F1 (Macro): 1.0000/1.0000/1.0000 | LR: 0.000003
Epoch [42/100] | Loss: 1.3271 (Cls: 1.2849, TAL: 0.0000, Adv: 0.2816) | Train Acc: 0.9922 | Val Acc: 1.0000 | Val P/R/F1 (Macro): 1.0000/1.0000/1.0000 | LR: 0.000003
Epoch [43/100] | Loss: 1.3441 (Cls: 1.2910, TAL: 0.0000, Adv: 0.3535) | Train Acc: 0.9922 | Val Acc: 1.0000 | Val P/R/F1 (Macro): 1.0000/1.0000/1.0000 | LR: 0.000003
Epoch [44/100] | Loss: 1.3851 (Cls: 1.3328, TAL: 0.0000, Adv: 0.3485) | Train Acc: 0.9844 | Val Acc: 1.0000 | Val P/R/F1 (Macro): 1.0000/1.0000/1.0000 | LR: 0.000003
Epoch [45/100] | Loss: 1.3649 (Cls: 1.3247, TAL: 0.0000, Adv: 0.2677) | Train Acc: 0.9922 | Val Acc: 1.0000 | Val P/R/F1 (Macro): 1.0000/1.0000/1.0000 | LR: 0.000003
Epoch [46/100] | Loss: 1.3738 (Cls: 1.3217, TAL: 0.0000, Adv: 0.3471) | Train Acc: 0.9766 | Val Acc: 1.0000 | Val P/R/F1 (Macro): 1.0000/1.0000/1.0000 | LR: 0.000001
Epoch [47/100] | Loss: 1.3469 (Cls: 1.2983, TAL: 0.0000, Adv: 0.3239) | Train Acc: 0.9922 | Val Acc: 1.0000 | Val P/R/F1 (Macro): 1.0000/1.0000/1.0000 | LR: 0.000001
Epoch [48/100] | Loss: 1.3309 (Cls: 1.2887, TAL: 0.0000, Adv: 0.2808) | Train Acc: 1.0000 | Val Acc: 1.0000 | Val P/R/F1 (Macro): 1.0000/1.0000/1.0000 | LR: 0.000001
Epoch [49/100] | Loss: 1.3122 (Cls: 1.2769, TAL: 0.0000, Adv: 0.2352) | Train Acc: 1.0000 | Val Acc: 1.0000 | Val P/R/F1 (Macro): 1.0000/1.0000/1.0000 | LR: 0.000001
Epoch [50/100] | Loss: 1.3295 (Cls: 1.2782, TAL: 0.0000, Adv: 0.3422) | Train Acc: 0.9922 | Val Acc: 1.0000 | Val P/R/F1 (Macro): 1.0000/1.0000/1.0000 | LR: 0.000001
Epoch [51/100] | Loss: 1.3372 (Cls: 1.2933, TAL: 0.0000, Adv: 0.2925) | Train Acc: 1.0000 | Val Acc: 1.0000 | Val P/R/F1 (Macro): 1.0000/1.0000/1.0000 | LR: 0.000001
Epoch [52/100] | Loss: 1.3168 (Cls: 1.2843, TAL: 0.0000, Adv: 0.2164) | Train Acc: 0.9844 | Val Acc: 1.0000 | Val P/R/F1 (Macro): 1.0000/1.0000/1.0000 | LR: 0.000001
Epoch [53/100] | Loss: 1.3602 (Cls: 1.3155, TAL: 0.0000, Adv: 0.2980) | Train Acc: 1.0000 | Val Acc: 1.0000 | Val P/R/F1 (Macro): 1.0000/1.0000/1.0000 | LR: 0.000001
Epoch [54/100] | Loss: 1.3244 (Cls: 1.2926, TAL: 0.0000, Adv: 0.2119) | Train Acc: 1.0000 | Val Acc: 1.0000 | Val P/R/F1 (Macro): 1.0000/1.0000/1.0000 | LR: 0.000001
Epoch [55/100] | Loss: 1.3546 (Cls: 1.3281, TAL: 0.0000, Adv: 0.1767) | Train Acc: 1.0000 | Val Acc: 1.0000 | Val P/R/F1 (Macro): 1.0000/1.0000/1.0000 | LR: 0.000001
Epoch [56/100] | Loss: 1.2875 (Cls: 1.2563, TAL: 0.0000, Adv: 0.2079) | Train Acc: 0.9922 | Val Acc: 1.0000 | Val P/R/F1 (Macro): 1.0000/1.0000/1.0000 | LR: 0.000001
Epoch [57/100] | Loss: 1.3056 (Cls: 1.2751, TAL: 0.0000, Adv: 0.2037) | Train Acc: 0.9922 | Val Acc: 1.0000 | Val P/R/F1 (Macro): 1.0000/1.0000/1.0000 | LR: 0.000001
Epoch [58/100] | Loss: 1.3376 (Cls: 1.3046, TAL: 0.0000, Adv: 0.2202) | Train Acc: 0.9922 | Val Acc: 1.0000 | Val P/R/F1 (Macro): 1.0000/1.0000/1.0000 | LR: 0.000001
Epoch [59/100] | Loss: 1.3158 (Cls: 1.2882, TAL: 0.0000, Adv: 0.1842) | Train Acc: 1.0000 | Val Acc: 1.0000 | Val P/R/F1 (Macro): 1.0000/1.0000/1.0000 | LR: 0.000001
Epoch [60/100] | Loss: 1.3121 (Cls: 1.2939, TAL: 0.0000, Adv: 0.1215) | Train Acc: 1.0000 | Val Acc: 1.0000 | Val P/R/F1 (Macro): 1.0000/1.0000/1.0000 | LR: 0.000001
Epoch [61/100] | Loss: 1.3017 (Cls: 1.2760, TAL: 0.0000, Adv: 0.1715) | Train Acc: 1.0000 | Val Acc: 1.0000 | Val P/R/F1 (Macro): 1.0000/1.0000/1.0000 | LR: 0.000001
Epoch [62/100] | Loss: 1.2835 (Cls: 1.2573, TAL: 0.0000, Adv: 0.1744) | Train Acc: 1.0000 | Val Acc: 1.0000 | Val P/R/F1 (Macro): 1.0000/1.0000/1.0000 | LR: 0.000001
Epoch [63/100] | Loss: 1.3269 (Cls: 1.3072, TAL: 0.0000, Adv: 0.1312) | Train Acc: 0.9922 | Val Acc: 1.0000 | Val P/R/F1 (Macro): 1.0000/1.0000/1.0000 | LR: 0.000001
Epoch [64/100] | Loss: 1.2630 (Cls: 1.2443, TAL: 0.0000, Adv: 0.1241) | Train Acc: 1.0000 | Val Acc: 1.0000 | Val P/R/F1 (Macro): 1.0000/1.0000/1.0000 | LR: 0.000001
Epoch [65/100] | Loss: 1.2813 (Cls: 1.2598, TAL: 0.0000, Adv: 0.1439) | Train Acc: 1.0000 | Val Acc: 1.0000 | Val P/R/F1 (Macro): 1.0000/1.0000/1.0000 | LR: 0.000001
Epoch [66/100] | Loss: 1.3031 (Cls: 1.2737, TAL: 0.0000, Adv: 0.1959) | Train Acc: 1.0000 | Val Acc: 1.0000 | Val P/R/F1 (Macro): 1.0000/1.0000/1.0000 | LR: 0.000001
Epoch [67/100] | Loss: 1.2478 (Cls: 1.2345, TAL: 0.0000, Adv: 0.0890) | Train Acc: 1.0000 | Val Acc: 1.0000 | Val P/R/F1 (Macro): 1.0000/1.0000/1.0000 | LR: 0.000001
Epoch [68/100] | Loss: 1.3126 (Cls: 1.2831, TAL: 0.0000, Adv: 0.1967) | Train Acc: 1.0000 | Val Acc: 1.0000 | Val P/R/F1 (Macro): 1.0000/1.0000/1.0000 | LR: 0.000001
Epoch [69/100] | Loss: 1.2904 (Cls: 1.2613, TAL: 0.0000, Adv: 0.1939) | Train Acc: 0.9922 | Val Acc: 1.0000 | Val P/R/F1 (Macro): 1.0000/1.0000/1.0000 | LR: 0.000001
Epoch [70/100] | Loss: 1.3012 (Cls: 1.2785, TAL: 0.0000, Adv: 0.1512) | Train Acc: 0.9922 | Val Acc: 1.0000 | Val P/R/F1 (Macro): 1.0000/1.0000/1.0000 | LR: 0.000001
Epoch [71/100] | Loss: 1.2773 (Cls: 1.2493, TAL: 0.0000, Adv: 0.1871) | Train Acc: 1.0000 | Val Acc: 1.0000 | Val P/R/F1 (Macro): 1.0000/1.0000/1.0000 | LR: 0.000001
Epoch [72/100] | Loss: 1.2943 (Cls: 1.2765, TAL: 0.0000, Adv: 0.1188) | Train Acc: 0.9922 | Val Acc: 1.0000 | Val P/R/F1 (Macro): 1.0000/1.0000/1.0000 | LR: 0.000001
Epoch [73/100] | Loss: 1.2707 (Cls: 1.2511, TAL: 0.0000, Adv: 0.1309) | Train Acc: 1.0000 | Val Acc: 1.0000 | Val P/R/F1 (Macro): 1.0000/1.0000/1.0000 | LR: 0.000001
Epoch [74/100] | Loss: 1.2924 (Cls: 1.2727, TAL: 0.0000, Adv: 0.1313) | Train Acc: 1.0000 | Val Acc: 1.0000 | Val P/R/F1 (Macro): 1.0000/1.0000/1.0000 | LR: 0.000001
Epoch [75/100] | Loss: 1.2938 (Cls: 1.2735, TAL: 0.0000, Adv: 0.1355) | Train Acc: 1.0000 | Val Acc: 1.0000 | Val P/R/F1 (Macro): 1.0000/1.0000/1.0000 | LR: 0.000001
Epoch [76/100] | Loss: 1.2990 (Cls: 1.2742, TAL: 0.0000, Adv: 0.1655) | Train Acc: 1.0000 | Val Acc: 1.0000 | Val P/R/F1 (Macro): 1.0000/1.0000/1.0000 | LR: 0.000001
Epoch [77/100] | Loss: 1.2917 (Cls: 1.2722, TAL: 0.0000, Adv: 0.1299) | Train Acc: 0.9922 | Val Acc: 1.0000 | Val P/R/F1 (Macro): 1.0000/1.0000/1.0000 | LR: 0.000001
Epoch [78/100] | Loss: 1.2917 (Cls: 1.2749, TAL: 0.0000, Adv: 0.1120) | Train Acc: 1.0000 | Val Acc: 1.0000 | Val P/R/F1 (Macro): 1.0000/1.0000/1.0000 | LR: 0.000001
Epoch [79/100] | Loss: 1.2679 (Cls: 1.2563, TAL: 0.0000, Adv: 0.0777) | Train Acc: 0.9844 | Val Acc: 1.0000 | Val P/R/F1 (Macro): 1.0000/1.0000/1.0000 | LR: 0.000001
Epoch [80/100] | Loss: 1.2749 (Cls: 1.2641, TAL: 0.0000, Adv: 0.0721) | Train Acc: 1.0000 | Val Acc: 1.0000 | Val P/R/F1 (Macro): 1.0000/1.0000/1.0000 | LR: 0.000001
Epoch [81/100] | Loss: 1.2887 (Cls: 1.2716, TAL: 0.0000, Adv: 0.1139) | Train Acc: 1.0000 | Val Acc: 1.0000 | Val P/R/F1 (Macro): 1.0000/1.0000/1.0000 | LR: 0.000001
Epoch [82/100] | Loss: 1.2739 (Cls: 1.2597, TAL: 0.0000, Adv: 0.0943) | Train Acc: 1.0000 | Val Acc: 1.0000 | Val P/R/F1 (Macro): 1.0000/1.0000/1.0000 | LR: 0.000001
Epoch [83/100] | Loss: 1.2775 (Cls: 1.2623, TAL: 0.0000, Adv: 0.1013) | Train Acc: 1.0000 | Val Acc: 1.0000 | Val P/R/F1 (Macro): 1.0000/1.0000/1.0000 | LR: 0.000001
Epoch [84/100] | Loss: 1.2670 (Cls: 1.2540, TAL: 0.0000, Adv: 0.0864) | Train Acc: 1.0000 | Val Acc: 1.0000 | Val P/R/F1 (Macro): 1.0000/1.0000/1.0000 | LR: 0.000001
Epoch [85/100] | Loss: 1.2735 (Cls: 1.2544, TAL: 0.0000, Adv: 0.1273) | Train Acc: 1.0000 | Val Acc: 1.0000 | Val P/R/F1 (Macro): 1.0000/1.0000/1.0000 | LR: 0.000001
Epoch [86/100] | Loss: 1.2971 (Cls: 1.2805, TAL: 0.0000, Adv: 0.1106) | Train Acc: 0.9922 | Val Acc: 1.0000 | Val P/R/F1 (Macro): 1.0000/1.0000/1.0000 | LR: 0.000001
Epoch [87/100] | Loss: 1.2712 (Cls: 1.2617, TAL: 0.0000, Adv: 0.0630) | Train Acc: 0.9922 | Val Acc: 1.0000 | Val P/R/F1 (Macro): 1.0000/1.0000/1.0000 | LR: 0.000001
Epoch [88/100] | Loss: 1.2601 (Cls: 1.2497, TAL: 0.0000, Adv: 0.0695) | Train Acc: 1.0000 | Val Acc: 1.0000 | Val P/R/F1 (Macro): 1.0000/1.0000/1.0000 | LR: 0.000001
Epoch [89/100] | Loss: 1.2441 (Cls: 1.2297, TAL: 0.0000, Adv: 0.0956) | Train Acc: 1.0000 | Val Acc: 1.0000 | Val P/R/F1 (Macro): 1.0000/1.0000/1.0000 | LR: 0.000001
Epoch [90/100] | Loss: 1.2680 (Cls: 1.2588, TAL: 0.0000, Adv: 0.0613) | Train Acc: 1.0000 | Val Acc: 1.0000 | Val P/R/F1 (Macro): 1.0000/1.0000/1.0000 | LR: 0.000001
Epoch [91/100] | Loss: 1.2906 (Cls: 1.2768, TAL: 0.0000, Adv: 0.0917) | Train Acc: 1.0000 | Val Acc: 1.0000 | Val P/R/F1 (Macro): 1.0000/1.0000/1.0000 | LR: 0.000001
Epoch [92/100] | Loss: 1.2708 (Cls: 1.2590, TAL: 0.0000, Adv: 0.0786) | Train Acc: 1.0000 | Val Acc: 1.0000 | Val P/R/F1 (Macro): 1.0000/1.0000/1.0000 | LR: 0.000001
Epoch [93/100] | Loss: 1.2606 (Cls: 1.2500, TAL: 0.0000, Adv: 0.0707) | Train Acc: 1.0000 | Val Acc: 1.0000 | Val P/R/F1 (Macro): 1.0000/1.0000/1.0000 | LR: 0.000001
Epoch [94/100] | Loss: 1.3145 (Cls: 1.2881, TAL: 0.0000, Adv: 0.1758) | Train Acc: 0.9922 | Val Acc: 1.0000 | Val P/R/F1 (Macro): 1.0000/1.0000/1.0000 | LR: 0.000001
Epoch [95/100] | Loss: 1.3129 (Cls: 1.2953, TAL: 0.0000, Adv: 0.1173) | Train Acc: 0.9922 | Val Acc: 1.0000 | Val P/R/F1 (Macro): 1.0000/1.0000/1.0000 | LR: 0.000001
Epoch [96/100] | Loss: 1.2934 (Cls: 1.2789, TAL: 0.0000, Adv: 0.0967) | Train Acc: 1.0000 | Val Acc: 1.0000 | Val P/R/F1 (Macro): 1.0000/1.0000/1.0000 | LR: 0.000001
Epoch [97/100] | Loss: 1.2944 (Cls: 1.2813, TAL: 0.0000, Adv: 0.0876) | Train Acc: 1.0000 | Val Acc: 1.0000 | Val P/R/F1 (Macro): 1.0000/1.0000/1.0000 | LR: 0.000001
Epoch [98/100] | Loss: 1.3026 (Cls: 1.2899, TAL: 0.0000, Adv: 0.0845) | Train Acc: 1.0000 | Val Acc: 1.0000 | Val P/R/F1 (Macro): 1.0000/1.0000/1.0000 | LR: 0.000001
Epoch [99/100] | Loss: 1.2738 (Cls: 1.2659, TAL: 0.0000, Adv: 0.0525) | Train Acc: 1.0000 | Val Acc: 1.0000 | Val P/R/F1 (Macro): 1.0000/1.0000/1.0000 | LR: 0.000001
Epoch [100/100] | Loss: 1.2527 (Cls: 1.2474, TAL: 0.0000, Adv: 0.0357) | Train Acc: 1.0000 | Val Acc: 1.0000 | Val P/R/F1 (Macro): 1.0000/1.0000/1.0000 | LR: 0.000001

迭代 5 最佳指标:
  Accuracy: 1.0000
  Precision (Macro): 1.0000
  Recall (Macro): 1.0000
  F1 (Macro): 1.0000
  Precision (Micro): 1.0000
  Recall (Micro): 1.0000
  F1 (Micro): 1.0000
  Val class coverage: 9/14 (0.6429), samples=36

================================================================================
5次迭代统计结果
================================================================================

accuracy:
  各迭代值: ['1.0000', '1.0000', '1.0000', '1.0000', '1.0000']
  均值 (Mean): 1.0000
  标准差 (Std): 0.0000

precision_macro:
  各迭代值: ['1.0000', '1.0000', '1.0000', '1.0000', '1.0000']
  均值 (Mean): 1.0000
  标准差 (Std): 0.0000

recall_macro:
  各迭代值: ['1.0000', '1.0000', '1.0000', '1.0000', '1.0000']
  均值 (Mean): 1.0000
  标准差 (Std): 0.0000

f1_macro:
  各迭代值: ['1.0000', '1.0000', '1.0000', '1.0000', '1.0000']
  均值 (Mean): 1.0000
  标准差 (Std): 0.0000

precision_micro:
  各迭代值: ['1.0000', '1.0000', '1.0000', '1.0000', '1.0000']
  均值 (Mean): 1.0000
  标准差 (Std): 0.0000

recall_micro:
  各迭代值: ['1.0000', '1.0000', '1.0000', '1.0000', '1.0000']
  均值 (Mean): 1.0000
  标准差 (Std): 0.0000

f1_micro:
  各迭代值: ['1.0000', '1.0000', '1.0000', '1.0000', '1.0000']
  均值 (Mean): 1.0000
  标准差 (Std): 0.0000

val_class_coverage:
  各迭代值: ['0.6429', '0.6429', '0.6429', '0.6429', '0.6429']
  均值 (Mean): 0.6429
  标准差 (Std): 0.0000

val_present_classes:
  各迭代值: ['9.0000', '9.0000', '9.0000', '9.0000', '9.0000']
  均值 (Mean): 9.0000
  标准差 (Std): 0.0000

val_total_classes:
  各迭代值: ['14.0000', '14.0000', '14.0000', '14.0000', '14.0000']
  均值 (Mean): 14.0000
  标准差 (Std): 0.0000

val_samples:
  各迭代值: ['36.0000', '36.0000', '36.0000', '36.0000', '36.0000']
  均值 (Mean): 36.0000
  标准差 (Std): 0.0000

训练结束时间: 2026-07-07 19:16:56
================================================================================
