================================================================================
模块消融实验 - with_tensor_with_ot
目标域天气: 雨天
训练开始时间: 2026-06-24 15:50:06
设备: cuda
源域: D:\Code\JMDA-Net\Data\晴天
目标域: D:\Code\JMDA-Net\Data\雨天
批次大小: 16
总轮数: 1
迭代次数: 1
使用Tensor模块: 是
使用OT模块: 是
特征融合方式: Tensor对齐
域对齐方式: 最优传输
================================================================================

================================================================================
迭代 1/1
随机种子: 42
================================================================================
Feature fusion: Tensor alignment (512+512 -> 128+128); fused_dim=256
Domain adaptation: Neural OT generator with 3-domain discriminator
Loss weights: tensor=0.30, adv=0.15
Epoch [1/1] | Loss: 7.9900 (Cls: 7.9724, TAL: -0.0833, Adv: 0.2843) | Train Acc: 0.1354 | Val Acc: 0.1923 | Val P/R/F1 (Macro): 0.0496/0.0929/0.0595 | LR: 0.000010
  >>> New Best Val Acc: 0.1923

迭代 1 最佳指标:
  Accuracy: 0.1923
  Precision (Macro): 0.0496
  Recall (Macro): 0.0929
  F1 (Macro): 0.0595
  Precision (Micro): 0.1923
  Recall (Micro): 0.1923
  F1 (Micro): 0.1923

================================================================================
1次迭代统计结果
================================================================================

accuracy:
  各迭代值: ['0.1923']
  均值 (Mean): 0.1923
  标准差 (Std): 0.0000

precision_macro:
  各迭代值: ['0.0496']
  均值 (Mean): 0.0496
  标准差 (Std): 0.0000

recall_macro:
  各迭代值: ['0.0929']
  均值 (Mean): 0.0929
  标准差 (Std): 0.0000

f1_macro:
  各迭代值: ['0.0595']
  均值 (Mean): 0.0595
  标准差 (Std): 0.0000

precision_micro:
  各迭代值: ['0.1923']
  均值 (Mean): 0.1923
  标准差 (Std): 0.0000

recall_micro:
  各迭代值: ['0.1923']
  均值 (Mean): 0.1923
  标准差 (Std): 0.0000

f1_micro:
  各迭代值: ['0.1923']
  均值 (Mean): 0.1923
  标准差 (Std): 0.0000

训练结束时间: 2026-06-24 15:50:10
================================================================================
