================================================================================
模块消融实验 - without_tensor_with_ot
目标域天气: 黑天
训练开始时间: 2026-07-13 22:52:44
设备: cuda
源域: /home/lixiang/lx/Data/晴天
目标域: /home/lixiang/lx/Data/黑天
批次大小: 32
总轮数: 100
迭代次数: 5
使用Tensor模块: 否
使用OT模块: 是
特征融合方式: 通道拼接
域对齐方式: 最优传输
目标标签比例/权重: 0.32/0.52
Tensor/Adv损失权重: 0.0/0.07
学习率: feature=5e-06, other=0.0002, weight_decay=0.0005
报告策略: last_window, 窗口: 10
================================================================================

================================================================================
迭代 1/5
随机种子: 42
================================================================================
Training mode: unpaired target adaptation with controlled target-label loss (ratio=0.32, weight=0.52).
Fixed labeled target subset: 149/465 samples.
Feature fusion: Channel concatenation (512+512); fused_dim=1024
Domain adaptation: Neural OT generator with 3-domain discriminator
Loss weights: tensor=0.00, adv=0.07
Epoch [1/100] | Loss: 6.2660 (Cls: 6.2462, TAL: 0.0000, Adv: 0.2823) | Train Acc: 0.2478 | Val Acc: 0.0000 | Val P/R/F1 (Macro): 0.0000/0.0000/0.0000 | LR: 0.000005
Epoch [2/100] | Loss: 4.9963 (Cls: 4.9767, TAL: 0.0000, Adv: 0.2809) | Train Acc: 0.4643 | Val Acc: 0.3750 | Val P/R/F1 (Macro): 0.2745/0.2262/0.2236 | LR: 0.000005
  >>> New Best Val Acc: 0.3750
Epoch [3/100] | Loss: 4.3277 (Cls: 4.3016, TAL: 0.0000, Adv: 0.3733) | Train Acc: 0.5759 | Val Acc: 0.4250 | Val P/R/F1 (Macro): 0.3188/0.2347/0.2421 | LR: 0.000005
  >>> New Best Val Acc: 0.4250
Epoch [4/100] | Loss: 3.8204 (Cls: 3.7810, TAL: 0.0000, Adv: 0.5622) | Train Acc: 0.6406 | Val Acc: 0.3333 | Val P/R/F1 (Macro): 0.3323/0.1989/0.2319 | LR: 0.000005
Epoch [5/100] | Loss: 3.4424 (Cls: 3.3968, TAL: 0.0000, Adv: 0.6514) | Train Acc: 0.7500 | Val Acc: 0.3833 | Val P/R/F1 (Macro): 0.3939/0.2714/0.2910 | LR: 0.000005
Epoch [6/100] | Loss: 3.0441 (Cls: 2.9922, TAL: 0.0000, Adv: 0.7413) | Train Acc: 0.7768 | Val Acc: 0.5500 | Val P/R/F1 (Macro): 0.3855/0.3192/0.3444 | LR: 0.000005
  >>> New Best Val Acc: 0.5500
Epoch [7/100] | Loss: 2.7680 (Cls: 2.7075, TAL: 0.0000, Adv: 0.8647) | Train Acc: 0.8326 | Val Acc: 0.4750 | Val P/R/F1 (Macro): 0.3671/0.3391/0.3148 | LR: 0.000005
Epoch [8/100] | Loss: 2.7043 (Cls: 2.6376, TAL: 0.0000, Adv: 0.9529) | Train Acc: 0.8237 | Val Acc: 0.6417 | Val P/R/F1 (Macro): 0.5701/0.4222/0.4655 | LR: 0.000005
  >>> New Best Val Acc: 0.6417
Epoch [9/100] | Loss: 2.5297 (Cls: 2.4444, TAL: 0.0000, Adv: 1.2181) | Train Acc: 0.8929 | Val Acc: 0.5083 | Val P/R/F1 (Macro): 0.5900/0.3929/0.4407 | LR: 0.000005
Epoch [10/100] | Loss: 2.5235 (Cls: 2.4236, TAL: 0.0000, Adv: 1.4272) | Train Acc: 0.8817 | Val Acc: 0.5417 | Val P/R/F1 (Macro): 0.4555/0.3623/0.3769 | LR: 0.000005
Epoch [11/100] | Loss: 2.4868 (Cls: 2.3828, TAL: 0.0000, Adv: 1.4860) | Train Acc: 0.8750 | Val Acc: 0.6500 | Val P/R/F1 (Macro): 0.5978/0.5275/0.5201 | LR: 0.000005
  >>> New Best Val Acc: 0.6500
Epoch [12/100] | Loss: 2.4643 (Cls: 2.3492, TAL: 0.0000, Adv: 1.6440) | Train Acc: 0.8795 | Val Acc: 0.4667 | Val P/R/F1 (Macro): 0.5009/0.3569/0.3663 | LR: 0.000005
Epoch [13/100] | Loss: 2.3450 (Cls: 2.2149, TAL: 0.0000, Adv: 1.8576) | Train Acc: 0.9152 | Val Acc: 0.5583 | Val P/R/F1 (Macro): 0.6262/0.3845/0.4537 | LR: 0.000005
Epoch [14/100] | Loss: 2.2882 (Cls: 2.1575, TAL: 0.0000, Adv: 1.8668) | Train Acc: 0.9196 | Val Acc: 0.6000 | Val P/R/F1 (Macro): 0.5053/0.4813/0.4774 | LR: 0.000005
Epoch [15/100] | Loss: 2.1519 (Cls: 2.0134, TAL: 0.0000, Adv: 1.9787) | Train Acc: 0.9531 | Val Acc: 0.6667 | Val P/R/F1 (Macro): 0.5208/0.4427/0.4565 | LR: 0.000005
  >>> New Best Val Acc: 0.6667
Epoch [16/100] | Loss: 2.2046 (Cls: 2.0668, TAL: 0.0000, Adv: 1.9681) | Train Acc: 0.9487 | Val Acc: 0.6250 | Val P/R/F1 (Macro): 0.6042/0.4830/0.5083 | LR: 0.000005
Epoch [17/100] | Loss: 2.2093 (Cls: 2.0563, TAL: 0.0000, Adv: 2.1847) | Train Acc: 0.9219 | Val Acc: 0.7333 | Val P/R/F1 (Macro): 0.7453/0.6317/0.6484 | LR: 0.000005
  >>> New Best Val Acc: 0.7333
Epoch [18/100] | Loss: 2.2009 (Cls: 2.0391, TAL: 0.0000, Adv: 2.3120) | Train Acc: 0.9554 | Val Acc: 0.5667 | Val P/R/F1 (Macro): 0.6016/0.4492/0.4647 | LR: 0.000005
Epoch [19/100] | Loss: 2.1460 (Cls: 1.9835, TAL: 0.0000, Adv: 2.3214) | Train Acc: 0.9219 | Val Acc: 0.7417 | Val P/R/F1 (Macro): 0.6885/0.5829/0.6147 | LR: 0.000005
  >>> New Best Val Acc: 0.7417
Epoch [20/100] | Loss: 2.1257 (Cls: 1.9560, TAL: 0.0000, Adv: 2.4234) | Train Acc: 0.9554 | Val Acc: 0.6417 | Val P/R/F1 (Macro): 0.6458/0.5756/0.5599 | LR: 0.000005
Epoch [21/100] | Loss: 2.0419 (Cls: 1.8598, TAL: 0.0000, Adv: 2.6023) | Train Acc: 0.9643 | Val Acc: 0.6750 | Val P/R/F1 (Macro): 0.6458/0.4897/0.5461 | LR: 0.000005
Epoch [22/100] | Loss: 2.1949 (Cls: 2.0065, TAL: 0.0000, Adv: 2.6912) | Train Acc: 0.9353 | Val Acc: 0.6833 | Val P/R/F1 (Macro): 0.6380/0.5627/0.5904 | LR: 0.000005
Epoch [23/100] | Loss: 2.1136 (Cls: 1.9227, TAL: 0.0000, Adv: 2.7258) | Train Acc: 0.9665 | Val Acc: 0.7167 | Val P/R/F1 (Macro): 0.7180/0.5696/0.6150 | LR: 0.000005
Epoch [24/100] | Loss: 2.0686 (Cls: 1.8761, TAL: 0.0000, Adv: 2.7500) | Train Acc: 0.9710 | Val Acc: 0.6583 | Val P/R/F1 (Macro): 0.5131/0.4447/0.4547 | LR: 0.000005
Epoch [25/100] | Loss: 2.0236 (Cls: 1.8286, TAL: 0.0000, Adv: 2.7864) | Train Acc: 0.9777 | Val Acc: 0.6417 | Val P/R/F1 (Macro): 0.7562/0.5540/0.6092 | LR: 0.000005
Epoch [26/100] | Loss: 2.1031 (Cls: 1.9095, TAL: 0.0000, Adv: 2.7653) | Train Acc: 0.9710 | Val Acc: 0.7500 | Val P/R/F1 (Macro): 0.8509/0.7502/0.7843 | LR: 0.000005
  >>> New Best Val Acc: 0.7500
Epoch [27/100] | Loss: 2.0190 (Cls: 1.8127, TAL: 0.0000, Adv: 2.9464) | Train Acc: 0.9732 | Val Acc: 0.6417 | Val P/R/F1 (Macro): 0.7667/0.5926/0.6369 | LR: 0.000005
Epoch [28/100] | Loss: 2.0721 (Cls: 1.8713, TAL: 0.0000, Adv: 2.8686) | Train Acc: 0.9799 | Val Acc: 0.7667 | Val P/R/F1 (Macro): 0.6408/0.6395/0.6325 | LR: 0.000005
  >>> New Best Val Acc: 0.7667
Epoch [29/100] | Loss: 2.0825 (Cls: 1.8685, TAL: 0.0000, Adv: 3.0569) | Train Acc: 0.9665 | Val Acc: 0.7417 | Val P/R/F1 (Macro): 0.8582/0.7283/0.7115 | LR: 0.000005
Epoch [30/100] | Loss: 2.0358 (Cls: 1.8241, TAL: 0.0000, Adv: 3.0241) | Train Acc: 0.9732 | Val Acc: 0.6417 | Val P/R/F1 (Macro): 0.5829/0.5841/0.5448 | LR: 0.000005
Epoch [31/100] | Loss: 2.0231 (Cls: 1.8079, TAL: 0.0000, Adv: 3.0733) | Train Acc: 0.9710 | Val Acc: 0.7750 | Val P/R/F1 (Macro): 0.8722/0.7029/0.7586 | LR: 0.000005
  >>> New Best Val Acc: 0.7750
Epoch [32/100] | Loss: 1.9996 (Cls: 1.7630, TAL: 0.0000, Adv: 3.3808) | Train Acc: 0.9933 | Val Acc: 0.6833 | Val P/R/F1 (Macro): 0.7193/0.6369/0.6324 | LR: 0.000005
Epoch [33/100] | Loss: 1.9816 (Cls: 1.7574, TAL: 0.0000, Adv: 3.2023) | Train Acc: 0.9799 | Val Acc: 0.8250 | Val P/R/F1 (Macro): 0.8230/0.7032/0.7375 | LR: 0.000005
  >>> New Best Val Acc: 0.8250
Epoch [34/100] | Loss: 2.0067 (Cls: 1.7862, TAL: 0.0000, Adv: 3.1498) | Train Acc: 0.9799 | Val Acc: 0.7250 | Val P/R/F1 (Macro): 0.7913/0.6283/0.6573 | LR: 0.000005
Epoch [35/100] | Loss: 2.0665 (Cls: 1.8268, TAL: 0.0000, Adv: 3.4252) | Train Acc: 0.9598 | Val Acc: 0.7667 | Val P/R/F1 (Macro): 0.8409/0.5848/0.6607 | LR: 0.000005
Epoch [36/100] | Loss: 1.9776 (Cls: 1.7318, TAL: 0.0000, Adv: 3.5101) | Train Acc: 0.9821 | Val Acc: 0.7500 | Val P/R/F1 (Macro): 0.7159/0.5544/0.6092 | LR: 0.000005
Epoch [37/100] | Loss: 2.0008 (Cls: 1.7709, TAL: 0.0000, Adv: 3.2840) | Train Acc: 0.9754 | Val Acc: 0.7667 | Val P/R/F1 (Macro): 0.8511/0.6503/0.7067 | LR: 0.000005
Epoch [38/100] | Loss: 1.9610 (Cls: 1.7293, TAL: 0.0000, Adv: 3.3087) | Train Acc: 0.9821 | Val Acc: 0.8417 | Val P/R/F1 (Macro): 0.9134/0.7485/0.7974 | LR: 0.000005
  >>> New Best Val Acc: 0.8417
Epoch [39/100] | Loss: 1.9478 (Cls: 1.6965, TAL: 0.0000, Adv: 3.5904) | Train Acc: 0.9933 | Val Acc: 0.6917 | Val P/R/F1 (Macro): 0.6970/0.5609/0.6008 | LR: 0.000005
Epoch [40/100] | Loss: 2.0180 (Cls: 1.7685, TAL: 0.0000, Adv: 3.5643) | Train Acc: 0.9732 | Val Acc: 0.6667 | Val P/R/F1 (Macro): 0.7728/0.6167/0.6790 | LR: 0.000005
Epoch [41/100] | Loss: 1.9920 (Cls: 1.7441, TAL: 0.0000, Adv: 3.5412) | Train Acc: 0.9866 | Val Acc: 0.8500 | Val P/R/F1 (Macro): 0.9399/0.8131/0.8587 | LR: 0.000005
  >>> New Best Val Acc: 0.8500
Epoch [42/100] | Loss: 1.9156 (Cls: 1.6605, TAL: 0.0000, Adv: 3.6438) | Train Acc: 0.9978 | Val Acc: 0.7833 | Val P/R/F1 (Macro): 0.8571/0.7219/0.7741 | LR: 0.000005
Epoch [43/100] | Loss: 1.9914 (Cls: 1.7343, TAL: 0.0000, Adv: 3.6723) | Train Acc: 0.9754 | Val Acc: 0.8250 | Val P/R/F1 (Macro): 0.9078/0.7105/0.7734 | LR: 0.000005
Epoch [44/100] | Loss: 1.9438 (Cls: 1.6951, TAL: 0.0000, Adv: 3.5529) | Train Acc: 0.9911 | Val Acc: 0.8167 | Val P/R/F1 (Macro): 0.7977/0.7532/0.7521 | LR: 0.000005
Epoch [45/100] | Loss: 1.9556 (Cls: 1.6960, TAL: 0.0000, Adv: 3.7096) | Train Acc: 0.9866 | Val Acc: 0.7083 | Val P/R/F1 (Macro): 0.7322/0.6277/0.6619 | LR: 0.000005
Epoch [46/100] | Loss: 1.9371 (Cls: 1.6792, TAL: 0.0000, Adv: 3.6832) | Train Acc: 0.9732 | Val Acc: 0.8083 | Val P/R/F1 (Macro): 0.8188/0.7020/0.7416 | LR: 0.000005
Epoch [47/100] | Loss: 1.9278 (Cls: 1.6640, TAL: 0.0000, Adv: 3.7681) | Train Acc: 0.9955 | Val Acc: 0.8833 | Val P/R/F1 (Macro): 0.9073/0.8653/0.8710 | LR: 0.000005
  >>> New Best Val Acc: 0.8833
Epoch [48/100] | Loss: 1.9572 (Cls: 1.6942, TAL: 0.0000, Adv: 3.7579) | Train Acc: 0.9844 | Val Acc: 0.7750 | Val P/R/F1 (Macro): 0.8190/0.6288/0.6888 | LR: 0.000005
Epoch [49/100] | Loss: 1.9009 (Cls: 1.6259, TAL: 0.0000, Adv: 3.9282) | Train Acc: 0.9911 | Val Acc: 0.7167 | Val P/R/F1 (Macro): 0.8008/0.6004/0.6664 | LR: 0.000005
Epoch [50/100] | Loss: 1.9014 (Cls: 1.6302, TAL: 0.0000, Adv: 3.8740) | Train Acc: 0.9933 | Val Acc: 0.8333 | Val P/R/F1 (Macro): 0.9264/0.7949/0.8414 | LR: 0.000005
Epoch [51/100] | Loss: 1.8915 (Cls: 1.6178, TAL: 0.0000, Adv: 3.9093) | Train Acc: 0.9978 | Val Acc: 0.7250 | Val P/R/F1 (Macro): 0.7779/0.6402/0.6466 | LR: 0.000005
Epoch [52/100] | Loss: 1.8998 (Cls: 1.6179, TAL: 0.0000, Adv: 4.0266) | Train Acc: 0.9911 | Val Acc: 0.7667 | Val P/R/F1 (Macro): 0.7448/0.6994/0.6825 | LR: 0.000005
Epoch [53/100] | Loss: 1.9229 (Cls: 1.6453, TAL: 0.0000, Adv: 3.9653) | Train Acc: 0.9911 | Val Acc: 0.8167 | Val P/R/F1 (Macro): 0.8463/0.7718/0.7834 | LR: 0.000005
Epoch [54/100] | Loss: 1.8975 (Cls: 1.6154, TAL: 0.0000, Adv: 4.0302) | Train Acc: 0.9933 | Val Acc: 0.8583 | Val P/R/F1 (Macro): 0.9695/0.7909/0.8523 | LR: 0.000005
Epoch [55/100] | Loss: 1.9072 (Cls: 1.6293, TAL: 0.0000, Adv: 3.9703) | Train Acc: 0.9933 | Val Acc: 0.6917 | Val P/R/F1 (Macro): 0.7560/0.6864/0.7017 | LR: 0.000005
Epoch [56/100] | Loss: 1.9193 (Cls: 1.6387, TAL: 0.0000, Adv: 4.0084) | Train Acc: 0.9821 | Val Acc: 0.8500 | Val P/R/F1 (Macro): 0.8689/0.8613/0.8568 | LR: 0.000005
Epoch [57/100] | Loss: 1.9048 (Cls: 1.6225, TAL: 0.0000, Adv: 4.0333) | Train Acc: 0.9888 | Val Acc: 0.8917 | Val P/R/F1 (Macro): 0.9203/0.8742/0.8864 | LR: 0.000005
  >>> New Best Val Acc: 0.8917
Epoch [58/100] | Loss: 1.9046 (Cls: 1.6107, TAL: 0.0000, Adv: 4.1982) | Train Acc: 0.9911 | Val Acc: 0.8750 | Val P/R/F1 (Macro): 0.9766/0.8523/0.8980 | LR: 0.000005
Epoch [59/100] | Loss: 1.8583 (Cls: 1.5650, TAL: 0.0000, Adv: 4.1893) | Train Acc: 1.0000 | Val Acc: 0.7833 | Val P/R/F1 (Macro): 0.7940/0.7353/0.7549 | LR: 0.000005
Epoch [60/100] | Loss: 1.9096 (Cls: 1.6176, TAL: 0.0000, Adv: 4.1717) | Train Acc: 0.9844 | Val Acc: 0.8500 | Val P/R/F1 (Macro): 0.9013/0.8203/0.8266 | LR: 0.000005
Epoch [61/100] | Loss: 1.8922 (Cls: 1.5993, TAL: 0.0000, Adv: 4.1839) | Train Acc: 0.9955 | Val Acc: 0.8750 | Val P/R/F1 (Macro): 0.9231/0.8301/0.8540 | LR: 0.000005
Epoch [62/100] | Loss: 1.8588 (Cls: 1.5628, TAL: 0.0000, Adv: 4.2284) | Train Acc: 1.0000 | Val Acc: 0.7500 | Val P/R/F1 (Macro): 0.8012/0.5836/0.6534 | LR: 0.000005
Epoch [63/100] | Loss: 1.8919 (Cls: 1.5877, TAL: 0.0000, Adv: 4.3454) | Train Acc: 0.9978 | Val Acc: 0.7667 | Val P/R/F1 (Macro): 0.9546/0.6557/0.7290 | LR: 0.000005
Epoch [64/100] | Loss: 1.8692 (Cls: 1.5745, TAL: 0.0000, Adv: 4.2098) | Train Acc: 0.9955 | Val Acc: 0.8500 | Val P/R/F1 (Macro): 0.9430/0.8312/0.8656 | LR: 0.000005
Epoch [65/100] | Loss: 1.8601 (Cls: 1.5602, TAL: 0.0000, Adv: 4.2854) | Train Acc: 0.9955 | Val Acc: 0.8750 | Val P/R/F1 (Macro): 0.9766/0.8373/0.8836 | LR: 0.000005
Epoch [66/100] | Loss: 1.8824 (Cls: 1.5873, TAL: 0.0000, Adv: 4.2166) | Train Acc: 0.9911 | Val Acc: 0.8667 | Val P/R/F1 (Macro): 0.9320/0.8045/0.8435 | LR: 0.000005
Epoch [67/100] | Loss: 1.8687 (Cls: 1.5698, TAL: 0.0000, Adv: 4.2693) | Train Acc: 0.9978 | Val Acc: 0.8417 | Val P/R/F1 (Macro): 0.9250/0.7617/0.8106 | LR: 0.000005
Epoch [68/100] | Loss: 1.8597 (Cls: 1.5609, TAL: 0.0000, Adv: 4.2684) | Train Acc: 0.9933 | Val Acc: 0.8250 | Val P/R/F1 (Macro): 0.8456/0.6626/0.7121 | LR: 0.000003
Epoch [69/100] | Loss: 1.8508 (Cls: 1.5534, TAL: 0.0000, Adv: 4.2493) | Train Acc: 1.0000 | Val Acc: 0.7750 | Val P/R/F1 (Macro): 0.7734/0.6728/0.6803 | LR: 0.000003
Epoch [70/100] | Loss: 1.8150 (Cls: 1.5228, TAL: 0.0000, Adv: 4.1752) | Train Acc: 1.0000 | Val Acc: 0.8417 | Val P/R/F1 (Macro): 0.9402/0.7576/0.8155 | LR: 0.000003
Epoch [71/100] | Loss: 1.8352 (Cls: 1.5321, TAL: 0.0000, Adv: 4.3301) | Train Acc: 1.0000 | Val Acc: 0.8333 | Val P/R/F1 (Macro): 0.9479/0.7203/0.7633 | LR: 0.000003
Epoch [72/100] | Loss: 1.8398 (Cls: 1.5357, TAL: 0.0000, Adv: 4.3444) | Train Acc: 1.0000 | Val Acc: 0.8500 | Val P/R/F1 (Macro): 0.9726/0.7390/0.8016 | LR: 0.000003
Epoch [73/100] | Loss: 1.8360 (Cls: 1.5333, TAL: 0.0000, Adv: 4.3240) | Train Acc: 0.9978 | Val Acc: 0.8333 | Val P/R/F1 (Macro): 0.8475/0.7297/0.7638 | LR: 0.000003
Epoch [74/100] | Loss: 1.8472 (Cls: 1.5366, TAL: 0.0000, Adv: 4.4361) | Train Acc: 1.0000 | Val Acc: 0.9000 | Val P/R/F1 (Macro): 0.9766/0.8337/0.8778 | LR: 0.000003
  >>> New Best Val Acc: 0.9000
Epoch [75/100] | Loss: 1.8289 (Cls: 1.5278, TAL: 0.0000, Adv: 4.3015) | Train Acc: 1.0000 | Val Acc: 0.8333 | Val P/R/F1 (Macro): 0.8516/0.7095/0.7539 | LR: 0.000003
Epoch [76/100] | Loss: 1.8321 (Cls: 1.5194, TAL: 0.0000, Adv: 4.4671) | Train Acc: 1.0000 | Val Acc: 0.8333 | Val P/R/F1 (Macro): 0.8399/0.7856/0.8098 | LR: 0.000003
Epoch [77/100] | Loss: 1.8379 (Cls: 1.5201, TAL: 0.0000, Adv: 4.5398) | Train Acc: 1.0000 | Val Acc: 0.8500 | Val P/R/F1 (Macro): 0.9352/0.7630/0.8162 | LR: 0.000003
Epoch [78/100] | Loss: 1.8300 (Cls: 1.5108, TAL: 0.0000, Adv: 4.5593) | Train Acc: 1.0000 | Val Acc: 0.8833 | Val P/R/F1 (Macro): 0.9766/0.7931/0.8529 | LR: 0.000003
Epoch [79/100] | Loss: 1.8391 (Cls: 1.5191, TAL: 0.0000, Adv: 4.5708) | Train Acc: 1.0000 | Val Acc: 0.8250 | Val P/R/F1 (Macro): 0.9406/0.7155/0.7612 | LR: 0.000003
Epoch [80/100] | Loss: 1.8377 (Cls: 1.5176, TAL: 0.0000, Adv: 4.5724) | Train Acc: 1.0000 | Val Acc: 0.8167 | Val P/R/F1 (Macro): 0.7963/0.7350/0.7573 | LR: 0.000003
Epoch [81/100] | Loss: 1.8319 (Cls: 1.5101, TAL: 0.0000, Adv: 4.5975) | Train Acc: 1.0000 | Val Acc: 0.8667 | Val P/R/F1 (Macro): 0.9436/0.7911/0.8339 | LR: 0.000003
Epoch [82/100] | Loss: 1.8537 (Cls: 1.5274, TAL: 0.0000, Adv: 4.6627) | Train Acc: 0.9955 | Val Acc: 0.8667 | Val P/R/F1 (Macro): 0.9766/0.7981/0.8595 | LR: 0.000003
Epoch [83/100] | Loss: 1.8471 (Cls: 1.5249, TAL: 0.0000, Adv: 4.6040) | Train Acc: 0.9978 | Val Acc: 0.8333 | Val P/R/F1 (Macro): 0.9479/0.7715/0.8196 | LR: 0.000003
Epoch [84/100] | Loss: 1.8498 (Cls: 1.5201, TAL: 0.0000, Adv: 4.7102) | Train Acc: 1.0000 | Val Acc: 0.8667 | Val P/R/F1 (Macro): 0.9725/0.7726/0.8362 | LR: 0.000003
Epoch [85/100] | Loss: 1.8355 (Cls: 1.5064, TAL: 0.0000, Adv: 4.7023) | Train Acc: 1.0000 | Val Acc: 0.8750 | Val P/R/F1 (Macro): 0.9735/0.7751/0.8369 | LR: 0.000001
Epoch [86/100] | Loss: 1.8378 (Cls: 1.5075, TAL: 0.0000, Adv: 4.7182) | Train Acc: 1.0000 | Val Acc: 0.8417 | Val P/R/F1 (Macro): 0.9735/0.7251/0.7797 | LR: 0.000001
Epoch [87/100] | Loss: 1.8417 (Cls: 1.5105, TAL: 0.0000, Adv: 4.7314) | Train Acc: 0.9955 | Val Acc: 0.8167 | Val P/R/F1 (Macro): 0.8338/0.7017/0.7426 | LR: 0.000001
Epoch [88/100] | Loss: 1.8255 (Cls: 1.4974, TAL: 0.0000, Adv: 4.6859) | Train Acc: 0.9978 | Val Acc: 0.8583 | Val P/R/F1 (Macro): 0.9500/0.8009/0.8420 | LR: 0.000001
Epoch [89/100] | Loss: 1.8249 (Cls: 1.4918, TAL: 0.0000, Adv: 4.7579) | Train Acc: 1.0000 | Val Acc: 0.8333 | Val P/R/F1 (Macro): 0.8516/0.7481/0.7896 | LR: 0.000001
Epoch [90/100] | Loss: 1.8323 (Cls: 1.5036, TAL: 0.0000, Adv: 4.6956) | Train Acc: 0.9978 | Val Acc: 0.8167 | Val P/R/F1 (Macro): 0.8196/0.7403/0.7676 | LR: 0.000001
Epoch [91/100] | Loss: 1.8348 (Cls: 1.4999, TAL: 0.0000, Adv: 4.7841) | Train Acc: 1.0000 | Val Acc: 0.8167 | Val P/R/F1 (Macro): 0.8485/0.7034/0.7485 | LR: 0.000001
Epoch [92/100] | Loss: 1.8410 (Cls: 1.5054, TAL: 0.0000, Adv: 4.7946) | Train Acc: 1.0000 | Val Acc: 0.8417 | Val P/R/F1 (Macro): 0.9515/0.7620/0.8028 | LR: 0.000001
Epoch [93/100] | Loss: 1.8246 (Cls: 1.4909, TAL: 0.0000, Adv: 4.7674) | Train Acc: 1.0000 | Val Acc: 0.8750 | Val P/R/F1 (Macro): 0.9735/0.7970/0.8492 | LR: 0.000001
Epoch [94/100] | Loss: 1.8310 (Cls: 1.4983, TAL: 0.0000, Adv: 4.7536) | Train Acc: 0.9978 | Val Acc: 0.8500 | Val P/R/F1 (Macro): 0.9735/0.7408/0.8020 | LR: 0.000001
Epoch [95/100] | Loss: 1.8257 (Cls: 1.4911, TAL: 0.0000, Adv: 4.7805) | Train Acc: 0.9978 | Val Acc: 0.8750 | Val P/R/F1 (Macro): 0.9798/0.7885/0.8466 | LR: 0.000001
Epoch [96/100] | Loss: 1.8296 (Cls: 1.4958, TAL: 0.0000, Adv: 4.7684) | Train Acc: 0.9978 | Val Acc: 0.8417 | Val P/R/F1 (Macro): 0.9735/0.7251/0.7797 | LR: 0.000001
Epoch [97/100] | Loss: 1.8324 (Cls: 1.4877, TAL: 0.0000, Adv: 4.9245) | Train Acc: 1.0000 | Val Acc: 0.8583 | Val P/R/F1 (Macro): 0.9798/0.7699/0.8228 | LR: 0.000001
Epoch [98/100] | Loss: 1.8339 (Cls: 1.4982, TAL: 0.0000, Adv: 4.7963) | Train Acc: 1.0000 | Val Acc: 0.8500 | Val P/R/F1 (Macro): 0.9766/0.7668/0.8191 | LR: 0.000001
Epoch [99/100] | Loss: 1.8272 (Cls: 1.4809, TAL: 0.0000, Adv: 4.9473) | Train Acc: 1.0000 | Val Acc: 0.8583 | Val P/R/F1 (Macro): 0.9798/0.8085/0.8461 | LR: 0.000001
Epoch [100/100] | Loss: 1.8337 (Cls: 1.4910, TAL: 0.0000, Adv: 4.8962) | Train Acc: 1.0000 | Val Acc: 0.8500 | Val P/R/F1 (Macro): 0.9479/0.7650/0.8025 | LR: 0.000001
Report strategy: last_window, window=10, reported_acc=0.8517, best_acc=0.9000

迭代 1 报告指标:
  Accuracy: 0.8517
  Precision (Macro): 0.9584
  Recall (Macro): 0.7627
  F1 (Macro): 0.8119
  Precision (Micro): 0.8517
  Recall (Micro): 0.8517
  F1 (Micro): 0.8517
  Val class coverage: 8/14 (0.5714), samples=120

================================================================================
迭代 2/5
随机种子: 43
================================================================================
Training mode: unpaired target adaptation with controlled target-label loss (ratio=0.32, weight=0.52).
Fixed labeled target subset: 149/465 samples.
Feature fusion: Channel concatenation (512+512); fused_dim=1024
Domain adaptation: Neural OT generator with 3-domain discriminator
Loss weights: tensor=0.00, adv=0.07
Epoch [1/100] | Loss: 6.3899 (Cls: 6.3706, TAL: 0.0000, Adv: 0.2751) | Train Acc: 0.2210 | Val Acc: 0.2083 | Val P/R/F1 (Macro): 0.0289/0.1202/0.0466 | LR: 0.000005
  >>> New Best Val Acc: 0.2083
Epoch [2/100] | Loss: 5.2310 (Cls: 5.2117, TAL: 0.0000, Adv: 0.2754) | Train Acc: 0.4420 | Val Acc: 0.1250 | Val P/R/F1 (Macro): 0.0347/0.0721/0.0469 | LR: 0.000005
Epoch [3/100] | Loss: 4.3419 (Cls: 4.3158, TAL: 0.0000, Adv: 0.3726) | Train Acc: 0.5804 | Val Acc: 0.2250 | Val P/R/F1 (Macro): 0.2068/0.1652/0.1721 | LR: 0.000005
  >>> New Best Val Acc: 0.2250
Epoch [4/100] | Loss: 3.7733 (Cls: 3.7427, TAL: 0.0000, Adv: 0.4381) | Train Acc: 0.6652 | Val Acc: 0.4583 | Val P/R/F1 (Macro): 0.3669/0.4149/0.3653 | LR: 0.000005
  >>> New Best Val Acc: 0.4583
Epoch [5/100] | Loss: 3.4412 (Cls: 3.3943, TAL: 0.0000, Adv: 0.6695) | Train Acc: 0.7478 | Val Acc: 0.5000 | Val P/R/F1 (Macro): 0.4841/0.4342/0.4204 | LR: 0.000005
  >>> New Best Val Acc: 0.5000
Epoch [6/100] | Loss: 3.1886 (Cls: 3.1306, TAL: 0.0000, Adv: 0.8285) | Train Acc: 0.7567 | Val Acc: 0.3083 | Val P/R/F1 (Macro): 0.5329/0.3116/0.2963 | LR: 0.000005
Epoch [7/100] | Loss: 2.9957 (Cls: 2.9243, TAL: 0.0000, Adv: 1.0202) | Train Acc: 0.8013 | Val Acc: 0.3083 | Val P/R/F1 (Macro): 0.3643/0.2409/0.2386 | LR: 0.000005
Epoch [8/100] | Loss: 2.8600 (Cls: 2.7697, TAL: 0.0000, Adv: 1.2896) | Train Acc: 0.8482 | Val Acc: 0.2333 | Val P/R/F1 (Macro): 0.3276/0.1663/0.1786 | LR: 0.000005
Epoch [9/100] | Loss: 2.6014 (Cls: 2.4899, TAL: 0.0000, Adv: 1.5926) | Train Acc: 0.8839 | Val Acc: 0.5417 | Val P/R/F1 (Macro): 0.6523/0.5010/0.5294 | LR: 0.000005
  >>> New Best Val Acc: 0.5417
Epoch [10/100] | Loss: 2.4413 (Cls: 2.3259, TAL: 0.0000, Adv: 1.6489) | Train Acc: 0.8862 | Val Acc: 0.5000 | Val P/R/F1 (Macro): 0.5373/0.4131/0.4101 | LR: 0.000005
Epoch [11/100] | Loss: 2.3253 (Cls: 2.1961, TAL: 0.0000, Adv: 1.8458) | Train Acc: 0.9219 | Val Acc: 0.4833 | Val P/R/F1 (Macro): 0.7361/0.4924/0.5154 | LR: 0.000005
Epoch [12/100] | Loss: 2.2784 (Cls: 2.1464, TAL: 0.0000, Adv: 1.8863) | Train Acc: 0.9420 | Val Acc: 0.5333 | Val P/R/F1 (Macro): 0.6951/0.5127/0.5248 | LR: 0.000005
Epoch [13/100] | Loss: 2.3066 (Cls: 2.1637, TAL: 0.0000, Adv: 2.0409) | Train Acc: 0.9308 | Val Acc: 0.6500 | Val P/R/F1 (Macro): 0.5049/0.5056/0.4798 | LR: 0.000005
  >>> New Best Val Acc: 0.6500
Epoch [14/100] | Loss: 2.3470 (Cls: 2.1937, TAL: 0.0000, Adv: 2.1899) | Train Acc: 0.9286 | Val Acc: 0.6667 | Val P/R/F1 (Macro): 0.7109/0.5626/0.5860 | LR: 0.000005
  >>> New Best Val Acc: 0.6667
Epoch [15/100] | Loss: 2.2053 (Cls: 2.0296, TAL: 0.0000, Adv: 2.5100) | Train Acc: 0.9464 | Val Acc: 0.5417 | Val P/R/F1 (Macro): 0.6666/0.5021/0.5446 | LR: 0.000005
Epoch [16/100] | Loss: 2.3576 (Cls: 2.1755, TAL: 0.0000, Adv: 2.6023) | Train Acc: 0.9263 | Val Acc: 0.7917 | Val P/R/F1 (Macro): 0.8063/0.6652/0.6807 | LR: 0.000005
  >>> New Best Val Acc: 0.7917
Epoch [17/100] | Loss: 2.1099 (Cls: 1.9288, TAL: 0.0000, Adv: 2.5873) | Train Acc: 0.9531 | Val Acc: 0.6500 | Val P/R/F1 (Macro): 0.7572/0.5855/0.5827 | LR: 0.000005
Epoch [18/100] | Loss: 2.2089 (Cls: 2.0283, TAL: 0.0000, Adv: 2.5811) | Train Acc: 0.9420 | Val Acc: 0.5500 | Val P/R/F1 (Macro): 0.7679/0.5672/0.5655 | LR: 0.000005
Epoch [19/100] | Loss: 2.1257 (Cls: 1.9330, TAL: 0.0000, Adv: 2.7525) | Train Acc: 0.9576 | Val Acc: 0.5583 | Val P/R/F1 (Macro): 0.6071/0.5171/0.5454 | LR: 0.000005
Epoch [20/100] | Loss: 2.1787 (Cls: 1.9857, TAL: 0.0000, Adv: 2.7570) | Train Acc: 0.9531 | Val Acc: 0.6583 | Val P/R/F1 (Macro): 0.8311/0.6599/0.6667 | LR: 0.000005
Epoch [21/100] | Loss: 2.0586 (Cls: 1.8512, TAL: 0.0000, Adv: 2.9630) | Train Acc: 0.9777 | Val Acc: 0.6833 | Val P/R/F1 (Macro): 0.9196/0.6291/0.6828 | LR: 0.000005
Epoch [22/100] | Loss: 2.2246 (Cls: 2.0148, TAL: 0.0000, Adv: 2.9974) | Train Acc: 0.9509 | Val Acc: 0.7333 | Val P/R/F1 (Macro): 0.7713/0.7157/0.7108 | LR: 0.000005
Epoch [23/100] | Loss: 2.1480 (Cls: 1.9443, TAL: 0.0000, Adv: 2.9094) | Train Acc: 0.9554 | Val Acc: 0.6833 | Val P/R/F1 (Macro): 0.7769/0.7215/0.7290 | LR: 0.000005
Epoch [24/100] | Loss: 2.0851 (Cls: 1.8545, TAL: 0.0000, Adv: 3.2947) | Train Acc: 0.9621 | Val Acc: 0.8333 | Val P/R/F1 (Macro): 0.8921/0.7848/0.8179 | LR: 0.000005
  >>> New Best Val Acc: 0.8333
Epoch [25/100] | Loss: 2.1383 (Cls: 1.9057, TAL: 0.0000, Adv: 3.3222) | Train Acc: 0.9598 | Val Acc: 0.6833 | Val P/R/F1 (Macro): 0.7684/0.6169/0.6669 | LR: 0.000005
Epoch [26/100] | Loss: 2.0646 (Cls: 1.8293, TAL: 0.0000, Adv: 3.3601) | Train Acc: 0.9732 | Val Acc: 0.7250 | Val P/R/F1 (Macro): 0.7622/0.5892/0.6213 | LR: 0.000005
Epoch [27/100] | Loss: 2.1024 (Cls: 1.8655, TAL: 0.0000, Adv: 3.3848) | Train Acc: 0.9688 | Val Acc: 0.6250 | Val P/R/F1 (Macro): 0.7089/0.6941/0.6574 | LR: 0.000005
Epoch [28/100] | Loss: 2.1314 (Cls: 1.8965, TAL: 0.0000, Adv: 3.3550) | Train Acc: 0.9643 | Val Acc: 0.4833 | Val P/R/F1 (Macro): 0.6562/0.5596/0.5532 | LR: 0.000005
Epoch [29/100] | Loss: 2.0437 (Cls: 1.8110, TAL: 0.0000, Adv: 3.3240) | Train Acc: 0.9754 | Val Acc: 0.7667 | Val P/R/F1 (Macro): 0.8468/0.7766/0.7910 | LR: 0.000005
Epoch [30/100] | Loss: 2.0316 (Cls: 1.7839, TAL: 0.0000, Adv: 3.5390) | Train Acc: 0.9821 | Val Acc: 0.8083 | Val P/R/F1 (Macro): 0.9225/0.7860/0.8259 | LR: 0.000005
Epoch [31/100] | Loss: 2.0847 (Cls: 1.8345, TAL: 0.0000, Adv: 3.5746) | Train Acc: 0.9643 | Val Acc: 0.7833 | Val P/R/F1 (Macro): 0.9186/0.7551/0.7985 | LR: 0.000005
Epoch [32/100] | Loss: 2.0649 (Cls: 1.8182, TAL: 0.0000, Adv: 3.5248) | Train Acc: 0.9643 | Val Acc: 0.7417 | Val P/R/F1 (Macro): 0.7947/0.7664/0.7575 | LR: 0.000005
Epoch [33/100] | Loss: 2.0138 (Cls: 1.7642, TAL: 0.0000, Adv: 3.5657) | Train Acc: 0.9844 | Val Acc: 0.7500 | Val P/R/F1 (Macro): 0.7839/0.7672/0.7347 | LR: 0.000005
Epoch [34/100] | Loss: 2.0393 (Cls: 1.7795, TAL: 0.0000, Adv: 3.7117) | Train Acc: 0.9911 | Val Acc: 0.8750 | Val P/R/F1 (Macro): 0.9527/0.8887/0.9120 | LR: 0.000005
  >>> New Best Val Acc: 0.8750
Epoch [35/100] | Loss: 1.9678 (Cls: 1.7130, TAL: 0.0000, Adv: 3.6407) | Train Acc: 0.9821 | Val Acc: 0.7500 | Val P/R/F1 (Macro): 0.8466/0.6689/0.7394 | LR: 0.000005
Epoch [36/100] | Loss: 2.0126 (Cls: 1.7402, TAL: 0.0000, Adv: 3.8925) | Train Acc: 0.9866 | Val Acc: 0.7000 | Val P/R/F1 (Macro): 0.8056/0.5931/0.6576 | LR: 0.000005
Epoch [37/100] | Loss: 2.0181 (Cls: 1.7420, TAL: 0.0000, Adv: 3.9452) | Train Acc: 0.9799 | Val Acc: 0.8333 | Val P/R/F1 (Macro): 0.8754/0.7555/0.7570 | LR: 0.000005
Epoch [38/100] | Loss: 2.0649 (Cls: 1.7987, TAL: 0.0000, Adv: 3.8027) | Train Acc: 0.9643 | Val Acc: 0.5833 | Val P/R/F1 (Macro): 0.7132/0.4637/0.5153 | LR: 0.000005
Epoch [39/100] | Loss: 2.0474 (Cls: 1.7771, TAL: 0.0000, Adv: 3.8617) | Train Acc: 0.9844 | Val Acc: 0.7833 | Val P/R/F1 (Macro): 0.8821/0.7496/0.7718 | LR: 0.000005
Epoch [40/100] | Loss: 1.9380 (Cls: 1.6618, TAL: 0.0000, Adv: 3.9462) | Train Acc: 0.9888 | Val Acc: 0.7417 | Val P/R/F1 (Macro): 0.8176/0.6814/0.7199 | LR: 0.000005
Epoch [41/100] | Loss: 1.9523 (Cls: 1.6795, TAL: 0.0000, Adv: 3.8965) | Train Acc: 0.9866 | Val Acc: 0.6583 | Val P/R/F1 (Macro): 0.8039/0.6000/0.6220 | LR: 0.000005
Epoch [42/100] | Loss: 1.9826 (Cls: 1.7102, TAL: 0.0000, Adv: 3.8922) | Train Acc: 0.9844 | Val Acc: 0.7750 | Val P/R/F1 (Macro): 0.7792/0.7452/0.7316 | LR: 0.000005
Epoch [43/100] | Loss: 1.9905 (Cls: 1.7210, TAL: 0.0000, Adv: 3.8494) | Train Acc: 0.9844 | Val Acc: 0.7833 | Val P/R/F1 (Macro): 0.8905/0.7204/0.7712 | LR: 0.000005
Epoch [44/100] | Loss: 1.9704 (Cls: 1.6910, TAL: 0.0000, Adv: 3.9909) | Train Acc: 0.9821 | Val Acc: 0.8333 | Val P/R/F1 (Macro): 0.9245/0.7151/0.7762 | LR: 0.000005
Epoch [45/100] | Loss: 1.9697 (Cls: 1.6752, TAL: 0.0000, Adv: 4.2077) | Train Acc: 0.9933 | Val Acc: 0.8333 | Val P/R/F1 (Macro): 0.8969/0.7720/0.7901 | LR: 0.000003
Epoch [46/100] | Loss: 1.9341 (Cls: 1.6552, TAL: 0.0000, Adv: 3.9838) | Train Acc: 0.9911 | Val Acc: 0.8917 | Val P/R/F1 (Macro): 0.9432/0.8818/0.9010 | LR: 0.000003
  >>> New Best Val Acc: 0.8917
Epoch [47/100] | Loss: 1.9356 (Cls: 1.6425, TAL: 0.0000, Adv: 4.1876) | Train Acc: 0.9933 | Val Acc: 0.7583 | Val P/R/F1 (Macro): 0.8440/0.7661/0.7694 | LR: 0.000003
Epoch [48/100] | Loss: 1.9175 (Cls: 1.6266, TAL: 0.0000, Adv: 4.1547) | Train Acc: 0.9978 | Val Acc: 0.8917 | Val P/R/F1 (Macro): 0.9557/0.8349/0.8787 | LR: 0.000003
Epoch [49/100] | Loss: 1.8999 (Cls: 1.6204, TAL: 0.0000, Adv: 3.9927) | Train Acc: 0.9933 | Val Acc: 0.8833 | Val P/R/F1 (Macro): 0.9338/0.8293/0.8609 | LR: 0.000003
Epoch [50/100] | Loss: 1.8953 (Cls: 1.5996, TAL: 0.0000, Adv: 4.2246) | Train Acc: 0.9933 | Val Acc: 0.8417 | Val P/R/F1 (Macro): 0.8777/0.7826/0.8075 | LR: 0.000003
Epoch [51/100] | Loss: 1.8924 (Cls: 1.6058, TAL: 0.0000, Adv: 4.0936) | Train Acc: 0.9911 | Val Acc: 0.8500 | Val P/R/F1 (Macro): 0.9441/0.7860/0.8326 | LR: 0.000003
Epoch [52/100] | Loss: 1.8683 (Cls: 1.5793, TAL: 0.0000, Adv: 4.1273) | Train Acc: 0.9955 | Val Acc: 0.7833 | Val P/R/F1 (Macro): 0.8307/0.7352/0.7659 | LR: 0.000003
Epoch [53/100] | Loss: 1.8796 (Cls: 1.5835, TAL: 0.0000, Adv: 4.2298) | Train Acc: 0.9933 | Val Acc: 0.7917 | Val P/R/F1 (Macro): 0.8937/0.6867/0.7277 | LR: 0.000003
Epoch [54/100] | Loss: 1.8763 (Cls: 1.5877, TAL: 0.0000, Adv: 4.1219) | Train Acc: 0.9933 | Val Acc: 0.7250 | Val P/R/F1 (Macro): 0.8906/0.6803/0.7429 | LR: 0.000003
Epoch [55/100] | Loss: 1.8695 (Cls: 1.5781, TAL: 0.0000, Adv: 4.1621) | Train Acc: 0.9978 | Val Acc: 0.8917 | Val P/R/F1 (Macro): 0.9330/0.8498/0.8784 | LR: 0.000003
Epoch [56/100] | Loss: 1.8786 (Cls: 1.5762, TAL: 0.0000, Adv: 4.3196) | Train Acc: 0.9933 | Val Acc: 0.8500 | Val P/R/F1 (Macro): 0.9244/0.8500/0.8649 | LR: 0.000003
Epoch [57/100] | Loss: 1.8829 (Cls: 1.5786, TAL: 0.0000, Adv: 4.3479) | Train Acc: 0.9978 | Val Acc: 0.8583 | Val P/R/F1 (Macro): 0.9733/0.8249/0.8830 | LR: 0.000001
Epoch [58/100] | Loss: 1.8590 (Cls: 1.5673, TAL: 0.0000, Adv: 4.1681) | Train Acc: 0.9955 | Val Acc: 0.7917 | Val P/R/F1 (Macro): 0.9060/0.7563/0.7985 | LR: 0.000001
Epoch [59/100] | Loss: 1.8607 (Cls: 1.5657, TAL: 0.0000, Adv: 4.2134) | Train Acc: 0.9978 | Val Acc: 0.7833 | Val P/R/F1 (Macro): 0.8583/0.7452/0.7567 | LR: 0.000001
Epoch [60/100] | Loss: 1.8556 (Cls: 1.5507, TAL: 0.0000, Adv: 4.3564) | Train Acc: 0.9955 | Val Acc: 0.8333 | Val P/R/F1 (Macro): 0.8886/0.8230/0.8214 | LR: 0.000001
Epoch [61/100] | Loss: 1.8663 (Cls: 1.5672, TAL: 0.0000, Adv: 4.2735) | Train Acc: 0.9978 | Val Acc: 0.8250 | Val P/R/F1 (Macro): 0.9338/0.7970/0.8244 | LR: 0.000001
Epoch [62/100] | Loss: 1.8543 (Cls: 1.5453, TAL: 0.0000, Adv: 4.4139) | Train Acc: 0.9978 | Val Acc: 0.8083 | Val P/R/F1 (Macro): 0.9652/0.7844/0.8399 | LR: 0.000001
Epoch [63/100] | Loss: 1.8541 (Cls: 1.5463, TAL: 0.0000, Adv: 4.3978) | Train Acc: 1.0000 | Val Acc: 0.7917 | Val P/R/F1 (Macro): 0.8730/0.7563/0.7923 | LR: 0.000001
Epoch [64/100] | Loss: 1.8799 (Cls: 1.5638, TAL: 0.0000, Adv: 4.5161) | Train Acc: 0.9978 | Val Acc: 0.8583 | Val P/R/F1 (Macro): 0.8834/0.8059/0.8313 | LR: 0.000001
Epoch [65/100] | Loss: 1.8839 (Cls: 1.5679, TAL: 0.0000, Adv: 4.5149) | Train Acc: 0.9933 | Val Acc: 0.8500 | Val P/R/F1 (Macro): 0.9154/0.7943/0.8350 | LR: 0.000001
Epoch [66/100] | Loss: 1.8614 (Cls: 1.5474, TAL: 0.0000, Adv: 4.4855) | Train Acc: 0.9978 | Val Acc: 0.9000 | Val P/R/F1 (Macro): 0.9279/0.8766/0.8852 | LR: 0.000001
  >>> New Best Val Acc: 0.9000
Epoch [67/100] | Loss: 1.8584 (Cls: 1.5366, TAL: 0.0000, Adv: 4.5976) | Train Acc: 0.9978 | Val Acc: 0.8333 | Val P/R/F1 (Macro): 0.8887/0.8038/0.8168 | LR: 0.000001
Epoch [68/100] | Loss: 1.8792 (Cls: 1.5547, TAL: 0.0000, Adv: 4.6356) | Train Acc: 0.9911 | Val Acc: 0.8083 | Val P/R/F1 (Macro): 0.8654/0.7844/0.7955 | LR: 0.000001
Epoch [69/100] | Loss: 1.8480 (Cls: 1.5310, TAL: 0.0000, Adv: 4.5289) | Train Acc: 1.0000 | Val Acc: 0.8417 | Val P/R/F1 (Macro): 0.9043/0.7746/0.8102 | LR: 0.000001
Epoch [70/100] | Loss: 1.8810 (Cls: 1.5492, TAL: 0.0000, Adv: 4.7389) | Train Acc: 0.9955 | Val Acc: 0.9000 | Val P/R/F1 (Macro): 0.9142/0.8849/0.8848 | LR: 0.000001
Epoch [71/100] | Loss: 1.8642 (Cls: 1.5401, TAL: 0.0000, Adv: 4.6294) | Train Acc: 0.9978 | Val Acc: 0.8750 | Val P/R/F1 (Macro): 0.9117/0.8632/0.8753 | LR: 0.000001
Epoch [72/100] | Loss: 1.8645 (Cls: 1.5352, TAL: 0.0000, Adv: 4.7036) | Train Acc: 1.0000 | Val Acc: 0.8500 | Val P/R/F1 (Macro): 0.9432/0.8080/0.8445 | LR: 0.000001
Epoch [73/100] | Loss: 1.8779 (Cls: 1.5447, TAL: 0.0000, Adv: 4.7601) | Train Acc: 1.0000 | Val Acc: 0.8417 | Val P/R/F1 (Macro): 0.9590/0.7620/0.8185 | LR: 0.000001
Epoch [74/100] | Loss: 1.8814 (Cls: 1.5526, TAL: 0.0000, Adv: 4.6965) | Train Acc: 0.9978 | Val Acc: 0.8167 | Val P/R/F1 (Macro): 0.8948/0.7502/0.8036 | LR: 0.000001
Epoch [75/100] | Loss: 1.8901 (Cls: 1.5503, TAL: 0.0000, Adv: 4.8543) | Train Acc: 0.9933 | Val Acc: 0.8333 | Val P/R/F1 (Macro): 0.8911/0.7413/0.7866 | LR: 0.000001
Epoch [76/100] | Loss: 1.8753 (Cls: 1.5444, TAL: 0.0000, Adv: 4.7261) | Train Acc: 0.9978 | Val Acc: 0.8667 | Val P/R/F1 (Macro): 0.8556/0.8258/0.8250 | LR: 0.000001
Epoch [77/100] | Loss: 1.8648 (Cls: 1.5320, TAL: 0.0000, Adv: 4.7531) | Train Acc: 0.9933 | Val Acc: 0.9083 | Val P/R/F1 (Macro): 0.9650/0.8777/0.9106 | LR: 0.000001
  >>> New Best Val Acc: 0.9083
Epoch [78/100] | Loss: 1.8745 (Cls: 1.5336, TAL: 0.0000, Adv: 4.8705) | Train Acc: 1.0000 | Val Acc: 0.8583 | Val P/R/F1 (Macro): 0.9378/0.8362/0.8744 | LR: 0.000001
Epoch [79/100] | Loss: 1.8692 (Cls: 1.5319, TAL: 0.0000, Adv: 4.8184) | Train Acc: 1.0000 | Val Acc: 0.8083 | Val P/R/F1 (Macro): 0.9003/0.7308/0.7700 | LR: 0.000001
Epoch [80/100] | Loss: 1.8783 (Cls: 1.5365, TAL: 0.0000, Adv: 4.8831) | Train Acc: 0.9955 | Val Acc: 0.8000 | Val P/R/F1 (Macro): 0.8922/0.7594/0.8042 | LR: 0.000001
Epoch [81/100] | Loss: 1.8784 (Cls: 1.5398, TAL: 0.0000, Adv: 4.8383) | Train Acc: 0.9978 | Val Acc: 0.8333 | Val P/R/F1 (Macro): 0.9025/0.7758/0.8135 | LR: 0.000001
Epoch [82/100] | Loss: 1.8939 (Cls: 1.5460, TAL: 0.0000, Adv: 4.9695) | Train Acc: 0.9955 | Val Acc: 0.8083 | Val P/R/F1 (Macro): 0.8543/0.7624/0.7918 | LR: 0.000001
Epoch [83/100] | Loss: 1.8696 (Cls: 1.5287, TAL: 0.0000, Adv: 4.8702) | Train Acc: 0.9955 | Val Acc: 0.7917 | Val P/R/F1 (Macro): 0.9365/0.7354/0.7852 | LR: 0.000001
Epoch [84/100] | Loss: 1.8753 (Cls: 1.5384, TAL: 0.0000, Adv: 4.8123) | Train Acc: 0.9955 | Val Acc: 0.8500 | Val P/R/F1 (Macro): 0.9060/0.7694/0.8063 | LR: 0.000001
Epoch [85/100] | Loss: 1.8800 (Cls: 1.5343, TAL: 0.0000, Adv: 4.9379) | Train Acc: 1.0000 | Val Acc: 0.8000 | Val P/R/F1 (Macro): 0.9119/0.7385/0.7955 | LR: 0.000001
Epoch [86/100] | Loss: 1.8766 (Cls: 1.5280, TAL: 0.0000, Adv: 4.9798) | Train Acc: 0.9978 | Val Acc: 0.8167 | Val P/R/F1 (Macro): 0.8529/0.7655/0.7971 | LR: 0.000001
Epoch [87/100] | Loss: 1.8690 (Cls: 1.5226, TAL: 0.0000, Adv: 4.9487) | Train Acc: 1.0000 | Val Acc: 0.8333 | Val P/R/F1 (Macro): 0.8485/0.7740/0.7962 | LR: 0.000001
Epoch [88/100] | Loss: 1.8648 (Cls: 1.5194, TAL: 0.0000, Adv: 4.9338) | Train Acc: 1.0000 | Val Acc: 0.8417 | Val P/R/F1 (Macro): 0.9503/0.7537/0.8076 | LR: 0.000001
Epoch [89/100] | Loss: 1.8657 (Cls: 1.5241, TAL: 0.0000, Adv: 4.8794) | Train Acc: 0.9955 | Val Acc: 0.8583 | Val P/R/F1 (Macro): 0.9191/0.7556/0.7863 | LR: 0.000001
Epoch [90/100] | Loss: 1.8724 (Cls: 1.5166, TAL: 0.0000, Adv: 5.0833) | Train Acc: 1.0000 | Val Acc: 0.8417 | Val P/R/F1 (Macro): 0.8906/0.7813/0.8191 | LR: 0.000001
Epoch [91/100] | Loss: 1.8729 (Cls: 1.5182, TAL: 0.0000, Adv: 5.0681) | Train Acc: 1.0000 | Val Acc: 0.8500 | Val P/R/F1 (Macro): 0.9555/0.7753/0.8341 | LR: 0.000001
Epoch [92/100] | Loss: 1.8790 (Cls: 1.5252, TAL: 0.0000, Adv: 5.0533) | Train Acc: 0.9978 | Val Acc: 0.8500 | Val P/R/F1 (Macro): 0.8730/0.7777/0.8063 | LR: 0.000001
Epoch [93/100] | Loss: 1.8733 (Cls: 1.5193, TAL: 0.0000, Adv: 5.0573) | Train Acc: 1.0000 | Val Acc: 0.8417 | Val P/R/F1 (Macro): 0.8841/0.7746/0.8119 | LR: 0.000001
Epoch [94/100] | Loss: 1.8745 (Cls: 1.5220, TAL: 0.0000, Adv: 5.0353) | Train Acc: 0.9933 | Val Acc: 0.7917 | Val P/R/F1 (Macro): 0.8686/0.7456/0.7842 | LR: 0.000001
Epoch [95/100] | Loss: 1.8672 (Cls: 1.5099, TAL: 0.0000, Adv: 5.1043) | Train Acc: 0.9978 | Val Acc: 0.8083 | Val P/R/F1 (Macro): 0.8418/0.7499/0.7778 | LR: 0.000001
Epoch [96/100] | Loss: 1.8693 (Cls: 1.5158, TAL: 0.0000, Adv: 5.0501) | Train Acc: 1.0000 | Val Acc: 0.8167 | Val P/R/F1 (Macro): 0.8589/0.7143/0.7459 | LR: 0.000001
Epoch [97/100] | Loss: 1.8599 (Cls: 1.5114, TAL: 0.0000, Adv: 4.9792) | Train Acc: 1.0000 | Val Acc: 0.8417 | Val P/R/F1 (Macro): 0.9147/0.7746/0.8212 | LR: 0.000001
Epoch [98/100] | Loss: 1.8528 (Cls: 1.5017, TAL: 0.0000, Adv: 5.0167) | Train Acc: 1.0000 | Val Acc: 0.8583 | Val P/R/F1 (Macro): 0.9201/0.7831/0.8284 | LR: 0.000001
Epoch [99/100] | Loss: 1.8831 (Cls: 1.5249, TAL: 0.0000, Adv: 5.1177) | Train Acc: 0.9955 | Val Acc: 0.8333 | Val P/R/F1 (Macro): 0.9461/0.7656/0.8197 | LR: 0.000001
Epoch [100/100] | Loss: 1.8734 (Cls: 1.5121, TAL: 0.0000, Adv: 5.1611) | Train Acc: 0.9978 | Val Acc: 0.8500 | Val P/R/F1 (Macro): 0.9459/0.7777/0.8287 | LR: 0.000001
Report strategy: last_window, window=10, reported_acc=0.8342, best_acc=0.9083

迭代 2 报告指标:
  Accuracy: 0.8342
  Precision (Macro): 0.9009
  Recall (Macro): 0.7638
  F1 (Macro): 0.8058
  Precision (Micro): 0.8342
  Recall (Micro): 0.8342
  F1 (Micro): 0.8342
  Val class coverage: 8/14 (0.5714), samples=120

================================================================================
迭代 3/5
随机种子: 44
================================================================================
Training mode: unpaired target adaptation with controlled target-label loss (ratio=0.32, weight=0.52).
Fixed labeled target subset: 149/465 samples.
Feature fusion: Channel concatenation (512+512); fused_dim=1024
Domain adaptation: Neural OT generator with 3-domain discriminator
Loss weights: tensor=0.00, adv=0.07
Epoch [1/100] | Loss: 6.4453 (Cls: 6.4218, TAL: 0.0000, Adv: 0.3362) | Train Acc: 0.2388 | Val Acc: 0.2583 | Val P/R/F1 (Macro): 0.2254/0.2249/0.1376 | LR: 0.000005
  >>> New Best Val Acc: 0.2583
Epoch [2/100] | Loss: 5.2913 (Cls: 5.2720, TAL: 0.0000, Adv: 0.2750) | Train Acc: 0.3817 | Val Acc: 0.2917 | Val P/R/F1 (Macro): 0.2944/0.1797/0.1975 | LR: 0.000005
  >>> New Best Val Acc: 0.2917
Epoch [3/100] | Loss: 4.2535 (Cls: 4.2326, TAL: 0.0000, Adv: 0.2988) | Train Acc: 0.6183 | Val Acc: 0.3917 | Val P/R/F1 (Macro): 0.3180/0.2222/0.2431 | LR: 0.000005
  >>> New Best Val Acc: 0.3917
Epoch [4/100] | Loss: 3.8599 (Cls: 3.8337, TAL: 0.0000, Adv: 0.3740) | Train Acc: 0.6496 | Val Acc: 0.2917 | Val P/R/F1 (Macro): 0.2840/0.1551/0.1727 | LR: 0.000005
Epoch [5/100] | Loss: 3.4111 (Cls: 3.3725, TAL: 0.0000, Adv: 0.5516) | Train Acc: 0.7344 | Val Acc: 0.4417 | Val P/R/F1 (Macro): 0.3840/0.3490/0.3204 | LR: 0.000005
  >>> New Best Val Acc: 0.4417
Epoch [6/100] | Loss: 3.1109 (Cls: 3.0661, TAL: 0.0000, Adv: 0.6396) | Train Acc: 0.8125 | Val Acc: 0.5583 | Val P/R/F1 (Macro): 0.4521/0.3612/0.3532 | LR: 0.000005
  >>> New Best Val Acc: 0.5583
Epoch [7/100] | Loss: 2.8062 (Cls: 2.7575, TAL: 0.0000, Adv: 0.6966) | Train Acc: 0.8438 | Val Acc: 0.4583 | Val P/R/F1 (Macro): 0.3337/0.2945/0.3002 | LR: 0.000005
Epoch [8/100] | Loss: 2.7524 (Cls: 2.6900, TAL: 0.0000, Adv: 0.8913) | Train Acc: 0.8460 | Val Acc: 0.5333 | Val P/R/F1 (Macro): 0.6292/0.4719/0.4557 | LR: 0.000005
Epoch [9/100] | Loss: 2.6203 (Cls: 2.5436, TAL: 0.0000, Adv: 1.0962) | Train Acc: 0.8638 | Val Acc: 0.3583 | Val P/R/F1 (Macro): 0.3148/0.2133/0.2288 | LR: 0.000005
Epoch [10/100] | Loss: 2.4401 (Cls: 2.3533, TAL: 0.0000, Adv: 1.2402) | Train Acc: 0.8996 | Val Acc: 0.6000 | Val P/R/F1 (Macro): 0.4331/0.3837/0.3908 | LR: 0.000005
  >>> New Best Val Acc: 0.6000
Epoch [11/100] | Loss: 2.4110 (Cls: 2.3148, TAL: 0.0000, Adv: 1.3733) | Train Acc: 0.8973 | Val Acc: 0.5917 | Val P/R/F1 (Macro): 0.4961/0.4514/0.4531 | LR: 0.000005
Epoch [12/100] | Loss: 2.2825 (Cls: 2.1775, TAL: 0.0000, Adv: 1.4998) | Train Acc: 0.9308 | Val Acc: 0.5750 | Val P/R/F1 (Macro): 0.5812/0.4632/0.4996 | LR: 0.000005
Epoch [13/100] | Loss: 2.2352 (Cls: 2.1176, TAL: 0.0000, Adv: 1.6800) | Train Acc: 0.9286 | Val Acc: 0.6500 | Val P/R/F1 (Macro): 0.7480/0.5915/0.5620 | LR: 0.000005
  >>> New Best Val Acc: 0.6500
Epoch [14/100] | Loss: 2.1810 (Cls: 2.0484, TAL: 0.0000, Adv: 1.8945) | Train Acc: 0.9263 | Val Acc: 0.6500 | Val P/R/F1 (Macro): 0.6034/0.6126/0.5621 | LR: 0.000005
Epoch [15/100] | Loss: 2.1194 (Cls: 1.9896, TAL: 0.0000, Adv: 1.8552) | Train Acc: 0.9531 | Val Acc: 0.5917 | Val P/R/F1 (Macro): 0.7071/0.5637/0.5449 | LR: 0.000005
Epoch [16/100] | Loss: 2.1821 (Cls: 2.0350, TAL: 0.0000, Adv: 2.1016) | Train Acc: 0.9487 | Val Acc: 0.6083 | Val P/R/F1 (Macro): 0.5107/0.5073/0.4644 | LR: 0.000005
Epoch [17/100] | Loss: 2.1191 (Cls: 1.9722, TAL: 0.0000, Adv: 2.0982) | Train Acc: 0.9442 | Val Acc: 0.7000 | Val P/R/F1 (Macro): 0.7651/0.6417/0.6731 | LR: 0.000005
  >>> New Best Val Acc: 0.7000
Epoch [18/100] | Loss: 2.1255 (Cls: 1.9677, TAL: 0.0000, Adv: 2.2545) | Train Acc: 0.9621 | Val Acc: 0.5250 | Val P/R/F1 (Macro): 0.8111/0.5104/0.5400 | LR: 0.000005
Epoch [19/100] | Loss: 2.1620 (Cls: 1.9950, TAL: 0.0000, Adv: 2.3858) | Train Acc: 0.9464 | Val Acc: 0.6167 | Val P/R/F1 (Macro): 0.6067/0.4373/0.4931 | LR: 0.000005
Epoch [20/100] | Loss: 2.0696 (Cls: 1.8962, TAL: 0.0000, Adv: 2.4777) | Train Acc: 0.9710 | Val Acc: 0.5833 | Val P/R/F1 (Macro): 0.4769/0.4525/0.4446 | LR: 0.000005
Epoch [21/100] | Loss: 2.1513 (Cls: 1.9754, TAL: 0.0000, Adv: 2.5117) | Train Acc: 0.9420 | Val Acc: 0.7333 | Val P/R/F1 (Macro): 0.8343/0.7345/0.7715 | LR: 0.000005
  >>> New Best Val Acc: 0.7333
Epoch [22/100] | Loss: 2.1092 (Cls: 1.9266, TAL: 0.0000, Adv: 2.6096) | Train Acc: 0.9487 | Val Acc: 0.6000 | Val P/R/F1 (Macro): 0.6767/0.4451/0.5108 | LR: 0.000005
Epoch [23/100] | Loss: 2.0320 (Cls: 1.8502, TAL: 0.0000, Adv: 2.5978) | Train Acc: 0.9688 | Val Acc: 0.6417 | Val P/R/F1 (Macro): 0.6601/0.5445/0.4968 | LR: 0.000005
Epoch [24/100] | Loss: 2.0306 (Cls: 1.8434, TAL: 0.0000, Adv: 2.6733) | Train Acc: 0.9688 | Val Acc: 0.7500 | Val P/R/F1 (Macro): 0.7904/0.7790/0.7602 | LR: 0.000005
  >>> New Best Val Acc: 0.7500
Epoch [25/100] | Loss: 2.0470 (Cls: 1.8581, TAL: 0.0000, Adv: 2.6979) | Train Acc: 0.9732 | Val Acc: 0.5583 | Val P/R/F1 (Macro): 0.6896/0.4318/0.4741 | LR: 0.000005
Epoch [26/100] | Loss: 2.0615 (Cls: 1.8569, TAL: 0.0000, Adv: 2.9224) | Train Acc: 0.9643 | Val Acc: 0.7667 | Val P/R/F1 (Macro): 0.8558/0.7591/0.7758 | LR: 0.000005
  >>> New Best Val Acc: 0.7667
Epoch [27/100] | Loss: 2.0323 (Cls: 1.8179, TAL: 0.0000, Adv: 3.0629) | Train Acc: 0.9665 | Val Acc: 0.5833 | Val P/R/F1 (Macro): 0.7214/0.5482/0.5561 | LR: 0.000005
Epoch [28/100] | Loss: 1.9764 (Cls: 1.7596, TAL: 0.0000, Adv: 3.0969) | Train Acc: 0.9799 | Val Acc: 0.7667 | Val P/R/F1 (Macro): 0.8415/0.7483/0.7723 | LR: 0.000005
Epoch [29/100] | Loss: 2.0035 (Cls: 1.7915, TAL: 0.0000, Adv: 3.0290) | Train Acc: 0.9710 | Val Acc: 0.7167 | Val P/R/F1 (Macro): 0.8549/0.6695/0.7143 | LR: 0.000005
Epoch [30/100] | Loss: 1.9772 (Cls: 1.7637, TAL: 0.0000, Adv: 3.0507) | Train Acc: 0.9866 | Val Acc: 0.6917 | Val P/R/F1 (Macro): 0.8683/0.6234/0.6606 | LR: 0.000005
Epoch [31/100] | Loss: 2.0420 (Cls: 1.8189, TAL: 0.0000, Adv: 3.1861) | Train Acc: 0.9688 | Val Acc: 0.7667 | Val P/R/F1 (Macro): 0.9084/0.7149/0.7791 | LR: 0.000005
Epoch [32/100] | Loss: 2.0179 (Cls: 1.8019, TAL: 0.0000, Adv: 3.0856) | Train Acc: 0.9799 | Val Acc: 0.8083 | Val P/R/F1 (Macro): 0.8389/0.8165/0.8141 | LR: 0.000005
  >>> New Best Val Acc: 0.8083
Epoch [33/100] | Loss: 1.9870 (Cls: 1.7537, TAL: 0.0000, Adv: 3.3322) | Train Acc: 0.9888 | Val Acc: 0.8250 | Val P/R/F1 (Macro): 0.8820/0.8624/0.8691 | LR: 0.000005
  >>> New Best Val Acc: 0.8250
Epoch [34/100] | Loss: 1.9851 (Cls: 1.7509, TAL: 0.0000, Adv: 3.3453) | Train Acc: 0.9821 | Val Acc: 0.7667 | Val P/R/F1 (Macro): 0.8065/0.8125/0.7967 | LR: 0.000005
Epoch [35/100] | Loss: 1.9954 (Cls: 1.7662, TAL: 0.0000, Adv: 3.2747) | Train Acc: 0.9844 | Val Acc: 0.6333 | Val P/R/F1 (Macro): 0.6070/0.4743/0.5113 | LR: 0.000005
Epoch [36/100] | Loss: 1.9472 (Cls: 1.7081, TAL: 0.0000, Adv: 3.4155) | Train Acc: 0.9888 | Val Acc: 0.7250 | Val P/R/F1 (Macro): 0.8380/0.6413/0.6766 | LR: 0.000005
Epoch [37/100] | Loss: 1.9526 (Cls: 1.7172, TAL: 0.0000, Adv: 3.3618) | Train Acc: 0.9866 | Val Acc: 0.6667 | Val P/R/F1 (Macro): 0.7552/0.6280/0.6279 | LR: 0.000005
Epoch [38/100] | Loss: 1.9224 (Cls: 1.6917, TAL: 0.0000, Adv: 3.2959) | Train Acc: 0.9888 | Val Acc: 0.8000 | Val P/R/F1 (Macro): 0.8129/0.7278/0.7338 | LR: 0.000005
Epoch [39/100] | Loss: 1.9079 (Cls: 1.6794, TAL: 0.0000, Adv: 3.2634) | Train Acc: 0.9866 | Val Acc: 0.7000 | Val P/R/F1 (Macro): 0.7348/0.5397/0.5907 | LR: 0.000005
Epoch [40/100] | Loss: 1.9675 (Cls: 1.7230, TAL: 0.0000, Adv: 3.4933) | Train Acc: 0.9866 | Val Acc: 0.7833 | Val P/R/F1 (Macro): 0.8777/0.8257/0.8295 | LR: 0.000005
Epoch [41/100] | Loss: 1.9356 (Cls: 1.6906, TAL: 0.0000, Adv: 3.5001) | Train Acc: 0.9866 | Val Acc: 0.6833 | Val P/R/F1 (Macro): 0.8187/0.6329/0.6706 | LR: 0.000005
Epoch [42/100] | Loss: 1.9800 (Cls: 1.7270, TAL: 0.0000, Adv: 3.6142) | Train Acc: 0.9754 | Val Acc: 0.8083 | Val P/R/F1 (Macro): 0.8953/0.8313/0.8474 | LR: 0.000005
Epoch [43/100] | Loss: 1.9624 (Cls: 1.7019, TAL: 0.0000, Adv: 3.7213) | Train Acc: 0.9866 | Val Acc: 0.7667 | Val P/R/F1 (Macro): 0.8515/0.7994/0.8122 | LR: 0.000005
Epoch [44/100] | Loss: 1.9332 (Cls: 1.6796, TAL: 0.0000, Adv: 3.6225) | Train Acc: 0.9955 | Val Acc: 0.7333 | Val P/R/F1 (Macro): 0.8320/0.6651/0.7016 | LR: 0.000003
Epoch [45/100] | Loss: 1.9139 (Cls: 1.6614, TAL: 0.0000, Adv: 3.6074) | Train Acc: 0.9933 | Val Acc: 0.7667 | Val P/R/F1 (Macro): 0.8895/0.7649/0.8118 | LR: 0.000003
Epoch [46/100] | Loss: 1.8970 (Cls: 1.6246, TAL: 0.0000, Adv: 3.8915) | Train Acc: 0.9933 | Val Acc: 0.8417 | Val P/R/F1 (Macro): 0.9164/0.8881/0.8992 | LR: 0.000003
  >>> New Best Val Acc: 0.8417
Epoch [47/100] | Loss: 1.8773 (Cls: 1.6167, TAL: 0.0000, Adv: 3.7226) | Train Acc: 0.9955 | Val Acc: 0.8083 | Val P/R/F1 (Macro): 0.8703/0.7735/0.8042 | LR: 0.000003
Epoch [48/100] | Loss: 1.8766 (Cls: 1.6174, TAL: 0.0000, Adv: 3.7032) | Train Acc: 0.9866 | Val Acc: 0.7583 | Val P/R/F1 (Macro): 0.8560/0.7382/0.7598 | LR: 0.000003
Epoch [49/100] | Loss: 1.8764 (Cls: 1.6102, TAL: 0.0000, Adv: 3.8032) | Train Acc: 0.9888 | Val Acc: 0.8083 | Val P/R/F1 (Macro): 0.8634/0.7969/0.8119 | LR: 0.000003
Epoch [50/100] | Loss: 1.8620 (Cls: 1.5887, TAL: 0.0000, Adv: 3.9043) | Train Acc: 0.9933 | Val Acc: 0.8500 | Val P/R/F1 (Macro): 0.9186/0.8929/0.9022 | LR: 0.000003
  >>> New Best Val Acc: 0.8500
Epoch [51/100] | Loss: 1.8845 (Cls: 1.6116, TAL: 0.0000, Adv: 3.8985) | Train Acc: 0.9844 | Val Acc: 0.8500 | Val P/R/F1 (Macro): 0.9034/0.8525/0.8712 | LR: 0.000003
Epoch [52/100] | Loss: 1.8720 (Cls: 1.6055, TAL: 0.0000, Adv: 3.8071) | Train Acc: 0.9978 | Val Acc: 0.8167 | Val P/R/F1 (Macro): 0.8695/0.7969/0.8177 | LR: 0.000003
Epoch [53/100] | Loss: 1.8765 (Cls: 1.6051, TAL: 0.0000, Adv: 3.8776) | Train Acc: 0.9955 | Val Acc: 0.8167 | Val P/R/F1 (Macro): 0.9135/0.7558/0.8008 | LR: 0.000003
Epoch [54/100] | Loss: 1.8649 (Cls: 1.5926, TAL: 0.0000, Adv: 3.8900) | Train Acc: 0.9933 | Val Acc: 0.8250 | Val P/R/F1 (Macro): 0.8869/0.8439/0.8567 | LR: 0.000003
Epoch [55/100] | Loss: 1.8763 (Cls: 1.6007, TAL: 0.0000, Adv: 3.9369) | Train Acc: 0.9978 | Val Acc: 0.8333 | Val P/R/F1 (Macro): 0.8824/0.8072/0.8266 | LR: 0.000003
Epoch [56/100] | Loss: 1.8699 (Cls: 1.5901, TAL: 0.0000, Adv: 3.9972) | Train Acc: 0.9955 | Val Acc: 0.8583 | Val P/R/F1 (Macro): 0.9010/0.8288/0.8515 | LR: 0.000003
  >>> New Best Val Acc: 0.8583
Epoch [57/100] | Loss: 1.8739 (Cls: 1.5977, TAL: 0.0000, Adv: 3.9463) | Train Acc: 0.9955 | Val Acc: 0.6917 | Val P/R/F1 (Macro): 0.7879/0.6498/0.6939 | LR: 0.000003
Epoch [58/100] | Loss: 1.8513 (Cls: 1.5752, TAL: 0.0000, Adv: 3.9431) | Train Acc: 1.0000 | Val Acc: 0.7917 | Val P/R/F1 (Macro): 0.9239/0.7724/0.8173 | LR: 0.000003
Epoch [59/100] | Loss: 1.8579 (Cls: 1.5777, TAL: 0.0000, Adv: 4.0038) | Train Acc: 0.9978 | Val Acc: 0.7333 | Val P/R/F1 (Macro): 0.8769/0.7338/0.7573 | LR: 0.000003
Epoch [60/100] | Loss: 1.8700 (Cls: 1.5900, TAL: 0.0000, Adv: 4.0005) | Train Acc: 0.9933 | Val Acc: 0.8833 | Val P/R/F1 (Macro): 0.9085/0.9164/0.9083 | LR: 0.000003
  >>> New Best Val Acc: 0.8833
Epoch [61/100] | Loss: 1.8606 (Cls: 1.5743, TAL: 0.0000, Adv: 4.0902) | Train Acc: 0.9955 | Val Acc: 0.8167 | Val P/R/F1 (Macro): 0.8986/0.8586/0.8683 | LR: 0.000003
Epoch [62/100] | Loss: 1.8731 (Cls: 1.5834, TAL: 0.0000, Adv: 4.1386) | Train Acc: 0.9955 | Val Acc: 0.8083 | Val P/R/F1 (Macro): 0.8785/0.7926/0.8163 | LR: 0.000003
Epoch [63/100] | Loss: 1.8733 (Cls: 1.5865, TAL: 0.0000, Adv: 4.0967) | Train Acc: 1.0000 | Val Acc: 0.7167 | Val P/R/F1 (Macro): 0.8308/0.6826/0.7102 | LR: 0.000003
Epoch [64/100] | Loss: 1.8631 (Cls: 1.5725, TAL: 0.0000, Adv: 4.1517) | Train Acc: 0.9955 | Val Acc: 0.8333 | Val P/R/F1 (Macro): 0.8840/0.8161/0.8342 | LR: 0.000003
Epoch [65/100] | Loss: 1.8712 (Cls: 1.5811, TAL: 0.0000, Adv: 4.1445) | Train Acc: 0.9978 | Val Acc: 0.8417 | Val P/R/F1 (Macro): 0.8393/0.8632/0.8319 | LR: 0.000003
Epoch [66/100] | Loss: 1.8317 (Cls: 1.5413, TAL: 0.0000, Adv: 4.1489) | Train Acc: 1.0000 | Val Acc: 0.8333 | Val P/R/F1 (Macro): 0.9012/0.8512/0.8648 | LR: 0.000003
Epoch [67/100] | Loss: 1.8621 (Cls: 1.5698, TAL: 0.0000, Adv: 4.1755) | Train Acc: 0.9955 | Val Acc: 0.8417 | Val P/R/F1 (Macro): 0.8400/0.8496/0.8278 | LR: 0.000003
Epoch [68/100] | Loss: 1.8433 (Cls: 1.5462, TAL: 0.0000, Adv: 4.2441) | Train Acc: 0.9978 | Val Acc: 0.8167 | Val P/R/F1 (Macro): 0.9029/0.7849/0.8176 | LR: 0.000003
Epoch [69/100] | Loss: 1.8401 (Cls: 1.5497, TAL: 0.0000, Adv: 4.1486) | Train Acc: 0.9955 | Val Acc: 0.8417 | Val P/R/F1 (Macro): 0.9151/0.8466/0.8705 | LR: 0.000003
Epoch [70/100] | Loss: 1.8576 (Cls: 1.5651, TAL: 0.0000, Adv: 4.1783) | Train Acc: 0.9933 | Val Acc: 0.7833 | Val P/R/F1 (Macro): 0.8935/0.7995/0.8344 | LR: 0.000003
Epoch [71/100] | Loss: 1.8630 (Cls: 1.5647, TAL: 0.0000, Adv: 4.2613) | Train Acc: 0.9978 | Val Acc: 0.8417 | Val P/R/F1 (Macro): 0.9104/0.8988/0.9021 | LR: 0.000001
Epoch [72/100] | Loss: 1.8478 (Cls: 1.5474, TAL: 0.0000, Adv: 4.2920) | Train Acc: 0.9978 | Val Acc: 0.8083 | Val P/R/F1 (Macro): 0.8810/0.8343/0.8426 | LR: 0.000001
Epoch [73/100] | Loss: 1.8613 (Cls: 1.5699, TAL: 0.0000, Adv: 4.1623) | Train Acc: 0.9978 | Val Acc: 0.8417 | Val P/R/F1 (Macro): 0.9035/0.8917/0.8927 | LR: 0.000001
Epoch [74/100] | Loss: 1.8131 (Cls: 1.5218, TAL: 0.0000, Adv: 4.1620) | Train Acc: 0.9978 | Val Acc: 0.8167 | Val P/R/F1 (Macro): 0.9230/0.8652/0.8900 | LR: 0.000001
Epoch [75/100] | Loss: 1.8190 (Cls: 1.5198, TAL: 0.0000, Adv: 4.2739) | Train Acc: 1.0000 | Val Acc: 0.7917 | Val P/R/F1 (Macro): 0.8913/0.7989/0.8278 | LR: 0.000001
Epoch [76/100] | Loss: 1.8373 (Cls: 1.5364, TAL: 0.0000, Adv: 4.2984) | Train Acc: 1.0000 | Val Acc: 0.8333 | Val P/R/F1 (Macro): 0.8982/0.8542/0.8671 | LR: 0.000001
Epoch [77/100] | Loss: 1.8398 (Cls: 1.5363, TAL: 0.0000, Adv: 4.3359) | Train Acc: 1.0000 | Val Acc: 0.8167 | Val P/R/F1 (Macro): 0.9022/0.8652/0.8774 | LR: 0.000001
Epoch [78/100] | Loss: 1.8099 (Cls: 1.5206, TAL: 0.0000, Adv: 4.1325) | Train Acc: 0.9978 | Val Acc: 0.8833 | Val P/R/F1 (Macro): 0.9064/0.9177/0.9078 | LR: 0.000001
Epoch [79/100] | Loss: 1.8193 (Cls: 1.5190, TAL: 0.0000, Adv: 4.2891) | Train Acc: 0.9978 | Val Acc: 0.8167 | Val P/R/F1 (Macro): 0.9232/0.8221/0.8524 | LR: 0.000001
Epoch [80/100] | Loss: 1.8382 (Cls: 1.5329, TAL: 0.0000, Adv: 4.3615) | Train Acc: 0.9978 | Val Acc: 0.7917 | Val P/R/F1 (Macro): 0.8902/0.7971/0.8269 | LR: 0.000001
Epoch [81/100] | Loss: 1.8167 (Cls: 1.5137, TAL: 0.0000, Adv: 4.3284) | Train Acc: 1.0000 | Val Acc: 0.8667 | Val P/R/F1 (Macro): 0.9017/0.8723/0.8792 | LR: 0.000001
Epoch [82/100] | Loss: 1.8340 (Cls: 1.5278, TAL: 0.0000, Adv: 4.3732) | Train Acc: 0.9978 | Val Acc: 0.8250 | Val P/R/F1 (Macro): 0.8904/0.8338/0.8533 | LR: 0.000001
Epoch [83/100] | Loss: 1.8317 (Cls: 1.5213, TAL: 0.0000, Adv: 4.4337) | Train Acc: 1.0000 | Val Acc: 0.7333 | Val P/R/F1 (Macro): 0.8540/0.7341/0.7795 | LR: 0.000001
Epoch [84/100] | Loss: 1.8154 (Cls: 1.5146, TAL: 0.0000, Adv: 4.2972) | Train Acc: 1.0000 | Val Acc: 0.8417 | Val P/R/F1 (Macro): 0.9176/0.8892/0.9005 | LR: 0.000001
Epoch [85/100] | Loss: 1.8258 (Cls: 1.5197, TAL: 0.0000, Adv: 4.3724) | Train Acc: 1.0000 | Val Acc: 0.8667 | Val P/R/F1 (Macro): 0.9133/0.8747/0.8882 | LR: 0.000001
Epoch [86/100] | Loss: 1.8192 (Cls: 1.5093, TAL: 0.0000, Adv: 4.4279) | Train Acc: 1.0000 | Val Acc: 0.8667 | Val P/R/F1 (Macro): 0.9063/0.9116/0.9046 | LR: 0.000001
Epoch [87/100] | Loss: 1.8451 (Cls: 1.5303, TAL: 0.0000, Adv: 4.4967) | Train Acc: 0.9911 | Val Acc: 0.8667 | Val P/R/F1 (Macro): 0.9069/0.8598/0.8749 | LR: 0.000001
Epoch [88/100] | Loss: 1.8204 (Cls: 1.5073, TAL: 0.0000, Adv: 4.4736) | Train Acc: 1.0000 | Val Acc: 0.8250 | Val P/R/F1 (Macro): 0.9184/0.8646/0.8858 | LR: 0.000001
Epoch [89/100] | Loss: 1.8336 (Cls: 1.5158, TAL: 0.0000, Adv: 4.5398) | Train Acc: 1.0000 | Val Acc: 0.8250 | Val P/R/F1 (Macro): 0.9137/0.8766/0.8915 | LR: 0.000001
Epoch [90/100] | Loss: 1.8268 (Cls: 1.5120, TAL: 0.0000, Adv: 4.4972) | Train Acc: 1.0000 | Val Acc: 0.8333 | Val P/R/F1 (Macro): 0.9058/0.8440/0.8657 | LR: 0.000001
Epoch [91/100] | Loss: 1.8257 (Cls: 1.5143, TAL: 0.0000, Adv: 4.4484) | Train Acc: 1.0000 | Val Acc: 0.8333 | Val P/R/F1 (Macro): 0.9090/0.8916/0.8970 | LR: 0.000001
Epoch [92/100] | Loss: 1.8262 (Cls: 1.5081, TAL: 0.0000, Adv: 4.5434) | Train Acc: 1.0000 | Val Acc: 0.8667 | Val P/R/F1 (Macro): 0.9364/0.8984/0.9147 | LR: 0.000001
Epoch [93/100] | Loss: 1.8469 (Cls: 1.5279, TAL: 0.0000, Adv: 4.5571) | Train Acc: 1.0000 | Val Acc: 0.8000 | Val P/R/F1 (Macro): 0.8811/0.8003/0.8315 | LR: 0.000001
Epoch [94/100] | Loss: 1.8331 (Cls: 1.5171, TAL: 0.0000, Adv: 4.5136) | Train Acc: 1.0000 | Val Acc: 0.8417 | Val P/R/F1 (Macro): 0.9082/0.8886/0.8931 | LR: 0.000001
Epoch [95/100] | Loss: 1.8311 (Cls: 1.5066, TAL: 0.0000, Adv: 4.6363) | Train Acc: 1.0000 | Val Acc: 0.8250 | Val P/R/F1 (Macro): 0.9041/0.8380/0.8609 | LR: 0.000001
Epoch [96/100] | Loss: 1.8240 (Cls: 1.5047, TAL: 0.0000, Adv: 4.5604) | Train Acc: 1.0000 | Val Acc: 0.8500 | Val P/R/F1 (Macro): 0.9192/0.8983/0.9054 | LR: 0.000001
Epoch [97/100] | Loss: 1.8249 (Cls: 1.5092, TAL: 0.0000, Adv: 4.5096) | Train Acc: 0.9978 | Val Acc: 0.8750 | Val P/R/F1 (Macro): 0.9149/0.9116/0.9112 | LR: 0.000001
Epoch [98/100] | Loss: 1.8244 (Cls: 1.5072, TAL: 0.0000, Adv: 4.5304) | Train Acc: 1.0000 | Val Acc: 0.8083 | Val P/R/F1 (Macro): 0.8612/0.8475/0.8410 | LR: 0.000001
Epoch [99/100] | Loss: 1.8303 (Cls: 1.5068, TAL: 0.0000, Adv: 4.6212) | Train Acc: 1.0000 | Val Acc: 0.8750 | Val P/R/F1 (Macro): 0.9197/0.9140/0.9147 | LR: 0.000001
Epoch [100/100] | Loss: 1.8303 (Cls: 1.5073, TAL: 0.0000, Adv: 4.6145) | Train Acc: 1.0000 | Val Acc: 0.8083 | Val P/R/F1 (Macro): 0.9047/0.8432/0.8717 | LR: 0.000001
Report strategy: last_window, window=10, reported_acc=0.8383, best_acc=0.8833

迭代 3 报告指标:
  Accuracy: 0.8383
  Precision (Macro): 0.9059
  Recall (Macro): 0.8732
  F1 (Macro): 0.8841
  Precision (Micro): 0.8383
  Recall (Micro): 0.8383
  F1 (Micro): 0.8383
  Val class coverage: 8/14 (0.5714), samples=120

================================================================================
迭代 4/5
随机种子: 45
================================================================================
Training mode: unpaired target adaptation with controlled target-label loss (ratio=0.32, weight=0.52).
Fixed labeled target subset: 149/465 samples.
Feature fusion: Channel concatenation (512+512); fused_dim=1024
Domain adaptation: Neural OT generator with 3-domain discriminator
Loss weights: tensor=0.00, adv=0.07
Epoch [1/100] | Loss: 6.4914 (Cls: 6.4708, TAL: 0.0000, Adv: 0.2938) | Train Acc: 0.2478 | Val Acc: 0.0000 | Val P/R/F1 (Macro): 0.0000/0.0000/0.0000 | LR: 0.000005
Epoch [2/100] | Loss: 5.2021 (Cls: 5.1801, TAL: 0.0000, Adv: 0.3143) | Train Acc: 0.4241 | Val Acc: 0.1333 | Val P/R/F1 (Macro): 0.2146/0.0966/0.0986 | LR: 0.000005
  >>> New Best Val Acc: 0.1333
Epoch [3/100] | Loss: 4.4067 (Cls: 4.3757, TAL: 0.0000, Adv: 0.4424) | Train Acc: 0.5960 | Val Acc: 0.2583 | Val P/R/F1 (Macro): 0.1562/0.1547/0.1300 | LR: 0.000005
  >>> New Best Val Acc: 0.2583
Epoch [4/100] | Loss: 3.9187 (Cls: 3.8831, TAL: 0.0000, Adv: 0.5082) | Train Acc: 0.6562 | Val Acc: 0.3750 | Val P/R/F1 (Macro): 0.3219/0.2390/0.2218 | LR: 0.000005
  >>> New Best Val Acc: 0.3750
Epoch [5/100] | Loss: 3.4430 (Cls: 3.3976, TAL: 0.0000, Adv: 0.6486) | Train Acc: 0.7545 | Val Acc: 0.2250 | Val P/R/F1 (Macro): 0.3557/0.1384/0.1355 | LR: 0.000005
Epoch [6/100] | Loss: 3.1270 (Cls: 3.0703, TAL: 0.0000, Adv: 0.8097) | Train Acc: 0.8080 | Val Acc: 0.5333 | Val P/R/F1 (Macro): 0.5169/0.3615/0.4044 | LR: 0.000005
  >>> New Best Val Acc: 0.5333
Epoch [7/100] | Loss: 2.8544 (Cls: 2.7889, TAL: 0.0000, Adv: 0.9355) | Train Acc: 0.8326 | Val Acc: 0.5000 | Val P/R/F1 (Macro): 0.5190/0.3655/0.3829 | LR: 0.000005
Epoch [8/100] | Loss: 2.6582 (Cls: 2.5714, TAL: 0.0000, Adv: 1.2397) | Train Acc: 0.8571 | Val Acc: 0.5083 | Val P/R/F1 (Macro): 0.4042/0.3405/0.3522 | LR: 0.000005
Epoch [9/100] | Loss: 2.5555 (Cls: 2.4536, TAL: 0.0000, Adv: 1.4551) | Train Acc: 0.8996 | Val Acc: 0.5417 | Val P/R/F1 (Macro): 0.4433/0.4032/0.3938 | LR: 0.000005
  >>> New Best Val Acc: 0.5417
Epoch [10/100] | Loss: 2.4610 (Cls: 2.3501, TAL: 0.0000, Adv: 1.5841) | Train Acc: 0.8973 | Val Acc: 0.6167 | Val P/R/F1 (Macro): 0.6029/0.6115/0.5492 | LR: 0.000005
  >>> New Best Val Acc: 0.6167
Epoch [11/100] | Loss: 2.5842 (Cls: 2.4649, TAL: 0.0000, Adv: 1.7041) | Train Acc: 0.8772 | Val Acc: 0.5750 | Val P/R/F1 (Macro): 0.4388/0.3925/0.3997 | LR: 0.000005
Epoch [12/100] | Loss: 2.3955 (Cls: 2.2612, TAL: 0.0000, Adv: 1.9184) | Train Acc: 0.9152 | Val Acc: 0.4750 | Val P/R/F1 (Macro): 0.3581/0.3416/0.3119 | LR: 0.000005
Epoch [13/100] | Loss: 2.2737 (Cls: 2.1280, TAL: 0.0000, Adv: 2.0810) | Train Acc: 0.9420 | Val Acc: 0.5250 | Val P/R/F1 (Macro): 0.6071/0.4319/0.4769 | LR: 0.000005
Epoch [14/100] | Loss: 2.3160 (Cls: 2.1765, TAL: 0.0000, Adv: 1.9922) | Train Acc: 0.9219 | Val Acc: 0.5583 | Val P/R/F1 (Macro): 0.5565/0.4471/0.4601 | LR: 0.000005
Epoch [15/100] | Loss: 2.2960 (Cls: 2.1363, TAL: 0.0000, Adv: 2.2813) | Train Acc: 0.9420 | Val Acc: 0.5500 | Val P/R/F1 (Macro): 0.4985/0.4312/0.4381 | LR: 0.000005
Epoch [16/100] | Loss: 2.2268 (Cls: 2.0650, TAL: 0.0000, Adv: 2.3115) | Train Acc: 0.9353 | Val Acc: 0.6167 | Val P/R/F1 (Macro): 0.6683/0.5437/0.5705 | LR: 0.000005
Epoch [17/100] | Loss: 2.1370 (Cls: 1.9658, TAL: 0.0000, Adv: 2.4449) | Train Acc: 0.9621 | Val Acc: 0.5417 | Val P/R/F1 (Macro): 0.5977/0.4798/0.4816 | LR: 0.000005
Epoch [18/100] | Loss: 2.2572 (Cls: 2.0793, TAL: 0.0000, Adv: 2.5410) | Train Acc: 0.9286 | Val Acc: 0.6833 | Val P/R/F1 (Macro): 0.7707/0.6534/0.6371 | LR: 0.000005
  >>> New Best Val Acc: 0.6833
Epoch [19/100] | Loss: 2.1289 (Cls: 1.9509, TAL: 0.0000, Adv: 2.5422) | Train Acc: 0.9665 | Val Acc: 0.6917 | Val P/R/F1 (Macro): 0.5272/0.5334/0.5042 | LR: 0.000005
  >>> New Best Val Acc: 0.6917
Epoch [20/100] | Loss: 2.1890 (Cls: 2.0116, TAL: 0.0000, Adv: 2.5346) | Train Acc: 0.9420 | Val Acc: 0.6833 | Val P/R/F1 (Macro): 0.6854/0.5856/0.5946 | LR: 0.000005
Epoch [21/100] | Loss: 2.1520 (Cls: 1.9651, TAL: 0.0000, Adv: 2.6695) | Train Acc: 0.9598 | Val Acc: 0.6833 | Val P/R/F1 (Macro): 0.7168/0.5910/0.6006 | LR: 0.000005
Epoch [22/100] | Loss: 2.0293 (Cls: 1.8354, TAL: 0.0000, Adv: 2.7689) | Train Acc: 0.9754 | Val Acc: 0.6083 | Val P/R/F1 (Macro): 0.7035/0.5660/0.5858 | LR: 0.000005
Epoch [23/100] | Loss: 2.1472 (Cls: 1.9500, TAL: 0.0000, Adv: 2.8182) | Train Acc: 0.9665 | Val Acc: 0.7417 | Val P/R/F1 (Macro): 0.7499/0.6369/0.6378 | LR: 0.000005
  >>> New Best Val Acc: 0.7417
Epoch [24/100] | Loss: 2.0821 (Cls: 1.8802, TAL: 0.0000, Adv: 2.8845) | Train Acc: 0.9688 | Val Acc: 0.7333 | Val P/R/F1 (Macro): 0.7850/0.6887/0.7089 | LR: 0.000005
Epoch [25/100] | Loss: 2.1212 (Cls: 1.9100, TAL: 0.0000, Adv: 3.0167) | Train Acc: 0.9665 | Val Acc: 0.6667 | Val P/R/F1 (Macro): 0.6335/0.5930/0.5727 | LR: 0.000005
Epoch [26/100] | Loss: 2.0955 (Cls: 1.8877, TAL: 0.0000, Adv: 2.9680) | Train Acc: 0.9732 | Val Acc: 0.7000 | Val P/R/F1 (Macro): 0.8457/0.6323/0.6523 | LR: 0.000005
Epoch [27/100] | Loss: 2.0450 (Cls: 1.8251, TAL: 0.0000, Adv: 3.1424) | Train Acc: 0.9777 | Val Acc: 0.6417 | Val P/R/F1 (Macro): 0.5341/0.4898/0.4464 | LR: 0.000005
Epoch [28/100] | Loss: 2.0193 (Cls: 1.8011, TAL: 0.0000, Adv: 3.1173) | Train Acc: 0.9710 | Val Acc: 0.6750 | Val P/R/F1 (Macro): 0.6845/0.6137/0.5776 | LR: 0.000005
Epoch [29/100] | Loss: 2.0863 (Cls: 1.8648, TAL: 0.0000, Adv: 3.1640) | Train Acc: 0.9688 | Val Acc: 0.8417 | Val P/R/F1 (Macro): 0.8101/0.7839/0.7883 | LR: 0.000005
  >>> New Best Val Acc: 0.8417
Epoch [30/100] | Loss: 2.0165 (Cls: 1.7948, TAL: 0.0000, Adv: 3.1684) | Train Acc: 0.9821 | Val Acc: 0.6333 | Val P/R/F1 (Macro): 0.6824/0.4940/0.5290 | LR: 0.000005
Epoch [31/100] | Loss: 1.9782 (Cls: 1.7574, TAL: 0.0000, Adv: 3.1542) | Train Acc: 0.9799 | Val Acc: 0.6333 | Val P/R/F1 (Macro): 0.5464/0.4852/0.4732 | LR: 0.000005
Epoch [32/100] | Loss: 2.0593 (Cls: 1.8233, TAL: 0.0000, Adv: 3.3722) | Train Acc: 0.9732 | Val Acc: 0.8250 | Val P/R/F1 (Macro): 0.7338/0.7584/0.7298 | LR: 0.000005
Epoch [33/100] | Loss: 2.0594 (Cls: 1.8160, TAL: 0.0000, Adv: 3.4782) | Train Acc: 0.9732 | Val Acc: 0.8000 | Val P/R/F1 (Macro): 0.7569/0.6864/0.6952 | LR: 0.000005
Epoch [34/100] | Loss: 1.9737 (Cls: 1.7346, TAL: 0.0000, Adv: 3.4144) | Train Acc: 0.9933 | Val Acc: 0.7250 | Val P/R/F1 (Macro): 0.6807/0.6412/0.6451 | LR: 0.000005
Epoch [35/100] | Loss: 2.0205 (Cls: 1.7743, TAL: 0.0000, Adv: 3.5162) | Train Acc: 0.9844 | Val Acc: 0.6750 | Val P/R/F1 (Macro): 0.6920/0.5507/0.5290 | LR: 0.000005
Epoch [36/100] | Loss: 1.9941 (Cls: 1.7559, TAL: 0.0000, Adv: 3.4019) | Train Acc: 0.9844 | Val Acc: 0.7167 | Val P/R/F1 (Macro): 0.8492/0.7293/0.7122 | LR: 0.000005
Epoch [37/100] | Loss: 2.0331 (Cls: 1.7820, TAL: 0.0000, Adv: 3.5867) | Train Acc: 0.9799 | Val Acc: 0.8417 | Val P/R/F1 (Macro): 0.7841/0.8013/0.7793 | LR: 0.000005
Epoch [38/100] | Loss: 1.9938 (Cls: 1.7419, TAL: 0.0000, Adv: 3.5989) | Train Acc: 0.9888 | Val Acc: 0.8250 | Val P/R/F1 (Macro): 0.7713/0.7500/0.7442 | LR: 0.000005
Epoch [39/100] | Loss: 1.9724 (Cls: 1.7192, TAL: 0.0000, Adv: 3.6169) | Train Acc: 0.9799 | Val Acc: 0.7833 | Val P/R/F1 (Macro): 0.7334/0.6570/0.6631 | LR: 0.000005
Epoch [40/100] | Loss: 1.9600 (Cls: 1.6964, TAL: 0.0000, Adv: 3.7650) | Train Acc: 0.9777 | Val Acc: 0.8250 | Val P/R/F1 (Macro): 0.9046/0.7701/0.7959 | LR: 0.000003
Epoch [41/100] | Loss: 1.9302 (Cls: 1.6663, TAL: 0.0000, Adv: 3.7705) | Train Acc: 0.9821 | Val Acc: 0.8250 | Val P/R/F1 (Macro): 0.7890/0.7214/0.7324 | LR: 0.000003
Epoch [42/100] | Loss: 1.9053 (Cls: 1.6449, TAL: 0.0000, Adv: 3.7191) | Train Acc: 0.9933 | Val Acc: 0.7417 | Val P/R/F1 (Macro): 0.7883/0.6125/0.6309 | LR: 0.000003
Epoch [43/100] | Loss: 1.9155 (Cls: 1.6498, TAL: 0.0000, Adv: 3.7954) | Train Acc: 0.9933 | Val Acc: 0.8500 | Val P/R/F1 (Macro): 0.7526/0.7763/0.7478 | LR: 0.000003
  >>> New Best Val Acc: 0.8500
Epoch [44/100] | Loss: 1.9326 (Cls: 1.6608, TAL: 0.0000, Adv: 3.8823) | Train Acc: 0.9911 | Val Acc: 0.8583 | Val P/R/F1 (Macro): 0.7739/0.7431/0.7465 | LR: 0.000003
  >>> New Best Val Acc: 0.8583
Epoch [45/100] | Loss: 1.9289 (Cls: 1.6596, TAL: 0.0000, Adv: 3.8475) | Train Acc: 0.9888 | Val Acc: 0.8083 | Val P/R/F1 (Macro): 0.7255/0.7148/0.6773 | LR: 0.000003
Epoch [46/100] | Loss: 1.9074 (Cls: 1.6341, TAL: 0.0000, Adv: 3.9051) | Train Acc: 0.9933 | Val Acc: 0.9000 | Val P/R/F1 (Macro): 0.9087/0.8296/0.8336 | LR: 0.000003
  >>> New Best Val Acc: 0.9000
Epoch [47/100] | Loss: 1.8902 (Cls: 1.6161, TAL: 0.0000, Adv: 3.9156) | Train Acc: 0.9955 | Val Acc: 0.8333 | Val P/R/F1 (Macro): 0.7592/0.7375/0.7302 | LR: 0.000003
Epoch [48/100] | Loss: 1.8859 (Cls: 1.6089, TAL: 0.0000, Adv: 3.9561) | Train Acc: 0.9978 | Val Acc: 0.8083 | Val P/R/F1 (Macro): 0.8802/0.7485/0.7726 | LR: 0.000003
Epoch [49/100] | Loss: 1.9148 (Cls: 1.6348, TAL: 0.0000, Adv: 3.9992) | Train Acc: 0.9933 | Val Acc: 0.8583 | Val P/R/F1 (Macro): 0.9084/0.7651/0.7862 | LR: 0.000003
Epoch [50/100] | Loss: 1.8986 (Cls: 1.6221, TAL: 0.0000, Adv: 3.9510) | Train Acc: 0.9911 | Val Acc: 0.7750 | Val P/R/F1 (Macro): 0.8454/0.6634/0.6930 | LR: 0.000003
Epoch [51/100] | Loss: 1.8765 (Cls: 1.6052, TAL: 0.0000, Adv: 3.8756) | Train Acc: 0.9933 | Val Acc: 0.8833 | Val P/R/F1 (Macro): 0.7755/0.7486/0.7502 | LR: 0.000003
Epoch [52/100] | Loss: 1.8761 (Cls: 1.5958, TAL: 0.0000, Adv: 4.0036) | Train Acc: 1.0000 | Val Acc: 0.8667 | Val P/R/F1 (Macro): 0.8962/0.7723/0.7916 | LR: 0.000003
Epoch [53/100] | Loss: 1.8802 (Cls: 1.5942, TAL: 0.0000, Adv: 4.0864) | Train Acc: 0.9978 | Val Acc: 0.8500 | Val P/R/F1 (Macro): 0.7745/0.7484/0.7465 | LR: 0.000003
Epoch [54/100] | Loss: 1.9042 (Cls: 1.6089, TAL: 0.0000, Adv: 4.2191) | Train Acc: 0.9978 | Val Acc: 0.7917 | Val P/R/F1 (Macro): 0.7543/0.6620/0.6800 | LR: 0.000003
Epoch [55/100] | Loss: 1.9154 (Cls: 1.6219, TAL: 0.0000, Adv: 4.1935) | Train Acc: 0.9866 | Val Acc: 0.8500 | Val P/R/F1 (Macro): 0.7143/0.7396/0.7044 | LR: 0.000003
Epoch [56/100] | Loss: 1.8791 (Cls: 1.5935, TAL: 0.0000, Adv: 4.0792) | Train Acc: 0.9933 | Val Acc: 0.8167 | Val P/R/F1 (Macro): 0.7453/0.7160/0.7095 | LR: 0.000003
Epoch [57/100] | Loss: 1.8896 (Cls: 1.5926, TAL: 0.0000, Adv: 4.2433) | Train Acc: 0.9955 | Val Acc: 0.8333 | Val P/R/F1 (Macro): 0.7606/0.7600/0.7469 | LR: 0.000001
Epoch [58/100] | Loss: 1.8599 (Cls: 1.5697, TAL: 0.0000, Adv: 4.1462) | Train Acc: 0.9955 | Val Acc: 0.8417 | Val P/R/F1 (Macro): 0.7387/0.7287/0.7163 | LR: 0.000001
Epoch [59/100] | Loss: 1.8543 (Cls: 1.5630, TAL: 0.0000, Adv: 4.1608) | Train Acc: 1.0000 | Val Acc: 0.7917 | Val P/R/F1 (Macro): 0.8808/0.6987/0.7450 | LR: 0.000001
Epoch [60/100] | Loss: 1.8637 (Cls: 1.5694, TAL: 0.0000, Adv: 4.2054) | Train Acc: 0.9933 | Val Acc: 0.8667 | Val P/R/F1 (Macro): 0.9065/0.7848/0.8063 | LR: 0.000001
Epoch [61/100] | Loss: 1.8590 (Cls: 1.5660, TAL: 0.0000, Adv: 4.1864) | Train Acc: 0.9933 | Val Acc: 0.8750 | Val P/R/F1 (Macro): 0.9087/0.7878/0.8086 | LR: 0.000001
Epoch [62/100] | Loss: 1.8580 (Cls: 1.5563, TAL: 0.0000, Adv: 4.3099) | Train Acc: 0.9978 | Val Acc: 0.8583 | Val P/R/F1 (Macro): 0.9069/0.7566/0.7906 | LR: 0.000001
Epoch [63/100] | Loss: 1.8565 (Cls: 1.5547, TAL: 0.0000, Adv: 4.3116) | Train Acc: 1.0000 | Val Acc: 0.8333 | Val P/R/F1 (Macro): 0.7585/0.7339/0.7247 | LR: 0.000001
Epoch [64/100] | Loss: 1.8524 (Cls: 1.5584, TAL: 0.0000, Adv: 4.1999) | Train Acc: 1.0000 | Val Acc: 0.8500 | Val P/R/F1 (Macro): 0.9007/0.7517/0.7855 | LR: 0.000001
Epoch [65/100] | Loss: 1.8621 (Cls: 1.5486, TAL: 0.0000, Adv: 4.4788) | Train Acc: 1.0000 | Val Acc: 0.8833 | Val P/R/F1 (Macro): 0.9119/0.7909/0.8151 | LR: 0.000001
Epoch [66/100] | Loss: 1.8603 (Cls: 1.5484, TAL: 0.0000, Adv: 4.4556) | Train Acc: 0.9978 | Val Acc: 0.8750 | Val P/R/F1 (Macro): 0.7682/0.7516/0.7406 | LR: 0.000001
Epoch [67/100] | Loss: 1.8643 (Cls: 1.5498, TAL: 0.0000, Adv: 4.4938) | Train Acc: 0.9933 | Val Acc: 0.8833 | Val P/R/F1 (Macro): 0.7745/0.7606/0.7536 | LR: 0.000001
Epoch [68/100] | Loss: 1.8457 (Cls: 1.5436, TAL: 0.0000, Adv: 4.3159) | Train Acc: 0.9978 | Val Acc: 0.8083 | Val P/R/F1 (Macro): 0.7760/0.6810/0.7063 | LR: 0.000001
Epoch [69/100] | Loss: 1.8546 (Cls: 1.5487, TAL: 0.0000, Adv: 4.3704) | Train Acc: 0.9955 | Val Acc: 0.8750 | Val P/R/F1 (Macro): 0.7767/0.7449/0.7471 | LR: 0.000001
Epoch [70/100] | Loss: 1.8628 (Cls: 1.5542, TAL: 0.0000, Adv: 4.4095) | Train Acc: 0.9955 | Val Acc: 0.8333 | Val P/R/F1 (Macro): 0.7544/0.7005/0.7052 | LR: 0.000001
Epoch [71/100] | Loss: 1.8420 (Cls: 1.5328, TAL: 0.0000, Adv: 4.4179) | Train Acc: 1.0000 | Val Acc: 0.8833 | Val P/R/F1 (Macro): 0.7867/0.7606/0.7601 | LR: 0.000001
Epoch [72/100] | Loss: 1.8593 (Cls: 1.5423, TAL: 0.0000, Adv: 4.5279) | Train Acc: 0.9978 | Val Acc: 0.8917 | Val P/R/F1 (Macro): 0.9152/0.8022/0.8246 | LR: 0.000001
Epoch [73/100] | Loss: 1.8638 (Cls: 1.5365, TAL: 0.0000, Adv: 4.6750) | Train Acc: 1.0000 | Val Acc: 0.8583 | Val P/R/F1 (Macro): 0.7782/0.7179/0.7305 | LR: 0.000001
Epoch [74/100] | Loss: 1.8545 (Cls: 1.5384, TAL: 0.0000, Adv: 4.5150) | Train Acc: 0.9978 | Val Acc: 0.8250 | Val P/R/F1 (Macro): 0.8885/0.7277/0.7605 | LR: 0.000001
Epoch [75/100] | Loss: 1.8619 (Cls: 1.5353, TAL: 0.0000, Adv: 4.6648) | Train Acc: 1.0000 | Val Acc: 0.8667 | Val P/R/F1 (Macro): 0.8943/0.7848/0.7998 | LR: 0.000001
Epoch [76/100] | Loss: 1.8498 (Cls: 1.5254, TAL: 0.0000, Adv: 4.6339) | Train Acc: 1.0000 | Val Acc: 0.8750 | Val P/R/F1 (Macro): 0.8943/0.7878/0.8016 | LR: 0.000001
Epoch [77/100] | Loss: 1.8695 (Cls: 1.5415, TAL: 0.0000, Adv: 4.6860) | Train Acc: 0.9978 | Val Acc: 0.8417 | Val P/R/F1 (Macro): 0.8943/0.7756/0.7943 | LR: 0.000001
Epoch [78/100] | Loss: 1.8571 (Cls: 1.5244, TAL: 0.0000, Adv: 4.7529) | Train Acc: 0.9978 | Val Acc: 0.8667 | Val P/R/F1 (Macro): 0.8908/0.7722/0.7924 | LR: 0.000001
Epoch [79/100] | Loss: 1.8714 (Cls: 1.5360, TAL: 0.0000, Adv: 4.7925) | Train Acc: 1.0000 | Val Acc: 0.8500 | Val P/R/F1 (Macro): 0.7746/0.7234/0.7229 | LR: 0.000001
Epoch [80/100] | Loss: 1.8688 (Cls: 1.5399, TAL: 0.0000, Adv: 4.6976) | Train Acc: 1.0000 | Val Acc: 0.8583 | Val P/R/F1 (Macro): 0.7867/0.7514/0.7548 | LR: 0.000001
Epoch [81/100] | Loss: 1.8679 (Cls: 1.5344, TAL: 0.0000, Adv: 4.7645) | Train Acc: 0.9978 | Val Acc: 0.8917 | Val P/R/F1 (Macro): 0.9152/0.8022/0.8246 | LR: 0.000001
Epoch [82/100] | Loss: 1.8712 (Cls: 1.5338, TAL: 0.0000, Adv: 4.8206) | Train Acc: 0.9978 | Val Acc: 0.8833 | Val P/R/F1 (Macro): 0.7923/0.7606/0.7627 | LR: 0.000001
Epoch [83/100] | Loss: 1.8491 (Cls: 1.5183, TAL: 0.0000, Adv: 4.7265) | Train Acc: 1.0000 | Val Acc: 0.8667 | Val P/R/F1 (Macro): 0.7844/0.7419/0.7490 | LR: 0.000001
Epoch [84/100] | Loss: 1.8628 (Cls: 1.5280, TAL: 0.0000, Adv: 4.7829) | Train Acc: 1.0000 | Val Acc: 0.8750 | Val P/R/F1 (Macro): 0.8995/0.7835/0.8073 | LR: 0.000001
Epoch [85/100] | Loss: 1.8738 (Cls: 1.5376, TAL: 0.0000, Adv: 4.8032) | Train Acc: 0.9978 | Val Acc: 0.8833 | Val P/R/F1 (Macro): 0.9030/0.7992/0.8165 | LR: 0.000001
Epoch [86/100] | Loss: 1.8567 (Cls: 1.5234, TAL: 0.0000, Adv: 4.7615) | Train Acc: 1.0000 | Val Acc: 0.8417 | Val P/R/F1 (Macro): 0.8995/0.7336/0.7743 | LR: 0.000001
Epoch [87/100] | Loss: 1.8716 (Cls: 1.5389, TAL: 0.0000, Adv: 4.7532) | Train Acc: 1.0000 | Val Acc: 0.8500 | Val P/R/F1 (Macro): 0.9003/0.8130/0.8275 | LR: 0.000001
Epoch [88/100] | Loss: 1.8621 (Cls: 1.5270, TAL: 0.0000, Adv: 4.7869) | Train Acc: 0.9978 | Val Acc: 0.8833 | Val P/R/F1 (Macro): 0.9152/0.7992/0.8229 | LR: 0.000001
Epoch [89/100] | Loss: 1.8685 (Cls: 1.5265, TAL: 0.0000, Adv: 4.8859) | Train Acc: 1.0000 | Val Acc: 0.8833 | Val P/R/F1 (Macro): 0.9152/0.7992/0.8229 | LR: 0.000001
Epoch [90/100] | Loss: 1.8670 (Cls: 1.5323, TAL: 0.0000, Adv: 4.7819) | Train Acc: 0.9978 | Val Acc: 0.9000 | Val P/R/F1 (Macro): 0.9152/0.8053/0.8263 | LR: 0.000001
Epoch [91/100] | Loss: 1.8582 (Cls: 1.5198, TAL: 0.0000, Adv: 4.8349) | Train Acc: 1.0000 | Val Acc: 0.8833 | Val P/R/F1 (Macro): 0.9152/0.7992/0.8229 | LR: 0.000001
Epoch [92/100] | Loss: 1.8638 (Cls: 1.5262, TAL: 0.0000, Adv: 4.8234) | Train Acc: 1.0000 | Val Acc: 0.9000 | Val P/R/F1 (Macro): 0.9208/0.8053/0.8289 | LR: 0.000001
Epoch [93/100] | Loss: 1.8652 (Cls: 1.5243, TAL: 0.0000, Adv: 4.8694) | Train Acc: 0.9978 | Val Acc: 0.8583 | Val P/R/F1 (Macro): 0.8951/0.7649/0.7951 | LR: 0.000001
Epoch [94/100] | Loss: 1.8732 (Cls: 1.5254, TAL: 0.0000, Adv: 4.9697) | Train Acc: 1.0000 | Val Acc: 0.8500 | Val P/R/F1 (Macro): 0.7773/0.7106/0.7259 | LR: 0.000001
Epoch [95/100] | Loss: 1.8880 (Cls: 1.5366, TAL: 0.0000, Adv: 5.0197) | Train Acc: 1.0000 | Val Acc: 0.8750 | Val P/R/F1 (Macro): 0.7867/0.7575/0.7584 | LR: 0.000001
Epoch [96/100] | Loss: 1.8801 (Cls: 1.5315, TAL: 0.0000, Adv: 4.9792) | Train Acc: 1.0000 | Val Acc: 0.8750 | Val P/R/F1 (Macro): 0.9030/0.8264/0.8317 | LR: 0.000001
Epoch [97/100] | Loss: 1.8710 (Cls: 1.5202, TAL: 0.0000, Adv: 5.0108) | Train Acc: 1.0000 | Val Acc: 0.8667 | Val P/R/F1 (Macro): 0.9030/0.7931/0.8129 | LR: 0.000001
Epoch [98/100] | Loss: 1.8618 (Cls: 1.5187, TAL: 0.0000, Adv: 4.9017) | Train Acc: 0.9978 | Val Acc: 0.8667 | Val P/R/F1 (Macro): 0.9030/0.7931/0.8129 | LR: 0.000001
Epoch [99/100] | Loss: 1.8734 (Cls: 1.5284, TAL: 0.0000, Adv: 4.9287) | Train Acc: 1.0000 | Val Acc: 0.8667 | Val P/R/F1 (Macro): 0.7822/0.7805/0.7740 | LR: 0.000001
Epoch [100/100] | Loss: 1.8575 (Cls: 1.5112, TAL: 0.0000, Adv: 4.9470) | Train Acc: 0.9978 | Val Acc: 0.8667 | Val P/R/F1 (Macro): 0.9062/0.8065/0.8281 | LR: 0.000001
Report strategy: last_window, window=10, reported_acc=0.8708, best_acc=0.9000

迭代 4 报告指标:
  Accuracy: 0.8708
  Precision (Macro): 0.8692
  Recall (Macro): 0.7837
  F1 (Macro): 0.7991
  Precision (Micro): 0.8708
  Recall (Micro): 0.8708
  F1 (Micro): 0.8708
  Val class coverage: 8/14 (0.5714), samples=120

================================================================================
迭代 5/5
随机种子: 46
================================================================================
Training mode: unpaired target adaptation with controlled target-label loss (ratio=0.32, weight=0.52).
Fixed labeled target subset: 149/465 samples.
Feature fusion: Channel concatenation (512+512); fused_dim=1024
Domain adaptation: Neural OT generator with 3-domain discriminator
Loss weights: tensor=0.00, adv=0.07
Epoch [1/100] | Loss: 6.6749 (Cls: 6.6572, TAL: 0.0000, Adv: 0.2529) | Train Acc: 0.2344 | Val Acc: 0.0167 | Val P/R/F1 (Macro): 0.0208/0.0096/0.0132 | LR: 0.000005
  >>> New Best Val Acc: 0.0167
Epoch [2/100] | Loss: 5.3874 (Cls: 5.3740, TAL: 0.0000, Adv: 0.1920) | Train Acc: 0.3817 | Val Acc: 0.2833 | Val P/R/F1 (Macro): 0.2491/0.2035/0.2096 | LR: 0.000005
  >>> New Best Val Acc: 0.2833
Epoch [3/100] | Loss: 4.3985 (Cls: 4.3774, TAL: 0.0000, Adv: 0.3015) | Train Acc: 0.5871 | Val Acc: 0.4583 | Val P/R/F1 (Macro): 0.5820/0.4214/0.4538 | LR: 0.000005
  >>> New Best Val Acc: 0.4583
Epoch [4/100] | Loss: 3.9300 (Cls: 3.9053, TAL: 0.0000, Adv: 0.3535) | Train Acc: 0.6496 | Val Acc: 0.4667 | Val P/R/F1 (Macro): 0.5151/0.3575/0.3876 | LR: 0.000005
  >>> New Best Val Acc: 0.4667
Epoch [5/100] | Loss: 3.5826 (Cls: 3.5485, TAL: 0.0000, Adv: 0.4872) | Train Acc: 0.7344 | Val Acc: 0.5750 | Val P/R/F1 (Macro): 0.7086/0.5292/0.5808 | LR: 0.000005
  >>> New Best Val Acc: 0.5750
Epoch [6/100] | Loss: 2.9558 (Cls: 2.9129, TAL: 0.0000, Adv: 0.6130) | Train Acc: 0.8214 | Val Acc: 0.5500 | Val P/R/F1 (Macro): 0.5664/0.4799/0.4957 | LR: 0.000005
Epoch [7/100] | Loss: 2.8439 (Cls: 2.7898, TAL: 0.0000, Adv: 0.7733) | Train Acc: 0.8281 | Val Acc: 0.4917 | Val P/R/F1 (Macro): 0.4571/0.3716/0.3727 | LR: 0.000005
Epoch [8/100] | Loss: 2.6899 (Cls: 2.6182, TAL: 0.0000, Adv: 1.0246) | Train Acc: 0.8438 | Val Acc: 0.4250 | Val P/R/F1 (Macro): 0.4759/0.2928/0.3194 | LR: 0.000005
Epoch [9/100] | Loss: 2.5305 (Cls: 2.4424, TAL: 0.0000, Adv: 1.2576) | Train Acc: 0.8728 | Val Acc: 0.6167 | Val P/R/F1 (Macro): 0.5940/0.5009/0.5305 | LR: 0.000005
  >>> New Best Val Acc: 0.6167
Epoch [10/100] | Loss: 2.5003 (Cls: 2.4056, TAL: 0.0000, Adv: 1.3532) | Train Acc: 0.8884 | Val Acc: 0.6750 | Val P/R/F1 (Macro): 0.6569/0.5519/0.5845 | LR: 0.000005
  >>> New Best Val Acc: 0.6750
Epoch [11/100] | Loss: 2.2817 (Cls: 2.1726, TAL: 0.0000, Adv: 1.5594) | Train Acc: 0.9286 | Val Acc: 0.5333 | Val P/R/F1 (Macro): 0.7659/0.5357/0.5635 | LR: 0.000005
Epoch [12/100] | Loss: 2.2427 (Cls: 2.1251, TAL: 0.0000, Adv: 1.6797) | Train Acc: 0.9286 | Val Acc: 0.6000 | Val P/R/F1 (Macro): 0.7384/0.4989/0.5052 | LR: 0.000005
Epoch [13/100] | Loss: 2.4010 (Cls: 2.2728, TAL: 0.0000, Adv: 1.8310) | Train Acc: 0.9018 | Val Acc: 0.6000 | Val P/R/F1 (Macro): 0.6998/0.4527/0.5136 | LR: 0.000005
Epoch [14/100] | Loss: 2.2976 (Cls: 2.1532, TAL: 0.0000, Adv: 2.0626) | Train Acc: 0.9241 | Val Acc: 0.5167 | Val P/R/F1 (Macro): 0.5972/0.4757/0.4917 | LR: 0.000005
Epoch [15/100] | Loss: 2.2485 (Cls: 2.1087, TAL: 0.0000, Adv: 1.9970) | Train Acc: 0.9487 | Val Acc: 0.5667 | Val P/R/F1 (Macro): 0.5476/0.3572/0.4157 | LR: 0.000005
Epoch [16/100] | Loss: 2.2482 (Cls: 2.0954, TAL: 0.0000, Adv: 2.1823) | Train Acc: 0.9196 | Val Acc: 0.6750 | Val P/R/F1 (Macro): 0.7003/0.6436/0.6469 | LR: 0.000005
Epoch [17/100] | Loss: 2.1381 (Cls: 1.9949, TAL: 0.0000, Adv: 2.0462) | Train Acc: 0.9621 | Val Acc: 0.6500 | Val P/R/F1 (Macro): 0.6794/0.5570/0.5728 | LR: 0.000005
Epoch [18/100] | Loss: 2.1521 (Cls: 1.9929, TAL: 0.0000, Adv: 2.2744) | Train Acc: 0.9554 | Val Acc: 0.5167 | Val P/R/F1 (Macro): 0.5335/0.4553/0.3958 | LR: 0.000005
Epoch [19/100] | Loss: 2.1157 (Cls: 1.9530, TAL: 0.0000, Adv: 2.3239) | Train Acc: 0.9688 | Val Acc: 0.5000 | Val P/R/F1 (Macro): 0.5002/0.4035/0.4150 | LR: 0.000005
Epoch [20/100] | Loss: 2.1250 (Cls: 1.9428, TAL: 0.0000, Adv: 2.6031) | Train Acc: 0.9509 | Val Acc: 0.6583 | Val P/R/F1 (Macro): 0.6729/0.5576/0.5687 | LR: 0.000005
Epoch [21/100] | Loss: 2.1782 (Cls: 1.9944, TAL: 0.0000, Adv: 2.6258) | Train Acc: 0.9576 | Val Acc: 0.6833 | Val P/R/F1 (Macro): 0.6784/0.5915/0.5809 | LR: 0.000005
  >>> New Best Val Acc: 0.6833
Epoch [22/100] | Loss: 2.0999 (Cls: 1.9110, TAL: 0.0000, Adv: 2.6984) | Train Acc: 0.9665 | Val Acc: 0.7000 | Val P/R/F1 (Macro): 0.7046/0.5763/0.6073 | LR: 0.000005
  >>> New Best Val Acc: 0.7000
Epoch [23/100] | Loss: 2.0570 (Cls: 1.8629, TAL: 0.0000, Adv: 2.7727) | Train Acc: 0.9621 | Val Acc: 0.6333 | Val P/R/F1 (Macro): 0.6365/0.5487/0.5663 | LR: 0.000005
Epoch [24/100] | Loss: 2.1406 (Cls: 1.9348, TAL: 0.0000, Adv: 2.9390) | Train Acc: 0.9598 | Val Acc: 0.5917 | Val P/R/F1 (Macro): 0.7542/0.5475/0.5555 | LR: 0.000005
Epoch [25/100] | Loss: 2.0377 (Cls: 1.8448, TAL: 0.0000, Adv: 2.7556) | Train Acc: 0.9866 | Val Acc: 0.7000 | Val P/R/F1 (Macro): 0.8305/0.6770/0.7090 | LR: 0.000005
Epoch [26/100] | Loss: 2.1283 (Cls: 1.9246, TAL: 0.0000, Adv: 2.9113) | Train Acc: 0.9509 | Val Acc: 0.7083 | Val P/R/F1 (Macro): 0.8530/0.6640/0.6755 | LR: 0.000005
  >>> New Best Val Acc: 0.7083
Epoch [27/100] | Loss: 2.0834 (Cls: 1.8752, TAL: 0.0000, Adv: 2.9744) | Train Acc: 0.9754 | Val Acc: 0.6417 | Val P/R/F1 (Macro): 0.6494/0.4863/0.5116 | LR: 0.000005
Epoch [28/100] | Loss: 2.0369 (Cls: 1.8359, TAL: 0.0000, Adv: 2.8711) | Train Acc: 0.9621 | Val Acc: 0.6750 | Val P/R/F1 (Macro): 0.7298/0.6367/0.6202 | LR: 0.000005
Epoch [29/100] | Loss: 2.0486 (Cls: 1.8337, TAL: 0.0000, Adv: 3.0701) | Train Acc: 0.9665 | Val Acc: 0.7250 | Val P/R/F1 (Macro): 0.8946/0.7505/0.7890 | LR: 0.000005
  >>> New Best Val Acc: 0.7250
Epoch [30/100] | Loss: 2.0172 (Cls: 1.7956, TAL: 0.0000, Adv: 3.1668) | Train Acc: 0.9710 | Val Acc: 0.7167 | Val P/R/F1 (Macro): 0.7292/0.6029/0.6405 | LR: 0.000005
Epoch [31/100] | Loss: 2.0118 (Cls: 1.7895, TAL: 0.0000, Adv: 3.1758) | Train Acc: 0.9888 | Val Acc: 0.5917 | Val P/R/F1 (Macro): 0.7475/0.5856/0.6158 | LR: 0.000005
Epoch [32/100] | Loss: 2.0352 (Cls: 1.8097, TAL: 0.0000, Adv: 3.2212) | Train Acc: 0.9732 | Val Acc: 0.7667 | Val P/R/F1 (Macro): 0.8063/0.7247/0.7188 | LR: 0.000005
  >>> New Best Val Acc: 0.7667
Epoch [33/100] | Loss: 2.0139 (Cls: 1.7794, TAL: 0.0000, Adv: 3.3491) | Train Acc: 0.9688 | Val Acc: 0.8167 | Val P/R/F1 (Macro): 0.9109/0.7316/0.7592 | LR: 0.000005
  >>> New Best Val Acc: 0.8167
Epoch [34/100] | Loss: 1.9861 (Cls: 1.7639, TAL: 0.0000, Adv: 3.1756) | Train Acc: 0.9777 | Val Acc: 0.7417 | Val P/R/F1 (Macro): 0.8557/0.7223/0.7426 | LR: 0.000005
Epoch [35/100] | Loss: 1.9984 (Cls: 1.7575, TAL: 0.0000, Adv: 3.4407) | Train Acc: 0.9821 | Val Acc: 0.5750 | Val P/R/F1 (Macro): 0.8426/0.6496/0.6604 | LR: 0.000005
Epoch [36/100] | Loss: 2.0237 (Cls: 1.7789, TAL: 0.0000, Adv: 3.4966) | Train Acc: 0.9754 | Val Acc: 0.7583 | Val P/R/F1 (Macro): 0.9353/0.6816/0.7378 | LR: 0.000005
Epoch [37/100] | Loss: 2.0038 (Cls: 1.7615, TAL: 0.0000, Adv: 3.4612) | Train Acc: 0.9754 | Val Acc: 0.7333 | Val P/R/F1 (Macro): 0.8559/0.6994/0.7205 | LR: 0.000005
Epoch [38/100] | Loss: 1.9766 (Cls: 1.7358, TAL: 0.0000, Adv: 3.4405) | Train Acc: 0.9777 | Val Acc: 0.7250 | Val P/R/F1 (Macro): 0.8881/0.7061/0.7512 | LR: 0.000005
Epoch [39/100] | Loss: 2.0454 (Cls: 1.8060, TAL: 0.0000, Adv: 3.4201) | Train Acc: 0.9665 | Val Acc: 0.8083 | Val P/R/F1 (Macro): 0.9173/0.7824/0.8236 | LR: 0.000005
Epoch [40/100] | Loss: 1.9670 (Cls: 1.7185, TAL: 0.0000, Adv: 3.5499) | Train Acc: 0.9888 | Val Acc: 0.7000 | Val P/R/F1 (Macro): 0.8429/0.6850/0.7203 | LR: 0.000005
Epoch [41/100] | Loss: 1.9259 (Cls: 1.6727, TAL: 0.0000, Adv: 3.6170) | Train Acc: 0.9978 | Val Acc: 0.6167 | Val P/R/F1 (Macro): 0.7636/0.5847/0.5787 | LR: 0.000005
Epoch [42/100] | Loss: 1.9690 (Cls: 1.7180, TAL: 0.0000, Adv: 3.5857) | Train Acc: 0.9911 | Val Acc: 0.6583 | Val P/R/F1 (Macro): 0.7917/0.6481/0.6906 | LR: 0.000005
Epoch [43/100] | Loss: 1.9560 (Cls: 1.7071, TAL: 0.0000, Adv: 3.5560) | Train Acc: 0.9821 | Val Acc: 0.6583 | Val P/R/F1 (Macro): 0.8299/0.6290/0.6630 | LR: 0.000005
Epoch [44/100] | Loss: 1.9918 (Cls: 1.7363, TAL: 0.0000, Adv: 3.6488) | Train Acc: 0.9888 | Val Acc: 0.6250 | Val P/R/F1 (Macro): 0.4702/0.5335/0.4757 | LR: 0.000003
Epoch [45/100] | Loss: 1.9331 (Cls: 1.6687, TAL: 0.0000, Adv: 3.7764) | Train Acc: 0.9821 | Val Acc: 0.7750 | Val P/R/F1 (Macro): 0.8689/0.7769/0.7919 | LR: 0.000003
Epoch [46/100] | Loss: 1.9012 (Cls: 1.6340, TAL: 0.0000, Adv: 3.8162) | Train Acc: 0.9888 | Val Acc: 0.7333 | Val P/R/F1 (Macro): 0.8931/0.7090/0.7484 | LR: 0.000003
Epoch [47/100] | Loss: 1.9268 (Cls: 1.6586, TAL: 0.0000, Adv: 3.8318) | Train Acc: 0.9955 | Val Acc: 0.8333 | Val P/R/F1 (Macro): 0.8768/0.8166/0.8106 | LR: 0.000003
  >>> New Best Val Acc: 0.8333
Epoch [48/100] | Loss: 1.8945 (Cls: 1.6251, TAL: 0.0000, Adv: 3.8494) | Train Acc: 0.9933 | Val Acc: 0.8083 | Val P/R/F1 (Macro): 0.9410/0.7885/0.8520 | LR: 0.000003
Epoch [49/100] | Loss: 1.9154 (Cls: 1.6463, TAL: 0.0000, Adv: 3.8436) | Train Acc: 0.9888 | Val Acc: 0.8000 | Val P/R/F1 (Macro): 0.8748/0.8217/0.8423 | LR: 0.000003
Epoch [50/100] | Loss: 1.9252 (Cls: 1.6463, TAL: 0.0000, Adv: 3.9841) | Train Acc: 0.9821 | Val Acc: 0.8333 | Val P/R/F1 (Macro): 0.9526/0.8029/0.8515 | LR: 0.000003
Epoch [51/100] | Loss: 1.9016 (Cls: 1.6216, TAL: 0.0000, Adv: 4.0003) | Train Acc: 0.9978 | Val Acc: 0.8333 | Val P/R/F1 (Macro): 0.9220/0.8172/0.8348 | LR: 0.000003
Epoch [52/100] | Loss: 1.8692 (Cls: 1.5950, TAL: 0.0000, Adv: 3.9171) | Train Acc: 0.9933 | Val Acc: 0.7417 | Val P/R/F1 (Macro): 0.9293/0.6796/0.7291 | LR: 0.000003
Epoch [53/100] | Loss: 1.8694 (Cls: 1.5927, TAL: 0.0000, Adv: 3.9529) | Train Acc: 1.0000 | Val Acc: 0.8333 | Val P/R/F1 (Macro): 0.9167/0.8203/0.8416 | LR: 0.000003
Epoch [54/100] | Loss: 1.8576 (Cls: 1.5751, TAL: 0.0000, Adv: 4.0355) | Train Acc: 0.9955 | Val Acc: 0.8167 | Val P/R/F1 (Macro): 0.9165/0.7955/0.8207 | LR: 0.000003
Epoch [55/100] | Loss: 1.8738 (Cls: 1.6020, TAL: 0.0000, Adv: 3.8841) | Train Acc: 0.9933 | Val Acc: 0.7500 | Val P/R/F1 (Macro): 0.8981/0.6994/0.7509 | LR: 0.000003
Epoch [56/100] | Loss: 1.8653 (Cls: 1.5786, TAL: 0.0000, Adv: 4.0961) | Train Acc: 0.9933 | Val Acc: 0.9000 | Val P/R/F1 (Macro): 0.9518/0.8802/0.9040 | LR: 0.000003
  >>> New Best Val Acc: 0.9000
Epoch [57/100] | Loss: 1.8900 (Cls: 1.5927, TAL: 0.0000, Adv: 4.2469) | Train Acc: 0.9866 | Val Acc: 0.7167 | Val P/R/F1 (Macro): 0.9207/0.6711/0.7195 | LR: 0.000003
Epoch [58/100] | Loss: 1.9048 (Cls: 1.6221, TAL: 0.0000, Adv: 4.0385) | Train Acc: 0.9978 | Val Acc: 0.8167 | Val P/R/F1 (Macro): 0.9332/0.7710/0.8184 | LR: 0.000003
Epoch [59/100] | Loss: 1.8792 (Cls: 1.5865, TAL: 0.0000, Adv: 4.1825) | Train Acc: 0.9955 | Val Acc: 0.7667 | Val P/R/F1 (Macro): 0.9039/0.6609/0.7365 | LR: 0.000003
Epoch [60/100] | Loss: 1.8789 (Cls: 1.5857, TAL: 0.0000, Adv: 4.1879) | Train Acc: 0.9955 | Val Acc: 0.7417 | Val P/R/F1 (Macro): 0.9126/0.7179/0.7606 | LR: 0.000003
Epoch [61/100] | Loss: 1.8811 (Cls: 1.5858, TAL: 0.0000, Adv: 4.2180) | Train Acc: 0.9911 | Val Acc: 0.8250 | Val P/R/F1 (Macro): 0.9508/0.7837/0.8402 | LR: 0.000003
Epoch [62/100] | Loss: 1.8758 (Cls: 1.5773, TAL: 0.0000, Adv: 4.2652) | Train Acc: 0.9978 | Val Acc: 0.7667 | Val P/R/F1 (Macro): 0.9019/0.6579/0.7322 | LR: 0.000003
Epoch [63/100] | Loss: 1.8878 (Cls: 1.5839, TAL: 0.0000, Adv: 4.3413) | Train Acc: 0.9955 | Val Acc: 0.8417 | Val P/R/F1 (Macro): 0.9549/0.8137/0.8540 | LR: 0.000003
Epoch [64/100] | Loss: 1.8810 (Cls: 1.5708, TAL: 0.0000, Adv: 4.4311) | Train Acc: 0.9933 | Val Acc: 0.7750 | Val P/R/F1 (Macro): 0.9440/0.7145/0.7706 | LR: 0.000003
Epoch [65/100] | Loss: 1.8745 (Cls: 1.5693, TAL: 0.0000, Adv: 4.3603) | Train Acc: 0.9978 | Val Acc: 0.7833 | Val P/R/F1 (Macro): 0.9469/0.7451/0.8053 | LR: 0.000003
Epoch [66/100] | Loss: 1.8713 (Cls: 1.5675, TAL: 0.0000, Adv: 4.3407) | Train Acc: 1.0000 | Val Acc: 0.7667 | Val P/R/F1 (Macro): 0.9148/0.7140/0.7598 | LR: 0.000003
Epoch [67/100] | Loss: 1.8605 (Cls: 1.5510, TAL: 0.0000, Adv: 4.4215) | Train Acc: 0.9978 | Val Acc: 0.8000 | Val P/R/F1 (Macro): 0.9504/0.7457/0.8027 | LR: 0.000001
Epoch [68/100] | Loss: 1.8585 (Cls: 1.5502, TAL: 0.0000, Adv: 4.4034) | Train Acc: 1.0000 | Val Acc: 0.8083 | Val P/R/F1 (Macro): 0.9062/0.7985/0.8203 | LR: 0.000001
Epoch [69/100] | Loss: 1.8614 (Cls: 1.5531, TAL: 0.0000, Adv: 4.4047) | Train Acc: 0.9978 | Val Acc: 0.7833 | Val P/R/F1 (Macro): 0.9479/0.7469/0.8059 | LR: 0.000001
Epoch [70/100] | Loss: 1.8718 (Cls: 1.5680, TAL: 0.0000, Adv: 4.3397) | Train Acc: 0.9888 | Val Acc: 0.8417 | Val P/R/F1 (Macro): 0.9048/0.8268/0.8339 | LR: 0.000001
Epoch [71/100] | Loss: 1.8533 (Cls: 1.5408, TAL: 0.0000, Adv: 4.4644) | Train Acc: 0.9978 | Val Acc: 0.8500 | Val P/R/F1 (Macro): 0.9518/0.8316/0.8637 | LR: 0.000001
Epoch [72/100] | Loss: 1.8448 (Cls: 1.5373, TAL: 0.0000, Adv: 4.3933) | Train Acc: 1.0000 | Val Acc: 0.8083 | Val P/R/F1 (Macro): 0.9509/0.7560/0.8134 | LR: 0.000001
Epoch [73/100] | Loss: 1.8538 (Cls: 1.5385, TAL: 0.0000, Adv: 4.5030) | Train Acc: 1.0000 | Val Acc: 0.7833 | Val P/R/F1 (Macro): 0.9458/0.7451/0.8120 | LR: 0.000001
Epoch [74/100] | Loss: 1.8436 (Cls: 1.5343, TAL: 0.0000, Adv: 4.4191) | Train Acc: 0.9955 | Val Acc: 0.8250 | Val P/R/F1 (Macro): 0.9718/0.7747/0.8394 | LR: 0.000001
Epoch [75/100] | Loss: 1.8555 (Cls: 1.5370, TAL: 0.0000, Adv: 4.5494) | Train Acc: 1.0000 | Val Acc: 0.8000 | Val P/R/F1 (Macro): 0.9533/0.7536/0.8140 | LR: 0.000001
Epoch [76/100] | Loss: 1.8375 (Cls: 1.5292, TAL: 0.0000, Adv: 4.4052) | Train Acc: 0.9978 | Val Acc: 0.7583 | Val P/R/F1 (Macro): 0.9313/0.7084/0.7635 | LR: 0.000001
Epoch [77/100] | Loss: 1.8602 (Cls: 1.5401, TAL: 0.0000, Adv: 4.5732) | Train Acc: 1.0000 | Val Acc: 0.7333 | Val P/R/F1 (Macro): 0.9401/0.6826/0.7368 | LR: 0.000001
Epoch [78/100] | Loss: 1.8526 (Cls: 1.5355, TAL: 0.0000, Adv: 4.5289) | Train Acc: 0.9978 | Val Acc: 0.8417 | Val P/R/F1 (Macro): 0.9417/0.8095/0.8464 | LR: 0.000001
Epoch [79/100] | Loss: 1.8587 (Cls: 1.5386, TAL: 0.0000, Adv: 4.5728) | Train Acc: 1.0000 | Val Acc: 0.7667 | Val P/R/F1 (Macro): 0.9659/0.7132/0.7808 | LR: 0.000001
Epoch [80/100] | Loss: 1.8400 (Cls: 1.5229, TAL: 0.0000, Adv: 4.5303) | Train Acc: 0.9978 | Val Acc: 0.7667 | Val P/R/F1 (Macro): 0.9469/0.7115/0.7705 | LR: 0.000001
Epoch [81/100] | Loss: 1.8496 (Cls: 1.5253, TAL: 0.0000, Adv: 4.6331) | Train Acc: 1.0000 | Val Acc: 0.7833 | Val P/R/F1 (Macro): 0.9384/0.6945/0.7772 | LR: 0.000001
Epoch [82/100] | Loss: 1.8490 (Cls: 1.5235, TAL: 0.0000, Adv: 4.6496) | Train Acc: 0.9978 | Val Acc: 0.7917 | Val P/R/F1 (Macro): 0.9281/0.7011/0.7770 | LR: 0.000001
Epoch [83/100] | Loss: 1.8430 (Cls: 1.5190, TAL: 0.0000, Adv: 4.6290) | Train Acc: 1.0000 | Val Acc: 0.8083 | Val P/R/F1 (Macro): 0.9527/0.7344/0.7850 | LR: 0.000001
Epoch [84/100] | Loss: 1.8729 (Cls: 1.5502, TAL: 0.0000, Adv: 4.6103) | Train Acc: 0.9933 | Val Acc: 0.8167 | Val P/R/F1 (Macro): 0.9653/0.7680/0.8284 | LR: 0.000001
Epoch [85/100] | Loss: 1.8390 (Cls: 1.5178, TAL: 0.0000, Adv: 4.5878) | Train Acc: 0.9933 | Val Acc: 0.8083 | Val P/R/F1 (Macro): 0.9509/0.7686/0.8244 | LR: 0.000001
Epoch [86/100] | Loss: 1.8510 (Cls: 1.5131, TAL: 0.0000, Adv: 4.8276) | Train Acc: 1.0000 | Val Acc: 0.8167 | Val P/R/F1 (Macro): 0.9542/0.8103/0.8637 | LR: 0.000001
Epoch [87/100] | Loss: 1.8569 (Cls: 1.5292, TAL: 0.0000, Adv: 4.6806) | Train Acc: 1.0000 | Val Acc: 0.8500 | Val P/R/F1 (Macro): 0.9527/0.8082/0.8501 | LR: 0.000001
Epoch [88/100] | Loss: 1.8673 (Cls: 1.5265, TAL: 0.0000, Adv: 4.8683) | Train Acc: 0.9955 | Val Acc: 0.8417 | Val P/R/F1 (Macro): 0.9379/0.8034/0.8425 | LR: 0.000001
Epoch [89/100] | Loss: 1.8550 (Cls: 1.5212, TAL: 0.0000, Adv: 4.7695) | Train Acc: 1.0000 | Val Acc: 0.8167 | Val P/R/F1 (Macro): 0.9377/0.8211/0.8670 | LR: 0.000001
Epoch [90/100] | Loss: 1.8418 (Cls: 1.5098, TAL: 0.0000, Adv: 4.7419) | Train Acc: 0.9978 | Val Acc: 0.8333 | Val P/R/F1 (Macro): 0.9498/0.8021/0.8446 | LR: 0.000001
Epoch [91/100] | Loss: 1.8514 (Cls: 1.5118, TAL: 0.0000, Adv: 4.8515) | Train Acc: 1.0000 | Val Acc: 0.8333 | Val P/R/F1 (Macro): 0.9498/0.7998/0.8431 | LR: 0.000001
Epoch [92/100] | Loss: 1.8451 (Cls: 1.5087, TAL: 0.0000, Adv: 4.8061) | Train Acc: 1.0000 | Val Acc: 0.7917 | Val P/R/F1 (Macro): 0.9697/0.7367/0.8051 | LR: 0.000001
Epoch [93/100] | Loss: 1.8441 (Cls: 1.5135, TAL: 0.0000, Adv: 4.7227) | Train Acc: 1.0000 | Val Acc: 0.8250 | Val P/R/F1 (Macro): 0.9481/0.7890/0.8364 | LR: 0.000001
Epoch [94/100] | Loss: 1.8499 (Cls: 1.5109, TAL: 0.0000, Adv: 4.8432) | Train Acc: 1.0000 | Val Acc: 0.8417 | Val P/R/F1 (Macro): 0.9527/0.8052/0.8483 | LR: 0.000001
Epoch [95/100] | Loss: 1.8513 (Cls: 1.5121, TAL: 0.0000, Adv: 4.8450) | Train Acc: 1.0000 | Val Acc: 0.8250 | Val P/R/F1 (Macro): 0.9557/0.8042/0.8558 | LR: 0.000001
Epoch [96/100] | Loss: 1.8452 (Cls: 1.5107, TAL: 0.0000, Adv: 4.7788) | Train Acc: 1.0000 | Val Acc: 0.8167 | Val P/R/F1 (Macro): 0.9527/0.7752/0.8319 | LR: 0.000001
Epoch [97/100] | Loss: 1.8798 (Cls: 1.5375, TAL: 0.0000, Adv: 4.8910) | Train Acc: 0.9955 | Val Acc: 0.7917 | Val P/R/F1 (Macro): 0.9341/0.7265/0.8019 | LR: 0.000001
Epoch [98/100] | Loss: 1.8617 (Cls: 1.5129, TAL: 0.0000, Adv: 4.9832) | Train Acc: 1.0000 | Val Acc: 0.7917 | Val P/R/F1 (Macro): 0.9316/0.7838/0.8356 | LR: 0.000001
Epoch [99/100] | Loss: 1.8552 (Cls: 1.5082, TAL: 0.0000, Adv: 4.9566) | Train Acc: 0.9978 | Val Acc: 0.8000 | Val P/R/F1 (Macro): 0.9453/0.7746/0.8286 | LR: 0.000001
Epoch [100/100] | Loss: 1.8502 (Cls: 1.5082, TAL: 0.0000, Adv: 4.8855) | Train Acc: 1.0000 | Val Acc: 0.7917 | Val P/R/F1 (Macro): 0.9463/0.7482/0.8075 | LR: 0.000001
Report strategy: last_window, window=10, reported_acc=0.8108, best_acc=0.9000

迭代 5 报告指标:
  Accuracy: 0.8108
  Precision (Macro): 0.9486
  Recall (Macro): 0.7743
  F1 (Macro): 0.8294
  Precision (Micro): 0.8108
  Recall (Micro): 0.8108
  F1 (Micro): 0.8108
  Val class coverage: 8/14 (0.5714), samples=120

================================================================================
5次迭代统计结果
================================================================================

accuracy:
  各迭代值: ['0.8517', '0.8342', '0.8383', '0.8708', '0.8108']
  均值 (Mean): 0.8412
  标准差 (Std): 0.0198

precision_macro:
  各迭代值: ['0.9584', '0.9009', '0.9059', '0.8692', '0.9486']
  均值 (Mean): 0.9166
  标准差 (Std): 0.0328

recall_macro:
  各迭代值: ['0.7627', '0.7638', '0.8732', '0.7837', '0.7743']
  均值 (Mean): 0.7915
  标准差 (Std): 0.0415

f1_macro:
  各迭代值: ['0.8119', '0.8058', '0.8841', '0.7991', '0.8294']
  均值 (Mean): 0.8261
  标准差 (Std): 0.0307

precision_micro:
  各迭代值: ['0.8517', '0.8342', '0.8383', '0.8708', '0.8108']
  均值 (Mean): 0.8412
  标准差 (Std): 0.0198

recall_micro:
  各迭代值: ['0.8517', '0.8342', '0.8383', '0.8708', '0.8108']
  均值 (Mean): 0.8412
  标准差 (Std): 0.0198

f1_micro:
  各迭代值: ['0.8517', '0.8342', '0.8383', '0.8708', '0.8108']
  均值 (Mean): 0.8412
  标准差 (Std): 0.0198

val_class_coverage:
  各迭代值: ['0.5714', '0.5714', '0.5714', '0.5714', '0.5714']
  均值 (Mean): 0.5714
  标准差 (Std): 0.0000

val_present_classes:
  各迭代值: ['8.0000', '8.0000', '8.0000', '8.0000', '8.0000']
  均值 (Mean): 8.0000
  标准差 (Std): 0.0000

val_total_classes:
  各迭代值: ['14.0000', '14.0000', '14.0000', '14.0000', '14.0000']
  均值 (Mean): 14.0000
  标准差 (Std): 0.0000

val_samples:
  各迭代值: ['120.0000', '120.0000', '120.0000', '120.0000', '120.0000']
  均值 (Mean): 120.0000
  标准差 (Std): 0.0000

训练结束时间: 2026-07-13 23:59:29
================================================================================
