================================================================================
模块消融实验 - with_tensor_with_ot
目标域天气: 黑天
训练开始时间: 2026-06-29 10:16:35
设备: cuda
源域: D:\Code\JMDA-Net\Data\晴天
目标域: D:\Code\JMDA-Net\Data\黑天
批次大小: 16
总轮数: 1
迭代次数: 1
使用Tensor模块: 是
使用OT模块: 是
特征融合方式: Tensor对齐
域对齐方式: 最优传输
================================================================================

================================================================================
迭代 1/1
随机种子: 42
================================================================================
Feature fusion: Tensor alignment (512+512 -> 128+128); fused_dim=256
Domain adaptation: Neural OT generator with 3-domain discriminator
Loss weights: tensor=0.30, adv=0.15
Epoch [1/1] | Loss: 6.0664 (Cls: 5.9771, TAL: 0.0510, Adv: 0.4937) | Train Acc: 0.4181 | Val Acc: 0.2167 | Val P/R/F1 (Macro): 0.2530/0.2503/0.2074 | LR: 0.000010
  >>> New Best Val Acc: 0.2167

迭代 1 最佳指标:
  Accuracy: 0.2167
  Precision (Macro): 0.2530
  Recall (Macro): 0.2503
  F1 (Macro): 0.2074
  Precision (Micro): 0.2167
  Recall (Micro): 0.2167
  F1 (Micro): 0.2167

================================================================================
1次迭代统计结果
================================================================================

accuracy:
  各迭代值: ['0.2167']
  均值 (Mean): 0.2167
  标准差 (Std): 0.0000

precision_macro:
  各迭代值: ['0.2530']
  均值 (Mean): 0.2530
  标准差 (Std): 0.0000

recall_macro:
  各迭代值: ['0.2503']
  均值 (Mean): 0.2503
  标准差 (Std): 0.0000

f1_macro:
  各迭代值: ['0.2074']
  均值 (Mean): 0.2074
  标准差 (Std): 0.0000

precision_micro:
  各迭代值: ['0.2167']
  均值 (Mean): 0.2167
  标准差 (Std): 0.0000

recall_micro:
  各迭代值: ['0.2167']
  均值 (Mean): 0.2167
  标准差 (Std): 0.0000

f1_micro:
  各迭代值: ['0.2167']
  均值 (Mean): 0.2167
  标准差 (Std): 0.0000

训练结束时间: 2026-06-29 10:16:54
================================================================================
