================================================================================
模块消融实验 - with_tensor_without_ot
目标域天气: 逆光
训练开始时间: 2026-07-10 22:01:43
设备: cuda
源域: /home/lixiang/lx/Data/晴天
目标域: /home/lixiang/lx/Data/逆光
批次大小: 32
总轮数: 100
迭代次数: 5
使用Tensor模块: 是
使用OT模块: 否
特征融合方式: Tensor对齐
域对齐方式: 常规对抗
================================================================================

================================================================================
迭代 1/5
随机种子: 42
================================================================================
Training mode: unpaired target adaptation with controlled target-label loss (ratio=0.35, weight=0.50).
Fixed labeled target subset: 45/128 samples.
Feature fusion: Tensor alignment (512+512 -> 128+128); fused_dim=256
Domain adaptation: standard source-target adversarial training, no generator
Loss weights: tensor=0.30, adv=0.15
Epoch [1/100] | Loss: 4.6759 (Cls: 4.5179, TAL: 0.1761, Adv: 0.7007) | Train Acc: 0.1094 | Val Acc: 0.1667 | Val P/R/F1 (Macro): 0.0724/0.1296/0.0570 | LR: 0.000010
  >>> New Best Val Acc: 0.1667
Epoch [2/100] | Loss: 3.6861 (Cls: 3.5337, TAL: 0.4390, Adv: 0.1378) | Train Acc: 0.2422 | Val Acc: 0.2778 | Val P/R/F1 (Macro): 0.1969/0.2407/0.1822 | LR: 0.000010
  >>> New Best Val Acc: 0.2778
Epoch [3/100] | Loss: 3.4667 (Cls: 3.3457, TAL: 0.3800, Adv: 0.0469) | Train Acc: 0.2422 | Val Acc: 0.2500 | Val P/R/F1 (Macro): 0.1160/0.2222/0.1325 | LR: 0.000010
Epoch [4/100] | Loss: 3.2302 (Cls: 3.1285, TAL: 0.3304, Adv: 0.0172) | Train Acc: 0.3203 | Val Acc: 0.2222 | Val P/R/F1 (Macro): 0.2704/0.1981/0.1443 | LR: 0.000010
Epoch [5/100] | Loss: 2.8338 (Cls: 2.7082, TAL: 0.4129, Adv: 0.0114) | Train Acc: 0.4688 | Val Acc: 0.5556 | Val P/R/F1 (Macro): 0.3958/0.3935/0.3479 | LR: 0.000010
  >>> New Best Val Acc: 0.5556
Epoch [6/100] | Loss: 2.6333 (Cls: 2.4897, TAL: 0.4746, Adv: 0.0079) | Train Acc: 0.4844 | Val Acc: 0.7500 | Val P/R/F1 (Macro): 0.7306/0.7380/0.7163 | LR: 0.000010
  >>> New Best Val Acc: 0.7500
Epoch [7/100] | Loss: 2.3669 (Cls: 2.2543, TAL: 0.3731, Adv: 0.0040) | Train Acc: 0.5234 | Val Acc: 0.7778 | Val P/R/F1 (Macro): 0.7381/0.7519/0.7254 | LR: 0.000010
  >>> New Best Val Acc: 0.7778
Epoch [8/100] | Loss: 2.5280 (Cls: 2.3949, TAL: 0.4413, Adv: 0.0048) | Train Acc: 0.4844 | Val Acc: 0.8056 | Val P/R/F1 (Macro): 0.7635/0.7556/0.7435 | LR: 0.000010
  >>> New Best Val Acc: 0.8056
Epoch [9/100] | Loss: 2.3557 (Cls: 2.2397, TAL: 0.3850, Adv: 0.0036) | Train Acc: 0.5938 | Val Acc: 0.7222 | Val P/R/F1 (Macro): 0.7685/0.7907/0.7558 | LR: 0.000010
Epoch [10/100] | Loss: 2.0696 (Cls: 1.9733, TAL: 0.3185, Adv: 0.0048) | Train Acc: 0.6641 | Val Acc: 0.6667 | Val P/R/F1 (Macro): 0.5239/0.6574/0.5501 | LR: 0.000010
Epoch [11/100] | Loss: 1.8672 (Cls: 1.7762, TAL: 0.3016, Adv: 0.0031) | Train Acc: 0.7188 | Val Acc: 0.6667 | Val P/R/F1 (Macro): 0.6119/0.6519/0.5771 | LR: 0.000010
Epoch [12/100] | Loss: 1.9145 (Cls: 1.8243, TAL: 0.2975, Adv: 0.0061) | Train Acc: 0.6953 | Val Acc: 0.8056 | Val P/R/F1 (Macro): 0.7028/0.7472/0.7087 | LR: 0.000010
Epoch [13/100] | Loss: 1.9599 (Cls: 1.9045, TAL: 0.1829, Adv: 0.0030) | Train Acc: 0.6562 | Val Acc: 0.6944 | Val P/R/F1 (Macro): 0.6099/0.6269/0.5685 | LR: 0.000010
Epoch [14/100] | Loss: 1.8647 (Cls: 1.8079, TAL: 0.1875, Adv: 0.0030) | Train Acc: 0.6953 | Val Acc: 0.7500 | Val P/R/F1 (Macro): 0.7811/0.7426/0.7240 | LR: 0.000010
Epoch [15/100] | Loss: 1.6827 (Cls: 1.5957, TAL: 0.2888, Adv: 0.0022) | Train Acc: 0.7969 | Val Acc: 0.7778 | Val P/R/F1 (Macro): 0.6987/0.7583/0.6714 | LR: 0.000010
Epoch [16/100] | Loss: 1.6509 (Cls: 1.6126, TAL: 0.1258, Adv: 0.0032) | Train Acc: 0.7656 | Val Acc: 0.8889 | Val P/R/F1 (Macro): 0.9185/0.9194/0.8981 | LR: 0.000010
  >>> New Best Val Acc: 0.8889
Epoch [17/100] | Loss: 1.6003 (Cls: 1.5608, TAL: 0.1306, Adv: 0.0020) | Train Acc: 0.7734 | Val Acc: 0.7778 | Val P/R/F1 (Macro): 0.7463/0.7157/0.7062 | LR: 0.000010
Epoch [18/100] | Loss: 1.4671 (Cls: 1.4431, TAL: 0.0792, Adv: 0.0013) | Train Acc: 0.8438 | Val Acc: 0.8889 | Val P/R/F1 (Macro): 0.9278/0.9000/0.9012 | LR: 0.000010
Epoch [19/100] | Loss: 1.5736 (Cls: 1.5395, TAL: 0.1131, Adv: 0.0015) | Train Acc: 0.7891 | Val Acc: 0.8889 | Val P/R/F1 (Macro): 0.8722/0.9176/0.8831 | LR: 0.000010
Epoch [20/100] | Loss: 1.4416 (Cls: 1.4092, TAL: 0.1076, Adv: 0.0010) | Train Acc: 0.8594 | Val Acc: 0.8333 | Val P/R/F1 (Macro): 0.8389/0.8694/0.8088 | LR: 0.000010
Epoch [21/100] | Loss: 1.4042 (Cls: 1.3846, TAL: 0.0652, Adv: 0.0006) | Train Acc: 0.8359 | Val Acc: 0.9444 | Val P/R/F1 (Macro): 0.9630/0.9556/0.9500 | LR: 0.000010
  >>> New Best Val Acc: 0.9444
Epoch [22/100] | Loss: 1.3205 (Cls: 1.3130, TAL: 0.0243, Adv: 0.0009) | Train Acc: 0.8594 | Val Acc: 0.9444 | Val P/R/F1 (Macro): 0.9556/0.9639/0.9556 | LR: 0.000010
Epoch [23/100] | Loss: 1.2903 (Cls: 1.3111, TAL: -0.0698, Adv: 0.0010) | Train Acc: 0.8750 | Val Acc: 0.6667 | Val P/R/F1 (Macro): 0.5960/0.5574/0.5373 | LR: 0.000010
Epoch [24/100] | Loss: 1.3111 (Cls: 1.2899, TAL: 0.0704, Adv: 0.0007) | Train Acc: 0.8594 | Val Acc: 0.7778 | Val P/R/F1 (Macro): 0.7500/0.7657/0.7386 | LR: 0.000010
Epoch [25/100] | Loss: 1.3110 (Cls: 1.2884, TAL: 0.0738, Adv: 0.0031) | Train Acc: 0.9062 | Val Acc: 0.8333 | Val P/R/F1 (Macro): 0.7913/0.7889/0.7722 | LR: 0.000010
Epoch [26/100] | Loss: 1.4219 (Cls: 1.4030, TAL: 0.0623, Adv: 0.0017) | Train Acc: 0.8203 | Val Acc: 0.9167 | Val P/R/F1 (Macro): 0.9352/0.9370/0.9306 | LR: 0.000010
Epoch [27/100] | Loss: 1.2275 (Cls: 1.2158, TAL: 0.0378, Adv: 0.0021) | Train Acc: 0.8984 | Val Acc: 0.9167 | Val P/R/F1 (Macro): 0.9471/0.9417/0.9340 | LR: 0.000010
Epoch [28/100] | Loss: 1.2174 (Cls: 1.2039, TAL: 0.0438, Adv: 0.0026) | Train Acc: 0.8906 | Val Acc: 0.9167 | Val P/R/F1 (Macro): 0.9407/0.9417/0.9302 | LR: 0.000010
Epoch [29/100] | Loss: 1.1287 (Cls: 1.1084, TAL: 0.0664, Adv: 0.0025) | Train Acc: 0.9688 | Val Acc: 0.9167 | Val P/R/F1 (Macro): 0.9407/0.9417/0.9302 | LR: 0.000010
Epoch [30/100] | Loss: 1.2909 (Cls: 1.2572, TAL: 0.1117, Adv: 0.0014) | Train Acc: 0.8984 | Val Acc: 0.9167 | Val P/R/F1 (Macro): 0.9471/0.9417/0.9340 | LR: 0.000010
Epoch [31/100] | Loss: 1.2204 (Cls: 1.1904, TAL: 0.0988, Adv: 0.0025) | Train Acc: 0.9141 | Val Acc: 0.9722 | Val P/R/F1 (Macro): 0.9778/0.9778/0.9753 | LR: 0.000010
  >>> New Best Val Acc: 0.9722
Epoch [32/100] | Loss: 1.3674 (Cls: 1.3539, TAL: 0.0435, Adv: 0.0031) | Train Acc: 0.8203 | Val Acc: 0.9444 | Val P/R/F1 (Macro): 0.9556/0.9593/0.9553 | LR: 0.000010
Epoch [33/100] | Loss: 1.1877 (Cls: 1.1870, TAL: 0.0018, Adv: 0.0013) | Train Acc: 0.8984 | Val Acc: 0.9167 | Val P/R/F1 (Macro): 0.9222/0.9315/0.9240 | LR: 0.000010
Epoch [34/100] | Loss: 1.2682 (Cls: 1.2524, TAL: 0.0518, Adv: 0.0017) | Train Acc: 0.8750 | Val Acc: 0.9444 | Val P/R/F1 (Macro): 0.9556/0.9593/0.9553 | LR: 0.000010
Epoch [35/100] | Loss: 1.1373 (Cls: 1.1135, TAL: 0.0789, Adv: 0.0010) | Train Acc: 0.9453 | Val Acc: 0.9444 | Val P/R/F1 (Macro): 0.9556/0.9593/0.9553 | LR: 0.000010
Epoch [36/100] | Loss: 1.2322 (Cls: 1.2122, TAL: 0.0661, Adv: 0.0013) | Train Acc: 0.8984 | Val Acc: 0.9167 | Val P/R/F1 (Macro): 0.9222/0.9315/0.9240 | LR: 0.000010
Epoch [37/100] | Loss: 1.1042 (Cls: 1.0881, TAL: 0.0532, Adv: 0.0008) | Train Acc: 0.9531 | Val Acc: 0.9167 | Val P/R/F1 (Macro): 0.8889/0.9315/0.8969 | LR: 0.000010
Epoch [38/100] | Loss: 1.1290 (Cls: 1.1322, TAL: -0.0116, Adv: 0.0019) | Train Acc: 0.9219 | Val Acc: 0.9167 | Val P/R/F1 (Macro): 0.9278/0.9278/0.9193 | LR: 0.000010
Epoch [39/100] | Loss: 1.1901 (Cls: 1.1859, TAL: 0.0130, Adv: 0.0018) | Train Acc: 0.9219 | Val Acc: 0.8889 | Val P/R/F1 (Macro): 0.8722/0.9093/0.8722 | LR: 0.000010
Epoch [40/100] | Loss: 1.1561 (Cls: 1.1595, TAL: -0.0121, Adv: 0.0014) | Train Acc: 0.8984 | Val Acc: 0.8889 | Val P/R/F1 (Macro): 0.8722/0.9093/0.8722 | LR: 0.000010
Epoch [41/100] | Loss: 1.1611 (Cls: 1.1839, TAL: -0.0851, Adv: 0.0185) | Train Acc: 0.9219 | Val Acc: 0.8611 | Val P/R/F1 (Macro): 0.7672/0.8074/0.7530 | LR: 0.000010
Epoch [42/100] | Loss: 1.0700 (Cls: 1.0912, TAL: -0.1008, Adv: 0.0602) | Train Acc: 0.9531 | Val Acc: 0.8889 | Val P/R/F1 (Macro): 0.9246/0.9185/0.9104 | LR: 0.000005
Epoch [43/100] | Loss: 1.1249 (Cls: 1.1059, TAL: -0.0396, Adv: 0.2057) | Train Acc: 0.9375 | Val Acc: 0.8889 | Val P/R/F1 (Macro): 0.9246/0.9185/0.9104 | LR: 0.000005
Epoch [44/100] | Loss: 1.1997 (Cls: 1.0549, TAL: -0.0259, Adv: 1.0169) | Train Acc: 0.9609 | Val Acc: 0.9167 | Val P/R/F1 (Macro): 0.9471/0.9185/0.9192 | LR: 0.000005
Epoch [45/100] | Loss: 1.7987 (Cls: 1.1494, TAL: -0.0196, Adv: 4.3683) | Train Acc: 0.9531 | Val Acc: 0.9444 | Val P/R/F1 (Macro): 0.9619/0.9407/0.9445 | LR: 0.000005
Epoch [46/100] | Loss: 2.0456 (Cls: 1.2578, TAL: 0.0596, Adv: 5.1324) | Train Acc: 0.8750 | Val Acc: 0.9722 | Val P/R/F1 (Macro): 0.9778/0.9778/0.9753 | LR: 0.000005
Epoch [47/100] | Loss: 1.9345 (Cls: 1.1987, TAL: 0.0745, Adv: 4.7566) | Train Acc: 0.9375 | Val Acc: 0.9722 | Val P/R/F1 (Macro): 0.9778/0.9778/0.9753 | LR: 0.000005
Epoch [48/100] | Loss: 1.8792 (Cls: 1.2184, TAL: 0.1403, Adv: 4.1251) | Train Acc: 0.9141 | Val Acc: 0.9167 | Val P/R/F1 (Macro): 0.9407/0.9454/0.9398 | LR: 0.000005
Epoch [49/100] | Loss: 1.7772 (Cls: 1.2090, TAL: 0.2020, Adv: 3.3835) | Train Acc: 0.9141 | Val Acc: 0.9444 | Val P/R/F1 (Macro): 0.9556/0.9593/0.9553 | LR: 0.000005
Epoch [50/100] | Loss: 1.6559 (Cls: 1.1772, TAL: 0.2514, Adv: 2.6888) | Train Acc: 0.9219 | Val Acc: 0.9444 | Val P/R/F1 (Macro): 0.9556/0.9593/0.9553 | LR: 0.000005
Epoch [51/100] | Loss: 1.5374 (Cls: 1.1309, TAL: 0.2910, Adv: 2.1276) | Train Acc: 0.9141 | Val Acc: 0.9722 | Val P/R/F1 (Macro): 0.9778/0.9778/0.9753 | LR: 0.000005
Epoch [52/100] | Loss: 1.3577 (Cls: 1.0203, TAL: 0.3031, Adv: 1.6432) | Train Acc: 0.9766 | Val Acc: 0.9444 | Val P/R/F1 (Macro): 0.9630/0.9556/0.9500 | LR: 0.000005
Epoch [53/100] | Loss: 1.3148 (Cls: 1.0837, TAL: 0.2517, Adv: 1.0369) | Train Acc: 0.9609 | Val Acc: 0.9167 | Val P/R/F1 (Macro): 0.9352/0.9370/0.9306 | LR: 0.000003
Epoch [54/100] | Loss: 1.2898 (Cls: 1.1144, TAL: 0.2560, Adv: 0.6573) | Train Acc: 0.9375 | Val Acc: 0.9167 | Val P/R/F1 (Macro): 0.9352/0.9370/0.9306 | LR: 0.000003
Epoch [55/100] | Loss: 1.2187 (Cls: 1.0966, TAL: 0.2462, Adv: 0.3217) | Train Acc: 0.9297 | Val Acc: 0.9444 | Val P/R/F1 (Macro): 0.9556/0.9593/0.9553 | LR: 0.000003
Epoch [56/100] | Loss: 1.1540 (Cls: 1.0511, TAL: 0.2273, Adv: 0.2313) | Train Acc: 0.9844 | Val Acc: 0.9444 | Val P/R/F1 (Macro): 0.9556/0.9593/0.9553 | LR: 0.000003
Epoch [57/100] | Loss: 1.1580 (Cls: 1.0797, TAL: 0.1785, Adv: 0.1648) | Train Acc: 0.9531 | Val Acc: 0.9444 | Val P/R/F1 (Macro): 0.9556/0.9593/0.9553 | LR: 0.000003
Epoch [58/100] | Loss: 1.1434 (Cls: 1.0726, TAL: 0.1871, Adv: 0.0977) | Train Acc: 0.9531 | Val Acc: 0.9444 | Val P/R/F1 (Macro): 0.9556/0.9593/0.9553 | LR: 0.000003
Epoch [59/100] | Loss: 1.0746 (Cls: 1.0107, TAL: 0.1872, Adv: 0.0515) | Train Acc: 0.9922 | Val Acc: 0.9444 | Val P/R/F1 (Macro): 0.9556/0.9593/0.9553 | LR: 0.000003
Epoch [60/100] | Loss: 1.0950 (Cls: 1.0311, TAL: 0.1977, Adv: 0.0307) | Train Acc: 0.9531 | Val Acc: 0.9167 | Val P/R/F1 (Macro): 0.9222/0.9315/0.9240 | LR: 0.000003
Epoch [61/100] | Loss: 1.0656 (Cls: 1.0097, TAL: 0.1767, Adv: 0.0193) | Train Acc: 0.9688 | Val Acc: 0.9167 | Val P/R/F1 (Macro): 0.9222/0.9315/0.9240 | LR: 0.000003
Epoch [62/100] | Loss: 1.0718 (Cls: 1.0316, TAL: 0.1295, Adv: 0.0092) | Train Acc: 0.9844 | Val Acc: 0.9444 | Val P/R/F1 (Macro): 0.9556/0.9593/0.9553 | LR: 0.000003
Epoch [63/100] | Loss: 1.1009 (Cls: 1.0688, TAL: 0.1032, Adv: 0.0076) | Train Acc: 0.9609 | Val Acc: 0.9167 | Val P/R/F1 (Macro): 0.9222/0.9315/0.9240 | LR: 0.000003
Epoch [64/100] | Loss: 1.0750 (Cls: 1.0222, TAL: 0.1731, Adv: 0.0059) | Train Acc: 0.9688 | Val Acc: 0.9167 | Val P/R/F1 (Macro): 0.9222/0.9315/0.9240 | LR: 0.000001
Epoch [65/100] | Loss: 1.0916 (Cls: 1.0466, TAL: 0.1478, Adv: 0.0046) | Train Acc: 0.9531 | Val Acc: 0.9167 | Val P/R/F1 (Macro): 0.9222/0.9315/0.9240 | LR: 0.000001
Epoch [66/100] | Loss: 1.0986 (Cls: 1.0830, TAL: 0.0504, Adv: 0.0037) | Train Acc: 0.9453 | Val Acc: 0.9167 | Val P/R/F1 (Macro): 0.9222/0.9315/0.9240 | LR: 0.000001
Epoch [67/100] | Loss: 1.0511 (Cls: 1.0099, TAL: 0.1356, Adv: 0.0032) | Train Acc: 0.9688 | Val Acc: 0.9167 | Val P/R/F1 (Macro): 0.9352/0.9370/0.9306 | LR: 0.000001
Epoch [68/100] | Loss: 1.0438 (Cls: 1.0161, TAL: 0.0909, Adv: 0.0026) | Train Acc: 0.9844 | Val Acc: 0.9444 | Val P/R/F1 (Macro): 0.9556/0.9593/0.9553 | LR: 0.000001
Epoch [69/100] | Loss: 1.0340 (Cls: 1.0018, TAL: 0.1058, Adv: 0.0028) | Train Acc: 0.9844 | Val Acc: 0.9444 | Val P/R/F1 (Macro): 0.9556/0.9593/0.9553 | LR: 0.000001
Epoch [70/100] | Loss: 1.0648 (Cls: 1.0317, TAL: 0.1092, Adv: 0.0024) | Train Acc: 0.9609 | Val Acc: 0.9444 | Val P/R/F1 (Macro): 0.8543/0.8667/0.8577 | LR: 0.000001
Epoch [71/100] | Loss: 1.0383 (Cls: 1.0168, TAL: 0.0704, Adv: 0.0023) | Train Acc: 0.9922 | Val Acc: 0.9444 | Val P/R/F1 (Macro): 0.8543/0.8667/0.8577 | LR: 0.000001
Epoch [72/100] | Loss: 1.0357 (Cls: 1.0041, TAL: 0.1045, Adv: 0.0017) | Train Acc: 0.9844 | Val Acc: 0.9444 | Val P/R/F1 (Macro): 0.9556/0.9593/0.9553 | LR: 0.000001
Epoch [73/100] | Loss: 1.0546 (Cls: 1.0255, TAL: 0.0960, Adv: 0.0023) | Train Acc: 0.9766 | Val Acc: 0.9444 | Val P/R/F1 (Macro): 0.9556/0.9593/0.9553 | LR: 0.000001
Epoch [74/100] | Loss: 1.0617 (Cls: 1.0320, TAL: 0.0982, Adv: 0.0017) | Train Acc: 0.9688 | Val Acc: 0.9444 | Val P/R/F1 (Macro): 0.9556/0.9593/0.9553 | LR: 0.000001
Epoch [75/100] | Loss: 1.1085 (Cls: 1.0776, TAL: 0.1022, Adv: 0.0014) | Train Acc: 0.9688 | Val Acc: 0.9444 | Val P/R/F1 (Macro): 0.9556/0.9593/0.9553 | LR: 0.000001
Epoch [76/100] | Loss: 1.0361 (Cls: 1.0035, TAL: 0.1078, Adv: 0.0017) | Train Acc: 0.9922 | Val Acc: 0.9444 | Val P/R/F1 (Macro): 0.9556/0.9593/0.9553 | LR: 0.000001
Epoch [77/100] | Loss: 1.0352 (Cls: 1.0035, TAL: 0.1047, Adv: 0.0018) | Train Acc: 0.9844 | Val Acc: 0.9444 | Val P/R/F1 (Macro): 0.9556/0.9593/0.9553 | LR: 0.000001
Epoch [78/100] | Loss: 1.0188 (Cls: 0.9934, TAL: 0.0837, Adv: 0.0017) | Train Acc: 0.9766 | Val Acc: 0.9444 | Val P/R/F1 (Macro): 0.9556/0.9593/0.9553 | LR: 0.000001
Epoch [79/100] | Loss: 1.0274 (Cls: 1.0139, TAL: 0.0442, Adv: 0.0012) | Train Acc: 0.9766 | Val Acc: 0.9444 | Val P/R/F1 (Macro): 0.9556/0.9593/0.9553 | LR: 0.000001
Epoch [80/100] | Loss: 1.0484 (Cls: 1.0166, TAL: 0.1056, Adv: 0.0013) | Train Acc: 0.9766 | Val Acc: 0.9444 | Val P/R/F1 (Macro): 0.9556/0.9593/0.9553 | LR: 0.000001
Epoch [81/100] | Loss: 1.0455 (Cls: 1.0158, TAL: 0.0984, Adv: 0.0012) | Train Acc: 0.9766 | Val Acc: 0.9167 | Val P/R/F1 (Macro): 0.9407/0.9407/0.9333 | LR: 0.000001
Epoch [82/100] | Loss: 1.0268 (Cls: 0.9965, TAL: 0.1005, Adv: 0.0012) | Train Acc: 0.9922 | Val Acc: 0.9167 | Val P/R/F1 (Macro): 0.9407/0.9407/0.9333 | LR: 0.000001
Epoch [83/100] | Loss: 1.0419 (Cls: 1.0078, TAL: 0.1131, Adv: 0.0011) | Train Acc: 0.9766 | Val Acc: 0.9444 | Val P/R/F1 (Macro): 0.9556/0.9593/0.9553 | LR: 0.000001
Epoch [84/100] | Loss: 1.0255 (Cls: 0.9918, TAL: 0.1119, Adv: 0.0011) | Train Acc: 1.0000 | Val Acc: 0.9444 | Val P/R/F1 (Macro): 0.9556/0.9593/0.9553 | LR: 0.000001
Epoch [85/100] | Loss: 1.0431 (Cls: 1.0136, TAL: 0.0978, Adv: 0.0010) | Train Acc: 0.9844 | Val Acc: 0.9444 | Val P/R/F1 (Macro): 0.9556/0.9593/0.9553 | LR: 0.000001
Epoch [86/100] | Loss: 1.0016 (Cls: 0.9655, TAL: 0.1198, Adv: 0.0011) | Train Acc: 1.0000 | Val Acc: 0.9444 | Val P/R/F1 (Macro): 0.9556/0.9593/0.9553 | LR: 0.000001
Epoch [87/100] | Loss: 1.0118 (Cls: 0.9820, TAL: 0.0985, Adv: 0.0012) | Train Acc: 0.9922 | Val Acc: 0.9444 | Val P/R/F1 (Macro): 0.9556/0.9593/0.9553 | LR: 0.000001
Epoch [88/100] | Loss: 1.0199 (Cls: 0.9836, TAL: 0.1204, Adv: 0.0013) | Train Acc: 0.9844 | Val Acc: 0.9444 | Val P/R/F1 (Macro): 0.9556/0.9593/0.9553 | LR: 0.000001
Epoch [89/100] | Loss: 1.0214 (Cls: 0.9885, TAL: 0.1091, Adv: 0.0011) | Train Acc: 0.9844 | Val Acc: 0.9444 | Val P/R/F1 (Macro): 0.9556/0.9593/0.9553 | LR: 0.000001
Epoch [90/100] | Loss: 1.0320 (Cls: 0.9932, TAL: 0.1290, Adv: 0.0010) | Train Acc: 0.9766 | Val Acc: 0.9444 | Val P/R/F1 (Macro): 0.9556/0.9593/0.9553 | LR: 0.000001
Epoch [91/100] | Loss: 1.0639 (Cls: 1.0240, TAL: 0.1325, Adv: 0.0011) | Train Acc: 0.9766 | Val Acc: 0.9444 | Val P/R/F1 (Macro): 0.9556/0.9593/0.9553 | LR: 0.000001
Epoch [92/100] | Loss: 0.9940 (Cls: 0.9573, TAL: 0.1218, Adv: 0.0012) | Train Acc: 1.0000 | Val Acc: 0.9444 | Val P/R/F1 (Macro): 0.9556/0.9593/0.9553 | LR: 0.000001
Epoch [93/100] | Loss: 1.0235 (Cls: 0.9857, TAL: 0.1252, Adv: 0.0011) | Train Acc: 0.9844 | Val Acc: 0.9444 | Val P/R/F1 (Macro): 0.9556/0.9593/0.9553 | LR: 0.000001
Epoch [94/100] | Loss: 1.0358 (Cls: 0.9957, TAL: 0.1332, Adv: 0.0010) | Train Acc: 0.9844 | Val Acc: 0.9444 | Val P/R/F1 (Macro): 0.9556/0.9593/0.9553 | LR: 0.000001
Epoch [95/100] | Loss: 1.0466 (Cls: 1.0062, TAL: 0.1341, Adv: 0.0010) | Train Acc: 0.9688 | Val Acc: 0.9444 | Val P/R/F1 (Macro): 0.9556/0.9593/0.9553 | LR: 0.000001
Epoch [96/100] | Loss: 0.9893 (Cls: 0.9676, TAL: 0.0720, Adv: 0.0009) | Train Acc: 1.0000 | Val Acc: 0.9444 | Val P/R/F1 (Macro): 0.9556/0.9593/0.9553 | LR: 0.000001
Epoch [97/100] | Loss: 1.0213 (Cls: 0.9847, TAL: 0.1217, Adv: 0.0010) | Train Acc: 0.9766 | Val Acc: 0.9444 | Val P/R/F1 (Macro): 0.9556/0.9593/0.9553 | LR: 0.000001
Epoch [98/100] | Loss: 1.0365 (Cls: 1.0001, TAL: 0.1210, Adv: 0.0008) | Train Acc: 0.9766 | Val Acc: 0.9444 | Val P/R/F1 (Macro): 0.9556/0.9593/0.9553 | LR: 0.000001
Epoch [99/100] | Loss: 1.0505 (Cls: 1.0246, TAL: 0.0858, Adv: 0.0009) | Train Acc: 0.9844 | Val Acc: 0.9444 | Val P/R/F1 (Macro): 0.9556/0.9593/0.9553 | LR: 0.000001
Epoch [100/100] | Loss: 1.0611 (Cls: 1.0440, TAL: 0.0565, Adv: 0.0008) | Train Acc: 0.9609 | Val Acc: 0.9444 | Val P/R/F1 (Macro): 0.9556/0.9593/0.9553 | LR: 0.000001

迭代 1 最佳指标:
  Accuracy: 0.9722
  Precision (Macro): 0.9778
  Recall (Macro): 0.9778
  F1 (Macro): 0.9753
  Precision (Micro): 0.9722
  Recall (Micro): 0.9722
  F1 (Micro): 0.9722
  Val class coverage: 9/14 (0.6429), samples=36

================================================================================
迭代 2/5
随机种子: 43
================================================================================
Training mode: unpaired target adaptation with controlled target-label loss (ratio=0.35, weight=0.50).
Fixed labeled target subset: 45/128 samples.
Feature fusion: Tensor alignment (512+512 -> 128+128); fused_dim=256
Domain adaptation: standard source-target adversarial training, no generator
Loss weights: tensor=0.30, adv=0.15
Epoch [1/100] | Loss: 4.5982 (Cls: 4.4519, TAL: 0.1429, Adv: 0.6893) | Train Acc: 0.1328 | Val Acc: 0.3611 | Val P/R/F1 (Macro): 0.1384/0.2361/0.1618 | LR: 0.000010
  >>> New Best Val Acc: 0.3611
Epoch [2/100] | Loss: 3.7371 (Cls: 3.6584, TAL: 0.1611, Adv: 0.2031) | Train Acc: 0.2500 | Val Acc: 0.2778 | Val P/R/F1 (Macro): 0.3116/0.2407/0.1943 | LR: 0.000010
Epoch [3/100] | Loss: 3.3223 (Cls: 3.2377, TAL: 0.2329, Adv: 0.0977) | Train Acc: 0.2422 | Val Acc: 0.4444 | Val P/R/F1 (Macro): 0.2415/0.3750/0.2845 | LR: 0.000010
  >>> New Best Val Acc: 0.4444
Epoch [4/100] | Loss: 3.1051 (Cls: 3.0365, TAL: 0.2091, Adv: 0.0391) | Train Acc: 0.2656 | Val Acc: 0.5000 | Val P/R/F1 (Macro): 0.3359/0.4167/0.3418 | LR: 0.000010
  >>> New Best Val Acc: 0.5000
Epoch [5/100] | Loss: 2.8506 (Cls: 2.8646, TAL: -0.0550, Adv: 0.0172) | Train Acc: 0.3516 | Val Acc: 0.6667 | Val P/R/F1 (Macro): 0.5406/0.5444/0.5192 | LR: 0.000010
  >>> New Best Val Acc: 0.6667
Epoch [6/100] | Loss: 2.8572 (Cls: 2.8761, TAL: -0.0674, Adv: 0.0087) | Train Acc: 0.3203 | Val Acc: 0.5833 | Val P/R/F1 (Macro): 0.5360/0.4796/0.4449 | LR: 0.000010
Epoch [7/100] | Loss: 2.4291 (Cls: 2.4559, TAL: -0.0931, Adv: 0.0077) | Train Acc: 0.4453 | Val Acc: 0.6111 | Val P/R/F1 (Macro): 0.6105/0.5241/0.5066 | LR: 0.000010
Epoch [8/100] | Loss: 2.1947 (Cls: 2.1925, TAL: 0.0053, Adv: 0.0042) | Train Acc: 0.5234 | Val Acc: 0.6667 | Val P/R/F1 (Macro): 0.5827/0.5639/0.5204 | LR: 0.000010
Epoch [9/100] | Loss: 2.1409 (Cls: 2.1530, TAL: -0.0416, Adv: 0.0027) | Train Acc: 0.5312 | Val Acc: 0.6389 | Val P/R/F1 (Macro): 0.7406/0.6000/0.5865 | LR: 0.000010
Epoch [10/100] | Loss: 2.0705 (Cls: 2.0662, TAL: 0.0130, Adv: 0.0026) | Train Acc: 0.6484 | Val Acc: 0.5833 | Val P/R/F1 (Macro): 0.4940/0.4657/0.4325 | LR: 0.000010
Epoch [11/100] | Loss: 1.8566 (Cls: 1.8543, TAL: 0.0069, Adv: 0.0016) | Train Acc: 0.7109 | Val Acc: 0.6389 | Val P/R/F1 (Macro): 0.4370/0.5324/0.4734 | LR: 0.000010
Epoch [12/100] | Loss: 1.8857 (Cls: 1.8938, TAL: -0.0280, Adv: 0.0021) | Train Acc: 0.7188 | Val Acc: 0.6944 | Val P/R/F1 (Macro): 0.7120/0.6750/0.6375 | LR: 0.000010
  >>> New Best Val Acc: 0.6944
Epoch [13/100] | Loss: 1.8059 (Cls: 1.8092, TAL: -0.0118, Adv: 0.0013) | Train Acc: 0.7031 | Val Acc: 0.8333 | Val P/R/F1 (Macro): 0.8016/0.7731/0.7730 | LR: 0.000010
  >>> New Best Val Acc: 0.8333
Epoch [14/100] | Loss: 1.6442 (Cls: 1.6364, TAL: 0.0257, Adv: 0.0009) | Train Acc: 0.7578 | Val Acc: 0.7778 | Val P/R/F1 (Macro): 0.6521/0.6481/0.6310 | LR: 0.000010
Epoch [15/100] | Loss: 1.7387 (Cls: 1.6970, TAL: 0.1383, Adv: 0.0015) | Train Acc: 0.7812 | Val Acc: 0.7222 | Val P/R/F1 (Macro): 0.6175/0.5935/0.5768 | LR: 0.000010
Epoch [16/100] | Loss: 1.8124 (Cls: 1.7837, TAL: 0.0955, Adv: 0.0008) | Train Acc: 0.7188 | Val Acc: 0.7222 | Val P/R/F1 (Macro): 0.6451/0.5861/0.5558 | LR: 0.000010
Epoch [17/100] | Loss: 1.6017 (Cls: 1.5810, TAL: 0.0687, Adv: 0.0010) | Train Acc: 0.7812 | Val Acc: 0.7222 | Val P/R/F1 (Macro): 0.6720/0.5704/0.5765 | LR: 0.000010
Epoch [18/100] | Loss: 1.6111 (Cls: 1.5887, TAL: 0.0737, Adv: 0.0015) | Train Acc: 0.7344 | Val Acc: 0.7222 | Val P/R/F1 (Macro): 0.7778/0.6685/0.6742 | LR: 0.000010
Epoch [19/100] | Loss: 1.5000 (Cls: 1.5097, TAL: -0.0335, Adv: 0.0024) | Train Acc: 0.7734 | Val Acc: 0.8056 | Val P/R/F1 (Macro): 0.7898/0.7426/0.7290 | LR: 0.000010
Epoch [20/100] | Loss: 1.6153 (Cls: 1.6193, TAL: -0.0144, Adv: 0.0024) | Train Acc: 0.7344 | Val Acc: 0.8056 | Val P/R/F1 (Macro): 0.7642/0.7620/0.7373 | LR: 0.000010
Epoch [21/100] | Loss: 1.3749 (Cls: 1.3593, TAL: 0.0514, Adv: 0.0016) | Train Acc: 0.8672 | Val Acc: 0.9167 | Val P/R/F1 (Macro): 0.8406/0.8472/0.8405 | LR: 0.000010
  >>> New Best Val Acc: 0.9167
Epoch [22/100] | Loss: 1.4564 (Cls: 1.4444, TAL: 0.0392, Adv: 0.0019) | Train Acc: 0.8125 | Val Acc: 0.8611 | Val P/R/F1 (Macro): 0.8185/0.8009/0.8038 | LR: 0.000010
Epoch [23/100] | Loss: 1.3766 (Cls: 1.3798, TAL: -0.0117, Adv: 0.0021) | Train Acc: 0.8438 | Val Acc: 0.8056 | Val P/R/F1 (Macro): 0.6906/0.6537/0.6482 | LR: 0.000010
Epoch [24/100] | Loss: 1.3715 (Cls: 1.3555, TAL: 0.0528, Adv: 0.0012) | Train Acc: 0.8672 | Val Acc: 0.7500 | Val P/R/F1 (Macro): 0.7190/0.6167/0.6355 | LR: 0.000010
Epoch [25/100] | Loss: 1.5122 (Cls: 1.5205, TAL: -0.0285, Adv: 0.0017) | Train Acc: 0.7500 | Val Acc: 0.7778 | Val P/R/F1 (Macro): 0.6684/0.6426/0.6112 | LR: 0.000010
Epoch [26/100] | Loss: 1.1473 (Cls: 1.1558, TAL: -0.0295, Adv: 0.0020) | Train Acc: 0.9219 | Val Acc: 0.8333 | Val P/R/F1 (Macro): 0.6963/0.6870/0.6740 | LR: 0.000010
Epoch [27/100] | Loss: 1.2861 (Cls: 1.3132, TAL: -0.0909, Adv: 0.0013) | Train Acc: 0.8438 | Val Acc: 0.9167 | Val P/R/F1 (Macro): 0.8444/0.8519/0.8420 | LR: 0.000010
Epoch [28/100] | Loss: 1.3203 (Cls: 1.3379, TAL: -0.0589, Adv: 0.0009) | Train Acc: 0.8438 | Val Acc: 0.9722 | Val P/R/F1 (Macro): 0.9778/0.9815/0.9776 | LR: 0.000010
  >>> New Best Val Acc: 0.9722
Epoch [29/100] | Loss: 1.2741 (Cls: 1.2754, TAL: -0.0057, Adv: 0.0026) | Train Acc: 0.8672 | Val Acc: 0.9167 | Val P/R/F1 (Macro): 0.8369/0.8528/0.8418 | LR: 0.000010
Epoch [30/100] | Loss: 1.3514 (Cls: 1.3591, TAL: -0.0265, Adv: 0.0018) | Train Acc: 0.8125 | Val Acc: 0.9167 | Val P/R/F1 (Macro): 0.8395/0.8444/0.8324 | LR: 0.000010
Epoch [31/100] | Loss: 1.1631 (Cls: 1.1680, TAL: -0.0169, Adv: 0.0009) | Train Acc: 0.9219 | Val Acc: 0.9444 | Val P/R/F1 (Macro): 0.8667/0.8611/0.8607 | LR: 0.000010
Epoch [32/100] | Loss: 1.1587 (Cls: 1.1802, TAL: -0.0721, Adv: 0.0011) | Train Acc: 0.8984 | Val Acc: 0.8333 | Val P/R/F1 (Macro): 0.7944/0.7704/0.7672 | LR: 0.000010
Epoch [33/100] | Loss: 1.2652 (Cls: 1.2518, TAL: 0.0442, Adv: 0.0012) | Train Acc: 0.8828 | Val Acc: 0.7778 | Val P/R/F1 (Macro): 0.7972/0.7204/0.7207 | LR: 0.000010
Epoch [34/100] | Loss: 1.2272 (Cls: 1.2259, TAL: 0.0038, Adv: 0.0015) | Train Acc: 0.9141 | Val Acc: 0.8889 | Val P/R/F1 (Macro): 0.8210/0.8167/0.8017 | LR: 0.000010
Epoch [35/100] | Loss: 1.1897 (Cls: 1.1636, TAL: 0.0863, Adv: 0.0010) | Train Acc: 0.9375 | Val Acc: 0.9167 | Val P/R/F1 (Macro): 0.8358/0.8426/0.8339 | LR: 0.000010
Epoch [36/100] | Loss: 1.1957 (Cls: 1.1703, TAL: 0.0835, Adv: 0.0024) | Train Acc: 0.9062 | Val Acc: 0.9167 | Val P/R/F1 (Macro): 0.8358/0.8426/0.8339 | LR: 0.000010
Epoch [37/100] | Loss: 1.1398 (Cls: 1.1213, TAL: 0.0608, Adv: 0.0014) | Train Acc: 0.9531 | Val Acc: 0.9722 | Val P/R/F1 (Macro): 0.8765/0.8889/0.8824 | LR: 0.000010
Epoch [38/100] | Loss: 1.2343 (Cls: 1.1999, TAL: 0.1143, Adv: 0.0007) | Train Acc: 0.9297 | Val Acc: 0.9167 | Val P/R/F1 (Macro): 0.8389/0.8481/0.8382 | LR: 0.000010
Epoch [39/100] | Loss: 1.1318 (Cls: 1.1049, TAL: 0.0893, Adv: 0.0006) | Train Acc: 0.9453 | Val Acc: 0.9722 | Val P/R/F1 (Macro): 0.8765/0.8889/0.8824 | LR: 0.000005
Epoch [40/100] | Loss: 1.2599 (Cls: 1.1905, TAL: 0.2305, Adv: 0.0014) | Train Acc: 0.9141 | Val Acc: 0.9722 | Val P/R/F1 (Macro): 0.8765/0.8889/0.8824 | LR: 0.000005
Epoch [41/100] | Loss: 1.2349 (Cls: 1.1736, TAL: 0.2039, Adv: 0.0007) | Train Acc: 0.8984 | Val Acc: 0.9722 | Val P/R/F1 (Macro): 0.8765/0.8889/0.8824 | LR: 0.000005
Epoch [42/100] | Loss: 1.1466 (Cls: 1.0820, TAL: 0.2148, Adv: 0.0009) | Train Acc: 0.9453 | Val Acc: 0.9722 | Val P/R/F1 (Macro): 0.8765/0.8889/0.8824 | LR: 0.000005
Epoch [43/100] | Loss: 1.1461 (Cls: 1.0933, TAL: 0.1757, Adv: 0.0007) | Train Acc: 0.9297 | Val Acc: 0.9722 | Val P/R/F1 (Macro): 0.8765/0.8889/0.8824 | LR: 0.000005
Epoch [44/100] | Loss: 1.1416 (Cls: 1.0954, TAL: 0.1536, Adv: 0.0005) | Train Acc: 0.9609 | Val Acc: 0.9722 | Val P/R/F1 (Macro): 0.8765/0.8889/0.8824 | LR: 0.000005
Epoch [45/100] | Loss: 1.2364 (Cls: 1.1871, TAL: 0.1640, Adv: 0.0004) | Train Acc: 0.9141 | Val Acc: 0.9722 | Val P/R/F1 (Macro): 0.8765/0.8889/0.8824 | LR: 0.000005
Epoch [46/100] | Loss: 1.1401 (Cls: 1.0889, TAL: 0.1703, Adv: 0.0007) | Train Acc: 0.9453 | Val Acc: 0.9722 | Val P/R/F1 (Macro): 0.8765/0.8889/0.8824 | LR: 0.000005
Epoch [47/100] | Loss: 1.1436 (Cls: 1.0852, TAL: 0.1944, Adv: 0.0004) | Train Acc: 0.9453 | Val Acc: 0.9722 | Val P/R/F1 (Macro): 0.8765/0.8889/0.8824 | LR: 0.000005
Epoch [48/100] | Loss: 1.2189 (Cls: 1.1503, TAL: 0.2283, Adv: 0.0004) | Train Acc: 0.9219 | Val Acc: 0.9722 | Val P/R/F1 (Macro): 0.8765/0.8889/0.8824 | LR: 0.000005
Epoch [49/100] | Loss: 1.1384 (Cls: 1.0758, TAL: 0.2084, Adv: 0.0002) | Train Acc: 0.9609 | Val Acc: 0.9722 | Val P/R/F1 (Macro): 0.8765/0.8889/0.8824 | LR: 0.000005
Epoch [50/100] | Loss: 1.1413 (Cls: 1.0663, TAL: 0.2499, Adv: 0.0004) | Train Acc: 0.9531 | Val Acc: 0.9444 | Val P/R/F1 (Macro): 0.8543/0.8704/0.8599 | LR: 0.000003
Epoch [51/100] | Loss: 1.0971 (Cls: 1.0473, TAL: 0.1662, Adv: 0.0002) | Train Acc: 0.9609 | Val Acc: 0.9444 | Val P/R/F1 (Macro): 0.8543/0.8704/0.8599 | LR: 0.000003
Epoch [52/100] | Loss: 1.1296 (Cls: 1.0794, TAL: 0.1670, Adv: 0.0003) | Train Acc: 0.9375 | Val Acc: 0.9722 | Val P/R/F1 (Macro): 0.8765/0.8889/0.8824 | LR: 0.000003
Epoch [53/100] | Loss: 1.0681 (Cls: 1.0180, TAL: 0.1670, Adv: 0.0004) | Train Acc: 0.9844 | Val Acc: 0.9722 | Val P/R/F1 (Macro): 0.8765/0.8889/0.8824 | LR: 0.000003
Epoch [54/100] | Loss: 1.0934 (Cls: 1.0440, TAL: 0.1645, Adv: 0.0005) | Train Acc: 0.9688 | Val Acc: 0.9722 | Val P/R/F1 (Macro): 0.8765/0.8889/0.8824 | LR: 0.000003
Epoch [55/100] | Loss: 1.1275 (Cls: 1.0689, TAL: 0.1952, Adv: 0.0004) | Train Acc: 0.9688 | Val Acc: 0.9722 | Val P/R/F1 (Macro): 0.8765/0.8889/0.8824 | LR: 0.000003
Epoch [56/100] | Loss: 1.1003 (Cls: 1.0502, TAL: 0.1670, Adv: 0.0003) | Train Acc: 0.9609 | Val Acc: 0.9722 | Val P/R/F1 (Macro): 0.8765/0.8889/0.8824 | LR: 0.000003
Epoch [57/100] | Loss: 1.0770 (Cls: 1.0382, TAL: 0.1293, Adv: 0.0003) | Train Acc: 0.9766 | Val Acc: 0.9722 | Val P/R/F1 (Macro): 0.8765/0.8889/0.8824 | LR: 0.000003
Epoch [58/100] | Loss: 1.0842 (Cls: 1.0252, TAL: 0.1964, Adv: 0.0004) | Train Acc: 0.9688 | Val Acc: 0.9167 | Val P/R/F1 (Macro): 0.8586/0.8519/0.8491 | LR: 0.000003
Epoch [59/100] | Loss: 1.1126 (Cls: 1.0572, TAL: 0.1844, Adv: 0.0004) | Train Acc: 0.9766 | Val Acc: 0.9722 | Val P/R/F1 (Macro): 0.8765/0.8889/0.8824 | LR: 0.000003
Epoch [60/100] | Loss: 1.1288 (Cls: 1.0859, TAL: 0.1428, Adv: 0.0003) | Train Acc: 0.9219 | Val Acc: 0.9722 | Val P/R/F1 (Macro): 0.8765/0.8889/0.8824 | LR: 0.000003
Epoch [61/100] | Loss: 1.1110 (Cls: 1.0695, TAL: 0.1384, Adv: 0.0002) | Train Acc: 0.9531 | Val Acc: 0.9722 | Val P/R/F1 (Macro): 0.8765/0.8889/0.8824 | LR: 0.000001
Epoch [62/100] | Loss: 1.0943 (Cls: 1.0562, TAL: 0.1268, Adv: 0.0005) | Train Acc: 0.9453 | Val Acc: 0.9444 | Val P/R/F1 (Macro): 0.8543/0.8704/0.8599 | LR: 0.000001
Epoch [63/100] | Loss: 1.0551 (Cls: 1.0137, TAL: 0.1380, Adv: 0.0004) | Train Acc: 0.9688 | Val Acc: 0.9444 | Val P/R/F1 (Macro): 0.8543/0.8704/0.8599 | LR: 0.000001
Epoch [64/100] | Loss: 1.0768 (Cls: 1.0261, TAL: 0.1688, Adv: 0.0002) | Train Acc: 0.9688 | Val Acc: 0.9444 | Val P/R/F1 (Macro): 0.8543/0.8704/0.8599 | LR: 0.000001
Epoch [65/100] | Loss: 1.1347 (Cls: 1.0787, TAL: 0.1864, Adv: 0.0003) | Train Acc: 0.9531 | Val Acc: 0.9722 | Val P/R/F1 (Macro): 0.8765/0.8889/0.8824 | LR: 0.000001
Epoch [66/100] | Loss: 1.0521 (Cls: 1.0002, TAL: 0.1728, Adv: 0.0003) | Train Acc: 0.9766 | Val Acc: 0.9444 | Val P/R/F1 (Macro): 0.8543/0.8704/0.8599 | LR: 0.000001
Epoch [67/100] | Loss: 1.0634 (Cls: 1.0068, TAL: 0.1886, Adv: 0.0004) | Train Acc: 0.9844 | Val Acc: 0.9722 | Val P/R/F1 (Macro): 0.8765/0.8889/0.8824 | LR: 0.000001
Epoch [68/100] | Loss: 1.0386 (Cls: 0.9879, TAL: 0.1689, Adv: 0.0002) | Train Acc: 0.9922 | Val Acc: 0.9722 | Val P/R/F1 (Macro): 0.8765/0.8889/0.8824 | LR: 0.000001
Epoch [69/100] | Loss: 1.0546 (Cls: 1.0070, TAL: 0.1586, Adv: 0.0002) | Train Acc: 0.9844 | Val Acc: 0.9722 | Val P/R/F1 (Macro): 0.8765/0.8889/0.8824 | LR: 0.000001
Epoch [70/100] | Loss: 1.0669 (Cls: 1.0182, TAL: 0.1622, Adv: 0.0002) | Train Acc: 0.9922 | Val Acc: 0.9722 | Val P/R/F1 (Macro): 0.8765/0.8889/0.8824 | LR: 0.000001
Epoch [71/100] | Loss: 1.0152 (Cls: 0.9620, TAL: 0.1771, Adv: 0.0003) | Train Acc: 1.0000 | Val Acc: 0.9722 | Val P/R/F1 (Macro): 0.8765/0.8889/0.8824 | LR: 0.000001
Epoch [72/100] | Loss: 1.0643 (Cls: 1.0057, TAL: 0.1954, Adv: 0.0002) | Train Acc: 0.9766 | Val Acc: 0.9722 | Val P/R/F1 (Macro): 0.8765/0.8889/0.8824 | LR: 0.000001
Epoch [73/100] | Loss: 1.0395 (Cls: 0.9989, TAL: 0.1354, Adv: 0.0002) | Train Acc: 0.9922 | Val Acc: 0.9722 | Val P/R/F1 (Macro): 0.8765/0.8889/0.8824 | LR: 0.000001
Epoch [74/100] | Loss: 1.1060 (Cls: 1.0555, TAL: 0.1681, Adv: 0.0002) | Train Acc: 0.9688 | Val Acc: 0.9722 | Val P/R/F1 (Macro): 0.8765/0.8889/0.8824 | LR: 0.000001
Epoch [75/100] | Loss: 1.0243 (Cls: 0.9903, TAL: 0.1129, Adv: 0.0003) | Train Acc: 0.9844 | Val Acc: 0.9722 | Val P/R/F1 (Macro): 0.8765/0.8889/0.8824 | LR: 0.000001
Epoch [76/100] | Loss: 1.1035 (Cls: 1.0634, TAL: 0.1335, Adv: 0.0002) | Train Acc: 0.9531 | Val Acc: 0.9722 | Val P/R/F1 (Macro): 0.8765/0.8889/0.8824 | LR: 0.000001
Epoch [77/100] | Loss: 1.1045 (Cls: 1.0599, TAL: 0.1484, Adv: 0.0003) | Train Acc: 0.9609 | Val Acc: 0.9722 | Val P/R/F1 (Macro): 0.8765/0.8889/0.8824 | LR: 0.000001
Epoch [78/100] | Loss: 1.0599 (Cls: 1.0154, TAL: 0.1482, Adv: 0.0003) | Train Acc: 0.9688 | Val Acc: 0.9722 | Val P/R/F1 (Macro): 0.8765/0.8889/0.8824 | LR: 0.000001
Epoch [79/100] | Loss: 1.0350 (Cls: 1.0048, TAL: 0.1005, Adv: 0.0002) | Train Acc: 0.9766 | Val Acc: 0.9722 | Val P/R/F1 (Macro): 0.8765/0.8889/0.8824 | LR: 0.000001
Epoch [80/100] | Loss: 1.0681 (Cls: 1.0220, TAL: 0.1538, Adv: 0.0002) | Train Acc: 0.9688 | Val Acc: 0.9722 | Val P/R/F1 (Macro): 0.8765/0.8889/0.8824 | LR: 0.000001
Epoch [81/100] | Loss: 1.0096 (Cls: 0.9678, TAL: 0.1392, Adv: 0.0002) | Train Acc: 0.9922 | Val Acc: 0.9444 | Val P/R/F1 (Macro): 0.8667/0.8704/0.8664 | LR: 0.000001
Epoch [82/100] | Loss: 1.0208 (Cls: 0.9924, TAL: 0.0945, Adv: 0.0002) | Train Acc: 0.9922 | Val Acc: 0.9722 | Val P/R/F1 (Macro): 0.8765/0.8889/0.8824 | LR: 0.000001
Epoch [83/100] | Loss: 1.0280 (Cls: 0.9890, TAL: 0.1301, Adv: 0.0001) | Train Acc: 0.9844 | Val Acc: 0.9722 | Val P/R/F1 (Macro): 0.8765/0.8889/0.8824 | LR: 0.000001
Epoch [84/100] | Loss: 1.0313 (Cls: 0.9971, TAL: 0.1138, Adv: 0.0003) | Train Acc: 0.9844 | Val Acc: 0.9722 | Val P/R/F1 (Macro): 0.8765/0.8889/0.8824 | LR: 0.000001
Epoch [85/100] | Loss: 1.0400 (Cls: 1.0141, TAL: 0.0862, Adv: 0.0001) | Train Acc: 0.9766 | Val Acc: 0.9722 | Val P/R/F1 (Macro): 0.8765/0.8889/0.8824 | LR: 0.000001
Epoch [86/100] | Loss: 1.0946 (Cls: 1.0680, TAL: 0.0886, Adv: 0.0001) | Train Acc: 0.9609 | Val Acc: 0.9722 | Val P/R/F1 (Macro): 0.8765/0.8889/0.8824 | LR: 0.000001
Epoch [87/100] | Loss: 1.0679 (Cls: 1.0263, TAL: 0.1386, Adv: 0.0001) | Train Acc: 0.9688 | Val Acc: 0.9722 | Val P/R/F1 (Macro): 0.8765/0.8889/0.8824 | LR: 0.000001
Epoch [88/100] | Loss: 1.0195 (Cls: 0.9957, TAL: 0.0794, Adv: 0.0001) | Train Acc: 0.9922 | Val Acc: 0.9722 | Val P/R/F1 (Macro): 0.8765/0.8889/0.8824 | LR: 0.000001
Epoch [89/100] | Loss: 0.9972 (Cls: 0.9713, TAL: 0.0861, Adv: 0.0001) | Train Acc: 0.9922 | Val Acc: 0.9444 | Val P/R/F1 (Macro): 0.8607/0.8611/0.8579 | LR: 0.000001
Epoch [90/100] | Loss: 1.0426 (Cls: 0.9871, TAL: 0.1849, Adv: 0.0002) | Train Acc: 0.9844 | Val Acc: 0.9722 | Val P/R/F1 (Macro): 0.8765/0.8889/0.8824 | LR: 0.000001
Epoch [91/100] | Loss: 1.0304 (Cls: 1.0168, TAL: 0.0454, Adv: 0.0001) | Train Acc: 0.9766 | Val Acc: 0.9722 | Val P/R/F1 (Macro): 0.8765/0.8889/0.8824 | LR: 0.000001
Epoch [92/100] | Loss: 1.0243 (Cls: 0.9777, TAL: 0.1552, Adv: 0.0001) | Train Acc: 0.9922 | Val Acc: 0.9722 | Val P/R/F1 (Macro): 0.8765/0.8889/0.8824 | LR: 0.000001
Epoch [93/100] | Loss: 1.0736 (Cls: 1.0350, TAL: 0.1289, Adv: 0.0001) | Train Acc: 0.9609 | Val Acc: 0.9722 | Val P/R/F1 (Macro): 0.8765/0.8889/0.8824 | LR: 0.000001
Epoch [94/100] | Loss: 1.0659 (Cls: 1.0239, TAL: 0.1399, Adv: 0.0001) | Train Acc: 0.9688 | Val Acc: 0.9722 | Val P/R/F1 (Macro): 0.8765/0.8889/0.8824 | LR: 0.000001
Epoch [95/100] | Loss: 1.0651 (Cls: 1.0267, TAL: 0.1278, Adv: 0.0001) | Train Acc: 0.9688 | Val Acc: 0.9722 | Val P/R/F1 (Macro): 0.8765/0.8889/0.8824 | LR: 0.000001
Epoch [96/100] | Loss: 1.0356 (Cls: 0.9960, TAL: 0.1317, Adv: 0.0001) | Train Acc: 0.9922 | Val Acc: 0.9722 | Val P/R/F1 (Macro): 0.8765/0.8889/0.8824 | LR: 0.000001
Epoch [97/100] | Loss: 1.0690 (Cls: 1.0162, TAL: 0.1759, Adv: 0.0001) | Train Acc: 0.9609 | Val Acc: 0.9722 | Val P/R/F1 (Macro): 0.8765/0.8889/0.8824 | LR: 0.000001
Epoch [98/100] | Loss: 1.0158 (Cls: 0.9760, TAL: 0.1328, Adv: 0.0001) | Train Acc: 0.9922 | Val Acc: 0.9722 | Val P/R/F1 (Macro): 0.8765/0.8889/0.8824 | LR: 0.000001
Epoch [99/100] | Loss: 1.0601 (Cls: 1.0131, TAL: 0.1566, Adv: 0.0001) | Train Acc: 0.9609 | Val Acc: 0.9722 | Val P/R/F1 (Macro): 0.8765/0.8889/0.8824 | LR: 0.000001
Epoch [100/100] | Loss: 1.0304 (Cls: 1.0060, TAL: 0.0812, Adv: 0.0001) | Train Acc: 0.9766 | Val Acc: 0.9722 | Val P/R/F1 (Macro): 0.8765/0.8889/0.8824 | LR: 0.000001

迭代 2 最佳指标:
  Accuracy: 0.9722
  Precision (Macro): 0.9778
  Recall (Macro): 0.9815
  F1 (Macro): 0.9776
  Precision (Micro): 0.9722
  Recall (Micro): 0.9722
  F1 (Micro): 0.9722
  Val class coverage: 9/14 (0.6429), samples=36

================================================================================
迭代 3/5
随机种子: 44
================================================================================
Training mode: unpaired target adaptation with controlled target-label loss (ratio=0.35, weight=0.50).
Fixed labeled target subset: 45/128 samples.
Feature fusion: Tensor alignment (512+512 -> 128+128); fused_dim=256
Domain adaptation: standard source-target adversarial training, no generator
Loss weights: tensor=0.30, adv=0.15
Epoch [1/100] | Loss: 4.6848 (Cls: 4.5190, TAL: 0.1495, Adv: 0.8068) | Train Acc: 0.1016 | Val Acc: 0.2500 | Val P/R/F1 (Macro): 0.1243/0.2111/0.1432 | LR: 0.000010
  >>> New Best Val Acc: 0.2500
Epoch [2/100] | Loss: 3.8651 (Cls: 3.7505, TAL: 0.2315, Adv: 0.3013) | Train Acc: 0.1797 | Val Acc: 0.3333 | Val P/R/F1 (Macro): 0.1885/0.2111/0.1693 | LR: 0.000010
  >>> New Best Val Acc: 0.3333
Epoch [3/100] | Loss: 3.5127 (Cls: 3.4330, TAL: 0.2273, Adv: 0.0768) | Train Acc: 0.2266 | Val Acc: 0.4167 | Val P/R/F1 (Macro): 0.3054/0.2796/0.2364 | LR: 0.000010
  >>> New Best Val Acc: 0.4167
Epoch [4/100] | Loss: 3.0278 (Cls: 2.9660, TAL: 0.1904, Adv: 0.0307) | Train Acc: 0.3359 | Val Acc: 0.3611 | Val P/R/F1 (Macro): 0.1389/0.2269/0.1429 | LR: 0.000010
Epoch [5/100] | Loss: 3.0383 (Cls: 2.9939, TAL: 0.1411, Adv: 0.0140) | Train Acc: 0.3516 | Val Acc: 0.5556 | Val P/R/F1 (Macro): 0.3486/0.4148/0.3718 | LR: 0.000010
  >>> New Best Val Acc: 0.5556
Epoch [6/100] | Loss: 2.7022 (Cls: 2.6395, TAL: 0.2042, Adv: 0.0094) | Train Acc: 0.3203 | Val Acc: 0.7222 | Val P/R/F1 (Macro): 0.5873/0.6093/0.5750 | LR: 0.000010
  >>> New Best Val Acc: 0.7222
Epoch [7/100] | Loss: 2.7212 (Cls: 2.6532, TAL: 0.2226, Adv: 0.0081) | Train Acc: 0.4297 | Val Acc: 0.5833 | Val P/R/F1 (Macro): 0.5867/0.5667/0.5469 | LR: 0.000010
Epoch [8/100] | Loss: 2.4735 (Cls: 2.4049, TAL: 0.2262, Adv: 0.0050) | Train Acc: 0.4297 | Val Acc: 0.6667 | Val P/R/F1 (Macro): 0.6907/0.6222/0.6117 | LR: 0.000010
Epoch [9/100] | Loss: 2.1955 (Cls: 2.1175, TAL: 0.2579, Adv: 0.0044) | Train Acc: 0.5703 | Val Acc: 0.7500 | Val P/R/F1 (Macro): 0.6713/0.7037/0.6585 | LR: 0.000010
  >>> New Best Val Acc: 0.7500
Epoch [10/100] | Loss: 2.2769 (Cls: 2.1769, TAL: 0.3317, Adv: 0.0031) | Train Acc: 0.5469 | Val Acc: 0.8056 | Val P/R/F1 (Macro): 0.7845/0.7463/0.7299 | LR: 0.000010
  >>> New Best Val Acc: 0.8056
Epoch [11/100] | Loss: 2.3381 (Cls: 2.2569, TAL: 0.2684, Adv: 0.0042) | Train Acc: 0.5156 | Val Acc: 0.7778 | Val P/R/F1 (Macro): 0.7361/0.7250/0.7070 | LR: 0.000010
Epoch [12/100] | Loss: 2.1790 (Cls: 2.0826, TAL: 0.3202, Adv: 0.0027) | Train Acc: 0.6172 | Val Acc: 0.8333 | Val P/R/F1 (Macro): 0.8009/0.7806/0.7671 | LR: 0.000010
  >>> New Best Val Acc: 0.8333
Epoch [13/100] | Loss: 2.0467 (Cls: 1.9565, TAL: 0.2990, Adv: 0.0032) | Train Acc: 0.5938 | Val Acc: 0.6389 | Val P/R/F1 (Macro): 0.5611/0.5759/0.5506 | LR: 0.000010
Epoch [14/100] | Loss: 1.8935 (Cls: 1.8080, TAL: 0.2836, Adv: 0.0031) | Train Acc: 0.6875 | Val Acc: 0.6944 | Val P/R/F1 (Macro): 0.7269/0.6509/0.6279 | LR: 0.000010
Epoch [15/100] | Loss: 2.0074 (Cls: 1.9387, TAL: 0.2264, Adv: 0.0053) | Train Acc: 0.6172 | Val Acc: 0.6111 | Val P/R/F1 (Macro): 0.5704/0.5222/0.4728 | LR: 0.000010
Epoch [16/100] | Loss: 1.7600 (Cls: 1.7474, TAL: 0.0406, Adv: 0.0031) | Train Acc: 0.7031 | Val Acc: 0.7778 | Val P/R/F1 (Macro): 0.7630/0.8546/0.7534 | LR: 0.000010
Epoch [17/100] | Loss: 1.7129 (Cls: 1.7255, TAL: -0.0433, Adv: 0.0028) | Train Acc: 0.6797 | Val Acc: 0.6389 | Val P/R/F1 (Macro): 0.6098/0.6222/0.5640 | LR: 0.000010
Epoch [18/100] | Loss: 1.5687 (Cls: 1.5936, TAL: -0.0840, Adv: 0.0021) | Train Acc: 0.7891 | Val Acc: 0.7222 | Val P/R/F1 (Macro): 0.7302/0.6639/0.6631 | LR: 0.000010
Epoch [19/100] | Loss: 1.5483 (Cls: 1.5721, TAL: -0.0805, Adv: 0.0027) | Train Acc: 0.7109 | Val Acc: 0.8333 | Val P/R/F1 (Macro): 0.8710/0.8676/0.8639 | LR: 0.000010
Epoch [20/100] | Loss: 1.5921 (Cls: 1.6203, TAL: -0.0962, Adv: 0.0041) | Train Acc: 0.7578 | Val Acc: 0.8889 | Val P/R/F1 (Macro): 0.9175/0.9194/0.8963 | LR: 0.000010
  >>> New Best Val Acc: 0.8889
Epoch [21/100] | Loss: 1.4378 (Cls: 1.4617, TAL: -0.0808, Adv: 0.0025) | Train Acc: 0.8125 | Val Acc: 0.8056 | Val P/R/F1 (Macro): 0.7607/0.7713/0.7347 | LR: 0.000010
Epoch [22/100] | Loss: 1.3763 (Cls: 1.3754, TAL: 0.0024, Adv: 0.0013) | Train Acc: 0.8359 | Val Acc: 0.8333 | Val P/R/F1 (Macro): 0.9130/0.8722/0.8773 | LR: 0.000010
Epoch [23/100] | Loss: 1.3525 (Cls: 1.3610, TAL: -0.0288, Adv: 0.0010) | Train Acc: 0.8672 | Val Acc: 0.8333 | Val P/R/F1 (Macro): 0.9096/0.8769/0.8849 | LR: 0.000010
Epoch [24/100] | Loss: 1.4049 (Cls: 1.3955, TAL: 0.0306, Adv: 0.0010) | Train Acc: 0.8594 | Val Acc: 0.8889 | Val P/R/F1 (Macro): 0.9231/0.9176/0.9172 | LR: 0.000010
Epoch [25/100] | Loss: 1.4013 (Cls: 1.3889, TAL: 0.0400, Adv: 0.0029) | Train Acc: 0.8516 | Val Acc: 0.8611 | Val P/R/F1 (Macro): 0.9173/0.9009/0.8906 | LR: 0.000010
Epoch [26/100] | Loss: 1.3257 (Cls: 1.3260, TAL: -0.0023, Adv: 0.0026) | Train Acc: 0.8594 | Val Acc: 0.8611 | Val P/R/F1 (Macro): 0.9167/0.9046/0.9014 | LR: 0.000010
Epoch [27/100] | Loss: 1.3163 (Cls: 1.3146, TAL: 0.0036, Adv: 0.0043) | Train Acc: 0.8516 | Val Acc: 0.7778 | Val P/R/F1 (Macro): 0.7968/0.7389/0.7303 | LR: 0.000010
Epoch [28/100] | Loss: 1.2746 (Cls: 1.2562, TAL: 0.0605, Adv: 0.0020) | Train Acc: 0.8828 | Val Acc: 0.8333 | Val P/R/F1 (Macro): 0.8531/0.8824/0.8334 | LR: 0.000010
Epoch [29/100] | Loss: 1.2889 (Cls: 1.2826, TAL: 0.0183, Adv: 0.0055) | Train Acc: 0.8516 | Val Acc: 0.8333 | Val P/R/F1 (Macro): 0.8475/0.8824/0.8329 | LR: 0.000010
Epoch [30/100] | Loss: 1.2315 (Cls: 1.2220, TAL: 0.0309, Adv: 0.0015) | Train Acc: 0.8750 | Val Acc: 0.8611 | Val P/R/F1 (Macro): 0.9160/0.9046/0.9001 | LR: 0.000010
Epoch [31/100] | Loss: 1.3082 (Cls: 1.2981, TAL: 0.0324, Adv: 0.0029) | Train Acc: 0.8594 | Val Acc: 0.8333 | Val P/R/F1 (Macro): 0.9055/0.8824/0.8722 | LR: 0.000005
Epoch [32/100] | Loss: 1.2591 (Cls: 1.2567, TAL: 0.0068, Adv: 0.0020) | Train Acc: 0.8906 | Val Acc: 0.8611 | Val P/R/F1 (Macro): 0.9160/0.9046/0.9001 | LR: 0.000005
Epoch [33/100] | Loss: 1.0718 (Cls: 1.0649, TAL: 0.0198, Adv: 0.0062) | Train Acc: 0.9844 | Val Acc: 0.8611 | Val P/R/F1 (Macro): 0.9160/0.9046/0.9001 | LR: 0.000005
Epoch [34/100] | Loss: 1.2847 (Cls: 1.2695, TAL: 0.0501, Adv: 0.0009) | Train Acc: 0.8750 | Val Acc: 0.8333 | Val P/R/F1 (Macro): 0.8883/0.8769/0.8750 | LR: 0.000005
Epoch [35/100] | Loss: 1.1083 (Cls: 1.1007, TAL: 0.0248, Adv: 0.0008) | Train Acc: 0.9375 | Val Acc: 0.8889 | Val P/R/F1 (Macro): 0.9193/0.9139/0.9089 | LR: 0.000005
Epoch [36/100] | Loss: 1.1984 (Cls: 1.2005, TAL: -0.0073, Adv: 0.0005) | Train Acc: 0.9062 | Val Acc: 0.8611 | Val P/R/F1 (Macro): 0.8804/0.8769/0.8743 | LR: 0.000005
Epoch [37/100] | Loss: 1.1339 (Cls: 1.1217, TAL: 0.0403, Adv: 0.0004) | Train Acc: 0.9375 | Val Acc: 0.8333 | Val P/R/F1 (Macro): 0.8861/0.8583/0.8628 | LR: 0.000005
Epoch [38/100] | Loss: 1.1751 (Cls: 1.1631, TAL: 0.0395, Adv: 0.0009) | Train Acc: 0.9062 | Val Acc: 0.8333 | Val P/R/F1 (Macro): 0.8963/0.8537/0.8607 | LR: 0.000005
Epoch [39/100] | Loss: 1.2635 (Cls: 1.2554, TAL: 0.0263, Adv: 0.0011) | Train Acc: 0.8750 | Val Acc: 0.8333 | Val P/R/F1 (Macro): 0.8963/0.8537/0.8607 | LR: 0.000005
Epoch [40/100] | Loss: 1.1558 (Cls: 1.1450, TAL: 0.0356, Adv: 0.0008) | Train Acc: 0.9375 | Val Acc: 0.8056 | Val P/R/F1 (Macro): 0.8086/0.8454/0.8063 | LR: 0.000005
Epoch [41/100] | Loss: 1.0859 (Cls: 1.0873, TAL: -0.0050, Adv: 0.0007) | Train Acc: 0.9531 | Val Acc: 0.8056 | Val P/R/F1 (Macro): 0.8777/0.8602/0.8298 | LR: 0.000005
Epoch [42/100] | Loss: 1.1030 (Cls: 1.1019, TAL: 0.0032, Adv: 0.0009) | Train Acc: 0.9531 | Val Acc: 0.8056 | Val P/R/F1 (Macro): 0.8777/0.8602/0.8298 | LR: 0.000003
Epoch [43/100] | Loss: 1.1525 (Cls: 1.1410, TAL: 0.0381, Adv: 0.0004) | Train Acc: 0.9375 | Val Acc: 0.8333 | Val P/R/F1 (Macro): 0.8883/0.8824/0.8644 | LR: 0.000003
Epoch [44/100] | Loss: 1.0707 (Cls: 1.0759, TAL: -0.0180, Adv: 0.0012) | Train Acc: 0.9375 | Val Acc: 0.8333 | Val P/R/F1 (Macro): 0.8809/0.8824/0.8619 | LR: 0.000003
Epoch [45/100] | Loss: 1.0416 (Cls: 1.0604, TAL: -0.0636, Adv: 0.0016) | Train Acc: 0.9453 | Val Acc: 0.8333 | Val P/R/F1 (Macro): 0.8809/0.8824/0.8619 | LR: 0.000003
Epoch [46/100] | Loss: 1.1260 (Cls: 1.1351, TAL: -0.0306, Adv: 0.0008) | Train Acc: 0.9297 | Val Acc: 0.8889 | Val P/R/F1 (Macro): 0.9309/0.9269/0.9254 | LR: 0.000003
Epoch [47/100] | Loss: 1.0494 (Cls: 1.0676, TAL: -0.0612, Adv: 0.0009) | Train Acc: 0.9688 | Val Acc: 0.8889 | Val P/R/F1 (Macro): 0.9309/0.9269/0.9254 | LR: 0.000003
Epoch [48/100] | Loss: 1.0872 (Cls: 1.0778, TAL: 0.0310, Adv: 0.0011) | Train Acc: 0.9688 | Val Acc: 0.8889 | Val P/R/F1 (Macro): 0.9309/0.9269/0.9254 | LR: 0.000003
Epoch [49/100] | Loss: 1.0588 (Cls: 1.0689, TAL: -0.0376, Adv: 0.0073) | Train Acc: 0.9609 | Val Acc: 0.8889 | Val P/R/F1 (Macro): 0.9309/0.9269/0.9254 | LR: 0.000003
Epoch [50/100] | Loss: 1.0824 (Cls: 1.0797, TAL: 0.0082, Adv: 0.0013) | Train Acc: 0.9453 | Val Acc: 0.8889 | Val P/R/F1 (Macro): 0.9309/0.9269/0.9254 | LR: 0.000003
Epoch [51/100] | Loss: 1.0329 (Cls: 1.0409, TAL: -0.0272, Adv: 0.0012) | Train Acc: 0.9922 | Val Acc: 0.8889 | Val P/R/F1 (Macro): 0.9309/0.9269/0.9254 | LR: 0.000003
Epoch [52/100] | Loss: 1.0348 (Cls: 1.0459, TAL: -0.0389, Adv: 0.0041) | Train Acc: 0.9688 | Val Acc: 0.8333 | Val P/R/F1 (Macro): 0.8809/0.8824/0.8619 | LR: 0.000003
Epoch [53/100] | Loss: 1.0512 (Cls: 1.0519, TAL: -0.0026, Adv: 0.0004) | Train Acc: 0.9453 | Val Acc: 0.8889 | Val P/R/F1 (Macro): 0.9231/0.9231/0.9151 | LR: 0.000001
Epoch [54/100] | Loss: 1.0796 (Cls: 1.0795, TAL: 0.0001, Adv: 0.0005) | Train Acc: 0.9531 | Val Acc: 0.8889 | Val P/R/F1 (Macro): 0.9231/0.9231/0.9151 | LR: 0.000001
Epoch [55/100] | Loss: 1.0609 (Cls: 1.0535, TAL: 0.0242, Adv: 0.0005) | Train Acc: 0.9766 | Val Acc: 0.8889 | Val P/R/F1 (Macro): 0.9231/0.9231/0.9151 | LR: 0.000001
Epoch [56/100] | Loss: 1.0583 (Cls: 1.0526, TAL: 0.0183, Adv: 0.0008) | Train Acc: 0.9609 | Val Acc: 0.8889 | Val P/R/F1 (Macro): 0.9231/0.9231/0.9151 | LR: 0.000001
Epoch [57/100] | Loss: 1.0380 (Cls: 1.0376, TAL: 0.0010, Adv: 0.0004) | Train Acc: 0.9531 | Val Acc: 0.8611 | Val P/R/F1 (Macro): 0.9086/0.9046/0.8976 | LR: 0.000001
Epoch [58/100] | Loss: 1.0473 (Cls: 1.0493, TAL: -0.0067, Adv: 0.0004) | Train Acc: 0.9766 | Val Acc: 0.8333 | Val P/R/F1 (Macro): 0.8883/0.8824/0.8644 | LR: 0.000001
Epoch [59/100] | Loss: 1.0371 (Cls: 1.0309, TAL: 0.0200, Adv: 0.0008) | Train Acc: 0.9531 | Val Acc: 0.8889 | Val P/R/F1 (Macro): 0.9309/0.9269/0.9254 | LR: 0.000001
Epoch [60/100] | Loss: 1.0497 (Cls: 1.0644, TAL: -0.0492, Adv: 0.0005) | Train Acc: 0.9375 | Val Acc: 0.8333 | Val P/R/F1 (Macro): 0.8809/0.8824/0.8619 | LR: 0.000001
Epoch [61/100] | Loss: 1.0148 (Cls: 1.0155, TAL: -0.0025, Adv: 0.0004) | Train Acc: 0.9766 | Val Acc: 0.8333 | Val P/R/F1 (Macro): 0.8809/0.8824/0.8619 | LR: 0.000001
Epoch [62/100] | Loss: 1.0566 (Cls: 1.0536, TAL: 0.0100, Adv: 0.0002) | Train Acc: 0.9609 | Val Acc: 0.8889 | Val P/R/F1 (Macro): 0.9309/0.9269/0.9254 | LR: 0.000001
Epoch [63/100] | Loss: 1.0448 (Cls: 1.0486, TAL: -0.0129, Adv: 0.0002) | Train Acc: 0.9844 | Val Acc: 0.8333 | Val P/R/F1 (Macro): 0.8809/0.8824/0.8619 | LR: 0.000001
Epoch [64/100] | Loss: 1.0550 (Cls: 1.0520, TAL: 0.0101, Adv: 0.0002) | Train Acc: 0.9609 | Val Acc: 0.8333 | Val P/R/F1 (Macro): 0.8809/0.8824/0.8619 | LR: 0.000001
Epoch [65/100] | Loss: 1.0612 (Cls: 1.0545, TAL: 0.0220, Adv: 0.0006) | Train Acc: 0.9766 | Val Acc: 0.8889 | Val P/R/F1 (Macro): 0.9231/0.9231/0.9151 | LR: 0.000001
Epoch [66/100] | Loss: 1.0254 (Cls: 1.0219, TAL: 0.0115, Adv: 0.0002) | Train Acc: 0.9766 | Val Acc: 0.8611 | Val P/R/F1 (Macro): 0.9160/0.9046/0.9001 | LR: 0.000001
Epoch [67/100] | Loss: 1.0179 (Cls: 1.0083, TAL: 0.0319, Adv: 0.0002) | Train Acc: 0.9922 | Val Acc: 0.8889 | Val P/R/F1 (Macro): 0.9309/0.9269/0.9254 | LR: 0.000001
Epoch [68/100] | Loss: 0.9812 (Cls: 1.0027, TAL: -0.0718, Adv: 0.0003) | Train Acc: 0.9922 | Val Acc: 0.8611 | Val P/R/F1 (Macro): 0.9086/0.9046/0.8976 | LR: 0.000001
Epoch [69/100] | Loss: 1.0369 (Cls: 1.0435, TAL: -0.0221, Adv: 0.0002) | Train Acc: 0.9688 | Val Acc: 0.8333 | Val P/R/F1 (Macro): 0.8809/0.8824/0.8619 | LR: 0.000001
Epoch [70/100] | Loss: 1.0257 (Cls: 1.0261, TAL: -0.0015, Adv: 0.0002) | Train Acc: 0.9766 | Val Acc: 0.8889 | Val P/R/F1 (Macro): 0.9176/0.9231/0.9116 | LR: 0.000001
Epoch [71/100] | Loss: 1.0095 (Cls: 1.0127, TAL: -0.0110, Adv: 0.0002) | Train Acc: 0.9844 | Val Acc: 0.8889 | Val P/R/F1 (Macro): 0.9176/0.9231/0.9116 | LR: 0.000001
Epoch [72/100] | Loss: 1.0219 (Cls: 1.0204, TAL: 0.0052, Adv: 0.0001) | Train Acc: 0.9766 | Val Acc: 0.8333 | Val P/R/F1 (Macro): 0.8809/0.8824/0.8619 | LR: 0.000001
Epoch [73/100] | Loss: 1.0242 (Cls: 1.0212, TAL: 0.0101, Adv: 0.0001) | Train Acc: 0.9766 | Val Acc: 0.8333 | Val P/R/F1 (Macro): 0.8809/0.8824/0.8619 | LR: 0.000001
Epoch [74/100] | Loss: 1.0445 (Cls: 1.0463, TAL: -0.0060, Adv: 0.0002) | Train Acc: 0.9766 | Val Acc: 0.8611 | Val P/R/F1 (Macro): 0.9086/0.9046/0.8976 | LR: 0.000001
Epoch [75/100] | Loss: 1.0282 (Cls: 1.0209, TAL: 0.0243, Adv: 0.0001) | Train Acc: 0.9766 | Val Acc: 0.8333 | Val P/R/F1 (Macro): 0.8889/0.8861/0.8749 | LR: 0.000001
Epoch [76/100] | Loss: 1.0173 (Cls: 1.0112, TAL: 0.0203, Adv: 0.0002) | Train Acc: 0.9922 | Val Acc: 0.8333 | Val P/R/F1 (Macro): 0.8889/0.8861/0.8749 | LR: 0.000001
Epoch [77/100] | Loss: 0.9740 (Cls: 0.9804, TAL: -0.0214, Adv: 0.0003) | Train Acc: 0.9844 | Val Acc: 0.8611 | Val P/R/F1 (Macro): 0.9031/0.9046/0.8941 | LR: 0.000001
Epoch [78/100] | Loss: 1.0067 (Cls: 1.0030, TAL: 0.0124, Adv: 0.0001) | Train Acc: 0.9688 | Val Acc: 0.8611 | Val P/R/F1 (Macro): 0.9031/0.9046/0.8941 | LR: 0.000001
Epoch [79/100] | Loss: 0.9969 (Cls: 1.0106, TAL: -0.0456, Adv: 0.0002) | Train Acc: 0.9688 | Val Acc: 0.8611 | Val P/R/F1 (Macro): 0.9031/0.9046/0.8941 | LR: 0.000001
Epoch [80/100] | Loss: 0.9998 (Cls: 0.9866, TAL: 0.0439, Adv: 0.0001) | Train Acc: 0.9844 | Val Acc: 0.8611 | Val P/R/F1 (Macro): 0.9031/0.9046/0.8941 | LR: 0.000001
Epoch [81/100] | Loss: 1.0010 (Cls: 1.0141, TAL: -0.0438, Adv: 0.0002) | Train Acc: 0.9844 | Val Acc: 0.8333 | Val P/R/F1 (Macro): 0.8809/0.8824/0.8619 | LR: 0.000001
Epoch [82/100] | Loss: 0.9980 (Cls: 0.9874, TAL: 0.0350, Adv: 0.0005) | Train Acc: 0.9922 | Val Acc: 0.8333 | Val P/R/F1 (Macro): 0.8809/0.8824/0.8619 | LR: 0.000001
Epoch [83/100] | Loss: 1.0060 (Cls: 1.0155, TAL: -0.0318, Adv: 0.0002) | Train Acc: 0.9688 | Val Acc: 0.8333 | Val P/R/F1 (Macro): 0.8809/0.8824/0.8619 | LR: 0.000001
Epoch [84/100] | Loss: 1.0331 (Cls: 1.0306, TAL: 0.0082, Adv: 0.0002) | Train Acc: 0.9609 | Val Acc: 0.8333 | Val P/R/F1 (Macro): 0.8809/0.8824/0.8619 | LR: 0.000001
Epoch [85/100] | Loss: 1.0003 (Cls: 0.9964, TAL: 0.0131, Adv: 0.0001) | Train Acc: 0.9922 | Val Acc: 0.8611 | Val P/R/F1 (Macro): 0.9031/0.9046/0.8941 | LR: 0.000001
Epoch [86/100] | Loss: 1.0301 (Cls: 1.0258, TAL: 0.0142, Adv: 0.0001) | Train Acc: 0.9766 | Val Acc: 0.8611 | Val P/R/F1 (Macro): 0.9031/0.9046/0.8941 | LR: 0.000001
Epoch [87/100] | Loss: 0.9939 (Cls: 1.0042, TAL: -0.0342, Adv: 0.0001) | Train Acc: 0.9844 | Val Acc: 0.8611 | Val P/R/F1 (Macro): 0.9031/0.9046/0.8941 | LR: 0.000001
Epoch [88/100] | Loss: 1.0271 (Cls: 1.0245, TAL: 0.0088, Adv: 0.0002) | Train Acc: 0.9766 | Val Acc: 0.8611 | Val P/R/F1 (Macro): 0.9031/0.9046/0.8941 | LR: 0.000001
Epoch [89/100] | Loss: 0.9985 (Cls: 0.9830, TAL: 0.0518, Adv: 0.0001) | Train Acc: 0.9844 | Val Acc: 0.8611 | Val P/R/F1 (Macro): 0.9031/0.9046/0.8941 | LR: 0.000001
Epoch [90/100] | Loss: 0.9985 (Cls: 0.9908, TAL: 0.0255, Adv: 0.0001) | Train Acc: 0.9922 | Val Acc: 0.8333 | Val P/R/F1 (Macro): 0.8883/0.8824/0.8644 | LR: 0.000001
Epoch [91/100] | Loss: 1.0436 (Cls: 1.0498, TAL: -0.0205, Adv: 0.0001) | Train Acc: 0.9609 | Val Acc: 0.8333 | Val P/R/F1 (Macro): 0.8883/0.8824/0.8644 | LR: 0.000001
Epoch [92/100] | Loss: 1.0035 (Cls: 0.9907, TAL: 0.0426, Adv: 0.0001) | Train Acc: 0.9766 | Val Acc: 0.8611 | Val P/R/F1 (Macro): 0.9031/0.9046/0.8941 | LR: 0.000001
Epoch [93/100] | Loss: 0.9718 (Cls: 0.9795, TAL: -0.0257, Adv: 0.0002) | Train Acc: 1.0000 | Val Acc: 0.8333 | Val P/R/F1 (Macro): 0.8809/0.8824/0.8619 | LR: 0.000001
Epoch [94/100] | Loss: 1.0185 (Cls: 0.9981, TAL: 0.0678, Adv: 0.0002) | Train Acc: 0.9922 | Val Acc: 0.8889 | Val P/R/F1 (Macro): 0.9231/0.9231/0.9151 | LR: 0.000001
Epoch [95/100] | Loss: 1.0603 (Cls: 1.0526, TAL: 0.0255, Adv: 0.0002) | Train Acc: 0.9531 | Val Acc: 0.8889 | Val P/R/F1 (Macro): 0.9231/0.9231/0.9151 | LR: 0.000001
Epoch [96/100] | Loss: 1.0346 (Cls: 1.0200, TAL: 0.0488, Adv: 0.0001) | Train Acc: 0.9688 | Val Acc: 0.8611 | Val P/R/F1 (Macro): 0.9086/0.9046/0.8976 | LR: 0.000001
Epoch [97/100] | Loss: 1.0493 (Cls: 1.0472, TAL: 0.0069, Adv: 0.0001) | Train Acc: 0.9531 | Val Acc: 0.8611 | Val P/R/F1 (Macro): 0.9086/0.9046/0.8976 | LR: 0.000001
Epoch [98/100] | Loss: 0.9922 (Cls: 0.9899, TAL: 0.0077, Adv: 0.0001) | Train Acc: 0.9844 | Val Acc: 0.8889 | Val P/R/F1 (Macro): 0.9231/0.9231/0.9151 | LR: 0.000001
Epoch [99/100] | Loss: 1.0439 (Cls: 1.0270, TAL: 0.0565, Adv: 0.0001) | Train Acc: 0.9844 | Val Acc: 0.9167 | Val P/R/F1 (Macro): 0.9454/0.9454/0.9429 | LR: 0.000001
  >>> New Best Val Acc: 0.9167
Epoch [100/100] | Loss: 0.9705 (Cls: 0.9763, TAL: -0.0195, Adv: 0.0001) | Train Acc: 0.9922 | Val Acc: 0.8889 | Val P/R/F1 (Macro): 0.9231/0.9231/0.9151 | LR: 0.000001

迭代 3 最佳指标:
  Accuracy: 0.9167
  Precision (Macro): 0.9454
  Recall (Macro): 0.9454
  F1 (Macro): 0.9429
  Precision (Micro): 0.9167
  Recall (Micro): 0.9167
  F1 (Micro): 0.9167
  Val class coverage: 9/14 (0.6429), samples=36

================================================================================
迭代 4/5
随机种子: 45
================================================================================
Training mode: unpaired target adaptation with controlled target-label loss (ratio=0.35, weight=0.50).
Fixed labeled target subset: 45/128 samples.
Feature fusion: Tensor alignment (512+512 -> 128+128); fused_dim=256
Domain adaptation: standard source-target adversarial training, no generator
Loss weights: tensor=0.30, adv=0.15
Epoch [1/100] | Loss: 4.8808 (Cls: 4.7722, TAL: 0.1126, Adv: 0.4985) | Train Acc: 0.0859 | Val Acc: 0.2222 | Val P/R/F1 (Macro): 0.0870/0.1481/0.0992 | LR: 0.000010
  >>> New Best Val Acc: 0.2222
Epoch [2/100] | Loss: 3.8592 (Cls: 3.8406, TAL: -0.0440, Adv: 0.2115) | Train Acc: 0.1328 | Val Acc: 0.3056 | Val P/R/F1 (Macro): 0.1419/0.2426/0.1675 | LR: 0.000010
  >>> New Best Val Acc: 0.3056
Epoch [3/100] | Loss: 3.4780 (Cls: 3.4583, TAL: 0.0197, Adv: 0.0921) | Train Acc: 0.2344 | Val Acc: 0.5000 | Val P/R/F1 (Macro): 0.2857/0.3796/0.3111 | LR: 0.000010
  >>> New Best Val Acc: 0.5000
Epoch [4/100] | Loss: 3.2440 (Cls: 3.2404, TAL: -0.0013, Adv: 0.0264) | Train Acc: 0.3438 | Val Acc: 0.3056 | Val P/R/F1 (Macro): 0.0954/0.1944/0.1143 | LR: 0.000010
Epoch [5/100] | Loss: 2.9024 (Cls: 2.9528, TAL: -0.1773, Adv: 0.0187) | Train Acc: 0.4141 | Val Acc: 0.3611 | Val P/R/F1 (Macro): 0.2546/0.2546/0.2140 | LR: 0.000010
Epoch [6/100] | Loss: 2.5754 (Cls: 2.6164, TAL: -0.1454, Adv: 0.0181) | Train Acc: 0.4844 | Val Acc: 0.6111 | Val P/R/F1 (Macro): 0.6129/0.4815/0.4523 | LR: 0.000010
  >>> New Best Val Acc: 0.6111
Epoch [7/100] | Loss: 2.4560 (Cls: 2.4884, TAL: -0.1118, Adv: 0.0078) | Train Acc: 0.4609 | Val Acc: 0.7500 | Val P/R/F1 (Macro): 0.7923/0.6713/0.6720 | LR: 0.000010
  >>> New Best Val Acc: 0.7500
Epoch [8/100] | Loss: 2.5663 (Cls: 2.5631, TAL: 0.0066, Adv: 0.0079) | Train Acc: 0.5078 | Val Acc: 0.7778 | Val P/R/F1 (Macro): 0.7231/0.7315/0.6850 | LR: 0.000010
  >>> New Best Val Acc: 0.7778
Epoch [9/100] | Loss: 2.2772 (Cls: 2.2901, TAL: -0.0444, Adv: 0.0031) | Train Acc: 0.5391 | Val Acc: 0.8611 | Val P/R/F1 (Macro): 0.8091/0.7917/0.7820 | LR: 0.000010
  >>> New Best Val Acc: 0.8611
Epoch [10/100] | Loss: 2.2749 (Cls: 2.2995, TAL: -0.0834, Adv: 0.0023) | Train Acc: 0.5078 | Val Acc: 0.8056 | Val P/R/F1 (Macro): 0.8230/0.8583/0.8061 | LR: 0.000010
Epoch [11/100] | Loss: 1.8937 (Cls: 1.9313, TAL: -0.1261, Adv: 0.0018) | Train Acc: 0.6641 | Val Acc: 0.7500 | Val P/R/F1 (Macro): 0.8313/0.8028/0.7521 | LR: 0.000010
Epoch [12/100] | Loss: 1.9740 (Cls: 1.9967, TAL: -0.0766, Adv: 0.0020) | Train Acc: 0.6328 | Val Acc: 0.7500 | Val P/R/F1 (Macro): 0.8406/0.7806/0.7686 | LR: 0.000010
Epoch [13/100] | Loss: 1.7263 (Cls: 1.7529, TAL: -0.0893, Adv: 0.0012) | Train Acc: 0.7422 | Val Acc: 0.7222 | Val P/R/F1 (Macro): 0.7187/0.6694/0.6517 | LR: 0.000010
Epoch [14/100] | Loss: 1.4863 (Cls: 1.5190, TAL: -0.1096, Adv: 0.0012) | Train Acc: 0.8281 | Val Acc: 0.8889 | Val P/R/F1 (Macro): 0.8274/0.8194/0.8109 | LR: 0.000010
  >>> New Best Val Acc: 0.8889
Epoch [15/100] | Loss: 1.7978 (Cls: 1.7948, TAL: 0.0090, Adv: 0.0014) | Train Acc: 0.7266 | Val Acc: 0.8056 | Val P/R/F1 (Macro): 0.7954/0.7454/0.7513 | LR: 0.000010
Epoch [16/100] | Loss: 1.7900 (Cls: 1.7788, TAL: 0.0369, Adv: 0.0008) | Train Acc: 0.6953 | Val Acc: 0.7778 | Val P/R/F1 (Macro): 0.7563/0.7139/0.6975 | LR: 0.000010
Epoch [17/100] | Loss: 1.5411 (Cls: 1.5454, TAL: -0.0150, Adv: 0.0010) | Train Acc: 0.8125 | Val Acc: 0.8333 | Val P/R/F1 (Macro): 0.8519/0.8528/0.8247 | LR: 0.000010
Epoch [18/100] | Loss: 1.5770 (Cls: 1.5711, TAL: 0.0194, Adv: 0.0009) | Train Acc: 0.7266 | Val Acc: 0.8333 | Val P/R/F1 (Macro): 0.8630/0.8583/0.8529 | LR: 0.000010
Epoch [19/100] | Loss: 1.4663 (Cls: 1.4956, TAL: -0.0981, Adv: 0.0008) | Train Acc: 0.7891 | Val Acc: 0.8889 | Val P/R/F1 (Macro): 0.8287/0.8194/0.8173 | LR: 0.000010
Epoch [20/100] | Loss: 1.3874 (Cls: 1.4290, TAL: -0.1397, Adv: 0.0021) | Train Acc: 0.7422 | Val Acc: 0.8056 | Val P/R/F1 (Macro): 0.7789/0.7361/0.7208 | LR: 0.000010
Epoch [21/100] | Loss: 1.3027 (Cls: 1.3313, TAL: -0.0965, Adv: 0.0023) | Train Acc: 0.9141 | Val Acc: 0.6944 | Val P/R/F1 (Macro): 0.6940/0.6435/0.5870 | LR: 0.000010
Epoch [22/100] | Loss: 1.3566 (Cls: 1.3966, TAL: -0.1342, Adv: 0.0022) | Train Acc: 0.8438 | Val Acc: 0.6667 | Val P/R/F1 (Macro): 0.5770/0.6167/0.5209 | LR: 0.000010
Epoch [23/100] | Loss: 1.3520 (Cls: 1.4046, TAL: -0.1802, Adv: 0.0096) | Train Acc: 0.8047 | Val Acc: 0.7778 | Val P/R/F1 (Macro): 0.6667/0.6417/0.6129 | LR: 0.000010
Epoch [24/100] | Loss: 1.3170 (Cls: 1.3422, TAL: -0.0874, Adv: 0.0062) | Train Acc: 0.8516 | Val Acc: 0.8056 | Val P/R/F1 (Macro): 0.7606/0.7528/0.7259 | LR: 0.000010
Epoch [25/100] | Loss: 1.2469 (Cls: 1.2453, TAL: -0.0055, Adv: 0.0215) | Train Acc: 0.9141 | Val Acc: 0.8056 | Val P/R/F1 (Macro): 0.8452/0.8528/0.8007 | LR: 0.000005
Epoch [26/100] | Loss: 1.2720 (Cls: 1.2452, TAL: 0.0856, Adv: 0.0072) | Train Acc: 0.9141 | Val Acc: 0.9167 | Val P/R/F1 (Macro): 0.9101/0.9306/0.9052 | LR: 0.000005
  >>> New Best Val Acc: 0.9167
Epoch [27/100] | Loss: 1.3529 (Cls: 1.3391, TAL: 0.0450, Adv: 0.0017) | Train Acc: 0.8438 | Val Acc: 0.9167 | Val P/R/F1 (Macro): 0.9101/0.9306/0.9052 | LR: 0.000005
Epoch [28/100] | Loss: 1.2346 (Cls: 1.2165, TAL: 0.0583, Adv: 0.0044) | Train Acc: 0.9219 | Val Acc: 0.8889 | Val P/R/F1 (Macro): 0.8823/0.9028/0.8734 | LR: 0.000005
Epoch [29/100] | Loss: 1.2964 (Cls: 1.2799, TAL: 0.0529, Adv: 0.0042) | Train Acc: 0.8672 | Val Acc: 0.8889 | Val P/R/F1 (Macro): 0.8128/0.8194/0.8087 | LR: 0.000005
Epoch [30/100] | Loss: 1.2617 (Cls: 1.2804, TAL: -0.0631, Adv: 0.0018) | Train Acc: 0.8750 | Val Acc: 0.8611 | Val P/R/F1 (Macro): 0.8020/0.7917/0.7871 | LR: 0.000005
Epoch [31/100] | Loss: 1.2094 (Cls: 1.2270, TAL: -0.0620, Adv: 0.0071) | Train Acc: 0.9141 | Val Acc: 0.8889 | Val P/R/F1 (Macro): 0.8823/0.9028/0.8734 | LR: 0.000005
Epoch [32/100] | Loss: 1.2050 (Cls: 1.2477, TAL: -0.1432, Adv: 0.0017) | Train Acc: 0.8984 | Val Acc: 0.8889 | Val P/R/F1 (Macro): 0.8823/0.9028/0.8734 | LR: 0.000005
Epoch [33/100] | Loss: 1.1983 (Cls: 1.2353, TAL: -0.1238, Adv: 0.0013) | Train Acc: 0.8984 | Val Acc: 0.8889 | Val P/R/F1 (Macro): 0.8823/0.9028/0.8734 | LR: 0.000005
Epoch [34/100] | Loss: 1.1922 (Cls: 1.2334, TAL: -0.1378, Adv: 0.0007) | Train Acc: 0.8984 | Val Acc: 0.9444 | Val P/R/F1 (Macro): 0.9259/0.9444/0.9211 | LR: 0.000005
  >>> New Best Val Acc: 0.9444
Epoch [35/100] | Loss: 1.1416 (Cls: 1.1898, TAL: -0.1608, Adv: 0.0005) | Train Acc: 0.9141 | Val Acc: 0.9444 | Val P/R/F1 (Macro): 0.9259/0.9444/0.9211 | LR: 0.000005
Epoch [36/100] | Loss: 1.1659 (Cls: 1.2131, TAL: -0.1577, Adv: 0.0008) | Train Acc: 0.9141 | Val Acc: 0.9444 | Val P/R/F1 (Macro): 0.9656/0.9583/0.9581 | LR: 0.000005
Epoch [37/100] | Loss: 1.1270 (Cls: 1.1666, TAL: -0.1327, Adv: 0.0015) | Train Acc: 0.9219 | Val Acc: 0.9444 | Val P/R/F1 (Macro): 0.9656/0.9583/0.9581 | LR: 0.000005
Epoch [38/100] | Loss: 1.0976 (Cls: 1.1405, TAL: -0.1434, Adv: 0.0008) | Train Acc: 0.9375 | Val Acc: 0.8889 | Val P/R/F1 (Macro): 0.9259/0.9028/0.8978 | LR: 0.000005
Epoch [39/100] | Loss: 1.2401 (Cls: 1.2786, TAL: -0.1287, Adv: 0.0004) | Train Acc: 0.8750 | Val Acc: 0.8611 | Val P/R/F1 (Macro): 0.9093/0.8750/0.8563 | LR: 0.000005
Epoch [40/100] | Loss: 1.1341 (Cls: 1.1486, TAL: -0.0485, Adv: 0.0005) | Train Acc: 0.9219 | Val Acc: 0.9167 | Val P/R/F1 (Macro): 0.9370/0.9167/0.9092 | LR: 0.000005
Epoch [41/100] | Loss: 1.1442 (Cls: 1.1420, TAL: 0.0069, Adv: 0.0007) | Train Acc: 0.9219 | Val Acc: 0.8611 | Val P/R/F1 (Macro): 0.8656/0.8611/0.8181 | LR: 0.000005
Epoch [42/100] | Loss: 1.0821 (Cls: 1.1038, TAL: -0.0727, Adv: 0.0006) | Train Acc: 0.9609 | Val Acc: 0.8611 | Val P/R/F1 (Macro): 0.8704/0.8750/0.8449 | LR: 0.000005
Epoch [43/100] | Loss: 1.0565 (Cls: 1.0778, TAL: -0.0712, Adv: 0.0005) | Train Acc: 0.9609 | Val Acc: 0.9167 | Val P/R/F1 (Macro): 0.9537/0.9306/0.9349 | LR: 0.000005
Epoch [44/100] | Loss: 1.1514 (Cls: 1.1788, TAL: -0.0916, Adv: 0.0005) | Train Acc: 0.9141 | Val Acc: 0.9444 | Val P/R/F1 (Macro): 0.9656/0.9583/0.9581 | LR: 0.000005
Epoch [45/100] | Loss: 1.1225 (Cls: 1.1551, TAL: -0.1089, Adv: 0.0005) | Train Acc: 0.8984 | Val Acc: 0.9722 | Val P/R/F1 (Macro): 0.9815/0.9722/0.9740 | LR: 0.000005
  >>> New Best Val Acc: 0.9722
Epoch [46/100] | Loss: 1.1261 (Cls: 1.1545, TAL: -0.0948, Adv: 0.0003) | Train Acc: 0.9219 | Val Acc: 0.9444 | Val P/R/F1 (Macro): 0.9537/0.9444/0.9423 | LR: 0.000005
Epoch [47/100] | Loss: 1.0992 (Cls: 1.1054, TAL: -0.0208, Adv: 0.0005) | Train Acc: 0.9453 | Val Acc: 0.9444 | Val P/R/F1 (Macro): 0.9537/0.9444/0.9423 | LR: 0.000005
Epoch [48/100] | Loss: 1.1145 (Cls: 1.1325, TAL: -0.0606, Adv: 0.0013) | Train Acc: 0.9453 | Val Acc: 0.9167 | Val P/R/F1 (Macro): 0.9378/0.9167/0.9126 | LR: 0.000005
Epoch [49/100] | Loss: 1.1004 (Cls: 1.1238, TAL: -0.0783, Adv: 0.0007) | Train Acc: 0.9219 | Val Acc: 0.9167 | Val P/R/F1 (Macro): 0.9378/0.9167/0.9126 | LR: 0.000005
Epoch [50/100] | Loss: 1.1675 (Cls: 1.1748, TAL: -0.0243, Adv: 0.0003) | Train Acc: 0.8984 | Val Acc: 0.9444 | Val P/R/F1 (Macro): 0.9537/0.9444/0.9423 | LR: 0.000005
Epoch [51/100] | Loss: 1.0978 (Cls: 1.1117, TAL: -0.0465, Adv: 0.0004) | Train Acc: 0.9375 | Val Acc: 0.9722 | Val P/R/F1 (Macro): 0.9815/0.9722/0.9740 | LR: 0.000005
Epoch [52/100] | Loss: 1.0523 (Cls: 1.0485, TAL: 0.0127, Adv: 0.0005) | Train Acc: 0.9688 | Val Acc: 0.9722 | Val P/R/F1 (Macro): 0.9815/0.9722/0.9740 | LR: 0.000005
Epoch [53/100] | Loss: 1.1021 (Cls: 1.0899, TAL: 0.0401, Adv: 0.0012) | Train Acc: 0.9219 | Val Acc: 0.9444 | Val P/R/F1 (Macro): 0.9656/0.9583/0.9581 | LR: 0.000005
Epoch [54/100] | Loss: 1.2242 (Cls: 1.2023, TAL: 0.0728, Adv: 0.0003) | Train Acc: 0.8906 | Val Acc: 0.9444 | Val P/R/F1 (Macro): 0.9656/0.9583/0.9581 | LR: 0.000005
Epoch [55/100] | Loss: 1.0799 (Cls: 1.0896, TAL: -0.0327, Adv: 0.0007) | Train Acc: 0.9375 | Val Acc: 0.9722 | Val P/R/F1 (Macro): 0.9815/0.9722/0.9740 | LR: 0.000005
Epoch [56/100] | Loss: 1.0916 (Cls: 1.1021, TAL: -0.0352, Adv: 0.0003) | Train Acc: 0.9609 | Val Acc: 0.9167 | Val P/R/F1 (Macro): 0.8981/0.9167/0.8894 | LR: 0.000003
Epoch [57/100] | Loss: 1.1008 (Cls: 1.1095, TAL: -0.0293, Adv: 0.0005) | Train Acc: 0.9453 | Val Acc: 0.9444 | Val P/R/F1 (Macro): 0.9537/0.9444/0.9423 | LR: 0.000003
Epoch [58/100] | Loss: 1.0623 (Cls: 1.0663, TAL: -0.0137, Adv: 0.0004) | Train Acc: 0.9609 | Val Acc: 0.9444 | Val P/R/F1 (Macro): 0.9537/0.9444/0.9423 | LR: 0.000003
Epoch [59/100] | Loss: 1.0162 (Cls: 1.0216, TAL: -0.0182, Adv: 0.0009) | Train Acc: 0.9609 | Val Acc: 0.9444 | Val P/R/F1 (Macro): 0.9537/0.9444/0.9423 | LR: 0.000003
Epoch [60/100] | Loss: 1.0470 (Cls: 1.0567, TAL: -0.0327, Adv: 0.0004) | Train Acc: 0.9453 | Val Acc: 0.9444 | Val P/R/F1 (Macro): 0.9537/0.9444/0.9423 | LR: 0.000003
Epoch [61/100] | Loss: 1.0390 (Cls: 1.0533, TAL: -0.0480, Adv: 0.0005) | Train Acc: 0.9688 | Val Acc: 0.9444 | Val P/R/F1 (Macro): 0.9537/0.9444/0.9423 | LR: 0.000003
Epoch [62/100] | Loss: 1.0523 (Cls: 1.0479, TAL: 0.0143, Adv: 0.0002) | Train Acc: 0.9375 | Val Acc: 0.9444 | Val P/R/F1 (Macro): 0.9537/0.9444/0.9423 | LR: 0.000003
Epoch [63/100] | Loss: 1.0545 (Cls: 1.0357, TAL: 0.0626, Adv: 0.0003) | Train Acc: 0.9688 | Val Acc: 0.9722 | Val P/R/F1 (Macro): 0.9815/0.9722/0.9740 | LR: 0.000003
Epoch [64/100] | Loss: 1.0366 (Cls: 1.0235, TAL: 0.0436, Adv: 0.0002) | Train Acc: 0.9844 | Val Acc: 0.9167 | Val P/R/F1 (Macro): 0.9378/0.9306/0.9263 | LR: 0.000003
Epoch [65/100] | Loss: 1.0397 (Cls: 1.0463, TAL: -0.0221, Adv: 0.0002) | Train Acc: 0.9531 | Val Acc: 0.9167 | Val P/R/F1 (Macro): 0.9378/0.9306/0.9263 | LR: 0.000003
Epoch [66/100] | Loss: 1.0315 (Cls: 1.0142, TAL: 0.0578, Adv: 0.0001) | Train Acc: 0.9766 | Val Acc: 0.9444 | Val P/R/F1 (Macro): 0.9656/0.9583/0.9581 | LR: 0.000003
Epoch [67/100] | Loss: 1.0439 (Cls: 1.0337, TAL: 0.0340, Adv: 0.0002) | Train Acc: 0.9688 | Val Acc: 0.9167 | Val P/R/F1 (Macro): 0.9378/0.9306/0.9263 | LR: 0.000001
Epoch [68/100] | Loss: 1.0170 (Cls: 1.0246, TAL: -0.0264, Adv: 0.0024) | Train Acc: 0.9688 | Val Acc: 0.9444 | Val P/R/F1 (Macro): 0.9656/0.9583/0.9581 | LR: 0.000001
Epoch [69/100] | Loss: 1.0358 (Cls: 1.0256, TAL: 0.0339, Adv: 0.0002) | Train Acc: 0.9922 | Val Acc: 0.9444 | Val P/R/F1 (Macro): 0.9537/0.9444/0.9423 | LR: 0.000001
Epoch [70/100] | Loss: 1.0454 (Cls: 1.0368, TAL: 0.0282, Adv: 0.0003) | Train Acc: 0.9688 | Val Acc: 0.9444 | Val P/R/F1 (Macro): 0.9537/0.9444/0.9423 | LR: 0.000001
Epoch [71/100] | Loss: 1.0511 (Cls: 1.0496, TAL: 0.0049, Adv: 0.0002) | Train Acc: 0.9531 | Val Acc: 0.9167 | Val P/R/F1 (Macro): 0.9378/0.9306/0.9263 | LR: 0.000001
Epoch [72/100] | Loss: 1.0219 (Cls: 1.0101, TAL: 0.0390, Adv: 0.0008) | Train Acc: 1.0000 | Val Acc: 0.9444 | Val P/R/F1 (Macro): 0.9656/0.9583/0.9581 | LR: 0.000001
Epoch [73/100] | Loss: 1.0182 (Cls: 1.0142, TAL: 0.0131, Adv: 0.0003) | Train Acc: 0.9766 | Val Acc: 0.9444 | Val P/R/F1 (Macro): 0.9656/0.9583/0.9581 | LR: 0.000001
Epoch [74/100] | Loss: 1.0015 (Cls: 1.0039, TAL: -0.0085, Adv: 0.0005) | Train Acc: 0.9766 | Val Acc: 0.9444 | Val P/R/F1 (Macro): 0.9656/0.9583/0.9581 | LR: 0.000001
Epoch [75/100] | Loss: 1.0052 (Cls: 0.9831, TAL: 0.0731, Adv: 0.0005) | Train Acc: 1.0000 | Val Acc: 0.9444 | Val P/R/F1 (Macro): 0.9656/0.9583/0.9581 | LR: 0.000001
Epoch [76/100] | Loss: 1.0479 (Cls: 1.0418, TAL: 0.0200, Adv: 0.0005) | Train Acc: 0.9766 | Val Acc: 0.9444 | Val P/R/F1 (Macro): 0.9656/0.9583/0.9581 | LR: 0.000001
Epoch [77/100] | Loss: 1.0427 (Cls: 1.0355, TAL: 0.0239, Adv: 0.0002) | Train Acc: 0.9688 | Val Acc: 0.9444 | Val P/R/F1 (Macro): 0.9656/0.9583/0.9581 | LR: 0.000001
Epoch [78/100] | Loss: 0.9983 (Cls: 1.0055, TAL: -0.0241, Adv: 0.0004) | Train Acc: 0.9922 | Val Acc: 0.9444 | Val P/R/F1 (Macro): 0.9656/0.9583/0.9581 | LR: 0.000001
Epoch [79/100] | Loss: 0.9968 (Cls: 1.0032, TAL: -0.0216, Adv: 0.0001) | Train Acc: 0.9844 | Val Acc: 0.9444 | Val P/R/F1 (Macro): 0.9656/0.9583/0.9581 | LR: 0.000001
Epoch [80/100] | Loss: 0.9931 (Cls: 0.9981, TAL: -0.0170, Adv: 0.0003) | Train Acc: 0.9844 | Val Acc: 0.9444 | Val P/R/F1 (Macro): 0.9537/0.9444/0.9423 | LR: 0.000001
Epoch [81/100] | Loss: 1.0375 (Cls: 1.0303, TAL: 0.0241, Adv: 0.0002) | Train Acc: 0.9609 | Val Acc: 0.9167 | Val P/R/F1 (Macro): 0.9378/0.9306/0.9263 | LR: 0.000001
Epoch [82/100] | Loss: 0.9725 (Cls: 0.9779, TAL: -0.0181, Adv: 0.0004) | Train Acc: 1.0000 | Val Acc: 0.9167 | Val P/R/F1 (Macro): 0.9378/0.9306/0.9263 | LR: 0.000001
Epoch [83/100] | Loss: 0.9995 (Cls: 1.0040, TAL: -0.0152, Adv: 0.0004) | Train Acc: 0.9766 | Val Acc: 0.9722 | Val P/R/F1 (Macro): 0.9815/0.9722/0.9740 | LR: 0.000001
Epoch [84/100] | Loss: 1.0681 (Cls: 1.0677, TAL: 0.0011, Adv: 0.0003) | Train Acc: 0.9688 | Val Acc: 0.9444 | Val P/R/F1 (Macro): 0.9656/0.9583/0.9581 | LR: 0.000001
Epoch [85/100] | Loss: 1.0397 (Cls: 1.0529, TAL: -0.0441, Adv: 0.0003) | Train Acc: 0.9609 | Val Acc: 0.9444 | Val P/R/F1 (Macro): 0.9656/0.9583/0.9581 | LR: 0.000001
Epoch [86/100] | Loss: 1.0235 (Cls: 1.0236, TAL: -0.0004, Adv: 0.0003) | Train Acc: 0.9766 | Val Acc: 0.9444 | Val P/R/F1 (Macro): 0.9656/0.9583/0.9581 | LR: 0.000001
Epoch [87/100] | Loss: 1.0459 (Cls: 1.0258, TAL: 0.0668, Adv: 0.0002) | Train Acc: 0.9766 | Val Acc: 0.9444 | Val P/R/F1 (Macro): 0.9656/0.9583/0.9581 | LR: 0.000001
Epoch [88/100] | Loss: 1.0315 (Cls: 1.0245, TAL: 0.0230, Adv: 0.0006) | Train Acc: 0.9844 | Val Acc: 0.9444 | Val P/R/F1 (Macro): 0.9656/0.9583/0.9581 | LR: 0.000001
Epoch [89/100] | Loss: 0.9912 (Cls: 1.0045, TAL: -0.0443, Adv: 0.0001) | Train Acc: 0.9766 | Val Acc: 0.9444 | Val P/R/F1 (Macro): 0.9656/0.9583/0.9581 | LR: 0.000001
Epoch [90/100] | Loss: 0.9754 (Cls: 0.9766, TAL: -0.0042, Adv: 0.0002) | Train Acc: 0.9844 | Val Acc: 0.9444 | Val P/R/F1 (Macro): 0.9656/0.9583/0.9581 | LR: 0.000001
Epoch [91/100] | Loss: 1.0463 (Cls: 1.0145, TAL: 0.1057, Adv: 0.0002) | Train Acc: 0.9453 | Val Acc: 0.9444 | Val P/R/F1 (Macro): 0.9656/0.9583/0.9581 | LR: 0.000001
Epoch [92/100] | Loss: 1.0234 (Cls: 1.0237, TAL: -0.0008, Adv: 0.0001) | Train Acc: 0.9609 | Val Acc: 0.9444 | Val P/R/F1 (Macro): 0.9656/0.9583/0.9581 | LR: 0.000001
Epoch [93/100] | Loss: 1.0202 (Cls: 1.0147, TAL: 0.0183, Adv: 0.0002) | Train Acc: 0.9688 | Val Acc: 0.9444 | Val P/R/F1 (Macro): 0.9656/0.9583/0.9581 | LR: 0.000001
Epoch [94/100] | Loss: 0.9932 (Cls: 0.9885, TAL: 0.0155, Adv: 0.0001) | Train Acc: 0.9844 | Val Acc: 0.9444 | Val P/R/F1 (Macro): 0.9656/0.9583/0.9581 | LR: 0.000001
Epoch [95/100] | Loss: 1.0141 (Cls: 0.9904, TAL: 0.0786, Adv: 0.0002) | Train Acc: 0.9844 | Val Acc: 0.9444 | Val P/R/F1 (Macro): 0.9656/0.9583/0.9581 | LR: 0.000001
Epoch [96/100] | Loss: 0.9786 (Cls: 0.9832, TAL: -0.0156, Adv: 0.0002) | Train Acc: 0.9922 | Val Acc: 0.9444 | Val P/R/F1 (Macro): 0.9656/0.9583/0.9581 | LR: 0.000001
Epoch [97/100] | Loss: 0.9940 (Cls: 0.9794, TAL: 0.0477, Adv: 0.0020) | Train Acc: 0.9844 | Val Acc: 0.9444 | Val P/R/F1 (Macro): 0.9656/0.9583/0.9581 | LR: 0.000001
Epoch [98/100] | Loss: 0.9959 (Cls: 1.0061, TAL: -0.0342, Adv: 0.0003) | Train Acc: 0.9766 | Val Acc: 0.9444 | Val P/R/F1 (Macro): 0.9656/0.9583/0.9581 | LR: 0.000001
Epoch [99/100] | Loss: 1.0013 (Cls: 0.9894, TAL: 0.0395, Adv: 0.0001) | Train Acc: 0.9922 | Val Acc: 0.9444 | Val P/R/F1 (Macro): 0.9656/0.9583/0.9581 | LR: 0.000001
Epoch [100/100] | Loss: 1.0638 (Cls: 1.0620, TAL: 0.0059, Adv: 0.0002) | Train Acc: 0.9609 | Val Acc: 0.9444 | Val P/R/F1 (Macro): 0.9656/0.9583/0.9581 | LR: 0.000001

迭代 4 最佳指标:
  Accuracy: 0.9722
  Precision (Macro): 0.9815
  Recall (Macro): 0.9722
  F1 (Macro): 0.9740
  Precision (Micro): 0.9722
  Recall (Micro): 0.9722
  F1 (Micro): 0.9722
  Val class coverage: 9/14 (0.6429), samples=36

================================================================================
迭代 5/5
随机种子: 46
================================================================================
Training mode: unpaired target adaptation with controlled target-label loss (ratio=0.35, weight=0.50).
Fixed labeled target subset: 45/128 samples.
Feature fusion: Tensor alignment (512+512 -> 128+128); fused_dim=256
Domain adaptation: standard source-target adversarial training, no generator
Loss weights: tensor=0.30, adv=0.15
Epoch [1/100] | Loss: 4.8513 (Cls: 4.8309, TAL: -0.2439, Adv: 0.6240) | Train Acc: 0.0703 | Val Acc: 0.1389 | Val P/R/F1 (Macro): 0.0509/0.0991/0.0588 | LR: 0.000010
  >>> New Best Val Acc: 0.1389
Epoch [2/100] | Loss: 3.4480 (Cls: 3.5390, TAL: -0.3609, Adv: 0.1153) | Train Acc: 0.2734 | Val Acc: 0.2222 | Val P/R/F1 (Macro): 0.0852/0.1528/0.0830 | LR: 0.000010
  >>> New Best Val Acc: 0.2222
Epoch [3/100] | Loss: 3.1543 (Cls: 3.2941, TAL: -0.4846, Adv: 0.0370) | Train Acc: 0.3047 | Val Acc: 0.2778 | Val P/R/F1 (Macro): 0.0833/0.1556/0.0938 | LR: 0.000010
  >>> New Best Val Acc: 0.2778
Epoch [4/100] | Loss: 2.8947 (Cls: 3.0330, TAL: -0.4727, Adv: 0.0238) | Train Acc: 0.2578 | Val Acc: 0.2222 | Val P/R/F1 (Macro): 0.0247/0.1111/0.0404 | LR: 0.000010
Epoch [5/100] | Loss: 2.7503 (Cls: 2.8416, TAL: -0.3089, Adv: 0.0095) | Train Acc: 0.5078 | Val Acc: 0.4167 | Val P/R/F1 (Macro): 0.3008/0.2963/0.2491 | LR: 0.000010
  >>> New Best Val Acc: 0.4167
Epoch [6/100] | Loss: 2.8844 (Cls: 2.8885, TAL: -0.0171, Adv: 0.0068) | Train Acc: 0.3281 | Val Acc: 0.5556 | Val P/R/F1 (Macro): 0.4759/0.4167/0.3728 | LR: 0.000010
  >>> New Best Val Acc: 0.5556
Epoch [7/100] | Loss: 2.8034 (Cls: 2.7773, TAL: 0.0849, Adv: 0.0044) | Train Acc: 0.3906 | Val Acc: 0.5833 | Val P/R/F1 (Macro): 0.4002/0.4593/0.3875 | LR: 0.000010
  >>> New Best Val Acc: 0.5833
Epoch [8/100] | Loss: 2.6541 (Cls: 2.6349, TAL: 0.0624, Adv: 0.0030) | Train Acc: 0.4219 | Val Acc: 0.5556 | Val P/R/F1 (Macro): 0.4237/0.4398/0.3834 | LR: 0.000010
Epoch [9/100] | Loss: 2.2478 (Cls: 2.2549, TAL: -0.0254, Adv: 0.0032) | Train Acc: 0.5781 | Val Acc: 0.8056 | Val P/R/F1 (Macro): 0.6361/0.6694/0.6268 | LR: 0.000010
  >>> New Best Val Acc: 0.8056
Epoch [10/100] | Loss: 2.1090 (Cls: 2.1339, TAL: -0.0855, Adv: 0.0048) | Train Acc: 0.6016 | Val Acc: 0.8056 | Val P/R/F1 (Macro): 0.6269/0.6639/0.6358 | LR: 0.000010
Epoch [11/100] | Loss: 1.9636 (Cls: 1.9663, TAL: -0.0100, Adv: 0.0024) | Train Acc: 0.6250 | Val Acc: 0.7778 | Val P/R/F1 (Macro): 0.6277/0.6546/0.6327 | LR: 0.000010
Epoch [12/100] | Loss: 1.9925 (Cls: 1.9792, TAL: 0.0433, Adv: 0.0023) | Train Acc: 0.6172 | Val Acc: 0.7222 | Val P/R/F1 (Macro): 0.6339/0.6176/0.5933 | LR: 0.000010
Epoch [13/100] | Loss: 1.9403 (Cls: 1.8826, TAL: 0.1914, Adv: 0.0016) | Train Acc: 0.6562 | Val Acc: 0.7222 | Val P/R/F1 (Macro): 0.6148/0.5991/0.5883 | LR: 0.000010
Epoch [14/100] | Loss: 1.9263 (Cls: 1.8544, TAL: 0.2383, Adv: 0.0023) | Train Acc: 0.6797 | Val Acc: 0.6667 | Val P/R/F1 (Macro): 0.5731/0.5676/0.5326 | LR: 0.000010
Epoch [15/100] | Loss: 1.8936 (Cls: 1.8225, TAL: 0.2353, Adv: 0.0030) | Train Acc: 0.7031 | Val Acc: 0.7500 | Val P/R/F1 (Macro): 0.6487/0.6417/0.6083 | LR: 0.000010
Epoch [16/100] | Loss: 1.6724 (Cls: 1.6589, TAL: 0.0428, Adv: 0.0041) | Train Acc: 0.7266 | Val Acc: 0.7500 | Val P/R/F1 (Macro): 0.6222/0.6037/0.5818 | LR: 0.000010
Epoch [17/100] | Loss: 1.6239 (Cls: 1.6031, TAL: 0.0682, Adv: 0.0019) | Train Acc: 0.7500 | Val Acc: 0.7222 | Val P/R/F1 (Macro): 0.6374/0.5944/0.5780 | LR: 0.000010
Epoch [18/100] | Loss: 1.6165 (Cls: 1.5844, TAL: 0.1046, Adv: 0.0049) | Train Acc: 0.8125 | Val Acc: 0.8611 | Val P/R/F1 (Macro): 0.7139/0.7130/0.7017 | LR: 0.000010
  >>> New Best Val Acc: 0.8611
Epoch [19/100] | Loss: 1.4894 (Cls: 1.4752, TAL: 0.0440, Adv: 0.0065) | Train Acc: 0.8359 | Val Acc: 0.8056 | Val P/R/F1 (Macro): 0.6250/0.6694/0.6361 | LR: 0.000010
Epoch [20/100] | Loss: 1.4933 (Cls: 1.4804, TAL: 0.0373, Adv: 0.0118) | Train Acc: 0.8281 | Val Acc: 0.8333 | Val P/R/F1 (Macro): 0.7679/0.7806/0.7633 | LR: 0.000010
Epoch [21/100] | Loss: 1.5585 (Cls: 1.5580, TAL: -0.0040, Adv: 0.0112) | Train Acc: 0.7812 | Val Acc: 0.7778 | Val P/R/F1 (Macro): 0.7586/0.7306/0.7022 | LR: 0.000010
Epoch [22/100] | Loss: 1.3987 (Cls: 1.4104, TAL: -0.0402, Adv: 0.0023) | Train Acc: 0.8281 | Val Acc: 0.8333 | Val P/R/F1 (Macro): 0.7778/0.7843/0.7730 | LR: 0.000010
Epoch [23/100] | Loss: 1.5108 (Cls: 1.5180, TAL: -0.0244, Adv: 0.0013) | Train Acc: 0.8594 | Val Acc: 0.8611 | Val P/R/F1 (Macro): 0.7983/0.8028/0.7955 | LR: 0.000010
Epoch [24/100] | Loss: 1.3939 (Cls: 1.4027, TAL: -0.0310, Adv: 0.0035) | Train Acc: 0.7969 | Val Acc: 0.8611 | Val P/R/F1 (Macro): 0.7860/0.8028/0.7855 | LR: 0.000010
Epoch [25/100] | Loss: 1.3226 (Cls: 1.3444, TAL: -0.0736, Adv: 0.0020) | Train Acc: 0.8438 | Val Acc: 0.7500 | Val P/R/F1 (Macro): 0.6153/0.6324/0.6087 | LR: 0.000010
Epoch [26/100] | Loss: 1.4417 (Cls: 1.4448, TAL: -0.0117, Adv: 0.0028) | Train Acc: 0.8125 | Val Acc: 0.8056 | Val P/R/F1 (Macro): 0.6537/0.6648/0.6458 | LR: 0.000010
Epoch [27/100] | Loss: 1.2284 (Cls: 1.2293, TAL: -0.0041, Adv: 0.0020) | Train Acc: 0.9062 | Val Acc: 0.8611 | Val P/R/F1 (Macro): 0.7869/0.8028/0.7924 | LR: 0.000010
Epoch [28/100] | Loss: 1.2327 (Cls: 1.2313, TAL: 0.0031, Adv: 0.0036) | Train Acc: 0.8594 | Val Acc: 0.7778 | Val P/R/F1 (Macro): 0.7436/0.7102/0.7066 | LR: 0.000010
Epoch [29/100] | Loss: 1.2978 (Cls: 1.3037, TAL: -0.0283, Adv: 0.0174) | Train Acc: 0.8672 | Val Acc: 0.7778 | Val P/R/F1 (Macro): 0.6350/0.6278/0.6143 | LR: 0.000005
Epoch [30/100] | Loss: 1.2360 (Cls: 1.2270, TAL: 0.0280, Adv: 0.0039) | Train Acc: 0.9297 | Val Acc: 0.7500 | Val P/R/F1 (Macro): 0.6135/0.6139/0.5987 | LR: 0.000005
Epoch [31/100] | Loss: 1.2128 (Cls: 1.2064, TAL: 0.0177, Adv: 0.0074) | Train Acc: 0.9141 | Val Acc: 0.8333 | Val P/R/F1 (Macro): 0.7743/0.7806/0.7671 | LR: 0.000005
Epoch [32/100] | Loss: 1.1751 (Cls: 1.1883, TAL: -0.0517, Adv: 0.0152) | Train Acc: 0.8828 | Val Acc: 0.8333 | Val P/R/F1 (Macro): 0.7573/0.7806/0.7609 | LR: 0.000005
Epoch [33/100] | Loss: 1.2377 (Cls: 1.2324, TAL: 0.0122, Adv: 0.0109) | Train Acc: 0.8906 | Val Acc: 0.9167 | Val P/R/F1 (Macro): 0.9222/0.9278/0.9228 | LR: 0.000005
  >>> New Best Val Acc: 0.9167
Epoch [34/100] | Loss: 1.2227 (Cls: 1.1991, TAL: 0.0674, Adv: 0.0226) | Train Acc: 0.9297 | Val Acc: 0.8056 | Val P/R/F1 (Macro): 0.7542/0.7389/0.7306 | LR: 0.000005
Epoch [35/100] | Loss: 1.1711 (Cls: 1.1571, TAL: 0.0426, Adv: 0.0079) | Train Acc: 0.9141 | Val Acc: 0.8056 | Val P/R/F1 (Macro): 0.7562/0.7389/0.7297 | LR: 0.000005
Epoch [36/100] | Loss: 1.1891 (Cls: 1.1896, TAL: -0.0204, Adv: 0.0374) | Train Acc: 0.9062 | Val Acc: 0.8056 | Val P/R/F1 (Macro): 0.7820/0.7463/0.7408 | LR: 0.000005
Epoch [37/100] | Loss: 1.1570 (Cls: 1.1506, TAL: 0.0121, Adv: 0.0185) | Train Acc: 0.9453 | Val Acc: 0.8333 | Val P/R/F1 (Macro): 0.7324/0.7694/0.7352 | LR: 0.000005
Epoch [38/100] | Loss: 1.1870 (Cls: 1.1845, TAL: -0.0088, Adv: 0.0342) | Train Acc: 0.9297 | Val Acc: 0.9167 | Val P/R/F1 (Macro): 0.8009/0.8472/0.8120 | LR: 0.000005
Epoch [39/100] | Loss: 1.1179 (Cls: 1.1311, TAL: -0.1171, Adv: 0.1462) | Train Acc: 0.9531 | Val Acc: 0.9167 | Val P/R/F1 (Macro): 0.8009/0.8472/0.8120 | LR: 0.000005
Epoch [40/100] | Loss: 1.4916 (Cls: 1.1500, TAL: -0.0523, Adv: 2.3815) | Train Acc: 0.9297 | Val Acc: 0.8333 | Val P/R/F1 (Macro): 0.8117/0.7611/0.7749 | LR: 0.000005
Epoch [41/100] | Loss: 2.1717 (Cls: 1.1716, TAL: -0.0375, Adv: 6.7427) | Train Acc: 0.9297 | Val Acc: 0.8056 | Val P/R/F1 (Macro): 0.8074/0.7389/0.7604 | LR: 0.000005
Epoch [42/100] | Loss: 2.5131 (Cls: 1.1807, TAL: 0.1731, Adv: 8.5363) | Train Acc: 0.9453 | Val Acc: 0.8611 | Val P/R/F1 (Macro): 0.8019/0.7796/0.7792 | LR: 0.000005
Epoch [43/100] | Loss: 2.5650 (Cls: 1.2503, TAL: 0.2922, Adv: 8.1799) | Train Acc: 0.8672 | Val Acc: 0.9167 | Val P/R/F1 (Macro): 0.8444/0.8389/0.8384 | LR: 0.000005
Epoch [44/100] | Loss: 2.4412 (Cls: 1.2687, TAL: 0.3498, Adv: 7.1173) | Train Acc: 0.8984 | Val Acc: 0.9167 | Val P/R/F1 (Macro): 0.8481/0.8426/0.8405 | LR: 0.000003
Epoch [45/100] | Loss: 2.1479 (Cls: 1.1498, TAL: 0.3576, Adv: 5.9389) | Train Acc: 0.9453 | Val Acc: 0.8889 | Val P/R/F1 (Macro): 0.8444/0.8204/0.8283 | LR: 0.000003
Epoch [46/100] | Loss: 2.0461 (Cls: 1.2493, TAL: 0.3024, Adv: 4.7072) | Train Acc: 0.8828 | Val Acc: 0.8889 | Val P/R/F1 (Macro): 0.8364/0.8204/0.8231 | LR: 0.000003
Epoch [47/100] | Loss: 1.7523 (Cls: 1.1949, TAL: 0.2102, Adv: 3.2953) | Train Acc: 0.9141 | Val Acc: 0.8889 | Val P/R/F1 (Macro): 0.8349/0.8241/0.8199 | LR: 0.000003
Epoch [48/100] | Loss: 1.5079 (Cls: 1.1213, TAL: 0.1816, Adv: 2.2141) | Train Acc: 0.9219 | Val Acc: 0.9167 | Val P/R/F1 (Macro): 0.8444/0.8389/0.8384 | LR: 0.000003
Epoch [49/100] | Loss: 1.3900 (Cls: 1.1415, TAL: 0.1948, Adv: 1.2674) | Train Acc: 0.9531 | Val Acc: 0.9167 | Val P/R/F1 (Macro): 0.8444/0.8389/0.8384 | LR: 0.000003
Epoch [50/100] | Loss: 1.2308 (Cls: 1.0976, TAL: 0.1253, Adv: 0.6373) | Train Acc: 0.9219 | Val Acc: 0.8611 | Val P/R/F1 (Macro): 0.7999/0.7880/0.7839 | LR: 0.000003
Epoch [51/100] | Loss: 1.2159 (Cls: 1.1152, TAL: 0.1595, Adv: 0.3523) | Train Acc: 0.9453 | Val Acc: 0.8889 | Val P/R/F1 (Macro): 0.9249/0.8991/0.9015 | LR: 0.000003
Epoch [52/100] | Loss: 1.1278 (Cls: 1.0929, TAL: 0.0358, Adv: 0.1615) | Train Acc: 0.9453 | Val Acc: 0.9167 | Val P/R/F1 (Macro): 0.9407/0.9130/0.9175 | LR: 0.000003
Epoch [53/100] | Loss: 1.1285 (Cls: 1.0816, TAL: 0.1213, Adv: 0.0703) | Train Acc: 0.9609 | Val Acc: 0.8611 | Val P/R/F1 (Macro): 0.8019/0.7796/0.7792 | LR: 0.000003
Epoch [54/100] | Loss: 1.1123 (Cls: 1.0874, TAL: 0.0627, Adv: 0.0406) | Train Acc: 0.9531 | Val Acc: 0.8611 | Val P/R/F1 (Macro): 0.8074/0.7833/0.7839 | LR: 0.000003
Epoch [55/100] | Loss: 1.1552 (Cls: 1.1374, TAL: 0.0469, Adv: 0.0249) | Train Acc: 0.9297 | Val Acc: 0.8889 | Val P/R/F1 (Macro): 0.8364/0.8204/0.8231 | LR: 0.000001
Epoch [56/100] | Loss: 1.1867 (Cls: 1.1571, TAL: 0.0893, Adv: 0.0185) | Train Acc: 0.9297 | Val Acc: 0.8889 | Val P/R/F1 (Macro): 0.8364/0.8204/0.8231 | LR: 0.000001
Epoch [57/100] | Loss: 1.1113 (Cls: 1.0864, TAL: 0.0768, Adv: 0.0127) | Train Acc: 0.9609 | Val Acc: 0.8889 | Val P/R/F1 (Macro): 0.8167/0.8167/0.8113 | LR: 0.000001
Epoch [58/100] | Loss: 1.0730 (Cls: 1.0402, TAL: 0.1041, Adv: 0.0107) | Train Acc: 0.9688 | Val Acc: 0.9167 | Val P/R/F1 (Macro): 0.8444/0.8389/0.8384 | LR: 0.000001
Epoch [59/100] | Loss: 1.1569 (Cls: 1.1198, TAL: 0.1190, Adv: 0.0091) | Train Acc: 0.9453 | Val Acc: 0.9167 | Val P/R/F1 (Macro): 0.8444/0.8389/0.8384 | LR: 0.000001
Epoch [60/100] | Loss: 1.1080 (Cls: 1.0727, TAL: 0.1143, Adv: 0.0069) | Train Acc: 0.9375 | Val Acc: 0.9722 | Val P/R/F1 (Macro): 0.9815/0.9722/0.9740 | LR: 0.000001
  >>> New Best Val Acc: 0.9722
Epoch [61/100] | Loss: 1.1759 (Cls: 1.1326, TAL: 0.1411, Adv: 0.0063) | Train Acc: 0.9141 | Val Acc: 0.9444 | Val P/R/F1 (Macro): 0.9556/0.9500/0.9496 | LR: 0.000001
Epoch [62/100] | Loss: 1.0974 (Cls: 1.0663, TAL: 0.1017, Adv: 0.0045) | Train Acc: 0.9531 | Val Acc: 0.9444 | Val P/R/F1 (Macro): 0.9593/0.9352/0.9395 | LR: 0.000001
Epoch [63/100] | Loss: 1.0916 (Cls: 1.0545, TAL: 0.1212, Adv: 0.0049) | Train Acc: 0.9688 | Val Acc: 0.9444 | Val P/R/F1 (Macro): 0.9593/0.9352/0.9395 | LR: 0.000001
Epoch [64/100] | Loss: 1.1127 (Cls: 1.0837, TAL: 0.0945, Adv: 0.0044) | Train Acc: 0.9453 | Val Acc: 0.9444 | Val P/R/F1 (Macro): 0.9593/0.9352/0.9395 | LR: 0.000001
Epoch [65/100] | Loss: 1.0669 (Cls: 1.0251, TAL: 0.1371, Adv: 0.0040) | Train Acc: 0.9766 | Val Acc: 0.9444 | Val P/R/F1 (Macro): 0.9593/0.9352/0.9395 | LR: 0.000001
Epoch [66/100] | Loss: 1.1347 (Cls: 1.1146, TAL: 0.0651, Adv: 0.0038) | Train Acc: 0.9375 | Val Acc: 0.9444 | Val P/R/F1 (Macro): 0.9593/0.9352/0.9395 | LR: 0.000001
Epoch [67/100] | Loss: 1.1431 (Cls: 1.1043, TAL: 0.1275, Adv: 0.0039) | Train Acc: 0.9453 | Val Acc: 0.9167 | Val P/R/F1 (Macro): 0.9434/0.9213/0.9235 | LR: 0.000001
Epoch [68/100] | Loss: 1.0914 (Cls: 1.0627, TAL: 0.0940, Adv: 0.0033) | Train Acc: 0.9688 | Val Acc: 0.9167 | Val P/R/F1 (Macro): 0.9434/0.9213/0.9235 | LR: 0.000001
Epoch [69/100] | Loss: 1.0889 (Cls: 1.0615, TAL: 0.0896, Adv: 0.0034) | Train Acc: 0.9766 | Val Acc: 0.9444 | Val P/R/F1 (Macro): 0.9656/0.9583/0.9581 | LR: 0.000001
Epoch [70/100] | Loss: 1.0823 (Cls: 1.0588, TAL: 0.0771, Adv: 0.0025) | Train Acc: 0.9688 | Val Acc: 0.9722 | Val P/R/F1 (Macro): 0.9815/0.9722/0.9740 | LR: 0.000001
Epoch [71/100] | Loss: 1.0851 (Cls: 1.0804, TAL: 0.0140, Adv: 0.0028) | Train Acc: 0.9531 | Val Acc: 0.9722 | Val P/R/F1 (Macro): 0.9815/0.9722/0.9740 | LR: 0.000001
Epoch [72/100] | Loss: 1.1043 (Cls: 1.0954, TAL: 0.0286, Adv: 0.0024) | Train Acc: 0.9297 | Val Acc: 0.9722 | Val P/R/F1 (Macro): 0.9815/0.9722/0.9740 | LR: 0.000001
Epoch [73/100] | Loss: 1.0216 (Cls: 1.0227, TAL: -0.0048, Adv: 0.0028) | Train Acc: 0.9844 | Val Acc: 0.9722 | Val P/R/F1 (Macro): 0.9815/0.9722/0.9740 | LR: 0.000001
Epoch [74/100] | Loss: 1.0418 (Cls: 1.0404, TAL: 0.0036, Adv: 0.0020) | Train Acc: 0.9453 | Val Acc: 0.9722 | Val P/R/F1 (Macro): 0.9815/0.9722/0.9740 | LR: 0.000001
Epoch [75/100] | Loss: 1.0196 (Cls: 1.0278, TAL: -0.0284, Adv: 0.0024) | Train Acc: 0.9688 | Val Acc: 0.9444 | Val P/R/F1 (Macro): 0.8580/0.8611/0.8564 | LR: 0.000001
Epoch [76/100] | Loss: 1.0431 (Cls: 1.0581, TAL: -0.0508, Adv: 0.0020) | Train Acc: 0.9688 | Val Acc: 0.9444 | Val P/R/F1 (Macro): 0.8580/0.8611/0.8564 | LR: 0.000001
Epoch [77/100] | Loss: 1.0319 (Cls: 1.0337, TAL: -0.0071, Adv: 0.0020) | Train Acc: 0.9609 | Val Acc: 0.9444 | Val P/R/F1 (Macro): 0.8580/0.8611/0.8564 | LR: 0.000001
Epoch [78/100] | Loss: 1.0368 (Cls: 1.0285, TAL: 0.0264, Adv: 0.0019) | Train Acc: 0.9766 | Val Acc: 0.9444 | Val P/R/F1 (Macro): 0.8580/0.8611/0.8564 | LR: 0.000001
Epoch [79/100] | Loss: 1.0381 (Cls: 1.0340, TAL: 0.0128, Adv: 0.0018) | Train Acc: 0.9766 | Val Acc: 0.9167 | Val P/R/F1 (Macro): 0.8321/0.8389/0.8319 | LR: 0.000001
Epoch [80/100] | Loss: 1.0387 (Cls: 1.0441, TAL: -0.0190, Adv: 0.0019) | Train Acc: 0.9531 | Val Acc: 0.8889 | Val P/R/F1 (Macro): 0.8167/0.8167/0.8113 | LR: 0.000001
Epoch [81/100] | Loss: 1.0386 (Cls: 1.0290, TAL: 0.0311, Adv: 0.0023) | Train Acc: 0.9766 | Val Acc: 0.8889 | Val P/R/F1 (Macro): 0.8167/0.8167/0.8113 | LR: 0.000001
Epoch [82/100] | Loss: 1.0161 (Cls: 1.0242, TAL: -0.0279, Adv: 0.0021) | Train Acc: 0.9844 | Val Acc: 0.9444 | Val P/R/F1 (Macro): 0.8580/0.8611/0.8564 | LR: 0.000001
Epoch [83/100] | Loss: 0.9880 (Cls: 1.0040, TAL: -0.0542, Adv: 0.0020) | Train Acc: 0.9688 | Val Acc: 0.9444 | Val P/R/F1 (Macro): 0.8580/0.8611/0.8564 | LR: 0.000001
Epoch [84/100] | Loss: 1.0165 (Cls: 1.0328, TAL: -0.0553, Adv: 0.0017) | Train Acc: 0.9922 | Val Acc: 0.9444 | Val P/R/F1 (Macro): 0.8580/0.8611/0.8564 | LR: 0.000001
Epoch [85/100] | Loss: 0.9911 (Cls: 0.9966, TAL: -0.0192, Adv: 0.0018) | Train Acc: 0.9922 | Val Acc: 0.9444 | Val P/R/F1 (Macro): 0.8580/0.8611/0.8564 | LR: 0.000001
Epoch [86/100] | Loss: 1.0806 (Cls: 1.0834, TAL: -0.0100, Adv: 0.0018) | Train Acc: 0.9688 | Val Acc: 0.9444 | Val P/R/F1 (Macro): 0.8580/0.8611/0.8564 | LR: 0.000001
Epoch [87/100] | Loss: 1.0662 (Cls: 1.0713, TAL: -0.0181, Adv: 0.0021) | Train Acc: 0.9688 | Val Acc: 0.9167 | Val P/R/F1 (Macro): 0.8358/0.8241/0.8218 | LR: 0.000001
Epoch [88/100] | Loss: 1.0505 (Cls: 1.0548, TAL: -0.0153, Adv: 0.0017) | Train Acc: 0.9609 | Val Acc: 0.8889 | Val P/R/F1 (Macro): 0.8222/0.8019/0.8039 | LR: 0.000001
Epoch [89/100] | Loss: 1.1126 (Cls: 1.1268, TAL: -0.0482, Adv: 0.0018) | Train Acc: 0.9062 | Val Acc: 0.9167 | Val P/R/F1 (Macro): 0.8358/0.8241/0.8218 | LR: 0.000001
Epoch [90/100] | Loss: 1.0199 (Cls: 1.0415, TAL: -0.0725, Adv: 0.0014) | Train Acc: 0.9688 | Val Acc: 0.9444 | Val P/R/F1 (Macro): 0.8580/0.8611/0.8564 | LR: 0.000001
Epoch [91/100] | Loss: 1.0893 (Cls: 1.0861, TAL: 0.0100, Adv: 0.0014) | Train Acc: 0.9609 | Val Acc: 0.9167 | Val P/R/F1 (Macro): 0.8444/0.8389/0.8384 | LR: 0.000001
Epoch [92/100] | Loss: 1.0161 (Cls: 1.0268, TAL: -0.0364, Adv: 0.0015) | Train Acc: 0.9688 | Val Acc: 0.9167 | Val P/R/F1 (Macro): 0.8444/0.8389/0.8384 | LR: 0.000001
Epoch [93/100] | Loss: 1.0097 (Cls: 1.0124, TAL: -0.0099, Adv: 0.0014) | Train Acc: 0.9844 | Val Acc: 0.9167 | Val P/R/F1 (Macro): 0.8406/0.8472/0.8405 | LR: 0.000001
Epoch [94/100] | Loss: 1.0181 (Cls: 1.0316, TAL: -0.0457, Adv: 0.0015) | Train Acc: 0.9844 | Val Acc: 0.9444 | Val P/R/F1 (Macro): 0.8580/0.8611/0.8564 | LR: 0.000001
Epoch [95/100] | Loss: 1.0258 (Cls: 1.0269, TAL: -0.0046, Adv: 0.0015) | Train Acc: 0.9766 | Val Acc: 0.9444 | Val P/R/F1 (Macro): 0.8580/0.8611/0.8564 | LR: 0.000001
Epoch [96/100] | Loss: 1.0304 (Cls: 1.0575, TAL: -0.0908, Adv: 0.0014) | Train Acc: 0.9531 | Val Acc: 0.9444 | Val P/R/F1 (Macro): 0.8580/0.8611/0.8564 | LR: 0.000001
Epoch [97/100] | Loss: 1.0246 (Cls: 1.0375, TAL: -0.0438, Adv: 0.0017) | Train Acc: 0.9688 | Val Acc: 0.9444 | Val P/R/F1 (Macro): 0.8580/0.8611/0.8564 | LR: 0.000001
Epoch [98/100] | Loss: 1.0174 (Cls: 1.0201, TAL: -0.0096, Adv: 0.0013) | Train Acc: 0.9688 | Val Acc: 0.9722 | Val P/R/F1 (Macro): 0.9815/0.9722/0.9740 | LR: 0.000001
Epoch [99/100] | Loss: 1.0782 (Cls: 1.0948, TAL: -0.0559, Adv: 0.0012) | Train Acc: 0.9531 | Val Acc: 0.9167 | Val P/R/F1 (Macro): 0.8406/0.8472/0.8405 | LR: 0.000001
Epoch [100/100] | Loss: 1.0808 (Cls: 1.0827, TAL: -0.0070, Adv: 0.0013) | Train Acc: 0.9688 | Val Acc: 0.9167 | Val P/R/F1 (Macro): 0.8358/0.8241/0.8218 | LR: 0.000001

迭代 5 最佳指标:
  Accuracy: 0.9722
  Precision (Macro): 0.9815
  Recall (Macro): 0.9722
  F1 (Macro): 0.9740
  Precision (Micro): 0.9722
  Recall (Micro): 0.9722
  F1 (Micro): 0.9722
  Val class coverage: 9/14 (0.6429), samples=36

================================================================================
5次迭代统计结果
================================================================================

accuracy:
  各迭代值: ['0.9722', '0.9722', '0.9167', '0.9722', '0.9722']
  均值 (Mean): 0.9611
  标准差 (Std): 0.0222

precision_macro:
  各迭代值: ['0.9778', '0.9778', '0.9454', '0.9815', '0.9815']
  均值 (Mean): 0.9728
  标准差 (Std): 0.0138

recall_macro:
  各迭代值: ['0.9778', '0.9815', '0.9454', '0.9722', '0.9722']
  均值 (Mean): 0.9698
  标准差 (Std): 0.0127

f1_macro:
  各迭代值: ['0.9753', '0.9776', '0.9429', '0.9740', '0.9740']
  均值 (Mean): 0.9688
  标准差 (Std): 0.0130

precision_micro:
  各迭代值: ['0.9722', '0.9722', '0.9167', '0.9722', '0.9722']
  均值 (Mean): 0.9611
  标准差 (Std): 0.0222

recall_micro:
  各迭代值: ['0.9722', '0.9722', '0.9167', '0.9722', '0.9722']
  均值 (Mean): 0.9611
  标准差 (Std): 0.0222

f1_micro:
  各迭代值: ['0.9722', '0.9722', '0.9167', '0.9722', '0.9722']
  均值 (Mean): 0.9611
  标准差 (Std): 0.0222

val_class_coverage:
  各迭代值: ['0.6429', '0.6429', '0.6429', '0.6429', '0.6429']
  均值 (Mean): 0.6429
  标准差 (Std): 0.0000

val_present_classes:
  各迭代值: ['9.0000', '9.0000', '9.0000', '9.0000', '9.0000']
  均值 (Mean): 9.0000
  标准差 (Std): 0.0000

val_total_classes:
  各迭代值: ['14.0000', '14.0000', '14.0000', '14.0000', '14.0000']
  均值 (Mean): 14.0000
  标准差 (Std): 0.0000

val_samples:
  各迭代值: ['36.0000', '36.0000', '36.0000', '36.0000', '36.0000']
  均值 (Mean): 36.0000
  标准差 (Std): 0.0000

训练结束时间: 2026-07-10 22:25:18
================================================================================
