================================================================================
模块消融实验 - with_tensor_with_ot
目标域天气: 黑天
训练开始时间: 2026-06-24 18:34:30
设备: cuda
源域: /home/lixiang/lx/Data/晴天
目标域: /home/lixiang/lx/Data/黑天
批次大小: 64
总轮数: 100
迭代次数: 5
使用Tensor模块: 是
使用OT模块: 是
特征融合方式: Tensor对齐
域对齐方式: 最优传输
================================================================================

================================================================================
迭代 1/5
随机种子: 42
================================================================================
Feature fusion: Tensor alignment (512+512 -> 128+128); fused_dim=256
Domain adaptation: Neural OT generator with 3-domain discriminator
Loss weights: tensor=0.30, adv=0.15
Epoch [1/100] | Loss: 7.4098 (Cls: 7.3883, TAL: -0.0735, Adv: 0.2904) | Train Acc: 0.2098 | Val Acc: 0.0250 | Val P/R/F1 (Macro): 0.0018/0.0714/0.0035 | LR: 0.000010
  >>> New Best Val Acc: 0.0250
Epoch [2/100] | Loss: 4.8743 (Cls: 4.7498, TAL: 0.1827, Adv: 0.4643) | Train Acc: 0.5915 | Val Acc: 0.0250 | Val P/R/F1 (Macro): 0.0018/0.0714/0.0035 | LR: 0.000010
Epoch [3/100] | Loss: 3.9507 (Cls: 3.8081, TAL: 0.1503, Adv: 0.6499) | Train Acc: 0.7277 | Val Acc: 0.1083 | Val P/R/F1 (Macro): 0.1737/0.1147/0.0632 | LR: 0.000010
  >>> New Best Val Acc: 0.1083
Epoch [4/100] | Loss: 3.2844 (Cls: 3.1120, TAL: 0.1581, Adv: 0.8329) | Train Acc: 0.8013 | Val Acc: 0.6583 | Val P/R/F1 (Macro): 0.4396/0.3740/0.3469 | LR: 0.000010
  >>> New Best Val Acc: 0.6583
Epoch [5/100] | Loss: 3.0500 (Cls: 2.8557, TAL: 0.1520, Adv: 0.9914) | Train Acc: 0.8705 | Val Acc: 0.6417 | Val P/R/F1 (Macro): 0.3887/0.3987/0.3454 | LR: 0.000010
Epoch [6/100] | Loss: 2.8260 (Cls: 2.6141, TAL: 0.1154, Adv: 1.1814) | Train Acc: 0.9040 | Val Acc: 0.7083 | Val P/R/F1 (Macro): 0.4164/0.4435/0.3867 | LR: 0.000010
  >>> New Best Val Acc: 0.7083
Epoch [7/100] | Loss: 2.6380 (Cls: 2.4147, TAL: 0.0020, Adv: 1.4850) | Train Acc: 0.9040 | Val Acc: 0.7250 | Val P/R/F1 (Macro): 0.4460/0.4354/0.3871 | LR: 0.000010
  >>> New Best Val Acc: 0.7250
Epoch [8/100] | Loss: 2.6665 (Cls: 2.3967, TAL: 0.0176, Adv: 1.7632) | Train Acc: 0.9263 | Val Acc: 0.7333 | Val P/R/F1 (Macro): 0.3800/0.4189/0.3581 | LR: 0.000010
  >>> New Best Val Acc: 0.7333
Epoch [9/100] | Loss: 2.4652 (Cls: 2.1617, TAL: -0.0127, Adv: 2.0486) | Train Acc: 0.9420 | Val Acc: 0.7750 | Val P/R/F1 (Macro): 0.4621/0.4726/0.4304 | LR: 0.000010
  >>> New Best Val Acc: 0.7750
Epoch [10/100] | Loss: 2.4573 (Cls: 2.1337, TAL: 0.0439, Adv: 2.0695) | Train Acc: 0.9420 | Val Acc: 0.9000 | Val P/R/F1 (Macro): 0.4930/0.5152/0.4877 | LR: 0.000010
  >>> New Best Val Acc: 0.9000
Epoch [11/100] | Loss: 2.4361 (Cls: 2.0935, TAL: 0.0691, Adv: 2.1456) | Train Acc: 0.9621 | Val Acc: 0.8417 | Val P/R/F1 (Macro): 0.4847/0.4952/0.4655 | LR: 0.000010
Epoch [12/100] | Loss: 2.4122 (Cls: 2.0481, TAL: 0.0750, Adv: 2.2774) | Train Acc: 0.9621 | Val Acc: 0.7250 | Val P/R/F1 (Macro): 0.4406/0.4302/0.3813 | LR: 0.000010
Epoch [13/100] | Loss: 2.4888 (Cls: 2.1210, TAL: 0.0518, Adv: 2.3480) | Train Acc: 0.9643 | Val Acc: 0.8667 | Val P/R/F1 (Macro): 0.4735/0.5008/0.4713 | LR: 0.000010
Epoch [14/100] | Loss: 2.3297 (Cls: 1.9851, TAL: -0.0084, Adv: 2.3142) | Train Acc: 0.9799 | Val Acc: 0.8917 | Val P/R/F1 (Macro): 0.4913/0.5060/0.4860 | LR: 0.000010
Epoch [15/100] | Loss: 2.3503 (Cls: 2.0030, TAL: 0.0255, Adv: 2.2644) | Train Acc: 0.9442 | Val Acc: 0.8500 | Val P/R/F1 (Macro): 0.5077/0.5008/0.4809 | LR: 0.000010
Epoch [16/100] | Loss: 2.3443 (Cls: 2.0087, TAL: 0.0721, Adv: 2.0929) | Train Acc: 0.9688 | Val Acc: 0.9167 | Val P/R/F1 (Macro): 0.5009/0.5333/0.5107 | LR: 0.000010
  >>> New Best Val Acc: 0.9167
Epoch [17/100] | Loss: 2.2921 (Cls: 1.9512, TAL: 0.0077, Adv: 2.2567) | Train Acc: 0.9821 | Val Acc: 0.9167 | Val P/R/F1 (Macro): 0.5409/0.5194/0.5178 | LR: 0.000010
Epoch [18/100] | Loss: 2.3820 (Cls: 1.9609, TAL: -0.0150, Adv: 2.8379) | Train Acc: 0.9866 | Val Acc: 0.9083 | Val P/R/F1 (Macro): 0.4931/0.5320/0.5007 | LR: 0.000010
Epoch [19/100] | Loss: 2.4437 (Cls: 1.9747, TAL: -0.0213, Adv: 3.1693) | Train Acc: 0.9777 | Val Acc: 0.9750 | Val P/R/F1 (Macro): 0.5483/0.5557/0.5500 | LR: 0.000010
  >>> New Best Val Acc: 0.9750
Epoch [20/100] | Loss: 2.3837 (Cls: 1.9334, TAL: -0.0116, Adv: 3.0255) | Train Acc: 0.9888 | Val Acc: 0.8583 | Val P/R/F1 (Macro): 0.4748/0.5137/0.4642 | LR: 0.000010
Epoch [21/100] | Loss: 2.2653 (Cls: 1.8868, TAL: -0.0600, Adv: 2.6438) | Train Acc: 0.9955 | Val Acc: 0.9333 | Val P/R/F1 (Macro): 0.5008/0.5270/0.5031 | LR: 0.000010
Epoch [22/100] | Loss: 2.1898 (Cls: 1.8953, TAL: -0.0581, Adv: 2.0792) | Train Acc: 0.9777 | Val Acc: 0.9167 | Val P/R/F1 (Macro): 0.4894/0.5329/0.5006 | LR: 0.000010
Epoch [23/100] | Loss: 2.1481 (Cls: 1.8670, TAL: -0.1603, Adv: 2.1947) | Train Acc: 0.9933 | Val Acc: 0.9250 | Val P/R/F1 (Macro): 0.4956/0.5399/0.5039 | LR: 0.000010
Epoch [24/100] | Loss: 2.2179 (Cls: 1.8920, TAL: -0.3119, Adv: 2.7964) | Train Acc: 0.9911 | Val Acc: 0.9333 | Val P/R/F1 (Macro): 0.5398/0.5484/0.5420 | LR: 0.000010
Epoch [25/100] | Loss: 2.2791 (Cls: 1.9158, TAL: -0.2064, Adv: 2.8345) | Train Acc: 0.9911 | Val Acc: 0.9000 | Val P/R/F1 (Macro): 0.4866/0.5309/0.4887 | LR: 0.000010
Epoch [26/100] | Loss: 2.2309 (Cls: 1.8848, TAL: -0.1226, Adv: 2.5524) | Train Acc: 0.9955 | Val Acc: 0.9417 | Val P/R/F1 (Macro): 0.5263/0.5416/0.5288 | LR: 0.000010
Epoch [27/100] | Loss: 2.1587 (Cls: 1.8500, TAL: -0.0282, Adv: 2.1141) | Train Acc: 0.9978 | Val Acc: 0.8667 | Val P/R/F1 (Macro): 0.4788/0.5201/0.4784 | LR: 0.000010
Epoch [28/100] | Loss: 2.1081 (Cls: 1.8557, TAL: 0.0185, Adv: 1.6461) | Train Acc: 0.9866 | Val Acc: 0.9250 | Val P/R/F1 (Macro): 0.5175/0.5276/0.5131 | LR: 0.000010
Epoch [29/100] | Loss: 2.0400 (Cls: 1.8380, TAL: -0.0359, Adv: 1.4181) | Train Acc: 0.9888 | Val Acc: 0.9500 | Val P/R/F1 (Macro): 0.5400/0.5539/0.5460 | LR: 0.000010
Epoch [30/100] | Loss: 2.0530 (Cls: 1.8198, TAL: 0.0119, Adv: 1.5312) | Train Acc: 0.9933 | Val Acc: 0.8000 | Val P/R/F1 (Macro): 0.4644/0.4851/0.4353 | LR: 0.000005
Epoch [31/100] | Loss: 2.0720 (Cls: 1.8143, TAL: 0.0184, Adv: 1.6813) | Train Acc: 0.9911 | Val Acc: 0.9417 | Val P/R/F1 (Macro): 0.5214/0.5416/0.5253 | LR: 0.000005
Epoch [32/100] | Loss: 2.0734 (Cls: 1.7886, TAL: -0.0053, Adv: 1.9091) | Train Acc: 0.9911 | Val Acc: 0.9167 | Val P/R/F1 (Macro): 0.4952/0.5283/0.4965 | LR: 0.000005
Epoch [33/100] | Loss: 2.1247 (Cls: 1.7807, TAL: -0.0448, Adv: 2.3834) | Train Acc: 0.9911 | Val Acc: 0.8500 | Val P/R/F1 (Macro): 0.4813/0.4991/0.4595 | LR: 0.000005
Epoch [34/100] | Loss: 2.1623 (Cls: 1.7800, TAL: -0.0577, Adv: 2.6646) | Train Acc: 0.9978 | Val Acc: 0.9167 | Val P/R/F1 (Macro): 0.4991/0.5282/0.5008 | LR: 0.000005
Epoch [35/100] | Loss: 2.1976 (Cls: 1.8049, TAL: 0.0010, Adv: 2.6163) | Train Acc: 0.9911 | Val Acc: 0.9500 | Val P/R/F1 (Macro): 0.5081/0.5382/0.5156 | LR: 0.000005
Epoch [36/100] | Loss: 2.1089 (Cls: 1.7710, TAL: -0.0535, Adv: 2.3597) | Train Acc: 1.0000 | Val Acc: 0.9250 | Val P/R/F1 (Macro): 0.5130/0.5314/0.5115 | LR: 0.000005
Epoch [37/100] | Loss: 2.0361 (Cls: 1.7714, TAL: -0.0735, Adv: 1.9115) | Train Acc: 0.9933 | Val Acc: 0.9500 | Val P/R/F1 (Macro): 0.5340/0.5400/0.5280 | LR: 0.000005
Epoch [38/100] | Loss: 2.0383 (Cls: 1.7825, TAL: -0.0723, Adv: 1.8498) | Train Acc: 0.9933 | Val Acc: 0.9417 | Val P/R/F1 (Macro): 0.5114/0.5406/0.5176 | LR: 0.000005
Epoch [39/100] | Loss: 2.0271 (Cls: 1.7661, TAL: -0.0877, Adv: 1.9157) | Train Acc: 1.0000 | Val Acc: 0.9500 | Val P/R/F1 (Macro): 0.5434/0.5396/0.5368 | LR: 0.000005
Epoch [40/100] | Loss: 2.0757 (Cls: 1.7790, TAL: -0.0975, Adv: 2.1726) | Train Acc: 0.9911 | Val Acc: 0.9583 | Val P/R/F1 (Macro): 0.5243/0.5498/0.5338 | LR: 0.000005
Epoch [41/100] | Loss: 2.0988 (Cls: 1.7761, TAL: -0.1412, Adv: 2.4338) | Train Acc: 0.9978 | Val Acc: 0.9250 | Val P/R/F1 (Macro): 0.4942/0.5409/0.5074 | LR: 0.000003
Epoch [42/100] | Loss: 2.1252 (Cls: 1.7670, TAL: -0.1422, Adv: 2.6724) | Train Acc: 1.0000 | Val Acc: 0.9333 | Val P/R/F1 (Macro): 0.5039/0.5341/0.5050 | LR: 0.000003
Epoch [43/100] | Loss: 2.1044 (Cls: 1.7635, TAL: -0.1679, Adv: 2.6082) | Train Acc: 1.0000 | Val Acc: 0.9333 | Val P/R/F1 (Macro): 0.5039/0.5341/0.5050 | LR: 0.000003
Epoch [44/100] | Loss: 2.0772 (Cls: 1.7554, TAL: -0.1362, Adv: 2.4179) | Train Acc: 1.0000 | Val Acc: 0.9417 | Val P/R/F1 (Macro): 0.5100/0.5369/0.5162 | LR: 0.000003
Epoch [45/100] | Loss: 2.0699 (Cls: 1.7575, TAL: -0.1926, Adv: 2.4680) | Train Acc: 0.9978 | Val Acc: 0.9583 | Val P/R/F1 (Macro): 0.5340/0.5461/0.5363 | LR: 0.000003
Epoch [46/100] | Loss: 2.0685 (Cls: 1.7570, TAL: -0.2255, Adv: 2.5277) | Train Acc: 0.9978 | Val Acc: 0.9500 | Val P/R/F1 (Macro): 0.5289/0.5433/0.5309 | LR: 0.000003
Epoch [47/100] | Loss: 2.1043 (Cls: 1.7708, TAL: -0.2424, Adv: 2.7079) | Train Acc: 0.9955 | Val Acc: 0.9583 | Val P/R/F1 (Macro): 0.5386/0.5461/0.5400 | LR: 0.000003
Epoch [48/100] | Loss: 2.0992 (Cls: 1.7652, TAL: -0.2456, Adv: 2.7184) | Train Acc: 1.0000 | Val Acc: 0.9667 | Val P/R/F1 (Macro): 0.5420/0.5488/0.5407 | LR: 0.000003
Epoch [49/100] | Loss: 2.1017 (Cls: 1.7591, TAL: -0.2645, Adv: 2.8123) | Train Acc: 1.0000 | Val Acc: 0.9583 | Val P/R/F1 (Macro): 0.5340/0.5461/0.5363 | LR: 0.000003
Epoch [50/100] | Loss: 2.0839 (Cls: 1.7473, TAL: -0.3071, Adv: 2.8579) | Train Acc: 1.0000 | Val Acc: 0.9500 | Val P/R/F1 (Macro): 0.5329/0.5433/0.5306 | LR: 0.000003
Epoch [51/100] | Loss: 2.1154 (Cls: 1.7494, TAL: -0.3249, Adv: 3.0901) | Train Acc: 1.0000 | Val Acc: 0.9333 | Val P/R/F1 (Macro): 0.5273/0.5405/0.5300 | LR: 0.000003
Epoch [52/100] | Loss: 2.1224 (Cls: 1.7570, TAL: -0.3289, Adv: 3.0934) | Train Acc: 1.0000 | Val Acc: 0.9667 | Val P/R/F1 (Macro): 0.5420/0.5488/0.5407 | LR: 0.000001
Epoch [53/100] | Loss: 2.1139 (Cls: 1.7552, TAL: -0.3106, Adv: 3.0120) | Train Acc: 1.0000 | Val Acc: 0.9667 | Val P/R/F1 (Macro): 0.5420/0.5488/0.5407 | LR: 0.000001
Epoch [54/100] | Loss: 2.1217 (Cls: 1.7631, TAL: -0.3349, Adv: 3.0610) | Train Acc: 1.0000 | Val Acc: 0.9417 | Val P/R/F1 (Macro): 0.5317/0.5436/0.5322 | LR: 0.000001
Epoch [55/100] | Loss: 2.1297 (Cls: 1.7482, TAL: -0.3198, Adv: 3.1829) | Train Acc: 1.0000 | Val Acc: 0.9667 | Val P/R/F1 (Macro): 0.5367/0.5492/0.5393 | LR: 0.000001
Epoch [56/100] | Loss: 2.1483 (Cls: 1.7501, TAL: -0.3274, Adv: 3.3091) | Train Acc: 0.9955 | Val Acc: 0.9750 | Val P/R/F1 (Macro): 0.5446/0.5519/0.5437 | LR: 0.000001
Epoch [57/100] | Loss: 2.1282 (Cls: 1.7489, TAL: -0.3222, Adv: 3.1730) | Train Acc: 0.9978 | Val Acc: 0.9417 | Val P/R/F1 (Macro): 0.5395/0.5361/0.5324 | LR: 0.000001
Epoch [58/100] | Loss: 2.1271 (Cls: 1.7442, TAL: -0.3317, Adv: 3.2155) | Train Acc: 1.0000 | Val Acc: 0.9500 | Val P/R/F1 (Macro): 0.5179/0.5400/0.5187 | LR: 0.000001
Epoch [59/100] | Loss: 2.1738 (Cls: 1.7549, TAL: -0.3045, Adv: 3.4017) | Train Acc: 1.0000 | Val Acc: 0.9333 | Val P/R/F1 (Macro): 0.5278/0.5371/0.5246 | LR: 0.000001
Epoch [60/100] | Loss: 2.1452 (Cls: 1.7534, TAL: -0.3280, Adv: 3.2683) | Train Acc: 1.0000 | Val Acc: 0.9500 | Val P/R/F1 (Macro): 0.5329/0.5433/0.5306 | LR: 0.000001
Epoch [61/100] | Loss: 2.1625 (Cls: 1.7613, TAL: -0.3245, Adv: 3.3236) | Train Acc: 0.9978 | Val Acc: 0.9583 | Val P/R/F1 (Macro): 0.5288/0.5423/0.5297 | LR: 0.000001
Epoch [62/100] | Loss: 2.1359 (Cls: 1.7482, TAL: -0.3020, Adv: 3.1883) | Train Acc: 0.9978 | Val Acc: 0.9333 | Val P/R/F1 (Macro): 0.5278/0.5371/0.5246 | LR: 0.000001
Epoch [63/100] | Loss: 2.1507 (Cls: 1.7493, TAL: -0.2882, Adv: 3.2525) | Train Acc: 0.9978 | Val Acc: 0.9583 | Val P/R/F1 (Macro): 0.5241/0.5423/0.5259 | LR: 0.000001
Epoch [64/100] | Loss: 2.1701 (Cls: 1.7639, TAL: -0.3171, Adv: 3.3427) | Train Acc: 1.0000 | Val Acc: 0.9667 | Val P/R/F1 (Macro): 0.5420/0.5488/0.5407 | LR: 0.000001
Epoch [65/100] | Loss: 2.1827 (Cls: 1.7676, TAL: -0.3206, Adv: 3.4084) | Train Acc: 1.0000 | Val Acc: 0.9583 | Val P/R/F1 (Macro): 0.5436/0.5491/0.5435 | LR: 0.000001
Epoch [66/100] | Loss: 2.1539 (Cls: 1.7453, TAL: -0.3405, Adv: 3.4053) | Train Acc: 0.9978 | Val Acc: 0.9333 | Val P/R/F1 (Macro): 0.5278/0.5371/0.5246 | LR: 0.000001
Epoch [67/100] | Loss: 2.1981 (Cls: 1.7528, TAL: -0.2943, Adv: 3.5575) | Train Acc: 1.0000 | Val Acc: 0.9500 | Val P/R/F1 (Macro): 0.5329/0.5433/0.5306 | LR: 0.000001
Epoch [68/100] | Loss: 2.2056 (Cls: 1.7414, TAL: -0.2794, Adv: 3.6537) | Train Acc: 1.0000 | Val Acc: 0.9583 | Val P/R/F1 (Macro): 0.5369/0.5461/0.5354 | LR: 0.000001
Epoch [69/100] | Loss: 2.1824 (Cls: 1.7472, TAL: -0.2904, Adv: 3.4816) | Train Acc: 0.9978 | Val Acc: 0.9667 | Val P/R/F1 (Macro): 0.5397/0.5492/0.5383 | LR: 0.000001
Epoch [70/100] | Loss: 2.2008 (Cls: 1.7484, TAL: -0.2776, Adv: 3.5714) | Train Acc: 1.0000 | Val Acc: 0.9417 | Val P/R/F1 (Macro): 0.5395/0.5361/0.5324 | LR: 0.000001
Epoch [71/100] | Loss: 2.2313 (Cls: 1.7506, TAL: -0.2616, Adv: 3.7279) | Train Acc: 1.0000 | Val Acc: 0.9583 | Val P/R/F1 (Macro): 0.5369/0.5461/0.5354 | LR: 0.000001
Epoch [72/100] | Loss: 2.2640 (Cls: 1.7525, TAL: -0.1908, Adv: 3.7915) | Train Acc: 1.0000 | Val Acc: 0.9833 | Val P/R/F1 (Macro): 0.5569/0.5618/0.5586 | LR: 0.000001
  >>> New Best Val Acc: 0.9833
Epoch [73/100] | Loss: 2.2278 (Cls: 1.7475, TAL: -0.2217, Adv: 3.6454) | Train Acc: 1.0000 | Val Acc: 0.9833 | Val P/R/F1 (Macro): 0.5569/0.5618/0.5586 | LR: 0.000001
Epoch [74/100] | Loss: 2.2164 (Cls: 1.7461, TAL: -0.2474, Adv: 3.6303) | Train Acc: 1.0000 | Val Acc: 0.9417 | Val P/R/F1 (Macro): 0.5395/0.5361/0.5324 | LR: 0.000001
Epoch [75/100] | Loss: 2.2476 (Cls: 1.7469, TAL: -0.2804, Adv: 3.8987) | Train Acc: 0.9978 | Val Acc: 0.9417 | Val P/R/F1 (Macro): 0.5351/0.5361/0.5290 | LR: 0.000001
Epoch [76/100] | Loss: 2.2496 (Cls: 1.7487, TAL: -0.3025, Adv: 3.9443) | Train Acc: 1.0000 | Val Acc: 0.9750 | Val P/R/F1 (Macro): 0.5493/0.5519/0.5474 | LR: 0.000001
Epoch [77/100] | Loss: 2.2142 (Cls: 1.7369, TAL: -0.2986, Adv: 3.7790) | Train Acc: 1.0000 | Val Acc: 0.9750 | Val P/R/F1 (Macro): 0.5493/0.5519/0.5474 | LR: 0.000001
Epoch [78/100] | Loss: 2.2211 (Cls: 1.7435, TAL: -0.3422, Adv: 3.8682) | Train Acc: 0.9978 | Val Acc: 0.9750 | Val P/R/F1 (Macro): 0.5493/0.5519/0.5474 | LR: 0.000001
Epoch [79/100] | Loss: 2.2487 (Cls: 1.7432, TAL: -0.3231, Adv: 4.0161) | Train Acc: 1.0000 | Val Acc: 0.9750 | Val P/R/F1 (Macro): 0.5493/0.5519/0.5474 | LR: 0.000001
Epoch [80/100] | Loss: 2.2419 (Cls: 1.7488, TAL: -0.3194, Adv: 3.9262) | Train Acc: 1.0000 | Val Acc: 0.9333 | Val P/R/F1 (Macro): 0.5298/0.5334/0.5237 | LR: 0.000001
Epoch [81/100] | Loss: 2.2124 (Cls: 1.7418, TAL: -0.3203, Adv: 3.7776) | Train Acc: 1.0000 | Val Acc: 0.9333 | Val P/R/F1 (Macro): 0.5331/0.5330/0.5260 | LR: 0.000001
Epoch [82/100] | Loss: 2.2605 (Cls: 1.7572, TAL: -0.3170, Adv: 3.9894) | Train Acc: 0.9978 | Val Acc: 0.9333 | Val P/R/F1 (Macro): 0.5298/0.5334/0.5237 | LR: 0.000001
Epoch [83/100] | Loss: 2.2664 (Cls: 1.7441, TAL: -0.3490, Adv: 4.1796) | Train Acc: 1.0000 | Val Acc: 0.9833 | Val P/R/F1 (Macro): 0.5578/0.5584/0.5569 | LR: 0.000001
Epoch [84/100] | Loss: 2.2412 (Cls: 1.7441, TAL: -0.3605, Adv: 4.0345) | Train Acc: 1.0000 | Val Acc: 0.9917 | Val P/R/F1 (Macro): 0.5595/0.5649/0.5615 | LR: 0.000001
  >>> New Best Val Acc: 0.9917
Epoch [85/100] | Loss: 2.2352 (Cls: 1.7586, TAL: -0.3319, Adv: 3.8413) | Train Acc: 0.9955 | Val Acc: 0.9917 | Val P/R/F1 (Macro): 0.5595/0.5649/0.5615 | LR: 0.000001
Epoch [86/100] | Loss: 2.2529 (Cls: 1.7491, TAL: -0.3428, Adv: 4.0441) | Train Acc: 1.0000 | Val Acc: 0.9750 | Val P/R/F1 (Macro): 0.5446/0.5519/0.5437 | LR: 0.000001
Epoch [87/100] | Loss: 2.2498 (Cls: 1.7477, TAL: -0.3417, Adv: 4.0309) | Train Acc: 0.9978 | Val Acc: 0.9500 | Val P/R/F1 (Macro): 0.5344/0.5430/0.5325 | LR: 0.000001
Epoch [88/100] | Loss: 2.2225 (Cls: 1.7434, TAL: -0.3669, Adv: 3.9277) | Train Acc: 0.9978 | Val Acc: 0.9417 | Val P/R/F1 (Macro): 0.5302/0.5402/0.5276 | LR: 0.000001
Epoch [89/100] | Loss: 2.2104 (Cls: 1.7343, TAL: -0.3431, Adv: 3.8602) | Train Acc: 1.0000 | Val Acc: 0.9500 | Val P/R/F1 (Macro): 0.5329/0.5433/0.5306 | LR: 0.000001
Epoch [90/100] | Loss: 2.2091 (Cls: 1.7550, TAL: -0.3421, Adv: 3.7116) | Train Acc: 0.9955 | Val Acc: 0.9750 | Val P/R/F1 (Macro): 0.5446/0.5519/0.5437 | LR: 0.000001
Epoch [91/100] | Loss: 2.1986 (Cls: 1.7407, TAL: -0.3710, Adv: 3.7945) | Train Acc: 1.0000 | Val Acc: 0.9417 | Val P/R/F1 (Macro): 0.5320/0.5399/0.5295 | LR: 0.000001
Epoch [92/100] | Loss: 2.2601 (Cls: 1.7446, TAL: -0.3500, Adv: 4.1368) | Train Acc: 1.0000 | Val Acc: 0.9750 | Val P/R/F1 (Macro): 0.5446/0.5519/0.5437 | LR: 0.000001
Epoch [93/100] | Loss: 2.2892 (Cls: 1.7533, TAL: -0.3394, Adv: 4.2511) | Train Acc: 1.0000 | Val Acc: 0.9583 | Val P/R/F1 (Macro): 0.5369/0.5461/0.5354 | LR: 0.000001
Epoch [94/100] | Loss: 2.3147 (Cls: 1.7656, TAL: -0.2738, Adv: 4.2079) | Train Acc: 1.0000 | Val Acc: 0.9750 | Val P/R/F1 (Macro): 0.5446/0.5519/0.5437 | LR: 0.000001
Epoch [95/100] | Loss: 2.2403 (Cls: 1.7393, TAL: -0.3091, Adv: 3.9583) | Train Acc: 1.0000 | Val Acc: 0.9667 | Val P/R/F1 (Macro): 0.5397/0.5492/0.5383 | LR: 0.000001
Epoch [96/100] | Loss: 2.2320 (Cls: 1.7457, TAL: -0.2797, Adv: 3.8012) | Train Acc: 1.0000 | Val Acc: 0.9500 | Val P/R/F1 (Macro): 0.5344/0.5430/0.5325 | LR: 0.000001
Epoch [97/100] | Loss: 2.2654 (Cls: 1.7561, TAL: -0.2849, Adv: 3.9654) | Train Acc: 0.9955 | Val Acc: 0.9750 | Val P/R/F1 (Macro): 0.5446/0.5519/0.5437 | LR: 0.000001
Epoch [98/100] | Loss: 2.3000 (Cls: 1.7410, TAL: -0.2901, Adv: 4.3064) | Train Acc: 1.0000 | Val Acc: 0.9417 | Val P/R/F1 (Macro): 0.5320/0.5399/0.5295 | LR: 0.000001
Epoch [99/100] | Loss: 2.2548 (Cls: 1.7436, TAL: -0.3231, Adv: 4.0541) | Train Acc: 1.0000 | Val Acc: 0.9750 | Val P/R/F1 (Macro): 0.5446/0.5519/0.5437 | LR: 0.000001
Epoch [100/100] | Loss: 2.1635 (Cls: 1.7495, TAL: -0.3348, Adv: 3.4299) | Train Acc: 0.9978 | Val Acc: 0.9750 | Val P/R/F1 (Macro): 0.5446/0.5519/0.5437 | LR: 0.000001

迭代 1 最佳指标:
  Accuracy: 0.9917
  Precision (Macro): 0.5595
  Recall (Macro): 0.5649
  F1 (Macro): 0.5615
  Precision (Micro): 0.9917
  Recall (Micro): 0.9917
  F1 (Micro): 0.9917

================================================================================
迭代 2/5
随机种子: 43
================================================================================
Feature fusion: Tensor alignment (512+512 -> 128+128); fused_dim=256
Domain adaptation: Neural OT generator with 3-domain discriminator
Loss weights: tensor=0.30, adv=0.15
Epoch [1/100] | Loss: 7.1673 (Cls: 7.1112, TAL: 0.0064, Adv: 0.3607) | Train Acc: 0.2522 | Val Acc: 0.0250 | Val P/R/F1 (Macro): 0.0019/0.0714/0.0037 | LR: 0.000010
  >>> New Best Val Acc: 0.0250
Epoch [2/100] | Loss: 4.6689 (Cls: 4.5924, TAL: -0.0198, Adv: 0.5493) | Train Acc: 0.6004 | Val Acc: 0.0250 | Val P/R/F1 (Macro): 0.0018/0.0714/0.0035 | LR: 0.000010
Epoch [3/100] | Loss: 3.8478 (Cls: 3.7693, TAL: -0.1102, Adv: 0.7432) | Train Acc: 0.7321 | Val Acc: 0.1833 | Val P/R/F1 (Macro): 0.1735/0.1975/0.1101 | LR: 0.000010
  >>> New Best Val Acc: 0.1833
Epoch [4/100] | Loss: 3.3189 (Cls: 3.2014, TAL: -0.1430, Adv: 1.0687) | Train Acc: 0.7969 | Val Acc: 0.2333 | Val P/R/F1 (Macro): 0.2761/0.1943/0.1558 | LR: 0.000010
  >>> New Best Val Acc: 0.2333
Epoch [5/100] | Loss: 3.1020 (Cls: 2.9381, TAL: -0.0301, Adv: 1.1528) | Train Acc: 0.8103 | Val Acc: 0.6833 | Val P/R/F1 (Macro): 0.3883/0.3971/0.3463 | LR: 0.000010
  >>> New Best Val Acc: 0.6833
Epoch [6/100] | Loss: 2.7962 (Cls: 2.6465, TAL: -0.0769, Adv: 1.1515) | Train Acc: 0.8817 | Val Acc: 0.6583 | Val P/R/F1 (Macro): 0.4030/0.4617/0.3950 | LR: 0.000010
Epoch [7/100] | Loss: 2.7659 (Cls: 2.5725, TAL: -0.0142, Adv: 1.3177) | Train Acc: 0.8839 | Val Acc: 0.7750 | Val P/R/F1 (Macro): 0.4061/0.5037/0.4278 | LR: 0.000010
  >>> New Best Val Acc: 0.7750
Epoch [8/100] | Loss: 2.5798 (Cls: 2.3437, TAL: 0.0316, Adv: 1.5106) | Train Acc: 0.9308 | Val Acc: 0.7250 | Val P/R/F1 (Macro): 0.4607/0.4896/0.4504 | LR: 0.000010
Epoch [9/100] | Loss: 2.4737 (Cls: 2.2095, TAL: -0.0330, Adv: 1.8279) | Train Acc: 0.9554 | Val Acc: 0.8583 | Val P/R/F1 (Macro): 0.4651/0.5235/0.4805 | LR: 0.000010
  >>> New Best Val Acc: 0.8583
Epoch [10/100] | Loss: 2.4556 (Cls: 2.1835, TAL: -0.0647, Adv: 1.9435) | Train Acc: 0.9487 | Val Acc: 0.7167 | Val P/R/F1 (Macro): 0.4148/0.4753/0.4057 | LR: 0.000010
Epoch [11/100] | Loss: 2.4803 (Cls: 2.1658, TAL: -0.0465, Adv: 2.1902) | Train Acc: 0.9710 | Val Acc: 0.8000 | Val P/R/F1 (Macro): 0.4530/0.4974/0.4456 | LR: 0.000010
Epoch [12/100] | Loss: 2.3851 (Cls: 2.0781, TAL: -0.0769, Adv: 2.2003) | Train Acc: 0.9576 | Val Acc: 0.9167 | Val P/R/F1 (Macro): 0.5032/0.5347/0.5107 | LR: 0.000010
  >>> New Best Val Acc: 0.9167
Epoch [13/100] | Loss: 2.4618 (Cls: 2.1351, TAL: -0.0362, Adv: 2.2506) | Train Acc: 0.9263 | Val Acc: 0.7167 | Val P/R/F1 (Macro): 0.4309/0.4688/0.4178 | LR: 0.000010
Epoch [14/100] | Loss: 2.5181 (Cls: 2.2036, TAL: -0.0351, Adv: 2.1668) | Train Acc: 0.9241 | Val Acc: 0.8500 | Val P/R/F1 (Macro): 0.4415/0.5113/0.4508 | LR: 0.000010
Epoch [15/100] | Loss: 2.3054 (Cls: 2.0194, TAL: -0.0915, Adv: 2.0895) | Train Acc: 0.9688 | Val Acc: 0.8000 | Val P/R/F1 (Macro): 0.4535/0.5052/0.4510 | LR: 0.000010
Epoch [16/100] | Loss: 2.2520 (Cls: 1.9369, TAL: -0.0863, Adv: 2.2731) | Train Acc: 0.9821 | Val Acc: 0.9083 | Val P/R/F1 (Macro): 0.5037/0.5326/0.5053 | LR: 0.000010
Epoch [17/100] | Loss: 2.2614 (Cls: 1.9293, TAL: -0.1454, Adv: 2.5052) | Train Acc: 0.9777 | Val Acc: 0.9250 | Val P/R/F1 (Macro): 0.4999/0.5439/0.5171 | LR: 0.000010
  >>> New Best Val Acc: 0.9250
Epoch [18/100] | Loss: 2.3082 (Cls: 1.9387, TAL: -0.0872, Adv: 2.6376) | Train Acc: 0.9866 | Val Acc: 0.9167 | Val P/R/F1 (Macro): 0.4880/0.5384/0.5036 | LR: 0.000010
Epoch [19/100] | Loss: 2.3387 (Cls: 1.9076, TAL: 0.0423, Adv: 2.7896) | Train Acc: 0.9911 | Val Acc: 0.8250 | Val P/R/F1 (Macro): 0.4473/0.5128/0.4616 | LR: 0.000010
Epoch [20/100] | Loss: 2.3044 (Cls: 1.9131, TAL: -0.0966, Adv: 2.8016) | Train Acc: 0.9821 | Val Acc: 0.9083 | Val P/R/F1 (Macro): 0.4823/0.5404/0.5064 | LR: 0.000010
Epoch [21/100] | Loss: 2.2496 (Cls: 1.8861, TAL: -0.0120, Adv: 2.4474) | Train Acc: 0.9911 | Val Acc: 0.9083 | Val P/R/F1 (Macro): 0.4900/0.5303/0.4968 | LR: 0.000010
Epoch [22/100] | Loss: 2.1559 (Cls: 1.8944, TAL: -0.1162, Adv: 1.9759) | Train Acc: 0.9821 | Val Acc: 0.9333 | Val P/R/F1 (Macro): 0.4981/0.5446/0.5142 | LR: 0.000010
  >>> New Best Val Acc: 0.9333
Epoch [23/100] | Loss: 2.0535 (Cls: 1.8722, TAL: -0.1720, Adv: 1.5526) | Train Acc: 0.9866 | Val Acc: 0.8833 | Val P/R/F1 (Macro): 0.4673/0.5175/0.4796 | LR: 0.000010
Epoch [24/100] | Loss: 2.1462 (Cls: 1.8690, TAL: -0.1337, Adv: 2.1153) | Train Acc: 0.9933 | Val Acc: 0.7333 | Val P/R/F1 (Macro): 0.4381/0.4765/0.4088 | LR: 0.000010
Epoch [25/100] | Loss: 2.2194 (Cls: 1.9261, TAL: -0.1896, Adv: 2.3346) | Train Acc: 0.9710 | Val Acc: 0.9083 | Val P/R/F1 (Macro): 0.4810/0.5356/0.5019 | LR: 0.000010
Epoch [26/100] | Loss: 2.0909 (Cls: 1.8573, TAL: -0.1185, Adv: 1.7943) | Train Acc: 0.9888 | Val Acc: 0.7250 | Val P/R/F1 (Macro): 0.4063/0.4963/0.4172 | LR: 0.000010
Epoch [27/100] | Loss: 2.0015 (Cls: 1.8759, TAL: -0.2290, Adv: 1.2954) | Train Acc: 0.9777 | Val Acc: 0.8667 | Val P/R/F1 (Macro): 0.4651/0.5008/0.4656 | LR: 0.000010
Epoch [28/100] | Loss: 1.9391 (Cls: 1.8298, TAL: -0.1190, Adv: 0.9667) | Train Acc: 0.9888 | Val Acc: 0.8750 | Val P/R/F1 (Macro): 0.4738/0.5362/0.4898 | LR: 0.000010
Epoch [29/100] | Loss: 1.9186 (Cls: 1.8295, TAL: -0.1400, Adv: 0.8743) | Train Acc: 0.9955 | Val Acc: 0.9667 | Val P/R/F1 (Macro): 0.5521/0.5502/0.5489 | LR: 0.000010
  >>> New Best Val Acc: 0.9667
Epoch [30/100] | Loss: 1.9233 (Cls: 1.8156, TAL: -0.1340, Adv: 0.9859) | Train Acc: 0.9888 | Val Acc: 0.8833 | Val P/R/F1 (Macro): 0.4555/0.5264/0.4770 | LR: 0.000010
Epoch [31/100] | Loss: 1.9574 (Cls: 1.8005, TAL: -0.0531, Adv: 1.1527) | Train Acc: 1.0000 | Val Acc: 0.9167 | Val P/R/F1 (Macro): 0.4994/0.5354/0.5129 | LR: 0.000010
Epoch [32/100] | Loss: 1.9935 (Cls: 1.8152, TAL: -0.0424, Adv: 1.2739) | Train Acc: 0.9821 | Val Acc: 0.9000 | Val P/R/F1 (Macro): 0.4977/0.5122/0.4894 | LR: 0.000010
Epoch [33/100] | Loss: 1.9815 (Cls: 1.7824, TAL: 0.0045, Adv: 1.3185) | Train Acc: 0.9978 | Val Acc: 0.9500 | Val P/R/F1 (Macro): 0.5314/0.5522/0.5394 | LR: 0.000010
Epoch [34/100] | Loss: 1.9683 (Cls: 1.7802, TAL: -0.0284, Adv: 1.3108) | Train Acc: 0.9978 | Val Acc: 0.8917 | Val P/R/F1 (Macro): 0.4884/0.5339/0.5042 | LR: 0.000010
Epoch [35/100] | Loss: 1.9655 (Cls: 1.7882, TAL: -0.0688, Adv: 1.3197) | Train Acc: 1.0000 | Val Acc: 0.9167 | Val P/R/F1 (Macro): 0.5090/0.5391/0.5188 | LR: 0.000010
Epoch [36/100] | Loss: 1.9726 (Cls: 1.7667, TAL: -0.0283, Adv: 1.4292) | Train Acc: 0.9955 | Val Acc: 0.9083 | Val P/R/F1 (Macro): 0.5099/0.5326/0.5180 | LR: 0.000010
Epoch [37/100] | Loss: 1.9964 (Cls: 1.7867, TAL: -0.0527, Adv: 1.5032) | Train Acc: 0.9911 | Val Acc: 0.9250 | Val P/R/F1 (Macro): 0.5240/0.5361/0.5272 | LR: 0.000010
Epoch [38/100] | Loss: 2.0359 (Cls: 1.8340, TAL: -0.1023, Adv: 1.5503) | Train Acc: 0.9866 | Val Acc: 0.8667 | Val P/R/F1 (Macro): 0.5049/0.5171/0.5034 | LR: 0.000010
Epoch [39/100] | Loss: 2.0105 (Cls: 1.7807, TAL: 0.0173, Adv: 1.4970) | Train Acc: 1.0000 | Val Acc: 0.9167 | Val P/R/F1 (Macro): 0.4897/0.5385/0.5019 | LR: 0.000010
Epoch [40/100] | Loss: 1.9870 (Cls: 1.7882, TAL: -0.0876, Adv: 1.5008) | Train Acc: 0.9978 | Val Acc: 0.9000 | Val P/R/F1 (Macro): 0.5053/0.5275/0.5078 | LR: 0.000005
Epoch [41/100] | Loss: 1.9924 (Cls: 1.7703, TAL: -0.1743, Adv: 1.8288) | Train Acc: 0.9955 | Val Acc: 0.9083 | Val P/R/F1 (Macro): 0.5049/0.5377/0.5162 | LR: 0.000005
Epoch [42/100] | Loss: 1.9828 (Cls: 1.7515, TAL: -0.1916, Adv: 1.9249) | Train Acc: 0.9978 | Val Acc: 0.9083 | Val P/R/F1 (Macro): 0.4891/0.5408/0.5079 | LR: 0.000005
Epoch [43/100] | Loss: 2.0059 (Cls: 1.7714, TAL: -0.2199, Adv: 2.0034) | Train Acc: 1.0000 | Val Acc: 0.9250 | Val P/R/F1 (Macro): 0.5163/0.5480/0.5285 | LR: 0.000005
Epoch [44/100] | Loss: 2.0219 (Cls: 1.7680, TAL: -0.3247, Adv: 2.3421) | Train Acc: 0.9978 | Val Acc: 0.9583 | Val P/R/F1 (Macro): 0.5412/0.5522/0.5461 | LR: 0.000005
Epoch [45/100] | Loss: 2.0380 (Cls: 1.7728, TAL: -0.3805, Adv: 2.5286) | Train Acc: 1.0000 | Val Acc: 0.8917 | Val P/R/F1 (Macro): 0.4845/0.5353/0.5028 | LR: 0.000005
Epoch [46/100] | Loss: 2.0392 (Cls: 1.7616, TAL: -0.4547, Adv: 2.7605) | Train Acc: 0.9978 | Val Acc: 0.9333 | Val P/R/F1 (Macro): 0.5160/0.5460/0.5274 | LR: 0.000005
Epoch [47/100] | Loss: 2.0320 (Cls: 1.7580, TAL: -0.5115, Adv: 2.8498) | Train Acc: 0.9978 | Val Acc: 0.8750 | Val P/R/F1 (Macro): 0.4620/0.5230/0.4761 | LR: 0.000005
Epoch [48/100] | Loss: 2.0517 (Cls: 1.7743, TAL: -0.5205, Adv: 2.8904) | Train Acc: 0.9955 | Val Acc: 0.9583 | Val P/R/F1 (Macro): 0.5493/0.5570/0.5527 | LR: 0.000005
Epoch [49/100] | Loss: 2.0184 (Cls: 1.7664, TAL: -0.5819, Adv: 2.8438) | Train Acc: 0.9955 | Val Acc: 0.9333 | Val P/R/F1 (Macro): 0.5100/0.5450/0.5231 | LR: 0.000005
Epoch [50/100] | Loss: 2.0211 (Cls: 1.7665, TAL: -0.6241, Adv: 2.9455) | Train Acc: 0.9955 | Val Acc: 0.9333 | Val P/R/F1 (Macro): 0.5246/0.5470/0.5341 | LR: 0.000005
Epoch [51/100] | Loss: 1.9983 (Cls: 1.7566, TAL: -0.6762, Adv: 2.9637) | Train Acc: 0.9978 | Val Acc: 0.9417 | Val P/R/F1 (Macro): 0.5139/0.5477/0.5260 | LR: 0.000003
Epoch [52/100] | Loss: 1.9586 (Cls: 1.7635, TAL: -0.7039, Adv: 2.7085) | Train Acc: 1.0000 | Val Acc: 0.9333 | Val P/R/F1 (Macro): 0.5248/0.5497/0.5342 | LR: 0.000003
Epoch [53/100] | Loss: 1.9886 (Cls: 1.7959, TAL: -0.7157, Adv: 2.7162) | Train Acc: 1.0000 | Val Acc: 0.9500 | Val P/R/F1 (Macro): 0.5322/0.5542/0.5419 | LR: 0.000003
Epoch [54/100] | Loss: 2.0001 (Cls: 1.7591, TAL: -0.7264, Adv: 3.0593) | Train Acc: 0.9978 | Val Acc: 0.9667 | Val P/R/F1 (Macro): 0.5416/0.5577/0.5478 | LR: 0.000003
Epoch [55/100] | Loss: 2.0293 (Cls: 1.7507, TAL: -0.7202, Adv: 3.2978) | Train Acc: 1.0000 | Val Acc: 0.9500 | Val P/R/F1 (Macro): 0.5219/0.5590/0.5380 | LR: 0.000003
Epoch [56/100] | Loss: 2.0632 (Cls: 1.7624, TAL: -0.7330, Adv: 3.4714) | Train Acc: 0.9955 | Val Acc: 0.9333 | Val P/R/F1 (Macro): 0.5117/0.5545/0.5292 | LR: 0.000003
Epoch [57/100] | Loss: 2.0121 (Cls: 1.7491, TAL: -0.7370, Adv: 3.2273) | Train Acc: 0.9978 | Val Acc: 0.9500 | Val P/R/F1 (Macro): 0.5228/0.5495/0.5342 | LR: 0.000003
Epoch [58/100] | Loss: 1.9426 (Cls: 1.7521, TAL: -0.7328, Adv: 2.7351) | Train Acc: 0.9955 | Val Acc: 0.9250 | Val P/R/F1 (Macro): 0.5047/0.5432/0.5199 | LR: 0.000003
Epoch [59/100] | Loss: 1.9053 (Cls: 1.7473, TAL: -0.7472, Adv: 2.5481) | Train Acc: 0.9978 | Val Acc: 0.9250 | Val P/R/F1 (Macro): 0.5054/0.5442/0.5211 | LR: 0.000003
Epoch [60/100] | Loss: 1.9557 (Cls: 1.7485, TAL: -0.7177, Adv: 2.8168) | Train Acc: 1.0000 | Val Acc: 0.9500 | Val P/R/F1 (Macro): 0.5260/0.5457/0.5319 | LR: 0.000003
Epoch [61/100] | Loss: 1.9721 (Cls: 1.7366, TAL: -0.7350, Adv: 3.0398) | Train Acc: 1.0000 | Val Acc: 0.9500 | Val P/R/F1 (Macro): 0.5237/0.5495/0.5331 | LR: 0.000003
Epoch [62/100] | Loss: 1.9883 (Cls: 1.7370, TAL: -0.7429, Adv: 3.1608) | Train Acc: 1.0000 | Val Acc: 0.9500 | Val P/R/F1 (Macro): 0.5252/0.5495/0.5352 | LR: 0.000001
Epoch [63/100] | Loss: 1.9803 (Cls: 1.7405, TAL: -0.7446, Adv: 3.0884) | Train Acc: 1.0000 | Val Acc: 0.9667 | Val P/R/F1 (Macro): 0.5418/0.5587/0.5485 | LR: 0.000001
Epoch [64/100] | Loss: 1.8929 (Cls: 1.7416, TAL: -0.7485, Adv: 2.5062) | Train Acc: 1.0000 | Val Acc: 0.9333 | Val P/R/F1 (Macro): 0.5118/0.5412/0.5242 | LR: 0.000001
Epoch [65/100] | Loss: 1.9187 (Cls: 1.7380, TAL: -0.7496, Adv: 2.7039) | Train Acc: 1.0000 | Val Acc: 0.9333 | Val P/R/F1 (Macro): 0.5270/0.5412/0.5331 | LR: 0.000001
Epoch [66/100] | Loss: 1.9578 (Cls: 1.7432, TAL: -0.7533, Adv: 2.9372) | Train Acc: 1.0000 | Val Acc: 0.9500 | Val P/R/F1 (Macro): 0.5262/0.5457/0.5323 | LR: 0.000001
Epoch [67/100] | Loss: 1.9895 (Cls: 1.7476, TAL: -0.7547, Adv: 3.1220) | Train Acc: 0.9955 | Val Acc: 0.9250 | Val P/R/F1 (Macro): 0.5065/0.5385/0.5202 | LR: 0.000001
Epoch [68/100] | Loss: 1.9844 (Cls: 1.7365, TAL: -0.7450, Adv: 3.1427) | Train Acc: 1.0000 | Val Acc: 0.9583 | Val P/R/F1 (Macro): 0.5419/0.5502/0.5452 | LR: 0.000001
Epoch [69/100] | Loss: 1.9630 (Cls: 1.7401, TAL: -0.7244, Adv: 2.9343) | Train Acc: 1.0000 | Val Acc: 0.9583 | Val P/R/F1 (Macro): 0.5293/0.5485/0.5353 | LR: 0.000001
Epoch [70/100] | Loss: 1.9409 (Cls: 1.7281, TAL: -0.7067, Adv: 2.8323) | Train Acc: 1.0000 | Val Acc: 0.9583 | Val P/R/F1 (Macro): 0.5293/0.5485/0.5353 | LR: 0.000001
Epoch [71/100] | Loss: 1.9514 (Cls: 1.7342, TAL: -0.6967, Adv: 2.8417) | Train Acc: 1.0000 | Val Acc: 0.9417 | Val P/R/F1 (Macro): 0.5309/0.5477/0.5385 | LR: 0.000001
Epoch [72/100] | Loss: 1.9663 (Cls: 1.7351, TAL: -0.7252, Adv: 2.9918) | Train Acc: 0.9978 | Val Acc: 0.9417 | Val P/R/F1 (Macro): 0.5309/0.5467/0.5379 | LR: 0.000001
Epoch [73/100] | Loss: 2.0037 (Cls: 1.7407, TAL: -0.7006, Adv: 3.1542) | Train Acc: 1.0000 | Val Acc: 0.9500 | Val P/R/F1 (Macro): 0.5438/0.5532/0.5480 | LR: 0.000001
Epoch [74/100] | Loss: 2.0122 (Cls: 1.7437, TAL: -0.7132, Adv: 3.2162) | Train Acc: 1.0000 | Val Acc: 0.9583 | Val P/R/F1 (Macro): 0.5419/0.5502/0.5452 | LR: 0.000001
Epoch [75/100] | Loss: 2.0248 (Cls: 1.7346, TAL: -0.6846, Adv: 3.3036) | Train Acc: 1.0000 | Val Acc: 0.9500 | Val P/R/F1 (Macro): 0.5438/0.5532/0.5480 | LR: 0.000001
Epoch [76/100] | Loss: 2.0527 (Cls: 1.7415, TAL: -0.6694, Adv: 3.4133) | Train Acc: 1.0000 | Val Acc: 0.9500 | Val P/R/F1 (Macro): 0.5368/0.5495/0.5422 | LR: 0.000001
Epoch [77/100] | Loss: 2.0480 (Cls: 1.7403, TAL: -0.6789, Adv: 3.4091) | Train Acc: 1.0000 | Val Acc: 0.9500 | Val P/R/F1 (Macro): 0.5368/0.5495/0.5422 | LR: 0.000001
Epoch [78/100] | Loss: 2.0077 (Cls: 1.7348, TAL: -0.6994, Adv: 3.2182) | Train Acc: 1.0000 | Val Acc: 0.9583 | Val P/R/F1 (Macro): 0.5518/0.5550/0.5531 | LR: 0.000001
Epoch [79/100] | Loss: 2.0307 (Cls: 1.7417, TAL: -0.6887, Adv: 3.3041) | Train Acc: 1.0000 | Val Acc: 0.9583 | Val P/R/F1 (Macro): 0.5448/0.5512/0.5473 | LR: 0.000001
Epoch [80/100] | Loss: 2.0297 (Cls: 1.7371, TAL: -0.6692, Adv: 3.2894) | Train Acc: 1.0000 | Val Acc: 0.9500 | Val P/R/F1 (Macro): 0.5475/0.5518/0.5492 | LR: 0.000001
Epoch [81/100] | Loss: 2.0049 (Cls: 1.7397, TAL: -0.6959, Adv: 3.1599) | Train Acc: 0.9978 | Val Acc: 0.9500 | Val P/R/F1 (Macro): 0.5420/0.5481/0.5444 | LR: 0.000001
Epoch [82/100] | Loss: 2.0341 (Cls: 1.7350, TAL: -0.7275, Adv: 3.4493) | Train Acc: 1.0000 | Val Acc: 0.9500 | Val P/R/F1 (Macro): 0.5393/0.5481/0.5431 | LR: 0.000001
Epoch [83/100] | Loss: 1.9951 (Cls: 1.7303, TAL: -0.7216, Adv: 3.2089) | Train Acc: 1.0000 | Val Acc: 0.9583 | Val P/R/F1 (Macro): 0.5447/0.5498/0.5466 | LR: 0.000001
Epoch [84/100] | Loss: 2.0671 (Cls: 1.7767, TAL: -0.6116, Adv: 3.1589) | Train Acc: 1.0000 | Val Acc: 0.9417 | Val P/R/F1 (Macro): 0.5360/0.5454/0.5401 | LR: 0.000001
Epoch [85/100] | Loss: 2.0894 (Cls: 1.7509, TAL: -0.6269, Adv: 3.5104) | Train Acc: 1.0000 | Val Acc: 0.9667 | Val P/R/F1 (Macro): 0.5448/0.5577/0.5505 | LR: 0.000001
Epoch [86/100] | Loss: 2.1167 (Cls: 1.7457, TAL: -0.6112, Adv: 3.6960) | Train Acc: 1.0000 | Val Acc: 0.9667 | Val P/R/F1 (Macro): 0.5477/0.5573/0.5519 | LR: 0.000001
Epoch [87/100] | Loss: 2.1338 (Cls: 1.7495, TAL: -0.6254, Adv: 3.8132) | Train Acc: 1.0000 | Val Acc: 0.9500 | Val P/R/F1 (Macro): 0.5420/0.5481/0.5444 | LR: 0.000001
Epoch [88/100] | Loss: 2.1807 (Cls: 1.7648, TAL: -0.5805, Adv: 3.9337) | Train Acc: 0.9978 | Val Acc: 0.9583 | Val P/R/F1 (Macro): 0.5444/0.5546/0.5490 | LR: 0.000001
Epoch [89/100] | Loss: 2.1029 (Cls: 1.7428, TAL: -0.6158, Adv: 3.6325) | Train Acc: 1.0000 | Val Acc: 0.9667 | Val P/R/F1 (Macro): 0.5472/0.5577/0.5518 | LR: 0.000001
Epoch [90/100] | Loss: 2.0449 (Cls: 1.7421, TAL: -0.7007, Adv: 3.4202) | Train Acc: 1.0000 | Val Acc: 0.9583 | Val P/R/F1 (Macro): 0.5417/0.5550/0.5475 | LR: 0.000001
Epoch [91/100] | Loss: 2.0965 (Cls: 1.7357, TAL: -0.6938, Adv: 3.7927) | Train Acc: 1.0000 | Val Acc: 0.9667 | Val P/R/F1 (Macro): 0.5549/0.5611/0.5575 | LR: 0.000001
Epoch [92/100] | Loss: 2.1455 (Cls: 1.7358, TAL: -0.5956, Adv: 3.9226) | Train Acc: 1.0000 | Val Acc: 0.9667 | Val P/R/F1 (Macro): 0.5549/0.5611/0.5575 | LR: 0.000001
Epoch [93/100] | Loss: 2.1530 (Cls: 1.7481, TAL: -0.6272, Adv: 3.9531) | Train Acc: 1.0000 | Val Acc: 0.9583 | Val P/R/F1 (Macro): 0.5523/0.5546/0.5533 | LR: 0.000001
Epoch [94/100] | Loss: 2.1410 (Cls: 1.7396, TAL: -0.6056, Adv: 3.8872) | Train Acc: 1.0000 | Val Acc: 0.9583 | Val P/R/F1 (Macro): 0.5523/0.5546/0.5533 | LR: 0.000001
Epoch [95/100] | Loss: 2.1336 (Cls: 1.7362, TAL: -0.6235, Adv: 3.8968) | Train Acc: 1.0000 | Val Acc: 0.9667 | Val P/R/F1 (Macro): 0.5479/0.5540/0.5502 | LR: 0.000001
Epoch [96/100] | Loss: 2.1274 (Cls: 1.7343, TAL: -0.6687, Adv: 3.9575) | Train Acc: 1.0000 | Val Acc: 0.9583 | Val P/R/F1 (Macro): 0.5448/0.5512/0.5473 | LR: 0.000001
Epoch [97/100] | Loss: 2.1476 (Cls: 1.7413, TAL: -0.5343, Adv: 3.7775) | Train Acc: 1.0000 | Val Acc: 0.9750 | Val P/R/F1 (Macro): 0.5548/0.5557/0.5540 | LR: 0.000001
  >>> New Best Val Acc: 0.9750
Epoch [98/100] | Loss: 2.0715 (Cls: 1.7383, TAL: -0.7407, Adv: 3.7025) | Train Acc: 0.9978 | Val Acc: 0.9583 | Val P/R/F1 (Macro): 0.5448/0.5512/0.5473 | LR: 0.000001
Epoch [99/100] | Loss: 2.0726 (Cls: 1.7276, TAL: -0.7373, Adv: 3.7745) | Train Acc: 1.0000 | Val Acc: 0.9500 | Val P/R/F1 (Macro): 0.5420/0.5481/0.5444 | LR: 0.000001
Epoch [100/100] | Loss: 2.0793 (Cls: 1.7286, TAL: -0.7417, Adv: 3.8215) | Train Acc: 1.0000 | Val Acc: 0.9667 | Val P/R/F1 (Macro): 0.5521/0.5540/0.5518 | LR: 0.000001

迭代 2 最佳指标:
  Accuracy: 0.9750
  Precision (Macro): 0.5548
  Recall (Macro): 0.5557
  F1 (Macro): 0.5540
  Precision (Micro): 0.9750
  Recall (Micro): 0.9750
  F1 (Micro): 0.9750

================================================================================
迭代 3/5
随机种子: 44
================================================================================
Feature fusion: Tensor alignment (512+512 -> 128+128); fused_dim=256
Domain adaptation: Neural OT generator with 3-domain discriminator
Loss weights: tensor=0.30, adv=0.15
Epoch [1/100] | Loss: 7.4935 (Cls: 7.4139, TAL: 0.0877, Adv: 0.3555) | Train Acc: 0.2188 | Val Acc: 0.0250 | Val P/R/F1 (Macro): 0.0019/0.0714/0.0037 | LR: 0.000010
  >>> New Best Val Acc: 0.0250
Epoch [2/100] | Loss: 4.8304 (Cls: 4.7892, TAL: -0.0777, Adv: 0.4301) | Train Acc: 0.5067 | Val Acc: 0.0417 | Val P/R/F1 (Macro): 0.0223/0.0893/0.0228 | LR: 0.000010
  >>> New Best Val Acc: 0.0417
Epoch [3/100] | Loss: 3.7782 (Cls: 3.6837, TAL: 0.0154, Adv: 0.5989) | Train Acc: 0.7656 | Val Acc: 0.1417 | Val P/R/F1 (Macro): 0.1701/0.1601/0.0719 | LR: 0.000010
  >>> New Best Val Acc: 0.1417
Epoch [4/100] | Loss: 3.3556 (Cls: 3.2289, TAL: -0.0299, Adv: 0.9042) | Train Acc: 0.8125 | Val Acc: 0.2500 | Val P/R/F1 (Macro): 0.3325/0.2522/0.1981 | LR: 0.000010
  >>> New Best Val Acc: 0.2500
Epoch [5/100] | Loss: 3.0118 (Cls: 2.8887, TAL: -0.1259, Adv: 1.0726) | Train Acc: 0.8527 | Val Acc: 0.5167 | Val P/R/F1 (Macro): 0.4923/0.3772/0.3706 | LR: 0.000010
  >>> New Best Val Acc: 0.5167
Epoch [6/100] | Loss: 2.8369 (Cls: 2.6446, TAL: -0.0018, Adv: 1.2857) | Train Acc: 0.8862 | Val Acc: 0.5750 | Val P/R/F1 (Macro): 0.4115/0.3843/0.3336 | LR: 0.000010
  >>> New Best Val Acc: 0.5750
Epoch [7/100] | Loss: 2.7238 (Cls: 2.5134, TAL: 0.0508, Adv: 1.3007) | Train Acc: 0.8906 | Val Acc: 0.7917 | Val P/R/F1 (Macro): 0.4412/0.4990/0.4517 | LR: 0.000010
  >>> New Best Val Acc: 0.7917
Epoch [8/100] | Loss: 2.5358 (Cls: 2.3080, TAL: -0.0313, Adv: 1.5815) | Train Acc: 0.9353 | Val Acc: 0.8583 | Val P/R/F1 (Macro): 0.4760/0.4794/0.4580 | LR: 0.000010
  >>> New Best Val Acc: 0.8583
Epoch [9/100] | Loss: 2.5536 (Cls: 2.3064, TAL: -0.1009, Adv: 1.8498) | Train Acc: 0.9308 | Val Acc: 0.7667 | Val P/R/F1 (Macro): 0.4315/0.4928/0.4325 | LR: 0.000010
Epoch [10/100] | Loss: 2.5778 (Cls: 2.2995, TAL: -0.0519, Adv: 1.9594) | Train Acc: 0.9509 | Val Acc: 0.8417 | Val P/R/F1 (Macro): 0.4715/0.5129/0.4731 | LR: 0.000010
Epoch [11/100] | Loss: 2.4941 (Cls: 2.1879, TAL: 0.0363, Adv: 1.9689) | Train Acc: 0.9375 | Val Acc: 0.8833 | Val P/R/F1 (Macro): 0.4603/0.5267/0.4781 | LR: 0.000010
  >>> New Best Val Acc: 0.8833
Epoch [12/100] | Loss: 2.4179 (Cls: 2.1188, TAL: -0.1223, Adv: 2.2387) | Train Acc: 0.9509 | Val Acc: 0.7083 | Val P/R/F1 (Macro): 0.4111/0.4925/0.4140 | LR: 0.000010
Epoch [13/100] | Loss: 2.4089 (Cls: 2.0935, TAL: -0.0444, Adv: 2.1915) | Train Acc: 0.9621 | Val Acc: 0.8583 | Val P/R/F1 (Macro): 0.4966/0.5059/0.4882 | LR: 0.000010
Epoch [14/100] | Loss: 2.4264 (Cls: 2.1064, TAL: 0.0118, Adv: 2.1098) | Train Acc: 0.9665 | Val Acc: 0.8667 | Val P/R/F1 (Macro): 0.4726/0.5362/0.4923 | LR: 0.000010
Epoch [15/100] | Loss: 2.3999 (Cls: 2.0282, TAL: 0.1051, Adv: 2.2681) | Train Acc: 0.9821 | Val Acc: 0.9250 | Val P/R/F1 (Macro): 0.5427/0.5360/0.5355 | LR: 0.000010
  >>> New Best Val Acc: 0.9250
Epoch [16/100] | Loss: 2.3628 (Cls: 1.9880, TAL: 0.0537, Adv: 2.3912) | Train Acc: 0.9710 | Val Acc: 0.6833 | Val P/R/F1 (Macro): 0.4400/0.4333/0.3834 | LR: 0.000010
Epoch [17/100] | Loss: 2.3813 (Cls: 1.9521, TAL: 0.0965, Adv: 2.6688) | Train Acc: 0.9821 | Val Acc: 0.8833 | Val P/R/F1 (Macro): 0.4529/0.5257/0.4731 | LR: 0.000010
Epoch [18/100] | Loss: 2.3554 (Cls: 1.9411, TAL: 0.0342, Adv: 2.6932) | Train Acc: 0.9911 | Val Acc: 0.8333 | Val P/R/F1 (Macro): 0.4311/0.4494/0.4048 | LR: 0.000010
Epoch [19/100] | Loss: 2.4016 (Cls: 2.0698, TAL: -0.0272, Adv: 2.2661) | Train Acc: 0.9688 | Val Acc: 0.8917 | Val P/R/F1 (Macro): 0.4954/0.5291/0.5059 | LR: 0.000010
Epoch [20/100] | Loss: 2.1887 (Cls: 1.9282, TAL: 0.0219, Adv: 1.6935) | Train Acc: 0.9888 | Val Acc: 0.7333 | Val P/R/F1 (Macro): 0.4277/0.4661/0.4123 | LR: 0.000010
Epoch [21/100] | Loss: 2.3423 (Cls: 1.9748, TAL: -0.0148, Adv: 2.4796) | Train Acc: 0.9821 | Val Acc: 0.8417 | Val P/R/F1 (Macro): 0.4630/0.5059/0.4720 | LR: 0.000010
Epoch [22/100] | Loss: 2.4832 (Cls: 1.9313, TAL: -0.2017, Adv: 4.0828) | Train Acc: 0.9888 | Val Acc: 0.8000 | Val P/R/F1 (Macro): 0.4483/0.4982/0.4440 | LR: 0.000010
Epoch [23/100] | Loss: 2.3619 (Cls: 1.8744, TAL: -0.3488, Adv: 3.9479) | Train Acc: 0.9866 | Val Acc: 0.8917 | Val P/R/F1 (Macro): 0.4874/0.5410/0.4976 | LR: 0.000010
Epoch [24/100] | Loss: 2.2386 (Cls: 1.8869, TAL: -0.3767, Adv: 3.0978) | Train Acc: 0.9888 | Val Acc: 0.8250 | Val P/R/F1 (Macro): 0.4668/0.4990/0.4512 | LR: 0.000010
Epoch [25/100] | Loss: 2.1651 (Cls: 1.9181, TAL: -0.2792, Adv: 2.2045) | Train Acc: 0.9866 | Val Acc: 0.9250 | Val P/R/F1 (Macro): 0.5333/0.5429/0.5374 | LR: 0.000010
Epoch [26/100] | Loss: 2.0241 (Cls: 1.8864, TAL: -0.2214, Adv: 1.3604) | Train Acc: 0.9911 | Val Acc: 0.8750 | Val P/R/F1 (Macro): 0.4648/0.5226/0.4823 | LR: 0.000005
Epoch [27/100] | Loss: 1.9519 (Cls: 1.8504, TAL: -0.0913, Adv: 0.8589) | Train Acc: 0.9888 | Val Acc: 0.9250 | Val P/R/F1 (Macro): 0.5162/0.5391/0.5220 | LR: 0.000005
Epoch [28/100] | Loss: 1.9900 (Cls: 1.8378, TAL: 0.0212, Adv: 0.9723) | Train Acc: 0.9955 | Val Acc: 0.9333 | Val P/R/F1 (Macro): 0.5012/0.5327/0.5094 | LR: 0.000005
  >>> New Best Val Acc: 0.9333
Epoch [29/100] | Loss: 2.0408 (Cls: 1.8103, TAL: 0.0961, Adv: 1.3448) | Train Acc: 0.9955 | Val Acc: 0.9167 | Val P/R/F1 (Macro): 0.4848/0.5344/0.5021 | LR: 0.000005
Epoch [30/100] | Loss: 2.0474 (Cls: 1.8074, TAL: 0.0590, Adv: 1.4818) | Train Acc: 0.9978 | Val Acc: 0.9250 | Val P/R/F1 (Macro): 0.4932/0.5486/0.5159 | LR: 0.000005
Epoch [31/100] | Loss: 2.0609 (Cls: 1.8011, TAL: 0.1518, Adv: 1.4284) | Train Acc: 0.9933 | Val Acc: 0.9083 | Val P/R/F1 (Macro): 0.4778/0.5394/0.4978 | LR: 0.000005
Epoch [32/100] | Loss: 2.0326 (Cls: 1.7893, TAL: 0.1719, Adv: 1.2786) | Train Acc: 1.0000 | Val Acc: 0.9083 | Val P/R/F1 (Macro): 0.4779/0.5346/0.4949 | LR: 0.000005
Epoch [33/100] | Loss: 2.0156 (Cls: 1.7805, TAL: 0.1395, Adv: 1.2881) | Train Acc: 0.9978 | Val Acc: 0.8833 | Val P/R/F1 (Macro): 0.4606/0.5314/0.4811 | LR: 0.000005
Epoch [34/100] | Loss: 2.0377 (Cls: 1.7919, TAL: 0.1369, Adv: 1.3649) | Train Acc: 0.9955 | Val Acc: 0.9000 | Val P/R/F1 (Macro): 0.4761/0.5325/0.4895 | LR: 0.000005
Epoch [35/100] | Loss: 2.0617 (Cls: 1.7835, TAL: 0.1411, Adv: 1.5724) | Train Acc: 1.0000 | Val Acc: 0.9250 | Val P/R/F1 (Macro): 0.4864/0.5381/0.5003 | LR: 0.000005
Epoch [36/100] | Loss: 2.0463 (Cls: 1.7778, TAL: 0.0285, Adv: 1.7331) | Train Acc: 1.0000 | Val Acc: 0.9333 | Val P/R/F1 (Macro): 0.5235/0.5504/0.5345 | LR: 0.000005
Epoch [37/100] | Loss: 2.0629 (Cls: 1.7998, TAL: -0.0266, Adv: 1.8074) | Train Acc: 0.9888 | Val Acc: 0.9250 | Val P/R/F1 (Macro): 0.5122/0.5391/0.5195 | LR: 0.000005
Epoch [38/100] | Loss: 2.0556 (Cls: 1.7690, TAL: 0.0638, Adv: 1.7832) | Train Acc: 0.9978 | Val Acc: 0.9083 | Val P/R/F1 (Macro): 0.4899/0.5370/0.5043 | LR: 0.000005
Epoch [39/100] | Loss: 2.0962 (Cls: 1.7854, TAL: 0.0173, Adv: 2.0373) | Train Acc: 1.0000 | Val Acc: 0.9417 | Val P/R/F1 (Macro): 0.5214/0.5470/0.5289 | LR: 0.000005
  >>> New Best Val Acc: 0.9417
Epoch [40/100] | Loss: 2.1638 (Cls: 1.7824, TAL: 0.0658, Adv: 2.4113) | Train Acc: 0.9978 | Val Acc: 0.9000 | Val P/R/F1 (Macro): 0.4912/0.5319/0.5033 | LR: 0.000005
Epoch [41/100] | Loss: 2.1982 (Cls: 1.7752, TAL: 0.0380, Adv: 2.7438) | Train Acc: 0.9978 | Val Acc: 0.9250 | Val P/R/F1 (Macro): 0.5252/0.5449/0.5315 | LR: 0.000005
Epoch [42/100] | Loss: 2.1251 (Cls: 1.7722, TAL: -0.1056, Adv: 2.5638) | Train Acc: 1.0000 | Val Acc: 0.9500 | Val P/R/F1 (Macro): 0.5192/0.5454/0.5248 | LR: 0.000005
  >>> New Best Val Acc: 0.9500
Epoch [43/100] | Loss: 2.0821 (Cls: 1.7807, TAL: -0.1891, Adv: 2.3876) | Train Acc: 0.9978 | Val Acc: 0.9583 | Val P/R/F1 (Macro): 0.5436/0.5519/0.5451 | LR: 0.000005
  >>> New Best Val Acc: 0.9583
Epoch [44/100] | Loss: 2.1290 (Cls: 1.7625, TAL: -0.0890, Adv: 2.6211) | Train Acc: 0.9978 | Val Acc: 0.9417 | Val P/R/F1 (Macro): 0.5167/0.5436/0.5226 | LR: 0.000005
Epoch [45/100] | Loss: 2.2200 (Cls: 1.7732, TAL: -0.0207, Adv: 3.0203) | Train Acc: 1.0000 | Val Acc: 0.9500 | Val P/R/F1 (Macro): 0.5346/0.5454/0.5337 | LR: 0.000005
Epoch [46/100] | Loss: 2.2466 (Cls: 1.7701, TAL: 0.1377, Adv: 2.9013) | Train Acc: 1.0000 | Val Acc: 0.9500 | Val P/R/F1 (Macro): 0.5432/0.5539/0.5476 | LR: 0.000005
Epoch [47/100] | Loss: 2.2422 (Cls: 1.7865, TAL: 0.1436, Adv: 2.7512) | Train Acc: 0.9978 | Val Acc: 0.9083 | Val P/R/F1 (Macro): 0.5099/0.5310/0.5129 | LR: 0.000005
Epoch [48/100] | Loss: 2.2483 (Cls: 1.8025, TAL: 0.0952, Adv: 2.7818) | Train Acc: 0.9933 | Val Acc: 0.9333 | Val P/R/F1 (Macro): 0.5223/0.5361/0.5218 | LR: 0.000005
Epoch [49/100] | Loss: 2.2366 (Cls: 1.7954, TAL: -0.0042, Adv: 2.9497) | Train Acc: 0.9978 | Val Acc: 0.9167 | Val P/R/F1 (Macro): 0.5101/0.5364/0.5182 | LR: 0.000005
Epoch [50/100] | Loss: 2.1709 (Cls: 1.7968, TAL: -0.2038, Adv: 2.9020) | Train Acc: 1.0000 | Val Acc: 0.9250 | Val P/R/F1 (Macro): 0.5108/0.5361/0.5182 | LR: 0.000005
Epoch [51/100] | Loss: 2.0810 (Cls: 1.7686, TAL: -0.3738, Adv: 2.8300) | Train Acc: 1.0000 | Val Acc: 0.9583 | Val P/R/F1 (Macro): 0.5382/0.5522/0.5433 | LR: 0.000005
Epoch [52/100] | Loss: 2.1180 (Cls: 1.7775, TAL: -0.4578, Adv: 3.1854) | Train Acc: 0.9978 | Val Acc: 0.9500 | Val P/R/F1 (Macro): 0.5322/0.5491/0.5373 | LR: 0.000005
Epoch [53/100] | Loss: 2.1240 (Cls: 1.7594, TAL: -0.5346, Adv: 3.4999) | Train Acc: 1.0000 | Val Acc: 0.9333 | Val P/R/F1 (Macro): 0.5041/0.5450/0.5176 | LR: 0.000005
Epoch [54/100] | Loss: 2.1011 (Cls: 1.7731, TAL: -0.5904, Adv: 3.3672) | Train Acc: 1.0000 | Val Acc: 0.9583 | Val P/R/F1 (Macro): 0.5494/0.5577/0.5513 | LR: 0.000003
Epoch [55/100] | Loss: 2.0015 (Cls: 1.7762, TAL: -0.6282, Adv: 2.7584) | Train Acc: 1.0000 | Val Acc: 0.9417 | Val P/R/F1 (Macro): 0.5250/0.5440/0.5279 | LR: 0.000003
Epoch [56/100] | Loss: 1.9937 (Cls: 1.7683, TAL: -0.6352, Adv: 2.7730) | Train Acc: 1.0000 | Val Acc: 0.9500 | Val P/R/F1 (Macro): 0.5314/0.5444/0.5341 | LR: 0.000003
Epoch [57/100] | Loss: 2.0645 (Cls: 1.7710, TAL: -0.6283, Adv: 3.2131) | Train Acc: 0.9955 | Val Acc: 0.9500 | Val P/R/F1 (Macro): 0.5310/0.5457/0.5346 | LR: 0.000003
Epoch [58/100] | Loss: 2.0587 (Cls: 1.7484, TAL: -0.6271, Adv: 3.3228) | Train Acc: 1.0000 | Val Acc: 0.9500 | Val P/R/F1 (Macro): 0.5288/0.5481/0.5353 | LR: 0.000003
Epoch [59/100] | Loss: 2.0408 (Cls: 1.7502, TAL: -0.6310, Adv: 3.1998) | Train Acc: 1.0000 | Val Acc: 0.9417 | Val P/R/F1 (Macro): 0.5062/0.5440/0.5144 | LR: 0.000003
Epoch [60/100] | Loss: 2.0006 (Cls: 1.7588, TAL: -0.6197, Adv: 2.8514) | Train Acc: 1.0000 | Val Acc: 0.9333 | Val P/R/F1 (Macro): 0.5045/0.5432/0.5125 | LR: 0.000003
Epoch [61/100] | Loss: 2.0337 (Cls: 1.7547, TAL: -0.6189, Adv: 3.0978) | Train Acc: 1.0000 | Val Acc: 0.9250 | Val P/R/F1 (Macro): 0.4970/0.5395/0.5038 | LR: 0.000003
Epoch [62/100] | Loss: 2.0642 (Cls: 1.7570, TAL: -0.6465, Adv: 3.3414) | Train Acc: 1.0000 | Val Acc: 0.9333 | Val P/R/F1 (Macro): 0.5253/0.5402/0.5275 | LR: 0.000003
Epoch [63/100] | Loss: 2.0664 (Cls: 1.7549, TAL: -0.6263, Adv: 3.3292) | Train Acc: 0.9978 | Val Acc: 0.9500 | Val P/R/F1 (Macro): 0.5315/0.5475/0.5372 | LR: 0.000003
Epoch [64/100] | Loss: 2.0314 (Cls: 1.7530, TAL: -0.6492, Adv: 3.1545) | Train Acc: 1.0000 | Val Acc: 0.9417 | Val P/R/F1 (Macro): 0.5262/0.5464/0.5331 | LR: 0.000003
Epoch [65/100] | Loss: 2.0478 (Cls: 1.7578, TAL: -0.6477, Adv: 3.2289) | Train Acc: 0.9978 | Val Acc: 0.9667 | Val P/R/F1 (Macro): 0.5477/0.5529/0.5478 | LR: 0.000003
  >>> New Best Val Acc: 0.9667
Epoch [66/100] | Loss: 2.0940 (Cls: 1.7542, TAL: -0.6633, Adv: 3.5923) | Train Acc: 1.0000 | Val Acc: 0.9583 | Val P/R/F1 (Macro): 0.5447/0.5508/0.5470 | LR: 0.000003
Epoch [67/100] | Loss: 2.0914 (Cls: 1.7487, TAL: -0.6370, Adv: 3.5591) | Train Acc: 0.9978 | Val Acc: 0.9250 | Val P/R/F1 (Macro): 0.4932/0.5395/0.5051 | LR: 0.000003
Epoch [68/100] | Loss: 2.0095 (Cls: 1.7435, TAL: -0.6537, Adv: 3.0807) | Train Acc: 1.0000 | Val Acc: 0.9667 | Val P/R/F1 (Macro): 0.5397/0.5502/0.5389 | LR: 0.000003
Epoch [69/100] | Loss: 2.0109 (Cls: 1.7493, TAL: -0.6568, Adv: 3.0577) | Train Acc: 1.0000 | Val Acc: 0.9333 | Val P/R/F1 (Macro): 0.4946/0.5402/0.5080 | LR: 0.000003
Epoch [70/100] | Loss: 2.0693 (Cls: 1.7520, TAL: -0.6644, Adv: 3.4440) | Train Acc: 0.9978 | Val Acc: 0.9167 | Val P/R/F1 (Macro): 0.4808/0.5374/0.4955 | LR: 0.000003
Epoch [71/100] | Loss: 2.1181 (Cls: 1.7611, TAL: -0.6231, Adv: 3.6262) | Train Acc: 0.9955 | Val Acc: 0.9250 | Val P/R/F1 (Macro): 0.5168/0.5365/0.5214 | LR: 0.000003
Epoch [72/100] | Loss: 2.1545 (Cls: 1.7529, TAL: -0.6059, Adv: 3.8889) | Train Acc: 1.0000 | Val Acc: 0.9500 | Val P/R/F1 (Macro): 0.5268/0.5485/0.5342 | LR: 0.000003
Epoch [73/100] | Loss: 2.1265 (Cls: 1.7447, TAL: -0.6485, Adv: 3.8424) | Train Acc: 1.0000 | Val Acc: 0.9500 | Val P/R/F1 (Macro): 0.5415/0.5454/0.5398 | LR: 0.000003
Epoch [74/100] | Loss: 2.0631 (Cls: 1.7451, TAL: -0.6248, Adv: 3.3699) | Train Acc: 1.0000 | Val Acc: 0.9583 | Val P/R/F1 (Macro): 0.5370/0.5485/0.5366 | LR: 0.000003
Epoch [75/100] | Loss: 2.0467 (Cls: 1.7404, TAL: -0.6340, Adv: 3.3101) | Train Acc: 1.0000 | Val Acc: 0.9333 | Val P/R/F1 (Macro): 0.5119/0.5422/0.5155 | LR: 0.000003
Epoch [76/100] | Loss: 2.0636 (Cls: 1.7502, TAL: -0.6562, Adv: 3.4019) | Train Acc: 1.0000 | Val Acc: 0.9667 | Val P/R/F1 (Macro): 0.5420/0.5488/0.5407 | LR: 0.000001
Epoch [77/100] | Loss: 2.0880 (Cls: 1.7426, TAL: -0.6984, Adv: 3.6995) | Train Acc: 0.9978 | Val Acc: 0.9750 | Val P/R/F1 (Macro): 0.5484/0.5519/0.5469 | LR: 0.000001
  >>> New Best Val Acc: 0.9750
Epoch [78/100] | Loss: 2.0792 (Cls: 1.7341, TAL: -0.6607, Adv: 3.6224) | Train Acc: 1.0000 | Val Acc: 0.9667 | Val P/R/F1 (Macro): 0.5463/0.5492/0.5466 | LR: 0.000001
Epoch [79/100] | Loss: 2.0448 (Cls: 1.7349, TAL: -0.6610, Adv: 3.3876) | Train Acc: 1.0000 | Val Acc: 0.9500 | Val P/R/F1 (Macro): 0.5321/0.5447/0.5347 | LR: 0.000001
Epoch [80/100] | Loss: 2.0772 (Cls: 1.7424, TAL: -0.6086, Adv: 3.4496) | Train Acc: 1.0000 | Val Acc: 0.8917 | Val P/R/F1 (Macro): 0.5174/0.5245/0.5107 | LR: 0.000001
Epoch [81/100] | Loss: 2.0930 (Cls: 1.7549, TAL: -0.6624, Adv: 3.5789) | Train Acc: 0.9955 | Val Acc: 0.9583 | Val P/R/F1 (Macro): 0.5370/0.5485/0.5366 | LR: 0.000001
Epoch [82/100] | Loss: 2.1111 (Cls: 1.7441, TAL: -0.4899, Adv: 3.4266) | Train Acc: 1.0000 | Val Acc: 0.9250 | Val P/R/F1 (Macro): 0.5240/0.5355/0.5253 | LR: 0.000001
Epoch [83/100] | Loss: 2.0716 (Cls: 1.7518, TAL: -0.5995, Adv: 3.3311) | Train Acc: 1.0000 | Val Acc: 0.9333 | Val P/R/F1 (Macro): 0.5244/0.5392/0.5248 | LR: 0.000001
Epoch [84/100] | Loss: 2.1220 (Cls: 1.7461, TAL: -0.5725, Adv: 3.6511) | Train Acc: 1.0000 | Val Acc: 0.9583 | Val P/R/F1 (Macro): 0.5395/0.5485/0.5392 | LR: 0.000001
Epoch [85/100] | Loss: 2.1346 (Cls: 1.7455, TAL: -0.5542, Adv: 3.7022) | Train Acc: 1.0000 | Val Acc: 0.9667 | Val P/R/F1 (Macro): 0.5420/0.5502/0.5414 | LR: 0.000001
Epoch [86/100] | Loss: 2.0697 (Cls: 1.7434, TAL: -0.5956, Adv: 3.3666) | Train Acc: 1.0000 | Val Acc: 0.9667 | Val P/R/F1 (Macro): 0.5380/0.5540/0.5443 | LR: 0.000001
Epoch [87/100] | Loss: 2.1139 (Cls: 1.7420, TAL: -0.4268, Adv: 3.3330) | Train Acc: 1.0000 | Val Acc: 0.9500 | Val P/R/F1 (Macro): 0.5314/0.5457/0.5367 | LR: 0.000001
Epoch [88/100] | Loss: 2.2335 (Cls: 1.7352, TAL: -0.2624, Adv: 3.8474) | Train Acc: 1.0000 | Val Acc: 0.9750 | Val P/R/F1 (Macro): 0.5446/0.5519/0.5437 | LR: 0.000001
Epoch [89/100] | Loss: 2.2133 (Cls: 1.7394, TAL: -0.3111, Adv: 3.7820) | Train Acc: 1.0000 | Val Acc: 0.9667 | Val P/R/F1 (Macro): 0.5521/0.5502/0.5489 | LR: 0.000001
Epoch [90/100] | Loss: 2.2209 (Cls: 1.7324, TAL: -0.2969, Adv: 3.8502) | Train Acc: 1.0000 | Val Acc: 0.9417 | Val P/R/F1 (Macro): 0.5332/0.5426/0.5354 | LR: 0.000001
Epoch [91/100] | Loss: 2.2453 (Cls: 1.7355, TAL: -0.1575, Adv: 3.7138) | Train Acc: 1.0000 | Val Acc: 0.9583 | Val P/R/F1 (Macro): 0.5370/0.5485/0.5366 | LR: 0.000001
Epoch [92/100] | Loss: 2.2457 (Cls: 1.7446, TAL: -0.2082, Adv: 3.7567) | Train Acc: 1.0000 | Val Acc: 0.9583 | Val P/R/F1 (Macro): 0.5386/0.5508/0.5428 | LR: 0.000001
Epoch [93/100] | Loss: 2.2378 (Cls: 1.7416, TAL: -0.2119, Adv: 3.7319) | Train Acc: 1.0000 | Val Acc: 0.9500 | Val P/R/F1 (Macro): 0.5354/0.5444/0.5375 | LR: 0.000001
Epoch [94/100] | Loss: 2.2471 (Cls: 1.7387, TAL: -0.1650, Adv: 3.7192) | Train Acc: 1.0000 | Val Acc: 0.9583 | Val P/R/F1 (Macro): 0.5386/0.5508/0.5428 | LR: 0.000001
Epoch [95/100] | Loss: 2.2710 (Cls: 1.7400, TAL: -0.2236, Adv: 3.9870) | Train Acc: 1.0000 | Val Acc: 0.9667 | Val P/R/F1 (Macro): 0.5459/0.5502/0.5447 | LR: 0.000001
Epoch [96/100] | Loss: 2.2770 (Cls: 1.7433, TAL: -0.3248, Adv: 4.2071) | Train Acc: 1.0000 | Val Acc: 0.9667 | Val P/R/F1 (Macro): 0.5411/0.5526/0.5450 | LR: 0.000001
Epoch [97/100] | Loss: 2.1930 (Cls: 1.7294, TAL: -0.3627, Adv: 3.8162) | Train Acc: 1.0000 | Val Acc: 0.9500 | Val P/R/F1 (Macro): 0.5422/0.5433/0.5395 | LR: 0.000001
Epoch [98/100] | Loss: 2.1058 (Cls: 1.7509, TAL: -0.4401, Adv: 3.2460) | Train Acc: 0.9978 | Val Acc: 0.9583 | Val P/R/F1 (Macro): 0.5599/0.5471/0.5514 | LR: 0.000001
Epoch [99/100] | Loss: 2.1950 (Cls: 1.7438, TAL: -0.3535, Adv: 3.7148) | Train Acc: 1.0000 | Val Acc: 0.9667 | Val P/R/F1 (Macro): 0.5459/0.5488/0.5440 | LR: 0.000001
Epoch [100/100] | Loss: 2.2150 (Cls: 1.7382, TAL: -0.4143, Adv: 4.0077) | Train Acc: 1.0000 | Val Acc: 0.9667 | Val P/R/F1 (Macro): 0.5459/0.5502/0.5447 | LR: 0.000001

迭代 3 最佳指标:
  Accuracy: 0.9750
  Precision (Macro): 0.5484
  Recall (Macro): 0.5519
  F1 (Macro): 0.5469
  Precision (Micro): 0.9750
  Recall (Micro): 0.9750
  F1 (Micro): 0.9750

================================================================================
迭代 4/5
随机种子: 45
================================================================================
Feature fusion: Tensor alignment (512+512 -> 128+128); fused_dim=256
Domain adaptation: Neural OT generator with 3-domain discriminator
Loss weights: tensor=0.30, adv=0.15
Epoch [1/100] | Loss: 7.0500 (Cls: 7.1005, TAL: -0.3131, Adv: 0.2900) | Train Acc: 0.2746 | Val Acc: 0.0917 | Val P/R/F1 (Macro): 0.0900/0.1367/0.0356 | LR: 0.000010
  >>> New Best Val Acc: 0.0917
Epoch [2/100] | Loss: 4.5141 (Cls: 4.5443, TAL: -0.3101, Adv: 0.4195) | Train Acc: 0.5580 | Val Acc: 0.1000 | Val P/R/F1 (Macro): 0.0498/0.1446/0.0284 | LR: 0.000010
  >>> New Best Val Acc: 0.1000
Epoch [3/100] | Loss: 3.7102 (Cls: 3.6271, TAL: -0.0540, Adv: 0.6624) | Train Acc: 0.7143 | Val Acc: 0.3000 | Val P/R/F1 (Macro): 0.2875/0.2362/0.1854 | LR: 0.000010
  >>> New Best Val Acc: 0.3000
Epoch [4/100] | Loss: 3.0651 (Cls: 2.9437, TAL: 0.0235, Adv: 0.7622) | Train Acc: 0.8616 | Val Acc: 0.5500 | Val P/R/F1 (Macro): 0.3845/0.4418/0.3420 | LR: 0.000010
  >>> New Best Val Acc: 0.5500
Epoch [5/100] | Loss: 2.9541 (Cls: 2.8010, TAL: 0.0238, Adv: 0.9729) | Train Acc: 0.8973 | Val Acc: 0.5167 | Val P/R/F1 (Macro): 0.4092/0.4394/0.3534 | LR: 0.000010
Epoch [6/100] | Loss: 2.7295 (Cls: 2.5460, TAL: 0.0841, Adv: 1.0552) | Train Acc: 0.9085 | Val Acc: 0.7917 | Val P/R/F1 (Macro): 0.4785/0.4849/0.4512 | LR: 0.000010
  >>> New Best Val Acc: 0.7917
Epoch [7/100] | Loss: 2.6129 (Cls: 2.4068, TAL: 0.0548, Adv: 1.2641) | Train Acc: 0.9353 | Val Acc: 0.8083 | Val P/R/F1 (Macro): 0.4468/0.5047/0.4572 | LR: 0.000010
  >>> New Best Val Acc: 0.8083
Epoch [8/100] | Loss: 2.4668 (Cls: 2.2404, TAL: 0.0077, Adv: 1.4937) | Train Acc: 0.9464 | Val Acc: 0.6667 | Val P/R/F1 (Macro): 0.4196/0.4519/0.3905 | LR: 0.000010
Epoch [9/100] | Loss: 2.3980 (Cls: 2.1703, TAL: -0.0045, Adv: 1.5270) | Train Acc: 0.9375 | Val Acc: 0.8167 | Val P/R/F1 (Macro): 0.4666/0.4894/0.4635 | LR: 0.000010
  >>> New Best Val Acc: 0.8167
Epoch [10/100] | Loss: 2.4317 (Cls: 2.1872, TAL: 0.0178, Adv: 1.5946) | Train Acc: 0.9487 | Val Acc: 0.6500 | Val P/R/F1 (Macro): 0.4734/0.4154/0.3920 | LR: 0.000010
Epoch [11/100] | Loss: 2.3532 (Cls: 2.1258, TAL: -0.0278, Adv: 1.5717) | Train Acc: 0.9688 | Val Acc: 0.8583 | Val P/R/F1 (Macro): 0.4662/0.5154/0.4768 | LR: 0.000010
  >>> New Best Val Acc: 0.8583
Epoch [12/100] | Loss: 2.3085 (Cls: 2.0409, TAL: -0.0074, Adv: 1.7994) | Train Acc: 0.9754 | Val Acc: 0.9000 | Val P/R/F1 (Macro): 0.5357/0.5288/0.5296 | LR: 0.000010
  >>> New Best Val Acc: 0.9000
Epoch [13/100] | Loss: 2.2663 (Cls: 1.9991, TAL: -0.0868, Adv: 1.9548) | Train Acc: 0.9688 | Val Acc: 0.9000 | Val P/R/F1 (Macro): 0.5050/0.5289/0.5102 | LR: 0.000010
Epoch [14/100] | Loss: 2.2691 (Cls: 1.9738, TAL: -0.0977, Adv: 2.1637) | Train Acc: 0.9777 | Val Acc: 0.9000 | Val P/R/F1 (Macro): 0.5071/0.5241/0.5058 | LR: 0.000010
Epoch [15/100] | Loss: 2.1966 (Cls: 1.9430, TAL: -0.1793, Adv: 2.0494) | Train Acc: 0.9844 | Val Acc: 0.8750 | Val P/R/F1 (Macro): 0.5022/0.4941/0.4871 | LR: 0.000010
Epoch [16/100] | Loss: 2.2383 (Cls: 1.9872, TAL: -0.1144, Adv: 1.9031) | Train Acc: 0.9777 | Val Acc: 0.8750 | Val P/R/F1 (Macro): 0.4719/0.5229/0.4876 | LR: 0.000010
Epoch [17/100] | Loss: 2.2412 (Cls: 1.9374, TAL: -0.0336, Adv: 2.0929) | Train Acc: 0.9911 | Val Acc: 0.8000 | Val P/R/F1 (Macro): 0.4669/0.4941/0.4585 | LR: 0.000010
Epoch [18/100] | Loss: 2.3843 (Cls: 1.9875, TAL: -0.0693, Adv: 2.7840) | Train Acc: 0.9732 | Val Acc: 0.8833 | Val P/R/F1 (Macro): 0.4892/0.5294/0.4981 | LR: 0.000010
Epoch [19/100] | Loss: 2.3666 (Cls: 1.9200, TAL: -0.0943, Adv: 3.1658) | Train Acc: 0.9888 | Val Acc: 0.8667 | Val P/R/F1 (Macro): 0.4639/0.5168/0.4736 | LR: 0.000010
Epoch [20/100] | Loss: 2.2807 (Cls: 1.8782, TAL: -0.1502, Adv: 2.9838) | Train Acc: 0.9888 | Val Acc: 0.8000 | Val P/R/F1 (Macro): 0.4516/0.5012/0.4571 | LR: 0.000010
Epoch [21/100] | Loss: 2.1749 (Cls: 1.8722, TAL: -0.2061, Adv: 2.4306) | Train Acc: 0.9866 | Val Acc: 0.9167 | Val P/R/F1 (Macro): 0.4935/0.5354/0.5098 | LR: 0.000010
  >>> New Best Val Acc: 0.9167
Epoch [22/100] | Loss: 2.0535 (Cls: 1.8340, TAL: -0.1576, Adv: 1.7786) | Train Acc: 0.9955 | Val Acc: 0.9583 | Val P/R/F1 (Macro): 0.5428/0.5471/0.5416 | LR: 0.000010
  >>> New Best Val Acc: 0.9583
Epoch [23/100] | Loss: 2.0209 (Cls: 1.8405, TAL: -0.1634, Adv: 1.5293) | Train Acc: 0.9844 | Val Acc: 0.8000 | Val P/R/F1 (Macro): 0.4470/0.4824/0.4396 | LR: 0.000010
Epoch [24/100] | Loss: 2.0880 (Cls: 1.8605, TAL: -0.1626, Adv: 1.8417) | Train Acc: 0.9911 | Val Acc: 0.9333 | Val P/R/F1 (Macro): 0.5269/0.5409/0.5317 | LR: 0.000010
Epoch [25/100] | Loss: 2.1286 (Cls: 1.8256, TAL: -0.1465, Adv: 2.3132) | Train Acc: 0.9955 | Val Acc: 0.8833 | Val P/R/F1 (Macro): 0.4690/0.5270/0.4772 | LR: 0.000010
Epoch [26/100] | Loss: 2.2067 (Cls: 1.8710, TAL: -0.0610, Adv: 2.3604) | Train Acc: 0.9821 | Val Acc: 0.8833 | Val P/R/F1 (Macro): 0.4880/0.5257/0.4982 | LR: 0.000010
Epoch [27/100] | Loss: 2.1622 (Cls: 1.8768, TAL: 0.0423, Adv: 1.8177) | Train Acc: 0.9911 | Val Acc: 0.9000 | Val P/R/F1 (Macro): 0.4762/0.5339/0.4960 | LR: 0.000010
Epoch [28/100] | Loss: 1.9896 (Cls: 1.8264, TAL: -0.0100, Adv: 1.1078) | Train Acc: 0.9933 | Val Acc: 0.9583 | Val P/R/F1 (Macro): 0.5239/0.5519/0.5356 | LR: 0.000010
Epoch [29/100] | Loss: 1.9674 (Cls: 1.8279, TAL: -0.0608, Adv: 1.0521) | Train Acc: 0.9911 | Val Acc: 0.8750 | Val P/R/F1 (Macro): 0.4582/0.5243/0.4772 | LR: 0.000010
Epoch [30/100] | Loss: 1.9943 (Cls: 1.8017, TAL: -0.0963, Adv: 1.4766) | Train Acc: 0.9955 | Val Acc: 0.8917 | Val P/R/F1 (Macro): 0.4757/0.5251/0.4884 | LR: 0.000010
Epoch [31/100] | Loss: 2.0630 (Cls: 1.8029, TAL: -0.1068, Adv: 1.9477) | Train Acc: 0.9955 | Val Acc: 0.9250 | Val P/R/F1 (Macro): 0.5043/0.5401/0.5173 | LR: 0.000010
Epoch [32/100] | Loss: 2.1328 (Cls: 1.7978, TAL: -0.1475, Adv: 2.5285) | Train Acc: 0.9955 | Val Acc: 0.9250 | Val P/R/F1 (Macro): 0.5018/0.5361/0.5111 | LR: 0.000010
Epoch [33/100] | Loss: 2.1507 (Cls: 1.7807, TAL: -0.1134, Adv: 2.6933) | Train Acc: 0.9978 | Val Acc: 0.8833 | Val P/R/F1 (Macro): 0.4665/0.5284/0.4814 | LR: 0.000005
Epoch [34/100] | Loss: 2.1261 (Cls: 1.7781, TAL: -0.1267, Adv: 2.5735) | Train Acc: 0.9933 | Val Acc: 0.9250 | Val P/R/F1 (Macro): 0.5258/0.5314/0.5154 | LR: 0.000005
Epoch [35/100] | Loss: 2.0788 (Cls: 1.7838, TAL: -0.1236, Adv: 2.2138) | Train Acc: 0.9978 | Val Acc: 0.9583 | Val P/R/F1 (Macro): 0.5241/0.5471/0.5296 | LR: 0.000005
Epoch [36/100] | Loss: 2.0322 (Cls: 1.7647, TAL: -0.1974, Adv: 2.1781) | Train Acc: 1.0000 | Val Acc: 0.9417 | Val P/R/F1 (Macro): 0.5063/0.5436/0.5142 | LR: 0.000005
Epoch [37/100] | Loss: 2.0504 (Cls: 1.7650, TAL: -0.2838, Adv: 2.4703) | Train Acc: 0.9888 | Val Acc: 0.9333 | Val P/R/F1 (Macro): 0.4959/0.5409/0.5064 | LR: 0.000005
Epoch [38/100] | Loss: 2.1023 (Cls: 1.7626, TAL: -0.3073, Adv: 2.8789) | Train Acc: 0.9978 | Val Acc: 0.9417 | Val P/R/F1 (Macro): 0.5075/0.5426/0.5190 | LR: 0.000005
Epoch [39/100] | Loss: 2.1230 (Cls: 1.7650, TAL: -0.3546, Adv: 3.0961) | Train Acc: 1.0000 | Val Acc: 0.9333 | Val P/R/F1 (Macro): 0.4994/0.5361/0.5082 | LR: 0.000005
Epoch [40/100] | Loss: 2.1166 (Cls: 1.7555, TAL: -0.2775, Adv: 2.9619) | Train Acc: 1.0000 | Val Acc: 0.9333 | Val P/R/F1 (Macro): 0.5118/0.5351/0.5119 | LR: 0.000005
Epoch [41/100] | Loss: 2.1256 (Cls: 1.7770, TAL: -0.2525, Adv: 2.8291) | Train Acc: 0.9978 | Val Acc: 0.9000 | Val P/R/F1 (Macro): 0.4796/0.5329/0.4967 | LR: 0.000005
Epoch [42/100] | Loss: 2.1465 (Cls: 1.7686, TAL: -0.2375, Adv: 2.9940) | Train Acc: 1.0000 | Val Acc: 0.8667 | Val P/R/F1 (Macro): 0.4679/0.5130/0.4664 | LR: 0.000005
Epoch [43/100] | Loss: 2.1627 (Cls: 1.7686, TAL: -0.2334, Adv: 3.0945) | Train Acc: 1.0000 | Val Acc: 0.9250 | Val P/R/F1 (Macro): 0.4968/0.5252/0.4942 | LR: 0.000005
Epoch [44/100] | Loss: 2.1325 (Cls: 1.7617, TAL: -0.2550, Adv: 2.9819) | Train Acc: 0.9978 | Val Acc: 0.9250 | Val P/R/F1 (Macro): 0.4937/0.5371/0.5069 | LR: 0.000003
Epoch [45/100] | Loss: 2.0880 (Cls: 1.7550, TAL: -0.2449, Adv: 2.7100) | Train Acc: 0.9955 | Val Acc: 0.9250 | Val P/R/F1 (Macro): 0.4960/0.5361/0.5041 | LR: 0.000003
Epoch [46/100] | Loss: 2.0855 (Cls: 1.7486, TAL: -0.2453, Adv: 2.7360) | Train Acc: 0.9978 | Val Acc: 0.9167 | Val P/R/F1 (Macro): 0.5017/0.5344/0.5059 | LR: 0.000003
Epoch [47/100] | Loss: 2.1213 (Cls: 1.7441, TAL: -0.2784, Adv: 3.0712) | Train Acc: 0.9978 | Val Acc: 0.8917 | Val P/R/F1 (Macro): 0.4937/0.5182/0.4859 | LR: 0.000003
Epoch [48/100] | Loss: 2.1642 (Cls: 1.7401, TAL: -0.2756, Adv: 3.3786) | Train Acc: 1.0000 | Val Acc: 0.9083 | Val P/R/F1 (Macro): 0.4918/0.5227/0.4881 | LR: 0.000003
Epoch [49/100] | Loss: 2.1678 (Cls: 1.7487, TAL: -0.2959, Adv: 3.3854) | Train Acc: 1.0000 | Val Acc: 0.9417 | Val P/R/F1 (Macro): 0.5040/0.5307/0.5036 | LR: 0.000003
Epoch [50/100] | Loss: 2.1016 (Cls: 1.7463, TAL: -0.3108, Adv: 2.9901) | Train Acc: 1.0000 | Val Acc: 0.9417 | Val P/R/F1 (Macro): 0.5032/0.5354/0.5102 | LR: 0.000003
Epoch [51/100] | Loss: 2.1098 (Cls: 1.7561, TAL: -0.3255, Adv: 3.0093) | Train Acc: 0.9955 | Val Acc: 0.9250 | Val P/R/F1 (Macro): 0.5008/0.5289/0.5017 | LR: 0.000003
Epoch [52/100] | Loss: 2.1851 (Cls: 1.7687, TAL: -0.2754, Adv: 3.3270) | Train Acc: 0.9978 | Val Acc: 0.9500 | Val P/R/F1 (Macro): 0.5278/0.5444/0.5295 | LR: 0.000003
Epoch [53/100] | Loss: 2.1870 (Cls: 1.7478, TAL: -0.2778, Adv: 3.4835) | Train Acc: 1.0000 | Val Acc: 0.9417 | Val P/R/F1 (Macro): 0.5245/0.5416/0.5250 | LR: 0.000003
Epoch [54/100] | Loss: 2.2181 (Cls: 1.7674, TAL: -0.1544, Adv: 3.3131) | Train Acc: 0.9978 | Val Acc: 0.9500 | Val P/R/F1 (Macro): 0.5089/0.5372/0.5121 | LR: 0.000003
Epoch [55/100] | Loss: 2.1554 (Cls: 1.7635, TAL: -0.1946, Adv: 3.0019) | Train Acc: 0.9978 | Val Acc: 0.9333 | Val P/R/F1 (Macro): 0.5043/0.5327/0.5071 | LR: 0.000001
Epoch [56/100] | Loss: 2.1170 (Cls: 1.7489, TAL: -0.1894, Adv: 2.8325) | Train Acc: 1.0000 | Val Acc: 0.9417 | Val P/R/F1 (Macro): 0.5146/0.5406/0.5172 | LR: 0.000001
Epoch [57/100] | Loss: 2.1382 (Cls: 1.7417, TAL: -0.1848, Adv: 3.0127) | Train Acc: 1.0000 | Val Acc: 0.9417 | Val P/R/F1 (Macro): 0.5032/0.5354/0.5102 | LR: 0.000001
Epoch [58/100] | Loss: 2.1903 (Cls: 1.7450, TAL: -0.1824, Adv: 3.3336) | Train Acc: 0.9978 | Val Acc: 0.9083 | Val P/R/F1 (Macro): 0.5060/0.5227/0.4977 | LR: 0.000001
Epoch [59/100] | Loss: 2.2161 (Cls: 1.7566, TAL: -0.1803, Adv: 3.4244) | Train Acc: 0.9978 | Val Acc: 0.9167 | Val P/R/F1 (Macro): 0.4888/0.5292/0.4946 | LR: 0.000001
Epoch [60/100] | Loss: 2.1558 (Cls: 1.7341, TAL: -0.1861, Adv: 3.1833) | Train Acc: 1.0000 | Val Acc: 0.9250 | Val P/R/F1 (Macro): 0.4897/0.5381/0.5030 | LR: 0.000001
Epoch [61/100] | Loss: 2.1759 (Cls: 1.7497, TAL: -0.1742, Adv: 3.1897) | Train Acc: 0.9978 | Val Acc: 0.8917 | Val P/R/F1 (Macro): 0.4881/0.5220/0.4847 | LR: 0.000001
Epoch [62/100] | Loss: 2.1780 (Cls: 1.7405, TAL: -0.2240, Adv: 3.3646) | Train Acc: 1.0000 | Val Acc: 0.9083 | Val P/R/F1 (Macro): 0.4918/0.5275/0.4917 | LR: 0.000001
Epoch [63/100] | Loss: 2.2324 (Cls: 1.7526, TAL: -0.2238, Adv: 3.6464) | Train Acc: 1.0000 | Val Acc: 0.9167 | Val P/R/F1 (Macro): 0.4888/0.5292/0.4946 | LR: 0.000001
Epoch [64/100] | Loss: 2.2413 (Cls: 1.7491, TAL: -0.1703, Adv: 3.6214) | Train Acc: 0.9955 | Val Acc: 0.9333 | Val P/R/F1 (Macro): 0.4960/0.5399/0.5067 | LR: 0.000001
Epoch [65/100] | Loss: 2.2227 (Cls: 1.7431, TAL: -0.1712, Adv: 3.5399) | Train Acc: 1.0000 | Val Acc: 0.9333 | Val P/R/F1 (Macro): 0.4960/0.5399/0.5067 | LR: 0.000001
Epoch [66/100] | Loss: 2.2055 (Cls: 1.7432, TAL: -0.1518, Adv: 3.3859) | Train Acc: 1.0000 | Val Acc: 0.9417 | Val P/R/F1 (Macro): 0.5071/0.5354/0.5099 | LR: 0.000001
Epoch [67/100] | Loss: 2.2260 (Cls: 1.7493, TAL: -0.1469, Adv: 3.4719) | Train Acc: 1.0000 | Val Acc: 0.9250 | Val P/R/F1 (Macro): 0.5096/0.5309/0.5072 | LR: 0.000001
Epoch [68/100] | Loss: 2.2375 (Cls: 1.7426, TAL: -0.1172, Adv: 3.5340) | Train Acc: 1.0000 | Val Acc: 0.9417 | Val P/R/F1 (Macro): 0.5071/0.5354/0.5099 | LR: 0.000001
Epoch [69/100] | Loss: 2.2383 (Cls: 1.7399, TAL: -0.1509, Adv: 3.6249) | Train Acc: 1.0000 | Val Acc: 0.9250 | Val P/R/F1 (Macro): 0.5012/0.5319/0.5024 | LR: 0.000001
Epoch [70/100] | Loss: 2.2471 (Cls: 1.7381, TAL: -0.1540, Adv: 3.7015) | Train Acc: 1.0000 | Val Acc: 0.9250 | Val P/R/F1 (Macro): 0.4960/0.5371/0.5048 | LR: 0.000001
Epoch [71/100] | Loss: 2.2324 (Cls: 1.7373, TAL: -0.1571, Adv: 3.6147) | Train Acc: 1.0000 | Val Acc: 0.9083 | Val P/R/F1 (Macro): 0.4861/0.5275/0.4911 | LR: 0.000001
Epoch [72/100] | Loss: 2.2701 (Cls: 1.7458, TAL: -0.1219, Adv: 3.7390) | Train Acc: 0.9978 | Val Acc: 0.9417 | Val P/R/F1 (Macro): 0.5032/0.5426/0.5141 | LR: 0.000001
Epoch [73/100] | Loss: 2.2897 (Cls: 1.7382, TAL: -0.0730, Adv: 3.8224) | Train Acc: 1.0000 | Val Acc: 0.9417 | Val P/R/F1 (Macro): 0.5032/0.5426/0.5141 | LR: 0.000001
Epoch [74/100] | Loss: 2.2701 (Cls: 1.7471, TAL: -0.0672, Adv: 3.6212) | Train Acc: 1.0000 | Val Acc: 0.9250 | Val P/R/F1 (Macro): 0.4909/0.5371/0.5004 | LR: 0.000001
Epoch [75/100] | Loss: 2.3004 (Cls: 1.7520, TAL: -0.0175, Adv: 3.6904) | Train Acc: 0.9978 | Val Acc: 0.9167 | Val P/R/F1 (Macro): 0.4857/0.5344/0.4975 | LR: 0.000001
Epoch [76/100] | Loss: 2.2515 (Cls: 1.7388, TAL: -0.0589, Adv: 3.5353) | Train Acc: 1.0000 | Val Acc: 0.9083 | Val P/R/F1 (Macro): 0.4846/0.5316/0.4978 | LR: 0.000001
Epoch [77/100] | Loss: 2.2678 (Cls: 1.7473, TAL: -0.0339, Adv: 3.5382) | Train Acc: 0.9978 | Val Acc: 0.9500 | Val P/R/F1 (Macro): 0.5139/0.5444/0.5227 | LR: 0.000001
Epoch [78/100] | Loss: 2.2959 (Cls: 1.7347, TAL: -0.0162, Adv: 3.7739) | Train Acc: 1.0000 | Val Acc: 0.9417 | Val P/R/F1 (Macro): 0.5032/0.5426/0.5141 | LR: 0.000001
Epoch [79/100] | Loss: 2.2680 (Cls: 1.7369, TAL: -0.0236, Adv: 3.5880) | Train Acc: 1.0000 | Val Acc: 0.9333 | Val P/R/F1 (Macro): 0.4960/0.5399/0.5067 | LR: 0.000001
Epoch [80/100] | Loss: 2.2677 (Cls: 1.7405, TAL: -0.0257, Adv: 3.5661) | Train Acc: 0.9978 | Val Acc: 0.9333 | Val P/R/F1 (Macro): 0.4960/0.5399/0.5067 | LR: 0.000001
Epoch [81/100] | Loss: 2.3001 (Cls: 1.7351, TAL: -0.0264, Adv: 3.8195) | Train Acc: 0.9978 | Val Acc: 0.9333 | Val P/R/F1 (Macro): 0.4960/0.5399/0.5067 | LR: 0.000001
Epoch [82/100] | Loss: 2.3061 (Cls: 1.7404, TAL: -0.0439, Adv: 3.8591) | Train Acc: 1.0000 | Val Acc: 0.9333 | Val P/R/F1 (Macro): 0.4960/0.5399/0.5067 | LR: 0.000001
Epoch [83/100] | Loss: 2.2751 (Cls: 1.7367, TAL: -0.0650, Adv: 3.7191) | Train Acc: 0.9955 | Val Acc: 0.9333 | Val P/R/F1 (Macro): 0.4960/0.5399/0.5067 | LR: 0.000001
Epoch [84/100] | Loss: 2.2739 (Cls: 1.7364, TAL: -0.1013, Adv: 3.7864) | Train Acc: 1.0000 | Val Acc: 0.9167 | Val P/R/F1 (Macro): 0.4870/0.5282/0.4923 | LR: 0.000001
Epoch [85/100] | Loss: 2.3137 (Cls: 1.7378, TAL: -0.0566, Adv: 3.9523) | Train Acc: 1.0000 | Val Acc: 0.9250 | Val P/R/F1 (Macro): 0.4921/0.5371/0.5018 | LR: 0.000001
Epoch [86/100] | Loss: 2.2864 (Cls: 1.7417, TAL: -0.1194, Adv: 3.8704) | Train Acc: 1.0000 | Val Acc: 0.9167 | Val P/R/F1 (Macro): 0.4857/0.5354/0.4981 | LR: 0.000001
Epoch [87/100] | Loss: 2.3077 (Cls: 1.7339, TAL: -0.1271, Adv: 4.0800) | Train Acc: 1.0000 | Val Acc: 0.9250 | Val P/R/F1 (Macro): 0.4921/0.5371/0.5018 | LR: 0.000001
Epoch [88/100] | Loss: 2.2996 (Cls: 1.7315, TAL: -0.1394, Adv: 4.0654) | Train Acc: 1.0000 | Val Acc: 0.9250 | Val P/R/F1 (Macro): 0.4921/0.5371/0.5018 | LR: 0.000001
Epoch [89/100] | Loss: 2.2982 (Cls: 1.7337, TAL: -0.1073, Adv: 3.9783) | Train Acc: 0.9978 | Val Acc: 0.9250 | Val P/R/F1 (Macro): 0.4921/0.5371/0.5018 | LR: 0.000001
Epoch [90/100] | Loss: 2.2985 (Cls: 1.7335, TAL: -0.1317, Adv: 4.0301) | Train Acc: 1.0000 | Val Acc: 0.9250 | Val P/R/F1 (Macro): 0.4921/0.5371/0.5018 | LR: 0.000001
Epoch [91/100] | Loss: 2.3079 (Cls: 1.7314, TAL: -0.0878, Adv: 4.0190) | Train Acc: 1.0000 | Val Acc: 0.9250 | Val P/R/F1 (Macro): 0.4921/0.5371/0.5018 | LR: 0.000001
Epoch [92/100] | Loss: 2.2901 (Cls: 1.7329, TAL: -0.1153, Adv: 3.9453) | Train Acc: 1.0000 | Val Acc: 0.9167 | Val P/R/F1 (Macro): 0.4857/0.5344/0.4975 | LR: 0.000001
Epoch [93/100] | Loss: 2.2863 (Cls: 1.7297, TAL: -0.0853, Adv: 3.8815) | Train Acc: 1.0000 | Val Acc: 0.9250 | Val P/R/F1 (Macro): 0.4921/0.5371/0.5018 | LR: 0.000001
Epoch [94/100] | Loss: 2.3102 (Cls: 1.7332, TAL: -0.0985, Adv: 4.0438) | Train Acc: 1.0000 | Val Acc: 0.9250 | Val P/R/F1 (Macro): 0.4921/0.5371/0.5018 | LR: 0.000001
Epoch [95/100] | Loss: 2.2978 (Cls: 1.7330, TAL: -0.1006, Adv: 3.9664) | Train Acc: 1.0000 | Val Acc: 0.9167 | Val P/R/F1 (Macro): 0.4898/0.5344/0.5019 | LR: 0.000001
Epoch [96/100] | Loss: 2.3036 (Cls: 1.7279, TAL: -0.0991, Adv: 4.0361) | Train Acc: 1.0000 | Val Acc: 0.9333 | Val P/R/F1 (Macro): 0.4960/0.5399/0.5067 | LR: 0.000001
Epoch [97/100] | Loss: 2.3442 (Cls: 1.7469, TAL: -0.0900, Adv: 4.1618) | Train Acc: 0.9978 | Val Acc: 0.9333 | Val P/R/F1 (Macro): 0.4960/0.5399/0.5067 | LR: 0.000001
Epoch [98/100] | Loss: 2.2986 (Cls: 1.7305, TAL: -0.1285, Adv: 4.0442) | Train Acc: 1.0000 | Val Acc: 0.9417 | Val P/R/F1 (Macro): 0.5032/0.5426/0.5141 | LR: 0.000001
Epoch [99/100] | Loss: 2.2809 (Cls: 1.7415, TAL: -0.1965, Adv: 3.9886) | Train Acc: 1.0000 | Val Acc: 0.9333 | Val P/R/F1 (Macro): 0.4960/0.5337/0.5034 | LR: 0.000001
Epoch [100/100] | Loss: 2.3197 (Cls: 1.7522, TAL: -0.1551, Adv: 4.0935) | Train Acc: 1.0000 | Val Acc: 0.9417 | Val P/R/F1 (Macro): 0.5032/0.5426/0.5141 | LR: 0.000001

迭代 4 最佳指标:
  Accuracy: 0.9583
  Precision (Macro): 0.5428
  Recall (Macro): 0.5471
  F1 (Macro): 0.5416
  Precision (Micro): 0.9583
  Recall (Micro): 0.9583
  F1 (Micro): 0.9583

================================================================================
迭代 5/5
随机种子: 46
================================================================================
Feature fusion: Tensor alignment (512+512 -> 128+128); fused_dim=256
Domain adaptation: Neural OT generator with 3-domain discriminator
Loss weights: tensor=0.30, adv=0.15
Epoch [1/100] | Loss: 7.0994 (Cls: 7.1021, TAL: -0.1725, Adv: 0.3274) | Train Acc: 0.2254 | Val Acc: 0.0417 | Val P/R/F1 (Macro): 0.0078/0.0893/0.0128 | LR: 0.000010
  >>> New Best Val Acc: 0.0417
Epoch [2/100] | Loss: 4.8806 (Cls: 4.7802, TAL: 0.0601, Adv: 0.5490) | Train Acc: 0.5246 | Val Acc: 0.0917 | Val P/R/F1 (Macro): 0.0129/0.1429/0.0234 | LR: 0.000010
  >>> New Best Val Acc: 0.0917
Epoch [3/100] | Loss: 4.1623 (Cls: 4.0771, TAL: -0.0754, Adv: 0.7189) | Train Acc: 0.7076 | Val Acc: 0.4333 | Val P/R/F1 (Macro): 0.1871/0.2451/0.1835 | LR: 0.000010
  >>> New Best Val Acc: 0.4333
Epoch [4/100] | Loss: 3.5114 (Cls: 3.4125, TAL: -0.1201, Adv: 0.8994) | Train Acc: 0.7634 | Val Acc: 0.4667 | Val P/R/F1 (Macro): 0.2983/0.2938/0.2364 | LR: 0.000010
  >>> New Best Val Acc: 0.4667
Epoch [5/100] | Loss: 3.0938 (Cls: 2.9737, TAL: -0.0898, Adv: 0.9802) | Train Acc: 0.8661 | Val Acc: 0.6417 | Val P/R/F1 (Macro): 0.3152/0.3581/0.3129 | LR: 0.000010
  >>> New Best Val Acc: 0.6417
Epoch [6/100] | Loss: 2.7591 (Cls: 2.6177, TAL: -0.1018, Adv: 1.1462) | Train Acc: 0.8795 | Val Acc: 0.5167 | Val P/R/F1 (Macro): 0.2581/0.3267/0.2341 | LR: 0.000010
Epoch [7/100] | Loss: 2.6703 (Cls: 2.5153, TAL: -0.1585, Adv: 1.3501) | Train Acc: 0.9062 | Val Acc: 0.6417 | Val P/R/F1 (Macro): 0.4437/0.4392/0.3704 | LR: 0.000010
Epoch [8/100] | Loss: 2.5121 (Cls: 2.3152, TAL: -0.1326, Adv: 1.5780) | Train Acc: 0.9286 | Val Acc: 0.7083 | Val P/R/F1 (Macro): 0.4314/0.4667/0.4227 | LR: 0.000010
  >>> New Best Val Acc: 0.7083
Epoch [9/100] | Loss: 2.4929 (Cls: 2.2709, TAL: -0.1008, Adv: 1.6817) | Train Acc: 0.9420 | Val Acc: 0.7833 | Val P/R/F1 (Macro): 0.4837/0.4932/0.4673 | LR: 0.000010
  >>> New Best Val Acc: 0.7833
Epoch [10/100] | Loss: 2.4425 (Cls: 2.2061, TAL: -0.0600, Adv: 1.6965) | Train Acc: 0.9442 | Val Acc: 0.5500 | Val P/R/F1 (Macro): 0.4236/0.4077/0.3324 | LR: 0.000010
Epoch [11/100] | Loss: 2.4619 (Cls: 2.1818, TAL: -0.0200, Adv: 1.9071) | Train Acc: 0.9554 | Val Acc: 0.7667 | Val P/R/F1 (Macro): 0.4448/0.4918/0.4425 | LR: 0.000010
Epoch [12/100] | Loss: 2.3965 (Cls: 2.1015, TAL: -0.0539, Adv: 2.0748) | Train Acc: 0.9576 | Val Acc: 0.8333 | Val P/R/F1 (Macro): 0.4715/0.5166/0.4824 | LR: 0.000010
  >>> New Best Val Acc: 0.8333
Epoch [13/100] | Loss: 2.3186 (Cls: 2.0541, TAL: -0.1497, Adv: 2.0632) | Train Acc: 0.9710 | Val Acc: 0.7500 | Val P/R/F1 (Macro): 0.4322/0.4958/0.4335 | LR: 0.000010
Epoch [14/100] | Loss: 2.2688 (Cls: 2.0020, TAL: -0.1506, Adv: 2.0799) | Train Acc: 0.9710 | Val Acc: 0.6917 | Val P/R/F1 (Macro): 0.4853/0.4660/0.4417 | LR: 0.000010
Epoch [15/100] | Loss: 2.2858 (Cls: 1.9946, TAL: -0.1191, Adv: 2.1795) | Train Acc: 0.9799 | Val Acc: 0.8750 | Val P/R/F1 (Macro): 0.5047/0.5267/0.5047 | LR: 0.000010
  >>> New Best Val Acc: 0.8750
Epoch [16/100] | Loss: 2.2809 (Cls: 1.9848, TAL: -0.1454, Adv: 2.2653) | Train Acc: 0.9866 | Val Acc: 0.7667 | Val P/R/F1 (Macro): 0.4497/0.4898/0.4369 | LR: 0.000010
Epoch [17/100] | Loss: 2.2715 (Cls: 1.9578, TAL: -0.1684, Adv: 2.4279) | Train Acc: 0.9844 | Val Acc: 0.7833 | Val P/R/F1 (Macro): 0.4804/0.5075/0.4838 | LR: 0.000010
Epoch [18/100] | Loss: 2.2707 (Cls: 1.9513, TAL: -0.1529, Adv: 2.4354) | Train Acc: 0.9866 | Val Acc: 0.8250 | Val P/R/F1 (Macro): 0.4562/0.5162/0.4629 | LR: 0.000010
Epoch [19/100] | Loss: 2.2615 (Cls: 1.9680, TAL: -0.1079, Adv: 2.1724) | Train Acc: 0.9710 | Val Acc: 0.8833 | Val P/R/F1 (Macro): 0.4787/0.5267/0.4894 | LR: 0.000010
  >>> New Best Val Acc: 0.8833
Epoch [20/100] | Loss: 2.2249 (Cls: 1.9263, TAL: -0.1056, Adv: 2.2020) | Train Acc: 0.9844 | Val Acc: 0.8833 | Val P/R/F1 (Macro): 0.4659/0.5362/0.4897 | LR: 0.000010
Epoch [21/100] | Loss: 2.2599 (Cls: 1.9447, TAL: -0.1334, Adv: 2.3679) | Train Acc: 0.9754 | Val Acc: 0.8583 | Val P/R/F1 (Macro): 0.4795/0.5218/0.4874 | LR: 0.000010
Epoch [22/100] | Loss: 2.3005 (Cls: 1.9104, TAL: -0.2048, Adv: 3.0104) | Train Acc: 0.9933 | Val Acc: 0.8833 | Val P/R/F1 (Macro): 0.4781/0.5284/0.4863 | LR: 0.000010
Epoch [23/100] | Loss: 2.3419 (Cls: 1.8710, TAL: -0.2223, Adv: 3.5836) | Train Acc: 0.9888 | Val Acc: 0.8750 | Val P/R/F1 (Macro): 0.4940/0.5219/0.4923 | LR: 0.000010
Epoch [24/100] | Loss: 2.3162 (Cls: 1.8801, TAL: -0.1804, Adv: 3.2683) | Train Acc: 0.9866 | Val Acc: 0.8250 | Val P/R/F1 (Macro): 0.4702/0.5277/0.4786 | LR: 0.000010
Epoch [25/100] | Loss: 2.1865 (Cls: 1.8341, TAL: -0.1446, Adv: 2.6383) | Train Acc: 0.9933 | Val Acc: 0.8750 | Val P/R/F1 (Macro): 0.4954/0.5267/0.4955 | LR: 0.000010
Epoch [26/100] | Loss: 2.0708 (Cls: 1.8283, TAL: -0.1878, Adv: 1.9922) | Train Acc: 0.9955 | Val Acc: 0.9333 | Val P/R/F1 (Macro): 0.5249/0.5497/0.5346 | LR: 0.000010
  >>> New Best Val Acc: 0.9333
Epoch [27/100] | Loss: 1.9848 (Cls: 1.8355, TAL: -0.2418, Adv: 1.4787) | Train Acc: 0.9866 | Val Acc: 0.9500 | Val P/R/F1 (Macro): 0.5342/0.5529/0.5388 | LR: 0.000010
  >>> New Best Val Acc: 0.9500
Epoch [28/100] | Loss: 2.0464 (Cls: 1.8320, TAL: -0.1775, Adv: 1.7844) | Train Acc: 0.9933 | Val Acc: 0.8917 | Val P/R/F1 (Macro): 0.5055/0.5322/0.5150 | LR: 0.000010
Epoch [29/100] | Loss: 2.2237 (Cls: 1.8714, TAL: -0.1217, Adv: 2.5918) | Train Acc: 0.9688 | Val Acc: 0.9167 | Val P/R/F1 (Macro): 0.4911/0.5296/0.4971 | LR: 0.000010
Epoch [30/100] | Loss: 2.2490 (Cls: 1.8607, TAL: -0.0495, Adv: 2.6873) | Train Acc: 0.9888 | Val Acc: 0.9167 | Val P/R/F1 (Macro): 0.4987/0.5411/0.5135 | LR: 0.000010
Epoch [31/100] | Loss: 2.1858 (Cls: 1.8396, TAL: 0.0025, Adv: 2.3031) | Train Acc: 0.9955 | Val Acc: 0.8333 | Val P/R/F1 (Macro): 0.5080/0.5166/0.4914 | LR: 0.000010
Epoch [32/100] | Loss: 2.0779 (Cls: 1.8265, TAL: -0.0920, Adv: 1.8600) | Train Acc: 0.9888 | Val Acc: 0.8833 | Val P/R/F1 (Macro): 0.4853/0.5393/0.4937 | LR: 0.000010
Epoch [33/100] | Loss: 1.9336 (Cls: 1.8116, TAL: -0.2144, Adv: 1.2420) | Train Acc: 0.9978 | Val Acc: 0.8667 | Val P/R/F1 (Macro): 0.4532/0.5256/0.4729 | LR: 0.000010
Epoch [34/100] | Loss: 1.8596 (Cls: 1.7971, TAL: -0.3753, Adv: 1.1673) | Train Acc: 0.9911 | Val Acc: 0.8083 | Val P/R/F1 (Macro): 0.4427/0.5097/0.4473 | LR: 0.000010
Epoch [35/100] | Loss: 1.9251 (Cls: 1.8280, TAL: -0.3800, Adv: 1.4072) | Train Acc: 0.9888 | Val Acc: 0.9750 | Val P/R/F1 (Macro): 0.5485/0.5601/0.5527 | LR: 0.000010
  >>> New Best Val Acc: 0.9750
Epoch [36/100] | Loss: 1.9168 (Cls: 1.8297, TAL: -0.4709, Adv: 1.5224) | Train Acc: 0.9978 | Val Acc: 0.8000 | Val P/R/F1 (Macro): 0.4398/0.5113/0.4500 | LR: 0.000010
Epoch [37/100] | Loss: 1.9097 (Cls: 1.7962, TAL: -0.5065, Adv: 1.7699) | Train Acc: 0.9978 | Val Acc: 0.9167 | Val P/R/F1 (Macro): 0.5259/0.5326/0.5211 | LR: 0.000010
Epoch [38/100] | Loss: 1.9862 (Cls: 1.8084, TAL: -0.4513, Adv: 2.0880) | Train Acc: 0.9955 | Val Acc: 0.8750 | Val P/R/F1 (Macro): 0.4521/0.5247/0.4657 | LR: 0.000010
Epoch [39/100] | Loss: 1.9950 (Cls: 1.7920, TAL: -0.4862, Adv: 2.3256) | Train Acc: 0.9978 | Val Acc: 0.9500 | Val P/R/F1 (Macro): 0.5247/0.5549/0.5375 | LR: 0.000010
Epoch [40/100] | Loss: 2.0086 (Cls: 1.8193, TAL: -0.4825, Adv: 2.2272) | Train Acc: 0.9933 | Val Acc: 0.8583 | Val P/R/F1 (Macro): 0.4790/0.5228/0.4905 | LR: 0.000010
Epoch [41/100] | Loss: 1.9855 (Cls: 1.8058, TAL: -0.3540, Adv: 1.9059) | Train Acc: 0.9911 | Val Acc: 0.9500 | Val P/R/F1 (Macro): 0.5234/0.5570/0.5369 | LR: 0.000010
Epoch [42/100] | Loss: 2.0535 (Cls: 1.8132, TAL: -0.2173, Adv: 2.0367) | Train Acc: 0.9978 | Val Acc: 0.9167 | Val P/R/F1 (Macro): 0.5062/0.5354/0.5092 | LR: 0.000010
Epoch [43/100] | Loss: 2.0969 (Cls: 1.7974, TAL: -0.1444, Adv: 2.2850) | Train Acc: 0.9955 | Val Acc: 0.9333 | Val P/R/F1 (Macro): 0.5258/0.5514/0.5358 | LR: 0.000010
Epoch [44/100] | Loss: 2.1505 (Cls: 1.7976, TAL: -0.1023, Adv: 2.5573) | Train Acc: 0.9955 | Val Acc: 0.8917 | Val P/R/F1 (Macro): 0.4792/0.5464/0.5051 | LR: 0.000010
Epoch [45/100] | Loss: 2.1159 (Cls: 1.7814, TAL: -0.1021, Adv: 2.4345) | Train Acc: 0.9978 | Val Acc: 0.9167 | Val P/R/F1 (Macro): 0.5182/0.5425/0.5242 | LR: 0.000010
Epoch [46/100] | Loss: 2.1053 (Cls: 1.7928, TAL: -0.1309, Adv: 2.3452) | Train Acc: 0.9933 | Val Acc: 0.9250 | Val P/R/F1 (Macro): 0.5237/0.5371/0.5201 | LR: 0.000005
Epoch [47/100] | Loss: 2.1159 (Cls: 1.8071, TAL: -0.1856, Adv: 2.4303) | Train Acc: 0.9978 | Val Acc: 0.9000 | Val P/R/F1 (Macro): 0.4780/0.5424/0.5005 | LR: 0.000005
Epoch [48/100] | Loss: 2.1488 (Cls: 1.7715, TAL: -0.1217, Adv: 2.7586) | Train Acc: 1.0000 | Val Acc: 0.9250 | Val P/R/F1 (Macro): 0.5116/0.5476/0.5233 | LR: 0.000005
Epoch [49/100] | Loss: 2.1646 (Cls: 1.7620, TAL: -0.1265, Adv: 2.9372) | Train Acc: 1.0000 | Val Acc: 0.9333 | Val P/R/F1 (Macro): 0.5235/0.5484/0.5298 | LR: 0.000005
Epoch [50/100] | Loss: 2.1128 (Cls: 1.7574, TAL: -0.1936, Adv: 2.7563) | Train Acc: 0.9978 | Val Acc: 0.9000 | Val P/R/F1 (Macro): 0.4944/0.5414/0.5104 | LR: 0.000005
Epoch [51/100] | Loss: 2.1065 (Cls: 1.7670, TAL: -0.1783, Adv: 2.6202) | Train Acc: 0.9933 | Val Acc: 0.9250 | Val P/R/F1 (Macro): 0.5044/0.5476/0.5198 | LR: 0.000005
Epoch [52/100] | Loss: 2.0568 (Cls: 1.7445, TAL: -0.2648, Adv: 2.6113) | Train Acc: 1.0000 | Val Acc: 0.9500 | Val P/R/F1 (Macro): 0.5245/0.5539/0.5359 | LR: 0.000005
Epoch [53/100] | Loss: 2.0630 (Cls: 1.7486, TAL: -0.4103, Adv: 2.9166) | Train Acc: 0.9955 | Val Acc: 0.9500 | Val P/R/F1 (Macro): 0.5299/0.5481/0.5358 | LR: 0.000005
Epoch [54/100] | Loss: 2.0505 (Cls: 1.7511, TAL: -0.5221, Adv: 3.0399) | Train Acc: 0.9933 | Val Acc: 0.8667 | Val P/R/F1 (Macro): 0.4790/0.5239/0.4872 | LR: 0.000005
Epoch [55/100] | Loss: 1.9838 (Cls: 1.7470, TAL: -0.5868, Adv: 2.7520) | Train Acc: 1.0000 | Val Acc: 0.9167 | Val P/R/F1 (Macro): 0.4993/0.5469/0.5177 | LR: 0.000005
Epoch [56/100] | Loss: 1.9641 (Cls: 1.7818, TAL: -0.6137, Adv: 2.4431) | Train Acc: 0.9978 | Val Acc: 0.9167 | Val P/R/F1 (Macro): 0.5064/0.5496/0.5241 | LR: 0.000005
Epoch [57/100] | Loss: 2.0168 (Cls: 1.7879, TAL: -0.5734, Adv: 2.6732) | Train Acc: 1.0000 | Val Acc: 0.9333 | Val P/R/F1 (Macro): 0.5109/0.5484/0.5255 | LR: 0.000003
Epoch [58/100] | Loss: 2.0351 (Cls: 1.7530, TAL: -0.5613, Adv: 3.0032) | Train Acc: 1.0000 | Val Acc: 0.9417 | Val P/R/F1 (Macro): 0.5160/0.5521/0.5307 | LR: 0.000003
Epoch [59/100] | Loss: 2.0672 (Cls: 1.7530, TAL: -0.5784, Adv: 3.2512) | Train Acc: 0.9955 | Val Acc: 0.9333 | Val P/R/F1 (Macro): 0.5268/0.5402/0.5231 | LR: 0.000003
Epoch [60/100] | Loss: 2.0812 (Cls: 1.7435, TAL: -0.5945, Adv: 3.4407) | Train Acc: 1.0000 | Val Acc: 0.9250 | Val P/R/F1 (Macro): 0.5073/0.5476/0.5233 | LR: 0.000003
Epoch [61/100] | Loss: 2.0824 (Cls: 1.7297, TAL: -0.5963, Adv: 3.5442) | Train Acc: 1.0000 | Val Acc: 0.9333 | Val P/R/F1 (Macro): 0.5325/0.5541/0.5410 | LR: 0.000003
Epoch [62/100] | Loss: 2.0377 (Cls: 1.7268, TAL: -0.5855, Adv: 3.2434) | Train Acc: 1.0000 | Val Acc: 0.9333 | Val P/R/F1 (Macro): 0.5171/0.5541/0.5320 | LR: 0.000003
Epoch [63/100] | Loss: 1.9518 (Cls: 1.7363, TAL: -0.5921, Adv: 2.6209) | Train Acc: 1.0000 | Val Acc: 0.9667 | Val P/R/F1 (Macro): 0.5458/0.5621/0.5529 | LR: 0.000003
Epoch [64/100] | Loss: 1.9772 (Cls: 1.7384, TAL: -0.5995, Adv: 2.7914) | Train Acc: 0.9978 | Val Acc: 0.9667 | Val P/R/F1 (Macro): 0.5423/0.5621/0.5503 | LR: 0.000003
Epoch [65/100] | Loss: 2.0046 (Cls: 1.7302, TAL: -0.6031, Adv: 3.0355) | Train Acc: 1.0000 | Val Acc: 0.9333 | Val P/R/F1 (Macro): 0.5074/0.5494/0.5234 | LR: 0.000003
Epoch [66/100] | Loss: 2.0303 (Cls: 1.7344, TAL: -0.5780, Adv: 3.1289) | Train Acc: 1.0000 | Val Acc: 0.9583 | Val P/R/F1 (Macro): 0.5364/0.5556/0.5441 | LR: 0.000003
Epoch [67/100] | Loss: 2.0343 (Cls: 1.7339, TAL: -0.6366, Adv: 3.2753) | Train Acc: 1.0000 | Val Acc: 0.9250 | Val P/R/F1 (Macro): 0.5075/0.5486/0.5238 | LR: 0.000003
Epoch [68/100] | Loss: 2.0236 (Cls: 1.7424, TAL: -0.6467, Adv: 3.1680) | Train Acc: 0.9978 | Val Acc: 0.9333 | Val P/R/F1 (Macro): 0.5109/0.5494/0.5261 | LR: 0.000001
Epoch [69/100] | Loss: 1.9827 (Cls: 1.7378, TAL: -0.6411, Adv: 2.9149) | Train Acc: 0.9955 | Val Acc: 0.9500 | Val P/R/F1 (Macro): 0.5214/0.5539/0.5345 | LR: 0.000001
Epoch [70/100] | Loss: 1.9253 (Cls: 1.7379, TAL: -0.6678, Adv: 2.5848) | Train Acc: 0.9955 | Val Acc: 0.9333 | Val P/R/F1 (Macro): 0.5096/0.5504/0.5252 | LR: 0.000001
Epoch [71/100] | Loss: 1.9407 (Cls: 1.7332, TAL: -0.6781, Adv: 2.7400) | Train Acc: 1.0000 | Val Acc: 0.9333 | Val P/R/F1 (Macro): 0.5114/0.5504/0.5271 | LR: 0.000001
Epoch [72/100] | Loss: 1.9991 (Cls: 1.7321, TAL: -0.6892, Adv: 3.1589) | Train Acc: 1.0000 | Val Acc: 0.9417 | Val P/R/F1 (Macro): 0.5160/0.5521/0.5307 | LR: 0.000001
Epoch [73/100] | Loss: 1.9948 (Cls: 1.7312, TAL: -0.6810, Adv: 3.1191) | Train Acc: 1.0000 | Val Acc: 0.9500 | Val P/R/F1 (Macro): 0.5338/0.5539/0.5419 | LR: 0.000001
Epoch [74/100] | Loss: 2.0134 (Cls: 1.7558, TAL: -0.6209, Adv: 2.9589) | Train Acc: 0.9955 | Val Acc: 0.9583 | Val P/R/F1 (Macro): 0.5394/0.5556/0.5441 | LR: 0.000001
Epoch [75/100] | Loss: 2.0074 (Cls: 1.7438, TAL: -0.6024, Adv: 2.9621) | Train Acc: 1.0000 | Val Acc: 0.9333 | Val P/R/F1 (Macro): 0.4996/0.5494/0.5171 | LR: 0.000001
Epoch [76/100] | Loss: 2.0328 (Cls: 1.7378, TAL: -0.6170, Adv: 3.2011) | Train Acc: 1.0000 | Val Acc: 0.9250 | Val P/R/F1 (Macro): 0.5057/0.5514/0.5212 | LR: 0.000001
Epoch [77/100] | Loss: 2.0168 (Cls: 1.7405, TAL: -0.6237, Adv: 3.0892) | Train Acc: 1.0000 | Val Acc: 0.9750 | Val P/R/F1 (Macro): 0.5332/0.5591/0.5429 | LR: 0.000001
Epoch [78/100] | Loss: 2.0386 (Cls: 1.7448, TAL: -0.6426, Adv: 3.2440) | Train Acc: 0.9978 | Val Acc: 0.9500 | Val P/R/F1 (Macro): 0.5236/0.5600/0.5388 | LR: 0.000001
Epoch [79/100] | Loss: 2.0412 (Cls: 1.7406, TAL: -0.6110, Adv: 3.2259) | Train Acc: 1.0000 | Val Acc: 0.9333 | Val P/R/F1 (Macro): 0.5173/0.5551/0.5325 | LR: 0.000001
Epoch [80/100] | Loss: 2.0541 (Cls: 1.7436, TAL: -0.6060, Adv: 3.2819) | Train Acc: 0.9955 | Val Acc: 0.9333 | Val P/R/F1 (Macro): 0.5096/0.5504/0.5252 | LR: 0.000001
Epoch [81/100] | Loss: 2.0894 (Cls: 1.7455, TAL: -0.6213, Adv: 3.5352) | Train Acc: 0.9955 | Val Acc: 0.9667 | Val P/R/F1 (Macro): 0.5457/0.5573/0.5496 | LR: 0.000001
Epoch [82/100] | Loss: 2.0647 (Cls: 1.7390, TAL: -0.6143, Adv: 3.3995) | Train Acc: 1.0000 | Val Acc: 0.9417 | Val P/R/F1 (Macro): 0.5352/0.5569/0.5437 | LR: 0.000001
Epoch [83/100] | Loss: 2.0569 (Cls: 1.7358, TAL: -0.6013, Adv: 3.3437) | Train Acc: 1.0000 | Val Acc: 0.9250 | Val P/R/F1 (Macro): 0.5286/0.5514/0.5364 | LR: 0.000001
Epoch [84/100] | Loss: 2.0161 (Cls: 1.7274, TAL: -0.6329, Adv: 3.1901) | Train Acc: 1.0000 | Val Acc: 0.9750 | Val P/R/F1 (Macro): 0.5483/0.5604/0.5525 | LR: 0.000001
Epoch [85/100] | Loss: 2.0845 (Cls: 1.7349, TAL: -0.6093, Adv: 3.5492) | Train Acc: 1.0000 | Val Acc: 0.9750 | Val P/R/F1 (Macro): 0.5483/0.5604/0.5525 | LR: 0.000001
Epoch [86/100] | Loss: 2.1056 (Cls: 1.7307, TAL: -0.6305, Adv: 3.7607) | Train Acc: 1.0000 | Val Acc: 0.9500 | Val P/R/F1 (Macro): 0.5344/0.5491/0.5365 | LR: 0.000001
Epoch [87/100] | Loss: 2.0615 (Cls: 1.7281, TAL: -0.6232, Adv: 3.4693) | Train Acc: 1.0000 | Val Acc: 0.9167 | Val P/R/F1 (Macro): 0.5011/0.5469/0.5182 | LR: 0.000001
Epoch [88/100] | Loss: 2.0900 (Cls: 1.7295, TAL: -0.6002, Adv: 3.6036) | Train Acc: 1.0000 | Val Acc: 0.9250 | Val P/R/F1 (Macro): 0.5088/0.5534/0.5260 | LR: 0.000001
Epoch [89/100] | Loss: 2.0793 (Cls: 1.7402, TAL: -0.6263, Adv: 3.5133) | Train Acc: 1.0000 | Val Acc: 0.9500 | Val P/R/F1 (Macro): 0.5338/0.5539/0.5419 | LR: 0.000001
Epoch [90/100] | Loss: 2.0929 (Cls: 1.7387, TAL: -0.5959, Adv: 3.5529) | Train Acc: 0.9955 | Val Acc: 0.9500 | Val P/R/F1 (Macro): 0.5372/0.5590/0.5452 | LR: 0.000001
Epoch [91/100] | Loss: 2.1166 (Cls: 1.7336, TAL: -0.6100, Adv: 3.7734) | Train Acc: 1.0000 | Val Acc: 0.9667 | Val P/R/F1 (Macro): 0.5418/0.5573/0.5478 | LR: 0.000001
Epoch [92/100] | Loss: 2.1129 (Cls: 1.7297, TAL: -0.6013, Adv: 3.7574) | Train Acc: 1.0000 | Val Acc: 0.9583 | Val P/R/F1 (Macro): 0.5213/0.5556/0.5352 | LR: 0.000001
Epoch [93/100] | Loss: 2.0814 (Cls: 1.7367, TAL: -0.5991, Adv: 3.4964) | Train Acc: 1.0000 | Val Acc: 0.9750 | Val P/R/F1 (Macro): 0.5483/0.5591/0.5518 | LR: 0.000001
Epoch [94/100] | Loss: 2.0966 (Cls: 1.7289, TAL: -0.6156, Adv: 3.6827) | Train Acc: 1.0000 | Val Acc: 0.9583 | Val P/R/F1 (Macro): 0.5394/0.5508/0.5413 | LR: 0.000001
Epoch [95/100] | Loss: 2.1268 (Cls: 1.7318, TAL: -0.6002, Adv: 3.8335) | Train Acc: 1.0000 | Val Acc: 0.9583 | Val P/R/F1 (Macro): 0.5394/0.5508/0.5413 | LR: 0.000001
Epoch [96/100] | Loss: 2.1179 (Cls: 1.7330, TAL: -0.5921, Adv: 3.7498) | Train Acc: 1.0000 | Val Acc: 0.9583 | Val P/R/F1 (Macro): 0.5279/0.5556/0.5385 | LR: 0.000001
Epoch [97/100] | Loss: 2.1348 (Cls: 1.7339, TAL: -0.6063, Adv: 3.8857) | Train Acc: 1.0000 | Val Acc: 0.9750 | Val P/R/F1 (Macro): 0.5332/0.5591/0.5429 | LR: 0.000001
Epoch [98/100] | Loss: 2.1301 (Cls: 1.7417, TAL: -0.5713, Adv: 3.7319) | Train Acc: 1.0000 | Val Acc: 0.9667 | Val P/R/F1 (Macro): 0.5418/0.5587/0.5485 | LR: 0.000001
Epoch [99/100] | Loss: 2.1179 (Cls: 1.7286, TAL: -0.6029, Adv: 3.8012) | Train Acc: 1.0000 | Val Acc: 0.9500 | Val P/R/F1 (Macro): 0.5300/0.5552/0.5392 | LR: 0.000001
Epoch [100/100] | Loss: 2.1400 (Cls: 1.7321, TAL: -0.6242, Adv: 3.9674) | Train Acc: 0.9955 | Val Acc: 0.9417 | Val P/R/F1 (Macro): 0.5199/0.5582/0.5354 | LR: 0.000001

迭代 5 最佳指标:
  Accuracy: 0.9750
  Precision (Macro): 0.5485
  Recall (Macro): 0.5601
  F1 (Macro): 0.5527
  Precision (Micro): 0.9750
  Recall (Micro): 0.9750
  F1 (Micro): 0.9750

================================================================================
5次迭代统计结果
================================================================================

accuracy:
  各迭代值: ['0.9917', '0.9750', '0.9750', '0.9583', '0.9750']
  均值 (Mean): 0.9750
  标准差 (Std): 0.0105

precision_macro:
  各迭代值: ['0.5595', '0.5548', '0.5484', '0.5428', '0.5485']
  均值 (Mean): 0.5508
  标准差 (Std): 0.0058

recall_macro:
  各迭代值: ['0.5649', '0.5557', '0.5519', '0.5471', '0.5601']
  均值 (Mean): 0.5560
  标准差 (Std): 0.0062

f1_macro:
  各迭代值: ['0.5615', '0.5540', '0.5469', '0.5416', '0.5527']
  均值 (Mean): 0.5514
  标准差 (Std): 0.0067

precision_micro:
  各迭代值: ['0.9917', '0.9750', '0.9750', '0.9583', '0.9750']
  均值 (Mean): 0.9750
  标准差 (Std): 0.0105

recall_micro:
  各迭代值: ['0.9917', '0.9750', '0.9750', '0.9583', '0.9750']
  均值 (Mean): 0.9750
  标准差 (Std): 0.0105

f1_micro:
  各迭代值: ['0.9917', '0.9750', '0.9750', '0.9583', '0.9750']
  均值 (Mean): 0.9750
  标准差 (Std): 0.0105

训练结束时间: 2026-06-24 19:54:04
================================================================================
