================================================================================
模块消融实验 - with_tensor_with_ot
目标域天气: 雾天
训练开始时间: 2026-06-29 11:54:19
设备: cuda
源域: D:\Code\JMDA-Net\Data\晴天
目标域: D:\Code\JMDA-Net\Data\雾天
批次大小: 16
总轮数: 100
迭代次数: 5
使用Tensor模块: 是
使用OT模块: 是
特征融合方式: Tensor对齐
域对齐方式: 最优传输
================================================================================

================================================================================
迭代 1/5
随机种子: 42
================================================================================
Feature fusion: Tensor alignment (512+512 -> 128+128); fused_dim=256
Domain adaptation: Neural OT generator with 3-domain discriminator
Loss weights: tensor=0.30, adv=0.15
Epoch [1/100] | Loss: 6.9611 (Cls: 6.8639, TAL: 0.0936, Adv: 0.4608) | Train Acc: 0.2083 | Val Acc: 0.5043 | Val P/R/F1 (Macro): 0.2575/0.3051/0.2555 | LR: 0.000010
  >>> New Best Val Acc: 0.5043
Epoch [2/100] | Loss: 5.0191 (Cls: 4.8424, TAL: 0.0300, Adv: 1.1180) | Train Acc: 0.4560 | Val Acc: 0.6261 | Val P/R/F1 (Macro): 0.3975/0.3727/0.3556 | LR: 0.000010
  >>> New Best Val Acc: 0.6261
Epoch [3/100] | Loss: 3.9575 (Cls: 3.6835, TAL: 0.1253, Adv: 1.5757) | Train Acc: 0.6319 | Val Acc: 0.6174 | Val P/R/F1 (Macro): 0.4064/0.3493/0.3579 | LR: 0.000010
Epoch [4/100] | Loss: 3.5130 (Cls: 3.2257, TAL: -0.0319, Adv: 1.9790) | Train Acc: 0.7315 | Val Acc: 0.6870 | Val P/R/F1 (Macro): 0.4738/0.4036/0.4044 | LR: 0.000010
  >>> New Best Val Acc: 0.6870
Epoch [5/100] | Loss: 3.2542 (Cls: 2.9281, TAL: -0.0651, Adv: 2.3040) | Train Acc: 0.8171 | Val Acc: 0.7565 | Val P/R/F1 (Macro): 0.5495/0.4625/0.4780 | LR: 0.000010
  >>> New Best Val Acc: 0.7565
Epoch [6/100] | Loss: 3.0142 (Cls: 2.6115, TAL: 0.0613, Adv: 2.5622) | Train Acc: 0.8565 | Val Acc: 0.7826 | Val P/R/F1 (Macro): 0.5625/0.4443/0.4729 | LR: 0.000010
  >>> New Best Val Acc: 0.7826
Epoch [7/100] | Loss: 2.9722 (Cls: 2.5996, TAL: -0.0643, Adv: 2.6128) | Train Acc: 0.8657 | Val Acc: 0.7652 | Val P/R/F1 (Macro): 0.5221/0.4920/0.4850 | LR: 0.000010
Epoch [8/100] | Loss: 2.8716 (Cls: 2.4787, TAL: -0.1314, Adv: 2.8823) | Train Acc: 0.8542 | Val Acc: 0.8696 | Val P/R/F1 (Macro): 0.5499/0.5548/0.5459 | LR: 0.000010
  >>> New Best Val Acc: 0.8696
Epoch [9/100] | Loss: 2.8344 (Cls: 2.4648, TAL: -0.1332, Adv: 2.7300) | Train Acc: 0.9097 | Val Acc: 0.8609 | Val P/R/F1 (Macro): 0.5671/0.5117/0.5248 | LR: 0.000010
Epoch [10/100] | Loss: 2.9005 (Cls: 2.4927, TAL: 0.0454, Adv: 2.6278) | Train Acc: 0.9120 | Val Acc: 0.7652 | Val P/R/F1 (Macro): 0.5381/0.4210/0.4344 | LR: 0.000010
Epoch [11/100] | Loss: 2.9207 (Cls: 2.4778, TAL: 0.0098, Adv: 2.9328) | Train Acc: 0.8750 | Val Acc: 0.8435 | Val P/R/F1 (Macro): 0.5516/0.4878/0.4973 | LR: 0.000010
Epoch [12/100] | Loss: 2.8442 (Cls: 2.3741, TAL: -0.0104, Adv: 3.1549) | Train Acc: 0.9028 | Val Acc: 0.8870 | Val P/R/F1 (Macro): 0.5926/0.5124/0.5319 | LR: 0.000010
  >>> New Best Val Acc: 0.8870
Epoch [13/100] | Loss: 2.7190 (Cls: 2.2162, TAL: 0.1015, Adv: 3.1490) | Train Acc: 0.9005 | Val Acc: 0.7913 | Val P/R/F1 (Macro): 0.5661/0.4981/0.5128 | LR: 0.000010
Epoch [14/100] | Loss: 2.7329 (Cls: 2.2566, TAL: 0.0079, Adv: 3.1595) | Train Acc: 0.9236 | Val Acc: 0.8435 | Val P/R/F1 (Macro): 0.5777/0.4995/0.5111 | LR: 0.000010
Epoch [15/100] | Loss: 2.6186 (Cls: 2.2203, TAL: -0.1233, Adv: 2.9020) | Train Acc: 0.9306 | Val Acc: 0.8522 | Val P/R/F1 (Macro): 0.5604/0.5046/0.5100 | LR: 0.000010
Epoch [16/100] | Loss: 2.6265 (Cls: 2.1807, TAL: -0.1175, Adv: 3.2074) | Train Acc: 0.9236 | Val Acc: 0.8348 | Val P/R/F1 (Macro): 0.5704/0.5252/0.5255 | LR: 0.000010
Epoch [17/100] | Loss: 2.5880 (Cls: 2.1751, TAL: -0.1311, Adv: 3.0147) | Train Acc: 0.9236 | Val Acc: 0.8522 | Val P/R/F1 (Macro): 0.5775/0.5300/0.5408 | LR: 0.000010
Epoch [18/100] | Loss: 2.6368 (Cls: 2.1398, TAL: -0.1032, Adv: 3.5193) | Train Acc: 0.9468 | Val Acc: 0.8783 | Val P/R/F1 (Macro): 0.5946/0.5528/0.5626 | LR: 0.000010
Epoch [19/100] | Loss: 2.5436 (Cls: 2.0616, TAL: -0.0856, Adv: 3.3845) | Train Acc: 0.9722 | Val Acc: 0.8696 | Val P/R/F1 (Macro): 0.5898/0.5433/0.5569 | LR: 0.000010
Epoch [20/100] | Loss: 2.5467 (Cls: 2.0830, TAL: -0.1898, Adv: 3.4714) | Train Acc: 0.9653 | Val Acc: 0.9217 | Val P/R/F1 (Macro): 0.6094/0.5728/0.5840 | LR: 0.000010
  >>> New Best Val Acc: 0.9217
Epoch [21/100] | Loss: 2.5172 (Cls: 2.0356, TAL: -0.1013, Adv: 3.4136) | Train Acc: 0.9560 | Val Acc: 0.9304 | Val P/R/F1 (Macro): 0.6203/0.5857/0.5992 | LR: 0.000010
  >>> New Best Val Acc: 0.9304
Epoch [22/100] | Loss: 2.5107 (Cls: 1.9990, TAL: -0.1696, Adv: 3.7505) | Train Acc: 0.9583 | Val Acc: 0.8696 | Val P/R/F1 (Macro): 0.5789/0.5452/0.5530 | LR: 0.000010
Epoch [23/100] | Loss: 2.5006 (Cls: 2.0219, TAL: -0.0260, Adv: 3.2431) | Train Acc: 0.9606 | Val Acc: 0.8696 | Val P/R/F1 (Macro): 0.5779/0.5440/0.5482 | LR: 0.000010
Epoch [24/100] | Loss: 2.5802 (Cls: 2.0801, TAL: -0.1290, Adv: 3.5919) | Train Acc: 0.9537 | Val Acc: 0.8696 | Val P/R/F1 (Macro): 0.5650/0.5445/0.5476 | LR: 0.000010
Epoch [25/100] | Loss: 2.6171 (Cls: 2.0835, TAL: -0.0383, Adv: 3.6339) | Train Acc: 0.9468 | Val Acc: 0.8870 | Val P/R/F1 (Macro): 0.5869/0.5297/0.5416 | LR: 0.000010
Epoch [26/100] | Loss: 2.6089 (Cls: 2.0142, TAL: 0.1179, Adv: 3.7288) | Train Acc: 0.9653 | Val Acc: 0.8870 | Val P/R/F1 (Macro): 0.5790/0.5203/0.5316 | LR: 0.000010
Epoch [27/100] | Loss: 2.5284 (Cls: 1.9735, TAL: 0.0572, Adv: 3.5849) | Train Acc: 0.9676 | Val Acc: 0.8870 | Val P/R/F1 (Macro): 0.6128/0.5432/0.5691 | LR: 0.000010
Epoch [28/100] | Loss: 2.5418 (Cls: 1.9724, TAL: -0.0627, Adv: 3.9212) | Train Acc: 0.9514 | Val Acc: 0.8870 | Val P/R/F1 (Macro): 0.6053/0.5251/0.5486 | LR: 0.000010
Epoch [29/100] | Loss: 2.5133 (Cls: 2.0170, TAL: -0.1714, Adv: 3.6516) | Train Acc: 0.9514 | Val Acc: 0.9043 | Val P/R/F1 (Macro): 0.5995/0.5438/0.5621 | LR: 0.000010
Epoch [30/100] | Loss: 2.6226 (Cls: 2.0721, TAL: -0.2048, Adv: 4.0791) | Train Acc: 0.9699 | Val Acc: 0.8783 | Val P/R/F1 (Macro): 0.5994/0.5310/0.5537 | LR: 0.000010
Epoch [31/100] | Loss: 2.5388 (Cls: 1.9618, TAL: -0.1493, Adv: 4.1452) | Train Acc: 0.9861 | Val Acc: 0.9043 | Val P/R/F1 (Macro): 0.6011/0.5674/0.5779 | LR: 0.000010
Epoch [32/100] | Loss: 2.6363 (Cls: 2.0270, TAL: -0.1887, Adv: 4.4393) | Train Acc: 0.9630 | Val Acc: 0.8696 | Val P/R/F1 (Macro): 0.5758/0.5123/0.5236 | LR: 0.000005
Epoch [33/100] | Loss: 2.5585 (Cls: 1.9460, TAL: -0.1298, Adv: 4.3431) | Train Acc: 0.9444 | Val Acc: 0.8870 | Val P/R/F1 (Macro): 0.6029/0.5480/0.5683 | LR: 0.000005
Epoch [34/100] | Loss: 2.5305 (Cls: 1.8985, TAL: -0.0096, Adv: 4.2321) | Train Acc: 0.9745 | Val Acc: 0.8696 | Val P/R/F1 (Macro): 0.5733/0.5365/0.5459 | LR: 0.000005
Epoch [35/100] | Loss: 2.5134 (Cls: 1.8663, TAL: 0.0148, Adv: 4.2841) | Train Acc: 0.9931 | Val Acc: 0.8696 | Val P/R/F1 (Macro): 0.5894/0.5259/0.5447 | LR: 0.000005
Epoch [36/100] | Loss: 2.5888 (Cls: 1.8529, TAL: 0.0674, Adv: 4.7707) | Train Acc: 0.9792 | Val Acc: 0.8957 | Val P/R/F1 (Macro): 0.5919/0.5532/0.5671 | LR: 0.000005
Epoch [37/100] | Loss: 2.6343 (Cls: 1.9348, TAL: 0.0646, Adv: 4.5345) | Train Acc: 0.9653 | Val Acc: 0.9130 | Val P/R/F1 (Macro): 0.5900/0.5820/0.5831 | LR: 0.000005
Epoch [38/100] | Loss: 2.6061 (Cls: 1.8798, TAL: 0.0911, Adv: 4.6598) | Train Acc: 0.9653 | Val Acc: 0.8957 | Val P/R/F1 (Macro): 0.5882/0.5713/0.5766 | LR: 0.000005
Epoch [39/100] | Loss: 2.6204 (Cls: 1.8851, TAL: 0.0950, Adv: 4.7120) | Train Acc: 0.9699 | Val Acc: 0.8783 | Val P/R/F1 (Macro): 0.5696/0.5173/0.5253 | LR: 0.000005
Epoch [40/100] | Loss: 2.5222 (Cls: 1.8501, TAL: -0.1321, Adv: 4.7448) | Train Acc: 0.9815 | Val Acc: 0.8870 | Val P/R/F1 (Macro): 0.5793/0.5263/0.5374 | LR: 0.000005
Epoch [41/100] | Loss: 2.4993 (Cls: 1.8618, TAL: -0.2333, Adv: 4.7171) | Train Acc: 0.9792 | Val Acc: 0.8870 | Val P/R/F1 (Macro): 0.5907/0.5340/0.5496 | LR: 0.000005
Epoch [42/100] | Loss: 2.4463 (Cls: 1.8254, TAL: -0.2071, Adv: 4.5531) | Train Acc: 0.9884 | Val Acc: 0.9130 | Val P/R/F1 (Macro): 0.5925/0.5794/0.5834 | LR: 0.000005
Epoch [43/100] | Loss: 2.5056 (Cls: 1.8657, TAL: -0.2782, Adv: 4.8223) | Train Acc: 0.9861 | Val Acc: 0.8870 | Val P/R/F1 (Macro): 0.5878/0.5463/0.5611 | LR: 0.000003
Epoch [44/100] | Loss: 2.4395 (Cls: 1.8173, TAL: -0.2369, Adv: 4.6218) | Train Acc: 0.9792 | Val Acc: 0.9217 | Val P/R/F1 (Macro): 0.6064/0.5819/0.5907 | LR: 0.000003
Epoch [45/100] | Loss: 2.4365 (Cls: 1.8200, TAL: -0.2937, Adv: 4.6974) | Train Acc: 0.9838 | Val Acc: 0.9304 | Val P/R/F1 (Macro): 0.6004/0.5871/0.5915 | LR: 0.000003
Epoch [46/100] | Loss: 2.4405 (Cls: 1.8150, TAL: -0.2506, Adv: 4.6710) | Train Acc: 0.9838 | Val Acc: 0.9043 | Val P/R/F1 (Macro): 0.6001/0.5768/0.5841 | LR: 0.000003
Epoch [47/100] | Loss: 2.4372 (Cls: 1.8285, TAL: -0.3037, Adv: 4.6650) | Train Acc: 0.9907 | Val Acc: 0.8957 | Val P/R/F1 (Macro): 0.5863/0.5330/0.5453 | LR: 0.000003
Epoch [48/100] | Loss: 2.4254 (Cls: 1.8296, TAL: -0.2788, Adv: 4.5299) | Train Acc: 0.9838 | Val Acc: 0.9043 | Val P/R/F1 (Macro): 0.6041/0.5343/0.5537 | LR: 0.000003
Epoch [49/100] | Loss: 2.4477 (Cls: 1.8240, TAL: -0.3741, Adv: 4.9060) | Train Acc: 0.9861 | Val Acc: 0.9217 | Val P/R/F1 (Macro): 0.6023/0.5604/0.5758 | LR: 0.000003
Epoch [50/100] | Loss: 2.3907 (Cls: 1.7861, TAL: -0.3490, Adv: 4.7288) | Train Acc: 0.9977 | Val Acc: 0.9130 | Val P/R/F1 (Macro): 0.5945/0.5623/0.5730 | LR: 0.000003
Epoch [51/100] | Loss: 2.4025 (Cls: 1.8031, TAL: -0.2987, Adv: 4.5930) | Train Acc: 0.9907 | Val Acc: 0.9043 | Val P/R/F1 (Macro): 0.6042/0.5343/0.5536 | LR: 0.000003
Epoch [52/100] | Loss: 2.4817 (Cls: 1.8240, TAL: -0.2647, Adv: 4.9139) | Train Acc: 0.9815 | Val Acc: 0.9217 | Val P/R/F1 (Macro): 0.6086/0.5819/0.5909 | LR: 0.000003
Epoch [53/100] | Loss: 2.3964 (Cls: 1.8167, TAL: -0.4067, Adv: 4.6778) | Train Acc: 0.9907 | Val Acc: 0.9130 | Val P/R/F1 (Macro): 0.6062/0.5811/0.5890 | LR: 0.000003
Epoch [54/100] | Loss: 2.4267 (Cls: 1.7890, TAL: -0.3576, Adv: 4.9664) | Train Acc: 0.9931 | Val Acc: 0.8957 | Val P/R/F1 (Macro): 0.6057/0.5305/0.5519 | LR: 0.000001
Epoch [55/100] | Loss: 2.4702 (Cls: 1.8378, TAL: -0.3191, Adv: 4.8544) | Train Acc: 0.9838 | Val Acc: 0.9217 | Val P/R/F1 (Macro): 0.6135/0.5619/0.5821 | LR: 0.000001
Epoch [56/100] | Loss: 2.4336 (Cls: 1.8024, TAL: -0.3415, Adv: 4.8913) | Train Acc: 0.9954 | Val Acc: 0.9304 | Val P/R/F1 (Macro): 0.6108/0.5876/0.5950 | LR: 0.000001
Epoch [57/100] | Loss: 2.4841 (Cls: 1.7927, TAL: -0.2641, Adv: 5.1374) | Train Acc: 0.9861 | Val Acc: 0.9304 | Val P/R/F1 (Macro): 0.6126/0.5876/0.5961 | LR: 0.000001
Epoch [58/100] | Loss: 2.4848 (Cls: 1.8205, TAL: -0.2618, Adv: 4.9523) | Train Acc: 0.9884 | Val Acc: 0.9217 | Val P/R/F1 (Macro): 0.6087/0.5837/0.5916 | LR: 0.000001
Epoch [59/100] | Loss: 2.4878 (Cls: 1.8025, TAL: -0.2502, Adv: 5.0684) | Train Acc: 0.9954 | Val Acc: 0.9130 | Val P/R/F1 (Macro): 0.6062/0.5782/0.5882 | LR: 0.000001
Epoch [60/100] | Loss: 2.4988 (Cls: 1.8114, TAL: -0.2398, Adv: 5.0622) | Train Acc: 0.9907 | Val Acc: 0.9217 | Val P/R/F1 (Macro): 0.6047/0.5837/0.5898 | LR: 0.000001
Epoch [61/100] | Loss: 2.4201 (Cls: 1.7990, TAL: -0.2151, Adv: 4.5704) | Train Acc: 0.9861 | Val Acc: 0.9304 | Val P/R/F1 (Macro): 0.6162/0.5874/0.5984 | LR: 0.000001
Epoch [62/100] | Loss: 2.4402 (Cls: 1.8096, TAL: -0.2351, Adv: 4.6746) | Train Acc: 0.9838 | Val Acc: 0.9217 | Val P/R/F1 (Macro): 0.6067/0.5837/0.5909 | LR: 0.000001
Epoch [63/100] | Loss: 2.4506 (Cls: 1.8245, TAL: -0.2469, Adv: 4.6679) | Train Acc: 0.9907 | Val Acc: 0.9130 | Val P/R/F1 (Macro): 0.6083/0.5583/0.5761 | LR: 0.000001
Epoch [64/100] | Loss: 2.3785 (Cls: 1.7787, TAL: -0.2589, Adv: 4.5164) | Train Acc: 0.9954 | Val Acc: 0.9130 | Val P/R/F1 (Macro): 0.6100/0.5808/0.5906 | LR: 0.000001
Epoch [65/100] | Loss: 2.4707 (Cls: 1.8049, TAL: -0.1663, Adv: 4.7710) | Train Acc: 0.9907 | Val Acc: 0.9304 | Val P/R/F1 (Macro): 0.6125/0.5874/0.5963 | LR: 0.000001
Epoch [66/100] | Loss: 2.4201 (Cls: 1.7908, TAL: -0.1934, Adv: 4.5823) | Train Acc: 0.9884 | Val Acc: 0.9217 | Val P/R/F1 (Macro): 0.6085/0.5819/0.5915 | LR: 0.000001
Epoch [67/100] | Loss: 2.3915 (Cls: 1.7815, TAL: -0.2161, Adv: 4.4983) | Train Acc: 0.9954 | Val Acc: 0.9304 | Val P/R/F1 (Macro): 0.6083/0.5874/0.5942 | LR: 0.000001
Epoch [68/100] | Loss: 2.4684 (Cls: 1.7994, TAL: -0.1996, Adv: 4.8589) | Train Acc: 0.9884 | Val Acc: 0.9217 | Val P/R/F1 (Macro): 0.6126/0.5619/0.5809 | LR: 0.000001
Epoch [69/100] | Loss: 2.4439 (Cls: 1.7894, TAL: -0.1940, Adv: 4.7514) | Train Acc: 0.9815 | Val Acc: 0.9304 | Val P/R/F1 (Macro): 0.6140/0.5857/0.5963 | LR: 0.000001
Epoch [70/100] | Loss: 2.4167 (Cls: 1.7905, TAL: -0.1957, Adv: 4.5657) | Train Acc: 0.9884 | Val Acc: 0.9304 | Val P/R/F1 (Macro): 0.6170/0.5842/0.5968 | LR: 0.000001
Epoch [71/100] | Loss: 2.4835 (Cls: 1.7803, TAL: -0.2092, Adv: 5.1065) | Train Acc: 0.9954 | Val Acc: 0.9217 | Val P/R/F1 (Macro): 0.6099/0.5819/0.5919 | LR: 0.000001
Epoch [72/100] | Loss: 2.5004 (Cls: 1.8028, TAL: -0.1793, Adv: 5.0096) | Train Acc: 0.9838 | Val Acc: 0.9217 | Val P/R/F1 (Macro): 0.6082/0.5833/0.5923 | LR: 0.000001
Epoch [73/100] | Loss: 2.4109 (Cls: 1.7663, TAL: -0.1920, Adv: 4.6815) | Train Acc: 0.9931 | Val Acc: 0.9304 | Val P/R/F1 (Macro): 0.6091/0.5874/0.5945 | LR: 0.000001
Epoch [74/100] | Loss: 2.4012 (Cls: 1.7867, TAL: -0.1914, Adv: 4.4792) | Train Acc: 0.9931 | Val Acc: 0.9217 | Val P/R/F1 (Macro): 0.6099/0.5819/0.5919 | LR: 0.000001
Epoch [75/100] | Loss: 2.4151 (Cls: 1.7920, TAL: -0.1555, Adv: 4.4653) | Train Acc: 0.9907 | Val Acc: 0.9391 | Val P/R/F1 (Macro): 0.6192/0.5897/0.6009 | LR: 0.000001
  >>> New Best Val Acc: 0.9391
Epoch [76/100] | Loss: 2.4904 (Cls: 1.7703, TAL: -0.2148, Adv: 5.2303) | Train Acc: 0.9954 | Val Acc: 0.9304 | Val P/R/F1 (Macro): 0.6125/0.5874/0.5963 | LR: 0.000001
Epoch [77/100] | Loss: 2.3776 (Cls: 1.7712, TAL: -0.1992, Adv: 4.4410) | Train Acc: 0.9954 | Val Acc: 0.9391 | Val P/R/F1 (Macro): 0.6166/0.5912/0.6007 | LR: 0.000001
Epoch [78/100] | Loss: 2.3908 (Cls: 1.7855, TAL: -0.1670, Adv: 4.3692) | Train Acc: 0.9907 | Val Acc: 0.9304 | Val P/R/F1 (Macro): 0.6157/0.5859/0.5972 | LR: 0.000001
Epoch [79/100] | Loss: 2.2795 (Cls: 1.7658, TAL: -0.1467, Adv: 3.7182) | Train Acc: 0.9977 | Val Acc: 0.9304 | Val P/R/F1 (Macro): 0.6125/0.5871/0.5967 | LR: 0.000001
Epoch [80/100] | Loss: 2.4676 (Cls: 1.7843, TAL: -0.0667, Adv: 4.6882) | Train Acc: 0.9931 | Val Acc: 0.8870 | Val P/R/F1 (Macro): 0.6073/0.5165/0.5417 | LR: 0.000001
Epoch [81/100] | Loss: 2.4585 (Cls: 1.7733, TAL: -0.1101, Adv: 4.7882) | Train Acc: 0.9907 | Val Acc: 0.9391 | Val P/R/F1 (Macro): 0.6147/0.5912/0.5998 | LR: 0.000001
Epoch [82/100] | Loss: 2.4514 (Cls: 1.7709, TAL: -0.1348, Adv: 4.8062) | Train Acc: 0.9861 | Val Acc: 0.9391 | Val P/R/F1 (Macro): 0.6198/0.5897/0.6013 | LR: 0.000001
Epoch [83/100] | Loss: 2.4122 (Cls: 1.7623, TAL: -0.2393, Adv: 4.8111) | Train Acc: 0.9884 | Val Acc: 0.9391 | Val P/R/F1 (Macro): 0.6177/0.5914/0.6010 | LR: 0.000001
Epoch [84/100] | Loss: 2.3969 (Cls: 1.7775, TAL: -0.2610, Adv: 4.6512) | Train Acc: 0.9954 | Val Acc: 0.9217 | Val P/R/F1 (Macro): 0.5981/0.5849/0.5886 | LR: 0.000001
Epoch [85/100] | Loss: 2.3972 (Cls: 1.7661, TAL: -0.2336, Adv: 4.6744) | Train Acc: 0.9977 | Val Acc: 0.9478 | Val P/R/F1 (Macro): 0.6219/0.5951/0.6052 | LR: 0.000001
  >>> New Best Val Acc: 0.9478
Epoch [86/100] | Loss: 2.4644 (Cls: 1.8032, TAL: -0.1806, Adv: 4.7697) | Train Acc: 0.9861 | Val Acc: 0.9478 | Val P/R/F1 (Macro): 0.6219/0.5951/0.6052 | LR: 0.000001
Epoch [87/100] | Loss: 2.4619 (Cls: 1.7796, TAL: -0.1566, Adv: 4.8620) | Train Acc: 0.9977 | Val Acc: 0.9391 | Val P/R/F1 (Macro): 0.6166/0.5912/0.6007 | LR: 0.000001
Epoch [88/100] | Loss: 2.4629 (Cls: 1.7728, TAL: -0.2139, Adv: 5.0283) | Train Acc: 0.9931 | Val Acc: 0.9391 | Val P/R/F1 (Macro): 0.6198/0.5897/0.6013 | LR: 0.000001
Epoch [89/100] | Loss: 2.5444 (Cls: 1.7823, TAL: -0.1949, Adv: 5.4706) | Train Acc: 0.9861 | Val Acc: 0.9304 | Val P/R/F1 (Macro): 0.6149/0.5859/0.5965 | LR: 0.000001
Epoch [90/100] | Loss: 2.3974 (Cls: 1.7777, TAL: -0.1669, Adv: 4.4650) | Train Acc: 0.9931 | Val Acc: 0.9130 | Val P/R/F1 (Macro): 0.6074/0.5478/0.5682 | LR: 0.000001
Epoch [91/100] | Loss: 2.4941 (Cls: 1.7894, TAL: -0.0557, Adv: 4.8087) | Train Acc: 0.9907 | Val Acc: 0.9304 | Val P/R/F1 (Macro): 0.6140/0.5874/0.5967 | LR: 0.000001
Epoch [92/100] | Loss: 2.5249 (Cls: 1.7826, TAL: -0.0834, Adv: 5.1155) | Train Acc: 0.9884 | Val Acc: 0.9304 | Val P/R/F1 (Macro): 0.6099/0.5886/0.5961 | LR: 0.000001
Epoch [93/100] | Loss: 2.4937 (Cls: 1.7839, TAL: -0.2510, Adv: 5.2338) | Train Acc: 0.9884 | Val Acc: 0.9304 | Val P/R/F1 (Macro): 0.6008/0.5886/0.5926 | LR: 0.000001
Epoch [94/100] | Loss: 2.4983 (Cls: 1.8047, TAL: -0.2612, Adv: 5.1470) | Train Acc: 0.9907 | Val Acc: 0.9217 | Val P/R/F1 (Macro): 0.6088/0.5648/0.5812 | LR: 0.000001
Epoch [95/100] | Loss: 2.5260 (Cls: 1.7892, TAL: -0.2034, Adv: 5.3189) | Train Acc: 0.9815 | Val Acc: 0.9391 | Val P/R/F1 (Macro): 0.6197/0.5912/0.6024 | LR: 0.000001
Epoch [96/100] | Loss: 2.5322 (Cls: 1.8040, TAL: -0.2004, Adv: 5.2557) | Train Acc: 0.9907 | Val Acc: 0.9304 | Val P/R/F1 (Macro): 0.6150/0.5674/0.5857 | LR: 0.000001
Epoch [97/100] | Loss: 2.5030 (Cls: 1.7679, TAL: -0.1634, Adv: 5.2272) | Train Acc: 0.9907 | Val Acc: 0.9304 | Val P/R/F1 (Macro): 0.6162/0.5874/0.5984 | LR: 0.000001
Epoch [98/100] | Loss: 2.5076 (Cls: 1.7681, TAL: -0.1560, Adv: 5.2420) | Train Acc: 0.9907 | Val Acc: 0.9304 | Val P/R/F1 (Macro): 0.6103/0.5874/0.5953 | LR: 0.000001
Epoch [99/100] | Loss: 2.5461 (Cls: 1.7653, TAL: -0.1422, Adv: 5.4902) | Train Acc: 0.9931 | Val Acc: 0.9304 | Val P/R/F1 (Macro): 0.6119/0.5857/0.5953 | LR: 0.000001
Epoch [100/100] | Loss: 2.6041 (Cls: 1.7841, TAL: 0.0260, Adv: 5.4149) | Train Acc: 0.9884 | Val Acc: 0.9043 | Val P/R/F1 (Macro): 0.5956/0.5754/0.5811 | LR: 0.000001

迭代 1 最佳指标:
  Accuracy: 0.9478
  Precision (Macro): 0.6219
  Recall (Macro): 0.5951
  F1 (Macro): 0.6052
  Precision (Micro): 0.9478
  Recall (Micro): 0.9478
  F1 (Micro): 0.9478

================================================================================
迭代 2/5
随机种子: 43
================================================================================
Feature fusion: Tensor alignment (512+512 -> 128+128); fused_dim=256
Domain adaptation: Neural OT generator with 3-domain discriminator
Loss weights: tensor=0.30, adv=0.15
Epoch [1/100] | Loss: 6.6765 (Cls: 6.6061, TAL: -0.0295, Adv: 0.5285) | Train Acc: 0.2477 | Val Acc: 0.4087 | Val P/R/F1 (Macro): 0.2355/0.3616/0.2701 | LR: 0.000010
  >>> New Best Val Acc: 0.4087
Epoch [2/100] | Loss: 5.3004 (Cls: 5.0895, TAL: 0.1463, Adv: 1.1138) | Train Acc: 0.4375 | Val Acc: 0.6261 | Val P/R/F1 (Macro): 0.4785/0.3938/0.3874 | LR: 0.000010
  >>> New Best Val Acc: 0.6261
Epoch [3/100] | Loss: 4.2235 (Cls: 3.9876, TAL: -0.0291, Adv: 1.6307) | Train Acc: 0.5810 | Val Acc: 0.7217 | Val P/R/F1 (Macro): 0.4749/0.4918/0.4603 | LR: 0.000010
  >>> New Best Val Acc: 0.7217
Epoch [4/100] | Loss: 3.7311 (Cls: 3.4775, TAL: -0.0409, Adv: 1.7724) | Train Acc: 0.6875 | Val Acc: 0.7652 | Val P/R/F1 (Macro): 0.5091/0.5018/0.4855 | LR: 0.000010
  >>> New Best Val Acc: 0.7652
Epoch [5/100] | Loss: 3.2719 (Cls: 2.9584, TAL: -0.0664, Adv: 2.2228) | Train Acc: 0.8194 | Val Acc: 0.7913 | Val P/R/F1 (Macro): 0.5407/0.5187/0.5158 | LR: 0.000010
  >>> New Best Val Acc: 0.7913
Epoch [6/100] | Loss: 3.2326 (Cls: 2.8491, TAL: 0.0641, Adv: 2.4282) | Train Acc: 0.8194 | Val Acc: 0.7913 | Val P/R/F1 (Macro): 0.5336/0.4710/0.4749 | LR: 0.000010
Epoch [7/100] | Loss: 3.2410 (Cls: 2.8507, TAL: 0.0301, Adv: 2.5422) | Train Acc: 0.8449 | Val Acc: 0.8348 | Val P/R/F1 (Macro): 0.5128/0.4987/0.5009 | LR: 0.000010
  >>> New Best Val Acc: 0.8348
Epoch [8/100] | Loss: 2.9079 (Cls: 2.5125, TAL: -0.0040, Adv: 2.6444) | Train Acc: 0.8796 | Val Acc: 0.8087 | Val P/R/F1 (Macro): 0.5175/0.5143/0.5054 | LR: 0.000010
Epoch [9/100] | Loss: 2.8525 (Cls: 2.4558, TAL: 0.0039, Adv: 2.6367) | Train Acc: 0.8866 | Val Acc: 0.8348 | Val P/R/F1 (Macro): 0.5347/0.5126/0.5148 | LR: 0.000010
Epoch [10/100] | Loss: 2.8906 (Cls: 2.4854, TAL: 0.0307, Adv: 2.6402) | Train Acc: 0.8866 | Val Acc: 0.7391 | Val P/R/F1 (Macro): 0.5208/0.4129/0.4184 | LR: 0.000010
Epoch [11/100] | Loss: 2.7289 (Cls: 2.3616, TAL: -0.1485, Adv: 2.7459) | Train Acc: 0.9213 | Val Acc: 0.9043 | Val P/R/F1 (Macro): 0.5796/0.5665/0.5660 | LR: 0.000010
  >>> New Best Val Acc: 0.9043
Epoch [12/100] | Loss: 2.7385 (Cls: 2.3091, TAL: 0.0704, Adv: 2.7221) | Train Acc: 0.9120 | Val Acc: 0.8609 | Val P/R/F1 (Macro): 0.5503/0.5314/0.5310 | LR: 0.000010
Epoch [13/100] | Loss: 2.6362 (Cls: 2.1399, TAL: -0.0484, Adv: 3.4058) | Train Acc: 0.9444 | Val Acc: 0.8696 | Val P/R/F1 (Macro): 0.5877/0.5169/0.5374 | LR: 0.000010
Epoch [14/100] | Loss: 2.3856 (Cls: 2.0926, TAL: -0.0861, Adv: 2.1250) | Train Acc: 0.9444 | Val Acc: 0.8609 | Val P/R/F1 (Macro): 0.5550/0.5469/0.5366 | LR: 0.000010
Epoch [15/100] | Loss: 2.6566 (Cls: 2.2707, TAL: -0.0012, Adv: 2.5750) | Train Acc: 0.9375 | Val Acc: 0.8522 | Val P/R/F1 (Macro): 0.5755/0.5300/0.5424 | LR: 0.000010
Epoch [16/100] | Loss: 2.6167 (Cls: 2.1490, TAL: 0.1334, Adv: 2.8511) | Train Acc: 0.9352 | Val Acc: 0.9043 | Val P/R/F1 (Macro): 0.5988/0.5915/0.5906 | LR: 0.000010
Epoch [17/100] | Loss: 2.6022 (Cls: 2.1696, TAL: -0.0042, Adv: 2.8919) | Train Acc: 0.9398 | Val Acc: 0.9043 | Val P/R/F1 (Macro): 0.6002/0.5454/0.5639 | LR: 0.000010
Epoch [18/100] | Loss: 2.6801 (Cls: 2.2023, TAL: -0.0429, Adv: 3.2713) | Train Acc: 0.9398 | Val Acc: 0.8696 | Val P/R/F1 (Macro): 0.5948/0.4979/0.5207 | LR: 0.000010
Epoch [19/100] | Loss: 2.5445 (Cls: 2.0836, TAL: -0.0574, Adv: 3.1872) | Train Acc: 0.9583 | Val Acc: 0.9043 | Val P/R/F1 (Macro): 0.5890/0.5661/0.5711 | LR: 0.000010
Epoch [20/100] | Loss: 2.4648 (Cls: 2.0805, TAL: -0.1223, Adv: 2.8069) | Train Acc: 0.9444 | Val Acc: 0.9130 | Val P/R/F1 (Macro): 0.5905/0.5797/0.5821 | LR: 0.000010
  >>> New Best Val Acc: 0.9130
Epoch [21/100] | Loss: 2.5820 (Cls: 2.0599, TAL: -0.0570, Adv: 3.5948) | Train Acc: 0.9653 | Val Acc: 0.8870 | Val P/R/F1 (Macro): 0.5852/0.5145/0.5344 | LR: 0.000010
Epoch [22/100] | Loss: 2.5987 (Cls: 2.1382, TAL: -0.0274, Adv: 3.1249) | Train Acc: 0.9537 | Val Acc: 0.8870 | Val P/R/F1 (Macro): 0.5988/0.5281/0.5505 | LR: 0.000010
Epoch [23/100] | Loss: 2.4830 (Cls: 2.0372, TAL: -0.1994, Adv: 3.3707) | Train Acc: 0.9769 | Val Acc: 0.8696 | Val P/R/F1 (Macro): 0.5754/0.5642/0.5620 | LR: 0.000010
Epoch [24/100] | Loss: 2.4978 (Cls: 2.0584, TAL: -0.1319, Adv: 3.1928) | Train Acc: 0.9583 | Val Acc: 0.9043 | Val P/R/F1 (Macro): 0.6061/0.5333/0.5546 | LR: 0.000010
Epoch [25/100] | Loss: 2.5731 (Cls: 2.0175, TAL: -0.0017, Adv: 3.7078) | Train Acc: 0.9676 | Val Acc: 0.8696 | Val P/R/F1 (Macro): 0.5862/0.5082/0.5267 | LR: 0.000010
Epoch [26/100] | Loss: 2.4946 (Cls: 2.0000, TAL: 0.0477, Adv: 3.2025) | Train Acc: 0.9583 | Val Acc: 0.8522 | Val P/R/F1 (Macro): 0.5742/0.5090/0.5239 | LR: 0.000010
Epoch [27/100] | Loss: 2.6241 (Cls: 2.0418, TAL: 0.0170, Adv: 3.8476) | Train Acc: 0.9537 | Val Acc: 0.9043 | Val P/R/F1 (Macro): 0.5901/0.5373/0.5488 | LR: 0.000010
Epoch [28/100] | Loss: 2.5735 (Cls: 2.0896, TAL: -0.1143, Adv: 3.4547) | Train Acc: 0.9630 | Val Acc: 0.8957 | Val P/R/F1 (Macro): 0.6026/0.5212/0.5434 | LR: 0.000010
Epoch [29/100] | Loss: 2.4851 (Cls: 2.0513, TAL: -0.3657, Adv: 3.6232) | Train Acc: 0.9792 | Val Acc: 0.9304 | Val P/R/F1 (Macro): 0.6165/0.5687/0.5839 | LR: 0.000010
  >>> New Best Val Acc: 0.9304
Epoch [30/100] | Loss: 2.5488 (Cls: 2.0624, TAL: -0.2864, Adv: 3.8154) | Train Acc: 0.9745 | Val Acc: 0.8957 | Val P/R/F1 (Macro): 0.5906/0.5655/0.5698 | LR: 0.000010
Epoch [31/100] | Loss: 2.4045 (Cls: 1.9662, TAL: -0.4239, Adv: 3.7703) | Train Acc: 0.9676 | Val Acc: 0.9043 | Val P/R/F1 (Macro): 0.6000/0.5840/0.5877 | LR: 0.000010
Epoch [32/100] | Loss: 2.4238 (Cls: 1.9369, TAL: -0.4672, Adv: 4.1807) | Train Acc: 0.9815 | Val Acc: 0.8609 | Val P/R/F1 (Macro): 0.5923/0.5352/0.5488 | LR: 0.000010
Epoch [33/100] | Loss: 2.4060 (Cls: 2.0032, TAL: -0.5093, Adv: 3.7036) | Train Acc: 0.9838 | Val Acc: 0.9043 | Val P/R/F1 (Macro): 0.6021/0.5470/0.5527 | LR: 0.000010
Epoch [34/100] | Loss: 2.4861 (Cls: 2.0172, TAL: -0.4287, Adv: 3.9831) | Train Acc: 0.9792 | Val Acc: 0.8783 | Val P/R/F1 (Macro): 0.5924/0.5047/0.5233 | LR: 0.000010
Epoch [35/100] | Loss: 2.4189 (Cls: 1.9184, TAL: -0.4363, Adv: 4.2092) | Train Acc: 0.9884 | Val Acc: 0.9304 | Val P/R/F1 (Macro): 0.6181/0.5752/0.5903 | LR: 0.000010
Epoch [36/100] | Loss: 2.3787 (Cls: 1.9230, TAL: -0.4420, Adv: 3.9221) | Train Acc: 0.9792 | Val Acc: 0.9043 | Val P/R/F1 (Macro): 0.5980/0.5228/0.5376 | LR: 0.000010
Epoch [37/100] | Loss: 2.2847 (Cls: 1.8619, TAL: -0.5384, Adv: 3.8957) | Train Acc: 0.9861 | Val Acc: 0.8870 | Val P/R/F1 (Macro): 0.6060/0.5470/0.5624 | LR: 0.000010
Epoch [38/100] | Loss: 2.4331 (Cls: 1.9199, TAL: -0.4627, Adv: 4.3465) | Train Acc: 0.9745 | Val Acc: 0.9043 | Val P/R/F1 (Macro): 0.5957/0.5446/0.5493 | LR: 0.000010
Epoch [39/100] | Loss: 2.3780 (Cls: 1.9267, TAL: -0.3991, Adv: 3.8066) | Train Acc: 0.9653 | Val Acc: 0.7652 | Val P/R/F1 (Macro): 0.5589/0.4781/0.4833 | LR: 0.000010
Epoch [40/100] | Loss: 2.5253 (Cls: 1.9650, TAL: 0.0317, Adv: 3.6717) | Train Acc: 0.9722 | Val Acc: 0.8783 | Val P/R/F1 (Macro): 0.5946/0.4944/0.5095 | LR: 0.000005
Epoch [41/100] | Loss: 2.4034 (Cls: 1.8752, TAL: 0.1712, Adv: 3.1791) | Train Acc: 0.9907 | Val Acc: 0.8870 | Val P/R/F1 (Macro): 0.5948/0.5270/0.5462 | LR: 0.000005
Epoch [42/100] | Loss: 2.2725 (Cls: 1.8325, TAL: -0.2949, Adv: 3.5230) | Train Acc: 0.9931 | Val Acc: 0.8696 | Val P/R/F1 (Macro): 0.6028/0.5321/0.5555 | LR: 0.000005
Epoch [43/100] | Loss: 2.2755 (Cls: 1.8400, TAL: -0.3537, Adv: 3.6109) | Train Acc: 0.9931 | Val Acc: 0.8957 | Val P/R/F1 (Macro): 0.5847/0.5655/0.5690 | LR: 0.000005
Epoch [44/100] | Loss: 2.3426 (Cls: 1.8548, TAL: -0.2970, Adv: 3.8462) | Train Acc: 0.9792 | Val Acc: 0.8783 | Val P/R/F1 (Macro): 0.6007/0.4944/0.5128 | LR: 0.000005
Epoch [45/100] | Loss: 2.4177 (Cls: 1.8449, TAL: 0.0350, Adv: 3.7488) | Train Acc: 0.9907 | Val Acc: 0.8783 | Val P/R/F1 (Macro): 0.5931/0.5354/0.5397 | LR: 0.000005
Epoch [46/100] | Loss: 2.5123 (Cls: 1.8892, TAL: 0.0428, Adv: 4.0683) | Train Acc: 0.9861 | Val Acc: 0.8783 | Val P/R/F1 (Macro): 0.6034/0.4944/0.5137 | LR: 0.000005
Epoch [47/100] | Loss: 2.4334 (Cls: 1.8467, TAL: -0.1730, Adv: 4.2573) | Train Acc: 0.9884 | Val Acc: 0.9217 | Val P/R/F1 (Macro): 0.6032/0.5753/0.5834 | LR: 0.000005
Epoch [48/100] | Loss: 2.3856 (Cls: 1.8368, TAL: -0.2423, Adv: 4.1432) | Train Acc: 0.9884 | Val Acc: 0.9043 | Val P/R/F1 (Macro): 0.6011/0.5468/0.5645 | LR: 0.000005
Epoch [49/100] | Loss: 2.3311 (Cls: 1.8059, TAL: -0.2984, Adv: 4.0981) | Train Acc: 0.9977 | Val Acc: 0.9130 | Val P/R/F1 (Macro): 0.6067/0.5706/0.5818 | LR: 0.000005
Epoch [50/100] | Loss: 2.4039 (Cls: 1.8032, TAL: -0.2575, Adv: 4.5194) | Train Acc: 0.9861 | Val Acc: 0.9043 | Val P/R/F1 (Macro): 0.5943/0.5563/0.5625 | LR: 0.000005
Epoch [51/100] | Loss: 2.3963 (Cls: 1.8122, TAL: -0.2449, Adv: 4.3836) | Train Acc: 0.9931 | Val Acc: 0.9130 | Val P/R/F1 (Macro): 0.6165/0.5585/0.5736 | LR: 0.000003
Epoch [52/100] | Loss: 2.3844 (Cls: 1.8149, TAL: -0.3093, Adv: 4.4153) | Train Acc: 0.9954 | Val Acc: 0.9043 | Val P/R/F1 (Macro): 0.6065/0.5428/0.5519 | LR: 0.000003
Epoch [53/100] | Loss: 2.4720 (Cls: 1.8390, TAL: -0.2422, Adv: 4.7044) | Train Acc: 0.9907 | Val Acc: 0.8957 | Val P/R/F1 (Macro): 0.6050/0.5208/0.5376 | LR: 0.000003
Epoch [54/100] | Loss: 2.3861 (Cls: 1.7941, TAL: -0.3862, Adv: 4.7188) | Train Acc: 0.9838 | Val Acc: 0.9130 | Val P/R/F1 (Macro): 0.6028/0.5593/0.5751 | LR: 0.000003
Epoch [55/100] | Loss: 2.3942 (Cls: 1.7909, TAL: -0.3731, Adv: 4.7684) | Train Acc: 0.9884 | Val Acc: 0.8957 | Val P/R/F1 (Macro): 0.6020/0.5208/0.5363 | LR: 0.000003
Epoch [56/100] | Loss: 2.4893 (Cls: 1.8172, TAL: -0.3228, Adv: 5.1262) | Train Acc: 0.9884 | Val Acc: 0.8870 | Val P/R/F1 (Macro): 0.6023/0.5153/0.5337 | LR: 0.000003
Epoch [57/100] | Loss: 2.4960 (Cls: 1.8158, TAL: -0.3085, Adv: 5.1513) | Train Acc: 0.9884 | Val Acc: 0.9043 | Val P/R/F1 (Macro): 0.6067/0.5446/0.5530 | LR: 0.000003
Epoch [58/100] | Loss: 2.4793 (Cls: 1.7813, TAL: -0.2580, Adv: 5.1694) | Train Acc: 0.9884 | Val Acc: 0.9304 | Val P/R/F1 (Macro): 0.6016/0.5769/0.5847 | LR: 0.000003
Epoch [59/100] | Loss: 2.4594 (Cls: 1.7962, TAL: -0.2583, Adv: 4.9379) | Train Acc: 0.9931 | Val Acc: 0.8783 | Val P/R/F1 (Macro): 0.5971/0.5328/0.5413 | LR: 0.000003
Epoch [60/100] | Loss: 2.4720 (Cls: 1.7838, TAL: -0.2545, Adv: 5.0963) | Train Acc: 0.9931 | Val Acc: 0.8957 | Val P/R/F1 (Macro): 0.6111/0.5095/0.5350 | LR: 0.000003
Epoch [61/100] | Loss: 2.4073 (Cls: 1.7651, TAL: -0.2010, Adv: 4.6830) | Train Acc: 1.0000 | Val Acc: 0.8696 | Val P/R/F1 (Macro): 0.5899/0.5077/0.5225 | LR: 0.000003
Epoch [62/100] | Loss: 2.4420 (Cls: 1.7774, TAL: -0.1195, Adv: 4.6694) | Train Acc: 0.9861 | Val Acc: 0.9130 | Val P/R/F1 (Macro): 0.6067/0.5589/0.5700 | LR: 0.000001
Epoch [63/100] | Loss: 2.4972 (Cls: 1.7688, TAL: -0.0962, Adv: 5.0481) | Train Acc: 0.9954 | Val Acc: 0.9130 | Val P/R/F1 (Macro): 0.6048/0.5483/0.5545 | LR: 0.000001
Epoch [64/100] | Loss: 2.5000 (Cls: 1.7732, TAL: -0.1286, Adv: 5.1026) | Train Acc: 0.9931 | Val Acc: 0.8957 | Val P/R/F1 (Macro): 0.5994/0.5391/0.5463 | LR: 0.000001
Epoch [65/100] | Loss: 2.5318 (Cls: 1.7836, TAL: -0.1555, Adv: 5.2989) | Train Acc: 0.9861 | Val Acc: 0.9130 | Val P/R/F1 (Macro): 0.6090/0.5676/0.5810 | LR: 0.000001
Epoch [66/100] | Loss: 2.5158 (Cls: 1.7562, TAL: -0.1297, Adv: 5.3229) | Train Acc: 0.9977 | Val Acc: 0.9304 | Val P/R/F1 (Macro): 0.6103/0.5769/0.5875 | LR: 0.000001
Epoch [67/100] | Loss: 2.4817 (Cls: 1.7625, TAL: -0.1359, Adv: 5.0667) | Train Acc: 0.9884 | Val Acc: 0.9043 | Val P/R/F1 (Macro): 0.6043/0.5446/0.5518 | LR: 0.000001
Epoch [68/100] | Loss: 2.4930 (Cls: 1.7624, TAL: -0.0998, Adv: 5.0700) | Train Acc: 0.9907 | Val Acc: 0.9304 | Val P/R/F1 (Macro): 0.6113/0.5874/0.5956 | LR: 0.000001
Epoch [69/100] | Loss: 2.4962 (Cls: 1.7820, TAL: -0.1095, Adv: 4.9803) | Train Acc: 0.9884 | Val Acc: 0.9217 | Val P/R/F1 (Macro): 0.6089/0.5626/0.5738 | LR: 0.000001
Epoch [70/100] | Loss: 2.5427 (Cls: 1.7811, TAL: -0.1173, Adv: 5.3116) | Train Acc: 0.9907 | Val Acc: 0.8957 | Val P/R/F1 (Macro): 0.6047/0.5391/0.5487 | LR: 0.000001
Epoch [71/100] | Loss: 2.4610 (Cls: 1.7713, TAL: -0.3668, Adv: 5.3322) | Train Acc: 0.9861 | Val Acc: 0.8957 | Val P/R/F1 (Macro): 0.5963/0.5391/0.5450 | LR: 0.000001
Epoch [72/100] | Loss: 2.4606 (Cls: 1.7693, TAL: -0.3613, Adv: 5.3313) | Train Acc: 0.9907 | Val Acc: 0.9217 | Val P/R/F1 (Macro): 0.6067/0.5731/0.5832 | LR: 0.000001
Epoch [73/100] | Loss: 2.4947 (Cls: 1.7750, TAL: -0.3282, Adv: 5.4543) | Train Acc: 0.9977 | Val Acc: 0.8957 | Val P/R/F1 (Macro): 0.5991/0.5391/0.5462 | LR: 0.000001
Epoch [74/100] | Loss: 2.4104 (Cls: 1.7572, TAL: -0.3799, Adv: 5.1147) | Train Acc: 0.9907 | Val Acc: 0.8957 | Val P/R/F1 (Macro): 0.5897/0.5391/0.5417 | LR: 0.000001
Epoch [75/100] | Loss: 2.3730 (Cls: 1.7459, TAL: -0.3930, Adv: 4.9663) | Train Acc: 0.9954 | Val Acc: 0.9130 | Val P/R/F1 (Macro): 0.6048/0.5589/0.5694 | LR: 0.000001
Epoch [76/100] | Loss: 2.4121 (Cls: 1.7726, TAL: -0.4717, Adv: 5.2068) | Train Acc: 0.9931 | Val Acc: 0.8957 | Val P/R/F1 (Macro): 0.5991/0.5391/0.5462 | LR: 0.000001
Epoch [77/100] | Loss: 2.3874 (Cls: 1.7479, TAL: -0.4144, Adv: 5.0922) | Train Acc: 1.0000 | Val Acc: 0.9130 | Val P/R/F1 (Macro): 0.6089/0.5589/0.5714 | LR: 0.000001
Epoch [78/100] | Loss: 2.3877 (Cls: 1.7480, TAL: -0.4697, Adv: 5.2038) | Train Acc: 0.9884 | Val Acc: 0.8957 | Val P/R/F1 (Macro): 0.6074/0.5391/0.5499 | LR: 0.000001
Epoch [79/100] | Loss: 2.3903 (Cls: 1.7622, TAL: -0.4654, Adv: 5.1176) | Train Acc: 0.9907 | Val Acc: 0.9304 | Val P/R/F1 (Macro): 0.6121/0.5769/0.5886 | LR: 0.000001
Epoch [80/100] | Loss: 2.3890 (Cls: 1.7440, TAL: -0.4667, Adv: 5.2330) | Train Acc: 1.0000 | Val Acc: 0.9130 | Val P/R/F1 (Macro): 0.6065/0.5589/0.5702 | LR: 0.000001
Epoch [81/100] | Loss: 2.3384 (Cls: 1.7646, TAL: -0.4945, Adv: 4.8148) | Train Acc: 0.9931 | Val Acc: 0.8957 | Val P/R/F1 (Macro): 0.6045/0.5208/0.5375 | LR: 0.000001
Epoch [82/100] | Loss: 2.3585 (Cls: 1.7545, TAL: -0.5141, Adv: 5.0547) | Train Acc: 0.9884 | Val Acc: 0.9217 | Val P/R/F1 (Macro): 0.6090/0.5731/0.5847 | LR: 0.000001
Epoch [83/100] | Loss: 2.3959 (Cls: 1.7743, TAL: -0.4552, Adv: 5.0546) | Train Acc: 0.9977 | Val Acc: 0.9130 | Val P/R/F1 (Macro): 0.6037/0.5676/0.5788 | LR: 0.000001
Epoch [84/100] | Loss: 2.3865 (Cls: 1.7550, TAL: -0.4970, Adv: 5.2037) | Train Acc: 0.9977 | Val Acc: 0.9304 | Val P/R/F1 (Macro): 0.6103/0.5769/0.5875 | LR: 0.000001
Epoch [85/100] | Loss: 2.3487 (Cls: 1.7503, TAL: -0.5114, Adv: 5.0118) | Train Acc: 0.9931 | Val Acc: 0.9304 | Val P/R/F1 (Macro): 0.6139/0.5769/0.5894 | LR: 0.000001
Epoch [86/100] | Loss: 2.3493 (Cls: 1.7519, TAL: -0.5258, Adv: 5.0339) | Train Acc: 0.9977 | Val Acc: 0.9130 | Val P/R/F1 (Macro): 0.6038/0.5589/0.5688 | LR: 0.000001
Epoch [87/100] | Loss: 2.3366 (Cls: 1.7476, TAL: -0.5385, Adv: 5.0031) | Train Acc: 0.9954 | Val Acc: 0.9217 | Val P/R/F1 (Macro): 0.6113/0.5521/0.5601 | LR: 0.000001
Epoch [88/100] | Loss: 2.3791 (Cls: 1.7683, TAL: -0.5391, Adv: 5.1501) | Train Acc: 0.9954 | Val Acc: 0.9217 | Val P/R/F1 (Macro): 0.6117/0.5626/0.5754 | LR: 0.000001
Epoch [89/100] | Loss: 2.3378 (Cls: 1.7514, TAL: -0.5051, Adv: 4.9195) | Train Acc: 0.9954 | Val Acc: 0.9130 | Val P/R/F1 (Macro): 0.6122/0.5483/0.5578 | LR: 0.000001
Epoch [90/100] | Loss: 2.3677 (Cls: 1.7440, TAL: -0.5014, Adv: 5.1607) | Train Acc: 0.9954 | Val Acc: 0.9304 | Val P/R/F1 (Macro): 0.6121/0.5769/0.5886 | LR: 0.000001
Epoch [91/100] | Loss: 2.3620 (Cls: 1.7379, TAL: -0.5359, Adv: 5.2327) | Train Acc: 1.0000 | Val Acc: 0.9304 | Val P/R/F1 (Macro): 0.6131/0.5769/0.5891 | LR: 0.000001
Epoch [92/100] | Loss: 2.2990 (Cls: 1.7693, TAL: -0.5495, Adv: 4.6299) | Train Acc: 0.9907 | Val Acc: 0.9130 | Val P/R/F1 (Macro): 0.6091/0.5483/0.5569 | LR: 0.000001
Epoch [93/100] | Loss: 2.3529 (Cls: 1.7531, TAL: -0.5507, Adv: 5.0998) | Train Acc: 0.9954 | Val Acc: 0.9130 | Val P/R/F1 (Macro): 0.6122/0.5483/0.5578 | LR: 0.000001
Epoch [94/100] | Loss: 2.3324 (Cls: 1.7373, TAL: -0.5549, Adv: 5.0770) | Train Acc: 0.9954 | Val Acc: 0.9391 | Val P/R/F1 (Macro): 0.6162/0.5807/0.5926 | LR: 0.000001
  >>> New Best Val Acc: 0.9391
Epoch [95/100] | Loss: 2.3490 (Cls: 1.7580, TAL: -0.5805, Adv: 5.1006) | Train Acc: 0.9977 | Val Acc: 0.9217 | Val P/R/F1 (Macro): 0.6092/0.5626/0.5742 | LR: 0.000001
Epoch [96/100] | Loss: 2.3412 (Cls: 1.7534, TAL: -0.5671, Adv: 5.0525) | Train Acc: 0.9931 | Val Acc: 0.9217 | Val P/R/F1 (Macro): 0.6092/0.5731/0.5848 | LR: 0.000001
Epoch [97/100] | Loss: 2.3299 (Cls: 1.7624, TAL: -0.6150, Adv: 5.0138) | Train Acc: 0.9907 | Val Acc: 0.9130 | Val P/R/F1 (Macro): 0.6079/0.5483/0.5565 | LR: 0.000001
Epoch [98/100] | Loss: 2.3121 (Cls: 1.7462, TAL: -0.6597, Adv: 5.0924) | Train Acc: 0.9907 | Val Acc: 0.9304 | Val P/R/F1 (Macro): 0.6121/0.5769/0.5886 | LR: 0.000001
Epoch [99/100] | Loss: 2.3416 (Cls: 1.7461, TAL: -0.6355, Adv: 5.2413) | Train Acc: 0.9931 | Val Acc: 0.9217 | Val P/R/F1 (Macro): 0.6092/0.5626/0.5742 | LR: 0.000001
Epoch [100/100] | Loss: 2.2517 (Cls: 1.7397, TAL: -0.6569, Adv: 4.7272) | Train Acc: 0.9954 | Val Acc: 0.9304 | Val P/R/F1 (Macro): 0.6103/0.5769/0.5875 | LR: 0.000001

迭代 2 最佳指标:
  Accuracy: 0.9391
  Precision (Macro): 0.6162
  Recall (Macro): 0.5807
  F1 (Macro): 0.5926
  Precision (Micro): 0.9391
  Recall (Micro): 0.9391
  F1 (Micro): 0.9391

================================================================================
迭代 3/5
随机种子: 44
================================================================================
Feature fusion: Tensor alignment (512+512 -> 128+128); fused_dim=256
Domain adaptation: Neural OT generator with 3-domain discriminator
Loss weights: tensor=0.30, adv=0.15
Epoch [1/100] | Loss: 6.8539 (Cls: 6.6959, TAL: 0.2628, Adv: 0.5278) | Train Acc: 0.2662 | Val Acc: 0.3826 | Val P/R/F1 (Macro): 0.2123/0.1780/0.1519 | LR: 0.000010
  >>> New Best Val Acc: 0.3826
Epoch [2/100] | Loss: 5.2649 (Cls: 5.0599, TAL: 0.0972, Adv: 1.1719) | Train Acc: 0.4560 | Val Acc: 0.4087 | Val P/R/F1 (Macro): 0.3528/0.3551/0.2639 | LR: 0.000010
  >>> New Best Val Acc: 0.4087
Epoch [3/100] | Loss: 4.2258 (Cls: 3.9616, TAL: 0.1794, Adv: 1.4031) | Train Acc: 0.6227 | Val Acc: 0.7739 | Val P/R/F1 (Macro): 0.5232/0.4897/0.4845 | LR: 0.000010
  >>> New Best Val Acc: 0.7739
Epoch [4/100] | Loss: 3.7636 (Cls: 3.4661, TAL: 0.0554, Adv: 1.8723) | Train Acc: 0.7083 | Val Acc: 0.7826 | Val P/R/F1 (Macro): 0.5294/0.4796/0.4659 | LR: 0.000010
  >>> New Best Val Acc: 0.7826
Epoch [5/100] | Loss: 3.5604 (Cls: 3.1627, TAL: 0.2123, Adv: 2.2269) | Train Acc: 0.7824 | Val Acc: 0.8261 | Val P/R/F1 (Macro): 0.5395/0.5122/0.5132 | LR: 0.000010
  >>> New Best Val Acc: 0.8261
Epoch [6/100] | Loss: 3.1189 (Cls: 2.7232, TAL: 0.0864, Adv: 2.4654) | Train Acc: 0.8912 | Val Acc: 0.8261 | Val P/R/F1 (Macro): 0.5478/0.5082/0.5052 | LR: 0.000010
Epoch [7/100] | Loss: 3.1259 (Cls: 2.7549, TAL: -0.0161, Adv: 2.5052) | Train Acc: 0.8449 | Val Acc: 0.8522 | Val P/R/F1 (Macro): 0.5716/0.5071/0.5175 | LR: 0.000010
  >>> New Best Val Acc: 0.8522
Epoch [8/100] | Loss: 2.9902 (Cls: 2.5834, TAL: 0.0251, Adv: 2.6618) | Train Acc: 0.8843 | Val Acc: 0.7913 | Val P/R/F1 (Macro): 0.5423/0.4591/0.4694 | LR: 0.000010
Epoch [9/100] | Loss: 2.8683 (Cls: 2.4533, TAL: 0.0171, Adv: 2.7325) | Train Acc: 0.8889 | Val Acc: 0.8261 | Val P/R/F1 (Macro): 0.5548/0.5008/0.5151 | LR: 0.000010
Epoch [10/100] | Loss: 2.7823 (Cls: 2.3558, TAL: -0.0389, Adv: 2.9214) | Train Acc: 0.9167 | Val Acc: 0.8087 | Val P/R/F1 (Macro): 0.5450/0.4856/0.4825 | LR: 0.000010
Epoch [11/100] | Loss: 2.8049 (Cls: 2.4095, TAL: -0.0127, Adv: 2.6615) | Train Acc: 0.9005 | Val Acc: 0.8087 | Val P/R/F1 (Macro): 0.5401/0.4933/0.4892 | LR: 0.000010
Epoch [12/100] | Loss: 2.7152 (Cls: 2.2853, TAL: -0.0213, Adv: 2.9084) | Train Acc: 0.9213 | Val Acc: 0.8000 | Val P/R/F1 (Macro): 0.5518/0.4946/0.4933 | LR: 0.000010
Epoch [13/100] | Loss: 2.8035 (Cls: 2.3358, TAL: 0.0555, Adv: 3.0068) | Train Acc: 0.9167 | Val Acc: 0.8348 | Val P/R/F1 (Macro): 0.5549/0.5016/0.5010 | LR: 0.000010
Epoch [14/100] | Loss: 2.7486 (Cls: 2.2914, TAL: 0.0503, Adv: 2.9477) | Train Acc: 0.9167 | Val Acc: 0.8435 | Val P/R/F1 (Macro): 0.5639/0.5197/0.5244 | LR: 0.000010
Epoch [15/100] | Loss: 2.6747 (Cls: 2.2604, TAL: 0.0117, Adv: 2.7382) | Train Acc: 0.9375 | Val Acc: 0.8609 | Val P/R/F1 (Macro): 0.5638/0.5565/0.5465 | LR: 0.000010
  >>> New Best Val Acc: 0.8609
Epoch [16/100] | Loss: 2.5347 (Cls: 2.0908, TAL: -0.0119, Adv: 2.9829) | Train Acc: 0.9769 | Val Acc: 0.8783 | Val P/R/F1 (Macro): 0.5699/0.5704/0.5622 | LR: 0.000010
  >>> New Best Val Acc: 0.8783
Epoch [17/100] | Loss: 2.5627 (Cls: 2.1337, TAL: 0.0098, Adv: 2.8400) | Train Acc: 0.9606 | Val Acc: 0.8435 | Val P/R/F1 (Macro): 0.5584/0.4919/0.5023 | LR: 0.000010
Epoch [18/100] | Loss: 2.6524 (Cls: 2.2257, TAL: 0.0059, Adv: 2.8335) | Train Acc: 0.9606 | Val Acc: 0.8609 | Val P/R/F1 (Macro): 0.5635/0.5113/0.5182 | LR: 0.000010
Epoch [19/100] | Loss: 2.6025 (Cls: 2.1414, TAL: -0.0229, Adv: 3.1194) | Train Acc: 0.9606 | Val Acc: 0.8609 | Val P/R/F1 (Macro): 0.5718/0.5380/0.5409 | LR: 0.000010
Epoch [20/100] | Loss: 2.5985 (Cls: 2.0986, TAL: -0.0372, Adv: 3.4074) | Train Acc: 0.9676 | Val Acc: 0.8870 | Val P/R/F1 (Macro): 0.5795/0.5201/0.5314 | LR: 0.000010
  >>> New Best Val Acc: 0.8870
Epoch [21/100] | Loss: 2.6359 (Cls: 2.2143, TAL: -0.0178, Adv: 2.8464) | Train Acc: 0.9468 | Val Acc: 0.8870 | Val P/R/F1 (Macro): 0.5838/0.5184/0.5286 | LR: 0.000010
Epoch [22/100] | Loss: 2.6176 (Cls: 2.0849, TAL: 0.0276, Adv: 3.4959) | Train Acc: 0.9560 | Val Acc: 0.8522 | Val P/R/F1 (Macro): 0.5707/0.5056/0.5191 | LR: 0.000010
Epoch [23/100] | Loss: 2.7009 (Cls: 2.2538, TAL: -0.0667, Adv: 3.1138) | Train Acc: 0.9491 | Val Acc: 0.8783 | Val P/R/F1 (Macro): 0.5822/0.5238/0.5345 | LR: 0.000010
Epoch [24/100] | Loss: 2.5334 (Cls: 2.0181, TAL: -0.0644, Adv: 3.5638) | Train Acc: 0.9560 | Val Acc: 0.8435 | Val P/R/F1 (Macro): 0.5113/0.4886/0.4794 | LR: 0.000010
Epoch [25/100] | Loss: 2.4522 (Cls: 2.0387, TAL: -0.1017, Adv: 2.9598) | Train Acc: 0.9653 | Val Acc: 0.8348 | Val P/R/F1 (Macro): 0.5556/0.4661/0.4748 | LR: 0.000010
Epoch [26/100] | Loss: 2.5264 (Cls: 1.9993, TAL: -0.0531, Adv: 3.6202) | Train Acc: 0.9838 | Val Acc: 0.8870 | Val P/R/F1 (Macro): 0.5890/0.5271/0.5352 | LR: 0.000010
Epoch [27/100] | Loss: 2.5737 (Cls: 2.0779, TAL: -0.0561, Adv: 3.4176) | Train Acc: 0.9468 | Val Acc: 0.8435 | Val P/R/F1 (Macro): 0.5912/0.4938/0.5173 | LR: 0.000010
Epoch [28/100] | Loss: 2.5060 (Cls: 1.9580, TAL: -0.0123, Adv: 3.6782) | Train Acc: 0.9792 | Val Acc: 0.8609 | Val P/R/F1 (Macro): 0.5897/0.5094/0.5246 | LR: 0.000010
Epoch [29/100] | Loss: 2.5239 (Cls: 2.0321, TAL: -0.0765, Adv: 3.4317) | Train Acc: 0.9375 | Val Acc: 0.8783 | Val P/R/F1 (Macro): 0.5861/0.5326/0.5456 | LR: 0.000010
Epoch [30/100] | Loss: 2.4917 (Cls: 2.0442, TAL: -0.1286, Adv: 3.2401) | Train Acc: 0.9583 | Val Acc: 0.8609 | Val P/R/F1 (Macro): 0.5697/0.5168/0.5195 | LR: 0.000010
Epoch [31/100] | Loss: 2.5506 (Cls: 2.0026, TAL: -0.1023, Adv: 3.8576) | Train Acc: 0.9769 | Val Acc: 0.8870 | Val P/R/F1 (Macro): 0.5868/0.5543/0.5601 | LR: 0.000005
Epoch [32/100] | Loss: 2.3812 (Cls: 1.8808, TAL: -0.1718, Adv: 3.6794) | Train Acc: 0.9815 | Val Acc: 0.8870 | Val P/R/F1 (Macro): 0.5861/0.5531/0.5581 | LR: 0.000005
Epoch [33/100] | Loss: 2.3078 (Cls: 1.8722, TAL: -0.1870, Adv: 3.2782) | Train Acc: 0.9792 | Val Acc: 0.8870 | Val P/R/F1 (Macro): 0.5912/0.5622/0.5686 | LR: 0.000005
Epoch [34/100] | Loss: 2.3863 (Cls: 1.8781, TAL: -0.1144, Adv: 3.6164) | Train Acc: 0.9931 | Val Acc: 0.8696 | Val P/R/F1 (Macro): 0.5766/0.5006/0.5151 | LR: 0.000005
Epoch [35/100] | Loss: 2.3359 (Cls: 1.8644, TAL: -0.1746, Adv: 3.4932) | Train Acc: 0.9792 | Val Acc: 0.8957 | Val P/R/F1 (Macro): 0.6036/0.5296/0.5449 | LR: 0.000005
  >>> New Best Val Acc: 0.8957
Epoch [36/100] | Loss: 2.3311 (Cls: 1.8843, TAL: -0.2866, Adv: 3.5515) | Train Acc: 0.9815 | Val Acc: 0.8783 | Val P/R/F1 (Macro): 0.5888/0.5204/0.5341 | LR: 0.000005
Epoch [37/100] | Loss: 2.3449 (Cls: 1.9231, TAL: -0.3792, Adv: 3.5702) | Train Acc: 0.9722 | Val Acc: 0.9130 | Val P/R/F1 (Macro): 0.5980/0.5545/0.5597 | LR: 0.000005
  >>> New Best Val Acc: 0.9130
Epoch [38/100] | Loss: 2.2803 (Cls: 1.8569, TAL: -0.3123, Adv: 3.4473) | Train Acc: 0.9907 | Val Acc: 0.8957 | Val P/R/F1 (Macro): 0.6035/0.5307/0.5507 | LR: 0.000005
Epoch [39/100] | Loss: 2.2939 (Cls: 1.8646, TAL: -0.3093, Adv: 3.4808) | Train Acc: 0.9745 | Val Acc: 0.8957 | Val P/R/F1 (Macro): 0.5880/0.5318/0.5436 | LR: 0.000005
Epoch [40/100] | Loss: 2.3278 (Cls: 1.8676, TAL: -0.3000, Adv: 3.6677) | Train Acc: 0.9861 | Val Acc: 0.8783 | Val P/R/F1 (Macro): 0.5780/0.5260/0.5279 | LR: 0.000005
Epoch [41/100] | Loss: 2.3417 (Cls: 1.8720, TAL: -0.3195, Adv: 3.7700) | Train Acc: 0.9815 | Val Acc: 0.8783 | Val P/R/F1 (Macro): 0.5811/0.5268/0.5363 | LR: 0.000005
Epoch [42/100] | Loss: 2.3742 (Cls: 1.9000, TAL: -0.3178, Adv: 3.7970) | Train Acc: 0.9838 | Val Acc: 0.8609 | Val P/R/F1 (Macro): 0.5681/0.5244/0.5255 | LR: 0.000005
Epoch [43/100] | Loss: 2.3051 (Cls: 1.8613, TAL: -0.3380, Adv: 3.6345) | Train Acc: 0.9861 | Val Acc: 0.8783 | Val P/R/F1 (Macro): 0.5912/0.5251/0.5396 | LR: 0.000005
Epoch [44/100] | Loss: 2.3523 (Cls: 1.8345, TAL: -0.2905, Adv: 4.0327) | Train Acc: 0.9884 | Val Acc: 0.9043 | Val P/R/F1 (Macro): 0.6021/0.5597/0.5744 | LR: 0.000005
Epoch [45/100] | Loss: 2.4079 (Cls: 1.8912, TAL: -0.2983, Adv: 4.0411) | Train Acc: 0.9699 | Val Acc: 0.8870 | Val P/R/F1 (Macro): 0.5808/0.5440/0.5534 | LR: 0.000005
Epoch [46/100] | Loss: 2.4198 (Cls: 1.8668, TAL: -0.2353, Adv: 4.1570) | Train Acc: 0.9745 | Val Acc: 0.8783 | Val P/R/F1 (Macro): 0.5850/0.5216/0.5336 | LR: 0.000005
Epoch [47/100] | Loss: 2.3789 (Cls: 1.8580, TAL: -0.2622, Adv: 3.9969) | Train Acc: 0.9954 | Val Acc: 0.8957 | Val P/R/F1 (Macro): 0.5923/0.5241/0.5397 | LR: 0.000005
Epoch [48/100] | Loss: 2.4186 (Cls: 1.8516, TAL: -0.2749, Adv: 4.3303) | Train Acc: 0.9838 | Val Acc: 0.8957 | Val P/R/F1 (Macro): 0.5895/0.5373/0.5448 | LR: 0.000003
Epoch [49/100] | Loss: 2.4310 (Cls: 1.8258, TAL: -0.1685, Adv: 4.3714) | Train Acc: 0.9907 | Val Acc: 0.8957 | Val P/R/F1 (Macro): 0.5888/0.5651/0.5686 | LR: 0.000003
Epoch [50/100] | Loss: 2.4248 (Cls: 1.8307, TAL: -0.1711, Adv: 4.3028) | Train Acc: 0.9931 | Val Acc: 0.8957 | Val P/R/F1 (Macro): 0.5894/0.5533/0.5639 | LR: 0.000003
Epoch [51/100] | Loss: 2.3836 (Cls: 1.8180, TAL: -0.1441, Adv: 4.0586) | Train Acc: 0.9838 | Val Acc: 0.8696 | Val P/R/F1 (Macro): 0.5859/0.5229/0.5380 | LR: 0.000003
Epoch [52/100] | Loss: 2.3839 (Cls: 1.7987, TAL: -0.3019, Adv: 4.5048) | Train Acc: 0.9931 | Val Acc: 0.8870 | Val P/R/F1 (Macro): 0.6001/0.5322/0.5500 | LR: 0.000003
Epoch [53/100] | Loss: 2.4113 (Cls: 1.8097, TAL: -0.2958, Adv: 4.6022) | Train Acc: 0.9884 | Val Acc: 0.8783 | Val P/R/F1 (Macro): 0.5924/0.5252/0.5409 | LR: 0.000003
Epoch [54/100] | Loss: 2.3742 (Cls: 1.7946, TAL: -0.2413, Adv: 4.3460) | Train Acc: 0.9907 | Val Acc: 0.8261 | Val P/R/F1 (Macro): 0.5777/0.4838/0.5013 | LR: 0.000003
Epoch [55/100] | Loss: 2.4503 (Cls: 1.8413, TAL: -0.1812, Adv: 4.4229) | Train Acc: 0.9722 | Val Acc: 0.9304 | Val P/R/F1 (Macro): 0.6063/0.5791/0.5877 | LR: 0.000003
  >>> New Best Val Acc: 0.9304
Epoch [56/100] | Loss: 2.4592 (Cls: 1.8078, TAL: -0.1362, Adv: 4.6148) | Train Acc: 0.9907 | Val Acc: 0.8696 | Val P/R/F1 (Macro): 0.5994/0.5058/0.5323 | LR: 0.000003
Epoch [57/100] | Loss: 2.4937 (Cls: 1.8539, TAL: -0.1130, Adv: 4.4912) | Train Acc: 0.9769 | Val Acc: 0.8696 | Val P/R/F1 (Macro): 0.5798/0.5413/0.5528 | LR: 0.000003
Epoch [58/100] | Loss: 2.4344 (Cls: 1.7882, TAL: -0.1257, Adv: 4.5593) | Train Acc: 0.9954 | Val Acc: 0.9043 | Val P/R/F1 (Macro): 0.5988/0.5357/0.5510 | LR: 0.000003
Epoch [59/100] | Loss: 2.4785 (Cls: 1.7983, TAL: -0.0419, Adv: 4.6187) | Train Acc: 0.9907 | Val Acc: 0.8957 | Val P/R/F1 (Macro): 0.5987/0.5332/0.5490 | LR: 0.000003
Epoch [60/100] | Loss: 2.5212 (Cls: 1.8292, TAL: -0.0270, Adv: 4.6672) | Train Acc: 0.9769 | Val Acc: 0.8870 | Val P/R/F1 (Macro): 0.5888/0.5306/0.5434 | LR: 0.000003
Epoch [61/100] | Loss: 2.5168 (Cls: 1.8155, TAL: -0.0574, Adv: 4.7899) | Train Acc: 0.9861 | Val Acc: 0.8957 | Val P/R/F1 (Macro): 0.6006/0.5527/0.5684 | LR: 0.000003
Epoch [62/100] | Loss: 2.5061 (Cls: 1.7790, TAL: -0.1216, Adv: 5.0907) | Train Acc: 0.9954 | Val Acc: 0.9217 | Val P/R/F1 (Macro): 0.6059/0.5650/0.5790 | LR: 0.000003
Epoch [63/100] | Loss: 2.5152 (Cls: 1.8104, TAL: -0.1717, Adv: 5.0421) | Train Acc: 0.9884 | Val Acc: 0.8609 | Val P/R/F1 (Macro): 0.5710/0.4998/0.5080 | LR: 0.000003
Epoch [64/100] | Loss: 2.4705 (Cls: 1.8219, TAL: -0.1661, Adv: 4.6559) | Train Acc: 0.9838 | Val Acc: 0.8870 | Val P/R/F1 (Macro): 0.5953/0.5322/0.5477 | LR: 0.000003
Epoch [65/100] | Loss: 2.5096 (Cls: 1.7889, TAL: -0.1441, Adv: 5.0931) | Train Acc: 0.9954 | Val Acc: 0.8783 | Val P/R/F1 (Macro): 0.5959/0.5193/0.5363 | LR: 0.000003
Epoch [66/100] | Loss: 2.4942 (Cls: 1.7999, TAL: -0.1643, Adv: 4.9576) | Train Acc: 0.9838 | Val Acc: 0.9304 | Val P/R/F1 (Macro): 0.6136/0.5904/0.5978 | LR: 0.000001
Epoch [67/100] | Loss: 2.5245 (Cls: 1.8442, TAL: -0.1021, Adv: 4.7395) | Train Acc: 0.9769 | Val Acc: 0.8870 | Val P/R/F1 (Macro): 0.5887/0.5615/0.5673 | LR: 0.000001
Epoch [68/100] | Loss: 2.5075 (Cls: 1.8340, TAL: -0.1513, Adv: 4.7922) | Train Acc: 0.9792 | Val Acc: 0.8696 | Val P/R/F1 (Macro): 0.5838/0.5119/0.5275 | LR: 0.000001
Epoch [69/100] | Loss: 2.4929 (Cls: 1.7819, TAL: -0.1280, Adv: 4.9960) | Train Acc: 0.9954 | Val Acc: 0.8609 | Val P/R/F1 (Macro): 0.5091/0.4924/0.4927 | LR: 0.000001
Epoch [70/100] | Loss: 2.4731 (Cls: 1.8054, TAL: -0.2111, Adv: 4.8734) | Train Acc: 0.9838 | Val Acc: 0.8609 | Val P/R/F1 (Macro): 0.5843/0.5110/0.5292 | LR: 0.000001
Epoch [71/100] | Loss: 2.5451 (Cls: 1.8481, TAL: -0.1310, Adv: 4.9087) | Train Acc: 0.9745 | Val Acc: 0.8609 | Val P/R/F1 (Macro): 0.5845/0.5100/0.5279 | LR: 0.000001
Epoch [72/100] | Loss: 2.5552 (Cls: 1.8043, TAL: -0.1414, Adv: 5.2884) | Train Acc: 0.9931 | Val Acc: 0.9043 | Val P/R/F1 (Macro): 0.5943/0.5385/0.5524 | LR: 0.000001
Epoch [73/100] | Loss: 2.6004 (Cls: 1.7971, TAL: 0.0398, Adv: 5.2758) | Train Acc: 0.9838 | Val Acc: 0.8870 | Val P/R/F1 (Macro): 0.5786/0.5487/0.5576 | LR: 0.000001
Epoch [74/100] | Loss: 2.4932 (Cls: 1.8102, TAL: -0.1947, Adv: 4.9426) | Train Acc: 0.9861 | Val Acc: 0.8870 | Val P/R/F1 (Macro): 0.5890/0.5190/0.5347 | LR: 0.000001
Epoch [75/100] | Loss: 2.4848 (Cls: 1.8080, TAL: -0.2792, Adv: 5.0699) | Train Acc: 0.9792 | Val Acc: 0.9043 | Val P/R/F1 (Macro): 0.5988/0.5483/0.5643 | LR: 0.000001
Epoch [76/100] | Loss: 2.4696 (Cls: 1.8043, TAL: -0.2698, Adv: 4.9748) | Train Acc: 0.9815 | Val Acc: 0.8870 | Val P/R/F1 (Macro): 0.6030/0.5184/0.5411 | LR: 0.000001
Epoch [77/100] | Loss: 2.5460 (Cls: 1.8248, TAL: -0.2448, Adv: 5.2971) | Train Acc: 0.9907 | Val Acc: 0.8522 | Val P/R/F1 (Macro): 0.5775/0.4861/0.5016 | LR: 0.000001
Epoch [78/100] | Loss: 2.6143 (Cls: 1.8373, TAL: -0.2025, Adv: 5.5849) | Train Acc: 0.9884 | Val Acc: 0.9043 | Val P/R/F1 (Macro): 0.5957/0.5568/0.5702 | LR: 0.000001
Epoch [79/100] | Loss: 2.5582 (Cls: 1.8010, TAL: -0.1171, Adv: 5.2815) | Train Acc: 0.9931 | Val Acc: 0.9043 | Val P/R/F1 (Macro): 0.5967/0.5385/0.5514 | LR: 0.000001
Epoch [80/100] | Loss: 2.5830 (Cls: 1.8079, TAL: -0.0736, Adv: 5.3144) | Train Acc: 1.0000 | Val Acc: 0.9043 | Val P/R/F1 (Macro): 0.5963/0.5582/0.5704 | LR: 0.000001
Epoch [81/100] | Loss: 2.5941 (Cls: 1.8173, TAL: -0.0805, Adv: 5.3398) | Train Acc: 0.9931 | Val Acc: 0.9043 | Val P/R/F1 (Macro): 0.6097/0.5334/0.5530 | LR: 0.000001
Epoch [82/100] | Loss: 2.5514 (Cls: 1.7987, TAL: -0.2782, Adv: 5.5747) | Train Acc: 0.9861 | Val Acc: 0.9043 | Val P/R/F1 (Macro): 0.5962/0.5568/0.5689 | LR: 0.000001
Epoch [83/100] | Loss: 2.4756 (Cls: 1.7864, TAL: -0.2763, Adv: 5.1471) | Train Acc: 0.9954 | Val Acc: 0.8957 | Val P/R/F1 (Macro): 0.6016/0.5224/0.5435 | LR: 0.000001
Epoch [84/100] | Loss: 2.4454 (Cls: 1.7870, TAL: -0.3406, Adv: 5.0704) | Train Acc: 0.9907 | Val Acc: 0.8870 | Val P/R/F1 (Macro): 0.5958/0.5187/0.5381 | LR: 0.000001
Epoch [85/100] | Loss: 2.4154 (Cls: 1.7886, TAL: -0.4082, Adv: 4.9955) | Train Acc: 0.9931 | Val Acc: 0.8696 | Val P/R/F1 (Macro): 0.5879/0.4973/0.5143 | LR: 0.000001
Epoch [86/100] | Loss: 2.4165 (Cls: 1.7842, TAL: -0.3758, Adv: 4.9671) | Train Acc: 0.9907 | Val Acc: 0.8870 | Val P/R/F1 (Macro): 0.5894/0.5340/0.5486 | LR: 0.000001
Epoch [87/100] | Loss: 2.4900 (Cls: 1.8155, TAL: -0.3711, Adv: 5.2384) | Train Acc: 0.9838 | Val Acc: 0.8957 | Val P/R/F1 (Macro): 0.5993/0.5228/0.5428 | LR: 0.000001
Epoch [88/100] | Loss: 2.4649 (Cls: 1.7743, TAL: -0.3145, Adv: 5.2333) | Train Acc: 0.9907 | Val Acc: 0.9217 | Val P/R/F1 (Macro): 0.6145/0.5448/0.5647 | LR: 0.000001
Epoch [89/100] | Loss: 2.4586 (Cls: 1.7937, TAL: -0.3207, Adv: 5.0741) | Train Acc: 0.9838 | Val Acc: 0.8783 | Val P/R/F1 (Macro): 0.5931/0.5191/0.5366 | LR: 0.000001
Epoch [90/100] | Loss: 2.4296 (Cls: 1.7700, TAL: -0.3559, Adv: 5.1094) | Train Acc: 0.9954 | Val Acc: 0.9043 | Val P/R/F1 (Macro): 0.6009/0.5255/0.5445 | LR: 0.000001
Epoch [91/100] | Loss: 2.4311 (Cls: 1.8043, TAL: -0.2566, Adv: 4.6919) | Train Acc: 0.9907 | Val Acc: 0.9217 | Val P/R/F1 (Macro): 0.6097/0.5531/0.5728 | LR: 0.000001
Epoch [92/100] | Loss: 2.4725 (Cls: 1.7723, TAL: -0.2702, Adv: 5.2083) | Train Acc: 0.9931 | Val Acc: 0.8609 | Val P/R/F1 (Macro): 0.5808/0.5010/0.5144 | LR: 0.000001
Epoch [93/100] | Loss: 2.4983 (Cls: 1.7871, TAL: -0.2513, Adv: 5.2439) | Train Acc: 0.9884 | Val Acc: 0.8870 | Val P/R/F1 (Macro): 0.5939/0.5417/0.5579 | LR: 0.000001
Epoch [94/100] | Loss: 2.4989 (Cls: 1.7784, TAL: -0.2928, Adv: 5.3894) | Train Acc: 0.9931 | Val Acc: 0.8870 | Val P/R/F1 (Macro): 0.5937/0.5099/0.5269 | LR: 0.000001
Epoch [95/100] | Loss: 2.4487 (Cls: 1.7682, TAL: -0.3853, Adv: 5.3071) | Train Acc: 0.9907 | Val Acc: 0.9130 | Val P/R/F1 (Macro): 0.6046/0.5635/0.5783 | LR: 0.000001
Epoch [96/100] | Loss: 2.4423 (Cls: 1.7784, TAL: -0.4257, Adv: 5.2773) | Train Acc: 0.9931 | Val Acc: 0.8783 | Val P/R/F1 (Macro): 0.5883/0.5161/0.5332 | LR: 0.000001
Epoch [97/100] | Loss: 2.3679 (Cls: 1.7421, TAL: -0.4100, Adv: 4.9919) | Train Acc: 0.9977 | Val Acc: 0.8783 | Val P/R/F1 (Macro): 0.5907/0.5149/0.5335 | LR: 0.000001
Epoch [98/100] | Loss: 2.4458 (Cls: 1.7944, TAL: -0.3887, Adv: 5.1199) | Train Acc: 0.9815 | Val Acc: 0.8870 | Val P/R/F1 (Macro): 0.5973/0.5204/0.5397 | LR: 0.000001
Epoch [99/100] | Loss: 2.3994 (Cls: 1.7910, TAL: -0.4267, Adv: 4.9096) | Train Acc: 0.9815 | Val Acc: 0.9043 | Val P/R/F1 (Macro): 0.6014/0.5812/0.5858 | LR: 0.000001
Epoch [100/100] | Loss: 2.3507 (Cls: 1.7725, TAL: -0.4106, Adv: 4.6758) | Train Acc: 0.9861 | Val Acc: 0.8696 | Val P/R/F1 (Macro): 0.5942/0.5153/0.5349 | LR: 0.000001

迭代 3 最佳指标:
  Accuracy: 0.9304
  Precision (Macro): 0.6063
  Recall (Macro): 0.5791
  F1 (Macro): 0.5877
  Precision (Micro): 0.9304
  Recall (Micro): 0.9304
  F1 (Micro): 0.9304

================================================================================
迭代 4/5
随机种子: 45
================================================================================
Feature fusion: Tensor alignment (512+512 -> 128+128); fused_dim=256
Domain adaptation: Neural OT generator with 3-domain discriminator
Loss weights: tensor=0.30, adv=0.15
Epoch [1/100] | Loss: 6.7865 (Cls: 6.7439, TAL: -0.0822, Adv: 0.4483) | Train Acc: 0.2546 | Val Acc: 0.4000 | Val P/R/F1 (Macro): 0.2168/0.2179/0.2071 | LR: 0.000010
  >>> New Best Val Acc: 0.4000
Epoch [2/100] | Loss: 4.9800 (Cls: 4.8439, TAL: -0.0850, Adv: 1.0775) | Train Acc: 0.4144 | Val Acc: 0.4783 | Val P/R/F1 (Macro): 0.3223/0.2989/0.2576 | LR: 0.000010
  >>> New Best Val Acc: 0.4783
Epoch [3/100] | Loss: 4.2589 (Cls: 4.0634, TAL: -0.1850, Adv: 1.6731) | Train Acc: 0.6343 | Val Acc: 0.7478 | Val P/R/F1 (Macro): 0.4251/0.4482/0.4210 | LR: 0.000010
  >>> New Best Val Acc: 0.7478
Epoch [4/100] | Loss: 3.5030 (Cls: 3.1951, TAL: -0.0135, Adv: 2.0796) | Train Acc: 0.7269 | Val Acc: 0.8261 | Val P/R/F1 (Macro): 0.5328/0.5055/0.5119 | LR: 0.000010
  >>> New Best Val Acc: 0.8261
Epoch [5/100] | Loss: 3.6491 (Cls: 3.3101, TAL: -0.0062, Adv: 2.2724) | Train Acc: 0.7245 | Val Acc: 0.7478 | Val P/R/F1 (Macro): 0.4660/0.4306/0.4189 | LR: 0.000010
Epoch [6/100] | Loss: 3.2229 (Cls: 2.8670, TAL: -0.0456, Adv: 2.4636) | Train Acc: 0.8148 | Val Acc: 0.7130 | Val P/R/F1 (Macro): 0.5053/0.4168/0.4293 | LR: 0.000010
Epoch [7/100] | Loss: 3.0162 (Cls: 2.6212, TAL: -0.0062, Adv: 2.6456) | Train Acc: 0.8727 | Val Acc: 0.7391 | Val P/R/F1 (Macro): 0.5394/0.4500/0.4561 | LR: 0.000010
Epoch [8/100] | Loss: 2.9083 (Cls: 2.5724, TAL: -0.1329, Adv: 2.5052) | Train Acc: 0.8912 | Val Acc: 0.8870 | Val P/R/F1 (Macro): 0.5834/0.5254/0.5368 | LR: 0.000010
  >>> New Best Val Acc: 0.8870
Epoch [9/100] | Loss: 2.9096 (Cls: 2.5335, TAL: -0.1090, Adv: 2.7254) | Train Acc: 0.8981 | Val Acc: 0.7913 | Val P/R/F1 (Macro): 0.4737/0.4688/0.4449 | LR: 0.000010
Epoch [10/100] | Loss: 2.8154 (Cls: 2.4333, TAL: -0.0673, Adv: 2.6819) | Train Acc: 0.9097 | Val Acc: 0.7739 | Val P/R/F1 (Macro): 0.5202/0.4605/0.4644 | LR: 0.000010
Epoch [11/100] | Loss: 2.5215 (Cls: 2.1457, TAL: -0.0860, Adv: 2.6774) | Train Acc: 0.9421 | Val Acc: 0.8348 | Val P/R/F1 (Macro): 0.5759/0.4606/0.4760 | LR: 0.000010
Epoch [12/100] | Loss: 2.6437 (Cls: 2.2604, TAL: -0.0823, Adv: 2.7197) | Train Acc: 0.9352 | Val Acc: 0.8696 | Val P/R/F1 (Macro): 0.5707/0.5612/0.5562 | LR: 0.000010
Epoch [13/100] | Loss: 2.6018 (Cls: 2.2019, TAL: -0.0568, Adv: 2.7798) | Train Acc: 0.9329 | Val Acc: 0.9043 | Val P/R/F1 (Macro): 0.5908/0.5410/0.5472 | LR: 0.000010
  >>> New Best Val Acc: 0.9043
Epoch [14/100] | Loss: 2.5798 (Cls: 2.2021, TAL: -0.0863, Adv: 2.6907) | Train Acc: 0.9306 | Val Acc: 0.8522 | Val P/R/F1 (Macro): 0.5829/0.4747/0.4916 | LR: 0.000010
Epoch [15/100] | Loss: 2.5581 (Cls: 2.1341, TAL: -0.0715, Adv: 2.9693) | Train Acc: 0.9491 | Val Acc: 0.8783 | Val P/R/F1 (Macro): 0.5830/0.5369/0.5414 | LR: 0.000010
Epoch [16/100] | Loss: 2.5361 (Cls: 2.0943, TAL: -0.0487, Adv: 3.0431) | Train Acc: 0.9745 | Val Acc: 0.8870 | Val P/R/F1 (Macro): 0.5756/0.5392/0.5394 | LR: 0.000010
Epoch [17/100] | Loss: 2.4767 (Cls: 2.0819, TAL: -0.1711, Adv: 2.9744) | Train Acc: 0.9491 | Val Acc: 0.8783 | Val P/R/F1 (Macro): 0.5969/0.5073/0.5309 | LR: 0.000010
Epoch [18/100] | Loss: 2.4609 (Cls: 2.0670, TAL: -0.1581, Adv: 2.9418) | Train Acc: 0.9468 | Val Acc: 0.8696 | Val P/R/F1 (Macro): 0.5053/0.5153/0.5050 | LR: 0.000010
Epoch [19/100] | Loss: 2.5618 (Cls: 2.1119, TAL: -0.1682, Adv: 3.3357) | Train Acc: 0.9583 | Val Acc: 0.8783 | Val P/R/F1 (Macro): 0.5670/0.5041/0.5164 | LR: 0.000010
Epoch [20/100] | Loss: 2.4071 (Cls: 2.0579, TAL: -0.2747, Adv: 2.8771) | Train Acc: 0.9676 | Val Acc: 0.8783 | Val P/R/F1 (Macro): 0.5811/0.4994/0.5123 | LR: 0.000010
Epoch [21/100] | Loss: 2.5470 (Cls: 2.0688, TAL: -0.1185, Adv: 3.4252) | Train Acc: 0.9491 | Val Acc: 0.8783 | Val P/R/F1 (Macro): 0.5837/0.5222/0.5277 | LR: 0.000010
Epoch [22/100] | Loss: 2.3323 (Cls: 1.9998, TAL: -0.1706, Adv: 2.5577) | Train Acc: 0.9630 | Val Acc: 0.8870 | Val P/R/F1 (Macro): 0.5735/0.5418/0.5386 | LR: 0.000010
Epoch [23/100] | Loss: 2.5050 (Cls: 2.0540, TAL: -0.1994, Adv: 3.4054) | Train Acc: 0.9630 | Val Acc: 0.8957 | Val P/R/F1 (Macro): 0.5916/0.5118/0.5333 | LR: 0.000010
Epoch [24/100] | Loss: 2.3227 (Cls: 1.9584, TAL: -0.1762, Adv: 2.7810) | Train Acc: 0.9722 | Val Acc: 0.8522 | Val P/R/F1 (Macro): 0.5596/0.5039/0.5119 | LR: 0.000005
Epoch [25/100] | Loss: 2.3668 (Cls: 1.9620, TAL: -0.2642, Adv: 3.2266) | Train Acc: 0.9630 | Val Acc: 0.8783 | Val P/R/F1 (Macro): 0.5920/0.5162/0.5348 | LR: 0.000005
Epoch [26/100] | Loss: 2.1998 (Cls: 1.9313, TAL: -0.4156, Adv: 2.6208) | Train Acc: 0.9769 | Val Acc: 0.9130 | Val P/R/F1 (Macro): 0.6056/0.5275/0.5481 | LR: 0.000005
  >>> New Best Val Acc: 0.9130
Epoch [27/100] | Loss: 2.3145 (Cls: 1.9160, TAL: -0.3306, Adv: 3.3173) | Train Acc: 0.9815 | Val Acc: 0.8783 | Val P/R/F1 (Macro): 0.5588/0.4995/0.5076 | LR: 0.000005
Epoch [28/100] | Loss: 2.2486 (Cls: 1.8766, TAL: -0.4316, Adv: 3.3438) | Train Acc: 0.9861 | Val Acc: 0.8957 | Val P/R/F1 (Macro): 0.5985/0.5318/0.5495 | LR: 0.000005
Epoch [29/100] | Loss: 2.3565 (Cls: 1.9695, TAL: -0.2973, Adv: 3.1746) | Train Acc: 0.9676 | Val Acc: 0.9217 | Val P/R/F1 (Macro): 0.5916/0.5461/0.5499 | LR: 0.000005
  >>> New Best Val Acc: 0.9217
Epoch [30/100] | Loss: 2.2964 (Cls: 1.9179, TAL: -0.4056, Adv: 3.3349) | Train Acc: 0.9722 | Val Acc: 0.8783 | Val P/R/F1 (Macro): 0.5653/0.5085/0.5193 | LR: 0.000005
Epoch [31/100] | Loss: 2.3241 (Cls: 1.9161, TAL: -0.4686, Adv: 3.6574) | Train Acc: 0.9676 | Val Acc: 0.8261 | Val P/R/F1 (Macro): 0.5590/0.5010/0.5085 | LR: 0.000005
Epoch [32/100] | Loss: 2.3901 (Cls: 1.9785, TAL: -0.3593, Adv: 3.4628) | Train Acc: 0.9537 | Val Acc: 0.8783 | Val P/R/F1 (Macro): 0.5667/0.5188/0.5267 | LR: 0.000005
Epoch [33/100] | Loss: 2.2938 (Cls: 1.9051, TAL: -0.4933, Adv: 3.5783) | Train Acc: 0.9769 | Val Acc: 0.8522 | Val P/R/F1 (Macro): 0.5781/0.4709/0.4835 | LR: 0.000005
Epoch [34/100] | Loss: 2.2887 (Cls: 1.8880, TAL: -0.5582, Adv: 3.7877) | Train Acc: 0.9745 | Val Acc: 0.9130 | Val P/R/F1 (Macro): 0.6094/0.5496/0.5653 | LR: 0.000005
Epoch [35/100] | Loss: 2.3623 (Cls: 1.9275, TAL: -0.5634, Adv: 4.0252) | Train Acc: 0.9606 | Val Acc: 0.9043 | Val P/R/F1 (Macro): 0.6005/0.5238/0.5447 | LR: 0.000005
Epoch [36/100] | Loss: 2.3325 (Cls: 1.8736, TAL: -0.4016, Adv: 3.8628) | Train Acc: 0.9815 | Val Acc: 0.8870 | Val P/R/F1 (Macro): 0.5820/0.5304/0.5416 | LR: 0.000005
Epoch [37/100] | Loss: 2.3760 (Cls: 1.8710, TAL: -0.4081, Adv: 4.1833) | Train Acc: 0.9907 | Val Acc: 0.8870 | Val P/R/F1 (Macro): 0.5949/0.5151/0.5302 | LR: 0.000005
Epoch [38/100] | Loss: 2.3075 (Cls: 1.8561, TAL: -0.4251, Adv: 3.8598) | Train Acc: 0.9699 | Val Acc: 0.8783 | Val P/R/F1 (Macro): 0.5841/0.5008/0.5169 | LR: 0.000005
Epoch [39/100] | Loss: 2.4001 (Cls: 1.8659, TAL: -0.4424, Adv: 4.4456) | Train Acc: 0.9815 | Val Acc: 0.9043 | Val P/R/F1 (Macro): 0.5991/0.5345/0.5512 | LR: 0.000005
Epoch [40/100] | Loss: 2.2241 (Cls: 1.8753, TAL: -0.5900, Adv: 3.5052) | Train Acc: 0.9769 | Val Acc: 0.8957 | Val P/R/F1 (Macro): 0.5865/0.5315/0.5421 | LR: 0.000003
Epoch [41/100] | Loss: 2.3459 (Cls: 1.8604, TAL: -0.4749, Adv: 4.1865) | Train Acc: 0.9815 | Val Acc: 0.8783 | Val P/R/F1 (Macro): 0.5928/0.5016/0.5232 | LR: 0.000003
Epoch [42/100] | Loss: 2.3287 (Cls: 1.8672, TAL: -0.4978, Adv: 4.0722) | Train Acc: 0.9769 | Val Acc: 0.8870 | Val P/R/F1 (Macro): 0.5853/0.5322/0.5408 | LR: 0.000003
Epoch [43/100] | Loss: 2.2364 (Cls: 1.8344, TAL: -0.5516, Adv: 3.7829) | Train Acc: 0.9815 | Val Acc: 0.9043 | Val P/R/F1 (Macro): 0.5962/0.5150/0.5313 | LR: 0.000003
Epoch [44/100] | Loss: 2.2240 (Cls: 1.8256, TAL: -0.6268, Adv: 3.9096) | Train Acc: 0.9815 | Val Acc: 0.9043 | Val P/R/F1 (Macro): 0.6046/0.5133/0.5349 | LR: 0.000003
Epoch [45/100] | Loss: 2.2864 (Cls: 1.8478, TAL: -0.6060, Adv: 4.1358) | Train Acc: 0.9977 | Val Acc: 0.9130 | Val P/R/F1 (Macro): 0.5954/0.5701/0.5797 | LR: 0.000003
Epoch [46/100] | Loss: 2.2653 (Cls: 1.8195, TAL: -0.6348, Adv: 4.2415) | Train Acc: 0.9884 | Val Acc: 0.8957 | Val P/R/F1 (Macro): 0.5911/0.5212/0.5371 | LR: 0.000003
Epoch [47/100] | Loss: 2.3000 (Cls: 1.8471, TAL: -0.6209, Adv: 4.2613) | Train Acc: 0.9861 | Val Acc: 0.8957 | Val P/R/F1 (Macro): 0.5985/0.5107/0.5302 | LR: 0.000003
Epoch [48/100] | Loss: 2.3045 (Cls: 1.8276, TAL: -0.5801, Adv: 4.3398) | Train Acc: 0.9954 | Val Acc: 0.8957 | Val P/R/F1 (Macro): 0.5898/0.5242/0.5377 | LR: 0.000003
Epoch [49/100] | Loss: 2.3015 (Cls: 1.8130, TAL: -0.6123, Adv: 4.4810) | Train Acc: 0.9931 | Val Acc: 0.8870 | Val P/R/F1 (Macro): 0.5921/0.5157/0.5347 | LR: 0.000003
Epoch [50/100] | Loss: 2.3390 (Cls: 1.8216, TAL: -0.5520, Adv: 4.5530) | Train Acc: 0.9907 | Val Acc: 0.8957 | Val P/R/F1 (Macro): 0.5963/0.5095/0.5286 | LR: 0.000003
Epoch [51/100] | Loss: 2.4012 (Cls: 1.8210, TAL: -0.4760, Adv: 4.8199) | Train Acc: 0.9861 | Val Acc: 0.8870 | Val P/R/F1 (Macro): 0.5899/0.5069/0.5229 | LR: 0.000001
Epoch [52/100] | Loss: 2.3493 (Cls: 1.8104, TAL: -0.4434, Adv: 4.4798) | Train Acc: 0.9861 | Val Acc: 0.9043 | Val P/R/F1 (Macro): 0.5991/0.5345/0.5512 | LR: 0.000001
Epoch [53/100] | Loss: 2.3456 (Cls: 1.8127, TAL: -0.4099, Adv: 4.3721) | Train Acc: 0.9884 | Val Acc: 0.9043 | Val P/R/F1 (Macro): 0.5973/0.5238/0.5421 | LR: 0.000001
Epoch [54/100] | Loss: 2.3310 (Cls: 1.7975, TAL: -0.4346, Adv: 4.4261) | Train Acc: 0.9954 | Val Acc: 0.8609 | Val P/R/F1 (Macro): 0.5800/0.4963/0.5127 | LR: 0.000001
Epoch [55/100] | Loss: 2.2649 (Cls: 1.7952, TAL: -0.5067, Adv: 4.1450) | Train Acc: 0.9884 | Val Acc: 0.8870 | Val P/R/F1 (Macro): 0.5912/0.5069/0.5243 | LR: 0.000001
Epoch [56/100] | Loss: 2.2534 (Cls: 1.8041, TAL: -0.6117, Adv: 4.2184) | Train Acc: 0.9884 | Val Acc: 0.8870 | Val P/R/F1 (Macro): 0.5890/0.5069/0.5232 | LR: 0.000001
Epoch [57/100] | Loss: 2.2286 (Cls: 1.8004, TAL: -0.6360, Adv: 4.1262) | Train Acc: 0.9931 | Val Acc: 0.8870 | Val P/R/F1 (Macro): 0.5900/0.5294/0.5440 | LR: 0.000001
Epoch [58/100] | Loss: 2.2718 (Cls: 1.8087, TAL: -0.5702, Adv: 4.2281) | Train Acc: 0.9931 | Val Acc: 0.8870 | Val P/R/F1 (Macro): 0.5910/0.5187/0.5360 | LR: 0.000001
Epoch [59/100] | Loss: 2.3181 (Cls: 1.8122, TAL: -0.5491, Adv: 4.4708) | Train Acc: 0.9954 | Val Acc: 0.8783 | Val P/R/F1 (Macro): 0.5888/0.5044/0.5212 | LR: 0.000001
Epoch [60/100] | Loss: 2.2723 (Cls: 1.7953, TAL: -0.5290, Adv: 4.2375) | Train Acc: 0.9954 | Val Acc: 0.8870 | Val P/R/F1 (Macro): 0.5890/0.5069/0.5232 | LR: 0.000001
Epoch [61/100] | Loss: 2.2660 (Cls: 1.7841, TAL: -0.5240, Adv: 4.2604) | Train Acc: 0.9907 | Val Acc: 0.9043 | Val P/R/F1 (Macro): 0.6018/0.5546/0.5662 | LR: 0.000001
Epoch [62/100] | Loss: 2.2751 (Cls: 1.7863, TAL: -0.4853, Adv: 4.2293) | Train Acc: 0.9931 | Val Acc: 0.8957 | Val P/R/F1 (Macro): 0.5962/0.5107/0.5287 | LR: 0.000001
Epoch [63/100] | Loss: 2.3087 (Cls: 1.7923, TAL: -0.4581, Adv: 4.3593) | Train Acc: 0.9861 | Val Acc: 0.8957 | Val P/R/F1 (Macro): 0.5896/0.5124/0.5261 | LR: 0.000001
Epoch [64/100] | Loss: 2.3689 (Cls: 1.8062, TAL: -0.4890, Adv: 4.7296) | Train Acc: 0.9861 | Val Acc: 0.8870 | Val P/R/F1 (Macro): 0.5890/0.5069/0.5232 | LR: 0.000001
Epoch [65/100] | Loss: 2.3410 (Cls: 1.7936, TAL: -0.4419, Adv: 4.5332) | Train Acc: 0.9931 | Val Acc: 0.9130 | Val P/R/F1 (Macro): 0.6072/0.5583/0.5704 | LR: 0.000001
Epoch [66/100] | Loss: 2.3011 (Cls: 1.7919, TAL: -0.4255, Adv: 4.2453) | Train Acc: 0.9931 | Val Acc: 0.9130 | Val P/R/F1 (Macro): 0.6023/0.5393/0.5548 | LR: 0.000001
Epoch [67/100] | Loss: 2.3525 (Cls: 1.7733, TAL: -0.4005, Adv: 4.6621) | Train Acc: 0.9954 | Val Acc: 0.9043 | Val P/R/F1 (Macro): 0.6107/0.5133/0.5381 | LR: 0.000001
Epoch [68/100] | Loss: 2.3903 (Cls: 1.7871, TAL: -0.2892, Adv: 4.6002) | Train Acc: 0.9931 | Val Acc: 0.9043 | Val P/R/F1 (Macro): 0.6031/0.5345/0.5533 | LR: 0.000001
Epoch [69/100] | Loss: 2.4258 (Cls: 1.8025, TAL: -0.3521, Adv: 4.8591) | Train Acc: 0.9907 | Val Acc: 0.9043 | Val P/R/F1 (Macro): 0.5975/0.5162/0.5330 | LR: 0.000001
Epoch [70/100] | Loss: 2.4807 (Cls: 1.7808, TAL: -0.0961, Adv: 4.8584) | Train Acc: 0.9884 | Val Acc: 0.9043 | Val P/R/F1 (Macro): 0.6009/0.5345/0.5516 | LR: 0.000001
Epoch [71/100] | Loss: 2.4885 (Cls: 1.8101, TAL: -0.1791, Adv: 4.8808) | Train Acc: 0.9838 | Val Acc: 0.8957 | Val P/R/F1 (Macro): 0.5950/0.5305/0.5472 | LR: 0.000001
Epoch [72/100] | Loss: 2.4953 (Cls: 1.7742, TAL: -0.1936, Adv: 5.1949) | Train Acc: 0.9977 | Val Acc: 0.8870 | Val P/R/F1 (Macro): 0.5902/0.5055/0.5236 | LR: 0.000001
Epoch [73/100] | Loss: 2.5115 (Cls: 1.8100, TAL: -0.1237, Adv: 4.9240) | Train Acc: 0.9884 | Val Acc: 0.9130 | Val P/R/F1 (Macro): 0.6037/0.5723/0.5818 | LR: 0.000001
Epoch [74/100] | Loss: 2.4682 (Cls: 1.7726, TAL: -0.1734, Adv: 4.9840) | Train Acc: 0.9977 | Val Acc: 0.8957 | Val P/R/F1 (Macro): 0.5990/0.5308/0.5485 | LR: 0.000001
Epoch [75/100] | Loss: 2.4224 (Cls: 1.7887, TAL: -0.0287, Adv: 4.2823) | Train Acc: 0.9954 | Val Acc: 0.9043 | Val P/R/F1 (Macro): 0.5990/0.5450/0.5614 | LR: 0.000001
Epoch [76/100] | Loss: 2.4733 (Cls: 1.7933, TAL: -0.1268, Adv: 4.7870) | Train Acc: 0.9907 | Val Acc: 0.8957 | Val P/R/F1 (Macro): 0.5990/0.5290/0.5477 | LR: 0.000001
Epoch [77/100] | Loss: 2.3427 (Cls: 1.7788, TAL: -0.3264, Adv: 4.4123) | Train Acc: 0.9907 | Val Acc: 0.8957 | Val P/R/F1 (Macro): 0.5930/0.5224/0.5386 | LR: 0.000001
Epoch [78/100] | Loss: 2.3917 (Cls: 1.7766, TAL: -0.3179, Adv: 4.7366) | Train Acc: 0.9931 | Val Acc: 0.8870 | Val P/R/F1 (Macro): 0.5931/0.5069/0.5244 | LR: 0.000001
Epoch [79/100] | Loss: 2.3447 (Cls: 1.7619, TAL: -0.3261, Adv: 4.5375) | Train Acc: 0.9884 | Val Acc: 0.9130 | Val P/R/F1 (Macro): 0.6136/0.5371/0.5611 | LR: 0.000001
Epoch [80/100] | Loss: 2.4194 (Cls: 1.7879, TAL: -0.2871, Adv: 4.7845) | Train Acc: 0.9884 | Val Acc: 0.8783 | Val P/R/F1 (Macro): 0.5895/0.5015/0.5195 | LR: 0.000001
Epoch [81/100] | Loss: 2.4470 (Cls: 1.7845, TAL: -0.1877, Adv: 4.7922) | Train Acc: 0.9838 | Val Acc: 0.8870 | Val P/R/F1 (Macro): 0.5882/0.5069/0.5227 | LR: 0.000001
Epoch [82/100] | Loss: 2.4930 (Cls: 1.7862, TAL: -0.0552, Adv: 4.8227) | Train Acc: 0.9907 | Val Acc: 0.8957 | Val P/R/F1 (Macro): 0.5931/0.5095/0.5262 | LR: 0.000001
Epoch [83/100] | Loss: 2.4523 (Cls: 1.7689, TAL: -0.0953, Adv: 4.7463) | Train Acc: 0.9931 | Val Acc: 0.8957 | Val P/R/F1 (Macro): 0.5956/0.5095/0.5276 | LR: 0.000001
Epoch [84/100] | Loss: 2.4228 (Cls: 1.7817, TAL: -0.2894, Adv: 4.8527) | Train Acc: 0.9954 | Val Acc: 0.8957 | Val P/R/F1 (Macro): 0.6091/0.5183/0.5444 | LR: 0.000001
Epoch [85/100] | Loss: 2.4137 (Cls: 1.7665, TAL: -0.2650, Adv: 4.8449) | Train Acc: 0.9977 | Val Acc: 0.8957 | Val P/R/F1 (Macro): 0.5963/0.5095/0.5286 | LR: 0.000001
Epoch [86/100] | Loss: 2.4616 (Cls: 1.7732, TAL: -0.0951, Adv: 4.7795) | Train Acc: 0.9907 | Val Acc: 0.8870 | Val P/R/F1 (Macro): 0.5934/0.5157/0.5357 | LR: 0.000001
Epoch [87/100] | Loss: 2.4308 (Cls: 1.7764, TAL: -0.1171, Adv: 4.5965) | Train Acc: 0.9931 | Val Acc: 0.8957 | Val P/R/F1 (Macro): 0.5975/0.5095/0.5285 | LR: 0.000001
Epoch [88/100] | Loss: 2.4236 (Cls: 1.7642, TAL: -0.1782, Adv: 4.7524) | Train Acc: 1.0000 | Val Acc: 0.8957 | Val P/R/F1 (Macro): 0.6003/0.5095/0.5309 | LR: 0.000001
Epoch [89/100] | Loss: 2.4671 (Cls: 1.7812, TAL: -0.1093, Adv: 4.7907) | Train Acc: 0.9954 | Val Acc: 0.8957 | Val P/R/F1 (Macro): 0.5963/0.5095/0.5286 | LR: 0.000001
Epoch [90/100] | Loss: 2.4710 (Cls: 1.7901, TAL: -0.0974, Adv: 4.7344) | Train Acc: 0.9838 | Val Acc: 0.8957 | Val P/R/F1 (Macro): 0.5995/0.5095/0.5299 | LR: 0.000001
Epoch [91/100] | Loss: 2.4621 (Cls: 1.7714, TAL: -0.1543, Adv: 4.9132) | Train Acc: 0.9907 | Val Acc: 0.8957 | Val P/R/F1 (Macro): 0.5956/0.5095/0.5285 | LR: 0.000001
Epoch [92/100] | Loss: 2.5202 (Cls: 1.7823, TAL: -0.0437, Adv: 5.0069) | Train Acc: 0.9931 | Val Acc: 0.8957 | Val P/R/F1 (Macro): 0.5956/0.5095/0.5285 | LR: 0.000001
Epoch [93/100] | Loss: 2.5069 (Cls: 1.7615, TAL: -0.0061, Adv: 4.9817) | Train Acc: 0.9931 | Val Acc: 0.8957 | Val P/R/F1 (Macro): 0.5821/0.5136/0.5302 | LR: 0.000001
Epoch [94/100] | Loss: 2.5042 (Cls: 1.7696, TAL: -0.0198, Adv: 4.9369) | Train Acc: 0.9931 | Val Acc: 0.8696 | Val P/R/F1 (Macro): 0.5859/0.4977/0.5148 | LR: 0.000001
Epoch [95/100] | Loss: 2.4474 (Cls: 1.7810, TAL: -0.0329, Adv: 4.5081) | Train Acc: 0.9907 | Val Acc: 0.8870 | Val P/R/F1 (Macro): 0.5946/0.5057/0.5247 | LR: 0.000001
Epoch [96/100] | Loss: 2.5045 (Cls: 1.7778, TAL: -0.0380, Adv: 4.9210) | Train Acc: 0.9954 | Val Acc: 0.9043 | Val P/R/F1 (Macro): 0.6038/0.5238/0.5450 | LR: 0.000001
Epoch [97/100] | Loss: 2.5412 (Cls: 1.8156, TAL: -0.0187, Adv: 4.8748) | Train Acc: 0.9792 | Val Acc: 0.8957 | Val P/R/F1 (Macro): 0.6014/0.5095/0.5315 | LR: 0.000001
Epoch [98/100] | Loss: 2.5575 (Cls: 1.7758, TAL: 0.0076, Adv: 5.1966) | Train Acc: 0.9907 | Val Acc: 0.8957 | Val P/R/F1 (Macro): 0.5995/0.5095/0.5299 | LR: 0.000001
Epoch [99/100] | Loss: 2.5853 (Cls: 1.7823, TAL: 0.0049, Adv: 5.3434) | Train Acc: 0.9977 | Val Acc: 0.8870 | Val P/R/F1 (Macro): 0.6016/0.5057/0.5276 | LR: 0.000001
Epoch [100/100] | Loss: 2.6239 (Cls: 1.7905, TAL: 0.0586, Adv: 5.4387) | Train Acc: 0.9861 | Val Acc: 0.8783 | Val P/R/F1 (Macro): 0.5909/0.5132/0.5322 | LR: 0.000001

迭代 4 最佳指标:
  Accuracy: 0.9217
  Precision (Macro): 0.5916
  Recall (Macro): 0.5461
  F1 (Macro): 0.5499
  Precision (Micro): 0.9217
  Recall (Micro): 0.9217
  F1 (Micro): 0.9217

================================================================================
迭代 5/5
随机种子: 46
================================================================================
Feature fusion: Tensor alignment (512+512 -> 128+128); fused_dim=256
Domain adaptation: Neural OT generator with 3-domain discriminator
Loss weights: tensor=0.30, adv=0.15
Epoch [1/100] | Loss: 7.0764 (Cls: 7.0514, TAL: -0.1664, Adv: 0.4993) | Train Acc: 0.1921 | Val Acc: 0.2870 | Val P/R/F1 (Macro): 0.1348/0.1912/0.1379 | LR: 0.000010
  >>> New Best Val Acc: 0.2870
Epoch [2/100] | Loss: 5.3052 (Cls: 5.1822, TAL: -0.1362, Adv: 1.0923) | Train Acc: 0.3750 | Val Acc: 0.5130 | Val P/R/F1 (Macro): 0.3864/0.3232/0.3069 | LR: 0.000010
  >>> New Best Val Acc: 0.5130
Epoch [3/100] | Loss: 4.5200 (Cls: 4.3361, TAL: -0.0530, Adv: 1.3316) | Train Acc: 0.6250 | Val Acc: 0.7304 | Val P/R/F1 (Macro): 0.5008/0.4589/0.4390 | LR: 0.000010
  >>> New Best Val Acc: 0.7304
Epoch [4/100] | Loss: 3.6610 (Cls: 3.4384, TAL: -0.0109, Adv: 1.5057) | Train Acc: 0.7083 | Val Acc: 0.7565 | Val P/R/F1 (Macro): 0.4771/0.4912/0.4674 | LR: 0.000010
  >>> New Best Val Acc: 0.7565
Epoch [5/100] | Loss: 3.3262 (Cls: 3.0781, TAL: -0.0476, Adv: 1.7491) | Train Acc: 0.7940 | Val Acc: 0.6957 | Val P/R/F1 (Macro): 0.4968/0.4747/0.4538 | LR: 0.000010
Epoch [6/100] | Loss: 3.4627 (Cls: 3.1665, TAL: -0.0205, Adv: 2.0156) | Train Acc: 0.7870 | Val Acc: 0.7739 | Val P/R/F1 (Macro): 0.5387/0.5034/0.4985 | LR: 0.000010
  >>> New Best Val Acc: 0.7739
Epoch [7/100] | Loss: 3.0508 (Cls: 2.7195, TAL: -0.0232, Adv: 2.2554) | Train Acc: 0.8634 | Val Acc: 0.8348 | Val P/R/F1 (Macro): 0.5532/0.5261/0.5338 | LR: 0.000010
  >>> New Best Val Acc: 0.8348
Epoch [8/100] | Loss: 2.8282 (Cls: 2.4845, TAL: -0.0174, Adv: 2.3265) | Train Acc: 0.8727 | Val Acc: 0.8087 | Val P/R/F1 (Macro): 0.5561/0.4844/0.5022 | LR: 0.000010
Epoch [9/100] | Loss: 2.7732 (Cls: 2.3896, TAL: -0.0014, Adv: 2.5603) | Train Acc: 0.9005 | Val Acc: 0.7652 | Val P/R/F1 (Macro): 0.4440/0.4331/0.4301 | LR: 0.000010
Epoch [10/100] | Loss: 2.7962 (Cls: 2.3931, TAL: -0.0210, Adv: 2.7291) | Train Acc: 0.8935 | Val Acc: 0.8261 | Val P/R/F1 (Macro): 0.5422/0.4998/0.5078 | LR: 0.000010
Epoch [11/100] | Loss: 2.6682 (Cls: 2.3097, TAL: -0.0253, Adv: 2.4405) | Train Acc: 0.9213 | Val Acc: 0.8522 | Val P/R/F1 (Macro): 0.5590/0.5344/0.5387 | LR: 0.000010
  >>> New Best Val Acc: 0.8522
Epoch [12/100] | Loss: 2.7439 (Cls: 2.3037, TAL: -0.0300, Adv: 2.9948) | Train Acc: 0.9282 | Val Acc: 0.8522 | Val P/R/F1 (Macro): 0.5827/0.5107/0.5286 | LR: 0.000010
Epoch [13/100] | Loss: 2.6447 (Cls: 2.2615, TAL: 0.0896, Adv: 2.3753) | Train Acc: 0.9259 | Val Acc: 0.8435 | Val P/R/F1 (Macro): 0.5749/0.5396/0.5440 | LR: 0.000010
Epoch [14/100] | Loss: 2.5427 (Cls: 2.2639, TAL: -0.1578, Adv: 2.1741) | Train Acc: 0.9282 | Val Acc: 0.8348 | Val P/R/F1 (Macro): 0.4816/0.4879/0.4748 | LR: 0.000010
Epoch [15/100] | Loss: 2.5242 (Cls: 2.1269, TAL: -0.0711, Adv: 2.7906) | Train Acc: 0.9583 | Val Acc: 0.8870 | Val P/R/F1 (Macro): 0.5729/0.5622/0.5582 | LR: 0.000010
  >>> New Best Val Acc: 0.8870
Epoch [16/100] | Loss: 2.4575 (Cls: 2.0572, TAL: 0.0467, Adv: 2.5750) | Train Acc: 0.9560 | Val Acc: 0.8870 | Val P/R/F1 (Macro): 0.5902/0.5387/0.5525 | LR: 0.000010
Epoch [17/100] | Loss: 2.3819 (Cls: 2.0732, TAL: -0.0596, Adv: 2.1772) | Train Acc: 0.9537 | Val Acc: 0.8522 | Val P/R/F1 (Macro): 0.5837/0.5138/0.5353 | LR: 0.000010
Epoch [18/100] | Loss: 2.5611 (Cls: 2.1114, TAL: 0.0799, Adv: 2.8377) | Train Acc: 0.9398 | Val Acc: 0.8783 | Val P/R/F1 (Macro): 0.5660/0.5794/0.5660 | LR: 0.000010
Epoch [19/100] | Loss: 2.5370 (Cls: 2.1115, TAL: 0.0533, Adv: 2.7300) | Train Acc: 0.9537 | Val Acc: 0.8609 | Val P/R/F1 (Macro): 0.5545/0.5472/0.5422 | LR: 0.000010
Epoch [20/100] | Loss: 2.4554 (Cls: 2.0856, TAL: 0.0375, Adv: 2.3910) | Train Acc: 0.9606 | Val Acc: 0.8783 | Val P/R/F1 (Macro): 0.5708/0.5565/0.5572 | LR: 0.000010
Epoch [21/100] | Loss: 2.5539 (Cls: 2.0420, TAL: 0.2003, Adv: 3.0121) | Train Acc: 0.9583 | Val Acc: 0.8870 | Val P/R/F1 (Macro): 0.5785/0.5593/0.5616 | LR: 0.000010
Epoch [22/100] | Loss: 2.4114 (Cls: 1.9846, TAL: 0.0534, Adv: 2.7382) | Train Acc: 0.9606 | Val Acc: 0.8783 | Val P/R/F1 (Macro): 0.5897/0.5509/0.5625 | LR: 0.000010
Epoch [23/100] | Loss: 2.3375 (Cls: 1.9631, TAL: 0.0259, Adv: 2.4441) | Train Acc: 0.9676 | Val Acc: 0.8609 | Val P/R/F1 (Macro): 0.5667/0.5287/0.5362 | LR: 0.000010
Epoch [24/100] | Loss: 2.5217 (Cls: 2.0453, TAL: 0.0591, Adv: 3.0582) | Train Acc: 0.9583 | Val Acc: 0.9130 | Val P/R/F1 (Macro): 0.6106/0.5562/0.5774 | LR: 0.000010
  >>> New Best Val Acc: 0.9130
Epoch [25/100] | Loss: 2.4352 (Cls: 1.9790, TAL: 0.0255, Adv: 2.9906) | Train Acc: 0.9699 | Val Acc: 0.8957 | Val P/R/F1 (Macro): 0.6025/0.5425/0.5633 | LR: 0.000010
Epoch [26/100] | Loss: 2.3395 (Cls: 2.0132, TAL: -0.1169, Adv: 2.4091) | Train Acc: 0.9699 | Val Acc: 0.8435 | Val P/R/F1 (Macro): 0.5772/0.5054/0.5229 | LR: 0.000010
Epoch [27/100] | Loss: 2.3720 (Cls: 1.9504, TAL: -0.1228, Adv: 3.0558) | Train Acc: 0.9583 | Val Acc: 0.8783 | Val P/R/F1 (Macro): 0.5979/0.5396/0.5621 | LR: 0.000010
Epoch [28/100] | Loss: 2.4447 (Cls: 1.9862, TAL: 0.0706, Adv: 2.9156) | Train Acc: 0.9745 | Val Acc: 0.8609 | Val P/R/F1 (Macro): 0.5811/0.5281/0.5432 | LR: 0.000010
Epoch [29/100] | Loss: 2.4371 (Cls: 1.9436, TAL: 0.0112, Adv: 3.2672) | Train Acc: 0.9792 | Val Acc: 0.8870 | Val P/R/F1 (Macro): 0.5952/0.5490/0.5662 | LR: 0.000010
Epoch [30/100] | Loss: 2.4394 (Cls: 1.9362, TAL: -0.0312, Adv: 3.4172) | Train Acc: 0.9699 | Val Acc: 0.8696 | Val P/R/F1 (Macro): 0.5747/0.5295/0.5455 | LR: 0.000010
Epoch [31/100] | Loss: 2.3787 (Cls: 1.9239, TAL: -0.0591, Adv: 3.1498) | Train Acc: 0.9792 | Val Acc: 0.8696 | Val P/R/F1 (Macro): 0.5967/0.5166/0.5412 | LR: 0.000010
Epoch [32/100] | Loss: 2.4007 (Cls: 1.9344, TAL: 0.0200, Adv: 3.0683) | Train Acc: 0.9838 | Val Acc: 0.8435 | Val P/R/F1 (Macro): 0.5821/0.5182/0.5381 | LR: 0.000010
Epoch [33/100] | Loss: 2.4932 (Cls: 1.9341, TAL: 0.0527, Adv: 3.6221) | Train Acc: 0.9722 | Val Acc: 0.9043 | Val P/R/F1 (Macro): 0.6008/0.5566/0.5730 | LR: 0.000010
Epoch [34/100] | Loss: 2.3689 (Cls: 1.8966, TAL: 0.0045, Adv: 3.1393) | Train Acc: 0.9769 | Val Acc: 0.8870 | Val P/R/F1 (Macro): 0.5954/0.5382/0.5570 | LR: 0.000010
Epoch [35/100] | Loss: 2.4698 (Cls: 1.9494, TAL: 0.0062, Adv: 3.4572) | Train Acc: 0.9769 | Val Acc: 0.8696 | Val P/R/F1 (Macro): 0.5771/0.5339/0.5466 | LR: 0.000005
Epoch [36/100] | Loss: 2.3690 (Cls: 1.9057, TAL: -0.1446, Adv: 3.3783) | Train Acc: 0.9699 | Val Acc: 0.9304 | Val P/R/F1 (Macro): 0.6121/0.5774/0.5904 | LR: 0.000005
  >>> New Best Val Acc: 0.9304
Epoch [37/100] | Loss: 2.3878 (Cls: 1.8742, TAL: -0.1471, Adv: 3.7181) | Train Acc: 0.9907 | Val Acc: 0.9043 | Val P/R/F1 (Macro): 0.6065/0.5448/0.5671 | LR: 0.000005
Epoch [38/100] | Loss: 2.3256 (Cls: 1.8690, TAL: -0.1365, Adv: 3.3168) | Train Acc: 0.9931 | Val Acc: 0.9130 | Val P/R/F1 (Macro): 0.5990/0.5752/0.5820 | LR: 0.000005
Epoch [39/100] | Loss: 2.4223 (Cls: 1.8651, TAL: 0.0159, Adv: 3.6827) | Train Acc: 0.9769 | Val Acc: 0.8870 | Val P/R/F1 (Macro): 0.5934/0.5397/0.5582 | LR: 0.000005
Epoch [40/100] | Loss: 2.4121 (Cls: 1.8234, TAL: 0.0330, Adv: 3.8587) | Train Acc: 0.9884 | Val Acc: 0.9130 | Val P/R/F1 (Macro): 0.6023/0.5605/0.5760 | LR: 0.000005
Epoch [41/100] | Loss: 2.4353 (Cls: 1.8372, TAL: 0.1300, Adv: 3.7274) | Train Acc: 0.9792 | Val Acc: 0.9043 | Val P/R/F1 (Macro): 0.6036/0.5433/0.5652 | LR: 0.000005
Epoch [42/100] | Loss: 2.4583 (Cls: 1.8256, TAL: 0.2286, Adv: 3.7612) | Train Acc: 0.9815 | Val Acc: 0.9217 | Val P/R/F1 (Macro): 0.6071/0.5631/0.5782 | LR: 0.000005
Epoch [43/100] | Loss: 2.4497 (Cls: 1.8468, TAL: 0.1556, Adv: 3.7077) | Train Acc: 0.9861 | Val Acc: 0.9130 | Val P/R/F1 (Macro): 0.6083/0.5591/0.5780 | LR: 0.000005
Epoch [44/100] | Loss: 2.3997 (Cls: 1.8149, TAL: 0.0516, Adv: 3.7959) | Train Acc: 0.9861 | Val Acc: 0.8957 | Val P/R/F1 (Macro): 0.6023/0.5393/0.5618 | LR: 0.000005
Epoch [45/100] | Loss: 2.4718 (Cls: 1.8225, TAL: 0.1856, Adv: 3.9574) | Train Acc: 0.9884 | Val Acc: 0.8957 | Val P/R/F1 (Macro): 0.6112/0.5395/0.5656 | LR: 0.000005
Epoch [46/100] | Loss: 2.4453 (Cls: 1.7788, TAL: 0.2208, Adv: 4.0018) | Train Acc: 0.9931 | Val Acc: 0.9130 | Val P/R/F1 (Macro): 0.6158/0.5459/0.5715 | LR: 0.000005
Epoch [47/100] | Loss: 2.4331 (Cls: 1.8079, TAL: 0.2013, Adv: 3.7660) | Train Acc: 0.9838 | Val Acc: 0.9043 | Val P/R/F1 (Macro): 0.6061/0.5433/0.5659 | LR: 0.000003
Epoch [48/100] | Loss: 2.4255 (Cls: 1.7815, TAL: 0.1658, Adv: 3.9617) | Train Acc: 0.9907 | Val Acc: 0.9130 | Val P/R/F1 (Macro): 0.6051/0.5711/0.5831 | LR: 0.000003
Epoch [49/100] | Loss: 2.4677 (Cls: 1.8422, TAL: 0.0946, Adv: 3.9803) | Train Acc: 0.9769 | Val Acc: 0.9130 | Val P/R/F1 (Macro): 0.6068/0.5593/0.5775 | LR: 0.000003
Epoch [50/100] | Loss: 2.4569 (Cls: 1.7982, TAL: 0.1448, Adv: 4.1013) | Train Acc: 0.9884 | Val Acc: 0.9043 | Val P/R/F1 (Macro): 0.6042/0.5450/0.5660 | LR: 0.000003
Epoch [51/100] | Loss: 2.4469 (Cls: 1.7990, TAL: 0.2029, Adv: 3.9137) | Train Acc: 0.9977 | Val Acc: 0.8870 | Val P/R/F1 (Macro): 0.5938/0.5370/0.5562 | LR: 0.000003
Epoch [52/100] | Loss: 2.4249 (Cls: 1.7972, TAL: 0.1288, Adv: 3.9267) | Train Acc: 0.9815 | Val Acc: 0.8957 | Val P/R/F1 (Macro): 0.6064/0.5413/0.5650 | LR: 0.000003
Epoch [53/100] | Loss: 2.3860 (Cls: 1.7715, TAL: 0.1839, Adv: 3.7287) | Train Acc: 0.9907 | Val Acc: 0.8957 | Val P/R/F1 (Macro): 0.6009/0.5410/0.5614 | LR: 0.000003
Epoch [54/100] | Loss: 2.3966 (Cls: 1.7819, TAL: 0.2292, Adv: 3.6397) | Train Acc: 1.0000 | Val Acc: 0.9043 | Val P/R/F1 (Macro): 0.6049/0.5462/0.5668 | LR: 0.000003
Epoch [55/100] | Loss: 2.4547 (Cls: 1.8010, TAL: 0.1943, Adv: 3.9695) | Train Acc: 0.9931 | Val Acc: 0.9217 | Val P/R/F1 (Macro): 0.6099/0.5660/0.5823 | LR: 0.000003
Epoch [56/100] | Loss: 2.5008 (Cls: 1.8146, TAL: 0.2722, Adv: 4.0304) | Train Acc: 0.9884 | Val Acc: 0.8870 | Val P/R/F1 (Macro): 0.5978/0.5370/0.5582 | LR: 0.000003
Epoch [57/100] | Loss: 2.4841 (Cls: 1.8065, TAL: 0.2460, Adv: 4.0247) | Train Acc: 0.9838 | Val Acc: 0.9043 | Val P/R/F1 (Macro): 0.5947/0.5597/0.5703 | LR: 0.000003
Epoch [58/100] | Loss: 2.4919 (Cls: 1.8119, TAL: 0.2224, Adv: 4.0882) | Train Acc: 0.9838 | Val Acc: 0.8957 | Val P/R/F1 (Macro): 0.5989/0.5411/0.5614 | LR: 0.000001
Epoch [59/100] | Loss: 2.4515 (Cls: 1.7875, TAL: 0.1064, Adv: 4.2136) | Train Acc: 0.9861 | Val Acc: 0.9130 | Val P/R/F1 (Macro): 0.5958/0.5593/0.5724 | LR: 0.000001
Epoch [60/100] | Loss: 2.5012 (Cls: 1.7792, TAL: 0.1873, Adv: 4.4391) | Train Acc: 0.9931 | Val Acc: 0.8957 | Val P/R/F1 (Macro): 0.5896/0.5513/0.5653 | LR: 0.000001
Epoch [61/100] | Loss: 2.4827 (Cls: 1.7882, TAL: 0.2147, Adv: 4.1999) | Train Acc: 0.9884 | Val Acc: 0.8870 | Val P/R/F1 (Macro): 0.5948/0.5356/0.5567 | LR: 0.000001
Epoch [62/100] | Loss: 2.5319 (Cls: 1.7888, TAL: 0.1749, Adv: 4.6042) | Train Acc: 0.9861 | Val Acc: 0.8957 | Val P/R/F1 (Macro): 0.6010/0.5395/0.5615 | LR: 0.000001
Epoch [63/100] | Loss: 2.4858 (Cls: 1.7906, TAL: 0.2206, Adv: 4.1931) | Train Acc: 0.9931 | Val Acc: 0.9043 | Val P/R/F1 (Macro): 0.6050/0.5421/0.5648 | LR: 0.000001
Epoch [64/100] | Loss: 2.5093 (Cls: 1.7791, TAL: 0.1598, Adv: 4.5486) | Train Acc: 0.9907 | Val Acc: 0.9130 | Val P/R/F1 (Macro): 0.6076/0.5476/0.5686 | LR: 0.000001
Epoch [65/100] | Loss: 2.5000 (Cls: 1.7819, TAL: 0.1609, Adv: 4.4651) | Train Acc: 0.9884 | Val Acc: 0.9043 | Val P/R/F1 (Macro): 0.6050/0.5421/0.5648 | LR: 0.000001
Epoch [66/100] | Loss: 2.5147 (Cls: 1.8102, TAL: 0.1953, Adv: 4.3059) | Train Acc: 0.9931 | Val Acc: 0.9217 | Val P/R/F1 (Macro): 0.6102/0.5619/0.5801 | LR: 0.000001
Epoch [67/100] | Loss: 2.4680 (Cls: 1.7676, TAL: 0.0958, Adv: 4.4778) | Train Acc: 0.9861 | Val Acc: 0.9043 | Val P/R/F1 (Macro): 0.6050/0.5421/0.5648 | LR: 0.000001
Epoch [68/100] | Loss: 2.4304 (Cls: 1.7603, TAL: 0.0590, Adv: 4.3490) | Train Acc: 0.9931 | Val Acc: 0.8957 | Val P/R/F1 (Macro): 0.6021/0.5395/0.5620 | LR: 0.000001
Epoch [69/100] | Loss: 2.4333 (Cls: 1.7620, TAL: 0.0708, Adv: 4.3337) | Train Acc: 0.9931 | Val Acc: 0.8957 | Val P/R/F1 (Macro): 0.5982/0.5411/0.5612 | LR: 0.000001
Epoch [70/100] | Loss: 2.4346 (Cls: 1.7605, TAL: 0.0372, Adv: 4.4194) | Train Acc: 0.9977 | Val Acc: 0.8957 | Val P/R/F1 (Macro): 0.6010/0.5395/0.5615 | LR: 0.000001
Epoch [71/100] | Loss: 2.4316 (Cls: 1.7619, TAL: 0.0876, Adv: 4.2893) | Train Acc: 0.9931 | Val Acc: 0.9304 | Val P/R/F1 (Macro): 0.6164/0.5639/0.5845 | LR: 0.000001
Epoch [72/100] | Loss: 2.4581 (Cls: 1.7542, TAL: 0.1266, Adv: 4.4397) | Train Acc: 0.9907 | Val Acc: 0.8957 | Val P/R/F1 (Macro): 0.6021/0.5395/0.5620 | LR: 0.000001
Epoch [73/100] | Loss: 2.4656 (Cls: 1.7484, TAL: 0.0763, Adv: 4.6284) | Train Acc: 1.0000 | Val Acc: 0.8870 | Val P/R/F1 (Macro): 0.5948/0.5356/0.5567 | LR: 0.000001
Epoch [74/100] | Loss: 2.4609 (Cls: 1.7735, TAL: 0.0996, Adv: 4.3832) | Train Acc: 0.9931 | Val Acc: 0.8957 | Val P/R/F1 (Macro): 0.6010/0.5395/0.5615 | LR: 0.000001
Epoch [75/100] | Loss: 2.4640 (Cls: 1.7540, TAL: 0.1834, Adv: 4.3665) | Train Acc: 0.9954 | Val Acc: 0.8870 | Val P/R/F1 (Macro): 0.5908/0.5385/0.5561 | LR: 0.000001
Epoch [76/100] | Loss: 2.5028 (Cls: 1.7709, TAL: 0.2025, Adv: 4.4744) | Train Acc: 0.9907 | Val Acc: 0.8957 | Val P/R/F1 (Macro): 0.6010/0.5395/0.5615 | LR: 0.000001
Epoch [77/100] | Loss: 2.5103 (Cls: 1.7668, TAL: 0.2370, Adv: 4.4827) | Train Acc: 0.9931 | Val Acc: 0.9130 | Val P/R/F1 (Macro): 0.6068/0.5576/0.5766 | LR: 0.000001
Epoch [78/100] | Loss: 2.4848 (Cls: 1.7840, TAL: 0.2499, Adv: 4.1716) | Train Acc: 0.9838 | Val Acc: 0.9043 | Val P/R/F1 (Macro): 0.6028/0.5568/0.5740 | LR: 0.000001
Epoch [79/100] | Loss: 2.4944 (Cls: 1.7333, TAL: 0.2102, Adv: 4.6532) | Train Acc: 0.9954 | Val Acc: 0.8783 | Val P/R/F1 (Macro): 0.5857/0.5330/0.5508 | LR: 0.000001
Epoch [80/100] | Loss: 2.4632 (Cls: 1.7581, TAL: 0.2223, Adv: 4.2560) | Train Acc: 0.9931 | Val Acc: 0.8957 | Val P/R/F1 (Macro): 0.5988/0.5381/0.5601 | LR: 0.000001
Epoch [81/100] | Loss: 2.4959 (Cls: 1.7732, TAL: 0.2322, Adv: 4.3534) | Train Acc: 0.9907 | Val Acc: 0.8957 | Val P/R/F1 (Macro): 0.6025/0.5381/0.5618 | LR: 0.000001
Epoch [82/100] | Loss: 2.5531 (Cls: 1.7939, TAL: 0.1891, Adv: 4.6836) | Train Acc: 0.9931 | Val Acc: 0.9217 | Val P/R/F1 (Macro): 0.6119/0.5526/0.5742 | LR: 0.000001
Epoch [83/100] | Loss: 2.5425 (Cls: 1.7663, TAL: 0.1912, Adv: 4.7925) | Train Acc: 0.9907 | Val Acc: 0.8870 | Val P/R/F1 (Macro): 0.6014/0.5356/0.5598 | LR: 0.000001
Epoch [84/100] | Loss: 2.5369 (Cls: 1.7489, TAL: 0.1155, Adv: 5.0221) | Train Acc: 0.9977 | Val Acc: 0.8957 | Val P/R/F1 (Macro): 0.6028/0.5395/0.5625 | LR: 0.000001
Epoch [85/100] | Loss: 2.5068 (Cls: 1.7606, TAL: 0.1823, Adv: 4.6104) | Train Acc: 0.9954 | Val Acc: 0.8957 | Val P/R/F1 (Macro): 0.5988/0.5381/0.5601 | LR: 0.000001
Epoch [86/100] | Loss: 2.5176 (Cls: 1.7793, TAL: 0.1647, Adv: 4.5924) | Train Acc: 0.9907 | Val Acc: 0.9217 | Val P/R/F1 (Macro): 0.6184/0.5496/0.5750 | LR: 0.000001
Epoch [87/100] | Loss: 2.5163 (Cls: 1.7727, TAL: 0.1294, Adv: 4.6986) | Train Acc: 0.9907 | Val Acc: 0.8870 | Val P/R/F1 (Macro): 0.5966/0.5356/0.5577 | LR: 0.000001
Epoch [88/100] | Loss: 2.5061 (Cls: 1.7521, TAL: 0.1225, Adv: 4.7816) | Train Acc: 0.9931 | Val Acc: 0.9130 | Val P/R/F1 (Macro): 0.6121/0.5471/0.5711 | LR: 0.000001
Epoch [89/100] | Loss: 2.5070 (Cls: 1.7534, TAL: 0.1321, Adv: 4.7596) | Train Acc: 0.9907 | Val Acc: 0.9043 | Val P/R/F1 (Macro): 0.6039/0.5462/0.5667 | LR: 0.000001
Epoch [90/100] | Loss: 2.4924 (Cls: 1.7506, TAL: 0.0965, Adv: 4.7519) | Train Acc: 0.9931 | Val Acc: 0.9304 | Val P/R/F1 (Macro): 0.6113/0.5684/0.5847 | LR: 0.000001
Epoch [91/100] | Loss: 2.4728 (Cls: 1.7468, TAL: 0.0374, Adv: 4.7653) | Train Acc: 0.9954 | Val Acc: 0.9304 | Val P/R/F1 (Macro): 0.6140/0.5668/0.5853 | LR: 0.000001
Epoch [92/100] | Loss: 2.4819 (Cls: 1.7489, TAL: 0.0516, Adv: 4.7835) | Train Acc: 0.9907 | Val Acc: 0.9304 | Val P/R/F1 (Macro): 0.6099/0.5686/0.5838 | LR: 0.000001
Epoch [93/100] | Loss: 2.5186 (Cls: 1.7625, TAL: 0.1198, Adv: 4.8010) | Train Acc: 0.9954 | Val Acc: 0.9304 | Val P/R/F1 (Macro): 0.6170/0.5668/0.5866 | LR: 0.000001
Epoch [94/100] | Loss: 2.5321 (Cls: 1.7572, TAL: 0.1219, Adv: 4.9219) | Train Acc: 1.0000 | Val Acc: 0.9304 | Val P/R/F1 (Macro): 0.6140/0.5668/0.5853 | LR: 0.000001
Epoch [95/100] | Loss: 2.5395 (Cls: 1.7482, TAL: 0.1428, Adv: 4.9899) | Train Acc: 0.9884 | Val Acc: 0.9391 | Val P/R/F1 (Macro): 0.6193/0.5694/0.5890 | LR: 0.000001
  >>> New Best Val Acc: 0.9391
Epoch [96/100] | Loss: 2.5138 (Cls: 1.7467, TAL: 0.0742, Adv: 4.9656) | Train Acc: 0.9977 | Val Acc: 0.9217 | Val P/R/F1 (Macro): 0.6119/0.5631/0.5822 | LR: 0.000001
Epoch [97/100] | Loss: 2.4838 (Cls: 1.7459, TAL: 0.0427, Adv: 4.8343) | Train Acc: 0.9954 | Val Acc: 0.9304 | Val P/R/F1 (Macro): 0.6141/0.5668/0.5850 | LR: 0.000001
Epoch [98/100] | Loss: 2.4935 (Cls: 1.7401, TAL: 0.0347, Adv: 4.9534) | Train Acc: 0.9954 | Val Acc: 0.9304 | Val P/R/F1 (Macro): 0.6136/0.5654/0.5842 | LR: 0.000001
Epoch [99/100] | Loss: 2.5556 (Cls: 1.7815, TAL: 0.0848, Adv: 4.9909) | Train Acc: 0.9931 | Val Acc: 0.9130 | Val P/R/F1 (Macro): 0.6081/0.5476/0.5690 | LR: 0.000001
Epoch [100/100] | Loss: 2.4893 (Cls: 1.7454, TAL: 0.0290, Adv: 4.9013) | Train Acc: 0.9954 | Val Acc: 0.9304 | Val P/R/F1 (Macro): 0.6203/0.5734/0.5904 | LR: 0.000001

迭代 5 最佳指标:
  Accuracy: 0.9391
  Precision (Macro): 0.6193
  Recall (Macro): 0.5694
  F1 (Macro): 0.5890
  Precision (Micro): 0.9391
  Recall (Micro): 0.9391
  F1 (Micro): 0.9391

================================================================================
5次迭代统计结果
================================================================================

accuracy:
  各迭代值: ['0.9478', '0.9391', '0.9304', '0.9217', '0.9391']
  均值 (Mean): 0.9357
  标准差 (Std): 0.0089

precision_macro:
  各迭代值: ['0.6219', '0.6162', '0.6063', '0.5916', '0.6193']
  均值 (Mean): 0.6110
  标准差 (Std): 0.0111

recall_macro:
  各迭代值: ['0.5951', '0.5807', '0.5791', '0.5461', '0.5694']
  均值 (Mean): 0.5741
  标准差 (Std): 0.0162

f1_macro:
  各迭代值: ['0.6052', '0.5926', '0.5877', '0.5499', '0.5890']
  均值 (Mean): 0.5849
  标准差 (Std): 0.0186

precision_micro:
  各迭代值: ['0.9478', '0.9391', '0.9304', '0.9217', '0.9391']
  均值 (Mean): 0.9357
  标准差 (Std): 0.0089

recall_micro:
  各迭代值: ['0.9478', '0.9391', '0.9304', '0.9217', '0.9391']
  均值 (Mean): 0.9357
  标准差 (Std): 0.0089

f1_micro:
  各迭代值: ['0.9478', '0.9391', '0.9304', '0.9217', '0.9391']
  均值 (Mean): 0.9357
  标准差 (Std): 0.0089

训练结束时间: 2026-06-29 14:21:54
================================================================================
