================================================================================
模块消融实验 - without_tensor_with_ot
目标域天气: 逆光
训练开始时间: 2026-06-24 22:47:53
设备: cuda
源域: /home/lixiang/lx/Data/晴天
目标域: /home/lixiang/lx/Data/逆光
批次大小: 64
总轮数: 100
迭代次数: 5
使用Tensor模块: 否
使用OT模块: 是
特征融合方式: 通道拼接
域对齐方式: 最优传输
================================================================================

================================================================================
迭代 1/5
随机种子: 42
================================================================================
Feature fusion: Channel concatenation (512+512); fused_dim=1024
Domain adaptation: Neural OT generator with 3-domain discriminator
Loss weights: tensor=0.00, adv=0.15
Epoch [1/100] | Loss: 8.3977 (Cls: 8.3545, TAL: 0.0000, Adv: 0.2876) | Train Acc: 0.1172 | Val Acc: 0.1944 | Val P/R/F1 (Macro): 0.0710/0.1071/0.0643 | LR: 0.000010
  >>> New Best Val Acc: 0.1944
Epoch [2/100] | Loss: 6.6018 (Cls: 6.5530, TAL: 0.0000, Adv: 0.3252) | Train Acc: 0.2969 | Val Acc: 0.1944 | Val P/R/F1 (Macro): 0.0584/0.0952/0.0505 | LR: 0.000010
Epoch [3/100] | Loss: 5.6659 (Cls: 5.6208, TAL: 0.0000, Adv: 0.3008) | Train Acc: 0.4531 | Val Acc: 0.4444 | Val P/R/F1 (Macro): 0.2483/0.3095/0.2540 | LR: 0.000010
  >>> New Best Val Acc: 0.4444
Epoch [4/100] | Loss: 4.9187 (Cls: 4.8746, TAL: 0.0000, Adv: 0.2944) | Train Acc: 0.5625 | Val Acc: 0.3333 | Val P/R/F1 (Macro): 0.1816/0.1786/0.1441 | LR: 0.000010
Epoch [5/100] | Loss: 4.5827 (Cls: 4.5409, TAL: 0.0000, Adv: 0.2784) | Train Acc: 0.7109 | Val Acc: 0.1389 | Val P/R/F1 (Macro): 0.0099/0.0714/0.0174 | LR: 0.000010
Epoch [6/100] | Loss: 4.4600 (Cls: 4.4130, TAL: 0.0000, Adv: 0.3130) | Train Acc: 0.6797 | Val Acc: 0.2778 | Val P/R/F1 (Macro): 0.2258/0.2024/0.1746 | LR: 0.000010
Epoch [7/100] | Loss: 4.0477 (Cls: 3.9825, TAL: 0.0000, Adv: 0.4350) | Train Acc: 0.6875 | Val Acc: 0.3333 | Val P/R/F1 (Macro): 0.1837/0.2262/0.1783 | LR: 0.000010
Epoch [8/100] | Loss: 3.8730 (Cls: 3.7937, TAL: 0.0000, Adv: 0.5282) | Train Acc: 0.7578 | Val Acc: 0.6944 | Val P/R/F1 (Macro): 0.4357/0.4345/0.4155 | LR: 0.000010
  >>> New Best Val Acc: 0.6944
Epoch [9/100] | Loss: 3.0514 (Cls: 2.9850, TAL: 0.0000, Adv: 0.4423) | Train Acc: 0.8594 | Val Acc: 0.4722 | Val P/R/F1 (Macro): 0.3915/0.2786/0.2676 | LR: 0.000010
Epoch [10/100] | Loss: 3.0743 (Cls: 2.9913, TAL: 0.0000, Adv: 0.5533) | Train Acc: 0.8281 | Val Acc: 0.4722 | Val P/R/F1 (Macro): 0.3083/0.2869/0.2554 | LR: 0.000010
Epoch [11/100] | Loss: 2.9380 (Cls: 2.8389, TAL: 0.0000, Adv: 0.6607) | Train Acc: 0.9219 | Val Acc: 0.6389 | Val P/R/F1 (Macro): 0.4054/0.4464/0.4178 | LR: 0.000010
Epoch [12/100] | Loss: 2.8333 (Cls: 2.7229, TAL: 0.0000, Adv: 0.7363) | Train Acc: 0.8359 | Val Acc: 0.8056 | Val P/R/F1 (Macro): 0.4923/0.5119/0.4957 | LR: 0.000010
  >>> New Best Val Acc: 0.8056
Epoch [13/100] | Loss: 3.0912 (Cls: 2.9837, TAL: 0.0000, Adv: 0.7160) | Train Acc: 0.8828 | Val Acc: 0.8333 | Val P/R/F1 (Macro): 0.4923/0.5042/0.4927 | LR: 0.000010
  >>> New Best Val Acc: 0.8333
Epoch [14/100] | Loss: 2.7197 (Cls: 2.6076, TAL: 0.0000, Adv: 0.7474) | Train Acc: 0.9219 | Val Acc: 0.8611 | Val P/R/F1 (Macro): 0.5094/0.5161/0.5032 | LR: 0.000010
  >>> New Best Val Acc: 0.8611
Epoch [15/100] | Loss: 2.8514 (Cls: 2.7310, TAL: 0.0000, Adv: 0.8026) | Train Acc: 0.8828 | Val Acc: 0.8611 | Val P/R/F1 (Macro): 0.5524/0.5786/0.5431 | LR: 0.000010
Epoch [16/100] | Loss: 2.7676 (Cls: 2.6301, TAL: 0.0000, Adv: 0.9165) | Train Acc: 0.8750 | Val Acc: 0.8611 | Val P/R/F1 (Macro): 0.5570/0.5750/0.5454 | LR: 0.000010
Epoch [17/100] | Loss: 2.8454 (Cls: 2.6941, TAL: 0.0000, Adv: 1.0090) | Train Acc: 0.9297 | Val Acc: 1.0000 | Val P/R/F1 (Macro): 0.6429/0.6429/0.6429 | LR: 0.000010
  >>> New Best Val Acc: 1.0000
Epoch [18/100] | Loss: 2.6220 (Cls: 2.4563, TAL: 0.0000, Adv: 1.1050) | Train Acc: 0.9531 | Val Acc: 0.9722 | Val P/R/F1 (Macro): 0.6310/0.6190/0.6221 | LR: 0.000010
Epoch [19/100] | Loss: 2.7699 (Cls: 2.5556, TAL: 0.0000, Adv: 1.4288) | Train Acc: 0.9453 | Val Acc: 0.7778 | Val P/R/F1 (Macro): 0.4679/0.5036/0.4655 | LR: 0.000010
Epoch [20/100] | Loss: 2.6630 (Cls: 2.4784, TAL: 0.0000, Adv: 1.2304) | Train Acc: 0.9453 | Val Acc: 0.8333 | Val P/R/F1 (Macro): 0.5612/0.5512/0.5320 | LR: 0.000010
Epoch [21/100] | Loss: 2.6758 (Cls: 2.4804, TAL: 0.0000, Adv: 1.3027) | Train Acc: 0.9219 | Val Acc: 0.9444 | Val P/R/F1 (Macro): 0.6206/0.6048/0.6101 | LR: 0.000010
Epoch [22/100] | Loss: 2.6876 (Cls: 2.4733, TAL: 0.0000, Adv: 1.4282) | Train Acc: 0.9297 | Val Acc: 0.9722 | Val P/R/F1 (Macro): 0.6349/0.6286/0.6307 | LR: 0.000010
Epoch [23/100] | Loss: 2.7635 (Cls: 2.5578, TAL: 0.0000, Adv: 1.3714) | Train Acc: 0.9297 | Val Acc: 0.9722 | Val P/R/F1 (Macro): 0.5635/0.5714/0.5672 | LR: 0.000010
Epoch [24/100] | Loss: 2.4796 (Cls: 2.2474, TAL: 0.0000, Adv: 1.5481) | Train Acc: 0.9922 | Val Acc: 1.0000 | Val P/R/F1 (Macro): 0.6429/0.6429/0.6429 | LR: 0.000010
Epoch [25/100] | Loss: 2.4965 (Cls: 2.2520, TAL: 0.0000, Adv: 1.6300) | Train Acc: 0.9609 | Val Acc: 0.9444 | Val P/R/F1 (Macro): 0.5952/0.6161/0.5922 | LR: 0.000010
Epoch [26/100] | Loss: 2.5023 (Cls: 2.2165, TAL: 0.0000, Adv: 1.9057) | Train Acc: 0.9453 | Val Acc: 0.9167 | Val P/R/F1 (Macro): 0.5863/0.6018/0.5801 | LR: 0.000010
Epoch [27/100] | Loss: 2.4761 (Cls: 2.1831, TAL: 0.0000, Adv: 1.9532) | Train Acc: 0.9453 | Val Acc: 0.8611 | Val P/R/F1 (Macro): 0.5750/0.5607/0.5313 | LR: 0.000010
Epoch [28/100] | Loss: 2.5096 (Cls: 2.1843, TAL: 0.0000, Adv: 2.1683) | Train Acc: 0.9688 | Val Acc: 0.8611 | Val P/R/F1 (Macro): 0.5750/0.5607/0.5313 | LR: 0.000005
Epoch [29/100] | Loss: 2.5533 (Cls: 2.2328, TAL: 0.0000, Adv: 2.1363) | Train Acc: 0.9766 | Val Acc: 0.9444 | Val P/R/F1 (Macro): 0.5571/0.5571/0.5556 | LR: 0.000005
Epoch [30/100] | Loss: 2.6468 (Cls: 2.3224, TAL: 0.0000, Adv: 2.1620) | Train Acc: 0.9531 | Val Acc: 1.0000 | Val P/R/F1 (Macro): 0.6429/0.6429/0.6429 | LR: 0.000005
Epoch [31/100] | Loss: 2.4175 (Cls: 2.1084, TAL: 0.0000, Adv: 2.0608) | Train Acc: 1.0000 | Val Acc: 1.0000 | Val P/R/F1 (Macro): 0.6429/0.6429/0.6429 | LR: 0.000005
Epoch [32/100] | Loss: 2.3941 (Cls: 2.0924, TAL: 0.0000, Adv: 2.0113) | Train Acc: 0.9609 | Val Acc: 0.9722 | Val P/R/F1 (Macro): 0.6071/0.6250/0.6088 | LR: 0.000005
Epoch [33/100] | Loss: 2.3783 (Cls: 2.0936, TAL: 0.0000, Adv: 1.8976) | Train Acc: 0.9688 | Val Acc: 0.9722 | Val P/R/F1 (Macro): 0.6071/0.6250/0.6088 | LR: 0.000005
Epoch [34/100] | Loss: 2.3963 (Cls: 2.1092, TAL: 0.0000, Adv: 1.9139) | Train Acc: 0.9688 | Val Acc: 0.9722 | Val P/R/F1 (Macro): 0.6071/0.6250/0.6088 | LR: 0.000005
Epoch [35/100] | Loss: 2.4293 (Cls: 2.1166, TAL: 0.0000, Adv: 2.0850) | Train Acc: 0.9609 | Val Acc: 1.0000 | Val P/R/F1 (Macro): 0.6429/0.6429/0.6429 | LR: 0.000005
Epoch [36/100] | Loss: 2.4526 (Cls: 2.1182, TAL: 0.0000, Adv: 2.2294) | Train Acc: 0.9688 | Val Acc: 1.0000 | Val P/R/F1 (Macro): 0.6429/0.6429/0.6429 | LR: 0.000005
Epoch [37/100] | Loss: 2.3977 (Cls: 2.0634, TAL: 0.0000, Adv: 2.2286) | Train Acc: 1.0000 | Val Acc: 1.0000 | Val P/R/F1 (Macro): 0.6429/0.6429/0.6429 | LR: 0.000005
Epoch [38/100] | Loss: 2.4742 (Cls: 2.1015, TAL: 0.0000, Adv: 2.4844) | Train Acc: 0.9844 | Val Acc: 1.0000 | Val P/R/F1 (Macro): 0.6429/0.6429/0.6429 | LR: 0.000005
Epoch [39/100] | Loss: 2.4754 (Cls: 2.1408, TAL: 0.0000, Adv: 2.2310) | Train Acc: 0.9609 | Val Acc: 1.0000 | Val P/R/F1 (Macro): 0.6429/0.6429/0.6429 | LR: 0.000003
Epoch [40/100] | Loss: 2.3507 (Cls: 2.0179, TAL: 0.0000, Adv: 2.2185) | Train Acc: 0.9922 | Val Acc: 1.0000 | Val P/R/F1 (Macro): 0.6429/0.6429/0.6429 | LR: 0.000003
Epoch [41/100] | Loss: 2.3603 (Cls: 2.0194, TAL: 0.0000, Adv: 2.2725) | Train Acc: 1.0000 | Val Acc: 1.0000 | Val P/R/F1 (Macro): 0.6429/0.6429/0.6429 | LR: 0.000003
Epoch [42/100] | Loss: 2.3000 (Cls: 1.9838, TAL: 0.0000, Adv: 2.1082) | Train Acc: 1.0000 | Val Acc: 1.0000 | Val P/R/F1 (Macro): 0.6429/0.6429/0.6429 | LR: 0.000003
Epoch [43/100] | Loss: 2.3842 (Cls: 2.0804, TAL: 0.0000, Adv: 2.0253) | Train Acc: 0.9609 | Val Acc: 1.0000 | Val P/R/F1 (Macro): 0.6429/0.6429/0.6429 | LR: 0.000003
Epoch [44/100] | Loss: 2.3033 (Cls: 1.9885, TAL: 0.0000, Adv: 2.0988) | Train Acc: 0.9922 | Val Acc: 1.0000 | Val P/R/F1 (Macro): 0.6429/0.6429/0.6429 | LR: 0.000003
Epoch [45/100] | Loss: 2.3458 (Cls: 2.0249, TAL: 0.0000, Adv: 2.1391) | Train Acc: 0.9922 | Val Acc: 1.0000 | Val P/R/F1 (Macro): 0.6429/0.6429/0.6429 | LR: 0.000003
Epoch [46/100] | Loss: 2.3376 (Cls: 1.9955, TAL: 0.0000, Adv: 2.2810) | Train Acc: 0.9844 | Val Acc: 1.0000 | Val P/R/F1 (Macro): 0.6429/0.6429/0.6429 | LR: 0.000003
Epoch [47/100] | Loss: 2.3215 (Cls: 1.9798, TAL: 0.0000, Adv: 2.2781) | Train Acc: 1.0000 | Val Acc: 1.0000 | Val P/R/F1 (Macro): 0.6429/0.6429/0.6429 | LR: 0.000003
Epoch [48/100] | Loss: 2.3812 (Cls: 1.9971, TAL: 0.0000, Adv: 2.5606) | Train Acc: 0.9922 | Val Acc: 1.0000 | Val P/R/F1 (Macro): 0.6429/0.6429/0.6429 | LR: 0.000003
Epoch [49/100] | Loss: 2.4370 (Cls: 2.0587, TAL: 0.0000, Adv: 2.5218) | Train Acc: 0.9922 | Val Acc: 1.0000 | Val P/R/F1 (Macro): 0.6429/0.6429/0.6429 | LR: 0.000003
Epoch [50/100] | Loss: 2.4686 (Cls: 2.0716, TAL: 0.0000, Adv: 2.6462) | Train Acc: 0.9844 | Val Acc: 1.0000 | Val P/R/F1 (Macro): 0.6429/0.6429/0.6429 | LR: 0.000001
Epoch [51/100] | Loss: 2.4383 (Cls: 2.0405, TAL: 0.0000, Adv: 2.6520) | Train Acc: 0.9844 | Val Acc: 1.0000 | Val P/R/F1 (Macro): 0.6429/0.6429/0.6429 | LR: 0.000001
Epoch [52/100] | Loss: 2.3199 (Cls: 1.9587, TAL: 0.0000, Adv: 2.4079) | Train Acc: 0.9766 | Val Acc: 1.0000 | Val P/R/F1 (Macro): 0.6429/0.6429/0.6429 | LR: 0.000001
Epoch [53/100] | Loss: 2.3631 (Cls: 1.9678, TAL: 0.0000, Adv: 2.6353) | Train Acc: 0.9922 | Val Acc: 1.0000 | Val P/R/F1 (Macro): 0.6429/0.6429/0.6429 | LR: 0.000001
Epoch [54/100] | Loss: 2.3473 (Cls: 1.9464, TAL: 0.0000, Adv: 2.6727) | Train Acc: 0.9922 | Val Acc: 1.0000 | Val P/R/F1 (Macro): 0.6429/0.6429/0.6429 | LR: 0.000001
Epoch [55/100] | Loss: 2.3091 (Cls: 1.9206, TAL: 0.0000, Adv: 2.5905) | Train Acc: 0.9922 | Val Acc: 1.0000 | Val P/R/F1 (Macro): 0.6429/0.6429/0.6429 | LR: 0.000001
Epoch [56/100] | Loss: 2.3326 (Cls: 1.9478, TAL: 0.0000, Adv: 2.5655) | Train Acc: 0.9922 | Val Acc: 1.0000 | Val P/R/F1 (Macro): 0.6429/0.6429/0.6429 | LR: 0.000001
Epoch [57/100] | Loss: 2.4896 (Cls: 2.0894, TAL: 0.0000, Adv: 2.6682) | Train Acc: 0.9766 | Val Acc: 1.0000 | Val P/R/F1 (Macro): 0.6429/0.6429/0.6429 | LR: 0.000001
Epoch [58/100] | Loss: 2.3413 (Cls: 1.9349, TAL: 0.0000, Adv: 2.7091) | Train Acc: 0.9922 | Val Acc: 1.0000 | Val P/R/F1 (Macro): 0.6429/0.6429/0.6429 | LR: 0.000001
Epoch [59/100] | Loss: 2.4017 (Cls: 1.9731, TAL: 0.0000, Adv: 2.8574) | Train Acc: 0.9844 | Val Acc: 1.0000 | Val P/R/F1 (Macro): 0.6429/0.6429/0.6429 | LR: 0.000001
Epoch [60/100] | Loss: 2.4367 (Cls: 1.9995, TAL: 0.0000, Adv: 2.9146) | Train Acc: 1.0000 | Val Acc: 1.0000 | Val P/R/F1 (Macro): 0.6429/0.6429/0.6429 | LR: 0.000001
Epoch [61/100] | Loss: 2.3870 (Cls: 1.9363, TAL: 0.0000, Adv: 3.0041) | Train Acc: 0.9922 | Val Acc: 1.0000 | Val P/R/F1 (Macro): 0.6429/0.6429/0.6429 | LR: 0.000001
Epoch [62/100] | Loss: 2.3629 (Cls: 1.9513, TAL: 0.0000, Adv: 2.7442) | Train Acc: 1.0000 | Val Acc: 1.0000 | Val P/R/F1 (Macro): 0.6429/0.6429/0.6429 | LR: 0.000001
Epoch [63/100] | Loss: 2.3558 (Cls: 1.8973, TAL: 0.0000, Adv: 3.0567) | Train Acc: 1.0000 | Val Acc: 1.0000 | Val P/R/F1 (Macro): 0.6429/0.6429/0.6429 | LR: 0.000001
Epoch [64/100] | Loss: 2.3849 (Cls: 1.9225, TAL: 0.0000, Adv: 3.0823) | Train Acc: 1.0000 | Val Acc: 1.0000 | Val P/R/F1 (Macro): 0.6429/0.6429/0.6429 | LR: 0.000001
Epoch [65/100] | Loss: 2.4089 (Cls: 1.9276, TAL: 0.0000, Adv: 3.2090) | Train Acc: 0.9922 | Val Acc: 1.0000 | Val P/R/F1 (Macro): 0.6429/0.6429/0.6429 | LR: 0.000001
Epoch [66/100] | Loss: 2.3346 (Cls: 1.8870, TAL: 0.0000, Adv: 2.9845) | Train Acc: 1.0000 | Val Acc: 1.0000 | Val P/R/F1 (Macro): 0.6429/0.6429/0.6429 | LR: 0.000001
Epoch [67/100] | Loss: 2.3568 (Cls: 1.9136, TAL: 0.0000, Adv: 2.9551) | Train Acc: 0.9922 | Val Acc: 1.0000 | Val P/R/F1 (Macro): 0.6429/0.6429/0.6429 | LR: 0.000001
Epoch [68/100] | Loss: 2.3500 (Cls: 1.8900, TAL: 0.0000, Adv: 3.0667) | Train Acc: 1.0000 | Val Acc: 1.0000 | Val P/R/F1 (Macro): 0.6429/0.6429/0.6429 | LR: 0.000001
Epoch [69/100] | Loss: 2.3859 (Cls: 1.9234, TAL: 0.0000, Adv: 3.0833) | Train Acc: 0.9922 | Val Acc: 1.0000 | Val P/R/F1 (Macro): 0.6429/0.6429/0.6429 | LR: 0.000001
Epoch [70/100] | Loss: 2.4007 (Cls: 1.9138, TAL: 0.0000, Adv: 3.2457) | Train Acc: 1.0000 | Val Acc: 1.0000 | Val P/R/F1 (Macro): 0.6429/0.6429/0.6429 | LR: 0.000001
Epoch [71/100] | Loss: 2.3590 (Cls: 1.9053, TAL: 0.0000, Adv: 3.0249) | Train Acc: 0.9922 | Val Acc: 1.0000 | Val P/R/F1 (Macro): 0.6429/0.6429/0.6429 | LR: 0.000001
Epoch [72/100] | Loss: 2.4302 (Cls: 1.9434, TAL: 0.0000, Adv: 3.2450) | Train Acc: 0.9922 | Val Acc: 1.0000 | Val P/R/F1 (Macro): 0.6429/0.6429/0.6429 | LR: 0.000001
Epoch [73/100] | Loss: 2.3711 (Cls: 1.8954, TAL: 0.0000, Adv: 3.1714) | Train Acc: 0.9922 | Val Acc: 1.0000 | Val P/R/F1 (Macro): 0.6429/0.6429/0.6429 | LR: 0.000001
Epoch [74/100] | Loss: 2.4912 (Cls: 1.9860, TAL: 0.0000, Adv: 3.3678) | Train Acc: 1.0000 | Val Acc: 1.0000 | Val P/R/F1 (Macro): 0.6429/0.6429/0.6429 | LR: 0.000001
Epoch [75/100] | Loss: 2.4351 (Cls: 1.9203, TAL: 0.0000, Adv: 3.4321) | Train Acc: 1.0000 | Val Acc: 1.0000 | Val P/R/F1 (Macro): 0.6429/0.6429/0.6429 | LR: 0.000001
Epoch [76/100] | Loss: 2.4466 (Cls: 1.9805, TAL: 0.0000, Adv: 3.1075) | Train Acc: 0.9922 | Val Acc: 1.0000 | Val P/R/F1 (Macro): 0.6429/0.6429/0.6429 | LR: 0.000001
Epoch [77/100] | Loss: 2.3886 (Cls: 1.9016, TAL: 0.0000, Adv: 3.2471) | Train Acc: 0.9922 | Val Acc: 1.0000 | Val P/R/F1 (Macro): 0.6429/0.6429/0.6429 | LR: 0.000001
Epoch [78/100] | Loss: 2.4049 (Cls: 1.9004, TAL: 0.0000, Adv: 3.3631) | Train Acc: 1.0000 | Val Acc: 1.0000 | Val P/R/F1 (Macro): 0.6429/0.6429/0.6429 | LR: 0.000001
Epoch [79/100] | Loss: 2.4003 (Cls: 1.9135, TAL: 0.0000, Adv: 3.2453) | Train Acc: 1.0000 | Val Acc: 1.0000 | Val P/R/F1 (Macro): 0.6429/0.6429/0.6429 | LR: 0.000001
Epoch [80/100] | Loss: 2.4039 (Cls: 1.8976, TAL: 0.0000, Adv: 3.3752) | Train Acc: 0.9922 | Val Acc: 1.0000 | Val P/R/F1 (Macro): 0.6429/0.6429/0.6429 | LR: 0.000001
Epoch [81/100] | Loss: 2.4071 (Cls: 1.9044, TAL: 0.0000, Adv: 3.3518) | Train Acc: 0.9922 | Val Acc: 1.0000 | Val P/R/F1 (Macro): 0.6429/0.6429/0.6429 | LR: 0.000001
Epoch [82/100] | Loss: 2.3996 (Cls: 1.8887, TAL: 0.0000, Adv: 3.4062) | Train Acc: 1.0000 | Val Acc: 1.0000 | Val P/R/F1 (Macro): 0.6429/0.6429/0.6429 | LR: 0.000001
Epoch [83/100] | Loss: 2.4617 (Cls: 1.9407, TAL: 0.0000, Adv: 3.4739) | Train Acc: 1.0000 | Val Acc: 1.0000 | Val P/R/F1 (Macro): 0.6429/0.6429/0.6429 | LR: 0.000001
Epoch [84/100] | Loss: 2.3919 (Cls: 1.8837, TAL: 0.0000, Adv: 3.3885) | Train Acc: 1.0000 | Val Acc: 1.0000 | Val P/R/F1 (Macro): 0.6429/0.6429/0.6429 | LR: 0.000001
Epoch [85/100] | Loss: 2.4107 (Cls: 1.9112, TAL: 0.0000, Adv: 3.3300) | Train Acc: 1.0000 | Val Acc: 1.0000 | Val P/R/F1 (Macro): 0.6429/0.6429/0.6429 | LR: 0.000001
Epoch [86/100] | Loss: 2.4576 (Cls: 1.9327, TAL: 0.0000, Adv: 3.4992) | Train Acc: 1.0000 | Val Acc: 1.0000 | Val P/R/F1 (Macro): 0.6429/0.6429/0.6429 | LR: 0.000001
Epoch [87/100] | Loss: 2.3940 (Cls: 1.8933, TAL: 0.0000, Adv: 3.3385) | Train Acc: 1.0000 | Val Acc: 1.0000 | Val P/R/F1 (Macro): 0.6429/0.6429/0.6429 | LR: 0.000001
Epoch [88/100] | Loss: 2.4816 (Cls: 1.9443, TAL: 0.0000, Adv: 3.5816) | Train Acc: 0.9922 | Val Acc: 1.0000 | Val P/R/F1 (Macro): 0.6429/0.6429/0.6429 | LR: 0.000001
Epoch [89/100] | Loss: 2.3871 (Cls: 1.8719, TAL: 0.0000, Adv: 3.4348) | Train Acc: 1.0000 | Val Acc: 1.0000 | Val P/R/F1 (Macro): 0.6429/0.6429/0.6429 | LR: 0.000001
Epoch [90/100] | Loss: 2.4747 (Cls: 1.9291, TAL: 0.0000, Adv: 3.6376) | Train Acc: 1.0000 | Val Acc: 1.0000 | Val P/R/F1 (Macro): 0.6429/0.6429/0.6429 | LR: 0.000001
Epoch [91/100] | Loss: 2.4015 (Cls: 1.8913, TAL: 0.0000, Adv: 3.4014) | Train Acc: 1.0000 | Val Acc: 1.0000 | Val P/R/F1 (Macro): 0.6429/0.6429/0.6429 | LR: 0.000001
Epoch [92/100] | Loss: 2.4769 (Cls: 1.9130, TAL: 0.0000, Adv: 3.7589) | Train Acc: 1.0000 | Val Acc: 1.0000 | Val P/R/F1 (Macro): 0.6429/0.6429/0.6429 | LR: 0.000001
Epoch [93/100] | Loss: 2.4866 (Cls: 1.9249, TAL: 0.0000, Adv: 3.7445) | Train Acc: 0.9922 | Val Acc: 1.0000 | Val P/R/F1 (Macro): 0.6429/0.6429/0.6429 | LR: 0.000001
Epoch [94/100] | Loss: 2.4442 (Cls: 1.8997, TAL: 0.0000, Adv: 3.6303) | Train Acc: 0.9922 | Val Acc: 1.0000 | Val P/R/F1 (Macro): 0.6429/0.6429/0.6429 | LR: 0.000001
Epoch [95/100] | Loss: 2.4489 (Cls: 1.9135, TAL: 0.0000, Adv: 3.5688) | Train Acc: 1.0000 | Val Acc: 1.0000 | Val P/R/F1 (Macro): 0.6429/0.6429/0.6429 | LR: 0.000001
Epoch [96/100] | Loss: 2.5067 (Cls: 1.9609, TAL: 0.0000, Adv: 3.6389) | Train Acc: 0.9922 | Val Acc: 1.0000 | Val P/R/F1 (Macro): 0.6429/0.6429/0.6429 | LR: 0.000001
Epoch [97/100] | Loss: 2.4110 (Cls: 1.8800, TAL: 0.0000, Adv: 3.5396) | Train Acc: 1.0000 | Val Acc: 1.0000 | Val P/R/F1 (Macro): 0.6429/0.6429/0.6429 | LR: 0.000001
Epoch [98/100] | Loss: 2.4606 (Cls: 1.9134, TAL: 0.0000, Adv: 3.6480) | Train Acc: 1.0000 | Val Acc: 1.0000 | Val P/R/F1 (Macro): 0.6429/0.6429/0.6429 | LR: 0.000001
Epoch [99/100] | Loss: 2.4197 (Cls: 1.8801, TAL: 0.0000, Adv: 3.5974) | Train Acc: 1.0000 | Val Acc: 1.0000 | Val P/R/F1 (Macro): 0.6429/0.6429/0.6429 | LR: 0.000001
Epoch [100/100] | Loss: 2.5018 (Cls: 1.9288, TAL: 0.0000, Adv: 3.8199) | Train Acc: 0.9844 | Val Acc: 1.0000 | Val P/R/F1 (Macro): 0.6429/0.6429/0.6429 | LR: 0.000001

迭代 1 最佳指标:
  Accuracy: 1.0000
  Precision (Macro): 0.6429
  Recall (Macro): 0.6429
  F1 (Macro): 0.6429
  Precision (Micro): 1.0000
  Recall (Micro): 1.0000
  F1 (Micro): 1.0000

================================================================================
迭代 2/5
随机种子: 43
================================================================================
Feature fusion: Channel concatenation (512+512); fused_dim=1024
Domain adaptation: Neural OT generator with 3-domain discriminator
Loss weights: tensor=0.00, adv=0.15
Epoch [1/100] | Loss: 9.7398 (Cls: 9.6895, TAL: 0.0000, Adv: 0.3352) | Train Acc: 0.1016 | Val Acc: 0.3333 | Val P/R/F1 (Macro): 0.1093/0.1399/0.1105 | LR: 0.000010
  >>> New Best Val Acc: 0.3333
Epoch [2/100] | Loss: 6.4645 (Cls: 6.4225, TAL: 0.0000, Adv: 0.2800) | Train Acc: 0.3516 | Val Acc: 0.3611 | Val P/R/F1 (Macro): 0.1405/0.1625/0.1294 | LR: 0.000010
  >>> New Best Val Acc: 0.3611
Epoch [3/100] | Loss: 5.8811 (Cls: 5.8411, TAL: 0.0000, Adv: 0.2667) | Train Acc: 0.4219 | Val Acc: 0.2222 | Val P/R/F1 (Macro): 0.1537/0.1042/0.0704 | LR: 0.000010
Epoch [4/100] | Loss: 5.0656 (Cls: 5.0236, TAL: 0.0000, Adv: 0.2796) | Train Acc: 0.5625 | Val Acc: 0.1944 | Val P/R/F1 (Macro): 0.0819/0.0952/0.0540 | LR: 0.000010
Epoch [5/100] | Loss: 4.6939 (Cls: 4.6364, TAL: 0.0000, Adv: 0.3835) | Train Acc: 0.6875 | Val Acc: 0.1944 | Val P/R/F1 (Macro): 0.0819/0.0952/0.0540 | LR: 0.000010
Epoch [6/100] | Loss: 4.2041 (Cls: 4.1438, TAL: 0.0000, Adv: 0.4025) | Train Acc: 0.6875 | Val Acc: 0.2222 | Val P/R/F1 (Macro): 0.0823/0.1071/0.0664 | LR: 0.000010
Epoch [7/100] | Loss: 3.9027 (Cls: 3.8511, TAL: 0.0000, Adv: 0.3443) | Train Acc: 0.7734 | Val Acc: 0.5833 | Val P/R/F1 (Macro): 0.2619/0.2857/0.2580 | LR: 0.000010
  >>> New Best Val Acc: 0.5833
Epoch [8/100] | Loss: 3.2890 (Cls: 3.2335, TAL: 0.0000, Adv: 0.3700) | Train Acc: 0.7891 | Val Acc: 0.5833 | Val P/R/F1 (Macro): 0.2516/0.3399/0.2688 | LR: 0.000010
Epoch [9/100] | Loss: 3.0357 (Cls: 2.9790, TAL: 0.0000, Adv: 0.3774) | Train Acc: 0.9062 | Val Acc: 0.6389 | Val P/R/F1 (Macro): 0.3862/0.3399/0.3442 | LR: 0.000010
  >>> New Best Val Acc: 0.6389
Epoch [10/100] | Loss: 3.4036 (Cls: 3.3285, TAL: 0.0000, Adv: 0.5006) | Train Acc: 0.7812 | Val Acc: 0.6389 | Val P/R/F1 (Macro): 0.3406/0.3452/0.3268 | LR: 0.000010
Epoch [11/100] | Loss: 3.1192 (Cls: 3.0189, TAL: 0.0000, Adv: 0.6684) | Train Acc: 0.8984 | Val Acc: 0.8889 | Val P/R/F1 (Macro): 0.5231/0.5417/0.5308 | LR: 0.000010
  >>> New Best Val Acc: 0.8889
Epoch [12/100] | Loss: 2.7847 (Cls: 2.6765, TAL: 0.0000, Adv: 0.7210) | Train Acc: 0.8906 | Val Acc: 0.9167 | Val P/R/F1 (Macro): 0.5380/0.5482/0.5411 | LR: 0.000010
  >>> New Best Val Acc: 0.9167
Epoch [13/100] | Loss: 2.8003 (Cls: 2.6802, TAL: 0.0000, Adv: 0.8007) | Train Acc: 0.8984 | Val Acc: 0.9444 | Val P/R/F1 (Macro): 0.5523/0.5625/0.5570 | LR: 0.000010
  >>> New Best Val Acc: 0.9444
Epoch [14/100] | Loss: 2.7114 (Cls: 2.5715, TAL: 0.0000, Adv: 0.9325) | Train Acc: 0.8828 | Val Acc: 0.8611 | Val P/R/F1 (Macro): 0.4999/0.5065/0.5008 | LR: 0.000010
Epoch [15/100] | Loss: 2.7158 (Cls: 2.5714, TAL: 0.0000, Adv: 0.9627) | Train Acc: 0.8984 | Val Acc: 0.8611 | Val P/R/F1 (Macro): 0.5048/0.5036/0.5008 | LR: 0.000010
Epoch [16/100] | Loss: 2.8926 (Cls: 2.7290, TAL: 0.0000, Adv: 1.0911) | Train Acc: 0.9297 | Val Acc: 0.9167 | Val P/R/F1 (Macro): 0.5393/0.5417/0.5366 | LR: 0.000010
Epoch [17/100] | Loss: 2.8580 (Cls: 2.6824, TAL: 0.0000, Adv: 1.1711) | Train Acc: 0.8516 | Val Acc: 0.9167 | Val P/R/F1 (Macro): 0.5791/0.5893/0.5693 | LR: 0.000010
Epoch [18/100] | Loss: 2.6528 (Cls: 2.4698, TAL: 0.0000, Adv: 1.2195) | Train Acc: 0.9375 | Val Acc: 0.8611 | Val P/R/F1 (Macro): 0.5571/0.5661/0.5351 | LR: 0.000010
Epoch [19/100] | Loss: 2.6085 (Cls: 2.4219, TAL: 0.0000, Adv: 1.2443) | Train Acc: 0.8984 | Val Acc: 0.9167 | Val P/R/F1 (Macro): 0.5750/0.5929/0.5726 | LR: 0.000010
Epoch [20/100] | Loss: 2.5088 (Cls: 2.2578, TAL: 0.0000, Adv: 1.6733) | Train Acc: 0.9531 | Val Acc: 0.9444 | Val P/R/F1 (Macro): 0.6107/0.6107/0.6066 | LR: 0.000010
Epoch [21/100] | Loss: 2.6927 (Cls: 2.4227, TAL: 0.0000, Adv: 1.8000) | Train Acc: 0.9375 | Val Acc: 0.9722 | Val P/R/F1 (Macro): 0.6250/0.6250/0.6224 | LR: 0.000010
  >>> New Best Val Acc: 0.9722
Epoch [22/100] | Loss: 2.6379 (Cls: 2.3298, TAL: 0.0000, Adv: 2.0539) | Train Acc: 0.9609 | Val Acc: 0.9722 | Val P/R/F1 (Macro): 0.6250/0.6250/0.6224 | LR: 0.000010
Epoch [23/100] | Loss: 2.5849 (Cls: 2.2911, TAL: 0.0000, Adv: 1.9587) | Train Acc: 0.9453 | Val Acc: 0.9167 | Val P/R/F1 (Macro): 0.5774/0.5982/0.5718 | LR: 0.000010
Epoch [24/100] | Loss: 2.4121 (Cls: 2.1059, TAL: 0.0000, Adv: 2.0416) | Train Acc: 0.9531 | Val Acc: 0.9444 | Val P/R/F1 (Macro): 0.6107/0.6161/0.6098 | LR: 0.000010
Epoch [25/100] | Loss: 2.5081 (Cls: 2.2329, TAL: 0.0000, Adv: 1.8341) | Train Acc: 0.9297 | Val Acc: 0.9167 | Val P/R/F1 (Macro): 0.5750/0.6071/0.5805 | LR: 0.000010
Epoch [26/100] | Loss: 2.5222 (Cls: 2.2018, TAL: 0.0000, Adv: 2.1357) | Train Acc: 0.9609 | Val Acc: 0.9167 | Val P/R/F1 (Macro): 0.5850/0.6071/0.5867 | LR: 0.000010
Epoch [27/100] | Loss: 2.5889 (Cls: 2.2652, TAL: 0.0000, Adv: 2.1579) | Train Acc: 0.9531 | Val Acc: 0.9444 | Val P/R/F1 (Macro): 0.5969/0.6250/0.6033 | LR: 0.000010
Epoch [28/100] | Loss: 2.5037 (Cls: 2.1920, TAL: 0.0000, Adv: 2.0780) | Train Acc: 0.9922 | Val Acc: 0.8611 | Val P/R/F1 (Macro): 0.5529/0.5750/0.5450 | LR: 0.000010
Epoch [29/100] | Loss: 2.4831 (Cls: 2.1526, TAL: 0.0000, Adv: 2.2034) | Train Acc: 0.9297 | Val Acc: 0.8889 | Val P/R/F1 (Macro): 0.5714/0.5804/0.5510 | LR: 0.000010
Epoch [30/100] | Loss: 2.4242 (Cls: 2.0536, TAL: 0.0000, Adv: 2.4707) | Train Acc: 0.9844 | Val Acc: 0.9722 | Val P/R/F1 (Macro): 0.6071/0.6250/0.6088 | LR: 0.000010
Epoch [31/100] | Loss: 2.4091 (Cls: 2.0305, TAL: 0.0000, Adv: 2.5242) | Train Acc: 0.9922 | Val Acc: 0.9444 | Val P/R/F1 (Macro): 0.5952/0.6161/0.5922 | LR: 0.000010
Epoch [32/100] | Loss: 2.5074 (Cls: 2.1240, TAL: 0.0000, Adv: 2.5555) | Train Acc: 0.9688 | Val Acc: 0.9167 | Val P/R/F1 (Macro): 0.5850/0.6071/0.5812 | LR: 0.000005
Epoch [33/100] | Loss: 2.4757 (Cls: 2.0868, TAL: 0.0000, Adv: 2.5923) | Train Acc: 0.9688 | Val Acc: 1.0000 | Val P/R/F1 (Macro): 0.6429/0.6429/0.6429 | LR: 0.000005
  >>> New Best Val Acc: 1.0000
Epoch [34/100] | Loss: 2.4174 (Cls: 2.0338, TAL: 0.0000, Adv: 2.5578) | Train Acc: 0.9922 | Val Acc: 0.9722 | Val P/R/F1 (Macro): 0.6250/0.6250/0.6224 | LR: 0.000005
Epoch [35/100] | Loss: 2.4863 (Cls: 2.0988, TAL: 0.0000, Adv: 2.5833) | Train Acc: 0.9766 | Val Acc: 0.9722 | Val P/R/F1 (Macro): 0.6250/0.6250/0.6224 | LR: 0.000005
Epoch [36/100] | Loss: 2.4136 (Cls: 2.0502, TAL: 0.0000, Adv: 2.4225) | Train Acc: 0.9766 | Val Acc: 0.9722 | Val P/R/F1 (Macro): 0.6250/0.6250/0.6224 | LR: 0.000005
Epoch [37/100] | Loss: 2.4428 (Cls: 2.0707, TAL: 0.0000, Adv: 2.4808) | Train Acc: 1.0000 | Val Acc: 1.0000 | Val P/R/F1 (Macro): 0.6429/0.6429/0.6429 | LR: 0.000005
Epoch [38/100] | Loss: 2.4171 (Cls: 2.0380, TAL: 0.0000, Adv: 2.5278) | Train Acc: 0.9922 | Val Acc: 0.9444 | Val P/R/F1 (Macro): 0.5969/0.6161/0.5986 | LR: 0.000005
Epoch [39/100] | Loss: 2.4466 (Cls: 2.0392, TAL: 0.0000, Adv: 2.7160) | Train Acc: 0.9766 | Val Acc: 0.9722 | Val P/R/F1 (Macro): 0.6327/0.6339/0.6326 | LR: 0.000005
Epoch [40/100] | Loss: 2.4660 (Cls: 2.0565, TAL: 0.0000, Adv: 2.7300) | Train Acc: 0.9609 | Val Acc: 0.9722 | Val P/R/F1 (Macro): 0.6327/0.6339/0.6326 | LR: 0.000005
Epoch [41/100] | Loss: 2.4396 (Cls: 2.0299, TAL: 0.0000, Adv: 2.7314) | Train Acc: 0.9766 | Val Acc: 0.9722 | Val P/R/F1 (Macro): 0.6327/0.6339/0.6326 | LR: 0.000005
Epoch [42/100] | Loss: 2.4986 (Cls: 2.0544, TAL: 0.0000, Adv: 2.9617) | Train Acc: 0.9922 | Val Acc: 1.0000 | Val P/R/F1 (Macro): 0.6429/0.6429/0.6429 | LR: 0.000005
Epoch [43/100] | Loss: 2.4664 (Cls: 2.0285, TAL: 0.0000, Adv: 2.9193) | Train Acc: 1.0000 | Val Acc: 0.9722 | Val P/R/F1 (Macro): 0.6327/0.6339/0.6326 | LR: 0.000005
Epoch [44/100] | Loss: 2.4649 (Cls: 2.0171, TAL: 0.0000, Adv: 2.9852) | Train Acc: 0.9844 | Val Acc: 0.9722 | Val P/R/F1 (Macro): 0.6327/0.6339/0.6326 | LR: 0.000003
Epoch [45/100] | Loss: 2.5157 (Cls: 2.0629, TAL: 0.0000, Adv: 3.0187) | Train Acc: 1.0000 | Val Acc: 0.9722 | Val P/R/F1 (Macro): 0.6327/0.6339/0.6326 | LR: 0.000003
Epoch [46/100] | Loss: 2.4635 (Cls: 2.0098, TAL: 0.0000, Adv: 3.0247) | Train Acc: 0.9844 | Val Acc: 1.0000 | Val P/R/F1 (Macro): 0.6429/0.6429/0.6429 | LR: 0.000003
Epoch [47/100] | Loss: 2.4405 (Cls: 1.9866, TAL: 0.0000, Adv: 3.0257) | Train Acc: 1.0000 | Val Acc: 1.0000 | Val P/R/F1 (Macro): 0.6429/0.6429/0.6429 | LR: 0.000003
Epoch [48/100] | Loss: 2.4547 (Cls: 2.0106, TAL: 0.0000, Adv: 2.9608) | Train Acc: 0.9922 | Val Acc: 1.0000 | Val P/R/F1 (Macro): 0.6429/0.6429/0.6429 | LR: 0.000003
Epoch [49/100] | Loss: 2.3969 (Cls: 1.9490, TAL: 0.0000, Adv: 2.9854) | Train Acc: 0.9922 | Val Acc: 0.9722 | Val P/R/F1 (Macro): 0.6327/0.6339/0.6326 | LR: 0.000003
Epoch [50/100] | Loss: 2.3865 (Cls: 1.9149, TAL: 0.0000, Adv: 3.1444) | Train Acc: 1.0000 | Val Acc: 1.0000 | Val P/R/F1 (Macro): 0.6429/0.6429/0.6429 | LR: 0.000003
Epoch [51/100] | Loss: 2.4277 (Cls: 1.9319, TAL: 0.0000, Adv: 3.3055) | Train Acc: 0.9766 | Val Acc: 0.9722 | Val P/R/F1 (Macro): 0.6327/0.6339/0.6326 | LR: 0.000003
Epoch [52/100] | Loss: 2.4121 (Cls: 1.9388, TAL: 0.0000, Adv: 3.1555) | Train Acc: 0.9844 | Val Acc: 1.0000 | Val P/R/F1 (Macro): 0.6429/0.6429/0.6429 | LR: 0.000003
Epoch [53/100] | Loss: 2.4053 (Cls: 1.9200, TAL: 0.0000, Adv: 3.2353) | Train Acc: 0.9922 | Val Acc: 1.0000 | Val P/R/F1 (Macro): 0.6429/0.6429/0.6429 | LR: 0.000003
Epoch [54/100] | Loss: 2.3900 (Cls: 1.8990, TAL: 0.0000, Adv: 3.2737) | Train Acc: 1.0000 | Val Acc: 0.9722 | Val P/R/F1 (Macro): 0.6250/0.6250/0.6224 | LR: 0.000003
Epoch [55/100] | Loss: 2.4847 (Cls: 1.9766, TAL: 0.0000, Adv: 3.3878) | Train Acc: 0.9922 | Val Acc: 0.9722 | Val P/R/F1 (Macro): 0.6250/0.6250/0.6224 | LR: 0.000001
Epoch [56/100] | Loss: 2.4386 (Cls: 1.9378, TAL: 0.0000, Adv: 3.3383) | Train Acc: 0.9844 | Val Acc: 0.9722 | Val P/R/F1 (Macro): 0.6250/0.6250/0.6224 | LR: 0.000001
Epoch [57/100] | Loss: 2.4086 (Cls: 1.9236, TAL: 0.0000, Adv: 3.2337) | Train Acc: 0.9844 | Val Acc: 1.0000 | Val P/R/F1 (Macro): 0.6429/0.6429/0.6429 | LR: 0.000001
Epoch [58/100] | Loss: 2.3845 (Cls: 1.9018, TAL: 0.0000, Adv: 3.2182) | Train Acc: 1.0000 | Val Acc: 1.0000 | Val P/R/F1 (Macro): 0.6429/0.6429/0.6429 | LR: 0.000001
Epoch [59/100] | Loss: 2.4090 (Cls: 1.9204, TAL: 0.0000, Adv: 3.2575) | Train Acc: 0.9922 | Val Acc: 0.9722 | Val P/R/F1 (Macro): 0.6327/0.6339/0.6326 | LR: 0.000001
Epoch [60/100] | Loss: 2.4563 (Cls: 1.9383, TAL: 0.0000, Adv: 3.4536) | Train Acc: 1.0000 | Val Acc: 1.0000 | Val P/R/F1 (Macro): 0.6429/0.6429/0.6429 | LR: 0.000001
Epoch [61/100] | Loss: 2.4432 (Cls: 1.9028, TAL: 0.0000, Adv: 3.6021) | Train Acc: 1.0000 | Val Acc: 1.0000 | Val P/R/F1 (Macro): 0.6429/0.6429/0.6429 | LR: 0.000001
Epoch [62/100] | Loss: 2.4138 (Cls: 1.8860, TAL: 0.0000, Adv: 3.5185) | Train Acc: 1.0000 | Val Acc: 1.0000 | Val P/R/F1 (Macro): 0.6429/0.6429/0.6429 | LR: 0.000001
Epoch [63/100] | Loss: 2.4630 (Cls: 1.9240, TAL: 0.0000, Adv: 3.5929) | Train Acc: 1.0000 | Val Acc: 1.0000 | Val P/R/F1 (Macro): 0.6429/0.6429/0.6429 | LR: 0.000001
Epoch [64/100] | Loss: 2.4147 (Cls: 1.8898, TAL: 0.0000, Adv: 3.4998) | Train Acc: 1.0000 | Val Acc: 1.0000 | Val P/R/F1 (Macro): 0.6429/0.6429/0.6429 | LR: 0.000001
Epoch [65/100] | Loss: 2.4688 (Cls: 1.9344, TAL: 0.0000, Adv: 3.5631) | Train Acc: 0.9844 | Val Acc: 0.9722 | Val P/R/F1 (Macro): 0.6327/0.6339/0.6326 | LR: 0.000001
Epoch [66/100] | Loss: 2.4291 (Cls: 1.8903, TAL: 0.0000, Adv: 3.5920) | Train Acc: 1.0000 | Val Acc: 0.9722 | Val P/R/F1 (Macro): 0.6327/0.6339/0.6326 | LR: 0.000001
Epoch [67/100] | Loss: 2.4400 (Cls: 1.8857, TAL: 0.0000, Adv: 3.6953) | Train Acc: 1.0000 | Val Acc: 0.9722 | Val P/R/F1 (Macro): 0.6327/0.6339/0.6326 | LR: 0.000001
Epoch [68/100] | Loss: 2.4075 (Cls: 1.8792, TAL: 0.0000, Adv: 3.5219) | Train Acc: 1.0000 | Val Acc: 0.9722 | Val P/R/F1 (Macro): 0.6327/0.6339/0.6326 | LR: 0.000001
Epoch [69/100] | Loss: 2.4208 (Cls: 1.9018, TAL: 0.0000, Adv: 3.4601) | Train Acc: 0.9922 | Val Acc: 0.9722 | Val P/R/F1 (Macro): 0.6327/0.6339/0.6326 | LR: 0.000001
Epoch [70/100] | Loss: 2.4672 (Cls: 1.9355, TAL: 0.0000, Adv: 3.5452) | Train Acc: 0.9922 | Val Acc: 0.9722 | Val P/R/F1 (Macro): 0.6327/0.6339/0.6326 | LR: 0.000001
Epoch [71/100] | Loss: 2.4104 (Cls: 1.9178, TAL: 0.0000, Adv: 3.2838) | Train Acc: 0.9922 | Val Acc: 0.9722 | Val P/R/F1 (Macro): 0.6327/0.6339/0.6326 | LR: 0.000001
Epoch [72/100] | Loss: 2.4375 (Cls: 1.9156, TAL: 0.0000, Adv: 3.4793) | Train Acc: 1.0000 | Val Acc: 0.9722 | Val P/R/F1 (Macro): 0.6327/0.6339/0.6326 | LR: 0.000001
Epoch [73/100] | Loss: 2.4697 (Cls: 1.9039, TAL: 0.0000, Adv: 3.7718) | Train Acc: 1.0000 | Val Acc: 1.0000 | Val P/R/F1 (Macro): 0.6429/0.6429/0.6429 | LR: 0.000001
Epoch [74/100] | Loss: 2.4389 (Cls: 1.8700, TAL: 0.0000, Adv: 3.7931) | Train Acc: 1.0000 | Val Acc: 1.0000 | Val P/R/F1 (Macro): 0.6429/0.6429/0.6429 | LR: 0.000001
Epoch [75/100] | Loss: 2.4817 (Cls: 1.9103, TAL: 0.0000, Adv: 3.8091) | Train Acc: 0.9922 | Val Acc: 1.0000 | Val P/R/F1 (Macro): 0.6429/0.6429/0.6429 | LR: 0.000001
Epoch [76/100] | Loss: 2.4503 (Cls: 1.8833, TAL: 0.0000, Adv: 3.7802) | Train Acc: 1.0000 | Val Acc: 1.0000 | Val P/R/F1 (Macro): 0.6429/0.6429/0.6429 | LR: 0.000001
Epoch [77/100] | Loss: 2.4757 (Cls: 1.9006, TAL: 0.0000, Adv: 3.8343) | Train Acc: 0.9922 | Val Acc: 1.0000 | Val P/R/F1 (Macro): 0.6429/0.6429/0.6429 | LR: 0.000001
Epoch [78/100] | Loss: 2.5012 (Cls: 1.9422, TAL: 0.0000, Adv: 3.7266) | Train Acc: 1.0000 | Val Acc: 1.0000 | Val P/R/F1 (Macro): 0.6429/0.6429/0.6429 | LR: 0.000001
Epoch [79/100] | Loss: 2.4795 (Cls: 1.9139, TAL: 0.0000, Adv: 3.7708) | Train Acc: 1.0000 | Val Acc: 1.0000 | Val P/R/F1 (Macro): 0.6429/0.6429/0.6429 | LR: 0.000001
Epoch [80/100] | Loss: 2.4962 (Cls: 1.9196, TAL: 0.0000, Adv: 3.8443) | Train Acc: 1.0000 | Val Acc: 1.0000 | Val P/R/F1 (Macro): 0.6429/0.6429/0.6429 | LR: 0.000001
Epoch [81/100] | Loss: 2.4520 (Cls: 1.8757, TAL: 0.0000, Adv: 3.8422) | Train Acc: 0.9922 | Val Acc: 1.0000 | Val P/R/F1 (Macro): 0.6429/0.6429/0.6429 | LR: 0.000001
Epoch [82/100] | Loss: 2.4303 (Cls: 1.8479, TAL: 0.0000, Adv: 3.8823) | Train Acc: 1.0000 | Val Acc: 1.0000 | Val P/R/F1 (Macro): 0.6429/0.6429/0.6429 | LR: 0.000001
Epoch [83/100] | Loss: 2.4369 (Cls: 1.8584, TAL: 0.0000, Adv: 3.8572) | Train Acc: 1.0000 | Val Acc: 1.0000 | Val P/R/F1 (Macro): 0.6429/0.6429/0.6429 | LR: 0.000001
Epoch [84/100] | Loss: 2.4943 (Cls: 1.8939, TAL: 0.0000, Adv: 4.0021) | Train Acc: 1.0000 | Val Acc: 1.0000 | Val P/R/F1 (Macro): 0.6429/0.6429/0.6429 | LR: 0.000001
Epoch [85/100] | Loss: 2.4484 (Cls: 1.8555, TAL: 0.0000, Adv: 3.9533) | Train Acc: 1.0000 | Val Acc: 1.0000 | Val P/R/F1 (Macro): 0.6429/0.6429/0.6429 | LR: 0.000001
Epoch [86/100] | Loss: 2.4918 (Cls: 1.8894, TAL: 0.0000, Adv: 4.0162) | Train Acc: 0.9922 | Val Acc: 1.0000 | Val P/R/F1 (Macro): 0.6429/0.6429/0.6429 | LR: 0.000001
Epoch [87/100] | Loss: 2.4459 (Cls: 1.8702, TAL: 0.0000, Adv: 3.8380) | Train Acc: 0.9922 | Val Acc: 1.0000 | Val P/R/F1 (Macro): 0.6429/0.6429/0.6429 | LR: 0.000001
Epoch [88/100] | Loss: 2.4512 (Cls: 1.8824, TAL: 0.0000, Adv: 3.7922) | Train Acc: 0.9922 | Val Acc: 1.0000 | Val P/R/F1 (Macro): 0.6429/0.6429/0.6429 | LR: 0.000001
Epoch [89/100] | Loss: 2.5467 (Cls: 1.9306, TAL: 0.0000, Adv: 4.1074) | Train Acc: 0.9922 | Val Acc: 1.0000 | Val P/R/F1 (Macro): 0.6429/0.6429/0.6429 | LR: 0.000001
Epoch [90/100] | Loss: 2.4249 (Cls: 1.8559, TAL: 0.0000, Adv: 3.7930) | Train Acc: 0.9922 | Val Acc: 1.0000 | Val P/R/F1 (Macro): 0.6429/0.6429/0.6429 | LR: 0.000001
Epoch [91/100] | Loss: 2.4248 (Cls: 1.8445, TAL: 0.0000, Adv: 3.8689) | Train Acc: 1.0000 | Val Acc: 1.0000 | Val P/R/F1 (Macro): 0.6429/0.6429/0.6429 | LR: 0.000001
Epoch [92/100] | Loss: 2.5207 (Cls: 1.9059, TAL: 0.0000, Adv: 4.0985) | Train Acc: 0.9844 | Val Acc: 1.0000 | Val P/R/F1 (Macro): 0.6429/0.6429/0.6429 | LR: 0.000001
Epoch [93/100] | Loss: 2.4916 (Cls: 1.8687, TAL: 0.0000, Adv: 4.1527) | Train Acc: 1.0000 | Val Acc: 1.0000 | Val P/R/F1 (Macro): 0.6429/0.6429/0.6429 | LR: 0.000001
Epoch [94/100] | Loss: 2.4811 (Cls: 1.8681, TAL: 0.0000, Adv: 4.0866) | Train Acc: 1.0000 | Val Acc: 1.0000 | Val P/R/F1 (Macro): 0.6429/0.6429/0.6429 | LR: 0.000001
Epoch [95/100] | Loss: 2.4808 (Cls: 1.8611, TAL: 0.0000, Adv: 4.1313) | Train Acc: 1.0000 | Val Acc: 1.0000 | Val P/R/F1 (Macro): 0.6429/0.6429/0.6429 | LR: 0.000001
Epoch [96/100] | Loss: 2.4806 (Cls: 1.8661, TAL: 0.0000, Adv: 4.0967) | Train Acc: 1.0000 | Val Acc: 1.0000 | Val P/R/F1 (Macro): 0.6429/0.6429/0.6429 | LR: 0.000001
Epoch [97/100] | Loss: 2.4800 (Cls: 1.8710, TAL: 0.0000, Adv: 4.0604) | Train Acc: 1.0000 | Val Acc: 1.0000 | Val P/R/F1 (Macro): 0.6429/0.6429/0.6429 | LR: 0.000001
Epoch [98/100] | Loss: 2.4518 (Cls: 1.8586, TAL: 0.0000, Adv: 3.9548) | Train Acc: 1.0000 | Val Acc: 1.0000 | Val P/R/F1 (Macro): 0.6429/0.6429/0.6429 | LR: 0.000001
Epoch [99/100] | Loss: 2.5015 (Cls: 1.8965, TAL: 0.0000, Adv: 4.0334) | Train Acc: 0.9922 | Val Acc: 1.0000 | Val P/R/F1 (Macro): 0.6429/0.6429/0.6429 | LR: 0.000001
Epoch [100/100] | Loss: 2.4849 (Cls: 1.8709, TAL: 0.0000, Adv: 4.0933) | Train Acc: 1.0000 | Val Acc: 1.0000 | Val P/R/F1 (Macro): 0.6429/0.6429/0.6429 | LR: 0.000001

迭代 2 最佳指标:
  Accuracy: 1.0000
  Precision (Macro): 0.6429
  Recall (Macro): 0.6429
  F1 (Macro): 0.6429
  Precision (Micro): 1.0000
  Recall (Micro): 1.0000
  F1 (Micro): 1.0000

================================================================================
迭代 3/5
随机种子: 44
================================================================================
Feature fusion: Channel concatenation (512+512); fused_dim=1024
Domain adaptation: Neural OT generator with 3-domain discriminator
Loss weights: tensor=0.00, adv=0.15
Epoch [1/100] | Loss: 8.9486 (Cls: 8.8761, TAL: 0.0000, Adv: 0.4838) | Train Acc: 0.1406 | Val Acc: 0.3056 | Val P/R/F1 (Macro): 0.1320/0.1661/0.1217 | LR: 0.000010
  >>> New Best Val Acc: 0.3056
Epoch [2/100] | Loss: 6.4366 (Cls: 6.3846, TAL: 0.0000, Adv: 0.3466) | Train Acc: 0.3828 | Val Acc: 0.2500 | Val P/R/F1 (Macro): 0.0988/0.1321/0.1013 | LR: 0.000010
Epoch [3/100] | Loss: 5.4343 (Cls: 5.3871, TAL: 0.0000, Adv: 0.3143) | Train Acc: 0.5625 | Val Acc: 0.3333 | Val P/R/F1 (Macro): 0.0989/0.1667/0.1110 | LR: 0.000010
  >>> New Best Val Acc: 0.3333
Epoch [4/100] | Loss: 4.5812 (Cls: 4.5389, TAL: 0.0000, Adv: 0.2826) | Train Acc: 0.6328 | Val Acc: 0.3611 | Val P/R/F1 (Macro): 0.1607/0.1821/0.1440 | LR: 0.000010
  >>> New Best Val Acc: 0.3611
Epoch [5/100] | Loss: 4.6983 (Cls: 4.6567, TAL: 0.0000, Adv: 0.2778) | Train Acc: 0.7188 | Val Acc: 0.3333 | Val P/R/F1 (Macro): 0.1344/0.1679/0.1294 | LR: 0.000010
Epoch [6/100] | Loss: 4.1770 (Cls: 4.1375, TAL: 0.0000, Adv: 0.2636) | Train Acc: 0.6328 | Val Acc: 0.3333 | Val P/R/F1 (Macro): 0.0818/0.1607/0.0935 | LR: 0.000010
Epoch [7/100] | Loss: 4.0277 (Cls: 3.9854, TAL: 0.0000, Adv: 0.2820) | Train Acc: 0.6875 | Val Acc: 0.2778 | Val P/R/F1 (Macro): 0.1056/0.1488/0.1062 | LR: 0.000010
Epoch [8/100] | Loss: 3.6616 (Cls: 3.6123, TAL: 0.0000, Adv: 0.3286) | Train Acc: 0.7422 | Val Acc: 0.4444 | Val P/R/F1 (Macro): 0.2774/0.2381/0.2185 | LR: 0.000010
  >>> New Best Val Acc: 0.4444
Epoch [9/100] | Loss: 3.4496 (Cls: 3.3993, TAL: 0.0000, Adv: 0.3355) | Train Acc: 0.7969 | Val Acc: 0.7500 | Val P/R/F1 (Macro): 0.4136/0.4179/0.3914 | LR: 0.000010
  >>> New Best Val Acc: 0.7500
Epoch [10/100] | Loss: 3.1162 (Cls: 3.0525, TAL: 0.0000, Adv: 0.4245) | Train Acc: 0.8750 | Val Acc: 0.8889 | Val P/R/F1 (Macro): 0.5714/0.5845/0.5648 | LR: 0.000010
  >>> New Best Val Acc: 0.8889
Epoch [11/100] | Loss: 3.0491 (Cls: 2.9864, TAL: 0.0000, Adv: 0.4180) | Train Acc: 0.8750 | Val Acc: 0.8333 | Val P/R/F1 (Macro): 0.4841/0.5036/0.4817 | LR: 0.000010
Epoch [12/100] | Loss: 2.8019 (Cls: 2.7372, TAL: 0.0000, Adv: 0.4312) | Train Acc: 0.8516 | Val Acc: 0.8611 | Val P/R/F1 (Macro): 0.4984/0.5179/0.4921 | LR: 0.000010
Epoch [13/100] | Loss: 2.8532 (Cls: 2.7791, TAL: 0.0000, Adv: 0.4942) | Train Acc: 0.8594 | Val Acc: 0.9722 | Val P/R/F1 (Macro): 0.6286/0.6339/0.6302 | LR: 0.000010
  >>> New Best Val Acc: 0.9722
Epoch [14/100] | Loss: 2.8014 (Cls: 2.7131, TAL: 0.0000, Adv: 0.5892) | Train Acc: 0.9062 | Val Acc: 0.9444 | Val P/R/F1 (Macro): 0.6224/0.5952/0.5952 | LR: 0.000010
Epoch [15/100] | Loss: 2.7567 (Cls: 2.6547, TAL: 0.0000, Adv: 0.6799) | Train Acc: 0.9141 | Val Acc: 0.9722 | Val P/R/F1 (Macro): 0.6310/0.6190/0.6221 | LR: 0.000010
Epoch [16/100] | Loss: 2.7368 (Cls: 2.6279, TAL: 0.0000, Adv: 0.7262) | Train Acc: 0.9297 | Val Acc: 0.9722 | Val P/R/F1 (Macro): 0.6250/0.6286/0.6247 | LR: 0.000010
Epoch [17/100] | Loss: 2.5140 (Cls: 2.3795, TAL: 0.0000, Adv: 0.8964) | Train Acc: 0.8828 | Val Acc: 0.7500 | Val P/R/F1 (Macro): 0.5552/0.5083/0.5027 | LR: 0.000010
Epoch [18/100] | Loss: 2.6257 (Cls: 2.4747, TAL: 0.0000, Adv: 1.0070) | Train Acc: 0.9453 | Val Acc: 0.8889 | Val P/R/F1 (Macro): 0.5921/0.5869/0.5820 | LR: 0.000010
Epoch [19/100] | Loss: 2.4403 (Cls: 2.2783, TAL: 0.0000, Adv: 1.0796) | Train Acc: 0.9609 | Val Acc: 0.9167 | Val P/R/F1 (Macro): 0.6063/0.5988/0.5962 | LR: 0.000010
Epoch [20/100] | Loss: 2.4470 (Cls: 2.2695, TAL: 0.0000, Adv: 1.1828) | Train Acc: 0.9531 | Val Acc: 0.9444 | Val P/R/F1 (Macro): 0.6143/0.6107/0.6069 | LR: 0.000010
Epoch [21/100] | Loss: 2.4447 (Cls: 2.2670, TAL: 0.0000, Adv: 1.1849) | Train Acc: 0.9453 | Val Acc: 0.9444 | Val P/R/F1 (Macro): 0.6143/0.6107/0.6069 | LR: 0.000010
Epoch [22/100] | Loss: 2.3836 (Cls: 2.1764, TAL: 0.0000, Adv: 1.3811) | Train Acc: 0.9453 | Val Acc: 0.9722 | Val P/R/F1 (Macro): 0.6286/0.6339/0.6302 | LR: 0.000010
Epoch [23/100] | Loss: 2.4513 (Cls: 2.2297, TAL: 0.0000, Adv: 1.4772) | Train Acc: 0.9766 | Val Acc: 0.9167 | Val P/R/F1 (Macro): 0.6065/0.5863/0.5825 | LR: 0.000010
Epoch [24/100] | Loss: 2.4806 (Cls: 2.2424, TAL: 0.0000, Adv: 1.5877) | Train Acc: 0.9688 | Val Acc: 1.0000 | Val P/R/F1 (Macro): 0.6429/0.6429/0.6429 | LR: 0.000010
  >>> New Best Val Acc: 1.0000
Epoch [25/100] | Loss: 2.3872 (Cls: 2.1414, TAL: 0.0000, Adv: 1.6389) | Train Acc: 0.9844 | Val Acc: 0.8333 | Val P/R/F1 (Macro): 0.5556/0.5673/0.5377 | LR: 0.000010
Epoch [26/100] | Loss: 2.4916 (Cls: 2.2527, TAL: 0.0000, Adv: 1.5926) | Train Acc: 0.9766 | Val Acc: 0.8333 | Val P/R/F1 (Macro): 0.5446/0.5690/0.5402 | LR: 0.000010
Epoch [27/100] | Loss: 2.3862 (Cls: 2.1349, TAL: 0.0000, Adv: 1.6755) | Train Acc: 0.9453 | Val Acc: 0.9167 | Val P/R/F1 (Macro): 0.5833/0.6131/0.5881 | LR: 0.000010
Epoch [28/100] | Loss: 2.3679 (Cls: 2.0935, TAL: 0.0000, Adv: 1.8294) | Train Acc: 0.9844 | Val Acc: 0.9722 | Val P/R/F1 (Macro): 0.6310/0.6310/0.6299 | LR: 0.000010
Epoch [29/100] | Loss: 2.5151 (Cls: 2.2149, TAL: 0.0000, Adv: 2.0017) | Train Acc: 1.0000 | Val Acc: 1.0000 | Val P/R/F1 (Macro): 0.6429/0.6429/0.6429 | LR: 0.000010
Epoch [30/100] | Loss: 2.4864 (Cls: 2.1579, TAL: 0.0000, Adv: 2.1901) | Train Acc: 0.9531 | Val Acc: 0.9722 | Val P/R/F1 (Macro): 0.6250/0.6286/0.6247 | LR: 0.000010
Epoch [31/100] | Loss: 2.4146 (Cls: 2.1055, TAL: 0.0000, Adv: 2.0606) | Train Acc: 0.9688 | Val Acc: 1.0000 | Val P/R/F1 (Macro): 0.6429/0.6429/0.6429 | LR: 0.000010
Epoch [32/100] | Loss: 2.4612 (Cls: 2.1377, TAL: 0.0000, Adv: 2.1560) | Train Acc: 1.0000 | Val Acc: 1.0000 | Val P/R/F1 (Macro): 0.6429/0.6429/0.6429 | LR: 0.000010
Epoch [33/100] | Loss: 2.4252 (Cls: 2.1059, TAL: 0.0000, Adv: 2.1283) | Train Acc: 0.9844 | Val Acc: 1.0000 | Val P/R/F1 (Macro): 0.6429/0.6429/0.6429 | LR: 0.000010
Epoch [34/100] | Loss: 2.3775 (Cls: 2.0314, TAL: 0.0000, Adv: 2.3076) | Train Acc: 1.0000 | Val Acc: 1.0000 | Val P/R/F1 (Macro): 0.6429/0.6429/0.6429 | LR: 0.000010
Epoch [35/100] | Loss: 2.3761 (Cls: 2.0496, TAL: 0.0000, Adv: 2.1765) | Train Acc: 0.9844 | Val Acc: 1.0000 | Val P/R/F1 (Macro): 0.6429/0.6429/0.6429 | LR: 0.000005
Epoch [36/100] | Loss: 2.4152 (Cls: 2.0814, TAL: 0.0000, Adv: 2.2252) | Train Acc: 0.9766 | Val Acc: 1.0000 | Val P/R/F1 (Macro): 0.6429/0.6429/0.6429 | LR: 0.000005
Epoch [37/100] | Loss: 2.3340 (Cls: 1.9939, TAL: 0.0000, Adv: 2.2675) | Train Acc: 0.9922 | Val Acc: 1.0000 | Val P/R/F1 (Macro): 0.6429/0.6429/0.6429 | LR: 0.000005
Epoch [38/100] | Loss: 2.4518 (Cls: 2.0790, TAL: 0.0000, Adv: 2.4855) | Train Acc: 0.9844 | Val Acc: 1.0000 | Val P/R/F1 (Macro): 0.6429/0.6429/0.6429 | LR: 0.000005
Epoch [39/100] | Loss: 2.3656 (Cls: 1.9939, TAL: 0.0000, Adv: 2.4781) | Train Acc: 1.0000 | Val Acc: 1.0000 | Val P/R/F1 (Macro): 0.6429/0.6429/0.6429 | LR: 0.000005
Epoch [40/100] | Loss: 2.3572 (Cls: 1.9891, TAL: 0.0000, Adv: 2.4541) | Train Acc: 0.9844 | Val Acc: 0.9444 | Val P/R/F1 (Macro): 0.5952/0.6101/0.5935 | LR: 0.000005
Epoch [41/100] | Loss: 2.3661 (Cls: 1.9996, TAL: 0.0000, Adv: 2.4434) | Train Acc: 0.9922 | Val Acc: 0.9722 | Val P/R/F1 (Macro): 0.6310/0.6190/0.6221 | LR: 0.000005
Epoch [42/100] | Loss: 2.3428 (Cls: 1.9768, TAL: 0.0000, Adv: 2.4399) | Train Acc: 0.9844 | Val Acc: 1.0000 | Val P/R/F1 (Macro): 0.6429/0.6429/0.6429 | LR: 0.000005
Epoch [43/100] | Loss: 2.3472 (Cls: 1.9519, TAL: 0.0000, Adv: 2.6355) | Train Acc: 1.0000 | Val Acc: 1.0000 | Val P/R/F1 (Macro): 0.6429/0.6429/0.6429 | LR: 0.000005
Epoch [44/100] | Loss: 2.3595 (Cls: 1.9512, TAL: 0.0000, Adv: 2.7217) | Train Acc: 0.9922 | Val Acc: 1.0000 | Val P/R/F1 (Macro): 0.6429/0.6429/0.6429 | LR: 0.000005
Epoch [45/100] | Loss: 2.3813 (Cls: 1.9758, TAL: 0.0000, Adv: 2.7032) | Train Acc: 0.9844 | Val Acc: 1.0000 | Val P/R/F1 (Macro): 0.6429/0.6429/0.6429 | LR: 0.000005
Epoch [46/100] | Loss: 2.4046 (Cls: 2.0150, TAL: 0.0000, Adv: 2.5978) | Train Acc: 0.9844 | Val Acc: 1.0000 | Val P/R/F1 (Macro): 0.6429/0.6429/0.6429 | LR: 0.000003
Epoch [47/100] | Loss: 2.3369 (Cls: 1.9573, TAL: 0.0000, Adv: 2.5305) | Train Acc: 0.9922 | Val Acc: 1.0000 | Val P/R/F1 (Macro): 0.6429/0.6429/0.6429 | LR: 0.000003
Epoch [48/100] | Loss: 2.4208 (Cls: 2.0474, TAL: 0.0000, Adv: 2.4897) | Train Acc: 0.9766 | Val Acc: 1.0000 | Val P/R/F1 (Macro): 0.6429/0.6429/0.6429 | LR: 0.000003
Epoch [49/100] | Loss: 2.3659 (Cls: 1.9566, TAL: 0.0000, Adv: 2.7287) | Train Acc: 0.9844 | Val Acc: 1.0000 | Val P/R/F1 (Macro): 0.6429/0.6429/0.6429 | LR: 0.000003
Epoch [50/100] | Loss: 2.4041 (Cls: 2.0142, TAL: 0.0000, Adv: 2.5992) | Train Acc: 1.0000 | Val Acc: 1.0000 | Val P/R/F1 (Macro): 0.6429/0.6429/0.6429 | LR: 0.000003
Epoch [51/100] | Loss: 2.3541 (Cls: 1.9473, TAL: 0.0000, Adv: 2.7117) | Train Acc: 1.0000 | Val Acc: 1.0000 | Val P/R/F1 (Macro): 0.6429/0.6429/0.6429 | LR: 0.000003
Epoch [52/100] | Loss: 2.2506 (Cls: 1.8758, TAL: 0.0000, Adv: 2.4986) | Train Acc: 1.0000 | Val Acc: 1.0000 | Val P/R/F1 (Macro): 0.6429/0.6429/0.6429 | LR: 0.000003
Epoch [53/100] | Loss: 2.3378 (Cls: 1.9297, TAL: 0.0000, Adv: 2.7208) | Train Acc: 0.9922 | Val Acc: 1.0000 | Val P/R/F1 (Macro): 0.6429/0.6429/0.6429 | LR: 0.000003
Epoch [54/100] | Loss: 2.3205 (Cls: 1.9024, TAL: 0.0000, Adv: 2.7876) | Train Acc: 1.0000 | Val Acc: 1.0000 | Val P/R/F1 (Macro): 0.6429/0.6429/0.6429 | LR: 0.000003
Epoch [55/100] | Loss: 2.3450 (Cls: 1.9070, TAL: 0.0000, Adv: 2.9195) | Train Acc: 0.9922 | Val Acc: 1.0000 | Val P/R/F1 (Macro): 0.6429/0.6429/0.6429 | LR: 0.000003
Epoch [56/100] | Loss: 2.3491 (Cls: 1.9087, TAL: 0.0000, Adv: 2.9356) | Train Acc: 0.9922 | Val Acc: 1.0000 | Val P/R/F1 (Macro): 0.6429/0.6429/0.6429 | LR: 0.000003
Epoch [57/100] | Loss: 2.3496 (Cls: 1.9185, TAL: 0.0000, Adv: 2.8745) | Train Acc: 1.0000 | Val Acc: 1.0000 | Val P/R/F1 (Macro): 0.6429/0.6429/0.6429 | LR: 0.000001
Epoch [58/100] | Loss: 2.3749 (Cls: 1.9275, TAL: 0.0000, Adv: 2.9830) | Train Acc: 0.9922 | Val Acc: 1.0000 | Val P/R/F1 (Macro): 0.6429/0.6429/0.6429 | LR: 0.000001
Epoch [59/100] | Loss: 2.3511 (Cls: 1.9156, TAL: 0.0000, Adv: 2.9035) | Train Acc: 1.0000 | Val Acc: 1.0000 | Val P/R/F1 (Macro): 0.6429/0.6429/0.6429 | LR: 0.000001
Epoch [60/100] | Loss: 2.3511 (Cls: 1.9166, TAL: 0.0000, Adv: 2.8968) | Train Acc: 1.0000 | Val Acc: 1.0000 | Val P/R/F1 (Macro): 0.6429/0.6429/0.6429 | LR: 0.000001
Epoch [61/100] | Loss: 2.2987 (Cls: 1.8553, TAL: 0.0000, Adv: 2.9564) | Train Acc: 1.0000 | Val Acc: 1.0000 | Val P/R/F1 (Macro): 0.6429/0.6429/0.6429 | LR: 0.000001
Epoch [62/100] | Loss: 2.3402 (Cls: 1.8952, TAL: 0.0000, Adv: 2.9665) | Train Acc: 1.0000 | Val Acc: 1.0000 | Val P/R/F1 (Macro): 0.6429/0.6429/0.6429 | LR: 0.000001
Epoch [63/100] | Loss: 2.3507 (Cls: 1.8863, TAL: 0.0000, Adv: 3.0957) | Train Acc: 1.0000 | Val Acc: 1.0000 | Val P/R/F1 (Macro): 0.6429/0.6429/0.6429 | LR: 0.000001
Epoch [64/100] | Loss: 2.3331 (Cls: 1.8748, TAL: 0.0000, Adv: 3.0553) | Train Acc: 1.0000 | Val Acc: 1.0000 | Val P/R/F1 (Macro): 0.6429/0.6429/0.6429 | LR: 0.000001
Epoch [65/100] | Loss: 2.3332 (Cls: 1.8666, TAL: 0.0000, Adv: 3.1110) | Train Acc: 1.0000 | Val Acc: 1.0000 | Val P/R/F1 (Macro): 0.6429/0.6429/0.6429 | LR: 0.000001
Epoch [66/100] | Loss: 2.3563 (Cls: 1.8912, TAL: 0.0000, Adv: 3.1010) | Train Acc: 1.0000 | Val Acc: 1.0000 | Val P/R/F1 (Macro): 0.6429/0.6429/0.6429 | LR: 0.000001
Epoch [67/100] | Loss: 2.3152 (Cls: 1.8556, TAL: 0.0000, Adv: 3.0642) | Train Acc: 0.9922 | Val Acc: 1.0000 | Val P/R/F1 (Macro): 0.6429/0.6429/0.6429 | LR: 0.000001
Epoch [68/100] | Loss: 2.3409 (Cls: 1.8663, TAL: 0.0000, Adv: 3.1639) | Train Acc: 1.0000 | Val Acc: 1.0000 | Val P/R/F1 (Macro): 0.6429/0.6429/0.6429 | LR: 0.000001
Epoch [69/100] | Loss: 2.3462 (Cls: 1.8697, TAL: 0.0000, Adv: 3.1768) | Train Acc: 0.9844 | Val Acc: 1.0000 | Val P/R/F1 (Macro): 0.6429/0.6429/0.6429 | LR: 0.000001
Epoch [70/100] | Loss: 2.3365 (Cls: 1.8706, TAL: 0.0000, Adv: 3.1058) | Train Acc: 1.0000 | Val Acc: 1.0000 | Val P/R/F1 (Macro): 0.6429/0.6429/0.6429 | LR: 0.000001
Epoch [71/100] | Loss: 2.3340 (Cls: 1.8696, TAL: 0.0000, Adv: 3.0962) | Train Acc: 1.0000 | Val Acc: 1.0000 | Val P/R/F1 (Macro): 0.6429/0.6429/0.6429 | LR: 0.000001
Epoch [72/100] | Loss: 2.3275 (Cls: 1.8545, TAL: 0.0000, Adv: 3.1538) | Train Acc: 1.0000 | Val Acc: 1.0000 | Val P/R/F1 (Macro): 0.6429/0.6429/0.6429 | LR: 0.000001
Epoch [73/100] | Loss: 2.3771 (Cls: 1.8848, TAL: 0.0000, Adv: 3.2823) | Train Acc: 1.0000 | Val Acc: 1.0000 | Val P/R/F1 (Macro): 0.6429/0.6429/0.6429 | LR: 0.000001
Epoch [74/100] | Loss: 2.3814 (Cls: 1.8528, TAL: 0.0000, Adv: 3.5236) | Train Acc: 1.0000 | Val Acc: 1.0000 | Val P/R/F1 (Macro): 0.6429/0.6429/0.6429 | LR: 0.000001
Epoch [75/100] | Loss: 2.3926 (Cls: 1.9047, TAL: 0.0000, Adv: 3.2527) | Train Acc: 1.0000 | Val Acc: 1.0000 | Val P/R/F1 (Macro): 0.6429/0.6429/0.6429 | LR: 0.000001
Epoch [76/100] | Loss: 2.3593 (Cls: 1.8634, TAL: 0.0000, Adv: 3.3063) | Train Acc: 1.0000 | Val Acc: 1.0000 | Val P/R/F1 (Macro): 0.6429/0.6429/0.6429 | LR: 0.000001
Epoch [77/100] | Loss: 2.3909 (Cls: 1.8734, TAL: 0.0000, Adv: 3.4502) | Train Acc: 0.9922 | Val Acc: 1.0000 | Val P/R/F1 (Macro): 0.6429/0.6429/0.6429 | LR: 0.000001
Epoch [78/100] | Loss: 2.3454 (Cls: 1.8476, TAL: 0.0000, Adv: 3.3188) | Train Acc: 1.0000 | Val Acc: 1.0000 | Val P/R/F1 (Macro): 0.6429/0.6429/0.6429 | LR: 0.000001
Epoch [79/100] | Loss: 2.3665 (Cls: 1.8507, TAL: 0.0000, Adv: 3.4387) | Train Acc: 1.0000 | Val Acc: 1.0000 | Val P/R/F1 (Macro): 0.6429/0.6429/0.6429 | LR: 0.000001
Epoch [80/100] | Loss: 2.3872 (Cls: 1.8584, TAL: 0.0000, Adv: 3.5252) | Train Acc: 0.9922 | Val Acc: 1.0000 | Val P/R/F1 (Macro): 0.6429/0.6429/0.6429 | LR: 0.000001
Epoch [81/100] | Loss: 2.3734 (Cls: 1.8593, TAL: 0.0000, Adv: 3.4270) | Train Acc: 1.0000 | Val Acc: 1.0000 | Val P/R/F1 (Macro): 0.6429/0.6429/0.6429 | LR: 0.000001
Epoch [82/100] | Loss: 2.3816 (Cls: 1.8455, TAL: 0.0000, Adv: 3.5741) | Train Acc: 1.0000 | Val Acc: 1.0000 | Val P/R/F1 (Macro): 0.6429/0.6429/0.6429 | LR: 0.000001
Epoch [83/100] | Loss: 2.4264 (Cls: 1.8850, TAL: 0.0000, Adv: 3.6096) | Train Acc: 1.0000 | Val Acc: 1.0000 | Val P/R/F1 (Macro): 0.6429/0.6429/0.6429 | LR: 0.000001
Epoch [84/100] | Loss: 2.3731 (Cls: 1.8506, TAL: 0.0000, Adv: 3.4832) | Train Acc: 1.0000 | Val Acc: 1.0000 | Val P/R/F1 (Macro): 0.6429/0.6429/0.6429 | LR: 0.000001
Epoch [85/100] | Loss: 2.3944 (Cls: 1.8381, TAL: 0.0000, Adv: 3.7089) | Train Acc: 1.0000 | Val Acc: 1.0000 | Val P/R/F1 (Macro): 0.6429/0.6429/0.6429 | LR: 0.000001
Epoch [86/100] | Loss: 2.3951 (Cls: 1.8579, TAL: 0.0000, Adv: 3.5816) | Train Acc: 1.0000 | Val Acc: 1.0000 | Val P/R/F1 (Macro): 0.6429/0.6429/0.6429 | LR: 0.000001
Epoch [87/100] | Loss: 2.3729 (Cls: 1.8319, TAL: 0.0000, Adv: 3.6062) | Train Acc: 1.0000 | Val Acc: 1.0000 | Val P/R/F1 (Macro): 0.6429/0.6429/0.6429 | LR: 0.000001
Epoch [88/100] | Loss: 2.3948 (Cls: 1.8791, TAL: 0.0000, Adv: 3.4376) | Train Acc: 1.0000 | Val Acc: 1.0000 | Val P/R/F1 (Macro): 0.6429/0.6429/0.6429 | LR: 0.000001
Epoch [89/100] | Loss: 2.3954 (Cls: 1.8581, TAL: 0.0000, Adv: 3.5819) | Train Acc: 0.9922 | Val Acc: 1.0000 | Val P/R/F1 (Macro): 0.6429/0.6429/0.6429 | LR: 0.000001
Epoch [90/100] | Loss: 2.4249 (Cls: 1.8905, TAL: 0.0000, Adv: 3.5624) | Train Acc: 1.0000 | Val Acc: 1.0000 | Val P/R/F1 (Macro): 0.6429/0.6429/0.6429 | LR: 0.000001
Epoch [91/100] | Loss: 2.3569 (Cls: 1.8228, TAL: 0.0000, Adv: 3.5609) | Train Acc: 1.0000 | Val Acc: 1.0000 | Val P/R/F1 (Macro): 0.6429/0.6429/0.6429 | LR: 0.000001
Epoch [92/100] | Loss: 2.4311 (Cls: 1.8580, TAL: 0.0000, Adv: 3.8209) | Train Acc: 1.0000 | Val Acc: 1.0000 | Val P/R/F1 (Macro): 0.6429/0.6429/0.6429 | LR: 0.000001
Epoch [93/100] | Loss: 2.3920 (Cls: 1.8532, TAL: 0.0000, Adv: 3.5916) | Train Acc: 1.0000 | Val Acc: 1.0000 | Val P/R/F1 (Macro): 0.6429/0.6429/0.6429 | LR: 0.000001
Epoch [94/100] | Loss: 2.3994 (Cls: 1.8286, TAL: 0.0000, Adv: 3.8052) | Train Acc: 1.0000 | Val Acc: 1.0000 | Val P/R/F1 (Macro): 0.6429/0.6429/0.6429 | LR: 0.000001
Epoch [95/100] | Loss: 2.3725 (Cls: 1.8237, TAL: 0.0000, Adv: 3.6587) | Train Acc: 1.0000 | Val Acc: 1.0000 | Val P/R/F1 (Macro): 0.6429/0.6429/0.6429 | LR: 0.000001
Epoch [96/100] | Loss: 2.4019 (Cls: 1.8529, TAL: 0.0000, Adv: 3.6596) | Train Acc: 1.0000 | Val Acc: 1.0000 | Val P/R/F1 (Macro): 0.6429/0.6429/0.6429 | LR: 0.000001
Epoch [97/100] | Loss: 2.4385 (Cls: 1.8498, TAL: 0.0000, Adv: 3.9248) | Train Acc: 1.0000 | Val Acc: 1.0000 | Val P/R/F1 (Macro): 0.6429/0.6429/0.6429 | LR: 0.000001
Epoch [98/100] | Loss: 2.4059 (Cls: 1.8431, TAL: 0.0000, Adv: 3.7524) | Train Acc: 1.0000 | Val Acc: 1.0000 | Val P/R/F1 (Macro): 0.6429/0.6429/0.6429 | LR: 0.000001
Epoch [99/100] | Loss: 2.4206 (Cls: 1.8752, TAL: 0.0000, Adv: 3.6362) | Train Acc: 1.0000 | Val Acc: 1.0000 | Val P/R/F1 (Macro): 0.6429/0.6429/0.6429 | LR: 0.000001
Epoch [100/100] | Loss: 2.3931 (Cls: 1.8418, TAL: 0.0000, Adv: 3.6751) | Train Acc: 1.0000 | Val Acc: 1.0000 | Val P/R/F1 (Macro): 0.6429/0.6429/0.6429 | LR: 0.000001

迭代 3 最佳指标:
  Accuracy: 1.0000
  Precision (Macro): 0.6429
  Recall (Macro): 0.6429
  F1 (Macro): 0.6429
  Precision (Micro): 1.0000
  Recall (Micro): 1.0000
  F1 (Micro): 1.0000

================================================================================
迭代 4/5
随机种子: 45
================================================================================
Feature fusion: Channel concatenation (512+512); fused_dim=1024
Domain adaptation: Neural OT generator with 3-domain discriminator
Loss weights: tensor=0.00, adv=0.15
Epoch [1/100] | Loss: 8.9687 (Cls: 8.9168, TAL: 0.0000, Adv: 0.3457) | Train Acc: 0.1953 | Val Acc: 0.1111 | Val P/R/F1 (Macro): 0.0079/0.0714/0.0143 | LR: 0.000010
  >>> New Best Val Acc: 0.1111
Epoch [2/100] | Loss: 6.6382 (Cls: 6.5921, TAL: 0.0000, Adv: 0.3070) | Train Acc: 0.2891 | Val Acc: 0.2222 | Val P/R/F1 (Macro): 0.0826/0.1250/0.0805 | LR: 0.000010
  >>> New Best Val Acc: 0.2222
Epoch [3/100] | Loss: 5.3813 (Cls: 5.3370, TAL: 0.0000, Adv: 0.2956) | Train Acc: 0.5625 | Val Acc: 0.2778 | Val P/R/F1 (Macro): 0.1085/0.1488/0.1074 | LR: 0.000010
  >>> New Best Val Acc: 0.2778
Epoch [4/100] | Loss: 4.9435 (Cls: 4.9138, TAL: 0.0000, Adv: 0.1986) | Train Acc: 0.5547 | Val Acc: 0.4167 | Val P/R/F1 (Macro): 0.1702/0.2714/0.1985 | LR: 0.000010
  >>> New Best Val Acc: 0.4167
Epoch [5/100] | Loss: 4.7821 (Cls: 4.7491, TAL: 0.0000, Adv: 0.2202) | Train Acc: 0.6953 | Val Acc: 0.3333 | Val P/R/F1 (Macro): 0.1627/0.2417/0.1837 | LR: 0.000010
Epoch [6/100] | Loss: 4.0682 (Cls: 4.0338, TAL: 0.0000, Adv: 0.2291) | Train Acc: 0.6953 | Val Acc: 0.3889 | Val P/R/F1 (Macro): 0.2313/0.2833/0.2094 | LR: 0.000010
Epoch [7/100] | Loss: 3.8803 (Cls: 3.8362, TAL: 0.0000, Adv: 0.2938) | Train Acc: 0.7734 | Val Acc: 0.3611 | Val P/R/F1 (Macro): 0.1599/0.2381/0.1674 | LR: 0.000010
Epoch [8/100] | Loss: 3.7122 (Cls: 3.6515, TAL: 0.0000, Adv: 0.4041) | Train Acc: 0.7266 | Val Acc: 0.3056 | Val P/R/F1 (Macro): 0.0791/0.2024/0.1119 | LR: 0.000010
Epoch [9/100] | Loss: 4.0681 (Cls: 3.9994, TAL: 0.0000, Adv: 0.4584) | Train Acc: 0.6562 | Val Acc: 0.5000 | Val P/R/F1 (Macro): 0.2871/0.3095/0.2554 | LR: 0.000010
  >>> New Best Val Acc: 0.5000
Epoch [10/100] | Loss: 3.3417 (Cls: 3.2689, TAL: 0.0000, Adv: 0.4852) | Train Acc: 0.7969 | Val Acc: 0.6944 | Val P/R/F1 (Macro): 0.4112/0.3929/0.3646 | LR: 0.000010
  >>> New Best Val Acc: 0.6944
Epoch [11/100] | Loss: 3.5070 (Cls: 3.4266, TAL: 0.0000, Adv: 0.5363) | Train Acc: 0.7422 | Val Acc: 0.7778 | Val P/R/F1 (Macro): 0.4196/0.4375/0.4006 | LR: 0.000010
  >>> New Best Val Acc: 0.7778
Epoch [12/100] | Loss: 3.1539 (Cls: 3.0614, TAL: 0.0000, Adv: 0.6161) | Train Acc: 0.8516 | Val Acc: 0.7778 | Val P/R/F1 (Macro): 0.4526/0.4375/0.4219 | LR: 0.000010
Epoch [13/100] | Loss: 3.1554 (Cls: 3.0395, TAL: 0.0000, Adv: 0.7730) | Train Acc: 0.8516 | Val Acc: 0.8889 | Val P/R/F1 (Macro): 0.6046/0.5744/0.5813 | LR: 0.000010
  >>> New Best Val Acc: 0.8889
Epoch [14/100] | Loss: 2.6829 (Cls: 2.5536, TAL: 0.0000, Adv: 0.8624) | Train Acc: 0.9141 | Val Acc: 0.8056 | Val P/R/F1 (Macro): 0.5458/0.5446/0.5321 | LR: 0.000010
Epoch [15/100] | Loss: 2.7375 (Cls: 2.5810, TAL: 0.0000, Adv: 1.0437) | Train Acc: 0.9609 | Val Acc: 0.8889 | Val P/R/F1 (Macro): 0.5196/0.5327/0.5200 | LR: 0.000010
Epoch [16/100] | Loss: 3.2251 (Cls: 3.0462, TAL: 0.0000, Adv: 1.1929) | Train Acc: 0.9141 | Val Acc: 0.8611 | Val P/R/F1 (Macro): 0.5023/0.5030/0.4950 | LR: 0.000010
Epoch [17/100] | Loss: 2.6896 (Cls: 2.5070, TAL: 0.0000, Adv: 1.2173) | Train Acc: 0.8828 | Val Acc: 0.8889 | Val P/R/F1 (Macro): 0.5595/0.5893/0.5587 | LR: 0.000010
Epoch [18/100] | Loss: 2.9125 (Cls: 2.7329, TAL: 0.0000, Adv: 1.1975) | Train Acc: 0.8984 | Val Acc: 0.8333 | Val P/R/F1 (Macro): 0.5440/0.5625/0.5277 | LR: 0.000010
Epoch [19/100] | Loss: 2.6147 (Cls: 2.4050, TAL: 0.0000, Adv: 1.3982) | Train Acc: 0.8906 | Val Acc: 0.9167 | Val P/R/F1 (Macro): 0.5714/0.5982/0.5760 | LR: 0.000010
  >>> New Best Val Acc: 0.9167
Epoch [20/100] | Loss: 2.8057 (Cls: 2.5702, TAL: 0.0000, Adv: 1.5698) | Train Acc: 0.9297 | Val Acc: 0.9167 | Val P/R/F1 (Macro): 0.6000/0.6018/0.5942 | LR: 0.000010
Epoch [21/100] | Loss: 2.7322 (Cls: 2.4806, TAL: 0.0000, Adv: 1.6776) | Train Acc: 0.8828 | Val Acc: 0.9167 | Val P/R/F1 (Macro): 0.5827/0.6071/0.5852 | LR: 0.000010
Epoch [22/100] | Loss: 2.5875 (Cls: 2.3436, TAL: 0.0000, Adv: 1.6257) | Train Acc: 0.9609 | Val Acc: 0.9167 | Val P/R/F1 (Macro): 0.5833/0.6161/0.5883 | LR: 0.000010
Epoch [23/100] | Loss: 2.6098 (Cls: 2.3201, TAL: 0.0000, Adv: 1.9313) | Train Acc: 0.9219 | Val Acc: 0.9444 | Val P/R/F1 (Macro): 0.6184/0.6250/0.6192 | LR: 0.000010
  >>> New Best Val Acc: 0.9444
Epoch [24/100] | Loss: 2.6515 (Cls: 2.3744, TAL: 0.0000, Adv: 1.8476) | Train Acc: 0.8984 | Val Acc: 0.9167 | Val P/R/F1 (Macro): 0.6065/0.6012/0.5984 | LR: 0.000010
Epoch [25/100] | Loss: 2.6319 (Cls: 2.3438, TAL: 0.0000, Adv: 1.9202) | Train Acc: 0.9609 | Val Acc: 0.9722 | Val P/R/F1 (Macro): 0.6310/0.6190/0.6221 | LR: 0.000010
  >>> New Best Val Acc: 0.9722
Epoch [26/100] | Loss: 2.4461 (Cls: 2.1547, TAL: 0.0000, Adv: 1.9427) | Train Acc: 0.9688 | Val Acc: 0.8889 | Val P/R/F1 (Macro): 0.5667/0.5952/0.5624 | LR: 0.000010
Epoch [27/100] | Loss: 2.5758 (Cls: 2.2611, TAL: 0.0000, Adv: 2.0981) | Train Acc: 0.9453 | Val Acc: 0.8611 | Val P/R/F1 (Macro): 0.5553/0.5774/0.5469 | LR: 0.000010
Epoch [28/100] | Loss: 2.5275 (Cls: 2.1952, TAL: 0.0000, Adv: 2.2155) | Train Acc: 0.9922 | Val Acc: 0.8889 | Val P/R/F1 (Macro): 0.5672/0.5893/0.5608 | LR: 0.000010
Epoch [29/100] | Loss: 2.4929 (Cls: 2.1728, TAL: 0.0000, Adv: 2.1340) | Train Acc: 0.9688 | Val Acc: 0.9167 | Val P/R/F1 (Macro): 0.5850/0.6071/0.5812 | LR: 0.000010
Epoch [30/100] | Loss: 2.5322 (Cls: 2.1880, TAL: 0.0000, Adv: 2.2947) | Train Acc: 0.9531 | Val Acc: 0.9444 | Val P/R/F1 (Macro): 0.5969/0.6161/0.5986 | LR: 0.000010
Epoch [31/100] | Loss: 2.5464 (Cls: 2.1732, TAL: 0.0000, Adv: 2.4878) | Train Acc: 0.9531 | Val Acc: 0.9722 | Val P/R/F1 (Macro): 0.6327/0.6339/0.6326 | LR: 0.000010
Epoch [32/100] | Loss: 2.6781 (Cls: 2.3054, TAL: 0.0000, Adv: 2.4845) | Train Acc: 0.9531 | Val Acc: 0.9722 | Val P/R/F1 (Macro): 0.6310/0.6190/0.6221 | LR: 0.000010
Epoch [33/100] | Loss: 2.5845 (Cls: 2.2112, TAL: 0.0000, Adv: 2.4890) | Train Acc: 0.9766 | Val Acc: 0.9167 | Val P/R/F1 (Macro): 0.5833/0.5923/0.5714 | LR: 0.000010
Epoch [34/100] | Loss: 2.6409 (Cls: 2.2860, TAL: 0.0000, Adv: 2.3660) | Train Acc: 0.9766 | Val Acc: 0.8889 | Val P/R/F1 (Macro): 0.5672/0.5893/0.5608 | LR: 0.000010
Epoch [35/100] | Loss: 2.4758 (Cls: 2.1438, TAL: 0.0000, Adv: 2.2135) | Train Acc: 0.9453 | Val Acc: 0.8889 | Val P/R/F1 (Macro): 0.5672/0.5893/0.5608 | LR: 0.000010
Epoch [36/100] | Loss: 2.4380 (Cls: 2.0772, TAL: 0.0000, Adv: 2.4049) | Train Acc: 0.9844 | Val Acc: 0.9444 | Val P/R/F1 (Macro): 0.5893/0.6071/0.5884 | LR: 0.000005
Epoch [37/100] | Loss: 2.4390 (Cls: 2.0812, TAL: 0.0000, Adv: 2.3853) | Train Acc: 0.9688 | Val Acc: 1.0000 | Val P/R/F1 (Macro): 0.6429/0.6429/0.6429 | LR: 0.000005
  >>> New Best Val Acc: 1.0000
Epoch [38/100] | Loss: 2.4357 (Cls: 2.0508, TAL: 0.0000, Adv: 2.5657) | Train Acc: 0.9844 | Val Acc: 0.9722 | Val P/R/F1 (Macro): 0.6327/0.6339/0.6326 | LR: 0.000005
Epoch [39/100] | Loss: 2.4443 (Cls: 2.0435, TAL: 0.0000, Adv: 2.6717) | Train Acc: 0.9922 | Val Acc: 0.9722 | Val P/R/F1 (Macro): 0.6327/0.6339/0.6326 | LR: 0.000005
Epoch [40/100] | Loss: 2.4383 (Cls: 2.0636, TAL: 0.0000, Adv: 2.4981) | Train Acc: 0.9688 | Val Acc: 0.9722 | Val P/R/F1 (Macro): 0.6327/0.6339/0.6326 | LR: 0.000005
Epoch [41/100] | Loss: 2.4442 (Cls: 2.0717, TAL: 0.0000, Adv: 2.4829) | Train Acc: 0.9844 | Val Acc: 0.9167 | Val P/R/F1 (Macro): 0.5850/0.6071/0.5812 | LR: 0.000005
Epoch [42/100] | Loss: 2.3471 (Cls: 1.9519, TAL: 0.0000, Adv: 2.6345) | Train Acc: 0.9922 | Val Acc: 0.9444 | Val P/R/F1 (Macro): 0.5952/0.6161/0.5922 | LR: 0.000005
Epoch [43/100] | Loss: 2.4389 (Cls: 2.0298, TAL: 0.0000, Adv: 2.7272) | Train Acc: 0.9922 | Val Acc: 1.0000 | Val P/R/F1 (Macro): 0.6429/0.6429/0.6429 | LR: 0.000005
Epoch [44/100] | Loss: 2.4305 (Cls: 2.0409, TAL: 0.0000, Adv: 2.5976) | Train Acc: 0.9922 | Val Acc: 1.0000 | Val P/R/F1 (Macro): 0.6429/0.6429/0.6429 | LR: 0.000005
Epoch [45/100] | Loss: 2.3866 (Cls: 1.9804, TAL: 0.0000, Adv: 2.7077) | Train Acc: 0.9766 | Val Acc: 0.9722 | Val P/R/F1 (Macro): 0.6327/0.6339/0.6326 | LR: 0.000005
Epoch [46/100] | Loss: 2.5059 (Cls: 2.0928, TAL: 0.0000, Adv: 2.7539) | Train Acc: 0.9688 | Val Acc: 0.9722 | Val P/R/F1 (Macro): 0.6327/0.6339/0.6326 | LR: 0.000005
Epoch [47/100] | Loss: 2.4722 (Cls: 2.0699, TAL: 0.0000, Adv: 2.6820) | Train Acc: 0.9844 | Val Acc: 0.9722 | Val P/R/F1 (Macro): 0.6327/0.6339/0.6326 | LR: 0.000005
Epoch [48/100] | Loss: 2.3762 (Cls: 1.9666, TAL: 0.0000, Adv: 2.7306) | Train Acc: 0.9844 | Val Acc: 0.9722 | Val P/R/F1 (Macro): 0.6071/0.6339/0.6143 | LR: 0.000003
Epoch [49/100] | Loss: 2.3876 (Cls: 2.0132, TAL: 0.0000, Adv: 2.4960) | Train Acc: 1.0000 | Val Acc: 0.9722 | Val P/R/F1 (Macro): 0.6071/0.6339/0.6143 | LR: 0.000003
Epoch [50/100] | Loss: 2.4088 (Cls: 1.9846, TAL: 0.0000, Adv: 2.8281) | Train Acc: 1.0000 | Val Acc: 1.0000 | Val P/R/F1 (Macro): 0.6429/0.6429/0.6429 | LR: 0.000003
Epoch [51/100] | Loss: 2.3329 (Cls: 1.9121, TAL: 0.0000, Adv: 2.8052) | Train Acc: 1.0000 | Val Acc: 0.9722 | Val P/R/F1 (Macro): 0.6327/0.6339/0.6326 | LR: 0.000003
Epoch [52/100] | Loss: 2.3861 (Cls: 1.9325, TAL: 0.0000, Adv: 3.0235) | Train Acc: 1.0000 | Val Acc: 0.9722 | Val P/R/F1 (Macro): 0.6327/0.6339/0.6326 | LR: 0.000003
Epoch [53/100] | Loss: 2.4112 (Cls: 1.9772, TAL: 0.0000, Adv: 2.8928) | Train Acc: 0.9922 | Val Acc: 0.9722 | Val P/R/F1 (Macro): 0.6327/0.6339/0.6326 | LR: 0.000003
Epoch [54/100] | Loss: 2.3424 (Cls: 1.8953, TAL: 0.0000, Adv: 2.9805) | Train Acc: 0.9922 | Val Acc: 0.9722 | Val P/R/F1 (Macro): 0.6327/0.6339/0.6326 | LR: 0.000003
Epoch [55/100] | Loss: 2.3437 (Cls: 1.9151, TAL: 0.0000, Adv: 2.8573) | Train Acc: 1.0000 | Val Acc: 0.9722 | Val P/R/F1 (Macro): 0.6327/0.6339/0.6326 | LR: 0.000003
Epoch [56/100] | Loss: 2.3737 (Cls: 1.9433, TAL: 0.0000, Adv: 2.8697) | Train Acc: 0.9922 | Val Acc: 0.9722 | Val P/R/F1 (Macro): 0.6327/0.6339/0.6326 | LR: 0.000003
Epoch [57/100] | Loss: 2.3396 (Cls: 1.9342, TAL: 0.0000, Adv: 2.7029) | Train Acc: 0.9922 | Val Acc: 1.0000 | Val P/R/F1 (Macro): 0.6429/0.6429/0.6429 | LR: 0.000003
Epoch [58/100] | Loss: 2.3526 (Cls: 1.9066, TAL: 0.0000, Adv: 2.9737) | Train Acc: 0.9922 | Val Acc: 1.0000 | Val P/R/F1 (Macro): 0.6429/0.6429/0.6429 | LR: 0.000003
Epoch [59/100] | Loss: 2.3517 (Cls: 1.9284, TAL: 0.0000, Adv: 2.8223) | Train Acc: 0.9844 | Val Acc: 1.0000 | Val P/R/F1 (Macro): 0.6429/0.6429/0.6429 | LR: 0.000001
Epoch [60/100] | Loss: 2.3220 (Cls: 1.9055, TAL: 0.0000, Adv: 2.7772) | Train Acc: 1.0000 | Val Acc: 1.0000 | Val P/R/F1 (Macro): 0.6429/0.6429/0.6429 | LR: 0.000001
Epoch [61/100] | Loss: 2.3284 (Cls: 1.8852, TAL: 0.0000, Adv: 2.9549) | Train Acc: 1.0000 | Val Acc: 1.0000 | Val P/R/F1 (Macro): 0.6429/0.6429/0.6429 | LR: 0.000001
Epoch [62/100] | Loss: 2.3728 (Cls: 1.9187, TAL: 0.0000, Adv: 3.0273) | Train Acc: 1.0000 | Val Acc: 1.0000 | Val P/R/F1 (Macro): 0.6429/0.6429/0.6429 | LR: 0.000001
Epoch [63/100] | Loss: 2.3423 (Cls: 1.9112, TAL: 0.0000, Adv: 2.8737) | Train Acc: 0.9922 | Val Acc: 1.0000 | Val P/R/F1 (Macro): 0.6429/0.6429/0.6429 | LR: 0.000001
Epoch [64/100] | Loss: 2.3311 (Cls: 1.8906, TAL: 0.0000, Adv: 2.9362) | Train Acc: 1.0000 | Val Acc: 0.9722 | Val P/R/F1 (Macro): 0.6327/0.6339/0.6326 | LR: 0.000001
Epoch [65/100] | Loss: 2.3636 (Cls: 1.9083, TAL: 0.0000, Adv: 3.0354) | Train Acc: 0.9844 | Val Acc: 0.9722 | Val P/R/F1 (Macro): 0.6327/0.6339/0.6326 | LR: 0.000001
Epoch [66/100] | Loss: 2.3492 (Cls: 1.8930, TAL: 0.0000, Adv: 3.0415) | Train Acc: 1.0000 | Val Acc: 0.9722 | Val P/R/F1 (Macro): 0.6327/0.6339/0.6326 | LR: 0.000001
Epoch [67/100] | Loss: 2.3748 (Cls: 1.8989, TAL: 0.0000, Adv: 3.1724) | Train Acc: 1.0000 | Val Acc: 0.9722 | Val P/R/F1 (Macro): 0.6327/0.6339/0.6326 | LR: 0.000001
Epoch [68/100] | Loss: 2.3637 (Cls: 1.8595, TAL: 0.0000, Adv: 3.3613) | Train Acc: 0.9922 | Val Acc: 0.9722 | Val P/R/F1 (Macro): 0.6327/0.6339/0.6326 | LR: 0.000001
Epoch [69/100] | Loss: 2.3767 (Cls: 1.8875, TAL: 0.0000, Adv: 3.2619) | Train Acc: 1.0000 | Val Acc: 0.9722 | Val P/R/F1 (Macro): 0.6327/0.6339/0.6326 | LR: 0.000001
Epoch [70/100] | Loss: 2.3879 (Cls: 1.9050, TAL: 0.0000, Adv: 3.2191) | Train Acc: 0.9922 | Val Acc: 0.9722 | Val P/R/F1 (Macro): 0.6327/0.6339/0.6326 | LR: 0.000001
Epoch [71/100] | Loss: 2.3837 (Cls: 1.9050, TAL: 0.0000, Adv: 3.1911) | Train Acc: 0.9922 | Val Acc: 0.9722 | Val P/R/F1 (Macro): 0.6327/0.6339/0.6326 | LR: 0.000001
Epoch [72/100] | Loss: 2.3611 (Cls: 1.8640, TAL: 0.0000, Adv: 3.3141) | Train Acc: 1.0000 | Val Acc: 0.9722 | Val P/R/F1 (Macro): 0.6327/0.6339/0.6326 | LR: 0.000001
Epoch [73/100] | Loss: 2.4279 (Cls: 1.9225, TAL: 0.0000, Adv: 3.3695) | Train Acc: 0.9844 | Val Acc: 0.9722 | Val P/R/F1 (Macro): 0.6327/0.6339/0.6326 | LR: 0.000001
Epoch [74/100] | Loss: 2.3839 (Cls: 1.8871, TAL: 0.0000, Adv: 3.3117) | Train Acc: 1.0000 | Val Acc: 0.9722 | Val P/R/F1 (Macro): 0.6327/0.6339/0.6326 | LR: 0.000001
Epoch [75/100] | Loss: 2.4174 (Cls: 1.9361, TAL: 0.0000, Adv: 3.2084) | Train Acc: 1.0000 | Val Acc: 0.9722 | Val P/R/F1 (Macro): 0.6327/0.6339/0.6326 | LR: 0.000001
Epoch [76/100] | Loss: 2.3629 (Cls: 1.8749, TAL: 0.0000, Adv: 3.2533) | Train Acc: 1.0000 | Val Acc: 0.9722 | Val P/R/F1 (Macro): 0.6327/0.6339/0.6326 | LR: 0.000001
Epoch [77/100] | Loss: 2.3954 (Cls: 1.8982, TAL: 0.0000, Adv: 3.3150) | Train Acc: 1.0000 | Val Acc: 0.9722 | Val P/R/F1 (Macro): 0.6327/0.6339/0.6326 | LR: 0.000001
Epoch [78/100] | Loss: 2.4630 (Cls: 1.9404, TAL: 0.0000, Adv: 3.4843) | Train Acc: 0.9922 | Val Acc: 0.9722 | Val P/R/F1 (Macro): 0.6327/0.6339/0.6326 | LR: 0.000001
Epoch [79/100] | Loss: 2.4104 (Cls: 1.8696, TAL: 0.0000, Adv: 3.6048) | Train Acc: 1.0000 | Val Acc: 0.9722 | Val P/R/F1 (Macro): 0.6327/0.6339/0.6326 | LR: 0.000001
Epoch [80/100] | Loss: 2.4567 (Cls: 1.9000, TAL: 0.0000, Adv: 3.7113) | Train Acc: 1.0000 | Val Acc: 0.9722 | Val P/R/F1 (Macro): 0.6327/0.6339/0.6326 | LR: 0.000001
Epoch [81/100] | Loss: 2.4157 (Cls: 1.8798, TAL: 0.0000, Adv: 3.5732) | Train Acc: 0.9844 | Val Acc: 0.9722 | Val P/R/F1 (Macro): 0.6327/0.6339/0.6326 | LR: 0.000001
Epoch [82/100] | Loss: 2.4290 (Cls: 1.8742, TAL: 0.0000, Adv: 3.6981) | Train Acc: 0.9922 | Val Acc: 0.9722 | Val P/R/F1 (Macro): 0.6327/0.6339/0.6326 | LR: 0.000001
Epoch [83/100] | Loss: 2.4113 (Cls: 1.8584, TAL: 0.0000, Adv: 3.6860) | Train Acc: 0.9922 | Val Acc: 0.9722 | Val P/R/F1 (Macro): 0.6327/0.6339/0.6326 | LR: 0.000001
Epoch [84/100] | Loss: 2.4258 (Cls: 1.8941, TAL: 0.0000, Adv: 3.5444) | Train Acc: 0.9922 | Val Acc: 0.9722 | Val P/R/F1 (Macro): 0.6327/0.6339/0.6326 | LR: 0.000001
Epoch [85/100] | Loss: 2.3970 (Cls: 1.8534, TAL: 0.0000, Adv: 3.6240) | Train Acc: 1.0000 | Val Acc: 0.9722 | Val P/R/F1 (Macro): 0.6327/0.6339/0.6326 | LR: 0.000001
Epoch [86/100] | Loss: 2.3802 (Cls: 1.8747, TAL: 0.0000, Adv: 3.3696) | Train Acc: 1.0000 | Val Acc: 0.9722 | Val P/R/F1 (Macro): 0.6327/0.6339/0.6326 | LR: 0.000001
Epoch [87/100] | Loss: 2.4093 (Cls: 1.8819, TAL: 0.0000, Adv: 3.5158) | Train Acc: 0.9922 | Val Acc: 0.9722 | Val P/R/F1 (Macro): 0.6327/0.6339/0.6326 | LR: 0.000001
Epoch [88/100] | Loss: 2.4247 (Cls: 1.8830, TAL: 0.0000, Adv: 3.6114) | Train Acc: 1.0000 | Val Acc: 0.9722 | Val P/R/F1 (Macro): 0.6327/0.6339/0.6326 | LR: 0.000001
Epoch [89/100] | Loss: 2.3892 (Cls: 1.8706, TAL: 0.0000, Adv: 3.4570) | Train Acc: 1.0000 | Val Acc: 0.9722 | Val P/R/F1 (Macro): 0.6327/0.6339/0.6326 | LR: 0.000001
Epoch [90/100] | Loss: 2.4033 (Cls: 1.8730, TAL: 0.0000, Adv: 3.5353) | Train Acc: 0.9922 | Val Acc: 0.9722 | Val P/R/F1 (Macro): 0.6327/0.6339/0.6326 | LR: 0.000001
Epoch [91/100] | Loss: 2.4354 (Cls: 1.8830, TAL: 0.0000, Adv: 3.6829) | Train Acc: 0.9922 | Val Acc: 0.9722 | Val P/R/F1 (Macro): 0.6327/0.6339/0.6326 | LR: 0.000001
Epoch [92/100] | Loss: 2.4392 (Cls: 1.8860, TAL: 0.0000, Adv: 3.6885) | Train Acc: 1.0000 | Val Acc: 0.9722 | Val P/R/F1 (Macro): 0.6327/0.6339/0.6326 | LR: 0.000001
Epoch [93/100] | Loss: 2.4978 (Cls: 1.9206, TAL: 0.0000, Adv: 3.8480) | Train Acc: 0.9844 | Val Acc: 0.9722 | Val P/R/F1 (Macro): 0.6327/0.6339/0.6326 | LR: 0.000001
Epoch [94/100] | Loss: 2.4821 (Cls: 1.9063, TAL: 0.0000, Adv: 3.8390) | Train Acc: 1.0000 | Val Acc: 0.9722 | Val P/R/F1 (Macro): 0.6327/0.6339/0.6326 | LR: 0.000001
Epoch [95/100] | Loss: 2.4025 (Cls: 1.8514, TAL: 0.0000, Adv: 3.6742) | Train Acc: 1.0000 | Val Acc: 0.9722 | Val P/R/F1 (Macro): 0.6327/0.6339/0.6326 | LR: 0.000001
Epoch [96/100] | Loss: 2.4844 (Cls: 1.8953, TAL: 0.0000, Adv: 3.9275) | Train Acc: 0.9922 | Val Acc: 0.9722 | Val P/R/F1 (Macro): 0.6327/0.6339/0.6326 | LR: 0.000001
Epoch [97/100] | Loss: 2.4438 (Cls: 1.9064, TAL: 0.0000, Adv: 3.5831) | Train Acc: 1.0000 | Val Acc: 0.9722 | Val P/R/F1 (Macro): 0.6327/0.6339/0.6326 | LR: 0.000001
Epoch [98/100] | Loss: 2.3997 (Cls: 1.8587, TAL: 0.0000, Adv: 3.6064) | Train Acc: 1.0000 | Val Acc: 0.9722 | Val P/R/F1 (Macro): 0.6327/0.6339/0.6326 | LR: 0.000001
Epoch [99/100] | Loss: 2.4539 (Cls: 1.8873, TAL: 0.0000, Adv: 3.7775) | Train Acc: 0.9922 | Val Acc: 0.9722 | Val P/R/F1 (Macro): 0.6327/0.6339/0.6326 | LR: 0.000001
Epoch [100/100] | Loss: 2.4267 (Cls: 1.8732, TAL: 0.0000, Adv: 3.6900) | Train Acc: 1.0000 | Val Acc: 0.9722 | Val P/R/F1 (Macro): 0.6327/0.6339/0.6326 | LR: 0.000001

迭代 4 最佳指标:
  Accuracy: 1.0000
  Precision (Macro): 0.6429
  Recall (Macro): 0.6429
  F1 (Macro): 0.6429
  Precision (Micro): 1.0000
  Recall (Micro): 1.0000
  F1 (Micro): 1.0000

================================================================================
迭代 5/5
随机种子: 46
================================================================================
Feature fusion: Channel concatenation (512+512); fused_dim=1024
Domain adaptation: Neural OT generator with 3-domain discriminator
Loss weights: tensor=0.00, adv=0.15
Epoch [1/100] | Loss: 9.0214 (Cls: 8.9704, TAL: 0.0000, Adv: 0.3401) | Train Acc: 0.1172 | Val Acc: 0.2778 | Val P/R/F1 (Macro): 0.1918/0.2024/0.1699 | LR: 0.000010
  >>> New Best Val Acc: 0.2778
Epoch [2/100] | Loss: 6.0921 (Cls: 6.0416, TAL: 0.0000, Adv: 0.3367) | Train Acc: 0.4297 | Val Acc: 0.2222 | Val P/R/F1 (Macro): 0.0507/0.1286/0.0688 | LR: 0.000010
Epoch [3/100] | Loss: 5.5949 (Cls: 5.5584, TAL: 0.0000, Adv: 0.2430) | Train Acc: 0.5391 | Val Acc: 0.1389 | Val P/R/F1 (Macro): 0.0099/0.0714/0.0174 | LR: 0.000010
Epoch [4/100] | Loss: 5.0763 (Cls: 5.0412, TAL: 0.0000, Adv: 0.2345) | Train Acc: 0.5547 | Val Acc: 0.1389 | Val P/R/F1 (Macro): 0.0102/0.0714/0.0179 | LR: 0.000010
Epoch [5/100] | Loss: 4.4619 (Cls: 4.4278, TAL: 0.0000, Adv: 0.2270) | Train Acc: 0.6406 | Val Acc: 0.2778 | Val P/R/F1 (Macro): 0.0833/0.1524/0.0959 | LR: 0.000010
Epoch [6/100] | Loss: 4.1588 (Cls: 4.1239, TAL: 0.0000, Adv: 0.2327) | Train Acc: 0.7344 | Val Acc: 0.3333 | Val P/R/F1 (Macro): 0.1690/0.1940/0.1634 | LR: 0.000010
  >>> New Best Val Acc: 0.3333
Epoch [7/100] | Loss: 4.1548 (Cls: 4.1259, TAL: 0.0000, Adv: 0.1930) | Train Acc: 0.6562 | Val Acc: 0.4444 | Val P/R/F1 (Macro): 0.2897/0.2530/0.2183 | LR: 0.000010
  >>> New Best Val Acc: 0.4444
Epoch [8/100] | Loss: 3.5487 (Cls: 3.5085, TAL: 0.0000, Adv: 0.2684) | Train Acc: 0.7031 | Val Acc: 0.4722 | Val P/R/F1 (Macro): 0.3029/0.3065/0.2623 | LR: 0.000010
  >>> New Best Val Acc: 0.4722
Epoch [9/100] | Loss: 3.7056 (Cls: 3.6619, TAL: 0.0000, Adv: 0.2913) | Train Acc: 0.7656 | Val Acc: 0.5278 | Val P/R/F1 (Macro): 0.3934/0.3423/0.3218 | LR: 0.000010
  >>> New Best Val Acc: 0.5278
Epoch [10/100] | Loss: 3.4867 (Cls: 3.4355, TAL: 0.0000, Adv: 0.3416) | Train Acc: 0.8125 | Val Acc: 0.8611 | Val P/R/F1 (Macro): 0.5274/0.4940/0.4985 | LR: 0.000010
  >>> New Best Val Acc: 0.8611
Epoch [11/100] | Loss: 3.0524 (Cls: 2.9938, TAL: 0.0000, Adv: 0.3910) | Train Acc: 0.8750 | Val Acc: 0.8333 | Val P/R/F1 (Macro): 0.5196/0.4821/0.4748 | LR: 0.000010
Epoch [12/100] | Loss: 3.2211 (Cls: 3.1545, TAL: 0.0000, Adv: 0.4441) | Train Acc: 0.7891 | Val Acc: 0.9167 | Val P/R/F1 (Macro): 0.5327/0.5357/0.5243 | LR: 0.000010
  >>> New Best Val Acc: 0.9167
Epoch [13/100] | Loss: 3.0307 (Cls: 2.9617, TAL: 0.0000, Adv: 0.4604) | Train Acc: 0.8047 | Val Acc: 0.9444 | Val P/R/F1 (Macro): 0.6148/0.6161/0.6122 | LR: 0.000010
  >>> New Best Val Acc: 0.9444
Epoch [14/100] | Loss: 2.9663 (Cls: 2.8828, TAL: 0.0000, Adv: 0.5565) | Train Acc: 0.9219 | Val Acc: 0.8611 | Val P/R/F1 (Macro): 0.5842/0.5667/0.5636 | LR: 0.000010
Epoch [15/100] | Loss: 2.8624 (Cls: 2.7681, TAL: 0.0000, Adv: 0.6284) | Train Acc: 0.8984 | Val Acc: 0.7778 | Val P/R/F1 (Macro): 0.5149/0.5256/0.4784 | LR: 0.000010
Epoch [16/100] | Loss: 2.6808 (Cls: 2.5632, TAL: 0.0000, Adv: 0.7842) | Train Acc: 0.9141 | Val Acc: 0.7778 | Val P/R/F1 (Macro): 0.5085/0.5196/0.4608 | LR: 0.000010
Epoch [17/100] | Loss: 2.6358 (Cls: 2.4886, TAL: 0.0000, Adv: 0.9815) | Train Acc: 0.9297 | Val Acc: 0.8333 | Val P/R/F1 (Macro): 0.5386/0.5571/0.5240 | LR: 0.000010
Epoch [18/100] | Loss: 2.7588 (Cls: 2.6007, TAL: 0.0000, Adv: 1.0539) | Train Acc: 0.9375 | Val Acc: 0.9167 | Val P/R/F1 (Macro): 0.5714/0.5982/0.5760 | LR: 0.000010
Epoch [19/100] | Loss: 2.7785 (Cls: 2.5978, TAL: 0.0000, Adv: 1.2046) | Train Acc: 0.9609 | Val Acc: 0.8611 | Val P/R/F1 (Macro): 0.5505/0.5661/0.5413 | LR: 0.000010
Epoch [20/100] | Loss: 2.5461 (Cls: 2.3415, TAL: 0.0000, Adv: 1.3637) | Train Acc: 0.9297 | Val Acc: 0.8889 | Val P/R/F1 (Macro): 0.5672/0.5839/0.5583 | LR: 0.000010
Epoch [21/100] | Loss: 2.6276 (Cls: 2.4529, TAL: 0.0000, Adv: 1.1646) | Train Acc: 0.9531 | Val Acc: 0.9444 | Val P/R/F1 (Macro): 0.5952/0.6161/0.5922 | LR: 0.000010
Epoch [22/100] | Loss: 2.6896 (Cls: 2.4931, TAL: 0.0000, Adv: 1.3096) | Train Acc: 0.9375 | Val Acc: 0.9722 | Val P/R/F1 (Macro): 0.6250/0.6286/0.6247 | LR: 0.000010
  >>> New Best Val Acc: 0.9722
Epoch [23/100] | Loss: 2.5871 (Cls: 2.3679, TAL: 0.0000, Adv: 1.4617) | Train Acc: 0.9766 | Val Acc: 0.9167 | Val P/R/F1 (Macro): 0.6071/0.5929/0.5873 | LR: 0.000010
Epoch [24/100] | Loss: 2.4843 (Cls: 2.2589, TAL: 0.0000, Adv: 1.5028) | Train Acc: 0.9688 | Val Acc: 0.9167 | Val P/R/F1 (Macro): 0.5690/0.5958/0.5762 | LR: 0.000010
Epoch [25/100] | Loss: 2.4656 (Cls: 2.2238, TAL: 0.0000, Adv: 1.6122) | Train Acc: 0.9688 | Val Acc: 0.9167 | Val P/R/F1 (Macro): 0.5893/0.5982/0.5714 | LR: 0.000010
Epoch [26/100] | Loss: 2.6570 (Cls: 2.3686, TAL: 0.0000, Adv: 1.9222) | Train Acc: 0.9609 | Val Acc: 0.9444 | Val P/R/F1 (Macro): 0.5893/0.6107/0.5907 | LR: 0.000010
Epoch [27/100] | Loss: 2.7510 (Cls: 2.4596, TAL: 0.0000, Adv: 1.9426) | Train Acc: 0.9219 | Val Acc: 0.9444 | Val P/R/F1 (Macro): 0.6107/0.6143/0.6069 | LR: 0.000010
Epoch [28/100] | Loss: 2.6691 (Cls: 2.3652, TAL: 0.0000, Adv: 2.0263) | Train Acc: 0.9531 | Val Acc: 0.9722 | Val P/R/F1 (Macro): 0.6250/0.6286/0.6247 | LR: 0.000010
Epoch [29/100] | Loss: 2.4935 (Cls: 2.1668, TAL: 0.0000, Adv: 2.1777) | Train Acc: 0.9766 | Val Acc: 0.9722 | Val P/R/F1 (Macro): 0.6286/0.6339/0.6302 | LR: 0.000010
Epoch [30/100] | Loss: 2.5149 (Cls: 2.2211, TAL: 0.0000, Adv: 1.9590) | Train Acc: 0.9531 | Val Acc: 1.0000 | Val P/R/F1 (Macro): 0.6429/0.6429/0.6429 | LR: 0.000010
  >>> New Best Val Acc: 1.0000
Epoch [31/100] | Loss: 2.6843 (Cls: 2.3665, TAL: 0.0000, Adv: 2.1187) | Train Acc: 0.9688 | Val Acc: 1.0000 | Val P/R/F1 (Macro): 0.6429/0.6429/0.6429 | LR: 0.000010
Epoch [32/100] | Loss: 2.5213 (Cls: 2.2251, TAL: 0.0000, Adv: 1.9743) | Train Acc: 1.0000 | Val Acc: 0.9444 | Val P/R/F1 (Macro): 0.5992/0.6071/0.5910 | LR: 0.000010
Epoch [33/100] | Loss: 2.3713 (Cls: 2.0735, TAL: 0.0000, Adv: 1.9852) | Train Acc: 0.9766 | Val Acc: 0.8889 | Val P/R/F1 (Macro): 0.5714/0.5839/0.5533 | LR: 0.000010
Epoch [34/100] | Loss: 2.4862 (Cls: 2.1648, TAL: 0.0000, Adv: 2.1424) | Train Acc: 0.9844 | Val Acc: 0.8611 | Val P/R/F1 (Macro): 0.5607/0.5696/0.5357 | LR: 0.000010
Epoch [35/100] | Loss: 2.4484 (Cls: 2.1459, TAL: 0.0000, Adv: 2.0168) | Train Acc: 0.9688 | Val Acc: 0.9444 | Val P/R/F1 (Macro): 0.5893/0.6107/0.5907 | LR: 0.000010
Epoch [36/100] | Loss: 2.4593 (Cls: 2.1308, TAL: 0.0000, Adv: 2.1895) | Train Acc: 0.9688 | Val Acc: 1.0000 | Val P/R/F1 (Macro): 0.6429/0.6429/0.6429 | LR: 0.000010
Epoch [37/100] | Loss: 2.4067 (Cls: 2.0897, TAL: 0.0000, Adv: 2.1134) | Train Acc: 0.9609 | Val Acc: 0.9722 | Val P/R/F1 (Macro): 0.6286/0.6310/0.6284 | LR: 0.000010
Epoch [38/100] | Loss: 2.4187 (Cls: 2.0987, TAL: 0.0000, Adv: 2.1335) | Train Acc: 0.9531 | Val Acc: 0.9722 | Val P/R/F1 (Macro): 0.6286/0.6310/0.6284 | LR: 0.000010
Epoch [39/100] | Loss: 2.4633 (Cls: 2.1226, TAL: 0.0000, Adv: 2.2716) | Train Acc: 0.9922 | Val Acc: 0.9722 | Val P/R/F1 (Macro): 0.6250/0.6286/0.6247 | LR: 0.000010
Epoch [40/100] | Loss: 2.3595 (Cls: 2.0071, TAL: 0.0000, Adv: 2.3490) | Train Acc: 0.9922 | Val Acc: 1.0000 | Val P/R/F1 (Macro): 0.6429/0.6429/0.6429 | LR: 0.000010
Epoch [41/100] | Loss: 2.5366 (Cls: 2.1605, TAL: 0.0000, Adv: 2.5079) | Train Acc: 1.0000 | Val Acc: 0.9722 | Val P/R/F1 (Macro): 0.6250/0.6286/0.6247 | LR: 0.000005
Epoch [42/100] | Loss: 2.4561 (Cls: 2.0909, TAL: 0.0000, Adv: 2.4347) | Train Acc: 0.9766 | Val Acc: 1.0000 | Val P/R/F1 (Macro): 0.6429/0.6429/0.6429 | LR: 0.000005
Epoch [43/100] | Loss: 2.3216 (Cls: 1.9690, TAL: 0.0000, Adv: 2.3512) | Train Acc: 0.9922 | Val Acc: 1.0000 | Val P/R/F1 (Macro): 0.6429/0.6429/0.6429 | LR: 0.000005
Epoch [44/100] | Loss: 2.3107 (Cls: 1.9671, TAL: 0.0000, Adv: 2.2907) | Train Acc: 1.0000 | Val Acc: 1.0000 | Val P/R/F1 (Macro): 0.6429/0.6429/0.6429 | LR: 0.000005
Epoch [45/100] | Loss: 2.4771 (Cls: 2.1421, TAL: 0.0000, Adv: 2.2334) | Train Acc: 0.9844 | Val Acc: 0.9722 | Val P/R/F1 (Macro): 0.6327/0.6190/0.6231 | LR: 0.000005
Epoch [46/100] | Loss: 2.2880 (Cls: 1.9604, TAL: 0.0000, Adv: 2.1837) | Train Acc: 0.9922 | Val Acc: 1.0000 | Val P/R/F1 (Macro): 0.6429/0.6429/0.6429 | LR: 0.000005
Epoch [47/100] | Loss: 2.3527 (Cls: 2.0110, TAL: 0.0000, Adv: 2.2778) | Train Acc: 0.9844 | Val Acc: 1.0000 | Val P/R/F1 (Macro): 0.6429/0.6429/0.6429 | LR: 0.000005
Epoch [48/100] | Loss: 2.2601 (Cls: 1.9151, TAL: 0.0000, Adv: 2.3004) | Train Acc: 1.0000 | Val Acc: 1.0000 | Val P/R/F1 (Macro): 0.6429/0.6429/0.6429 | LR: 0.000005
Epoch [49/100] | Loss: 2.3235 (Cls: 1.9515, TAL: 0.0000, Adv: 2.4801) | Train Acc: 0.9844 | Val Acc: 1.0000 | Val P/R/F1 (Macro): 0.6429/0.6429/0.6429 | LR: 0.000005
Epoch [50/100] | Loss: 2.3819 (Cls: 1.9921, TAL: 0.0000, Adv: 2.5986) | Train Acc: 0.9922 | Val Acc: 1.0000 | Val P/R/F1 (Macro): 0.6429/0.6429/0.6429 | LR: 0.000005
Epoch [51/100] | Loss: 2.5048 (Cls: 2.1031, TAL: 0.0000, Adv: 2.6782) | Train Acc: 0.9922 | Val Acc: 1.0000 | Val P/R/F1 (Macro): 0.6429/0.6429/0.6429 | LR: 0.000005
Epoch [52/100] | Loss: 2.3451 (Cls: 1.9078, TAL: 0.0000, Adv: 2.9157) | Train Acc: 1.0000 | Val Acc: 0.9722 | Val P/R/F1 (Macro): 0.6286/0.6339/0.6302 | LR: 0.000003
Epoch [53/100] | Loss: 2.3269 (Cls: 1.9347, TAL: 0.0000, Adv: 2.6146) | Train Acc: 0.9922 | Val Acc: 0.9722 | Val P/R/F1 (Macro): 0.6286/0.6339/0.6302 | LR: 0.000003
Epoch [54/100] | Loss: 2.4018 (Cls: 2.0060, TAL: 0.0000, Adv: 2.6383) | Train Acc: 0.9844 | Val Acc: 0.9722 | Val P/R/F1 (Macro): 0.6286/0.6339/0.6302 | LR: 0.000003
Epoch [55/100] | Loss: 2.3102 (Cls: 1.9306, TAL: 0.0000, Adv: 2.5305) | Train Acc: 0.9844 | Val Acc: 1.0000 | Val P/R/F1 (Macro): 0.6429/0.6429/0.6429 | LR: 0.000003
Epoch [56/100] | Loss: 2.3179 (Cls: 1.9090, TAL: 0.0000, Adv: 2.7254) | Train Acc: 0.9922 | Val Acc: 1.0000 | Val P/R/F1 (Macro): 0.6429/0.6429/0.6429 | LR: 0.000003
Epoch [57/100] | Loss: 2.2721 (Cls: 1.8821, TAL: 0.0000, Adv: 2.6002) | Train Acc: 0.9922 | Val Acc: 1.0000 | Val P/R/F1 (Macro): 0.6429/0.6429/0.6429 | LR: 0.000003
Epoch [58/100] | Loss: 2.4100 (Cls: 1.9870, TAL: 0.0000, Adv: 2.8196) | Train Acc: 0.9922 | Val Acc: 1.0000 | Val P/R/F1 (Macro): 0.6429/0.6429/0.6429 | LR: 0.000003
Epoch [59/100] | Loss: 2.2946 (Cls: 1.8861, TAL: 0.0000, Adv: 2.7234) | Train Acc: 1.0000 | Val Acc: 1.0000 | Val P/R/F1 (Macro): 0.6429/0.6429/0.6429 | LR: 0.000003
Epoch [60/100] | Loss: 2.3316 (Cls: 1.9079, TAL: 0.0000, Adv: 2.8247) | Train Acc: 0.9922 | Val Acc: 1.0000 | Val P/R/F1 (Macro): 0.6429/0.6429/0.6429 | LR: 0.000003
Epoch [61/100] | Loss: 2.4087 (Cls: 1.9808, TAL: 0.0000, Adv: 2.8532) | Train Acc: 0.9844 | Val Acc: 1.0000 | Val P/R/F1 (Macro): 0.6429/0.6429/0.6429 | LR: 0.000003
Epoch [62/100] | Loss: 2.3728 (Cls: 1.9425, TAL: 0.0000, Adv: 2.8686) | Train Acc: 1.0000 | Val Acc: 1.0000 | Val P/R/F1 (Macro): 0.6429/0.6429/0.6429 | LR: 0.000003
Epoch [63/100] | Loss: 2.3173 (Cls: 1.8784, TAL: 0.0000, Adv: 2.9256) | Train Acc: 0.9844 | Val Acc: 1.0000 | Val P/R/F1 (Macro): 0.6429/0.6429/0.6429 | LR: 0.000001
Epoch [64/100] | Loss: 2.3148 (Cls: 1.8828, TAL: 0.0000, Adv: 2.8801) | Train Acc: 1.0000 | Val Acc: 1.0000 | Val P/R/F1 (Macro): 0.6429/0.6429/0.6429 | LR: 0.000001
Epoch [65/100] | Loss: 2.3601 (Cls: 1.8897, TAL: 0.0000, Adv: 3.1356) | Train Acc: 1.0000 | Val Acc: 1.0000 | Val P/R/F1 (Macro): 0.6429/0.6429/0.6429 | LR: 0.000001
Epoch [66/100] | Loss: 2.3432 (Cls: 1.8913, TAL: 0.0000, Adv: 3.0125) | Train Acc: 1.0000 | Val Acc: 1.0000 | Val P/R/F1 (Macro): 0.6429/0.6429/0.6429 | LR: 0.000001
Epoch [67/100] | Loss: 2.3110 (Cls: 1.8589, TAL: 0.0000, Adv: 3.0137) | Train Acc: 1.0000 | Val Acc: 1.0000 | Val P/R/F1 (Macro): 0.6429/0.6429/0.6429 | LR: 0.000001
Epoch [68/100] | Loss: 2.3531 (Cls: 1.9179, TAL: 0.0000, Adv: 2.9013) | Train Acc: 0.9844 | Val Acc: 1.0000 | Val P/R/F1 (Macro): 0.6429/0.6429/0.6429 | LR: 0.000001
Epoch [69/100] | Loss: 2.2937 (Cls: 1.8420, TAL: 0.0000, Adv: 3.0110) | Train Acc: 1.0000 | Val Acc: 1.0000 | Val P/R/F1 (Macro): 0.6429/0.6429/0.6429 | LR: 0.000001
Epoch [70/100] | Loss: 2.2909 (Cls: 1.8426, TAL: 0.0000, Adv: 2.9891) | Train Acc: 1.0000 | Val Acc: 1.0000 | Val P/R/F1 (Macro): 0.6429/0.6429/0.6429 | LR: 0.000001
Epoch [71/100] | Loss: 2.3497 (Cls: 1.8917, TAL: 0.0000, Adv: 3.0531) | Train Acc: 1.0000 | Val Acc: 1.0000 | Val P/R/F1 (Macro): 0.6429/0.6429/0.6429 | LR: 0.000001
Epoch [72/100] | Loss: 2.3861 (Cls: 1.8856, TAL: 0.0000, Adv: 3.3364) | Train Acc: 0.9922 | Val Acc: 1.0000 | Val P/R/F1 (Macro): 0.6429/0.6429/0.6429 | LR: 0.000001
Epoch [73/100] | Loss: 2.4078 (Cls: 1.9246, TAL: 0.0000, Adv: 3.2211) | Train Acc: 0.9922 | Val Acc: 1.0000 | Val P/R/F1 (Macro): 0.6429/0.6429/0.6429 | LR: 0.000001
Epoch [74/100] | Loss: 2.3469 (Cls: 1.8728, TAL: 0.0000, Adv: 3.1607) | Train Acc: 1.0000 | Val Acc: 1.0000 | Val P/R/F1 (Macro): 0.6429/0.6429/0.6429 | LR: 0.000001
Epoch [75/100] | Loss: 2.3507 (Cls: 1.8452, TAL: 0.0000, Adv: 3.3698) | Train Acc: 1.0000 | Val Acc: 1.0000 | Val P/R/F1 (Macro): 0.6429/0.6429/0.6429 | LR: 0.000001
Epoch [76/100] | Loss: 2.3336 (Cls: 1.8583, TAL: 0.0000, Adv: 3.1685) | Train Acc: 1.0000 | Val Acc: 1.0000 | Val P/R/F1 (Macro): 0.6429/0.6429/0.6429 | LR: 0.000001
Epoch [77/100] | Loss: 2.4309 (Cls: 1.9282, TAL: 0.0000, Adv: 3.3517) | Train Acc: 1.0000 | Val Acc: 1.0000 | Val P/R/F1 (Macro): 0.6429/0.6429/0.6429 | LR: 0.000001
Epoch [78/100] | Loss: 2.3001 (Cls: 1.8356, TAL: 0.0000, Adv: 3.0968) | Train Acc: 1.0000 | Val Acc: 1.0000 | Val P/R/F1 (Macro): 0.6429/0.6429/0.6429 | LR: 0.000001
Epoch [79/100] | Loss: 2.3764 (Cls: 1.8805, TAL: 0.0000, Adv: 3.3055) | Train Acc: 1.0000 | Val Acc: 1.0000 | Val P/R/F1 (Macro): 0.6429/0.6429/0.6429 | LR: 0.000001
Epoch [80/100] | Loss: 2.3421 (Cls: 1.8660, TAL: 0.0000, Adv: 3.1738) | Train Acc: 1.0000 | Val Acc: 1.0000 | Val P/R/F1 (Macro): 0.6429/0.6429/0.6429 | LR: 0.000001
Epoch [81/100] | Loss: 2.3812 (Cls: 1.8529, TAL: 0.0000, Adv: 3.5225) | Train Acc: 0.9922 | Val Acc: 1.0000 | Val P/R/F1 (Macro): 0.6429/0.6429/0.6429 | LR: 0.000001
Epoch [82/100] | Loss: 2.3849 (Cls: 1.8565, TAL: 0.0000, Adv: 3.5228) | Train Acc: 1.0000 | Val Acc: 1.0000 | Val P/R/F1 (Macro): 0.6429/0.6429/0.6429 | LR: 0.000001
Epoch [83/100] | Loss: 2.3495 (Cls: 1.8404, TAL: 0.0000, Adv: 3.3939) | Train Acc: 1.0000 | Val Acc: 1.0000 | Val P/R/F1 (Macro): 0.6429/0.6429/0.6429 | LR: 0.000001
Epoch [84/100] | Loss: 2.4203 (Cls: 1.8846, TAL: 0.0000, Adv: 3.5712) | Train Acc: 1.0000 | Val Acc: 1.0000 | Val P/R/F1 (Macro): 0.6429/0.6429/0.6429 | LR: 0.000001
Epoch [85/100] | Loss: 2.3344 (Cls: 1.8461, TAL: 0.0000, Adv: 3.2554) | Train Acc: 1.0000 | Val Acc: 1.0000 | Val P/R/F1 (Macro): 0.6429/0.6429/0.6429 | LR: 0.000001
Epoch [86/100] | Loss: 2.3590 (Cls: 1.8364, TAL: 0.0000, Adv: 3.4839) | Train Acc: 1.0000 | Val Acc: 1.0000 | Val P/R/F1 (Macro): 0.6429/0.6429/0.6429 | LR: 0.000001
Epoch [87/100] | Loss: 2.3754 (Cls: 1.8561, TAL: 0.0000, Adv: 3.4618) | Train Acc: 1.0000 | Val Acc: 1.0000 | Val P/R/F1 (Macro): 0.6429/0.6429/0.6429 | LR: 0.000001
Epoch [88/100] | Loss: 2.4052 (Cls: 1.8863, TAL: 0.0000, Adv: 3.4590) | Train Acc: 1.0000 | Val Acc: 1.0000 | Val P/R/F1 (Macro): 0.6429/0.6429/0.6429 | LR: 0.000001
Epoch [89/100] | Loss: 2.3767 (Cls: 1.8598, TAL: 0.0000, Adv: 3.4463) | Train Acc: 0.9844 | Val Acc: 1.0000 | Val P/R/F1 (Macro): 0.6429/0.6429/0.6429 | LR: 0.000001
Epoch [90/100] | Loss: 2.4121 (Cls: 1.8623, TAL: 0.0000, Adv: 3.6651) | Train Acc: 1.0000 | Val Acc: 1.0000 | Val P/R/F1 (Macro): 0.6429/0.6429/0.6429 | LR: 0.000001
Epoch [91/100] | Loss: 2.3684 (Cls: 1.8285, TAL: 0.0000, Adv: 3.5994) | Train Acc: 1.0000 | Val Acc: 1.0000 | Val P/R/F1 (Macro): 0.6429/0.6429/0.6429 | LR: 0.000001
Epoch [92/100] | Loss: 2.4012 (Cls: 1.8592, TAL: 0.0000, Adv: 3.6136) | Train Acc: 1.0000 | Val Acc: 1.0000 | Val P/R/F1 (Macro): 0.6429/0.6429/0.6429 | LR: 0.000001
Epoch [93/100] | Loss: 2.3992 (Cls: 1.8597, TAL: 0.0000, Adv: 3.5969) | Train Acc: 1.0000 | Val Acc: 1.0000 | Val P/R/F1 (Macro): 0.6429/0.6429/0.6429 | LR: 0.000001
Epoch [94/100] | Loss: 2.3722 (Cls: 1.8398, TAL: 0.0000, Adv: 3.5490) | Train Acc: 1.0000 | Val Acc: 1.0000 | Val P/R/F1 (Macro): 0.6429/0.6429/0.6429 | LR: 0.000001
Epoch [95/100] | Loss: 2.4825 (Cls: 1.8818, TAL: 0.0000, Adv: 4.0047) | Train Acc: 1.0000 | Val Acc: 1.0000 | Val P/R/F1 (Macro): 0.6429/0.6429/0.6429 | LR: 0.000001
Epoch [96/100] | Loss: 2.4467 (Cls: 1.8882, TAL: 0.0000, Adv: 3.7234) | Train Acc: 1.0000 | Val Acc: 1.0000 | Val P/R/F1 (Macro): 0.6429/0.6429/0.6429 | LR: 0.000001
Epoch [97/100] | Loss: 2.3792 (Cls: 1.8352, TAL: 0.0000, Adv: 3.6268) | Train Acc: 1.0000 | Val Acc: 1.0000 | Val P/R/F1 (Macro): 0.6429/0.6429/0.6429 | LR: 0.000001
Epoch [98/100] | Loss: 2.4176 (Cls: 1.8675, TAL: 0.0000, Adv: 3.6672) | Train Acc: 1.0000 | Val Acc: 1.0000 | Val P/R/F1 (Macro): 0.6429/0.6429/0.6429 | LR: 0.000001
Epoch [99/100] | Loss: 2.4047 (Cls: 1.8492, TAL: 0.0000, Adv: 3.7028) | Train Acc: 1.0000 | Val Acc: 1.0000 | Val P/R/F1 (Macro): 0.6429/0.6429/0.6429 | LR: 0.000001
Epoch [100/100] | Loss: 2.3743 (Cls: 1.8410, TAL: 0.0000, Adv: 3.5552) | Train Acc: 1.0000 | Val Acc: 1.0000 | Val P/R/F1 (Macro): 0.6429/0.6429/0.6429 | LR: 0.000001

迭代 5 最佳指标:
  Accuracy: 1.0000
  Precision (Macro): 0.6429
  Recall (Macro): 0.6429
  F1 (Macro): 0.6429
  Precision (Micro): 1.0000
  Recall (Micro): 1.0000
  F1 (Micro): 1.0000

================================================================================
5次迭代统计结果
================================================================================

accuracy:
  各迭代值: ['1.0000', '1.0000', '1.0000', '1.0000', '1.0000']
  均值 (Mean): 1.0000
  标准差 (Std): 0.0000

precision_macro:
  各迭代值: ['0.6429', '0.6429', '0.6429', '0.6429', '0.6429']
  均值 (Mean): 0.6429
  标准差 (Std): 0.0000

recall_macro:
  各迭代值: ['0.6429', '0.6429', '0.6429', '0.6429', '0.6429']
  均值 (Mean): 0.6429
  标准差 (Std): 0.0000

f1_macro:
  各迭代值: ['0.6429', '0.6429', '0.6429', '0.6429', '0.6429']
  均值 (Mean): 0.6429
  标准差 (Std): 0.0000

precision_micro:
  各迭代值: ['1.0000', '1.0000', '1.0000', '1.0000', '1.0000']
  均值 (Mean): 1.0000
  标准差 (Std): 0.0000

recall_micro:
  各迭代值: ['1.0000', '1.0000', '1.0000', '1.0000', '1.0000']
  均值 (Mean): 1.0000
  标准差 (Std): 0.0000

f1_micro:
  各迭代值: ['1.0000', '1.0000', '1.0000', '1.0000', '1.0000']
  均值 (Mean): 1.0000
  标准差 (Std): 0.0000

训练结束时间: 2026-06-24 23:18:28
================================================================================
