COMMAND: /home/lixiang/envs/lx_pytorch/bin/python module_ablation.py --source_root /home/lixiang/lx/Data/晴天 --target_root /home/lixiang/lx/Data/逆光 --ablation_mode with_tensor_no_ot --num_iterations 5 --epochs 100 --batch_size 32 --target_label_ratio 0.35 --target_cls_weight 0.5 --report_strategy last_window --report_window 10
CWD: /home/lixiang/lx/JMDA/Ablation
================================================================================
================================================================================
模块消融实验 - with_tensor_without_ot
目标域天气: 逆光
训练开始时间: 2026-07-14 19:23:17
设备: cuda
源域: /home/lixiang/lx/Data/晴天
目标域: /home/lixiang/lx/Data/逆光
批次大小: 32
总轮数: 100
迭代次数: 5
使用Tensor模块: 是
使用OT模块: 否
特征融合方式: Tensor对齐
域对齐方式: 常规对抗
目标标签比例/权重: 0.78/1.35
Tensor/Adv损失权重: 0.03/0.03
学习率: feature=1e-05, other=0.0003, weight_decay=0.0003
报告策略: last_window, 窗口: 10
================================================================================

================================================================================
迭代 1/5
随机种子: 42
================================================================================
Training mode: unpaired target adaptation with controlled target-label loss (ratio=0.78, weight=1.35).
Fixed labeled target subset: 100/128 samples.
/home/lixiang/envs/lx_pytorch/lib/python3.11/site-packages/torch/cuda/__init__.py:235: UserWarning: 
NVIDIA GeForce RTX 5090 with CUDA capability sm_120 is not compatible with the current PyTorch installation.
The current PyTorch install supports CUDA capabilities sm_50 sm_60 sm_61 sm_70 sm_75 sm_80 sm_86 sm_89 sm_90 compute_90.
If you want to use the NVIDIA GeForce RTX 5090 GPU with PyTorch, please check the instructions at https://pytorch.org/get-started/locally/

  warnings.warn(
INFO:Tensor:参数初始化完成：正交初始化
Feature fusion: Tensor alignment (512+512 -> 128+128); fused_dim=256
Domain adaptation: standard source-target adversarial training, no generator
Loss weights: tensor=0.03, adv=0.03
Epoch [1/100] | Loss: 6.8741 (Cls: 6.8404, TAL: 0.2756, Adv: 0.8478) | Train Acc: 0.1250 | Val Acc: 0.2500 | Val P/R/F1 (Macro): 0.1963/0.1713/0.1148 | LR: 0.000010
  >>> New Best Val Acc: 0.2500
Epoch [2/100] | Loss: 5.5537 (Cls: 5.5299, TAL: 0.4995, Adv: 0.2941) | Train Acc: 0.1875 | Val Acc: 0.1667 | Val P/R/F1 (Macro): 0.1270/0.1250/0.0525 | LR: 0.000010
Epoch [3/100] | Loss: 4.9011 (Cls: 4.8849, TAL: 0.3770, Adv: 0.1618) | Train Acc: 0.2578 | Val Acc: 0.4167 | Val P/R/F1 (Macro): 0.3612/0.3667/0.3068 | LR: 0.000010
  >>> New Best Val Acc: 0.4167
Epoch [4/100] | Loss: 4.4622 (Cls: 4.4526, TAL: 0.2489, Adv: 0.0710) | Train Acc: 0.2891 | Val Acc: 0.3333 | Val P/R/F1 (Macro): 0.2795/0.3074/0.2247 | LR: 0.000010
Epoch [5/100] | Loss: 4.0153 (Cls: 4.0071, TAL: 0.2228, Adv: 0.0492) | Train Acc: 0.4609 | Val Acc: 0.5556 | Val P/R/F1 (Macro): 0.5188/0.4028/0.3874 | LR: 0.000010
  >>> New Best Val Acc: 0.5556
Epoch [6/100] | Loss: 3.7580 (Cls: 3.7521, TAL: 0.1628, Adv: 0.0339) | Train Acc: 0.4141 | Val Acc: 0.8056 | Val P/R/F1 (Macro): 0.6630/0.6315/0.6213 | LR: 0.000010
  >>> New Best Val Acc: 0.8056
Epoch [7/100] | Loss: 3.6225 (Cls: 3.6175, TAL: 0.1493, Adv: 0.0178) | Train Acc: 0.4609 | Val Acc: 0.7778 | Val P/R/F1 (Macro): 0.6329/0.6380/0.5960 | LR: 0.000010
Epoch [8/100] | Loss: 3.3216 (Cls: 3.3155, TAL: 0.1829, Adv: 0.0196) | Train Acc: 0.4219 | Val Acc: 0.8056 | Val P/R/F1 (Macro): 0.7556/0.7750/0.7424 | LR: 0.000010
Epoch [9/100] | Loss: 3.1674 (Cls: 3.1609, TAL: 0.2073, Adv: 0.0089) | Train Acc: 0.5234 | Val Acc: 0.9167 | Val P/R/F1 (Macro): 0.9471/0.9417/0.9340 | LR: 0.000010
  >>> New Best Val Acc: 0.9167
Epoch [10/100] | Loss: 2.7603 (Cls: 2.7558, TAL: 0.1401, Adv: 0.0118) | Train Acc: 0.6641 | Val Acc: 0.8611 | Val P/R/F1 (Macro): 0.8907/0.8824/0.8674 | LR: 0.000010
Epoch [11/100] | Loss: 2.6739 (Cls: 2.6680, TAL: 0.1907, Adv: 0.0060) | Train Acc: 0.6562 | Val Acc: 0.8611 | Val P/R/F1 (Macro): 0.7806/0.8083/0.7745 | LR: 0.000010
Epoch [12/100] | Loss: 2.7145 (Cls: 2.7097, TAL: 0.1521, Adv: 0.0078) | Train Acc: 0.6250 | Val Acc: 0.8056 | Val P/R/F1 (Macro): 0.6638/0.6639/0.6509 | LR: 0.000010
Epoch [13/100] | Loss: 2.6785 (Cls: 2.6750, TAL: 0.1127, Adv: 0.0048) | Train Acc: 0.6094 | Val Acc: 0.8056 | Val P/R/F1 (Macro): 0.6845/0.6639/0.6530 | LR: 0.000010
Epoch [14/100] | Loss: 2.4200 (Cls: 2.4152, TAL: 0.1551, Adv: 0.0060) | Train Acc: 0.6719 | Val Acc: 0.8889 | Val P/R/F1 (Macro): 0.8221/0.8306/0.8165 | LR: 0.000010
Epoch [15/100] | Loss: 2.5724 (Cls: 2.5674, TAL: 0.1626, Adv: 0.0036) | Train Acc: 0.7109 | Val Acc: 0.8333 | Val P/R/F1 (Macro): 0.8942/0.8491/0.8392 | LR: 0.000010
Epoch [16/100] | Loss: 2.2743 (Cls: 2.2721, TAL: 0.0717, Adv: 0.0039) | Train Acc: 0.7969 | Val Acc: 0.9167 | Val P/R/F1 (Macro): 0.9333/0.9417/0.9278 | LR: 0.000010
Epoch [17/100] | Loss: 2.2834 (Cls: 2.2812, TAL: 0.0678, Adv: 0.0036) | Train Acc: 0.7578 | Val Acc: 0.8056 | Val P/R/F1 (Macro): 0.6631/0.6546/0.6393 | LR: 0.000010
Epoch [18/100] | Loss: 2.0846 (Cls: 2.0844, TAL: 0.0034, Adv: 0.0033) | Train Acc: 0.8125 | Val Acc: 0.9444 | Val P/R/F1 (Macro): 0.9630/0.9407/0.9432 | LR: 0.000010
  >>> New Best Val Acc: 0.9444
Epoch [19/100] | Loss: 2.2398 (Cls: 2.2378, TAL: 0.0623, Adv: 0.0039) | Train Acc: 0.7031 | Val Acc: 0.9444 | Val P/R/F1 (Macro): 0.9556/0.9639/0.9556 | LR: 0.000010
Epoch [20/100] | Loss: 2.1110 (Cls: 2.1113, TAL: -0.0148, Adv: 0.0056) | Train Acc: 0.7500 | Val Acc: 0.9444 | Val P/R/F1 (Macro): 0.9556/0.9639/0.9556 | LR: 0.000010
Epoch [21/100] | Loss: 2.1018 (Cls: 2.0986, TAL: 0.1030, Adv: 0.0027) | Train Acc: 0.7656 | Val Acc: 0.9444 | Val P/R/F1 (Macro): 0.9563/0.9500/0.9513 | LR: 0.000010
Epoch [22/100] | Loss: 2.0254 (Cls: 2.0236, TAL: 0.0593, Adv: 0.0024) | Train Acc: 0.8281 | Val Acc: 0.9722 | Val P/R/F1 (Macro): 0.9778/0.9778/0.9753 | LR: 0.000010
  >>> New Best Val Acc: 0.9722
Epoch [23/100] | Loss: 1.9408 (Cls: 1.9382, TAL: 0.0860, Adv: 0.0017) | Train Acc: 0.8594 | Val Acc: 0.9444 | Val P/R/F1 (Macro): 0.9619/0.9639/0.9594 | LR: 0.000010
Epoch [24/100] | Loss: 2.0177 (Cls: 2.0157, TAL: 0.0658, Adv: 0.0021) | Train Acc: 0.8203 | Val Acc: 0.9444 | Val P/R/F1 (Macro): 0.9619/0.9639/0.9594 | LR: 0.000010
Epoch [25/100] | Loss: 2.0235 (Cls: 2.0203, TAL: 0.1032, Adv: 0.0024) | Train Acc: 0.7812 | Val Acc: 0.8611 | Val P/R/F1 (Macro): 0.8215/0.7981/0.7954 | LR: 0.000010
Epoch [26/100] | Loss: 2.1133 (Cls: 2.1105, TAL: 0.0916, Adv: 0.0031) | Train Acc: 0.7344 | Val Acc: 0.9444 | Val P/R/F1 (Macro): 0.9556/0.9639/0.9556 | LR: 0.000010
Epoch [27/100] | Loss: 1.9244 (Cls: 1.9221, TAL: 0.0727, Adv: 0.0034) | Train Acc: 0.8672 | Val Acc: 0.9444 | Val P/R/F1 (Macro): 0.9619/0.9639/0.9594 | LR: 0.000010
Epoch [28/100] | Loss: 1.9788 (Cls: 1.9767, TAL: 0.0669, Adv: 0.0033) | Train Acc: 0.8203 | Val Acc: 0.9444 | Val P/R/F1 (Macro): 0.9630/0.9556/0.9500 | LR: 0.000010
Epoch [29/100] | Loss: 1.7863 (Cls: 1.7833, TAL: 0.0974, Adv: 0.0031) | Train Acc: 0.9141 | Val Acc: 0.9167 | Val P/R/F1 (Macro): 0.9352/0.9333/0.9143 | LR: 0.000010
Epoch [30/100] | Loss: 1.8859 (Cls: 1.8818, TAL: 0.1325, Adv: 0.0034) | Train Acc: 0.8438 | Val Acc: 0.9444 | Val P/R/F1 (Macro): 0.9619/0.9639/0.9594 | LR: 0.000010
Epoch [31/100] | Loss: 1.8869 (Cls: 1.8828, TAL: 0.1362, Adv: 0.0032) | Train Acc: 0.8750 | Val Acc: 0.9167 | Val P/R/F1 (Macro): 0.9471/0.9120/0.9063 | LR: 0.000010
Epoch [32/100] | Loss: 1.9150 (Cls: 1.9127, TAL: 0.0742, Adv: 0.0030) | Train Acc: 0.8281 | Val Acc: 0.9444 | Val P/R/F1 (Macro): 0.9654/0.9352/0.9430 | LR: 0.000010
Epoch [33/100] | Loss: 1.7688 (Cls: 1.7663, TAL: 0.0834, Adv: 0.0022) | Train Acc: 0.8906 | Val Acc: 1.0000 | Val P/R/F1 (Macro): 1.0000/1.0000/1.0000 | LR: 0.000010
  >>> New Best Val Acc: 1.0000
Epoch [34/100] | Loss: 1.8379 (Cls: 1.8365, TAL: 0.0438, Adv: 0.0025) | Train Acc: 0.8594 | Val Acc: 0.9444 | Val P/R/F1 (Macro): 0.9654/0.9500/0.9529 | LR: 0.000010
Epoch [35/100] | Loss: 1.6906 (Cls: 1.6884, TAL: 0.0711, Adv: 0.0015) | Train Acc: 0.9531 | Val Acc: 0.9444 | Val P/R/F1 (Macro): 0.9654/0.9500/0.9529 | LR: 0.000010
Epoch [36/100] | Loss: 1.7478 (Cls: 1.7457, TAL: 0.0675, Adv: 0.0040) | Train Acc: 0.9062 | Val Acc: 0.9444 | Val P/R/F1 (Macro): 0.9619/0.9639/0.9594 | LR: 0.000010
Epoch [37/100] | Loss: 1.6453 (Cls: 1.6433, TAL: 0.0656, Adv: 0.0022) | Train Acc: 0.9531 | Val Acc: 1.0000 | Val P/R/F1 (Macro): 1.0000/1.0000/1.0000 | LR: 0.000010
Epoch [38/100] | Loss: 1.8328 (Cls: 1.8320, TAL: 0.0245, Adv: 0.0025) | Train Acc: 0.8906 | Val Acc: 0.9722 | Val P/R/F1 (Macro): 0.9778/0.9778/0.9753 | LR: 0.000010
Epoch [39/100] | Loss: 1.7605 (Cls: 1.7595, TAL: 0.0326, Adv: 0.0021) | Train Acc: 0.8906 | Val Acc: 0.9722 | Val P/R/F1 (Macro): 0.9778/0.9778/0.9753 | LR: 0.000010
Epoch [40/100] | Loss: 1.7489 (Cls: 1.7467, TAL: 0.0704, Adv: 0.0025) | Train Acc: 0.8906 | Val Acc: 0.9167 | Val P/R/F1 (Macro): 0.9341/0.9361/0.9276 | LR: 0.000010
Epoch [41/100] | Loss: 1.7765 (Cls: 1.7724, TAL: 0.1342, Adv: 0.0028) | Train Acc: 0.8672 | Val Acc: 0.9722 | Val P/R/F1 (Macro): 0.9841/0.9861/0.9840 | LR: 0.000010
Epoch [42/100] | Loss: 1.6480 (Cls: 1.6446, TAL: 0.1089, Adv: 0.0043) | Train Acc: 0.9609 | Val Acc: 0.9722 | Val P/R/F1 (Macro): 0.9778/0.9778/0.9753 | LR: 0.000010
Epoch [43/100] | Loss: 1.6584 (Cls: 1.6558, TAL: 0.0845, Adv: 0.0026) | Train Acc: 0.9531 | Val Acc: 0.9722 | Val P/R/F1 (Macro): 0.9778/0.9778/0.9753 | LR: 0.000010
Epoch [44/100] | Loss: 1.6663 (Cls: 1.6637, TAL: 0.0856, Adv: 0.0030) | Train Acc: 0.9375 | Val Acc: 0.9444 | Val P/R/F1 (Macro): 0.9619/0.9639/0.9594 | LR: 0.000005
Epoch [45/100] | Loss: 1.7168 (Cls: 1.7146, TAL: 0.0729, Adv: 0.0033) | Train Acc: 0.8828 | Val Acc: 0.9444 | Val P/R/F1 (Macro): 0.9619/0.9639/0.9594 | LR: 0.000005
Epoch [46/100] | Loss: 1.7350 (Cls: 1.7324, TAL: 0.0817, Adv: 0.0029) | Train Acc: 0.9219 | Val Acc: 0.9444 | Val P/R/F1 (Macro): 0.9619/0.9639/0.9594 | LR: 0.000005
Epoch [47/100] | Loss: 1.6717 (Cls: 1.6674, TAL: 0.1405, Adv: 0.0026) | Train Acc: 0.9453 | Val Acc: 0.9722 | Val P/R/F1 (Macro): 0.9778/0.9778/0.9753 | LR: 0.000005
Epoch [48/100] | Loss: 1.7069 (Cls: 1.7043, TAL: 0.0808, Adv: 0.0050) | Train Acc: 0.9219 | Val Acc: 0.9722 | Val P/R/F1 (Macro): 0.9778/0.9778/0.9753 | LR: 0.000005
Epoch [49/100] | Loss: 1.7029 (Cls: 1.7016, TAL: 0.0400, Adv: 0.0018) | Train Acc: 0.9297 | Val Acc: 1.0000 | Val P/R/F1 (Macro): 1.0000/1.0000/1.0000 | LR: 0.000005
Epoch [50/100] | Loss: 1.6853 (Cls: 1.6820, TAL: 0.1091, Adv: 0.0019) | Train Acc: 0.9375 | Val Acc: 1.0000 | Val P/R/F1 (Macro): 1.0000/1.0000/1.0000 | LR: 0.000005
Epoch [51/100] | Loss: 1.6242 (Cls: 1.6213, TAL: 0.0974, Adv: 0.0012) | Train Acc: 0.9453 | Val Acc: 0.9722 | Val P/R/F1 (Macro): 0.9778/0.9778/0.9753 | LR: 0.000005
Epoch [52/100] | Loss: 1.5516 (Cls: 1.5491, TAL: 0.0805, Adv: 0.0018) | Train Acc: 0.9922 | Val Acc: 1.0000 | Val P/R/F1 (Macro): 1.0000/1.0000/1.0000 | LR: 0.000005
Epoch [53/100] | Loss: 1.5843 (Cls: 1.5833, TAL: 0.0346, Adv: 0.0010) | Train Acc: 0.9766 | Val Acc: 1.0000 | Val P/R/F1 (Macro): 1.0000/1.0000/1.0000 | LR: 0.000005
Epoch [54/100] | Loss: 1.6332 (Cls: 1.6319, TAL: 0.0415, Adv: 0.0012) | Train Acc: 0.9688 | Val Acc: 0.9722 | Val P/R/F1 (Macro): 0.8765/0.8889/0.8824 | LR: 0.000005
Epoch [55/100] | Loss: 1.6967 (Cls: 1.6939, TAL: 0.0929, Adv: 0.0016) | Train Acc: 0.9219 | Val Acc: 0.9722 | Val P/R/F1 (Macro): 0.9778/0.9778/0.9753 | LR: 0.000003
Epoch [56/100] | Loss: 1.5604 (Cls: 1.5598, TAL: 0.0209, Adv: 0.0010) | Train Acc: 0.9766 | Val Acc: 0.9722 | Val P/R/F1 (Macro): 0.9778/0.9778/0.9753 | LR: 0.000003
Epoch [57/100] | Loss: 1.6444 (Cls: 1.6421, TAL: 0.0754, Adv: 0.0011) | Train Acc: 0.9609 | Val Acc: 0.9722 | Val P/R/F1 (Macro): 0.9778/0.9778/0.9753 | LR: 0.000003
Epoch [58/100] | Loss: 1.5999 (Cls: 1.5987, TAL: 0.0381, Adv: 0.0012) | Train Acc: 0.9609 | Val Acc: 1.0000 | Val P/R/F1 (Macro): 1.0000/1.0000/1.0000 | LR: 0.000003
Epoch [59/100] | Loss: 1.5744 (Cls: 1.5729, TAL: 0.0498, Adv: 0.0012) | Train Acc: 0.9766 | Val Acc: 1.0000 | Val P/R/F1 (Macro): 1.0000/1.0000/1.0000 | LR: 0.000003
Epoch [60/100] | Loss: 1.5825 (Cls: 1.5804, TAL: 0.0710, Adv: 0.0012) | Train Acc: 0.9766 | Val Acc: 1.0000 | Val P/R/F1 (Macro): 1.0000/1.0000/1.0000 | LR: 0.000003
Epoch [61/100] | Loss: 1.5473 (Cls: 1.5466, TAL: 0.0231, Adv: 0.0006) | Train Acc: 0.9844 | Val Acc: 0.9722 | Val P/R/F1 (Macro): 0.9778/0.9778/0.9753 | LR: 0.000003
Epoch [62/100] | Loss: 1.6143 (Cls: 1.6122, TAL: 0.0699, Adv: 0.0011) | Train Acc: 0.9609 | Val Acc: 0.9722 | Val P/R/F1 (Macro): 0.9778/0.9778/0.9753 | LR: 0.000003
Epoch [63/100] | Loss: 1.6068 (Cls: 1.6059, TAL: 0.0295, Adv: 0.0011) | Train Acc: 0.9219 | Val Acc: 1.0000 | Val P/R/F1 (Macro): 1.0000/1.0000/1.0000 | LR: 0.000003
Epoch [64/100] | Loss: 1.5685 (Cls: 1.5673, TAL: 0.0403, Adv: 0.0010) | Train Acc: 0.9531 | Val Acc: 1.0000 | Val P/R/F1 (Macro): 1.0000/1.0000/1.0000 | LR: 0.000003
Epoch [65/100] | Loss: 1.5446 (Cls: 1.5425, TAL: 0.0673, Adv: 0.0008) | Train Acc: 0.9844 | Val Acc: 1.0000 | Val P/R/F1 (Macro): 1.0000/1.0000/1.0000 | LR: 0.000003
Epoch [66/100] | Loss: 1.6501 (Cls: 1.6491, TAL: 0.0350, Adv: 0.0007) | Train Acc: 0.9609 | Val Acc: 1.0000 | Val P/R/F1 (Macro): 1.0000/1.0000/1.0000 | LR: 0.000001
Epoch [67/100] | Loss: 1.5816 (Cls: 1.5803, TAL: 0.0432, Adv: 0.0009) | Train Acc: 0.9609 | Val Acc: 1.0000 | Val P/R/F1 (Macro): 1.0000/1.0000/1.0000 | LR: 0.000001
Epoch [68/100] | Loss: 1.5846 (Cls: 1.5828, TAL: 0.0591, Adv: 0.0009) | Train Acc: 0.9688 | Val Acc: 1.0000 | Val P/R/F1 (Macro): 1.0000/1.0000/1.0000 | LR: 0.000001
Epoch [69/100] | Loss: 1.5577 (Cls: 1.5582, TAL: -0.0167, Adv: 0.0008) | Train Acc: 0.9844 | Val Acc: 1.0000 | Val P/R/F1 (Macro): 1.0000/1.0000/1.0000 | LR: 0.000001
Epoch [70/100] | Loss: 1.6499 (Cls: 1.6483, TAL: 0.0528, Adv: 0.0006) | Train Acc: 0.9531 | Val Acc: 1.0000 | Val P/R/F1 (Macro): 1.0000/1.0000/1.0000 | LR: 0.000001
Epoch [71/100] | Loss: 1.5599 (Cls: 1.5592, TAL: 0.0215, Adv: 0.0009) | Train Acc: 0.9609 | Val Acc: 1.0000 | Val P/R/F1 (Macro): 1.0000/1.0000/1.0000 | LR: 0.000001
Epoch [72/100] | Loss: 1.5507 (Cls: 1.5502, TAL: 0.0142, Adv: 0.0004) | Train Acc: 0.9766 | Val Acc: 1.0000 | Val P/R/F1 (Macro): 1.0000/1.0000/1.0000 | LR: 0.000001
Epoch [73/100] | Loss: 1.6030 (Cls: 1.6019, TAL: 0.0350, Adv: 0.0007) | Train Acc: 0.9609 | Val Acc: 1.0000 | Val P/R/F1 (Macro): 1.0000/1.0000/1.0000 | LR: 0.000001
Epoch [74/100] | Loss: 1.5492 (Cls: 1.5492, TAL: -0.0016, Adv: 0.0009) | Train Acc: 0.9609 | Val Acc: 1.0000 | Val P/R/F1 (Macro): 1.0000/1.0000/1.0000 | LR: 0.000001
Epoch [75/100] | Loss: 1.6257 (Cls: 1.6256, TAL: 0.0025, Adv: 0.0004) | Train Acc: 0.9531 | Val Acc: 1.0000 | Val P/R/F1 (Macro): 1.0000/1.0000/1.0000 | LR: 0.000001
Epoch [76/100] | Loss: 1.5744 (Cls: 1.5730, TAL: 0.0463, Adv: 0.0005) | Train Acc: 0.9688 | Val Acc: 0.9722 | Val P/R/F1 (Macro): 0.9778/0.9778/0.9753 | LR: 0.000001
Epoch [77/100] | Loss: 1.5669 (Cls: 1.5666, TAL: 0.0091, Adv: 0.0004) | Train Acc: 0.9688 | Val Acc: 0.9722 | Val P/R/F1 (Macro): 0.9778/0.9778/0.9753 | LR: 0.000001
Epoch [78/100] | Loss: 1.5239 (Cls: 1.5241, TAL: -0.0098, Adv: 0.0003) | Train Acc: 0.9688 | Val Acc: 0.9722 | Val P/R/F1 (Macro): 0.9778/0.9778/0.9753 | LR: 0.000001
Epoch [79/100] | Loss: 1.5779 (Cls: 1.5774, TAL: 0.0156, Adv: 0.0005) | Train Acc: 0.9609 | Val Acc: 0.9722 | Val P/R/F1 (Macro): 0.9778/0.9778/0.9753 | LR: 0.000001
Epoch [80/100] | Loss: 1.5196 (Cls: 1.5180, TAL: 0.0527, Adv: 0.0004) | Train Acc: 0.9766 | Val Acc: 0.9722 | Val P/R/F1 (Macro): 0.9778/0.9778/0.9753 | LR: 0.000001
Epoch [81/100] | Loss: 1.5539 (Cls: 1.5517, TAL: 0.0734, Adv: 0.0003) | Train Acc: 0.9688 | Val Acc: 0.9722 | Val P/R/F1 (Macro): 0.9778/0.9778/0.9753 | LR: 0.000001
Epoch [82/100] | Loss: 1.5165 (Cls: 1.5164, TAL: 0.0027, Adv: 0.0004) | Train Acc: 0.9922 | Val Acc: 0.9722 | Val P/R/F1 (Macro): 0.9778/0.9778/0.9753 | LR: 0.000001
Epoch [83/100] | Loss: 1.5639 (Cls: 1.5628, TAL: 0.0339, Adv: 0.0006) | Train Acc: 0.9688 | Val Acc: 0.9722 | Val P/R/F1 (Macro): 0.9778/0.9778/0.9753 | LR: 0.000001
Epoch [84/100] | Loss: 1.5226 (Cls: 1.5220, TAL: 0.0186, Adv: 0.0005) | Train Acc: 0.9844 | Val Acc: 1.0000 | Val P/R/F1 (Macro): 1.0000/1.0000/1.0000 | LR: 0.000001
Epoch [85/100] | Loss: 1.5734 (Cls: 1.5731, TAL: 0.0090, Adv: 0.0003) | Train Acc: 0.9688 | Val Acc: 1.0000 | Val P/R/F1 (Macro): 1.0000/1.0000/1.0000 | LR: 0.000001
Epoch [86/100] | Loss: 1.4906 (Cls: 1.4893, TAL: 0.0432, Adv: 0.0004) | Train Acc: 1.0000 | Val Acc: 1.0000 | Val P/R/F1 (Macro): 1.0000/1.0000/1.0000 | LR: 0.000001
Epoch [87/100] | Loss: 1.5197 (Cls: 1.5178, TAL: 0.0635, Adv: 0.0004) | Train Acc: 0.9844 | Val Acc: 0.9722 | Val P/R/F1 (Macro): 0.9778/0.9778/0.9753 | LR: 0.000001
Epoch [88/100] | Loss: 1.5369 (Cls: 1.5355, TAL: 0.0478, Adv: 0.0005) | Train Acc: 0.9688 | Val Acc: 0.9722 | Val P/R/F1 (Macro): 0.9778/0.9778/0.9753 | LR: 0.000001
Epoch [89/100] | Loss: 1.5235 (Cls: 1.5229, TAL: 0.0214, Adv: 0.0004) | Train Acc: 0.9766 | Val Acc: 0.9722 | Val P/R/F1 (Macro): 0.9778/0.9778/0.9753 | LR: 0.000001
Epoch [90/100] | Loss: 1.5294 (Cls: 1.5271, TAL: 0.0743, Adv: 0.0002) | Train Acc: 0.9766 | Val Acc: 1.0000 | Val P/R/F1 (Macro): 1.0000/1.0000/1.0000 | LR: 0.000001
Epoch [91/100] | Loss: 1.5757 (Cls: 1.5757, TAL: 0.0014, Adv: 0.0003) | Train Acc: 0.9844 | Val Acc: 0.9722 | Val P/R/F1 (Macro): 0.9778/0.9778/0.9753 | LR: 0.000001
Epoch [92/100] | Loss: 1.5029 (Cls: 1.5007, TAL: 0.0738, Adv: 0.0004) | Train Acc: 0.9922 | Val Acc: 0.9722 | Val P/R/F1 (Macro): 0.9778/0.9778/0.9753 | LR: 0.000001
Epoch [93/100] | Loss: 1.5339 (Cls: 1.5325, TAL: 0.0462, Adv: 0.0003) | Train Acc: 0.9688 | Val Acc: 0.9722 | Val P/R/F1 (Macro): 0.9778/0.9778/0.9753 | LR: 0.000001
Epoch [94/100] | Loss: 1.5440 (Cls: 1.5423, TAL: 0.0578, Adv: 0.0003) | Train Acc: 0.9609 | Val Acc: 0.9722 | Val P/R/F1 (Macro): 0.9778/0.9778/0.9753 | LR: 0.000001
Epoch [95/100] | Loss: 1.5287 (Cls: 1.5278, TAL: 0.0284, Adv: 0.0003) | Train Acc: 0.9844 | Val Acc: 0.9722 | Val P/R/F1 (Macro): 0.9778/0.9778/0.9753 | LR: 0.000001
Epoch [96/100] | Loss: 1.5435 (Cls: 1.5408, TAL: 0.0923, Adv: 0.0003) | Train Acc: 0.9688 | Val Acc: 0.9722 | Val P/R/F1 (Macro): 0.9778/0.9778/0.9753 | LR: 0.000001
Epoch [97/100] | Loss: 1.5258 (Cls: 1.5249, TAL: 0.0290, Adv: 0.0003) | Train Acc: 0.9922 | Val Acc: 0.9722 | Val P/R/F1 (Macro): 0.9778/0.9778/0.9753 | LR: 0.000001
Epoch [98/100] | Loss: 1.5215 (Cls: 1.5210, TAL: 0.0170, Adv: 0.0003) | Train Acc: 0.9766 | Val Acc: 0.9722 | Val P/R/F1 (Macro): 0.9778/0.9778/0.9753 | LR: 0.000001
Epoch [99/100] | Loss: 1.5812 (Cls: 1.5799, TAL: 0.0419, Adv: 0.0004) | Train Acc: 0.9609 | Val Acc: 0.9722 | Val P/R/F1 (Macro): 0.9778/0.9778/0.9753 | LR: 0.000001
Epoch [100/100] | Loss: 1.5696 (Cls: 1.5676, TAL: 0.0634, Adv: 0.0003) | Train Acc: 0.9609 | Val Acc: 1.0000 | Val P/R/F1 (Macro): 1.0000/1.0000/1.0000 | LR: 0.000001
Report strategy: last_window, window=10, reported_acc=0.9750, best_acc=1.0000

迭代 1 报告指标:
  Accuracy: 0.9750
  Precision (Macro): 0.9800
  Recall (Macro): 0.9800
  F1 (Macro): 0.9778
  Precision (Micro): 0.9750
  Recall (Micro): 0.9750
  F1 (Micro): 0.9750
  Val class coverage: 9/14 (0.6429), samples=36

================================================================================
迭代 2/5
随机种子: 43
================================================================================
Training mode: unpaired target adaptation with controlled target-label loss (ratio=0.78, weight=1.35).
Fixed labeled target subset: 100/128 samples.
INFO:Tensor:参数初始化完成：正交初始化
Feature fusion: Tensor alignment (512+512 -> 128+128); fused_dim=256
Domain adaptation: standard source-target adversarial training, no generator
Loss weights: tensor=0.03, adv=0.03
Epoch [1/100] | Loss: 6.8692 (Cls: 6.8377, TAL: 0.1619, Adv: 0.8905) | Train Acc: 0.1016 | Val Acc: 0.2778 | Val P/R/F1 (Macro): 0.1897/0.1917/0.1234 | LR: 0.000010
  >>> New Best Val Acc: 0.2778
Epoch [2/100] | Loss: 5.2152 (Cls: 5.2006, TAL: 0.0763, Adv: 0.4109) | Train Acc: 0.2188 | Val Acc: 0.3889 | Val P/R/F1 (Macro): 0.3571/0.2833/0.2565 | LR: 0.000010
  >>> New Best Val Acc: 0.3889
Epoch [3/100] | Loss: 4.6260 (Cls: 4.6133, TAL: 0.1718, Adv: 0.2541) | Train Acc: 0.2891 | Val Acc: 0.2778 | Val P/R/F1 (Macro): 0.1275/0.2315/0.1330 | LR: 0.000010
Epoch [4/100] | Loss: 4.2962 (Cls: 4.2857, TAL: 0.2115, Adv: 0.1366) | Train Acc: 0.2969 | Val Acc: 0.3333 | Val P/R/F1 (Macro): 0.4002/0.2731/0.2366 | LR: 0.000010
Epoch [5/100] | Loss: 3.9546 (Cls: 3.9448, TAL: 0.2300, Adv: 0.0953) | Train Acc: 0.2969 | Val Acc: 0.3611 | Val P/R/F1 (Macro): 0.2348/0.2880/0.1927 | LR: 0.000010
Epoch [6/100] | Loss: 3.8867 (Cls: 3.8799, TAL: 0.1816, Adv: 0.0464) | Train Acc: 0.3047 | Val Acc: 0.7222 | Val P/R/F1 (Macro): 0.5481/0.5694/0.5209 | LR: 0.000010
  >>> New Best Val Acc: 0.7222
Epoch [7/100] | Loss: 3.4027 (Cls: 3.3953, TAL: 0.2057, Adv: 0.0400) | Train Acc: 0.3906 | Val Acc: 0.8333 | Val P/R/F1 (Macro): 0.8036/0.7685/0.7712 | LR: 0.000010
  >>> New Best Val Acc: 0.8333
Epoch [8/100] | Loss: 3.0533 (Cls: 3.0485, TAL: 0.1406, Adv: 0.0176) | Train Acc: 0.4922 | Val Acc: 0.8056 | Val P/R/F1 (Macro): 0.6861/0.7083/0.6828 | LR: 0.000010
Epoch [9/100] | Loss: 3.0675 (Cls: 3.0653, TAL: 0.0596, Adv: 0.0139) | Train Acc: 0.4844 | Val Acc: 0.8889 | Val P/R/F1 (Macro): 0.8028/0.8250/0.8062 | LR: 0.000010
  >>> New Best Val Acc: 0.8889
Epoch [10/100] | Loss: 2.7868 (Cls: 2.7858, TAL: 0.0235, Adv: 0.0084) | Train Acc: 0.6016 | Val Acc: 0.7500 | Val P/R/F1 (Macro): 0.6537/0.6806/0.6464 | LR: 0.000010
Epoch [11/100] | Loss: 2.8450 (Cls: 2.8440, TAL: 0.0275, Adv: 0.0051) | Train Acc: 0.5391 | Val Acc: 0.8889 | Val P/R/F1 (Macro): 0.8184/0.8194/0.8123 | LR: 0.000010
Epoch [12/100] | Loss: 2.5981 (Cls: 2.5965, TAL: 0.0493, Adv: 0.0034) | Train Acc: 0.6250 | Val Acc: 0.8056 | Val P/R/F1 (Macro): 0.7685/0.7324/0.7254 | LR: 0.000010
Epoch [13/100] | Loss: 2.6160 (Cls: 2.6168, TAL: -0.0296, Adv: 0.0049) | Train Acc: 0.6250 | Val Acc: 0.9444 | Val P/R/F1 (Macro): 0.9630/0.9676/0.9603 | LR: 0.000010
  >>> New Best Val Acc: 0.9444
Epoch [14/100] | Loss: 2.4803 (Cls: 2.4784, TAL: 0.0603, Adv: 0.0034) | Train Acc: 0.7031 | Val Acc: 0.8611 | Val P/R/F1 (Macro): 0.8783/0.9120/0.8625 | LR: 0.000010
Epoch [15/100] | Loss: 2.4715 (Cls: 2.4718, TAL: -0.0142, Adv: 0.0039) | Train Acc: 0.7109 | Val Acc: 0.8889 | Val P/R/F1 (Macro): 0.9222/0.8991/0.9020 | LR: 0.000010
Epoch [16/100] | Loss: 2.4252 (Cls: 2.4250, TAL: 0.0046, Adv: 0.0023) | Train Acc: 0.6953 | Val Acc: 0.9167 | Val P/R/F1 (Macro): 0.8343/0.8380/0.8303 | LR: 0.000010
Epoch [17/100] | Loss: 2.2538 (Cls: 2.2547, TAL: -0.0327, Adv: 0.0022) | Train Acc: 0.7500 | Val Acc: 0.9722 | Val P/R/F1 (Macro): 0.9778/0.9861/0.9802 | LR: 0.000010
  >>> New Best Val Acc: 0.9722
Epoch [18/100] | Loss: 2.2665 (Cls: 2.2659, TAL: 0.0172, Adv: 0.0026) | Train Acc: 0.7266 | Val Acc: 0.9167 | Val P/R/F1 (Macro): 0.8889/0.9306/0.8960 | LR: 0.000010
Epoch [19/100] | Loss: 2.2591 (Cls: 2.2596, TAL: -0.0211, Adv: 0.0026) | Train Acc: 0.7188 | Val Acc: 0.9444 | Val P/R/F1 (Macro): 0.9500/0.9583/0.9485 | LR: 0.000010
Epoch [20/100] | Loss: 2.3261 (Cls: 2.3245, TAL: 0.0494, Adv: 0.0035) | Train Acc: 0.7500 | Val Acc: 0.9444 | Val P/R/F1 (Macro): 0.8528/0.8750/0.8627 | LR: 0.000010
Epoch [21/100] | Loss: 2.1799 (Cls: 2.1792, TAL: 0.0190, Adv: 0.0026) | Train Acc: 0.7891 | Val Acc: 0.9722 | Val P/R/F1 (Macro): 0.9778/0.9861/0.9802 | LR: 0.000010
Epoch [22/100] | Loss: 2.0207 (Cls: 2.0214, TAL: -0.0251, Adv: 0.0019) | Train Acc: 0.8203 | Val Acc: 0.8333 | Val P/R/F1 (Macro): 0.8222/0.7963/0.7873 | LR: 0.000010
Epoch [23/100] | Loss: 2.1194 (Cls: 2.1201, TAL: -0.0261, Adv: 0.0028) | Train Acc: 0.7578 | Val Acc: 0.9444 | Val P/R/F1 (Macro): 0.8528/0.8750/0.8627 | LR: 0.000010
Epoch [24/100] | Loss: 2.1712 (Cls: 2.1716, TAL: -0.0148, Adv: 0.0017) | Train Acc: 0.7891 | Val Acc: 0.9444 | Val P/R/F1 (Macro): 0.8194/0.8750/0.8380 | LR: 0.000010
Epoch [25/100] | Loss: 2.1399 (Cls: 2.1392, TAL: 0.0207, Adv: 0.0020) | Train Acc: 0.7578 | Val Acc: 0.9444 | Val P/R/F1 (Macro): 0.8528/0.8750/0.8627 | LR: 0.000010
Epoch [26/100] | Loss: 1.8611 (Cls: 1.8618, TAL: -0.0255, Adv: 0.0040) | Train Acc: 0.8359 | Val Acc: 0.9722 | Val P/R/F1 (Macro): 0.9841/0.9861/0.9840 | LR: 0.000010
Epoch [27/100] | Loss: 1.9703 (Cls: 1.9684, TAL: 0.0597, Adv: 0.0023) | Train Acc: 0.8594 | Val Acc: 0.9444 | Val P/R/F1 (Macro): 0.9259/0.9444/0.9074 | LR: 0.000010
Epoch [28/100] | Loss: 1.9832 (Cls: 1.9821, TAL: 0.0336, Adv: 0.0031) | Train Acc: 0.8047 | Val Acc: 0.9722 | Val P/R/F1 (Macro): 0.9778/0.9861/0.9802 | LR: 0.000005
Epoch [29/100] | Loss: 1.8369 (Cls: 1.8373, TAL: -0.0157, Adv: 0.0022) | Train Acc: 0.8594 | Val Acc: 0.9444 | Val P/R/F1 (Macro): 0.9639/0.9583/0.9579 | LR: 0.000005
Epoch [30/100] | Loss: 1.9639 (Cls: 1.9647, TAL: -0.0266, Adv: 0.0015) | Train Acc: 0.8359 | Val Acc: 0.9444 | Val P/R/F1 (Macro): 0.9639/0.9583/0.9579 | LR: 0.000005
Epoch [31/100] | Loss: 1.7337 (Cls: 1.7370, TAL: -0.1117, Adv: 0.0014) | Train Acc: 0.9453 | Val Acc: 0.9722 | Val P/R/F1 (Macro): 0.9778/0.9861/0.9802 | LR: 0.000005
Epoch [32/100] | Loss: 1.7555 (Cls: 1.7572, TAL: -0.0570, Adv: 0.0013) | Train Acc: 0.9141 | Val Acc: 0.9722 | Val P/R/F1 (Macro): 0.9778/0.9861/0.9802 | LR: 0.000005
Epoch [33/100] | Loss: 1.7940 (Cls: 1.7925, TAL: 0.0485, Adv: 0.0012) | Train Acc: 0.8594 | Val Acc: 0.9444 | Val P/R/F1 (Macro): 0.8528/0.8750/0.8627 | LR: 0.000005
Epoch [34/100] | Loss: 1.7901 (Cls: 1.7906, TAL: -0.0190, Adv: 0.0014) | Train Acc: 0.8984 | Val Acc: 0.9444 | Val P/R/F1 (Macro): 0.8528/0.8750/0.8627 | LR: 0.000005
Epoch [35/100] | Loss: 1.7259 (Cls: 1.7269, TAL: -0.0337, Adv: 0.0013) | Train Acc: 0.9062 | Val Acc: 0.9722 | Val P/R/F1 (Macro): 0.9778/0.9861/0.9802 | LR: 0.000005
Epoch [36/100] | Loss: 1.7730 (Cls: 1.7735, TAL: -0.0182, Adv: 0.0015) | Train Acc: 0.8828 | Val Acc: 0.9444 | Val P/R/F1 (Macro): 0.9500/0.9583/0.9485 | LR: 0.000005
Epoch [37/100] | Loss: 1.7110 (Cls: 1.7112, TAL: -0.0077, Adv: 0.0014) | Train Acc: 0.9531 | Val Acc: 0.9444 | Val P/R/F1 (Macro): 0.9500/0.9583/0.9485 | LR: 0.000005
Epoch [38/100] | Loss: 1.8212 (Cls: 1.8215, TAL: -0.0123, Adv: 0.0011) | Train Acc: 0.8672 | Val Acc: 0.9167 | Val P/R/F1 (Macro): 0.8250/0.8472/0.8309 | LR: 0.000005
Epoch [39/100] | Loss: 1.6750 (Cls: 1.6768, TAL: -0.0615, Adv: 0.0016) | Train Acc: 0.9219 | Val Acc: 0.9444 | Val P/R/F1 (Macro): 0.8528/0.8750/0.8627 | LR: 0.000003
Epoch [40/100] | Loss: 1.7900 (Cls: 1.7894, TAL: 0.0171, Adv: 0.0021) | Train Acc: 0.8750 | Val Acc: 0.9444 | Val P/R/F1 (Macro): 0.8528/0.8750/0.8627 | LR: 0.000003
Epoch [41/100] | Loss: 1.7951 (Cls: 1.7942, TAL: 0.0274, Adv: 0.0019) | Train Acc: 0.8906 | Val Acc: 0.9444 | Val P/R/F1 (Macro): 0.8528/0.8750/0.8627 | LR: 0.000003
Epoch [42/100] | Loss: 1.6415 (Cls: 1.6410, TAL: 0.0156, Adv: 0.0011) | Train Acc: 0.9453 | Val Acc: 0.9444 | Val P/R/F1 (Macro): 0.8528/0.8750/0.8627 | LR: 0.000003
Epoch [43/100] | Loss: 1.6738 (Cls: 1.6760, TAL: -0.0766, Adv: 0.0009) | Train Acc: 0.9219 | Val Acc: 0.9444 | Val P/R/F1 (Macro): 0.8528/0.8750/0.8627 | LR: 0.000003
Epoch [44/100] | Loss: 1.6725 (Cls: 1.6729, TAL: -0.0128, Adv: 0.0011) | Train Acc: 0.9766 | Val Acc: 0.9444 | Val P/R/F1 (Macro): 0.8528/0.8750/0.8627 | LR: 0.000003
Epoch [45/100] | Loss: 1.7645 (Cls: 1.7650, TAL: -0.0192, Adv: 0.0010) | Train Acc: 0.9062 | Val Acc: 0.9444 | Val P/R/F1 (Macro): 0.8528/0.8750/0.8627 | LR: 0.000003
Epoch [46/100] | Loss: 1.6979 (Cls: 1.6977, TAL: 0.0045, Adv: 0.0011) | Train Acc: 0.9297 | Val Acc: 0.9444 | Val P/R/F1 (Macro): 0.8528/0.8750/0.8627 | LR: 0.000003
Epoch [47/100] | Loss: 1.7041 (Cls: 1.7028, TAL: 0.0419, Adv: 0.0008) | Train Acc: 0.9297 | Val Acc: 0.9444 | Val P/R/F1 (Macro): 0.8528/0.8750/0.8627 | LR: 0.000003
Epoch [48/100] | Loss: 1.7506 (Cls: 1.7508, TAL: -0.0096, Adv: 0.0010) | Train Acc: 0.9219 | Val Acc: 0.9722 | Val P/R/F1 (Macro): 0.9778/0.9861/0.9802 | LR: 0.000003
Epoch [49/100] | Loss: 1.6278 (Cls: 1.6249, TAL: 0.0965, Adv: 0.0007) | Train Acc: 0.9453 | Val Acc: 0.9722 | Val P/R/F1 (Macro): 0.9778/0.9861/0.9802 | LR: 0.000003
Epoch [50/100] | Loss: 1.6426 (Cls: 1.6407, TAL: 0.0617, Adv: 0.0013) | Train Acc: 0.9609 | Val Acc: 0.9722 | Val P/R/F1 (Macro): 0.9778/0.9861/0.9802 | LR: 0.000001
Epoch [51/100] | Loss: 1.6943 (Cls: 1.6912, TAL: 0.1017, Adv: 0.0007) | Train Acc: 0.9375 | Val Acc: 0.9722 | Val P/R/F1 (Macro): 0.9778/0.9861/0.9802 | LR: 0.000001
Epoch [52/100] | Loss: 1.6356 (Cls: 1.6336, TAL: 0.0655, Adv: 0.0007) | Train Acc: 0.9609 | Val Acc: 0.9722 | Val P/R/F1 (Macro): 0.9778/0.9861/0.9802 | LR: 0.000001
Epoch [53/100] | Loss: 1.6298 (Cls: 1.6273, TAL: 0.0849, Adv: 0.0009) | Train Acc: 0.9453 | Val Acc: 0.9722 | Val P/R/F1 (Macro): 0.9778/0.9861/0.9802 | LR: 0.000001
Epoch [54/100] | Loss: 1.6433 (Cls: 1.6422, TAL: 0.0366, Adv: 0.0009) | Train Acc: 0.9297 | Val Acc: 0.9722 | Val P/R/F1 (Macro): 0.9778/0.9861/0.9802 | LR: 0.000001
Epoch [55/100] | Loss: 1.6465 (Cls: 1.6463, TAL: 0.0062, Adv: 0.0007) | Train Acc: 0.9531 | Val Acc: 0.9722 | Val P/R/F1 (Macro): 0.9778/0.9861/0.9802 | LR: 0.000001
Epoch [56/100] | Loss: 1.6870 (Cls: 1.6866, TAL: 0.0129, Adv: 0.0006) | Train Acc: 0.9453 | Val Acc: 0.9722 | Val P/R/F1 (Macro): 0.9778/0.9861/0.9802 | LR: 0.000001
Epoch [57/100] | Loss: 1.5994 (Cls: 1.5993, TAL: 0.0008, Adv: 0.0006) | Train Acc: 0.9609 | Val Acc: 0.9722 | Val P/R/F1 (Macro): 0.9778/0.9861/0.9802 | LR: 0.000001
Epoch [58/100] | Loss: 1.6238 (Cls: 1.6217, TAL: 0.0678, Adv: 0.0006) | Train Acc: 0.9375 | Val Acc: 0.9722 | Val P/R/F1 (Macro): 0.9778/0.9861/0.9802 | LR: 0.000001
Epoch [59/100] | Loss: 1.6137 (Cls: 1.6126, TAL: 0.0361, Adv: 0.0007) | Train Acc: 0.9531 | Val Acc: 0.9722 | Val P/R/F1 (Macro): 0.9778/0.9861/0.9802 | LR: 0.000001
Epoch [60/100] | Loss: 1.6860 (Cls: 1.6846, TAL: 0.0468, Adv: 0.0005) | Train Acc: 0.9141 | Val Acc: 0.9722 | Val P/R/F1 (Macro): 0.9778/0.9861/0.9802 | LR: 0.000001
Epoch [61/100] | Loss: 1.6354 (Cls: 1.6353, TAL: 0.0000, Adv: 0.0004) | Train Acc: 0.9766 | Val Acc: 0.9722 | Val P/R/F1 (Macro): 0.9778/0.9861/0.9802 | LR: 0.000001
Epoch [62/100] | Loss: 1.6615 (Cls: 1.6618, TAL: -0.0117, Adv: 0.0006) | Train Acc: 0.9219 | Val Acc: 0.9722 | Val P/R/F1 (Macro): 0.9778/0.9861/0.9802 | LR: 0.000001
Epoch [63/100] | Loss: 1.6065 (Cls: 1.6061, TAL: 0.0142, Adv: 0.0004) | Train Acc: 0.9688 | Val Acc: 0.9722 | Val P/R/F1 (Macro): 0.9778/0.9861/0.9802 | LR: 0.000001
Epoch [64/100] | Loss: 1.6314 (Cls: 1.6301, TAL: 0.0425, Adv: 0.0004) | Train Acc: 0.9766 | Val Acc: 0.9722 | Val P/R/F1 (Macro): 0.9778/0.9861/0.9802 | LR: 0.000001
Epoch [65/100] | Loss: 1.6871 (Cls: 1.6859, TAL: 0.0394, Adv: 0.0003) | Train Acc: 0.9531 | Val Acc: 0.9722 | Val P/R/F1 (Macro): 0.9778/0.9861/0.9802 | LR: 0.000001
Epoch [66/100] | Loss: 1.5505 (Cls: 1.5501, TAL: 0.0138, Adv: 0.0005) | Train Acc: 0.9531 | Val Acc: 0.9722 | Val P/R/F1 (Macro): 0.9778/0.9861/0.9802 | LR: 0.000001
Epoch [67/100] | Loss: 1.6190 (Cls: 1.6197, TAL: -0.0241, Adv: 0.0005) | Train Acc: 0.9766 | Val Acc: 0.9722 | Val P/R/F1 (Macro): 0.9778/0.9861/0.9802 | LR: 0.000001
Epoch [68/100] | Loss: 1.5892 (Cls: 1.5874, TAL: 0.0592, Adv: 0.0005) | Train Acc: 0.9766 | Val Acc: 0.9722 | Val P/R/F1 (Macro): 0.9778/0.9861/0.9802 | LR: 0.000001
Epoch [69/100] | Loss: 1.5988 (Cls: 1.5988, TAL: 0.0003, Adv: 0.0003) | Train Acc: 0.9688 | Val Acc: 0.9722 | Val P/R/F1 (Macro): 0.9778/0.9861/0.9802 | LR: 0.000001
Epoch [70/100] | Loss: 1.6096 (Cls: 1.6102, TAL: -0.0211, Adv: 0.0003) | Train Acc: 0.9688 | Val Acc: 0.9722 | Val P/R/F1 (Macro): 0.9778/0.9861/0.9802 | LR: 0.000001
Epoch [71/100] | Loss: 1.5420 (Cls: 1.5412, TAL: 0.0265, Adv: 0.0005) | Train Acc: 0.9766 | Val Acc: 0.9722 | Val P/R/F1 (Macro): 0.9778/0.9861/0.9802 | LR: 0.000001
Epoch [72/100] | Loss: 1.5539 (Cls: 1.5546, TAL: -0.0241, Adv: 0.0003) | Train Acc: 0.9844 | Val Acc: 0.9722 | Val P/R/F1 (Macro): 0.9778/0.9861/0.9802 | LR: 0.000001
Epoch [73/100] | Loss: 1.5643 (Cls: 1.5643, TAL: 0.0002, Adv: 0.0004) | Train Acc: 0.9688 | Val Acc: 0.9722 | Val P/R/F1 (Macro): 0.9778/0.9861/0.9802 | LR: 0.000001
Epoch [74/100] | Loss: 1.5877 (Cls: 1.5866, TAL: 0.0380, Adv: 0.0004) | Train Acc: 0.9688 | Val Acc: 0.9722 | Val P/R/F1 (Macro): 0.9778/0.9861/0.9802 | LR: 0.000001
Epoch [75/100] | Loss: 1.5848 (Cls: 1.5860, TAL: -0.0394, Adv: 0.0004) | Train Acc: 0.9922 | Val Acc: 0.9722 | Val P/R/F1 (Macro): 0.9778/0.9861/0.9802 | LR: 0.000001
Epoch [76/100] | Loss: 1.6595 (Cls: 1.6579, TAL: 0.0543, Adv: 0.0003) | Train Acc: 0.9531 | Val Acc: 0.9722 | Val P/R/F1 (Macro): 0.9778/0.9861/0.9802 | LR: 0.000001
Epoch [77/100] | Loss: 1.7032 (Cls: 1.7027, TAL: 0.0164, Adv: 0.0004) | Train Acc: 0.9375 | Val Acc: 0.9722 | Val P/R/F1 (Macro): 0.9778/0.9861/0.9802 | LR: 0.000001
Epoch [78/100] | Loss: 1.6240 (Cls: 1.6222, TAL: 0.0615, Adv: 0.0003) | Train Acc: 0.9609 | Val Acc: 0.9722 | Val P/R/F1 (Macro): 0.9778/0.9861/0.9802 | LR: 0.000001
Epoch [79/100] | Loss: 1.5601 (Cls: 1.5608, TAL: -0.0233, Adv: 0.0004) | Train Acc: 0.9766 | Val Acc: 0.9722 | Val P/R/F1 (Macro): 0.9778/0.9861/0.9802 | LR: 0.000001
Epoch [80/100] | Loss: 1.6264 (Cls: 1.6255, TAL: 0.0320, Adv: 0.0003) | Train Acc: 0.9531 | Val Acc: 0.9722 | Val P/R/F1 (Macro): 0.9778/0.9861/0.9802 | LR: 0.000001
Epoch [81/100] | Loss: 1.5634 (Cls: 1.5616, TAL: 0.0591, Adv: 0.0005) | Train Acc: 0.9844 | Val Acc: 0.9722 | Val P/R/F1 (Macro): 0.9778/0.9861/0.9802 | LR: 0.000001
Epoch [82/100] | Loss: 1.5789 (Cls: 1.5785, TAL: 0.0133, Adv: 0.0003) | Train Acc: 0.9766 | Val Acc: 0.9722 | Val P/R/F1 (Macro): 0.9778/0.9861/0.9802 | LR: 0.000001
Epoch [83/100] | Loss: 1.5734 (Cls: 1.5730, TAL: 0.0161, Adv: 0.0003) | Train Acc: 0.9766 | Val Acc: 0.9722 | Val P/R/F1 (Macro): 0.9778/0.9861/0.9802 | LR: 0.000001
Epoch [84/100] | Loss: 1.6004 (Cls: 1.5989, TAL: 0.0498, Adv: 0.0006) | Train Acc: 0.9531 | Val Acc: 0.9722 | Val P/R/F1 (Macro): 0.9778/0.9861/0.9802 | LR: 0.000001
Epoch [85/100] | Loss: 1.6169 (Cls: 1.6170, TAL: -0.0057, Adv: 0.0003) | Train Acc: 0.9609 | Val Acc: 0.9722 | Val P/R/F1 (Macro): 0.9778/0.9861/0.9802 | LR: 0.000001
Epoch [86/100] | Loss: 1.6545 (Cls: 1.6554, TAL: -0.0277, Adv: 0.0003) | Train Acc: 0.9219 | Val Acc: 0.9722 | Val P/R/F1 (Macro): 0.9778/0.9861/0.9802 | LR: 0.000001
Epoch [87/100] | Loss: 1.6047 (Cls: 1.6046, TAL: 0.0036, Adv: 0.0004) | Train Acc: 0.9453 | Val Acc: 0.9722 | Val P/R/F1 (Macro): 0.9778/0.9861/0.9802 | LR: 0.000001
Epoch [88/100] | Loss: 1.6169 (Cls: 1.6159, TAL: 0.0328, Adv: 0.0003) | Train Acc: 0.9531 | Val Acc: 0.9722 | Val P/R/F1 (Macro): 0.9778/0.9861/0.9802 | LR: 0.000001
Epoch [89/100] | Loss: 1.5487 (Cls: 1.5507, TAL: -0.0671, Adv: 0.0003) | Train Acc: 0.9688 | Val Acc: 0.9722 | Val P/R/F1 (Macro): 0.9778/0.9861/0.9802 | LR: 0.000001
Epoch [90/100] | Loss: 1.5858 (Cls: 1.5846, TAL: 0.0417, Adv: 0.0003) | Train Acc: 0.9688 | Val Acc: 0.9722 | Val P/R/F1 (Macro): 0.9778/0.9861/0.9802 | LR: 0.000001
Epoch [91/100] | Loss: 1.6282 (Cls: 1.6291, TAL: -0.0300, Adv: 0.0002) | Train Acc: 0.9531 | Val Acc: 0.9722 | Val P/R/F1 (Macro): 0.9778/0.9861/0.9802 | LR: 0.000001
Epoch [92/100] | Loss: 1.5725 (Cls: 1.5729, TAL: -0.0125, Adv: 0.0003) | Train Acc: 0.9766 | Val Acc: 0.9722 | Val P/R/F1 (Macro): 0.9778/0.9861/0.9802 | LR: 0.000001
Epoch [93/100] | Loss: 1.5812 (Cls: 1.5808, TAL: 0.0140, Adv: 0.0005) | Train Acc: 0.9766 | Val Acc: 0.9722 | Val P/R/F1 (Macro): 0.9778/0.9861/0.9802 | LR: 0.000001
Epoch [94/100] | Loss: 1.6268 (Cls: 1.6268, TAL: 0.0014, Adv: 0.0003) | Train Acc: 0.9531 | Val Acc: 0.9722 | Val P/R/F1 (Macro): 0.9778/0.9861/0.9802 | LR: 0.000001
Epoch [95/100] | Loss: 1.6079 (Cls: 1.6075, TAL: 0.0124, Adv: 0.0003) | Train Acc: 0.9688 | Val Acc: 0.9722 | Val P/R/F1 (Macro): 0.9778/0.9861/0.9802 | LR: 0.000001
Epoch [96/100] | Loss: 1.5667 (Cls: 1.5670, TAL: -0.0130, Adv: 0.0003) | Train Acc: 0.9922 | Val Acc: 0.9722 | Val P/R/F1 (Macro): 0.9778/0.9861/0.9802 | LR: 0.000001
Epoch [97/100] | Loss: 1.6330 (Cls: 1.6314, TAL: 0.0533, Adv: 0.0004) | Train Acc: 0.9297 | Val Acc: 0.9722 | Val P/R/F1 (Macro): 0.9778/0.9861/0.9802 | LR: 0.000001
Epoch [98/100] | Loss: 1.5506 (Cls: 1.5503, TAL: 0.0121, Adv: 0.0002) | Train Acc: 0.9844 | Val Acc: 0.9722 | Val P/R/F1 (Macro): 0.9778/0.9861/0.9802 | LR: 0.000001
Epoch [99/100] | Loss: 1.5544 (Cls: 1.5538, TAL: 0.0223, Adv: 0.0002) | Train Acc: 0.9844 | Val Acc: 0.9722 | Val P/R/F1 (Macro): 0.9778/0.9861/0.9802 | LR: 0.000001
Epoch [100/100] | Loss: 1.5528 (Cls: 1.5510, TAL: 0.0602, Adv: 0.0002) | Train Acc: 0.9766 | Val Acc: 0.9722 | Val P/R/F1 (Macro): 0.9778/0.9861/0.9802 | LR: 0.000001
Report strategy: last_window, window=10, reported_acc=0.9722, best_acc=0.9722

迭代 2 报告指标:
  Accuracy: 0.9722
  Precision (Macro): 0.9778
  Recall (Macro): 0.9861
  F1 (Macro): 0.9802
  Precision (Micro): 0.9722
  Recall (Micro): 0.9722
  F1 (Micro): 0.9722
  Val class coverage: 9/14 (0.6429), samples=36

================================================================================
迭代 3/5
随机种子: 44
================================================================================
Training mode: unpaired target adaptation with controlled target-label loss (ratio=0.78, weight=1.35).
Fixed labeled target subset: 100/128 samples.
INFO:Tensor:参数初始化完成：正交初始化
Feature fusion: Tensor alignment (512+512 -> 128+128); fused_dim=256
Domain adaptation: standard source-target adversarial training, no generator
Loss weights: tensor=0.03, adv=0.03
Epoch [1/100] | Loss: 6.8520 (Cls: 6.8159, TAL: 0.2651, Adv: 0.9385) | Train Acc: 0.1172 | Val Acc: 0.2222 | Val P/R/F1 (Macro): 0.0828/0.1630/0.1001 | LR: 0.000010
  >>> New Best Val Acc: 0.2222
Epoch [2/100] | Loss: 5.2001 (Cls: 5.1796, TAL: 0.2642, Adv: 0.4197) | Train Acc: 0.1641 | Val Acc: 0.3056 | Val P/R/F1 (Macro): 0.1547/0.2083/0.1477 | LR: 0.000010
  >>> New Best Val Acc: 0.3056
Epoch [3/100] | Loss: 4.7511 (Cls: 4.7413, TAL: 0.1445, Adv: 0.1823) | Train Acc: 0.2109 | Val Acc: 0.4722 | Val P/R/F1 (Macro): 0.1620/0.2972/0.2068 | LR: 0.000010
  >>> New Best Val Acc: 0.4722
Epoch [4/100] | Loss: 4.1541 (Cls: 4.1482, TAL: 0.0925, Adv: 0.1042) | Train Acc: 0.2891 | Val Acc: 0.3333 | Val P/R/F1 (Macro): 0.1315/0.2269/0.1472 | LR: 0.000010
Epoch [5/100] | Loss: 4.1578 (Cls: 4.1524, TAL: 0.1280, Adv: 0.0504) | Train Acc: 0.3438 | Val Acc: 0.6389 | Val P/R/F1 (Macro): 0.3806/0.5009/0.4290 | LR: 0.000010
  >>> New Best Val Acc: 0.6389
Epoch [6/100] | Loss: 3.6861 (Cls: 3.6810, TAL: 0.1350, Adv: 0.0334) | Train Acc: 0.3594 | Val Acc: 0.6944 | Val P/R/F1 (Macro): 0.6309/0.5750/0.5472 | LR: 0.000010
  >>> New Best Val Acc: 0.6944
Epoch [7/100] | Loss: 3.6311 (Cls: 3.6274, TAL: 0.0960, Adv: 0.0261) | Train Acc: 0.3281 | Val Acc: 0.7778 | Val P/R/F1 (Macro): 0.6306/0.6269/0.6052 | LR: 0.000010
  >>> New Best Val Acc: 0.7778
Epoch [8/100] | Loss: 3.2017 (Cls: 3.1976, TAL: 0.1185, Adv: 0.0180) | Train Acc: 0.4297 | Val Acc: 0.8333 | Val P/R/F1 (Macro): 0.8028/0.7694/0.7523 | LR: 0.000010
  >>> New Best Val Acc: 0.8333
Epoch [9/100] | Loss: 3.1204 (Cls: 3.1182, TAL: 0.0595, Adv: 0.0127) | Train Acc: 0.5391 | Val Acc: 0.8611 | Val P/R/F1 (Macro): 0.8065/0.7917/0.7838 | LR: 0.000010
  >>> New Best Val Acc: 0.8611
Epoch [10/100] | Loss: 3.0012 (Cls: 3.0006, TAL: 0.0134, Adv: 0.0094) | Train Acc: 0.5547 | Val Acc: 0.8056 | Val P/R/F1 (Macro): 0.7818/0.7602/0.7553 | LR: 0.000010
Epoch [11/100] | Loss: 3.1268 (Cls: 3.1268, TAL: -0.0100, Adv: 0.0102) | Train Acc: 0.4531 | Val Acc: 0.7778 | Val P/R/F1 (Macro): 0.7519/0.7139/0.7075 | LR: 0.000010
Epoch [12/100] | Loss: 2.9758 (Cls: 2.9798, TAL: -0.1402, Adv: 0.0059) | Train Acc: 0.5625 | Val Acc: 0.8889 | Val P/R/F1 (Macro): 0.9278/0.9083/0.9026 | LR: 0.000010
  >>> New Best Val Acc: 0.8889
Epoch [13/100] | Loss: 2.7996 (Cls: 2.8011, TAL: -0.0559, Adv: 0.0066) | Train Acc: 0.5469 | Val Acc: 0.8889 | Val P/R/F1 (Macro): 0.8265/0.8111/0.8048 | LR: 0.000010
Epoch [14/100] | Loss: 2.5659 (Cls: 2.5637, TAL: 0.0704, Adv: 0.0051) | Train Acc: 0.6641 | Val Acc: 0.8333 | Val P/R/F1 (Macro): 0.7829/0.7880/0.7738 | LR: 0.000010
Epoch [15/100] | Loss: 2.6816 (Cls: 2.6835, TAL: -0.0691, Adv: 0.0039) | Train Acc: 0.5859 | Val Acc: 0.9167 | Val P/R/F1 (Macro): 0.9397/0.9361/0.9311 | LR: 0.000010
  >>> New Best Val Acc: 0.9167
Epoch [16/100] | Loss: 2.3886 (Cls: 2.3894, TAL: -0.0295, Adv: 0.0041) | Train Acc: 0.7266 | Val Acc: 0.8889 | Val P/R/F1 (Macro): 0.8759/0.9222/0.8761 | LR: 0.000010
Epoch [17/100] | Loss: 2.4222 (Cls: 2.4261, TAL: -0.1309, Adv: 0.0032) | Train Acc: 0.6797 | Val Acc: 0.8333 | Val P/R/F1 (Macro): 0.8667/0.8806/0.8349 | LR: 0.000010
Epoch [18/100] | Loss: 2.2457 (Cls: 2.2499, TAL: -0.1441, Adv: 0.0029) | Train Acc: 0.7188 | Val Acc: 0.9167 | Val P/R/F1 (Macro): 0.9500/0.9306/0.9273 | LR: 0.000010
Epoch [19/100] | Loss: 2.3415 (Cls: 2.3438, TAL: -0.0808, Adv: 0.0031) | Train Acc: 0.7188 | Val Acc: 0.9444 | Val P/R/F1 (Macro): 0.9619/0.9583/0.9558 | LR: 0.000010
  >>> New Best Val Acc: 0.9444
Epoch [20/100] | Loss: 2.2198 (Cls: 2.2212, TAL: -0.0509, Adv: 0.0032) | Train Acc: 0.6953 | Val Acc: 0.9444 | Val P/R/F1 (Macro): 0.9619/0.9583/0.9558 | LR: 0.000010
Epoch [21/100] | Loss: 2.1709 (Cls: 2.1723, TAL: -0.0508, Adv: 0.0043) | Train Acc: 0.7500 | Val Acc: 0.9167 | Val P/R/F1 (Macro): 0.9407/0.9361/0.9298 | LR: 0.000010
Epoch [22/100] | Loss: 2.1008 (Cls: 2.0992, TAL: 0.0500, Adv: 0.0026) | Train Acc: 0.7969 | Val Acc: 0.9167 | Val P/R/F1 (Macro): 0.9397/0.9361/0.9311 | LR: 0.000010
Epoch [23/100] | Loss: 2.1502 (Cls: 2.1471, TAL: 0.1020, Adv: 0.0023) | Train Acc: 0.8359 | Val Acc: 0.9722 | Val P/R/F1 (Macro): 0.9778/0.9778/0.9753 | LR: 0.000010
  >>> New Best Val Acc: 0.9722
Epoch [24/100] | Loss: 2.0990 (Cls: 2.0938, TAL: 0.1726, Adv: 0.0030) | Train Acc: 0.8203 | Val Acc: 0.9444 | Val P/R/F1 (Macro): 0.9656/0.9583/0.9581 | LR: 0.000010
Epoch [25/100] | Loss: 2.0444 (Cls: 2.0386, TAL: 0.1901, Adv: 0.0035) | Train Acc: 0.8438 | Val Acc: 0.9167 | Val P/R/F1 (Macro): 0.8472/0.8472/0.8433 | LR: 0.000010
Epoch [26/100] | Loss: 2.1515 (Cls: 2.1450, TAL: 0.2158, Adv: 0.0028) | Train Acc: 0.7500 | Val Acc: 0.9444 | Val P/R/F1 (Macro): 0.9722/0.9583/0.9608 | LR: 0.000010
Epoch [27/100] | Loss: 1.9605 (Cls: 1.9555, TAL: 0.1624, Adv: 0.0029) | Train Acc: 0.8359 | Val Acc: 0.9167 | Val P/R/F1 (Macro): 0.9630/0.9306/0.9333 | LR: 0.000010
Epoch [28/100] | Loss: 1.9847 (Cls: 1.9818, TAL: 0.0955, Adv: 0.0024) | Train Acc: 0.8594 | Val Acc: 0.9722 | Val P/R/F1 (Macro): 0.9841/0.9861/0.9840 | LR: 0.000010
Epoch [29/100] | Loss: 1.9113 (Cls: 1.9112, TAL: -0.0005, Adv: 0.0032) | Train Acc: 0.8281 | Val Acc: 0.9722 | Val P/R/F1 (Macro): 0.9841/0.9861/0.9840 | LR: 0.000010
Epoch [30/100] | Loss: 1.9784 (Cls: 1.9763, TAL: 0.0666, Adv: 0.0032) | Train Acc: 0.8359 | Val Acc: 0.9722 | Val P/R/F1 (Macro): 0.9778/0.9778/0.9753 | LR: 0.000010
Epoch [31/100] | Loss: 1.9326 (Cls: 1.9288, TAL: 0.1233, Adv: 0.0031) | Train Acc: 0.8438 | Val Acc: 0.9444 | Val P/R/F1 (Macro): 0.9619/0.9639/0.9594 | LR: 0.000010
Epoch [32/100] | Loss: 1.9442 (Cls: 1.9397, TAL: 0.1471, Adv: 0.0023) | Train Acc: 0.8438 | Val Acc: 1.0000 | Val P/R/F1 (Macro): 1.0000/1.0000/1.0000 | LR: 0.000010
  >>> New Best Val Acc: 1.0000
Epoch [33/100] | Loss: 1.7406 (Cls: 1.7368, TAL: 0.1225, Adv: 0.0032) | Train Acc: 0.9297 | Val Acc: 1.0000 | Val P/R/F1 (Macro): 1.0000/1.0000/1.0000 | LR: 0.000010
Epoch [34/100] | Loss: 1.8301 (Cls: 1.8259, TAL: 0.1355, Adv: 0.0029) | Train Acc: 0.8672 | Val Acc: 1.0000 | Val P/R/F1 (Macro): 1.0000/1.0000/1.0000 | LR: 0.000010
Epoch [35/100] | Loss: 1.8262 (Cls: 1.8206, TAL: 0.1828, Adv: 0.0029) | Train Acc: 0.8984 | Val Acc: 0.9444 | Val P/R/F1 (Macro): 0.9619/0.9639/0.9594 | LR: 0.000010
Epoch [36/100] | Loss: 1.8490 (Cls: 1.8422, TAL: 0.2263, Adv: 0.0018) | Train Acc: 0.8516 | Val Acc: 1.0000 | Val P/R/F1 (Macro): 1.0000/1.0000/1.0000 | LR: 0.000010
Epoch [37/100] | Loss: 1.7681 (Cls: 1.7638, TAL: 0.1404, Adv: 0.0026) | Train Acc: 0.9141 | Val Acc: 0.9722 | Val P/R/F1 (Macro): 0.9877/0.9722/0.9776 | LR: 0.000010
Epoch [38/100] | Loss: 1.8712 (Cls: 1.8686, TAL: 0.0822, Adv: 0.0020) | Train Acc: 0.8906 | Val Acc: 0.9444 | Val P/R/F1 (Macro): 0.9656/0.9583/0.9581 | LR: 0.000010
Epoch [39/100] | Loss: 2.0889 (Cls: 2.0893, TAL: -0.0150, Adv: 0.0019) | Train Acc: 0.7891 | Val Acc: 0.9444 | Val P/R/F1 (Macro): 0.9722/0.9583/0.9608 | LR: 0.000010
Epoch [40/100] | Loss: 1.7902 (Cls: 1.7891, TAL: 0.0336, Adv: 0.0019) | Train Acc: 0.8906 | Val Acc: 0.9722 | Val P/R/F1 (Macro): 0.9841/0.9861/0.9840 | LR: 0.000010
Epoch [41/100] | Loss: 1.6883 (Cls: 1.6897, TAL: -0.0505, Adv: 0.0020) | Train Acc: 0.9375 | Val Acc: 1.0000 | Val P/R/F1 (Macro): 1.0000/1.0000/1.0000 | LR: 0.000010
Epoch [42/100] | Loss: 1.7409 (Cls: 1.7420, TAL: -0.0375, Adv: 0.0024) | Train Acc: 0.8984 | Val Acc: 1.0000 | Val P/R/F1 (Macro): 1.0000/1.0000/1.0000 | LR: 0.000010
Epoch [43/100] | Loss: 1.8029 (Cls: 1.8027, TAL: 0.0059, Adv: 0.0020) | Train Acc: 0.8984 | Val Acc: 1.0000 | Val P/R/F1 (Macro): 1.0000/1.0000/1.0000 | LR: 0.000005
Epoch [44/100] | Loss: 1.7707 (Cls: 1.7716, TAL: -0.0323, Adv: 0.0022) | Train Acc: 0.8828 | Val Acc: 1.0000 | Val P/R/F1 (Macro): 1.0000/1.0000/1.0000 | LR: 0.000005
Epoch [45/100] | Loss: 1.6499 (Cls: 1.6511, TAL: -0.0491, Adv: 0.0090) | Train Acc: 0.9453 | Val Acc: 1.0000 | Val P/R/F1 (Macro): 1.0000/1.0000/1.0000 | LR: 0.000005
Epoch [46/100] | Loss: 1.8225 (Cls: 1.8223, TAL: 0.0054, Adv: 0.0018) | Train Acc: 0.8594 | Val Acc: 1.0000 | Val P/R/F1 (Macro): 1.0000/1.0000/1.0000 | LR: 0.000005
Epoch [47/100] | Loss: 1.6945 (Cls: 1.6954, TAL: -0.0319, Adv: 0.0016) | Train Acc: 0.9375 | Val Acc: 1.0000 | Val P/R/F1 (Macro): 1.0000/1.0000/1.0000 | LR: 0.000005
Epoch [48/100] | Loss: 1.6890 (Cls: 1.6888, TAL: 0.0073, Adv: 0.0011) | Train Acc: 0.9219 | Val Acc: 0.9722 | Val P/R/F1 (Macro): 0.9841/0.9861/0.9840 | LR: 0.000005
Epoch [49/100] | Loss: 1.6404 (Cls: 1.6391, TAL: 0.0313, Adv: 0.0119) | Train Acc: 0.9297 | Val Acc: 0.9722 | Val P/R/F1 (Macro): 0.9841/0.9861/0.9840 | LR: 0.000005
Epoch [50/100] | Loss: 1.6787 (Cls: 1.6765, TAL: 0.0706, Adv: 0.0056) | Train Acc: 0.9219 | Val Acc: 0.9722 | Val P/R/F1 (Macro): 0.9841/0.9861/0.9840 | LR: 0.000005
Epoch [51/100] | Loss: 1.6401 (Cls: 1.6364, TAL: 0.1237, Adv: 0.0017) | Train Acc: 0.9531 | Val Acc: 1.0000 | Val P/R/F1 (Macro): 1.0000/1.0000/1.0000 | LR: 0.000005
Epoch [52/100] | Loss: 1.6391 (Cls: 1.6363, TAL: 0.0921, Adv: 0.0014) | Train Acc: 0.9531 | Val Acc: 1.0000 | Val P/R/F1 (Macro): 1.0000/1.0000/1.0000 | LR: 0.000005
Epoch [53/100] | Loss: 1.6432 (Cls: 1.6409, TAL: 0.0784, Adv: 0.0009) | Train Acc: 0.9453 | Val Acc: 1.0000 | Val P/R/F1 (Macro): 1.0000/1.0000/1.0000 | LR: 0.000005
Epoch [54/100] | Loss: 1.6303 (Cls: 1.6273, TAL: 0.0992, Adv: 0.0013) | Train Acc: 0.9375 | Val Acc: 0.9722 | Val P/R/F1 (Macro): 0.9841/0.9861/0.9840 | LR: 0.000003
Epoch [55/100] | Loss: 1.6497 (Cls: 1.6456, TAL: 0.1364, Adv: 0.0010) | Train Acc: 0.9688 | Val Acc: 0.9444 | Val P/R/F1 (Macro): 0.9722/0.9583/0.9608 | LR: 0.000003
Epoch [56/100] | Loss: 1.6089 (Cls: 1.6043, TAL: 0.1524, Adv: 0.0011) | Train Acc: 0.9531 | Val Acc: 1.0000 | Val P/R/F1 (Macro): 1.0000/1.0000/1.0000 | LR: 0.000003
Epoch [57/100] | Loss: 1.5972 (Cls: 1.5940, TAL: 0.1053, Adv: 0.0008) | Train Acc: 0.9375 | Val Acc: 1.0000 | Val P/R/F1 (Macro): 1.0000/1.0000/1.0000 | LR: 0.000003
Epoch [58/100] | Loss: 1.6085 (Cls: 1.6043, TAL: 0.1381, Adv: 0.0007) | Train Acc: 0.9609 | Val Acc: 1.0000 | Val P/R/F1 (Macro): 1.0000/1.0000/1.0000 | LR: 0.000003
Epoch [59/100] | Loss: 1.6552 (Cls: 1.6539, TAL: 0.0413, Adv: 0.0008) | Train Acc: 0.9219 | Val Acc: 1.0000 | Val P/R/F1 (Macro): 1.0000/1.0000/1.0000 | LR: 0.000003
Epoch [60/100] | Loss: 1.6190 (Cls: 1.6173, TAL: 0.0559, Adv: 0.0006) | Train Acc: 0.9219 | Val Acc: 1.0000 | Val P/R/F1 (Macro): 1.0000/1.0000/1.0000 | LR: 0.000003
Epoch [61/100] | Loss: 1.5544 (Cls: 1.5518, TAL: 0.0881, Adv: 0.0009) | Train Acc: 0.9688 | Val Acc: 1.0000 | Val P/R/F1 (Macro): 1.0000/1.0000/1.0000 | LR: 0.000003
Epoch [62/100] | Loss: 1.5728 (Cls: 1.5708, TAL: 0.0675, Adv: 0.0005) | Train Acc: 0.9766 | Val Acc: 1.0000 | Val P/R/F1 (Macro): 1.0000/1.0000/1.0000 | LR: 0.000003
Epoch [63/100] | Loss: 1.5685 (Cls: 1.5675, TAL: 0.0312, Adv: 0.0005) | Train Acc: 0.9766 | Val Acc: 1.0000 | Val P/R/F1 (Macro): 1.0000/1.0000/1.0000 | LR: 0.000003
Epoch [64/100] | Loss: 1.6744 (Cls: 1.6719, TAL: 0.0804, Adv: 0.0011) | Train Acc: 0.9375 | Val Acc: 1.0000 | Val P/R/F1 (Macro): 1.0000/1.0000/1.0000 | LR: 0.000003
Epoch [65/100] | Loss: 1.5896 (Cls: 1.5896, TAL: -0.0015, Adv: 0.0008) | Train Acc: 0.9609 | Val Acc: 0.9722 | Val P/R/F1 (Macro): 0.9841/0.9861/0.9840 | LR: 0.000001
Epoch [66/100] | Loss: 1.6273 (Cls: 1.6263, TAL: 0.0345, Adv: 0.0005) | Train Acc: 0.9297 | Val Acc: 1.0000 | Val P/R/F1 (Macro): 1.0000/1.0000/1.0000 | LR: 0.000001
Epoch [67/100] | Loss: 1.5809 (Cls: 1.5799, TAL: 0.0315, Adv: 0.0006) | Train Acc: 0.9688 | Val Acc: 1.0000 | Val P/R/F1 (Macro): 1.0000/1.0000/1.0000 | LR: 0.000001
Epoch [68/100] | Loss: 1.5812 (Cls: 1.5816, TAL: -0.0140, Adv: 0.0007) | Train Acc: 0.9453 | Val Acc: 1.0000 | Val P/R/F1 (Macro): 1.0000/1.0000/1.0000 | LR: 0.000001
Epoch [69/100] | Loss: 1.5768 (Cls: 1.5761, TAL: 0.0232, Adv: 0.0007) | Train Acc: 0.9688 | Val Acc: 1.0000 | Val P/R/F1 (Macro): 1.0000/1.0000/1.0000 | LR: 0.000001
Epoch [70/100] | Loss: 1.5644 (Cls: 1.5645, TAL: -0.0044, Adv: 0.0006) | Train Acc: 0.9844 | Val Acc: 1.0000 | Val P/R/F1 (Macro): 1.0000/1.0000/1.0000 | LR: 0.000001
Epoch [71/100] | Loss: 1.5825 (Cls: 1.5818, TAL: 0.0224, Adv: 0.0004) | Train Acc: 0.9688 | Val Acc: 1.0000 | Val P/R/F1 (Macro): 1.0000/1.0000/1.0000 | LR: 0.000001
Epoch [72/100] | Loss: 1.5840 (Cls: 1.5845, TAL: -0.0176, Adv: 0.0007) | Train Acc: 0.9766 | Val Acc: 1.0000 | Val P/R/F1 (Macro): 1.0000/1.0000/1.0000 | LR: 0.000001
Epoch [73/100] | Loss: 1.5902 (Cls: 1.5899, TAL: 0.0108, Adv: 0.0004) | Train Acc: 0.9688 | Val Acc: 1.0000 | Val P/R/F1 (Macro): 1.0000/1.0000/1.0000 | LR: 0.000001
Epoch [74/100] | Loss: 1.6051 (Cls: 1.6041, TAL: 0.0328, Adv: 0.0005) | Train Acc: 0.9688 | Val Acc: 1.0000 | Val P/R/F1 (Macro): 1.0000/1.0000/1.0000 | LR: 0.000001
Epoch [75/100] | Loss: 1.5555 (Cls: 1.5570, TAL: -0.0484, Adv: 0.0005) | Train Acc: 0.9844 | Val Acc: 1.0000 | Val P/R/F1 (Macro): 1.0000/1.0000/1.0000 | LR: 0.000001
Epoch [76/100] | Loss: 1.5572 (Cls: 1.5579, TAL: -0.0235, Adv: 0.0009) | Train Acc: 0.9844 | Val Acc: 1.0000 | Val P/R/F1 (Macro): 1.0000/1.0000/1.0000 | LR: 0.000001
Epoch [77/100] | Loss: 1.4924 (Cls: 1.4920, TAL: 0.0116, Adv: 0.0004) | Train Acc: 0.9922 | Val Acc: 1.0000 | Val P/R/F1 (Macro): 1.0000/1.0000/1.0000 | LR: 0.000001
Epoch [78/100] | Loss: 1.5331 (Cls: 1.5324, TAL: 0.0249, Adv: 0.0006) | Train Acc: 0.9609 | Val Acc: 1.0000 | Val P/R/F1 (Macro): 1.0000/1.0000/1.0000 | LR: 0.000001
Epoch [79/100] | Loss: 1.5449 (Cls: 1.5450, TAL: -0.0055, Adv: 0.0006) | Train Acc: 0.9766 | Val Acc: 1.0000 | Val P/R/F1 (Macro): 1.0000/1.0000/1.0000 | LR: 0.000001
Epoch [80/100] | Loss: 1.5221 (Cls: 1.5227, TAL: -0.0212, Adv: 0.0003) | Train Acc: 0.9922 | Val Acc: 1.0000 | Val P/R/F1 (Macro): 1.0000/1.0000/1.0000 | LR: 0.000001
Epoch [81/100] | Loss: 1.5706 (Cls: 1.5713, TAL: -0.0225, Adv: 0.0006) | Train Acc: 0.9453 | Val Acc: 1.0000 | Val P/R/F1 (Macro): 1.0000/1.0000/1.0000 | LR: 0.000001
Epoch [82/100] | Loss: 1.5574 (Cls: 1.5559, TAL: 0.0516, Adv: 0.0007) | Train Acc: 0.9531 | Val Acc: 1.0000 | Val P/R/F1 (Macro): 1.0000/1.0000/1.0000 | LR: 0.000001
Epoch [83/100] | Loss: 1.5306 (Cls: 1.5323, TAL: -0.0596, Adv: 0.0003) | Train Acc: 0.9766 | Val Acc: 1.0000 | Val P/R/F1 (Macro): 1.0000/1.0000/1.0000 | LR: 0.000001
Epoch [84/100] | Loss: 1.5580 (Cls: 1.5564, TAL: 0.0525, Adv: 0.0003) | Train Acc: 0.9609 | Val Acc: 1.0000 | Val P/R/F1 (Macro): 1.0000/1.0000/1.0000 | LR: 0.000001
Epoch [85/100] | Loss: 1.5317 (Cls: 1.5331, TAL: -0.0488, Adv: 0.0003) | Train Acc: 0.9922 | Val Acc: 1.0000 | Val P/R/F1 (Macro): 1.0000/1.0000/1.0000 | LR: 0.000001
Epoch [86/100] | Loss: 1.5659 (Cls: 1.5657, TAL: 0.0088, Adv: 0.0003) | Train Acc: 0.9688 | Val Acc: 1.0000 | Val P/R/F1 (Macro): 1.0000/1.0000/1.0000 | LR: 0.000001
Epoch [87/100] | Loss: 1.5320 (Cls: 1.5302, TAL: 0.0592, Adv: 0.0004) | Train Acc: 0.9766 | Val Acc: 1.0000 | Val P/R/F1 (Macro): 1.0000/1.0000/1.0000 | LR: 0.000001
Epoch [88/100] | Loss: 1.5576 (Cls: 1.5561, TAL: 0.0489, Adv: 0.0004) | Train Acc: 0.9609 | Val Acc: 1.0000 | Val P/R/F1 (Macro): 1.0000/1.0000/1.0000 | LR: 0.000001
Epoch [89/100] | Loss: 1.5330 (Cls: 1.5314, TAL: 0.0551, Adv: 0.0003) | Train Acc: 0.9844 | Val Acc: 1.0000 | Val P/R/F1 (Macro): 1.0000/1.0000/1.0000 | LR: 0.000001
Epoch [90/100] | Loss: 1.5543 (Cls: 1.5540, TAL: 0.0112, Adv: 0.0003) | Train Acc: 0.9844 | Val Acc: 1.0000 | Val P/R/F1 (Macro): 1.0000/1.0000/1.0000 | LR: 0.000001
Epoch [91/100] | Loss: 1.5905 (Cls: 1.5895, TAL: 0.0361, Adv: 0.0003) | Train Acc: 0.9688 | Val Acc: 1.0000 | Val P/R/F1 (Macro): 1.0000/1.0000/1.0000 | LR: 0.000001
Epoch [92/100] | Loss: 1.5197 (Cls: 1.5194, TAL: 0.0089, Adv: 0.0021) | Train Acc: 0.9688 | Val Acc: 1.0000 | Val P/R/F1 (Macro): 1.0000/1.0000/1.0000 | LR: 0.000001
Epoch [93/100] | Loss: 1.5164 (Cls: 1.5176, TAL: -0.0383, Adv: 0.0003) | Train Acc: 0.9922 | Val Acc: 1.0000 | Val P/R/F1 (Macro): 1.0000/1.0000/1.0000 | LR: 0.000001
Epoch [94/100] | Loss: 1.5165 (Cls: 1.5168, TAL: -0.0097, Adv: 0.0006) | Train Acc: 1.0000 | Val Acc: 1.0000 | Val P/R/F1 (Macro): 1.0000/1.0000/1.0000 | LR: 0.000001
Epoch [95/100] | Loss: 1.5737 (Cls: 1.5737, TAL: 0.0006, Adv: 0.0002) | Train Acc: 0.9531 | Val Acc: 1.0000 | Val P/R/F1 (Macro): 1.0000/1.0000/1.0000 | LR: 0.000001
Epoch [96/100] | Loss: 1.5307 (Cls: 1.5297, TAL: 0.0316, Adv: 0.0003) | Train Acc: 0.9844 | Val Acc: 1.0000 | Val P/R/F1 (Macro): 1.0000/1.0000/1.0000 | LR: 0.000001
Epoch [97/100] | Loss: 1.5443 (Cls: 1.5450, TAL: -0.0252, Adv: 0.0002) | Train Acc: 0.9688 | Val Acc: 1.0000 | Val P/R/F1 (Macro): 1.0000/1.0000/1.0000 | LR: 0.000001
Epoch [98/100] | Loss: 1.5110 (Cls: 1.5104, TAL: 0.0215, Adv: 0.0003) | Train Acc: 0.9844 | Val Acc: 1.0000 | Val P/R/F1 (Macro): 1.0000/1.0000/1.0000 | LR: 0.000001
Epoch [99/100] | Loss: 1.6035 (Cls: 1.6025, TAL: 0.0315, Adv: 0.0003) | Train Acc: 0.9375 | Val Acc: 1.0000 | Val P/R/F1 (Macro): 1.0000/1.0000/1.0000 | LR: 0.000001
Epoch [100/100] | Loss: 1.4961 (Cls: 1.4958, TAL: 0.0096, Adv: 0.0003) | Train Acc: 0.9922 | Val Acc: 1.0000 | Val P/R/F1 (Macro): 1.0000/1.0000/1.0000 | LR: 0.000001
Report strategy: last_window, window=10, reported_acc=1.0000, best_acc=1.0000

迭代 3 报告指标:
  Accuracy: 1.0000
  Precision (Macro): 1.0000
  Recall (Macro): 1.0000
  F1 (Macro): 1.0000
  Precision (Micro): 1.0000
  Recall (Micro): 1.0000
  F1 (Micro): 1.0000
  Val class coverage: 9/14 (0.6429), samples=36

================================================================================
迭代 4/5
随机种子: 45
================================================================================
Training mode: unpaired target adaptation with controlled target-label loss (ratio=0.78, weight=1.35).
Fixed labeled target subset: 100/128 samples.
INFO:Tensor:参数初始化完成：正交初始化
Feature fusion: Tensor alignment (512+512 -> 128+128); fused_dim=256
Domain adaptation: standard source-target adversarial training, no generator
Loss weights: tensor=0.03, adv=0.03
Epoch [1/100] | Loss: 7.3540 (Cls: 7.3343, TAL: 0.0285, Adv: 0.6262) | Train Acc: 0.0781 | Val Acc: 0.1111 | Val P/R/F1 (Macro): 0.0802/0.0778/0.0696 | LR: 0.000010
  >>> New Best Val Acc: 0.1111
Epoch [2/100] | Loss: 5.3875 (Cls: 5.3769, TAL: -0.0366, Adv: 0.3887) | Train Acc: 0.1094 | Val Acc: 0.4722 | Val P/R/F1 (Macro): 0.2972/0.3380/0.2899 | LR: 0.000010
  >>> New Best Val Acc: 0.4722
Epoch [3/100] | Loss: 4.8459 (Cls: 4.8446, TAL: -0.2009, Adv: 0.2431) | Train Acc: 0.2188 | Val Acc: 0.2222 | Val P/R/F1 (Macro): 0.0615/0.1528/0.0753 | LR: 0.000010
Epoch [4/100] | Loss: 4.6097 (Cls: 4.6108, TAL: -0.1549, Adv: 0.1175) | Train Acc: 0.2266 | Val Acc: 0.3056 | Val P/R/F1 (Macro): 0.1976/0.2361/0.1802 | LR: 0.000010
Epoch [5/100] | Loss: 4.2827 (Cls: 4.2858, TAL: -0.1582, Adv: 0.0559) | Train Acc: 0.3203 | Val Acc: 0.3889 | Val P/R/F1 (Macro): 0.2093/0.2778/0.2134 | LR: 0.000010
Epoch [6/100] | Loss: 3.8028 (Cls: 3.8056, TAL: -0.1342, Adv: 0.0414) | Train Acc: 0.4062 | Val Acc: 0.5833 | Val P/R/F1 (Macro): 0.5614/0.4454/0.4492 | LR: 0.000010
  >>> New Best Val Acc: 0.5833
Epoch [7/100] | Loss: 3.6263 (Cls: 3.6297, TAL: -0.1308, Adv: 0.0199) | Train Acc: 0.3984 | Val Acc: 0.8611 | Val P/R/F1 (Macro): 0.8175/0.7917/0.7879 | LR: 0.000010
  >>> New Best Val Acc: 0.8611
Epoch [8/100] | Loss: 3.5884 (Cls: 3.5906, TAL: -0.0872, Adv: 0.0142) | Train Acc: 0.4688 | Val Acc: 0.8056 | Val P/R/F1 (Macro): 0.6797/0.6620/0.6550 | LR: 0.000010
Epoch [9/100] | Loss: 3.1277 (Cls: 3.1288, TAL: -0.0499, Adv: 0.0119) | Train Acc: 0.4922 | Val Acc: 0.7222 | Val P/R/F1 (Macro): 0.5559/0.5528/0.5248 | LR: 0.000010
Epoch [10/100] | Loss: 3.2969 (Cls: 3.2988, TAL: -0.0704, Adv: 0.0067) | Train Acc: 0.4688 | Val Acc: 0.8333 | Val P/R/F1 (Macro): 0.6769/0.6861/0.6758 | LR: 0.000010
Epoch [11/100] | Loss: 2.8566 (Cls: 2.8647, TAL: -0.2762, Adv: 0.0056) | Train Acc: 0.5781 | Val Acc: 0.8611 | Val P/R/F1 (Macro): 0.8102/0.8028/0.7933 | LR: 0.000010
Epoch [12/100] | Loss: 3.0103 (Cls: 3.0186, TAL: -0.2839, Adv: 0.0051) | Train Acc: 0.5625 | Val Acc: 0.8333 | Val P/R/F1 (Macro): 0.7824/0.7750/0.7628 | LR: 0.000010
Epoch [13/100] | Loss: 2.7091 (Cls: 2.7119, TAL: -0.0958, Adv: 0.0034) | Train Acc: 0.6719 | Val Acc: 0.8611 | Val P/R/F1 (Macro): 0.8155/0.7917/0.7877 | LR: 0.000010
Epoch [14/100] | Loss: 2.4434 (Cls: 2.4466, TAL: -0.1106, Adv: 0.0038) | Train Acc: 0.7109 | Val Acc: 0.8056 | Val P/R/F1 (Macro): 0.7778/0.7417/0.7277 | LR: 0.000010
Epoch [15/100] | Loss: 2.5958 (Cls: 2.5978, TAL: -0.0710, Adv: 0.0029) | Train Acc: 0.6719 | Val Acc: 0.7222 | Val P/R/F1 (Macro): 0.6457/0.6435/0.6273 | LR: 0.000010
Epoch [16/100] | Loss: 2.4717 (Cls: 2.4738, TAL: -0.0742, Adv: 0.0017) | Train Acc: 0.6719 | Val Acc: 0.8333 | Val P/R/F1 (Macro): 0.8127/0.8194/0.7981 | LR: 0.000010
Epoch [17/100] | Loss: 2.4352 (Cls: 2.4394, TAL: -0.1422, Adv: 0.0020) | Train Acc: 0.7266 | Val Acc: 0.8333 | Val P/R/F1 (Macro): 0.7824/0.7750/0.7628 | LR: 0.000010
Epoch [18/100] | Loss: 2.4017 (Cls: 2.4061, TAL: -0.1476, Adv: 0.0017) | Train Acc: 0.7031 | Val Acc: 0.8333 | Val P/R/F1 (Macro): 0.9031/0.8639/0.8521 | LR: 0.000005
Epoch [19/100] | Loss: 2.3718 (Cls: 2.3772, TAL: -0.1819, Adv: 0.0019) | Train Acc: 0.7344 | Val Acc: 0.8889 | Val P/R/F1 (Macro): 0.9405/0.9028/0.9053 | LR: 0.000005
  >>> New Best Val Acc: 0.8889
Epoch [20/100] | Loss: 2.2708 (Cls: 2.2749, TAL: -0.1407, Adv: 0.0023) | Train Acc: 0.7344 | Val Acc: 0.8889 | Val P/R/F1 (Macro): 0.9405/0.9028/0.9053 | LR: 0.000005
Epoch [21/100] | Loss: 2.1440 (Cls: 2.1461, TAL: -0.0710, Adv: 0.0022) | Train Acc: 0.7891 | Val Acc: 0.8889 | Val P/R/F1 (Macro): 0.9405/0.9028/0.9053 | LR: 0.000005
Epoch [22/100] | Loss: 2.0439 (Cls: 2.0485, TAL: -0.1521, Adv: 0.0013) | Train Acc: 0.8281 | Val Acc: 0.8889 | Val P/R/F1 (Macro): 0.9405/0.9028/0.9053 | LR: 0.000005
Epoch [23/100] | Loss: 2.1161 (Cls: 2.1204, TAL: -0.1463, Adv: 0.0029) | Train Acc: 0.7969 | Val Acc: 0.8611 | Val P/R/F1 (Macro): 0.8155/0.7917/0.7877 | LR: 0.000005
Epoch [24/100] | Loss: 1.9969 (Cls: 2.0019, TAL: -0.1678, Adv: 0.0015) | Train Acc: 0.8203 | Val Acc: 0.8889 | Val P/R/F1 (Macro): 0.8287/0.8194/0.8120 | LR: 0.000005
Epoch [25/100] | Loss: 1.9353 (Cls: 1.9373, TAL: -0.0686, Adv: 0.0019) | Train Acc: 0.8594 | Val Acc: 0.9722 | Val P/R/F1 (Macro): 0.9841/0.9861/0.9840 | LR: 0.000005
  >>> New Best Val Acc: 0.9722
Epoch [26/100] | Loss: 1.9810 (Cls: 1.9839, TAL: -0.0970, Adv: 0.0013) | Train Acc: 0.8594 | Val Acc: 0.9722 | Val P/R/F1 (Macro): 0.9841/0.9861/0.9840 | LR: 0.000005
Epoch [27/100] | Loss: 2.0062 (Cls: 2.0078, TAL: -0.0553, Adv: 0.0011) | Train Acc: 0.7969 | Val Acc: 0.9722 | Val P/R/F1 (Macro): 0.9841/0.9861/0.9840 | LR: 0.000005
Epoch [28/100] | Loss: 1.9150 (Cls: 1.9155, TAL: -0.0181, Adv: 0.0030) | Train Acc: 0.8828 | Val Acc: 0.9444 | Val P/R/F1 (Macro): 0.9656/0.9583/0.9581 | LR: 0.000005
Epoch [29/100] | Loss: 1.9014 (Cls: 1.9036, TAL: -0.0755, Adv: 0.0024) | Train Acc: 0.8594 | Val Acc: 0.9167 | Val P/R/F1 (Macro): 0.9524/0.9306/0.9338 | LR: 0.000005
Epoch [30/100] | Loss: 1.9454 (Cls: 1.9480, TAL: -0.0868, Adv: 0.0016) | Train Acc: 0.8672 | Val Acc: 0.8889 | Val P/R/F1 (Macro): 0.8287/0.8194/0.8120 | LR: 0.000005
Epoch [31/100] | Loss: 1.9959 (Cls: 1.9969, TAL: -0.0339, Adv: 0.0019) | Train Acc: 0.8125 | Val Acc: 0.9444 | Val P/R/F1 (Macro): 0.9656/0.9583/0.9581 | LR: 0.000005
Epoch [32/100] | Loss: 1.9224 (Cls: 1.9256, TAL: -0.1059, Adv: 0.0012) | Train Acc: 0.8594 | Val Acc: 0.9444 | Val P/R/F1 (Macro): 0.9656/0.9583/0.9581 | LR: 0.000005
Epoch [33/100] | Loss: 1.9073 (Cls: 1.9117, TAL: -0.1496, Adv: 0.0017) | Train Acc: 0.8594 | Val Acc: 1.0000 | Val P/R/F1 (Macro): 1.0000/1.0000/1.0000 | LR: 0.000005
  >>> New Best Val Acc: 1.0000
Epoch [34/100] | Loss: 1.9232 (Cls: 1.9264, TAL: -0.1099, Adv: 0.0046) | Train Acc: 0.8672 | Val Acc: 0.9722 | Val P/R/F1 (Macro): 0.9815/0.9722/0.9740 | LR: 0.000005
Epoch [35/100] | Loss: 1.8697 (Cls: 1.8736, TAL: -0.1334, Adv: 0.0012) | Train Acc: 0.8828 | Val Acc: 0.9444 | Val P/R/F1 (Macro): 0.8580/0.8611/0.8564 | LR: 0.000005
Epoch [36/100] | Loss: 1.9050 (Cls: 1.9085, TAL: -0.1194, Adv: 0.0028) | Train Acc: 0.8359 | Val Acc: 0.9167 | Val P/R/F1 (Macro): 0.9537/0.9306/0.9296 | LR: 0.000005
Epoch [37/100] | Loss: 1.8572 (Cls: 1.8600, TAL: -0.0937, Adv: 0.0009) | Train Acc: 0.8516 | Val Acc: 0.9167 | Val P/R/F1 (Macro): 0.9537/0.9306/0.9296 | LR: 0.000005
Epoch [38/100] | Loss: 1.7574 (Cls: 1.7615, TAL: -0.1395, Adv: 0.0013) | Train Acc: 0.8906 | Val Acc: 0.9444 | Val P/R/F1 (Macro): 0.9722/0.9583/0.9608 | LR: 0.000005
Epoch [39/100] | Loss: 1.9265 (Cls: 1.9290, TAL: -0.0861, Adv: 0.0010) | Train Acc: 0.8438 | Val Acc: 0.9444 | Val P/R/F1 (Macro): 0.9656/0.9583/0.9581 | LR: 0.000005
Epoch [40/100] | Loss: 1.7051 (Cls: 1.7071, TAL: -0.0699, Adv: 0.0014) | Train Acc: 0.9609 | Val Acc: 0.9722 | Val P/R/F1 (Macro): 0.9815/0.9722/0.9740 | LR: 0.000005
Epoch [41/100] | Loss: 1.7415 (Cls: 1.7413, TAL: 0.0028, Adv: 0.0019) | Train Acc: 0.8906 | Val Acc: 0.9722 | Val P/R/F1 (Macro): 0.9815/0.9722/0.9740 | LR: 0.000005
Epoch [42/100] | Loss: 1.7962 (Cls: 1.7989, TAL: -0.0900, Adv: 0.0014) | Train Acc: 0.9062 | Val Acc: 0.9722 | Val P/R/F1 (Macro): 0.9815/0.9722/0.9740 | LR: 0.000005
Epoch [43/100] | Loss: 1.6255 (Cls: 1.6290, TAL: -0.1183, Adv: 0.0013) | Train Acc: 0.9766 | Val Acc: 0.9444 | Val P/R/F1 (Macro): 0.9722/0.9583/0.9608 | LR: 0.000005
Epoch [44/100] | Loss: 1.7508 (Cls: 1.7529, TAL: -0.0712, Adv: 0.0012) | Train Acc: 0.8984 | Val Acc: 0.9444 | Val P/R/F1 (Macro): 0.9722/0.9583/0.9608 | LR: 0.000003
Epoch [45/100] | Loss: 1.7693 (Cls: 1.7701, TAL: -0.0311, Adv: 0.0031) | Train Acc: 0.9062 | Val Acc: 0.9444 | Val P/R/F1 (Macro): 0.9656/0.9583/0.9581 | LR: 0.000003
Epoch [46/100] | Loss: 1.7234 (Cls: 1.7264, TAL: -0.1025, Adv: 0.0018) | Train Acc: 0.9141 | Val Acc: 0.9167 | Val P/R/F1 (Macro): 0.9524/0.9306/0.9338 | LR: 0.000003
Epoch [47/100] | Loss: 1.6763 (Cls: 1.6768, TAL: -0.0153, Adv: 0.0007) | Train Acc: 0.9297 | Val Acc: 0.9722 | Val P/R/F1 (Macro): 0.9815/0.9722/0.9740 | LR: 0.000003
Epoch [48/100] | Loss: 1.7431 (Cls: 1.7459, TAL: -0.0958, Adv: 0.0013) | Train Acc: 0.9531 | Val Acc: 0.9444 | Val P/R/F1 (Macro): 0.9656/0.9583/0.9581 | LR: 0.000003
Epoch [49/100] | Loss: 1.6939 (Cls: 1.6958, TAL: -0.0626, Adv: 0.0007) | Train Acc: 0.9375 | Val Acc: 0.9444 | Val P/R/F1 (Macro): 0.9656/0.9583/0.9581 | LR: 0.000003
Epoch [50/100] | Loss: 1.7344 (Cls: 1.7391, TAL: -0.1580, Adv: 0.0006) | Train Acc: 0.9141 | Val Acc: 0.9444 | Val P/R/F1 (Macro): 0.9656/0.9583/0.9581 | LR: 0.000003
Epoch [51/100] | Loss: 1.6879 (Cls: 1.6894, TAL: -0.0488, Adv: 0.0007) | Train Acc: 0.9297 | Val Acc: 0.9444 | Val P/R/F1 (Macro): 0.9656/0.9583/0.9581 | LR: 0.000003
Epoch [52/100] | Loss: 1.6550 (Cls: 1.6567, TAL: -0.0579, Adv: 0.0005) | Train Acc: 0.9453 | Val Acc: 0.9444 | Val P/R/F1 (Macro): 0.9563/0.9583/0.9523 | LR: 0.000003
Epoch [53/100] | Loss: 1.6685 (Cls: 1.6686, TAL: -0.0069, Adv: 0.0028) | Train Acc: 0.9531 | Val Acc: 0.9444 | Val P/R/F1 (Macro): 0.9656/0.9583/0.9581 | LR: 0.000003
Epoch [54/100] | Loss: 1.6987 (Cls: 1.7001, TAL: -0.0455, Adv: 0.0006) | Train Acc: 0.9219 | Val Acc: 0.9444 | Val P/R/F1 (Macro): 0.9656/0.9583/0.9581 | LR: 0.000003
Epoch [55/100] | Loss: 1.6328 (Cls: 1.6337, TAL: -0.0300, Adv: 0.0007) | Train Acc: 0.9766 | Val Acc: 0.9444 | Val P/R/F1 (Macro): 0.9656/0.9583/0.9581 | LR: 0.000001
Epoch [56/100] | Loss: 1.6917 (Cls: 1.6947, TAL: -0.1022, Adv: 0.0010) | Train Acc: 0.9375 | Val Acc: 0.9722 | Val P/R/F1 (Macro): 0.9815/0.9722/0.9740 | LR: 0.000001
Epoch [57/100] | Loss: 1.6542 (Cls: 1.6550, TAL: -0.0299, Adv: 0.0006) | Train Acc: 0.9219 | Val Acc: 0.9444 | Val P/R/F1 (Macro): 0.9656/0.9583/0.9581 | LR: 0.000001
Epoch [58/100] | Loss: 1.6386 (Cls: 1.6398, TAL: -0.0424, Adv: 0.0005) | Train Acc: 0.9219 | Val Acc: 0.9444 | Val P/R/F1 (Macro): 0.9656/0.9583/0.9581 | LR: 0.000001
Epoch [59/100] | Loss: 1.6107 (Cls: 1.6109, TAL: -0.0090, Adv: 0.0007) | Train Acc: 0.9609 | Val Acc: 0.9722 | Val P/R/F1 (Macro): 0.9815/0.9722/0.9740 | LR: 0.000001
Epoch [60/100] | Loss: 1.6786 (Cls: 1.6814, TAL: -0.0941, Adv: 0.0010) | Train Acc: 0.9375 | Val Acc: 0.9722 | Val P/R/F1 (Macro): 0.9815/0.9722/0.9740 | LR: 0.000001
Epoch [61/100] | Loss: 1.6256 (Cls: 1.6264, TAL: -0.0276, Adv: 0.0007) | Train Acc: 0.9688 | Val Acc: 0.9722 | Val P/R/F1 (Macro): 0.9722/0.9722/0.9683 | LR: 0.000001
Epoch [62/100] | Loss: 1.6893 (Cls: 1.6896, TAL: -0.0100, Adv: 0.0004) | Train Acc: 0.8984 | Val Acc: 0.9722 | Val P/R/F1 (Macro): 0.9722/0.9722/0.9683 | LR: 0.000001
Epoch [63/100] | Loss: 1.5974 (Cls: 1.5990, TAL: -0.0551, Adv: 0.0004) | Train Acc: 0.9531 | Val Acc: 0.9722 | Val P/R/F1 (Macro): 0.9815/0.9722/0.9740 | LR: 0.000001
Epoch [64/100] | Loss: 1.6206 (Cls: 1.6201, TAL: 0.0160, Adv: 0.0006) | Train Acc: 0.9688 | Val Acc: 0.9722 | Val P/R/F1 (Macro): 0.9815/0.9722/0.9740 | LR: 0.000001
Epoch [65/100] | Loss: 1.6335 (Cls: 1.6343, TAL: -0.0288, Adv: 0.0007) | Train Acc: 0.9609 | Val Acc: 0.9722 | Val P/R/F1 (Macro): 0.9815/0.9722/0.9740 | LR: 0.000001
Epoch [66/100] | Loss: 1.6363 (Cls: 1.6365, TAL: -0.0069, Adv: 0.0009) | Train Acc: 0.9609 | Val Acc: 0.9722 | Val P/R/F1 (Macro): 0.9815/0.9722/0.9740 | LR: 0.000001
Epoch [67/100] | Loss: 1.6464 (Cls: 1.6466, TAL: -0.0073, Adv: 0.0006) | Train Acc: 0.9453 | Val Acc: 0.9722 | Val P/R/F1 (Macro): 0.9815/0.9722/0.9740 | LR: 0.000001
Epoch [68/100] | Loss: 1.6367 (Cls: 1.6385, TAL: -0.0578, Adv: 0.0004) | Train Acc: 0.9375 | Val Acc: 0.9722 | Val P/R/F1 (Macro): 0.9815/0.9722/0.9740 | LR: 0.000001
Epoch [69/100] | Loss: 1.6841 (Cls: 1.6848, TAL: -0.0231, Adv: 0.0004) | Train Acc: 0.9375 | Val Acc: 0.9722 | Val P/R/F1 (Macro): 0.9815/0.9722/0.9740 | LR: 0.000001
Epoch [70/100] | Loss: 1.6426 (Cls: 1.6441, TAL: -0.0526, Adv: 0.0007) | Train Acc: 0.9375 | Val Acc: 0.9722 | Val P/R/F1 (Macro): 0.9815/0.9722/0.9740 | LR: 0.000001
Epoch [71/100] | Loss: 1.6481 (Cls: 1.6478, TAL: 0.0089, Adv: 0.0004) | Train Acc: 0.9062 | Val Acc: 0.9722 | Val P/R/F1 (Macro): 0.9815/0.9722/0.9740 | LR: 0.000001
Epoch [72/100] | Loss: 1.6691 (Cls: 1.6680, TAL: 0.0376, Adv: 0.0003) | Train Acc: 0.9375 | Val Acc: 0.9722 | Val P/R/F1 (Macro): 0.9815/0.9722/0.9740 | LR: 0.000001
Epoch [73/100] | Loss: 1.6940 (Cls: 1.6956, TAL: -0.0545, Adv: 0.0007) | Train Acc: 0.9297 | Val Acc: 0.9722 | Val P/R/F1 (Macro): 0.9815/0.9722/0.9740 | LR: 0.000001
Epoch [74/100] | Loss: 1.6267 (Cls: 1.6269, TAL: -0.0071, Adv: 0.0005) | Train Acc: 0.9531 | Val Acc: 0.9722 | Val P/R/F1 (Macro): 0.9815/0.9722/0.9740 | LR: 0.000001
Epoch [75/100] | Loss: 1.5861 (Cls: 1.5866, TAL: -0.0177, Adv: 0.0006) | Train Acc: 0.9766 | Val Acc: 0.9722 | Val P/R/F1 (Macro): 0.9815/0.9722/0.9740 | LR: 0.000001
Epoch [76/100] | Loss: 1.6749 (Cls: 1.6750, TAL: -0.0044, Adv: 0.0004) | Train Acc: 0.9531 | Val Acc: 0.9722 | Val P/R/F1 (Macro): 0.9815/0.9722/0.9740 | LR: 0.000001
Epoch [77/100] | Loss: 1.6531 (Cls: 1.6540, TAL: -0.0299, Adv: 0.0003) | Train Acc: 0.9297 | Val Acc: 0.9722 | Val P/R/F1 (Macro): 0.9815/0.9722/0.9740 | LR: 0.000001
Epoch [78/100] | Loss: 1.6609 (Cls: 1.6598, TAL: 0.0354, Adv: 0.0004) | Train Acc: 0.9844 | Val Acc: 0.9444 | Val P/R/F1 (Macro): 0.9683/0.9444/0.9497 | LR: 0.000001
Epoch [79/100] | Loss: 1.5703 (Cls: 1.5721, TAL: -0.0591, Adv: 0.0003) | Train Acc: 0.9609 | Val Acc: 0.9722 | Val P/R/F1 (Macro): 0.9815/0.9722/0.9740 | LR: 0.000001
Epoch [80/100] | Loss: 1.5959 (Cls: 1.5982, TAL: -0.0765, Adv: 0.0002) | Train Acc: 0.9609 | Val Acc: 0.9722 | Val P/R/F1 (Macro): 0.9815/0.9722/0.9740 | LR: 0.000001
Epoch [81/100] | Loss: 1.6079 (Cls: 1.6085, TAL: -0.0193, Adv: 0.0003) | Train Acc: 0.9453 | Val Acc: 0.9722 | Val P/R/F1 (Macro): 0.9815/0.9722/0.9740 | LR: 0.000001
Epoch [82/100] | Loss: 1.5719 (Cls: 1.5729, TAL: -0.0347, Adv: 0.0006) | Train Acc: 0.9922 | Val Acc: 0.9722 | Val P/R/F1 (Macro): 0.9815/0.9722/0.9740 | LR: 0.000001
Epoch [83/100] | Loss: 1.6594 (Cls: 1.6601, TAL: -0.0249, Adv: 0.0003) | Train Acc: 0.9453 | Val Acc: 0.9722 | Val P/R/F1 (Macro): 0.9815/0.9722/0.9740 | LR: 0.000001
Epoch [84/100] | Loss: 1.6632 (Cls: 1.6636, TAL: -0.0107, Adv: 0.0003) | Train Acc: 0.9297 | Val Acc: 0.9722 | Val P/R/F1 (Macro): 0.9815/0.9722/0.9740 | LR: 0.000001
Epoch [85/100] | Loss: 1.6962 (Cls: 1.6990, TAL: -0.0927, Adv: 0.0004) | Train Acc: 0.9062 | Val Acc: 0.9722 | Val P/R/F1 (Macro): 0.9815/0.9722/0.9740 | LR: 0.000001
Epoch [86/100] | Loss: 1.6138 (Cls: 1.6139, TAL: -0.0058, Adv: 0.0003) | Train Acc: 0.9453 | Val Acc: 0.9722 | Val P/R/F1 (Macro): 0.9815/0.9722/0.9740 | LR: 0.000001
Epoch [87/100] | Loss: 1.6160 (Cls: 1.6165, TAL: -0.0190, Adv: 0.0003) | Train Acc: 0.9375 | Val Acc: 0.9722 | Val P/R/F1 (Macro): 0.9815/0.9722/0.9740 | LR: 0.000001
Epoch [88/100] | Loss: 1.6013 (Cls: 1.6019, TAL: -0.0186, Adv: 0.0002) | Train Acc: 0.9609 | Val Acc: 0.9722 | Val P/R/F1 (Macro): 0.9815/0.9722/0.9740 | LR: 0.000001
Epoch [89/100] | Loss: 1.6112 (Cls: 1.6103, TAL: 0.0326, Adv: 0.0003) | Train Acc: 0.9531 | Val Acc: 0.9722 | Val P/R/F1 (Macro): 0.9815/0.9722/0.9740 | LR: 0.000001
Epoch [90/100] | Loss: 1.5727 (Cls: 1.5739, TAL: -0.0399, Adv: 0.0002) | Train Acc: 0.9375 | Val Acc: 0.9722 | Val P/R/F1 (Macro): 0.9815/0.9722/0.9740 | LR: 0.000001
Epoch [91/100] | Loss: 1.6528 (Cls: 1.6541, TAL: -0.0409, Adv: 0.0002) | Train Acc: 0.9375 | Val Acc: 0.9722 | Val P/R/F1 (Macro): 0.9815/0.9722/0.9740 | LR: 0.000001
Epoch [92/100] | Loss: 1.6281 (Cls: 1.6278, TAL: 0.0095, Adv: 0.0003) | Train Acc: 0.9375 | Val Acc: 0.9722 | Val P/R/F1 (Macro): 0.9815/0.9722/0.9740 | LR: 0.000001
Epoch [93/100] | Loss: 1.6112 (Cls: 1.6116, TAL: -0.0124, Adv: 0.0003) | Train Acc: 0.9453 | Val Acc: 0.9722 | Val P/R/F1 (Macro): 0.9815/0.9722/0.9740 | LR: 0.000001
Epoch [94/100] | Loss: 1.5738 (Cls: 1.5745, TAL: -0.0239, Adv: 0.0004) | Train Acc: 0.9688 | Val Acc: 0.9722 | Val P/R/F1 (Macro): 0.9815/0.9722/0.9740 | LR: 0.000001
Epoch [95/100] | Loss: 1.5606 (Cls: 1.5599, TAL: 0.0242, Adv: 0.0002) | Train Acc: 0.9688 | Val Acc: 0.9722 | Val P/R/F1 (Macro): 0.9815/0.9722/0.9740 | LR: 0.000001
Epoch [96/100] | Loss: 1.5695 (Cls: 1.5711, TAL: -0.0544, Adv: 0.0002) | Train Acc: 0.9766 | Val Acc: 0.9722 | Val P/R/F1 (Macro): 0.9815/0.9722/0.9740 | LR: 0.000001
Epoch [97/100] | Loss: 1.5920 (Cls: 1.5933, TAL: -0.0422, Adv: 0.0002) | Train Acc: 0.9531 | Val Acc: 0.9722 | Val P/R/F1 (Macro): 0.9815/0.9722/0.9740 | LR: 0.000001
Epoch [98/100] | Loss: 1.6280 (Cls: 1.6299, TAL: -0.0656, Adv: 0.0002) | Train Acc: 0.9375 | Val Acc: 0.9722 | Val P/R/F1 (Macro): 0.9815/0.9722/0.9740 | LR: 0.000001
Epoch [99/100] | Loss: 1.5804 (Cls: 1.5803, TAL: 0.0006, Adv: 0.0002) | Train Acc: 0.9531 | Val Acc: 0.9722 | Val P/R/F1 (Macro): 0.9815/0.9722/0.9740 | LR: 0.000001
Epoch [100/100] | Loss: 1.6697 (Cls: 1.6707, TAL: -0.0330, Adv: 0.0004) | Train Acc: 0.9531 | Val Acc: 0.9722 | Val P/R/F1 (Macro): 0.9815/0.9722/0.9740 | LR: 0.000001
Report strategy: last_window, window=10, reported_acc=0.9722, best_acc=1.0000

迭代 4 报告指标:
  Accuracy: 0.9722
  Precision (Macro): 0.9815
  Recall (Macro): 0.9722
  F1 (Macro): 0.9740
  Precision (Micro): 0.9722
  Recall (Micro): 0.9722
  F1 (Micro): 0.9722
  Val class coverage: 9/14 (0.6429), samples=36

================================================================================
迭代 5/5
随机种子: 46
================================================================================
Training mode: unpaired target adaptation with controlled target-label loss (ratio=0.78, weight=1.35).
Fixed labeled target subset: 100/128 samples.
INFO:Tensor:参数初始化完成：正交初始化
Feature fusion: Tensor alignment (512+512 -> 128+128); fused_dim=256
Domain adaptation: standard source-target adversarial training, no generator
Loss weights: tensor=0.03, adv=0.03
Epoch [1/100] | Loss: 7.0747 (Cls: 7.0550, TAL: -0.0856, Adv: 0.7430) | Train Acc: 0.0859 | Val Acc: 0.1944 | Val P/R/F1 (Macro): 0.0602/0.1148/0.0788 | LR: 0.000010
  >>> New Best Val Acc: 0.1944
Epoch [2/100] | Loss: 5.2901 (Cls: 5.2814, TAL: 0.0051, Adv: 0.2861) | Train Acc: 0.2188 | Val Acc: 0.3333 | Val P/R/F1 (Macro): 0.1187/0.2139/0.1466 | LR: 0.000010
  >>> New Best Val Acc: 0.3333
Epoch [3/100] | Loss: 4.6565 (Cls: 4.6497, TAL: 0.0936, Adv: 0.1333) | Train Acc: 0.2344 | Val Acc: 0.2500 | Val P/R/F1 (Macro): 0.1488/0.1759/0.1191 | LR: 0.000010
Epoch [4/100] | Loss: 4.3997 (Cls: 4.3921, TAL: 0.1849, Adv: 0.0686) | Train Acc: 0.2266 | Val Acc: 0.3889 | Val P/R/F1 (Macro): 0.1407/0.2417/0.1707 | LR: 0.000010
  >>> New Best Val Acc: 0.3889
Epoch [5/100] | Loss: 4.1300 (Cls: 4.1232, TAL: 0.1874, Adv: 0.0382) | Train Acc: 0.4766 | Val Acc: 0.5278 | Val P/R/F1 (Macro): 0.4066/0.3861/0.3735 | LR: 0.000010
  >>> New Best Val Acc: 0.5278
Epoch [6/100] | Loss: 3.8410 (Cls: 3.8327, TAL: 0.2489, Adv: 0.0278) | Train Acc: 0.3125 | Val Acc: 0.7500 | Val P/R/F1 (Macro): 0.6658/0.6157/0.6039 | LR: 0.000010
  >>> New Best Val Acc: 0.7500
Epoch [7/100] | Loss: 3.5966 (Cls: 3.5902, TAL: 0.1978, Adv: 0.0174) | Train Acc: 0.4297 | Val Acc: 0.7222 | Val P/R/F1 (Macro): 0.7075/0.6806/0.6782 | LR: 0.000010
Epoch [8/100] | Loss: 3.4246 (Cls: 3.4176, TAL: 0.2198, Adv: 0.0134) | Train Acc: 0.4062 | Val Acc: 0.7222 | Val P/R/F1 (Macro): 0.5962/0.5935/0.5833 | LR: 0.000010
Epoch [9/100] | Loss: 3.1173 (Cls: 3.1103, TAL: 0.2231, Adv: 0.0101) | Train Acc: 0.5391 | Val Acc: 0.7500 | Val P/R/F1 (Macro): 0.8139/0.7676/0.7528 | LR: 0.000010
Epoch [10/100] | Loss: 2.8986 (Cls: 2.8905, TAL: 0.2609, Adv: 0.0099) | Train Acc: 0.5391 | Val Acc: 0.8056 | Val P/R/F1 (Macro): 0.7480/0.7472/0.7356 | LR: 0.000010
  >>> New Best Val Acc: 0.8056
Epoch [11/100] | Loss: 2.9072 (Cls: 2.9001, TAL: 0.2297, Adv: 0.0072) | Train Acc: 0.5703 | Val Acc: 0.8333 | Val P/R/F1 (Macro): 0.8546/0.8639/0.8534 | LR: 0.000010
  >>> New Best Val Acc: 0.8333
Epoch [12/100] | Loss: 2.9227 (Cls: 2.9144, TAL: 0.2686, Adv: 0.0070) | Train Acc: 0.5234 | Val Acc: 0.8889 | Val P/R/F1 (Macro): 0.9000/0.9139/0.9031 | LR: 0.000010
  >>> New Best Val Acc: 0.8889
Epoch [13/100] | Loss: 2.5916 (Cls: 2.5835, TAL: 0.2666, Adv: 0.0053) | Train Acc: 0.6562 | Val Acc: 0.8333 | Val P/R/F1 (Macro): 0.8981/0.8583/0.8667 | LR: 0.000010
Epoch [14/100] | Loss: 2.7759 (Cls: 2.7712, TAL: 0.1522, Adv: 0.0044) | Train Acc: 0.5859 | Val Acc: 0.8333 | Val P/R/F1 (Macro): 0.8759/0.8722/0.8583 | LR: 0.000010
Epoch [15/100] | Loss: 2.7098 (Cls: 2.7078, TAL: 0.0619, Adv: 0.0035) | Train Acc: 0.5469 | Val Acc: 0.8889 | Val P/R/F1 (Macro): 0.9185/0.9194/0.8981 | LR: 0.000010
Epoch [16/100] | Loss: 2.3750 (Cls: 2.3742, TAL: 0.0216, Adv: 0.0049) | Train Acc: 0.7109 | Val Acc: 0.8611 | Val P/R/F1 (Macro): 0.8508/0.8806/0.8534 | LR: 0.000010
Epoch [17/100] | Loss: 2.5150 (Cls: 2.5113, TAL: 0.1200, Adv: 0.0031) | Train Acc: 0.6641 | Val Acc: 0.8333 | Val P/R/F1 (Macro): 0.7668/0.7694/0.7627 | LR: 0.000010
Epoch [18/100] | Loss: 2.5635 (Cls: 2.5570, TAL: 0.2086, Adv: 0.0050) | Train Acc: 0.7734 | Val Acc: 0.9167 | Val P/R/F1 (Macro): 0.9278/0.9361/0.9302 | LR: 0.000010
  >>> New Best Val Acc: 0.9167
Epoch [19/100] | Loss: 2.2326 (Cls: 2.2283, TAL: 0.1373, Adv: 0.0045) | Train Acc: 0.7969 | Val Acc: 0.8611 | Val P/R/F1 (Macro): 0.9101/0.8972/0.8655 | LR: 0.000010
Epoch [20/100] | Loss: 2.1637 (Cls: 2.1570, TAL: 0.2163, Adv: 0.0063) | Train Acc: 0.8047 | Val Acc: 0.8889 | Val P/R/F1 (Macro): 0.9193/0.9194/0.8983 | LR: 0.000010
Epoch [21/100] | Loss: 2.2653 (Cls: 2.2592, TAL: 0.1952, Adv: 0.0053) | Train Acc: 0.7109 | Val Acc: 0.9444 | Val P/R/F1 (Macro): 0.9702/0.9639/0.9652 | LR: 0.000010
  >>> New Best Val Acc: 0.9444
Epoch [22/100] | Loss: 2.1116 (Cls: 2.1041, TAL: 0.2488, Adv: 0.0032) | Train Acc: 0.7812 | Val Acc: 0.9167 | Val P/R/F1 (Macro): 0.9333/0.9269/0.9235 | LR: 0.000010
Epoch [23/100] | Loss: 2.2158 (Cls: 2.2073, TAL: 0.2814, Adv: 0.0035) | Train Acc: 0.7500 | Val Acc: 0.9444 | Val P/R/F1 (Macro): 0.9619/0.9639/0.9594 | LR: 0.000010
Epoch [24/100] | Loss: 2.0647 (Cls: 2.0565, TAL: 0.2645, Adv: 0.0100) | Train Acc: 0.8281 | Val Acc: 0.9444 | Val P/R/F1 (Macro): 0.9619/0.9639/0.9594 | LR: 0.000010
Epoch [25/100] | Loss: 2.1788 (Cls: 2.1748, TAL: 0.1315, Adv: 0.0022) | Train Acc: 0.7578 | Val Acc: 0.9444 | Val P/R/F1 (Macro): 0.9619/0.9639/0.9594 | LR: 0.000010
Epoch [26/100] | Loss: 2.1963 (Cls: 2.1934, TAL: 0.0950, Adv: 0.0025) | Train Acc: 0.7344 | Val Acc: 0.9444 | Val P/R/F1 (Macro): 0.9778/0.9537/0.9617 | LR: 0.000010
Epoch [27/100] | Loss: 1.9504 (Cls: 1.9441, TAL: 0.2040, Adv: 0.0053) | Train Acc: 0.8672 | Val Acc: 0.9444 | Val P/R/F1 (Macro): 0.9556/0.9639/0.9556 | LR: 0.000010
Epoch [28/100] | Loss: 1.9327 (Cls: 1.9275, TAL: 0.1718, Adv: 0.0025) | Train Acc: 0.8516 | Val Acc: 0.9167 | Val P/R/F1 (Macro): 0.8306/0.8528/0.8380 | LR: 0.000010
Epoch [29/100] | Loss: 1.9482 (Cls: 1.9434, TAL: 0.1593, Adv: 0.0022) | Train Acc: 0.8359 | Val Acc: 0.9167 | Val P/R/F1 (Macro): 0.8369/0.8528/0.8418 | LR: 0.000010
Epoch [30/100] | Loss: 1.9270 (Cls: 1.9224, TAL: 0.1512, Adv: 0.0018) | Train Acc: 0.8594 | Val Acc: 0.9167 | Val P/R/F1 (Macro): 0.9407/0.9269/0.9235 | LR: 0.000010
Epoch [31/100] | Loss: 1.9022 (Cls: 1.8978, TAL: 0.1439, Adv: 0.0023) | Train Acc: 0.8906 | Val Acc: 0.9167 | Val P/R/F1 (Macro): 0.9480/0.9361/0.9370 | LR: 0.000010
Epoch [32/100] | Loss: 1.9032 (Cls: 1.8986, TAL: 0.1510, Adv: 0.0024) | Train Acc: 0.8672 | Val Acc: 0.9722 | Val P/R/F1 (Macro): 0.9778/0.9861/0.9802 | LR: 0.000010
  >>> New Best Val Acc: 0.9722
Epoch [33/100] | Loss: 1.9365 (Cls: 1.9303, TAL: 0.2054, Adv: 0.0022) | Train Acc: 0.8438 | Val Acc: 0.9444 | Val P/R/F1 (Macro): 0.9556/0.9639/0.9556 | LR: 0.000010
Epoch [34/100] | Loss: 2.0145 (Cls: 2.0054, TAL: 0.2963, Adv: 0.0087) | Train Acc: 0.8594 | Val Acc: 0.9167 | Val P/R/F1 (Macro): 0.8369/0.8528/0.8418 | LR: 0.000010
Epoch [35/100] | Loss: 1.8729 (Cls: 1.8644, TAL: 0.2787, Adv: 0.0020) | Train Acc: 0.8906 | Val Acc: 0.9444 | Val P/R/F1 (Macro): 0.9593/0.9676/0.9617 | LR: 0.000010
Epoch [36/100] | Loss: 1.8084 (Cls: 1.8016, TAL: 0.2260, Adv: 0.0032) | Train Acc: 0.9219 | Val Acc: 0.9444 | Val P/R/F1 (Macro): 0.9619/0.9639/0.9594 | LR: 0.000010
Epoch [37/100] | Loss: 1.8576 (Cls: 1.8516, TAL: 0.1969, Adv: 0.0016) | Train Acc: 0.9141 | Val Acc: 0.9722 | Val P/R/F1 (Macro): 0.9778/0.9861/0.9802 | LR: 0.000010
Epoch [38/100] | Loss: 1.9157 (Cls: 1.9110, TAL: 0.1545, Adv: 0.0026) | Train Acc: 0.8438 | Val Acc: 0.9444 | Val P/R/F1 (Macro): 0.9222/0.9676/0.9331 | LR: 0.000010
Epoch [39/100] | Loss: 1.8241 (Cls: 1.8218, TAL: 0.0720, Adv: 0.0022) | Train Acc: 0.9297 | Val Acc: 0.9444 | Val P/R/F1 (Macro): 0.9222/0.9593/0.9282 | LR: 0.000010
Epoch [40/100] | Loss: 1.8645 (Cls: 1.8640, TAL: 0.0138, Adv: 0.0021) | Train Acc: 0.8906 | Val Acc: 0.9444 | Val P/R/F1 (Macro): 0.9630/0.9556/0.9500 | LR: 0.000010
Epoch [41/100] | Loss: 1.7624 (Cls: 1.7586, TAL: 0.1270, Adv: 0.0014) | Train Acc: 0.9219 | Val Acc: 0.9444 | Val P/R/F1 (Macro): 0.8543/0.8667/0.8577 | LR: 0.000010
Epoch [42/100] | Loss: 1.7472 (Cls: 1.7427, TAL: 0.1477, Adv: 0.0022) | Train Acc: 0.9453 | Val Acc: 0.9722 | Val P/R/F1 (Macro): 0.9841/0.9861/0.9840 | LR: 0.000010
Epoch [43/100] | Loss: 1.7716 (Cls: 1.7664, TAL: 0.1727, Adv: 0.0021) | Train Acc: 0.9062 | Val Acc: 0.8889 | Val P/R/F1 (Macro): 0.9185/0.8991/0.8995 | LR: 0.000005
Epoch [44/100] | Loss: 1.8415 (Cls: 1.8369, TAL: 0.1516, Adv: 0.0031) | Train Acc: 0.8984 | Val Acc: 0.9722 | Val P/R/F1 (Macro): 0.9778/0.9861/0.9802 | LR: 0.000005
Epoch [45/100] | Loss: 1.7263 (Cls: 1.7231, TAL: 0.1074, Adv: 0.0017) | Train Acc: 0.9297 | Val Acc: 0.9444 | Val P/R/F1 (Macro): 0.9556/0.9639/0.9556 | LR: 0.000005
Epoch [46/100] | Loss: 1.8503 (Cls: 1.8454, TAL: 0.1600, Adv: 0.0018) | Train Acc: 0.9141 | Val Acc: 0.9722 | Val P/R/F1 (Macro): 0.9778/0.9778/0.9753 | LR: 0.000005
Epoch [47/100] | Loss: 1.7394 (Cls: 1.7363, TAL: 0.1034, Adv: 0.0032) | Train Acc: 0.9219 | Val Acc: 1.0000 | Val P/R/F1 (Macro): 1.0000/1.0000/1.0000 | LR: 0.000005
  >>> New Best Val Acc: 1.0000
Epoch [48/100] | Loss: 1.6872 (Cls: 1.6831, TAL: 0.1330, Adv: 0.0015) | Train Acc: 0.9453 | Val Acc: 1.0000 | Val P/R/F1 (Macro): 1.0000/1.0000/1.0000 | LR: 0.000005
Epoch [49/100] | Loss: 1.6810 (Cls: 1.6765, TAL: 0.1491, Adv: 0.0029) | Train Acc: 0.9531 | Val Acc: 1.0000 | Val P/R/F1 (Macro): 1.0000/1.0000/1.0000 | LR: 0.000005
Epoch [50/100] | Loss: 1.6541 (Cls: 1.6514, TAL: 0.0907, Adv: 0.0017) | Train Acc: 0.9688 | Val Acc: 1.0000 | Val P/R/F1 (Macro): 1.0000/1.0000/1.0000 | LR: 0.000005
Epoch [51/100] | Loss: 1.6619 (Cls: 1.6612, TAL: 0.0241, Adv: 0.0009) | Train Acc: 0.9453 | Val Acc: 1.0000 | Val P/R/F1 (Macro): 1.0000/1.0000/1.0000 | LR: 0.000005
Epoch [52/100] | Loss: 1.6230 (Cls: 1.6206, TAL: 0.0780, Adv: 0.0009) | Train Acc: 0.9453 | Val Acc: 1.0000 | Val P/R/F1 (Macro): 1.0000/1.0000/1.0000 | LR: 0.000005
Epoch [53/100] | Loss: 1.7253 (Cls: 1.7231, TAL: 0.0741, Adv: 0.0013) | Train Acc: 0.9297 | Val Acc: 0.9722 | Val P/R/F1 (Macro): 0.9778/0.9778/0.9753 | LR: 0.000005
Epoch [54/100] | Loss: 1.6070 (Cls: 1.6047, TAL: 0.0744, Adv: 0.0009) | Train Acc: 0.9688 | Val Acc: 0.9444 | Val P/R/F1 (Macro): 0.9619/0.9639/0.9594 | LR: 0.000005
Epoch [55/100] | Loss: 1.7041 (Cls: 1.7033, TAL: 0.0235, Adv: 0.0010) | Train Acc: 0.9141 | Val Acc: 0.9722 | Val P/R/F1 (Macro): 0.9778/0.9778/0.9753 | LR: 0.000005
Epoch [56/100] | Loss: 1.6858 (Cls: 1.6828, TAL: 0.0983, Adv: 0.0021) | Train Acc: 0.9375 | Val Acc: 0.9722 | Val P/R/F1 (Macro): 0.9778/0.9778/0.9753 | LR: 0.000005
Epoch [57/100] | Loss: 1.6364 (Cls: 1.6337, TAL: 0.0901, Adv: 0.0007) | Train Acc: 0.9688 | Val Acc: 0.9722 | Val P/R/F1 (Macro): 0.9778/0.9778/0.9753 | LR: 0.000005
Epoch [58/100] | Loss: 1.6408 (Cls: 1.6392, TAL: 0.0527, Adv: 0.0005) | Train Acc: 0.9375 | Val Acc: 1.0000 | Val P/R/F1 (Macro): 1.0000/1.0000/1.0000 | LR: 0.000003
Epoch [59/100] | Loss: 1.6313 (Cls: 1.6279, TAL: 0.1115, Adv: 0.0012) | Train Acc: 0.9609 | Val Acc: 1.0000 | Val P/R/F1 (Macro): 1.0000/1.0000/1.0000 | LR: 0.000003
Epoch [60/100] | Loss: 1.6198 (Cls: 1.6186, TAL: 0.0421, Adv: 0.0008) | Train Acc: 0.9531 | Val Acc: 1.0000 | Val P/R/F1 (Macro): 1.0000/1.0000/1.0000 | LR: 0.000003
Epoch [61/100] | Loss: 1.7186 (Cls: 1.7155, TAL: 0.1036, Adv: 0.0010) | Train Acc: 0.9219 | Val Acc: 1.0000 | Val P/R/F1 (Macro): 1.0000/1.0000/1.0000 | LR: 0.000003
Epoch [62/100] | Loss: 1.6056 (Cls: 1.6005, TAL: 0.1681, Adv: 0.0011) | Train Acc: 0.9531 | Val Acc: 0.9722 | Val P/R/F1 (Macro): 0.9841/0.9861/0.9840 | LR: 0.000003
Epoch [63/100] | Loss: 1.6993 (Cls: 1.6950, TAL: 0.1410, Adv: 0.0009) | Train Acc: 0.9297 | Val Acc: 0.9722 | Val P/R/F1 (Macro): 0.9841/0.9861/0.9840 | LR: 0.000003
Epoch [64/100] | Loss: 1.6580 (Cls: 1.6538, TAL: 0.1374, Adv: 0.0007) | Train Acc: 0.9609 | Val Acc: 1.0000 | Val P/R/F1 (Macro): 1.0000/1.0000/1.0000 | LR: 0.000003
Epoch [65/100] | Loss: 1.5673 (Cls: 1.5631, TAL: 0.1414, Adv: 0.0011) | Train Acc: 0.9844 | Val Acc: 1.0000 | Val P/R/F1 (Macro): 1.0000/1.0000/1.0000 | LR: 0.000003
Epoch [66/100] | Loss: 1.6552 (Cls: 1.6520, TAL: 0.1075, Adv: 0.0007) | Train Acc: 0.9219 | Val Acc: 1.0000 | Val P/R/F1 (Macro): 1.0000/1.0000/1.0000 | LR: 0.000003
Epoch [67/100] | Loss: 1.6189 (Cls: 1.6151, TAL: 0.1265, Adv: 0.0010) | Train Acc: 0.9688 | Val Acc: 1.0000 | Val P/R/F1 (Macro): 1.0000/1.0000/1.0000 | LR: 0.000003
Epoch [68/100] | Loss: 1.5852 (Cls: 1.5846, TAL: 0.0214, Adv: 0.0007) | Train Acc: 0.9688 | Val Acc: 1.0000 | Val P/R/F1 (Macro): 1.0000/1.0000/1.0000 | LR: 0.000003
Epoch [69/100] | Loss: 1.6134 (Cls: 1.6097, TAL: 0.1238, Adv: 0.0008) | Train Acc: 0.9688 | Val Acc: 1.0000 | Val P/R/F1 (Macro): 1.0000/1.0000/1.0000 | LR: 0.000001
Epoch [70/100] | Loss: 1.6100 (Cls: 1.6066, TAL: 0.1128, Adv: 0.0007) | Train Acc: 0.9531 | Val Acc: 1.0000 | Val P/R/F1 (Macro): 1.0000/1.0000/1.0000 | LR: 0.000001
Epoch [71/100] | Loss: 1.6055 (Cls: 1.6022, TAL: 0.1083, Adv: 0.0011) | Train Acc: 0.9609 | Val Acc: 1.0000 | Val P/R/F1 (Macro): 1.0000/1.0000/1.0000 | LR: 0.000001
Epoch [72/100] | Loss: 1.6245 (Cls: 1.6234, TAL: 0.0358, Adv: 0.0005) | Train Acc: 0.9375 | Val Acc: 1.0000 | Val P/R/F1 (Macro): 1.0000/1.0000/1.0000 | LR: 0.000001
Epoch [73/100] | Loss: 1.5588 (Cls: 1.5571, TAL: 0.0558, Adv: 0.0005) | Train Acc: 0.9844 | Val Acc: 1.0000 | Val P/R/F1 (Macro): 1.0000/1.0000/1.0000 | LR: 0.000001
Epoch [74/100] | Loss: 1.5762 (Cls: 1.5731, TAL: 0.1017, Adv: 0.0005) | Train Acc: 0.9531 | Val Acc: 1.0000 | Val P/R/F1 (Macro): 1.0000/1.0000/1.0000 | LR: 0.000001
Epoch [75/100] | Loss: 1.5932 (Cls: 1.5904, TAL: 0.0933, Adv: 0.0004) | Train Acc: 0.9688 | Val Acc: 1.0000 | Val P/R/F1 (Macro): 1.0000/1.0000/1.0000 | LR: 0.000001
Epoch [76/100] | Loss: 1.6243 (Cls: 1.6224, TAL: 0.0633, Adv: 0.0004) | Train Acc: 0.9531 | Val Acc: 1.0000 | Val P/R/F1 (Macro): 1.0000/1.0000/1.0000 | LR: 0.000001
Epoch [77/100] | Loss: 1.5604 (Cls: 1.5566, TAL: 0.1242, Adv: 0.0022) | Train Acc: 0.9531 | Val Acc: 1.0000 | Val P/R/F1 (Macro): 1.0000/1.0000/1.0000 | LR: 0.000001
Epoch [78/100] | Loss: 1.5558 (Cls: 1.5542, TAL: 0.0527, Adv: 0.0005) | Train Acc: 0.9766 | Val Acc: 1.0000 | Val P/R/F1 (Macro): 1.0000/1.0000/1.0000 | LR: 0.000001
Epoch [79/100] | Loss: 1.5896 (Cls: 1.5860, TAL: 0.1162, Adv: 0.0005) | Train Acc: 0.9766 | Val Acc: 1.0000 | Val P/R/F1 (Macro): 1.0000/1.0000/1.0000 | LR: 0.000001
Epoch [80/100] | Loss: 1.5757 (Cls: 1.5726, TAL: 0.1026, Adv: 0.0007) | Train Acc: 0.9609 | Val Acc: 1.0000 | Val P/R/F1 (Macro): 1.0000/1.0000/1.0000 | LR: 0.000001
Epoch [81/100] | Loss: 1.5552 (Cls: 1.5531, TAL: 0.0700, Adv: 0.0006) | Train Acc: 0.9766 | Val Acc: 1.0000 | Val P/R/F1 (Macro): 1.0000/1.0000/1.0000 | LR: 0.000001
Epoch [82/100] | Loss: 1.5804 (Cls: 1.5765, TAL: 0.1299, Adv: 0.0014) | Train Acc: 0.9609 | Val Acc: 1.0000 | Val P/R/F1 (Macro): 1.0000/1.0000/1.0000 | LR: 0.000001
Epoch [83/100] | Loss: 1.5649 (Cls: 1.5613, TAL: 0.1194, Adv: 0.0008) | Train Acc: 0.9766 | Val Acc: 1.0000 | Val P/R/F1 (Macro): 1.0000/1.0000/1.0000 | LR: 0.000001
Epoch [84/100] | Loss: 1.6018 (Cls: 1.5979, TAL: 0.1304, Adv: 0.0006) | Train Acc: 0.9609 | Val Acc: 1.0000 | Val P/R/F1 (Macro): 1.0000/1.0000/1.0000 | LR: 0.000001
Epoch [85/100] | Loss: 1.5419 (Cls: 1.5391, TAL: 0.0927, Adv: 0.0006) | Train Acc: 0.9688 | Val Acc: 1.0000 | Val P/R/F1 (Macro): 1.0000/1.0000/1.0000 | LR: 0.000001
Epoch [86/100] | Loss: 1.5935 (Cls: 1.5912, TAL: 0.0769, Adv: 0.0004) | Train Acc: 0.9688 | Val Acc: 1.0000 | Val P/R/F1 (Macro): 1.0000/1.0000/1.0000 | LR: 0.000001
Epoch [87/100] | Loss: 1.5721 (Cls: 1.5695, TAL: 0.0862, Adv: 0.0004) | Train Acc: 0.9922 | Val Acc: 1.0000 | Val P/R/F1 (Macro): 1.0000/1.0000/1.0000 | LR: 0.000001
Epoch [88/100] | Loss: 1.5911 (Cls: 1.5868, TAL: 0.1422, Adv: 0.0005) | Train Acc: 0.9688 | Val Acc: 1.0000 | Val P/R/F1 (Macro): 1.0000/1.0000/1.0000 | LR: 0.000001
Epoch [89/100] | Loss: 1.6067 (Cls: 1.6026, TAL: 0.1340, Adv: 0.0006) | Train Acc: 0.9531 | Val Acc: 1.0000 | Val P/R/F1 (Macro): 1.0000/1.0000/1.0000 | LR: 0.000001
Epoch [90/100] | Loss: 1.5608 (Cls: 1.5588, TAL: 0.0643, Adv: 0.0006) | Train Acc: 0.9531 | Val Acc: 1.0000 | Val P/R/F1 (Macro): 1.0000/1.0000/1.0000 | LR: 0.000001
Epoch [91/100] | Loss: 1.6306 (Cls: 1.6264, TAL: 0.1386, Adv: 0.0004) | Train Acc: 0.9219 | Val Acc: 1.0000 | Val P/R/F1 (Macro): 1.0000/1.0000/1.0000 | LR: 0.000001
Epoch [92/100] | Loss: 1.5898 (Cls: 1.5864, TAL: 0.1134, Adv: 0.0005) | Train Acc: 0.9766 | Val Acc: 1.0000 | Val P/R/F1 (Macro): 1.0000/1.0000/1.0000 | LR: 0.000001
Epoch [93/100] | Loss: 1.5661 (Cls: 1.5611, TAL: 0.1663, Adv: 0.0003) | Train Acc: 0.9609 | Val Acc: 1.0000 | Val P/R/F1 (Macro): 1.0000/1.0000/1.0000 | LR: 0.000001
Epoch [94/100] | Loss: 1.5722 (Cls: 1.5677, TAL: 0.1521, Adv: 0.0003) | Train Acc: 0.9453 | Val Acc: 1.0000 | Val P/R/F1 (Macro): 1.0000/1.0000/1.0000 | LR: 0.000001
Epoch [95/100] | Loss: 1.5729 (Cls: 1.5703, TAL: 0.0835, Adv: 0.0005) | Train Acc: 0.9688 | Val Acc: 1.0000 | Val P/R/F1 (Macro): 1.0000/1.0000/1.0000 | LR: 0.000001
Epoch [96/100] | Loss: 1.5871 (Cls: 1.5828, TAL: 0.1448, Adv: 0.0003) | Train Acc: 0.9766 | Val Acc: 1.0000 | Val P/R/F1 (Macro): 1.0000/1.0000/1.0000 | LR: 0.000001
Epoch [97/100] | Loss: 1.5508 (Cls: 1.5459, TAL: 0.1625, Adv: 0.0006) | Train Acc: 0.9609 | Val Acc: 1.0000 | Val P/R/F1 (Macro): 1.0000/1.0000/1.0000 | LR: 0.000001
Epoch [98/100] | Loss: 1.5719 (Cls: 1.5678, TAL: 0.1355, Adv: 0.0003) | Train Acc: 0.9609 | Val Acc: 1.0000 | Val P/R/F1 (Macro): 1.0000/1.0000/1.0000 | LR: 0.000001
Epoch [99/100] | Loss: 1.5977 (Cls: 1.5923, TAL: 0.1811, Adv: 0.0003) | Train Acc: 0.9688 | Val Acc: 1.0000 | Val P/R/F1 (Macro): 1.0000/1.0000/1.0000 | LR: 0.000001
Epoch [100/100] | Loss: 1.6116 (Cls: 1.6075, TAL: 0.1372, Adv: 0.0004) | Train Acc: 0.9609 | Val Acc: 1.0000 | Val P/R/F1 (Macro): 1.0000/1.0000/1.0000 | LR: 0.000001
Report strategy: last_window, window=10, reported_acc=1.0000, best_acc=1.0000

迭代 5 报告指标:
  Accuracy: 1.0000
  Precision (Macro): 1.0000
  Recall (Macro): 1.0000
  F1 (Macro): 1.0000
  Precision (Micro): 1.0000
  Recall (Micro): 1.0000
  F1 (Micro): 1.0000
  Val class coverage: 9/14 (0.6429), samples=36

================================================================================
5次迭代统计结果
================================================================================

accuracy:
  各迭代值: ['0.9750', '0.9722', '1.0000', '0.9722', '1.0000']
  均值 (Mean): 0.9839
  标准差 (Std): 0.0132

precision_macro:
  各迭代值: ['0.9800', '0.9778', '1.0000', '0.9815', '1.0000']
  均值 (Mean): 0.9879
  标准差 (Std): 0.0100

recall_macro:
  各迭代值: ['0.9800', '0.9861', '1.0000', '0.9722', '1.0000']
  均值 (Mean): 0.9877
  标准差 (Std): 0.0110

f1_macro:
  各迭代值: ['0.9778', '0.9802', '1.0000', '0.9740', '1.0000']
  均值 (Mean): 0.9864
  标准差 (Std): 0.0113

precision_micro:
  各迭代值: ['0.9750', '0.9722', '1.0000', '0.9722', '1.0000']
  均值 (Mean): 0.9839
  标准差 (Std): 0.0132

recall_micro:
  各迭代值: ['0.9750', '0.9722', '1.0000', '0.9722', '1.0000']
  均值 (Mean): 0.9839
  标准差 (Std): 0.0132

f1_micro:
  各迭代值: ['0.9750', '0.9722', '1.0000', '0.9722', '1.0000']
  均值 (Mean): 0.9839
  标准差 (Std): 0.0132

val_class_coverage:
  各迭代值: ['0.6429', '0.6429', '0.6429', '0.6429', '0.6429']
  均值 (Mean): 0.6429
  标准差 (Std): 0.0000

val_present_classes:
  各迭代值: ['9.0000', '9.0000', '9.0000', '9.0000', '9.0000']
  均值 (Mean): 9.0000
  标准差 (Std): 0.0000

val_total_classes:
  各迭代值: ['14.0000', '14.0000', '14.0000', '14.0000', '14.0000']
  均值 (Mean): 14.0000
  标准差 (Std): 0.0000

val_samples:
  各迭代值: ['36.0000', '36.0000', '36.0000', '36.0000', '36.0000']
  均值 (Mean): 36.0000
  标准差 (Std): 0.0000

训练结束时间: 2026-07-14 19:45:47
================================================================================

[Batch 1/1] with Tensor + w/o OT, target=逆光

================================================================================
模块消融实验完成，结果汇总:
================================================================================
01. with Tensor + w/o OT | target=逆光 | Accuracy: 0.9839 ± 0.0132
================================================================================
