COMMAND: /home/lixiang/envs/lx_pytorch/bin/python module_ablation.py --source_root /home/lixiang/lx/Data/晴天 --target_root /home/lixiang/lx/Data/雾天 --ablation_mode no_tensor_no_ot --num_iterations 5 --epochs 100 --batch_size 32 --target_label_ratio 0.35 --target_cls_weight 0.5 --report_strategy last_window --report_window 10
CWD: /home/lixiang/lx/JMDA/Ablation
================================================================================
================================================================================
模块消融实验 - without_tensor_without_ot
目标域天气: 雾天
训练开始时间: 2026-07-14 20:14:09
设备: cuda
源域: /home/lixiang/lx/Data/晴天
目标域: /home/lixiang/lx/Data/雾天
批次大小: 32
总轮数: 100
迭代次数: 5
使用Tensor模块: 否
使用OT模块: 否
特征融合方式: 通道拼接
域对齐方式: 常规对抗
目标标签比例/权重: 0.46/0.85
Tensor/Adv损失权重: 0.0/0.04
学习率: feature=1e-05, other=0.0003, weight_decay=0.0003
报告策略: last_window, 窗口: 10
================================================================================

================================================================================
迭代 1/5
随机种子: 42
================================================================================
Training mode: unpaired target adaptation with controlled target-label loss (ratio=0.46, weight=0.85).
Fixed labeled target subset: 202/440 samples.
/home/lixiang/envs/lx_pytorch/lib/python3.11/site-packages/torch/cuda/__init__.py:235: UserWarning: 
NVIDIA GeForce RTX 5090 with CUDA capability sm_120 is not compatible with the current PyTorch installation.
The current PyTorch install supports CUDA capabilities sm_50 sm_60 sm_61 sm_70 sm_75 sm_80 sm_86 sm_89 sm_90 compute_90.
If you want to use the NVIDIA GeForce RTX 5090 GPU with PyTorch, please check the instructions at https://pytorch.org/get-started/locally/

  warnings.warn(
Feature fusion: Channel concatenation (512+512); fused_dim=1024
Domain adaptation: standard source-target adversarial training, no generator
Loss weights: tensor=0.00, adv=0.04
Epoch [1/100] | Loss: 4.6793 (Cls: 4.6465, TAL: 0.0000, Adv: 0.8216) | Train Acc: 0.1971 | Val Acc: 0.2870 | Val P/R/F1 (Macro): 0.1673/0.2209/0.1549 | LR: 0.000010
  >>> New Best Val Acc: 0.2870
Epoch [2/100] | Loss: 3.7412 (Cls: 3.7111, TAL: 0.0000, Adv: 0.7526) | Train Acc: 0.3630 | Val Acc: 0.5565 | Val P/R/F1 (Macro): 0.3870/0.4411/0.3924 | LR: 0.000010
  >>> New Best Val Acc: 0.5565
Epoch [3/100] | Loss: 3.2616 (Cls: 3.2337, TAL: 0.0000, Adv: 0.6990) | Train Acc: 0.4856 | Val Acc: 0.6957 | Val P/R/F1 (Macro): 0.6508/0.6151/0.6044 | LR: 0.000010
  >>> New Best Val Acc: 0.6957
Epoch [4/100] | Loss: 2.8025 (Cls: 2.7751, TAL: 0.0000, Adv: 0.6861) | Train Acc: 0.5962 | Val Acc: 0.6435 | Val P/R/F1 (Macro): 0.5534/0.5197/0.5069 | LR: 0.000010
Epoch [5/100] | Loss: 2.4890 (Cls: 2.4629, TAL: 0.0000, Adv: 0.6525) | Train Acc: 0.6923 | Val Acc: 0.6522 | Val P/R/F1 (Macro): 0.6781/0.5328/0.5710 | LR: 0.000010
Epoch [6/100] | Loss: 2.1811 (Cls: 2.1578, TAL: 0.0000, Adv: 0.5828) | Train Acc: 0.7572 | Val Acc: 0.5043 | Val P/R/F1 (Macro): 0.5214/0.4325/0.4463 | LR: 0.000010
Epoch [7/100] | Loss: 2.1100 (Cls: 2.0877, TAL: 0.0000, Adv: 0.5573) | Train Acc: 0.7909 | Val Acc: 0.7565 | Val P/R/F1 (Macro): 0.6644/0.6765/0.6522 | LR: 0.000010
  >>> New Best Val Acc: 0.7565
Epoch [8/100] | Loss: 2.0059 (Cls: 1.9855, TAL: 0.0000, Adv: 0.5104) | Train Acc: 0.8149 | Val Acc: 0.7391 | Val P/R/F1 (Macro): 0.6881/0.6606/0.6424 | LR: 0.000010
Epoch [9/100] | Loss: 1.8561 (Cls: 1.8379, TAL: 0.0000, Adv: 0.4541) | Train Acc: 0.8726 | Val Acc: 0.7652 | Val P/R/F1 (Macro): 0.7897/0.6339/0.6521 | LR: 0.000010
  >>> New Best Val Acc: 0.7652
Epoch [10/100] | Loss: 1.7573 (Cls: 1.7412, TAL: 0.0000, Adv: 0.4014) | Train Acc: 0.8798 | Val Acc: 0.8261 | Val P/R/F1 (Macro): 0.7536/0.7056/0.7129 | LR: 0.000010
  >>> New Best Val Acc: 0.8261
Epoch [11/100] | Loss: 1.6836 (Cls: 1.6706, TAL: 0.0000, Adv: 0.3244) | Train Acc: 0.8894 | Val Acc: 0.7130 | Val P/R/F1 (Macro): 0.7335/0.5549/0.5662 | LR: 0.000010
Epoch [12/100] | Loss: 1.6964 (Cls: 1.6841, TAL: 0.0000, Adv: 0.3082) | Train Acc: 0.8606 | Val Acc: 0.7739 | Val P/R/F1 (Macro): 0.7358/0.6441/0.6565 | LR: 0.000010
Epoch [13/100] | Loss: 1.6245 (Cls: 1.6149, TAL: 0.0000, Adv: 0.2404) | Train Acc: 0.9038 | Val Acc: 0.8348 | Val P/R/F1 (Macro): 0.8732/0.7306/0.7562 | LR: 0.000010
  >>> New Best Val Acc: 0.8348
Epoch [14/100] | Loss: 1.6160 (Cls: 1.6080, TAL: 0.0000, Adv: 0.1998) | Train Acc: 0.9207 | Val Acc: 0.8087 | Val P/R/F1 (Macro): 0.7342/0.6880/0.6805 | LR: 0.000010
Epoch [15/100] | Loss: 1.6290 (Cls: 1.6219, TAL: 0.0000, Adv: 0.1781) | Train Acc: 0.9183 | Val Acc: 0.8000 | Val P/R/F1 (Macro): 0.7359/0.6841/0.6841 | LR: 0.000010
Epoch [16/100] | Loss: 1.5716 (Cls: 1.5652, TAL: 0.0000, Adv: 0.1591) | Train Acc: 0.9231 | Val Acc: 0.8348 | Val P/R/F1 (Macro): 0.7929/0.6922/0.7010 | LR: 0.000010
Epoch [17/100] | Loss: 1.5055 (Cls: 1.4990, TAL: 0.0000, Adv: 0.1616) | Train Acc: 0.9159 | Val Acc: 0.8348 | Val P/R/F1 (Macro): 0.7452/0.7019/0.7049 | LR: 0.000010
Epoch [18/100] | Loss: 1.4938 (Cls: 1.4889, TAL: 0.0000, Adv: 0.1226) | Train Acc: 0.9471 | Val Acc: 0.7478 | Val P/R/F1 (Macro): 0.7128/0.6196/0.6013 | LR: 0.000010
Epoch [19/100] | Loss: 1.4389 (Cls: 1.4342, TAL: 0.0000, Adv: 0.1157) | Train Acc: 0.9495 | Val Acc: 0.7826 | Val P/R/F1 (Macro): 0.6819/0.6928/0.6602 | LR: 0.000010
Epoch [20/100] | Loss: 1.4422 (Cls: 1.4380, TAL: 0.0000, Adv: 0.1072) | Train Acc: 0.9255 | Val Acc: 0.8870 | Val P/R/F1 (Macro): 0.8247/0.7739/0.7891 | LR: 0.000010
  >>> New Best Val Acc: 0.8870
Epoch [21/100] | Loss: 1.5265 (Cls: 1.5230, TAL: 0.0000, Adv: 0.0873) | Train Acc: 0.9279 | Val Acc: 0.8435 | Val P/R/F1 (Macro): 0.8986/0.7645/0.8021 | LR: 0.000010
Epoch [22/100] | Loss: 1.4261 (Cls: 1.4222, TAL: 0.0000, Adv: 0.0984) | Train Acc: 0.9471 | Val Acc: 0.8000 | Val P/R/F1 (Macro): 0.7708/0.6768/0.6867 | LR: 0.000010
Epoch [23/100] | Loss: 1.4364 (Cls: 1.4342, TAL: 0.0000, Adv: 0.0557) | Train Acc: 0.9423 | Val Acc: 0.7826 | Val P/R/F1 (Macro): 0.7059/0.6763/0.6706 | LR: 0.000010
Epoch [24/100] | Loss: 1.3958 (Cls: 1.3924, TAL: 0.0000, Adv: 0.0843) | Train Acc: 0.9567 | Val Acc: 0.8087 | Val P/R/F1 (Macro): 0.7286/0.6905/0.6813 | LR: 0.000010
Epoch [25/100] | Loss: 1.4187 (Cls: 1.4148, TAL: 0.0000, Adv: 0.0971) | Train Acc: 0.9423 | Val Acc: 0.8696 | Val P/R/F1 (Macro): 0.9144/0.7800/0.8177 | LR: 0.000010
Epoch [26/100] | Loss: 1.4134 (Cls: 1.4082, TAL: 0.0000, Adv: 0.1291) | Train Acc: 0.9471 | Val Acc: 0.8348 | Val P/R/F1 (Macro): 0.7341/0.7138/0.7116 | LR: 0.000010
Epoch [27/100] | Loss: 1.3320 (Cls: 1.3270, TAL: 0.0000, Adv: 0.1236) | Train Acc: 0.9663 | Val Acc: 0.8348 | Val P/R/F1 (Macro): 0.7996/0.6958/0.7192 | LR: 0.000010
Epoch [28/100] | Loss: 1.3821 (Cls: 1.3786, TAL: 0.0000, Adv: 0.0893) | Train Acc: 0.9663 | Val Acc: 0.8087 | Val P/R/F1 (Macro): 0.7050/0.6621/0.6462 | LR: 0.000010
Epoch [29/100] | Loss: 1.3498 (Cls: 1.3471, TAL: 0.0000, Adv: 0.0697) | Train Acc: 0.9615 | Val Acc: 0.8435 | Val P/R/F1 (Macro): 0.7822/0.7189/0.7339 | LR: 0.000010
Epoch [30/100] | Loss: 1.3715 (Cls: 1.3682, TAL: 0.0000, Adv: 0.0834) | Train Acc: 0.9712 | Val Acc: 0.8435 | Val P/R/F1 (Macro): 0.7993/0.7084/0.7213 | LR: 0.000010
Epoch [31/100] | Loss: 1.3635 (Cls: 1.3590, TAL: 0.0000, Adv: 0.1116) | Train Acc: 0.9567 | Val Acc: 0.8174 | Val P/R/F1 (Macro): 0.7515/0.6897/0.6980 | LR: 0.000005
Epoch [32/100] | Loss: 1.3231 (Cls: 1.3188, TAL: 0.0000, Adv: 0.1093) | Train Acc: 0.9615 | Val Acc: 0.8609 | Val P/R/F1 (Macro): 0.7672/0.7320/0.7362 | LR: 0.000005
Epoch [33/100] | Loss: 1.2988 (Cls: 1.2951, TAL: 0.0000, Adv: 0.0929) | Train Acc: 0.9832 | Val Acc: 0.8609 | Val P/R/F1 (Macro): 0.9078/0.7793/0.8148 | LR: 0.000005
Epoch [34/100] | Loss: 1.2709 (Cls: 1.2688, TAL: 0.0000, Adv: 0.0532) | Train Acc: 0.9760 | Val Acc: 0.8348 | Val P/R/F1 (Macro): 0.8413/0.7256/0.7345 | LR: 0.000005
Epoch [35/100] | Loss: 1.2923 (Cls: 1.2901, TAL: 0.0000, Adv: 0.0552) | Train Acc: 0.9784 | Val Acc: 0.8435 | Val P/R/F1 (Macro): 0.8507/0.7315/0.7435 | LR: 0.000005
Epoch [36/100] | Loss: 1.2764 (Cls: 1.2742, TAL: 0.0000, Adv: 0.0540) | Train Acc: 0.9760 | Val Acc: 0.8522 | Val P/R/F1 (Macro): 0.8828/0.7570/0.7871 | LR: 0.000005
Epoch [37/100] | Loss: 1.2557 (Cls: 1.2535, TAL: 0.0000, Adv: 0.0554) | Train Acc: 0.9832 | Val Acc: 0.8522 | Val P/R/F1 (Macro): 0.8747/0.7574/0.7819 | LR: 0.000005
Epoch [38/100] | Loss: 1.2799 (Cls: 1.2782, TAL: 0.0000, Adv: 0.0421) | Train Acc: 0.9663 | Val Acc: 0.8696 | Val P/R/F1 (Macro): 0.8914/0.7691/0.7979 | LR: 0.000005
Epoch [39/100] | Loss: 1.2534 (Cls: 1.2514, TAL: 0.0000, Adv: 0.0486) | Train Acc: 0.9760 | Val Acc: 0.8609 | Val P/R/F1 (Macro): 0.8962/0.7815/0.8094 | LR: 0.000005
Epoch [40/100] | Loss: 1.2537 (Cls: 1.2510, TAL: 0.0000, Adv: 0.0674) | Train Acc: 0.9856 | Val Acc: 0.8609 | Val P/R/F1 (Macro): 0.9027/0.7769/0.8100 | LR: 0.000005
Epoch [41/100] | Loss: 1.2481 (Cls: 1.2457, TAL: 0.0000, Adv: 0.0612) | Train Acc: 0.9856 | Val Acc: 0.8435 | Val P/R/F1 (Macro): 0.8891/0.7628/0.7899 | LR: 0.000005
Epoch [42/100] | Loss: 1.2333 (Cls: 1.2298, TAL: 0.0000, Adv: 0.0875) | Train Acc: 0.9808 | Val Acc: 0.8348 | Val P/R/F1 (Macro): 0.8733/0.7821/0.8040 | LR: 0.000003
Epoch [43/100] | Loss: 1.2168 (Cls: 1.2133, TAL: 0.0000, Adv: 0.0876) | Train Acc: 0.9904 | Val Acc: 0.8609 | Val P/R/F1 (Macro): 0.8773/0.7963/0.8177 | LR: 0.000003
Epoch [44/100] | Loss: 1.2471 (Cls: 1.2436, TAL: 0.0000, Adv: 0.0889) | Train Acc: 0.9880 | Val Acc: 0.8696 | Val P/R/F1 (Macro): 0.9217/0.8003/0.8327 | LR: 0.000003
Epoch [45/100] | Loss: 1.2428 (Cls: 1.2373, TAL: 0.0000, Adv: 0.1352) | Train Acc: 0.9784 | Val Acc: 0.8609 | Val P/R/F1 (Macro): 0.8788/0.7902/0.7980 | LR: 0.000003
Epoch [46/100] | Loss: 1.2478 (Cls: 1.2445, TAL: 0.0000, Adv: 0.0818) | Train Acc: 0.9904 | Val Acc: 0.8696 | Val P/R/F1 (Macro): 0.8736/0.7691/0.7920 | LR: 0.000003
Epoch [47/100] | Loss: 1.2337 (Cls: 1.2298, TAL: 0.0000, Adv: 0.0977) | Train Acc: 0.9904 | Val Acc: 0.8696 | Val P/R/F1 (Macro): 0.7736/0.7543/0.7537 | LR: 0.000003
Epoch [48/100] | Loss: 1.2105 (Cls: 1.2075, TAL: 0.0000, Adv: 0.0750) | Train Acc: 0.9952 | Val Acc: 0.8609 | Val P/R/F1 (Macro): 0.8852/0.7859/0.7994 | LR: 0.000003
Epoch [49/100] | Loss: 1.1976 (Cls: 1.1956, TAL: 0.0000, Adv: 0.0504) | Train Acc: 0.9928 | Val Acc: 0.8522 | Val P/R/F1 (Macro): 0.8792/0.7710/0.7955 | LR: 0.000003
Epoch [50/100] | Loss: 1.1993 (Cls: 1.1964, TAL: 0.0000, Adv: 0.0721) | Train Acc: 0.9904 | Val Acc: 0.8783 | Val P/R/F1 (Macro): 0.9415/0.7872/0.8306 | LR: 0.000003
Epoch [51/100] | Loss: 1.2196 (Cls: 1.2180, TAL: 0.0000, Adv: 0.0402) | Train Acc: 0.9880 | Val Acc: 0.8609 | Val P/R/F1 (Macro): 0.8614/0.7632/0.7821 | LR: 0.000003
Epoch [52/100] | Loss: 1.2121 (Cls: 1.2085, TAL: 0.0000, Adv: 0.0901) | Train Acc: 0.9952 | Val Acc: 0.8348 | Val P/R/F1 (Macro): 0.7362/0.7142/0.7125 | LR: 0.000003
Epoch [53/100] | Loss: 1.2169 (Cls: 1.2134, TAL: 0.0000, Adv: 0.0892) | Train Acc: 0.9952 | Val Acc: 0.8870 | Val P/R/F1 (Macro): 0.9173/0.7949/0.8284 | LR: 0.000001
Epoch [54/100] | Loss: 1.2066 (Cls: 1.2055, TAL: 0.0000, Adv: 0.0291) | Train Acc: 0.9880 | Val Acc: 0.8522 | Val P/R/F1 (Macro): 0.8696/0.7570/0.7832 | LR: 0.000001
Epoch [55/100] | Loss: 1.1811 (Cls: 1.1799, TAL: 0.0000, Adv: 0.0297) | Train Acc: 0.9952 | Val Acc: 0.8696 | Val P/R/F1 (Macro): 0.8736/0.7691/0.7920 | LR: 0.000001
Epoch [56/100] | Loss: 1.2052 (Cls: 1.2042, TAL: 0.0000, Adv: 0.0246) | Train Acc: 0.9904 | Val Acc: 0.8696 | Val P/R/F1 (Macro): 0.8849/0.7691/0.7939 | LR: 0.000001
Epoch [57/100] | Loss: 1.2202 (Cls: 1.2193, TAL: 0.0000, Adv: 0.0221) | Train Acc: 0.9928 | Val Acc: 0.8783 | Val P/R/F1 (Macro): 0.9061/0.7913/0.8198 | LR: 0.000001
Epoch [58/100] | Loss: 1.1956 (Cls: 1.1944, TAL: 0.0000, Adv: 0.0284) | Train Acc: 0.9952 | Val Acc: 0.8783 | Val P/R/F1 (Macro): 0.8915/0.7910/0.8142 | LR: 0.000001
Epoch [59/100] | Loss: 1.2002 (Cls: 1.1996, TAL: 0.0000, Adv: 0.0150) | Train Acc: 0.9880 | Val Acc: 0.8696 | Val P/R/F1 (Macro): 0.8886/0.7851/0.8092 | LR: 0.000001
Epoch [60/100] | Loss: 1.1870 (Cls: 1.1862, TAL: 0.0000, Adv: 0.0195) | Train Acc: 0.9928 | Val Acc: 0.8696 | Val P/R/F1 (Macro): 0.8697/0.7733/0.7922 | LR: 0.000001
Epoch [61/100] | Loss: 1.1948 (Cls: 1.1943, TAL: 0.0000, Adv: 0.0137) | Train Acc: 0.9952 | Val Acc: 0.8609 | Val P/R/F1 (Macro): 0.8658/0.7648/0.7857 | LR: 0.000001
Epoch [62/100] | Loss: 1.1871 (Cls: 1.1861, TAL: 0.0000, Adv: 0.0249) | Train Acc: 0.9976 | Val Acc: 0.8696 | Val P/R/F1 (Macro): 0.8792/0.7687/0.7946 | LR: 0.000001
Epoch [63/100] | Loss: 1.1958 (Cls: 1.1950, TAL: 0.0000, Adv: 0.0193) | Train Acc: 1.0000 | Val Acc: 0.8696 | Val P/R/F1 (Macro): 0.8888/0.7669/0.7964 | LR: 0.000001
Epoch [64/100] | Loss: 1.2156 (Cls: 1.2152, TAL: 0.0000, Adv: 0.0111) | Train Acc: 0.9952 | Val Acc: 0.8870 | Val P/R/F1 (Macro): 0.9384/0.7767/0.8144 | LR: 0.000001
Epoch [65/100] | Loss: 1.1790 (Cls: 1.1784, TAL: 0.0000, Adv: 0.0135) | Train Acc: 0.9928 | Val Acc: 0.8783 | Val P/R/F1 (Macro): 0.8847/0.7749/0.8004 | LR: 0.000001
Epoch [66/100] | Loss: 1.1777 (Cls: 1.1766, TAL: 0.0000, Adv: 0.0282) | Train Acc: 0.9928 | Val Acc: 0.8870 | Val P/R/F1 (Macro): 0.8954/0.7971/0.8190 | LR: 0.000001
Epoch [67/100] | Loss: 1.1742 (Cls: 1.1736, TAL: 0.0000, Adv: 0.0169) | Train Acc: 0.9976 | Val Acc: 0.8783 | Val P/R/F1 (Macro): 0.8940/0.7813/0.8025 | LR: 0.000001
Epoch [68/100] | Loss: 1.1690 (Cls: 1.1686, TAL: 0.0000, Adv: 0.0112) | Train Acc: 0.9952 | Val Acc: 0.8696 | Val P/R/F1 (Macro): 0.8728/0.7687/0.7922 | LR: 0.000001
Epoch [69/100] | Loss: 1.1927 (Cls: 1.1921, TAL: 0.0000, Adv: 0.0155) | Train Acc: 0.9856 | Val Acc: 0.8783 | Val P/R/F1 (Macro): 0.9116/0.7910/0.8237 | LR: 0.000001
Epoch [70/100] | Loss: 1.1617 (Cls: 1.1611, TAL: 0.0000, Adv: 0.0150) | Train Acc: 0.9976 | Val Acc: 0.8783 | Val P/R/F1 (Macro): 0.9261/0.7727/0.8067 | LR: 0.000001
Epoch [71/100] | Loss: 1.1790 (Cls: 1.1785, TAL: 0.0000, Adv: 0.0142) | Train Acc: 0.9904 | Val Acc: 0.8435 | Val P/R/F1 (Macro): 0.8837/0.7695/0.7956 | LR: 0.000001
Epoch [72/100] | Loss: 1.1694 (Cls: 1.1688, TAL: 0.0000, Adv: 0.0155) | Train Acc: 0.9976 | Val Acc: 0.8609 | Val P/R/F1 (Macro): 0.8670/0.7632/0.7862 | LR: 0.000001
Epoch [73/100] | Loss: 1.2124 (Cls: 1.2118, TAL: 0.0000, Adv: 0.0133) | Train Acc: 0.9832 | Val Acc: 0.8696 | Val P/R/F1 (Macro): 0.9147/0.7672/0.7966 | LR: 0.000001
Epoch [74/100] | Loss: 1.1839 (Cls: 1.1836, TAL: 0.0000, Adv: 0.0069) | Train Acc: 0.9952 | Val Acc: 0.8783 | Val P/R/F1 (Macro): 0.8785/0.7749/0.7968 | LR: 0.000001
Epoch [75/100] | Loss: 1.1783 (Cls: 1.1779, TAL: 0.0000, Adv: 0.0110) | Train Acc: 0.9976 | Val Acc: 0.8696 | Val P/R/F1 (Macro): 0.8949/0.7687/0.7992 | LR: 0.000001
Epoch [76/100] | Loss: 1.1741 (Cls: 1.1734, TAL: 0.0000, Adv: 0.0186) | Train Acc: 0.9952 | Val Acc: 0.8870 | Val P/R/F1 (Macro): 0.9591/0.7931/0.8417 | LR: 0.000001
Epoch [77/100] | Loss: 1.2007 (Cls: 1.2003, TAL: 0.0000, Adv: 0.0082) | Train Acc: 0.9904 | Val Acc: 0.8609 | Val P/R/F1 (Macro): 0.8699/0.7629/0.7872 | LR: 0.000001
Epoch [78/100] | Loss: 1.1788 (Cls: 1.1783, TAL: 0.0000, Adv: 0.0112) | Train Acc: 1.0000 | Val Acc: 0.8870 | Val P/R/F1 (Macro): 0.8954/0.7971/0.8190 | LR: 0.000001
Epoch [79/100] | Loss: 1.1669 (Cls: 1.1663, TAL: 0.0000, Adv: 0.0148) | Train Acc: 0.9952 | Val Acc: 0.8870 | Val P/R/F1 (Macro): 0.9223/0.8132/0.8400 | LR: 0.000001
Epoch [80/100] | Loss: 1.1759 (Cls: 1.1755, TAL: 0.0000, Adv: 0.0109) | Train Acc: 0.9904 | Val Acc: 0.8870 | Val P/R/F1 (Macro): 0.9076/0.7949/0.8240 | LR: 0.000001
Epoch [81/100] | Loss: 1.1730 (Cls: 1.1727, TAL: 0.0000, Adv: 0.0091) | Train Acc: 0.9952 | Val Acc: 0.8783 | Val P/R/F1 (Macro): 0.8724/0.7749/0.7944 | LR: 0.000001
Epoch [82/100] | Loss: 1.1994 (Cls: 1.1991, TAL: 0.0000, Adv: 0.0089) | Train Acc: 0.9880 | Val Acc: 0.8870 | Val P/R/F1 (Macro): 0.9082/0.8132/0.8324 | LR: 0.000001
Epoch [83/100] | Loss: 1.1919 (Cls: 1.1917, TAL: 0.0000, Adv: 0.0056) | Train Acc: 0.9976 | Val Acc: 0.8696 | Val P/R/F1 (Macro): 0.8783/0.7691/0.7951 | LR: 0.000001
Epoch [84/100] | Loss: 1.1631 (Cls: 1.1630, TAL: 0.0000, Adv: 0.0023) | Train Acc: 0.9952 | Val Acc: 0.8696 | Val P/R/F1 (Macro): 0.9007/0.7669/0.8011 | LR: 0.000001
Epoch [85/100] | Loss: 1.1669 (Cls: 1.1666, TAL: 0.0000, Adv: 0.0084) | Train Acc: 0.9952 | Val Acc: 0.8783 | Val P/R/F1 (Macro): 0.9057/0.7727/0.8072 | LR: 0.000001
Epoch [86/100] | Loss: 1.1798 (Cls: 1.1793, TAL: 0.0000, Adv: 0.0117) | Train Acc: 0.9904 | Val Acc: 0.8696 | Val P/R/F1 (Macro): 0.8862/0.7870/0.8070 | LR: 0.000001
Epoch [87/100] | Loss: 1.1698 (Cls: 1.1697, TAL: 0.0000, Adv: 0.0036) | Train Acc: 0.9952 | Val Acc: 0.8696 | Val P/R/F1 (Macro): 0.8792/0.7687/0.7946 | LR: 0.000001
Epoch [88/100] | Loss: 1.1784 (Cls: 1.1781, TAL: 0.0000, Adv: 0.0081) | Train Acc: 0.9904 | Val Acc: 0.8783 | Val P/R/F1 (Macro): 0.8911/0.7913/0.8131 | LR: 0.000001
Epoch [89/100] | Loss: 1.1676 (Cls: 1.1674, TAL: 0.0000, Adv: 0.0055) | Train Acc: 0.9928 | Val Acc: 0.8696 | Val P/R/F1 (Macro): 0.8949/0.7687/0.7992 | LR: 0.000001
Epoch [90/100] | Loss: 1.1983 (Cls: 1.1981, TAL: 0.0000, Adv: 0.0029) | Train Acc: 1.0000 | Val Acc: 0.8696 | Val P/R/F1 (Macro): 0.8792/0.7687/0.7946 | LR: 0.000001
Epoch [91/100] | Loss: 1.1619 (Cls: 1.1616, TAL: 0.0000, Adv: 0.0057) | Train Acc: 0.9880 | Val Acc: 0.8957 | Val P/R/F1 (Macro): 0.9200/0.8172/0.8408 | LR: 0.000001
  >>> New Best Val Acc: 0.8957
Epoch [92/100] | Loss: 1.1611 (Cls: 1.1609, TAL: 0.0000, Adv: 0.0057) | Train Acc: 0.9952 | Val Acc: 0.8696 | Val P/R/F1 (Macro): 0.9032/0.7851/0.8142 | LR: 0.000001
Epoch [93/100] | Loss: 1.1818 (Cls: 1.1817, TAL: 0.0000, Adv: 0.0018) | Train Acc: 0.9880 | Val Acc: 0.8696 | Val P/R/F1 (Macro): 0.9047/0.7851/0.8150 | LR: 0.000001
Epoch [94/100] | Loss: 1.1749 (Cls: 1.1746, TAL: 0.0000, Adv: 0.0079) | Train Acc: 0.9952 | Val Acc: 0.8609 | Val P/R/F1 (Macro): 0.8764/0.7629/0.7897 | LR: 0.000001
Epoch [95/100] | Loss: 1.1701 (Cls: 1.1699, TAL: 0.0000, Adv: 0.0045) | Train Acc: 1.0000 | Val Acc: 0.8609 | Val P/R/F1 (Macro): 0.8949/0.7629/0.7955 | LR: 0.000001
Epoch [96/100] | Loss: 1.1659 (Cls: 1.1656, TAL: 0.0000, Adv: 0.0060) | Train Acc: 0.9976 | Val Acc: 0.8783 | Val P/R/F1 (Macro): 0.9233/0.7891/0.8267 | LR: 0.000001
Epoch [97/100] | Loss: 1.1766 (Cls: 1.1765, TAL: 0.0000, Adv: 0.0032) | Train Acc: 0.9952 | Val Acc: 0.8696 | Val P/R/F1 (Macro): 0.8973/0.7687/0.8004 | LR: 0.000001
Epoch [98/100] | Loss: 1.1746 (Cls: 1.1744, TAL: 0.0000, Adv: 0.0028) | Train Acc: 0.9976 | Val Acc: 0.8609 | Val P/R/F1 (Macro): 0.8788/0.7629/0.7908 | LR: 0.000001
Epoch [99/100] | Loss: 1.1485 (Cls: 1.1485, TAL: 0.0000, Adv: 0.0013) | Train Acc: 0.9976 | Val Acc: 0.8696 | Val P/R/F1 (Macro): 0.8822/0.7669/0.7949 | LR: 0.000001
Epoch [100/100] | Loss: 1.1589 (Cls: 1.1587, TAL: 0.0000, Adv: 0.0040) | Train Acc: 0.9976 | Val Acc: 0.8783 | Val P/R/F1 (Macro): 0.8785/0.7749/0.7968 | LR: 0.000001
Report strategy: last_window, window=10, reported_acc=0.8713, best_acc=0.8957

迭代 1 报告指标:
  Accuracy: 0.8713
  Precision (Macro): 0.8959
  Recall (Macro): 0.7776
  F1 (Macro): 0.8065
  Precision (Micro): 0.8713
  Recall (Micro): 0.8713
  F1 (Micro): 0.8713
  Val class coverage: 9/14 (0.6429), samples=115

================================================================================
迭代 2/5
随机种子: 43
================================================================================
Training mode: unpaired target adaptation with controlled target-label loss (ratio=0.46, weight=0.85).
Fixed labeled target subset: 202/440 samples.
Feature fusion: Channel concatenation (512+512); fused_dim=1024
Domain adaptation: standard source-target adversarial training, no generator
Loss weights: tensor=0.00, adv=0.04
Epoch [1/100] | Loss: 4.7594 (Cls: 4.7273, TAL: 0.0000, Adv: 0.8039) | Train Acc: 0.1899 | Val Acc: 0.2174 | Val P/R/F1 (Macro): 0.0469/0.1709/0.0730 | LR: 0.000010
  >>> New Best Val Acc: 0.2174
Epoch [2/100] | Loss: 4.0641 (Cls: 4.0330, TAL: 0.0000, Adv: 0.7772) | Train Acc: 0.2885 | Val Acc: 0.5217 | Val P/R/F1 (Macro): 0.5380/0.4842/0.4314 | LR: 0.000010
  >>> New Best Val Acc: 0.5217
Epoch [3/100] | Loss: 3.3669 (Cls: 3.3385, TAL: 0.0000, Adv: 0.7102) | Train Acc: 0.4495 | Val Acc: 0.6000 | Val P/R/F1 (Macro): 0.5498/0.4690/0.4623 | LR: 0.000010
  >>> New Best Val Acc: 0.6000
Epoch [4/100] | Loss: 2.9371 (Cls: 2.9110, TAL: 0.0000, Adv: 0.6541) | Train Acc: 0.5938 | Val Acc: 0.4783 | Val P/R/F1 (Macro): 0.5537/0.4229/0.4042 | LR: 0.000010
Epoch [5/100] | Loss: 2.5328 (Cls: 2.5089, TAL: 0.0000, Adv: 0.5982) | Train Acc: 0.6803 | Val Acc: 0.7391 | Val P/R/F1 (Macro): 0.6088/0.6040/0.5936 | LR: 0.000010
  >>> New Best Val Acc: 0.7391
Epoch [6/100] | Loss: 2.4148 (Cls: 2.3930, TAL: 0.0000, Adv: 0.5458) | Train Acc: 0.6875 | Val Acc: 0.7130 | Val P/R/F1 (Macro): 0.6418/0.6393/0.6234 | LR: 0.000010
Epoch [7/100] | Loss: 2.1403 (Cls: 2.1221, TAL: 0.0000, Adv: 0.4563) | Train Acc: 0.7740 | Val Acc: 0.6174 | Val P/R/F1 (Macro): 0.6100/0.5191/0.5135 | LR: 0.000010
Epoch [8/100] | Loss: 2.1191 (Cls: 2.1035, TAL: 0.0000, Adv: 0.3901) | Train Acc: 0.7812 | Val Acc: 0.6609 | Val P/R/F1 (Macro): 0.5595/0.5060/0.5155 | LR: 0.000010
Epoch [9/100] | Loss: 1.9740 (Cls: 1.9624, TAL: 0.0000, Adv: 0.2900) | Train Acc: 0.7981 | Val Acc: 0.7217 | Val P/R/F1 (Macro): 0.6914/0.6162/0.6203 | LR: 0.000010
Epoch [10/100] | Loss: 1.8297 (Cls: 1.8184, TAL: 0.0000, Adv: 0.2823) | Train Acc: 0.8678 | Val Acc: 0.7652 | Val P/R/F1 (Macro): 0.7208/0.6693/0.6743 | LR: 0.000010
  >>> New Best Val Acc: 0.7652
Epoch [11/100] | Loss: 1.7184 (Cls: 1.7097, TAL: 0.0000, Adv: 0.2184) | Train Acc: 0.9014 | Val Acc: 0.7130 | Val P/R/F1 (Macro): 0.6747/0.5944/0.6119 | LR: 0.000010
Epoch [12/100] | Loss: 1.7568 (Cls: 1.7465, TAL: 0.0000, Adv: 0.2561) | Train Acc: 0.8894 | Val Acc: 0.7478 | Val P/R/F1 (Macro): 0.6759/0.6124/0.6205 | LR: 0.000010
Epoch [13/100] | Loss: 1.6608 (Cls: 1.6552, TAL: 0.0000, Adv: 0.1417) | Train Acc: 0.8966 | Val Acc: 0.7739 | Val P/R/F1 (Macro): 0.7185/0.6814/0.6736 | LR: 0.000010
  >>> New Best Val Acc: 0.7739
Epoch [14/100] | Loss: 1.6395 (Cls: 1.6354, TAL: 0.0000, Adv: 0.1036) | Train Acc: 0.8942 | Val Acc: 0.7565 | Val P/R/F1 (Macro): 0.6987/0.6704/0.6678 | LR: 0.000010
Epoch [15/100] | Loss: 1.6353 (Cls: 1.6308, TAL: 0.0000, Adv: 0.1124) | Train Acc: 0.9038 | Val Acc: 0.7739 | Val P/R/F1 (Macro): 0.7694/0.6758/0.6727 | LR: 0.000010
Epoch [16/100] | Loss: 1.5858 (Cls: 1.5815, TAL: 0.0000, Adv: 0.1086) | Train Acc: 0.9279 | Val Acc: 0.8000 | Val P/R/F1 (Macro): 0.6910/0.6747/0.6631 | LR: 0.000010
  >>> New Best Val Acc: 0.8000
Epoch [17/100] | Loss: 1.4855 (Cls: 1.4822, TAL: 0.0000, Adv: 0.0818) | Train Acc: 0.9375 | Val Acc: 0.8087 | Val P/R/F1 (Macro): 0.7466/0.7177/0.7240 | LR: 0.000010
  >>> New Best Val Acc: 0.8087
Epoch [18/100] | Loss: 1.5364 (Cls: 1.5323, TAL: 0.0000, Adv: 0.1016) | Train Acc: 0.9135 | Val Acc: 0.8522 | Val P/R/F1 (Macro): 0.8466/0.7475/0.7701 | LR: 0.000010
  >>> New Best Val Acc: 0.8522
Epoch [19/100] | Loss: 1.4882 (Cls: 1.4856, TAL: 0.0000, Adv: 0.0647) | Train Acc: 0.9447 | Val Acc: 0.8348 | Val P/R/F1 (Macro): 0.8353/0.7857/0.7827 | LR: 0.000010
Epoch [20/100] | Loss: 1.4387 (Cls: 1.4361, TAL: 0.0000, Adv: 0.0658) | Train Acc: 0.9519 | Val Acc: 0.8522 | Val P/R/F1 (Macro): 0.7989/0.7442/0.7541 | LR: 0.000010
Epoch [21/100] | Loss: 1.4544 (Cls: 1.4476, TAL: 0.0000, Adv: 0.1682) | Train Acc: 0.9519 | Val Acc: 0.8348 | Val P/R/F1 (Macro): 0.9040/0.7241/0.7558 | LR: 0.000010
Epoch [22/100] | Loss: 1.4345 (Cls: 1.4321, TAL: 0.0000, Adv: 0.0604) | Train Acc: 0.9663 | Val Acc: 0.8522 | Val P/R/F1 (Macro): 0.8417/0.7526/0.7698 | LR: 0.000010
Epoch [23/100] | Loss: 1.4261 (Cls: 1.4225, TAL: 0.0000, Adv: 0.0915) | Train Acc: 0.9495 | Val Acc: 0.8435 | Val P/R/F1 (Macro): 0.7716/0.7282/0.7335 | LR: 0.000010
Epoch [24/100] | Loss: 1.4531 (Cls: 1.4490, TAL: 0.0000, Adv: 0.1014) | Train Acc: 0.9375 | Val Acc: 0.8696 | Val P/R/F1 (Macro): 0.8985/0.8172/0.8278 | LR: 0.000010
  >>> New Best Val Acc: 0.8696
Epoch [25/100] | Loss: 1.4635 (Cls: 1.4577, TAL: 0.0000, Adv: 0.1451) | Train Acc: 0.9399 | Val Acc: 0.8261 | Val P/R/F1 (Macro): 0.7884/0.7236/0.7394 | LR: 0.000010
Epoch [26/100] | Loss: 1.4310 (Cls: 1.4173, TAL: 0.0000, Adv: 0.3420) | Train Acc: 0.9471 | Val Acc: 0.8783 | Val P/R/F1 (Macro): 0.9300/0.8033/0.8360 | LR: 0.000010
  >>> New Best Val Acc: 0.8783
Epoch [27/100] | Loss: 1.4283 (Cls: 1.4092, TAL: 0.0000, Adv: 0.4757) | Train Acc: 0.9351 | Val Acc: 0.8957 | Val P/R/F1 (Macro): 0.9375/0.8052/0.8370 | LR: 0.000010
  >>> New Best Val Acc: 0.8957
Epoch [28/100] | Loss: 1.4452 (Cls: 1.4095, TAL: 0.0000, Adv: 0.8937) | Train Acc: 0.9591 | Val Acc: 0.8609 | Val P/R/F1 (Macro): 0.8984/0.7950/0.8079 | LR: 0.000010
Epoch [29/100] | Loss: 1.4743 (Cls: 1.4000, TAL: 0.0000, Adv: 1.8575) | Train Acc: 0.9375 | Val Acc: 0.8522 | Val P/R/F1 (Macro): 0.9035/0.7612/0.7929 | LR: 0.000010
Epoch [30/100] | Loss: 1.4196 (Cls: 1.3565, TAL: 0.0000, Adv: 1.5751) | Train Acc: 0.9736 | Val Acc: 0.8348 | Val P/R/F1 (Macro): 0.8556/0.7647/0.7804 | LR: 0.000010
Epoch [31/100] | Loss: 1.4257 (Cls: 1.3978, TAL: 0.0000, Adv: 0.6971) | Train Acc: 0.9567 | Val Acc: 0.8696 | Val P/R/F1 (Macro): 0.9341/0.7753/0.8231 | LR: 0.000010
Epoch [32/100] | Loss: 1.3765 (Cls: 1.3477, TAL: 0.0000, Adv: 0.7201) | Train Acc: 0.9639 | Val Acc: 0.8522 | Val P/R/F1 (Macro): 0.8986/0.7548/0.7879 | LR: 0.000010
Epoch [33/100] | Loss: 1.3625 (Cls: 1.3433, TAL: 0.0000, Adv: 0.4820) | Train Acc: 0.9567 | Val Acc: 0.8609 | Val P/R/F1 (Macro): 0.8412/0.7448/0.7620 | LR: 0.000010
Epoch [34/100] | Loss: 1.4223 (Cls: 1.4062, TAL: 0.0000, Adv: 0.4025) | Train Acc: 0.9423 | Val Acc: 0.8174 | Val P/R/F1 (Macro): 0.8550/0.6970/0.7152 | LR: 0.000010
Epoch [35/100] | Loss: 1.3373 (Cls: 1.3258, TAL: 0.0000, Adv: 0.2897) | Train Acc: 0.9639 | Val Acc: 0.8261 | Val P/R/F1 (Macro): 0.7572/0.6991/0.7067 | LR: 0.000010
Epoch [36/100] | Loss: 1.3907 (Cls: 1.3771, TAL: 0.0000, Adv: 0.3393) | Train Acc: 0.9519 | Val Acc: 0.8522 | Val P/R/F1 (Macro): 0.8476/0.7821/0.7905 | LR: 0.000010
Epoch [37/100] | Loss: 1.3460 (Cls: 1.3408, TAL: 0.0000, Adv: 0.1298) | Train Acc: 0.9639 | Val Acc: 0.8261 | Val P/R/F1 (Macro): 0.8373/0.6912/0.7082 | LR: 0.000010
Epoch [38/100] | Loss: 1.2913 (Cls: 1.2855, TAL: 0.0000, Adv: 0.1465) | Train Acc: 0.9784 | Val Acc: 0.8870 | Val P/R/F1 (Macro): 0.8929/0.7916/0.8030 | LR: 0.000005
Epoch [39/100] | Loss: 1.3019 (Cls: 1.2991, TAL: 0.0000, Adv: 0.0697) | Train Acc: 0.9639 | Val Acc: 0.8696 | Val P/R/F1 (Macro): 0.9141/0.7834/0.8144 | LR: 0.000005
Epoch [40/100] | Loss: 1.2815 (Cls: 1.2773, TAL: 0.0000, Adv: 0.1048) | Train Acc: 0.9567 | Val Acc: 0.8783 | Val P/R/F1 (Macro): 0.8948/0.8164/0.8197 | LR: 0.000005
Epoch [41/100] | Loss: 1.2808 (Cls: 1.2788, TAL: 0.0000, Adv: 0.0500) | Train Acc: 0.9663 | Val Acc: 0.8696 | Val P/R/F1 (Macro): 0.8834/0.7978/0.8124 | LR: 0.000005
Epoch [42/100] | Loss: 1.2610 (Cls: 1.2584, TAL: 0.0000, Adv: 0.0660) | Train Acc: 0.9760 | Val Acc: 0.9130 | Val P/R/F1 (Macro): 0.9408/0.8421/0.8648 | LR: 0.000005
  >>> New Best Val Acc: 0.9130
Epoch [43/100] | Loss: 1.2633 (Cls: 1.2608, TAL: 0.0000, Adv: 0.0632) | Train Acc: 0.9760 | Val Acc: 0.8870 | Val P/R/F1 (Macro): 0.9149/0.8195/0.8399 | LR: 0.000005
Epoch [44/100] | Loss: 1.2448 (Cls: 1.2434, TAL: 0.0000, Adv: 0.0373) | Train Acc: 0.9760 | Val Acc: 0.8957 | Val P/R/F1 (Macro): 0.9223/0.8273/0.8488 | LR: 0.000005
Epoch [45/100] | Loss: 1.2220 (Cls: 1.2203, TAL: 0.0000, Adv: 0.0408) | Train Acc: 0.9880 | Val Acc: 0.8696 | Val P/R/F1 (Macro): 0.8963/0.7998/0.8170 | LR: 0.000005
Epoch [46/100] | Loss: 1.2314 (Cls: 1.2306, TAL: 0.0000, Adv: 0.0184) | Train Acc: 0.9928 | Val Acc: 0.8957 | Val P/R/F1 (Macro): 0.9208/0.8180/0.8401 | LR: 0.000005
Epoch [47/100] | Loss: 1.2213 (Cls: 1.2206, TAL: 0.0000, Adv: 0.0167) | Train Acc: 0.9832 | Val Acc: 0.8609 | Val P/R/F1 (Macro): 0.8952/0.7521/0.7733 | LR: 0.000005
Epoch [48/100] | Loss: 1.2217 (Cls: 1.2212, TAL: 0.0000, Adv: 0.0124) | Train Acc: 0.9904 | Val Acc: 0.9130 | Val P/R/F1 (Macro): 0.9069/0.8416/0.8534 | LR: 0.000005
Epoch [49/100] | Loss: 1.2234 (Cls: 1.2230, TAL: 0.0000, Adv: 0.0096) | Train Acc: 0.9856 | Val Acc: 0.8783 | Val P/R/F1 (Macro): 0.9147/0.7769/0.8072 | LR: 0.000005
Epoch [50/100] | Loss: 1.2105 (Cls: 1.2101, TAL: 0.0000, Adv: 0.0095) | Train Acc: 0.9904 | Val Acc: 0.8696 | Val P/R/F1 (Macro): 0.9102/0.7837/0.8104 | LR: 0.000005
Epoch [51/100] | Loss: 1.2311 (Cls: 1.2308, TAL: 0.0000, Adv: 0.0063) | Train Acc: 0.9856 | Val Acc: 0.9043 | Val P/R/F1 (Macro): 0.9357/0.8238/0.8509 | LR: 0.000005
Epoch [52/100] | Loss: 1.2318 (Cls: 1.2306, TAL: 0.0000, Adv: 0.0295) | Train Acc: 0.9808 | Val Acc: 0.8957 | Val P/R/F1 (Macro): 0.9319/0.8110/0.8428 | LR: 0.000005
Epoch [53/100] | Loss: 1.1891 (Cls: 1.1885, TAL: 0.0000, Adv: 0.0142) | Train Acc: 0.9928 | Val Acc: 0.8870 | Val P/R/F1 (Macro): 0.9079/0.8301/0.8386 | LR: 0.000003
Epoch [54/100] | Loss: 1.2054 (Cls: 1.2047, TAL: 0.0000, Adv: 0.0181) | Train Acc: 0.9976 | Val Acc: 0.9130 | Val P/R/F1 (Macro): 0.9382/0.8297/0.8561 | LR: 0.000003
Epoch [55/100] | Loss: 1.1941 (Cls: 1.1939, TAL: 0.0000, Adv: 0.0057) | Train Acc: 0.9928 | Val Acc: 0.9217 | Val P/R/F1 (Macro): 0.9376/0.8519/0.8679 | LR: 0.000003
  >>> New Best Val Acc: 0.9217
Epoch [56/100] | Loss: 1.2153 (Cls: 1.2148, TAL: 0.0000, Adv: 0.0121) | Train Acc: 0.9928 | Val Acc: 0.9130 | Val P/R/F1 (Macro): 0.9235/0.8479/0.8583 | LR: 0.000003
Epoch [57/100] | Loss: 1.1719 (Cls: 1.1717, TAL: 0.0000, Adv: 0.0062) | Train Acc: 0.9928 | Val Acc: 0.9304 | Val P/R/F1 (Macro): 0.9493/0.8678/0.8861 | LR: 0.000003
  >>> New Best Val Acc: 0.9304
Epoch [58/100] | Loss: 1.1894 (Cls: 1.1892, TAL: 0.0000, Adv: 0.0058) | Train Acc: 0.9952 | Val Acc: 0.8957 | Val P/R/F1 (Macro): 0.9168/0.8110/0.8341 | LR: 0.000003
Epoch [59/100] | Loss: 1.1996 (Cls: 1.1994, TAL: 0.0000, Adv: 0.0044) | Train Acc: 0.9856 | Val Acc: 0.8870 | Val P/R/F1 (Macro): 0.9106/0.8051/0.8271 | LR: 0.000003
Epoch [60/100] | Loss: 1.1919 (Cls: 1.1915, TAL: 0.0000, Adv: 0.0102) | Train Acc: 0.9856 | Val Acc: 0.8957 | Val P/R/F1 (Macro): 0.8984/0.8292/0.8395 | LR: 0.000003
Epoch [61/100] | Loss: 1.1832 (Cls: 1.1831, TAL: 0.0000, Adv: 0.0035) | Train Acc: 0.9976 | Val Acc: 0.9043 | Val P/R/F1 (Macro): 0.9327/0.8074/0.8374 | LR: 0.000003
Epoch [62/100] | Loss: 1.1955 (Cls: 1.1953, TAL: 0.0000, Adv: 0.0056) | Train Acc: 0.9952 | Val Acc: 0.9043 | Val P/R/F1 (Macro): 0.9259/0.8332/0.8548 | LR: 0.000003
Epoch [63/100] | Loss: 1.1781 (Cls: 1.1771, TAL: 0.0000, Adv: 0.0254) | Train Acc: 1.0000 | Val Acc: 0.8957 | Val P/R/F1 (Macro): 0.9313/0.8013/0.8337 | LR: 0.000003
Epoch [64/100] | Loss: 1.1679 (Cls: 1.1674, TAL: 0.0000, Adv: 0.0114) | Train Acc: 0.9976 | Val Acc: 0.9130 | Val P/R/F1 (Macro): 0.9512/0.8136/0.8501 | LR: 0.000003
Epoch [65/100] | Loss: 1.1753 (Cls: 1.1750, TAL: 0.0000, Adv: 0.0072) | Train Acc: 0.9952 | Val Acc: 0.9043 | Val P/R/F1 (Macro): 0.9279/0.8011/0.8263 | LR: 0.000003
Epoch [66/100] | Loss: 1.1971 (Cls: 1.1968, TAL: 0.0000, Adv: 0.0070) | Train Acc: 0.9952 | Val Acc: 0.9130 | Val P/R/F1 (Macro): 0.9378/0.8073/0.8348 | LR: 0.000003
Epoch [67/100] | Loss: 1.1815 (Cls: 1.1813, TAL: 0.0000, Adv: 0.0060) | Train Acc: 0.9976 | Val Acc: 0.9130 | Val P/R/F1 (Macro): 0.9380/0.8394/0.8641 | LR: 0.000003
Epoch [68/100] | Loss: 1.1828 (Cls: 1.1820, TAL: 0.0000, Adv: 0.0199) | Train Acc: 0.9880 | Val Acc: 0.9217 | Val P/R/F1 (Macro): 0.9481/0.8292/0.8605 | LR: 0.000001
Epoch [69/100] | Loss: 1.1983 (Cls: 1.1982, TAL: 0.0000, Adv: 0.0031) | Train Acc: 0.9808 | Val Acc: 0.9217 | Val P/R/F1 (Macro): 0.9517/0.8355/0.8660 | LR: 0.000001
Epoch [70/100] | Loss: 1.1997 (Cls: 1.1996, TAL: 0.0000, Adv: 0.0042) | Train Acc: 1.0000 | Val Acc: 0.9043 | Val P/R/F1 (Macro): 0.9348/0.8235/0.8506 | LR: 0.000001
Epoch [71/100] | Loss: 1.1664 (Cls: 1.1661, TAL: 0.0000, Adv: 0.0075) | Train Acc: 0.9976 | Val Acc: 0.9217 | Val P/R/F1 (Macro): 0.9481/0.8477/0.8732 | LR: 0.000001
Epoch [72/100] | Loss: 1.1863 (Cls: 1.1861, TAL: 0.0000, Adv: 0.0038) | Train Acc: 0.9928 | Val Acc: 0.9130 | Val P/R/F1 (Macro): 0.9283/0.8230/0.8471 | LR: 0.000001
Epoch [73/100] | Loss: 1.1840 (Cls: 1.1839, TAL: 0.0000, Adv: 0.0012) | Train Acc: 0.9904 | Val Acc: 0.9130 | Val P/R/F1 (Macro): 0.9142/0.8390/0.8544 | LR: 0.000001
Epoch [74/100] | Loss: 1.1583 (Cls: 1.1582, TAL: 0.0000, Adv: 0.0022) | Train Acc: 0.9952 | Val Acc: 0.9043 | Val P/R/F1 (Macro): 0.9161/0.8395/0.8502 | LR: 0.000001
Epoch [75/100] | Loss: 1.1559 (Cls: 1.1557, TAL: 0.0000, Adv: 0.0057) | Train Acc: 0.9976 | Val Acc: 0.9043 | Val P/R/F1 (Macro): 0.9282/0.8171/0.8440 | LR: 0.000001
Epoch [76/100] | Loss: 1.1726 (Cls: 1.1724, TAL: 0.0000, Adv: 0.0042) | Train Acc: 0.9952 | Val Acc: 0.9130 | Val P/R/F1 (Macro): 0.9446/0.8136/0.8461 | LR: 0.000001
Epoch [77/100] | Loss: 1.1705 (Cls: 1.1704, TAL: 0.0000, Adv: 0.0032) | Train Acc: 0.9952 | Val Acc: 0.8957 | Val P/R/F1 (Macro): 0.9191/0.7949/0.8189 | LR: 0.000001
Epoch [78/100] | Loss: 1.1561 (Cls: 1.1558, TAL: 0.0000, Adv: 0.0064) | Train Acc: 0.9952 | Val Acc: 0.8870 | Val P/R/F1 (Macro): 0.9191/0.7791/0.8071 | LR: 0.000001
Epoch [79/100] | Loss: 1.1638 (Cls: 1.1637, TAL: 0.0000, Adv: 0.0015) | Train Acc: 0.9904 | Val Acc: 0.8783 | Val P/R/F1 (Macro): 0.9133/0.7729/0.8006 | LR: 0.000001
Epoch [80/100] | Loss: 1.1651 (Cls: 1.1650, TAL: 0.0000, Adv: 0.0013) | Train Acc: 0.9928 | Val Acc: 0.9130 | Val P/R/F1 (Macro): 0.9426/0.8297/0.8584 | LR: 0.000001
Epoch [81/100] | Loss: 1.1670 (Cls: 1.1669, TAL: 0.0000, Adv: 0.0033) | Train Acc: 0.9976 | Val Acc: 0.9217 | Val P/R/F1 (Macro): 0.9481/0.8477/0.8732 | LR: 0.000001
Epoch [82/100] | Loss: 1.1618 (Cls: 1.1618, TAL: 0.0000, Adv: 0.0008) | Train Acc: 0.9928 | Val Acc: 0.9217 | Val P/R/F1 (Macro): 0.9489/0.8295/0.8604 | LR: 0.000001
Epoch [83/100] | Loss: 1.1470 (Cls: 1.1470, TAL: 0.0000, Adv: 0.0013) | Train Acc: 0.9976 | Val Acc: 0.9130 | Val P/R/F1 (Macro): 0.9318/0.8394/0.8613 | LR: 0.000001
Epoch [84/100] | Loss: 1.1647 (Cls: 1.1646, TAL: 0.0000, Adv: 0.0012) | Train Acc: 0.9976 | Val Acc: 0.8957 | Val P/R/F1 (Macro): 0.9180/0.8013/0.8263 | LR: 0.000001
Epoch [85/100] | Loss: 1.1625 (Cls: 1.1625, TAL: 0.0000, Adv: 0.0014) | Train Acc: 0.9976 | Val Acc: 0.9391 | Val P/R/F1 (Macro): 0.9563/0.8739/0.8920 | LR: 0.000001
  >>> New Best Val Acc: 0.9391
Epoch [86/100] | Loss: 1.1670 (Cls: 1.1668, TAL: 0.0000, Adv: 0.0046) | Train Acc: 0.9928 | Val Acc: 0.9217 | Val P/R/F1 (Macro): 0.9431/0.8519/0.8705 | LR: 0.000001
Epoch [87/100] | Loss: 1.1490 (Cls: 1.1489, TAL: 0.0000, Adv: 0.0025) | Train Acc: 1.0000 | Val Acc: 0.8957 | Val P/R/F1 (Macro): 0.9408/0.8013/0.8386 | LR: 0.000001
Epoch [88/100] | Loss: 1.1623 (Cls: 1.1621, TAL: 0.0000, Adv: 0.0048) | Train Acc: 0.9952 | Val Acc: 0.9217 | Val P/R/F1 (Macro): 0.9476/0.8519/0.8730 | LR: 0.000001
Epoch [89/100] | Loss: 1.1561 (Cls: 1.1561, TAL: 0.0000, Adv: 0.0012) | Train Acc: 0.9976 | Val Acc: 0.9304 | Val P/R/F1 (Macro): 0.9581/0.8581/0.8816 | LR: 0.000001
Epoch [90/100] | Loss: 1.1584 (Cls: 1.1583, TAL: 0.0000, Adv: 0.0022) | Train Acc: 0.9928 | Val Acc: 0.8957 | Val P/R/F1 (Macro): 0.9000/0.7852/0.8119 | LR: 0.000001
Epoch [91/100] | Loss: 1.1417 (Cls: 1.1417, TAL: 0.0000, Adv: 0.0010) | Train Acc: 0.9976 | Val Acc: 0.9217 | Val P/R/F1 (Macro): 0.9482/0.8358/0.8634 | LR: 0.000001
Epoch [92/100] | Loss: 1.1549 (Cls: 1.1547, TAL: 0.0000, Adv: 0.0051) | Train Acc: 0.9976 | Val Acc: 0.9043 | Val P/R/F1 (Macro): 0.9279/0.8011/0.8263 | LR: 0.000001
Epoch [93/100] | Loss: 1.1470 (Cls: 1.1470, TAL: 0.0000, Adv: 0.0007) | Train Acc: 1.0000 | Val Acc: 0.9130 | Val P/R/F1 (Macro): 0.9468/0.8136/0.8476 | LR: 0.000001
Epoch [94/100] | Loss: 1.1512 (Cls: 1.1511, TAL: 0.0000, Adv: 0.0032) | Train Acc: 0.9952 | Val Acc: 0.9043 | Val P/R/F1 (Macro): 0.9338/0.8235/0.8509 | LR: 0.000001
Epoch [95/100] | Loss: 1.1589 (Cls: 1.1587, TAL: 0.0000, Adv: 0.0044) | Train Acc: 0.9928 | Val Acc: 0.9130 | Val P/R/F1 (Macro): 0.9356/0.8457/0.8638 | LR: 0.000001
Epoch [96/100] | Loss: 1.1639 (Cls: 1.1639, TAL: 0.0000, Adv: 0.0006) | Train Acc: 0.9976 | Val Acc: 0.9217 | Val P/R/F1 (Macro): 0.9370/0.8519/0.8670 | LR: 0.000001
Epoch [97/100] | Loss: 1.1624 (Cls: 1.1624, TAL: 0.0000, Adv: 0.0013) | Train Acc: 0.9952 | Val Acc: 0.9217 | Val P/R/F1 (Macro): 0.9545/0.8358/0.8674 | LR: 0.000001
Epoch [98/100] | Loss: 1.1393 (Cls: 1.1393, TAL: 0.0000, Adv: 0.0014) | Train Acc: 0.9928 | Val Acc: 0.9217 | Val P/R/F1 (Macro): 0.9493/0.8519/0.8743 | LR: 0.000001
Epoch [99/100] | Loss: 1.1625 (Cls: 1.1624, TAL: 0.0000, Adv: 0.0016) | Train Acc: 0.9976 | Val Acc: 0.9217 | Val P/R/F1 (Macro): 0.9525/0.8358/0.8660 | LR: 0.000001
Epoch [100/100] | Loss: 1.1752 (Cls: 1.1752, TAL: 0.0000, Adv: 0.0011) | Train Acc: 0.9952 | Val Acc: 0.9043 | Val P/R/F1 (Macro): 0.9378/0.7914/0.8230 | LR: 0.000001
Report strategy: last_window, window=10, reported_acc=0.9148, best_acc=0.9391

迭代 2 报告指标:
  Accuracy: 0.9148
  Precision (Macro): 0.9424
  Recall (Macro): 0.8287
  F1 (Macro): 0.8550
  Precision (Micro): 0.9148
  Recall (Micro): 0.9148
  F1 (Micro): 0.9148
  Val class coverage: 9/14 (0.6429), samples=115

================================================================================
迭代 3/5
随机种子: 44
================================================================================
Training mode: unpaired target adaptation with controlled target-label loss (ratio=0.46, weight=0.85).
Fixed labeled target subset: 202/440 samples.
Feature fusion: Channel concatenation (512+512); fused_dim=1024
Domain adaptation: standard source-target adversarial training, no generator
Loss weights: tensor=0.00, adv=0.04
Epoch [1/100] | Loss: 4.8321 (Cls: 4.7971, TAL: 0.0000, Adv: 0.8742) | Train Acc: 0.1562 | Val Acc: 0.2957 | Val P/R/F1 (Macro): 0.0984/0.2027/0.1172 | LR: 0.000010
  >>> New Best Val Acc: 0.2957
Epoch [2/100] | Loss: 4.0761 (Cls: 4.0447, TAL: 0.0000, Adv: 0.7869) | Train Acc: 0.3029 | Val Acc: 0.3739 | Val P/R/F1 (Macro): 0.3882/0.2522/0.2547 | LR: 0.000010
  >>> New Best Val Acc: 0.3739
Epoch [3/100] | Loss: 3.4336 (Cls: 3.4028, TAL: 0.0000, Adv: 0.7710) | Train Acc: 0.5216 | Val Acc: 0.3826 | Val P/R/F1 (Macro): 0.3423/0.2755/0.2171 | LR: 0.000010
  >>> New Best Val Acc: 0.3826
Epoch [4/100] | Loss: 3.2120 (Cls: 3.1827, TAL: 0.0000, Adv: 0.7316) | Train Acc: 0.5096 | Val Acc: 0.6435 | Val P/R/F1 (Macro): 0.6438/0.5689/0.5722 | LR: 0.000010
  >>> New Best Val Acc: 0.6435
Epoch [5/100] | Loss: 2.7833 (Cls: 2.7552, TAL: 0.0000, Adv: 0.7023) | Train Acc: 0.6202 | Val Acc: 0.6870 | Val P/R/F1 (Macro): 0.5983/0.5381/0.5427 | LR: 0.000010
  >>> New Best Val Acc: 0.6870
Epoch [6/100] | Loss: 2.4572 (Cls: 2.4309, TAL: 0.0000, Adv: 0.6568) | Train Acc: 0.7404 | Val Acc: 0.7217 | Val P/R/F1 (Macro): 0.6992/0.6069/0.6045 | LR: 0.000010
  >>> New Best Val Acc: 0.7217
Epoch [7/100] | Loss: 2.1256 (Cls: 2.1005, TAL: 0.0000, Adv: 0.6265) | Train Acc: 0.7716 | Val Acc: 0.7826 | Val P/R/F1 (Macro): 0.6801/0.6807/0.6573 | LR: 0.000010
  >>> New Best Val Acc: 0.7826
Epoch [8/100] | Loss: 2.0903 (Cls: 2.0665, TAL: 0.0000, Adv: 0.5957) | Train Acc: 0.7981 | Val Acc: 0.7130 | Val P/R/F1 (Macro): 0.7141/0.6060/0.6144 | LR: 0.000010
Epoch [9/100] | Loss: 1.9868 (Cls: 1.9655, TAL: 0.0000, Adv: 0.5329) | Train Acc: 0.8389 | Val Acc: 0.7565 | Val P/R/F1 (Macro): 0.7318/0.6467/0.6394 | LR: 0.000010
Epoch [10/100] | Loss: 1.8913 (Cls: 1.8710, TAL: 0.0000, Adv: 0.5070) | Train Acc: 0.8606 | Val Acc: 0.8087 | Val P/R/F1 (Macro): 0.7645/0.6811/0.6962 | LR: 0.000010
  >>> New Best Val Acc: 0.8087
Epoch [11/100] | Loss: 1.8114 (Cls: 1.7931, TAL: 0.0000, Adv: 0.4557) | Train Acc: 0.8726 | Val Acc: 0.7913 | Val P/R/F1 (Macro): 0.7360/0.6529/0.6482 | LR: 0.000010
Epoch [12/100] | Loss: 1.7475 (Cls: 1.7303, TAL: 0.0000, Adv: 0.4321) | Train Acc: 0.8606 | Val Acc: 0.7913 | Val P/R/F1 (Macro): 0.7135/0.6820/0.6738 | LR: 0.000010
Epoch [13/100] | Loss: 1.7106 (Cls: 1.6955, TAL: 0.0000, Adv: 0.3778) | Train Acc: 0.8726 | Val Acc: 0.7913 | Val P/R/F1 (Macro): 0.7768/0.6494/0.6662 | LR: 0.000010
Epoch [14/100] | Loss: 1.6670 (Cls: 1.6530, TAL: 0.0000, Adv: 0.3491) | Train Acc: 0.9038 | Val Acc: 0.7826 | Val P/R/F1 (Macro): 0.7170/0.6784/0.6691 | LR: 0.000010
Epoch [15/100] | Loss: 1.5652 (Cls: 1.5528, TAL: 0.0000, Adv: 0.3115) | Train Acc: 0.9062 | Val Acc: 0.7826 | Val P/R/F1 (Macro): 0.7412/0.6594/0.6743 | LR: 0.000010
Epoch [16/100] | Loss: 1.5265 (Cls: 1.5160, TAL: 0.0000, Adv: 0.2614) | Train Acc: 0.9303 | Val Acc: 0.8261 | Val P/R/F1 (Macro): 0.7581/0.7411/0.7347 | LR: 0.000010
  >>> New Best Val Acc: 0.8261
Epoch [17/100] | Loss: 1.4854 (Cls: 1.4760, TAL: 0.0000, Adv: 0.2341) | Train Acc: 0.9399 | Val Acc: 0.7913 | Val P/R/F1 (Macro): 0.7330/0.6909/0.6848 | LR: 0.000010
Epoch [18/100] | Loss: 1.4431 (Cls: 1.4352, TAL: 0.0000, Adv: 0.1980) | Train Acc: 0.9495 | Val Acc: 0.8261 | Val P/R/F1 (Macro): 0.7569/0.7074/0.7108 | LR: 0.000010
Epoch [19/100] | Loss: 1.4322 (Cls: 1.4249, TAL: 0.0000, Adv: 0.1831) | Train Acc: 0.9423 | Val Acc: 0.7652 | Val P/R/F1 (Macro): 0.8378/0.6339/0.6871 | LR: 0.000010
Epoch [20/100] | Loss: 1.5049 (Cls: 1.4986, TAL: 0.0000, Adv: 0.1565) | Train Acc: 0.9255 | Val Acc: 0.8522 | Val P/R/F1 (Macro): 0.7792/0.7716/0.7670 | LR: 0.000010
  >>> New Best Val Acc: 0.8522
Epoch [21/100] | Loss: 1.4519 (Cls: 1.4454, TAL: 0.0000, Adv: 0.1625) | Train Acc: 0.9375 | Val Acc: 0.8000 | Val P/R/F1 (Macro): 0.6537/0.6536/0.6367 | LR: 0.000010
Epoch [22/100] | Loss: 1.4547 (Cls: 1.4488, TAL: 0.0000, Adv: 0.1488) | Train Acc: 0.9303 | Val Acc: 0.8696 | Val P/R/F1 (Macro): 0.7785/0.7393/0.7407 | LR: 0.000010
  >>> New Best Val Acc: 0.8696
Epoch [23/100] | Loss: 1.4294 (Cls: 1.4203, TAL: 0.0000, Adv: 0.2285) | Train Acc: 0.9375 | Val Acc: 0.7913 | Val P/R/F1 (Macro): 0.7104/0.6751/0.6650 | LR: 0.000010
Epoch [24/100] | Loss: 1.4497 (Cls: 1.4430, TAL: 0.0000, Adv: 0.1674) | Train Acc: 0.9447 | Val Acc: 0.8870 | Val P/R/F1 (Macro): 0.7913/0.7874/0.7838 | LR: 0.000010
  >>> New Best Val Acc: 0.8870
Epoch [25/100] | Loss: 1.4003 (Cls: 1.3939, TAL: 0.0000, Adv: 0.1597) | Train Acc: 0.9495 | Val Acc: 0.8087 | Val P/R/F1 (Macro): 0.7835/0.6507/0.6527 | LR: 0.000010
Epoch [26/100] | Loss: 1.3837 (Cls: 1.3766, TAL: 0.0000, Adv: 0.1772) | Train Acc: 0.9519 | Val Acc: 0.8348 | Val P/R/F1 (Macro): 0.7850/0.6999/0.7195 | LR: 0.000010
Epoch [27/100] | Loss: 1.3996 (Cls: 1.3930, TAL: 0.0000, Adv: 0.1649) | Train Acc: 0.9591 | Val Acc: 0.8783 | Val P/R/F1 (Macro): 0.8123/0.7741/0.7779 | LR: 0.000010
Epoch [28/100] | Loss: 1.3716 (Cls: 1.3673, TAL: 0.0000, Adv: 0.1078) | Train Acc: 0.9375 | Val Acc: 0.8696 | Val P/R/F1 (Macro): 0.8030/0.7762/0.7792 | LR: 0.000010
Epoch [29/100] | Loss: 1.3040 (Cls: 1.2989, TAL: 0.0000, Adv: 0.1286) | Train Acc: 0.9880 | Val Acc: 0.7739 | Val P/R/F1 (Macro): 0.7361/0.6908/0.6726 | LR: 0.000010
Epoch [30/100] | Loss: 1.3464 (Cls: 1.3402, TAL: 0.0000, Adv: 0.1544) | Train Acc: 0.9736 | Val Acc: 0.8783 | Val P/R/F1 (Macro): 0.7882/0.7706/0.7724 | LR: 0.000010
Epoch [31/100] | Loss: 1.3508 (Cls: 1.3464, TAL: 0.0000, Adv: 0.1100) | Train Acc: 0.9591 | Val Acc: 0.8696 | Val P/R/F1 (Macro): 0.7773/0.7859/0.7687 | LR: 0.000010
Epoch [32/100] | Loss: 1.3620 (Cls: 1.3540, TAL: 0.0000, Adv: 0.2006) | Train Acc: 0.9688 | Val Acc: 0.8783 | Val P/R/F1 (Macro): 0.8156/0.7524/0.7676 | LR: 0.000010
Epoch [33/100] | Loss: 1.3253 (Cls: 1.3195, TAL: 0.0000, Adv: 0.1452) | Train Acc: 0.9784 | Val Acc: 0.8522 | Val P/R/F1 (Macro): 0.7766/0.7562/0.7516 | LR: 0.000010
Epoch [34/100] | Loss: 1.3597 (Cls: 1.3493, TAL: 0.0000, Adv: 0.2601) | Train Acc: 0.9663 | Val Acc: 0.8783 | Val P/R/F1 (Macro): 0.8052/0.7681/0.7769 | LR: 0.000010
Epoch [35/100] | Loss: 1.3011 (Cls: 1.2952, TAL: 0.0000, Adv: 0.1483) | Train Acc: 0.9688 | Val Acc: 0.8957 | Val P/R/F1 (Macro): 0.8215/0.8120/0.8112 | LR: 0.000010
  >>> New Best Val Acc: 0.8957
Epoch [36/100] | Loss: 1.3101 (Cls: 1.2998, TAL: 0.0000, Adv: 0.2590) | Train Acc: 0.9712 | Val Acc: 0.8870 | Val P/R/F1 (Macro): 0.8238/0.7992/0.8015 | LR: 0.000010
Epoch [37/100] | Loss: 1.3209 (Cls: 1.3129, TAL: 0.0000, Adv: 0.1999) | Train Acc: 0.9567 | Val Acc: 0.8957 | Val P/R/F1 (Macro): 0.8198/0.7589/0.7647 | LR: 0.000010
Epoch [38/100] | Loss: 1.3062 (Cls: 1.2992, TAL: 0.0000, Adv: 0.1748) | Train Acc: 0.9663 | Val Acc: 0.8696 | Val P/R/F1 (Macro): 0.8187/0.7176/0.7387 | LR: 0.000010
Epoch [39/100] | Loss: 1.2971 (Cls: 1.2906, TAL: 0.0000, Adv: 0.1618) | Train Acc: 0.9688 | Val Acc: 0.8696 | Val P/R/F1 (Macro): 0.8356/0.7109/0.7341 | LR: 0.000010
Epoch [40/100] | Loss: 1.2749 (Cls: 1.2699, TAL: 0.0000, Adv: 0.1242) | Train Acc: 0.9712 | Val Acc: 0.8783 | Val P/R/F1 (Macro): 0.7961/0.7654/0.7702 | LR: 0.000010
Epoch [41/100] | Loss: 1.2875 (Cls: 1.2828, TAL: 0.0000, Adv: 0.1170) | Train Acc: 0.9736 | Val Acc: 0.8870 | Val P/R/F1 (Macro): 0.7974/0.7603/0.7687 | LR: 0.000010
Epoch [42/100] | Loss: 1.2760 (Cls: 1.2715, TAL: 0.0000, Adv: 0.1122) | Train Acc: 0.9712 | Val Acc: 0.8957 | Val P/R/F1 (Macro): 0.8318/0.7716/0.7914 | LR: 0.000010
Epoch [43/100] | Loss: 1.2429 (Cls: 1.2361, TAL: 0.0000, Adv: 0.1705) | Train Acc: 0.9832 | Val Acc: 0.8870 | Val P/R/F1 (Macro): 0.8135/0.7517/0.7638 | LR: 0.000010
Epoch [44/100] | Loss: 1.2462 (Cls: 1.2403, TAL: 0.0000, Adv: 0.1482) | Train Acc: 0.9880 | Val Acc: 0.8522 | Val P/R/F1 (Macro): 0.7886/0.7307/0.7419 | LR: 0.000010
Epoch [45/100] | Loss: 1.2454 (Cls: 1.2388, TAL: 0.0000, Adv: 0.1635) | Train Acc: 0.9784 | Val Acc: 0.8783 | Val P/R/F1 (Macro): 0.7691/0.7352/0.7390 | LR: 0.000010
Epoch [46/100] | Loss: 1.2542 (Cls: 1.2474, TAL: 0.0000, Adv: 0.1693) | Train Acc: 0.9832 | Val Acc: 0.8522 | Val P/R/F1 (Macro): 0.7625/0.7052/0.7159 | LR: 0.000005
Epoch [47/100] | Loss: 1.2492 (Cls: 1.2353, TAL: 0.0000, Adv: 0.3482) | Train Acc: 0.9880 | Val Acc: 0.8696 | Val P/R/F1 (Macro): 0.7863/0.7295/0.7461 | LR: 0.000005
Epoch [48/100] | Loss: 1.2593 (Cls: 1.2532, TAL: 0.0000, Adv: 0.1542) | Train Acc: 0.9856 | Val Acc: 0.8870 | Val P/R/F1 (Macro): 0.8090/0.7739/0.7832 | LR: 0.000005
Epoch [49/100] | Loss: 1.2219 (Cls: 1.2185, TAL: 0.0000, Adv: 0.0830) | Train Acc: 0.9928 | Val Acc: 0.8783 | Val P/R/F1 (Macro): 0.8155/0.7544/0.7696 | LR: 0.000005
Epoch [50/100] | Loss: 1.1970 (Cls: 1.1948, TAL: 0.0000, Adv: 0.0546) | Train Acc: 0.9880 | Val Acc: 0.8957 | Val P/R/F1 (Macro): 0.7965/0.7863/0.7819 | LR: 0.000005
Epoch [51/100] | Loss: 1.2093 (Cls: 1.2068, TAL: 0.0000, Adv: 0.0607) | Train Acc: 0.9808 | Val Acc: 0.8957 | Val P/R/F1 (Macro): 0.8087/0.7863/0.7888 | LR: 0.000005
Epoch [52/100] | Loss: 1.1859 (Cls: 1.1844, TAL: 0.0000, Adv: 0.0359) | Train Acc: 0.9976 | Val Acc: 0.8957 | Val P/R/F1 (Macro): 0.8287/0.7680/0.7836 | LR: 0.000005
Epoch [53/100] | Loss: 1.1955 (Cls: 1.1928, TAL: 0.0000, Adv: 0.0691) | Train Acc: 0.9928 | Val Acc: 0.9043 | Val P/R/F1 (Macro): 0.8329/0.7930/0.8035 | LR: 0.000005
  >>> New Best Val Acc: 0.9043
Epoch [54/100] | Loss: 1.1853 (Cls: 1.1837, TAL: 0.0000, Adv: 0.0410) | Train Acc: 0.9928 | Val Acc: 0.8957 | Val P/R/F1 (Macro): 0.8025/0.7887/0.7880 | LR: 0.000005
Epoch [55/100] | Loss: 1.1999 (Cls: 1.1972, TAL: 0.0000, Adv: 0.0660) | Train Acc: 0.9904 | Val Acc: 0.8783 | Val P/R/F1 (Macro): 0.7890/0.7716/0.7677 | LR: 0.000005
Epoch [56/100] | Loss: 1.2110 (Cls: 1.2088, TAL: 0.0000, Adv: 0.0556) | Train Acc: 0.9760 | Val Acc: 0.8870 | Val P/R/F1 (Macro): 0.7895/0.7641/0.7656 | LR: 0.000005
Epoch [57/100] | Loss: 1.1736 (Cls: 1.1720, TAL: 0.0000, Adv: 0.0407) | Train Acc: 0.9904 | Val Acc: 0.8783 | Val P/R/F1 (Macro): 0.7828/0.7807/0.7692 | LR: 0.000005
Epoch [58/100] | Loss: 1.1776 (Cls: 1.1764, TAL: 0.0000, Adv: 0.0285) | Train Acc: 0.9880 | Val Acc: 0.8870 | Val P/R/F1 (Macro): 0.7870/0.7869/0.7770 | LR: 0.000005
Epoch [59/100] | Loss: 1.1787 (Cls: 1.1767, TAL: 0.0000, Adv: 0.0500) | Train Acc: 0.9904 | Val Acc: 0.8870 | Val P/R/F1 (Macro): 0.7922/0.7988/0.7901 | LR: 0.000005
Epoch [60/100] | Loss: 1.1683 (Cls: 1.1672, TAL: 0.0000, Adv: 0.0278) | Train Acc: 1.0000 | Val Acc: 0.8870 | Val P/R/F1 (Macro): 0.8236/0.7622/0.7781 | LR: 0.000005
Epoch [61/100] | Loss: 1.1682 (Cls: 1.1673, TAL: 0.0000, Adv: 0.0238) | Train Acc: 0.9976 | Val Acc: 0.8957 | Val P/R/F1 (Macro): 0.7957/0.7909/0.7842 | LR: 0.000005
Epoch [62/100] | Loss: 1.1628 (Cls: 1.1618, TAL: 0.0000, Adv: 0.0237) | Train Acc: 0.9904 | Val Acc: 0.8957 | Val P/R/F1 (Macro): 0.8209/0.7845/0.7911 | LR: 0.000005
Epoch [63/100] | Loss: 1.1743 (Cls: 1.1734, TAL: 0.0000, Adv: 0.0229) | Train Acc: 0.9976 | Val Acc: 0.8696 | Val P/R/F1 (Macro): 0.7787/0.7744/0.7659 | LR: 0.000005
Epoch [64/100] | Loss: 1.1623 (Cls: 1.1614, TAL: 0.0000, Adv: 0.0218) | Train Acc: 0.9976 | Val Acc: 0.8870 | Val P/R/F1 (Macro): 0.7979/0.7823/0.7800 | LR: 0.000003
Epoch [65/100] | Loss: 1.1595 (Cls: 1.1587, TAL: 0.0000, Adv: 0.0204) | Train Acc: 0.9928 | Val Acc: 0.8870 | Val P/R/F1 (Macro): 0.8020/0.7842/0.7837 | LR: 0.000003
Epoch [66/100] | Loss: 1.1604 (Cls: 1.1599, TAL: 0.0000, Adv: 0.0116) | Train Acc: 1.0000 | Val Acc: 0.8957 | Val P/R/F1 (Macro): 0.7926/0.7979/0.7887 | LR: 0.000003
Epoch [67/100] | Loss: 1.1763 (Cls: 1.1749, TAL: 0.0000, Adv: 0.0343) | Train Acc: 1.0000 | Val Acc: 0.8870 | Val P/R/F1 (Macro): 0.7891/0.7823/0.7744 | LR: 0.000003
Epoch [68/100] | Loss: 1.1571 (Cls: 1.1564, TAL: 0.0000, Adv: 0.0163) | Train Acc: 0.9976 | Val Acc: 0.9130 | Val P/R/F1 (Macro): 0.8297/0.8061/0.8115 | LR: 0.000003
  >>> New Best Val Acc: 0.9130
Epoch [69/100] | Loss: 1.1482 (Cls: 1.1475, TAL: 0.0000, Adv: 0.0185) | Train Acc: 0.9976 | Val Acc: 0.8957 | Val P/R/F1 (Macro): 0.8034/0.7960/0.7924 | LR: 0.000003
Epoch [70/100] | Loss: 1.1788 (Cls: 1.1774, TAL: 0.0000, Adv: 0.0341) | Train Acc: 0.9880 | Val Acc: 0.8870 | Val P/R/F1 (Macro): 0.7918/0.7874/0.7833 | LR: 0.000003
Epoch [71/100] | Loss: 1.1523 (Cls: 1.1520, TAL: 0.0000, Adv: 0.0057) | Train Acc: 0.9904 | Val Acc: 0.9043 | Val P/R/F1 (Macro): 0.8253/0.7903/0.7971 | LR: 0.000003
Epoch [72/100] | Loss: 1.1576 (Cls: 1.1574, TAL: 0.0000, Adv: 0.0048) | Train Acc: 0.9976 | Val Acc: 0.9043 | Val P/R/F1 (Macro): 0.8213/0.8000/0.8035 | LR: 0.000003
Epoch [73/100] | Loss: 1.1717 (Cls: 1.1711, TAL: 0.0000, Adv: 0.0130) | Train Acc: 0.9952 | Val Acc: 0.9043 | Val P/R/F1 (Macro): 0.8083/0.8022/0.8011 | LR: 0.000003
Epoch [74/100] | Loss: 1.1567 (Cls: 1.1562, TAL: 0.0000, Adv: 0.0144) | Train Acc: 1.0000 | Val Acc: 0.9043 | Val P/R/F1 (Macro): 0.8131/0.8022/0.8031 | LR: 0.000003
Epoch [75/100] | Loss: 1.1566 (Cls: 1.1564, TAL: 0.0000, Adv: 0.0059) | Train Acc: 0.9976 | Val Acc: 0.8957 | Val P/R/F1 (Macro): 0.8006/0.7960/0.7926 | LR: 0.000003
Epoch [76/100] | Loss: 1.1319 (Cls: 1.1318, TAL: 0.0000, Adv: 0.0034) | Train Acc: 1.0000 | Val Acc: 0.8957 | Val P/R/F1 (Macro): 0.8043/0.7936/0.7938 | LR: 0.000003
Epoch [77/100] | Loss: 1.1518 (Cls: 1.1515, TAL: 0.0000, Adv: 0.0098) | Train Acc: 0.9976 | Val Acc: 0.8870 | Val P/R/F1 (Macro): 0.7932/0.7641/0.7680 | LR: 0.000003
Epoch [78/100] | Loss: 1.1427 (Cls: 1.1425, TAL: 0.0000, Adv: 0.0057) | Train Acc: 0.9976 | Val Acc: 0.8957 | Val P/R/F1 (Macro): 0.8027/0.7863/0.7852 | LR: 0.000003
Epoch [79/100] | Loss: 1.1378 (Cls: 1.1375, TAL: 0.0000, Adv: 0.0073) | Train Acc: 1.0000 | Val Acc: 0.9043 | Val P/R/F1 (Macro): 0.8150/0.8022/0.8042 | LR: 0.000001
Epoch [80/100] | Loss: 1.1402 (Cls: 1.1396, TAL: 0.0000, Adv: 0.0141) | Train Acc: 0.9976 | Val Acc: 0.8957 | Val P/R/F1 (Macro): 0.8006/0.7960/0.7926 | LR: 0.000001
Epoch [81/100] | Loss: 1.1418 (Cls: 1.1414, TAL: 0.0000, Adv: 0.0119) | Train Acc: 1.0000 | Val Acc: 0.8957 | Val P/R/F1 (Macro): 0.8027/0.7863/0.7852 | LR: 0.000001
Epoch [82/100] | Loss: 1.1554 (Cls: 1.1551, TAL: 0.0000, Adv: 0.0074) | Train Acc: 0.9952 | Val Acc: 0.9043 | Val P/R/F1 (Macro): 0.8070/0.8022/0.7996 | LR: 0.000001
Epoch [83/100] | Loss: 1.1406 (Cls: 1.1403, TAL: 0.0000, Adv: 0.0074) | Train Acc: 1.0000 | Val Acc: 0.8783 | Val P/R/F1 (Macro): 0.7816/0.7784/0.7672 | LR: 0.000001
Epoch [84/100] | Loss: 1.1372 (Cls: 1.1370, TAL: 0.0000, Adv: 0.0042) | Train Acc: 0.9976 | Val Acc: 0.8957 | Val P/R/F1 (Macro): 0.7983/0.7863/0.7822 | LR: 0.000001
Epoch [85/100] | Loss: 1.1490 (Cls: 1.1486, TAL: 0.0000, Adv: 0.0092) | Train Acc: 0.9952 | Val Acc: 0.8957 | Val P/R/F1 (Macro): 0.7979/0.7982/0.7919 | LR: 0.000001
Epoch [86/100] | Loss: 1.1294 (Cls: 1.1292, TAL: 0.0000, Adv: 0.0035) | Train Acc: 1.0000 | Val Acc: 0.8957 | Val P/R/F1 (Macro): 0.8087/0.7863/0.7888 | LR: 0.000001
Epoch [87/100] | Loss: 1.1460 (Cls: 1.1458, TAL: 0.0000, Adv: 0.0053) | Train Acc: 0.9976 | Val Acc: 0.8957 | Val P/R/F1 (Macro): 0.7954/0.7960/0.7891 | LR: 0.000001
Epoch [88/100] | Loss: 1.1359 (Cls: 1.1354, TAL: 0.0000, Adv: 0.0115) | Train Acc: 1.0000 | Val Acc: 0.8870 | Val P/R/F1 (Macro): 0.7932/0.7641/0.7680 | LR: 0.000001
Epoch [89/100] | Loss: 1.1373 (Cls: 1.1371, TAL: 0.0000, Adv: 0.0032) | Train Acc: 1.0000 | Val Acc: 0.8870 | Val P/R/F1 (Macro): 0.7992/0.7641/0.7715 | LR: 0.000001
Epoch [90/100] | Loss: 1.1267 (Cls: 1.1265, TAL: 0.0000, Adv: 0.0042) | Train Acc: 1.0000 | Val Acc: 0.8957 | Val P/R/F1 (Macro): 0.7983/0.7863/0.7822 | LR: 0.000001
Epoch [91/100] | Loss: 1.1477 (Cls: 1.1475, TAL: 0.0000, Adv: 0.0036) | Train Acc: 0.9952 | Val Acc: 0.8870 | Val P/R/F1 (Macro): 0.7874/0.7823/0.7751 | LR: 0.000001
Epoch [92/100] | Loss: 1.1360 (Cls: 1.1353, TAL: 0.0000, Adv: 0.0177) | Train Acc: 1.0000 | Val Acc: 0.9043 | Val P/R/F1 (Macro): 0.8070/0.8022/0.7996 | LR: 0.000001
Epoch [93/100] | Loss: 1.1340 (Cls: 1.1335, TAL: 0.0000, Adv: 0.0123) | Train Acc: 0.9976 | Val Acc: 0.8957 | Val P/R/F1 (Macro): 0.8087/0.7863/0.7888 | LR: 0.000001
Epoch [94/100] | Loss: 1.1343 (Cls: 1.1342, TAL: 0.0000, Adv: 0.0043) | Train Acc: 1.0000 | Val Acc: 0.8957 | Val P/R/F1 (Macro): 0.8027/0.7863/0.7852 | LR: 0.000001
Epoch [95/100] | Loss: 1.1347 (Cls: 1.1345, TAL: 0.0000, Adv: 0.0048) | Train Acc: 1.0000 | Val Acc: 0.8870 | Val P/R/F1 (Macro): 0.7941/0.7801/0.7773 | LR: 0.000001
Epoch [96/100] | Loss: 1.1365 (Cls: 1.1363, TAL: 0.0000, Adv: 0.0049) | Train Acc: 1.0000 | Val Acc: 0.8957 | Val P/R/F1 (Macro): 0.7986/0.7960/0.7917 | LR: 0.000001
Epoch [97/100] | Loss: 1.1430 (Cls: 1.1423, TAL: 0.0000, Adv: 0.0178) | Train Acc: 1.0000 | Val Acc: 0.8957 | Val P/R/F1 (Macro): 0.8087/0.7863/0.7888 | LR: 0.000001
Epoch [98/100] | Loss: 1.1218 (Cls: 1.1215, TAL: 0.0000, Adv: 0.0075) | Train Acc: 0.9976 | Val Acc: 0.8957 | Val P/R/F1 (Macro): 0.8027/0.7863/0.7852 | LR: 0.000001
Epoch [99/100] | Loss: 1.1411 (Cls: 1.1410, TAL: 0.0000, Adv: 0.0040) | Train Acc: 0.9928 | Val Acc: 0.8957 | Val P/R/F1 (Macro): 0.8027/0.7863/0.7852 | LR: 0.000001
Epoch [100/100] | Loss: 1.1361 (Cls: 1.1360, TAL: 0.0000, Adv: 0.0041) | Train Acc: 0.9976 | Val Acc: 0.8783 | Val P/R/F1 (Macro): 0.7795/0.7761/0.7647 | LR: 0.000001
Report strategy: last_window, window=10, reported_acc=0.8930, best_acc=0.9130

迭代 3 报告指标:
  Accuracy: 0.8930
  Precision (Macro): 0.7992
  Recall (Macro): 0.7868
  F1 (Macro): 0.7842
  Precision (Micro): 0.8930
  Recall (Micro): 0.8930
  F1 (Micro): 0.8930
  Val class coverage: 9/14 (0.6429), samples=115

================================================================================
迭代 4/5
随机种子: 45
================================================================================
Training mode: unpaired target adaptation with controlled target-label loss (ratio=0.46, weight=0.85).
Fixed labeled target subset: 202/440 samples.
Feature fusion: Channel concatenation (512+512); fused_dim=1024
Domain adaptation: standard source-target adversarial training, no generator
Loss weights: tensor=0.00, adv=0.04
Epoch [1/100] | Loss: 4.7445 (Cls: 4.7125, TAL: 0.0000, Adv: 0.8013) | Train Acc: 0.2019 | Val Acc: 0.2348 | Val P/R/F1 (Macro): 0.0263/0.1071/0.0423 | LR: 0.000010
  >>> New Best Val Acc: 0.2348
Epoch [2/100] | Loss: 3.8993 (Cls: 3.8691, TAL: 0.0000, Adv: 0.7538) | Train Acc: 0.3582 | Val Acc: 0.5043 | Val P/R/F1 (Macro): 0.4749/0.4648/0.4079 | LR: 0.000010
  >>> New Best Val Acc: 0.5043
Epoch [3/100] | Loss: 3.5124 (Cls: 3.4838, TAL: 0.0000, Adv: 0.7154) | Train Acc: 0.4327 | Val Acc: 0.5304 | Val P/R/F1 (Macro): 0.4194/0.5041/0.4205 | LR: 0.000010
  >>> New Best Val Acc: 0.5304
Epoch [4/100] | Loss: 3.0751 (Cls: 3.0480, TAL: 0.0000, Adv: 0.6780) | Train Acc: 0.5409 | Val Acc: 0.5130 | Val P/R/F1 (Macro): 0.4762/0.3769/0.3899 | LR: 0.000010
Epoch [5/100] | Loss: 2.6781 (Cls: 2.6525, TAL: 0.0000, Adv: 0.6392) | Train Acc: 0.6106 | Val Acc: 0.6174 | Val P/R/F1 (Macro): 0.5375/0.4891/0.5067 | LR: 0.000010
  >>> New Best Val Acc: 0.6174
Epoch [6/100] | Loss: 2.5216 (Cls: 2.4974, TAL: 0.0000, Adv: 0.6062) | Train Acc: 0.7284 | Val Acc: 0.6435 | Val P/R/F1 (Macro): 0.6094/0.5843/0.5378 | LR: 0.000010
  >>> New Best Val Acc: 0.6435
Epoch [7/100] | Loss: 2.3761 (Cls: 2.3536, TAL: 0.0000, Adv: 0.5631) | Train Acc: 0.7476 | Val Acc: 0.6870 | Val P/R/F1 (Macro): 0.6533/0.5624/0.5743 | LR: 0.000010
  >>> New Best Val Acc: 0.6870
Epoch [8/100] | Loss: 2.0987 (Cls: 2.0775, TAL: 0.0000, Adv: 0.5300) | Train Acc: 0.7885 | Val Acc: 0.7478 | Val P/R/F1 (Macro): 0.6973/0.6631/0.6340 | LR: 0.000010
  >>> New Best Val Acc: 0.7478
Epoch [9/100] | Loss: 1.9063 (Cls: 1.8883, TAL: 0.0000, Adv: 0.4510) | Train Acc: 0.8245 | Val Acc: 0.7478 | Val P/R/F1 (Macro): 0.6845/0.6472/0.6308 | LR: 0.000010
Epoch [10/100] | Loss: 1.8589 (Cls: 1.8427, TAL: 0.0000, Adv: 0.4064) | Train Acc: 0.8365 | Val Acc: 0.7391 | Val P/R/F1 (Macro): 0.6587/0.5778/0.5901 | LR: 0.000010
Epoch [11/100] | Loss: 1.7766 (Cls: 1.7648, TAL: 0.0000, Adv: 0.2939) | Train Acc: 0.8558 | Val Acc: 0.6783 | Val P/R/F1 (Macro): 0.7288/0.5682/0.5877 | LR: 0.000010
Epoch [12/100] | Loss: 1.7294 (Cls: 1.7208, TAL: 0.0000, Adv: 0.2162) | Train Acc: 0.8726 | Val Acc: 0.7913 | Val P/R/F1 (Macro): 0.7930/0.6379/0.6612 | LR: 0.000010
  >>> New Best Val Acc: 0.7913
Epoch [13/100] | Loss: 1.6112 (Cls: 1.6035, TAL: 0.0000, Adv: 0.1902) | Train Acc: 0.9014 | Val Acc: 0.8435 | Val P/R/F1 (Macro): 0.7630/0.7325/0.7376 | LR: 0.000010
  >>> New Best Val Acc: 0.8435
Epoch [14/100] | Loss: 1.5706 (Cls: 1.5646, TAL: 0.0000, Adv: 0.1506) | Train Acc: 0.9159 | Val Acc: 0.7913 | Val P/R/F1 (Macro): 0.7346/0.6788/0.6832 | LR: 0.000010
Epoch [15/100] | Loss: 1.6954 (Cls: 1.6893, TAL: 0.0000, Adv: 0.1515) | Train Acc: 0.9038 | Val Acc: 0.6957 | Val P/R/F1 (Macro): 0.7122/0.5758/0.5726 | LR: 0.000010
Epoch [16/100] | Loss: 1.5840 (Cls: 1.5768, TAL: 0.0000, Adv: 0.1805) | Train Acc: 0.8894 | Val Acc: 0.8435 | Val P/R/F1 (Macro): 0.7362/0.7096/0.7086 | LR: 0.000010
Epoch [17/100] | Loss: 1.5346 (Cls: 1.5284, TAL: 0.0000, Adv: 0.1546) | Train Acc: 0.9231 | Val Acc: 0.8348 | Val P/R/F1 (Macro): 0.7316/0.7583/0.7344 | LR: 0.000010
Epoch [18/100] | Loss: 1.4928 (Cls: 1.4876, TAL: 0.0000, Adv: 0.1290) | Train Acc: 0.9062 | Val Acc: 0.8348 | Val P/R/F1 (Macro): 0.7342/0.7367/0.7145 | LR: 0.000010
Epoch [19/100] | Loss: 1.4825 (Cls: 1.4800, TAL: 0.0000, Adv: 0.0628) | Train Acc: 0.9255 | Val Acc: 0.8609 | Val P/R/F1 (Macro): 0.7560/0.7496/0.7454 | LR: 0.000010
  >>> New Best Val Acc: 0.8609
Epoch [20/100] | Loss: 1.4811 (Cls: 1.4783, TAL: 0.0000, Adv: 0.0711) | Train Acc: 0.9303 | Val Acc: 0.8174 | Val P/R/F1 (Macro): 0.7590/0.6953/0.7092 | LR: 0.000010
Epoch [21/100] | Loss: 1.5007 (Cls: 1.4969, TAL: 0.0000, Adv: 0.0949) | Train Acc: 0.9375 | Val Acc: 0.8783 | Val P/R/F1 (Macro): 0.7849/0.7753/0.7702 | LR: 0.000010
  >>> New Best Val Acc: 0.8783
Epoch [22/100] | Loss: 1.4362 (Cls: 1.4331, TAL: 0.0000, Adv: 0.0758) | Train Acc: 0.9495 | Val Acc: 0.8087 | Val P/R/F1 (Macro): 0.7233/0.6562/0.6573 | LR: 0.000010
Epoch [23/100] | Loss: 1.3876 (Cls: 1.3836, TAL: 0.0000, Adv: 0.0990) | Train Acc: 0.9447 | Val Acc: 0.7913 | Val P/R/F1 (Macro): 0.7879/0.7037/0.7199 | LR: 0.000010
Epoch [24/100] | Loss: 1.4364 (Cls: 1.4347, TAL: 0.0000, Adv: 0.0427) | Train Acc: 0.9591 | Val Acc: 0.8522 | Val P/R/F1 (Macro): 0.7964/0.7233/0.7361 | LR: 0.000010
Epoch [25/100] | Loss: 1.3819 (Cls: 1.3782, TAL: 0.0000, Adv: 0.0914) | Train Acc: 0.9591 | Val Acc: 0.8696 | Val P/R/F1 (Macro): 0.8047/0.7534/0.7714 | LR: 0.000010
Epoch [26/100] | Loss: 1.3933 (Cls: 1.3892, TAL: 0.0000, Adv: 0.1034) | Train Acc: 0.9399 | Val Acc: 0.8261 | Val P/R/F1 (Macro): 0.8003/0.7043/0.7251 | LR: 0.000010
Epoch [27/100] | Loss: 1.4123 (Cls: 1.4066, TAL: 0.0000, Adv: 0.1443) | Train Acc: 0.9399 | Val Acc: 0.8609 | Val P/R/F1 (Macro): 0.7682/0.7336/0.7388 | LR: 0.000010
Epoch [28/100] | Loss: 1.3785 (Cls: 1.3746, TAL: 0.0000, Adv: 0.0978) | Train Acc: 0.9591 | Val Acc: 0.8609 | Val P/R/F1 (Macro): 0.8205/0.7116/0.7268 | LR: 0.000010
Epoch [29/100] | Loss: 1.3877 (Cls: 1.3844, TAL: 0.0000, Adv: 0.0801) | Train Acc: 0.9591 | Val Acc: 0.8783 | Val P/R/F1 (Macro): 0.7776/0.7775/0.7647 | LR: 0.000010
Epoch [30/100] | Loss: 1.3226 (Cls: 1.3199, TAL: 0.0000, Adv: 0.0667) | Train Acc: 0.9712 | Val Acc: 0.8783 | Val P/R/F1 (Macro): 0.8047/0.7388/0.7602 | LR: 0.000010
Epoch [31/100] | Loss: 1.3297 (Cls: 1.3256, TAL: 0.0000, Adv: 0.1021) | Train Acc: 0.9712 | Val Acc: 0.8261 | Val P/R/F1 (Macro): 0.7851/0.6724/0.6808 | LR: 0.000010
Epoch [32/100] | Loss: 1.3241 (Cls: 1.3175, TAL: 0.0000, Adv: 0.1641) | Train Acc: 0.9639 | Val Acc: 0.8783 | Val P/R/F1 (Macro): 0.7588/0.7777/0.7619 | LR: 0.000005
Epoch [33/100] | Loss: 1.2941 (Cls: 1.2906, TAL: 0.0000, Adv: 0.0854) | Train Acc: 0.9784 | Val Acc: 0.8696 | Val P/R/F1 (Macro): 0.8080/0.7193/0.7254 | LR: 0.000005
Epoch [34/100] | Loss: 1.2985 (Cls: 1.2856, TAL: 0.0000, Adv: 0.3246) | Train Acc: 0.9760 | Val Acc: 0.8609 | Val P/R/F1 (Macro): 0.7725/0.7505/0.7490 | LR: 0.000005
Epoch [35/100] | Loss: 1.2942 (Cls: 1.2860, TAL: 0.0000, Adv: 0.2046) | Train Acc: 0.9736 | Val Acc: 0.8435 | Val P/R/F1 (Macro): 0.7498/0.7256/0.7250 | LR: 0.000005
Epoch [36/100] | Loss: 1.2662 (Cls: 1.2592, TAL: 0.0000, Adv: 0.1748) | Train Acc: 0.9904 | Val Acc: 0.8957 | Val P/R/F1 (Macro): 0.8947/0.7890/0.8107 | LR: 0.000005
  >>> New Best Val Acc: 0.8957
Epoch [37/100] | Loss: 1.2744 (Cls: 1.2690, TAL: 0.0000, Adv: 0.1356) | Train Acc: 0.9784 | Val Acc: 0.8870 | Val P/R/F1 (Macro): 0.7858/0.7656/0.7651 | LR: 0.000005
Epoch [38/100] | Loss: 1.2840 (Cls: 1.2761, TAL: 0.0000, Adv: 0.1982) | Train Acc: 0.9832 | Val Acc: 0.9043 | Val P/R/F1 (Macro): 0.7981/0.8146/0.7951 | LR: 0.000005
  >>> New Best Val Acc: 0.9043
Epoch [39/100] | Loss: 1.3052 (Cls: 1.2954, TAL: 0.0000, Adv: 0.2452) | Train Acc: 0.9784 | Val Acc: 0.8783 | Val P/R/F1 (Macro): 0.7794/0.7456/0.7496 | LR: 0.000005
Epoch [40/100] | Loss: 1.2819 (Cls: 1.2737, TAL: 0.0000, Adv: 0.2062) | Train Acc: 0.9856 | Val Acc: 0.9043 | Val P/R/F1 (Macro): 0.7981/0.8146/0.7951 | LR: 0.000005
Epoch [41/100] | Loss: 1.2875 (Cls: 1.2554, TAL: 0.0000, Adv: 0.8027) | Train Acc: 0.9832 | Val Acc: 0.8609 | Val P/R/F1 (Macro): 0.8081/0.7104/0.7192 | LR: 0.000005
Epoch [42/100] | Loss: 1.2629 (Cls: 1.2203, TAL: 0.0000, Adv: 1.0648) | Train Acc: 0.9856 | Val Acc: 0.8870 | Val P/R/F1 (Macro): 0.8290/0.7637/0.7826 | LR: 0.000005
Epoch [43/100] | Loss: 1.2921 (Cls: 1.2714, TAL: 0.0000, Adv: 0.5166) | Train Acc: 0.9808 | Val Acc: 0.8435 | Val P/R/F1 (Macro): 0.7390/0.7212/0.7181 | LR: 0.000005
Epoch [44/100] | Loss: 1.2485 (Cls: 1.2238, TAL: 0.0000, Adv: 0.6171) | Train Acc: 0.9880 | Val Acc: 0.8696 | Val P/R/F1 (Macro): 0.8181/0.7302/0.7456 | LR: 0.000005
Epoch [45/100] | Loss: 1.2608 (Cls: 1.2405, TAL: 0.0000, Adv: 0.5074) | Train Acc: 0.9760 | Val Acc: 0.8870 | Val P/R/F1 (Macro): 0.7903/0.7999/0.7846 | LR: 0.000005
Epoch [46/100] | Loss: 1.2378 (Cls: 1.2271, TAL: 0.0000, Adv: 0.2693) | Train Acc: 0.9976 | Val Acc: 0.9043 | Val P/R/F1 (Macro): 0.9184/0.8066/0.8335 | LR: 0.000005
Epoch [47/100] | Loss: 1.2318 (Cls: 1.2240, TAL: 0.0000, Adv: 0.1950) | Train Acc: 0.9880 | Val Acc: 0.8870 | Val P/R/F1 (Macro): 0.9031/0.8127/0.8282 | LR: 0.000005
Epoch [48/100] | Loss: 1.2149 (Cls: 1.2082, TAL: 0.0000, Adv: 0.1665) | Train Acc: 0.9976 | Val Acc: 0.9130 | Val P/R/F1 (Macro): 0.9376/0.8288/0.8567 | LR: 0.000005
  >>> New Best Val Acc: 0.9130
Epoch [49/100] | Loss: 1.2472 (Cls: 1.2434, TAL: 0.0000, Adv: 0.0966) | Train Acc: 0.9760 | Val Acc: 0.8957 | Val P/R/F1 (Macro): 0.7946/0.7900/0.7834 | LR: 0.000005
Epoch [50/100] | Loss: 1.2355 (Cls: 1.2323, TAL: 0.0000, Adv: 0.0801) | Train Acc: 0.9880 | Val Acc: 0.8696 | Val P/R/F1 (Macro): 0.8033/0.7357/0.7455 | LR: 0.000005
Epoch [51/100] | Loss: 1.2272 (Cls: 1.2231, TAL: 0.0000, Adv: 0.1027) | Train Acc: 0.9928 | Val Acc: 0.8783 | Val P/R/F1 (Macro): 0.7948/0.7552/0.7658 | LR: 0.000005
Epoch [52/100] | Loss: 1.2070 (Cls: 1.2019, TAL: 0.0000, Adv: 0.1279) | Train Acc: 0.9904 | Val Acc: 0.8609 | Val P/R/F1 (Macro): 0.7795/0.7449/0.7527 | LR: 0.000005
Epoch [53/100] | Loss: 1.2210 (Cls: 1.2180, TAL: 0.0000, Adv: 0.0741) | Train Acc: 0.9856 | Val Acc: 0.8696 | Val P/R/F1 (Macro): 0.7643/0.7394/0.7423 | LR: 0.000005
Epoch [54/100] | Loss: 1.2045 (Cls: 1.2009, TAL: 0.0000, Adv: 0.0895) | Train Acc: 0.9856 | Val Acc: 0.8783 | Val P/R/F1 (Macro): 0.8387/0.7233/0.7423 | LR: 0.000005
Epoch [55/100] | Loss: 1.1787 (Cls: 1.1769, TAL: 0.0000, Adv: 0.0447) | Train Acc: 0.9952 | Val Acc: 0.9043 | Val P/R/F1 (Macro): 0.8101/0.8101/0.8007 | LR: 0.000005
Epoch [56/100] | Loss: 1.2231 (Cls: 1.2195, TAL: 0.0000, Adv: 0.0908) | Train Acc: 0.9856 | Val Acc: 0.9043 | Val P/R/F1 (Macro): 0.7868/0.7803/0.7752 | LR: 0.000005
Epoch [57/100] | Loss: 1.2090 (Cls: 1.2056, TAL: 0.0000, Adv: 0.0848) | Train Acc: 0.9808 | Val Acc: 0.9043 | Val P/R/F1 (Macro): 0.7998/0.7940/0.7882 | LR: 0.000005
Epoch [58/100] | Loss: 1.2009 (Cls: 1.1977, TAL: 0.0000, Adv: 0.0787) | Train Acc: 0.9856 | Val Acc: 0.9043 | Val P/R/F1 (Macro): 0.7918/0.7940/0.7834 | LR: 0.000005
Epoch [59/100] | Loss: 1.1957 (Cls: 1.1928, TAL: 0.0000, Adv: 0.0732) | Train Acc: 0.9928 | Val Acc: 0.8957 | Val P/R/F1 (Macro): 0.7928/0.7927/0.7829 | LR: 0.000003
Epoch [60/100] | Loss: 1.1750 (Cls: 1.1706, TAL: 0.0000, Adv: 0.1106) | Train Acc: 0.9928 | Val Acc: 0.8783 | Val P/R/F1 (Macro): 0.7779/0.7415/0.7469 | LR: 0.000003
Epoch [61/100] | Loss: 1.1873 (Cls: 1.1852, TAL: 0.0000, Adv: 0.0504) | Train Acc: 0.9904 | Val Acc: 0.8696 | Val P/R/F1 (Macro): 0.7742/0.7536/0.7548 | LR: 0.000003
Epoch [62/100] | Loss: 1.2059 (Cls: 1.2009, TAL: 0.0000, Adv: 0.1252) | Train Acc: 0.9928 | Val Acc: 0.8957 | Val P/R/F1 (Macro): 0.7888/0.7882/0.7798 | LR: 0.000003
Epoch [63/100] | Loss: 1.1698 (Cls: 1.1680, TAL: 0.0000, Adv: 0.0435) | Train Acc: 0.9976 | Val Acc: 0.8870 | Val P/R/F1 (Macro): 0.7911/0.7637/0.7684 | LR: 0.000003
Epoch [64/100] | Loss: 1.1757 (Cls: 1.1749, TAL: 0.0000, Adv: 0.0197) | Train Acc: 0.9928 | Val Acc: 0.8957 | Val P/R/F1 (Macro): 0.8224/0.7814/0.7924 | LR: 0.000003
Epoch [65/100] | Loss: 1.1787 (Cls: 1.1775, TAL: 0.0000, Adv: 0.0297) | Train Acc: 0.9976 | Val Acc: 0.8957 | Val P/R/F1 (Macro): 0.8007/0.7699/0.7769 | LR: 0.000003
Epoch [66/100] | Loss: 1.1646 (Cls: 1.1639, TAL: 0.0000, Adv: 0.0173) | Train Acc: 0.9952 | Val Acc: 0.8870 | Val P/R/F1 (Macro): 0.7837/0.7842/0.7749 | LR: 0.000003
Epoch [67/100] | Loss: 1.1677 (Cls: 1.1664, TAL: 0.0000, Adv: 0.0332) | Train Acc: 0.9928 | Val Acc: 0.8957 | Val P/R/F1 (Macro): 0.9459/0.7825/0.8218 | LR: 0.000003
Epoch [68/100] | Loss: 1.1625 (Cls: 1.1619, TAL: 0.0000, Adv: 0.0150) | Train Acc: 0.9952 | Val Acc: 0.9043 | Val P/R/F1 (Macro): 0.8086/0.8077/0.7974 | LR: 0.000003
Epoch [69/100] | Loss: 1.1584 (Cls: 1.1574, TAL: 0.0000, Adv: 0.0252) | Train Acc: 0.9976 | Val Acc: 0.8957 | Val P/R/F1 (Macro): 0.7727/0.7878/0.7764 | LR: 0.000003
Epoch [70/100] | Loss: 1.1737 (Cls: 1.1731, TAL: 0.0000, Adv: 0.0159) | Train Acc: 0.9952 | Val Acc: 0.9043 | Val P/R/F1 (Macro): 0.8216/0.7736/0.7832 | LR: 0.000001
Epoch [71/100] | Loss: 1.1685 (Cls: 1.1679, TAL: 0.0000, Adv: 0.0143) | Train Acc: 0.9952 | Val Acc: 0.9043 | Val P/R/F1 (Macro): 0.9437/0.7884/0.8233 | LR: 0.000001
Epoch [72/100] | Loss: 1.1544 (Cls: 1.1540, TAL: 0.0000, Adv: 0.0099) | Train Acc: 0.9976 | Val Acc: 0.9130 | Val P/R/F1 (Macro): 0.9222/0.8128/0.8385 | LR: 0.000001
Epoch [73/100] | Loss: 1.1534 (Cls: 1.1531, TAL: 0.0000, Adv: 0.0092) | Train Acc: 0.9952 | Val Acc: 0.9043 | Val P/R/F1 (Macro): 0.8019/0.7758/0.7788 | LR: 0.000001
Epoch [74/100] | Loss: 1.1599 (Cls: 1.1596, TAL: 0.0000, Adv: 0.0073) | Train Acc: 0.9976 | Val Acc: 0.9130 | Val P/R/F1 (Macro): 0.8067/0.7980/0.7936 | LR: 0.000001
Epoch [75/100] | Loss: 1.1465 (Cls: 1.1462, TAL: 0.0000, Adv: 0.0082) | Train Acc: 1.0000 | Val Acc: 0.9043 | Val P/R/F1 (Macro): 0.8269/0.7575/0.7685 | LR: 0.000001
Epoch [76/100] | Loss: 1.1478 (Cls: 1.1476, TAL: 0.0000, Adv: 0.0052) | Train Acc: 0.9976 | Val Acc: 0.9130 | Val P/R/F1 (Macro): 0.8067/0.7980/0.7936 | LR: 0.000001
Epoch [77/100] | Loss: 1.1534 (Cls: 1.1532, TAL: 0.0000, Adv: 0.0053) | Train Acc: 0.9976 | Val Acc: 0.9043 | Val P/R/F1 (Macro): 0.8309/0.7736/0.7882 | LR: 0.000001
Epoch [78/100] | Loss: 1.1549 (Cls: 1.1547, TAL: 0.0000, Adv: 0.0056) | Train Acc: 0.9976 | Val Acc: 0.8957 | Val P/R/F1 (Macro): 0.8233/0.7513/0.7636 | LR: 0.000001
Epoch [79/100] | Loss: 1.1462 (Cls: 1.1458, TAL: 0.0000, Adv: 0.0084) | Train Acc: 0.9928 | Val Acc: 0.9130 | Val P/R/F1 (Macro): 0.9466/0.8106/0.8448 | LR: 0.000001
Epoch [80/100] | Loss: 1.1561 (Cls: 1.1557, TAL: 0.0000, Adv: 0.0109) | Train Acc: 0.9952 | Val Acc: 0.8957 | Val P/R/F1 (Macro): 0.8185/0.7650/0.7762 | LR: 0.000001
Epoch [81/100] | Loss: 1.1459 (Cls: 1.1458, TAL: 0.0000, Adv: 0.0024) | Train Acc: 0.9952 | Val Acc: 0.8957 | Val P/R/F1 (Macro): 0.8020/0.7672/0.7756 | LR: 0.000001
Epoch [82/100] | Loss: 1.1526 (Cls: 1.1522, TAL: 0.0000, Adv: 0.0111) | Train Acc: 0.9976 | Val Acc: 0.8957 | Val P/R/F1 (Macro): 0.8270/0.7672/0.7837 | LR: 0.000001
Epoch [83/100] | Loss: 1.1669 (Cls: 1.1666, TAL: 0.0000, Adv: 0.0074) | Train Acc: 0.9976 | Val Acc: 0.9043 | Val P/R/F1 (Macro): 0.7983/0.7758/0.7782 | LR: 0.000001
Epoch [84/100] | Loss: 1.1447 (Cls: 1.1445, TAL: 0.0000, Adv: 0.0064) | Train Acc: 0.9952 | Val Acc: 0.9043 | Val P/R/F1 (Macro): 0.9403/0.8020/0.8391 | LR: 0.000001
Epoch [85/100] | Loss: 1.1455 (Cls: 1.1452, TAL: 0.0000, Adv: 0.0089) | Train Acc: 1.0000 | Val Acc: 0.9130 | Val P/R/F1 (Macro): 0.8300/0.7797/0.7901 | LR: 0.000001
Epoch [86/100] | Loss: 1.1525 (Cls: 1.1524, TAL: 0.0000, Adv: 0.0025) | Train Acc: 1.0000 | Val Acc: 0.9043 | Val P/R/F1 (Macro): 0.9124/0.8066/0.8312 | LR: 0.000001
Epoch [87/100] | Loss: 1.1612 (Cls: 1.1610, TAL: 0.0000, Adv: 0.0052) | Train Acc: 0.9928 | Val Acc: 0.9043 | Val P/R/F1 (Macro): 0.8279/0.7575/0.7699 | LR: 0.000001
Epoch [88/100] | Loss: 1.1435 (Cls: 1.1433, TAL: 0.0000, Adv: 0.0038) | Train Acc: 1.0000 | Val Acc: 0.8957 | Val P/R/F1 (Macro): 0.7934/0.7696/0.7719 | LR: 0.000001
Epoch [89/100] | Loss: 1.1491 (Cls: 1.1489, TAL: 0.0000, Adv: 0.0050) | Train Acc: 0.9928 | Val Acc: 0.9043 | Val P/R/F1 (Macro): 0.8020/0.7758/0.7800 | LR: 0.000001
Epoch [90/100] | Loss: 1.1457 (Cls: 1.1456, TAL: 0.0000, Adv: 0.0025) | Train Acc: 1.0000 | Val Acc: 0.8957 | Val P/R/F1 (Macro): 0.8290/0.7490/0.7668 | LR: 0.000001
Epoch [91/100] | Loss: 1.1282 (Cls: 1.1281, TAL: 0.0000, Adv: 0.0030) | Train Acc: 0.9976 | Val Acc: 0.9217 | Val P/R/F1 (Macro): 0.8333/0.8020/0.8074 | LR: 0.000001
  >>> New Best Val Acc: 0.9217
Epoch [92/100] | Loss: 1.1523 (Cls: 1.1518, TAL: 0.0000, Adv: 0.0136) | Train Acc: 0.9952 | Val Acc: 0.9217 | Val P/R/F1 (Macro): 0.8291/0.8020/0.8055 | LR: 0.000001
Epoch [93/100] | Loss: 1.1579 (Cls: 1.1578, TAL: 0.0000, Adv: 0.0029) | Train Acc: 0.9976 | Val Acc: 0.8957 | Val P/R/F1 (Macro): 0.7924/0.7718/0.7721 | LR: 0.000001
Epoch [94/100] | Loss: 1.1405 (Cls: 1.1401, TAL: 0.0000, Adv: 0.0088) | Train Acc: 0.9976 | Val Acc: 0.8957 | Val P/R/F1 (Macro): 0.7975/0.7672/0.7724 | LR: 0.000001
Epoch [95/100] | Loss: 1.1608 (Cls: 1.1606, TAL: 0.0000, Adv: 0.0051) | Train Acc: 0.9976 | Val Acc: 0.8870 | Val P/R/F1 (Macro): 0.7848/0.7450/0.7521 | LR: 0.000001
Epoch [96/100] | Loss: 1.1434 (Cls: 1.1432, TAL: 0.0000, Adv: 0.0037) | Train Acc: 1.0000 | Val Acc: 0.8783 | Val P/R/F1 (Macro): 0.7809/0.7388/0.7472 | LR: 0.000001
Epoch [97/100] | Loss: 1.1320 (Cls: 1.1317, TAL: 0.0000, Adv: 0.0082) | Train Acc: 0.9976 | Val Acc: 0.8870 | Val P/R/F1 (Macro): 0.8184/0.7428/0.7571 | LR: 0.000001
Epoch [98/100] | Loss: 1.1438 (Cls: 1.1436, TAL: 0.0000, Adv: 0.0068) | Train Acc: 1.0000 | Val Acc: 0.9130 | Val P/R/F1 (Macro): 0.8297/0.7797/0.7911 | LR: 0.000001
Epoch [99/100] | Loss: 1.1386 (Cls: 1.1385, TAL: 0.0000, Adv: 0.0025) | Train Acc: 0.9952 | Val Acc: 0.8957 | Val P/R/F1 (Macro): 0.8231/0.7513/0.7646 | LR: 0.000001
Epoch [100/100] | Loss: 1.1327 (Cls: 1.1326, TAL: 0.0000, Adv: 0.0018) | Train Acc: 0.9976 | Val Acc: 0.9043 | Val P/R/F1 (Macro): 0.7918/0.7940/0.7834 | LR: 0.000001
Report strategy: last_window, window=10, reported_acc=0.9000, best_acc=0.9217

迭代 4 报告指标:
  Accuracy: 0.9000
  Precision (Macro): 0.8081
  Recall (Macro): 0.7695
  F1 (Macro): 0.7753
  Precision (Micro): 0.9000
  Recall (Micro): 0.9000
  F1 (Micro): 0.9000
  Val class coverage: 9/14 (0.6429), samples=115

================================================================================
迭代 5/5
随机种子: 46
================================================================================
Training mode: unpaired target adaptation with controlled target-label loss (ratio=0.46, weight=0.85).
Fixed labeled target subset: 202/440 samples.
Feature fusion: Channel concatenation (512+512); fused_dim=1024
Domain adaptation: standard source-target adversarial training, no generator
Loss weights: tensor=0.00, adv=0.04
Epoch [1/100] | Loss: 4.7971 (Cls: 4.7648, TAL: 0.0000, Adv: 0.8081) | Train Acc: 0.1202 | Val Acc: 0.2000 | Val P/R/F1 (Macro): 0.1703/0.2336/0.1544 | LR: 0.000010
  >>> New Best Val Acc: 0.2000
Epoch [2/100] | Loss: 4.0385 (Cls: 4.0069, TAL: 0.0000, Adv: 0.7887) | Train Acc: 0.3269 | Val Acc: 0.3739 | Val P/R/F1 (Macro): 0.4223/0.2314/0.2287 | LR: 0.000010
  >>> New Best Val Acc: 0.3739
Epoch [3/100] | Loss: 3.4826 (Cls: 3.4532, TAL: 0.0000, Adv: 0.7355) | Train Acc: 0.4688 | Val Acc: 0.4870 | Val P/R/F1 (Macro): 0.5201/0.3489/0.3480 | LR: 0.000010
  >>> New Best Val Acc: 0.4870
Epoch [4/100] | Loss: 2.8679 (Cls: 2.8391, TAL: 0.0000, Adv: 0.7192) | Train Acc: 0.5865 | Val Acc: 0.6087 | Val P/R/F1 (Macro): 0.5264/0.4886/0.4512 | LR: 0.000010
  >>> New Best Val Acc: 0.6087
Epoch [5/100] | Loss: 2.6598 (Cls: 2.6338, TAL: 0.0000, Adv: 0.6519) | Train Acc: 0.6322 | Val Acc: 0.7739 | Val P/R/F1 (Macro): 0.6636/0.6485/0.6472 | LR: 0.000010
  >>> New Best Val Acc: 0.7739
Epoch [6/100] | Loss: 2.3924 (Cls: 2.3673, TAL: 0.0000, Adv: 0.6276) | Train Acc: 0.7476 | Val Acc: 0.5478 | Val P/R/F1 (Macro): 0.5267/0.4946/0.4510 | LR: 0.000010
Epoch [7/100] | Loss: 2.1751 (Cls: 2.1520, TAL: 0.0000, Adv: 0.5763) | Train Acc: 0.8029 | Val Acc: 0.6957 | Val P/R/F1 (Macro): 0.6264/0.6241/0.5975 | LR: 0.000010
Epoch [8/100] | Loss: 2.0415 (Cls: 2.0202, TAL: 0.0000, Adv: 0.5334) | Train Acc: 0.8149 | Val Acc: 0.7043 | Val P/R/F1 (Macro): 0.7196/0.6344/0.6304 | LR: 0.000010
Epoch [9/100] | Loss: 1.8821 (Cls: 1.8644, TAL: 0.0000, Adv: 0.4416) | Train Acc: 0.8558 | Val Acc: 0.8174 | Val P/R/F1 (Macro): 0.8836/0.7528/0.7794 | LR: 0.000010
  >>> New Best Val Acc: 0.8174
Epoch [10/100] | Loss: 1.8109 (Cls: 1.7968, TAL: 0.0000, Adv: 0.3529) | Train Acc: 0.8534 | Val Acc: 0.7130 | Val P/R/F1 (Macro): 0.6814/0.6194/0.6102 | LR: 0.000010
Epoch [11/100] | Loss: 1.8386 (Cls: 1.8257, TAL: 0.0000, Adv: 0.3230) | Train Acc: 0.8654 | Val Acc: 0.7565 | Val P/R/F1 (Macro): 0.6915/0.7030/0.6634 | LR: 0.000010
Epoch [12/100] | Loss: 1.7192 (Cls: 1.7069, TAL: 0.0000, Adv: 0.3080) | Train Acc: 0.8798 | Val Acc: 0.8087 | Val P/R/F1 (Macro): 0.7466/0.7552/0.7354 | LR: 0.000010
Epoch [13/100] | Loss: 1.6647 (Cls: 1.6519, TAL: 0.0000, Adv: 0.3194) | Train Acc: 0.9062 | Val Acc: 0.6957 | Val P/R/F1 (Macro): 0.6918/0.6162/0.6148 | LR: 0.000010
Epoch [14/100] | Loss: 1.6971 (Cls: 1.6841, TAL: 0.0000, Adv: 0.3229) | Train Acc: 0.8942 | Val Acc: 0.8696 | Val P/R/F1 (Macro): 0.8048/0.7813/0.7882 | LR: 0.000010
  >>> New Best Val Acc: 0.8696
Epoch [15/100] | Loss: 1.6514 (Cls: 1.6404, TAL: 0.0000, Adv: 0.2743) | Train Acc: 0.8918 | Val Acc: 0.8087 | Val P/R/F1 (Macro): 0.7698/0.7431/0.7396 | LR: 0.000010
Epoch [16/100] | Loss: 1.5328 (Cls: 1.5244, TAL: 0.0000, Adv: 0.2105) | Train Acc: 0.9207 | Val Acc: 0.8000 | Val P/R/F1 (Macro): 0.7582/0.7108/0.7087 | LR: 0.000010
Epoch [17/100] | Loss: 1.5768 (Cls: 1.5692, TAL: 0.0000, Adv: 0.1895) | Train Acc: 0.8990 | Val Acc: 0.8435 | Val P/R/F1 (Macro): 0.7683/0.7813/0.7586 | LR: 0.000010
Epoch [18/100] | Loss: 1.4928 (Cls: 1.4868, TAL: 0.0000, Adv: 0.1489) | Train Acc: 0.9255 | Val Acc: 0.8870 | Val P/R/F1 (Macro): 0.8050/0.7637/0.7665 | LR: 0.000010
  >>> New Best Val Acc: 0.8870
Epoch [19/100] | Loss: 1.5044 (Cls: 1.5001, TAL: 0.0000, Adv: 0.1076) | Train Acc: 0.9207 | Val Acc: 0.8261 | Val P/R/F1 (Macro): 0.8992/0.7265/0.7639 | LR: 0.000010
Epoch [20/100] | Loss: 1.4122 (Cls: 1.4071, TAL: 0.0000, Adv: 0.1262) | Train Acc: 0.9567 | Val Acc: 0.8609 | Val P/R/F1 (Macro): 0.7941/0.7822/0.7744 | LR: 0.000010
Epoch [21/100] | Loss: 1.4636 (Cls: 1.4607, TAL: 0.0000, Adv: 0.0719) | Train Acc: 0.9519 | Val Acc: 0.8261 | Val P/R/F1 (Macro): 0.7242/0.6906/0.6851 | LR: 0.000010
Epoch [22/100] | Loss: 1.4128 (Cls: 1.4096, TAL: 0.0000, Adv: 0.0792) | Train Acc: 0.9615 | Val Acc: 0.8957 | Val P/R/F1 (Macro): 0.8104/0.8183/0.8081 | LR: 0.000010
  >>> New Best Val Acc: 0.8957
Epoch [23/100] | Loss: 1.4331 (Cls: 1.4279, TAL: 0.0000, Adv: 0.1313) | Train Acc: 0.9471 | Val Acc: 0.8261 | Val P/R/F1 (Macro): 0.7606/0.7688/0.7427 | LR: 0.000010
Epoch [24/100] | Loss: 1.4461 (Cls: 1.4420, TAL: 0.0000, Adv: 0.1021) | Train Acc: 0.9447 | Val Acc: 0.8000 | Val P/R/F1 (Macro): 0.8787/0.7817/0.7897 | LR: 0.000010
Epoch [25/100] | Loss: 1.3988 (Cls: 1.3912, TAL: 0.0000, Adv: 0.1906) | Train Acc: 0.9471 | Val Acc: 0.8522 | Val P/R/F1 (Macro): 0.7672/0.7710/0.7507 | LR: 0.000010
Epoch [26/100] | Loss: 1.4121 (Cls: 1.4092, TAL: 0.0000, Adv: 0.0729) | Train Acc: 0.9495 | Val Acc: 0.8261 | Val P/R/F1 (Macro): 0.7312/0.7363/0.7190 | LR: 0.000010
Epoch [27/100] | Loss: 1.3846 (Cls: 1.3767, TAL: 0.0000, Adv: 0.1997) | Train Acc: 0.9543 | Val Acc: 0.8957 | Val P/R/F1 (Macro): 0.8275/0.7973/0.8030 | LR: 0.000010
Epoch [28/100] | Loss: 1.4297 (Cls: 1.4261, TAL: 0.0000, Adv: 0.0896) | Train Acc: 0.9351 | Val Acc: 0.8087 | Val P/R/F1 (Macro): 0.7362/0.7283/0.7099 | LR: 0.000010
Epoch [29/100] | Loss: 1.3481 (Cls: 1.3434, TAL: 0.0000, Adv: 0.1197) | Train Acc: 0.9615 | Val Acc: 0.8696 | Val P/R/F1 (Macro): 0.7595/0.7676/0.7494 | LR: 0.000010
Epoch [30/100] | Loss: 1.3620 (Cls: 1.3590, TAL: 0.0000, Adv: 0.0745) | Train Acc: 0.9615 | Val Acc: 0.8783 | Val P/R/F1 (Macro): 0.8013/0.7829/0.7768 | LR: 0.000010
Epoch [31/100] | Loss: 1.3668 (Cls: 1.3612, TAL: 0.0000, Adv: 0.1417) | Train Acc: 0.9495 | Val Acc: 0.9130 | Val P/R/F1 (Macro): 0.9187/0.8292/0.8463 | LR: 0.000010
  >>> New Best Val Acc: 0.9130
Epoch [32/100] | Loss: 1.3661 (Cls: 1.3576, TAL: 0.0000, Adv: 0.2129) | Train Acc: 0.9591 | Val Acc: 0.9043 | Val P/R/F1 (Macro): 0.8171/0.7739/0.7802 | LR: 0.000010
Epoch [33/100] | Loss: 1.3460 (Cls: 1.3401, TAL: 0.0000, Adv: 0.1459) | Train Acc: 0.9663 | Val Acc: 0.8696 | Val P/R/F1 (Macro): 0.7806/0.7835/0.7640 | LR: 0.000010
Epoch [34/100] | Loss: 1.3389 (Cls: 1.3343, TAL: 0.0000, Adv: 0.1152) | Train Acc: 0.9712 | Val Acc: 0.8522 | Val P/R/F1 (Macro): 0.7585/0.7414/0.7364 | LR: 0.000010
Epoch [35/100] | Loss: 1.3212 (Cls: 1.3095, TAL: 0.0000, Adv: 0.2923) | Train Acc: 0.9808 | Val Acc: 0.8696 | Val P/R/F1 (Macro): 0.7894/0.7633/0.7653 | LR: 0.000010
Epoch [36/100] | Loss: 1.4078 (Cls: 1.3494, TAL: 0.0000, Adv: 1.4606) | Train Acc: 0.9688 | Val Acc: 0.8696 | Val P/R/F1 (Macro): 0.7858/0.7953/0.7764 | LR: 0.000010
Epoch [37/100] | Loss: 1.4173 (Cls: 1.3729, TAL: 0.0000, Adv: 1.1097) | Train Acc: 0.9567 | Val Acc: 0.8348 | Val P/R/F1 (Macro): 0.7889/0.7066/0.7115 | LR: 0.000010
Epoch [38/100] | Loss: 1.3646 (Cls: 1.3351, TAL: 0.0000, Adv: 0.7369) | Train Acc: 0.9639 | Val Acc: 0.8435 | Val P/R/F1 (Macro): 0.7744/0.7578/0.7483 | LR: 0.000010
Epoch [39/100] | Loss: 1.3722 (Cls: 1.3407, TAL: 0.0000, Adv: 0.7852) | Train Acc: 0.9688 | Val Acc: 0.8348 | Val P/R/F1 (Macro): 0.7410/0.7182/0.7092 | LR: 0.000010
Epoch [40/100] | Loss: 1.2985 (Cls: 1.2837, TAL: 0.0000, Adv: 0.3701) | Train Acc: 0.9736 | Val Acc: 0.8783 | Val P/R/F1 (Macro): 0.7946/0.7654/0.7716 | LR: 0.000010
Epoch [41/100] | Loss: 1.3245 (Cls: 1.3099, TAL: 0.0000, Adv: 0.3650) | Train Acc: 0.9712 | Val Acc: 0.8870 | Val P/R/F1 (Macro): 0.7889/0.7896/0.7829 | LR: 0.000010
Epoch [42/100] | Loss: 1.3164 (Cls: 1.3067, TAL: 0.0000, Adv: 0.2433) | Train Acc: 0.9760 | Val Acc: 0.9130 | Val P/R/F1 (Macro): 0.9329/0.8144/0.8453 | LR: 0.000005
Epoch [43/100] | Loss: 1.2756 (Cls: 1.2670, TAL: 0.0000, Adv: 0.2160) | Train Acc: 0.9832 | Val Acc: 0.8870 | Val P/R/F1 (Macro): 0.7668/0.7687/0.7612 | LR: 0.000005
Epoch [44/100] | Loss: 1.2431 (Cls: 1.2371, TAL: 0.0000, Adv: 0.1511) | Train Acc: 0.9808 | Val Acc: 0.8783 | Val P/R/F1 (Macro): 0.7707/0.7929/0.7646 | LR: 0.000005
Epoch [45/100] | Loss: 1.2513 (Cls: 1.2462, TAL: 0.0000, Adv: 0.1281) | Train Acc: 0.9856 | Val Acc: 0.9130 | Val P/R/F1 (Macro): 0.8027/0.8080/0.7995 | LR: 0.000005
Epoch [46/100] | Loss: 1.2301 (Cls: 1.2267, TAL: 0.0000, Adv: 0.0841) | Train Acc: 0.9904 | Val Acc: 0.8957 | Val P/R/F1 (Macro): 0.7974/0.8027/0.7866 | LR: 0.000005
Epoch [47/100] | Loss: 1.2580 (Cls: 1.2545, TAL: 0.0000, Adv: 0.0867) | Train Acc: 0.9808 | Val Acc: 0.9043 | Val P/R/F1 (Macro): 0.7912/0.8131/0.7916 | LR: 0.000005
Epoch [48/100] | Loss: 1.2463 (Cls: 1.2439, TAL: 0.0000, Adv: 0.0590) | Train Acc: 0.9736 | Val Acc: 0.9217 | Val P/R/F1 (Macro): 0.8340/0.8284/0.8258 | LR: 0.000005
  >>> New Best Val Acc: 0.9217
Epoch [49/100] | Loss: 1.2157 (Cls: 1.2132, TAL: 0.0000, Adv: 0.0621) | Train Acc: 0.9856 | Val Acc: 0.9043 | Val P/R/F1 (Macro): 0.7947/0.8131/0.7965 | LR: 0.000005
Epoch [50/100] | Loss: 1.2288 (Cls: 1.2263, TAL: 0.0000, Adv: 0.0638) | Train Acc: 0.9784 | Val Acc: 0.9130 | Val P/R/F1 (Macro): 0.8109/0.8268/0.8130 | LR: 0.000005
Epoch [51/100] | Loss: 1.2219 (Cls: 1.2191, TAL: 0.0000, Adv: 0.0704) | Train Acc: 0.9760 | Val Acc: 0.8957 | Val P/R/F1 (Macro): 0.7897/0.8164/0.7944 | LR: 0.000005
Epoch [52/100] | Loss: 1.2234 (Cls: 1.2199, TAL: 0.0000, Adv: 0.0866) | Train Acc: 0.9904 | Val Acc: 0.9043 | Val P/R/F1 (Macro): 0.8158/0.8113/0.8050 | LR: 0.000005
Epoch [53/100] | Loss: 1.2368 (Cls: 1.2324, TAL: 0.0000, Adv: 0.1087) | Train Acc: 0.9760 | Val Acc: 0.8870 | Val P/R/F1 (Macro): 0.7814/0.7787/0.7711 | LR: 0.000005
Epoch [54/100] | Loss: 1.2227 (Cls: 1.2206, TAL: 0.0000, Adv: 0.0508) | Train Acc: 0.9784 | Val Acc: 0.8957 | Val P/R/F1 (Macro): 0.7936/0.8146/0.7949 | LR: 0.000005
Epoch [55/100] | Loss: 1.2020 (Cls: 1.2006, TAL: 0.0000, Adv: 0.0353) | Train Acc: 0.9832 | Val Acc: 0.9217 | Val P/R/F1 (Macro): 0.9232/0.8660/0.8700 | LR: 0.000005
Epoch [56/100] | Loss: 1.2003 (Cls: 1.1981, TAL: 0.0000, Adv: 0.0560) | Train Acc: 0.9928 | Val Acc: 0.9043 | Val P/R/F1 (Macro): 0.8025/0.8040/0.7982 | LR: 0.000005
Epoch [57/100] | Loss: 1.1981 (Cls: 1.1971, TAL: 0.0000, Adv: 0.0246) | Train Acc: 0.9976 | Val Acc: 0.8957 | Val P/R/F1 (Macro): 0.7986/0.8119/0.7980 | LR: 0.000005
Epoch [58/100] | Loss: 1.2064 (Cls: 1.2056, TAL: 0.0000, Adv: 0.0200) | Train Acc: 0.9832 | Val Acc: 0.9130 | Val P/R/F1 (Macro): 0.8105/0.8263/0.8129 | LR: 0.000005
Epoch [59/100] | Loss: 1.1848 (Cls: 1.1842, TAL: 0.0000, Adv: 0.0142) | Train Acc: 0.9952 | Val Acc: 0.8870 | Val P/R/F1 (Macro): 0.7922/0.7979/0.7835 | LR: 0.000003
Epoch [60/100] | Loss: 1.2174 (Cls: 1.2163, TAL: 0.0000, Adv: 0.0289) | Train Acc: 0.9952 | Val Acc: 0.8870 | Val P/R/F1 (Macro): 0.7910/0.7987/0.7816 | LR: 0.000003
Epoch [61/100] | Loss: 1.1783 (Cls: 1.1775, TAL: 0.0000, Adv: 0.0202) | Train Acc: 0.9976 | Val Acc: 0.9043 | Val P/R/F1 (Macro): 0.8045/0.8131/0.7979 | LR: 0.000003
Epoch [62/100] | Loss: 1.1903 (Cls: 1.1895, TAL: 0.0000, Adv: 0.0209) | Train Acc: 0.9904 | Val Acc: 0.8957 | Val P/R/F1 (Macro): 0.7946/0.8164/0.7972 | LR: 0.000003
Epoch [63/100] | Loss: 1.1707 (Cls: 1.1699, TAL: 0.0000, Adv: 0.0209) | Train Acc: 0.9976 | Val Acc: 0.9130 | Val P/R/F1 (Macro): 0.8045/0.8290/0.8097 | LR: 0.000003
Epoch [64/100] | Loss: 1.1761 (Cls: 1.1751, TAL: 0.0000, Adv: 0.0264) | Train Acc: 0.9880 | Val Acc: 0.9217 | Val P/R/F1 (Macro): 0.8121/0.8348/0.8176 | LR: 0.000003
Epoch [65/100] | Loss: 1.1639 (Cls: 1.1628, TAL: 0.0000, Adv: 0.0259) | Train Acc: 0.9976 | Val Acc: 0.9130 | Val P/R/F1 (Macro): 0.8037/0.8244/0.8078 | LR: 0.000003
Epoch [66/100] | Loss: 1.1845 (Cls: 1.1839, TAL: 0.0000, Adv: 0.0159) | Train Acc: 0.9832 | Val Acc: 0.8696 | Val P/R/F1 (Macro): 0.7819/0.7962/0.7770 | LR: 0.000003
Epoch [67/100] | Loss: 1.1753 (Cls: 1.1740, TAL: 0.0000, Adv: 0.0336) | Train Acc: 0.9928 | Val Acc: 0.9043 | Val P/R/F1 (Macro): 0.7981/0.8231/0.8020 | LR: 0.000003
Epoch [68/100] | Loss: 1.1775 (Cls: 1.1768, TAL: 0.0000, Adv: 0.0167) | Train Acc: 0.9976 | Val Acc: 0.9043 | Val P/R/F1 (Macro): 0.8002/0.8204/0.8027 | LR: 0.000003
Epoch [69/100] | Loss: 1.1791 (Cls: 1.1785, TAL: 0.0000, Adv: 0.0148) | Train Acc: 0.9928 | Val Acc: 0.8870 | Val P/R/F1 (Macro): 0.8028/0.7714/0.7716 | LR: 0.000003
Epoch [70/100] | Loss: 1.1642 (Cls: 1.1639, TAL: 0.0000, Adv: 0.0075) | Train Acc: 0.9928 | Val Acc: 0.9043 | Val P/R/F1 (Macro): 0.8020/0.8177/0.8040 | LR: 0.000001
Epoch [71/100] | Loss: 1.1664 (Cls: 1.1658, TAL: 0.0000, Adv: 0.0160) | Train Acc: 0.9976 | Val Acc: 0.9130 | Val P/R/F1 (Macro): 0.7991/0.8107/0.7980 | LR: 0.000001
Epoch [72/100] | Loss: 1.1629 (Cls: 1.1621, TAL: 0.0000, Adv: 0.0200) | Train Acc: 0.9952 | Val Acc: 0.9217 | Val P/R/F1 (Macro): 0.8121/0.8302/0.8153 | LR: 0.000001
Epoch [73/100] | Loss: 1.1626 (Cls: 1.1618, TAL: 0.0000, Adv: 0.0196) | Train Acc: 0.9904 | Val Acc: 0.9130 | Val P/R/F1 (Macro): 0.8105/0.8217/0.8106 | LR: 0.000001
Epoch [74/100] | Loss: 1.1502 (Cls: 1.1500, TAL: 0.0000, Adv: 0.0065) | Train Acc: 1.0000 | Val Acc: 0.9304 | Val P/R/F1 (Macro): 0.8306/0.8342/0.8274 | LR: 0.000001
  >>> New Best Val Acc: 0.9304
Epoch [75/100] | Loss: 1.1634 (Cls: 1.1631, TAL: 0.0000, Adv: 0.0058) | Train Acc: 0.9952 | Val Acc: 0.9043 | Val P/R/F1 (Macro): 0.8105/0.8058/0.7988 | LR: 0.000001
Epoch [76/100] | Loss: 1.1600 (Cls: 1.1596, TAL: 0.0000, Adv: 0.0103) | Train Acc: 0.9952 | Val Acc: 0.8957 | Val P/R/F1 (Macro): 0.7909/0.7699/0.7692 | LR: 0.000001
Epoch [77/100] | Loss: 1.1533 (Cls: 1.1530, TAL: 0.0000, Adv: 0.0070) | Train Acc: 0.9976 | Val Acc: 0.8870 | Val P/R/F1 (Macro): 0.7949/0.7896/0.7859 | LR: 0.000001
Epoch [78/100] | Loss: 1.1538 (Cls: 1.1533, TAL: 0.0000, Adv: 0.0119) | Train Acc: 0.9952 | Val Acc: 0.9130 | Val P/R/F1 (Macro): 0.8040/0.8080/0.8008 | LR: 0.000001
Epoch [79/100] | Loss: 1.1784 (Cls: 1.1780, TAL: 0.0000, Adv: 0.0090) | Train Acc: 0.9928 | Val Acc: 0.8957 | Val P/R/F1 (Macro): 0.7880/0.7973/0.7792 | LR: 0.000001
Epoch [80/100] | Loss: 1.1609 (Cls: 1.1607, TAL: 0.0000, Adv: 0.0047) | Train Acc: 1.0000 | Val Acc: 0.9217 | Val P/R/F1 (Macro): 0.8152/0.8302/0.8177 | LR: 0.000001
Epoch [81/100] | Loss: 1.1466 (Cls: 1.1459, TAL: 0.0000, Adv: 0.0159) | Train Acc: 0.9928 | Val Acc: 0.9130 | Val P/R/F1 (Macro): 0.8029/0.8217/0.8058 | LR: 0.000001
Epoch [82/100] | Loss: 1.1492 (Cls: 1.1489, TAL: 0.0000, Adv: 0.0088) | Train Acc: 0.9952 | Val Acc: 0.8870 | Val P/R/F1 (Macro): 0.7815/0.7896/0.7769 | LR: 0.000001
Epoch [83/100] | Loss: 1.1472 (Cls: 1.1471, TAL: 0.0000, Adv: 0.0032) | Train Acc: 0.9952 | Val Acc: 0.9043 | Val P/R/F1 (Macro): 0.7944/0.8086/0.7942 | LR: 0.000001
Epoch [84/100] | Loss: 1.1520 (Cls: 1.1517, TAL: 0.0000, Adv: 0.0062) | Train Acc: 0.9952 | Val Acc: 0.8957 | Val P/R/F1 (Macro): 0.7829/0.7772/0.7720 | LR: 0.000001
Epoch [85/100] | Loss: 1.1565 (Cls: 1.1562, TAL: 0.0000, Adv: 0.0064) | Train Acc: 0.9976 | Val Acc: 0.9130 | Val P/R/F1 (Macro): 0.8094/0.8263/0.8124 | LR: 0.000001
Epoch [86/100] | Loss: 1.1548 (Cls: 1.1547, TAL: 0.0000, Adv: 0.0029) | Train Acc: 0.9976 | Val Acc: 0.9043 | Val P/R/F1 (Macro): 0.7921/0.8040/0.7905 | LR: 0.000001
Epoch [87/100] | Loss: 1.1633 (Cls: 1.1631, TAL: 0.0000, Adv: 0.0041) | Train Acc: 0.9928 | Val Acc: 0.9130 | Val P/R/F1 (Macro): 0.8040/0.8080/0.8008 | LR: 0.000001
Epoch [88/100] | Loss: 1.1499 (Cls: 1.1496, TAL: 0.0000, Adv: 0.0061) | Train Acc: 0.9928 | Val Acc: 0.8957 | Val P/R/F1 (Macro): 0.7829/0.7772/0.7720 | LR: 0.000001
Epoch [89/100] | Loss: 1.1485 (Cls: 1.1482, TAL: 0.0000, Adv: 0.0077) | Train Acc: 0.9904 | Val Acc: 0.9217 | Val P/R/F1 (Macro): 0.8121/0.8302/0.8153 | LR: 0.000001
Epoch [90/100] | Loss: 1.1584 (Cls: 1.1577, TAL: 0.0000, Adv: 0.0174) | Train Acc: 0.9952 | Val Acc: 0.9130 | Val P/R/F1 (Macro): 0.8065/0.8263/0.8099 | LR: 0.000001
Epoch [91/100] | Loss: 1.1565 (Cls: 1.1560, TAL: 0.0000, Adv: 0.0121) | Train Acc: 0.9976 | Val Acc: 0.9217 | Val P/R/F1 (Macro): 0.8056/0.8166/0.8055 | LR: 0.000001
Epoch [92/100] | Loss: 1.1480 (Cls: 1.1479, TAL: 0.0000, Adv: 0.0018) | Train Acc: 0.9976 | Val Acc: 0.9043 | Val P/R/F1 (Macro): 0.7897/0.8131/0.7926 | LR: 0.000001
Epoch [93/100] | Loss: 1.1554 (Cls: 1.1552, TAL: 0.0000, Adv: 0.0068) | Train Acc: 0.9928 | Val Acc: 0.9217 | Val P/R/F1 (Macro): 0.8121/0.8302/0.8153 | LR: 0.000001
Epoch [94/100] | Loss: 1.1586 (Cls: 1.1581, TAL: 0.0000, Adv: 0.0105) | Train Acc: 0.9952 | Val Acc: 0.9217 | Val P/R/F1 (Macro): 0.9283/0.8587/0.8696 | LR: 0.000001
Epoch [95/100] | Loss: 1.1409 (Cls: 1.1406, TAL: 0.0000, Adv: 0.0098) | Train Acc: 1.0000 | Val Acc: 0.9217 | Val P/R/F1 (Macro): 0.8121/0.8302/0.8153 | LR: 0.000001
Epoch [96/100] | Loss: 1.1610 (Cls: 1.1606, TAL: 0.0000, Adv: 0.0089) | Train Acc: 1.0000 | Val Acc: 0.9043 | Val P/R/F1 (Macro): 0.9032/0.8143/0.8334 | LR: 0.000001
Epoch [97/100] | Loss: 1.1342 (Cls: 1.1340, TAL: 0.0000, Adv: 0.0030) | Train Acc: 0.9976 | Val Acc: 0.9217 | Val P/R/F1 (Macro): 0.8152/0.8302/0.8177 | LR: 0.000001
Epoch [98/100] | Loss: 1.1539 (Cls: 1.1537, TAL: 0.0000, Adv: 0.0059) | Train Acc: 0.9952 | Val Acc: 0.9217 | Val P/R/F1 (Macro): 0.8056/0.8166/0.8055 | LR: 0.000001
Epoch [99/100] | Loss: 1.1623 (Cls: 1.1616, TAL: 0.0000, Adv: 0.0173) | Train Acc: 0.9976 | Val Acc: 0.9043 | Val P/R/F1 (Macro): 0.7973/0.8131/0.7973 | LR: 0.000001
Epoch [100/100] | Loss: 1.1562 (Cls: 1.1560, TAL: 0.0000, Adv: 0.0043) | Train Acc: 0.9952 | Val Acc: 0.9130 | Val P/R/F1 (Macro): 0.8000/0.8107/0.7991 | LR: 0.000001
Report strategy: last_window, window=10, reported_acc=0.9157, best_acc=0.9304

迭代 5 报告指标:
  Accuracy: 0.9157
  Precision (Macro): 0.8269
  Recall (Macro): 0.8234
  F1 (Macro): 0.8151
  Precision (Micro): 0.9157
  Recall (Micro): 0.9157
  F1 (Micro): 0.9157
  Val class coverage: 9/14 (0.6429), samples=115

================================================================================
5次迭代统计结果
================================================================================

accuracy:
  各迭代值: ['0.8713', '0.9148', '0.8930', '0.9000', '0.9157']
  均值 (Mean): 0.8990
  标准差 (Std): 0.0163

precision_macro:
  各迭代值: ['0.8959', '0.9424', '0.7992', '0.8081', '0.8269']
  均值 (Mean): 0.8545
  标准差 (Std): 0.0555

recall_macro:
  各迭代值: ['0.7776', '0.8287', '0.7868', '0.7695', '0.8234']
  均值 (Mean): 0.7972
  标准差 (Std): 0.0242

f1_macro:
  各迭代值: ['0.8065', '0.8550', '0.7842', '0.7753', '0.8151']
  均值 (Mean): 0.8072
  标准差 (Std): 0.0279

precision_micro:
  各迭代值: ['0.8713', '0.9148', '0.8930', '0.9000', '0.9157']
  均值 (Mean): 0.8990
  标准差 (Std): 0.0163

recall_micro:
  各迭代值: ['0.8713', '0.9148', '0.8930', '0.9000', '0.9157']
  均值 (Mean): 0.8990
  标准差 (Std): 0.0163

f1_micro:
  各迭代值: ['0.8713', '0.9148', '0.8930', '0.9000', '0.9157']
  均值 (Mean): 0.8990
  标准差 (Std): 0.0163

val_class_coverage:
  各迭代值: ['0.6429', '0.6429', '0.6429', '0.6429', '0.6429']
  均值 (Mean): 0.6429
  标准差 (Std): 0.0000

val_present_classes:
  各迭代值: ['9.0000', '9.0000', '9.0000', '9.0000', '9.0000']
  均值 (Mean): 9.0000
  标准差 (Std): 0.0000

val_total_classes:
  各迭代值: ['14.0000', '14.0000', '14.0000', '14.0000', '14.0000']
  均值 (Mean): 14.0000
  标准差 (Std): 0.0000

val_samples:
  各迭代值: ['115.0000', '115.0000', '115.0000', '115.0000', '115.0000']
  均值 (Mean): 115.0000
  标准差 (Std): 0.0000

训练结束时间: 2026-07-14 21:18:04
================================================================================

[Batch 1/1] w/o Tensor + w/o OT, target=雾天

================================================================================
模块消融实验完成，结果汇总:
================================================================================
01. w/o Tensor + w/o OT | target=雾天 | Accuracy: 0.8990 ± 0.0163
================================================================================
