================================================================================
单模态消融实验 - AIS
目标域天气: 黑天
训练开始时间: 2026-07-17 17:22:03
设备: cuda
模态: ais
AIS数据路径: /home/lixiang/lx/Data/AIS/balanced_AIS-dataset_16classes_100persample.mat
AIS架构: mlp
批次大小: 32
总轮数: 1
迭代次数: 1
特征维度: 512
域适应: 禁用
报告策略: last_window, 窗口: 10
对抗损失权重: 0.08
================================================================================

================================================================================
迭代 1/1
随机种子: 42
================================================================================
Training mode: unpaired target adaptation with controlled target-label loss (ratio=0.35, weight=0.50).
Fixed labeled target subset: 440/1257 samples.
Epoch [1/1] | Loss: 4.5519 (Cls: 4.5519) | Train Acc: 0.0657 | Val Acc: 0.0921 | Val P/R/F1 (Macro): 0.0541/0.0950/0.0584 | LR: 0.000010
  >>> New Best Val Acc: 0.0921
Report strategy: last_window, window=10, reported_acc=0.0921, best_acc=0.0921

迭代 1 报告指标:
  Accuracy: 0.0921
  Precision (Macro): 0.0541
  Recall (Macro): 0.0950
  F1 (Macro): 0.0584
  Precision (Micro): 0.0921
  Recall (Micro): 0.0921
  F1 (Micro): 0.0921
  Val class coverage: 16/16 (1.0000), samples=315

================================================================================
1次迭代统计结果
================================================================================

accuracy:
  各迭代值: ['0.0921']
  均值 (Mean): 0.0921
  标准差 (Std): 0.0000

precision_macro:
  各迭代值: ['0.0541']
  均值 (Mean): 0.0541
  标准差 (Std): 0.0000

recall_macro:
  各迭代值: ['0.0950']
  均值 (Mean): 0.0950
  标准差 (Std): 0.0000

f1_macro:
  各迭代值: ['0.0584']
  均值 (Mean): 0.0584
  标准差 (Std): 0.0000

precision_micro:
  各迭代值: ['0.0921']
  均值 (Mean): 0.0921
  标准差 (Std): 0.0000

recall_micro:
  各迭代值: ['0.0921']
  均值 (Mean): 0.0921
  标准差 (Std): 0.0000

f1_micro:
  各迭代值: ['0.0921']
  均值 (Mean): 0.0921
  标准差 (Std): 0.0000

val_class_coverage:
  各迭代值: ['1.0000']
  均值 (Mean): 1.0000
  标准差 (Std): 0.0000

val_present_classes:
  各迭代值: ['16.0000']
  均值 (Mean): 16.0000
  标准差 (Std): 0.0000

val_total_classes:
  各迭代值: ['16.0000']
  均值 (Mean): 16.0000
  标准差 (Std): 0.0000

val_samples:
  各迭代值: ['315.0000']
  均值 (Mean): 315.0000
  标准差 (Std): 0.0000

训练结束时间: 2026-07-17 17:22:07
================================================================================
