================================================================================
单模态消融实验 - AIS
目标域天气: 黑天
训练开始时间: 2026-07-17 17:39:39
设备: cuda
模态: ais
AIS数据路径: /home/lixiang/lx/Data/AIS/balanced_AIS-dataset_16classes_100persample.mat
AIS架构: mlp
批次大小: 32
总轮数: 100
迭代次数: 5
特征维度: 512
域适应: 禁用
报告策略: last_window, 窗口: 10
对抗损失权重: 0.0
================================================================================

================================================================================
迭代 1/5
随机种子: 42
================================================================================
Training mode: unpaired target adaptation with controlled target-label loss (ratio=0.75, weight=1.10).
Fixed labeled target subset: 943/1257 samples.
Epoch [1/100] | Loss: 6.3805 (Cls: 6.3805) | Train Acc: 0.0777 | Val Acc: 0.1016 | Val P/R/F1 (Macro): 0.0675/0.1003/0.0719 | LR: 0.000050
  >>> New Best Val Acc: 0.1016
Epoch [2/100] | Loss: 5.8466 (Cls: 5.8466) | Train Acc: 0.1066 | Val Acc: 0.1048 | Val P/R/F1 (Macro): 0.1230/0.1029/0.0921 | LR: 0.000050
  >>> New Best Val Acc: 0.1048
Epoch [3/100] | Loss: 5.5955 (Cls: 5.5955) | Train Acc: 0.1611 | Val Acc: 0.0952 | Val P/R/F1 (Macro): 0.0835/0.0919/0.0719 | LR: 0.000050
Epoch [4/100] | Loss: 5.2152 (Cls: 5.2152) | Train Acc: 0.2436 | Val Acc: 0.1302 | Val P/R/F1 (Macro): 0.1604/0.1293/0.1115 | LR: 0.000050
  >>> New Best Val Acc: 0.1302
Epoch [5/100] | Loss: 4.7396 (Cls: 4.7396) | Train Acc: 0.3269 | Val Acc: 0.1397 | Val P/R/F1 (Macro): 0.1838/0.1353/0.1297 | LR: 0.000050
  >>> New Best Val Acc: 0.1397
Epoch [6/100] | Loss: 4.1448 (Cls: 4.1448) | Train Acc: 0.4271 | Val Acc: 0.1397 | Val P/R/F1 (Macro): 0.1796/0.1397/0.1389 | LR: 0.000050
Epoch [7/100] | Loss: 3.6690 (Cls: 3.6690) | Train Acc: 0.5385 | Val Acc: 0.1524 | Val P/R/F1 (Macro): 0.1484/0.1517/0.1388 | LR: 0.000050
  >>> New Best Val Acc: 0.1524
Epoch [8/100] | Loss: 3.2547 (Cls: 3.2547) | Train Acc: 0.6074 | Val Acc: 0.1429 | Val P/R/F1 (Macro): 0.1727/0.1391/0.1430 | LR: 0.000050
Epoch [9/100] | Loss: 2.8859 (Cls: 2.8859) | Train Acc: 0.6522 | Val Acc: 0.1746 | Val P/R/F1 (Macro): 0.1843/0.1742/0.1717 | LR: 0.000050
  >>> New Best Val Acc: 0.1746
Epoch [10/100] | Loss: 2.6111 (Cls: 2.6111) | Train Acc: 0.7532 | Val Acc: 0.1492 | Val P/R/F1 (Macro): 0.1610/0.1481/0.1394 | LR: 0.000050
Epoch [11/100] | Loss: 2.3610 (Cls: 2.3610) | Train Acc: 0.7901 | Val Acc: 0.1587 | Val P/R/F1 (Macro): 0.1860/0.1608/0.1579 | LR: 0.000050
Epoch [12/100] | Loss: 2.2628 (Cls: 2.2628) | Train Acc: 0.8101 | Val Acc: 0.1460 | Val P/R/F1 (Macro): 0.1477/0.1484/0.1380 | LR: 0.000050
Epoch [13/100] | Loss: 2.0692 (Cls: 2.0692) | Train Acc: 0.8502 | Val Acc: 0.1492 | Val P/R/F1 (Macro): 0.1656/0.1477/0.1495 | LR: 0.000050
Epoch [14/100] | Loss: 2.0009 (Cls: 2.0009) | Train Acc: 0.8886 | Val Acc: 0.1524 | Val P/R/F1 (Macro): 0.1701/0.1500/0.1493 | LR: 0.000050
Epoch [15/100] | Loss: 1.9231 (Cls: 1.9231) | Train Acc: 0.8838 | Val Acc: 0.1905 | Val P/R/F1 (Macro): 0.1941/0.1865/0.1797 | LR: 0.000050
  >>> New Best Val Acc: 0.1905
Epoch [16/100] | Loss: 1.9069 (Cls: 1.9069) | Train Acc: 0.8886 | Val Acc: 0.1556 | Val P/R/F1 (Macro): 0.1757/0.1517/0.1553 | LR: 0.000050
Epoch [17/100] | Loss: 1.8390 (Cls: 1.8390) | Train Acc: 0.8998 | Val Acc: 0.1714 | Val P/R/F1 (Macro): 0.1823/0.1698/0.1694 | LR: 0.000050
Epoch [18/100] | Loss: 1.7893 (Cls: 1.7893) | Train Acc: 0.9183 | Val Acc: 0.1714 | Val P/R/F1 (Macro): 0.1817/0.1664/0.1645 | LR: 0.000050
Epoch [19/100] | Loss: 1.7522 (Cls: 1.7522) | Train Acc: 0.9159 | Val Acc: 0.1714 | Val P/R/F1 (Macro): 0.1865/0.1662/0.1651 | LR: 0.000050
Epoch [20/100] | Loss: 1.6620 (Cls: 1.6620) | Train Acc: 0.9471 | Val Acc: 0.1651 | Val P/R/F1 (Macro): 0.1813/0.1636/0.1607 | LR: 0.000050
Epoch [21/100] | Loss: 1.6588 (Cls: 1.6588) | Train Acc: 0.9399 | Val Acc: 0.1651 | Val P/R/F1 (Macro): 0.1773/0.1616/0.1598 | LR: 0.000050
Epoch [22/100] | Loss: 1.6007 (Cls: 1.6007) | Train Acc: 0.9519 | Val Acc: 0.1683 | Val P/R/F1 (Macro): 0.1710/0.1670/0.1600 | LR: 0.000050
Epoch [23/100] | Loss: 1.5911 (Cls: 1.5911) | Train Acc: 0.9559 | Val Acc: 0.1587 | Val P/R/F1 (Macro): 0.1650/0.1545/0.1518 | LR: 0.000050
Epoch [24/100] | Loss: 1.5680 (Cls: 1.5680) | Train Acc: 0.9647 | Val Acc: 0.1810 | Val P/R/F1 (Macro): 0.1799/0.1787/0.1699 | LR: 0.000050
Epoch [25/100] | Loss: 1.5213 (Cls: 1.5213) | Train Acc: 0.9647 | Val Acc: 0.1587 | Val P/R/F1 (Macro): 0.1730/0.1584/0.1555 | LR: 0.000050
Epoch [26/100] | Loss: 1.5373 (Cls: 1.5373) | Train Acc: 0.9599 | Val Acc: 0.1683 | Val P/R/F1 (Macro): 0.1765/0.1684/0.1640 | LR: 0.000025
Epoch [27/100] | Loss: 1.5007 (Cls: 1.5007) | Train Acc: 0.9688 | Val Acc: 0.1683 | Val P/R/F1 (Macro): 0.1803/0.1647/0.1568 | LR: 0.000025
Epoch [28/100] | Loss: 1.4656 (Cls: 1.4656) | Train Acc: 0.9704 | Val Acc: 0.1873 | Val P/R/F1 (Macro): 0.1914/0.1866/0.1798 | LR: 0.000025
Epoch [29/100] | Loss: 1.4794 (Cls: 1.4794) | Train Acc: 0.9712 | Val Acc: 0.1810 | Val P/R/F1 (Macro): 0.1987/0.1795/0.1756 | LR: 0.000025
Epoch [30/100] | Loss: 1.4815 (Cls: 1.4815) | Train Acc: 0.9736 | Val Acc: 0.1746 | Val P/R/F1 (Macro): 0.2006/0.1758/0.1733 | LR: 0.000025
Epoch [31/100] | Loss: 1.4445 (Cls: 1.4445) | Train Acc: 0.9832 | Val Acc: 0.1714 | Val P/R/F1 (Macro): 0.1801/0.1733/0.1643 | LR: 0.000025
Epoch [32/100] | Loss: 1.4317 (Cls: 1.4317) | Train Acc: 0.9800 | Val Acc: 0.1746 | Val P/R/F1 (Macro): 0.1841/0.1749/0.1698 | LR: 0.000025
Epoch [33/100] | Loss: 1.4224 (Cls: 1.4224) | Train Acc: 0.9808 | Val Acc: 0.1746 | Val P/R/F1 (Macro): 0.2019/0.1751/0.1698 | LR: 0.000025
Epoch [34/100] | Loss: 1.4143 (Cls: 1.4143) | Train Acc: 0.9808 | Val Acc: 0.1651 | Val P/R/F1 (Macro): 0.1752/0.1655/0.1595 | LR: 0.000025
Epoch [35/100] | Loss: 1.3931 (Cls: 1.3931) | Train Acc: 0.9856 | Val Acc: 0.1778 | Val P/R/F1 (Macro): 0.1848/0.1806/0.1739 | LR: 0.000025
Epoch [36/100] | Loss: 1.4037 (Cls: 1.4037) | Train Acc: 0.9856 | Val Acc: 0.1556 | Val P/R/F1 (Macro): 0.1784/0.1570/0.1538 | LR: 0.000025
Epoch [37/100] | Loss: 1.4062 (Cls: 1.4062) | Train Acc: 0.9872 | Val Acc: 0.1587 | Val P/R/F1 (Macro): 0.1769/0.1614/0.1583 | LR: 0.000013
Epoch [38/100] | Loss: 1.3749 (Cls: 1.3749) | Train Acc: 0.9848 | Val Acc: 0.1746 | Val P/R/F1 (Macro): 0.1865/0.1784/0.1721 | LR: 0.000013
Epoch [39/100] | Loss: 1.3879 (Cls: 1.3879) | Train Acc: 0.9832 | Val Acc: 0.1683 | Val P/R/F1 (Macro): 0.1909/0.1699/0.1648 | LR: 0.000013
Epoch [40/100] | Loss: 1.3595 (Cls: 1.3595) | Train Acc: 0.9904 | Val Acc: 0.1683 | Val P/R/F1 (Macro): 0.1758/0.1729/0.1624 | LR: 0.000013
Epoch [41/100] | Loss: 1.3842 (Cls: 1.3842) | Train Acc: 0.9856 | Val Acc: 0.1810 | Val P/R/F1 (Macro): 0.1748/0.1844/0.1705 | LR: 0.000013
Epoch [42/100] | Loss: 1.3875 (Cls: 1.3875) | Train Acc: 0.9832 | Val Acc: 0.1619 | Val P/R/F1 (Macro): 0.1781/0.1666/0.1576 | LR: 0.000013
Epoch [43/100] | Loss: 1.3620 (Cls: 1.3620) | Train Acc: 0.9912 | Val Acc: 0.1619 | Val P/R/F1 (Macro): 0.1808/0.1648/0.1569 | LR: 0.000013
Epoch [44/100] | Loss: 1.3658 (Cls: 1.3658) | Train Acc: 0.9912 | Val Acc: 0.1651 | Val P/R/F1 (Macro): 0.1771/0.1689/0.1612 | LR: 0.000013
Epoch [45/100] | Loss: 1.3604 (Cls: 1.3604) | Train Acc: 0.9864 | Val Acc: 0.1651 | Val P/R/F1 (Macro): 0.1767/0.1690/0.1598 | LR: 0.000013
Epoch [46/100] | Loss: 1.3554 (Cls: 1.3554) | Train Acc: 0.9896 | Val Acc: 0.1810 | Val P/R/F1 (Macro): 0.1824/0.1827/0.1756 | LR: 0.000013
Epoch [47/100] | Loss: 1.3513 (Cls: 1.3513) | Train Acc: 0.9880 | Val Acc: 0.1810 | Val P/R/F1 (Macro): 0.2018/0.1828/0.1794 | LR: 0.000013
Epoch [48/100] | Loss: 1.3556 (Cls: 1.3556) | Train Acc: 0.9880 | Val Acc: 0.1746 | Val P/R/F1 (Macro): 0.1766/0.1787/0.1655 | LR: 0.000006
Epoch [49/100] | Loss: 1.3576 (Cls: 1.3576) | Train Acc: 0.9872 | Val Acc: 0.1619 | Val P/R/F1 (Macro): 0.1924/0.1655/0.1597 | LR: 0.000006
Epoch [50/100] | Loss: 1.3530 (Cls: 1.3530) | Train Acc: 0.9856 | Val Acc: 0.1651 | Val P/R/F1 (Macro): 0.1745/0.1685/0.1615 | LR: 0.000006
Epoch [51/100] | Loss: 1.3625 (Cls: 1.3625) | Train Acc: 0.9840 | Val Acc: 0.1714 | Val P/R/F1 (Macro): 0.1873/0.1745/0.1683 | LR: 0.000006
Epoch [52/100] | Loss: 1.3572 (Cls: 1.3572) | Train Acc: 0.9864 | Val Acc: 0.1651 | Val P/R/F1 (Macro): 0.1819/0.1690/0.1610 | LR: 0.000006
Epoch [53/100] | Loss: 1.3558 (Cls: 1.3558) | Train Acc: 0.9832 | Val Acc: 0.1524 | Val P/R/F1 (Macro): 0.1767/0.1565/0.1510 | LR: 0.000006
Epoch [54/100] | Loss: 1.3523 (Cls: 1.3523) | Train Acc: 0.9880 | Val Acc: 0.1683 | Val P/R/F1 (Macro): 0.1829/0.1719/0.1620 | LR: 0.000006
Epoch [55/100] | Loss: 1.3433 (Cls: 1.3433) | Train Acc: 0.9888 | Val Acc: 0.1746 | Val P/R/F1 (Macro): 0.1820/0.1753/0.1681 | LR: 0.000006
Epoch [56/100] | Loss: 1.3525 (Cls: 1.3525) | Train Acc: 0.9856 | Val Acc: 0.1587 | Val P/R/F1 (Macro): 0.1623/0.1622/0.1507 | LR: 0.000006
Epoch [57/100] | Loss: 1.3496 (Cls: 1.3496) | Train Acc: 0.9896 | Val Acc: 0.1714 | Val P/R/F1 (Macro): 0.1778/0.1748/0.1651 | LR: 0.000006
Epoch [58/100] | Loss: 1.3382 (Cls: 1.3382) | Train Acc: 0.9904 | Val Acc: 0.1492 | Val P/R/F1 (Macro): 0.1599/0.1534/0.1461 | LR: 0.000006
Epoch [59/100] | Loss: 1.3321 (Cls: 1.3321) | Train Acc: 0.9888 | Val Acc: 0.1556 | Val P/R/F1 (Macro): 0.1844/0.1582/0.1536 | LR: 0.000003
Epoch [60/100] | Loss: 1.3363 (Cls: 1.3363) | Train Acc: 0.9904 | Val Acc: 0.1683 | Val P/R/F1 (Macro): 0.1838/0.1708/0.1625 | LR: 0.000003
Epoch [61/100] | Loss: 1.3571 (Cls: 1.3571) | Train Acc: 0.9848 | Val Acc: 0.1778 | Val P/R/F1 (Macro): 0.1877/0.1802/0.1738 | LR: 0.000003
Epoch [62/100] | Loss: 1.3475 (Cls: 1.3475) | Train Acc: 0.9872 | Val Acc: 0.1746 | Val P/R/F1 (Macro): 0.1884/0.1766/0.1674 | LR: 0.000003
Epoch [63/100] | Loss: 1.3392 (Cls: 1.3392) | Train Acc: 0.9872 | Val Acc: 0.1683 | Val P/R/F1 (Macro): 0.1730/0.1715/0.1599 | LR: 0.000003
Epoch [64/100] | Loss: 1.3506 (Cls: 1.3506) | Train Acc: 0.9864 | Val Acc: 0.1619 | Val P/R/F1 (Macro): 0.1897/0.1655/0.1577 | LR: 0.000003
Epoch [65/100] | Loss: 1.3431 (Cls: 1.3431) | Train Acc: 0.9904 | Val Acc: 0.1714 | Val P/R/F1 (Macro): 0.1827/0.1757/0.1624 | LR: 0.000003
Epoch [66/100] | Loss: 1.3219 (Cls: 1.3219) | Train Acc: 0.9936 | Val Acc: 0.1714 | Val P/R/F1 (Macro): 0.1813/0.1740/0.1639 | LR: 0.000003
Epoch [67/100] | Loss: 1.3366 (Cls: 1.3366) | Train Acc: 0.9896 | Val Acc: 0.1683 | Val P/R/F1 (Macro): 0.1783/0.1729/0.1602 | LR: 0.000003
Epoch [68/100] | Loss: 1.3403 (Cls: 1.3403) | Train Acc: 0.9864 | Val Acc: 0.1683 | Val P/R/F1 (Macro): 0.1832/0.1715/0.1654 | LR: 0.000003
Epoch [69/100] | Loss: 1.3242 (Cls: 1.3242) | Train Acc: 0.9936 | Val Acc: 0.1556 | Val P/R/F1 (Macro): 0.1801/0.1578/0.1486 | LR: 0.000003
Epoch [70/100] | Loss: 1.3398 (Cls: 1.3398) | Train Acc: 0.9856 | Val Acc: 0.1683 | Val P/R/F1 (Macro): 0.1913/0.1699/0.1654 | LR: 0.000002
Epoch [71/100] | Loss: 1.3308 (Cls: 1.3308) | Train Acc: 0.9872 | Val Acc: 0.1746 | Val P/R/F1 (Macro): 0.1793/0.1793/0.1675 | LR: 0.000002
Epoch [72/100] | Loss: 1.3254 (Cls: 1.3254) | Train Acc: 0.9912 | Val Acc: 0.1714 | Val P/R/F1 (Macro): 0.1857/0.1719/0.1660 | LR: 0.000002
Epoch [73/100] | Loss: 1.3330 (Cls: 1.3330) | Train Acc: 0.9904 | Val Acc: 0.1651 | Val P/R/F1 (Macro): 0.1808/0.1665/0.1584 | LR: 0.000002
Epoch [74/100] | Loss: 1.3315 (Cls: 1.3315) | Train Acc: 0.9848 | Val Acc: 0.1683 | Val P/R/F1 (Macro): 0.1837/0.1719/0.1643 | LR: 0.000002
Epoch [75/100] | Loss: 1.3348 (Cls: 1.3348) | Train Acc: 0.9904 | Val Acc: 0.1683 | Val P/R/F1 (Macro): 0.1852/0.1714/0.1581 | LR: 0.000002
Epoch [76/100] | Loss: 1.3248 (Cls: 1.3248) | Train Acc: 0.9928 | Val Acc: 0.1587 | Val P/R/F1 (Macro): 0.1906/0.1629/0.1570 | LR: 0.000002
Epoch [77/100] | Loss: 1.3322 (Cls: 1.3322) | Train Acc: 0.9920 | Val Acc: 0.1619 | Val P/R/F1 (Macro): 0.1769/0.1665/0.1595 | LR: 0.000002
Epoch [78/100] | Loss: 1.3275 (Cls: 1.3275) | Train Acc: 0.9896 | Val Acc: 0.1651 | Val P/R/F1 (Macro): 0.1954/0.1679/0.1631 | LR: 0.000002
Epoch [79/100] | Loss: 1.3220 (Cls: 1.3220) | Train Acc: 0.9936 | Val Acc: 0.1651 | Val P/R/F1 (Macro): 0.1839/0.1661/0.1609 | LR: 0.000002
Epoch [80/100] | Loss: 1.3326 (Cls: 1.3326) | Train Acc: 0.9904 | Val Acc: 0.1651 | Val P/R/F1 (Macro): 0.1870/0.1670/0.1611 | LR: 0.000002
Epoch [81/100] | Loss: 1.3309 (Cls: 1.3309) | Train Acc: 0.9872 | Val Acc: 0.1714 | Val P/R/F1 (Macro): 0.1949/0.1743/0.1692 | LR: 0.000001
Epoch [82/100] | Loss: 1.3388 (Cls: 1.3388) | Train Acc: 0.9920 | Val Acc: 0.1556 | Val P/R/F1 (Macro): 0.1936/0.1581/0.1553 | LR: 0.000001
Epoch [83/100] | Loss: 1.3304 (Cls: 1.3304) | Train Acc: 0.9872 | Val Acc: 0.1651 | Val P/R/F1 (Macro): 0.1796/0.1674/0.1626 | LR: 0.000001
Epoch [84/100] | Loss: 1.3357 (Cls: 1.3357) | Train Acc: 0.9896 | Val Acc: 0.1746 | Val P/R/F1 (Macro): 0.1917/0.1757/0.1708 | LR: 0.000001
Epoch [85/100] | Loss: 1.3202 (Cls: 1.3202) | Train Acc: 0.9912 | Val Acc: 0.1714 | Val P/R/F1 (Macro): 0.1931/0.1751/0.1678 | LR: 0.000001
Epoch [86/100] | Loss: 1.3278 (Cls: 1.3278) | Train Acc: 0.9856 | Val Acc: 0.1746 | Val P/R/F1 (Macro): 0.2065/0.1767/0.1720 | LR: 0.000001
Epoch [87/100] | Loss: 1.3220 (Cls: 1.3220) | Train Acc: 0.9928 | Val Acc: 0.1683 | Val P/R/F1 (Macro): 0.1673/0.1707/0.1583 | LR: 0.000001
Epoch [88/100] | Loss: 1.3229 (Cls: 1.3229) | Train Acc: 0.9928 | Val Acc: 0.1651 | Val P/R/F1 (Macro): 0.2021/0.1680/0.1637 | LR: 0.000001
Epoch [89/100] | Loss: 1.3190 (Cls: 1.3190) | Train Acc: 0.9928 | Val Acc: 0.1619 | Val P/R/F1 (Macro): 0.1877/0.1631/0.1585 | LR: 0.000001
Epoch [90/100] | Loss: 1.3115 (Cls: 1.3115) | Train Acc: 0.9920 | Val Acc: 0.1714 | Val P/R/F1 (Macro): 0.1732/0.1749/0.1651 | LR: 0.000001
Epoch [91/100] | Loss: 1.3392 (Cls: 1.3392) | Train Acc: 0.9832 | Val Acc: 0.1587 | Val P/R/F1 (Macro): 0.1824/0.1616/0.1571 | LR: 0.000001
Epoch [92/100] | Loss: 1.3220 (Cls: 1.3220) | Train Acc: 0.9912 | Val Acc: 0.1651 | Val P/R/F1 (Macro): 0.1919/0.1680/0.1611 | LR: 0.000001
Epoch [93/100] | Loss: 1.3315 (Cls: 1.3315) | Train Acc: 0.9872 | Val Acc: 0.1683 | Val P/R/F1 (Macro): 0.1805/0.1723/0.1642 | LR: 0.000001
Epoch [94/100] | Loss: 1.3429 (Cls: 1.3429) | Train Acc: 0.9880 | Val Acc: 0.1778 | Val P/R/F1 (Macro): 0.1671/0.1803/0.1653 | LR: 0.000001
Epoch [95/100] | Loss: 1.3297 (Cls: 1.3297) | Train Acc: 0.9856 | Val Acc: 0.1683 | Val P/R/F1 (Macro): 0.1964/0.1692/0.1676 | LR: 0.000001
Epoch [96/100] | Loss: 1.3290 (Cls: 1.3290) | Train Acc: 0.9888 | Val Acc: 0.1556 | Val P/R/F1 (Macro): 0.1752/0.1582/0.1560 | LR: 0.000001
Epoch [97/100] | Loss: 1.3444 (Cls: 1.3444) | Train Acc: 0.9864 | Val Acc: 0.1556 | Val P/R/F1 (Macro): 0.1666/0.1600/0.1492 | LR: 0.000001
Epoch [98/100] | Loss: 1.3242 (Cls: 1.3242) | Train Acc: 0.9896 | Val Acc: 0.1778 | Val P/R/F1 (Macro): 0.1854/0.1796/0.1702 | LR: 0.000001
Epoch [99/100] | Loss: 1.3338 (Cls: 1.3338) | Train Acc: 0.9888 | Val Acc: 0.1587 | Val P/R/F1 (Macro): 0.1718/0.1642/0.1540 | LR: 0.000001
Epoch [100/100] | Loss: 1.3113 (Cls: 1.3113) | Train Acc: 0.9912 | Val Acc: 0.1683 | Val P/R/F1 (Macro): 0.1744/0.1719/0.1595 | LR: 0.000001
Report strategy: last_window, window=10, reported_acc=0.1654, best_acc=0.1905

迭代 1 报告指标:
  Accuracy: 0.1654
  Precision (Macro): 0.1792
  Recall (Macro): 0.1685
  F1 (Macro): 0.1604
  Precision (Micro): 0.1654
  Recall (Micro): 0.1654
  F1 (Micro): 0.1654
  Val class coverage: 16/16 (1.0000), samples=315

================================================================================
迭代 2/5
随机种子: 43
================================================================================
Training mode: unpaired target adaptation with controlled target-label loss (ratio=0.75, weight=1.10).
Fixed labeled target subset: 943/1257 samples.
Epoch [1/100] | Loss: 6.3593 (Cls: 6.3593) | Train Acc: 0.0689 | Val Acc: 0.0698 | Val P/R/F1 (Macro): 0.0792/0.0702/0.0660 | LR: 0.000050
  >>> New Best Val Acc: 0.0698
Epoch [2/100] | Loss: 5.8929 (Cls: 5.8929) | Train Acc: 0.1130 | Val Acc: 0.0984 | Val P/R/F1 (Macro): 0.1179/0.0979/0.0881 | LR: 0.000050
  >>> New Best Val Acc: 0.0984
Epoch [3/100] | Loss: 5.5036 (Cls: 5.5036) | Train Acc: 0.1803 | Val Acc: 0.0857 | Val P/R/F1 (Macro): 0.0831/0.0848/0.0679 | LR: 0.000050
Epoch [4/100] | Loss: 5.1381 (Cls: 5.1381) | Train Acc: 0.2500 | Val Acc: 0.0889 | Val P/R/F1 (Macro): 0.1144/0.0867/0.0810 | LR: 0.000050
Epoch [5/100] | Loss: 4.6596 (Cls: 4.6596) | Train Acc: 0.3325 | Val Acc: 0.0889 | Val P/R/F1 (Macro): 0.1074/0.0865/0.0758 | LR: 0.000050
Epoch [6/100] | Loss: 4.1944 (Cls: 4.1944) | Train Acc: 0.4135 | Val Acc: 0.1175 | Val P/R/F1 (Macro): 0.1578/0.1180/0.1197 | LR: 0.000050
  >>> New Best Val Acc: 0.1175
Epoch [7/100] | Loss: 3.6885 (Cls: 3.6885) | Train Acc: 0.5240 | Val Acc: 0.1143 | Val P/R/F1 (Macro): 0.1490/0.1135/0.1175 | LR: 0.000050
Epoch [8/100] | Loss: 3.2305 (Cls: 3.2305) | Train Acc: 0.6154 | Val Acc: 0.1206 | Val P/R/F1 (Macro): 0.1603/0.1220/0.1274 | LR: 0.000050
  >>> New Best Val Acc: 0.1206
Epoch [9/100] | Loss: 2.8932 (Cls: 2.8932) | Train Acc: 0.6779 | Val Acc: 0.1302 | Val P/R/F1 (Macro): 0.1714/0.1340/0.1401 | LR: 0.000050
  >>> New Best Val Acc: 0.1302
Epoch [10/100] | Loss: 2.5680 (Cls: 2.5680) | Train Acc: 0.7572 | Val Acc: 0.1651 | Val P/R/F1 (Macro): 0.2163/0.1637/0.1666 | LR: 0.000050
  >>> New Best Val Acc: 0.1651
Epoch [11/100] | Loss: 2.4733 (Cls: 2.4733) | Train Acc: 0.7660 | Val Acc: 0.1365 | Val P/R/F1 (Macro): 0.1740/0.1408/0.1424 | LR: 0.000050
Epoch [12/100] | Loss: 2.2007 (Cls: 2.2007) | Train Acc: 0.8317 | Val Acc: 0.1460 | Val P/R/F1 (Macro): 0.1885/0.1459/0.1537 | LR: 0.000050
Epoch [13/100] | Loss: 2.1471 (Cls: 2.1471) | Train Acc: 0.8405 | Val Acc: 0.1429 | Val P/R/F1 (Macro): 0.1628/0.1400/0.1427 | LR: 0.000050
Epoch [14/100] | Loss: 2.0328 (Cls: 2.0328) | Train Acc: 0.8662 | Val Acc: 0.1524 | Val P/R/F1 (Macro): 0.1957/0.1555/0.1610 | LR: 0.000050
Epoch [15/100] | Loss: 2.0019 (Cls: 2.0019) | Train Acc: 0.8654 | Val Acc: 0.1619 | Val P/R/F1 (Macro): 0.1873/0.1649/0.1634 | LR: 0.000050
Epoch [16/100] | Loss: 1.8740 (Cls: 1.8740) | Train Acc: 0.9022 | Val Acc: 0.1333 | Val P/R/F1 (Macro): 0.1678/0.1330/0.1383 | LR: 0.000050
Epoch [17/100] | Loss: 1.8399 (Cls: 1.8399) | Train Acc: 0.9006 | Val Acc: 0.1524 | Val P/R/F1 (Macro): 0.1934/0.1518/0.1577 | LR: 0.000050
Epoch [18/100] | Loss: 1.7887 (Cls: 1.7887) | Train Acc: 0.9207 | Val Acc: 0.1429 | Val P/R/F1 (Macro): 0.1964/0.1420/0.1483 | LR: 0.000050
Epoch [19/100] | Loss: 1.7387 (Cls: 1.7387) | Train Acc: 0.9295 | Val Acc: 0.1429 | Val P/R/F1 (Macro): 0.1918/0.1431/0.1530 | LR: 0.000050
Epoch [20/100] | Loss: 1.6960 (Cls: 1.6960) | Train Acc: 0.9351 | Val Acc: 0.1365 | Val P/R/F1 (Macro): 0.1850/0.1389/0.1434 | LR: 0.000050
Epoch [21/100] | Loss: 1.6811 (Cls: 1.6811) | Train Acc: 0.9383 | Val Acc: 0.1460 | Val P/R/F1 (Macro): 0.1656/0.1464/0.1447 | LR: 0.000025
Epoch [22/100] | Loss: 1.6211 (Cls: 1.6211) | Train Acc: 0.9631 | Val Acc: 0.1460 | Val P/R/F1 (Macro): 0.1840/0.1462/0.1506 | LR: 0.000025
Epoch [23/100] | Loss: 1.6075 (Cls: 1.6075) | Train Acc: 0.9495 | Val Acc: 0.1429 | Val P/R/F1 (Macro): 0.1737/0.1443/0.1497 | LR: 0.000025
Epoch [24/100] | Loss: 1.5869 (Cls: 1.5869) | Train Acc: 0.9567 | Val Acc: 0.1429 | Val P/R/F1 (Macro): 0.1631/0.1434/0.1426 | LR: 0.000025
Epoch [25/100] | Loss: 1.5414 (Cls: 1.5414) | Train Acc: 0.9607 | Val Acc: 0.1429 | Val P/R/F1 (Macro): 0.1689/0.1427/0.1447 | LR: 0.000025
Epoch [26/100] | Loss: 1.5650 (Cls: 1.5650) | Train Acc: 0.9623 | Val Acc: 0.1270 | Val P/R/F1 (Macro): 0.1480/0.1239/0.1278 | LR: 0.000025
Epoch [27/100] | Loss: 1.5442 (Cls: 1.5442) | Train Acc: 0.9663 | Val Acc: 0.1460 | Val P/R/F1 (Macro): 0.1888/0.1499/0.1573 | LR: 0.000025
Epoch [28/100] | Loss: 1.5364 (Cls: 1.5364) | Train Acc: 0.9599 | Val Acc: 0.1397 | Val P/R/F1 (Macro): 0.1761/0.1398/0.1447 | LR: 0.000025
Epoch [29/100] | Loss: 1.5149 (Cls: 1.5149) | Train Acc: 0.9728 | Val Acc: 0.1492 | Val P/R/F1 (Macro): 0.1775/0.1494/0.1550 | LR: 0.000025
Epoch [30/100] | Loss: 1.5056 (Cls: 1.5056) | Train Acc: 0.9607 | Val Acc: 0.1619 | Val P/R/F1 (Macro): 0.1909/0.1617/0.1682 | LR: 0.000025
Epoch [31/100] | Loss: 1.4999 (Cls: 1.4999) | Train Acc: 0.9712 | Val Acc: 0.1397 | Val P/R/F1 (Macro): 0.1600/0.1430/0.1440 | LR: 0.000025
Epoch [32/100] | Loss: 1.4924 (Cls: 1.4924) | Train Acc: 0.9736 | Val Acc: 0.1429 | Val P/R/F1 (Macro): 0.1755/0.1466/0.1474 | LR: 0.000013
Epoch [33/100] | Loss: 1.4679 (Cls: 1.4679) | Train Acc: 0.9712 | Val Acc: 0.1460 | Val P/R/F1 (Macro): 0.1854/0.1473/0.1537 | LR: 0.000013
Epoch [34/100] | Loss: 1.5029 (Cls: 1.5029) | Train Acc: 0.9808 | Val Acc: 0.1524 | Val P/R/F1 (Macro): 0.1798/0.1542/0.1562 | LR: 0.000013
Epoch [35/100] | Loss: 1.4738 (Cls: 1.4738) | Train Acc: 0.9784 | Val Acc: 0.1524 | Val P/R/F1 (Macro): 0.1815/0.1532/0.1588 | LR: 0.000013
Epoch [36/100] | Loss: 1.4667 (Cls: 1.4667) | Train Acc: 0.9744 | Val Acc: 0.1302 | Val P/R/F1 (Macro): 0.1842/0.1297/0.1373 | LR: 0.000013
Epoch [37/100] | Loss: 1.4597 (Cls: 1.4597) | Train Acc: 0.9752 | Val Acc: 0.1429 | Val P/R/F1 (Macro): 0.1705/0.1434/0.1504 | LR: 0.000013
Epoch [38/100] | Loss: 1.4146 (Cls: 1.4146) | Train Acc: 0.9824 | Val Acc: 0.1587 | Val P/R/F1 (Macro): 0.1784/0.1597/0.1621 | LR: 0.000013
Epoch [39/100] | Loss: 1.4286 (Cls: 1.4286) | Train Acc: 0.9816 | Val Acc: 0.1365 | Val P/R/F1 (Macro): 0.1795/0.1387/0.1442 | LR: 0.000013
Epoch [40/100] | Loss: 1.4404 (Cls: 1.4404) | Train Acc: 0.9736 | Val Acc: 0.1397 | Val P/R/F1 (Macro): 0.1752/0.1424/0.1481 | LR: 0.000013
Epoch [41/100] | Loss: 1.4194 (Cls: 1.4194) | Train Acc: 0.9808 | Val Acc: 0.1429 | Val P/R/F1 (Macro): 0.1864/0.1434/0.1513 | LR: 0.000013
Epoch [42/100] | Loss: 1.4286 (Cls: 1.4286) | Train Acc: 0.9808 | Val Acc: 0.1556 | Val P/R/F1 (Macro): 0.1786/0.1591/0.1627 | LR: 0.000013
Epoch [43/100] | Loss: 1.4144 (Cls: 1.4144) | Train Acc: 0.9896 | Val Acc: 0.1492 | Val P/R/F1 (Macro): 0.1749/0.1511/0.1540 | LR: 0.000006
Epoch [44/100] | Loss: 1.4183 (Cls: 1.4183) | Train Acc: 0.9848 | Val Acc: 0.1429 | Val P/R/F1 (Macro): 0.1704/0.1465/0.1489 | LR: 0.000006
Epoch [45/100] | Loss: 1.4067 (Cls: 1.4067) | Train Acc: 0.9896 | Val Acc: 0.1460 | Val P/R/F1 (Macro): 0.1762/0.1472/0.1513 | LR: 0.000006
Epoch [46/100] | Loss: 1.3963 (Cls: 1.3963) | Train Acc: 0.9824 | Val Acc: 0.1587 | Val P/R/F1 (Macro): 0.1777/0.1628/0.1611 | LR: 0.000006
Epoch [47/100] | Loss: 1.3908 (Cls: 1.3908) | Train Acc: 0.9840 | Val Acc: 0.1460 | Val P/R/F1 (Macro): 0.1745/0.1476/0.1540 | LR: 0.000006
Epoch [48/100] | Loss: 1.3925 (Cls: 1.3925) | Train Acc: 0.9840 | Val Acc: 0.1429 | Val P/R/F1 (Macro): 0.1838/0.1456/0.1521 | LR: 0.000006
Epoch [49/100] | Loss: 1.3960 (Cls: 1.3960) | Train Acc: 0.9816 | Val Acc: 0.1365 | Val P/R/F1 (Macro): 0.1714/0.1372/0.1431 | LR: 0.000006
Epoch [50/100] | Loss: 1.3827 (Cls: 1.3827) | Train Acc: 0.9896 | Val Acc: 0.1556 | Val P/R/F1 (Macro): 0.1891/0.1573/0.1613 | LR: 0.000006
Epoch [51/100] | Loss: 1.4006 (Cls: 1.4006) | Train Acc: 0.9856 | Val Acc: 0.1365 | Val P/R/F1 (Macro): 0.1602/0.1393/0.1416 | LR: 0.000006
Epoch [52/100] | Loss: 1.4017 (Cls: 1.4017) | Train Acc: 0.9760 | Val Acc: 0.1460 | Val P/R/F1 (Macro): 0.1873/0.1495/0.1541 | LR: 0.000006
Epoch [53/100] | Loss: 1.3750 (Cls: 1.3750) | Train Acc: 0.9888 | Val Acc: 0.1333 | Val P/R/F1 (Macro): 0.1843/0.1363/0.1438 | LR: 0.000006
Epoch [54/100] | Loss: 1.3908 (Cls: 1.3908) | Train Acc: 0.9848 | Val Acc: 0.1429 | Val P/R/F1 (Macro): 0.1800/0.1457/0.1490 | LR: 0.000003
Epoch [55/100] | Loss: 1.3933 (Cls: 1.3933) | Train Acc: 0.9904 | Val Acc: 0.1460 | Val P/R/F1 (Macro): 0.1810/0.1482/0.1515 | LR: 0.000003
Epoch [56/100] | Loss: 1.3858 (Cls: 1.3858) | Train Acc: 0.9880 | Val Acc: 0.1524 | Val P/R/F1 (Macro): 0.1689/0.1540/0.1553 | LR: 0.000003
Epoch [57/100] | Loss: 1.3804 (Cls: 1.3804) | Train Acc: 0.9920 | Val Acc: 0.1429 | Val P/R/F1 (Macro): 0.1805/0.1467/0.1483 | LR: 0.000003
Epoch [58/100] | Loss: 1.3880 (Cls: 1.3880) | Train Acc: 0.9800 | Val Acc: 0.1365 | Val P/R/F1 (Macro): 0.1778/0.1391/0.1476 | LR: 0.000003
Epoch [59/100] | Loss: 1.3775 (Cls: 1.3775) | Train Acc: 0.9872 | Val Acc: 0.1270 | Val P/R/F1 (Macro): 0.1734/0.1303/0.1335 | LR: 0.000003
Epoch [60/100] | Loss: 1.3898 (Cls: 1.3898) | Train Acc: 0.9864 | Val Acc: 0.1397 | Val P/R/F1 (Macro): 0.1862/0.1436/0.1475 | LR: 0.000003
Epoch [61/100] | Loss: 1.3859 (Cls: 1.3859) | Train Acc: 0.9856 | Val Acc: 0.1429 | Val P/R/F1 (Macro): 0.1695/0.1449/0.1471 | LR: 0.000003
Epoch [62/100] | Loss: 1.3929 (Cls: 1.3929) | Train Acc: 0.9864 | Val Acc: 0.1365 | Val P/R/F1 (Macro): 0.1898/0.1401/0.1475 | LR: 0.000003
Epoch [63/100] | Loss: 1.3990 (Cls: 1.3990) | Train Acc: 0.9800 | Val Acc: 0.1429 | Val P/R/F1 (Macro): 0.1806/0.1461/0.1495 | LR: 0.000003
Epoch [64/100] | Loss: 1.3810 (Cls: 1.3810) | Train Acc: 0.9896 | Val Acc: 0.1460 | Val P/R/F1 (Macro): 0.1734/0.1487/0.1490 | LR: 0.000003
Epoch [65/100] | Loss: 1.3725 (Cls: 1.3725) | Train Acc: 0.9856 | Val Acc: 0.1460 | Val P/R/F1 (Macro): 0.1747/0.1473/0.1508 | LR: 0.000002
Epoch [66/100] | Loss: 1.3883 (Cls: 1.3883) | Train Acc: 0.9848 | Val Acc: 0.1460 | Val P/R/F1 (Macro): 0.1842/0.1480/0.1518 | LR: 0.000002
Epoch [67/100] | Loss: 1.3702 (Cls: 1.3702) | Train Acc: 0.9864 | Val Acc: 0.1556 | Val P/R/F1 (Macro): 0.1907/0.1577/0.1633 | LR: 0.000002
Epoch [68/100] | Loss: 1.3730 (Cls: 1.3730) | Train Acc: 0.9904 | Val Acc: 0.1365 | Val P/R/F1 (Macro): 0.1707/0.1376/0.1433 | LR: 0.000002
Epoch [69/100] | Loss: 1.3782 (Cls: 1.3782) | Train Acc: 0.9872 | Val Acc: 0.1524 | Val P/R/F1 (Macro): 0.1806/0.1550/0.1559 | LR: 0.000002
Epoch [70/100] | Loss: 1.3632 (Cls: 1.3632) | Train Acc: 0.9912 | Val Acc: 0.1492 | Val P/R/F1 (Macro): 0.1867/0.1510/0.1569 | LR: 0.000002
Epoch [71/100] | Loss: 1.3578 (Cls: 1.3578) | Train Acc: 0.9912 | Val Acc: 0.1460 | Val P/R/F1 (Macro): 0.1814/0.1488/0.1553 | LR: 0.000002
Epoch [72/100] | Loss: 1.3727 (Cls: 1.3727) | Train Acc: 0.9864 | Val Acc: 0.1524 | Val P/R/F1 (Macro): 0.1702/0.1530/0.1540 | LR: 0.000002
Epoch [73/100] | Loss: 1.3857 (Cls: 1.3857) | Train Acc: 0.9872 | Val Acc: 0.1429 | Val P/R/F1 (Macro): 0.1739/0.1465/0.1506 | LR: 0.000002
Epoch [74/100] | Loss: 1.3612 (Cls: 1.3612) | Train Acc: 0.9888 | Val Acc: 0.1460 | Val P/R/F1 (Macro): 0.1667/0.1472/0.1496 | LR: 0.000002
Epoch [75/100] | Loss: 1.3540 (Cls: 1.3540) | Train Acc: 0.9896 | Val Acc: 0.1492 | Val P/R/F1 (Macro): 0.1752/0.1521/0.1565 | LR: 0.000002
Epoch [76/100] | Loss: 1.3823 (Cls: 1.3823) | Train Acc: 0.9848 | Val Acc: 0.1587 | Val P/R/F1 (Macro): 0.1863/0.1608/0.1647 | LR: 0.000001
Epoch [77/100] | Loss: 1.3718 (Cls: 1.3718) | Train Acc: 0.9840 | Val Acc: 0.1429 | Val P/R/F1 (Macro): 0.1900/0.1461/0.1511 | LR: 0.000001
Epoch [78/100] | Loss: 1.3731 (Cls: 1.3731) | Train Acc: 0.9880 | Val Acc: 0.1524 | Val P/R/F1 (Macro): 0.1906/0.1548/0.1579 | LR: 0.000001
Epoch [79/100] | Loss: 1.3774 (Cls: 1.3774) | Train Acc: 0.9896 | Val Acc: 0.1524 | Val P/R/F1 (Macro): 0.1835/0.1552/0.1610 | LR: 0.000001
Epoch [80/100] | Loss: 1.3679 (Cls: 1.3679) | Train Acc: 0.9912 | Val Acc: 0.1397 | Val P/R/F1 (Macro): 0.1813/0.1448/0.1464 | LR: 0.000001
Epoch [81/100] | Loss: 1.3758 (Cls: 1.3758) | Train Acc: 0.9856 | Val Acc: 0.1460 | Val P/R/F1 (Macro): 0.1818/0.1486/0.1546 | LR: 0.000001
Epoch [82/100] | Loss: 1.3670 (Cls: 1.3670) | Train Acc: 0.9896 | Val Acc: 0.1492 | Val P/R/F1 (Macro): 0.1820/0.1521/0.1556 | LR: 0.000001
Epoch [83/100] | Loss: 1.3851 (Cls: 1.3851) | Train Acc: 0.9832 | Val Acc: 0.1365 | Val P/R/F1 (Macro): 0.1764/0.1398/0.1448 | LR: 0.000001
Epoch [84/100] | Loss: 1.3788 (Cls: 1.3788) | Train Acc: 0.9824 | Val Acc: 0.1460 | Val P/R/F1 (Macro): 0.1780/0.1494/0.1528 | LR: 0.000001
Epoch [85/100] | Loss: 1.3734 (Cls: 1.3734) | Train Acc: 0.9840 | Val Acc: 0.1365 | Val P/R/F1 (Macro): 0.1719/0.1401/0.1464 | LR: 0.000001
Epoch [86/100] | Loss: 1.3620 (Cls: 1.3620) | Train Acc: 0.9888 | Val Acc: 0.1460 | Val P/R/F1 (Macro): 0.1815/0.1481/0.1538 | LR: 0.000001
Epoch [87/100] | Loss: 1.3717 (Cls: 1.3717) | Train Acc: 0.9880 | Val Acc: 0.1556 | Val P/R/F1 (Macro): 0.1785/0.1575/0.1571 | LR: 0.000001
Epoch [88/100] | Loss: 1.3621 (Cls: 1.3621) | Train Acc: 0.9928 | Val Acc: 0.1619 | Val P/R/F1 (Macro): 0.1840/0.1664/0.1663 | LR: 0.000001
Epoch [89/100] | Loss: 1.3493 (Cls: 1.3493) | Train Acc: 0.9920 | Val Acc: 0.1429 | Val P/R/F1 (Macro): 0.1666/0.1465/0.1481 | LR: 0.000001
Epoch [90/100] | Loss: 1.3779 (Cls: 1.3779) | Train Acc: 0.9864 | Val Acc: 0.1524 | Val P/R/F1 (Macro): 0.1852/0.1550/0.1611 | LR: 0.000001
Epoch [91/100] | Loss: 1.3588 (Cls: 1.3588) | Train Acc: 0.9880 | Val Acc: 0.1460 | Val P/R/F1 (Macro): 0.1709/0.1464/0.1480 | LR: 0.000001
Epoch [92/100] | Loss: 1.3610 (Cls: 1.3610) | Train Acc: 0.9872 | Val Acc: 0.1651 | Val P/R/F1 (Macro): 0.1922/0.1708/0.1688 | LR: 0.000001
Epoch [93/100] | Loss: 1.3547 (Cls: 1.3547) | Train Acc: 0.9896 | Val Acc: 0.1492 | Val P/R/F1 (Macro): 0.1802/0.1527/0.1570 | LR: 0.000001
Epoch [94/100] | Loss: 1.3911 (Cls: 1.3911) | Train Acc: 0.9848 | Val Acc: 0.1492 | Val P/R/F1 (Macro): 0.1772/0.1517/0.1528 | LR: 0.000001
Epoch [95/100] | Loss: 1.3708 (Cls: 1.3708) | Train Acc: 0.9864 | Val Acc: 0.1365 | Val P/R/F1 (Macro): 0.1697/0.1389/0.1460 | LR: 0.000001
Epoch [96/100] | Loss: 1.3733 (Cls: 1.3733) | Train Acc: 0.9856 | Val Acc: 0.1302 | Val P/R/F1 (Macro): 0.1584/0.1337/0.1346 | LR: 0.000001
Epoch [97/100] | Loss: 1.3754 (Cls: 1.3754) | Train Acc: 0.9840 | Val Acc: 0.1397 | Val P/R/F1 (Macro): 0.1768/0.1425/0.1499 | LR: 0.000001
Epoch [98/100] | Loss: 1.3539 (Cls: 1.3539) | Train Acc: 0.9880 | Val Acc: 0.1365 | Val P/R/F1 (Macro): 0.1800/0.1401/0.1479 | LR: 0.000001
Epoch [99/100] | Loss: 1.3688 (Cls: 1.3688) | Train Acc: 0.9848 | Val Acc: 0.1302 | Val P/R/F1 (Macro): 0.1675/0.1326/0.1377 | LR: 0.000001
Epoch [100/100] | Loss: 1.3647 (Cls: 1.3647) | Train Acc: 0.9888 | Val Acc: 0.1365 | Val P/R/F1 (Macro): 0.1830/0.1385/0.1445 | LR: 0.000001
Report strategy: last_window, window=10, reported_acc=0.1419, best_acc=0.1651

迭代 2 报告指标:
  Accuracy: 0.1419
  Precision (Macro): 0.1756
  Recall (Macro): 0.1448
  F1 (Macro): 0.1487
  Precision (Micro): 0.1419
  Recall (Micro): 0.1419
  F1 (Micro): 0.1419
  Val class coverage: 16/16 (1.0000), samples=315

================================================================================
迭代 3/5
随机种子: 44
================================================================================
Training mode: unpaired target adaptation with controlled target-label loss (ratio=0.75, weight=1.10).
Fixed labeled target subset: 943/1257 samples.
Epoch [1/100] | Loss: 6.4185 (Cls: 6.4185) | Train Acc: 0.0841 | Val Acc: 0.1048 | Val P/R/F1 (Macro): 0.0993/0.1067/0.0881 | LR: 0.000050
  >>> New Best Val Acc: 0.1048
Epoch [2/100] | Loss: 5.8935 (Cls: 5.8935) | Train Acc: 0.1178 | Val Acc: 0.1206 | Val P/R/F1 (Macro): 0.1646/0.1173/0.1037 | LR: 0.000050
  >>> New Best Val Acc: 0.1206
Epoch [3/100] | Loss: 5.6363 (Cls: 5.6363) | Train Acc: 0.1474 | Val Acc: 0.1175 | Val P/R/F1 (Macro): 0.1317/0.1122/0.0904 | LR: 0.000050
Epoch [4/100] | Loss: 5.1264 (Cls: 5.1264) | Train Acc: 0.2276 | Val Acc: 0.1238 | Val P/R/F1 (Macro): 0.1314/0.1195/0.1027 | LR: 0.000050
  >>> New Best Val Acc: 0.1238
Epoch [5/100] | Loss: 4.6806 (Cls: 4.6806) | Train Acc: 0.3405 | Val Acc: 0.1302 | Val P/R/F1 (Macro): 0.1935/0.1267/0.1146 | LR: 0.000050
  >>> New Best Val Acc: 0.1302
Epoch [6/100] | Loss: 4.1810 (Cls: 4.1810) | Train Acc: 0.4407 | Val Acc: 0.1302 | Val P/R/F1 (Macro): 0.1925/0.1269/0.1264 | LR: 0.000050
Epoch [7/100] | Loss: 3.6563 (Cls: 3.6563) | Train Acc: 0.5312 | Val Acc: 0.1524 | Val P/R/F1 (Macro): 0.2094/0.1507/0.1551 | LR: 0.000050
  >>> New Best Val Acc: 0.1524
Epoch [8/100] | Loss: 3.3239 (Cls: 3.3239) | Train Acc: 0.6002 | Val Acc: 0.1492 | Val P/R/F1 (Macro): 0.2002/0.1476/0.1506 | LR: 0.000050
Epoch [9/100] | Loss: 2.8822 (Cls: 2.8822) | Train Acc: 0.6635 | Val Acc: 0.1587 | Val P/R/F1 (Macro): 0.1739/0.1550/0.1552 | LR: 0.000050
  >>> New Best Val Acc: 0.1587
Epoch [10/100] | Loss: 2.5989 (Cls: 2.5989) | Train Acc: 0.7404 | Val Acc: 0.1492 | Val P/R/F1 (Macro): 0.1793/0.1463/0.1417 | LR: 0.000050
Epoch [11/100] | Loss: 2.4166 (Cls: 2.4166) | Train Acc: 0.7869 | Val Acc: 0.1651 | Val P/R/F1 (Macro): 0.1870/0.1602/0.1628 | LR: 0.000050
  >>> New Best Val Acc: 0.1651
Epoch [12/100] | Loss: 2.2878 (Cls: 2.2878) | Train Acc: 0.8029 | Val Acc: 0.1587 | Val P/R/F1 (Macro): 0.1971/0.1565/0.1645 | LR: 0.000050
Epoch [13/100] | Loss: 2.1224 (Cls: 2.1224) | Train Acc: 0.8526 | Val Acc: 0.1683 | Val P/R/F1 (Macro): 0.1987/0.1703/0.1732 | LR: 0.000050
  >>> New Best Val Acc: 0.1683
Epoch [14/100] | Loss: 2.0621 (Cls: 2.0621) | Train Acc: 0.8590 | Val Acc: 0.1683 | Val P/R/F1 (Macro): 0.2254/0.1717/0.1787 | LR: 0.000050
Epoch [15/100] | Loss: 1.9484 (Cls: 1.9484) | Train Acc: 0.8814 | Val Acc: 0.1714 | Val P/R/F1 (Macro): 0.2339/0.1709/0.1763 | LR: 0.000050
  >>> New Best Val Acc: 0.1714
Epoch [16/100] | Loss: 1.8948 (Cls: 1.8948) | Train Acc: 0.8918 | Val Acc: 0.1556 | Val P/R/F1 (Macro): 0.1924/0.1535/0.1541 | LR: 0.000050
Epoch [17/100] | Loss: 1.8509 (Cls: 1.8509) | Train Acc: 0.9151 | Val Acc: 0.1492 | Val P/R/F1 (Macro): 0.2033/0.1461/0.1553 | LR: 0.000050
Epoch [18/100] | Loss: 1.8109 (Cls: 1.8109) | Train Acc: 0.9199 | Val Acc: 0.1492 | Val P/R/F1 (Macro): 0.1810/0.1479/0.1506 | LR: 0.000050
Epoch [19/100] | Loss: 1.7571 (Cls: 1.7571) | Train Acc: 0.9255 | Val Acc: 0.1365 | Val P/R/F1 (Macro): 0.1590/0.1341/0.1395 | LR: 0.000050
Epoch [20/100] | Loss: 1.7255 (Cls: 1.7255) | Train Acc: 0.9423 | Val Acc: 0.1365 | Val P/R/F1 (Macro): 0.1584/0.1383/0.1407 | LR: 0.000050
Epoch [21/100] | Loss: 1.6954 (Cls: 1.6954) | Train Acc: 0.9415 | Val Acc: 0.1492 | Val P/R/F1 (Macro): 0.1599/0.1466/0.1453 | LR: 0.000050
Epoch [22/100] | Loss: 1.6416 (Cls: 1.6416) | Train Acc: 0.9439 | Val Acc: 0.1524 | Val P/R/F1 (Macro): 0.1893/0.1517/0.1575 | LR: 0.000050
Epoch [23/100] | Loss: 1.6153 (Cls: 1.6153) | Train Acc: 0.9503 | Val Acc: 0.1556 | Val P/R/F1 (Macro): 0.1714/0.1540/0.1559 | LR: 0.000050
Epoch [24/100] | Loss: 1.5786 (Cls: 1.5786) | Train Acc: 0.9615 | Val Acc: 0.1524 | Val P/R/F1 (Macro): 0.1728/0.1529/0.1556 | LR: 0.000050
Epoch [25/100] | Loss: 1.5440 (Cls: 1.5440) | Train Acc: 0.9655 | Val Acc: 0.1587 | Val P/R/F1 (Macro): 0.1854/0.1579/0.1625 | LR: 0.000050
Epoch [26/100] | Loss: 1.5574 (Cls: 1.5574) | Train Acc: 0.9655 | Val Acc: 0.1587 | Val P/R/F1 (Macro): 0.2024/0.1576/0.1600 | LR: 0.000025
Epoch [27/100] | Loss: 1.5128 (Cls: 1.5128) | Train Acc: 0.9728 | Val Acc: 0.1587 | Val P/R/F1 (Macro): 0.1714/0.1574/0.1589 | LR: 0.000025
Epoch [28/100] | Loss: 1.5142 (Cls: 1.5142) | Train Acc: 0.9744 | Val Acc: 0.1524 | Val P/R/F1 (Macro): 0.1749/0.1519/0.1556 | LR: 0.000025
Epoch [29/100] | Loss: 1.4650 (Cls: 1.4650) | Train Acc: 0.9800 | Val Acc: 0.1524 | Val P/R/F1 (Macro): 0.1648/0.1535/0.1505 | LR: 0.000025
Epoch [30/100] | Loss: 1.4667 (Cls: 1.4667) | Train Acc: 0.9720 | Val Acc: 0.1556 | Val P/R/F1 (Macro): 0.1604/0.1527/0.1520 | LR: 0.000025
Epoch [31/100] | Loss: 1.4757 (Cls: 1.4757) | Train Acc: 0.9792 | Val Acc: 0.1429 | Val P/R/F1 (Macro): 0.1444/0.1421/0.1374 | LR: 0.000025
Epoch [32/100] | Loss: 1.4538 (Cls: 1.4538) | Train Acc: 0.9792 | Val Acc: 0.1492 | Val P/R/F1 (Macro): 0.1583/0.1489/0.1475 | LR: 0.000025
Epoch [33/100] | Loss: 1.4340 (Cls: 1.4340) | Train Acc: 0.9776 | Val Acc: 0.1397 | Val P/R/F1 (Macro): 0.1449/0.1381/0.1368 | LR: 0.000025
Epoch [34/100] | Loss: 1.4329 (Cls: 1.4329) | Train Acc: 0.9872 | Val Acc: 0.1460 | Val P/R/F1 (Macro): 0.1485/0.1469/0.1419 | LR: 0.000025
Epoch [35/100] | Loss: 1.4389 (Cls: 1.4389) | Train Acc: 0.9752 | Val Acc: 0.1492 | Val P/R/F1 (Macro): 0.1565/0.1492/0.1480 | LR: 0.000025
Epoch [36/100] | Loss: 1.4017 (Cls: 1.4017) | Train Acc: 0.9856 | Val Acc: 0.1619 | Val P/R/F1 (Macro): 0.1598/0.1602/0.1578 | LR: 0.000025
Epoch [37/100] | Loss: 1.4087 (Cls: 1.4087) | Train Acc: 0.9872 | Val Acc: 0.1619 | Val P/R/F1 (Macro): 0.1747/0.1616/0.1620 | LR: 0.000013
Epoch [38/100] | Loss: 1.4096 (Cls: 1.4096) | Train Acc: 0.9856 | Val Acc: 0.1524 | Val P/R/F1 (Macro): 0.1554/0.1526/0.1483 | LR: 0.000013
Epoch [39/100] | Loss: 1.3942 (Cls: 1.3942) | Train Acc: 0.9840 | Val Acc: 0.1619 | Val P/R/F1 (Macro): 0.1689/0.1596/0.1585 | LR: 0.000013
Epoch [40/100] | Loss: 1.4019 (Cls: 1.4019) | Train Acc: 0.9864 | Val Acc: 0.1492 | Val P/R/F1 (Macro): 0.1706/0.1493/0.1517 | LR: 0.000013
Epoch [41/100] | Loss: 1.3881 (Cls: 1.3881) | Train Acc: 0.9856 | Val Acc: 0.1492 | Val P/R/F1 (Macro): 0.1684/0.1488/0.1494 | LR: 0.000013
Epoch [42/100] | Loss: 1.4096 (Cls: 1.4096) | Train Acc: 0.9832 | Val Acc: 0.1492 | Val P/R/F1 (Macro): 0.1694/0.1487/0.1435 | LR: 0.000013
Epoch [43/100] | Loss: 1.3782 (Cls: 1.3782) | Train Acc: 0.9864 | Val Acc: 0.1587 | Val P/R/F1 (Macro): 0.1565/0.1573/0.1522 | LR: 0.000013
Epoch [44/100] | Loss: 1.3834 (Cls: 1.3834) | Train Acc: 0.9872 | Val Acc: 0.1556 | Val P/R/F1 (Macro): 0.1555/0.1557/0.1502 | LR: 0.000013
Epoch [45/100] | Loss: 1.3843 (Cls: 1.3843) | Train Acc: 0.9872 | Val Acc: 0.1492 | Val P/R/F1 (Macro): 0.1744/0.1514/0.1521 | LR: 0.000013
Epoch [46/100] | Loss: 1.3905 (Cls: 1.3905) | Train Acc: 0.9872 | Val Acc: 0.1587 | Val P/R/F1 (Macro): 0.1802/0.1605/0.1591 | LR: 0.000013
Epoch [47/100] | Loss: 1.3787 (Cls: 1.3787) | Train Acc: 0.9856 | Val Acc: 0.1556 | Val P/R/F1 (Macro): 0.1586/0.1542/0.1523 | LR: 0.000013
Epoch [48/100] | Loss: 1.3722 (Cls: 1.3722) | Train Acc: 0.9856 | Val Acc: 0.1556 | Val P/R/F1 (Macro): 0.1536/0.1532/0.1504 | LR: 0.000006
Epoch [49/100] | Loss: 1.3741 (Cls: 1.3741) | Train Acc: 0.9856 | Val Acc: 0.1492 | Val P/R/F1 (Macro): 0.1526/0.1480/0.1461 | LR: 0.000006
Epoch [50/100] | Loss: 1.3712 (Cls: 1.3712) | Train Acc: 0.9888 | Val Acc: 0.1429 | Val P/R/F1 (Macro): 0.1441/0.1431/0.1387 | LR: 0.000006
Epoch [51/100] | Loss: 1.3462 (Cls: 1.3462) | Train Acc: 0.9936 | Val Acc: 0.1429 | Val P/R/F1 (Macro): 0.1442/0.1447/0.1397 | LR: 0.000006
Epoch [52/100] | Loss: 1.3548 (Cls: 1.3548) | Train Acc: 0.9920 | Val Acc: 0.1619 | Val P/R/F1 (Macro): 0.1778/0.1638/0.1631 | LR: 0.000006
Epoch [53/100] | Loss: 1.3521 (Cls: 1.3521) | Train Acc: 0.9920 | Val Acc: 0.1556 | Val P/R/F1 (Macro): 0.1568/0.1561/0.1487 | LR: 0.000006
Epoch [54/100] | Loss: 1.3421 (Cls: 1.3421) | Train Acc: 0.9920 | Val Acc: 0.1397 | Val P/R/F1 (Macro): 0.1493/0.1417/0.1398 | LR: 0.000006
Epoch [55/100] | Loss: 1.3567 (Cls: 1.3567) | Train Acc: 0.9904 | Val Acc: 0.1460 | Val P/R/F1 (Macro): 0.1543/0.1460/0.1433 | LR: 0.000006
Epoch [56/100] | Loss: 1.3637 (Cls: 1.3637) | Train Acc: 0.9880 | Val Acc: 0.1365 | Val P/R/F1 (Macro): 0.1469/0.1367/0.1369 | LR: 0.000006
Epoch [57/100] | Loss: 1.3563 (Cls: 1.3563) | Train Acc: 0.9904 | Val Acc: 0.1429 | Val P/R/F1 (Macro): 0.1608/0.1433/0.1421 | LR: 0.000006
Epoch [58/100] | Loss: 1.3565 (Cls: 1.3565) | Train Acc: 0.9848 | Val Acc: 0.1524 | Val P/R/F1 (Macro): 0.1512/0.1536/0.1451 | LR: 0.000006
Epoch [59/100] | Loss: 1.3416 (Cls: 1.3416) | Train Acc: 0.9912 | Val Acc: 0.1397 | Val P/R/F1 (Macro): 0.1465/0.1389/0.1334 | LR: 0.000003
Epoch [60/100] | Loss: 1.3441 (Cls: 1.3441) | Train Acc: 0.9896 | Val Acc: 0.1429 | Val P/R/F1 (Macro): 0.1640/0.1460/0.1443 | LR: 0.000003
Epoch [61/100] | Loss: 1.3297 (Cls: 1.3297) | Train Acc: 0.9952 | Val Acc: 0.1460 | Val P/R/F1 (Macro): 0.1466/0.1460/0.1423 | LR: 0.000003
Epoch [62/100] | Loss: 1.3390 (Cls: 1.3390) | Train Acc: 0.9920 | Val Acc: 0.1524 | Val P/R/F1 (Macro): 0.1721/0.1530/0.1531 | LR: 0.000003
Epoch [63/100] | Loss: 1.3500 (Cls: 1.3500) | Train Acc: 0.9880 | Val Acc: 0.1619 | Val P/R/F1 (Macro): 0.1784/0.1621/0.1615 | LR: 0.000003
Epoch [64/100] | Loss: 1.3492 (Cls: 1.3492) | Train Acc: 0.9920 | Val Acc: 0.1524 | Val P/R/F1 (Macro): 0.1627/0.1566/0.1514 | LR: 0.000003
Epoch [65/100] | Loss: 1.3494 (Cls: 1.3494) | Train Acc: 0.9912 | Val Acc: 0.1365 | Val P/R/F1 (Macro): 0.1416/0.1371/0.1320 | LR: 0.000003
Epoch [66/100] | Loss: 1.3470 (Cls: 1.3470) | Train Acc: 0.9920 | Val Acc: 0.1397 | Val P/R/F1 (Macro): 0.1567/0.1397/0.1390 | LR: 0.000003
Epoch [67/100] | Loss: 1.3478 (Cls: 1.3478) | Train Acc: 0.9912 | Val Acc: 0.1556 | Val P/R/F1 (Macro): 0.1503/0.1556/0.1485 | LR: 0.000003
Epoch [68/100] | Loss: 1.3673 (Cls: 1.3673) | Train Acc: 0.9920 | Val Acc: 0.1365 | Val P/R/F1 (Macro): 0.1558/0.1382/0.1391 | LR: 0.000003
Epoch [69/100] | Loss: 1.3539 (Cls: 1.3539) | Train Acc: 0.9880 | Val Acc: 0.1556 | Val P/R/F1 (Macro): 0.1595/0.1535/0.1502 | LR: 0.000003
Epoch [70/100] | Loss: 1.3325 (Cls: 1.3325) | Train Acc: 0.9952 | Val Acc: 0.1492 | Val P/R/F1 (Macro): 0.1722/0.1496/0.1464 | LR: 0.000002
Epoch [71/100] | Loss: 1.3444 (Cls: 1.3444) | Train Acc: 0.9912 | Val Acc: 0.1492 | Val P/R/F1 (Macro): 0.1613/0.1512/0.1482 | LR: 0.000002
Epoch [72/100] | Loss: 1.3336 (Cls: 1.3336) | Train Acc: 0.9928 | Val Acc: 0.1619 | Val P/R/F1 (Macro): 0.1667/0.1630/0.1574 | LR: 0.000002
Epoch [73/100] | Loss: 1.3524 (Cls: 1.3524) | Train Acc: 0.9872 | Val Acc: 0.1460 | Val P/R/F1 (Macro): 0.1535/0.1470/0.1434 | LR: 0.000002
Epoch [74/100] | Loss: 1.3369 (Cls: 1.3369) | Train Acc: 0.9920 | Val Acc: 0.1556 | Val P/R/F1 (Macro): 0.1632/0.1562/0.1517 | LR: 0.000002
Epoch [75/100] | Loss: 1.3483 (Cls: 1.3483) | Train Acc: 0.9912 | Val Acc: 0.1524 | Val P/R/F1 (Macro): 0.1499/0.1537/0.1476 | LR: 0.000002
Epoch [76/100] | Loss: 1.3378 (Cls: 1.3378) | Train Acc: 0.9912 | Val Acc: 0.1556 | Val P/R/F1 (Macro): 0.1637/0.1544/0.1501 | LR: 0.000002
Epoch [77/100] | Loss: 1.3491 (Cls: 1.3491) | Train Acc: 0.9912 | Val Acc: 0.1429 | Val P/R/F1 (Macro): 0.1501/0.1433/0.1388 | LR: 0.000002
Epoch [78/100] | Loss: 1.3332 (Cls: 1.3332) | Train Acc: 0.9912 | Val Acc: 0.1492 | Val P/R/F1 (Macro): 0.1709/0.1500/0.1527 | LR: 0.000002
Epoch [79/100] | Loss: 1.3230 (Cls: 1.3230) | Train Acc: 0.9952 | Val Acc: 0.1524 | Val P/R/F1 (Macro): 0.1691/0.1537/0.1510 | LR: 0.000002
Epoch [80/100] | Loss: 1.3415 (Cls: 1.3415) | Train Acc: 0.9912 | Val Acc: 0.1397 | Val P/R/F1 (Macro): 0.1509/0.1408/0.1399 | LR: 0.000002
Epoch [81/100] | Loss: 1.3398 (Cls: 1.3398) | Train Acc: 0.9888 | Val Acc: 0.1397 | Val P/R/F1 (Macro): 0.1415/0.1401/0.1335 | LR: 0.000001
Epoch [82/100] | Loss: 1.3488 (Cls: 1.3488) | Train Acc: 0.9920 | Val Acc: 0.1365 | Val P/R/F1 (Macro): 0.1334/0.1382/0.1318 | LR: 0.000001
Epoch [83/100] | Loss: 1.3421 (Cls: 1.3421) | Train Acc: 0.9880 | Val Acc: 0.1524 | Val P/R/F1 (Macro): 0.1481/0.1528/0.1453 | LR: 0.000001
Epoch [84/100] | Loss: 1.3328 (Cls: 1.3328) | Train Acc: 0.9912 | Val Acc: 0.1492 | Val P/R/F1 (Macro): 0.1565/0.1495/0.1460 | LR: 0.000001
Epoch [85/100] | Loss: 1.3239 (Cls: 1.3239) | Train Acc: 0.9920 | Val Acc: 0.1460 | Val P/R/F1 (Macro): 0.1534/0.1471/0.1433 | LR: 0.000001
Epoch [86/100] | Loss: 1.3289 (Cls: 1.3289) | Train Acc: 0.9936 | Val Acc: 0.1460 | Val P/R/F1 (Macro): 0.1578/0.1457/0.1441 | LR: 0.000001
Epoch [87/100] | Loss: 1.3470 (Cls: 1.3470) | Train Acc: 0.9904 | Val Acc: 0.1460 | Val P/R/F1 (Macro): 0.1511/0.1466/0.1432 | LR: 0.000001
Epoch [88/100] | Loss: 1.3392 (Cls: 1.3392) | Train Acc: 0.9872 | Val Acc: 0.1492 | Val P/R/F1 (Macro): 0.1611/0.1494/0.1478 | LR: 0.000001
Epoch [89/100] | Loss: 1.3485 (Cls: 1.3485) | Train Acc: 0.9904 | Val Acc: 0.1492 | Val P/R/F1 (Macro): 0.1539/0.1500/0.1470 | LR: 0.000001
Epoch [90/100] | Loss: 1.3359 (Cls: 1.3359) | Train Acc: 0.9920 | Val Acc: 0.1587 | Val P/R/F1 (Macro): 0.1684/0.1575/0.1533 | LR: 0.000001
Epoch [91/100] | Loss: 1.3373 (Cls: 1.3373) | Train Acc: 0.9904 | Val Acc: 0.1556 | Val P/R/F1 (Macro): 0.1530/0.1548/0.1485 | LR: 0.000001
Epoch [92/100] | Loss: 1.3249 (Cls: 1.3249) | Train Acc: 0.9912 | Val Acc: 0.1460 | Val P/R/F1 (Macro): 0.1535/0.1461/0.1415 | LR: 0.000001
Epoch [93/100] | Loss: 1.3335 (Cls: 1.3335) | Train Acc: 0.9928 | Val Acc: 0.1556 | Val P/R/F1 (Macro): 0.1648/0.1567/0.1518 | LR: 0.000001
Epoch [94/100] | Loss: 1.3210 (Cls: 1.3210) | Train Acc: 0.9944 | Val Acc: 0.1492 | Val P/R/F1 (Macro): 0.1505/0.1486/0.1429 | LR: 0.000001
Epoch [95/100] | Loss: 1.3265 (Cls: 1.3265) | Train Acc: 0.9912 | Val Acc: 0.1587 | Val P/R/F1 (Macro): 0.1612/0.1591/0.1538 | LR: 0.000001
Epoch [96/100] | Loss: 1.3354 (Cls: 1.3354) | Train Acc: 0.9936 | Val Acc: 0.1460 | Val P/R/F1 (Macro): 0.1473/0.1467/0.1409 | LR: 0.000001
Epoch [97/100] | Loss: 1.3457 (Cls: 1.3457) | Train Acc: 0.9872 | Val Acc: 0.1365 | Val P/R/F1 (Macro): 0.1365/0.1367/0.1297 | LR: 0.000001
Epoch [98/100] | Loss: 1.3340 (Cls: 1.3340) | Train Acc: 0.9880 | Val Acc: 0.1619 | Val P/R/F1 (Macro): 0.1562/0.1599/0.1525 | LR: 0.000001
Epoch [99/100] | Loss: 1.3239 (Cls: 1.3239) | Train Acc: 0.9904 | Val Acc: 0.1556 | Val P/R/F1 (Macro): 0.1543/0.1540/0.1476 | LR: 0.000001
Epoch [100/100] | Loss: 1.3453 (Cls: 1.3453) | Train Acc: 0.9936 | Val Acc: 0.1460 | Val P/R/F1 (Macro): 0.1621/0.1465/0.1465 | LR: 0.000001
Report strategy: last_window, window=10, reported_acc=0.1511, best_acc=0.1714

迭代 3 报告指标:
  Accuracy: 0.1511
  Precision (Macro): 0.1539
  Recall (Macro): 0.1509
  F1 (Macro): 0.1456
  Precision (Micro): 0.1511
  Recall (Micro): 0.1511
  F1 (Micro): 0.1511
  Val class coverage: 16/16 (1.0000), samples=315

================================================================================
迭代 4/5
随机种子: 45
================================================================================
Training mode: unpaired target adaptation with controlled target-label loss (ratio=0.75, weight=1.10).
Fixed labeled target subset: 943/1257 samples.
Epoch [1/100] | Loss: 6.3871 (Cls: 6.3871) | Train Acc: 0.0897 | Val Acc: 0.0794 | Val P/R/F1 (Macro): 0.0659/0.0779/0.0630 | LR: 0.000050
  >>> New Best Val Acc: 0.0794
Epoch [2/100] | Loss: 5.9017 (Cls: 5.9017) | Train Acc: 0.1122 | Val Acc: 0.0889 | Val P/R/F1 (Macro): 0.1475/0.0857/0.0753 | LR: 0.000050
  >>> New Best Val Acc: 0.0889
Epoch [3/100] | Loss: 5.5424 (Cls: 5.5424) | Train Acc: 0.1370 | Val Acc: 0.0984 | Val P/R/F1 (Macro): 0.1232/0.0962/0.0843 | LR: 0.000050
  >>> New Best Val Acc: 0.0984
Epoch [4/100] | Loss: 5.1719 (Cls: 5.1719) | Train Acc: 0.2236 | Val Acc: 0.1143 | Val P/R/F1 (Macro): 0.1746/0.1123/0.1065 | LR: 0.000050
  >>> New Best Val Acc: 0.1143
Epoch [5/100] | Loss: 4.6774 (Cls: 4.6774) | Train Acc: 0.3165 | Val Acc: 0.1238 | Val P/R/F1 (Macro): 0.2413/0.1221/0.1292 | LR: 0.000050
  >>> New Best Val Acc: 0.1238
Epoch [6/100] | Loss: 4.1719 (Cls: 4.1719) | Train Acc: 0.4279 | Val Acc: 0.1397 | Val P/R/F1 (Macro): 0.2022/0.1394/0.1494 | LR: 0.000050
  >>> New Best Val Acc: 0.1397
Epoch [7/100] | Loss: 3.6933 (Cls: 3.6933) | Train Acc: 0.5152 | Val Acc: 0.1238 | Val P/R/F1 (Macro): 0.1630/0.1252/0.1212 | LR: 0.000050
Epoch [8/100] | Loss: 3.3065 (Cls: 3.3065) | Train Acc: 0.5921 | Val Acc: 0.1365 | Val P/R/F1 (Macro): 0.1855/0.1359/0.1458 | LR: 0.000050
Epoch [9/100] | Loss: 2.9243 (Cls: 2.9243) | Train Acc: 0.6707 | Val Acc: 0.1524 | Val P/R/F1 (Macro): 0.2014/0.1520/0.1506 | LR: 0.000050
  >>> New Best Val Acc: 0.1524
Epoch [10/100] | Loss: 2.5979 (Cls: 2.5979) | Train Acc: 0.7388 | Val Acc: 0.1524 | Val P/R/F1 (Macro): 0.1913/0.1547/0.1595 | LR: 0.000050
Epoch [11/100] | Loss: 2.4479 (Cls: 2.4479) | Train Acc: 0.7740 | Val Acc: 0.1556 | Val P/R/F1 (Macro): 0.1939/0.1593/0.1608 | LR: 0.000050
  >>> New Best Val Acc: 0.1556
Epoch [12/100] | Loss: 2.2713 (Cls: 2.2713) | Train Acc: 0.8301 | Val Acc: 0.1651 | Val P/R/F1 (Macro): 0.2016/0.1653/0.1667 | LR: 0.000050
  >>> New Best Val Acc: 0.1651
Epoch [13/100] | Loss: 2.1800 (Cls: 2.1800) | Train Acc: 0.8277 | Val Acc: 0.1524 | Val P/R/F1 (Macro): 0.1927/0.1529/0.1534 | LR: 0.000050
Epoch [14/100] | Loss: 2.0461 (Cls: 2.0461) | Train Acc: 0.8510 | Val Acc: 0.1492 | Val P/R/F1 (Macro): 0.2000/0.1496/0.1557 | LR: 0.000050
Epoch [15/100] | Loss: 1.9721 (Cls: 1.9721) | Train Acc: 0.8774 | Val Acc: 0.1524 | Val P/R/F1 (Macro): 0.1655/0.1561/0.1528 | LR: 0.000050
Epoch [16/100] | Loss: 1.9417 (Cls: 1.9417) | Train Acc: 0.8798 | Val Acc: 0.1524 | Val P/R/F1 (Macro): 0.1687/0.1536/0.1541 | LR: 0.000050
Epoch [17/100] | Loss: 1.8501 (Cls: 1.8501) | Train Acc: 0.9119 | Val Acc: 0.1683 | Val P/R/F1 (Macro): 0.1685/0.1707/0.1637 | LR: 0.000050
  >>> New Best Val Acc: 0.1683
Epoch [18/100] | Loss: 1.8132 (Cls: 1.8132) | Train Acc: 0.9038 | Val Acc: 0.1651 | Val P/R/F1 (Macro): 0.1827/0.1628/0.1638 | LR: 0.000050
Epoch [19/100] | Loss: 1.8195 (Cls: 1.8195) | Train Acc: 0.9151 | Val Acc: 0.1778 | Val P/R/F1 (Macro): 0.2106/0.1789/0.1774 | LR: 0.000050
  >>> New Best Val Acc: 0.1778
Epoch [20/100] | Loss: 1.7468 (Cls: 1.7468) | Train Acc: 0.9319 | Val Acc: 0.1683 | Val P/R/F1 (Macro): 0.1960/0.1700/0.1690 | LR: 0.000050
Epoch [21/100] | Loss: 1.7154 (Cls: 1.7154) | Train Acc: 0.9359 | Val Acc: 0.1746 | Val P/R/F1 (Macro): 0.1903/0.1735/0.1692 | LR: 0.000050
Epoch [22/100] | Loss: 1.6750 (Cls: 1.6750) | Train Acc: 0.9487 | Val Acc: 0.1683 | Val P/R/F1 (Macro): 0.1846/0.1714/0.1656 | LR: 0.000050
Epoch [23/100] | Loss: 1.6680 (Cls: 1.6680) | Train Acc: 0.9527 | Val Acc: 0.1429 | Val P/R/F1 (Macro): 0.1510/0.1449/0.1411 | LR: 0.000050
Epoch [24/100] | Loss: 1.5892 (Cls: 1.5892) | Train Acc: 0.9631 | Val Acc: 0.1556 | Val P/R/F1 (Macro): 0.1665/0.1538/0.1496 | LR: 0.000050
Epoch [25/100] | Loss: 1.5708 (Cls: 1.5708) | Train Acc: 0.9599 | Val Acc: 0.1397 | Val P/R/F1 (Macro): 0.1538/0.1424/0.1401 | LR: 0.000050
Epoch [26/100] | Loss: 1.5572 (Cls: 1.5572) | Train Acc: 0.9647 | Val Acc: 0.1619 | Val P/R/F1 (Macro): 0.1634/0.1621/0.1565 | LR: 0.000050
Epoch [27/100] | Loss: 1.5223 (Cls: 1.5223) | Train Acc: 0.9696 | Val Acc: 0.1556 | Val P/R/F1 (Macro): 0.1712/0.1576/0.1550 | LR: 0.000050
Epoch [28/100] | Loss: 1.5029 (Cls: 1.5029) | Train Acc: 0.9792 | Val Acc: 0.1429 | Val P/R/F1 (Macro): 0.1689/0.1468/0.1467 | LR: 0.000050
Epoch [29/100] | Loss: 1.5026 (Cls: 1.5026) | Train Acc: 0.9832 | Val Acc: 0.1651 | Val P/R/F1 (Macro): 0.1796/0.1654/0.1643 | LR: 0.000050
Epoch [30/100] | Loss: 1.4731 (Cls: 1.4731) | Train Acc: 0.9776 | Val Acc: 0.1524 | Val P/R/F1 (Macro): 0.1604/0.1553/0.1523 | LR: 0.000025
Epoch [31/100] | Loss: 1.4657 (Cls: 1.4657) | Train Acc: 0.9728 | Val Acc: 0.1651 | Val P/R/F1 (Macro): 0.1827/0.1705/0.1659 | LR: 0.000025
Epoch [32/100] | Loss: 1.4380 (Cls: 1.4380) | Train Acc: 0.9816 | Val Acc: 0.1492 | Val P/R/F1 (Macro): 0.1498/0.1519/0.1432 | LR: 0.000025
Epoch [33/100] | Loss: 1.4338 (Cls: 1.4338) | Train Acc: 0.9840 | Val Acc: 0.1587 | Val P/R/F1 (Macro): 0.1695/0.1608/0.1567 | LR: 0.000025
Epoch [34/100] | Loss: 1.4084 (Cls: 1.4084) | Train Acc: 0.9880 | Val Acc: 0.1556 | Val P/R/F1 (Macro): 0.1639/0.1594/0.1471 | LR: 0.000025
Epoch [35/100] | Loss: 1.4277 (Cls: 1.4277) | Train Acc: 0.9816 | Val Acc: 0.1397 | Val P/R/F1 (Macro): 0.1512/0.1447/0.1376 | LR: 0.000025
Epoch [36/100] | Loss: 1.3928 (Cls: 1.3928) | Train Acc: 0.9896 | Val Acc: 0.1460 | Val P/R/F1 (Macro): 0.1711/0.1502/0.1468 | LR: 0.000025
Epoch [37/100] | Loss: 1.4076 (Cls: 1.4076) | Train Acc: 0.9808 | Val Acc: 0.1429 | Val P/R/F1 (Macro): 0.1490/0.1472/0.1394 | LR: 0.000025
Epoch [38/100] | Loss: 1.3978 (Cls: 1.3978) | Train Acc: 0.9880 | Val Acc: 0.1365 | Val P/R/F1 (Macro): 0.1438/0.1381/0.1347 | LR: 0.000025
Epoch [39/100] | Loss: 1.3793 (Cls: 1.3793) | Train Acc: 0.9864 | Val Acc: 0.1556 | Val P/R/F1 (Macro): 0.1732/0.1584/0.1535 | LR: 0.000025
Epoch [40/100] | Loss: 1.3783 (Cls: 1.3783) | Train Acc: 0.9848 | Val Acc: 0.1492 | Val P/R/F1 (Macro): 0.1402/0.1500/0.1400 | LR: 0.000025
Epoch [41/100] | Loss: 1.3734 (Cls: 1.3734) | Train Acc: 0.9920 | Val Acc: 0.1460 | Val P/R/F1 (Macro): 0.1578/0.1479/0.1402 | LR: 0.000013
Epoch [42/100] | Loss: 1.3700 (Cls: 1.3700) | Train Acc: 0.9808 | Val Acc: 0.1651 | Val P/R/F1 (Macro): 0.1736/0.1624/0.1613 | LR: 0.000013
Epoch [43/100] | Loss: 1.3756 (Cls: 1.3756) | Train Acc: 0.9856 | Val Acc: 0.1397 | Val P/R/F1 (Macro): 0.1495/0.1419/0.1370 | LR: 0.000013
Epoch [44/100] | Loss: 1.3653 (Cls: 1.3653) | Train Acc: 0.9936 | Val Acc: 0.1524 | Val P/R/F1 (Macro): 0.1566/0.1557/0.1485 | LR: 0.000013
Epoch [45/100] | Loss: 1.3509 (Cls: 1.3509) | Train Acc: 0.9880 | Val Acc: 0.1460 | Val P/R/F1 (Macro): 0.1563/0.1489/0.1425 | LR: 0.000013
Epoch [46/100] | Loss: 1.3612 (Cls: 1.3612) | Train Acc: 0.9864 | Val Acc: 0.1619 | Val P/R/F1 (Macro): 0.1737/0.1635/0.1587 | LR: 0.000013
Epoch [47/100] | Loss: 1.3420 (Cls: 1.3420) | Train Acc: 0.9944 | Val Acc: 0.1587 | Val P/R/F1 (Macro): 0.1528/0.1592/0.1468 | LR: 0.000013
Epoch [48/100] | Loss: 1.3453 (Cls: 1.3453) | Train Acc: 0.9904 | Val Acc: 0.1397 | Val P/R/F1 (Macro): 0.1478/0.1431/0.1362 | LR: 0.000013
Epoch [49/100] | Loss: 1.3486 (Cls: 1.3486) | Train Acc: 0.9920 | Val Acc: 0.1619 | Val P/R/F1 (Macro): 0.1581/0.1670/0.1542 | LR: 0.000013
Epoch [50/100] | Loss: 1.3445 (Cls: 1.3445) | Train Acc: 0.9904 | Val Acc: 0.1587 | Val P/R/F1 (Macro): 0.1545/0.1623/0.1504 | LR: 0.000013
Epoch [51/100] | Loss: 1.3389 (Cls: 1.3389) | Train Acc: 0.9920 | Val Acc: 0.1460 | Val P/R/F1 (Macro): 0.1458/0.1485/0.1392 | LR: 0.000013
Epoch [52/100] | Loss: 1.3477 (Cls: 1.3477) | Train Acc: 0.9880 | Val Acc: 0.1397 | Val P/R/F1 (Macro): 0.1485/0.1410/0.1369 | LR: 0.000006
Epoch [53/100] | Loss: 1.3321 (Cls: 1.3321) | Train Acc: 0.9952 | Val Acc: 0.1460 | Val P/R/F1 (Macro): 0.1537/0.1513/0.1425 | LR: 0.000006
Epoch [54/100] | Loss: 1.3347 (Cls: 1.3347) | Train Acc: 0.9904 | Val Acc: 0.1492 | Val P/R/F1 (Macro): 0.1605/0.1501/0.1473 | LR: 0.000006
Epoch [55/100] | Loss: 1.3514 (Cls: 1.3514) | Train Acc: 0.9896 | Val Acc: 0.1397 | Val P/R/F1 (Macro): 0.1493/0.1440/0.1395 | LR: 0.000006
Epoch [56/100] | Loss: 1.3333 (Cls: 1.3333) | Train Acc: 0.9944 | Val Acc: 0.1397 | Val P/R/F1 (Macro): 0.1503/0.1406/0.1370 | LR: 0.000006
Epoch [57/100] | Loss: 1.3410 (Cls: 1.3410) | Train Acc: 0.9888 | Val Acc: 0.1556 | Val P/R/F1 (Macro): 0.1629/0.1582/0.1514 | LR: 0.000006
Epoch [58/100] | Loss: 1.3315 (Cls: 1.3315) | Train Acc: 0.9896 | Val Acc: 0.1429 | Val P/R/F1 (Macro): 0.1525/0.1455/0.1393 | LR: 0.000006
Epoch [59/100] | Loss: 1.3470 (Cls: 1.3470) | Train Acc: 0.9920 | Val Acc: 0.1429 | Val P/R/F1 (Macro): 0.1559/0.1449/0.1396 | LR: 0.000006
Epoch [60/100] | Loss: 1.3236 (Cls: 1.3236) | Train Acc: 0.9920 | Val Acc: 0.1556 | Val P/R/F1 (Macro): 0.1578/0.1608/0.1489 | LR: 0.000006
Epoch [61/100] | Loss: 1.3410 (Cls: 1.3410) | Train Acc: 0.9944 | Val Acc: 0.1492 | Val P/R/F1 (Macro): 0.1507/0.1562/0.1439 | LR: 0.000006
Epoch [62/100] | Loss: 1.3211 (Cls: 1.3211) | Train Acc: 0.9928 | Val Acc: 0.1524 | Val P/R/F1 (Macro): 0.1612/0.1597/0.1484 | LR: 0.000006
Epoch [63/100] | Loss: 1.3346 (Cls: 1.3346) | Train Acc: 0.9888 | Val Acc: 0.1460 | Val P/R/F1 (Macro): 0.1585/0.1501/0.1418 | LR: 0.000003
Epoch [64/100] | Loss: 1.3269 (Cls: 1.3269) | Train Acc: 0.9912 | Val Acc: 0.1365 | Val P/R/F1 (Macro): 0.1478/0.1405/0.1349 | LR: 0.000003
Epoch [65/100] | Loss: 1.3301 (Cls: 1.3301) | Train Acc: 0.9920 | Val Acc: 0.1429 | Val P/R/F1 (Macro): 0.1531/0.1465/0.1414 | LR: 0.000003
Epoch [66/100] | Loss: 1.3204 (Cls: 1.3204) | Train Acc: 0.9920 | Val Acc: 0.1397 | Val P/R/F1 (Macro): 0.1340/0.1433/0.1308 | LR: 0.000003
Epoch [67/100] | Loss: 1.3152 (Cls: 1.3152) | Train Acc: 0.9976 | Val Acc: 0.1333 | Val P/R/F1 (Macro): 0.1441/0.1365/0.1307 | LR: 0.000003
Epoch [68/100] | Loss: 1.3153 (Cls: 1.3153) | Train Acc: 0.9960 | Val Acc: 0.1587 | Val P/R/F1 (Macro): 0.1697/0.1620/0.1547 | LR: 0.000003
Epoch [69/100] | Loss: 1.3184 (Cls: 1.3184) | Train Acc: 0.9960 | Val Acc: 0.1429 | Val P/R/F1 (Macro): 0.1723/0.1459/0.1434 | LR: 0.000003
Epoch [70/100] | Loss: 1.3196 (Cls: 1.3196) | Train Acc: 0.9936 | Val Acc: 0.1365 | Val P/R/F1 (Macro): 0.1436/0.1387/0.1331 | LR: 0.000003
Epoch [71/100] | Loss: 1.3297 (Cls: 1.3297) | Train Acc: 0.9912 | Val Acc: 0.1365 | Val P/R/F1 (Macro): 0.1363/0.1403/0.1309 | LR: 0.000003
Epoch [72/100] | Loss: 1.3192 (Cls: 1.3192) | Train Acc: 0.9960 | Val Acc: 0.1365 | Val P/R/F1 (Macro): 0.1520/0.1396/0.1361 | LR: 0.000003
Epoch [73/100] | Loss: 1.3191 (Cls: 1.3191) | Train Acc: 0.9920 | Val Acc: 0.1492 | Val P/R/F1 (Macro): 0.1589/0.1514/0.1457 | LR: 0.000003
Epoch [74/100] | Loss: 1.3097 (Cls: 1.3097) | Train Acc: 0.9968 | Val Acc: 0.1492 | Val P/R/F1 (Macro): 0.1585/0.1501/0.1470 | LR: 0.000002
Epoch [75/100] | Loss: 1.3255 (Cls: 1.3255) | Train Acc: 0.9944 | Val Acc: 0.1587 | Val P/R/F1 (Macro): 0.1694/0.1633/0.1550 | LR: 0.000002
Epoch [76/100] | Loss: 1.3123 (Cls: 1.3123) | Train Acc: 0.9920 | Val Acc: 0.1524 | Val P/R/F1 (Macro): 0.1535/0.1539/0.1454 | LR: 0.000002
Epoch [77/100] | Loss: 1.3090 (Cls: 1.3090) | Train Acc: 0.9944 | Val Acc: 0.1556 | Val P/R/F1 (Macro): 0.1751/0.1567/0.1544 | LR: 0.000002
Epoch [78/100] | Loss: 1.3141 (Cls: 1.3141) | Train Acc: 0.9936 | Val Acc: 0.1524 | Val P/R/F1 (Macro): 0.1645/0.1529/0.1487 | LR: 0.000002
Epoch [79/100] | Loss: 1.3120 (Cls: 1.3120) | Train Acc: 0.9968 | Val Acc: 0.1365 | Val P/R/F1 (Macro): 0.1421/0.1403/0.1335 | LR: 0.000002
Epoch [80/100] | Loss: 1.3152 (Cls: 1.3152) | Train Acc: 0.9944 | Val Acc: 0.1429 | Val P/R/F1 (Macro): 0.1570/0.1452/0.1428 | LR: 0.000002
Epoch [81/100] | Loss: 1.3049 (Cls: 1.3049) | Train Acc: 0.9936 | Val Acc: 0.1492 | Val P/R/F1 (Macro): 0.1539/0.1516/0.1436 | LR: 0.000002
Epoch [82/100] | Loss: 1.3064 (Cls: 1.3064) | Train Acc: 0.9952 | Val Acc: 0.1429 | Val P/R/F1 (Macro): 0.1551/0.1455/0.1401 | LR: 0.000002
Epoch [83/100] | Loss: 1.3226 (Cls: 1.3226) | Train Acc: 0.9968 | Val Acc: 0.1460 | Val P/R/F1 (Macro): 0.1603/0.1506/0.1434 | LR: 0.000002
Epoch [84/100] | Loss: 1.3184 (Cls: 1.3184) | Train Acc: 0.9976 | Val Acc: 0.1651 | Val P/R/F1 (Macro): 0.1674/0.1660/0.1544 | LR: 0.000002
Epoch [85/100] | Loss: 1.3174 (Cls: 1.3174) | Train Acc: 0.9928 | Val Acc: 0.1556 | Val P/R/F1 (Macro): 0.1636/0.1601/0.1519 | LR: 0.000001
Epoch [86/100] | Loss: 1.3245 (Cls: 1.3245) | Train Acc: 0.9920 | Val Acc: 0.1556 | Val P/R/F1 (Macro): 0.1612/0.1598/0.1494 | LR: 0.000001
Epoch [87/100] | Loss: 1.3247 (Cls: 1.3247) | Train Acc: 0.9904 | Val Acc: 0.1556 | Val P/R/F1 (Macro): 0.1535/0.1566/0.1458 | LR: 0.000001
Epoch [88/100] | Loss: 1.3129 (Cls: 1.3129) | Train Acc: 0.9952 | Val Acc: 0.1460 | Val P/R/F1 (Macro): 0.1583/0.1501/0.1430 | LR: 0.000001
Epoch [89/100] | Loss: 1.3243 (Cls: 1.3243) | Train Acc: 0.9920 | Val Acc: 0.1397 | Val P/R/F1 (Macro): 0.1479/0.1424/0.1370 | LR: 0.000001
Epoch [90/100] | Loss: 1.3053 (Cls: 1.3053) | Train Acc: 0.9920 | Val Acc: 0.1429 | Val P/R/F1 (Macro): 0.1520/0.1469/0.1395 | LR: 0.000001
Epoch [91/100] | Loss: 1.3041 (Cls: 1.3041) | Train Acc: 0.9984 | Val Acc: 0.1587 | Val P/R/F1 (Macro): 0.1603/0.1599/0.1529 | LR: 0.000001
Epoch [92/100] | Loss: 1.3292 (Cls: 1.3292) | Train Acc: 0.9920 | Val Acc: 0.1397 | Val P/R/F1 (Macro): 0.1454/0.1423/0.1347 | LR: 0.000001
Epoch [93/100] | Loss: 1.3110 (Cls: 1.3110) | Train Acc: 0.9944 | Val Acc: 0.1397 | Val P/R/F1 (Macro): 0.1335/0.1448/0.1294 | LR: 0.000001
Epoch [94/100] | Loss: 1.3239 (Cls: 1.3239) | Train Acc: 0.9920 | Val Acc: 0.1524 | Val P/R/F1 (Macro): 0.1531/0.1556/0.1456 | LR: 0.000001
Epoch [95/100] | Loss: 1.3070 (Cls: 1.3070) | Train Acc: 0.9960 | Val Acc: 0.1492 | Val P/R/F1 (Macro): 0.1729/0.1515/0.1489 | LR: 0.000001
Epoch [96/100] | Loss: 1.3262 (Cls: 1.3262) | Train Acc: 0.9960 | Val Acc: 0.1619 | Val P/R/F1 (Macro): 0.1755/0.1644/0.1595 | LR: 0.000001
Epoch [97/100] | Loss: 1.3059 (Cls: 1.3059) | Train Acc: 0.9984 | Val Acc: 0.1429 | Val P/R/F1 (Macro): 0.1469/0.1454/0.1378 | LR: 0.000001
Epoch [98/100] | Loss: 1.3118 (Cls: 1.3118) | Train Acc: 0.9888 | Val Acc: 0.1460 | Val P/R/F1 (Macro): 0.1541/0.1495/0.1409 | LR: 0.000001
Epoch [99/100] | Loss: 1.3024 (Cls: 1.3024) | Train Acc: 0.9976 | Val Acc: 0.1556 | Val P/R/F1 (Macro): 0.1508/0.1622/0.1467 | LR: 0.000001
Epoch [100/100] | Loss: 1.3201 (Cls: 1.3201) | Train Acc: 0.9928 | Val Acc: 0.1587 | Val P/R/F1 (Macro): 0.1539/0.1613/0.1510 | LR: 0.000001
Report strategy: last_window, window=10, reported_acc=0.1505, best_acc=0.1778

迭代 4 报告指标:
  Accuracy: 0.1505
  Precision (Macro): 0.1546
  Recall (Macro): 0.1537
  F1 (Macro): 0.1447
  Precision (Micro): 0.1505
  Recall (Micro): 0.1505
  F1 (Micro): 0.1505
  Val class coverage: 16/16 (1.0000), samples=315

================================================================================
迭代 5/5
随机种子: 46
================================================================================
Training mode: unpaired target adaptation with controlled target-label loss (ratio=0.75, weight=1.10).
Fixed labeled target subset: 943/1257 samples.
Epoch [1/100] | Loss: 6.5090 (Cls: 6.5090) | Train Acc: 0.0721 | Val Acc: 0.0698 | Val P/R/F1 (Macro): 0.0438/0.0691/0.0457 | LR: 0.000050
  >>> New Best Val Acc: 0.0698
Epoch [2/100] | Loss: 5.8267 (Cls: 5.8267) | Train Acc: 0.1274 | Val Acc: 0.0952 | Val P/R/F1 (Macro): 0.0800/0.0915/0.0680 | LR: 0.000050
  >>> New Best Val Acc: 0.0952
Epoch [3/100] | Loss: 5.5219 (Cls: 5.5219) | Train Acc: 0.1683 | Val Acc: 0.1111 | Val P/R/F1 (Macro): 0.0817/0.1038/0.0787 | LR: 0.000050
  >>> New Best Val Acc: 0.1111
Epoch [4/100] | Loss: 5.1649 (Cls: 5.1649) | Train Acc: 0.2452 | Val Acc: 0.1016 | Val P/R/F1 (Macro): 0.1549/0.1000/0.0981 | LR: 0.000050
Epoch [5/100] | Loss: 4.6949 (Cls: 4.6949) | Train Acc: 0.3413 | Val Acc: 0.1111 | Val P/R/F1 (Macro): 0.1194/0.1120/0.0993 | LR: 0.000050
Epoch [6/100] | Loss: 4.2909 (Cls: 4.2909) | Train Acc: 0.4215 | Val Acc: 0.1206 | Val P/R/F1 (Macro): 0.1157/0.1217/0.0994 | LR: 0.000050
  >>> New Best Val Acc: 0.1206
Epoch [7/100] | Loss: 3.7979 (Cls: 3.7979) | Train Acc: 0.5176 | Val Acc: 0.1238 | Val P/R/F1 (Macro): 0.1465/0.1237/0.1194 | LR: 0.000050
  >>> New Best Val Acc: 0.1238
Epoch [8/100] | Loss: 3.3403 (Cls: 3.3403) | Train Acc: 0.5793 | Val Acc: 0.1429 | Val P/R/F1 (Macro): 0.1752/0.1387/0.1307 | LR: 0.000050
  >>> New Best Val Acc: 0.1429
Epoch [9/100] | Loss: 2.9169 (Cls: 2.9169) | Train Acc: 0.7059 | Val Acc: 0.1206 | Val P/R/F1 (Macro): 0.1182/0.1229/0.1128 | LR: 0.000050
Epoch [10/100] | Loss: 2.7044 (Cls: 2.7044) | Train Acc: 0.7188 | Val Acc: 0.1270 | Val P/R/F1 (Macro): 0.1317/0.1267/0.1223 | LR: 0.000050
Epoch [11/100] | Loss: 2.3723 (Cls: 2.3723) | Train Acc: 0.7957 | Val Acc: 0.1302 | Val P/R/F1 (Macro): 0.1467/0.1267/0.1252 | LR: 0.000050
Epoch [12/100] | Loss: 2.3218 (Cls: 2.3218) | Train Acc: 0.7861 | Val Acc: 0.1429 | Val P/R/F1 (Macro): 0.1508/0.1441/0.1345 | LR: 0.000050
Epoch [13/100] | Loss: 2.1784 (Cls: 2.1784) | Train Acc: 0.8454 | Val Acc: 0.1651 | Val P/R/F1 (Macro): 0.2033/0.1659/0.1684 | LR: 0.000050
  >>> New Best Val Acc: 0.1651
Epoch [14/100] | Loss: 2.0815 (Cls: 2.0815) | Train Acc: 0.8462 | Val Acc: 0.1238 | Val P/R/F1 (Macro): 0.1545/0.1260/0.1279 | LR: 0.000050
Epoch [15/100] | Loss: 1.9888 (Cls: 1.9888) | Train Acc: 0.8678 | Val Acc: 0.1365 | Val P/R/F1 (Macro): 0.1535/0.1361/0.1355 | LR: 0.000050
Epoch [16/100] | Loss: 1.9028 (Cls: 1.9028) | Train Acc: 0.8862 | Val Acc: 0.1365 | Val P/R/F1 (Macro): 0.1780/0.1352/0.1386 | LR: 0.000050
Epoch [17/100] | Loss: 1.8634 (Cls: 1.8634) | Train Acc: 0.9062 | Val Acc: 0.1492 | Val P/R/F1 (Macro): 0.1464/0.1495/0.1375 | LR: 0.000050
Epoch [18/100] | Loss: 1.7841 (Cls: 1.7841) | Train Acc: 0.9239 | Val Acc: 0.1587 | Val P/R/F1 (Macro): 0.1842/0.1578/0.1585 | LR: 0.000050
Epoch [19/100] | Loss: 1.7534 (Cls: 1.7534) | Train Acc: 0.9231 | Val Acc: 0.1429 | Val P/R/F1 (Macro): 0.1493/0.1438/0.1420 | LR: 0.000050
Epoch [20/100] | Loss: 1.6981 (Cls: 1.6981) | Train Acc: 0.9383 | Val Acc: 0.1619 | Val P/R/F1 (Macro): 0.1660/0.1620/0.1582 | LR: 0.000050
Epoch [21/100] | Loss: 1.6798 (Cls: 1.6798) | Train Acc: 0.9407 | Val Acc: 0.1492 | Val P/R/F1 (Macro): 0.1807/0.1482/0.1518 | LR: 0.000050
Epoch [22/100] | Loss: 1.6207 (Cls: 1.6207) | Train Acc: 0.9479 | Val Acc: 0.1492 | Val P/R/F1 (Macro): 0.1716/0.1507/0.1466 | LR: 0.000050
Epoch [23/100] | Loss: 1.5985 (Cls: 1.5985) | Train Acc: 0.9503 | Val Acc: 0.1429 | Val P/R/F1 (Macro): 0.1728/0.1452/0.1478 | LR: 0.000050
Epoch [24/100] | Loss: 1.6056 (Cls: 1.6056) | Train Acc: 0.9559 | Val Acc: 0.1746 | Val P/R/F1 (Macro): 0.1944/0.1793/0.1736 | LR: 0.000050
  >>> New Best Val Acc: 0.1746
Epoch [25/100] | Loss: 1.5425 (Cls: 1.5425) | Train Acc: 0.9663 | Val Acc: 0.1683 | Val P/R/F1 (Macro): 0.2125/0.1736/0.1739 | LR: 0.000050
Epoch [26/100] | Loss: 1.5458 (Cls: 1.5458) | Train Acc: 0.9559 | Val Acc: 0.1714 | Val P/R/F1 (Macro): 0.1939/0.1775/0.1708 | LR: 0.000050
Epoch [27/100] | Loss: 1.5459 (Cls: 1.5459) | Train Acc: 0.9599 | Val Acc: 0.1841 | Val P/R/F1 (Macro): 0.1994/0.1863/0.1789 | LR: 0.000050
  >>> New Best Val Acc: 0.1841
Epoch [28/100] | Loss: 1.4762 (Cls: 1.4762) | Train Acc: 0.9760 | Val Acc: 0.1841 | Val P/R/F1 (Macro): 0.2022/0.1854/0.1808 | LR: 0.000050
Epoch [29/100] | Loss: 1.4726 (Cls: 1.4726) | Train Acc: 0.9752 | Val Acc: 0.1714 | Val P/R/F1 (Macro): 0.1869/0.1697/0.1699 | LR: 0.000050
Epoch [30/100] | Loss: 1.4587 (Cls: 1.4587) | Train Acc: 0.9784 | Val Acc: 0.1683 | Val P/R/F1 (Macro): 0.1973/0.1702/0.1581 | LR: 0.000050
Epoch [31/100] | Loss: 1.4428 (Cls: 1.4428) | Train Acc: 0.9816 | Val Acc: 0.1556 | Val P/R/F1 (Macro): 0.1859/0.1551/0.1554 | LR: 0.000050
Epoch [32/100] | Loss: 1.4298 (Cls: 1.4298) | Train Acc: 0.9808 | Val Acc: 0.1810 | Val P/R/F1 (Macro): 0.1956/0.1813/0.1778 | LR: 0.000050
Epoch [33/100] | Loss: 1.4299 (Cls: 1.4299) | Train Acc: 0.9832 | Val Acc: 0.1937 | Val P/R/F1 (Macro): 0.1941/0.1886/0.1830 | LR: 0.000050
  >>> New Best Val Acc: 0.1937
Epoch [34/100] | Loss: 1.4322 (Cls: 1.4322) | Train Acc: 0.9800 | Val Acc: 0.1556 | Val P/R/F1 (Macro): 0.1798/0.1533/0.1510 | LR: 0.000050
Epoch [35/100] | Loss: 1.4034 (Cls: 1.4034) | Train Acc: 0.9832 | Val Acc: 0.1587 | Val P/R/F1 (Macro): 0.1996/0.1582/0.1621 | LR: 0.000050
Epoch [36/100] | Loss: 1.4001 (Cls: 1.4001) | Train Acc: 0.9848 | Val Acc: 0.1492 | Val P/R/F1 (Macro): 0.1633/0.1511/0.1428 | LR: 0.000050
Epoch [37/100] | Loss: 1.3774 (Cls: 1.3774) | Train Acc: 0.9880 | Val Acc: 0.1333 | Val P/R/F1 (Macro): 0.1615/0.1347/0.1334 | LR: 0.000050
Epoch [38/100] | Loss: 1.3689 (Cls: 1.3689) | Train Acc: 0.9864 | Val Acc: 0.1556 | Val P/R/F1 (Macro): 0.1524/0.1591/0.1503 | LR: 0.000050
Epoch [39/100] | Loss: 1.3785 (Cls: 1.3785) | Train Acc: 0.9896 | Val Acc: 0.1651 | Val P/R/F1 (Macro): 0.2247/0.1660/0.1682 | LR: 0.000050
Epoch [40/100] | Loss: 1.3573 (Cls: 1.3573) | Train Acc: 0.9864 | Val Acc: 0.1556 | Val P/R/F1 (Macro): 0.1713/0.1572/0.1557 | LR: 0.000050
Epoch [41/100] | Loss: 1.3532 (Cls: 1.3532) | Train Acc: 0.9896 | Val Acc: 0.1619 | Val P/R/F1 (Macro): 0.1871/0.1663/0.1594 | LR: 0.000050
Epoch [42/100] | Loss: 1.3523 (Cls: 1.3523) | Train Acc: 0.9912 | Val Acc: 0.1619 | Val P/R/F1 (Macro): 0.2010/0.1653/0.1611 | LR: 0.000050
Epoch [43/100] | Loss: 1.3601 (Cls: 1.3601) | Train Acc: 0.9856 | Val Acc: 0.1651 | Val P/R/F1 (Macro): 0.1877/0.1686/0.1612 | LR: 0.000050
Epoch [44/100] | Loss: 1.3489 (Cls: 1.3489) | Train Acc: 0.9912 | Val Acc: 0.1492 | Val P/R/F1 (Macro): 0.1687/0.1503/0.1464 | LR: 0.000025
Epoch [45/100] | Loss: 1.3511 (Cls: 1.3511) | Train Acc: 0.9912 | Val Acc: 0.1619 | Val P/R/F1 (Macro): 0.1955/0.1614/0.1650 | LR: 0.000025
Epoch [46/100] | Loss: 1.3390 (Cls: 1.3390) | Train Acc: 0.9912 | Val Acc: 0.1651 | Val P/R/F1 (Macro): 0.1699/0.1671/0.1606 | LR: 0.000025
Epoch [47/100] | Loss: 1.3228 (Cls: 1.3228) | Train Acc: 0.9888 | Val Acc: 0.1397 | Val P/R/F1 (Macro): 0.1521/0.1409/0.1382 | LR: 0.000025
Epoch [48/100] | Loss: 1.3216 (Cls: 1.3216) | Train Acc: 0.9904 | Val Acc: 0.1556 | Val P/R/F1 (Macro): 0.1810/0.1567/0.1534 | LR: 0.000025
Epoch [49/100] | Loss: 1.3123 (Cls: 1.3123) | Train Acc: 0.9928 | Val Acc: 0.1524 | Val P/R/F1 (Macro): 0.1695/0.1533/0.1518 | LR: 0.000025
Epoch [50/100] | Loss: 1.3184 (Cls: 1.3184) | Train Acc: 0.9904 | Val Acc: 0.1556 | Val P/R/F1 (Macro): 0.1704/0.1548/0.1510 | LR: 0.000025
Epoch [51/100] | Loss: 1.3176 (Cls: 1.3176) | Train Acc: 0.9928 | Val Acc: 0.1587 | Val P/R/F1 (Macro): 0.1689/0.1578/0.1540 | LR: 0.000025
Epoch [52/100] | Loss: 1.2975 (Cls: 1.2975) | Train Acc: 0.9968 | Val Acc: 0.1492 | Val P/R/F1 (Macro): 0.1632/0.1534/0.1451 | LR: 0.000025
Epoch [53/100] | Loss: 1.3049 (Cls: 1.3049) | Train Acc: 0.9952 | Val Acc: 0.1429 | Val P/R/F1 (Macro): 0.1461/0.1467/0.1364 | LR: 0.000025
Epoch [54/100] | Loss: 1.3023 (Cls: 1.3023) | Train Acc: 0.9920 | Val Acc: 0.1587 | Val P/R/F1 (Macro): 0.1734/0.1591/0.1579 | LR: 0.000025
Epoch [55/100] | Loss: 1.3085 (Cls: 1.3085) | Train Acc: 0.9896 | Val Acc: 0.1556 | Val P/R/F1 (Macro): 0.1766/0.1590/0.1537 | LR: 0.000013
Epoch [56/100] | Loss: 1.2959 (Cls: 1.2959) | Train Acc: 0.9920 | Val Acc: 0.1524 | Val P/R/F1 (Macro): 0.1845/0.1551/0.1566 | LR: 0.000013
Epoch [57/100] | Loss: 1.3029 (Cls: 1.3029) | Train Acc: 0.9904 | Val Acc: 0.1524 | Val P/R/F1 (Macro): 0.1555/0.1552/0.1463 | LR: 0.000013
Epoch [58/100] | Loss: 1.2936 (Cls: 1.2936) | Train Acc: 0.9944 | Val Acc: 0.1524 | Val P/R/F1 (Macro): 0.1664/0.1567/0.1503 | LR: 0.000013
Epoch [59/100] | Loss: 1.2885 (Cls: 1.2885) | Train Acc: 0.9952 | Val Acc: 0.1492 | Val P/R/F1 (Macro): 0.1778/0.1539/0.1502 | LR: 0.000013
Epoch [60/100] | Loss: 1.2941 (Cls: 1.2941) | Train Acc: 0.9936 | Val Acc: 0.1619 | Val P/R/F1 (Macro): 0.1813/0.1662/0.1621 | LR: 0.000013
Epoch [61/100] | Loss: 1.2943 (Cls: 1.2943) | Train Acc: 0.9936 | Val Acc: 0.1619 | Val P/R/F1 (Macro): 0.1823/0.1641/0.1609 | LR: 0.000013
Epoch [62/100] | Loss: 1.2914 (Cls: 1.2914) | Train Acc: 0.9944 | Val Acc: 0.1683 | Val P/R/F1 (Macro): 0.1848/0.1714/0.1648 | LR: 0.000013
Epoch [63/100] | Loss: 1.2880 (Cls: 1.2880) | Train Acc: 0.9960 | Val Acc: 0.1651 | Val P/R/F1 (Macro): 0.1701/0.1653/0.1592 | LR: 0.000013
Epoch [64/100] | Loss: 1.2962 (Cls: 1.2962) | Train Acc: 0.9952 | Val Acc: 0.1683 | Val P/R/F1 (Macro): 0.1933/0.1699/0.1705 | LR: 0.000013
Epoch [65/100] | Loss: 1.3009 (Cls: 1.3009) | Train Acc: 0.9920 | Val Acc: 0.1683 | Val P/R/F1 (Macro): 0.1856/0.1707/0.1672 | LR: 0.000013
Epoch [66/100] | Loss: 1.2835 (Cls: 1.2835) | Train Acc: 0.9968 | Val Acc: 0.1556 | Val P/R/F1 (Macro): 0.1800/0.1597/0.1569 | LR: 0.000006
Epoch [67/100] | Loss: 1.2858 (Cls: 1.2858) | Train Acc: 0.9920 | Val Acc: 0.1492 | Val P/R/F1 (Macro): 0.1727/0.1530/0.1510 | LR: 0.000006
Epoch [68/100] | Loss: 1.2771 (Cls: 1.2771) | Train Acc: 0.9952 | Val Acc: 0.1556 | Val P/R/F1 (Macro): 0.1717/0.1597/0.1527 | LR: 0.000006
Epoch [69/100] | Loss: 1.2774 (Cls: 1.2774) | Train Acc: 0.9952 | Val Acc: 0.1556 | Val P/R/F1 (Macro): 0.1768/0.1606/0.1570 | LR: 0.000006
Epoch [70/100] | Loss: 1.2836 (Cls: 1.2836) | Train Acc: 0.9944 | Val Acc: 0.1524 | Val P/R/F1 (Macro): 0.1729/0.1570/0.1496 | LR: 0.000006
Epoch [71/100] | Loss: 1.2817 (Cls: 1.2817) | Train Acc: 0.9968 | Val Acc: 0.1587 | Val P/R/F1 (Macro): 0.1739/0.1623/0.1566 | LR: 0.000006
Epoch [72/100] | Loss: 1.2827 (Cls: 1.2827) | Train Acc: 0.9944 | Val Acc: 0.1556 | Val P/R/F1 (Macro): 0.1654/0.1589/0.1525 | LR: 0.000006
Epoch [73/100] | Loss: 1.2803 (Cls: 1.2803) | Train Acc: 0.9936 | Val Acc: 0.1556 | Val P/R/F1 (Macro): 0.1665/0.1585/0.1501 | LR: 0.000006
Epoch [74/100] | Loss: 1.2843 (Cls: 1.2843) | Train Acc: 0.9960 | Val Acc: 0.1524 | Val P/R/F1 (Macro): 0.1667/0.1559/0.1545 | LR: 0.000006
Epoch [75/100] | Loss: 1.2716 (Cls: 1.2716) | Train Acc: 0.9968 | Val Acc: 0.1587 | Val P/R/F1 (Macro): 0.1650/0.1612/0.1550 | LR: 0.000006
Epoch [76/100] | Loss: 1.2766 (Cls: 1.2766) | Train Acc: 0.9952 | Val Acc: 0.1651 | Val P/R/F1 (Macro): 0.1827/0.1682/0.1615 | LR: 0.000006
Epoch [77/100] | Loss: 1.2706 (Cls: 1.2706) | Train Acc: 0.9960 | Val Acc: 0.1556 | Val P/R/F1 (Macro): 0.1674/0.1564/0.1538 | LR: 0.000003
Epoch [78/100] | Loss: 1.2705 (Cls: 1.2705) | Train Acc: 0.9976 | Val Acc: 0.1587 | Val P/R/F1 (Macro): 0.1777/0.1603/0.1565 | LR: 0.000003
Epoch [79/100] | Loss: 1.2767 (Cls: 1.2767) | Train Acc: 0.9976 | Val Acc: 0.1619 | Val P/R/F1 (Macro): 0.1824/0.1635/0.1617 | LR: 0.000003
Epoch [80/100] | Loss: 1.2700 (Cls: 1.2700) | Train Acc: 0.9960 | Val Acc: 0.1619 | Val P/R/F1 (Macro): 0.1700/0.1656/0.1556 | LR: 0.000003
Epoch [81/100] | Loss: 1.2671 (Cls: 1.2671) | Train Acc: 0.9960 | Val Acc: 0.1619 | Val P/R/F1 (Macro): 0.1741/0.1622/0.1595 | LR: 0.000003
Epoch [82/100] | Loss: 1.2786 (Cls: 1.2786) | Train Acc: 0.9960 | Val Acc: 0.1492 | Val P/R/F1 (Macro): 0.1649/0.1510/0.1496 | LR: 0.000003
Epoch [83/100] | Loss: 1.2818 (Cls: 1.2818) | Train Acc: 0.9944 | Val Acc: 0.1651 | Val P/R/F1 (Macro): 0.1884/0.1677/0.1646 | LR: 0.000003
Epoch [84/100] | Loss: 1.2754 (Cls: 1.2754) | Train Acc: 0.9952 | Val Acc: 0.1524 | Val P/R/F1 (Macro): 0.1534/0.1533/0.1458 | LR: 0.000003
Epoch [85/100] | Loss: 1.2725 (Cls: 1.2725) | Train Acc: 0.9976 | Val Acc: 0.1619 | Val P/R/F1 (Macro): 0.1964/0.1650/0.1661 | LR: 0.000003
Epoch [86/100] | Loss: 1.2724 (Cls: 1.2724) | Train Acc: 0.9952 | Val Acc: 0.1492 | Val P/R/F1 (Macro): 0.1878/0.1517/0.1529 | LR: 0.000003
Epoch [87/100] | Loss: 1.2705 (Cls: 1.2705) | Train Acc: 0.9992 | Val Acc: 0.1492 | Val P/R/F1 (Macro): 0.1659/0.1518/0.1486 | LR: 0.000003
Epoch [88/100] | Loss: 1.2669 (Cls: 1.2669) | Train Acc: 0.9960 | Val Acc: 0.1587 | Val P/R/F1 (Macro): 0.2020/0.1598/0.1675 | LR: 0.000002
Epoch [89/100] | Loss: 1.2760 (Cls: 1.2760) | Train Acc: 0.9952 | Val Acc: 0.1651 | Val P/R/F1 (Macro): 0.1853/0.1690/0.1662 | LR: 0.000002
Epoch [90/100] | Loss: 1.2744 (Cls: 1.2744) | Train Acc: 0.9984 | Val Acc: 0.1619 | Val P/R/F1 (Macro): 0.1725/0.1614/0.1551 | LR: 0.000002
Epoch [91/100] | Loss: 1.2665 (Cls: 1.2665) | Train Acc: 0.9952 | Val Acc: 0.1556 | Val P/R/F1 (Macro): 0.1738/0.1563/0.1550 | LR: 0.000002
Epoch [92/100] | Loss: 1.2756 (Cls: 1.2756) | Train Acc: 0.9976 | Val Acc: 0.1556 | Val P/R/F1 (Macro): 0.1788/0.1575/0.1575 | LR: 0.000002
Epoch [93/100] | Loss: 1.2674 (Cls: 1.2674) | Train Acc: 1.0000 | Val Acc: 0.1587 | Val P/R/F1 (Macro): 0.1636/0.1597/0.1553 | LR: 0.000002
Epoch [94/100] | Loss: 1.2686 (Cls: 1.2686) | Train Acc: 0.9992 | Val Acc: 0.1651 | Val P/R/F1 (Macro): 0.1741/0.1679/0.1605 | LR: 0.000002
Epoch [95/100] | Loss: 1.2771 (Cls: 1.2771) | Train Acc: 0.9984 | Val Acc: 0.1651 | Val P/R/F1 (Macro): 0.1879/0.1678/0.1643 | LR: 0.000002
Epoch [96/100] | Loss: 1.2737 (Cls: 1.2737) | Train Acc: 0.9952 | Val Acc: 0.1746 | Val P/R/F1 (Macro): 0.1899/0.1771/0.1704 | LR: 0.000002
Epoch [97/100] | Loss: 1.2741 (Cls: 1.2741) | Train Acc: 0.9976 | Val Acc: 0.1619 | Val P/R/F1 (Macro): 0.1711/0.1642/0.1553 | LR: 0.000002
Epoch [98/100] | Loss: 1.2696 (Cls: 1.2696) | Train Acc: 0.9976 | Val Acc: 0.1556 | Val P/R/F1 (Macro): 0.1615/0.1574/0.1523 | LR: 0.000002
Epoch [99/100] | Loss: 1.2686 (Cls: 1.2686) | Train Acc: 0.9960 | Val Acc: 0.1746 | Val P/R/F1 (Macro): 0.1921/0.1763/0.1716 | LR: 0.000001
Epoch [100/100] | Loss: 1.2751 (Cls: 1.2751) | Train Acc: 0.9936 | Val Acc: 0.1746 | Val P/R/F1 (Macro): 0.1852/0.1750/0.1711 | LR: 0.000001
Report strategy: last_window, window=10, reported_acc=0.1641, best_acc=0.1937

迭代 5 报告指标:
  Accuracy: 0.1641
  Precision (Macro): 0.1778
  Recall (Macro): 0.1659
  F1 (Macro): 0.1613
  Precision (Micro): 0.1641
  Recall (Micro): 0.1641
  F1 (Micro): 0.1641
  Val class coverage: 16/16 (1.0000), samples=315

================================================================================
5次迭代统计结果
================================================================================

accuracy:
  各迭代值: ['0.1654', '0.1419', '0.1511', '0.1505', '0.1641']
  均值 (Mean): 0.1546
  标准差 (Std): 0.0089

precision_macro:
  各迭代值: ['0.1792', '0.1756', '0.1539', '0.1546', '0.1778']
  均值 (Mean): 0.1682
  标准差 (Std): 0.0114

recall_macro:
  各迭代值: ['0.1685', '0.1448', '0.1509', '0.1537', '0.1659']
  均值 (Mean): 0.1568
  标准差 (Std): 0.0091

f1_macro:
  各迭代值: ['0.1604', '0.1487', '0.1456', '0.1447', '0.1613']
  均值 (Mean): 0.1522
  标准差 (Std): 0.0072

precision_micro:
  各迭代值: ['0.1654', '0.1419', '0.1511', '0.1505', '0.1641']
  均值 (Mean): 0.1546
  标准差 (Std): 0.0089

recall_micro:
  各迭代值: ['0.1654', '0.1419', '0.1511', '0.1505', '0.1641']
  均值 (Mean): 0.1546
  标准差 (Std): 0.0089

f1_micro:
  各迭代值: ['0.1654', '0.1419', '0.1511', '0.1505', '0.1641']
  均值 (Mean): 0.1546
  标准差 (Std): 0.0089

val_class_coverage:
  各迭代值: ['1.0000', '1.0000', '1.0000', '1.0000', '1.0000']
  均值 (Mean): 1.0000
  标准差 (Std): 0.0000

val_present_classes:
  各迭代值: ['16.0000', '16.0000', '16.0000', '16.0000', '16.0000']
  均值 (Mean): 16.0000
  标准差 (Std): 0.0000

val_total_classes:
  各迭代值: ['16.0000', '16.0000', '16.0000', '16.0000', '16.0000']
  均值 (Mean): 16.0000
  标准差 (Std): 0.0000

val_samples:
  各迭代值: ['315.0000', '315.0000', '315.0000', '315.0000', '315.0000']
  均值 (Mean): 315.0000
  标准差 (Std): 0.0000

训练结束时间: 2026-07-17 17:43:03
================================================================================
