================================================================================
单模态消融实验 - AIS
目标域天气: 雨天
训练开始时间: 2026-06-22 19:29:04
设备: cuda
模态: ais
AIS数据路径: D:\Code\JMDA-Net\Data\AIS\balanced_AIS-dataset_16classes_100persample.mat
AIS架构: mlp
批次大小: 16
总轮数: 10
迭代次数: 5
特征维度: 512
域适应: 启用
================================================================================

================================================================================
迭代 1/5
随机种子: 42
================================================================================
Epoch [1/10] | Loss: 9.0682 (Cls: 8.9656, Adv: 0.6837) | Train Acc: 0.0729 | Val Acc: 0.1048 | Val P/R/F1 (Macro): 0.0642/0.0962/0.0591 | LR: 0.000010
  >>> New Best Val Acc: 0.1048
Epoch [2/10] | Loss: 8.7959 (Cls: 8.4542, Adv: 2.2779) | Train Acc: 0.0905 | Val Acc: 0.1048 | Val P/R/F1 (Macro): 0.0553/0.0986/0.0501 | LR: 0.000010
Epoch [3/10] | Loss: 8.8145 (Cls: 8.3279, Adv: 3.2434) | Train Acc: 0.1154 | Val Acc: 0.0825 | Val P/R/F1 (Macro): 0.0606/0.0890/0.0408 | LR: 0.000010
Epoch [4/10] | Loss: 8.6579 (Cls: 8.1216, Adv: 3.5759) | Train Acc: 0.1170 | Val Acc: 0.1111 | Val P/R/F1 (Macro): 0.0584/0.1039/0.0521 | LR: 0.000010
  >>> New Best Val Acc: 0.1111
Epoch [5/10] | Loss: 8.5751 (Cls: 7.9790, Adv: 3.9737) | Train Acc: 0.1418 | Val Acc: 0.0921 | Val P/R/F1 (Macro): 0.0907/0.0971/0.0782 | LR: 0.000010
Epoch [6/10] | Loss: 8.3972 (Cls: 7.7765, Adv: 4.1378) | Train Acc: 0.1771 | Val Acc: 0.0984 | Val P/R/F1 (Macro): 0.1111/0.1034/0.0649 | LR: 0.000010
Epoch [7/10] | Loss: 8.2609 (Cls: 7.6080, Adv: 4.3529) | Train Acc: 0.2083 | Val Acc: 0.0952 | Val P/R/F1 (Macro): 0.0578/0.0927/0.0613 | LR: 0.000010
Epoch [8/10] | Loss: 8.1620 (Cls: 7.4717, Adv: 4.6019) | Train Acc: 0.2284 | Val Acc: 0.1016 | Val P/R/F1 (Macro): 0.0934/0.0956/0.0685 | LR: 0.000010
Epoch [9/10] | Loss: 8.0193 (Cls: 7.3086, Adv: 4.7378) | Train Acc: 0.2845 | Val Acc: 0.1302 | Val P/R/F1 (Macro): 0.1129/0.1311/0.0995 | LR: 0.000010
  >>> New Best Val Acc: 0.1302
Epoch [10/10] | Loss: 7.7866 (Cls: 7.0739, Adv: 4.7513) | Train Acc: 0.3229 | Val Acc: 0.1175 | Val P/R/F1 (Macro): 0.1701/0.1251/0.1144 | LR: 0.000010

迭代 1 最佳指标:
  Accuracy: 0.1302
  Precision (Macro): 0.1129
  Recall (Macro): 0.1311
  F1 (Macro): 0.0995
  Precision (Micro): 0.1302
  Recall (Micro): 0.1302
  F1 (Micro): 0.1302

================================================================================
迭代 2/5
随机种子: 43
================================================================================
Epoch [1/10] | Loss: 9.1219 (Cls: 9.0171, Adv: 0.6989) | Train Acc: 0.0809 | Val Acc: 0.1016 | Val P/R/F1 (Macro): 0.0337/0.1008/0.0344 | LR: 0.000010
  >>> New Best Val Acc: 0.1016
Epoch [2/10] | Loss: 8.8576 (Cls: 8.5024, Adv: 2.3683) | Train Acc: 0.0817 | Val Acc: 0.0984 | Val P/R/F1 (Macro): 0.1076/0.0916/0.0609 | LR: 0.000010
Epoch [3/10] | Loss: 8.8018 (Cls: 8.2958, Adv: 3.3729) | Train Acc: 0.1138 | Val Acc: 0.1016 | Val P/R/F1 (Macro): 0.0717/0.0957/0.0544 | LR: 0.000010
Epoch [4/10] | Loss: 8.7562 (Cls: 8.1778, Adv: 3.8560) | Train Acc: 0.1234 | Val Acc: 0.1143 | Val P/R/F1 (Macro): 0.1043/0.1052/0.0704 | LR: 0.000010
  >>> New Best Val Acc: 0.1143
Epoch [5/10] | Loss: 8.6592 (Cls: 8.0192, Adv: 4.2666) | Train Acc: 0.1587 | Val Acc: 0.0889 | Val P/R/F1 (Macro): 0.0773/0.1003/0.0601 | LR: 0.000010
Epoch [6/10] | Loss: 8.5695 (Cls: 7.8985, Adv: 4.4737) | Train Acc: 0.1530 | Val Acc: 0.1079 | Val P/R/F1 (Macro): 0.1056/0.0963/0.0465 | LR: 0.000010
Epoch [7/10] | Loss: 8.3096 (Cls: 7.5993, Adv: 4.7351) | Train Acc: 0.2051 | Val Acc: 0.0984 | Val P/R/F1 (Macro): 0.1310/0.1096/0.0837 | LR: 0.000010
Epoch [8/10] | Loss: 8.2094 (Cls: 7.4738, Adv: 4.9042) | Train Acc: 0.2396 | Val Acc: 0.1429 | Val P/R/F1 (Macro): 0.1730/0.1377/0.1230 | LR: 0.000010
  >>> New Best Val Acc: 0.1429
Epoch [9/10] | Loss: 7.9681 (Cls: 7.2239, Adv: 4.9616) | Train Acc: 0.2636 | Val Acc: 0.1206 | Val P/R/F1 (Macro): 0.1459/0.1138/0.0920 | LR: 0.000010
Epoch [10/10] | Loss: 7.7476 (Cls: 6.9970, Adv: 5.0044) | Train Acc: 0.3181 | Val Acc: 0.1016 | Val P/R/F1 (Macro): 0.1050/0.0946/0.0758 | LR: 0.000010

迭代 2 最佳指标:
  Accuracy: 0.1429
  Precision (Macro): 0.1730
  Recall (Macro): 0.1377
  F1 (Macro): 0.1230
  Precision (Micro): 0.1429
  Recall (Micro): 0.1429
  F1 (Micro): 0.1429

================================================================================
迭代 3/5
随机种子: 44
================================================================================
Epoch [1/10] | Loss: 9.1682 (Cls: 9.0319, Adv: 0.9089) | Train Acc: 0.0705 | Val Acc: 0.0762 | Val P/R/F1 (Macro): 0.1208/0.0703/0.0366 | LR: 0.000010
  >>> New Best Val Acc: 0.0762
Epoch [2/10] | Loss: 8.8346 (Cls: 8.5001, Adv: 2.2299) | Train Acc: 0.0994 | Val Acc: 0.1079 | Val P/R/F1 (Macro): 0.1083/0.0960/0.0436 | LR: 0.000010
  >>> New Best Val Acc: 0.1079
Epoch [3/10] | Loss: 8.8092 (Cls: 8.3405, Adv: 3.1243) | Train Acc: 0.0962 | Val Acc: 0.0984 | Val P/R/F1 (Macro): 0.0497/0.0917/0.0475 | LR: 0.000010
Epoch [4/10] | Loss: 8.7016 (Cls: 8.1767, Adv: 3.4993) | Train Acc: 0.1050 | Val Acc: 0.0952 | Val P/R/F1 (Macro): 0.1237/0.0903/0.0688 | LR: 0.000010
Epoch [5/10] | Loss: 8.6460 (Cls: 8.0614, Adv: 3.8973) | Train Acc: 0.1418 | Val Acc: 0.1206 | Val P/R/F1 (Macro): 0.1224/0.1114/0.0755 | LR: 0.000010
  >>> New Best Val Acc: 0.1206
Epoch [6/10] | Loss: 8.4440 (Cls: 7.8312, Adv: 4.0859) | Train Acc: 0.1635 | Val Acc: 0.1302 | Val P/R/F1 (Macro): 0.1042/0.1176/0.0821 | LR: 0.000010
  >>> New Best Val Acc: 0.1302
Epoch [7/10] | Loss: 8.2979 (Cls: 7.6612, Adv: 4.2447) | Train Acc: 0.2115 | Val Acc: 0.0889 | Val P/R/F1 (Macro): 0.1601/0.0936/0.0733 | LR: 0.000010
Epoch [8/10] | Loss: 8.1198 (Cls: 7.4540, Adv: 4.4385) | Train Acc: 0.2308 | Val Acc: 0.1079 | Val P/R/F1 (Macro): 0.1211/0.1024/0.0912 | LR: 0.000010
Epoch [9/10] | Loss: 7.9484 (Cls: 7.2818, Adv: 4.4440) | Train Acc: 0.2772 | Val Acc: 0.1270 | Val P/R/F1 (Macro): 0.1576/0.1211/0.1123 | LR: 0.000010
Epoch [10/10] | Loss: 7.8035 (Cls: 7.1185, Adv: 4.5665) | Train Acc: 0.2909 | Val Acc: 0.1016 | Val P/R/F1 (Macro): 0.1384/0.1017/0.0930 | LR: 0.000010

迭代 3 最佳指标:
  Accuracy: 0.1302
  Precision (Macro): 0.1042
  Recall (Macro): 0.1176
  F1 (Macro): 0.0821
  Precision (Micro): 0.1302
  Recall (Micro): 0.1302
  F1 (Micro): 0.1302

================================================================================
迭代 4/5
随机种子: 45
================================================================================
Epoch [1/10] | Loss: 9.1902 (Cls: 9.0656, Adv: 0.8306) | Train Acc: 0.0753 | Val Acc: 0.1079 | Val P/R/F1 (Macro): 0.1255/0.1018/0.0656 | LR: 0.000010
  >>> New Best Val Acc: 0.1079
Epoch [2/10] | Loss: 8.8779 (Cls: 8.4989, Adv: 2.5269) | Train Acc: 0.0881 | Val Acc: 0.0889 | Val P/R/F1 (Macro): 0.0553/0.0821/0.0448 | LR: 0.000010
Epoch [3/10] | Loss: 8.8439 (Cls: 8.3392, Adv: 3.3644) | Train Acc: 0.0994 | Val Acc: 0.0952 | Val P/R/F1 (Macro): 0.0588/0.0963/0.0654 | LR: 0.000010
Epoch [4/10] | Loss: 8.7356 (Cls: 8.1687, Adv: 3.7797) | Train Acc: 0.1034 | Val Acc: 0.0952 | Val P/R/F1 (Macro): 0.0310/0.0930/0.0444 | LR: 0.000010
Epoch [5/10] | Loss: 8.6111 (Cls: 7.9934, Adv: 4.1175) | Train Acc: 0.1450 | Val Acc: 0.0952 | Val P/R/F1 (Macro): 0.0757/0.1028/0.0609 | LR: 0.000010
Epoch [6/10] | Loss: 8.5067 (Cls: 7.8430, Adv: 4.4251) | Train Acc: 0.1707 | Val Acc: 0.1016 | Val P/R/F1 (Macro): 0.0540/0.0974/0.0517 | LR: 0.000010
Epoch [7/10] | Loss: 8.2855 (Cls: 7.5944, Adv: 4.6077) | Train Acc: 0.2075 | Val Acc: 0.0825 | Val P/R/F1 (Macro): 0.1310/0.0879/0.0623 | LR: 0.000010
Epoch [8/10] | Loss: 8.2868 (Cls: 7.5473, Adv: 4.9301) | Train Acc: 0.1955 | Val Acc: 0.1016 | Val P/R/F1 (Macro): 0.0795/0.1042/0.0823 | LR: 0.000010
Epoch [9/10] | Loss: 8.0755 (Cls: 7.3549, Adv: 4.8040) | Train Acc: 0.2821 | Val Acc: 0.1016 | Val P/R/F1 (Macro): 0.0915/0.1070/0.0813 | LR: 0.000010
Epoch [10/10] | Loss: 7.8944 (Cls: 7.1819, Adv: 4.7500) | Train Acc: 0.2812 | Val Acc: 0.1238 | Val P/R/F1 (Macro): 0.1280/0.1186/0.1092 | LR: 0.000010
  >>> New Best Val Acc: 0.1238

迭代 4 最佳指标:
  Accuracy: 0.1238
  Precision (Macro): 0.1280
  Recall (Macro): 0.1186
  F1 (Macro): 0.1092
  Precision (Micro): 0.1238
  Recall (Micro): 0.1238
  F1 (Micro): 0.1238

================================================================================
迭代 5/5
随机种子: 46
================================================================================
Epoch [1/10] | Loss: 9.1369 (Cls: 9.0470, Adv: 0.5991) | Train Acc: 0.0761 | Val Acc: 0.0635 | Val P/R/F1 (Macro): 0.0365/0.0602/0.0341 | LR: 0.000010
  >>> New Best Val Acc: 0.0635
Epoch [2/10] | Loss: 8.8033 (Cls: 8.5146, Adv: 1.9252) | Train Acc: 0.0769 | Val Acc: 0.0889 | Val P/R/F1 (Macro): 0.0638/0.0825/0.0596 | LR: 0.000010
  >>> New Best Val Acc: 0.0889
Epoch [3/10] | Loss: 8.8214 (Cls: 8.3787, Adv: 2.9518) | Train Acc: 0.0897 | Val Acc: 0.0921 | Val P/R/F1 (Macro): 0.0733/0.0842/0.0617 | LR: 0.000010
  >>> New Best Val Acc: 0.0921
Epoch [4/10] | Loss: 8.6684 (Cls: 8.1530, Adv: 3.4357) | Train Acc: 0.1226 | Val Acc: 0.0921 | Val P/R/F1 (Macro): 0.0511/0.0837/0.0439 | LR: 0.000010
Epoch [5/10] | Loss: 8.4859 (Cls: 7.9339, Adv: 3.6803) | Train Acc: 0.1546 | Val Acc: 0.1143 | Val P/R/F1 (Macro): 0.0615/0.1073/0.0605 | LR: 0.000010
  >>> New Best Val Acc: 0.1143
Epoch [6/10] | Loss: 8.4226 (Cls: 7.8441, Adv: 3.8565) | Train Acc: 0.1835 | Val Acc: 0.1365 | Val P/R/F1 (Macro): 0.1663/0.1283/0.0961 | LR: 0.000010
  >>> New Best Val Acc: 0.1365
Epoch [7/10] | Loss: 8.2398 (Cls: 7.5984, Adv: 4.2760) | Train Acc: 0.2260 | Val Acc: 0.0921 | Val P/R/F1 (Macro): 0.0980/0.0874/0.0713 | LR: 0.000010
Epoch [8/10] | Loss: 8.0764 (Cls: 7.4166, Adv: 4.3987) | Train Acc: 0.2404 | Val Acc: 0.1460 | Val P/R/F1 (Macro): 0.1877/0.1398/0.1183 | LR: 0.000010
  >>> New Best Val Acc: 0.1460
Epoch [9/10] | Loss: 7.8773 (Cls: 7.1986, Adv: 4.5248) | Train Acc: 0.2893 | Val Acc: 0.0984 | Val P/R/F1 (Macro): 0.1110/0.1037/0.0844 | LR: 0.000010
Epoch [10/10] | Loss: 7.7310 (Cls: 7.0207, Adv: 4.7351) | Train Acc: 0.3125 | Val Acc: 0.1238 | Val P/R/F1 (Macro): 0.1571/0.1234/0.1153 | LR: 0.000010

迭代 5 最佳指标:
  Accuracy: 0.1460
  Precision (Macro): 0.1877
  Recall (Macro): 0.1398
  F1 (Macro): 0.1183
  Precision (Micro): 0.1460
  Recall (Micro): 0.1460
  F1 (Micro): 0.1460

================================================================================
5次迭代统计结果
================================================================================

accuracy:
  各迭代值: ['0.1302', '0.1429', '0.1302', '0.1238', '0.1460']
  均值 (Mean): 0.1346
  标准差 (Std): 0.0084

precision_macro:
  各迭代值: ['0.1129', '0.1730', '0.1042', '0.1280', '0.1877']
  均值 (Mean): 0.1411
  标准差 (Std): 0.0332

recall_macro:
  各迭代值: ['0.1311', '0.1377', '0.1176', '0.1186', '0.1398']
  均值 (Mean): 0.1290
  标准差 (Std): 0.0093

f1_macro:
  各迭代值: ['0.0995', '0.1230', '0.0821', '0.1092', '0.1183']
  均值 (Mean): 0.1064
  标准差 (Std): 0.0146

precision_micro:
  各迭代值: ['0.1302', '0.1429', '0.1302', '0.1238', '0.1460']
  均值 (Mean): 0.1346
  标准差 (Std): 0.0084

recall_micro:
  各迭代值: ['0.1302', '0.1429', '0.1302', '0.1238', '0.1460']
  均值 (Mean): 0.1346
  标准差 (Std): 0.0084

f1_micro:
  各迭代值: ['0.1302', '0.1429', '0.1302', '0.1238', '0.1460']
  均值 (Mean): 0.1346
  标准差 (Std): 0.0084

训练结束时间: 2026-06-22 19:30:45
================================================================================
