================================================================================
单模态消融实验 - AIS
目标域天气: 雨天
训练开始时间: 2026-07-17 17:32:52
设备: cuda
模态: ais
AIS数据路径: /home/lixiang/lx/Data/AIS/balanced_AIS-dataset_16classes_100persample.mat
AIS架构: mlp
批次大小: 32
总轮数: 100
迭代次数: 5
特征维度: 512
域适应: 禁用
报告策略: last_window, 窗口: 10
对抗损失权重: 0.0
================================================================================

================================================================================
迭代 1/5
随机种子: 42
================================================================================
Training mode: unpaired target adaptation with controlled target-label loss (ratio=0.78, weight=1.15).
Fixed labeled target subset: 980/1257 samples.
Epoch [1/100] | Loss: 6.5180 (Cls: 6.5180) | Train Acc: 0.0881 | Val Acc: 0.0984 | Val P/R/F1 (Macro): 0.0694/0.0963/0.0651 | LR: 0.000050
  >>> New Best Val Acc: 0.0984
Epoch [2/100] | Loss: 5.9865 (Cls: 5.9865) | Train Acc: 0.1090 | Val Acc: 0.1143 | Val P/R/F1 (Macro): 0.1260/0.1106/0.1016 | LR: 0.000050
  >>> New Best Val Acc: 0.1143
Epoch [3/100] | Loss: 5.7238 (Cls: 5.7238) | Train Acc: 0.1675 | Val Acc: 0.0984 | Val P/R/F1 (Macro): 0.0744/0.0976/0.0726 | LR: 0.000050
Epoch [4/100] | Loss: 5.3351 (Cls: 5.3351) | Train Acc: 0.2300 | Val Acc: 0.1048 | Val P/R/F1 (Macro): 0.0876/0.1032/0.0784 | LR: 0.000050
Epoch [5/100] | Loss: 4.8543 (Cls: 4.8543) | Train Acc: 0.3229 | Val Acc: 0.1397 | Val P/R/F1 (Macro): 0.1475/0.1350/0.1129 | LR: 0.000050
  >>> New Best Val Acc: 0.1397
Epoch [6/100] | Loss: 4.2375 (Cls: 4.2375) | Train Acc: 0.4359 | Val Acc: 0.1302 | Val P/R/F1 (Macro): 0.1474/0.1322/0.1274 | LR: 0.000050
Epoch [7/100] | Loss: 3.7913 (Cls: 3.7913) | Train Acc: 0.5377 | Val Acc: 0.1492 | Val P/R/F1 (Macro): 0.1547/0.1454/0.1379 | LR: 0.000050
  >>> New Best Val Acc: 0.1492
Epoch [8/100] | Loss: 3.3089 (Cls: 3.3089) | Train Acc: 0.6258 | Val Acc: 0.1556 | Val P/R/F1 (Macro): 0.2059/0.1555/0.1615 | LR: 0.000050
  >>> New Best Val Acc: 0.1556
Epoch [9/100] | Loss: 2.9607 (Cls: 2.9607) | Train Acc: 0.6514 | Val Acc: 0.1746 | Val P/R/F1 (Macro): 0.2007/0.1780/0.1753 | LR: 0.000050
  >>> New Best Val Acc: 0.1746
Epoch [10/100] | Loss: 2.6699 (Cls: 2.6699) | Train Acc: 0.7412 | Val Acc: 0.1429 | Val P/R/F1 (Macro): 0.1517/0.1459/0.1368 | LR: 0.000050
Epoch [11/100] | Loss: 2.4171 (Cls: 2.4171) | Train Acc: 0.7877 | Val Acc: 0.1556 | Val P/R/F1 (Macro): 0.1799/0.1579/0.1516 | LR: 0.000050
Epoch [12/100] | Loss: 2.3022 (Cls: 2.3022) | Train Acc: 0.8253 | Val Acc: 0.1492 | Val P/R/F1 (Macro): 0.1671/0.1493/0.1481 | LR: 0.000050
Epoch [13/100] | Loss: 2.1225 (Cls: 2.1225) | Train Acc: 0.8638 | Val Acc: 0.1651 | Val P/R/F1 (Macro): 0.1922/0.1649/0.1678 | LR: 0.000050
Epoch [14/100] | Loss: 2.0759 (Cls: 2.0759) | Train Acc: 0.8750 | Val Acc: 0.1619 | Val P/R/F1 (Macro): 0.1829/0.1621/0.1616 | LR: 0.000050
Epoch [15/100] | Loss: 1.9679 (Cls: 1.9679) | Train Acc: 0.8942 | Val Acc: 0.1556 | Val P/R/F1 (Macro): 0.1707/0.1542/0.1543 | LR: 0.000050
Epoch [16/100] | Loss: 1.9482 (Cls: 1.9482) | Train Acc: 0.8910 | Val Acc: 0.1810 | Val P/R/F1 (Macro): 0.2136/0.1843/0.1884 | LR: 0.000050
  >>> New Best Val Acc: 0.1810
Epoch [17/100] | Loss: 1.8955 (Cls: 1.8955) | Train Acc: 0.9038 | Val Acc: 0.1524 | Val P/R/F1 (Macro): 0.1787/0.1539/0.1531 | LR: 0.000050
Epoch [18/100] | Loss: 1.8419 (Cls: 1.8419) | Train Acc: 0.9111 | Val Acc: 0.1460 | Val P/R/F1 (Macro): 0.1630/0.1470/0.1431 | LR: 0.000050
Epoch [19/100] | Loss: 1.7838 (Cls: 1.7838) | Train Acc: 0.9207 | Val Acc: 0.1619 | Val P/R/F1 (Macro): 0.1848/0.1589/0.1590 | LR: 0.000050
Epoch [20/100] | Loss: 1.7264 (Cls: 1.7264) | Train Acc: 0.9391 | Val Acc: 0.1619 | Val P/R/F1 (Macro): 0.1825/0.1604/0.1550 | LR: 0.000050
Epoch [21/100] | Loss: 1.6926 (Cls: 1.6926) | Train Acc: 0.9319 | Val Acc: 0.1556 | Val P/R/F1 (Macro): 0.1845/0.1578/0.1549 | LR: 0.000050
Epoch [22/100] | Loss: 1.6599 (Cls: 1.6599) | Train Acc: 0.9535 | Val Acc: 0.1556 | Val P/R/F1 (Macro): 0.1971/0.1588/0.1628 | LR: 0.000050
Epoch [23/100] | Loss: 1.6283 (Cls: 1.6283) | Train Acc: 0.9543 | Val Acc: 0.1746 | Val P/R/F1 (Macro): 0.1988/0.1738/0.1757 | LR: 0.000050
Epoch [24/100] | Loss: 1.6060 (Cls: 1.6060) | Train Acc: 0.9631 | Val Acc: 0.1651 | Val P/R/F1 (Macro): 0.1977/0.1629/0.1671 | LR: 0.000050
Epoch [25/100] | Loss: 1.5772 (Cls: 1.5772) | Train Acc: 0.9647 | Val Acc: 0.1556 | Val P/R/F1 (Macro): 0.1949/0.1553/0.1609 | LR: 0.000050
Epoch [26/100] | Loss: 1.5727 (Cls: 1.5727) | Train Acc: 0.9671 | Val Acc: 0.1556 | Val P/R/F1 (Macro): 0.1867/0.1579/0.1561 | LR: 0.000050
Epoch [27/100] | Loss: 1.5550 (Cls: 1.5550) | Train Acc: 0.9639 | Val Acc: 0.1619 | Val P/R/F1 (Macro): 0.1681/0.1607/0.1544 | LR: 0.000025
Epoch [28/100] | Loss: 1.5209 (Cls: 1.5209) | Train Acc: 0.9736 | Val Acc: 0.1651 | Val P/R/F1 (Macro): 0.1838/0.1645/0.1610 | LR: 0.000025
Epoch [29/100] | Loss: 1.5098 (Cls: 1.5098) | Train Acc: 0.9663 | Val Acc: 0.1683 | Val P/R/F1 (Macro): 0.1777/0.1684/0.1660 | LR: 0.000025
Epoch [30/100] | Loss: 1.5081 (Cls: 1.5081) | Train Acc: 0.9744 | Val Acc: 0.1556 | Val P/R/F1 (Macro): 0.1826/0.1578/0.1576 | LR: 0.000025
Epoch [31/100] | Loss: 1.4777 (Cls: 1.4777) | Train Acc: 0.9856 | Val Acc: 0.1587 | Val P/R/F1 (Macro): 0.1851/0.1587/0.1620 | LR: 0.000025
Epoch [32/100] | Loss: 1.4781 (Cls: 1.4781) | Train Acc: 0.9792 | Val Acc: 0.1556 | Val P/R/F1 (Macro): 0.1737/0.1547/0.1532 | LR: 0.000025
Epoch [33/100] | Loss: 1.4500 (Cls: 1.4500) | Train Acc: 0.9824 | Val Acc: 0.1492 | Val P/R/F1 (Macro): 0.1765/0.1517/0.1526 | LR: 0.000025
Epoch [34/100] | Loss: 1.4474 (Cls: 1.4474) | Train Acc: 0.9824 | Val Acc: 0.1651 | Val P/R/F1 (Macro): 0.2004/0.1661/0.1667 | LR: 0.000025
Epoch [35/100] | Loss: 1.4262 (Cls: 1.4262) | Train Acc: 0.9880 | Val Acc: 0.1714 | Val P/R/F1 (Macro): 0.2093/0.1731/0.1726 | LR: 0.000025
Epoch [36/100] | Loss: 1.4366 (Cls: 1.4366) | Train Acc: 0.9856 | Val Acc: 0.1714 | Val P/R/F1 (Macro): 0.2323/0.1733/0.1747 | LR: 0.000025
Epoch [37/100] | Loss: 1.4305 (Cls: 1.4305) | Train Acc: 0.9880 | Val Acc: 0.1746 | Val P/R/F1 (Macro): 0.1888/0.1763/0.1739 | LR: 0.000025
Epoch [38/100] | Loss: 1.4074 (Cls: 1.4074) | Train Acc: 0.9888 | Val Acc: 0.1714 | Val P/R/F1 (Macro): 0.1904/0.1725/0.1671 | LR: 0.000013
Epoch [39/100] | Loss: 1.4160 (Cls: 1.4160) | Train Acc: 0.9824 | Val Acc: 0.1651 | Val P/R/F1 (Macro): 0.1809/0.1644/0.1589 | LR: 0.000013
Epoch [40/100] | Loss: 1.3947 (Cls: 1.3947) | Train Acc: 0.9864 | Val Acc: 0.1810 | Val P/R/F1 (Macro): 0.2162/0.1829/0.1847 | LR: 0.000013
Epoch [41/100] | Loss: 1.4032 (Cls: 1.4032) | Train Acc: 0.9840 | Val Acc: 0.1778 | Val P/R/F1 (Macro): 0.1979/0.1796/0.1772 | LR: 0.000013
Epoch [42/100] | Loss: 1.4093 (Cls: 1.4093) | Train Acc: 0.9824 | Val Acc: 0.1683 | Val P/R/F1 (Macro): 0.1943/0.1695/0.1676 | LR: 0.000013
Epoch [43/100] | Loss: 1.3977 (Cls: 1.3977) | Train Acc: 0.9928 | Val Acc: 0.1714 | Val P/R/F1 (Macro): 0.1923/0.1738/0.1691 | LR: 0.000013
Epoch [44/100] | Loss: 1.3956 (Cls: 1.3956) | Train Acc: 0.9904 | Val Acc: 0.1841 | Val P/R/F1 (Macro): 0.2029/0.1880/0.1812 | LR: 0.000013
  >>> New Best Val Acc: 0.1841
Epoch [45/100] | Loss: 1.3875 (Cls: 1.3875) | Train Acc: 0.9856 | Val Acc: 0.1778 | Val P/R/F1 (Macro): 0.2020/0.1800/0.1776 | LR: 0.000013
Epoch [46/100] | Loss: 1.3805 (Cls: 1.3805) | Train Acc: 0.9888 | Val Acc: 0.1778 | Val P/R/F1 (Macro): 0.1974/0.1787/0.1781 | LR: 0.000013
Epoch [47/100] | Loss: 1.3851 (Cls: 1.3851) | Train Acc: 0.9896 | Val Acc: 0.1714 | Val P/R/F1 (Macro): 0.1830/0.1718/0.1682 | LR: 0.000013
Epoch [48/100] | Loss: 1.3783 (Cls: 1.3783) | Train Acc: 0.9888 | Val Acc: 0.1778 | Val P/R/F1 (Macro): 0.2010/0.1774/0.1760 | LR: 0.000013
Epoch [49/100] | Loss: 1.3894 (Cls: 1.3894) | Train Acc: 0.9896 | Val Acc: 0.1556 | Val P/R/F1 (Macro): 0.1998/0.1586/0.1603 | LR: 0.000013
Epoch [50/100] | Loss: 1.3812 (Cls: 1.3812) | Train Acc: 0.9824 | Val Acc: 0.1714 | Val P/R/F1 (Macro): 0.1864/0.1757/0.1681 | LR: 0.000013
Epoch [51/100] | Loss: 1.3871 (Cls: 1.3871) | Train Acc: 0.9848 | Val Acc: 0.1778 | Val P/R/F1 (Macro): 0.2082/0.1809/0.1773 | LR: 0.000013
Epoch [52/100] | Loss: 1.3971 (Cls: 1.3971) | Train Acc: 0.9848 | Val Acc: 0.1651 | Val P/R/F1 (Macro): 0.1949/0.1697/0.1672 | LR: 0.000013
Epoch [53/100] | Loss: 1.3836 (Cls: 1.3836) | Train Acc: 0.9824 | Val Acc: 0.1683 | Val P/R/F1 (Macro): 0.2166/0.1716/0.1751 | LR: 0.000013
Epoch [54/100] | Loss: 1.3749 (Cls: 1.3749) | Train Acc: 0.9888 | Val Acc: 0.1651 | Val P/R/F1 (Macro): 0.1865/0.1684/0.1661 | LR: 0.000013
Epoch [55/100] | Loss: 1.3721 (Cls: 1.3721) | Train Acc: 0.9912 | Val Acc: 0.1810 | Val P/R/F1 (Macro): 0.2322/0.1815/0.1811 | LR: 0.000006
Epoch [56/100] | Loss: 1.3741 (Cls: 1.3741) | Train Acc: 0.9864 | Val Acc: 0.1746 | Val P/R/F1 (Macro): 0.1932/0.1766/0.1728 | LR: 0.000006
Epoch [57/100] | Loss: 1.3732 (Cls: 1.3732) | Train Acc: 0.9928 | Val Acc: 0.1778 | Val P/R/F1 (Macro): 0.1953/0.1794/0.1774 | LR: 0.000006
Epoch [58/100] | Loss: 1.3607 (Cls: 1.3607) | Train Acc: 0.9928 | Val Acc: 0.1524 | Val P/R/F1 (Macro): 0.1838/0.1558/0.1559 | LR: 0.000006
Epoch [59/100] | Loss: 1.3596 (Cls: 1.3596) | Train Acc: 0.9920 | Val Acc: 0.1619 | Val P/R/F1 (Macro): 0.1929/0.1660/0.1665 | LR: 0.000006
Epoch [60/100] | Loss: 1.3564 (Cls: 1.3564) | Train Acc: 0.9944 | Val Acc: 0.1746 | Val P/R/F1 (Macro): 0.2066/0.1744/0.1733 | LR: 0.000006
Epoch [61/100] | Loss: 1.3798 (Cls: 1.3798) | Train Acc: 0.9840 | Val Acc: 0.1746 | Val P/R/F1 (Macro): 0.1864/0.1773/0.1714 | LR: 0.000006
Epoch [62/100] | Loss: 1.3665 (Cls: 1.3665) | Train Acc: 0.9896 | Val Acc: 0.1683 | Val P/R/F1 (Macro): 0.1953/0.1706/0.1698 | LR: 0.000006
Epoch [63/100] | Loss: 1.3573 (Cls: 1.3573) | Train Acc: 0.9888 | Val Acc: 0.1778 | Val P/R/F1 (Macro): 0.2049/0.1800/0.1783 | LR: 0.000006
Epoch [64/100] | Loss: 1.3647 (Cls: 1.3647) | Train Acc: 0.9872 | Val Acc: 0.1746 | Val P/R/F1 (Macro): 0.2002/0.1785/0.1747 | LR: 0.000006
Epoch [65/100] | Loss: 1.3755 (Cls: 1.3755) | Train Acc: 0.9896 | Val Acc: 0.1746 | Val P/R/F1 (Macro): 0.1962/0.1779/0.1736 | LR: 0.000006
Epoch [66/100] | Loss: 1.3484 (Cls: 1.3484) | Train Acc: 0.9952 | Val Acc: 0.1619 | Val P/R/F1 (Macro): 0.1903/0.1651/0.1616 | LR: 0.000003
Epoch [67/100] | Loss: 1.3566 (Cls: 1.3566) | Train Acc: 0.9936 | Val Acc: 0.1619 | Val P/R/F1 (Macro): 0.1807/0.1654/0.1595 | LR: 0.000003
Epoch [68/100] | Loss: 1.3613 (Cls: 1.3613) | Train Acc: 0.9896 | Val Acc: 0.1746 | Val P/R/F1 (Macro): 0.1971/0.1762/0.1745 | LR: 0.000003
Epoch [69/100] | Loss: 1.3482 (Cls: 1.3482) | Train Acc: 0.9920 | Val Acc: 0.1651 | Val P/R/F1 (Macro): 0.2108/0.1685/0.1685 | LR: 0.000003
Epoch [70/100] | Loss: 1.3654 (Cls: 1.3654) | Train Acc: 0.9864 | Val Acc: 0.1714 | Val P/R/F1 (Macro): 0.2081/0.1735/0.1727 | LR: 0.000003
Epoch [71/100] | Loss: 1.3514 (Cls: 1.3514) | Train Acc: 0.9880 | Val Acc: 0.1651 | Val P/R/F1 (Macro): 0.1941/0.1688/0.1652 | LR: 0.000003
Epoch [72/100] | Loss: 1.3551 (Cls: 1.3551) | Train Acc: 0.9912 | Val Acc: 0.1778 | Val P/R/F1 (Macro): 0.2123/0.1794/0.1801 | LR: 0.000003
Epoch [73/100] | Loss: 1.3527 (Cls: 1.3527) | Train Acc: 0.9936 | Val Acc: 0.1587 | Val P/R/F1 (Macro): 0.1794/0.1626/0.1573 | LR: 0.000003
Epoch [74/100] | Loss: 1.3527 (Cls: 1.3527) | Train Acc: 0.9872 | Val Acc: 0.1714 | Val P/R/F1 (Macro): 0.2033/0.1747/0.1727 | LR: 0.000003
Epoch [75/100] | Loss: 1.3537 (Cls: 1.3537) | Train Acc: 0.9936 | Val Acc: 0.1714 | Val P/R/F1 (Macro): 0.2142/0.1744/0.1740 | LR: 0.000003
Epoch [76/100] | Loss: 1.3397 (Cls: 1.3397) | Train Acc: 0.9976 | Val Acc: 0.1619 | Val P/R/F1 (Macro): 0.1917/0.1658/0.1630 | LR: 0.000003
Epoch [77/100] | Loss: 1.3438 (Cls: 1.3438) | Train Acc: 0.9960 | Val Acc: 0.1683 | Val P/R/F1 (Macro): 0.2007/0.1723/0.1723 | LR: 0.000002
Epoch [78/100] | Loss: 1.3474 (Cls: 1.3474) | Train Acc: 0.9896 | Val Acc: 0.1683 | Val P/R/F1 (Macro): 0.2042/0.1710/0.1707 | LR: 0.000002
Epoch [79/100] | Loss: 1.3442 (Cls: 1.3442) | Train Acc: 0.9944 | Val Acc: 0.1714 | Val P/R/F1 (Macro): 0.2016/0.1743/0.1720 | LR: 0.000002
Epoch [80/100] | Loss: 1.3511 (Cls: 1.3511) | Train Acc: 0.9928 | Val Acc: 0.1714 | Val P/R/F1 (Macro): 0.2024/0.1742/0.1738 | LR: 0.000002
Epoch [81/100] | Loss: 1.3421 (Cls: 1.3421) | Train Acc: 0.9936 | Val Acc: 0.1683 | Val P/R/F1 (Macro): 0.2078/0.1709/0.1725 | LR: 0.000002
Epoch [82/100] | Loss: 1.3550 (Cls: 1.3550) | Train Acc: 0.9904 | Val Acc: 0.1587 | Val P/R/F1 (Macro): 0.2073/0.1615/0.1637 | LR: 0.000002
Epoch [83/100] | Loss: 1.3451 (Cls: 1.3451) | Train Acc: 0.9896 | Val Acc: 0.1810 | Val P/R/F1 (Macro): 0.2045/0.1825/0.1799 | LR: 0.000002
Epoch [84/100] | Loss: 1.3526 (Cls: 1.3526) | Train Acc: 0.9888 | Val Acc: 0.1714 | Val P/R/F1 (Macro): 0.2115/0.1743/0.1756 | LR: 0.000002
Epoch [85/100] | Loss: 1.3399 (Cls: 1.3399) | Train Acc: 0.9912 | Val Acc: 0.1778 | Val P/R/F1 (Macro): 0.2194/0.1804/0.1795 | LR: 0.000002
Epoch [86/100] | Loss: 1.3446 (Cls: 1.3446) | Train Acc: 0.9880 | Val Acc: 0.1714 | Val P/R/F1 (Macro): 0.2289/0.1736/0.1764 | LR: 0.000002
Epoch [87/100] | Loss: 1.3472 (Cls: 1.3472) | Train Acc: 0.9936 | Val Acc: 0.1714 | Val P/R/F1 (Macro): 0.1947/0.1743/0.1699 | LR: 0.000002
Epoch [88/100] | Loss: 1.3415 (Cls: 1.3415) | Train Acc: 0.9912 | Val Acc: 0.1714 | Val P/R/F1 (Macro): 0.2104/0.1743/0.1768 | LR: 0.000001
Epoch [89/100] | Loss: 1.3337 (Cls: 1.3337) | Train Acc: 0.9944 | Val Acc: 0.1714 | Val P/R/F1 (Macro): 0.2141/0.1735/0.1731 | LR: 0.000001
Epoch [90/100] | Loss: 1.3345 (Cls: 1.3345) | Train Acc: 0.9944 | Val Acc: 0.1651 | Val P/R/F1 (Macro): 0.1878/0.1692/0.1647 | LR: 0.000001
Epoch [91/100] | Loss: 1.3564 (Cls: 1.3564) | Train Acc: 0.9856 | Val Acc: 0.1619 | Val P/R/F1 (Macro): 0.2003/0.1660/0.1657 | LR: 0.000001
Epoch [92/100] | Loss: 1.3429 (Cls: 1.3429) | Train Acc: 0.9920 | Val Acc: 0.1683 | Val P/R/F1 (Macro): 0.2176/0.1707/0.1703 | LR: 0.000001
Epoch [93/100] | Loss: 1.3538 (Cls: 1.3538) | Train Acc: 0.9864 | Val Acc: 0.1714 | Val P/R/F1 (Macro): 0.2058/0.1755/0.1763 | LR: 0.000001
Epoch [94/100] | Loss: 1.3523 (Cls: 1.3523) | Train Acc: 0.9904 | Val Acc: 0.1683 | Val P/R/F1 (Macro): 0.1883/0.1705/0.1618 | LR: 0.000001
Epoch [95/100] | Loss: 1.3439 (Cls: 1.3439) | Train Acc: 0.9880 | Val Acc: 0.1810 | Val P/R/F1 (Macro): 0.2198/0.1817/0.1839 | LR: 0.000001
Epoch [96/100] | Loss: 1.3399 (Cls: 1.3399) | Train Acc: 0.9936 | Val Acc: 0.1683 | Val P/R/F1 (Macro): 0.2028/0.1711/0.1727 | LR: 0.000001
Epoch [97/100] | Loss: 1.3604 (Cls: 1.3604) | Train Acc: 0.9912 | Val Acc: 0.1683 | Val P/R/F1 (Macro): 0.2052/0.1718/0.1726 | LR: 0.000001
Epoch [98/100] | Loss: 1.3482 (Cls: 1.3482) | Train Acc: 0.9928 | Val Acc: 0.1683 | Val P/R/F1 (Macro): 0.1974/0.1722/0.1705 | LR: 0.000001
Epoch [99/100] | Loss: 1.3479 (Cls: 1.3479) | Train Acc: 0.9904 | Val Acc: 0.1587 | Val P/R/F1 (Macro): 0.1970/0.1623/0.1613 | LR: 0.000001
Epoch [100/100] | Loss: 1.3363 (Cls: 1.3363) | Train Acc: 0.9928 | Val Acc: 0.1841 | Val P/R/F1 (Macro): 0.2094/0.1867/0.1836 | LR: 0.000001
Report strategy: last_window, window=10, reported_acc=0.1698, best_acc=0.1841

迭代 1 报告指标:
  Accuracy: 0.1698
  Precision (Macro): 0.2044
  Recall (Macro): 0.1728
  F1 (Macro): 0.1719
  Precision (Micro): 0.1698
  Recall (Micro): 0.1698
  F1 (Micro): 0.1698
  Val class coverage: 16/16 (1.0000), samples=315

================================================================================
迭代 2/5
随机种子: 43
================================================================================
Training mode: unpaired target adaptation with controlled target-label loss (ratio=0.78, weight=1.15).
Fixed labeled target subset: 980/1257 samples.
Epoch [1/100] | Loss: 6.5057 (Cls: 6.5057) | Train Acc: 0.0729 | Val Acc: 0.0603 | Val P/R/F1 (Macro): 0.0760/0.0608/0.0556 | LR: 0.000050
  >>> New Best Val Acc: 0.0603
Epoch [2/100] | Loss: 6.0271 (Cls: 6.0271) | Train Acc: 0.1138 | Val Acc: 0.0952 | Val P/R/F1 (Macro): 0.1451/0.0951/0.0929 | LR: 0.000050
  >>> New Best Val Acc: 0.0952
Epoch [3/100] | Loss: 5.6228 (Cls: 5.6228) | Train Acc: 0.1819 | Val Acc: 0.1048 | Val P/R/F1 (Macro): 0.0966/0.1048/0.0823 | LR: 0.000050
  >>> New Best Val Acc: 0.1048
Epoch [4/100] | Loss: 5.2479 (Cls: 5.2479) | Train Acc: 0.2556 | Val Acc: 0.1143 | Val P/R/F1 (Macro): 0.1251/0.1106/0.0985 | LR: 0.000050
  >>> New Best Val Acc: 0.1143
Epoch [5/100] | Loss: 4.7667 (Cls: 4.7667) | Train Acc: 0.3253 | Val Acc: 0.0984 | Val P/R/F1 (Macro): 0.1137/0.0976/0.0875 | LR: 0.000050
Epoch [6/100] | Loss: 4.2831 (Cls: 4.2831) | Train Acc: 0.4239 | Val Acc: 0.1111 | Val P/R/F1 (Macro): 0.1539/0.1111/0.1091 | LR: 0.000050
Epoch [7/100] | Loss: 3.7236 (Cls: 3.7236) | Train Acc: 0.5377 | Val Acc: 0.1175 | Val P/R/F1 (Macro): 0.1731/0.1170/0.1203 | LR: 0.000050
  >>> New Best Val Acc: 0.1175
Epoch [8/100] | Loss: 3.2472 (Cls: 3.2472) | Train Acc: 0.6410 | Val Acc: 0.1460 | Val P/R/F1 (Macro): 0.1859/0.1455/0.1493 | LR: 0.000050
  >>> New Best Val Acc: 0.1460
Epoch [9/100] | Loss: 2.9374 (Cls: 2.9374) | Train Acc: 0.6875 | Val Acc: 0.1397 | Val P/R/F1 (Macro): 0.1881/0.1394/0.1430 | LR: 0.000050
Epoch [10/100] | Loss: 2.5764 (Cls: 2.5764) | Train Acc: 0.7668 | Val Acc: 0.1460 | Val P/R/F1 (Macro): 0.2509/0.1490/0.1545 | LR: 0.000050
Epoch [11/100] | Loss: 2.5161 (Cls: 2.5161) | Train Acc: 0.7660 | Val Acc: 0.1397 | Val P/R/F1 (Macro): 0.1950/0.1435/0.1469 | LR: 0.000050
Epoch [12/100] | Loss: 2.2201 (Cls: 2.2201) | Train Acc: 0.8317 | Val Acc: 0.1333 | Val P/R/F1 (Macro): 0.1940/0.1310/0.1392 | LR: 0.000050
Epoch [13/100] | Loss: 2.1629 (Cls: 2.1629) | Train Acc: 0.8510 | Val Acc: 0.1460 | Val P/R/F1 (Macro): 0.1673/0.1422/0.1441 | LR: 0.000050
Epoch [14/100] | Loss: 2.0827 (Cls: 2.0827) | Train Acc: 0.8742 | Val Acc: 0.1778 | Val P/R/F1 (Macro): 0.2164/0.1808/0.1810 | LR: 0.000050
  >>> New Best Val Acc: 0.1778
Epoch [15/100] | Loss: 2.0319 (Cls: 2.0319) | Train Acc: 0.8662 | Val Acc: 0.1587 | Val P/R/F1 (Macro): 0.1691/0.1591/0.1565 | LR: 0.000050
Epoch [16/100] | Loss: 1.9189 (Cls: 1.9189) | Train Acc: 0.9038 | Val Acc: 0.1556 | Val P/R/F1 (Macro): 0.1869/0.1548/0.1567 | LR: 0.000050
Epoch [17/100] | Loss: 1.8638 (Cls: 1.8638) | Train Acc: 0.9087 | Val Acc: 0.1714 | Val P/R/F1 (Macro): 0.2081/0.1727/0.1758 | LR: 0.000050
Epoch [18/100] | Loss: 1.8343 (Cls: 1.8343) | Train Acc: 0.9095 | Val Acc: 0.1587 | Val P/R/F1 (Macro): 0.2180/0.1606/0.1655 | LR: 0.000050
Epoch [19/100] | Loss: 1.7739 (Cls: 1.7739) | Train Acc: 0.9375 | Val Acc: 0.1587 | Val P/R/F1 (Macro): 0.1943/0.1604/0.1640 | LR: 0.000050
Epoch [20/100] | Loss: 1.7292 (Cls: 1.7292) | Train Acc: 0.9367 | Val Acc: 0.1460 | Val P/R/F1 (Macro): 0.1981/0.1480/0.1500 | LR: 0.000050
Epoch [21/100] | Loss: 1.7132 (Cls: 1.7132) | Train Acc: 0.9375 | Val Acc: 0.1556 | Val P/R/F1 (Macro): 0.1768/0.1563/0.1536 | LR: 0.000050
Epoch [22/100] | Loss: 1.6377 (Cls: 1.6377) | Train Acc: 0.9688 | Val Acc: 0.1524 | Val P/R/F1 (Macro): 0.2115/0.1539/0.1591 | LR: 0.000050
Epoch [23/100] | Loss: 1.6274 (Cls: 1.6274) | Train Acc: 0.9535 | Val Acc: 0.1492 | Val P/R/F1 (Macro): 0.1950/0.1541/0.1563 | LR: 0.000050
Epoch [24/100] | Loss: 1.6245 (Cls: 1.6245) | Train Acc: 0.9527 | Val Acc: 0.1587 | Val P/R/F1 (Macro): 0.1767/0.1589/0.1559 | LR: 0.000050
Epoch [25/100] | Loss: 1.5713 (Cls: 1.5713) | Train Acc: 0.9671 | Val Acc: 0.1556 | Val P/R/F1 (Macro): 0.1808/0.1562/0.1581 | LR: 0.000025
Epoch [26/100] | Loss: 1.5660 (Cls: 1.5660) | Train Acc: 0.9688 | Val Acc: 0.1746 | Val P/R/F1 (Macro): 0.2050/0.1751/0.1793 | LR: 0.000025
Epoch [27/100] | Loss: 1.5630 (Cls: 1.5630) | Train Acc: 0.9647 | Val Acc: 0.1651 | Val P/R/F1 (Macro): 0.2034/0.1653/0.1760 | LR: 0.000025
Epoch [28/100] | Loss: 1.5447 (Cls: 1.5447) | Train Acc: 0.9679 | Val Acc: 0.1619 | Val P/R/F1 (Macro): 0.1858/0.1627/0.1667 | LR: 0.000025
Epoch [29/100] | Loss: 1.5300 (Cls: 1.5300) | Train Acc: 0.9776 | Val Acc: 0.1714 | Val P/R/F1 (Macro): 0.1927/0.1730/0.1778 | LR: 0.000025
Epoch [30/100] | Loss: 1.5135 (Cls: 1.5135) | Train Acc: 0.9679 | Val Acc: 0.1651 | Val P/R/F1 (Macro): 0.1835/0.1684/0.1666 | LR: 0.000025
Epoch [31/100] | Loss: 1.4977 (Cls: 1.4977) | Train Acc: 0.9800 | Val Acc: 0.1556 | Val P/R/F1 (Macro): 0.1666/0.1594/0.1552 | LR: 0.000025
Epoch [32/100] | Loss: 1.4905 (Cls: 1.4905) | Train Acc: 0.9792 | Val Acc: 0.1651 | Val P/R/F1 (Macro): 0.1902/0.1704/0.1676 | LR: 0.000025
Epoch [33/100] | Loss: 1.4702 (Cls: 1.4702) | Train Acc: 0.9808 | Val Acc: 0.1810 | Val P/R/F1 (Macro): 0.1985/0.1855/0.1816 | LR: 0.000025
  >>> New Best Val Acc: 0.1810
Epoch [34/100] | Loss: 1.5117 (Cls: 1.5117) | Train Acc: 0.9808 | Val Acc: 0.1651 | Val P/R/F1 (Macro): 0.1882/0.1702/0.1662 | LR: 0.000025
Epoch [35/100] | Loss: 1.4763 (Cls: 1.4763) | Train Acc: 0.9784 | Val Acc: 0.1587 | Val P/R/F1 (Macro): 0.1917/0.1647/0.1658 | LR: 0.000025
Epoch [36/100] | Loss: 1.4738 (Cls: 1.4738) | Train Acc: 0.9752 | Val Acc: 0.1587 | Val P/R/F1 (Macro): 0.1873/0.1614/0.1612 | LR: 0.000025
Epoch [37/100] | Loss: 1.4545 (Cls: 1.4545) | Train Acc: 0.9784 | Val Acc: 0.1714 | Val P/R/F1 (Macro): 0.1876/0.1761/0.1727 | LR: 0.000025
Epoch [38/100] | Loss: 1.4152 (Cls: 1.4152) | Train Acc: 0.9832 | Val Acc: 0.1587 | Val P/R/F1 (Macro): 0.1784/0.1635/0.1641 | LR: 0.000025
Epoch [39/100] | Loss: 1.4341 (Cls: 1.4341) | Train Acc: 0.9840 | Val Acc: 0.1683 | Val P/R/F1 (Macro): 0.1914/0.1694/0.1687 | LR: 0.000025
Epoch [40/100] | Loss: 1.4290 (Cls: 1.4290) | Train Acc: 0.9776 | Val Acc: 0.1619 | Val P/R/F1 (Macro): 0.1983/0.1660/0.1695 | LR: 0.000025
Epoch [41/100] | Loss: 1.4247 (Cls: 1.4247) | Train Acc: 0.9848 | Val Acc: 0.1651 | Val P/R/F1 (Macro): 0.1923/0.1710/0.1695 | LR: 0.000025
Epoch [42/100] | Loss: 1.4284 (Cls: 1.4284) | Train Acc: 0.9792 | Val Acc: 0.1778 | Val P/R/F1 (Macro): 0.1893/0.1837/0.1802 | LR: 0.000025
Epoch [43/100] | Loss: 1.4070 (Cls: 1.4070) | Train Acc: 0.9920 | Val Acc: 0.1778 | Val P/R/F1 (Macro): 0.1861/0.1845/0.1789 | LR: 0.000025
Epoch [44/100] | Loss: 1.4034 (Cls: 1.4034) | Train Acc: 0.9904 | Val Acc: 0.1651 | Val P/R/F1 (Macro): 0.1815/0.1692/0.1654 | LR: 0.000013
Epoch [45/100] | Loss: 1.4008 (Cls: 1.4008) | Train Acc: 0.9920 | Val Acc: 0.1651 | Val P/R/F1 (Macro): 0.1814/0.1685/0.1650 | LR: 0.000013
Epoch [46/100] | Loss: 1.3911 (Cls: 1.3911) | Train Acc: 0.9880 | Val Acc: 0.1683 | Val P/R/F1 (Macro): 0.1864/0.1740/0.1686 | LR: 0.000013
Epoch [47/100] | Loss: 1.3782 (Cls: 1.3782) | Train Acc: 0.9896 | Val Acc: 0.1778 | Val P/R/F1 (Macro): 0.1991/0.1842/0.1806 | LR: 0.000013
Epoch [48/100] | Loss: 1.3831 (Cls: 1.3831) | Train Acc: 0.9912 | Val Acc: 0.1714 | Val P/R/F1 (Macro): 0.2012/0.1773/0.1737 | LR: 0.000013
Epoch [49/100] | Loss: 1.3835 (Cls: 1.3835) | Train Acc: 0.9880 | Val Acc: 0.1714 | Val P/R/F1 (Macro): 0.2052/0.1765/0.1780 | LR: 0.000013
Epoch [50/100] | Loss: 1.3674 (Cls: 1.3674) | Train Acc: 0.9944 | Val Acc: 0.1714 | Val P/R/F1 (Macro): 0.1938/0.1758/0.1680 | LR: 0.000013
Epoch [51/100] | Loss: 1.3855 (Cls: 1.3855) | Train Acc: 0.9912 | Val Acc: 0.1619 | Val P/R/F1 (Macro): 0.1937/0.1659/0.1652 | LR: 0.000013
Epoch [52/100] | Loss: 1.3720 (Cls: 1.3720) | Train Acc: 0.9856 | Val Acc: 0.1524 | Val P/R/F1 (Macro): 0.1847/0.1560/0.1560 | LR: 0.000013
Epoch [53/100] | Loss: 1.3589 (Cls: 1.3589) | Train Acc: 0.9944 | Val Acc: 0.1492 | Val P/R/F1 (Macro): 0.1839/0.1535/0.1520 | LR: 0.000013
Epoch [54/100] | Loss: 1.3728 (Cls: 1.3728) | Train Acc: 0.9912 | Val Acc: 0.1683 | Val P/R/F1 (Macro): 0.1980/0.1761/0.1719 | LR: 0.000013
Epoch [55/100] | Loss: 1.3693 (Cls: 1.3693) | Train Acc: 0.9936 | Val Acc: 0.1587 | Val P/R/F1 (Macro): 0.1867/0.1628/0.1653 | LR: 0.000006
Epoch [56/100] | Loss: 1.3614 (Cls: 1.3614) | Train Acc: 0.9928 | Val Acc: 0.1778 | Val P/R/F1 (Macro): 0.1911/0.1831/0.1756 | LR: 0.000006
Epoch [57/100] | Loss: 1.3579 (Cls: 1.3579) | Train Acc: 0.9960 | Val Acc: 0.1683 | Val P/R/F1 (Macro): 0.2026/0.1758/0.1759 | LR: 0.000006
Epoch [58/100] | Loss: 1.3612 (Cls: 1.3612) | Train Acc: 0.9864 | Val Acc: 0.1651 | Val P/R/F1 (Macro): 0.2054/0.1719/0.1730 | LR: 0.000006
Epoch [59/100] | Loss: 1.3566 (Cls: 1.3566) | Train Acc: 0.9920 | Val Acc: 0.1587 | Val P/R/F1 (Macro): 0.1896/0.1657/0.1637 | LR: 0.000006
Epoch [60/100] | Loss: 1.3730 (Cls: 1.3730) | Train Acc: 0.9904 | Val Acc: 0.1683 | Val P/R/F1 (Macro): 0.1962/0.1760/0.1726 | LR: 0.000006
Epoch [61/100] | Loss: 1.3685 (Cls: 1.3685) | Train Acc: 0.9856 | Val Acc: 0.1683 | Val P/R/F1 (Macro): 0.2081/0.1758/0.1753 | LR: 0.000006
Epoch [62/100] | Loss: 1.3656 (Cls: 1.3656) | Train Acc: 0.9904 | Val Acc: 0.1841 | Val P/R/F1 (Macro): 0.2208/0.1897/0.1921 | LR: 0.000006
  >>> New Best Val Acc: 0.1841
Epoch [63/100] | Loss: 1.3645 (Cls: 1.3645) | Train Acc: 0.9912 | Val Acc: 0.1714 | Val P/R/F1 (Macro): 0.2054/0.1776/0.1772 | LR: 0.000006
Epoch [64/100] | Loss: 1.3621 (Cls: 1.3621) | Train Acc: 0.9928 | Val Acc: 0.1651 | Val P/R/F1 (Macro): 0.1856/0.1687/0.1664 | LR: 0.000006
Epoch [65/100] | Loss: 1.3519 (Cls: 1.3519) | Train Acc: 0.9944 | Val Acc: 0.1683 | Val P/R/F1 (Macro): 0.2007/0.1727/0.1736 | LR: 0.000006
Epoch [66/100] | Loss: 1.3524 (Cls: 1.3524) | Train Acc: 0.9944 | Val Acc: 0.1587 | Val P/R/F1 (Macro): 0.1998/0.1646/0.1685 | LR: 0.000006
Epoch [67/100] | Loss: 1.3458 (Cls: 1.3458) | Train Acc: 0.9920 | Val Acc: 0.1778 | Val P/R/F1 (Macro): 0.1987/0.1846/0.1825 | LR: 0.000006
Epoch [68/100] | Loss: 1.3516 (Cls: 1.3516) | Train Acc: 0.9960 | Val Acc: 0.1651 | Val P/R/F1 (Macro): 0.1771/0.1698/0.1606 | LR: 0.000006
Epoch [69/100] | Loss: 1.3513 (Cls: 1.3513) | Train Acc: 0.9904 | Val Acc: 0.1714 | Val P/R/F1 (Macro): 0.1819/0.1729/0.1691 | LR: 0.000006
Epoch [70/100] | Loss: 1.3446 (Cls: 1.3446) | Train Acc: 0.9936 | Val Acc: 0.1619 | Val P/R/F1 (Macro): 0.1952/0.1653/0.1678 | LR: 0.000006
Epoch [71/100] | Loss: 1.3383 (Cls: 1.3383) | Train Acc: 0.9960 | Val Acc: 0.1683 | Val P/R/F1 (Macro): 0.1961/0.1721/0.1721 | LR: 0.000006
Epoch [72/100] | Loss: 1.3410 (Cls: 1.3410) | Train Acc: 0.9920 | Val Acc: 0.1683 | Val P/R/F1 (Macro): 0.1818/0.1743/0.1681 | LR: 0.000006
Epoch [73/100] | Loss: 1.3471 (Cls: 1.3471) | Train Acc: 0.9928 | Val Acc: 0.1714 | Val P/R/F1 (Macro): 0.1842/0.1772/0.1729 | LR: 0.000003
Epoch [74/100] | Loss: 1.3348 (Cls: 1.3348) | Train Acc: 0.9944 | Val Acc: 0.1714 | Val P/R/F1 (Macro): 0.1968/0.1741/0.1729 | LR: 0.000003
Epoch [75/100] | Loss: 1.3315 (Cls: 1.3315) | Train Acc: 0.9952 | Val Acc: 0.1683 | Val P/R/F1 (Macro): 0.1939/0.1733/0.1720 | LR: 0.000003
Epoch [76/100] | Loss: 1.3532 (Cls: 1.3532) | Train Acc: 0.9904 | Val Acc: 0.1651 | Val P/R/F1 (Macro): 0.1902/0.1695/0.1678 | LR: 0.000003
Epoch [77/100] | Loss: 1.3387 (Cls: 1.3387) | Train Acc: 0.9920 | Val Acc: 0.1778 | Val P/R/F1 (Macro): 0.2065/0.1847/0.1838 | LR: 0.000003
Epoch [78/100] | Loss: 1.3455 (Cls: 1.3455) | Train Acc: 0.9888 | Val Acc: 0.1619 | Val P/R/F1 (Macro): 0.1823/0.1649/0.1638 | LR: 0.000003
Epoch [79/100] | Loss: 1.3511 (Cls: 1.3511) | Train Acc: 0.9936 | Val Acc: 0.1746 | Val P/R/F1 (Macro): 0.2074/0.1808/0.1822 | LR: 0.000003
Epoch [80/100] | Loss: 1.3362 (Cls: 1.3362) | Train Acc: 0.9968 | Val Acc: 0.1746 | Val P/R/F1 (Macro): 0.1923/0.1823/0.1781 | LR: 0.000003
Epoch [81/100] | Loss: 1.3533 (Cls: 1.3533) | Train Acc: 0.9920 | Val Acc: 0.1714 | Val P/R/F1 (Macro): 0.1892/0.1778/0.1752 | LR: 0.000003
Epoch [82/100] | Loss: 1.3402 (Cls: 1.3402) | Train Acc: 0.9960 | Val Acc: 0.1651 | Val P/R/F1 (Macro): 0.1882/0.1720/0.1669 | LR: 0.000003
Epoch [83/100] | Loss: 1.3519 (Cls: 1.3519) | Train Acc: 0.9896 | Val Acc: 0.1683 | Val P/R/F1 (Macro): 0.2054/0.1749/0.1768 | LR: 0.000003
Epoch [84/100] | Loss: 1.3517 (Cls: 1.3517) | Train Acc: 0.9920 | Val Acc: 0.1841 | Val P/R/F1 (Macro): 0.2015/0.1919/0.1858 | LR: 0.000002
Epoch [85/100] | Loss: 1.3508 (Cls: 1.3508) | Train Acc: 0.9928 | Val Acc: 0.1683 | Val P/R/F1 (Macro): 0.1920/0.1734/0.1713 | LR: 0.000002
Epoch [86/100] | Loss: 1.3343 (Cls: 1.3343) | Train Acc: 0.9944 | Val Acc: 0.1714 | Val P/R/F1 (Macro): 0.1976/0.1759/0.1735 | LR: 0.000002
Epoch [87/100] | Loss: 1.3378 (Cls: 1.3378) | Train Acc: 0.9952 | Val Acc: 0.1746 | Val P/R/F1 (Macro): 0.1926/0.1807/0.1748 | LR: 0.000002
Epoch [88/100] | Loss: 1.3427 (Cls: 1.3427) | Train Acc: 0.9920 | Val Acc: 0.1873 | Val P/R/F1 (Macro): 0.2091/0.1947/0.1877 | LR: 0.000002
  >>> New Best Val Acc: 0.1873
Epoch [89/100] | Loss: 1.3261 (Cls: 1.3261) | Train Acc: 0.9976 | Val Acc: 0.1746 | Val P/R/F1 (Macro): 0.1982/0.1787/0.1738 | LR: 0.000002
Epoch [90/100] | Loss: 1.3483 (Cls: 1.3483) | Train Acc: 0.9888 | Val Acc: 0.1651 | Val P/R/F1 (Macro): 0.1951/0.1693/0.1678 | LR: 0.000002
Epoch [91/100] | Loss: 1.3404 (Cls: 1.3404) | Train Acc: 0.9952 | Val Acc: 0.1587 | Val P/R/F1 (Macro): 0.1749/0.1631/0.1572 | LR: 0.000002
Epoch [92/100] | Loss: 1.3343 (Cls: 1.3343) | Train Acc: 0.9912 | Val Acc: 0.1746 | Val P/R/F1 (Macro): 0.2056/0.1842/0.1778 | LR: 0.000002
Epoch [93/100] | Loss: 1.3301 (Cls: 1.3301) | Train Acc: 0.9944 | Val Acc: 0.1714 | Val P/R/F1 (Macro): 0.1993/0.1781/0.1751 | LR: 0.000002
Epoch [94/100] | Loss: 1.3499 (Cls: 1.3499) | Train Acc: 0.9904 | Val Acc: 0.1619 | Val P/R/F1 (Macro): 0.1832/0.1659/0.1623 | LR: 0.000002
Epoch [95/100] | Loss: 1.3368 (Cls: 1.3368) | Train Acc: 0.9952 | Val Acc: 0.1619 | Val P/R/F1 (Macro): 0.2072/0.1667/0.1719 | LR: 0.000002
Epoch [96/100] | Loss: 1.3376 (Cls: 1.3376) | Train Acc: 0.9936 | Val Acc: 0.1619 | Val P/R/F1 (Macro): 0.1854/0.1712/0.1657 | LR: 0.000002
Epoch [97/100] | Loss: 1.3490 (Cls: 1.3490) | Train Acc: 0.9880 | Val Acc: 0.1587 | Val P/R/F1 (Macro): 0.1747/0.1609/0.1601 | LR: 0.000002
Epoch [98/100] | Loss: 1.3286 (Cls: 1.3286) | Train Acc: 0.9928 | Val Acc: 0.1524 | Val P/R/F1 (Macro): 0.1926/0.1580/0.1608 | LR: 0.000002
Epoch [99/100] | Loss: 1.3380 (Cls: 1.3380) | Train Acc: 0.9928 | Val Acc: 0.1651 | Val P/R/F1 (Macro): 0.1969/0.1679/0.1706 | LR: 0.000001
Epoch [100/100] | Loss: 1.3364 (Cls: 1.3364) | Train Acc: 0.9912 | Val Acc: 0.1587 | Val P/R/F1 (Macro): 0.1974/0.1656/0.1660 | LR: 0.000001
Report strategy: last_window, window=10, reported_acc=0.1625, best_acc=0.1873

迭代 2 报告指标:
  Accuracy: 0.1625
  Precision (Macro): 0.1917
  Recall (Macro): 0.1682
  F1 (Macro): 0.1667
  Precision (Micro): 0.1625
  Recall (Micro): 0.1625
  F1 (Micro): 0.1625
  Val class coverage: 16/16 (1.0000), samples=315

================================================================================
迭代 3/5
随机种子: 44
================================================================================
Training mode: unpaired target adaptation with controlled target-label loss (ratio=0.78, weight=1.15).
Fixed labeled target subset: 980/1257 samples.
Epoch [1/100] | Loss: 6.5701 (Cls: 6.5701) | Train Acc: 0.0841 | Val Acc: 0.1048 | Val P/R/F1 (Macro): 0.0969/0.1024/0.0850 | LR: 0.000050
  >>> New Best Val Acc: 0.1048
Epoch [2/100] | Loss: 6.0400 (Cls: 6.0400) | Train Acc: 0.1066 | Val Acc: 0.1238 | Val P/R/F1 (Macro): 0.1916/0.1197/0.1118 | LR: 0.000050
  >>> New Best Val Acc: 0.1238
Epoch [3/100] | Loss: 5.7544 (Cls: 5.7544) | Train Acc: 0.1514 | Val Acc: 0.1270 | Val P/R/F1 (Macro): 0.1465/0.1216/0.0930 | LR: 0.000050
  >>> New Best Val Acc: 0.1270
Epoch [4/100] | Loss: 5.2323 (Cls: 5.2323) | Train Acc: 0.2444 | Val Acc: 0.1333 | Val P/R/F1 (Macro): 0.1183/0.1274/0.1050 | LR: 0.000050
  >>> New Best Val Acc: 0.1333
Epoch [5/100] | Loss: 4.7734 (Cls: 4.7734) | Train Acc: 0.3405 | Val Acc: 0.1333 | Val P/R/F1 (Macro): 0.1483/0.1312/0.1124 | LR: 0.000050
Epoch [6/100] | Loss: 4.2677 (Cls: 4.2677) | Train Acc: 0.4271 | Val Acc: 0.1365 | Val P/R/F1 (Macro): 0.2298/0.1309/0.1240 | LR: 0.000050
  >>> New Best Val Acc: 0.1365
Epoch [7/100] | Loss: 3.7400 (Cls: 3.7400) | Train Acc: 0.5465 | Val Acc: 0.1429 | Val P/R/F1 (Macro): 0.1969/0.1410/0.1397 | LR: 0.000050
  >>> New Best Val Acc: 0.1429
Epoch [8/100] | Loss: 3.3854 (Cls: 3.3854) | Train Acc: 0.5905 | Val Acc: 0.1397 | Val P/R/F1 (Macro): 0.1798/0.1364/0.1341 | LR: 0.000050
Epoch [9/100] | Loss: 2.9514 (Cls: 2.9514) | Train Acc: 0.6763 | Val Acc: 0.1365 | Val P/R/F1 (Macro): 0.1603/0.1357/0.1358 | LR: 0.000050
Epoch [10/100] | Loss: 2.6369 (Cls: 2.6369) | Train Acc: 0.7604 | Val Acc: 0.1365 | Val P/R/F1 (Macro): 0.1778/0.1345/0.1316 | LR: 0.000050
Epoch [11/100] | Loss: 2.4587 (Cls: 2.4587) | Train Acc: 0.7997 | Val Acc: 0.1492 | Val P/R/F1 (Macro): 0.1961/0.1449/0.1528 | LR: 0.000050
  >>> New Best Val Acc: 0.1492
Epoch [12/100] | Loss: 2.3514 (Cls: 2.3514) | Train Acc: 0.8037 | Val Acc: 0.1556 | Val P/R/F1 (Macro): 0.1806/0.1547/0.1607 | LR: 0.000050
  >>> New Best Val Acc: 0.1556
Epoch [13/100] | Loss: 2.1963 (Cls: 2.1963) | Train Acc: 0.8381 | Val Acc: 0.1492 | Val P/R/F1 (Macro): 0.1859/0.1511/0.1523 | LR: 0.000050
Epoch [14/100] | Loss: 2.0992 (Cls: 2.0992) | Train Acc: 0.8534 | Val Acc: 0.1587 | Val P/R/F1 (Macro): 0.2143/0.1571/0.1653 | LR: 0.000050
  >>> New Best Val Acc: 0.1587
Epoch [15/100] | Loss: 1.9970 (Cls: 1.9970) | Train Acc: 0.8822 | Val Acc: 0.1651 | Val P/R/F1 (Macro): 0.2148/0.1610/0.1693 | LR: 0.000050
  >>> New Best Val Acc: 0.1651
Epoch [16/100] | Loss: 1.9357 (Cls: 1.9357) | Train Acc: 0.8982 | Val Acc: 0.1397 | Val P/R/F1 (Macro): 0.1856/0.1372/0.1483 | LR: 0.000050
Epoch [17/100] | Loss: 1.9068 (Cls: 1.9068) | Train Acc: 0.9062 | Val Acc: 0.1492 | Val P/R/F1 (Macro): 0.1916/0.1459/0.1554 | LR: 0.000050
Epoch [18/100] | Loss: 1.8424 (Cls: 1.8424) | Train Acc: 0.9183 | Val Acc: 0.1714 | Val P/R/F1 (Macro): 0.2308/0.1695/0.1793 | LR: 0.000050
  >>> New Best Val Acc: 0.1714
Epoch [19/100] | Loss: 1.7747 (Cls: 1.7747) | Train Acc: 0.9271 | Val Acc: 0.1651 | Val P/R/F1 (Macro): 0.1897/0.1626/0.1659 | LR: 0.000050
Epoch [20/100] | Loss: 1.7522 (Cls: 1.7522) | Train Acc: 0.9383 | Val Acc: 0.1460 | Val P/R/F1 (Macro): 0.1901/0.1453/0.1559 | LR: 0.000050
Epoch [21/100] | Loss: 1.7332 (Cls: 1.7332) | Train Acc: 0.9407 | Val Acc: 0.1524 | Val P/R/F1 (Macro): 0.1825/0.1486/0.1542 | LR: 0.000050
Epoch [22/100] | Loss: 1.7025 (Cls: 1.7025) | Train Acc: 0.9487 | Val Acc: 0.1683 | Val P/R/F1 (Macro): 0.1965/0.1674/0.1717 | LR: 0.000050
Epoch [23/100] | Loss: 1.6661 (Cls: 1.6661) | Train Acc: 0.9495 | Val Acc: 0.1556 | Val P/R/F1 (Macro): 0.1751/0.1540/0.1593 | LR: 0.000050
Epoch [24/100] | Loss: 1.6195 (Cls: 1.6195) | Train Acc: 0.9615 | Val Acc: 0.1683 | Val P/R/F1 (Macro): 0.1969/0.1675/0.1714 | LR: 0.000050
Epoch [25/100] | Loss: 1.5649 (Cls: 1.5649) | Train Acc: 0.9704 | Val Acc: 0.1778 | Val P/R/F1 (Macro): 0.1974/0.1756/0.1748 | LR: 0.000050
  >>> New Best Val Acc: 0.1778
Epoch [26/100] | Loss: 1.5952 (Cls: 1.5952) | Train Acc: 0.9607 | Val Acc: 0.1746 | Val P/R/F1 (Macro): 0.2084/0.1720/0.1710 | LR: 0.000050
Epoch [27/100] | Loss: 1.5538 (Cls: 1.5538) | Train Acc: 0.9647 | Val Acc: 0.1714 | Val P/R/F1 (Macro): 0.2012/0.1693/0.1707 | LR: 0.000050
Epoch [28/100] | Loss: 1.5682 (Cls: 1.5682) | Train Acc: 0.9720 | Val Acc: 0.1778 | Val P/R/F1 (Macro): 0.2231/0.1739/0.1761 | LR: 0.000050
Epoch [29/100] | Loss: 1.5104 (Cls: 1.5104) | Train Acc: 0.9704 | Val Acc: 0.1778 | Val P/R/F1 (Macro): 0.2140/0.1760/0.1826 | LR: 0.000050
Epoch [30/100] | Loss: 1.5002 (Cls: 1.5002) | Train Acc: 0.9752 | Val Acc: 0.1810 | Val P/R/F1 (Macro): 0.1960/0.1783/0.1821 | LR: 0.000050
  >>> New Best Val Acc: 0.1810
Epoch [31/100] | Loss: 1.5044 (Cls: 1.5044) | Train Acc: 0.9824 | Val Acc: 0.1937 | Val P/R/F1 (Macro): 0.2116/0.1916/0.1896 | LR: 0.000050
  >>> New Best Val Acc: 0.1937
Epoch [32/100] | Loss: 1.4699 (Cls: 1.4699) | Train Acc: 0.9824 | Val Acc: 0.1841 | Val P/R/F1 (Macro): 0.2083/0.1835/0.1832 | LR: 0.000050
Epoch [33/100] | Loss: 1.4750 (Cls: 1.4750) | Train Acc: 0.9728 | Val Acc: 0.1778 | Val P/R/F1 (Macro): 0.1957/0.1740/0.1781 | LR: 0.000050
Epoch [34/100] | Loss: 1.4514 (Cls: 1.4514) | Train Acc: 0.9840 | Val Acc: 0.1905 | Val P/R/F1 (Macro): 0.1956/0.1865/0.1851 | LR: 0.000050
Epoch [35/100] | Loss: 1.4568 (Cls: 1.4568) | Train Acc: 0.9776 | Val Acc: 0.1937 | Val P/R/F1 (Macro): 0.1954/0.1899/0.1855 | LR: 0.000050
Epoch [36/100] | Loss: 1.4162 (Cls: 1.4162) | Train Acc: 0.9912 | Val Acc: 0.1905 | Val P/R/F1 (Macro): 0.1933/0.1879/0.1839 | LR: 0.000050
Epoch [37/100] | Loss: 1.4217 (Cls: 1.4217) | Train Acc: 0.9864 | Val Acc: 0.1810 | Val P/R/F1 (Macro): 0.2214/0.1787/0.1823 | LR: 0.000050
Epoch [38/100] | Loss: 1.4176 (Cls: 1.4176) | Train Acc: 0.9856 | Val Acc: 0.2032 | Val P/R/F1 (Macro): 0.2299/0.1997/0.2039 | LR: 0.000050
  >>> New Best Val Acc: 0.2032
Epoch [39/100] | Loss: 1.4008 (Cls: 1.4008) | Train Acc: 0.9864 | Val Acc: 0.2000 | Val P/R/F1 (Macro): 0.2175/0.1956/0.1965 | LR: 0.000050
Epoch [40/100] | Loss: 1.4086 (Cls: 1.4086) | Train Acc: 0.9776 | Val Acc: 0.1873 | Val P/R/F1 (Macro): 0.2216/0.1884/0.1909 | LR: 0.000050
Epoch [41/100] | Loss: 1.3906 (Cls: 1.3906) | Train Acc: 0.9888 | Val Acc: 0.1810 | Val P/R/F1 (Macro): 0.2421/0.1784/0.1883 | LR: 0.000050
Epoch [42/100] | Loss: 1.4053 (Cls: 1.4053) | Train Acc: 0.9848 | Val Acc: 0.1651 | Val P/R/F1 (Macro): 0.2347/0.1643/0.1608 | LR: 0.000050
Epoch [43/100] | Loss: 1.3844 (Cls: 1.3844) | Train Acc: 0.9864 | Val Acc: 0.1937 | Val P/R/F1 (Macro): 0.2041/0.1927/0.1872 | LR: 0.000050
Epoch [44/100] | Loss: 1.3755 (Cls: 1.3755) | Train Acc: 0.9888 | Val Acc: 0.1746 | Val P/R/F1 (Macro): 0.1901/0.1723/0.1737 | LR: 0.000050
Epoch [45/100] | Loss: 1.3656 (Cls: 1.3656) | Train Acc: 0.9936 | Val Acc: 0.1683 | Val P/R/F1 (Macro): 0.2126/0.1692/0.1727 | LR: 0.000050
Epoch [46/100] | Loss: 1.3665 (Cls: 1.3665) | Train Acc: 0.9928 | Val Acc: 0.1619 | Val P/R/F1 (Macro): 0.1980/0.1645/0.1636 | LR: 0.000050
Epoch [47/100] | Loss: 1.3625 (Cls: 1.3625) | Train Acc: 0.9936 | Val Acc: 0.1873 | Val P/R/F1 (Macro): 0.2219/0.1867/0.1912 | LR: 0.000050
Epoch [48/100] | Loss: 1.3561 (Cls: 1.3561) | Train Acc: 0.9928 | Val Acc: 0.1714 | Val P/R/F1 (Macro): 0.1789/0.1691/0.1682 | LR: 0.000050
Epoch [49/100] | Loss: 1.3648 (Cls: 1.3648) | Train Acc: 0.9872 | Val Acc: 0.1778 | Val P/R/F1 (Macro): 0.2014/0.1759/0.1827 | LR: 0.000025
Epoch [50/100] | Loss: 1.3530 (Cls: 1.3530) | Train Acc: 0.9928 | Val Acc: 0.1714 | Val P/R/F1 (Macro): 0.1933/0.1722/0.1753 | LR: 0.000025
Epoch [51/100] | Loss: 1.3388 (Cls: 1.3388) | Train Acc: 0.9952 | Val Acc: 0.1619 | Val P/R/F1 (Macro): 0.1895/0.1628/0.1648 | LR: 0.000025
Epoch [52/100] | Loss: 1.3296 (Cls: 1.3296) | Train Acc: 0.9944 | Val Acc: 0.1683 | Val P/R/F1 (Macro): 0.2084/0.1679/0.1731 | LR: 0.000025
Epoch [53/100] | Loss: 1.3343 (Cls: 1.3343) | Train Acc: 0.9936 | Val Acc: 0.1619 | Val P/R/F1 (Macro): 0.1785/0.1622/0.1609 | LR: 0.000025
Epoch [54/100] | Loss: 1.3217 (Cls: 1.3217) | Train Acc: 0.9960 | Val Acc: 0.1746 | Val P/R/F1 (Macro): 0.2025/0.1740/0.1779 | LR: 0.000025
Epoch [55/100] | Loss: 1.3282 (Cls: 1.3282) | Train Acc: 0.9944 | Val Acc: 0.1683 | Val P/R/F1 (Macro): 0.2012/0.1694/0.1711 | LR: 0.000025
Epoch [56/100] | Loss: 1.3248 (Cls: 1.3248) | Train Acc: 0.9912 | Val Acc: 0.1778 | Val P/R/F1 (Macro): 0.1888/0.1740/0.1766 | LR: 0.000025
Epoch [57/100] | Loss: 1.3272 (Cls: 1.3272) | Train Acc: 0.9968 | Val Acc: 0.1778 | Val P/R/F1 (Macro): 0.1997/0.1750/0.1777 | LR: 0.000025
Epoch [58/100] | Loss: 1.3209 (Cls: 1.3209) | Train Acc: 0.9928 | Val Acc: 0.1587 | Val P/R/F1 (Macro): 0.1881/0.1591/0.1564 | LR: 0.000025
Epoch [59/100] | Loss: 1.3143 (Cls: 1.3143) | Train Acc: 0.9928 | Val Acc: 0.1556 | Val P/R/F1 (Macro): 0.2032/0.1541/0.1562 | LR: 0.000025
Epoch [60/100] | Loss: 1.3099 (Cls: 1.3099) | Train Acc: 0.9968 | Val Acc: 0.1556 | Val P/R/F1 (Macro): 0.1774/0.1559/0.1578 | LR: 0.000013
Epoch [61/100] | Loss: 1.3037 (Cls: 1.3037) | Train Acc: 0.9976 | Val Acc: 0.1778 | Val P/R/F1 (Macro): 0.1948/0.1739/0.1767 | LR: 0.000013
Epoch [62/100] | Loss: 1.3105 (Cls: 1.3105) | Train Acc: 0.9952 | Val Acc: 0.1746 | Val P/R/F1 (Macro): 0.1995/0.1749/0.1760 | LR: 0.000013
Epoch [63/100] | Loss: 1.3173 (Cls: 1.3173) | Train Acc: 0.9912 | Val Acc: 0.1810 | Val P/R/F1 (Macro): 0.2433/0.1817/0.1865 | LR: 0.000013
Epoch [64/100] | Loss: 1.3139 (Cls: 1.3139) | Train Acc: 0.9952 | Val Acc: 0.1619 | Val P/R/F1 (Macro): 0.1862/0.1612/0.1607 | LR: 0.000013
Epoch [65/100] | Loss: 1.3026 (Cls: 1.3026) | Train Acc: 0.9976 | Val Acc: 0.1714 | Val P/R/F1 (Macro): 0.1886/0.1701/0.1677 | LR: 0.000013
Epoch [66/100] | Loss: 1.3076 (Cls: 1.3076) | Train Acc: 0.9984 | Val Acc: 0.1714 | Val P/R/F1 (Macro): 0.2056/0.1718/0.1729 | LR: 0.000013
Epoch [67/100] | Loss: 1.3114 (Cls: 1.3114) | Train Acc: 0.9960 | Val Acc: 0.1873 | Val P/R/F1 (Macro): 0.1857/0.1846/0.1795 | LR: 0.000013
Epoch [68/100] | Loss: 1.3191 (Cls: 1.3191) | Train Acc: 0.9928 | Val Acc: 0.1714 | Val P/R/F1 (Macro): 0.2043/0.1697/0.1754 | LR: 0.000013
Epoch [69/100] | Loss: 1.3055 (Cls: 1.3055) | Train Acc: 0.9960 | Val Acc: 0.1683 | Val P/R/F1 (Macro): 0.1927/0.1664/0.1686 | LR: 0.000013
Epoch [70/100] | Loss: 1.2901 (Cls: 1.2901) | Train Acc: 0.9984 | Val Acc: 0.1651 | Val P/R/F1 (Macro): 0.2051/0.1650/0.1688 | LR: 0.000013
Epoch [71/100] | Loss: 1.2973 (Cls: 1.2973) | Train Acc: 0.9976 | Val Acc: 0.1714 | Val P/R/F1 (Macro): 0.2014/0.1709/0.1743 | LR: 0.000006
Epoch [72/100] | Loss: 1.3009 (Cls: 1.3009) | Train Acc: 0.9944 | Val Acc: 0.1651 | Val P/R/F1 (Macro): 0.1778/0.1647/0.1616 | LR: 0.000006
Epoch [73/100] | Loss: 1.3037 (Cls: 1.3037) | Train Acc: 0.9952 | Val Acc: 0.1651 | Val P/R/F1 (Macro): 0.1846/0.1645/0.1645 | LR: 0.000006
Epoch [74/100] | Loss: 1.2978 (Cls: 1.2978) | Train Acc: 0.9976 | Val Acc: 0.1714 | Val P/R/F1 (Macro): 0.1802/0.1732/0.1655 | LR: 0.000006
Epoch [75/100] | Loss: 1.3043 (Cls: 1.3043) | Train Acc: 0.9968 | Val Acc: 0.1714 | Val P/R/F1 (Macro): 0.1846/0.1729/0.1717 | LR: 0.000006
Epoch [76/100] | Loss: 1.2948 (Cls: 1.2948) | Train Acc: 0.9984 | Val Acc: 0.1778 | Val P/R/F1 (Macro): 0.1840/0.1740/0.1702 | LR: 0.000006
Epoch [77/100] | Loss: 1.3010 (Cls: 1.3010) | Train Acc: 0.9992 | Val Acc: 0.1619 | Val P/R/F1 (Macro): 0.1904/0.1633/0.1620 | LR: 0.000006
Epoch [78/100] | Loss: 1.2907 (Cls: 1.2907) | Train Acc: 0.9984 | Val Acc: 0.1651 | Val P/R/F1 (Macro): 0.1845/0.1662/0.1670 | LR: 0.000006
Epoch [79/100] | Loss: 1.2918 (Cls: 1.2918) | Train Acc: 0.9984 | Val Acc: 0.1683 | Val P/R/F1 (Macro): 0.1879/0.1673/0.1655 | LR: 0.000006
Epoch [80/100] | Loss: 1.2976 (Cls: 1.2976) | Train Acc: 0.9976 | Val Acc: 0.1683 | Val P/R/F1 (Macro): 0.1915/0.1698/0.1681 | LR: 0.000006
Epoch [81/100] | Loss: 1.2957 (Cls: 1.2957) | Train Acc: 0.9960 | Val Acc: 0.1683 | Val P/R/F1 (Macro): 0.1771/0.1689/0.1621 | LR: 0.000006
Epoch [82/100] | Loss: 1.3000 (Cls: 1.3000) | Train Acc: 0.9976 | Val Acc: 0.1746 | Val P/R/F1 (Macro): 0.1762/0.1717/0.1680 | LR: 0.000003
Epoch [83/100] | Loss: 1.2966 (Cls: 1.2966) | Train Acc: 0.9944 | Val Acc: 0.1778 | Val P/R/F1 (Macro): 0.1794/0.1776/0.1711 | LR: 0.000003
Epoch [84/100] | Loss: 1.2887 (Cls: 1.2887) | Train Acc: 0.9976 | Val Acc: 0.1746 | Val P/R/F1 (Macro): 0.1974/0.1740/0.1746 | LR: 0.000003
Epoch [85/100] | Loss: 1.2858 (Cls: 1.2858) | Train Acc: 0.9976 | Val Acc: 0.1746 | Val P/R/F1 (Macro): 0.1959/0.1723/0.1732 | LR: 0.000003
Epoch [86/100] | Loss: 1.2878 (Cls: 1.2878) | Train Acc: 0.9976 | Val Acc: 0.1683 | Val P/R/F1 (Macro): 0.2011/0.1680/0.1731 | LR: 0.000003
Epoch [87/100] | Loss: 1.3071 (Cls: 1.3071) | Train Acc: 0.9960 | Val Acc: 0.1778 | Val P/R/F1 (Macro): 0.1885/0.1783/0.1762 | LR: 0.000003
Epoch [88/100] | Loss: 1.2943 (Cls: 1.2943) | Train Acc: 0.9968 | Val Acc: 0.1714 | Val P/R/F1 (Macro): 0.1918/0.1718/0.1710 | LR: 0.000003
Epoch [89/100] | Loss: 1.2964 (Cls: 1.2964) | Train Acc: 0.9984 | Val Acc: 0.1810 | Val P/R/F1 (Macro): 0.2023/0.1785/0.1826 | LR: 0.000003
Epoch [90/100] | Loss: 1.2932 (Cls: 1.2932) | Train Acc: 0.9952 | Val Acc: 0.1683 | Val P/R/F1 (Macro): 0.1922/0.1679/0.1629 | LR: 0.000003
Epoch [91/100] | Loss: 1.2892 (Cls: 1.2892) | Train Acc: 0.9968 | Val Acc: 0.1841 | Val P/R/F1 (Macro): 0.1987/0.1844/0.1814 | LR: 0.000003
Epoch [92/100] | Loss: 1.2897 (Cls: 1.2897) | Train Acc: 0.9976 | Val Acc: 0.1714 | Val P/R/F1 (Macro): 0.1967/0.1732/0.1698 | LR: 0.000003
Epoch [93/100] | Loss: 1.2921 (Cls: 1.2921) | Train Acc: 0.9984 | Val Acc: 0.1714 | Val P/R/F1 (Macro): 0.1949/0.1711/0.1705 | LR: 0.000002
Epoch [94/100] | Loss: 1.2825 (Cls: 1.2825) | Train Acc: 0.9976 | Val Acc: 0.1746 | Val P/R/F1 (Macro): 0.1962/0.1730/0.1708 | LR: 0.000002
Epoch [95/100] | Loss: 1.2894 (Cls: 1.2894) | Train Acc: 0.9976 | Val Acc: 0.1714 | Val P/R/F1 (Macro): 0.1943/0.1704/0.1709 | LR: 0.000002
Epoch [96/100] | Loss: 1.2856 (Cls: 1.2856) | Train Acc: 1.0000 | Val Acc: 0.1778 | Val P/R/F1 (Macro): 0.1997/0.1772/0.1764 | LR: 0.000002
Epoch [97/100] | Loss: 1.2940 (Cls: 1.2940) | Train Acc: 0.9952 | Val Acc: 0.1683 | Val P/R/F1 (Macro): 0.1793/0.1686/0.1627 | LR: 0.000002
Epoch [98/100] | Loss: 1.2902 (Cls: 1.2902) | Train Acc: 0.9992 | Val Acc: 0.1778 | Val P/R/F1 (Macro): 0.1856/0.1742/0.1715 | LR: 0.000002
Epoch [99/100] | Loss: 1.2852 (Cls: 1.2852) | Train Acc: 0.9968 | Val Acc: 0.1746 | Val P/R/F1 (Macro): 0.1839/0.1738/0.1694 | LR: 0.000002
Epoch [100/100] | Loss: 1.2901 (Cls: 1.2901) | Train Acc: 0.9976 | Val Acc: 0.1810 | Val P/R/F1 (Macro): 0.1942/0.1812/0.1803 | LR: 0.000002
Report strategy: last_window, window=10, reported_acc=0.1752, best_acc=0.2032

迭代 3 报告指标:
  Accuracy: 0.1752
  Precision (Macro): 0.1924
  Recall (Macro): 0.1747
  F1 (Macro): 0.1724
  Precision (Micro): 0.1752
  Recall (Micro): 0.1752
  F1 (Micro): 0.1752
  Val class coverage: 16/16 (1.0000), samples=315

================================================================================
迭代 4/5
随机种子: 45
================================================================================
Training mode: unpaired target adaptation with controlled target-label loss (ratio=0.78, weight=1.15).
Fixed labeled target subset: 980/1257 samples.
Epoch [1/100] | Loss: 6.5328 (Cls: 6.5328) | Train Acc: 0.0865 | Val Acc: 0.0698 | Val P/R/F1 (Macro): 0.0657/0.0691/0.0603 | LR: 0.000050
  >>> New Best Val Acc: 0.0698
Epoch [2/100] | Loss: 6.0359 (Cls: 6.0359) | Train Acc: 0.1146 | Val Acc: 0.0794 | Val P/R/F1 (Macro): 0.1747/0.0772/0.0684 | LR: 0.000050
  >>> New Best Val Acc: 0.0794
Epoch [3/100] | Loss: 5.6776 (Cls: 5.6776) | Train Acc: 0.1506 | Val Acc: 0.0825 | Val P/R/F1 (Macro): 0.1682/0.0823/0.0799 | LR: 0.000050
  >>> New Best Val Acc: 0.0825
Epoch [4/100] | Loss: 5.3002 (Cls: 5.3002) | Train Acc: 0.2300 | Val Acc: 0.1206 | Val P/R/F1 (Macro): 0.1789/0.1177/0.1050 | LR: 0.000050
  >>> New Best Val Acc: 0.1206
Epoch [5/100] | Loss: 4.7953 (Cls: 4.7953) | Train Acc: 0.3237 | Val Acc: 0.1302 | Val P/R/F1 (Macro): 0.1562/0.1277/0.1145 | LR: 0.000050
  >>> New Best Val Acc: 0.1302
Epoch [6/100] | Loss: 4.2623 (Cls: 4.2623) | Train Acc: 0.4391 | Val Acc: 0.1365 | Val P/R/F1 (Macro): 0.1806/0.1361/0.1424 | LR: 0.000050
  >>> New Best Val Acc: 0.1365
Epoch [7/100] | Loss: 3.7788 (Cls: 3.7788) | Train Acc: 0.5312 | Val Acc: 0.1397 | Val P/R/F1 (Macro): 0.1939/0.1410/0.1485 | LR: 0.000050
  >>> New Best Val Acc: 0.1397
Epoch [8/100] | Loss: 3.3635 (Cls: 3.3635) | Train Acc: 0.5970 | Val Acc: 0.1270 | Val P/R/F1 (Macro): 0.1789/0.1308/0.1383 | LR: 0.000050
Epoch [9/100] | Loss: 3.0005 (Cls: 3.0005) | Train Acc: 0.6851 | Val Acc: 0.1714 | Val P/R/F1 (Macro): 0.2161/0.1718/0.1740 | LR: 0.000050
  >>> New Best Val Acc: 0.1714
Epoch [10/100] | Loss: 2.6717 (Cls: 2.6717) | Train Acc: 0.7388 | Val Acc: 0.1619 | Val P/R/F1 (Macro): 0.2191/0.1641/0.1693 | LR: 0.000050
Epoch [11/100] | Loss: 2.4823 (Cls: 2.4823) | Train Acc: 0.7909 | Val Acc: 0.1651 | Val P/R/F1 (Macro): 0.2020/0.1686/0.1694 | LR: 0.000050
Epoch [12/100] | Loss: 2.2994 (Cls: 2.2994) | Train Acc: 0.8229 | Val Acc: 0.1524 | Val P/R/F1 (Macro): 0.1709/0.1521/0.1490 | LR: 0.000050
Epoch [13/100] | Loss: 2.2044 (Cls: 2.2044) | Train Acc: 0.8309 | Val Acc: 0.1365 | Val P/R/F1 (Macro): 0.1637/0.1409/0.1366 | LR: 0.000050
Epoch [14/100] | Loss: 2.0843 (Cls: 2.0843) | Train Acc: 0.8638 | Val Acc: 0.1524 | Val P/R/F1 (Macro): 0.2083/0.1508/0.1570 | LR: 0.000050
Epoch [15/100] | Loss: 1.9739 (Cls: 1.9739) | Train Acc: 0.8894 | Val Acc: 0.1683 | Val P/R/F1 (Macro): 0.1742/0.1671/0.1655 | LR: 0.000050
Epoch [16/100] | Loss: 1.9668 (Cls: 1.9668) | Train Acc: 0.8950 | Val Acc: 0.1651 | Val P/R/F1 (Macro): 0.1935/0.1640/0.1660 | LR: 0.000050
Epoch [17/100] | Loss: 1.8924 (Cls: 1.8924) | Train Acc: 0.9030 | Val Acc: 0.1905 | Val P/R/F1 (Macro): 0.2111/0.1885/0.1887 | LR: 0.000050
  >>> New Best Val Acc: 0.1905
Epoch [18/100] | Loss: 1.8130 (Cls: 1.8130) | Train Acc: 0.9231 | Val Acc: 0.1778 | Val P/R/F1 (Macro): 0.2078/0.1759/0.1798 | LR: 0.000050
Epoch [19/100] | Loss: 1.8394 (Cls: 1.8394) | Train Acc: 0.9175 | Val Acc: 0.1873 | Val P/R/F1 (Macro): 0.2208/0.1904/0.1834 | LR: 0.000050
Epoch [20/100] | Loss: 1.7648 (Cls: 1.7648) | Train Acc: 0.9439 | Val Acc: 0.1746 | Val P/R/F1 (Macro): 0.1960/0.1753/0.1757 | LR: 0.000050
Epoch [21/100] | Loss: 1.7456 (Cls: 1.7456) | Train Acc: 0.9375 | Val Acc: 0.1714 | Val P/R/F1 (Macro): 0.2056/0.1693/0.1669 | LR: 0.000050
Epoch [22/100] | Loss: 1.6807 (Cls: 1.6807) | Train Acc: 0.9599 | Val Acc: 0.1619 | Val P/R/F1 (Macro): 0.1821/0.1606/0.1618 | LR: 0.000050
Epoch [23/100] | Loss: 1.6696 (Cls: 1.6696) | Train Acc: 0.9551 | Val Acc: 0.1683 | Val P/R/F1 (Macro): 0.1722/0.1663/0.1629 | LR: 0.000050
Epoch [24/100] | Loss: 1.6176 (Cls: 1.6176) | Train Acc: 0.9599 | Val Acc: 0.1746 | Val P/R/F1 (Macro): 0.1744/0.1728/0.1625 | LR: 0.000050
Epoch [25/100] | Loss: 1.6014 (Cls: 1.6014) | Train Acc: 0.9583 | Val Acc: 0.1587 | Val P/R/F1 (Macro): 0.1778/0.1582/0.1553 | LR: 0.000050
Epoch [26/100] | Loss: 1.5814 (Cls: 1.5814) | Train Acc: 0.9696 | Val Acc: 0.1524 | Val P/R/F1 (Macro): 0.1557/0.1545/0.1455 | LR: 0.000050
Epoch [27/100] | Loss: 1.5589 (Cls: 1.5589) | Train Acc: 0.9728 | Val Acc: 0.1651 | Val P/R/F1 (Macro): 0.1824/0.1668/0.1619 | LR: 0.000050
Epoch [28/100] | Loss: 1.5362 (Cls: 1.5362) | Train Acc: 0.9792 | Val Acc: 0.1365 | Val P/R/F1 (Macro): 0.1644/0.1390/0.1399 | LR: 0.000025
Epoch [29/100] | Loss: 1.5291 (Cls: 1.5291) | Train Acc: 0.9800 | Val Acc: 0.1492 | Val P/R/F1 (Macro): 0.1785/0.1493/0.1550 | LR: 0.000025
Epoch [30/100] | Loss: 1.4918 (Cls: 1.4918) | Train Acc: 0.9784 | Val Acc: 0.1302 | Val P/R/F1 (Macro): 0.1521/0.1312/0.1314 | LR: 0.000025
Epoch [31/100] | Loss: 1.4937 (Cls: 1.4937) | Train Acc: 0.9736 | Val Acc: 0.1524 | Val P/R/F1 (Macro): 0.1722/0.1574/0.1523 | LR: 0.000025
Epoch [32/100] | Loss: 1.4887 (Cls: 1.4887) | Train Acc: 0.9832 | Val Acc: 0.1397 | Val P/R/F1 (Macro): 0.1550/0.1388/0.1369 | LR: 0.000025
Epoch [33/100] | Loss: 1.4574 (Cls: 1.4574) | Train Acc: 0.9848 | Val Acc: 0.1270 | Val P/R/F1 (Macro): 0.1586/0.1278/0.1284 | LR: 0.000025
Epoch [34/100] | Loss: 1.4373 (Cls: 1.4373) | Train Acc: 0.9856 | Val Acc: 0.1460 | Val P/R/F1 (Macro): 0.1711/0.1456/0.1461 | LR: 0.000025
Epoch [35/100] | Loss: 1.4565 (Cls: 1.4565) | Train Acc: 0.9824 | Val Acc: 0.1524 | Val P/R/F1 (Macro): 0.1749/0.1568/0.1508 | LR: 0.000025
Epoch [36/100] | Loss: 1.4244 (Cls: 1.4244) | Train Acc: 0.9880 | Val Acc: 0.1333 | Val P/R/F1 (Macro): 0.1637/0.1351/0.1397 | LR: 0.000025
Epoch [37/100] | Loss: 1.4407 (Cls: 1.4407) | Train Acc: 0.9856 | Val Acc: 0.1333 | Val P/R/F1 (Macro): 0.1787/0.1340/0.1425 | LR: 0.000025
Epoch [38/100] | Loss: 1.4457 (Cls: 1.4457) | Train Acc: 0.9856 | Val Acc: 0.1429 | Val P/R/F1 (Macro): 0.1740/0.1416/0.1450 | LR: 0.000025
Epoch [39/100] | Loss: 1.4142 (Cls: 1.4142) | Train Acc: 0.9856 | Val Acc: 0.1397 | Val P/R/F1 (Macro): 0.1657/0.1415/0.1452 | LR: 0.000013
Epoch [40/100] | Loss: 1.4196 (Cls: 1.4196) | Train Acc: 0.9832 | Val Acc: 0.1492 | Val P/R/F1 (Macro): 0.1677/0.1487/0.1519 | LR: 0.000013
Epoch [41/100] | Loss: 1.4117 (Cls: 1.4117) | Train Acc: 0.9880 | Val Acc: 0.1397 | Val P/R/F1 (Macro): 0.1526/0.1389/0.1371 | LR: 0.000013
Epoch [42/100] | Loss: 1.4129 (Cls: 1.4129) | Train Acc: 0.9768 | Val Acc: 0.1524 | Val P/R/F1 (Macro): 0.1794/0.1516/0.1556 | LR: 0.000013
Epoch [43/100] | Loss: 1.4032 (Cls: 1.4032) | Train Acc: 0.9864 | Val Acc: 0.1429 | Val P/R/F1 (Macro): 0.1813/0.1447/0.1507 | LR: 0.000013
Epoch [44/100] | Loss: 1.3960 (Cls: 1.3960) | Train Acc: 0.9928 | Val Acc: 0.1460 | Val P/R/F1 (Macro): 0.1670/0.1496/0.1465 | LR: 0.000013
Epoch [45/100] | Loss: 1.3903 (Cls: 1.3903) | Train Acc: 0.9880 | Val Acc: 0.1429 | Val P/R/F1 (Macro): 0.1743/0.1433/0.1473 | LR: 0.000013
Epoch [46/100] | Loss: 1.3976 (Cls: 1.3976) | Train Acc: 0.9832 | Val Acc: 0.1587 | Val P/R/F1 (Macro): 0.1831/0.1615/0.1590 | LR: 0.000013
Epoch [47/100] | Loss: 1.3792 (Cls: 1.3792) | Train Acc: 0.9944 | Val Acc: 0.1429 | Val P/R/F1 (Macro): 0.1607/0.1448/0.1422 | LR: 0.000013
Epoch [48/100] | Loss: 1.3805 (Cls: 1.3805) | Train Acc: 0.9912 | Val Acc: 0.1556 | Val P/R/F1 (Macro): 0.1878/0.1595/0.1597 | LR: 0.000013
Epoch [49/100] | Loss: 1.3885 (Cls: 1.3885) | Train Acc: 0.9856 | Val Acc: 0.1556 | Val P/R/F1 (Macro): 0.1642/0.1601/0.1515 | LR: 0.000013
Epoch [50/100] | Loss: 1.3874 (Cls: 1.3874) | Train Acc: 0.9848 | Val Acc: 0.1556 | Val P/R/F1 (Macro): 0.1721/0.1569/0.1522 | LR: 0.000006
Epoch [51/100] | Loss: 1.3759 (Cls: 1.3759) | Train Acc: 0.9896 | Val Acc: 0.1556 | Val P/R/F1 (Macro): 0.1708/0.1603/0.1542 | LR: 0.000006
Epoch [52/100] | Loss: 1.3879 (Cls: 1.3879) | Train Acc: 0.9880 | Val Acc: 0.1524 | Val P/R/F1 (Macro): 0.1809/0.1549/0.1569 | LR: 0.000006
Epoch [53/100] | Loss: 1.3693 (Cls: 1.3693) | Train Acc: 0.9936 | Val Acc: 0.1492 | Val P/R/F1 (Macro): 0.1688/0.1495/0.1482 | LR: 0.000006
Epoch [54/100] | Loss: 1.3810 (Cls: 1.3810) | Train Acc: 0.9912 | Val Acc: 0.1302 | Val P/R/F1 (Macro): 0.1605/0.1294/0.1333 | LR: 0.000006
Epoch [55/100] | Loss: 1.3865 (Cls: 1.3865) | Train Acc: 0.9872 | Val Acc: 0.1333 | Val P/R/F1 (Macro): 0.1578/0.1322/0.1340 | LR: 0.000006
Epoch [56/100] | Loss: 1.3678 (Cls: 1.3678) | Train Acc: 0.9976 | Val Acc: 0.1365 | Val P/R/F1 (Macro): 0.1585/0.1391/0.1401 | LR: 0.000006
Epoch [57/100] | Loss: 1.3751 (Cls: 1.3751) | Train Acc: 0.9904 | Val Acc: 0.1492 | Val P/R/F1 (Macro): 0.1812/0.1545/0.1545 | LR: 0.000006
Epoch [58/100] | Loss: 1.3711 (Cls: 1.3711) | Train Acc: 0.9904 | Val Acc: 0.1460 | Val P/R/F1 (Macro): 0.1634/0.1478/0.1470 | LR: 0.000006
Epoch [59/100] | Loss: 1.3940 (Cls: 1.3940) | Train Acc: 0.9912 | Val Acc: 0.1397 | Val P/R/F1 (Macro): 0.1586/0.1399/0.1377 | LR: 0.000006
Epoch [60/100] | Loss: 1.3571 (Cls: 1.3571) | Train Acc: 0.9960 | Val Acc: 0.1302 | Val P/R/F1 (Macro): 0.1419/0.1346/0.1316 | LR: 0.000006
Epoch [61/100] | Loss: 1.3764 (Cls: 1.3764) | Train Acc: 0.9896 | Val Acc: 0.1524 | Val P/R/F1 (Macro): 0.1817/0.1572/0.1569 | LR: 0.000003
Epoch [62/100] | Loss: 1.3575 (Cls: 1.3575) | Train Acc: 0.9912 | Val Acc: 0.1397 | Val P/R/F1 (Macro): 0.1683/0.1447/0.1434 | LR: 0.000003
Epoch [63/100] | Loss: 1.3656 (Cls: 1.3656) | Train Acc: 0.9888 | Val Acc: 0.1460 | Val P/R/F1 (Macro): 0.1716/0.1491/0.1493 | LR: 0.000003
Epoch [64/100] | Loss: 1.3537 (Cls: 1.3537) | Train Acc: 0.9920 | Val Acc: 0.1460 | Val P/R/F1 (Macro): 0.1688/0.1500/0.1491 | LR: 0.000003
Epoch [65/100] | Loss: 1.3707 (Cls: 1.3707) | Train Acc: 0.9904 | Val Acc: 0.1365 | Val P/R/F1 (Macro): 0.1628/0.1388/0.1423 | LR: 0.000003
Epoch [66/100] | Loss: 1.3510 (Cls: 1.3510) | Train Acc: 0.9928 | Val Acc: 0.1365 | Val P/R/F1 (Macro): 0.1595/0.1388/0.1392 | LR: 0.000003
Epoch [67/100] | Loss: 1.3553 (Cls: 1.3553) | Train Acc: 0.9968 | Val Acc: 0.1333 | Val P/R/F1 (Macro): 0.1527/0.1326/0.1330 | LR: 0.000003
Epoch [68/100] | Loss: 1.3605 (Cls: 1.3605) | Train Acc: 0.9936 | Val Acc: 0.1587 | Val P/R/F1 (Macro): 0.1716/0.1629/0.1582 | LR: 0.000003
Epoch [69/100] | Loss: 1.3628 (Cls: 1.3628) | Train Acc: 0.9928 | Val Acc: 0.1492 | Val P/R/F1 (Macro): 0.1726/0.1502/0.1490 | LR: 0.000003
Epoch [70/100] | Loss: 1.3666 (Cls: 1.3666) | Train Acc: 0.9936 | Val Acc: 0.1460 | Val P/R/F1 (Macro): 0.1680/0.1439/0.1461 | LR: 0.000003
Epoch [71/100] | Loss: 1.3658 (Cls: 1.3658) | Train Acc: 0.9896 | Val Acc: 0.1333 | Val P/R/F1 (Macro): 0.1623/0.1331/0.1305 | LR: 0.000003
Epoch [72/100] | Loss: 1.3563 (Cls: 1.3563) | Train Acc: 0.9944 | Val Acc: 0.1556 | Val P/R/F1 (Macro): 0.1807/0.1584/0.1582 | LR: 0.000002
Epoch [73/100] | Loss: 1.3541 (Cls: 1.3541) | Train Acc: 0.9936 | Val Acc: 0.1492 | Val P/R/F1 (Macro): 0.1584/0.1472/0.1449 | LR: 0.000002
Epoch [74/100] | Loss: 1.3505 (Cls: 1.3505) | Train Acc: 0.9928 | Val Acc: 0.1397 | Val P/R/F1 (Macro): 0.1592/0.1422/0.1416 | LR: 0.000002
Epoch [75/100] | Loss: 1.3615 (Cls: 1.3615) | Train Acc: 0.9928 | Val Acc: 0.1524 | Val P/R/F1 (Macro): 0.1692/0.1561/0.1500 | LR: 0.000002
Epoch [76/100] | Loss: 1.3550 (Cls: 1.3550) | Train Acc: 0.9896 | Val Acc: 0.1365 | Val P/R/F1 (Macro): 0.1559/0.1386/0.1406 | LR: 0.000002
Epoch [77/100] | Loss: 1.3394 (Cls: 1.3394) | Train Acc: 0.9968 | Val Acc: 0.1460 | Val P/R/F1 (Macro): 0.1797/0.1462/0.1528 | LR: 0.000002
Epoch [78/100] | Loss: 1.3542 (Cls: 1.3542) | Train Acc: 0.9896 | Val Acc: 0.1492 | Val P/R/F1 (Macro): 0.1708/0.1545/0.1528 | LR: 0.000002
Epoch [79/100] | Loss: 1.3549 (Cls: 1.3549) | Train Acc: 0.9936 | Val Acc: 0.1492 | Val P/R/F1 (Macro): 0.1802/0.1520/0.1545 | LR: 0.000002
Epoch [80/100] | Loss: 1.3551 (Cls: 1.3551) | Train Acc: 0.9904 | Val Acc: 0.1397 | Val P/R/F1 (Macro): 0.1684/0.1382/0.1420 | LR: 0.000002
Epoch [81/100] | Loss: 1.3384 (Cls: 1.3384) | Train Acc: 0.9960 | Val Acc: 0.1492 | Val P/R/F1 (Macro): 0.1812/0.1516/0.1520 | LR: 0.000002
Epoch [82/100] | Loss: 1.3457 (Cls: 1.3457) | Train Acc: 0.9960 | Val Acc: 0.1524 | Val P/R/F1 (Macro): 0.1760/0.1555/0.1531 | LR: 0.000002
Epoch [83/100] | Loss: 1.3574 (Cls: 1.3574) | Train Acc: 0.9936 | Val Acc: 0.1460 | Val P/R/F1 (Macro): 0.1724/0.1502/0.1488 | LR: 0.000001
Epoch [84/100] | Loss: 1.3634 (Cls: 1.3634) | Train Acc: 0.9920 | Val Acc: 0.1492 | Val P/R/F1 (Macro): 0.1515/0.1509/0.1414 | LR: 0.000001
Epoch [85/100] | Loss: 1.3571 (Cls: 1.3571) | Train Acc: 0.9904 | Val Acc: 0.1397 | Val P/R/F1 (Macro): 0.1615/0.1429/0.1420 | LR: 0.000001
Epoch [86/100] | Loss: 1.3670 (Cls: 1.3670) | Train Acc: 0.9896 | Val Acc: 0.1460 | Val P/R/F1 (Macro): 0.1716/0.1502/0.1507 | LR: 0.000001
Epoch [87/100] | Loss: 1.3671 (Cls: 1.3671) | Train Acc: 0.9936 | Val Acc: 0.1365 | Val P/R/F1 (Macro): 0.1781/0.1383/0.1433 | LR: 0.000001
Epoch [88/100] | Loss: 1.3531 (Cls: 1.3531) | Train Acc: 0.9888 | Val Acc: 0.1524 | Val P/R/F1 (Macro): 0.1821/0.1556/0.1569 | LR: 0.000001
Epoch [89/100] | Loss: 1.3600 (Cls: 1.3600) | Train Acc: 0.9920 | Val Acc: 0.1460 | Val P/R/F1 (Macro): 0.1697/0.1500/0.1473 | LR: 0.000001
Epoch [90/100] | Loss: 1.3447 (Cls: 1.3447) | Train Acc: 0.9952 | Val Acc: 0.1556 | Val P/R/F1 (Macro): 0.1790/0.1602/0.1563 | LR: 0.000001
Epoch [91/100] | Loss: 1.3469 (Cls: 1.3469) | Train Acc: 0.9968 | Val Acc: 0.1460 | Val P/R/F1 (Macro): 0.1703/0.1476/0.1489 | LR: 0.000001
Epoch [92/100] | Loss: 1.3659 (Cls: 1.3659) | Train Acc: 0.9920 | Val Acc: 0.1397 | Val P/R/F1 (Macro): 0.1561/0.1388/0.1364 | LR: 0.000001
Epoch [93/100] | Loss: 1.3511 (Cls: 1.3511) | Train Acc: 0.9960 | Val Acc: 0.1524 | Val P/R/F1 (Macro): 0.1836/0.1566/0.1562 | LR: 0.000001
Epoch [94/100] | Loss: 1.3675 (Cls: 1.3675) | Train Acc: 0.9912 | Val Acc: 0.1429 | Val P/R/F1 (Macro): 0.1513/0.1446/0.1399 | LR: 0.000001
Epoch [95/100] | Loss: 1.3469 (Cls: 1.3469) | Train Acc: 0.9952 | Val Acc: 0.1429 | Val P/R/F1 (Macro): 0.1730/0.1447/0.1469 | LR: 0.000001
Epoch [96/100] | Loss: 1.3641 (Cls: 1.3641) | Train Acc: 0.9960 | Val Acc: 0.1429 | Val P/R/F1 (Macro): 0.1754/0.1440/0.1462 | LR: 0.000001
Epoch [97/100] | Loss: 1.3492 (Cls: 1.3492) | Train Acc: 0.9952 | Val Acc: 0.1365 | Val P/R/F1 (Macro): 0.1615/0.1400/0.1409 | LR: 0.000001
Epoch [98/100] | Loss: 1.3459 (Cls: 1.3459) | Train Acc: 0.9904 | Val Acc: 0.1429 | Val P/R/F1 (Macro): 0.1872/0.1449/0.1489 | LR: 0.000001
Epoch [99/100] | Loss: 1.3475 (Cls: 1.3475) | Train Acc: 0.9952 | Val Acc: 0.1460 | Val P/R/F1 (Macro): 0.1761/0.1502/0.1513 | LR: 0.000001
Epoch [100/100] | Loss: 1.3563 (Cls: 1.3563) | Train Acc: 0.9928 | Val Acc: 0.1365 | Val P/R/F1 (Macro): 0.1718/0.1391/0.1408 | LR: 0.000001
Report strategy: last_window, window=10, reported_acc=0.1429, best_acc=0.1905

迭代 4 报告指标:
  Accuracy: 0.1429
  Precision (Macro): 0.1706
  Recall (Macro): 0.1450
  F1 (Macro): 0.1457
  Precision (Micro): 0.1429
  Recall (Micro): 0.1429
  F1 (Micro): 0.1429
  Val class coverage: 16/16 (1.0000), samples=315

================================================================================
迭代 5/5
随机种子: 46
================================================================================
Training mode: unpaired target adaptation with controlled target-label loss (ratio=0.78, weight=1.15).
Fixed labeled target subset: 980/1257 samples.
Epoch [1/100] | Loss: 6.6610 (Cls: 6.6610) | Train Acc: 0.0745 | Val Acc: 0.0762 | Val P/R/F1 (Macro): 0.0432/0.0763/0.0477 | LR: 0.000050
  >>> New Best Val Acc: 0.0762
Epoch [2/100] | Loss: 5.9545 (Cls: 5.9545) | Train Acc: 0.1330 | Val Acc: 0.0921 | Val P/R/F1 (Macro): 0.0817/0.0865/0.0641 | LR: 0.000050
  >>> New Best Val Acc: 0.0921
Epoch [3/100] | Loss: 5.6541 (Cls: 5.6541) | Train Acc: 0.1715 | Val Acc: 0.1206 | Val P/R/F1 (Macro): 0.0881/0.1136/0.0858 | LR: 0.000050
  >>> New Best Val Acc: 0.1206
Epoch [4/100] | Loss: 5.3095 (Cls: 5.3095) | Train Acc: 0.2420 | Val Acc: 0.0921 | Val P/R/F1 (Macro): 0.0993/0.0936/0.0863 | LR: 0.000050
Epoch [5/100] | Loss: 4.8215 (Cls: 4.8215) | Train Acc: 0.3293 | Val Acc: 0.1048 | Val P/R/F1 (Macro): 0.1123/0.1059/0.0950 | LR: 0.000050
Epoch [6/100] | Loss: 4.3922 (Cls: 4.3922) | Train Acc: 0.3982 | Val Acc: 0.1206 | Val P/R/F1 (Macro): 0.1307/0.1213/0.1025 | LR: 0.000050
Epoch [7/100] | Loss: 3.8753 (Cls: 3.8753) | Train Acc: 0.5216 | Val Acc: 0.1238 | Val P/R/F1 (Macro): 0.1320/0.1206/0.1107 | LR: 0.000050
  >>> New Best Val Acc: 0.1238
Epoch [8/100] | Loss: 3.4346 (Cls: 3.4346) | Train Acc: 0.5817 | Val Acc: 0.1460 | Val P/R/F1 (Macro): 0.1778/0.1423/0.1330 | LR: 0.000050
  >>> New Best Val Acc: 0.1460
Epoch [9/100] | Loss: 2.9883 (Cls: 2.9883) | Train Acc: 0.6971 | Val Acc: 0.1079 | Val P/R/F1 (Macro): 0.1122/0.1101/0.1009 | LR: 0.000050
Epoch [10/100] | Loss: 2.7578 (Cls: 2.7578) | Train Acc: 0.7139 | Val Acc: 0.1206 | Val P/R/F1 (Macro): 0.1189/0.1216/0.1128 | LR: 0.000050
Epoch [11/100] | Loss: 2.4384 (Cls: 2.4384) | Train Acc: 0.7917 | Val Acc: 0.1270 | Val P/R/F1 (Macro): 0.1208/0.1232/0.1153 | LR: 0.000050
Epoch [12/100] | Loss: 2.3364 (Cls: 2.3364) | Train Acc: 0.8117 | Val Acc: 0.1270 | Val P/R/F1 (Macro): 0.1259/0.1271/0.1186 | LR: 0.000050
Epoch [13/100] | Loss: 2.2354 (Cls: 2.2354) | Train Acc: 0.8502 | Val Acc: 0.1460 | Val P/R/F1 (Macro): 0.1672/0.1480/0.1434 | LR: 0.000050
Epoch [14/100] | Loss: 2.1354 (Cls: 2.1354) | Train Acc: 0.8502 | Val Acc: 0.1429 | Val P/R/F1 (Macro): 0.1712/0.1438/0.1395 | LR: 0.000050
Epoch [15/100] | Loss: 2.0670 (Cls: 2.0670) | Train Acc: 0.8638 | Val Acc: 0.1333 | Val P/R/F1 (Macro): 0.1509/0.1330/0.1315 | LR: 0.000050
Epoch [16/100] | Loss: 1.9478 (Cls: 1.9478) | Train Acc: 0.8910 | Val Acc: 0.1524 | Val P/R/F1 (Macro): 0.1747/0.1548/0.1531 | LR: 0.000050
  >>> New Best Val Acc: 0.1524
Epoch [17/100] | Loss: 1.9074 (Cls: 1.9074) | Train Acc: 0.9103 | Val Acc: 0.1460 | Val P/R/F1 (Macro): 0.1615/0.1449/0.1382 | LR: 0.000050
Epoch [18/100] | Loss: 1.8286 (Cls: 1.8286) | Train Acc: 0.9231 | Val Acc: 0.1365 | Val P/R/F1 (Macro): 0.1612/0.1333/0.1351 | LR: 0.000050
Epoch [19/100] | Loss: 1.7848 (Cls: 1.7848) | Train Acc: 0.9327 | Val Acc: 0.1587 | Val P/R/F1 (Macro): 0.1606/0.1574/0.1531 | LR: 0.000050
  >>> New Best Val Acc: 0.1587
Epoch [20/100] | Loss: 1.7501 (Cls: 1.7501) | Train Acc: 0.9375 | Val Acc: 0.1556 | Val P/R/F1 (Macro): 0.1848/0.1550/0.1580 | LR: 0.000050
Epoch [21/100] | Loss: 1.7149 (Cls: 1.7149) | Train Acc: 0.9439 | Val Acc: 0.1429 | Val P/R/F1 (Macro): 0.1580/0.1411/0.1399 | LR: 0.000050
Epoch [22/100] | Loss: 1.6796 (Cls: 1.6796) | Train Acc: 0.9455 | Val Acc: 0.1302 | Val P/R/F1 (Macro): 0.1425/0.1297/0.1277 | LR: 0.000050
Epoch [23/100] | Loss: 1.6374 (Cls: 1.6374) | Train Acc: 0.9511 | Val Acc: 0.1429 | Val P/R/F1 (Macro): 0.1697/0.1467/0.1466 | LR: 0.000050
Epoch [24/100] | Loss: 1.6389 (Cls: 1.6389) | Train Acc: 0.9567 | Val Acc: 0.1587 | Val P/R/F1 (Macro): 0.1701/0.1621/0.1532 | LR: 0.000050
Epoch [25/100] | Loss: 1.5823 (Cls: 1.5823) | Train Acc: 0.9639 | Val Acc: 0.1746 | Val P/R/F1 (Macro): 0.2024/0.1789/0.1740 | LR: 0.000050
  >>> New Best Val Acc: 0.1746
Epoch [26/100] | Loss: 1.5878 (Cls: 1.5878) | Train Acc: 0.9559 | Val Acc: 0.1778 | Val P/R/F1 (Macro): 0.2044/0.1851/0.1761 | LR: 0.000050
  >>> New Best Val Acc: 0.1778
Epoch [27/100] | Loss: 1.5870 (Cls: 1.5870) | Train Acc: 0.9663 | Val Acc: 0.1683 | Val P/R/F1 (Macro): 0.1677/0.1697/0.1607 | LR: 0.000050
Epoch [28/100] | Loss: 1.5159 (Cls: 1.5159) | Train Acc: 0.9704 | Val Acc: 0.1714 | Val P/R/F1 (Macro): 0.1643/0.1687/0.1588 | LR: 0.000050
Epoch [29/100] | Loss: 1.5366 (Cls: 1.5366) | Train Acc: 0.9688 | Val Acc: 0.1746 | Val P/R/F1 (Macro): 0.1884/0.1732/0.1734 | LR: 0.000050
Epoch [30/100] | Loss: 1.4808 (Cls: 1.4808) | Train Acc: 0.9800 | Val Acc: 0.1714 | Val P/R/F1 (Macro): 0.1810/0.1734/0.1656 | LR: 0.000050
Epoch [31/100] | Loss: 1.4710 (Cls: 1.4710) | Train Acc: 0.9832 | Val Acc: 0.1556 | Val P/R/F1 (Macro): 0.1806/0.1532/0.1531 | LR: 0.000050
Epoch [32/100] | Loss: 1.4624 (Cls: 1.4624) | Train Acc: 0.9776 | Val Acc: 0.1651 | Val P/R/F1 (Macro): 0.1877/0.1656/0.1691 | LR: 0.000050
Epoch [33/100] | Loss: 1.4668 (Cls: 1.4668) | Train Acc: 0.9728 | Val Acc: 0.1714 | Val P/R/F1 (Macro): 0.1659/0.1677/0.1617 | LR: 0.000050
Epoch [34/100] | Loss: 1.4700 (Cls: 1.4700) | Train Acc: 0.9784 | Val Acc: 0.1492 | Val P/R/F1 (Macro): 0.1639/0.1499/0.1435 | LR: 0.000050
Epoch [35/100] | Loss: 1.4407 (Cls: 1.4407) | Train Acc: 0.9832 | Val Acc: 0.1683 | Val P/R/F1 (Macro): 0.1900/0.1649/0.1654 | LR: 0.000050
Epoch [36/100] | Loss: 1.4305 (Cls: 1.4305) | Train Acc: 0.9824 | Val Acc: 0.1651 | Val P/R/F1 (Macro): 0.1847/0.1659/0.1569 | LR: 0.000050
Epoch [37/100] | Loss: 1.4049 (Cls: 1.4049) | Train Acc: 0.9880 | Val Acc: 0.1587 | Val P/R/F1 (Macro): 0.1781/0.1615/0.1586 | LR: 0.000025
Epoch [38/100] | Loss: 1.4089 (Cls: 1.4089) | Train Acc: 0.9864 | Val Acc: 0.1683 | Val P/R/F1 (Macro): 0.1724/0.1687/0.1630 | LR: 0.000025
Epoch [39/100] | Loss: 1.4023 (Cls: 1.4023) | Train Acc: 0.9904 | Val Acc: 0.1683 | Val P/R/F1 (Macro): 0.1798/0.1673/0.1628 | LR: 0.000025
Epoch [40/100] | Loss: 1.3987 (Cls: 1.3987) | Train Acc: 0.9880 | Val Acc: 0.1587 | Val P/R/F1 (Macro): 0.1608/0.1586/0.1528 | LR: 0.000025
Epoch [41/100] | Loss: 1.3887 (Cls: 1.3887) | Train Acc: 0.9904 | Val Acc: 0.1587 | Val P/R/F1 (Macro): 0.1726/0.1614/0.1526 | LR: 0.000025
Epoch [42/100] | Loss: 1.3858 (Cls: 1.3858) | Train Acc: 0.9920 | Val Acc: 0.1683 | Val P/R/F1 (Macro): 0.1656/0.1684/0.1555 | LR: 0.000025
Epoch [43/100] | Loss: 1.3780 (Cls: 1.3780) | Train Acc: 0.9872 | Val Acc: 0.1587 | Val P/R/F1 (Macro): 0.1833/0.1604/0.1544 | LR: 0.000025
Epoch [44/100] | Loss: 1.3774 (Cls: 1.3774) | Train Acc: 0.9880 | Val Acc: 0.1683 | Val P/R/F1 (Macro): 0.1848/0.1688/0.1615 | LR: 0.000025
Epoch [45/100] | Loss: 1.3756 (Cls: 1.3756) | Train Acc: 0.9944 | Val Acc: 0.1683 | Val P/R/F1 (Macro): 0.1902/0.1697/0.1672 | LR: 0.000025
Epoch [46/100] | Loss: 1.3788 (Cls: 1.3788) | Train Acc: 0.9864 | Val Acc: 0.1683 | Val P/R/F1 (Macro): 0.1723/0.1691/0.1630 | LR: 0.000025
Epoch [47/100] | Loss: 1.3620 (Cls: 1.3620) | Train Acc: 0.9904 | Val Acc: 0.1492 | Val P/R/F1 (Macro): 0.1637/0.1511/0.1470 | LR: 0.000025
Epoch [48/100] | Loss: 1.3578 (Cls: 1.3578) | Train Acc: 0.9896 | Val Acc: 0.1714 | Val P/R/F1 (Macro): 0.1809/0.1736/0.1646 | LR: 0.000013
Epoch [49/100] | Loss: 1.3443 (Cls: 1.3443) | Train Acc: 0.9928 | Val Acc: 0.1619 | Val P/R/F1 (Macro): 0.1728/0.1624/0.1580 | LR: 0.000013
Epoch [50/100] | Loss: 1.3480 (Cls: 1.3480) | Train Acc: 0.9904 | Val Acc: 0.1556 | Val P/R/F1 (Macro): 0.1611/0.1567/0.1505 | LR: 0.000013
Epoch [51/100] | Loss: 1.3585 (Cls: 1.3585) | Train Acc: 0.9936 | Val Acc: 0.1619 | Val P/R/F1 (Macro): 0.1795/0.1608/0.1595 | LR: 0.000013
Epoch [52/100] | Loss: 1.3443 (Cls: 1.3443) | Train Acc: 0.9968 | Val Acc: 0.1619 | Val P/R/F1 (Macro): 0.1667/0.1638/0.1553 | LR: 0.000013
Epoch [53/100] | Loss: 1.3504 (Cls: 1.3504) | Train Acc: 0.9936 | Val Acc: 0.1524 | Val P/R/F1 (Macro): 0.1612/0.1509/0.1487 | LR: 0.000013
Epoch [54/100] | Loss: 1.3476 (Cls: 1.3476) | Train Acc: 0.9880 | Val Acc: 0.1683 | Val P/R/F1 (Macro): 0.1771/0.1696/0.1661 | LR: 0.000013
Epoch [55/100] | Loss: 1.3461 (Cls: 1.3461) | Train Acc: 0.9904 | Val Acc: 0.1587 | Val P/R/F1 (Macro): 0.1690/0.1585/0.1554 | LR: 0.000013
Epoch [56/100] | Loss: 1.3367 (Cls: 1.3367) | Train Acc: 0.9952 | Val Acc: 0.1587 | Val P/R/F1 (Macro): 0.1783/0.1618/0.1590 | LR: 0.000013
Epoch [57/100] | Loss: 1.3354 (Cls: 1.3354) | Train Acc: 0.9960 | Val Acc: 0.1587 | Val P/R/F1 (Macro): 0.1537/0.1575/0.1478 | LR: 0.000013
Epoch [58/100] | Loss: 1.3398 (Cls: 1.3398) | Train Acc: 0.9928 | Val Acc: 0.1492 | Val P/R/F1 (Macro): 0.1587/0.1496/0.1437 | LR: 0.000013
Epoch [59/100] | Loss: 1.3380 (Cls: 1.3380) | Train Acc: 0.9928 | Val Acc: 0.1524 | Val P/R/F1 (Macro): 0.1642/0.1524/0.1486 | LR: 0.000006
Epoch [60/100] | Loss: 1.3396 (Cls: 1.3396) | Train Acc: 0.9936 | Val Acc: 0.1556 | Val P/R/F1 (Macro): 0.1746/0.1558/0.1523 | LR: 0.000006
Epoch [61/100] | Loss: 1.3375 (Cls: 1.3375) | Train Acc: 0.9944 | Val Acc: 0.1556 | Val P/R/F1 (Macro): 0.1705/0.1557/0.1520 | LR: 0.000006
Epoch [62/100] | Loss: 1.3324 (Cls: 1.3324) | Train Acc: 0.9928 | Val Acc: 0.1714 | Val P/R/F1 (Macro): 0.1864/0.1701/0.1632 | LR: 0.000006
Epoch [63/100] | Loss: 1.3254 (Cls: 1.3254) | Train Acc: 0.9984 | Val Acc: 0.1841 | Val P/R/F1 (Macro): 0.1845/0.1857/0.1759 | LR: 0.000006
  >>> New Best Val Acc: 0.1841
Epoch [64/100] | Loss: 1.3450 (Cls: 1.3450) | Train Acc: 0.9928 | Val Acc: 0.1524 | Val P/R/F1 (Macro): 0.1671/0.1556/0.1493 | LR: 0.000006
Epoch [65/100] | Loss: 1.3423 (Cls: 1.3423) | Train Acc: 0.9904 | Val Acc: 0.1651 | Val P/R/F1 (Macro): 0.1797/0.1653/0.1623 | LR: 0.000006
Epoch [66/100] | Loss: 1.3241 (Cls: 1.3241) | Train Acc: 0.9976 | Val Acc: 0.1556 | Val P/R/F1 (Macro): 0.1744/0.1580/0.1564 | LR: 0.000006
Epoch [67/100] | Loss: 1.3257 (Cls: 1.3257) | Train Acc: 0.9912 | Val Acc: 0.1524 | Val P/R/F1 (Macro): 0.1709/0.1540/0.1510 | LR: 0.000006
Epoch [68/100] | Loss: 1.3219 (Cls: 1.3219) | Train Acc: 0.9912 | Val Acc: 0.1587 | Val P/R/F1 (Macro): 0.1888/0.1619/0.1594 | LR: 0.000006
Epoch [69/100] | Loss: 1.3235 (Cls: 1.3235) | Train Acc: 0.9944 | Val Acc: 0.1460 | Val P/R/F1 (Macro): 0.1665/0.1452/0.1441 | LR: 0.000006
Epoch [70/100] | Loss: 1.3274 (Cls: 1.3274) | Train Acc: 0.9936 | Val Acc: 0.1556 | Val P/R/F1 (Macro): 0.1740/0.1573/0.1539 | LR: 0.000006
Epoch [71/100] | Loss: 1.3319 (Cls: 1.3319) | Train Acc: 0.9944 | Val Acc: 0.1556 | Val P/R/F1 (Macro): 0.1626/0.1557/0.1500 | LR: 0.000006
Epoch [72/100] | Loss: 1.3306 (Cls: 1.3306) | Train Acc: 0.9912 | Val Acc: 0.1683 | Val P/R/F1 (Macro): 0.1756/0.1673/0.1609 | LR: 0.000006
Epoch [73/100] | Loss: 1.3219 (Cls: 1.3219) | Train Acc: 0.9952 | Val Acc: 0.1619 | Val P/R/F1 (Macro): 0.1762/0.1645/0.1602 | LR: 0.000006
Epoch [74/100] | Loss: 1.3267 (Cls: 1.3267) | Train Acc: 0.9912 | Val Acc: 0.1651 | Val P/R/F1 (Macro): 0.1767/0.1670/0.1641 | LR: 0.000003
Epoch [75/100] | Loss: 1.3158 (Cls: 1.3158) | Train Acc: 0.9968 | Val Acc: 0.1619 | Val P/R/F1 (Macro): 0.1638/0.1622/0.1558 | LR: 0.000003
Epoch [76/100] | Loss: 1.3160 (Cls: 1.3160) | Train Acc: 0.9960 | Val Acc: 0.1587 | Val P/R/F1 (Macro): 0.1680/0.1585/0.1529 | LR: 0.000003
Epoch [77/100] | Loss: 1.3160 (Cls: 1.3160) | Train Acc: 0.9944 | Val Acc: 0.1587 | Val P/R/F1 (Macro): 0.1568/0.1571/0.1511 | LR: 0.000003
Epoch [78/100] | Loss: 1.3128 (Cls: 1.3128) | Train Acc: 0.9984 | Val Acc: 0.1492 | Val P/R/F1 (Macro): 0.1575/0.1493/0.1456 | LR: 0.000003
Epoch [79/100] | Loss: 1.3279 (Cls: 1.3279) | Train Acc: 0.9920 | Val Acc: 0.1619 | Val P/R/F1 (Macro): 0.1753/0.1641/0.1600 | LR: 0.000003
Epoch [80/100] | Loss: 1.3160 (Cls: 1.3160) | Train Acc: 0.9928 | Val Acc: 0.1619 | Val P/R/F1 (Macro): 0.1747/0.1649/0.1597 | LR: 0.000003
Epoch [81/100] | Loss: 1.3113 (Cls: 1.3113) | Train Acc: 0.9960 | Val Acc: 0.1587 | Val P/R/F1 (Macro): 0.1691/0.1617/0.1589 | LR: 0.000003
Epoch [82/100] | Loss: 1.3204 (Cls: 1.3204) | Train Acc: 0.9936 | Val Acc: 0.1651 | Val P/R/F1 (Macro): 0.1629/0.1652/0.1574 | LR: 0.000003
Epoch [83/100] | Loss: 1.3357 (Cls: 1.3357) | Train Acc: 0.9928 | Val Acc: 0.1556 | Val P/R/F1 (Macro): 0.1838/0.1559/0.1565 | LR: 0.000003
Epoch [84/100] | Loss: 1.3173 (Cls: 1.3173) | Train Acc: 0.9912 | Val Acc: 0.1683 | Val P/R/F1 (Macro): 0.1732/0.1713/0.1633 | LR: 0.000003
Epoch [85/100] | Loss: 1.3189 (Cls: 1.3189) | Train Acc: 0.9960 | Val Acc: 0.1524 | Val P/R/F1 (Macro): 0.1776/0.1548/0.1569 | LR: 0.000002
Epoch [86/100] | Loss: 1.3158 (Cls: 1.3158) | Train Acc: 0.9936 | Val Acc: 0.1524 | Val P/R/F1 (Macro): 0.1937/0.1522/0.1558 | LR: 0.000002
Epoch [87/100] | Loss: 1.3124 (Cls: 1.3124) | Train Acc: 0.9984 | Val Acc: 0.1651 | Val P/R/F1 (Macro): 0.1735/0.1684/0.1642 | LR: 0.000002
Epoch [88/100] | Loss: 1.3127 (Cls: 1.3127) | Train Acc: 0.9920 | Val Acc: 0.1429 | Val P/R/F1 (Macro): 0.1677/0.1420/0.1420 | LR: 0.000002
Epoch [89/100] | Loss: 1.3144 (Cls: 1.3144) | Train Acc: 0.9968 | Val Acc: 0.1619 | Val P/R/F1 (Macro): 0.1791/0.1656/0.1616 | LR: 0.000002
Epoch [90/100] | Loss: 1.3137 (Cls: 1.3137) | Train Acc: 0.9976 | Val Acc: 0.1651 | Val P/R/F1 (Macro): 0.1661/0.1667/0.1577 | LR: 0.000002
Epoch [91/100] | Loss: 1.3039 (Cls: 1.3039) | Train Acc: 0.9968 | Val Acc: 0.1587 | Val P/R/F1 (Macro): 0.1855/0.1600/0.1589 | LR: 0.000002
Epoch [92/100] | Loss: 1.3126 (Cls: 1.3126) | Train Acc: 0.9976 | Val Acc: 0.1587 | Val P/R/F1 (Macro): 0.1756/0.1589/0.1582 | LR: 0.000002
Epoch [93/100] | Loss: 1.3189 (Cls: 1.3189) | Train Acc: 0.9960 | Val Acc: 0.1556 | Val P/R/F1 (Macro): 0.1670/0.1576/0.1530 | LR: 0.000002
Epoch [94/100] | Loss: 1.3160 (Cls: 1.3160) | Train Acc: 0.9968 | Val Acc: 0.1651 | Val P/R/F1 (Macro): 0.1764/0.1682/0.1593 | LR: 0.000002
Epoch [95/100] | Loss: 1.3237 (Cls: 1.3237) | Train Acc: 0.9928 | Val Acc: 0.1746 | Val P/R/F1 (Macro): 0.1978/0.1763/0.1769 | LR: 0.000002
Epoch [96/100] | Loss: 1.3141 (Cls: 1.3141) | Train Acc: 0.9944 | Val Acc: 0.1492 | Val P/R/F1 (Macro): 0.1540/0.1504/0.1401 | LR: 0.000001
Epoch [97/100] | Loss: 1.3183 (Cls: 1.3183) | Train Acc: 0.9960 | Val Acc: 0.1651 | Val P/R/F1 (Macro): 0.1752/0.1653/0.1577 | LR: 0.000001
Epoch [98/100] | Loss: 1.3171 (Cls: 1.3171) | Train Acc: 0.9952 | Val Acc: 0.1492 | Val P/R/F1 (Macro): 0.1638/0.1486/0.1466 | LR: 0.000001
Epoch [99/100] | Loss: 1.3136 (Cls: 1.3136) | Train Acc: 0.9952 | Val Acc: 0.1524 | Val P/R/F1 (Macro): 0.1745/0.1529/0.1507 | LR: 0.000001
Epoch [100/100] | Loss: 1.3242 (Cls: 1.3242) | Train Acc: 0.9920 | Val Acc: 0.1587 | Val P/R/F1 (Macro): 0.1770/0.1603/0.1594 | LR: 0.000001
Report strategy: last_window, window=10, reported_acc=0.1587, best_acc=0.1841

迭代 5 报告指标:
  Accuracy: 0.1587
  Precision (Macro): 0.1747
  Recall (Macro): 0.1599
  F1 (Macro): 0.1561
  Precision (Micro): 0.1587
  Recall (Micro): 0.1587
  F1 (Micro): 0.1587
  Val class coverage: 16/16 (1.0000), samples=315

================================================================================
5次迭代统计结果
================================================================================

accuracy:
  各迭代值: ['0.1698', '0.1625', '0.1752', '0.1429', '0.1587']
  均值 (Mean): 0.1618
  标准差 (Std): 0.0111

precision_macro:
  各迭代值: ['0.2044', '0.1917', '0.1924', '0.1706', '0.1747']
  均值 (Mean): 0.1867
  标准差 (Std): 0.0124

recall_macro:
  各迭代值: ['0.1728', '0.1682', '0.1747', '0.1450', '0.1599']
  均值 (Mean): 0.1641
  标准差 (Std): 0.0108

f1_macro:
  各迭代值: ['0.1719', '0.1667', '0.1724', '0.1457', '0.1561']
  均值 (Mean): 0.1625
  标准差 (Std): 0.0103

precision_micro:
  各迭代值: ['0.1698', '0.1625', '0.1752', '0.1429', '0.1587']
  均值 (Mean): 0.1618
  标准差 (Std): 0.0111

recall_micro:
  各迭代值: ['0.1698', '0.1625', '0.1752', '0.1429', '0.1587']
  均值 (Mean): 0.1618
  标准差 (Std): 0.0111

f1_micro:
  各迭代值: ['0.1698', '0.1625', '0.1752', '0.1429', '0.1587']
  均值 (Mean): 0.1618
  标准差 (Std): 0.0111

val_class_coverage:
  各迭代值: ['1.0000', '1.0000', '1.0000', '1.0000', '1.0000']
  均值 (Mean): 1.0000
  标准差 (Std): 0.0000

val_present_classes:
  各迭代值: ['16.0000', '16.0000', '16.0000', '16.0000', '16.0000']
  均值 (Mean): 16.0000
  标准差 (Std): 0.0000

val_total_classes:
  各迭代值: ['16.0000', '16.0000', '16.0000', '16.0000', '16.0000']
  均值 (Mean): 16.0000
  标准差 (Std): 0.0000

val_samples:
  各迭代值: ['315.0000', '315.0000', '315.0000', '315.0000', '315.0000']
  均值 (Mean): 315.0000
  标准差 (Std): 0.0000

训练结束时间: 2026-07-17 17:36:13
================================================================================
