================================================================================
单模态消融实验 - IR
目标域天气: 逆光
训练开始时间: 2026-07-10 17:41:17
设备: cuda
模态: ir
源域: /home/lixiang/lx/Data/晴天
目标域: /home/lixiang/lx/Data/逆光
批次大小: 32
总轮数: 100
迭代次数: 5
特征维度: 512
域适应: 启用
================================================================================

================================================================================
迭代 1/5
随机种子: 42
================================================================================
Training mode: unpaired target adaptation with controlled target-label loss (ratio=0.35, weight=0.50).
Fixed labeled target subset: 46/132 samples.
Epoch [1/100] | Loss: 7.7747 (Cls: 7.7329, Adv: 0.2788) | Train Acc: 0.0547 | Val Acc: 0.1081 | Val P/R/F1 (Macro): 0.0224/0.1389/0.0378 | LR: 0.000010
  >>> New Best Val Acc: 0.1081
Epoch [2/100] | Loss: 6.6731 (Cls: 6.6346, Adv: 0.2563) | Train Acc: 0.1562 | Val Acc: 0.1622 | Val P/R/F1 (Macro): 0.0180/0.1111/0.0310 | LR: 0.000010
  >>> New Best Val Acc: 0.1622
Epoch [3/100] | Loss: 6.4134 (Cls: 6.3814, Adv: 0.2133) | Train Acc: 0.1797 | Val Acc: 0.1622 | Val P/R/F1 (Macro): 0.0180/0.1111/0.0310 | LR: 0.000010
Epoch [4/100] | Loss: 6.2612 (Cls: 6.2156, Adv: 0.3041) | Train Acc: 0.1953 | Val Acc: 0.1892 | Val P/R/F1 (Macro): 0.1296/0.1389/0.0762 | LR: 0.000010
  >>> New Best Val Acc: 0.1892
Epoch [5/100] | Loss: 5.8069 (Cls: 5.7390, Adv: 0.4527) | Train Acc: 0.2891 | Val Acc: 0.2432 | Val P/R/F1 (Macro): 0.1319/0.1944/0.1303 | LR: 0.000010
  >>> New Best Val Acc: 0.2432
Epoch [6/100] | Loss: 6.0309 (Cls: 5.9408, Adv: 0.6006) | Train Acc: 0.2109 | Val Acc: 0.1351 | Val P/R/F1 (Macro): 0.1358/0.1389/0.0848 | LR: 0.000010
Epoch [7/100] | Loss: 5.7781 (Cls: 5.6628, Adv: 0.7689) | Train Acc: 0.2656 | Val Acc: 0.2703 | Val P/R/F1 (Macro): 0.2099/0.2315/0.1770 | LR: 0.000010
  >>> New Best Val Acc: 0.2703
Epoch [8/100] | Loss: 5.7922 (Cls: 5.6304, Adv: 1.0786) | Train Acc: 0.2891 | Val Acc: 0.2703 | Val P/R/F1 (Macro): 0.1305/0.2222/0.1628 | LR: 0.000010
Epoch [9/100] | Loss: 5.6191 (Cls: 5.4378, Adv: 1.2087) | Train Acc: 0.2969 | Val Acc: 0.2703 | Val P/R/F1 (Macro): 0.2259/0.3102/0.2321 | LR: 0.000010
Epoch [10/100] | Loss: 5.5512 (Cls: 5.3229, Adv: 1.5224) | Train Acc: 0.3359 | Val Acc: 0.4595 | Val P/R/F1 (Macro): 0.4460/0.5093/0.4387 | LR: 0.000010
  >>> New Best Val Acc: 0.4595
Epoch [11/100] | Loss: 5.6274 (Cls: 5.3409, Adv: 1.9096) | Train Acc: 0.3828 | Val Acc: 0.4595 | Val P/R/F1 (Macro): 0.4365/0.5185/0.4455 | LR: 0.000010
Epoch [12/100] | Loss: 5.3211 (Cls: 5.0200, Adv: 2.0075) | Train Acc: 0.4141 | Val Acc: 0.5405 | Val P/R/F1 (Macro): 0.5291/0.5741/0.4981 | LR: 0.000010
  >>> New Best Val Acc: 0.5405
Epoch [13/100] | Loss: 5.2936 (Cls: 4.9646, Adv: 2.1930) | Train Acc: 0.3984 | Val Acc: 0.4595 | Val P/R/F1 (Macro): 0.4386/0.4676/0.3881 | LR: 0.000010
Epoch [14/100] | Loss: 5.3525 (Cls: 4.9972, Adv: 2.3689) | Train Acc: 0.3438 | Val Acc: 0.4595 | Val P/R/F1 (Macro): 0.3254/0.4583/0.3413 | LR: 0.000010
Epoch [15/100] | Loss: 5.3518 (Cls: 4.9877, Adv: 2.4272) | Train Acc: 0.4219 | Val Acc: 0.3784 | Val P/R/F1 (Macro): 0.2991/0.5185/0.3537 | LR: 0.000010
Epoch [16/100] | Loss: 5.0142 (Cls: 4.6569, Adv: 2.3825) | Train Acc: 0.4766 | Val Acc: 0.4324 | Val P/R/F1 (Macro): 0.5273/0.5833/0.4792 | LR: 0.000010
Epoch [17/100] | Loss: 4.9316 (Cls: 4.5555, Adv: 2.5075) | Train Acc: 0.4688 | Val Acc: 0.4054 | Val P/R/F1 (Macro): 0.4923/0.5370/0.4605 | LR: 0.000010
Epoch [18/100] | Loss: 4.5975 (Cls: 4.1740, Adv: 2.8231) | Train Acc: 0.6328 | Val Acc: 0.4865 | Val P/R/F1 (Macro): 0.5741/0.5926/0.5368 | LR: 0.000010
Epoch [19/100] | Loss: 4.8564 (Cls: 4.4480, Adv: 2.7230) | Train Acc: 0.5391 | Val Acc: 0.5135 | Val P/R/F1 (Macro): 0.5897/0.6250/0.5653 | LR: 0.000010
Epoch [20/100] | Loss: 4.6996 (Cls: 4.2628, Adv: 2.9119) | Train Acc: 0.6094 | Val Acc: 0.5405 | Val P/R/F1 (Macro): 0.5833/0.6574/0.5469 | LR: 0.000010
Epoch [21/100] | Loss: 4.8628 (Cls: 4.4217, Adv: 2.9406) | Train Acc: 0.5547 | Val Acc: 0.4595 | Val P/R/F1 (Macro): 0.5272/0.6204/0.5395 | LR: 0.000010
Epoch [22/100] | Loss: 4.9019 (Cls: 4.4502, Adv: 3.0110) | Train Acc: 0.5859 | Val Acc: 0.4054 | Val P/R/F1 (Macro): 0.5185/0.4676/0.4214 | LR: 0.000010
Epoch [23/100] | Loss: 4.6152 (Cls: 4.1448, Adv: 3.1361) | Train Acc: 0.5469 | Val Acc: 0.4865 | Val P/R/F1 (Macro): 0.5370/0.5046/0.4511 | LR: 0.000005
Epoch [24/100] | Loss: 4.4870 (Cls: 4.0425, Adv: 2.9634) | Train Acc: 0.5859 | Val Acc: 0.5676 | Val P/R/F1 (Macro): 0.5524/0.5972/0.5182 | LR: 0.000005
  >>> New Best Val Acc: 0.5676
Epoch [25/100] | Loss: 4.5777 (Cls: 4.1492, Adv: 2.8568) | Train Acc: 0.5781 | Val Acc: 0.5676 | Val P/R/F1 (Macro): 0.5630/0.5972/0.5239 | LR: 0.000005
Epoch [26/100] | Loss: 4.7048 (Cls: 4.2182, Adv: 3.2437) | Train Acc: 0.5312 | Val Acc: 0.5676 | Val P/R/F1 (Macro): 0.5679/0.5741/0.5148 | LR: 0.000005
Epoch [27/100] | Loss: 4.2934 (Cls: 3.7735, Adv: 3.4657) | Train Acc: 0.5859 | Val Acc: 0.5135 | Val P/R/F1 (Macro): 0.5404/0.5324/0.4751 | LR: 0.000005
Epoch [28/100] | Loss: 4.4271 (Cls: 3.9166, Adv: 3.4038) | Train Acc: 0.6172 | Val Acc: 0.4324 | Val P/R/F1 (Macro): 0.4231/0.4491/0.3744 | LR: 0.000005
Epoch [29/100] | Loss: 4.0965 (Cls: 3.5847, Adv: 3.4121) | Train Acc: 0.7734 | Val Acc: 0.4324 | Val P/R/F1 (Macro): 0.4342/0.4676/0.3906 | LR: 0.000005
Epoch [30/100] | Loss: 4.5442 (Cls: 4.0559, Adv: 3.2550) | Train Acc: 0.5781 | Val Acc: 0.5135 | Val P/R/F1 (Macro): 0.4404/0.5509/0.4627 | LR: 0.000005
Epoch [31/100] | Loss: 4.1298 (Cls: 3.6254, Adv: 3.3622) | Train Acc: 0.6953 | Val Acc: 0.5135 | Val P/R/F1 (Macro): 0.4478/0.5417/0.4603 | LR: 0.000005
Epoch [32/100] | Loss: 4.2568 (Cls: 3.7289, Adv: 3.5196) | Train Acc: 0.6094 | Val Acc: 0.5135 | Val P/R/F1 (Macro): 0.4656/0.5324/0.4444 | LR: 0.000005
Epoch [33/100] | Loss: 4.1942 (Cls: 3.6704, Adv: 3.4921) | Train Acc: 0.6172 | Val Acc: 0.5405 | Val P/R/F1 (Macro): 0.6217/0.5417/0.4728 | LR: 0.000005
Epoch [34/100] | Loss: 4.3458 (Cls: 3.7970, Adv: 3.6586) | Train Acc: 0.6172 | Val Acc: 0.5676 | Val P/R/F1 (Macro): 0.6254/0.5694/0.4975 | LR: 0.000005
Epoch [35/100] | Loss: 4.1270 (Cls: 3.6039, Adv: 3.4874) | Train Acc: 0.6094 | Val Acc: 0.5676 | Val P/R/F1 (Macro): 0.5690/0.5787/0.5061 | LR: 0.000003
Epoch [36/100] | Loss: 4.2562 (Cls: 3.7552, Adv: 3.3397) | Train Acc: 0.6172 | Val Acc: 0.5405 | Val P/R/F1 (Macro): 0.5679/0.5463/0.4989 | LR: 0.000003
Epoch [37/100] | Loss: 3.9688 (Cls: 3.4330, Adv: 3.5718) | Train Acc: 0.6875 | Val Acc: 0.4595 | Val P/R/F1 (Macro): 0.5500/0.4769/0.4232 | LR: 0.000003
Epoch [38/100] | Loss: 4.0086 (Cls: 3.4648, Adv: 3.6255) | Train Acc: 0.6250 | Val Acc: 0.4595 | Val P/R/F1 (Macro): 0.4315/0.4630/0.3860 | LR: 0.000003
Epoch [39/100] | Loss: 4.1689 (Cls: 3.6080, Adv: 3.7395) | Train Acc: 0.6250 | Val Acc: 0.4595 | Val P/R/F1 (Macro): 0.4515/0.4630/0.4006 | LR: 0.000003
Epoch [40/100] | Loss: 4.0177 (Cls: 3.4387, Adv: 3.8598) | Train Acc: 0.6719 | Val Acc: 0.4865 | Val P/R/F1 (Macro): 0.5519/0.5046/0.4578 | LR: 0.000003
Epoch [41/100] | Loss: 3.9978 (Cls: 3.4487, Adv: 3.6608) | Train Acc: 0.6641 | Val Acc: 0.5676 | Val P/R/F1 (Macro): 0.5630/0.5972/0.5239 | LR: 0.000003
Epoch [42/100] | Loss: 3.8159 (Cls: 3.2310, Adv: 3.8998) | Train Acc: 0.7422 | Val Acc: 0.5946 | Val P/R/F1 (Macro): 0.6024/0.6157/0.5425 | LR: 0.000003
  >>> New Best Val Acc: 0.5946
Epoch [43/100] | Loss: 3.7616 (Cls: 3.2334, Adv: 3.5208) | Train Acc: 0.7109 | Val Acc: 0.5946 | Val P/R/F1 (Macro): 0.5875/0.6157/0.5357 | LR: 0.000003
Epoch [44/100] | Loss: 3.8195 (Cls: 3.2590, Adv: 3.7362) | Train Acc: 0.7266 | Val Acc: 0.5676 | Val P/R/F1 (Macro): 0.5778/0.5972/0.5306 | LR: 0.000003
Epoch [45/100] | Loss: 4.0151 (Cls: 3.4503, Adv: 3.7649) | Train Acc: 0.6406 | Val Acc: 0.5946 | Val P/R/F1 (Macro): 0.6024/0.6157/0.5425 | LR: 0.000003
Epoch [46/100] | Loss: 4.0283 (Cls: 3.4604, Adv: 3.7861) | Train Acc: 0.6797 | Val Acc: 0.5676 | Val P/R/F1 (Macro): 0.5778/0.5972/0.5306 | LR: 0.000003
Epoch [47/100] | Loss: 4.0861 (Cls: 3.5129, Adv: 3.8213) | Train Acc: 0.6328 | Val Acc: 0.5135 | Val P/R/F1 (Macro): 0.5593/0.5324/0.4851 | LR: 0.000003
Epoch [48/100] | Loss: 3.8534 (Cls: 3.2830, Adv: 3.8028) | Train Acc: 0.7031 | Val Acc: 0.5676 | Val P/R/F1 (Macro): 0.5827/0.5741/0.5215 | LR: 0.000003
Epoch [49/100] | Loss: 3.8435 (Cls: 3.2513, Adv: 3.9481) | Train Acc: 0.7266 | Val Acc: 0.5676 | Val P/R/F1 (Macro): 0.5827/0.5741/0.5215 | LR: 0.000003
Epoch [50/100] | Loss: 4.1401 (Cls: 3.5478, Adv: 3.9484) | Train Acc: 0.6719 | Val Acc: 0.5946 | Val P/R/F1 (Macro): 0.6383/0.6019/0.5623 | LR: 0.000003
Epoch [51/100] | Loss: 3.9345 (Cls: 3.3496, Adv: 3.8989) | Train Acc: 0.6875 | Val Acc: 0.5676 | Val P/R/F1 (Macro): 0.5827/0.5741/0.5215 | LR: 0.000003
Epoch [52/100] | Loss: 3.9327 (Cls: 3.3276, Adv: 4.0340) | Train Acc: 0.7109 | Val Acc: 0.5135 | Val P/R/F1 (Macro): 0.5552/0.5324/0.4819 | LR: 0.000003
Epoch [53/100] | Loss: 3.9757 (Cls: 3.3642, Adv: 4.0770) | Train Acc: 0.6250 | Val Acc: 0.5676 | Val P/R/F1 (Macro): 0.5778/0.5972/0.5306 | LR: 0.000001
Epoch [54/100] | Loss: 3.7754 (Cls: 3.1791, Adv: 3.9752) | Train Acc: 0.7500 | Val Acc: 0.5946 | Val P/R/F1 (Macro): 0.6012/0.6111/0.5512 | LR: 0.000001
Epoch [55/100] | Loss: 4.0064 (Cls: 3.4140, Adv: 3.9491) | Train Acc: 0.7031 | Val Acc: 0.5946 | Val P/R/F1 (Macro): 0.6012/0.6111/0.5512 | LR: 0.000001
Epoch [56/100] | Loss: 3.7883 (Cls: 3.1605, Adv: 4.1852) | Train Acc: 0.7500 | Val Acc: 0.5405 | Val P/R/F1 (Macro): 0.5685/0.5694/0.5131 | LR: 0.000001
Epoch [57/100] | Loss: 3.6350 (Cls: 3.0244, Adv: 4.0707) | Train Acc: 0.7969 | Val Acc: 0.5676 | Val P/R/F1 (Macro): 0.5778/0.5972/0.5306 | LR: 0.000001
Epoch [58/100] | Loss: 3.9308 (Cls: 3.3435, Adv: 3.9149) | Train Acc: 0.7031 | Val Acc: 0.5676 | Val P/R/F1 (Macro): 0.5778/0.5972/0.5306 | LR: 0.000001
Epoch [59/100] | Loss: 3.8984 (Cls: 3.2995, Adv: 3.9928) | Train Acc: 0.7031 | Val Acc: 0.5405 | Val P/R/F1 (Macro): 0.5685/0.5694/0.5131 | LR: 0.000001
Epoch [60/100] | Loss: 3.7358 (Cls: 3.1154, Adv: 4.1360) | Train Acc: 0.7656 | Val Acc: 0.5946 | Val P/R/F1 (Macro): 0.6012/0.6111/0.5512 | LR: 0.000001
Epoch [61/100] | Loss: 3.6012 (Cls: 3.0032, Adv: 3.9864) | Train Acc: 0.7656 | Val Acc: 0.5676 | Val P/R/F1 (Macro): 0.5827/0.5741/0.5215 | LR: 0.000001
Epoch [62/100] | Loss: 4.0012 (Cls: 3.3934, Adv: 4.0524) | Train Acc: 0.7188 | Val Acc: 0.5676 | Val P/R/F1 (Macro): 0.5827/0.5741/0.5215 | LR: 0.000001
Epoch [63/100] | Loss: 3.7675 (Cls: 3.1640, Adv: 4.0234) | Train Acc: 0.7266 | Val Acc: 0.5946 | Val P/R/F1 (Macro): 0.6012/0.6111/0.5512 | LR: 0.000001
Epoch [64/100] | Loss: 4.1216 (Cls: 3.4800, Adv: 4.2773) | Train Acc: 0.6172 | Val Acc: 0.5946 | Val P/R/F1 (Macro): 0.6012/0.6111/0.5512 | LR: 0.000001
Epoch [65/100] | Loss: 3.9190 (Cls: 3.2920, Adv: 4.1799) | Train Acc: 0.7188 | Val Acc: 0.5946 | Val P/R/F1 (Macro): 0.6012/0.6111/0.5512 | LR: 0.000001
Epoch [66/100] | Loss: 3.7372 (Cls: 3.1219, Adv: 4.1017) | Train Acc: 0.7969 | Val Acc: 0.5946 | Val P/R/F1 (Macro): 0.6012/0.6111/0.5512 | LR: 0.000001
Epoch [67/100] | Loss: 4.0510 (Cls: 3.4155, Adv: 4.2366) | Train Acc: 0.6797 | Val Acc: 0.5946 | Val P/R/F1 (Macro): 0.6012/0.6111/0.5512 | LR: 0.000001
Epoch [68/100] | Loss: 3.6688 (Cls: 3.0405, Adv: 4.1889) | Train Acc: 0.7578 | Val Acc: 0.5946 | Val P/R/F1 (Macro): 0.6148/0.6250/0.5751 | LR: 0.000001
Epoch [69/100] | Loss: 4.0967 (Cls: 3.4230, Adv: 4.4916) | Train Acc: 0.7188 | Val Acc: 0.5946 | Val P/R/F1 (Macro): 0.6012/0.6111/0.5512 | LR: 0.000001
Epoch [70/100] | Loss: 3.7805 (Cls: 3.1209, Adv: 4.3974) | Train Acc: 0.8125 | Val Acc: 0.5946 | Val P/R/F1 (Macro): 0.6012/0.6111/0.5512 | LR: 0.000001
Epoch [71/100] | Loss: 3.8051 (Cls: 3.1368, Adv: 4.4547) | Train Acc: 0.7266 | Val Acc: 0.5946 | Val P/R/F1 (Macro): 0.6012/0.6111/0.5512 | LR: 0.000001
Epoch [72/100] | Loss: 3.7620 (Cls: 3.1035, Adv: 4.3897) | Train Acc: 0.7031 | Val Acc: 0.5946 | Val P/R/F1 (Macro): 0.6024/0.6157/0.5425 | LR: 0.000001
Epoch [73/100] | Loss: 3.6905 (Cls: 3.0510, Adv: 4.2630) | Train Acc: 0.7344 | Val Acc: 0.5946 | Val P/R/F1 (Macro): 0.6024/0.6157/0.5425 | LR: 0.000001
Epoch [74/100] | Loss: 3.7667 (Cls: 3.1310, Adv: 4.2380) | Train Acc: 0.7500 | Val Acc: 0.5946 | Val P/R/F1 (Macro): 0.6024/0.6157/0.5425 | LR: 0.000001
Epoch [75/100] | Loss: 3.7225 (Cls: 3.0684, Adv: 4.3607) | Train Acc: 0.7891 | Val Acc: 0.5946 | Val P/R/F1 (Macro): 0.6024/0.6157/0.5425 | LR: 0.000001
Epoch [76/100] | Loss: 3.6919 (Cls: 3.0670, Adv: 4.1657) | Train Acc: 0.6875 | Val Acc: 0.5946 | Val P/R/F1 (Macro): 0.6024/0.6157/0.5425 | LR: 0.000001
Epoch [77/100] | Loss: 3.5282 (Cls: 2.8722, Adv: 4.3732) | Train Acc: 0.7734 | Val Acc: 0.5946 | Val P/R/F1 (Macro): 0.6024/0.6157/0.5425 | LR: 0.000001
Epoch [78/100] | Loss: 3.5611 (Cls: 2.9320, Adv: 4.1939) | Train Acc: 0.7891 | Val Acc: 0.6216 | Val P/R/F1 (Macro): 0.6394/0.6435/0.5869 | LR: 0.000001
  >>> New Best Val Acc: 0.6216
Epoch [79/100] | Loss: 3.7794 (Cls: 3.1386, Adv: 4.2717) | Train Acc: 0.7734 | Val Acc: 0.5946 | Val P/R/F1 (Macro): 0.6024/0.6157/0.5425 | LR: 0.000001
Epoch [80/100] | Loss: 3.5121 (Cls: 2.8900, Adv: 4.1469) | Train Acc: 0.7969 | Val Acc: 0.6486 | Val P/R/F1 (Macro): 0.6630/0.6574/0.6092 | LR: 0.000001
  >>> New Best Val Acc: 0.6486
Epoch [81/100] | Loss: 3.6217 (Cls: 2.9795, Adv: 4.2811) | Train Acc: 0.7969 | Val Acc: 0.5946 | Val P/R/F1 (Macro): 0.6012/0.6111/0.5512 | LR: 0.000001
Epoch [82/100] | Loss: 3.7084 (Cls: 3.0572, Adv: 4.3413) | Train Acc: 0.7422 | Val Acc: 0.5946 | Val P/R/F1 (Macro): 0.6012/0.6111/0.5512 | LR: 0.000001
Epoch [83/100] | Loss: 3.9830 (Cls: 3.3007, Adv: 4.5486) | Train Acc: 0.7031 | Val Acc: 0.5946 | Val P/R/F1 (Macro): 0.6012/0.6111/0.5512 | LR: 0.000001
Epoch [84/100] | Loss: 3.6010 (Cls: 2.9351, Adv: 4.4388) | Train Acc: 0.7344 | Val Acc: 0.5946 | Val P/R/F1 (Macro): 0.6012/0.6111/0.5512 | LR: 0.000001
Epoch [85/100] | Loss: 3.8381 (Cls: 3.1779, Adv: 4.4008) | Train Acc: 0.7344 | Val Acc: 0.6216 | Val P/R/F1 (Macro): 0.6185/0.6250/0.5697 | LR: 0.000001
Epoch [86/100] | Loss: 3.6681 (Cls: 3.0037, Adv: 4.4288) | Train Acc: 0.7422 | Val Acc: 0.5946 | Val P/R/F1 (Macro): 0.6012/0.6111/0.5512 | LR: 0.000001
Epoch [87/100] | Loss: 3.5350 (Cls: 2.8849, Adv: 4.3338) | Train Acc: 0.7500 | Val Acc: 0.5946 | Val P/R/F1 (Macro): 0.6012/0.6111/0.5512 | LR: 0.000001
Epoch [88/100] | Loss: 3.8414 (Cls: 3.1701, Adv: 4.4748) | Train Acc: 0.7734 | Val Acc: 0.5946 | Val P/R/F1 (Macro): 0.6012/0.6111/0.5512 | LR: 0.000001
Epoch [89/100] | Loss: 3.5460 (Cls: 2.8840, Adv: 4.4134) | Train Acc: 0.7656 | Val Acc: 0.5946 | Val P/R/F1 (Macro): 0.6012/0.6111/0.5512 | LR: 0.000001
Epoch [90/100] | Loss: 3.3090 (Cls: 2.6255, Adv: 4.5568) | Train Acc: 0.8438 | Val Acc: 0.5946 | Val P/R/F1 (Macro): 0.6012/0.6111/0.5512 | LR: 0.000001
Epoch [91/100] | Loss: 3.8407 (Cls: 3.1623, Adv: 4.5224) | Train Acc: 0.6875 | Val Acc: 0.5946 | Val P/R/F1 (Macro): 0.6012/0.6111/0.5512 | LR: 0.000001
Epoch [92/100] | Loss: 3.7662 (Cls: 3.0873, Adv: 4.5258) | Train Acc: 0.7500 | Val Acc: 0.5946 | Val P/R/F1 (Macro): 0.6012/0.6111/0.5512 | LR: 0.000001
Epoch [93/100] | Loss: 3.5098 (Cls: 2.8372, Adv: 4.4845) | Train Acc: 0.8047 | Val Acc: 0.5946 | Val P/R/F1 (Macro): 0.6012/0.6111/0.5512 | LR: 0.000001
Epoch [94/100] | Loss: 4.0687 (Cls: 3.3893, Adv: 4.5295) | Train Acc: 0.6797 | Val Acc: 0.5946 | Val P/R/F1 (Macro): 0.6012/0.6111/0.5512 | LR: 0.000001
Epoch [95/100] | Loss: 3.7210 (Cls: 3.0277, Adv: 4.6217) | Train Acc: 0.7578 | Val Acc: 0.5946 | Val P/R/F1 (Macro): 0.6012/0.6111/0.5512 | LR: 0.000001
Epoch [96/100] | Loss: 3.5772 (Cls: 2.9204, Adv: 4.3785) | Train Acc: 0.7656 | Val Acc: 0.5946 | Val P/R/F1 (Macro): 0.6012/0.6111/0.5512 | LR: 0.000001
Epoch [97/100] | Loss: 3.5606 (Cls: 2.9023, Adv: 4.3885) | Train Acc: 0.7969 | Val Acc: 0.5946 | Val P/R/F1 (Macro): 0.6012/0.6111/0.5512 | LR: 0.000001
Epoch [98/100] | Loss: 3.6783 (Cls: 2.9900, Adv: 4.5890) | Train Acc: 0.7578 | Val Acc: 0.5946 | Val P/R/F1 (Macro): 0.6012/0.6111/0.5512 | LR: 0.000001
Epoch [99/100] | Loss: 3.6553 (Cls: 2.9945, Adv: 4.4054) | Train Acc: 0.8125 | Val Acc: 0.5946 | Val P/R/F1 (Macro): 0.6012/0.6111/0.5512 | LR: 0.000001
Epoch [100/100] | Loss: 3.8738 (Cls: 3.1631, Adv: 4.7376) | Train Acc: 0.7344 | Val Acc: 0.5946 | Val P/R/F1 (Macro): 0.6012/0.6111/0.5512 | LR: 0.000001

迭代 1 最佳指标:
  Accuracy: 0.6486
  Precision (Macro): 0.6630
  Recall (Macro): 0.6574
  F1 (Macro): 0.6092
  Precision (Micro): 0.6486
  Recall (Micro): 0.6486
  F1 (Micro): 0.6486
  Val class coverage: 9/14 (0.6429), samples=37

================================================================================
迭代 2/5
随机种子: 43
================================================================================
Training mode: unpaired target adaptation with controlled target-label loss (ratio=0.35, weight=0.50).
Fixed labeled target subset: 46/132 samples.
Epoch [1/100] | Loss: 7.1903 (Cls: 7.1543, Adv: 0.2401) | Train Acc: 0.1094 | Val Acc: 0.0000 | Val P/R/F1 (Macro): 0.0000/0.0000/0.0000 | LR: 0.000010
Epoch [2/100] | Loss: 6.9367 (Cls: 6.9049, Adv: 0.2122) | Train Acc: 0.1562 | Val Acc: 0.0000 | Val P/R/F1 (Macro): 0.0000/0.0000/0.0000 | LR: 0.000010
Epoch [3/100] | Loss: 6.5784 (Cls: 6.5526, Adv: 0.1721) | Train Acc: 0.1953 | Val Acc: 0.1081 | Val P/R/F1 (Macro): 0.0120/0.1111/0.0217 | LR: 0.000010
  >>> New Best Val Acc: 0.1081
Epoch [4/100] | Loss: 6.1129 (Cls: 6.0859, Adv: 0.1800) | Train Acc: 0.2188 | Val Acc: 0.1081 | Val P/R/F1 (Macro): 0.0120/0.1111/0.0217 | LR: 0.000010
Epoch [5/100] | Loss: 6.1836 (Cls: 6.1388, Adv: 0.2991) | Train Acc: 0.2031 | Val Acc: 0.0811 | Val P/R/F1 (Macro): 0.0370/0.0833/0.0513 | LR: 0.000010
Epoch [6/100] | Loss: 5.8250 (Cls: 5.7669, Adv: 0.3871) | Train Acc: 0.2969 | Val Acc: 0.1351 | Val P/R/F1 (Macro): 0.1750/0.1343/0.1282 | LR: 0.000010
  >>> New Best Val Acc: 0.1351
Epoch [7/100] | Loss: 5.7634 (Cls: 5.6902, Adv: 0.4878) | Train Acc: 0.2109 | Val Acc: 0.2432 | Val P/R/F1 (Macro): 0.1799/0.2361/0.1982 | LR: 0.000010
  >>> New Best Val Acc: 0.2432
Epoch [8/100] | Loss: 5.4843 (Cls: 5.3645, Adv: 0.7992) | Train Acc: 0.2422 | Val Acc: 0.3514 | Val P/R/F1 (Macro): 0.2108/0.3056/0.2415 | LR: 0.000010
  >>> New Best Val Acc: 0.3514
Epoch [9/100] | Loss: 5.4481 (Cls: 5.2748, Adv: 1.1553) | Train Acc: 0.2969 | Val Acc: 0.2973 | Val P/R/F1 (Macro): 0.1786/0.2639/0.2004 | LR: 0.000010
Epoch [10/100] | Loss: 5.3769 (Cls: 5.1443, Adv: 1.5507) | Train Acc: 0.3438 | Val Acc: 0.4054 | Val P/R/F1 (Macro): 0.3552/0.4306/0.3679 | LR: 0.000010
  >>> New Best Val Acc: 0.4054
Epoch [11/100] | Loss: 5.4949 (Cls: 5.2258, Adv: 1.7937) | Train Acc: 0.3594 | Val Acc: 0.4865 | Val P/R/F1 (Macro): 0.5074/0.6019/0.5291 | LR: 0.000010
  >>> New Best Val Acc: 0.4865
Epoch [12/100] | Loss: 5.1301 (Cls: 4.8476, Adv: 1.8832) | Train Acc: 0.4062 | Val Acc: 0.4865 | Val P/R/F1 (Macro): 0.4392/0.5000/0.4444 | LR: 0.000010
Epoch [13/100] | Loss: 5.5261 (Cls: 5.1623, Adv: 2.4257) | Train Acc: 0.4062 | Val Acc: 0.6216 | Val P/R/F1 (Macro): 0.6926/0.7083/0.6759 | LR: 0.000010
  >>> New Best Val Acc: 0.6216
Epoch [14/100] | Loss: 5.1179 (Cls: 4.7557, Adv: 2.4144) | Train Acc: 0.4062 | Val Acc: 0.6216 | Val P/R/F1 (Macro): 0.8148/0.7269/0.7068 | LR: 0.000010
Epoch [15/100] | Loss: 5.0985 (Cls: 4.7319, Adv: 2.4440) | Train Acc: 0.4766 | Val Acc: 0.5405 | Val P/R/F1 (Macro): 0.5710/0.5787/0.5499 | LR: 0.000010
Epoch [16/100] | Loss: 5.4383 (Cls: 5.0027, Adv: 2.9042) | Train Acc: 0.4688 | Val Acc: 0.5676 | Val P/R/F1 (Macro): 0.5344/0.5926/0.5509 | LR: 0.000010
Epoch [17/100] | Loss: 5.0089 (Cls: 4.5588, Adv: 3.0004) | Train Acc: 0.5000 | Val Acc: 0.4865 | Val P/R/F1 (Macro): 0.5589/0.5370/0.5176 | LR: 0.000010
Epoch [18/100] | Loss: 5.2784 (Cls: 4.8303, Adv: 2.9871) | Train Acc: 0.4531 | Val Acc: 0.5946 | Val P/R/F1 (Macro): 0.7820/0.6898/0.6804 | LR: 0.000010
Epoch [19/100] | Loss: 4.9585 (Cls: 4.5363, Adv: 2.8144) | Train Acc: 0.4922 | Val Acc: 0.5946 | Val P/R/F1 (Macro): 0.6806/0.6713/0.6292 | LR: 0.000010
Epoch [20/100] | Loss: 4.9774 (Cls: 4.5213, Adv: 3.0410) | Train Acc: 0.5078 | Val Acc: 0.5676 | Val P/R/F1 (Macro): 0.7021/0.6528/0.6293 | LR: 0.000010
Epoch [21/100] | Loss: 4.7733 (Cls: 4.2869, Adv: 3.2426) | Train Acc: 0.5078 | Val Acc: 0.5946 | Val P/R/F1 (Macro): 0.6915/0.6759/0.6759 | LR: 0.000010
Epoch [22/100] | Loss: 4.2342 (Cls: 3.7395, Adv: 3.2979) | Train Acc: 0.6094 | Val Acc: 0.5676 | Val P/R/F1 (Macro): 0.6635/0.6759/0.6645 | LR: 0.000010
Epoch [23/100] | Loss: 4.5603 (Cls: 4.0442, Adv: 3.4411) | Train Acc: 0.6016 | Val Acc: 0.5676 | Val P/R/F1 (Macro): 0.5344/0.5648/0.5398 | LR: 0.000010
Epoch [24/100] | Loss: 4.6966 (Cls: 4.1795, Adv: 3.4473) | Train Acc: 0.5859 | Val Acc: 0.6757 | Val P/R/F1 (Macro): 0.6938/0.7454/0.7051 | LR: 0.000010
  >>> New Best Val Acc: 0.6757
Epoch [25/100] | Loss: 5.1263 (Cls: 4.6198, Adv: 3.3761) | Train Acc: 0.4531 | Val Acc: 0.5946 | Val P/R/F1 (Macro): 0.7460/0.6713/0.6653 | LR: 0.000010
Epoch [26/100] | Loss: 4.6379 (Cls: 4.1507, Adv: 3.2482) | Train Acc: 0.5625 | Val Acc: 0.5676 | Val P/R/F1 (Macro): 0.7328/0.6574/0.6365 | LR: 0.000010
Epoch [27/100] | Loss: 4.6137 (Cls: 4.1184, Adv: 3.3021) | Train Acc: 0.5938 | Val Acc: 0.6486 | Val P/R/F1 (Macro): 0.5926/0.6343/0.6037 | LR: 0.000010
Epoch [28/100] | Loss: 4.6392 (Cls: 4.0973, Adv: 3.6132) | Train Acc: 0.5625 | Val Acc: 0.6757 | Val P/R/F1 (Macro): 0.7309/0.7454/0.7278 | LR: 0.000010
Epoch [29/100] | Loss: 4.5304 (Cls: 4.0142, Adv: 3.4415) | Train Acc: 0.6328 | Val Acc: 0.5946 | Val P/R/F1 (Macro): 0.7287/0.6944/0.6761 | LR: 0.000010
Epoch [30/100] | Loss: 4.6425 (Cls: 4.1240, Adv: 3.4571) | Train Acc: 0.5938 | Val Acc: 0.5946 | Val P/R/F1 (Macro): 0.5532/0.6157/0.5617 | LR: 0.000010
Epoch [31/100] | Loss: 4.3107 (Cls: 3.7510, Adv: 3.7317) | Train Acc: 0.7188 | Val Acc: 0.6486 | Val P/R/F1 (Macro): 0.6056/0.6389/0.5858 | LR: 0.000010
Epoch [32/100] | Loss: 4.3969 (Cls: 3.8470, Adv: 3.6658) | Train Acc: 0.5312 | Val Acc: 0.6216 | Val P/R/F1 (Macro): 0.6241/0.6713/0.6117 | LR: 0.000010
Epoch [33/100] | Loss: 4.3331 (Cls: 3.7779, Adv: 3.7012) | Train Acc: 0.6094 | Val Acc: 0.5135 | Val P/R/F1 (Macro): 0.4815/0.5370/0.4751 | LR: 0.000010
Epoch [34/100] | Loss: 4.1539 (Cls: 3.6019, Adv: 3.6797) | Train Acc: 0.6484 | Val Acc: 0.6757 | Val P/R/F1 (Macro): 0.7028/0.6574/0.6335 | LR: 0.000010
Epoch [35/100] | Loss: 4.0586 (Cls: 3.5166, Adv: 3.6137) | Train Acc: 0.6641 | Val Acc: 0.6757 | Val P/R/F1 (Macro): 0.7025/0.6574/0.6338 | LR: 0.000005
Epoch [36/100] | Loss: 4.4428 (Cls: 3.8971, Adv: 3.6384) | Train Acc: 0.6016 | Val Acc: 0.6216 | Val P/R/F1 (Macro): 0.6562/0.6250/0.5791 | LR: 0.000005
Epoch [37/100] | Loss: 3.9989 (Cls: 3.4212, Adv: 3.8513) | Train Acc: 0.6719 | Val Acc: 0.5946 | Val P/R/F1 (Macro): 0.6190/0.5926/0.5456 | LR: 0.000005
Epoch [38/100] | Loss: 4.2869 (Cls: 3.7303, Adv: 3.7102) | Train Acc: 0.6719 | Val Acc: 0.6486 | Val P/R/F1 (Macro): 0.6352/0.6343/0.5787 | LR: 0.000005
Epoch [39/100] | Loss: 4.2075 (Cls: 3.6540, Adv: 3.6902) | Train Acc: 0.6797 | Val Acc: 0.6757 | Val P/R/F1 (Macro): 0.6579/0.6713/0.6221 | LR: 0.000005
Epoch [40/100] | Loss: 4.1149 (Cls: 3.5657, Adv: 3.6609) | Train Acc: 0.6562 | Val Acc: 0.6757 | Val P/R/F1 (Macro): 0.6469/0.6574/0.6084 | LR: 0.000005
Epoch [41/100] | Loss: 4.0080 (Cls: 3.4327, Adv: 3.8352) | Train Acc: 0.6641 | Val Acc: 0.7027 | Val P/R/F1 (Macro): 0.6663/0.6713/0.6296 | LR: 0.000005
  >>> New Best Val Acc: 0.7027
Epoch [42/100] | Loss: 3.9969 (Cls: 3.3890, Adv: 4.0528) | Train Acc: 0.6562 | Val Acc: 0.7297 | Val P/R/F1 (Macro): 0.7245/0.6898/0.6784 | LR: 0.000005
  >>> New Best Val Acc: 0.7297
Epoch [43/100] | Loss: 3.7488 (Cls: 3.1853, Adv: 3.7567) | Train Acc: 0.7500 | Val Acc: 0.6757 | Val P/R/F1 (Macro): 0.7136/0.6528/0.6497 | LR: 0.000005
Epoch [44/100] | Loss: 3.7888 (Cls: 3.2062, Adv: 3.8839) | Train Acc: 0.7422 | Val Acc: 0.6757 | Val P/R/F1 (Macro): 0.6970/0.6528/0.6437 | LR: 0.000005
Epoch [45/100] | Loss: 3.8874 (Cls: 3.2676, Adv: 4.1320) | Train Acc: 0.7188 | Val Acc: 0.7027 | Val P/R/F1 (Macro): 0.6636/0.6713/0.6565 | LR: 0.000005
Epoch [46/100] | Loss: 3.7519 (Cls: 3.1400, Adv: 4.0794) | Train Acc: 0.7031 | Val Acc: 0.7027 | Val P/R/F1 (Macro): 0.6672/0.6667/0.6276 | LR: 0.000005
Epoch [47/100] | Loss: 4.0132 (Cls: 3.4394, Adv: 3.8249) | Train Acc: 0.6953 | Val Acc: 0.7027 | Val P/R/F1 (Macro): 0.6839/0.6667/0.6336 | LR: 0.000005
Epoch [48/100] | Loss: 3.7512 (Cls: 3.1389, Adv: 4.0822) | Train Acc: 0.7266 | Val Acc: 0.6757 | Val P/R/F1 (Macro): 0.6997/0.6481/0.6429 | LR: 0.000005
Epoch [49/100] | Loss: 3.9767 (Cls: 3.3996, Adv: 3.8471) | Train Acc: 0.7188 | Val Acc: 0.7027 | Val P/R/F1 (Macro): 0.6746/0.6759/0.6460 | LR: 0.000005
Epoch [50/100] | Loss: 3.8713 (Cls: 3.2536, Adv: 4.1178) | Train Acc: 0.7344 | Val Acc: 0.6757 | Val P/R/F1 (Macro): 0.6991/0.6620/0.6365 | LR: 0.000005
Epoch [51/100] | Loss: 3.5206 (Cls: 2.9056, Adv: 4.0999) | Train Acc: 0.7812 | Val Acc: 0.6486 | Val P/R/F1 (Macro): 0.6432/0.6389/0.5956 | LR: 0.000005
Epoch [52/100] | Loss: 3.5108 (Cls: 2.9119, Adv: 3.9922) | Train Acc: 0.8125 | Val Acc: 0.6486 | Val P/R/F1 (Macro): 0.6339/0.6389/0.5849 | LR: 0.000005
Epoch [53/100] | Loss: 3.6111 (Cls: 3.0320, Adv: 3.8608) | Train Acc: 0.7891 | Val Acc: 0.6757 | Val P/R/F1 (Macro): 0.6561/0.6528/0.6144 | LR: 0.000003
Epoch [54/100] | Loss: 3.5351 (Cls: 2.9059, Adv: 4.1946) | Train Acc: 0.7734 | Val Acc: 0.6757 | Val P/R/F1 (Macro): 0.6577/0.6528/0.6159 | LR: 0.000003
Epoch [55/100] | Loss: 4.2066 (Cls: 3.5782, Adv: 4.1895) | Train Acc: 0.5938 | Val Acc: 0.6757 | Val P/R/F1 (Macro): 0.6577/0.6528/0.6159 | LR: 0.000003
Epoch [56/100] | Loss: 3.7476 (Cls: 3.1113, Adv: 4.2419) | Train Acc: 0.7734 | Val Acc: 0.6757 | Val P/R/F1 (Macro): 0.6577/0.6528/0.6159 | LR: 0.000003
Epoch [57/100] | Loss: 4.0562 (Cls: 3.4280, Adv: 4.1878) | Train Acc: 0.6406 | Val Acc: 0.7027 | Val P/R/F1 (Macro): 0.6722/0.6667/0.6308 | LR: 0.000003
Epoch [58/100] | Loss: 3.5797 (Cls: 2.9740, Adv: 4.0381) | Train Acc: 0.7734 | Val Acc: 0.6486 | Val P/R/F1 (Macro): 0.6521/0.6343/0.6017 | LR: 0.000003
Epoch [59/100] | Loss: 3.6616 (Cls: 2.9944, Adv: 4.4480) | Train Acc: 0.7266 | Val Acc: 0.7027 | Val P/R/F1 (Macro): 0.7185/0.6667/0.6629 | LR: 0.000003
Epoch [60/100] | Loss: 3.5547 (Cls: 2.9325, Adv: 4.1480) | Train Acc: 0.7969 | Val Acc: 0.6486 | Val P/R/F1 (Macro): 0.6978/0.6343/0.6341 | LR: 0.000003
Epoch [61/100] | Loss: 3.5696 (Cls: 2.9179, Adv: 4.3450) | Train Acc: 0.7891 | Val Acc: 0.6757 | Val P/R/F1 (Macro): 0.7136/0.6528/0.6497 | LR: 0.000003
Epoch [62/100] | Loss: 3.8091 (Cls: 3.1850, Adv: 4.1607) | Train Acc: 0.6953 | Val Acc: 0.7297 | Val P/R/F1 (Macro): 0.7701/0.6852/0.6972 | LR: 0.000003
Epoch [63/100] | Loss: 3.6660 (Cls: 3.0523, Adv: 4.0913) | Train Acc: 0.7422 | Val Acc: 0.6757 | Val P/R/F1 (Macro): 0.7025/0.6574/0.6338 | LR: 0.000003
Epoch [64/100] | Loss: 3.3377 (Cls: 2.7220, Adv: 4.1048) | Train Acc: 0.7812 | Val Acc: 0.6757 | Val P/R/F1 (Macro): 0.7025/0.6574/0.6338 | LR: 0.000001
Epoch [65/100] | Loss: 3.6281 (Cls: 2.9574, Adv: 4.4711) | Train Acc: 0.7969 | Val Acc: 0.7568 | Val P/R/F1 (Macro): 0.7317/0.7037/0.6771 | LR: 0.000001
  >>> New Best Val Acc: 0.7568
Epoch [66/100] | Loss: 3.3994 (Cls: 2.7529, Adv: 4.3098) | Train Acc: 0.7344 | Val Acc: 0.7568 | Val P/R/F1 (Macro): 0.6947/0.7037/0.6623 | LR: 0.000001
Epoch [67/100] | Loss: 3.7733 (Cls: 3.0995, Adv: 4.4920) | Train Acc: 0.7031 | Val Acc: 0.7568 | Val P/R/F1 (Macro): 0.7317/0.7037/0.6771 | LR: 0.000001
Epoch [68/100] | Loss: 3.6785 (Cls: 3.0322, Adv: 4.3084) | Train Acc: 0.7344 | Val Acc: 0.7568 | Val P/R/F1 (Macro): 0.7384/0.7037/0.6938 | LR: 0.000001
Epoch [69/100] | Loss: 3.4247 (Cls: 2.7733, Adv: 4.3429) | Train Acc: 0.8281 | Val Acc: 0.7297 | Val P/R/F1 (Macro): 0.7701/0.6852/0.6972 | LR: 0.000001
Epoch [70/100] | Loss: 3.5012 (Cls: 2.8345, Adv: 4.4444) | Train Acc: 0.7266 | Val Acc: 0.7297 | Val P/R/F1 (Macro): 0.7701/0.6852/0.6972 | LR: 0.000001
Epoch [71/100] | Loss: 3.3197 (Cls: 2.6541, Adv: 4.4371) | Train Acc: 0.7656 | Val Acc: 0.7568 | Val P/R/F1 (Macro): 0.7864/0.6991/0.7125 | LR: 0.000001
Epoch [72/100] | Loss: 3.5983 (Cls: 2.9343, Adv: 4.4265) | Train Acc: 0.7578 | Val Acc: 0.7297 | Val P/R/F1 (Macro): 0.7701/0.6852/0.6972 | LR: 0.000001
Epoch [73/100] | Loss: 3.4209 (Cls: 2.7724, Adv: 4.3235) | Train Acc: 0.7891 | Val Acc: 0.7297 | Val P/R/F1 (Macro): 0.7265/0.6852/0.6657 | LR: 0.000001
Epoch [74/100] | Loss: 3.4815 (Cls: 2.8092, Adv: 4.4823) | Train Acc: 0.7500 | Val Acc: 0.7297 | Val P/R/F1 (Macro): 0.6894/0.6852/0.6509 | LR: 0.000001
Epoch [75/100] | Loss: 3.7969 (Cls: 3.1637, Adv: 4.2212) | Train Acc: 0.7266 | Val Acc: 0.7568 | Val P/R/F1 (Macro): 0.7565/0.6991/0.6879 | LR: 0.000001
Epoch [76/100] | Loss: 3.7581 (Cls: 3.0974, Adv: 4.4051) | Train Acc: 0.6875 | Val Acc: 0.7568 | Val P/R/F1 (Macro): 0.7565/0.6991/0.6879 | LR: 0.000001
Epoch [77/100] | Loss: 3.7062 (Cls: 3.0513, Adv: 4.3660) | Train Acc: 0.8047 | Val Acc: 0.7568 | Val P/R/F1 (Macro): 0.7565/0.6991/0.6879 | LR: 0.000001
Epoch [78/100] | Loss: 3.6584 (Cls: 2.9831, Adv: 4.5023) | Train Acc: 0.7422 | Val Acc: 0.7838 | Val P/R/F1 (Macro): 0.7099/0.7176/0.6778 | LR: 0.000001
  >>> New Best Val Acc: 0.7838
Epoch [79/100] | Loss: 3.5850 (Cls: 2.9209, Adv: 4.4269) | Train Acc: 0.7266 | Val Acc: 0.7027 | Val P/R/F1 (Macro): 0.6831/0.6713/0.6296 | LR: 0.000001
Epoch [80/100] | Loss: 3.4524 (Cls: 2.8142, Adv: 4.2547) | Train Acc: 0.7656 | Val Acc: 0.7297 | Val P/R/F1 (Macro): 0.6894/0.6852/0.6509 | LR: 0.000001
Epoch [81/100] | Loss: 3.2954 (Cls: 2.6416, Adv: 4.3587) | Train Acc: 0.8516 | Val Acc: 0.7297 | Val P/R/F1 (Macro): 0.6894/0.6852/0.6509 | LR: 0.000001
Epoch [82/100] | Loss: 3.3630 (Cls: 2.7103, Adv: 4.3516) | Train Acc: 0.8125 | Val Acc: 0.7297 | Val P/R/F1 (Macro): 0.6894/0.6852/0.6509 | LR: 0.000001
Epoch [83/100] | Loss: 3.3548 (Cls: 2.6767, Adv: 4.5207) | Train Acc: 0.7891 | Val Acc: 0.7027 | Val P/R/F1 (Macro): 0.7139/0.6713/0.6501 | LR: 0.000001
Epoch [84/100] | Loss: 3.6099 (Cls: 2.9465, Adv: 4.4229) | Train Acc: 0.7891 | Val Acc: 0.7568 | Val P/R/F1 (Macro): 0.7463/0.7037/0.6818 | LR: 0.000001
Epoch [85/100] | Loss: 3.4800 (Cls: 2.8098, Adv: 4.4679) | Train Acc: 0.7422 | Val Acc: 0.7568 | Val P/R/F1 (Macro): 0.7463/0.7037/0.6818 | LR: 0.000001
Epoch [86/100] | Loss: 3.1861 (Cls: 2.5260, Adv: 4.4007) | Train Acc: 0.8359 | Val Acc: 0.7027 | Val P/R/F1 (Macro): 0.7139/0.6713/0.6501 | LR: 0.000001
Epoch [87/100] | Loss: 3.4704 (Cls: 2.7969, Adv: 4.4899) | Train Acc: 0.7734 | Val Acc: 0.7027 | Val P/R/F1 (Macro): 0.6683/0.6713/0.6229 | LR: 0.000001
Epoch [88/100] | Loss: 3.6323 (Cls: 2.9692, Adv: 4.4202) | Train Acc: 0.7812 | Val Acc: 0.7568 | Val P/R/F1 (Macro): 0.7417/0.6991/0.6812 | LR: 0.000001
Epoch [89/100] | Loss: 3.5312 (Cls: 2.8819, Adv: 4.3283) | Train Acc: 0.7969 | Val Acc: 0.7568 | Val P/R/F1 (Macro): 0.7317/0.7037/0.6771 | LR: 0.000001
Epoch [90/100] | Loss: 3.5187 (Cls: 2.8701, Adv: 4.3236) | Train Acc: 0.7891 | Val Acc: 0.7568 | Val P/R/F1 (Macro): 0.7317/0.7037/0.6771 | LR: 0.000001
Epoch [91/100] | Loss: 3.7067 (Cls: 3.0472, Adv: 4.3965) | Train Acc: 0.7500 | Val Acc: 0.7838 | Val P/R/F1 (Macro): 0.7470/0.7176/0.6926 | LR: 0.000001
Epoch [92/100] | Loss: 3.4085 (Cls: 2.7531, Adv: 4.3694) | Train Acc: 0.7734 | Val Acc: 0.7568 | Val P/R/F1 (Macro): 0.7417/0.6991/0.6812 | LR: 0.000001
Epoch [93/100] | Loss: 3.4253 (Cls: 2.7492, Adv: 4.5073) | Train Acc: 0.7969 | Val Acc: 0.7568 | Val P/R/F1 (Macro): 0.7417/0.6991/0.6812 | LR: 0.000001
Epoch [94/100] | Loss: 3.6096 (Cls: 2.9297, Adv: 4.5327) | Train Acc: 0.7109 | Val Acc: 0.7297 | Val P/R/F1 (Macro): 0.7265/0.6852/0.6657 | LR: 0.000001
Epoch [95/100] | Loss: 3.4832 (Cls: 2.8067, Adv: 4.5105) | Train Acc: 0.7500 | Val Acc: 0.7297 | Val P/R/F1 (Macro): 0.7265/0.6852/0.6657 | LR: 0.000001
Epoch [96/100] | Loss: 3.3615 (Cls: 2.6810, Adv: 4.5369) | Train Acc: 0.8281 | Val Acc: 0.7568 | Val P/R/F1 (Macro): 0.7417/0.6991/0.6812 | LR: 0.000001
Epoch [97/100] | Loss: 3.4014 (Cls: 2.7256, Adv: 4.5049) | Train Acc: 0.8047 | Val Acc: 0.7568 | Val P/R/F1 (Macro): 0.7417/0.6991/0.6812 | LR: 0.000001
Epoch [98/100] | Loss: 3.5287 (Cls: 2.8607, Adv: 4.4533) | Train Acc: 0.7656 | Val Acc: 0.7568 | Val P/R/F1 (Macro): 0.7417/0.6991/0.6812 | LR: 0.000001
Epoch [99/100] | Loss: 3.4128 (Cls: 2.7380, Adv: 4.4987) | Train Acc: 0.7812 | Val Acc: 0.7027 | Val P/R/F1 (Macro): 0.7287/0.6713/0.6568 | LR: 0.000001
Epoch [100/100] | Loss: 3.4492 (Cls: 2.7569, Adv: 4.6152) | Train Acc: 0.8125 | Val Acc: 0.7568 | Val P/R/F1 (Macro): 0.7565/0.6991/0.6879 | LR: 0.000001

迭代 2 最佳指标:
  Accuracy: 0.7838
  Precision (Macro): 0.7099
  Recall (Macro): 0.7176
  F1 (Macro): 0.6778
  Precision (Micro): 0.7838
  Recall (Micro): 0.7838
  F1 (Micro): 0.7838
  Val class coverage: 9/14 (0.6429), samples=37

================================================================================
迭代 3/5
随机种子: 44
================================================================================
Training mode: unpaired target adaptation with controlled target-label loss (ratio=0.35, weight=0.50).
Fixed labeled target subset: 46/132 samples.
Epoch [1/100] | Loss: 7.3910 (Cls: 7.3522, Adv: 0.2585) | Train Acc: 0.1016 | Val Acc: 0.0000 | Val P/R/F1 (Macro): 0.0000/0.0000/0.0000 | LR: 0.000010
Epoch [2/100] | Loss: 7.4122 (Cls: 7.3805, Adv: 0.2112) | Train Acc: 0.1016 | Val Acc: 0.0000 | Val P/R/F1 (Macro): 0.0000/0.0000/0.0000 | LR: 0.000010
Epoch [3/100] | Loss: 6.6817 (Cls: 6.6525, Adv: 0.1950) | Train Acc: 0.1172 | Val Acc: 0.0000 | Val P/R/F1 (Macro): 0.0000/0.0000/0.0000 | LR: 0.000010
Epoch [4/100] | Loss: 6.4516 (Cls: 6.4143, Adv: 0.2486) | Train Acc: 0.2109 | Val Acc: 0.0270 | Val P/R/F1 (Macro): 0.0056/0.0185/0.0085 | LR: 0.000010
  >>> New Best Val Acc: 0.0270
Epoch [5/100] | Loss: 6.3239 (Cls: 6.2740, Adv: 0.3329) | Train Acc: 0.1719 | Val Acc: 0.1351 | Val P/R/F1 (Macro): 0.1574/0.1296/0.1397 | LR: 0.000010
  >>> New Best Val Acc: 0.1351
Epoch [6/100] | Loss: 5.8304 (Cls: 5.7743, Adv: 0.3736) | Train Acc: 0.2422 | Val Acc: 0.1892 | Val P/R/F1 (Macro): 0.2241/0.1991/0.2037 | LR: 0.000010
  >>> New Best Val Acc: 0.1892
Epoch [7/100] | Loss: 5.8287 (Cls: 5.7596, Adv: 0.4613) | Train Acc: 0.2734 | Val Acc: 0.1892 | Val P/R/F1 (Macro): 0.1667/0.1991/0.1726 | LR: 0.000010
Epoch [8/100] | Loss: 5.6948 (Cls: 5.5858, Adv: 0.7260) | Train Acc: 0.2812 | Val Acc: 0.2703 | Val P/R/F1 (Macro): 0.2605/0.2269/0.1894 | LR: 0.000010
  >>> New Best Val Acc: 0.2703
Epoch [9/100] | Loss: 5.4482 (Cls: 5.3006, Adv: 0.9837) | Train Acc: 0.3438 | Val Acc: 0.3784 | Val P/R/F1 (Macro): 0.2626/0.3009/0.2491 | LR: 0.000010
  >>> New Best Val Acc: 0.3784
Epoch [10/100] | Loss: 5.2449 (Cls: 5.0790, Adv: 1.1064) | Train Acc: 0.4219 | Val Acc: 0.5135 | Val P/R/F1 (Macro): 0.5153/0.4306/0.3985 | LR: 0.000010
  >>> New Best Val Acc: 0.5135
Epoch [11/100] | Loss: 5.1789 (Cls: 4.9899, Adv: 1.2596) | Train Acc: 0.3984 | Val Acc: 0.6486 | Val P/R/F1 (Macro): 0.6828/0.6343/0.6175 | LR: 0.000010
  >>> New Best Val Acc: 0.6486
Epoch [12/100] | Loss: 5.4278 (Cls: 5.2088, Adv: 1.4604) | Train Acc: 0.3828 | Val Acc: 0.5405 | Val P/R/F1 (Macro): 0.6003/0.5694/0.5246 | LR: 0.000010
Epoch [13/100] | Loss: 5.6279 (Cls: 5.3801, Adv: 1.6518) | Train Acc: 0.3750 | Val Acc: 0.5405 | Val P/R/F1 (Macro): 0.6679/0.5787/0.5534 | LR: 0.000010
Epoch [14/100] | Loss: 4.9678 (Cls: 4.6785, Adv: 1.9288) | Train Acc: 0.5234 | Val Acc: 0.5135 | Val P/R/F1 (Macro): 0.5237/0.5370/0.4697 | LR: 0.000010
Epoch [15/100] | Loss: 4.9983 (Cls: 4.7265, Adv: 1.8118) | Train Acc: 0.5000 | Val Acc: 0.5946 | Val P/R/F1 (Macro): 0.5093/0.6019/0.5244 | LR: 0.000010
Epoch [16/100] | Loss: 5.0182 (Cls: 4.7150, Adv: 2.0219) | Train Acc: 0.4844 | Val Acc: 0.6486 | Val P/R/F1 (Macro): 0.7635/0.7500/0.7322 | LR: 0.000010
Epoch [17/100] | Loss: 5.0960 (Cls: 4.7923, Adv: 2.0248) | Train Acc: 0.4844 | Val Acc: 0.5946 | Val P/R/F1 (Macro): 0.7172/0.7176/0.6474 | LR: 0.000010
Epoch [18/100] | Loss: 4.7387 (Cls: 4.3917, Adv: 2.3137) | Train Acc: 0.5078 | Val Acc: 0.5676 | Val P/R/F1 (Macro): 0.7811/0.6852/0.6809 | LR: 0.000010
Epoch [19/100] | Loss: 4.5399 (Cls: 4.2110, Adv: 2.1931) | Train Acc: 0.5781 | Val Acc: 0.6486 | Val P/R/F1 (Macro): 0.7888/0.7361/0.7239 | LR: 0.000010
Epoch [20/100] | Loss: 4.6030 (Cls: 4.2472, Adv: 2.3717) | Train Acc: 0.5781 | Val Acc: 0.5946 | Val P/R/F1 (Macro): 0.7520/0.7083/0.6836 | LR: 0.000010
Epoch [21/100] | Loss: 4.3921 (Cls: 4.0435, Adv: 2.3242) | Train Acc: 0.5625 | Val Acc: 0.5946 | Val P/R/F1 (Macro): 0.7309/0.7130/0.6873 | LR: 0.000010
Epoch [22/100] | Loss: 4.4201 (Cls: 4.0326, Adv: 2.5834) | Train Acc: 0.6016 | Val Acc: 0.5676 | Val P/R/F1 (Macro): 0.6894/0.6667/0.6410 | LR: 0.000005
Epoch [23/100] | Loss: 4.6208 (Cls: 4.2353, Adv: 2.5700) | Train Acc: 0.6094 | Val Acc: 0.5946 | Val P/R/F1 (Macro): 0.6944/0.7083/0.6696 | LR: 0.000005
Epoch [24/100] | Loss: 4.5256 (Cls: 4.1608, Adv: 2.4322) | Train Acc: 0.5703 | Val Acc: 0.6216 | Val P/R/F1 (Macro): 0.7135/0.7269/0.6673 | LR: 0.000005
Epoch [25/100] | Loss: 4.4952 (Cls: 4.0886, Adv: 2.7109) | Train Acc: 0.6094 | Val Acc: 0.5676 | Val P/R/F1 (Macro): 0.6687/0.6713/0.5911 | LR: 0.000005
Epoch [26/100] | Loss: 4.5412 (Cls: 4.1422, Adv: 2.6602) | Train Acc: 0.5781 | Val Acc: 0.5946 | Val P/R/F1 (Macro): 0.6036/0.5972/0.5414 | LR: 0.000005
Epoch [27/100] | Loss: 4.5628 (Cls: 4.1794, Adv: 2.5560) | Train Acc: 0.4688 | Val Acc: 0.6757 | Val P/R/F1 (Macro): 0.6414/0.6713/0.6141 | LR: 0.000005
  >>> New Best Val Acc: 0.6757
Epoch [28/100] | Loss: 4.2436 (Cls: 3.8174, Adv: 2.8412) | Train Acc: 0.6641 | Val Acc: 0.6757 | Val P/R/F1 (Macro): 0.6414/0.6713/0.6141 | LR: 0.000005
Epoch [29/100] | Loss: 4.2155 (Cls: 3.7898, Adv: 2.8385) | Train Acc: 0.6562 | Val Acc: 0.5946 | Val P/R/F1 (Macro): 0.5845/0.6204/0.5471 | LR: 0.000005
Epoch [30/100] | Loss: 4.3247 (Cls: 3.8965, Adv: 2.8553) | Train Acc: 0.6172 | Val Acc: 0.6216 | Val P/R/F1 (Macro): 0.6402/0.6435/0.5611 | LR: 0.000005
Epoch [31/100] | Loss: 4.0899 (Cls: 3.6449, Adv: 2.9665) | Train Acc: 0.6953 | Val Acc: 0.5946 | Val P/R/F1 (Macro): 0.6531/0.6157/0.5494 | LR: 0.000005
Epoch [32/100] | Loss: 4.0609 (Cls: 3.6439, Adv: 2.7801) | Train Acc: 0.6562 | Val Acc: 0.6757 | Val P/R/F1 (Macro): 0.6680/0.6759/0.6074 | LR: 0.000005
Epoch [33/100] | Loss: 4.1778 (Cls: 3.7227, Adv: 3.0343) | Train Acc: 0.6406 | Val Acc: 0.7027 | Val P/R/F1 (Macro): 0.6546/0.6852/0.6323 | LR: 0.000005
  >>> New Best Val Acc: 0.7027
Epoch [34/100] | Loss: 4.5204 (Cls: 4.0849, Adv: 2.9034) | Train Acc: 0.6094 | Val Acc: 0.7297 | Val P/R/F1 (Macro): 0.6683/0.6991/0.6493 | LR: 0.000005
  >>> New Best Val Acc: 0.7297
Epoch [35/100] | Loss: 3.8867 (Cls: 3.4172, Adv: 3.1304) | Train Acc: 0.7188 | Val Acc: 0.6486 | Val P/R/F1 (Macro): 0.6741/0.6574/0.5932 | LR: 0.000005
Epoch [36/100] | Loss: 4.1851 (Cls: 3.6973, Adv: 3.2525) | Train Acc: 0.7266 | Val Acc: 0.6486 | Val P/R/F1 (Macro): 0.6680/0.6620/0.5834 | LR: 0.000005
Epoch [37/100] | Loss: 3.7422 (Cls: 3.2762, Adv: 3.1065) | Train Acc: 0.7266 | Val Acc: 0.6486 | Val P/R/F1 (Macro): 0.6556/0.6389/0.5784 | LR: 0.000005
Epoch [38/100] | Loss: 3.8447 (Cls: 3.3549, Adv: 3.2654) | Train Acc: 0.7188 | Val Acc: 0.6757 | Val P/R/F1 (Macro): 0.6519/0.6759/0.5999 | LR: 0.000005
Epoch [39/100] | Loss: 4.0158 (Cls: 3.5140, Adv: 3.3453) | Train Acc: 0.6641 | Val Acc: 0.6486 | Val P/R/F1 (Macro): 0.6370/0.6574/0.5826 | LR: 0.000005
Epoch [40/100] | Loss: 3.9496 (Cls: 3.4538, Adv: 3.3052) | Train Acc: 0.6406 | Val Acc: 0.6486 | Val P/R/F1 (Macro): 0.6259/0.6343/0.5747 | LR: 0.000005
Epoch [41/100] | Loss: 3.6606 (Cls: 3.1573, Adv: 3.3557) | Train Acc: 0.7734 | Val Acc: 0.6216 | Val P/R/F1 (Macro): 0.6074/0.6157/0.5483 | LR: 0.000005
Epoch [42/100] | Loss: 3.7955 (Cls: 3.2850, Adv: 3.4037) | Train Acc: 0.7422 | Val Acc: 0.6486 | Val P/R/F1 (Macro): 0.6460/0.6296/0.5896 | LR: 0.000005
Epoch [43/100] | Loss: 3.9335 (Cls: 3.4324, Adv: 3.3406) | Train Acc: 0.6875 | Val Acc: 0.6757 | Val P/R/F1 (Macro): 0.6646/0.6667/0.6193 | LR: 0.000005
Epoch [44/100] | Loss: 3.6787 (Cls: 3.1689, Adv: 3.3984) | Train Acc: 0.7031 | Val Acc: 0.6486 | Val P/R/F1 (Macro): 0.6491/0.6528/0.6004 | LR: 0.000005
Epoch [45/100] | Loss: 3.7446 (Cls: 3.2201, Adv: 3.4965) | Train Acc: 0.7422 | Val Acc: 0.7027 | Val P/R/F1 (Macro): 0.6423/0.6852/0.6260 | LR: 0.000003
Epoch [46/100] | Loss: 3.8753 (Cls: 3.3618, Adv: 3.4235) | Train Acc: 0.7031 | Val Acc: 0.7027 | Val P/R/F1 (Macro): 0.6423/0.6852/0.6260 | LR: 0.000003
Epoch [47/100] | Loss: 3.7941 (Cls: 3.2591, Adv: 3.5663) | Train Acc: 0.6797 | Val Acc: 0.7027 | Val P/R/F1 (Macro): 0.6646/0.6852/0.6341 | LR: 0.000003
Epoch [48/100] | Loss: 3.7994 (Cls: 3.2660, Adv: 3.5558) | Train Acc: 0.7109 | Val Acc: 0.6757 | Val P/R/F1 (Macro): 0.6491/0.6713/0.6152 | LR: 0.000003
Epoch [49/100] | Loss: 3.5929 (Cls: 3.0788, Adv: 3.4275) | Train Acc: 0.6875 | Val Acc: 0.6757 | Val P/R/F1 (Macro): 0.6491/0.6713/0.6152 | LR: 0.000003
Epoch [50/100] | Loss: 3.7361 (Cls: 3.2204, Adv: 3.4381) | Train Acc: 0.7344 | Val Acc: 0.6757 | Val P/R/F1 (Macro): 0.6491/0.6713/0.6152 | LR: 0.000003
Epoch [51/100] | Loss: 3.8921 (Cls: 3.3577, Adv: 3.5627) | Train Acc: 0.6953 | Val Acc: 0.7027 | Val P/R/F1 (Macro): 0.6815/0.6898/0.6297 | LR: 0.000003
Epoch [52/100] | Loss: 3.8896 (Cls: 3.3502, Adv: 3.5963) | Train Acc: 0.6953 | Val Acc: 0.6757 | Val P/R/F1 (Macro): 0.6491/0.6713/0.6152 | LR: 0.000003
Epoch [53/100] | Loss: 4.1101 (Cls: 3.5604, Adv: 3.6649) | Train Acc: 0.6797 | Val Acc: 0.6486 | Val P/R/F1 (Macro): 0.5843/0.6528/0.5824 | LR: 0.000003
Epoch [54/100] | Loss: 3.5960 (Cls: 3.0681, Adv: 3.5193) | Train Acc: 0.7656 | Val Acc: 0.6757 | Val P/R/F1 (Macro): 0.6741/0.6759/0.6080 | LR: 0.000003
Epoch [55/100] | Loss: 3.7998 (Cls: 3.2598, Adv: 3.6002) | Train Acc: 0.7578 | Val Acc: 0.6757 | Val P/R/F1 (Macro): 0.6269/0.6713/0.6071 | LR: 0.000003
Epoch [56/100] | Loss: 3.7154 (Cls: 3.1396, Adv: 3.8392) | Train Acc: 0.7344 | Val Acc: 0.7027 | Val P/R/F1 (Macro): 0.6646/0.6852/0.6341 | LR: 0.000001
Epoch [57/100] | Loss: 3.6706 (Cls: 3.1397, Adv: 3.5395) | Train Acc: 0.7266 | Val Acc: 0.7027 | Val P/R/F1 (Macro): 0.6646/0.6852/0.6341 | LR: 0.000001
Epoch [58/100] | Loss: 3.3372 (Cls: 2.8089, Adv: 3.5221) | Train Acc: 0.8047 | Val Acc: 0.7297 | Val P/R/F1 (Macro): 0.6815/0.6991/0.6522 | LR: 0.000001
Epoch [59/100] | Loss: 3.4695 (Cls: 2.9403, Adv: 3.5276) | Train Acc: 0.7969 | Val Acc: 0.6757 | Val P/R/F1 (Macro): 0.6646/0.6667/0.6193 | LR: 0.000001
Epoch [60/100] | Loss: 3.4782 (Cls: 2.9412, Adv: 3.5796) | Train Acc: 0.7344 | Val Acc: 0.7027 | Val P/R/F1 (Macro): 0.6646/0.6852/0.6341 | LR: 0.000001
Epoch [61/100] | Loss: 3.4821 (Cls: 2.9180, Adv: 3.7601) | Train Acc: 0.7969 | Val Acc: 0.7027 | Val P/R/F1 (Macro): 0.6646/0.6852/0.6341 | LR: 0.000001
Epoch [62/100] | Loss: 3.6156 (Cls: 3.0370, Adv: 3.8578) | Train Acc: 0.8047 | Val Acc: 0.6486 | Val P/R/F1 (Macro): 0.6491/0.6528/0.6004 | LR: 0.000001
Epoch [63/100] | Loss: 3.7301 (Cls: 3.1662, Adv: 3.7594) | Train Acc: 0.7422 | Val Acc: 0.6757 | Val P/R/F1 (Macro): 0.6646/0.6667/0.6193 | LR: 0.000001
Epoch [64/100] | Loss: 3.8694 (Cls: 3.2993, Adv: 3.8004) | Train Acc: 0.6953 | Val Acc: 0.6757 | Val P/R/F1 (Macro): 0.6368/0.6667/0.6119 | LR: 0.000001
Epoch [65/100] | Loss: 3.6155 (Cls: 3.0494, Adv: 3.7737) | Train Acc: 0.7734 | Val Acc: 0.6757 | Val P/R/F1 (Macro): 0.6646/0.6667/0.6193 | LR: 0.000001
Epoch [66/100] | Loss: 3.5217 (Cls: 2.9524, Adv: 3.7954) | Train Acc: 0.7422 | Val Acc: 0.7297 | Val P/R/F1 (Macro): 0.6815/0.6991/0.6522 | LR: 0.000001
Epoch [67/100] | Loss: 3.2309 (Cls: 2.6567, Adv: 3.8283) | Train Acc: 0.7891 | Val Acc: 0.7027 | Val P/R/F1 (Macro): 0.6646/0.6852/0.6341 | LR: 0.000001
Epoch [68/100] | Loss: 3.4777 (Cls: 2.8779, Adv: 3.9987) | Train Acc: 0.7344 | Val Acc: 0.7297 | Val P/R/F1 (Macro): 0.6907/0.7037/0.6496 | LR: 0.000001
Epoch [69/100] | Loss: 3.6888 (Cls: 3.0863, Adv: 4.0172) | Train Acc: 0.7500 | Val Acc: 0.7297 | Val P/R/F1 (Macro): 0.6907/0.7037/0.6496 | LR: 0.000001
Epoch [70/100] | Loss: 3.7651 (Cls: 3.2025, Adv: 3.7510) | Train Acc: 0.7188 | Val Acc: 0.7027 | Val P/R/F1 (Macro): 0.6907/0.6852/0.6347 | LR: 0.000001
Epoch [71/100] | Loss: 3.5618 (Cls: 2.9938, Adv: 3.7866) | Train Acc: 0.7109 | Val Acc: 0.7027 | Val P/R/F1 (Macro): 0.6907/0.6852/0.6347 | LR: 0.000001
Epoch [72/100] | Loss: 3.4352 (Cls: 2.8549, Adv: 3.8682) | Train Acc: 0.7734 | Val Acc: 0.7027 | Val P/R/F1 (Macro): 0.6907/0.6852/0.6347 | LR: 0.000001
Epoch [73/100] | Loss: 3.5439 (Cls: 2.9645, Adv: 3.8628) | Train Acc: 0.7812 | Val Acc: 0.7027 | Val P/R/F1 (Macro): 0.6423/0.6852/0.6260 | LR: 0.000001
Epoch [74/100] | Loss: 3.5093 (Cls: 2.9131, Adv: 3.9749) | Train Acc: 0.7578 | Val Acc: 0.7027 | Val P/R/F1 (Macro): 0.6423/0.6852/0.6260 | LR: 0.000001
Epoch [75/100] | Loss: 3.5084 (Cls: 2.9280, Adv: 3.8691) | Train Acc: 0.7812 | Val Acc: 0.7027 | Val P/R/F1 (Macro): 0.6423/0.6852/0.6260 | LR: 0.000001
Epoch [76/100] | Loss: 3.4289 (Cls: 2.8545, Adv: 3.8290) | Train Acc: 0.7891 | Val Acc: 0.7297 | Val P/R/F1 (Macro): 0.6685/0.7037/0.6415 | LR: 0.000001
Epoch [77/100] | Loss: 3.6268 (Cls: 3.0453, Adv: 3.8767) | Train Acc: 0.7578 | Val Acc: 0.7297 | Val P/R/F1 (Macro): 0.6685/0.7037/0.6415 | LR: 0.000001
Epoch [78/100] | Loss: 3.6157 (Cls: 3.0456, Adv: 3.8007) | Train Acc: 0.7422 | Val Acc: 0.7027 | Val P/R/F1 (Macro): 0.6630/0.6852/0.6273 | LR: 0.000001
Epoch [79/100] | Loss: 3.4664 (Cls: 2.8670, Adv: 3.9958) | Train Acc: 0.7500 | Val Acc: 0.6757 | Val P/R/F1 (Macro): 0.6368/0.6667/0.6119 | LR: 0.000001
Epoch [80/100] | Loss: 3.6077 (Cls: 3.0570, Adv: 3.6716) | Train Acc: 0.7891 | Val Acc: 0.6757 | Val P/R/F1 (Macro): 0.6368/0.6667/0.6119 | LR: 0.000001
Epoch [81/100] | Loss: 3.2858 (Cls: 2.6747, Adv: 4.0741) | Train Acc: 0.8438 | Val Acc: 0.6757 | Val P/R/F1 (Macro): 0.6368/0.6667/0.6119 | LR: 0.000001
Epoch [82/100] | Loss: 3.5197 (Cls: 2.9287, Adv: 3.9397) | Train Acc: 0.7188 | Val Acc: 0.7027 | Val P/R/F1 (Macro): 0.6537/0.6806/0.6300 | LR: 0.000001
Epoch [83/100] | Loss: 3.3786 (Cls: 2.7958, Adv: 3.8855) | Train Acc: 0.7500 | Val Acc: 0.6757 | Val P/R/F1 (Macro): 0.6368/0.6667/0.6119 | LR: 0.000001
Epoch [84/100] | Loss: 3.7153 (Cls: 3.1144, Adv: 4.0055) | Train Acc: 0.7266 | Val Acc: 0.6757 | Val P/R/F1 (Macro): 0.6368/0.6667/0.6119 | LR: 0.000001
Epoch [85/100] | Loss: 3.9783 (Cls: 3.3798, Adv: 3.9896) | Train Acc: 0.7266 | Val Acc: 0.7027 | Val P/R/F1 (Macro): 0.6423/0.6852/0.6260 | LR: 0.000001
Epoch [86/100] | Loss: 3.3333 (Cls: 2.7246, Adv: 4.0579) | Train Acc: 0.8125 | Val Acc: 0.7027 | Val P/R/F1 (Macro): 0.6423/0.6852/0.6260 | LR: 0.000001
Epoch [87/100] | Loss: 3.4142 (Cls: 2.8210, Adv: 3.9550) | Train Acc: 0.7969 | Val Acc: 0.6757 | Val P/R/F1 (Macro): 0.6368/0.6667/0.6119 | LR: 0.000001
Epoch [88/100] | Loss: 3.4076 (Cls: 2.7914, Adv: 4.1078) | Train Acc: 0.7969 | Val Acc: 0.6757 | Val P/R/F1 (Macro): 0.6368/0.6667/0.6119 | LR: 0.000001
Epoch [89/100] | Loss: 3.3404 (Cls: 2.7066, Adv: 4.2250) | Train Acc: 0.8047 | Val Acc: 0.7027 | Val P/R/F1 (Macro): 0.6630/0.6852/0.6273 | LR: 0.000001
Epoch [90/100] | Loss: 3.5033 (Cls: 2.9178, Adv: 3.9035) | Train Acc: 0.7734 | Val Acc: 0.7297 | Val P/R/F1 (Macro): 0.6815/0.6991/0.6522 | LR: 0.000001
Epoch [91/100] | Loss: 3.3914 (Cls: 2.7669, Adv: 4.1638) | Train Acc: 0.7812 | Val Acc: 0.7027 | Val P/R/F1 (Macro): 0.6630/0.6852/0.6273 | LR: 0.000001
Epoch [92/100] | Loss: 3.7670 (Cls: 3.1402, Adv: 4.1787) | Train Acc: 0.7031 | Val Acc: 0.7027 | Val P/R/F1 (Macro): 0.6423/0.6852/0.6260 | LR: 0.000001
Epoch [93/100] | Loss: 3.7330 (Cls: 3.1013, Adv: 4.2118) | Train Acc: 0.7188 | Val Acc: 0.7027 | Val P/R/F1 (Macro): 0.6423/0.6852/0.6260 | LR: 0.000001
Epoch [94/100] | Loss: 3.3372 (Cls: 2.6982, Adv: 4.2598) | Train Acc: 0.8203 | Val Acc: 0.7027 | Val P/R/F1 (Macro): 0.6423/0.6852/0.6260 | LR: 0.000001
Epoch [95/100] | Loss: 3.3593 (Cls: 2.7273, Adv: 4.2134) | Train Acc: 0.7734 | Val Acc: 0.7297 | Val P/R/F1 (Macro): 0.6815/0.6991/0.6522 | LR: 0.000001
Epoch [96/100] | Loss: 3.4485 (Cls: 2.8140, Adv: 4.2300) | Train Acc: 0.7969 | Val Acc: 0.7297 | Val P/R/F1 (Macro): 0.6815/0.6991/0.6522 | LR: 0.000001
Epoch [97/100] | Loss: 3.4149 (Cls: 2.7975, Adv: 4.1159) | Train Acc: 0.7656 | Val Acc: 0.7027 | Val P/R/F1 (Macro): 0.6646/0.6852/0.6341 | LR: 0.000001
Epoch [98/100] | Loss: 3.4882 (Cls: 2.8504, Adv: 4.2521) | Train Acc: 0.7891 | Val Acc: 0.7027 | Val P/R/F1 (Macro): 0.6423/0.6852/0.6260 | LR: 0.000001
Epoch [99/100] | Loss: 3.5515 (Cls: 2.9040, Adv: 4.3170) | Train Acc: 0.8125 | Val Acc: 0.7027 | Val P/R/F1 (Macro): 0.6423/0.6852/0.6260 | LR: 0.000001
Epoch [100/100] | Loss: 3.2905 (Cls: 2.6237, Adv: 4.4455) | Train Acc: 0.8125 | Val Acc: 0.7027 | Val P/R/F1 (Macro): 0.6646/0.6852/0.6341 | LR: 0.000001

迭代 3 最佳指标:
  Accuracy: 0.7297
  Precision (Macro): 0.6683
  Recall (Macro): 0.6991
  F1 (Macro): 0.6493
  Precision (Micro): 0.7297
  Recall (Micro): 0.7297
  F1 (Micro): 0.7297
  Val class coverage: 9/14 (0.6429), samples=37

================================================================================
迭代 4/5
随机种子: 45
================================================================================
Training mode: unpaired target adaptation with controlled target-label loss (ratio=0.35, weight=0.50).
Fixed labeled target subset: 46/132 samples.
Epoch [1/100] | Loss: 7.4192 (Cls: 7.3605, Adv: 0.3912) | Train Acc: 0.1875 | Val Acc: 0.1622 | Val P/R/F1 (Macro): 0.0180/0.1111/0.0310 | LR: 0.000010
  >>> New Best Val Acc: 0.1622
Epoch [2/100] | Loss: 7.0441 (Cls: 7.0007, Adv: 0.2895) | Train Acc: 0.1328 | Val Acc: 0.0000 | Val P/R/F1 (Macro): 0.0000/0.0000/0.0000 | LR: 0.000010
Epoch [3/100] | Loss: 6.4199 (Cls: 6.3844, Adv: 0.2363) | Train Acc: 0.1562 | Val Acc: 0.0000 | Val P/R/F1 (Macro): 0.0000/0.0000/0.0000 | LR: 0.000010
Epoch [4/100] | Loss: 6.4141 (Cls: 6.3860, Adv: 0.1873) | Train Acc: 0.2344 | Val Acc: 0.0000 | Val P/R/F1 (Macro): 0.0000/0.0000/0.0000 | LR: 0.000010
Epoch [5/100] | Loss: 6.0740 (Cls: 6.0396, Adv: 0.2295) | Train Acc: 0.1562 | Val Acc: 0.0000 | Val P/R/F1 (Macro): 0.0000/0.0000/0.0000 | LR: 0.000010
Epoch [6/100] | Loss: 5.4683 (Cls: 5.4259, Adv: 0.2830) | Train Acc: 0.3203 | Val Acc: 0.2432 | Val P/R/F1 (Macro): 0.2750/0.1944/0.1654 | LR: 0.000010
  >>> New Best Val Acc: 0.2432
Epoch [7/100] | Loss: 5.6125 (Cls: 5.5561, Adv: 0.3762) | Train Acc: 0.2656 | Val Acc: 0.2973 | Val P/R/F1 (Macro): 0.2679/0.2500/0.2368 | LR: 0.000010
  >>> New Best Val Acc: 0.2973
Epoch [8/100] | Loss: 5.4954 (Cls: 5.4111, Adv: 0.5620) | Train Acc: 0.3203 | Val Acc: 0.3514 | Val P/R/F1 (Macro): 0.2994/0.3241/0.2910 | LR: 0.000010
  >>> New Best Val Acc: 0.3514
Epoch [9/100] | Loss: 5.3917 (Cls: 5.2911, Adv: 0.6709) | Train Acc: 0.3906 | Val Acc: 0.3243 | Val P/R/F1 (Macro): 0.2654/0.2870/0.2423 | LR: 0.000010
Epoch [10/100] | Loss: 5.4192 (Cls: 5.2782, Adv: 0.9399) | Train Acc: 0.2969 | Val Acc: 0.4595 | Val P/R/F1 (Macro): 0.3581/0.4907/0.4020 | LR: 0.000010
  >>> New Best Val Acc: 0.4595
Epoch [11/100] | Loss: 5.2248 (Cls: 5.0283, Adv: 1.3098) | Train Acc: 0.4141 | Val Acc: 0.3243 | Val P/R/F1 (Macro): 0.3796/0.3843/0.3042 | LR: 0.000010
Epoch [12/100] | Loss: 5.8503 (Cls: 5.6006, Adv: 1.6641) | Train Acc: 0.3203 | Val Acc: 0.2703 | Val P/R/F1 (Macro): 0.3274/0.3333/0.2407 | LR: 0.000010
Epoch [13/100] | Loss: 5.4289 (Cls: 5.1262, Adv: 2.0178) | Train Acc: 0.4531 | Val Acc: 0.2703 | Val P/R/F1 (Macro): 0.1897/0.2407/0.1843 | LR: 0.000010
Epoch [14/100] | Loss: 5.0950 (Cls: 4.8130, Adv: 1.8795) | Train Acc: 0.5312 | Val Acc: 0.4324 | Val P/R/F1 (Macro): 0.4505/0.4769/0.4036 | LR: 0.000010
Epoch [15/100] | Loss: 4.9622 (Cls: 4.6526, Adv: 2.0641) | Train Acc: 0.4531 | Val Acc: 0.5405 | Val P/R/F1 (Macro): 0.4987/0.5556/0.4826 | LR: 0.000010
  >>> New Best Val Acc: 0.5405
Epoch [16/100] | Loss: 5.1748 (Cls: 4.8674, Adv: 2.0491) | Train Acc: 0.4141 | Val Acc: 0.5135 | Val P/R/F1 (Macro): 0.6886/0.6296/0.5713 | LR: 0.000010
Epoch [17/100] | Loss: 5.0553 (Cls: 4.7054, Adv: 2.3323) | Train Acc: 0.4922 | Val Acc: 0.4054 | Val P/R/F1 (Macro): 0.3949/0.5556/0.4376 | LR: 0.000010
Epoch [18/100] | Loss: 5.1396 (Cls: 4.7572, Adv: 2.5500) | Train Acc: 0.5312 | Val Acc: 0.4324 | Val P/R/F1 (Macro): 0.4815/0.5741/0.5055 | LR: 0.000010
Epoch [19/100] | Loss: 4.5970 (Cls: 4.2041, Adv: 2.6199) | Train Acc: 0.5156 | Val Acc: 0.5135 | Val P/R/F1 (Macro): 0.5904/0.6157/0.5897 | LR: 0.000010
Epoch [20/100] | Loss: 4.9199 (Cls: 4.4922, Adv: 2.8514) | Train Acc: 0.5078 | Val Acc: 0.7027 | Val P/R/F1 (Macro): 0.7870/0.7593/0.7452 | LR: 0.000010
  >>> New Best Val Acc: 0.7027
Epoch [21/100] | Loss: 4.6388 (Cls: 4.1978, Adv: 2.9394) | Train Acc: 0.4609 | Val Acc: 0.5135 | Val P/R/F1 (Macro): 0.5774/0.6111/0.5303 | LR: 0.000010
Epoch [22/100] | Loss: 4.8943 (Cls: 4.4499, Adv: 2.9628) | Train Acc: 0.5234 | Val Acc: 0.4324 | Val P/R/F1 (Macro): 0.4527/0.5648/0.4741 | LR: 0.000010
Epoch [23/100] | Loss: 4.8543 (Cls: 4.4286, Adv: 2.8383) | Train Acc: 0.5703 | Val Acc: 0.5135 | Val P/R/F1 (Macro): 0.6574/0.6481/0.6166 | LR: 0.000010
Epoch [24/100] | Loss: 4.5065 (Cls: 4.0377, Adv: 3.1253) | Train Acc: 0.5938 | Val Acc: 0.5676 | Val P/R/F1 (Macro): 0.6938/0.6991/0.6474 | LR: 0.000010
Epoch [25/100] | Loss: 4.4006 (Cls: 3.9345, Adv: 3.1074) | Train Acc: 0.5938 | Val Acc: 0.4324 | Val P/R/F1 (Macro): 0.5527/0.5833/0.5071 | LR: 0.000010
Epoch [26/100] | Loss: 4.1844 (Cls: 3.7265, Adv: 3.0529) | Train Acc: 0.6016 | Val Acc: 0.4865 | Val P/R/F1 (Macro): 0.5219/0.5324/0.4608 | LR: 0.000010
Epoch [27/100] | Loss: 4.4313 (Cls: 3.9493, Adv: 3.2134) | Train Acc: 0.5938 | Val Acc: 0.7027 | Val P/R/F1 (Macro): 0.7136/0.7685/0.7171 | LR: 0.000010
Epoch [28/100] | Loss: 4.2890 (Cls: 3.8001, Adv: 3.2599) | Train Acc: 0.6172 | Val Acc: 0.6757 | Val P/R/F1 (Macro): 0.6183/0.6852/0.6147 | LR: 0.000010
Epoch [29/100] | Loss: 4.1415 (Cls: 3.6522, Adv: 3.2619) | Train Acc: 0.7031 | Val Acc: 0.5946 | Val P/R/F1 (Macro): 0.5645/0.6157/0.5551 | LR: 0.000010
Epoch [30/100] | Loss: 3.9963 (Cls: 3.4915, Adv: 3.3654) | Train Acc: 0.6641 | Val Acc: 0.5405 | Val P/R/F1 (Macro): 0.5852/0.5602/0.5190 | LR: 0.000010
Epoch [31/100] | Loss: 4.2157 (Cls: 3.7295, Adv: 3.2412) | Train Acc: 0.6719 | Val Acc: 0.5135 | Val P/R/F1 (Macro): 0.5497/0.5602/0.5041 | LR: 0.000005
Epoch [32/100] | Loss: 4.2389 (Cls: 3.7307, Adv: 3.3879) | Train Acc: 0.6797 | Val Acc: 0.5405 | Val P/R/F1 (Macro): 0.5571/0.5787/0.5252 | LR: 0.000005
Epoch [33/100] | Loss: 4.3691 (Cls: 3.8555, Adv: 3.4235) | Train Acc: 0.6016 | Val Acc: 0.5405 | Val P/R/F1 (Macro): 0.5593/0.5787/0.5282 | LR: 0.000005
Epoch [34/100] | Loss: 3.9348 (Cls: 3.4177, Adv: 3.4471) | Train Acc: 0.7266 | Val Acc: 0.6216 | Val P/R/F1 (Macro): 0.6290/0.6389/0.5955 | LR: 0.000005
Epoch [35/100] | Loss: 4.1490 (Cls: 3.5956, Adv: 3.6889) | Train Acc: 0.7188 | Val Acc: 0.7297 | Val P/R/F1 (Macro): 0.6794/0.7130/0.6651 | LR: 0.000005
  >>> New Best Val Acc: 0.7297
Epoch [36/100] | Loss: 4.0448 (Cls: 3.4851, Adv: 3.7310) | Train Acc: 0.6250 | Val Acc: 0.6216 | Val P/R/F1 (Macro): 0.6222/0.6343/0.5916 | LR: 0.000005
Epoch [37/100] | Loss: 4.2791 (Cls: 3.7289, Adv: 3.6677) | Train Acc: 0.6484 | Val Acc: 0.5135 | Val P/R/F1 (Macro): 0.5444/0.5463/0.4981 | LR: 0.000005
Epoch [38/100] | Loss: 3.9562 (Cls: 3.3976, Adv: 3.7234) | Train Acc: 0.6953 | Val Acc: 0.6486 | Val P/R/F1 (Macro): 0.6442/0.6435/0.6094 | LR: 0.000005
Epoch [39/100] | Loss: 3.9217 (Cls: 3.3823, Adv: 3.5956) | Train Acc: 0.7500 | Val Acc: 0.6757 | Val P/R/F1 (Macro): 0.6646/0.6713/0.6316 | LR: 0.000005
Epoch [40/100] | Loss: 4.3020 (Cls: 3.7650, Adv: 3.5801) | Train Acc: 0.5703 | Val Acc: 0.7027 | Val P/R/F1 (Macro): 0.7000/0.6852/0.6475 | LR: 0.000005
Epoch [41/100] | Loss: 4.2021 (Cls: 3.6277, Adv: 3.8291) | Train Acc: 0.7109 | Val Acc: 0.6486 | Val P/R/F1 (Macro): 0.6931/0.6574/0.6271 | LR: 0.000005
Epoch [42/100] | Loss: 4.0671 (Cls: 3.4831, Adv: 3.8934) | Train Acc: 0.6328 | Val Acc: 0.5135 | Val P/R/F1 (Macro): 0.5774/0.5602/0.5160 | LR: 0.000005
Epoch [43/100] | Loss: 3.7056 (Cls: 3.1518, Adv: 3.6915) | Train Acc: 0.7500 | Val Acc: 0.4865 | Val P/R/F1 (Macro): 0.5404/0.5324/0.4800 | LR: 0.000005
Epoch [44/100] | Loss: 4.0798 (Cls: 3.5287, Adv: 3.6743) | Train Acc: 0.6328 | Val Acc: 0.5676 | Val P/R/F1 (Macro): 0.5605/0.5880/0.5259 | LR: 0.000005
Epoch [45/100] | Loss: 3.9446 (Cls: 3.3669, Adv: 3.8509) | Train Acc: 0.6875 | Val Acc: 0.7027 | Val P/R/F1 (Macro): 0.6487/0.6991/0.6418 | LR: 0.000005
Epoch [46/100] | Loss: 3.8356 (Cls: 3.2827, Adv: 3.6858) | Train Acc: 0.7031 | Val Acc: 0.7568 | Val P/R/F1 (Macro): 0.6886/0.7269/0.6812 | LR: 0.000005
  >>> New Best Val Acc: 0.7568
Epoch [47/100] | Loss: 4.2644 (Cls: 3.6830, Adv: 3.8760) | Train Acc: 0.6406 | Val Acc: 0.7568 | Val P/R/F1 (Macro): 0.6886/0.7269/0.6812 | LR: 0.000005
Epoch [48/100] | Loss: 3.9249 (Cls: 3.3856, Adv: 3.5952) | Train Acc: 0.7422 | Val Acc: 0.6216 | Val P/R/F1 (Macro): 0.6346/0.6528/0.6056 | LR: 0.000005
Epoch [49/100] | Loss: 4.0068 (Cls: 3.4396, Adv: 3.7809) | Train Acc: 0.7422 | Val Acc: 0.6486 | Val P/R/F1 (Macro): 0.6593/0.6713/0.6178 | LR: 0.000005
Epoch [50/100] | Loss: 4.0456 (Cls: 3.4724, Adv: 3.8211) | Train Acc: 0.6641 | Val Acc: 0.6216 | Val P/R/F1 (Macro): 0.6444/0.6481/0.6019 | LR: 0.000005
Epoch [51/100] | Loss: 3.6753 (Cls: 3.0655, Adv: 4.0653) | Train Acc: 0.7578 | Val Acc: 0.7838 | Val P/R/F1 (Macro): 0.6979/0.7639/0.7069 | LR: 0.000005
  >>> New Best Val Acc: 0.7838
Epoch [52/100] | Loss: 3.5953 (Cls: 3.0286, Adv: 3.7774) | Train Acc: 0.7266 | Val Acc: 0.7568 | Val P/R/F1 (Macro): 0.6963/0.7500/0.6980 | LR: 0.000005
Epoch [53/100] | Loss: 3.8376 (Cls: 3.2621, Adv: 3.8368) | Train Acc: 0.6953 | Val Acc: 0.7297 | Val P/R/F1 (Macro): 0.6731/0.7176/0.6612 | LR: 0.000005
Epoch [54/100] | Loss: 3.8443 (Cls: 3.2930, Adv: 3.6753) | Train Acc: 0.7266 | Val Acc: 0.7297 | Val P/R/F1 (Macro): 0.6731/0.7176/0.6612 | LR: 0.000005
Epoch [55/100] | Loss: 3.6486 (Cls: 3.0600, Adv: 3.9238) | Train Acc: 0.7578 | Val Acc: 0.7297 | Val P/R/F1 (Macro): 0.8185/0.8056/0.7901 | LR: 0.000005
Epoch [56/100] | Loss: 3.7893 (Cls: 3.2027, Adv: 3.9109) | Train Acc: 0.6641 | Val Acc: 0.7568 | Val P/R/F1 (Macro): 0.8127/0.8009/0.7724 | LR: 0.000005
Epoch [57/100] | Loss: 3.8015 (Cls: 3.2029, Adv: 3.9902) | Train Acc: 0.7500 | Val Acc: 0.6757 | Val P/R/F1 (Macro): 0.6238/0.6435/0.6006 | LR: 0.000005
Epoch [58/100] | Loss: 3.6432 (Cls: 3.0230, Adv: 4.1347) | Train Acc: 0.7266 | Val Acc: 0.7568 | Val P/R/F1 (Macro): 0.6926/0.7315/0.6797 | LR: 0.000005
Epoch [59/100] | Loss: 3.4984 (Cls: 2.9185, Adv: 3.8661) | Train Acc: 0.7344 | Val Acc: 0.7568 | Val P/R/F1 (Macro): 0.7148/0.7315/0.6878 | LR: 0.000005
Epoch [60/100] | Loss: 3.6839 (Cls: 3.0671, Adv: 4.1119) | Train Acc: 0.7109 | Val Acc: 0.7838 | Val P/R/F1 (Macro): 0.7238/0.7639/0.7209 | LR: 0.000005
Epoch [61/100] | Loss: 3.9291 (Cls: 3.3261, Adv: 4.0202) | Train Acc: 0.7109 | Val Acc: 0.7838 | Val P/R/F1 (Macro): 0.7294/0.7639/0.7123 | LR: 0.000005
Epoch [62/100] | Loss: 3.6401 (Cls: 3.0369, Adv: 4.0212) | Train Acc: 0.6562 | Val Acc: 0.7568 | Val P/R/F1 (Macro): 0.6963/0.7500/0.6949 | LR: 0.000003
Epoch [63/100] | Loss: 3.5170 (Cls: 2.8874, Adv: 4.1976) | Train Acc: 0.7734 | Val Acc: 0.7297 | Val P/R/F1 (Macro): 0.6783/0.7361/0.6801 | LR: 0.000003
Epoch [64/100] | Loss: 3.6079 (Cls: 2.9877, Adv: 4.1347) | Train Acc: 0.7734 | Val Acc: 0.7838 | Val P/R/F1 (Macro): 0.7287/0.7685/0.7205 | LR: 0.000003
Epoch [65/100] | Loss: 3.3977 (Cls: 2.7754, Adv: 4.1489) | Train Acc: 0.7891 | Val Acc: 0.7838 | Val P/R/F1 (Macro): 0.7111/0.7639/0.7122 | LR: 0.000003
Epoch [66/100] | Loss: 3.4943 (Cls: 2.8852, Adv: 4.0613) | Train Acc: 0.7969 | Val Acc: 0.7838 | Val P/R/F1 (Macro): 0.7148/0.7454/0.7018 | LR: 0.000003
Epoch [67/100] | Loss: 3.1841 (Cls: 2.5676, Adv: 4.1098) | Train Acc: 0.8203 | Val Acc: 0.8108 | Val P/R/F1 (Macro): 0.7148/0.7824/0.7240 | LR: 0.000003
  >>> New Best Val Acc: 0.8108
Epoch [68/100] | Loss: 3.4168 (Cls: 2.7831, Adv: 4.2246) | Train Acc: 0.8125 | Val Acc: 0.7568 | Val P/R/F1 (Macro): 0.6824/0.7546/0.6869 | LR: 0.000003
Epoch [69/100] | Loss: 3.4703 (Cls: 2.8342, Adv: 4.2405) | Train Acc: 0.7578 | Val Acc: 0.7297 | Val P/R/F1 (Macro): 0.6824/0.7176/0.6647 | LR: 0.000003
Epoch [70/100] | Loss: 3.5127 (Cls: 2.8650, Adv: 4.3178) | Train Acc: 0.7734 | Val Acc: 0.7568 | Val P/R/F1 (Macro): 0.6824/0.7546/0.6869 | LR: 0.000003
Epoch [71/100] | Loss: 3.4558 (Cls: 2.8254, Adv: 4.2025) | Train Acc: 0.7812 | Val Acc: 0.8108 | Val P/R/F1 (Macro): 0.7148/0.7824/0.7240 | LR: 0.000003
Epoch [72/100] | Loss: 3.2311 (Cls: 2.6167, Adv: 4.0962) | Train Acc: 0.7969 | Val Acc: 0.8108 | Val P/R/F1 (Macro): 0.7148/0.7824/0.7240 | LR: 0.000003
Epoch [73/100] | Loss: 3.8305 (Cls: 3.1956, Adv: 4.2323) | Train Acc: 0.6719 | Val Acc: 0.7568 | Val P/R/F1 (Macro): 0.7164/0.7315/0.6921 | LR: 0.000003
Epoch [74/100] | Loss: 3.4441 (Cls: 2.7994, Adv: 4.2979) | Train Acc: 0.8281 | Val Acc: 0.7838 | Val P/R/F1 (Macro): 0.7148/0.7454/0.7018 | LR: 0.000003
Epoch [75/100] | Loss: 3.3064 (Cls: 2.6561, Adv: 4.3351) | Train Acc: 0.8047 | Val Acc: 0.7568 | Val P/R/F1 (Macro): 0.6979/0.7269/0.6847 | LR: 0.000003
Epoch [76/100] | Loss: 3.4478 (Cls: 2.8367, Adv: 4.0738) | Train Acc: 0.8125 | Val Acc: 0.7568 | Val P/R/F1 (Macro): 0.6979/0.7269/0.6847 | LR: 0.000003
Epoch [77/100] | Loss: 3.4774 (Cls: 2.8497, Adv: 4.1845) | Train Acc: 0.7344 | Val Acc: 0.7568 | Val P/R/F1 (Macro): 0.6979/0.7269/0.6847 | LR: 0.000003
Epoch [78/100] | Loss: 3.5280 (Cls: 2.8718, Adv: 4.3748) | Train Acc: 0.8047 | Val Acc: 0.7297 | Val P/R/F1 (Macro): 0.6824/0.7176/0.6647 | LR: 0.000001
Epoch [79/100] | Loss: 3.6431 (Cls: 2.9984, Adv: 4.2979) | Train Acc: 0.7188 | Val Acc: 0.7297 | Val P/R/F1 (Macro): 0.6824/0.7176/0.6647 | LR: 0.000001
Epoch [80/100] | Loss: 3.3294 (Cls: 2.6844, Adv: 4.3001) | Train Acc: 0.8047 | Val Acc: 0.8108 | Val P/R/F1 (Macro): 0.7148/0.7824/0.7240 | LR: 0.000001
Epoch [81/100] | Loss: 3.4640 (Cls: 2.8219, Adv: 4.2806) | Train Acc: 0.7500 | Val Acc: 0.7838 | Val P/R/F1 (Macro): 0.6979/0.7685/0.7059 | LR: 0.000001
Epoch [82/100] | Loss: 3.5243 (Cls: 2.8528, Adv: 4.4769) | Train Acc: 0.7891 | Val Acc: 0.8108 | Val P/R/F1 (Macro): 0.7148/0.7824/0.7240 | LR: 0.000001
Epoch [83/100] | Loss: 3.3180 (Cls: 2.6856, Adv: 4.2163) | Train Acc: 0.7734 | Val Acc: 0.7838 | Val P/R/F1 (Macro): 0.6979/0.7639/0.7069 | LR: 0.000001
Epoch [84/100] | Loss: 3.7559 (Cls: 3.0858, Adv: 4.4672) | Train Acc: 0.6797 | Val Acc: 0.7568 | Val P/R/F1 (Macro): 0.6979/0.7269/0.6847 | LR: 0.000001
Epoch [85/100] | Loss: 3.5132 (Cls: 2.8448, Adv: 4.4555) | Train Acc: 0.7891 | Val Acc: 0.7838 | Val P/R/F1 (Macro): 0.7148/0.7454/0.7018 | LR: 0.000001
Epoch [86/100] | Loss: 3.4974 (Cls: 2.8288, Adv: 4.4570) | Train Acc: 0.7656 | Val Acc: 0.8108 | Val P/R/F1 (Macro): 0.7148/0.7824/0.7240 | LR: 0.000001
Epoch [87/100] | Loss: 3.4071 (Cls: 2.7721, Adv: 4.2336) | Train Acc: 0.8047 | Val Acc: 0.7838 | Val P/R/F1 (Macro): 0.7148/0.7454/0.7018 | LR: 0.000001
Epoch [88/100] | Loss: 3.4467 (Cls: 2.8080, Adv: 4.2576) | Train Acc: 0.8125 | Val Acc: 0.7838 | Val P/R/F1 (Macro): 0.7148/0.7454/0.7018 | LR: 0.000001
Epoch [89/100] | Loss: 3.3283 (Cls: 2.6874, Adv: 4.2728) | Train Acc: 0.7969 | Val Acc: 0.7297 | Val P/R/F1 (Macro): 0.6824/0.7176/0.6647 | LR: 0.000001
Epoch [90/100] | Loss: 3.1764 (Cls: 2.5231, Adv: 4.3550) | Train Acc: 0.8516 | Val Acc: 0.7568 | Val P/R/F1 (Macro): 0.6979/0.7315/0.6837 | LR: 0.000001
Epoch [91/100] | Loss: 3.4889 (Cls: 2.8314, Adv: 4.3832) | Train Acc: 0.7734 | Val Acc: 0.7838 | Val P/R/F1 (Macro): 0.7148/0.7454/0.7018 | LR: 0.000001
Epoch [92/100] | Loss: 3.5513 (Cls: 2.9048, Adv: 4.3105) | Train Acc: 0.7578 | Val Acc: 0.7838 | Val P/R/F1 (Macro): 0.7148/0.7454/0.7018 | LR: 0.000001
Epoch [93/100] | Loss: 3.2286 (Cls: 2.5782, Adv: 4.3356) | Train Acc: 0.8359 | Val Acc: 0.7838 | Val P/R/F1 (Macro): 0.7148/0.7454/0.7018 | LR: 0.000001
Epoch [94/100] | Loss: 3.1878 (Cls: 2.5475, Adv: 4.2687) | Train Acc: 0.8203 | Val Acc: 0.7838 | Val P/R/F1 (Macro): 0.6979/0.7685/0.7059 | LR: 0.000001
Epoch [95/100] | Loss: 3.1748 (Cls: 2.5140, Adv: 4.4054) | Train Acc: 0.8125 | Val Acc: 0.8108 | Val P/R/F1 (Macro): 0.7148/0.7824/0.7240 | LR: 0.000001
Epoch [96/100] | Loss: 3.3473 (Cls: 2.7236, Adv: 4.1577) | Train Acc: 0.7422 | Val Acc: 0.8108 | Val P/R/F1 (Macro): 0.7148/0.7824/0.7240 | LR: 0.000001
Epoch [97/100] | Loss: 3.6023 (Cls: 2.9433, Adv: 4.3934) | Train Acc: 0.7500 | Val Acc: 0.8108 | Val P/R/F1 (Macro): 0.7148/0.7824/0.7240 | LR: 0.000001
Epoch [98/100] | Loss: 3.4592 (Cls: 2.7972, Adv: 4.4133) | Train Acc: 0.7578 | Val Acc: 0.8108 | Val P/R/F1 (Macro): 0.7148/0.7824/0.7240 | LR: 0.000001
Epoch [99/100] | Loss: 3.3510 (Cls: 2.6698, Adv: 4.5415) | Train Acc: 0.7891 | Val Acc: 0.8108 | Val P/R/F1 (Macro): 0.7148/0.7824/0.7240 | LR: 0.000001
Epoch [100/100] | Loss: 3.4238 (Cls: 2.7856, Adv: 4.2548) | Train Acc: 0.7734 | Val Acc: 0.7568 | Val P/R/F1 (Macro): 0.6824/0.7546/0.6869 | LR: 0.000001

迭代 4 最佳指标:
  Accuracy: 0.8108
  Precision (Macro): 0.7148
  Recall (Macro): 0.7824
  F1 (Macro): 0.7240
  Precision (Micro): 0.8108
  Recall (Micro): 0.8108
  F1 (Micro): 0.8108
  Val class coverage: 9/14 (0.6429), samples=37

================================================================================
迭代 5/5
随机种子: 46
================================================================================
Training mode: unpaired target adaptation with controlled target-label loss (ratio=0.35, weight=0.50).
Fixed labeled target subset: 46/132 samples.
Epoch [1/100] | Loss: 7.3316 (Cls: 7.2727, Adv: 0.3931) | Train Acc: 0.0547 | Val Acc: 0.1081 | Val P/R/F1 (Macro): 0.0120/0.1111/0.0217 | LR: 0.000010
  >>> New Best Val Acc: 0.1081
Epoch [2/100] | Loss: 6.4628 (Cls: 6.4253, Adv: 0.2503) | Train Acc: 0.1562 | Val Acc: 0.0811 | Val P/R/F1 (Macro): 0.0175/0.0833/0.0290 | LR: 0.000010
Epoch [3/100] | Loss: 6.3695 (Cls: 6.3245, Adv: 0.3000) | Train Acc: 0.1172 | Val Acc: 0.0000 | Val P/R/F1 (Macro): 0.0000/0.0000/0.0000 | LR: 0.000010
Epoch [4/100] | Loss: 6.2235 (Cls: 6.1739, Adv: 0.3310) | Train Acc: 0.2266 | Val Acc: 0.0270 | Val P/R/F1 (Macro): 0.1111/0.0278/0.0444 | LR: 0.000010
Epoch [5/100] | Loss: 5.7587 (Cls: 5.7154, Adv: 0.2883) | Train Acc: 0.2812 | Val Acc: 0.1081 | Val P/R/F1 (Macro): 0.0153/0.1111/0.0269 | LR: 0.000010
Epoch [6/100] | Loss: 6.1851 (Cls: 6.1291, Adv: 0.3738) | Train Acc: 0.2344 | Val Acc: 0.1081 | Val P/R/F1 (Macro): 0.0202/0.1111/0.0342 | LR: 0.000010
Epoch [7/100] | Loss: 5.5220 (Cls: 5.4511, Adv: 0.4729) | Train Acc: 0.2578 | Val Acc: 0.2432 | Val P/R/F1 (Macro): 0.2903/0.2176/0.2117 | LR: 0.000010
  >>> New Best Val Acc: 0.2432
Epoch [8/100] | Loss: 5.7685 (Cls: 5.6482, Adv: 0.8016) | Train Acc: 0.3203 | Val Acc: 0.3243 | Val P/R/F1 (Macro): 0.2935/0.2778/0.2732 | LR: 0.000010
  >>> New Best Val Acc: 0.3243
Epoch [9/100] | Loss: 5.6614 (Cls: 5.4969, Adv: 1.0967) | Train Acc: 0.3359 | Val Acc: 0.3784 | Val P/R/F1 (Macro): 0.3889/0.3426/0.3256 | LR: 0.000010
  >>> New Best Val Acc: 0.3784
Epoch [10/100] | Loss: 5.4124 (Cls: 5.2169, Adv: 1.3033) | Train Acc: 0.4609 | Val Acc: 0.3784 | Val P/R/F1 (Macro): 0.3492/0.3241/0.2679 | LR: 0.000010
Epoch [11/100] | Loss: 5.5310 (Cls: 5.2864, Adv: 1.6311) | Train Acc: 0.3438 | Val Acc: 0.5405 | Val P/R/F1 (Macro): 0.5266/0.5463/0.4867 | LR: 0.000010
  >>> New Best Val Acc: 0.5405
Epoch [12/100] | Loss: 5.4854 (Cls: 5.2050, Adv: 1.8696) | Train Acc: 0.4062 | Val Acc: 0.4324 | Val P/R/F1 (Macro): 0.4185/0.4769/0.4280 | LR: 0.000010
Epoch [13/100] | Loss: 5.2442 (Cls: 4.9175, Adv: 2.1777) | Train Acc: 0.4844 | Val Acc: 0.5135 | Val P/R/F1 (Macro): 0.4910/0.5185/0.4940 | LR: 0.000010
Epoch [14/100] | Loss: 5.4199 (Cls: 5.0359, Adv: 2.5601) | Train Acc: 0.4297 | Val Acc: 0.5676 | Val P/R/F1 (Macro): 0.7458/0.6620/0.6501 | LR: 0.000010
  >>> New Best Val Acc: 0.5676
Epoch [15/100] | Loss: 5.2520 (Cls: 4.8533, Adv: 2.6581) | Train Acc: 0.4922 | Val Acc: 0.4865 | Val P/R/F1 (Macro): 0.6991/0.5926/0.5556 | LR: 0.000010
Epoch [16/100] | Loss: 5.0101 (Cls: 4.5880, Adv: 2.8143) | Train Acc: 0.5156 | Val Acc: 0.5135 | Val P/R/F1 (Macro): 0.7028/0.6065/0.5752 | LR: 0.000010
Epoch [17/100] | Loss: 5.2639 (Cls: 4.8286, Adv: 2.9023) | Train Acc: 0.4453 | Val Acc: 0.6757 | Val P/R/F1 (Macro): 0.8074/0.7500/0.7278 | LR: 0.000010
  >>> New Best Val Acc: 0.6757
Epoch [18/100] | Loss: 5.2293 (Cls: 4.7646, Adv: 3.0980) | Train Acc: 0.5000 | Val Acc: 0.5135 | Val P/R/F1 (Macro): 0.5568/0.4444/0.4133 | LR: 0.000010
Epoch [19/100] | Loss: 5.0726 (Cls: 4.5509, Adv: 3.4777) | Train Acc: 0.5859 | Val Acc: 0.5676 | Val P/R/F1 (Macro): 0.6852/0.5833/0.5612 | LR: 0.000010
Epoch [20/100] | Loss: 4.6353 (Cls: 4.1361, Adv: 3.3276) | Train Acc: 0.5547 | Val Acc: 0.6216 | Val P/R/F1 (Macro): 0.6700/0.5972/0.5873 | LR: 0.000010
Epoch [21/100] | Loss: 4.7038 (Cls: 4.2419, Adv: 3.0792) | Train Acc: 0.5781 | Val Acc: 0.6757 | Val P/R/F1 (Macro): 0.6963/0.6667/0.6389 | LR: 0.000010
Epoch [22/100] | Loss: 4.8241 (Cls: 4.3242, Adv: 3.3326) | Train Acc: 0.5234 | Val Acc: 0.6216 | Val P/R/F1 (Macro): 0.6407/0.6250/0.5625 | LR: 0.000010
Epoch [23/100] | Loss: 4.6298 (Cls: 4.0904, Adv: 3.5960) | Train Acc: 0.6484 | Val Acc: 0.6216 | Val P/R/F1 (Macro): 0.6407/0.6250/0.5625 | LR: 0.000010
Epoch [24/100] | Loss: 4.6480 (Cls: 4.1085, Adv: 3.5969) | Train Acc: 0.6016 | Val Acc: 0.5946 | Val P/R/F1 (Macro): 0.5815/0.6111/0.5315 | LR: 0.000010
Epoch [25/100] | Loss: 4.2896 (Cls: 3.7366, Adv: 3.6862) | Train Acc: 0.6562 | Val Acc: 0.6486 | Val P/R/F1 (Macro): 0.6593/0.6528/0.5921 | LR: 0.000010
Epoch [26/100] | Loss: 4.6287 (Cls: 4.0427, Adv: 3.9070) | Train Acc: 0.5625 | Val Acc: 0.6757 | Val P/R/F1 (Macro): 0.6963/0.6667/0.6389 | LR: 0.000010
Epoch [27/100] | Loss: 4.1676 (Cls: 3.6360, Adv: 3.5444) | Train Acc: 0.6406 | Val Acc: 0.5676 | Val P/R/F1 (Macro): 0.6481/0.5787/0.5509 | LR: 0.000010
Epoch [28/100] | Loss: 4.4084 (Cls: 3.8034, Adv: 4.0334) | Train Acc: 0.7109 | Val Acc: 0.6216 | Val P/R/F1 (Macro): 0.6902/0.6157/0.5872 | LR: 0.000005
Epoch [29/100] | Loss: 4.3415 (Cls: 3.7805, Adv: 3.7405) | Train Acc: 0.5781 | Val Acc: 0.6216 | Val P/R/F1 (Macro): 0.6902/0.6157/0.5872 | LR: 0.000005
Epoch [30/100] | Loss: 4.2801 (Cls: 3.7106, Adv: 3.7967) | Train Acc: 0.6797 | Val Acc: 0.5946 | Val P/R/F1 (Macro): 0.6185/0.5880/0.5390 | LR: 0.000005
Epoch [31/100] | Loss: 4.0534 (Cls: 3.4555, Adv: 3.9860) | Train Acc: 0.6719 | Val Acc: 0.6486 | Val P/R/F1 (Macro): 0.6728/0.6481/0.6111 | LR: 0.000005
Epoch [32/100] | Loss: 4.1187 (Cls: 3.5247, Adv: 3.9599) | Train Acc: 0.6953 | Val Acc: 0.6486 | Val P/R/F1 (Macro): 0.6630/0.6528/0.6090 | LR: 0.000005
Epoch [33/100] | Loss: 4.4279 (Cls: 3.8100, Adv: 4.1187) | Train Acc: 0.6250 | Val Acc: 0.5946 | Val P/R/F1 (Macro): 0.6556/0.6019/0.5451 | LR: 0.000005
Epoch [34/100] | Loss: 4.3553 (Cls: 3.7478, Adv: 4.0503) | Train Acc: 0.6328 | Val Acc: 0.5946 | Val P/R/F1 (Macro): 0.6741/0.6019/0.5500 | LR: 0.000005
Epoch [35/100] | Loss: 3.8517 (Cls: 3.2649, Adv: 3.9121) | Train Acc: 0.6953 | Val Acc: 0.6216 | Val P/R/F1 (Macro): 0.6963/0.6157/0.5785 | LR: 0.000005
Epoch [36/100] | Loss: 4.7408 (Cls: 4.0987, Adv: 4.2804) | Train Acc: 0.6250 | Val Acc: 0.7027 | Val P/R/F1 (Macro): 0.7487/0.6667/0.6548 | LR: 0.000005
  >>> New Best Val Acc: 0.7027
Epoch [37/100] | Loss: 3.6125 (Cls: 2.9853, Adv: 4.1815) | Train Acc: 0.8203 | Val Acc: 0.6486 | Val P/R/F1 (Macro): 0.6802/0.6620/0.6149 | LR: 0.000005
Epoch [38/100] | Loss: 3.9701 (Cls: 3.3553, Adv: 4.0985) | Train Acc: 0.7109 | Val Acc: 0.6486 | Val P/R/F1 (Macro): 0.6556/0.6528/0.5988 | LR: 0.000005
Epoch [39/100] | Loss: 4.0574 (Cls: 3.4227, Adv: 4.2311) | Train Acc: 0.7500 | Val Acc: 0.6486 | Val P/R/F1 (Macro): 0.6593/0.6528/0.5970 | LR: 0.000005
Epoch [40/100] | Loss: 4.0215 (Cls: 3.3697, Adv: 4.3456) | Train Acc: 0.6719 | Val Acc: 0.6216 | Val P/R/F1 (Macro): 0.6259/0.6157/0.5514 | LR: 0.000005
Epoch [41/100] | Loss: 4.0368 (Cls: 3.4262, Adv: 4.0710) | Train Acc: 0.6719 | Val Acc: 0.6216 | Val P/R/F1 (Macro): 0.6694/0.6250/0.5684 | LR: 0.000005
Epoch [42/100] | Loss: 4.0558 (Cls: 3.3972, Adv: 4.3904) | Train Acc: 0.7109 | Val Acc: 0.6757 | Val P/R/F1 (Macro): 0.7000/0.6574/0.6249 | LR: 0.000005
Epoch [43/100] | Loss: 3.7451 (Cls: 3.1215, Adv: 4.1575) | Train Acc: 0.7500 | Val Acc: 0.6757 | Val P/R/F1 (Macro): 0.6676/0.6759/0.6368 | LR: 0.000005
Epoch [44/100] | Loss: 3.6334 (Cls: 2.9877, Adv: 4.3045) | Train Acc: 0.7656 | Val Acc: 0.7027 | Val P/R/F1 (Macro): 0.6907/0.6667/0.6378 | LR: 0.000005
Epoch [45/100] | Loss: 4.0839 (Cls: 3.4532, Adv: 4.2047) | Train Acc: 0.6406 | Val Acc: 0.6216 | Val P/R/F1 (Macro): 0.6741/0.6019/0.5840 | LR: 0.000005
Epoch [46/100] | Loss: 3.9761 (Cls: 3.3243, Adv: 4.3453) | Train Acc: 0.7422 | Val Acc: 0.6216 | Val P/R/F1 (Macro): 0.6741/0.6157/0.5797 | LR: 0.000005
Epoch [47/100] | Loss: 3.6161 (Cls: 2.9683, Adv: 4.3186) | Train Acc: 0.8203 | Val Acc: 0.6486 | Val P/R/F1 (Macro): 0.7296/0.6435/0.6120 | LR: 0.000003
Epoch [48/100] | Loss: 4.0636 (Cls: 3.3870, Adv: 4.5105) | Train Acc: 0.6641 | Val Acc: 0.6757 | Val P/R/F1 (Macro): 0.7296/0.6806/0.6454 | LR: 0.000003
Epoch [49/100] | Loss: 3.9621 (Cls: 3.3277, Adv: 4.2298) | Train Acc: 0.6641 | Val Acc: 0.6757 | Val P/R/F1 (Macro): 0.6926/0.6806/0.6392 | LR: 0.000003
Epoch [50/100] | Loss: 3.9773 (Cls: 3.3487, Adv: 4.1909) | Train Acc: 0.6562 | Val Acc: 0.6486 | Val P/R/F1 (Macro): 0.6963/0.6528/0.6249 | LR: 0.000003
Epoch [51/100] | Loss: 3.8701 (Cls: 3.1947, Adv: 4.5032) | Train Acc: 0.7656 | Val Acc: 0.6757 | Val P/R/F1 (Macro): 0.7370/0.6574/0.6310 | LR: 0.000003
Epoch [52/100] | Loss: 3.7144 (Cls: 3.0415, Adv: 4.4861) | Train Acc: 0.7812 | Val Acc: 0.7027 | Val P/R/F1 (Macro): 0.7370/0.6944/0.6644 | LR: 0.000003
Epoch [53/100] | Loss: 3.7340 (Cls: 3.0656, Adv: 4.4559) | Train Acc: 0.7734 | Val Acc: 0.7027 | Val P/R/F1 (Macro): 0.7370/0.6944/0.6644 | LR: 0.000003
Epoch [54/100] | Loss: 3.4040 (Cls: 2.7001, Adv: 4.6922) | Train Acc: 0.8047 | Val Acc: 0.6757 | Val P/R/F1 (Macro): 0.7296/0.6806/0.6454 | LR: 0.000003
Epoch [55/100] | Loss: 3.9104 (Cls: 3.2449, Adv: 4.4368) | Train Acc: 0.6953 | Val Acc: 0.6757 | Val P/R/F1 (Macro): 0.7296/0.6806/0.6454 | LR: 0.000003
Epoch [56/100] | Loss: 3.9742 (Cls: 3.2752, Adv: 4.6604) | Train Acc: 0.7188 | Val Acc: 0.6757 | Val P/R/F1 (Macro): 0.7093/0.6667/0.6432 | LR: 0.000003
Epoch [57/100] | Loss: 3.6221 (Cls: 2.9498, Adv: 4.4822) | Train Acc: 0.7656 | Val Acc: 0.6486 | Val P/R/F1 (Macro): 0.7093/0.6296/0.6099 | LR: 0.000003
Epoch [58/100] | Loss: 3.5801 (Cls: 2.8986, Adv: 4.5433) | Train Acc: 0.7109 | Val Acc: 0.6486 | Val P/R/F1 (Macro): 0.7093/0.6296/0.6099 | LR: 0.000001
Epoch [59/100] | Loss: 3.5950 (Cls: 2.9408, Adv: 4.3617) | Train Acc: 0.7969 | Val Acc: 0.6486 | Val P/R/F1 (Macro): 0.7093/0.6296/0.6099 | LR: 0.000001
Epoch [60/100] | Loss: 3.4241 (Cls: 2.7656, Adv: 4.3899) | Train Acc: 0.8047 | Val Acc: 0.6486 | Val P/R/F1 (Macro): 0.7093/0.6296/0.6099 | LR: 0.000001
Epoch [61/100] | Loss: 3.6483 (Cls: 2.9828, Adv: 4.4369) | Train Acc: 0.7969 | Val Acc: 0.6486 | Val P/R/F1 (Macro): 0.7093/0.6296/0.6099 | LR: 0.000001
Epoch [62/100] | Loss: 3.6179 (Cls: 2.9141, Adv: 4.6923) | Train Acc: 0.7656 | Val Acc: 0.6486 | Val P/R/F1 (Macro): 0.7093/0.6296/0.6099 | LR: 0.000001
Epoch [63/100] | Loss: 3.5625 (Cls: 2.8592, Adv: 4.6889) | Train Acc: 0.7812 | Val Acc: 0.6486 | Val P/R/F1 (Macro): 0.7093/0.6296/0.6099 | LR: 0.000001
Epoch [64/100] | Loss: 3.4894 (Cls: 2.8188, Adv: 4.4706) | Train Acc: 0.8281 | Val Acc: 0.7027 | Val P/R/F1 (Macro): 0.7370/0.6944/0.6644 | LR: 0.000001
Epoch [65/100] | Loss: 3.5097 (Cls: 2.8224, Adv: 4.5817) | Train Acc: 0.8594 | Val Acc: 0.7027 | Val P/R/F1 (Macro): 0.7370/0.6944/0.6644 | LR: 0.000001
Epoch [66/100] | Loss: 3.5326 (Cls: 2.8361, Adv: 4.6428) | Train Acc: 0.7656 | Val Acc: 0.6757 | Val P/R/F1 (Macro): 0.7296/0.6806/0.6454 | LR: 0.000001
Epoch [67/100] | Loss: 3.9321 (Cls: 3.2377, Adv: 4.6291) | Train Acc: 0.7109 | Val Acc: 0.7027 | Val P/R/F1 (Macro): 0.7370/0.6944/0.6644 | LR: 0.000001
Epoch [68/100] | Loss: 3.5514 (Cls: 2.8323, Adv: 4.7944) | Train Acc: 0.7500 | Val Acc: 0.7027 | Val P/R/F1 (Macro): 0.7370/0.6944/0.6644 | LR: 0.000001
Epoch [69/100] | Loss: 3.5799 (Cls: 2.8639, Adv: 4.7730) | Train Acc: 0.8047 | Val Acc: 0.6757 | Val P/R/F1 (Macro): 0.7370/0.6574/0.6310 | LR: 0.000001
Epoch [70/100] | Loss: 3.4566 (Cls: 2.7734, Adv: 4.5544) | Train Acc: 0.7969 | Val Acc: 0.6757 | Val P/R/F1 (Macro): 0.7370/0.6574/0.6310 | LR: 0.000001
Epoch [71/100] | Loss: 3.5879 (Cls: 2.8703, Adv: 4.7839) | Train Acc: 0.8281 | Val Acc: 0.6757 | Val P/R/F1 (Macro): 0.7370/0.6574/0.6310 | LR: 0.000001
Epoch [72/100] | Loss: 3.9961 (Cls: 3.2583, Adv: 4.9186) | Train Acc: 0.6953 | Val Acc: 0.6757 | Val P/R/F1 (Macro): 0.7370/0.6574/0.6310 | LR: 0.000001
Epoch [73/100] | Loss: 3.4698 (Cls: 2.7677, Adv: 4.6805) | Train Acc: 0.7734 | Val Acc: 0.6757 | Val P/R/F1 (Macro): 0.7370/0.6574/0.6310 | LR: 0.000001
Epoch [74/100] | Loss: 3.6800 (Cls: 2.9885, Adv: 4.6100) | Train Acc: 0.7578 | Val Acc: 0.7297 | Val P/R/F1 (Macro): 0.7463/0.7083/0.6821 | LR: 0.000001
  >>> New Best Val Acc: 0.7297
Epoch [75/100] | Loss: 3.6579 (Cls: 2.9568, Adv: 4.6740) | Train Acc: 0.7656 | Val Acc: 0.7027 | Val P/R/F1 (Macro): 0.7093/0.6713/0.6426 | LR: 0.000001
Epoch [76/100] | Loss: 3.8508 (Cls: 3.1593, Adv: 4.6097) | Train Acc: 0.6953 | Val Acc: 0.7027 | Val P/R/F1 (Macro): 0.7093/0.6713/0.6426 | LR: 0.000001
Epoch [77/100] | Loss: 3.3089 (Cls: 2.6022, Adv: 4.7118) | Train Acc: 0.7969 | Val Acc: 0.6757 | Val P/R/F1 (Macro): 0.7370/0.6574/0.6310 | LR: 0.000001
Epoch [78/100] | Loss: 3.5439 (Cls: 2.8036, Adv: 4.9355) | Train Acc: 0.8203 | Val Acc: 0.7027 | Val P/R/F1 (Macro): 0.7463/0.6713/0.6488 | LR: 0.000001
Epoch [79/100] | Loss: 3.3109 (Cls: 2.6105, Adv: 4.6689) | Train Acc: 0.8516 | Val Acc: 0.6486 | Val P/R/F1 (Macro): 0.6722/0.6296/0.6037 | LR: 0.000001
Epoch [80/100] | Loss: 3.3266 (Cls: 2.6499, Adv: 4.5112) | Train Acc: 0.8203 | Val Acc: 0.6486 | Val P/R/F1 (Macro): 0.6722/0.6296/0.6037 | LR: 0.000001
Epoch [81/100] | Loss: 3.3577 (Cls: 2.6443, Adv: 4.7560) | Train Acc: 0.8125 | Val Acc: 0.6486 | Val P/R/F1 (Macro): 0.6722/0.6296/0.6037 | LR: 0.000001
Epoch [82/100] | Loss: 3.5786 (Cls: 2.8503, Adv: 4.8553) | Train Acc: 0.7812 | Val Acc: 0.6486 | Val P/R/F1 (Macro): 0.6722/0.6296/0.6037 | LR: 0.000001
Epoch [83/100] | Loss: 3.5452 (Cls: 2.8285, Adv: 4.7783) | Train Acc: 0.7344 | Val Acc: 0.7027 | Val P/R/F1 (Macro): 0.6852/0.6806/0.6544 | LR: 0.000001
Epoch [84/100] | Loss: 3.6199 (Cls: 2.9165, Adv: 4.6894) | Train Acc: 0.7031 | Val Acc: 0.7027 | Val P/R/F1 (Macro): 0.6852/0.6806/0.6544 | LR: 0.000001
Epoch [85/100] | Loss: 3.4640 (Cls: 2.7802, Adv: 4.5588) | Train Acc: 0.8125 | Val Acc: 0.7027 | Val P/R/F1 (Macro): 0.6852/0.6806/0.6544 | LR: 0.000001
Epoch [86/100] | Loss: 3.7962 (Cls: 3.0753, Adv: 4.8064) | Train Acc: 0.7500 | Val Acc: 0.6757 | Val P/R/F1 (Macro): 0.6722/0.6667/0.6371 | LR: 0.000001
Epoch [87/100] | Loss: 3.6006 (Cls: 2.8916, Adv: 4.7266) | Train Acc: 0.8047 | Val Acc: 0.7027 | Val P/R/F1 (Macro): 0.7000/0.6944/0.6582 | LR: 0.000001
Epoch [88/100] | Loss: 3.6865 (Cls: 2.9638, Adv: 4.8182) | Train Acc: 0.7578 | Val Acc: 0.7027 | Val P/R/F1 (Macro): 0.7000/0.6944/0.6582 | LR: 0.000001
Epoch [89/100] | Loss: 3.3084 (Cls: 2.5951, Adv: 4.7557) | Train Acc: 0.8438 | Val Acc: 0.7027 | Val P/R/F1 (Macro): 0.7370/0.6944/0.6644 | LR: 0.000001
Epoch [90/100] | Loss: 3.3876 (Cls: 2.6921, Adv: 4.6362) | Train Acc: 0.8359 | Val Acc: 0.6757 | Val P/R/F1 (Macro): 0.6722/0.6667/0.6371 | LR: 0.000001
Epoch [91/100] | Loss: 3.7350 (Cls: 3.0176, Adv: 4.7824) | Train Acc: 0.7812 | Val Acc: 0.7297 | Val P/R/F1 (Macro): 0.7463/0.7083/0.6821 | LR: 0.000001
Epoch [92/100] | Loss: 3.5135 (Cls: 2.7425, Adv: 5.1401) | Train Acc: 0.7969 | Val Acc: 0.7027 | Val P/R/F1 (Macro): 0.7000/0.6944/0.6582 | LR: 0.000001
Epoch [93/100] | Loss: 3.4014 (Cls: 2.6987, Adv: 4.6844) | Train Acc: 0.8359 | Val Acc: 0.7027 | Val P/R/F1 (Macro): 0.7222/0.6806/0.6606 | LR: 0.000001
Epoch [94/100] | Loss: 3.7664 (Cls: 3.0376, Adv: 4.8587) | Train Acc: 0.7500 | Val Acc: 0.7027 | Val P/R/F1 (Macro): 0.7222/0.6806/0.6606 | LR: 0.000001
Epoch [95/100] | Loss: 3.3718 (Cls: 2.6576, Adv: 4.7614) | Train Acc: 0.7734 | Val Acc: 0.6486 | Val P/R/F1 (Macro): 0.6722/0.6296/0.6037 | LR: 0.000001
Epoch [96/100] | Loss: 3.5143 (Cls: 2.7905, Adv: 4.8254) | Train Acc: 0.7969 | Val Acc: 0.6757 | Val P/R/F1 (Macro): 0.7222/0.6435/0.6272 | LR: 0.000001
Epoch [97/100] | Loss: 3.3541 (Cls: 2.6130, Adv: 4.9407) | Train Acc: 0.8203 | Val Acc: 0.6757 | Val P/R/F1 (Macro): 0.6852/0.6435/0.6211 | LR: 0.000001
Epoch [98/100] | Loss: 3.5619 (Cls: 2.8224, Adv: 4.9298) | Train Acc: 0.7422 | Val Acc: 0.6486 | Val P/R/F1 (Macro): 0.6722/0.6296/0.6037 | LR: 0.000001
Epoch [99/100] | Loss: 3.4263 (Cls: 2.7223, Adv: 4.6931) | Train Acc: 0.8203 | Val Acc: 0.6486 | Val P/R/F1 (Macro): 0.6722/0.6296/0.6037 | LR: 0.000001
Epoch [100/100] | Loss: 3.5026 (Cls: 2.7507, Adv: 5.0128) | Train Acc: 0.8047 | Val Acc: 0.6486 | Val P/R/F1 (Macro): 0.6722/0.6296/0.6037 | LR: 0.000001

迭代 5 最佳指标:
  Accuracy: 0.7297
  Precision (Macro): 0.7463
  Recall (Macro): 0.7083
  F1 (Macro): 0.6821
  Precision (Micro): 0.7297
  Recall (Micro): 0.7297
  F1 (Micro): 0.7297
  Val class coverage: 9/14 (0.6429), samples=37

================================================================================
5次迭代统计结果
================================================================================

accuracy:
  各迭代值: ['0.6486', '0.7838', '0.7297', '0.8108', '0.7297']
  均值 (Mean): 0.7405
  标准差 (Std): 0.0557

precision_macro:
  各迭代值: ['0.6630', '0.7099', '0.6683', '0.7148', '0.7463']
  均值 (Mean): 0.7004
  标准差 (Std): 0.0311

recall_macro:
  各迭代值: ['0.6574', '0.7176', '0.6991', '0.7824', '0.7083']
  均值 (Mean): 0.7130
  标准差 (Std): 0.0404

f1_macro:
  各迭代值: ['0.6092', '0.6778', '0.6493', '0.7240', '0.6821']
  均值 (Mean): 0.6685
  标准差 (Std): 0.0380

precision_micro:
  各迭代值: ['0.6486', '0.7838', '0.7297', '0.8108', '0.7297']
  均值 (Mean): 0.7405
  标准差 (Std): 0.0557

recall_micro:
  各迭代值: ['0.6486', '0.7838', '0.7297', '0.8108', '0.7297']
  均值 (Mean): 0.7405
  标准差 (Std): 0.0557

f1_micro:
  各迭代值: ['0.6486', '0.7838', '0.7297', '0.8108', '0.7297']
  均值 (Mean): 0.7405
  标准差 (Std): 0.0557

val_class_coverage:
  各迭代值: ['0.6429', '0.6429', '0.6429', '0.6429', '0.6429']
  均值 (Mean): 0.6429
  标准差 (Std): 0.0000

val_present_classes:
  各迭代值: ['9.0000', '9.0000', '9.0000', '9.0000', '9.0000']
  均值 (Mean): 9.0000
  标准差 (Std): 0.0000

val_total_classes:
  各迭代值: ['14.0000', '14.0000', '14.0000', '14.0000', '14.0000']
  均值 (Mean): 14.0000
  标准差 (Std): 0.0000

val_samples:
  各迭代值: ['37.0000', '37.0000', '37.0000', '37.0000', '37.0000']
  均值 (Mean): 37.0000
  标准差 (Std): 0.0000

训练结束时间: 2026-07-10 17:50:13
================================================================================
