================================================================================
单模态消融实验 - IR
目标域天气: 雨天
训练开始时间: 2026-06-22 19:02:14
设备: cuda
模态: ir
源域: D:\Code\JMDA-Net\Data\晴天
目标域: D:\Code\JMDA-Net\Data\雨天
批次大小: 16
总轮数: 10
迭代次数: 5
特征维度: 512
域适应: 启用
================================================================================

================================================================================
迭代 1/5
随机种子: 42
================================================================================
Epoch [1/10] | Loss: 8.1104 (Cls: 8.0612, Adv: 0.3276) | Train Acc: 0.1354 | Val Acc: 0.1923 | Val P/R/F1 (Macro): 0.0321/0.1667/0.0538 | LR: 0.000010
  >>> New Best Val Acc: 0.1923
Epoch [2/10] | Loss: 6.1907 (Cls: 6.1572, Adv: 0.2234) | Train Acc: 0.2083 | Val Acc: 0.1923 | Val P/R/F1 (Macro): 0.0321/0.1667/0.0538 | LR: 0.000010
Epoch [3/10] | Loss: 6.0811 (Cls: 6.0408, Adv: 0.2689) | Train Acc: 0.2708 | Val Acc: 0.2692 | Val P/R/F1 (Macro): 0.2817/0.3208/0.1994 | LR: 0.000010
  >>> New Best Val Acc: 0.2692
Epoch [4/10] | Loss: 5.6494 (Cls: 5.5847, Adv: 0.4309) | Train Acc: 0.3438 | Val Acc: 0.2308 | Val P/R/F1 (Macro): 0.2000/0.1875/0.0926 | LR: 0.000010
Epoch [5/10] | Loss: 5.4949 (Cls: 5.3896, Adv: 0.7016) | Train Acc: 0.3646 | Val Acc: 0.1538 | Val P/R/F1 (Macro): 0.1806/0.2083/0.0923 | LR: 0.000010
Epoch [6/10] | Loss: 5.3098 (Cls: 5.1534, Adv: 1.0432) | Train Acc: 0.4062 | Val Acc: 0.3462 | Val P/R/F1 (Macro): 0.2024/0.3500/0.2312 | LR: 0.000010
  >>> New Best Val Acc: 0.3462
Epoch [7/10] | Loss: 5.1417 (Cls: 4.9299, Adv: 1.4117) | Train Acc: 0.3958 | Val Acc: 0.3462 | Val P/R/F1 (Macro): 0.1528/0.2500/0.1619 | LR: 0.000010
Epoch [8/10] | Loss: 5.1026 (Cls: 4.8674, Adv: 1.5685) | Train Acc: 0.5417 | Val Acc: 0.3462 | Val P/R/F1 (Macro): 0.1154/0.2500/0.1561 | LR: 0.000010
Epoch [9/10] | Loss: 4.8361 (Cls: 4.5402, Adv: 1.9722) | Train Acc: 0.4688 | Val Acc: 0.3846 | Val P/R/F1 (Macro): 0.2083/0.3333/0.2480 | LR: 0.000010
  >>> New Best Val Acc: 0.3846
Epoch [10/10] | Loss: 4.9286 (Cls: 4.5821, Adv: 2.3102) | Train Acc: 0.5208 | Val Acc: 0.3846 | Val P/R/F1 (Macro): 0.2928/0.3333/0.2689 | LR: 0.000010

迭代 1 最佳指标:
  Accuracy: 0.3846
  Precision (Macro): 0.0893
  Recall (Macro): 0.1429
  F1 (Macro): 0.1063
  Precision (Micro): 0.3846
  Recall (Micro): 0.3846
  F1 (Micro): 0.3846

================================================================================
迭代 2/5
随机种子: 43
================================================================================
Epoch [1/10] | Loss: 7.7087 (Cls: 7.6746, Adv: 0.2275) | Train Acc: 0.1875 | Val Acc: 0.1923 | Val P/R/F1 (Macro): 0.0321/0.1667/0.0538 | LR: 0.000010
  >>> New Best Val Acc: 0.1923
Epoch [2/10] | Loss: 6.2095 (Cls: 6.1779, Adv: 0.2112) | Train Acc: 0.3542 | Val Acc: 0.1923 | Val P/R/F1 (Macro): 0.0321/0.1667/0.0538 | LR: 0.000010
Epoch [3/10] | Loss: 5.9628 (Cls: 5.9252, Adv: 0.2505) | Train Acc: 0.2812 | Val Acc: 0.1923 | Val P/R/F1 (Macro): 0.0321/0.1667/0.0538 | LR: 0.000010
Epoch [4/10] | Loss: 5.8905 (Cls: 5.8289, Adv: 0.4102) | Train Acc: 0.3646 | Val Acc: 0.2308 | Val P/R/F1 (Macro): 0.2000/0.1875/0.0926 | LR: 0.000010
  >>> New Best Val Acc: 0.2308
Epoch [5/10] | Loss: 5.4994 (Cls: 5.3980, Adv: 0.6760) | Train Acc: 0.3958 | Val Acc: 0.3077 | Val P/R/F1 (Macro): 0.2029/0.2292/0.1504 | LR: 0.000010
  >>> New Best Val Acc: 0.3077
Epoch [6/10] | Loss: 5.5485 (Cls: 5.3800, Adv: 1.1227) | Train Acc: 0.3229 | Val Acc: 0.3846 | Val P/R/F1 (Macro): 0.2990/0.3333/0.2702 | LR: 0.000010
  >>> New Best Val Acc: 0.3846
Epoch [7/10] | Loss: 5.2722 (Cls: 5.0557, Adv: 1.4433) | Train Acc: 0.3333 | Val Acc: 0.2308 | Val P/R/F1 (Macro): 0.0816/0.2500/0.1148 | LR: 0.000010
Epoch [8/10] | Loss: 5.4312 (Cls: 5.1360, Adv: 1.9685) | Train Acc: 0.3229 | Val Acc: 0.3462 | Val P/R/F1 (Macro): 0.1262/0.2500/0.1618 | LR: 0.000010
Epoch [9/10] | Loss: 5.2609 (Cls: 4.9006, Adv: 2.4019) | Train Acc: 0.2917 | Val Acc: 0.3846 | Val P/R/F1 (Macro): 0.2863/0.3333/0.2704 | LR: 0.000010
Epoch [10/10] | Loss: 5.1501 (Cls: 4.7537, Adv: 2.6429) | Train Acc: 0.4583 | Val Acc: 0.3846 | Val P/R/F1 (Macro): 0.2928/0.3333/0.2689 | LR: 0.000010

迭代 2 最佳指标:
  Accuracy: 0.3846
  Precision (Macro): 0.1282
  Recall (Macro): 0.1429
  F1 (Macro): 0.1158
  Precision (Micro): 0.3846
  Recall (Micro): 0.3846
  F1 (Micro): 0.3846

================================================================================
迭代 3/5
随机种子: 44
================================================================================
Epoch [1/10] | Loss: 7.9478 (Cls: 7.9145, Adv: 0.2218) | Train Acc: 0.2188 | Val Acc: 0.1923 | Val P/R/F1 (Macro): 0.0321/0.1667/0.0538 | LR: 0.000010
  >>> New Best Val Acc: 0.1923
Epoch [2/10] | Loss: 6.5737 (Cls: 6.5364, Adv: 0.2488) | Train Acc: 0.1875 | Val Acc: 0.1923 | Val P/R/F1 (Macro): 0.0321/0.1667/0.0538 | LR: 0.000010
Epoch [3/10] | Loss: 5.9907 (Cls: 5.9467, Adv: 0.2931) | Train Acc: 0.2500 | Val Acc: 0.1923 | Val P/R/F1 (Macro): 0.0321/0.1667/0.0538 | LR: 0.000010
Epoch [4/10] | Loss: 5.9079 (Cls: 5.8533, Adv: 0.3639) | Train Acc: 0.2604 | Val Acc: 0.3846 | Val P/R/F1 (Macro): 0.3216/0.3333/0.2758 | LR: 0.000010
  >>> New Best Val Acc: 0.3846
Epoch [5/10] | Loss: 5.5361 (Cls: 5.4456, Adv: 0.6030) | Train Acc: 0.3438 | Val Acc: 0.3077 | Val P/R/F1 (Macro): 0.2045/0.2292/0.1526 | LR: 0.000010
Epoch [6/10] | Loss: 5.4310 (Cls: 5.2896, Adv: 0.9428) | Train Acc: 0.3438 | Val Acc: 0.3462 | Val P/R/F1 (Macro): 0.1391/0.2500/0.1583 | LR: 0.000010
Epoch [7/10] | Loss: 5.3336 (Cls: 5.1432, Adv: 1.2695) | Train Acc: 0.3646 | Val Acc: 0.1923 | Val P/R/F1 (Macro): 0.1000/0.1667/0.1111 | LR: 0.000010
Epoch [8/10] | Loss: 5.1743 (Cls: 4.9201, Adv: 1.6947) | Train Acc: 0.3646 | Val Acc: 0.2308 | Val P/R/F1 (Macro): 0.0794/0.2500/0.1083 | LR: 0.000010
Epoch [9/10] | Loss: 4.8761 (Cls: 4.6235, Adv: 1.6837) | Train Acc: 0.3750 | Val Acc: 0.3462 | Val P/R/F1 (Macro): 0.2315/0.3000/0.2365 | LR: 0.000010
Epoch [10/10] | Loss: 4.5836 (Cls: 4.3133, Adv: 1.8016) | Train Acc: 0.3854 | Val Acc: 0.3462 | Val P/R/F1 (Macro): 0.2045/0.2500/0.1728 | LR: 0.000010

迭代 3 最佳指标:
  Accuracy: 0.3846
  Precision (Macro): 0.1378
  Recall (Macro): 0.1429
  F1 (Macro): 0.1182
  Precision (Micro): 0.3846
  Recall (Micro): 0.3846
  F1 (Micro): 0.3846

================================================================================
迭代 4/5
随机种子: 45
================================================================================
Epoch [1/10] | Loss: 7.9935 (Cls: 7.9406, Adv: 0.3526) | Train Acc: 0.1667 | Val Acc: 0.0769 | Val P/R/F1 (Macro): 0.0128/0.1667/0.0238 | LR: 0.000010
  >>> New Best Val Acc: 0.0769
Epoch [2/10] | Loss: 6.2480 (Cls: 6.2035, Adv: 0.2963) | Train Acc: 0.2812 | Val Acc: 0.0769 | Val P/R/F1 (Macro): 0.0128/0.1667/0.0238 | LR: 0.000010
Epoch [3/10] | Loss: 5.7503 (Cls: 5.7059, Adv: 0.2957) | Train Acc: 0.3438 | Val Acc: 0.1923 | Val P/R/F1 (Macro): 0.0321/0.1667/0.0538 | LR: 0.000010
  >>> New Best Val Acc: 0.1923
Epoch [4/10] | Loss: 5.6467 (Cls: 5.5705, Adv: 0.5082) | Train Acc: 0.2917 | Val Acc: 0.2692 | Val P/R/F1 (Macro): 0.2014/0.2083/0.1241 | LR: 0.000010
  >>> New Best Val Acc: 0.2692
Epoch [5/10] | Loss: 5.5319 (Cls: 5.3995, Adv: 0.8827) | Train Acc: 0.3646 | Val Acc: 0.2308 | Val P/R/F1 (Macro): 0.1492/0.2500/0.1315 | LR: 0.000010
Epoch [6/10] | Loss: 5.3395 (Cls: 5.1665, Adv: 1.1537) | Train Acc: 0.5312 | Val Acc: 0.1923 | Val P/R/F1 (Macro): 0.1409/0.2292/0.1123 | LR: 0.000010
Epoch [7/10] | Loss: 5.3640 (Cls: 5.1145, Adv: 1.6629) | Train Acc: 0.3958 | Val Acc: 0.2308 | Val P/R/F1 (Macro): 0.2045/0.1875/0.0988 | LR: 0.000010
Epoch [8/10] | Loss: 5.0442 (Cls: 4.7918, Adv: 1.6832) | Train Acc: 0.4375 | Val Acc: 0.3462 | Val P/R/F1 (Macro): 0.2045/0.2500/0.1728 | LR: 0.000010
  >>> New Best Val Acc: 0.3462
Epoch [9/10] | Loss: 5.4577 (Cls: 5.0991, Adv: 2.3907) | Train Acc: 0.3750 | Val Acc: 0.3846 | Val P/R/F1 (Macro): 0.3417/0.3333/0.2803 | LR: 0.000010
  >>> New Best Val Acc: 0.3846
Epoch [10/10] | Loss: 5.2033 (Cls: 4.8303, Adv: 2.4861) | Train Acc: 0.4688 | Val Acc: 0.3846 | Val P/R/F1 (Macro): 0.2917/0.3333/0.2611 | LR: 0.000010

迭代 4 最佳指标:
  Accuracy: 0.3846
  Precision (Macro): 0.1464
  Recall (Macro): 0.1429
  F1 (Macro): 0.1201
  Precision (Micro): 0.3846
  Recall (Micro): 0.3846
  F1 (Micro): 0.3846

================================================================================
迭代 5/5
随机种子: 46
================================================================================
Epoch [1/10] | Loss: 7.7984 (Cls: 7.7479, Adv: 0.3368) | Train Acc: 0.1667 | Val Acc: 0.1923 | Val P/R/F1 (Macro): 0.0321/0.1667/0.0538 | LR: 0.000010
  >>> New Best Val Acc: 0.1923
Epoch [2/10] | Loss: 6.0278 (Cls: 5.9897, Adv: 0.2539) | Train Acc: 0.3021 | Val Acc: 0.1923 | Val P/R/F1 (Macro): 0.0321/0.1667/0.0538 | LR: 0.000010
Epoch [3/10] | Loss: 6.1571 (Cls: 6.0907, Adv: 0.4425) | Train Acc: 0.2708 | Val Acc: 0.1923 | Val P/R/F1 (Macro): 0.0321/0.1667/0.0538 | LR: 0.000010
Epoch [4/10] | Loss: 5.7418 (Cls: 5.6496, Adv: 0.6148) | Train Acc: 0.2812 | Val Acc: 0.1923 | Val P/R/F1 (Macro): 0.1894/0.1417/0.1037 | LR: 0.000010
Epoch [5/10] | Loss: 5.6311 (Cls: 5.4977, Adv: 0.8894) | Train Acc: 0.3125 | Val Acc: 0.3462 | Val P/R/F1 (Macro): 0.3712/0.3125/0.2637 | LR: 0.000010
  >>> New Best Val Acc: 0.3462
Epoch [6/10] | Loss: 5.2872 (Cls: 5.0631, Adv: 1.4934) | Train Acc: 0.4271 | Val Acc: 0.3462 | Val P/R/F1 (Macro): 0.3712/0.3125/0.2637 | LR: 0.000010
Epoch [7/10] | Loss: 5.4936 (Cls: 5.2121, Adv: 1.8771) | Train Acc: 0.2708 | Val Acc: 0.3462 | Val P/R/F1 (Macro): 0.2560/0.3625/0.2285 | LR: 0.000010
Epoch [8/10] | Loss: 5.2039 (Cls: 4.8873, Adv: 2.1107) | Train Acc: 0.4062 | Val Acc: 0.3846 | Val P/R/F1 (Macro): 0.3216/0.3333/0.2758 | LR: 0.000010
  >>> New Best Val Acc: 0.3846
Epoch [9/10] | Loss: 5.2829 (Cls: 4.9208, Adv: 2.4139) | Train Acc: 0.3229 | Val Acc: 0.3846 | Val P/R/F1 (Macro): 0.3082/0.3333/0.2725 | LR: 0.000010
Epoch [10/10] | Loss: 4.8568 (Cls: 4.4494, Adv: 2.7161) | Train Acc: 0.5417 | Val Acc: 0.2308 | Val P/R/F1 (Macro): 0.1842/0.2500/0.1429 | LR: 0.000010

迭代 5 最佳指标:
  Accuracy: 0.3846
  Precision (Macro): 0.1378
  Recall (Macro): 0.1429
  F1 (Macro): 0.1182
  Precision (Micro): 0.3846
  Recall (Micro): 0.3846
  F1 (Micro): 0.3846

================================================================================
5次迭代统计结果
================================================================================

accuracy:
  各迭代值: ['0.3846', '0.3846', '0.3846', '0.3846', '0.3846']
  均值 (Mean): 0.3846
  标准差 (Std): 0.0000

precision_macro:
  各迭代值: ['0.0893', '0.1282', '0.1378', '0.1464', '0.1378']
  均值 (Mean): 0.1279
  标准差 (Std): 0.0202

recall_macro:
  各迭代值: ['0.1429', '0.1429', '0.1429', '0.1429', '0.1429']
  均值 (Mean): 0.1429
  标准差 (Std): 0.0000

f1_macro:
  各迭代值: ['0.1063', '0.1158', '0.1182', '0.1201', '0.1182']
  均值 (Mean): 0.1157
  标准差 (Std): 0.0049

precision_micro:
  各迭代值: ['0.3846', '0.3846', '0.3846', '0.3846', '0.3846']
  均值 (Mean): 0.3846
  标准差 (Std): 0.0000

recall_micro:
  各迭代值: ['0.3846', '0.3846', '0.3846', '0.3846', '0.3846']
  均值 (Mean): 0.3846
  标准差 (Std): 0.0000

f1_micro:
  各迭代值: ['0.3846', '0.3846', '0.3846', '0.3846', '0.3846']
  均值 (Mean): 0.3846
  标准差 (Std): 0.0000

训练结束时间: 2026-06-22 19:04:38
================================================================================
