================================================================================
单模态消融实验 - VIS
目标域天气: 雾天
训练开始时间: 2026-07-09 17:08:41
设备: cuda
模态: vis
源域: /home/lixiang/lx/Data/晴天
目标域: /home/lixiang/lx/Data/雾天
批次大小: 32
总轮数: 100
迭代次数: 5
特征维度: 512
域适应: 启用
================================================================================

================================================================================
迭代 1/5
随机种子: 42
================================================================================
Training mode: unsupervised target adaptation (target labels ignored in training).
Epoch [1/100] | Loss: 5.5781 (Cls: 5.5429, Adv: 0.2341) | Train Acc: 0.1418 | Val Acc: 0.1652 | Val P/R/F1 (Macro): 0.2089/0.1817/0.1219 | LR: 0.000010
  >>> New Best Val Acc: 0.1652
Epoch [2/100] | Loss: 5.0082 (Cls: 4.9454, Adv: 0.4189) | Train Acc: 0.2500 | Val Acc: 0.1739 | Val P/R/F1 (Macro): 0.2843/0.1884/0.1284 | LR: 0.000010
  >>> New Best Val Acc: 0.1739
Epoch [3/100] | Loss: 4.5314 (Cls: 4.4319, Adv: 0.6632) | Train Acc: 0.3413 | Val Acc: 0.1826 | Val P/R/F1 (Macro): 0.2042/0.1764/0.1648 | LR: 0.000010
  >>> New Best Val Acc: 0.1826
Epoch [4/100] | Loss: 4.0552 (Cls: 3.9179, Adv: 0.9154) | Train Acc: 0.4375 | Val Acc: 0.1304 | Val P/R/F1 (Macro): 0.2223/0.1577/0.1336 | LR: 0.000010
Epoch [5/100] | Loss: 3.5443 (Cls: 3.3765, Adv: 1.1184) | Train Acc: 0.6010 | Val Acc: 0.2087 | Val P/R/F1 (Macro): 0.2893/0.2225/0.2218 | LR: 0.000010
  >>> New Best Val Acc: 0.2087
Epoch [6/100] | Loss: 3.2553 (Cls: 3.0600, Adv: 1.3022) | Train Acc: 0.6514 | Val Acc: 0.1739 | Val P/R/F1 (Macro): 0.3108/0.1999/0.2032 | LR: 0.000010
Epoch [7/100] | Loss: 3.0992 (Cls: 2.8711, Adv: 1.5210) | Train Acc: 0.6947 | Val Acc: 0.1913 | Val P/R/F1 (Macro): 0.3231/0.2002/0.1975 | LR: 0.000010
Epoch [8/100] | Loss: 3.0361 (Cls: 2.7642, Adv: 1.8128) | Train Acc: 0.7260 | Val Acc: 0.2609 | Val P/R/F1 (Macro): 0.3009/0.2262/0.2420 | LR: 0.000010
  >>> New Best Val Acc: 0.2609
Epoch [9/100] | Loss: 3.0202 (Cls: 2.7314, Adv: 1.9253) | Train Acc: 0.6923 | Val Acc: 0.3130 | Val P/R/F1 (Macro): 0.3142/0.2663/0.2670 | LR: 0.000010
  >>> New Best Val Acc: 0.3130
Epoch [10/100] | Loss: 2.9865 (Cls: 2.6434, Adv: 2.2868) | Train Acc: 0.7452 | Val Acc: 0.2348 | Val P/R/F1 (Macro): 0.2747/0.2318/0.2039 | LR: 0.000010
Epoch [11/100] | Loss: 2.8144 (Cls: 2.4559, Adv: 2.3898) | Train Acc: 0.7909 | Val Acc: 0.2609 | Val P/R/F1 (Macro): 0.5478/0.2741/0.3276 | LR: 0.000010
Epoch [12/100] | Loss: 2.7866 (Cls: 2.3768, Adv: 2.7317) | Train Acc: 0.7909 | Val Acc: 0.2870 | Val P/R/F1 (Macro): 0.2511/0.2386/0.2227 | LR: 0.000010
Epoch [13/100] | Loss: 2.7409 (Cls: 2.3431, Adv: 2.6523) | Train Acc: 0.8197 | Val Acc: 0.2870 | Val P/R/F1 (Macro): 0.2974/0.2425/0.2354 | LR: 0.000010
Epoch [14/100] | Loss: 2.7707 (Cls: 2.3281, Adv: 2.9505) | Train Acc: 0.8029 | Val Acc: 0.2696 | Val P/R/F1 (Macro): 0.3707/0.2385/0.2283 | LR: 0.000010
Epoch [15/100] | Loss: 2.6960 (Cls: 2.2492, Adv: 2.9786) | Train Acc: 0.8125 | Val Acc: 0.2609 | Val P/R/F1 (Macro): 0.3448/0.2337/0.2354 | LR: 0.000010
Epoch [16/100] | Loss: 2.7393 (Cls: 2.2663, Adv: 3.1537) | Train Acc: 0.8149 | Val Acc: 0.3304 | Val P/R/F1 (Macro): 0.4004/0.2808/0.2983 | LR: 0.000010
  >>> New Best Val Acc: 0.3304
Epoch [17/100] | Loss: 2.7028 (Cls: 2.2374, Adv: 3.1027) | Train Acc: 0.8269 | Val Acc: 0.3304 | Val P/R/F1 (Macro): 0.2528/0.2451/0.2370 | LR: 0.000010
Epoch [18/100] | Loss: 2.5623 (Cls: 2.0788, Adv: 3.2235) | Train Acc: 0.8534 | Val Acc: 0.3826 | Val P/R/F1 (Macro): 0.4430/0.2940/0.3143 | LR: 0.000010
  >>> New Best Val Acc: 0.3826
Epoch [19/100] | Loss: 2.6035 (Cls: 2.1026, Adv: 3.3394) | Train Acc: 0.8413 | Val Acc: 0.3478 | Val P/R/F1 (Macro): 0.4200/0.2966/0.3133 | LR: 0.000010
Epoch [20/100] | Loss: 2.6688 (Cls: 2.1808, Adv: 3.2533) | Train Acc: 0.8413 | Val Acc: 0.3913 | Val P/R/F1 (Macro): 0.3433/0.3070/0.2872 | LR: 0.000010
  >>> New Best Val Acc: 0.3913
Epoch [21/100] | Loss: 2.4416 (Cls: 1.9513, Adv: 3.2684) | Train Acc: 0.8942 | Val Acc: 0.3391 | Val P/R/F1 (Macro): 0.4108/0.2688/0.2933 | LR: 0.000010
Epoch [22/100] | Loss: 2.6159 (Cls: 2.1127, Adv: 3.3544) | Train Acc: 0.8413 | Val Acc: 0.3739 | Val P/R/F1 (Macro): 0.3129/0.2757/0.2788 | LR: 0.000010
Epoch [23/100] | Loss: 2.5603 (Cls: 2.0506, Adv: 3.3986) | Train Acc: 0.8269 | Val Acc: 0.3652 | Val P/R/F1 (Macro): 0.4125/0.2847/0.2993 | LR: 0.000010
Epoch [24/100] | Loss: 2.6508 (Cls: 2.1180, Adv: 3.5515) | Train Acc: 0.8269 | Val Acc: 0.4174 | Val P/R/F1 (Macro): 0.3283/0.2997/0.2951 | LR: 0.000010
  >>> New Best Val Acc: 0.4174
Epoch [25/100] | Loss: 2.6881 (Cls: 2.1515, Adv: 3.5773) | Train Acc: 0.8558 | Val Acc: 0.4000 | Val P/R/F1 (Macro): 0.4406/0.3056/0.3265 | LR: 0.000010
Epoch [26/100] | Loss: 2.5433 (Cls: 2.0102, Adv: 3.5540) | Train Acc: 0.8678 | Val Acc: 0.3739 | Val P/R/F1 (Macro): 0.2711/0.2698/0.2496 | LR: 0.000010
Epoch [27/100] | Loss: 2.4858 (Cls: 1.9425, Adv: 3.6221) | Train Acc: 0.8774 | Val Acc: 0.3478 | Val P/R/F1 (Macro): 0.2990/0.2391/0.2389 | LR: 0.000010
Epoch [28/100] | Loss: 2.4353 (Cls: 1.8797, Adv: 3.7041) | Train Acc: 0.8822 | Val Acc: 0.3739 | Val P/R/F1 (Macro): 0.3011/0.2747/0.2734 | LR: 0.000010
Epoch [29/100] | Loss: 2.4607 (Cls: 1.9033, Adv: 3.7161) | Train Acc: 0.8966 | Val Acc: 0.3565 | Val P/R/F1 (Macro): 0.2977/0.2688/0.2625 | LR: 0.000010
Epoch [30/100] | Loss: 2.4503 (Cls: 1.8968, Adv: 3.6901) | Train Acc: 0.8606 | Val Acc: 0.3391 | Val P/R/F1 (Macro): 0.3087/0.2458/0.2361 | LR: 0.000010
Epoch [31/100] | Loss: 2.5720 (Cls: 1.9959, Adv: 3.8412) | Train Acc: 0.8678 | Val Acc: 0.3391 | Val P/R/F1 (Macro): 0.4043/0.2907/0.2999 | LR: 0.000010
Epoch [32/100] | Loss: 2.4287 (Cls: 1.8629, Adv: 3.7718) | Train Acc: 0.8798 | Val Acc: 0.3913 | Val P/R/F1 (Macro): 0.5304/0.3098/0.3263 | LR: 0.000010
Epoch [33/100] | Loss: 2.3553 (Cls: 1.8267, Adv: 3.5237) | Train Acc: 0.8894 | Val Acc: 0.3652 | Val P/R/F1 (Macro): 0.3099/0.2737/0.2674 | LR: 0.000010
Epoch [34/100] | Loss: 2.4605 (Cls: 1.8878, Adv: 3.8179) | Train Acc: 0.8990 | Val Acc: 0.3565 | Val P/R/F1 (Macro): 0.3579/0.2529/0.2526 | LR: 0.000010
Epoch [35/100] | Loss: 2.4888 (Cls: 1.9026, Adv: 3.9078) | Train Acc: 0.8798 | Val Acc: 0.3130 | Val P/R/F1 (Macro): 0.5074/0.2880/0.3198 | LR: 0.000005
Epoch [36/100] | Loss: 2.4454 (Cls: 1.8740, Adv: 3.8094) | Train Acc: 0.8894 | Val Acc: 0.3739 | Val P/R/F1 (Macro): 0.4274/0.2809/0.3002 | LR: 0.000005
Epoch [37/100] | Loss: 2.3611 (Cls: 1.7636, Adv: 3.9834) | Train Acc: 0.9087 | Val Acc: 0.3391 | Val P/R/F1 (Macro): 0.3969/0.2650/0.2867 | LR: 0.000005
Epoch [38/100] | Loss: 2.3384 (Cls: 1.7490, Adv: 3.9291) | Train Acc: 0.8918 | Val Acc: 0.3826 | Val P/R/F1 (Macro): 0.4476/0.2974/0.3168 | LR: 0.000005
Epoch [39/100] | Loss: 2.3043 (Cls: 1.7305, Adv: 3.8249) | Train Acc: 0.9111 | Val Acc: 0.3391 | Val P/R/F1 (Macro): 0.4169/0.2728/0.2885 | LR: 0.000005
Epoch [40/100] | Loss: 2.3248 (Cls: 1.7276, Adv: 3.9817) | Train Acc: 0.9062 | Val Acc: 0.3652 | Val P/R/F1 (Macro): 0.3375/0.2690/0.2732 | LR: 0.000005
Epoch [41/100] | Loss: 2.3174 (Cls: 1.7145, Adv: 4.0192) | Train Acc: 0.9207 | Val Acc: 0.3913 | Val P/R/F1 (Macro): 0.3228/0.2850/0.2797 | LR: 0.000005
Epoch [42/100] | Loss: 2.2584 (Cls: 1.6618, Adv: 3.9773) | Train Acc: 0.9183 | Val Acc: 0.3391 | Val P/R/F1 (Macro): 0.2631/0.2500/0.2380 | LR: 0.000005
Epoch [43/100] | Loss: 2.3446 (Cls: 1.7429, Adv: 4.0114) | Train Acc: 0.9014 | Val Acc: 0.3826 | Val P/R/F1 (Macro): 0.3508/0.2791/0.2869 | LR: 0.000005
Epoch [44/100] | Loss: 2.2849 (Cls: 1.6899, Adv: 3.9667) | Train Acc: 0.9231 | Val Acc: 0.3652 | Val P/R/F1 (Macro): 0.3159/0.2693/0.2672 | LR: 0.000005
Epoch [45/100] | Loss: 2.3170 (Cls: 1.7297, Adv: 3.9154) | Train Acc: 0.9087 | Val Acc: 0.3652 | Val P/R/F1 (Macro): 0.3314/0.2671/0.2716 | LR: 0.000005
Epoch [46/100] | Loss: 2.3758 (Cls: 1.7612, Adv: 4.0970) | Train Acc: 0.9038 | Val Acc: 0.3478 | Val P/R/F1 (Macro): 0.3469/0.2468/0.2369 | LR: 0.000003
Epoch [47/100] | Loss: 2.4161 (Cls: 1.8035, Adv: 4.0841) | Train Acc: 0.8918 | Val Acc: 0.3826 | Val P/R/F1 (Macro): 0.3306/0.2810/0.2800 | LR: 0.000003
Epoch [48/100] | Loss: 2.2942 (Cls: 1.6849, Adv: 4.0620) | Train Acc: 0.9159 | Val Acc: 0.3826 | Val P/R/F1 (Macro): 0.3182/0.2798/0.2747 | LR: 0.000003
Epoch [49/100] | Loss: 2.2782 (Cls: 1.6674, Adv: 4.0718) | Train Acc: 0.9038 | Val Acc: 0.4000 | Val P/R/F1 (Macro): 0.3610/0.2893/0.2900 | LR: 0.000003
Epoch [50/100] | Loss: 2.2600 (Cls: 1.6238, Adv: 4.2412) | Train Acc: 0.9327 | Val Acc: 0.3913 | Val P/R/F1 (Macro): 0.3253/0.2831/0.2804 | LR: 0.000003
Epoch [51/100] | Loss: 2.3376 (Cls: 1.7042, Adv: 4.2230) | Train Acc: 0.9135 | Val Acc: 0.3913 | Val P/R/F1 (Macro): 0.3486/0.2872/0.2835 | LR: 0.000003
Epoch [52/100] | Loss: 2.2066 (Cls: 1.5739, Adv: 4.2180) | Train Acc: 0.9303 | Val Acc: 0.3739 | Val P/R/F1 (Macro): 0.4011/0.2796/0.2760 | LR: 0.000003
Epoch [53/100] | Loss: 2.2966 (Cls: 1.6621, Adv: 4.2303) | Train Acc: 0.9375 | Val Acc: 0.3652 | Val P/R/F1 (Macro): 0.3215/0.2668/0.2694 | LR: 0.000003
Epoch [54/100] | Loss: 2.2748 (Cls: 1.6297, Adv: 4.3001) | Train Acc: 0.9279 | Val Acc: 0.3565 | Val P/R/F1 (Macro): 0.3051/0.2563/0.2484 | LR: 0.000003
Epoch [55/100] | Loss: 2.2607 (Cls: 1.6043, Adv: 4.3766) | Train Acc: 0.9279 | Val Acc: 0.3391 | Val P/R/F1 (Macro): 0.3182/0.2527/0.2582 | LR: 0.000003
Epoch [56/100] | Loss: 2.3504 (Cls: 1.7212, Adv: 4.1950) | Train Acc: 0.8966 | Val Acc: 0.3565 | Val P/R/F1 (Macro): 0.3142/0.2653/0.2657 | LR: 0.000003
Epoch [57/100] | Loss: 2.3380 (Cls: 1.6788, Adv: 4.3951) | Train Acc: 0.9159 | Val Acc: 0.3565 | Val P/R/F1 (Macro): 0.3073/0.2631/0.2622 | LR: 0.000001
Epoch [58/100] | Loss: 2.2756 (Cls: 1.6266, Adv: 4.3263) | Train Acc: 0.9399 | Val Acc: 0.3739 | Val P/R/F1 (Macro): 0.3513/0.2729/0.2747 | LR: 0.000001
Epoch [59/100] | Loss: 2.3306 (Cls: 1.6817, Adv: 4.3256) | Train Acc: 0.9231 | Val Acc: 0.3913 | Val P/R/F1 (Macro): 0.3995/0.2853/0.2826 | LR: 0.000001
Epoch [60/100] | Loss: 2.3211 (Cls: 1.6692, Adv: 4.3465) | Train Acc: 0.9183 | Val Acc: 0.4000 | Val P/R/F1 (Macro): 0.3766/0.2911/0.2954 | LR: 0.000001
Epoch [61/100] | Loss: 2.3252 (Cls: 1.6648, Adv: 4.4023) | Train Acc: 0.9135 | Val Acc: 0.3565 | Val P/R/F1 (Macro): 0.3382/0.2650/0.2661 | LR: 0.000001
Epoch [62/100] | Loss: 2.2821 (Cls: 1.6100, Adv: 4.4803) | Train Acc: 0.9207 | Val Acc: 0.3826 | Val P/R/F1 (Macro): 0.3146/0.2807/0.2770 | LR: 0.000001
Epoch [63/100] | Loss: 2.3338 (Cls: 1.6742, Adv: 4.3972) | Train Acc: 0.9183 | Val Acc: 0.3565 | Val P/R/F1 (Macro): 0.3025/0.2606/0.2601 | LR: 0.000001
Epoch [64/100] | Loss: 2.2407 (Cls: 1.5583, Adv: 4.5495) | Train Acc: 0.9327 | Val Acc: 0.3565 | Val P/R/F1 (Macro): 0.2969/0.2628/0.2585 | LR: 0.000001
Epoch [65/100] | Loss: 2.2991 (Cls: 1.6183, Adv: 4.5384) | Train Acc: 0.9159 | Val Acc: 0.3391 | Val P/R/F1 (Macro): 0.2965/0.2527/0.2528 | LR: 0.000001
Epoch [66/100] | Loss: 2.3145 (Cls: 1.6402, Adv: 4.4953) | Train Acc: 0.9183 | Val Acc: 0.3652 | Val P/R/F1 (Macro): 0.3146/0.2687/0.2680 | LR: 0.000001
Epoch [67/100] | Loss: 2.2245 (Cls: 1.5691, Adv: 4.3699) | Train Acc: 0.9471 | Val Acc: 0.3652 | Val P/R/F1 (Macro): 0.3070/0.2668/0.2662 | LR: 0.000001
Epoch [68/100] | Loss: 2.2798 (Cls: 1.6073, Adv: 4.4829) | Train Acc: 0.9303 | Val Acc: 0.3826 | Val P/R/F1 (Macro): 0.3177/0.2785/0.2713 | LR: 0.000001
Epoch [69/100] | Loss: 2.2228 (Cls: 1.5495, Adv: 4.4886) | Train Acc: 0.9183 | Val Acc: 0.3652 | Val P/R/F1 (Macro): 0.3185/0.2668/0.2670 | LR: 0.000001
Epoch [70/100] | Loss: 2.1981 (Cls: 1.5150, Adv: 4.5539) | Train Acc: 0.9591 | Val Acc: 0.3739 | Val P/R/F1 (Macro): 0.3182/0.2748/0.2719 | LR: 0.000001
Epoch [71/100] | Loss: 2.2180 (Cls: 1.5500, Adv: 4.4533) | Train Acc: 0.9303 | Val Acc: 0.3739 | Val P/R/F1 (Macro): 0.3104/0.2726/0.2674 | LR: 0.000001
Epoch [72/100] | Loss: 2.2601 (Cls: 1.5931, Adv: 4.4466) | Train Acc: 0.9327 | Val Acc: 0.3565 | Val P/R/F1 (Macro): 0.2986/0.2628/0.2605 | LR: 0.000001
Epoch [73/100] | Loss: 2.3485 (Cls: 1.6633, Adv: 4.5680) | Train Acc: 0.9183 | Val Acc: 0.3565 | Val P/R/F1 (Macro): 0.3153/0.2628/0.2639 | LR: 0.000001
Epoch [74/100] | Loss: 2.2034 (Cls: 1.5371, Adv: 4.4417) | Train Acc: 0.9447 | Val Acc: 0.3652 | Val P/R/F1 (Macro): 0.3208/0.2668/0.2688 | LR: 0.000001
Epoch [75/100] | Loss: 2.2806 (Cls: 1.5946, Adv: 4.5732) | Train Acc: 0.9351 | Val Acc: 0.3652 | Val P/R/F1 (Macro): 0.4149/0.2850/0.3005 | LR: 0.000001
Epoch [76/100] | Loss: 2.2596 (Cls: 1.5959, Adv: 4.4246) | Train Acc: 0.9231 | Val Acc: 0.3652 | Val P/R/F1 (Macro): 0.3138/0.2665/0.2617 | LR: 0.000001
Epoch [77/100] | Loss: 2.3890 (Cls: 1.7070, Adv: 4.5469) | Train Acc: 0.9038 | Val Acc: 0.3652 | Val P/R/F1 (Macro): 0.3074/0.2668/0.2664 | LR: 0.000001
Epoch [78/100] | Loss: 2.3590 (Cls: 1.6719, Adv: 4.5812) | Train Acc: 0.9087 | Val Acc: 0.3652 | Val P/R/F1 (Macro): 0.3141/0.2671/0.2711 | LR: 0.000001
Epoch [79/100] | Loss: 2.2455 (Cls: 1.5574, Adv: 4.5874) | Train Acc: 0.9327 | Val Acc: 0.3826 | Val P/R/F1 (Macro): 0.3123/0.2769/0.2754 | LR: 0.000001
Epoch [80/100] | Loss: 2.3101 (Cls: 1.6116, Adv: 4.6564) | Train Acc: 0.9303 | Val Acc: 0.3739 | Val P/R/F1 (Macro): 0.3088/0.2726/0.2680 | LR: 0.000001
Epoch [81/100] | Loss: 2.2745 (Cls: 1.5624, Adv: 4.7472) | Train Acc: 0.9303 | Val Acc: 0.3739 | Val P/R/F1 (Macro): 0.3034/0.2729/0.2696 | LR: 0.000001
Epoch [82/100] | Loss: 2.3006 (Cls: 1.6003, Adv: 4.6692) | Train Acc: 0.9255 | Val Acc: 0.3826 | Val P/R/F1 (Macro): 0.4172/0.3078/0.3235 | LR: 0.000001
Epoch [83/100] | Loss: 2.2415 (Cls: 1.5389, Adv: 4.6840) | Train Acc: 0.9423 | Val Acc: 0.3739 | Val P/R/F1 (Macro): 0.3086/0.2729/0.2723 | LR: 0.000001
Epoch [84/100] | Loss: 2.2838 (Cls: 1.5674, Adv: 4.7760) | Train Acc: 0.9327 | Val Acc: 0.3478 | Val P/R/F1 (Macro): 0.2687/0.2543/0.2466 | LR: 0.000001
Epoch [85/100] | Loss: 2.3228 (Cls: 1.6005, Adv: 4.8156) | Train Acc: 0.9231 | Val Acc: 0.3739 | Val P/R/F1 (Macro): 0.3151/0.2729/0.2755 | LR: 0.000001
Epoch [86/100] | Loss: 2.3695 (Cls: 1.6734, Adv: 4.6408) | Train Acc: 0.9135 | Val Acc: 0.3739 | Val P/R/F1 (Macro): 0.4198/0.3057/0.3212 | LR: 0.000001
Epoch [87/100] | Loss: 2.2775 (Cls: 1.5684, Adv: 4.7274) | Train Acc: 0.9423 | Val Acc: 0.3652 | Val P/R/F1 (Macro): 0.3060/0.2683/0.2664 | LR: 0.000001
Epoch [88/100] | Loss: 2.2520 (Cls: 1.5322, Adv: 4.7985) | Train Acc: 0.9447 | Val Acc: 0.3652 | Val P/R/F1 (Macro): 0.3057/0.2668/0.2663 | LR: 0.000001
Epoch [89/100] | Loss: 2.3145 (Cls: 1.6009, Adv: 4.7570) | Train Acc: 0.9183 | Val Acc: 0.3826 | Val P/R/F1 (Macro): 0.3325/0.2810/0.2737 | LR: 0.000001
Epoch [90/100] | Loss: 2.3132 (Cls: 1.6010, Adv: 4.7476) | Train Acc: 0.9303 | Val Acc: 0.3739 | Val P/R/F1 (Macro): 0.3172/0.2726/0.2704 | LR: 0.000001
Epoch [91/100] | Loss: 2.3591 (Cls: 1.6444, Adv: 4.7649) | Train Acc: 0.9014 | Val Acc: 0.3652 | Val P/R/F1 (Macro): 0.3126/0.2668/0.2676 | LR: 0.000001
Epoch [92/100] | Loss: 2.3480 (Cls: 1.6193, Adv: 4.8584) | Train Acc: 0.9303 | Val Acc: 0.3739 | Val P/R/F1 (Macro): 0.3167/0.2755/0.2729 | LR: 0.000001
Epoch [93/100] | Loss: 2.2489 (Cls: 1.5131, Adv: 4.9055) | Train Acc: 0.9471 | Val Acc: 0.3739 | Val P/R/F1 (Macro): 0.3238/0.2733/0.2766 | LR: 0.000001
Epoch [94/100] | Loss: 2.3443 (Cls: 1.6027, Adv: 4.9437) | Train Acc: 0.9327 | Val Acc: 0.3652 | Val P/R/F1 (Macro): 0.3081/0.2665/0.2620 | LR: 0.000001
Epoch [95/100] | Loss: 2.3160 (Cls: 1.5905, Adv: 4.8363) | Train Acc: 0.9327 | Val Acc: 0.3826 | Val P/R/F1 (Macro): 0.4264/0.3100/0.3316 | LR: 0.000001
Epoch [96/100] | Loss: 2.2624 (Cls: 1.5509, Adv: 4.7432) | Train Acc: 0.9351 | Val Acc: 0.3652 | Val P/R/F1 (Macro): 0.3001/0.2690/0.2644 | LR: 0.000001
Epoch [97/100] | Loss: 2.3420 (Cls: 1.6135, Adv: 4.8569) | Train Acc: 0.9303 | Val Acc: 0.3652 | Val P/R/F1 (Macro): 0.3134/0.2668/0.2689 | LR: 0.000001
Epoch [98/100] | Loss: 2.3353 (Cls: 1.6160, Adv: 4.7957) | Train Acc: 0.9231 | Val Acc: 0.3652 | Val P/R/F1 (Macro): 0.3140/0.2687/0.2697 | LR: 0.000001
Epoch [99/100] | Loss: 2.3974 (Cls: 1.6554, Adv: 4.9465) | Train Acc: 0.9062 | Val Acc: 0.3913 | Val P/R/F1 (Macro): 0.4065/0.2856/0.2876 | LR: 0.000001
Epoch [100/100] | Loss: 2.2715 (Cls: 1.5514, Adv: 4.8003) | Train Acc: 0.9447 | Val Acc: 0.3739 | Val P/R/F1 (Macro): 0.4259/0.3057/0.3235 | LR: 0.000001

迭代 1 最佳指标:
  Accuracy: 0.4174
  Precision (Macro): 0.3283
  Recall (Macro): 0.2997
  F1 (Macro): 0.2951
  Precision (Micro): 0.4174
  Recall (Micro): 0.4174
  F1 (Micro): 0.4174
  Val class coverage: 9/14 (0.6429), samples=115

================================================================================
迭代 2/5
随机种子: 43
================================================================================
Training mode: unsupervised target adaptation (target labels ignored in training).
Epoch [1/100] | Loss: 5.8409 (Cls: 5.7893, Adv: 0.3438) | Train Acc: 0.1298 | Val Acc: 0.3565 | Val P/R/F1 (Macro): 0.2639/0.2581/0.2139 | LR: 0.000010
  >>> New Best Val Acc: 0.3565
Epoch [2/100] | Loss: 5.1501 (Cls: 5.0955, Adv: 0.3640) | Train Acc: 0.2236 | Val Acc: 0.1739 | Val P/R/F1 (Macro): 0.1176/0.1951/0.1105 | LR: 0.000010
Epoch [3/100] | Loss: 4.5684 (Cls: 4.4967, Adv: 0.4784) | Train Acc: 0.3486 | Val Acc: 0.3217 | Val P/R/F1 (Macro): 0.2862/0.3307/0.2655 | LR: 0.000010
Epoch [4/100] | Loss: 3.9865 (Cls: 3.8804, Adv: 0.7077) | Train Acc: 0.5144 | Val Acc: 0.2957 | Val P/R/F1 (Macro): 0.2572/0.2472/0.2229 | LR: 0.000010
Epoch [5/100] | Loss: 3.5615 (Cls: 3.4159, Adv: 0.9706) | Train Acc: 0.5913 | Val Acc: 0.3217 | Val P/R/F1 (Macro): 0.2994/0.3017/0.2883 | LR: 0.000010
Epoch [6/100] | Loss: 3.3387 (Cls: 3.1250, Adv: 1.4252) | Train Acc: 0.6587 | Val Acc: 0.2783 | Val P/R/F1 (Macro): 0.3087/0.2637/0.2386 | LR: 0.000010
Epoch [7/100] | Loss: 3.1298 (Cls: 2.8696, Adv: 1.7347) | Train Acc: 0.6899 | Val Acc: 0.2957 | Val P/R/F1 (Macro): 0.2960/0.2484/0.2536 | LR: 0.000010
Epoch [8/100] | Loss: 3.2433 (Cls: 2.9274, Adv: 2.1063) | Train Acc: 0.6731 | Val Acc: 0.2696 | Val P/R/F1 (Macro): 0.2448/0.2246/0.2033 | LR: 0.000010
Epoch [9/100] | Loss: 2.9578 (Cls: 2.6089, Adv: 2.3258) | Train Acc: 0.7188 | Val Acc: 0.2783 | Val P/R/F1 (Macro): 0.2285/0.2180/0.2063 | LR: 0.000010
Epoch [10/100] | Loss: 2.8549 (Cls: 2.4751, Adv: 2.5320) | Train Acc: 0.7548 | Val Acc: 0.2870 | Val P/R/F1 (Macro): 0.2758/0.2362/0.2390 | LR: 0.000010
Epoch [11/100] | Loss: 2.9734 (Cls: 2.5533, Adv: 2.8007) | Train Acc: 0.7452 | Val Acc: 0.3130 | Val P/R/F1 (Macro): 0.3008/0.2648/0.2481 | LR: 0.000010
Epoch [12/100] | Loss: 2.8076 (Cls: 2.3704, Adv: 2.9149) | Train Acc: 0.7764 | Val Acc: 0.2783 | Val P/R/F1 (Macro): 0.3931/0.2726/0.2709 | LR: 0.000005
Epoch [13/100] | Loss: 2.8377 (Cls: 2.3775, Adv: 3.0681) | Train Acc: 0.7716 | Val Acc: 0.3391 | Val P/R/F1 (Macro): 0.4361/0.3101/0.3221 | LR: 0.000005
Epoch [14/100] | Loss: 2.7327 (Cls: 2.2416, Adv: 3.2735) | Train Acc: 0.8149 | Val Acc: 0.3043 | Val P/R/F1 (Macro): 0.3471/0.2646/0.2573 | LR: 0.000005
Epoch [15/100] | Loss: 2.6940 (Cls: 2.1867, Adv: 3.3815) | Train Acc: 0.8534 | Val Acc: 0.3217 | Val P/R/F1 (Macro): 0.3712/0.2827/0.3044 | LR: 0.000005
Epoch [16/100] | Loss: 2.6712 (Cls: 2.1521, Adv: 3.4609) | Train Acc: 0.8149 | Val Acc: 0.3304 | Val P/R/F1 (Macro): 0.2831/0.2725/0.2533 | LR: 0.000005
Epoch [17/100] | Loss: 2.7231 (Cls: 2.2229, Adv: 3.3347) | Train Acc: 0.8221 | Val Acc: 0.3565 | Val P/R/F1 (Macro): 0.3079/0.2795/0.2631 | LR: 0.000005
Epoch [18/100] | Loss: 2.6785 (Cls: 2.1414, Adv: 3.5806) | Train Acc: 0.8510 | Val Acc: 0.3565 | Val P/R/F1 (Macro): 0.2792/0.2658/0.2575 | LR: 0.000005
Epoch [19/100] | Loss: 2.7223 (Cls: 2.1690, Adv: 3.6888) | Train Acc: 0.8341 | Val Acc: 0.3043 | Val P/R/F1 (Macro): 0.3627/0.2656/0.2744 | LR: 0.000005
Epoch [20/100] | Loss: 2.6910 (Cls: 2.1330, Adv: 3.7198) | Train Acc: 0.8438 | Val Acc: 0.3739 | Val P/R/F1 (Macro): 0.3818/0.3050/0.2984 | LR: 0.000005
  >>> New Best Val Acc: 0.3739
Epoch [21/100] | Loss: 2.6163 (Cls: 2.0319, Adv: 3.8962) | Train Acc: 0.8654 | Val Acc: 0.3130 | Val P/R/F1 (Macro): 0.2512/0.2341/0.2196 | LR: 0.000005
Epoch [22/100] | Loss: 2.6461 (Cls: 2.0394, Adv: 4.0448) | Train Acc: 0.8438 | Val Acc: 0.3130 | Val P/R/F1 (Macro): 0.3682/0.2718/0.2826 | LR: 0.000005
Epoch [23/100] | Loss: 2.7019 (Cls: 2.1031, Adv: 3.9920) | Train Acc: 0.8486 | Val Acc: 0.3130 | Val P/R/F1 (Macro): 0.3562/0.2631/0.2661 | LR: 0.000005
Epoch [24/100] | Loss: 2.5113 (Cls: 1.9182, Adv: 3.9541) | Train Acc: 0.8822 | Val Acc: 0.3217 | Val P/R/F1 (Macro): 0.3812/0.2780/0.2861 | LR: 0.000005
Epoch [25/100] | Loss: 2.5763 (Cls: 1.9800, Adv: 3.9753) | Train Acc: 0.8654 | Val Acc: 0.3478 | Val P/R/F1 (Macro): 0.4002/0.2994/0.2934 | LR: 0.000005
Epoch [26/100] | Loss: 2.6201 (Cls: 2.0059, Adv: 4.0947) | Train Acc: 0.8534 | Val Acc: 0.3478 | Val P/R/F1 (Macro): 0.3037/0.2690/0.2525 | LR: 0.000005
Epoch [27/100] | Loss: 2.6376 (Cls: 2.0087, Adv: 4.1927) | Train Acc: 0.8534 | Val Acc: 0.3565 | Val P/R/F1 (Macro): 0.3800/0.2800/0.2717 | LR: 0.000005
Epoch [28/100] | Loss: 2.6833 (Cls: 2.0627, Adv: 4.1375) | Train Acc: 0.8558 | Val Acc: 0.3130 | Val P/R/F1 (Macro): 0.4819/0.2839/0.3037 | LR: 0.000005
Epoch [29/100] | Loss: 2.6149 (Cls: 1.9766, Adv: 4.2554) | Train Acc: 0.8774 | Val Acc: 0.3565 | Val P/R/F1 (Macro): 0.5617/0.3291/0.3536 | LR: 0.000005
Epoch [30/100] | Loss: 2.4790 (Cls: 1.8554, Adv: 4.1577) | Train Acc: 0.9062 | Val Acc: 0.3478 | Val P/R/F1 (Macro): 0.4414/0.3122/0.3309 | LR: 0.000005
Epoch [31/100] | Loss: 2.6097 (Cls: 1.9807, Adv: 4.1930) | Train Acc: 0.8606 | Val Acc: 0.3652 | Val P/R/F1 (Macro): 0.4008/0.2903/0.2759 | LR: 0.000003
Epoch [32/100] | Loss: 2.5600 (Cls: 1.9134, Adv: 4.3103) | Train Acc: 0.8846 | Val Acc: 0.3304 | Val P/R/F1 (Macro): 0.5298/0.3058/0.3183 | LR: 0.000003
Epoch [33/100] | Loss: 2.4762 (Cls: 1.8323, Adv: 4.2930) | Train Acc: 0.8942 | Val Acc: 0.3913 | Val P/R/F1 (Macro): 0.5099/0.3340/0.3453 | LR: 0.000003
  >>> New Best Val Acc: 0.3913
Epoch [34/100] | Loss: 2.6758 (Cls: 2.0133, Adv: 4.4164) | Train Acc: 0.8534 | Val Acc: 0.3304 | Val P/R/F1 (Macro): 0.4826/0.2974/0.3072 | LR: 0.000003
Epoch [35/100] | Loss: 2.5262 (Cls: 1.8733, Adv: 4.3527) | Train Acc: 0.8918 | Val Acc: 0.3391 | Val P/R/F1 (Macro): 0.5874/0.3044/0.3253 | LR: 0.000003
Epoch [36/100] | Loss: 2.6402 (Cls: 1.9813, Adv: 4.3930) | Train Acc: 0.8486 | Val Acc: 0.3043 | Val P/R/F1 (Macro): 0.5320/0.2860/0.3016 | LR: 0.000003
Epoch [37/100] | Loss: 2.5672 (Cls: 1.8993, Adv: 4.4522) | Train Acc: 0.8774 | Val Acc: 0.3478 | Val P/R/F1 (Macro): 0.4568/0.3021/0.2944 | LR: 0.000003
Epoch [38/100] | Loss: 2.5488 (Cls: 1.8681, Adv: 4.5379) | Train Acc: 0.8990 | Val Acc: 0.3565 | Val P/R/F1 (Macro): 0.4015/0.2802/0.2790 | LR: 0.000003
Epoch [39/100] | Loss: 2.5937 (Cls: 1.9154, Adv: 4.5222) | Train Acc: 0.8558 | Val Acc: 0.3739 | Val P/R/F1 (Macro): 0.4993/0.3258/0.3331 | LR: 0.000003
Epoch [40/100] | Loss: 2.5525 (Cls: 1.8743, Adv: 4.5215) | Train Acc: 0.8918 | Val Acc: 0.3913 | Val P/R/F1 (Macro): 0.5214/0.3356/0.3439 | LR: 0.000003
Epoch [41/100] | Loss: 2.5530 (Cls: 1.8705, Adv: 4.5499) | Train Acc: 0.8702 | Val Acc: 0.3565 | Val P/R/F1 (Macro): 0.5283/0.3117/0.3298 | LR: 0.000003
Epoch [42/100] | Loss: 2.5616 (Cls: 1.8812, Adv: 4.5355) | Train Acc: 0.8774 | Val Acc: 0.3652 | Val P/R/F1 (Macro): 0.4240/0.3015/0.3040 | LR: 0.000003
Epoch [43/100] | Loss: 2.4391 (Cls: 1.7678, Adv: 4.4748) | Train Acc: 0.9038 | Val Acc: 0.3739 | Val P/R/F1 (Macro): 0.5524/0.3269/0.3504 | LR: 0.000003
Epoch [44/100] | Loss: 2.5197 (Cls: 1.8400, Adv: 4.5310) | Train Acc: 0.8798 | Val Acc: 0.3826 | Val P/R/F1 (Macro): 0.4983/0.3302/0.3529 | LR: 0.000001
Epoch [45/100] | Loss: 2.5433 (Cls: 1.8440, Adv: 4.6620) | Train Acc: 0.8798 | Val Acc: 0.3913 | Val P/R/F1 (Macro): 0.4417/0.3049/0.3061 | LR: 0.000001
Epoch [46/100] | Loss: 2.5821 (Cls: 1.8954, Adv: 4.5786) | Train Acc: 0.8534 | Val Acc: 0.3826 | Val P/R/F1 (Macro): 0.6207/0.3318/0.3518 | LR: 0.000001
Epoch [47/100] | Loss: 2.4959 (Cls: 1.8070, Adv: 4.5927) | Train Acc: 0.8726 | Val Acc: 0.3652 | Val P/R/F1 (Macro): 0.6077/0.3171/0.3316 | LR: 0.000001
Epoch [48/100] | Loss: 2.4910 (Cls: 1.7988, Adv: 4.6151) | Train Acc: 0.8990 | Val Acc: 0.3739 | Val P/R/F1 (Macro): 0.5579/0.3234/0.3445 | LR: 0.000001
Epoch [49/100] | Loss: 2.5645 (Cls: 1.8744, Adv: 4.6001) | Train Acc: 0.8606 | Val Acc: 0.3739 | Val P/R/F1 (Macro): 0.6105/0.3234/0.3434 | LR: 0.000001
Epoch [50/100] | Loss: 2.4861 (Cls: 1.7923, Adv: 4.6252) | Train Acc: 0.8798 | Val Acc: 0.4087 | Val P/R/F1 (Macro): 0.5290/0.3391/0.3506 | LR: 0.000001
  >>> New Best Val Acc: 0.4087
Epoch [51/100] | Loss: 2.4993 (Cls: 1.7899, Adv: 4.7292) | Train Acc: 0.9159 | Val Acc: 0.4087 | Val P/R/F1 (Macro): 0.6212/0.3437/0.3640 | LR: 0.000001
Epoch [52/100] | Loss: 2.5180 (Cls: 1.7994, Adv: 4.7911) | Train Acc: 0.8846 | Val Acc: 0.4174 | Val P/R/F1 (Macro): 0.6285/0.3477/0.3660 | LR: 0.000001
  >>> New Best Val Acc: 0.4174
Epoch [53/100] | Loss: 2.4974 (Cls: 1.7845, Adv: 4.7527) | Train Acc: 0.8942 | Val Acc: 0.3913 | Val P/R/F1 (Macro): 0.5543/0.3358/0.3523 | LR: 0.000001
Epoch [54/100] | Loss: 2.4101 (Cls: 1.7009, Adv: 4.7284) | Train Acc: 0.9231 | Val Acc: 0.3826 | Val P/R/F1 (Macro): 0.5026/0.3113/0.3129 | LR: 0.000001
Epoch [55/100] | Loss: 2.5415 (Cls: 1.8371, Adv: 4.6958) | Train Acc: 0.8918 | Val Acc: 0.3739 | Val P/R/F1 (Macro): 0.4940/0.3234/0.3379 | LR: 0.000001
Epoch [56/100] | Loss: 2.6002 (Cls: 1.8894, Adv: 4.7391) | Train Acc: 0.8534 | Val Acc: 0.4087 | Val P/R/F1 (Macro): 0.5677/0.3481/0.3651 | LR: 0.000001
Epoch [57/100] | Loss: 2.4838 (Cls: 1.7692, Adv: 4.7641) | Train Acc: 0.9014 | Val Acc: 0.4000 | Val P/R/F1 (Macro): 0.6116/0.3397/0.3577 | LR: 0.000001
Epoch [58/100] | Loss: 2.5412 (Cls: 1.8195, Adv: 4.8119) | Train Acc: 0.9159 | Val Acc: 0.4087 | Val P/R/F1 (Macro): 0.5733/0.3459/0.3647 | LR: 0.000001
Epoch [59/100] | Loss: 2.5216 (Cls: 1.8054, Adv: 4.7748) | Train Acc: 0.8774 | Val Acc: 0.4000 | Val P/R/F1 (Macro): 0.5674/0.3375/0.3608 | LR: 0.000001
Epoch [60/100] | Loss: 2.4662 (Cls: 1.7554, Adv: 4.7389) | Train Acc: 0.9087 | Val Acc: 0.4348 | Val P/R/F1 (Macro): 0.6322/0.3600/0.3774 | LR: 0.000001
  >>> New Best Val Acc: 0.4348
Epoch [61/100] | Loss: 2.3783 (Cls: 1.6872, Adv: 4.6077) | Train Acc: 0.9111 | Val Acc: 0.4000 | Val P/R/F1 (Macro): 0.5098/0.3199/0.3241 | LR: 0.000001
Epoch [62/100] | Loss: 2.5210 (Cls: 1.8144, Adv: 4.7109) | Train Acc: 0.9014 | Val Acc: 0.4087 | Val P/R/F1 (Macro): 0.5279/0.3280/0.3326 | LR: 0.000001
Epoch [63/100] | Loss: 2.4605 (Cls: 1.7505, Adv: 4.7335) | Train Acc: 0.9159 | Val Acc: 0.4087 | Val P/R/F1 (Macro): 0.4524/0.3276/0.3263 | LR: 0.000001
Epoch [64/100] | Loss: 2.4957 (Cls: 1.7885, Adv: 4.7150) | Train Acc: 0.8822 | Val Acc: 0.4087 | Val P/R/F1 (Macro): 0.4646/0.3276/0.3269 | LR: 0.000001
Epoch [65/100] | Loss: 2.4439 (Cls: 1.7191, Adv: 4.8321) | Train Acc: 0.9038 | Val Acc: 0.4000 | Val P/R/F1 (Macro): 0.5766/0.3441/0.3631 | LR: 0.000001
Epoch [66/100] | Loss: 2.4462 (Cls: 1.7197, Adv: 4.8433) | Train Acc: 0.8942 | Val Acc: 0.4261 | Val P/R/F1 (Macro): 0.5146/0.3403/0.3388 | LR: 0.000001
Epoch [67/100] | Loss: 2.5226 (Cls: 1.8188, Adv: 4.6920) | Train Acc: 0.8774 | Val Acc: 0.4261 | Val P/R/F1 (Macro): 0.5184/0.3422/0.3373 | LR: 0.000001
Epoch [68/100] | Loss: 2.3928 (Cls: 1.6872, Adv: 4.7038) | Train Acc: 0.9303 | Val Acc: 0.4348 | Val P/R/F1 (Macro): 0.4746/0.3462/0.3408 | LR: 0.000001
Epoch [69/100] | Loss: 2.4682 (Cls: 1.7405, Adv: 4.8518) | Train Acc: 0.8870 | Val Acc: 0.4087 | Val P/R/F1 (Macro): 0.4768/0.3283/0.3305 | LR: 0.000001
Epoch [70/100] | Loss: 2.4826 (Cls: 1.7555, Adv: 4.8472) | Train Acc: 0.9062 | Val Acc: 0.4261 | Val P/R/F1 (Macro): 0.4770/0.3403/0.3356 | LR: 0.000001
Epoch [71/100] | Loss: 2.4309 (Cls: 1.6995, Adv: 4.8758) | Train Acc: 0.9038 | Val Acc: 0.4087 | Val P/R/F1 (Macro): 0.4581/0.3261/0.3294 | LR: 0.000001
Epoch [72/100] | Loss: 2.5096 (Cls: 1.7821, Adv: 4.8502) | Train Acc: 0.8846 | Val Acc: 0.4174 | Val P/R/F1 (Macro): 0.4803/0.3338/0.3341 | LR: 0.000001
Epoch [73/100] | Loss: 2.4966 (Cls: 1.7678, Adv: 4.8589) | Train Acc: 0.8918 | Val Acc: 0.4261 | Val P/R/F1 (Macro): 0.5341/0.3515/0.3632 | LR: 0.000001
Epoch [74/100] | Loss: 2.4839 (Cls: 1.7476, Adv: 4.9086) | Train Acc: 0.9087 | Val Acc: 0.4000 | Val P/R/F1 (Macro): 0.4501/0.3240/0.3268 | LR: 0.000001
Epoch [75/100] | Loss: 2.5262 (Cls: 1.7756, Adv: 5.0042) | Train Acc: 0.8822 | Val Acc: 0.4000 | Val P/R/F1 (Macro): 0.4498/0.3240/0.3242 | LR: 0.000001
Epoch [76/100] | Loss: 2.4892 (Cls: 1.7576, Adv: 4.8774) | Train Acc: 0.8918 | Val Acc: 0.4087 | Val P/R/F1 (Macro): 0.5735/0.3459/0.3609 | LR: 0.000001
Epoch [77/100] | Loss: 2.5114 (Cls: 1.7586, Adv: 5.0187) | Train Acc: 0.8774 | Val Acc: 0.3826 | Val P/R/F1 (Macro): 0.5497/0.3302/0.3497 | LR: 0.000001
Epoch [78/100] | Loss: 2.5030 (Cls: 1.7473, Adv: 5.0381) | Train Acc: 0.9014 | Val Acc: 0.4435 | Val P/R/F1 (Macro): 0.5919/0.3668/0.3865 | LR: 0.000001
  >>> New Best Val Acc: 0.4435
Epoch [79/100] | Loss: 2.5432 (Cls: 1.7850, Adv: 5.0545) | Train Acc: 0.8894 | Val Acc: 0.4348 | Val P/R/F1 (Macro): 0.5760/0.3581/0.3751 | LR: 0.000001
Epoch [80/100] | Loss: 2.3895 (Cls: 1.6280, Adv: 5.0766) | Train Acc: 0.9327 | Val Acc: 0.4087 | Val P/R/F1 (Macro): 0.4295/0.3264/0.3296 | LR: 0.000001
Epoch [81/100] | Loss: 2.4327 (Cls: 1.6844, Adv: 4.9892) | Train Acc: 0.9159 | Val Acc: 0.4174 | Val P/R/F1 (Macro): 0.5770/0.3499/0.3698 | LR: 0.000001
Epoch [82/100] | Loss: 2.4935 (Cls: 1.7341, Adv: 5.0626) | Train Acc: 0.9087 | Val Acc: 0.4522 | Val P/R/F1 (Macro): 0.5995/0.3702/0.3844 | LR: 0.000001
  >>> New Best Val Acc: 0.4522
Epoch [83/100] | Loss: 2.4528 (Cls: 1.6929, Adv: 5.0657) | Train Acc: 0.9159 | Val Acc: 0.4000 | Val P/R/F1 (Macro): 0.5653/0.3401/0.3633 | LR: 0.000001
Epoch [84/100] | Loss: 2.4161 (Cls: 1.6478, Adv: 5.1215) | Train Acc: 0.9014 | Val Acc: 0.3913 | Val P/R/F1 (Macro): 0.4299/0.3200/0.3191 | LR: 0.000001
Epoch [85/100] | Loss: 2.5361 (Cls: 1.7720, Adv: 5.0937) | Train Acc: 0.9087 | Val Acc: 0.4087 | Val P/R/F1 (Macro): 0.4584/0.3280/0.3322 | LR: 0.000001
Epoch [86/100] | Loss: 2.5325 (Cls: 1.7442, Adv: 5.2554) | Train Acc: 0.8822 | Val Acc: 0.3739 | Val P/R/F1 (Macro): 0.5321/0.3225/0.3496 | LR: 0.000001
Epoch [87/100] | Loss: 2.4837 (Cls: 1.7126, Adv: 5.1404) | Train Acc: 0.9062 | Val Acc: 0.3739 | Val P/R/F1 (Macro): 0.5452/0.3237/0.3462 | LR: 0.000001
Epoch [88/100] | Loss: 2.4335 (Cls: 1.6658, Adv: 5.1180) | Train Acc: 0.9135 | Val Acc: 0.4174 | Val P/R/F1 (Macro): 0.5704/0.3502/0.3683 | LR: 0.000001
Epoch [89/100] | Loss: 2.5612 (Cls: 1.7757, Adv: 5.2363) | Train Acc: 0.8942 | Val Acc: 0.4174 | Val P/R/F1 (Macro): 0.5680/0.3524/0.3681 | LR: 0.000001
Epoch [90/100] | Loss: 2.4766 (Cls: 1.6811, Adv: 5.3029) | Train Acc: 0.9255 | Val Acc: 0.4087 | Val P/R/F1 (Macro): 0.4279/0.3242/0.3252 | LR: 0.000001
Epoch [91/100] | Loss: 2.4679 (Cls: 1.6880, Adv: 5.1992) | Train Acc: 0.9087 | Val Acc: 0.4000 | Val P/R/F1 (Macro): 0.4456/0.3206/0.3233 | LR: 0.000001
Epoch [92/100] | Loss: 2.5120 (Cls: 1.7318, Adv: 5.2012) | Train Acc: 0.9014 | Val Acc: 0.3913 | Val P/R/F1 (Macro): 0.4308/0.3153/0.3186 | LR: 0.000001
Epoch [93/100] | Loss: 2.5322 (Cls: 1.7573, Adv: 5.1659) | Train Acc: 0.8894 | Val Acc: 0.3913 | Val P/R/F1 (Macro): 0.4562/0.3178/0.3231 | LR: 0.000001
Epoch [94/100] | Loss: 2.4887 (Cls: 1.6987, Adv: 5.2668) | Train Acc: 0.9014 | Val Acc: 0.3913 | Val P/R/F1 (Macro): 0.5572/0.3317/0.3544 | LR: 0.000001
Epoch [95/100] | Loss: 2.5001 (Cls: 1.7186, Adv: 5.2097) | Train Acc: 0.9111 | Val Acc: 0.4174 | Val P/R/F1 (Macro): 0.4707/0.3316/0.3329 | LR: 0.000001
Epoch [96/100] | Loss: 2.4604 (Cls: 1.6989, Adv: 5.0766) | Train Acc: 0.9183 | Val Acc: 0.4000 | Val P/R/F1 (Macro): 0.4443/0.3240/0.3197 | LR: 0.000001
Epoch [97/100] | Loss: 2.4158 (Cls: 1.6320, Adv: 5.2252) | Train Acc: 0.9231 | Val Acc: 0.3913 | Val P/R/F1 (Macro): 0.4389/0.3166/0.3203 | LR: 0.000001
Epoch [98/100] | Loss: 2.5100 (Cls: 1.7310, Adv: 5.1935) | Train Acc: 0.8966 | Val Acc: 0.3739 | Val P/R/F1 (Macro): 0.4372/0.3058/0.3139 | LR: 0.000001
Epoch [99/100] | Loss: 2.4939 (Cls: 1.7073, Adv: 5.2439) | Train Acc: 0.9014 | Val Acc: 0.4348 | Val P/R/F1 (Macro): 0.4722/0.3440/0.3405 | LR: 0.000001
Epoch [100/100] | Loss: 2.4647 (Cls: 1.6948, Adv: 5.1329) | Train Acc: 0.9159 | Val Acc: 0.4261 | Val P/R/F1 (Macro): 0.4524/0.3400/0.3399 | LR: 0.000001

迭代 2 最佳指标:
  Accuracy: 0.4522
  Precision (Macro): 0.5995
  Recall (Macro): 0.3702
  F1 (Macro): 0.3844
  Precision (Micro): 0.4522
  Recall (Micro): 0.4522
  F1 (Micro): 0.4522
  Val class coverage: 9/14 (0.6429), samples=115

================================================================================
迭代 3/5
随机种子: 44
================================================================================
Training mode: unsupervised target adaptation (target labels ignored in training).
Epoch [1/100] | Loss: 5.7189 (Cls: 5.6790, Adv: 0.2660) | Train Acc: 0.1250 | Val Acc: 0.1652 | Val P/R/F1 (Macro): 0.1161/0.1772/0.1114 | LR: 0.000010
  >>> New Best Val Acc: 0.1652
Epoch [2/100] | Loss: 4.8720 (Cls: 4.8144, Adv: 0.3839) | Train Acc: 0.2981 | Val Acc: 0.2783 | Val P/R/F1 (Macro): 0.3478/0.2299/0.1806 | LR: 0.000010
  >>> New Best Val Acc: 0.2783
Epoch [3/100] | Loss: 4.5034 (Cls: 4.4097, Adv: 0.6246) | Train Acc: 0.3534 | Val Acc: 0.2087 | Val P/R/F1 (Macro): 0.1644/0.1953/0.1425 | LR: 0.000010
Epoch [4/100] | Loss: 3.9485 (Cls: 3.8260, Adv: 0.8165) | Train Acc: 0.5072 | Val Acc: 0.2174 | Val P/R/F1 (Macro): 0.2389/0.1873/0.1728 | LR: 0.000010
Epoch [5/100] | Loss: 3.5184 (Cls: 3.3670, Adv: 1.0096) | Train Acc: 0.5938 | Val Acc: 0.2609 | Val P/R/F1 (Macro): 0.2196/0.2023/0.1912 | LR: 0.000010
Epoch [6/100] | Loss: 3.2472 (Cls: 3.0811, Adv: 1.1072) | Train Acc: 0.6827 | Val Acc: 0.2609 | Val P/R/F1 (Macro): 0.2783/0.2114/0.2074 | LR: 0.000010
Epoch [7/100] | Loss: 3.2114 (Cls: 2.9993, Adv: 1.4138) | Train Acc: 0.6322 | Val Acc: 0.3043 | Val P/R/F1 (Macro): 0.2693/0.2415/0.2372 | LR: 0.000010
  >>> New Best Val Acc: 0.3043
Epoch [8/100] | Loss: 3.0170 (Cls: 2.7604, Adv: 1.7103) | Train Acc: 0.7260 | Val Acc: 0.2957 | Val P/R/F1 (Macro): 0.3049/0.2354/0.2483 | LR: 0.000010
Epoch [9/100] | Loss: 3.1432 (Cls: 2.8174, Adv: 2.1715) | Train Acc: 0.7115 | Val Acc: 0.3565 | Val P/R/F1 (Macro): 0.3229/0.2798/0.2829 | LR: 0.000010
  >>> New Best Val Acc: 0.3565
Epoch [10/100] | Loss: 2.9947 (Cls: 2.6378, Adv: 2.3795) | Train Acc: 0.7524 | Val Acc: 0.3826 | Val P/R/F1 (Macro): 0.3139/0.2805/0.2720 | LR: 0.000010
  >>> New Best Val Acc: 0.3826
Epoch [11/100] | Loss: 2.8811 (Cls: 2.5103, Adv: 2.4723) | Train Acc: 0.7620 | Val Acc: 0.2870 | Val P/R/F1 (Macro): 0.2495/0.2315/0.2130 | LR: 0.000010
Epoch [12/100] | Loss: 2.8707 (Cls: 2.4757, Adv: 2.6338) | Train Acc: 0.7764 | Val Acc: 0.2870 | Val P/R/F1 (Macro): 0.2877/0.2429/0.2240 | LR: 0.000010
Epoch [13/100] | Loss: 2.9099 (Cls: 2.4920, Adv: 2.7863) | Train Acc: 0.7500 | Val Acc: 0.3391 | Val P/R/F1 (Macro): 0.3263/0.2570/0.2675 | LR: 0.000010
Epoch [14/100] | Loss: 2.8667 (Cls: 2.4119, Adv: 3.0316) | Train Acc: 0.7933 | Val Acc: 0.2870 | Val P/R/F1 (Macro): 0.2724/0.2354/0.2282 | LR: 0.000010
Epoch [15/100] | Loss: 2.8166 (Cls: 2.3551, Adv: 3.0761) | Train Acc: 0.8101 | Val Acc: 0.3826 | Val P/R/F1 (Macro): 0.3307/0.3006/0.2893 | LR: 0.000010
Epoch [16/100] | Loss: 2.6423 (Cls: 2.1803, Adv: 3.0797) | Train Acc: 0.8269 | Val Acc: 0.4000 | Val P/R/F1 (Macro): 0.4848/0.2941/0.3158 | LR: 0.000010
  >>> New Best Val Acc: 0.4000
Epoch [17/100] | Loss: 2.8287 (Cls: 2.3515, Adv: 3.1809) | Train Acc: 0.8101 | Val Acc: 0.2783 | Val P/R/F1 (Macro): 0.3071/0.2457/0.2271 | LR: 0.000010
Epoch [18/100] | Loss: 2.7310 (Cls: 2.2433, Adv: 3.2510) | Train Acc: 0.8173 | Val Acc: 0.3739 | Val P/R/F1 (Macro): 0.3948/0.3033/0.3118 | LR: 0.000010
Epoch [19/100] | Loss: 2.5692 (Cls: 2.0851, Adv: 3.2269) | Train Acc: 0.8389 | Val Acc: 0.3130 | Val P/R/F1 (Macro): 0.2856/0.2533/0.2518 | LR: 0.000010
Epoch [20/100] | Loss: 2.6998 (Cls: 2.1803, Adv: 3.4633) | Train Acc: 0.8510 | Val Acc: 0.3130 | Val P/R/F1 (Macro): 0.3198/0.2607/0.2386 | LR: 0.000010
Epoch [21/100] | Loss: 2.7826 (Cls: 2.2579, Adv: 3.4981) | Train Acc: 0.8341 | Val Acc: 0.3652 | Val P/R/F1 (Macro): 0.3729/0.2764/0.2855 | LR: 0.000010
Epoch [22/100] | Loss: 2.4885 (Cls: 1.9483, Adv: 3.6015) | Train Acc: 0.8798 | Val Acc: 0.3391 | Val P/R/F1 (Macro): 0.3139/0.2558/0.2572 | LR: 0.000010
Epoch [23/100] | Loss: 2.6098 (Cls: 2.0618, Adv: 3.6534) | Train Acc: 0.8510 | Val Acc: 0.3739 | Val P/R/F1 (Macro): 0.4412/0.3128/0.3204 | LR: 0.000010
Epoch [24/100] | Loss: 2.6097 (Cls: 2.0665, Adv: 3.6216) | Train Acc: 0.8534 | Val Acc: 0.3217 | Val P/R/F1 (Macro): 0.3124/0.2388/0.2525 | LR: 0.000010
Epoch [25/100] | Loss: 2.6399 (Cls: 2.0638, Adv: 3.8402) | Train Acc: 0.8438 | Val Acc: 0.3304 | Val P/R/F1 (Macro): 0.4326/0.2696/0.2755 | LR: 0.000010
Epoch [26/100] | Loss: 2.5646 (Cls: 1.9884, Adv: 3.8412) | Train Acc: 0.8534 | Val Acc: 0.3739 | Val P/R/F1 (Macro): 0.3832/0.3058/0.3136 | LR: 0.000010
Epoch [27/100] | Loss: 2.5208 (Cls: 1.9592, Adv: 3.7440) | Train Acc: 0.8582 | Val Acc: 0.3391 | Val P/R/F1 (Macro): 0.3225/0.2533/0.2601 | LR: 0.000005
Epoch [28/100] | Loss: 2.5013 (Cls: 1.9410, Adv: 3.7350) | Train Acc: 0.8678 | Val Acc: 0.3391 | Val P/R/F1 (Macro): 0.3276/0.2536/0.2687 | LR: 0.000005
Epoch [29/100] | Loss: 2.5215 (Cls: 1.9337, Adv: 3.9186) | Train Acc: 0.8678 | Val Acc: 0.3304 | Val P/R/F1 (Macro): 0.2701/0.2625/0.2438 | LR: 0.000005
Epoch [30/100] | Loss: 2.4641 (Cls: 1.8839, Adv: 3.8683) | Train Acc: 0.8894 | Val Acc: 0.3826 | Val P/R/F1 (Macro): 0.4156/0.3050/0.2995 | LR: 0.000005
Epoch [31/100] | Loss: 2.4912 (Cls: 1.9154, Adv: 3.8383) | Train Acc: 0.8822 | Val Acc: 0.3391 | Val P/R/F1 (Macro): 0.3336/0.2652/0.2676 | LR: 0.000005
Epoch [32/100] | Loss: 2.4200 (Cls: 1.8239, Adv: 3.9737) | Train Acc: 0.9014 | Val Acc: 0.3913 | Val P/R/F1 (Macro): 0.3965/0.2897/0.2939 | LR: 0.000005
Epoch [33/100] | Loss: 2.4548 (Cls: 1.8556, Adv: 3.9943) | Train Acc: 0.8894 | Val Acc: 0.3652 | Val P/R/F1 (Macro): 0.4136/0.2684/0.2808 | LR: 0.000005
Epoch [34/100] | Loss: 2.4002 (Cls: 1.7847, Adv: 4.1031) | Train Acc: 0.8918 | Val Acc: 0.3739 | Val P/R/F1 (Macro): 0.3499/0.2869/0.2917 | LR: 0.000005
Epoch [35/100] | Loss: 2.3969 (Cls: 1.7727, Adv: 4.1612) | Train Acc: 0.8918 | Val Acc: 0.3217 | Val P/R/F1 (Macro): 0.2772/0.2468/0.2357 | LR: 0.000005
Epoch [36/100] | Loss: 2.3979 (Cls: 1.7578, Adv: 4.2671) | Train Acc: 0.9087 | Val Acc: 0.3391 | Val P/R/F1 (Macro): 0.3046/0.2549/0.2541 | LR: 0.000005
Epoch [37/100] | Loss: 2.5208 (Cls: 1.9014, Adv: 4.1292) | Train Acc: 0.8702 | Val Acc: 0.3478 | Val P/R/F1 (Macro): 0.2756/0.2490/0.2371 | LR: 0.000005
Epoch [38/100] | Loss: 2.5206 (Cls: 1.8871, Adv: 4.2231) | Train Acc: 0.8822 | Val Acc: 0.3478 | Val P/R/F1 (Macro): 0.2882/0.2487/0.2394 | LR: 0.000003
Epoch [39/100] | Loss: 2.3739 (Cls: 1.7421, Adv: 4.2119) | Train Acc: 0.8990 | Val Acc: 0.3391 | Val P/R/F1 (Macro): 0.2853/0.2432/0.2398 | LR: 0.000003
Epoch [40/100] | Loss: 2.4340 (Cls: 1.8165, Adv: 4.1165) | Train Acc: 0.8894 | Val Acc: 0.3217 | Val P/R/F1 (Macro): 0.2874/0.2308/0.2341 | LR: 0.000003
Epoch [41/100] | Loss: 2.4898 (Cls: 1.8474, Adv: 4.2825) | Train Acc: 0.9038 | Val Acc: 0.3652 | Val P/R/F1 (Macro): 0.3157/0.2829/0.2746 | LR: 0.000003
Epoch [42/100] | Loss: 2.4525 (Cls: 1.8127, Adv: 4.2654) | Train Acc: 0.9207 | Val Acc: 0.3391 | Val P/R/F1 (Macro): 0.3019/0.2432/0.2389 | LR: 0.000003
Epoch [43/100] | Loss: 2.3655 (Cls: 1.7251, Adv: 4.2692) | Train Acc: 0.9062 | Val Acc: 0.3652 | Val P/R/F1 (Macro): 0.3217/0.2718/0.2723 | LR: 0.000003
Epoch [44/100] | Loss: 2.3944 (Cls: 1.7414, Adv: 4.3533) | Train Acc: 0.9159 | Val Acc: 0.3739 | Val P/R/F1 (Macro): 0.3366/0.2866/0.2891 | LR: 0.000003
Epoch [45/100] | Loss: 2.3962 (Cls: 1.7307, Adv: 4.4369) | Train Acc: 0.9014 | Val Acc: 0.3652 | Val P/R/F1 (Macro): 0.3281/0.2722/0.2781 | LR: 0.000003
Epoch [46/100] | Loss: 2.3536 (Cls: 1.6871, Adv: 4.4432) | Train Acc: 0.9135 | Val Acc: 0.3652 | Val P/R/F1 (Macro): 0.3174/0.2718/0.2736 | LR: 0.000003
Epoch [47/100] | Loss: 2.3730 (Cls: 1.6993, Adv: 4.4916) | Train Acc: 0.9207 | Val Acc: 0.3739 | Val P/R/F1 (Macro): 0.3195/0.2869/0.2801 | LR: 0.000003
Epoch [48/100] | Loss: 2.4362 (Cls: 1.7674, Adv: 4.4584) | Train Acc: 0.9111 | Val Acc: 0.3565 | Val P/R/F1 (Macro): 0.3093/0.2595/0.2575 | LR: 0.000003
Epoch [49/100] | Loss: 2.4508 (Cls: 1.7776, Adv: 4.4879) | Train Acc: 0.8606 | Val Acc: 0.3652 | Val P/R/F1 (Macro): 0.3207/0.2826/0.2752 | LR: 0.000001
Epoch [50/100] | Loss: 2.4668 (Cls: 1.7877, Adv: 4.5270) | Train Acc: 0.9062 | Val Acc: 0.3652 | Val P/R/F1 (Macro): 0.3106/0.2826/0.2734 | LR: 0.000001
Epoch [51/100] | Loss: 2.4893 (Cls: 1.8015, Adv: 4.5850) | Train Acc: 0.8846 | Val Acc: 0.3652 | Val P/R/F1 (Macro): 0.3276/0.2764/0.2738 | LR: 0.000001
Epoch [52/100] | Loss: 2.3766 (Cls: 1.6984, Adv: 4.5217) | Train Acc: 0.9087 | Val Acc: 0.3565 | Val P/R/F1 (Macro): 0.2849/0.2698/0.2628 | LR: 0.000001
Epoch [53/100] | Loss: 2.3587 (Cls: 1.6733, Adv: 4.5689) | Train Acc: 0.9207 | Val Acc: 0.3826 | Val P/R/F1 (Macro): 0.3179/0.2927/0.2853 | LR: 0.000001
Epoch [54/100] | Loss: 2.5138 (Cls: 1.8506, Adv: 4.4218) | Train Acc: 0.8822 | Val Acc: 0.3739 | Val P/R/F1 (Macro): 0.3264/0.2869/0.2824 | LR: 0.000001
Epoch [55/100] | Loss: 2.3252 (Cls: 1.6522, Adv: 4.4869) | Train Acc: 0.9207 | Val Acc: 0.3652 | Val P/R/F1 (Macro): 0.3725/0.2700/0.2767 | LR: 0.000001
Epoch [56/100] | Loss: 2.4643 (Cls: 1.7730, Adv: 4.6089) | Train Acc: 0.8894 | Val Acc: 0.3652 | Val P/R/F1 (Macro): 0.3215/0.2672/0.2571 | LR: 0.000001
Epoch [57/100] | Loss: 2.4391 (Cls: 1.7589, Adv: 4.5347) | Train Acc: 0.8942 | Val Acc: 0.3478 | Val P/R/F1 (Macro): 0.2830/0.2490/0.2370 | LR: 0.000001
Epoch [58/100] | Loss: 2.3564 (Cls: 1.6598, Adv: 4.6440) | Train Acc: 0.9159 | Val Acc: 0.3478 | Val P/R/F1 (Macro): 0.3069/0.2530/0.2501 | LR: 0.000001
Epoch [59/100] | Loss: 2.3980 (Cls: 1.7238, Adv: 4.4952) | Train Acc: 0.9135 | Val Acc: 0.3478 | Val P/R/F1 (Macro): 0.3019/0.2555/0.2528 | LR: 0.000001
Epoch [60/100] | Loss: 2.4216 (Cls: 1.7261, Adv: 4.6371) | Train Acc: 0.8942 | Val Acc: 0.3739 | Val P/R/F1 (Macro): 0.3320/0.2888/0.2864 | LR: 0.000001
Epoch [61/100] | Loss: 2.4142 (Cls: 1.7124, Adv: 4.6790) | Train Acc: 0.9183 | Val Acc: 0.3565 | Val P/R/F1 (Macro): 0.3192/0.2762/0.2699 | LR: 0.000001
Epoch [62/100] | Loss: 2.4049 (Cls: 1.7051, Adv: 4.6654) | Train Acc: 0.9014 | Val Acc: 0.3391 | Val P/R/F1 (Macro): 0.3098/0.2683/0.2575 | LR: 0.000001
Epoch [63/100] | Loss: 2.4105 (Cls: 1.7260, Adv: 4.5627) | Train Acc: 0.8918 | Val Acc: 0.3478 | Val P/R/F1 (Macro): 0.3108/0.2750/0.2649 | LR: 0.000001
Epoch [64/100] | Loss: 2.3627 (Cls: 1.6677, Adv: 4.6332) | Train Acc: 0.9183 | Val Acc: 0.3652 | Val P/R/F1 (Macro): 0.3194/0.2829/0.2777 | LR: 0.000001
Epoch [65/100] | Loss: 2.3315 (Cls: 1.6515, Adv: 4.5333) | Train Acc: 0.9135 | Val Acc: 0.3391 | Val P/R/F1 (Macro): 0.3005/0.2642/0.2589 | LR: 0.000001
Epoch [66/100] | Loss: 2.3172 (Cls: 1.6371, Adv: 4.5338) | Train Acc: 0.9303 | Val Acc: 0.3565 | Val P/R/F1 (Macro): 0.3115/0.2740/0.2704 | LR: 0.000001
Epoch [67/100] | Loss: 2.3881 (Cls: 1.6619, Adv: 4.8412) | Train Acc: 0.9231 | Val Acc: 0.3478 | Val P/R/F1 (Macro): 0.3074/0.2682/0.2681 | LR: 0.000001
Epoch [68/100] | Loss: 2.3811 (Cls: 1.6703, Adv: 4.7391) | Train Acc: 0.9279 | Val Acc: 0.3478 | Val P/R/F1 (Macro): 0.3058/0.2617/0.2589 | LR: 0.000001
Epoch [69/100] | Loss: 2.3762 (Cls: 1.6628, Adv: 4.7562) | Train Acc: 0.9303 | Val Acc: 0.3652 | Val P/R/F1 (Macro): 0.3167/0.2718/0.2716 | LR: 0.000001
Epoch [70/100] | Loss: 2.3681 (Cls: 1.6491, Adv: 4.7936) | Train Acc: 0.9135 | Val Acc: 0.3391 | Val P/R/F1 (Macro): 0.3124/0.2577/0.2590 | LR: 0.000001
Epoch [71/100] | Loss: 2.3514 (Cls: 1.6313, Adv: 4.8004) | Train Acc: 0.9279 | Val Acc: 0.3739 | Val P/R/F1 (Macro): 0.3166/0.2777/0.2711 | LR: 0.000001
Epoch [72/100] | Loss: 2.4045 (Cls: 1.6693, Adv: 4.9010) | Train Acc: 0.9038 | Val Acc: 0.3478 | Val P/R/F1 (Macro): 0.2967/0.2614/0.2556 | LR: 0.000001
Epoch [73/100] | Loss: 2.4112 (Cls: 1.6844, Adv: 4.8452) | Train Acc: 0.9062 | Val Acc: 0.3565 | Val P/R/F1 (Macro): 0.3025/0.2740/0.2656 | LR: 0.000001
Epoch [74/100] | Loss: 2.4222 (Cls: 1.6890, Adv: 4.8879) | Train Acc: 0.9111 | Val Acc: 0.3391 | Val P/R/F1 (Macro): 0.3004/0.2493/0.2468 | LR: 0.000001
Epoch [75/100] | Loss: 2.3420 (Cls: 1.6014, Adv: 4.9375) | Train Acc: 0.9351 | Val Acc: 0.3565 | Val P/R/F1 (Macro): 0.3383/0.2619/0.2642 | LR: 0.000001
Epoch [76/100] | Loss: 2.4512 (Cls: 1.7091, Adv: 4.9475) | Train Acc: 0.9062 | Val Acc: 0.3652 | Val P/R/F1 (Macro): 0.3188/0.2802/0.2737 | LR: 0.000001
Epoch [77/100] | Loss: 2.4477 (Cls: 1.7083, Adv: 4.9295) | Train Acc: 0.8942 | Val Acc: 0.3739 | Val P/R/F1 (Macro): 0.3450/0.2869/0.2919 | LR: 0.000001
Epoch [78/100] | Loss: 2.4412 (Cls: 1.7036, Adv: 4.9174) | Train Acc: 0.9038 | Val Acc: 0.3565 | Val P/R/F1 (Macro): 0.3123/0.2786/0.2745 | LR: 0.000001
Epoch [79/100] | Loss: 2.3806 (Cls: 1.6373, Adv: 4.9551) | Train Acc: 0.9207 | Val Acc: 0.3652 | Val P/R/F1 (Macro): 0.3074/0.2807/0.2745 | LR: 0.000001
Epoch [80/100] | Loss: 2.4658 (Cls: 1.7133, Adv: 5.0168) | Train Acc: 0.9207 | Val Acc: 0.3652 | Val P/R/F1 (Macro): 0.3186/0.2718/0.2700 | LR: 0.000001
Epoch [81/100] | Loss: 2.4169 (Cls: 1.6709, Adv: 4.9733) | Train Acc: 0.9038 | Val Acc: 0.3565 | Val P/R/F1 (Macro): 0.3043/0.2657/0.2642 | LR: 0.000001
Epoch [82/100] | Loss: 2.4058 (Cls: 1.6663, Adv: 4.9304) | Train Acc: 0.9351 | Val Acc: 0.3652 | Val P/R/F1 (Macro): 0.3041/0.2742/0.2692 | LR: 0.000001
Epoch [83/100] | Loss: 2.3809 (Cls: 1.6336, Adv: 4.9824) | Train Acc: 0.9327 | Val Acc: 0.3565 | Val P/R/F1 (Macro): 0.3099/0.2767/0.2739 | LR: 0.000001
Epoch [84/100] | Loss: 2.3821 (Cls: 1.6288, Adv: 5.0221) | Train Acc: 0.9183 | Val Acc: 0.3652 | Val P/R/F1 (Macro): 0.3320/0.2802/0.2789 | LR: 0.000001
Epoch [85/100] | Loss: 2.4005 (Cls: 1.6577, Adv: 4.9525) | Train Acc: 0.9207 | Val Acc: 0.3565 | Val P/R/F1 (Macro): 0.3143/0.2702/0.2700 | LR: 0.000001
Epoch [86/100] | Loss: 2.4000 (Cls: 1.6702, Adv: 4.8653) | Train Acc: 0.9038 | Val Acc: 0.3652 | Val P/R/F1 (Macro): 0.3229/0.2807/0.2836 | LR: 0.000001
Epoch [87/100] | Loss: 2.3164 (Cls: 1.5796, Adv: 4.9116) | Train Acc: 0.9207 | Val Acc: 0.3739 | Val P/R/F1 (Macro): 0.3374/0.2804/0.2825 | LR: 0.000001
Epoch [88/100] | Loss: 2.4653 (Cls: 1.7050, Adv: 5.0685) | Train Acc: 0.9111 | Val Acc: 0.3565 | Val P/R/F1 (Macro): 0.3091/0.2679/0.2623 | LR: 0.000001
Epoch [89/100] | Loss: 2.3693 (Cls: 1.6265, Adv: 4.9521) | Train Acc: 0.9279 | Val Acc: 0.3739 | Val P/R/F1 (Macro): 0.3252/0.2869/0.2866 | LR: 0.000001
Epoch [90/100] | Loss: 2.3985 (Cls: 1.6625, Adv: 4.9070) | Train Acc: 0.9207 | Val Acc: 0.3652 | Val P/R/F1 (Macro): 0.3041/0.2718/0.2688 | LR: 0.000001
Epoch [91/100] | Loss: 2.3949 (Cls: 1.6416, Adv: 5.0216) | Train Acc: 0.9135 | Val Acc: 0.3565 | Val P/R/F1 (Macro): 0.2960/0.2595/0.2520 | LR: 0.000001
Epoch [92/100] | Loss: 2.3874 (Cls: 1.6502, Adv: 4.9146) | Train Acc: 0.9111 | Val Acc: 0.3565 | Val P/R/F1 (Macro): 0.3006/0.2610/0.2536 | LR: 0.000001
Epoch [93/100] | Loss: 2.4224 (Cls: 1.6656, Adv: 5.0451) | Train Acc: 0.9255 | Val Acc: 0.3652 | Val P/R/F1 (Macro): 0.3250/0.2745/0.2760 | LR: 0.000001
Epoch [94/100] | Loss: 2.4174 (Cls: 1.6652, Adv: 5.0150) | Train Acc: 0.9183 | Val Acc: 0.3652 | Val P/R/F1 (Macro): 0.3190/0.2829/0.2760 | LR: 0.000001
Epoch [95/100] | Loss: 2.3980 (Cls: 1.6447, Adv: 5.0221) | Train Acc: 0.9231 | Val Acc: 0.3652 | Val P/R/F1 (Macro): 0.3269/0.2764/0.2744 | LR: 0.000001
Epoch [96/100] | Loss: 2.4202 (Cls: 1.6683, Adv: 5.0127) | Train Acc: 0.9159 | Val Acc: 0.3565 | Val P/R/F1 (Macro): 0.3261/0.2706/0.2692 | LR: 0.000001
Epoch [97/100] | Loss: 2.4096 (Cls: 1.6535, Adv: 5.0406) | Train Acc: 0.9087 | Val Acc: 0.3478 | Val P/R/F1 (Macro): 0.3143/0.2620/0.2608 | LR: 0.000001
Epoch [98/100] | Loss: 2.3805 (Cls: 1.6248, Adv: 5.0380) | Train Acc: 0.9135 | Val Acc: 0.3652 | Val P/R/F1 (Macro): 0.3330/0.2829/0.2834 | LR: 0.000001
Epoch [99/100] | Loss: 2.4050 (Cls: 1.6703, Adv: 4.8975) | Train Acc: 0.9279 | Val Acc: 0.3652 | Val P/R/F1 (Macro): 0.3237/0.2802/0.2758 | LR: 0.000001
Epoch [100/100] | Loss: 2.4276 (Cls: 1.6677, Adv: 5.0661) | Train Acc: 0.9159 | Val Acc: 0.3565 | Val P/R/F1 (Macro): 0.3271/0.2767/0.2789 | LR: 0.000001

迭代 3 最佳指标:
  Accuracy: 0.4000
  Precision (Macro): 0.4848
  Recall (Macro): 0.2941
  F1 (Macro): 0.3158
  Precision (Micro): 0.4000
  Recall (Micro): 0.4000
  F1 (Micro): 0.4000
  Val class coverage: 9/14 (0.6429), samples=115

================================================================================
迭代 4/5
随机种子: 45
================================================================================
Training mode: unsupervised target adaptation (target labels ignored in training).
Epoch [1/100] | Loss: 5.6616 (Cls: 5.6104, Adv: 0.3416) | Train Acc: 0.1514 | Val Acc: 0.1652 | Val P/R/F1 (Macro): 0.1025/0.1645/0.0796 | LR: 0.000010
  >>> New Best Val Acc: 0.1652
Epoch [2/100] | Loss: 4.9638 (Cls: 4.9173, Adv: 0.3104) | Train Acc: 0.2740 | Val Acc: 0.1217 | Val P/R/F1 (Macro): 0.1594/0.1517/0.0815 | LR: 0.000010
Epoch [3/100] | Loss: 4.3762 (Cls: 4.3010, Adv: 0.5016) | Train Acc: 0.3726 | Val Acc: 0.2261 | Val P/R/F1 (Macro): 0.1919/0.2084/0.1568 | LR: 0.000010
  >>> New Best Val Acc: 0.2261
Epoch [4/100] | Loss: 4.1200 (Cls: 4.0132, Adv: 0.7121) | Train Acc: 0.4567 | Val Acc: 0.1826 | Val P/R/F1 (Macro): 0.2575/0.1595/0.1808 | LR: 0.000010
Epoch [5/100] | Loss: 3.5761 (Cls: 3.4482, Adv: 0.8527) | Train Acc: 0.5649 | Val Acc: 0.2783 | Val P/R/F1 (Macro): 0.1831/0.2169/0.1952 | LR: 0.000010
  >>> New Best Val Acc: 0.2783
Epoch [6/100] | Loss: 3.5705 (Cls: 3.3620, Adv: 1.3897) | Train Acc: 0.6034 | Val Acc: 0.2783 | Val P/R/F1 (Macro): 0.2951/0.2222/0.2108 | LR: 0.000010
Epoch [7/100] | Loss: 3.1314 (Cls: 2.9080, Adv: 1.4893) | Train Acc: 0.6923 | Val Acc: 0.3043 | Val P/R/F1 (Macro): 0.2601/0.2317/0.2207 | LR: 0.000010
  >>> New Best Val Acc: 0.3043
Epoch [8/100] | Loss: 2.9618 (Cls: 2.6990, Adv: 1.7525) | Train Acc: 0.7188 | Val Acc: 0.2696 | Val P/R/F1 (Macro): 0.2408/0.2195/0.2036 | LR: 0.000010
Epoch [9/100] | Loss: 2.9894 (Cls: 2.6910, Adv: 1.9894) | Train Acc: 0.7548 | Val Acc: 0.2435 | Val P/R/F1 (Macro): 0.2876/0.1981/0.1870 | LR: 0.000010
Epoch [10/100] | Loss: 2.8820 (Cls: 2.5465, Adv: 2.2368) | Train Acc: 0.7548 | Val Acc: 0.2696 | Val P/R/F1 (Macro): 0.2818/0.2223/0.2036 | LR: 0.000010
Epoch [11/100] | Loss: 2.9305 (Cls: 2.5850, Adv: 2.3033) | Train Acc: 0.7524 | Val Acc: 0.2870 | Val P/R/F1 (Macro): 0.2562/0.2270/0.2164 | LR: 0.000010
Epoch [12/100] | Loss: 2.8944 (Cls: 2.5576, Adv: 2.2450) | Train Acc: 0.7404 | Val Acc: 0.3478 | Val P/R/F1 (Macro): 0.2546/0.2564/0.2431 | LR: 0.000010
  >>> New Best Val Acc: 0.3478
Epoch [13/100] | Loss: 2.7790 (Cls: 2.4106, Adv: 2.4555) | Train Acc: 0.8005 | Val Acc: 0.3391 | Val P/R/F1 (Macro): 0.2892/0.2577/0.2545 | LR: 0.000010
Epoch [14/100] | Loss: 2.8946 (Cls: 2.4951, Adv: 2.6639) | Train Acc: 0.7692 | Val Acc: 0.3565 | Val P/R/F1 (Macro): 0.3217/0.2741/0.2731 | LR: 0.000010
  >>> New Best Val Acc: 0.3565
Epoch [15/100] | Loss: 2.7148 (Cls: 2.2825, Adv: 2.8822) | Train Acc: 0.8341 | Val Acc: 0.3391 | Val P/R/F1 (Macro): 0.2560/0.2533/0.2428 | LR: 0.000010
Epoch [16/100] | Loss: 2.7649 (Cls: 2.3206, Adv: 2.9616) | Train Acc: 0.8029 | Val Acc: 0.3739 | Val P/R/F1 (Macro): 0.4120/0.2909/0.2798 | LR: 0.000010
  >>> New Best Val Acc: 0.3739
Epoch [17/100] | Loss: 2.7250 (Cls: 2.2803, Adv: 2.9641) | Train Acc: 0.8173 | Val Acc: 0.2696 | Val P/R/F1 (Macro): 0.2238/0.2327/0.1927 | LR: 0.000010
Epoch [18/100] | Loss: 2.6567 (Cls: 2.2037, Adv: 3.0203) | Train Acc: 0.8197 | Val Acc: 0.3043 | Val P/R/F1 (Macro): 0.2678/0.2538/0.2346 | LR: 0.000010
Epoch [19/100] | Loss: 2.6246 (Cls: 2.1408, Adv: 3.2252) | Train Acc: 0.8413 | Val Acc: 0.3217 | Val P/R/F1 (Macro): 0.2983/0.2450/0.2527 | LR: 0.000010
Epoch [20/100] | Loss: 2.6211 (Cls: 2.1251, Adv: 3.3066) | Train Acc: 0.8462 | Val Acc: 0.3478 | Val P/R/F1 (Macro): 0.2807/0.2652/0.2598 | LR: 0.000010
Epoch [21/100] | Loss: 2.5402 (Cls: 2.0358, Adv: 3.3628) | Train Acc: 0.8606 | Val Acc: 0.3913 | Val P/R/F1 (Macro): 0.2963/0.2956/0.2733 | LR: 0.000010
  >>> New Best Val Acc: 0.3913
Epoch [22/100] | Loss: 2.5979 (Cls: 2.0898, Adv: 3.3871) | Train Acc: 0.8510 | Val Acc: 0.3565 | Val P/R/F1 (Macro): 0.2714/0.2816/0.2582 | LR: 0.000010
Epoch [23/100] | Loss: 2.6421 (Cls: 2.1350, Adv: 3.3801) | Train Acc: 0.8389 | Val Acc: 0.2870 | Val P/R/F1 (Macro): 0.2736/0.2313/0.2170 | LR: 0.000010
Epoch [24/100] | Loss: 2.5125 (Cls: 1.9965, Adv: 3.4398) | Train Acc: 0.8510 | Val Acc: 0.3304 | Val P/R/F1 (Macro): 0.2809/0.2673/0.2459 | LR: 0.000010
Epoch [25/100] | Loss: 2.5376 (Cls: 2.0065, Adv: 3.5404) | Train Acc: 0.8558 | Val Acc: 0.3130 | Val P/R/F1 (Macro): 0.2583/0.2509/0.2215 | LR: 0.000010
Epoch [26/100] | Loss: 2.5828 (Cls: 2.0433, Adv: 3.5967) | Train Acc: 0.8702 | Val Acc: 0.3304 | Val P/R/F1 (Macro): 0.3298/0.2904/0.2890 | LR: 0.000010
Epoch [27/100] | Loss: 2.5726 (Cls: 2.0445, Adv: 3.5207) | Train Acc: 0.8630 | Val Acc: 0.3391 | Val P/R/F1 (Macro): 0.2925/0.2751/0.2557 | LR: 0.000010
Epoch [28/100] | Loss: 2.6409 (Cls: 2.0999, Adv: 3.6065) | Train Acc: 0.8438 | Val Acc: 0.3565 | Val P/R/F1 (Macro): 0.3417/0.2843/0.2980 | LR: 0.000010
Epoch [29/100] | Loss: 2.4496 (Cls: 1.9009, Adv: 3.6578) | Train Acc: 0.8894 | Val Acc: 0.3304 | Val P/R/F1 (Macro): 0.2752/0.2512/0.2490 | LR: 0.000010
Epoch [30/100] | Loss: 2.5069 (Cls: 1.9591, Adv: 3.6520) | Train Acc: 0.8582 | Val Acc: 0.3913 | Val P/R/F1 (Macro): 0.3898/0.3068/0.2882 | LR: 0.000010
Epoch [31/100] | Loss: 2.5294 (Cls: 1.9592, Adv: 3.8016) | Train Acc: 0.8702 | Val Acc: 0.3739 | Val P/R/F1 (Macro): 0.3235/0.2854/0.2814 | LR: 0.000010
Epoch [32/100] | Loss: 2.5962 (Cls: 2.0280, Adv: 3.7879) | Train Acc: 0.8413 | Val Acc: 0.3391 | Val P/R/F1 (Macro): 0.3082/0.2585/0.2463 | LR: 0.000005
Epoch [33/100] | Loss: 2.4570 (Cls: 1.8907, Adv: 3.7751) | Train Acc: 0.8654 | Val Acc: 0.4348 | Val P/R/F1 (Macro): 0.3915/0.3433/0.3361 | LR: 0.000005
  >>> New Best Val Acc: 0.4348
Epoch [34/100] | Loss: 2.4316 (Cls: 1.8512, Adv: 3.8688) | Train Acc: 0.8750 | Val Acc: 0.3826 | Val P/R/F1 (Macro): 0.3685/0.3356/0.3220 | LR: 0.000005
Epoch [35/100] | Loss: 2.4553 (Cls: 1.8746, Adv: 3.8711) | Train Acc: 0.8846 | Val Acc: 0.3826 | Val P/R/F1 (Macro): 0.3161/0.2875/0.2771 | LR: 0.000005
Epoch [36/100] | Loss: 2.5197 (Cls: 1.9341, Adv: 3.9043) | Train Acc: 0.8870 | Val Acc: 0.3391 | Val P/R/F1 (Macro): 0.3116/0.2715/0.2494 | LR: 0.000005
Epoch [37/100] | Loss: 2.3588 (Cls: 1.7762, Adv: 3.8841) | Train Acc: 0.8942 | Val Acc: 0.3826 | Val P/R/F1 (Macro): 0.3164/0.2870/0.2707 | LR: 0.000005
Epoch [38/100] | Loss: 2.3497 (Cls: 1.7481, Adv: 4.0100) | Train Acc: 0.8918 | Val Acc: 0.3391 | Val P/R/F1 (Macro): 0.2912/0.2440/0.2343 | LR: 0.000005
Epoch [39/100] | Loss: 2.3320 (Cls: 1.7309, Adv: 4.0072) | Train Acc: 0.9062 | Val Acc: 0.3043 | Val P/R/F1 (Macro): 0.2665/0.2263/0.2132 | LR: 0.000005
Epoch [40/100] | Loss: 2.3332 (Cls: 1.7110, Adv: 4.1481) | Train Acc: 0.9087 | Val Acc: 0.3304 | Val P/R/F1 (Macro): 0.3158/0.2702/0.2550 | LR: 0.000005
Epoch [41/100] | Loss: 2.3261 (Cls: 1.7098, Adv: 4.1090) | Train Acc: 0.9135 | Val Acc: 0.3652 | Val P/R/F1 (Macro): 0.2830/0.2857/0.2634 | LR: 0.000005
Epoch [42/100] | Loss: 2.3440 (Cls: 1.7271, Adv: 4.1127) | Train Acc: 0.8990 | Val Acc: 0.3304 | Val P/R/F1 (Macro): 0.2964/0.2637/0.2427 | LR: 0.000005
Epoch [43/100] | Loss: 2.3700 (Cls: 1.7416, Adv: 4.1896) | Train Acc: 0.8942 | Val Acc: 0.3478 | Val P/R/F1 (Macro): 0.3733/0.2711/0.2500 | LR: 0.000005
Epoch [44/100] | Loss: 2.3581 (Cls: 1.7294, Adv: 4.1916) | Train Acc: 0.9014 | Val Acc: 0.3652 | Val P/R/F1 (Macro): 0.2990/0.2752/0.2632 | LR: 0.000003
Epoch [45/100] | Loss: 2.4138 (Cls: 1.7797, Adv: 4.2272) | Train Acc: 0.9038 | Val Acc: 0.3478 | Val P/R/F1 (Macro): 0.2999/0.2691/0.2548 | LR: 0.000003
Epoch [46/100] | Loss: 2.3737 (Cls: 1.7462, Adv: 4.1837) | Train Acc: 0.9014 | Val Acc: 0.3652 | Val P/R/F1 (Macro): 0.3078/0.2753/0.2622 | LR: 0.000003
Epoch [47/100] | Loss: 2.3269 (Cls: 1.7019, Adv: 4.1666) | Train Acc: 0.9111 | Val Acc: 0.4000 | Val P/R/F1 (Macro): 0.3214/0.3017/0.2836 | LR: 0.000003
Epoch [48/100] | Loss: 2.3776 (Cls: 1.7212, Adv: 4.3763) | Train Acc: 0.9062 | Val Acc: 0.3391 | Val P/R/F1 (Macro): 0.3036/0.2699/0.2525 | LR: 0.000003
Epoch [49/100] | Loss: 2.4019 (Cls: 1.7554, Adv: 4.3096) | Train Acc: 0.9038 | Val Acc: 0.3739 | Val P/R/F1 (Macro): 0.3098/0.2752/0.2678 | LR: 0.000003
Epoch [50/100] | Loss: 2.3874 (Cls: 1.7321, Adv: 4.3683) | Train Acc: 0.9159 | Val Acc: 0.3913 | Val P/R/F1 (Macro): 0.3072/0.2853/0.2726 | LR: 0.000003
Epoch [51/100] | Loss: 2.3776 (Cls: 1.7270, Adv: 4.3370) | Train Acc: 0.8942 | Val Acc: 0.3565 | Val P/R/F1 (Macro): 0.3245/0.2691/0.2600 | LR: 0.000003
Epoch [52/100] | Loss: 2.3610 (Cls: 1.6935, Adv: 4.4504) | Train Acc: 0.9207 | Val Acc: 0.3391 | Val P/R/F1 (Macro): 0.2990/0.2590/0.2436 | LR: 0.000003
Epoch [53/100] | Loss: 2.4287 (Cls: 1.7738, Adv: 4.3663) | Train Acc: 0.8942 | Val Acc: 0.3652 | Val P/R/F1 (Macro): 0.3012/0.2774/0.2609 | LR: 0.000003
Epoch [54/100] | Loss: 2.3071 (Cls: 1.6495, Adv: 4.3842) | Train Acc: 0.9255 | Val Acc: 0.3217 | Val P/R/F1 (Macro): 0.2953/0.2575/0.2382 | LR: 0.000003
Epoch [55/100] | Loss: 2.3291 (Cls: 1.6744, Adv: 4.3643) | Train Acc: 0.8990 | Val Acc: 0.3478 | Val P/R/F1 (Macro): 0.2943/0.2697/0.2577 | LR: 0.000001
Epoch [56/100] | Loss: 2.4435 (Cls: 1.7789, Adv: 4.4306) | Train Acc: 0.9135 | Val Acc: 0.3565 | Val P/R/F1 (Macro): 0.3007/0.2756/0.2625 | LR: 0.000001
Epoch [57/100] | Loss: 2.3674 (Cls: 1.7009, Adv: 4.4436) | Train Acc: 0.8990 | Val Acc: 0.3565 | Val P/R/F1 (Macro): 0.3195/0.2781/0.2616 | LR: 0.000001
Epoch [58/100] | Loss: 2.3058 (Cls: 1.6148, Adv: 4.6070) | Train Acc: 0.9255 | Val Acc: 0.3304 | Val P/R/F1 (Macro): 0.3015/0.2618/0.2485 | LR: 0.000001
Epoch [59/100] | Loss: 2.3924 (Cls: 1.7065, Adv: 4.5730) | Train Acc: 0.8966 | Val Acc: 0.3130 | Val P/R/F1 (Macro): 0.2936/0.2452/0.2310 | LR: 0.000001
Epoch [60/100] | Loss: 2.3099 (Cls: 1.6248, Adv: 4.5669) | Train Acc: 0.9303 | Val Acc: 0.3565 | Val P/R/F1 (Macro): 0.3043/0.2737/0.2613 | LR: 0.000001
Epoch [61/100] | Loss: 2.2447 (Cls: 1.5574, Adv: 4.5818) | Train Acc: 0.9375 | Val Acc: 0.3652 | Val P/R/F1 (Macro): 0.3136/0.2818/0.2657 | LR: 0.000001
Epoch [62/100] | Loss: 2.3250 (Cls: 1.6497, Adv: 4.5020) | Train Acc: 0.9375 | Val Acc: 0.3913 | Val P/R/F1 (Macro): 0.3840/0.2878/0.2739 | LR: 0.000001
Epoch [63/100] | Loss: 2.3024 (Cls: 1.6036, Adv: 4.6581) | Train Acc: 0.9399 | Val Acc: 0.3913 | Val P/R/F1 (Macro): 0.3258/0.2875/0.2753 | LR: 0.000001
Epoch [64/100] | Loss: 2.2933 (Cls: 1.5907, Adv: 4.6842) | Train Acc: 0.9375 | Val Acc: 0.3652 | Val P/R/F1 (Macro): 0.3155/0.2775/0.2589 | LR: 0.000001
Epoch [65/100] | Loss: 2.3379 (Cls: 1.6615, Adv: 4.5090) | Train Acc: 0.9111 | Val Acc: 0.3478 | Val P/R/F1 (Macro): 0.3017/0.2716/0.2561 | LR: 0.000001
Epoch [66/100] | Loss: 2.3789 (Cls: 1.6790, Adv: 4.6659) | Train Acc: 0.9207 | Val Acc: 0.3565 | Val P/R/F1 (Macro): 0.3059/0.2694/0.2558 | LR: 0.000001
Epoch [67/100] | Loss: 2.3735 (Cls: 1.6844, Adv: 4.5940) | Train Acc: 0.9111 | Val Acc: 0.3565 | Val P/R/F1 (Macro): 0.2982/0.2756/0.2590 | LR: 0.000001
Epoch [68/100] | Loss: 2.2894 (Cls: 1.5861, Adv: 4.6885) | Train Acc: 0.9351 | Val Acc: 0.3826 | Val P/R/F1 (Macro): 0.3308/0.2938/0.2761 | LR: 0.000001
Epoch [69/100] | Loss: 2.3206 (Cls: 1.6061, Adv: 4.7635) | Train Acc: 0.9351 | Val Acc: 0.3826 | Val P/R/F1 (Macro): 0.3190/0.2854/0.2680 | LR: 0.000001
Epoch [70/100] | Loss: 2.3016 (Cls: 1.6017, Adv: 4.6660) | Train Acc: 0.9207 | Val Acc: 0.3391 | Val P/R/F1 (Macro): 0.2967/0.2590/0.2453 | LR: 0.000001
Epoch [71/100] | Loss: 2.3362 (Cls: 1.6367, Adv: 4.6635) | Train Acc: 0.9255 | Val Acc: 0.4000 | Val P/R/F1 (Macro): 0.3643/0.2933/0.2825 | LR: 0.000001
Epoch [72/100] | Loss: 2.2979 (Cls: 1.5895, Adv: 4.7221) | Train Acc: 0.9399 | Val Acc: 0.4000 | Val P/R/F1 (Macro): 0.3434/0.2952/0.2822 | LR: 0.000001
Epoch [73/100] | Loss: 2.3252 (Cls: 1.6148, Adv: 4.7360) | Train Acc: 0.9111 | Val Acc: 0.3391 | Val P/R/F1 (Macro): 0.2938/0.2571/0.2450 | LR: 0.000001
Epoch [74/100] | Loss: 2.2976 (Cls: 1.5947, Adv: 4.6863) | Train Acc: 0.9471 | Val Acc: 0.3826 | Val P/R/F1 (Macro): 0.3139/0.2807/0.2678 | LR: 0.000001
Epoch [75/100] | Loss: 2.3735 (Cls: 1.6710, Adv: 4.6839) | Train Acc: 0.9183 | Val Acc: 0.3913 | Val P/R/F1 (Macro): 0.3085/0.2850/0.2717 | LR: 0.000001
Epoch [76/100] | Loss: 2.3036 (Cls: 1.5898, Adv: 4.7588) | Train Acc: 0.9207 | Val Acc: 0.4000 | Val P/R/F1 (Macro): 0.3319/0.2933/0.2804 | LR: 0.000001
Epoch [77/100] | Loss: 2.3580 (Cls: 1.6408, Adv: 4.7817) | Train Acc: 0.9062 | Val Acc: 0.3652 | Val P/R/F1 (Macro): 0.2978/0.2712/0.2599 | LR: 0.000001
Epoch [78/100] | Loss: 2.3970 (Cls: 1.6839, Adv: 4.7540) | Train Acc: 0.9014 | Val Acc: 0.3652 | Val P/R/F1 (Macro): 0.3021/0.2709/0.2581 | LR: 0.000001
Epoch [79/100] | Loss: 2.3976 (Cls: 1.6875, Adv: 4.7341) | Train Acc: 0.9062 | Val Acc: 0.3739 | Val P/R/F1 (Macro): 0.3061/0.2748/0.2629 | LR: 0.000001
Epoch [80/100] | Loss: 2.3097 (Cls: 1.6022, Adv: 4.7165) | Train Acc: 0.9303 | Val Acc: 0.3565 | Val P/R/F1 (Macro): 0.2999/0.2669/0.2546 | LR: 0.000001
Epoch [81/100] | Loss: 2.3094 (Cls: 1.6052, Adv: 4.6943) | Train Acc: 0.9375 | Val Acc: 0.3826 | Val P/R/F1 (Macro): 0.3371/0.2873/0.2687 | LR: 0.000001
Epoch [82/100] | Loss: 2.2235 (Cls: 1.5271, Adv: 4.6431) | Train Acc: 0.9543 | Val Acc: 0.3826 | Val P/R/F1 (Macro): 0.3909/0.2876/0.2697 | LR: 0.000001
Epoch [83/100] | Loss: 2.3079 (Cls: 1.6107, Adv: 4.6475) | Train Acc: 0.9135 | Val Acc: 0.3652 | Val P/R/F1 (Macro): 0.3255/0.2734/0.2594 | LR: 0.000001
Epoch [84/100] | Loss: 2.3092 (Cls: 1.5887, Adv: 4.8032) | Train Acc: 0.9327 | Val Acc: 0.3652 | Val P/R/F1 (Macro): 0.3118/0.2731/0.2603 | LR: 0.000001
Epoch [85/100] | Loss: 2.3443 (Cls: 1.6164, Adv: 4.8527) | Train Acc: 0.9231 | Val Acc: 0.4087 | Val P/R/F1 (Macro): 0.3556/0.2998/0.2874 | LR: 0.000001
Epoch [86/100] | Loss: 2.4002 (Cls: 1.7012, Adv: 4.6600) | Train Acc: 0.9014 | Val Acc: 0.3913 | Val P/R/F1 (Macro): 0.4351/0.3202/0.3279 | LR: 0.000001
Epoch [87/100] | Loss: 2.2677 (Cls: 1.5456, Adv: 4.8140) | Train Acc: 0.9351 | Val Acc: 0.3826 | Val P/R/F1 (Macro): 0.3281/0.2832/0.2721 | LR: 0.000001
Epoch [88/100] | Loss: 2.3317 (Cls: 1.5984, Adv: 4.8887) | Train Acc: 0.9231 | Val Acc: 0.3913 | Val P/R/F1 (Macro): 0.3316/0.2872/0.2768 | LR: 0.000001
Epoch [89/100] | Loss: 2.3125 (Cls: 1.6035, Adv: 4.7268) | Train Acc: 0.9279 | Val Acc: 0.3826 | Val P/R/F1 (Macro): 0.3455/0.2876/0.2714 | LR: 0.000001
Epoch [90/100] | Loss: 2.3260 (Cls: 1.5999, Adv: 4.8404) | Train Acc: 0.9519 | Val Acc: 0.3826 | Val P/R/F1 (Macro): 0.3253/0.2878/0.2776 | LR: 0.000001
Epoch [91/100] | Loss: 2.3562 (Cls: 1.6383, Adv: 4.7860) | Train Acc: 0.9207 | Val Acc: 0.3826 | Val P/R/F1 (Macro): 0.3404/0.2857/0.2727 | LR: 0.000001
Epoch [92/100] | Loss: 2.3225 (Cls: 1.6073, Adv: 4.7681) | Train Acc: 0.9159 | Val Acc: 0.3913 | Val P/R/F1 (Macro): 0.3536/0.2916/0.2779 | LR: 0.000001
Epoch [93/100] | Loss: 2.3290 (Cls: 1.5939, Adv: 4.9010) | Train Acc: 0.9255 | Val Acc: 0.4000 | Val P/R/F1 (Macro): 0.4009/0.2974/0.2784 | LR: 0.000001
Epoch [94/100] | Loss: 2.2294 (Cls: 1.5086, Adv: 4.8054) | Train Acc: 0.9471 | Val Acc: 0.4000 | Val P/R/F1 (Macro): 0.3474/0.2952/0.2766 | LR: 0.000001
Epoch [95/100] | Loss: 2.3839 (Cls: 1.6503, Adv: 4.8910) | Train Acc: 0.9111 | Val Acc: 0.3826 | Val P/R/F1 (Macro): 0.3266/0.2938/0.2762 | LR: 0.000001
Epoch [96/100] | Loss: 2.2870 (Cls: 1.5517, Adv: 4.9025) | Train Acc: 0.9351 | Val Acc: 0.3565 | Val P/R/F1 (Macro): 0.2960/0.2672/0.2552 | LR: 0.000001
Epoch [97/100] | Loss: 2.3789 (Cls: 1.6529, Adv: 4.8401) | Train Acc: 0.9207 | Val Acc: 0.3391 | Val P/R/F1 (Macro): 0.3079/0.2634/0.2459 | LR: 0.000001
Epoch [98/100] | Loss: 2.3024 (Cls: 1.5544, Adv: 4.9861) | Train Acc: 0.9375 | Val Acc: 0.4000 | Val P/R/F1 (Macro): 0.3441/0.2933/0.2807 | LR: 0.000001
Epoch [99/100] | Loss: 2.3437 (Cls: 1.6282, Adv: 4.7703) | Train Acc: 0.9062 | Val Acc: 0.3739 | Val P/R/F1 (Macro): 0.2975/0.2748/0.2619 | LR: 0.000001
Epoch [100/100] | Loss: 2.3488 (Cls: 1.6277, Adv: 4.8069) | Train Acc: 0.9279 | Val Acc: 0.3652 | Val P/R/F1 (Macro): 0.3121/0.2712/0.2619 | LR: 0.000001

迭代 4 最佳指标:
  Accuracy: 0.4348
  Precision (Macro): 0.3915
  Recall (Macro): 0.3433
  F1 (Macro): 0.3361
  Precision (Micro): 0.4348
  Recall (Micro): 0.4348
  F1 (Micro): 0.4348
  Val class coverage: 9/14 (0.6429), samples=115

================================================================================
迭代 5/5
随机种子: 46
================================================================================
Training mode: unsupervised target adaptation (target labels ignored in training).
Epoch [1/100] | Loss: 5.6427 (Cls: 5.6000, Adv: 0.2844) | Train Acc: 0.1106 | Val Acc: 0.1652 | Val P/R/F1 (Macro): 0.1216/0.1612/0.0945 | LR: 0.000010
  >>> New Best Val Acc: 0.1652
Epoch [2/100] | Loss: 4.9303 (Cls: 4.8802, Adv: 0.3340) | Train Acc: 0.2668 | Val Acc: 0.1478 | Val P/R/F1 (Macro): 0.1628/0.1257/0.1124 | LR: 0.000010
Epoch [3/100] | Loss: 4.4276 (Cls: 4.3579, Adv: 0.4644) | Train Acc: 0.4183 | Val Acc: 0.2348 | Val P/R/F1 (Macro): 0.1909/0.2014/0.1822 | LR: 0.000010
  >>> New Best Val Acc: 0.2348
Epoch [4/100] | Loss: 3.9225 (Cls: 3.8017, Adv: 0.8059) | Train Acc: 0.5120 | Val Acc: 0.1913 | Val P/R/F1 (Macro): 0.1817/0.1346/0.1481 | LR: 0.000010
Epoch [5/100] | Loss: 3.6044 (Cls: 3.4649, Adv: 0.9300) | Train Acc: 0.5841 | Val Acc: 0.2522 | Val P/R/F1 (Macro): 0.2235/0.2174/0.1995 | LR: 0.000010
  >>> New Best Val Acc: 0.2522
Epoch [6/100] | Loss: 3.2928 (Cls: 3.1112, Adv: 1.2106) | Train Acc: 0.6442 | Val Acc: 0.2870 | Val P/R/F1 (Macro): 0.3439/0.2167/0.2364 | LR: 0.000010
  >>> New Best Val Acc: 0.2870
Epoch [7/100] | Loss: 3.3060 (Cls: 3.0403, Adv: 1.7716) | Train Acc: 0.6779 | Val Acc: 0.2435 | Val P/R/F1 (Macro): 0.2388/0.1726/0.1728 | LR: 0.000010
Epoch [8/100] | Loss: 3.1608 (Cls: 2.8407, Adv: 2.1343) | Train Acc: 0.6947 | Val Acc: 0.2870 | Val P/R/F1 (Macro): 0.2362/0.2061/0.1957 | LR: 0.000010
Epoch [9/100] | Loss: 3.0930 (Cls: 2.7401, Adv: 2.3524) | Train Acc: 0.7236 | Val Acc: 0.3043 | Val P/R/F1 (Macro): 0.4167/0.3192/0.2943 | LR: 0.000010
  >>> New Best Val Acc: 0.3043
Epoch [10/100] | Loss: 3.0177 (Cls: 2.6250, Adv: 2.6183) | Train Acc: 0.7524 | Val Acc: 0.3391 | Val P/R/F1 (Macro): 0.3183/0.2970/0.2792 | LR: 0.000010
  >>> New Best Val Acc: 0.3391
Epoch [11/100] | Loss: 3.1405 (Cls: 2.6881, Adv: 3.0159) | Train Acc: 0.7139 | Val Acc: 0.3130 | Val P/R/F1 (Macro): 0.3061/0.2507/0.2444 | LR: 0.000010
Epoch [12/100] | Loss: 2.9864 (Cls: 2.5165, Adv: 3.1323) | Train Acc: 0.7452 | Val Acc: 0.2870 | Val P/R/F1 (Macro): 0.4449/0.2722/0.2822 | LR: 0.000010
Epoch [13/100] | Loss: 2.8709 (Cls: 2.3875, Adv: 3.2230) | Train Acc: 0.7981 | Val Acc: 0.2957 | Val P/R/F1 (Macro): 0.2691/0.2189/0.2122 | LR: 0.000010
Epoch [14/100] | Loss: 2.8512 (Cls: 2.3481, Adv: 3.3543) | Train Acc: 0.8053 | Val Acc: 0.2609 | Val P/R/F1 (Macro): 0.3357/0.2324/0.2380 | LR: 0.000010
Epoch [15/100] | Loss: 2.9710 (Cls: 2.4426, Adv: 3.5224) | Train Acc: 0.7716 | Val Acc: 0.2957 | Val P/R/F1 (Macro): 0.2851/0.2233/0.2225 | LR: 0.000010
Epoch [16/100] | Loss: 2.8126 (Cls: 2.2904, Adv: 3.4813) | Train Acc: 0.8221 | Val Acc: 0.3565 | Val P/R/F1 (Macro): 0.3970/0.2740/0.2716 | LR: 0.000010
  >>> New Best Val Acc: 0.3565
Epoch [17/100] | Loss: 2.9188 (Cls: 2.3473, Adv: 3.8099) | Train Acc: 0.8029 | Val Acc: 0.3043 | Val P/R/F1 (Macro): 0.2591/0.2326/0.2186 | LR: 0.000010
Epoch [18/100] | Loss: 2.8340 (Cls: 2.2753, Adv: 3.7250) | Train Acc: 0.7933 | Val Acc: 0.3652 | Val P/R/F1 (Macro): 0.4443/0.3242/0.3323 | LR: 0.000010
  >>> New Best Val Acc: 0.3652
Epoch [19/100] | Loss: 2.7759 (Cls: 2.1849, Adv: 3.9401) | Train Acc: 0.8173 | Val Acc: 0.3478 | Val P/R/F1 (Macro): 0.3119/0.2451/0.2482 | LR: 0.000010
Epoch [20/100] | Loss: 2.6649 (Cls: 2.0856, Adv: 3.8621) | Train Acc: 0.8654 | Val Acc: 0.3565 | Val P/R/F1 (Macro): 0.3141/0.2791/0.2755 | LR: 0.000010
Epoch [21/100] | Loss: 2.6883 (Cls: 2.1032, Adv: 3.9001) | Train Acc: 0.8389 | Val Acc: 0.3217 | Val P/R/F1 (Macro): 0.2883/0.2585/0.2457 | LR: 0.000010
Epoch [22/100] | Loss: 2.7110 (Cls: 2.1201, Adv: 3.9395) | Train Acc: 0.8438 | Val Acc: 0.3304 | Val P/R/F1 (Macro): 0.2713/0.2429/0.2269 | LR: 0.000010
Epoch [23/100] | Loss: 2.7781 (Cls: 2.1944, Adv: 3.8912) | Train Acc: 0.8558 | Val Acc: 0.2957 | Val P/R/F1 (Macro): 0.3392/0.2465/0.2337 | LR: 0.000010
Epoch [24/100] | Loss: 2.8356 (Cls: 2.2234, Adv: 4.0814) | Train Acc: 0.8341 | Val Acc: 0.3391 | Val P/R/F1 (Macro): 0.3097/0.2587/0.2591 | LR: 0.000010
Epoch [25/100] | Loss: 2.7009 (Cls: 2.1004, Adv: 4.0038) | Train Acc: 0.8630 | Val Acc: 0.3391 | Val P/R/F1 (Macro): 0.3331/0.2584/0.2649 | LR: 0.000010
Epoch [26/100] | Loss: 2.7944 (Cls: 2.1790, Adv: 4.1024) | Train Acc: 0.8365 | Val Acc: 0.3130 | Val P/R/F1 (Macro): 0.2986/0.2399/0.2327 | LR: 0.000010
Epoch [27/100] | Loss: 2.6938 (Cls: 2.0719, Adv: 4.1455) | Train Acc: 0.8630 | Val Acc: 0.3043 | Val P/R/F1 (Macro): 0.2343/0.2293/0.2096 | LR: 0.000010
Epoch [28/100] | Loss: 2.5927 (Cls: 1.9615, Adv: 4.2080) | Train Acc: 0.8726 | Val Acc: 0.3565 | Val P/R/F1 (Macro): 0.3784/0.2872/0.2900 | LR: 0.000010
Epoch [29/100] | Loss: 2.5345 (Cls: 1.9085, Adv: 4.1731) | Train Acc: 0.8678 | Val Acc: 0.2783 | Val P/R/F1 (Macro): 0.2689/0.2196/0.2088 | LR: 0.000005
Epoch [30/100] | Loss: 2.5275 (Cls: 1.9005, Adv: 4.1799) | Train Acc: 0.8798 | Val Acc: 0.2957 | Val P/R/F1 (Macro): 0.3653/0.2606/0.2662 | LR: 0.000005
Epoch [31/100] | Loss: 2.4051 (Cls: 1.7811, Adv: 4.1598) | Train Acc: 0.9135 | Val Acc: 0.3043 | Val P/R/F1 (Macro): 0.3012/0.2262/0.2341 | LR: 0.000005
Epoch [32/100] | Loss: 2.4862 (Cls: 1.8367, Adv: 4.3299) | Train Acc: 0.8942 | Val Acc: 0.3391 | Val P/R/F1 (Macro): 0.3999/0.2911/0.2982 | LR: 0.000005
Epoch [33/100] | Loss: 2.4649 (Cls: 1.8367, Adv: 4.1880) | Train Acc: 0.8990 | Val Acc: 0.3043 | Val P/R/F1 (Macro): 0.3849/0.2571/0.2804 | LR: 0.000005
Epoch [34/100] | Loss: 2.4981 (Cls: 1.8509, Adv: 4.3150) | Train Acc: 0.8942 | Val Acc: 0.3652 | Val P/R/F1 (Macro): 0.4260/0.3097/0.3164 | LR: 0.000005
Epoch [35/100] | Loss: 2.4763 (Cls: 1.8449, Adv: 4.2100) | Train Acc: 0.9062 | Val Acc: 0.3739 | Val P/R/F1 (Macro): 0.4235/0.3140/0.3221 | LR: 0.000005
  >>> New Best Val Acc: 0.3739
Epoch [36/100] | Loss: 2.4490 (Cls: 1.8207, Adv: 4.1888) | Train Acc: 0.8942 | Val Acc: 0.3652 | Val P/R/F1 (Macro): 0.3442/0.2625/0.2644 | LR: 0.000005
Epoch [37/100] | Loss: 2.4648 (Cls: 1.8290, Adv: 4.2386) | Train Acc: 0.8870 | Val Acc: 0.3739 | Val P/R/F1 (Macro): 0.2958/0.2744/0.2594 | LR: 0.000005
Epoch [38/100] | Loss: 2.4559 (Cls: 1.8178, Adv: 4.2542) | Train Acc: 0.8942 | Val Acc: 0.3565 | Val P/R/F1 (Macro): 0.4258/0.3010/0.3108 | LR: 0.000005
Epoch [39/100] | Loss: 2.4310 (Cls: 1.8057, Adv: 4.1685) | Train Acc: 0.8846 | Val Acc: 0.3478 | Val P/R/F1 (Macro): 0.2900/0.2581/0.2427 | LR: 0.000005
Epoch [40/100] | Loss: 2.4545 (Cls: 1.8207, Adv: 4.2255) | Train Acc: 0.8846 | Val Acc: 0.3304 | Val P/R/F1 (Macro): 0.2663/0.2391/0.2227 | LR: 0.000005
Epoch [41/100] | Loss: 2.5090 (Cls: 1.8422, Adv: 4.4455) | Train Acc: 0.9014 | Val Acc: 0.3913 | Val P/R/F1 (Macro): 0.2994/0.2801/0.2678 | LR: 0.000005
  >>> New Best Val Acc: 0.3913
Epoch [42/100] | Loss: 2.4710 (Cls: 1.8180, Adv: 4.3534) | Train Acc: 0.9038 | Val Acc: 0.3826 | Val P/R/F1 (Macro): 0.4382/0.3169/0.3196 | LR: 0.000005
Epoch [43/100] | Loss: 2.5741 (Cls: 1.8890, Adv: 4.5674) | Train Acc: 0.8918 | Val Acc: 0.3652 | Val P/R/F1 (Macro): 0.3101/0.2719/0.2621 | LR: 0.000005
Epoch [44/100] | Loss: 2.4201 (Cls: 1.7569, Adv: 4.4213) | Train Acc: 0.9135 | Val Acc: 0.3478 | Val P/R/F1 (Macro): 0.2879/0.2484/0.2426 | LR: 0.000005
Epoch [45/100] | Loss: 2.4657 (Cls: 1.7899, Adv: 4.5054) | Train Acc: 0.8966 | Val Acc: 0.4000 | Val P/R/F1 (Macro): 0.4593/0.3252/0.3356 | LR: 0.000005
  >>> New Best Val Acc: 0.4000
Epoch [46/100] | Loss: 2.5061 (Cls: 1.8293, Adv: 4.5122) | Train Acc: 0.9062 | Val Acc: 0.3565 | Val P/R/F1 (Macro): 0.2871/0.2598/0.2478 | LR: 0.000005
Epoch [47/100] | Loss: 2.4634 (Cls: 1.8083, Adv: 4.3677) | Train Acc: 0.9014 | Val Acc: 0.4087 | Val P/R/F1 (Macro): 0.4452/0.3271/0.3324 | LR: 0.000005
  >>> New Best Val Acc: 0.4087
Epoch [48/100] | Loss: 2.4465 (Cls: 1.7912, Adv: 4.3686) | Train Acc: 0.9038 | Val Acc: 0.3913 | Val P/R/F1 (Macro): 0.5163/0.3260/0.3395 | LR: 0.000005
Epoch [49/100] | Loss: 2.4608 (Cls: 1.7868, Adv: 4.4939) | Train Acc: 0.8966 | Val Acc: 0.4087 | Val P/R/F1 (Macro): 0.4593/0.3261/0.3390 | LR: 0.000005
Epoch [50/100] | Loss: 2.4307 (Cls: 1.7353, Adv: 4.6356) | Train Acc: 0.9111 | Val Acc: 0.3826 | Val P/R/F1 (Macro): 0.3151/0.2864/0.2766 | LR: 0.000005
Epoch [51/100] | Loss: 2.4073 (Cls: 1.7256, Adv: 4.5448) | Train Acc: 0.9159 | Val Acc: 0.3391 | Val P/R/F1 (Macro): 0.3937/0.2911/0.2907 | LR: 0.000005
Epoch [52/100] | Loss: 2.3309 (Cls: 1.6438, Adv: 4.5809) | Train Acc: 0.9279 | Val Acc: 0.3565 | Val P/R/F1 (Macro): 0.3930/0.2916/0.2954 | LR: 0.000005
Epoch [53/100] | Loss: 2.4305 (Cls: 1.7453, Adv: 4.5686) | Train Acc: 0.9038 | Val Acc: 0.3565 | Val P/R/F1 (Macro): 0.3320/0.2607/0.2595 | LR: 0.000005
Epoch [54/100] | Loss: 2.4754 (Cls: 1.7730, Adv: 4.6827) | Train Acc: 0.8942 | Val Acc: 0.3739 | Val P/R/F1 (Macro): 0.4102/0.2956/0.2928 | LR: 0.000005
Epoch [55/100] | Loss: 2.4088 (Cls: 1.7092, Adv: 4.6640) | Train Acc: 0.9207 | Val Acc: 0.3565 | Val P/R/F1 (Macro): 0.2850/0.2620/0.2462 | LR: 0.000005
Epoch [56/100] | Loss: 2.3959 (Cls: 1.6886, Adv: 4.7155) | Train Acc: 0.9207 | Val Acc: 0.3652 | Val P/R/F1 (Macro): 0.3407/0.2894/0.2896 | LR: 0.000005
Epoch [57/100] | Loss: 2.4391 (Cls: 1.7151, Adv: 4.8266) | Train Acc: 0.9135 | Val Acc: 0.3478 | Val P/R/F1 (Macro): 0.4090/0.2836/0.2961 | LR: 0.000005
Epoch [58/100] | Loss: 2.4008 (Cls: 1.6823, Adv: 4.7906) | Train Acc: 0.9327 | Val Acc: 0.4000 | Val P/R/F1 (Macro): 0.4376/0.3163/0.3114 | LR: 0.000003
Epoch [59/100] | Loss: 2.4838 (Cls: 1.7763, Adv: 4.7171) | Train Acc: 0.8942 | Val Acc: 0.3565 | Val P/R/F1 (Macro): 0.3517/0.2876/0.2895 | LR: 0.000003
Epoch [60/100] | Loss: 2.4064 (Cls: 1.6789, Adv: 4.8498) | Train Acc: 0.9183 | Val Acc: 0.3391 | Val P/R/F1 (Macro): 0.4056/0.2753/0.2914 | LR: 0.000003
Epoch [61/100] | Loss: 2.3549 (Cls: 1.6225, Adv: 4.8822) | Train Acc: 0.9399 | Val Acc: 0.3652 | Val P/R/F1 (Macro): 0.3531/0.2916/0.2932 | LR: 0.000003
Epoch [62/100] | Loss: 2.4784 (Cls: 1.7444, Adv: 4.8930) | Train Acc: 0.8966 | Val Acc: 0.3478 | Val P/R/F1 (Macro): 0.3277/0.2789/0.2733 | LR: 0.000003
Epoch [63/100] | Loss: 2.3809 (Cls: 1.6582, Adv: 4.8184) | Train Acc: 0.9255 | Val Acc: 0.3565 | Val P/R/F1 (Macro): 0.3901/0.2854/0.2922 | LR: 0.000003
Epoch [64/100] | Loss: 2.3954 (Cls: 1.6607, Adv: 4.8980) | Train Acc: 0.9231 | Val Acc: 0.3565 | Val P/R/F1 (Macro): 0.2877/0.2545/0.2437 | LR: 0.000003
Epoch [65/100] | Loss: 2.4917 (Cls: 1.7483, Adv: 4.9562) | Train Acc: 0.8966 | Val Acc: 0.3913 | Val P/R/F1 (Macro): 0.3558/0.3101/0.3030 | LR: 0.000003
Epoch [66/100] | Loss: 2.4787 (Cls: 1.7357, Adv: 4.9532) | Train Acc: 0.8990 | Val Acc: 0.3913 | Val P/R/F1 (Macro): 0.4252/0.3098/0.3133 | LR: 0.000003
Epoch [67/100] | Loss: 2.3722 (Cls: 1.6051, Adv: 5.1141) | Train Acc: 0.9375 | Val Acc: 0.3826 | Val P/R/F1 (Macro): 0.4082/0.3036/0.3103 | LR: 0.000003
Epoch [68/100] | Loss: 2.3787 (Cls: 1.6292, Adv: 4.9968) | Train Acc: 0.9159 | Val Acc: 0.3739 | Val P/R/F1 (Macro): 0.2954/0.2666/0.2540 | LR: 0.000003
Epoch [69/100] | Loss: 2.4165 (Cls: 1.6514, Adv: 5.1005) | Train Acc: 0.9231 | Val Acc: 0.3913 | Val P/R/F1 (Macro): 0.4229/0.3095/0.3149 | LR: 0.000001
Epoch [70/100] | Loss: 2.3371 (Cls: 1.5755, Adv: 5.0772) | Train Acc: 0.9351 | Val Acc: 0.3826 | Val P/R/F1 (Macro): 0.3191/0.2727/0.2573 | LR: 0.000001
Epoch [71/100] | Loss: 2.4822 (Cls: 1.7166, Adv: 5.1039) | Train Acc: 0.8894 | Val Acc: 0.4000 | Val P/R/F1 (Macro): 0.4369/0.3160/0.3188 | LR: 0.000001
Epoch [72/100] | Loss: 2.4103 (Cls: 1.6574, Adv: 5.0191) | Train Acc: 0.9399 | Val Acc: 0.4000 | Val P/R/F1 (Macro): 0.4362/0.3160/0.3193 | LR: 0.000001
Epoch [73/100] | Loss: 2.3338 (Cls: 1.5922, Adv: 4.9440) | Train Acc: 0.9423 | Val Acc: 0.3826 | Val P/R/F1 (Macro): 0.4056/0.3036/0.3095 | LR: 0.000001
Epoch [74/100] | Loss: 2.4291 (Cls: 1.6737, Adv: 5.0364) | Train Acc: 0.9014 | Val Acc: 0.3652 | Val P/R/F1 (Macro): 0.3448/0.2916/0.2908 | LR: 0.000001
Epoch [75/100] | Loss: 2.4004 (Cls: 1.6461, Adv: 5.0289) | Train Acc: 0.9255 | Val Acc: 0.3652 | Val P/R/F1 (Macro): 0.4738/0.2913/0.3027 | LR: 0.000001
Epoch [76/100] | Loss: 2.3962 (Cls: 1.6371, Adv: 5.0606) | Train Acc: 0.9279 | Val Acc: 0.3913 | Val P/R/F1 (Macro): 0.3722/0.3101/0.3043 | LR: 0.000001
Epoch [77/100] | Loss: 2.3449 (Cls: 1.5845, Adv: 5.0694) | Train Acc: 0.9351 | Val Acc: 0.3913 | Val P/R/F1 (Macro): 0.3548/0.3057/0.2975 | LR: 0.000001
Epoch [78/100] | Loss: 2.4183 (Cls: 1.6426, Adv: 5.1716) | Train Acc: 0.9183 | Val Acc: 0.3391 | Val P/R/F1 (Macro): 0.3300/0.2731/0.2743 | LR: 0.000001
Epoch [79/100] | Loss: 2.3670 (Cls: 1.6101, Adv: 5.0457) | Train Acc: 0.9327 | Val Acc: 0.3478 | Val P/R/F1 (Macro): 0.3306/0.2792/0.2778 | LR: 0.000001
Epoch [80/100] | Loss: 2.3629 (Cls: 1.5980, Adv: 5.0992) | Train Acc: 0.9207 | Val Acc: 0.3652 | Val P/R/F1 (Macro): 0.4016/0.2913/0.2996 | LR: 0.000001
Epoch [81/100] | Loss: 2.3595 (Cls: 1.5834, Adv: 5.1738) | Train Acc: 0.9375 | Val Acc: 0.3652 | Val P/R/F1 (Macro): 0.3533/0.2916/0.2926 | LR: 0.000001
Epoch [82/100] | Loss: 2.3540 (Cls: 1.5880, Adv: 5.1067) | Train Acc: 0.9231 | Val Acc: 0.3739 | Val P/R/F1 (Macro): 0.4032/0.2974/0.3047 | LR: 0.000001
Epoch [83/100] | Loss: 2.3395 (Cls: 1.5666, Adv: 5.1526) | Train Acc: 0.9351 | Val Acc: 0.3826 | Val P/R/F1 (Macro): 0.3498/0.3017/0.2991 | LR: 0.000001
Epoch [84/100] | Loss: 2.4282 (Cls: 1.6728, Adv: 5.0364) | Train Acc: 0.9038 | Val Acc: 0.3826 | Val P/R/F1 (Macro): 0.3441/0.3017/0.2968 | LR: 0.000001
Epoch [85/100] | Loss: 2.3746 (Cls: 1.6084, Adv: 5.1080) | Train Acc: 0.9207 | Val Acc: 0.3478 | Val P/R/F1 (Macro): 0.3177/0.2770/0.2710 | LR: 0.000001
Epoch [86/100] | Loss: 2.3286 (Cls: 1.5573, Adv: 5.1419) | Train Acc: 0.9495 | Val Acc: 0.3826 | Val P/R/F1 (Macro): 0.3671/0.3017/0.2988 | LR: 0.000001
Epoch [87/100] | Loss: 2.3672 (Cls: 1.6012, Adv: 5.1069) | Train Acc: 0.9327 | Val Acc: 0.3565 | Val P/R/F1 (Macro): 0.3466/0.2854/0.2776 | LR: 0.000001
Epoch [88/100] | Loss: 2.4163 (Cls: 1.6559, Adv: 5.0692) | Train Acc: 0.9183 | Val Acc: 0.3826 | Val P/R/F1 (Macro): 0.4326/0.3036/0.3122 | LR: 0.000001
Epoch [89/100] | Loss: 2.4171 (Cls: 1.6377, Adv: 5.1960) | Train Acc: 0.9327 | Val Acc: 0.3652 | Val P/R/F1 (Macro): 0.3539/0.2916/0.2932 | LR: 0.000001
Epoch [90/100] | Loss: 2.4181 (Cls: 1.6646, Adv: 5.0233) | Train Acc: 0.9183 | Val Acc: 0.3565 | Val P/R/F1 (Macro): 0.3206/0.2810/0.2766 | LR: 0.000001
Epoch [91/100] | Loss: 2.2949 (Cls: 1.5163, Adv: 5.1905) | Train Acc: 0.9447 | Val Acc: 0.3565 | Val P/R/F1 (Macro): 0.3450/0.2832/0.2802 | LR: 0.000001
Epoch [92/100] | Loss: 2.3612 (Cls: 1.5718, Adv: 5.2625) | Train Acc: 0.9351 | Val Acc: 0.3478 | Val P/R/F1 (Macro): 0.3275/0.2792/0.2761 | LR: 0.000001
Epoch [93/100] | Loss: 2.4053 (Cls: 1.6153, Adv: 5.2667) | Train Acc: 0.9303 | Val Acc: 0.3565 | Val P/R/F1 (Macro): 0.4098/0.2851/0.2921 | LR: 0.000001
Epoch [94/100] | Loss: 2.3282 (Cls: 1.5373, Adv: 5.2722) | Train Acc: 0.9327 | Val Acc: 0.3478 | Val P/R/F1 (Macro): 0.3397/0.2792/0.2735 | LR: 0.000001
Epoch [95/100] | Loss: 2.3617 (Cls: 1.5696, Adv: 5.2809) | Train Acc: 0.9327 | Val Acc: 0.3739 | Val P/R/F1 (Macro): 0.3639/0.2956/0.2933 | LR: 0.000001
Epoch [96/100] | Loss: 2.4726 (Cls: 1.6828, Adv: 5.2653) | Train Acc: 0.9159 | Val Acc: 0.3652 | Val P/R/F1 (Macro): 0.3434/0.2916/0.2901 | LR: 0.000001
Epoch [97/100] | Loss: 2.3504 (Cls: 1.5585, Adv: 5.2789) | Train Acc: 0.9303 | Val Acc: 0.3913 | Val P/R/F1 (Macro): 0.3595/0.3057/0.2992 | LR: 0.000001
Epoch [98/100] | Loss: 2.3547 (Cls: 1.5447, Adv: 5.4000) | Train Acc: 0.9543 | Val Acc: 0.3652 | Val P/R/F1 (Macro): 0.3513/0.2894/0.2863 | LR: 0.000001
Epoch [99/100] | Loss: 2.3873 (Cls: 1.6051, Adv: 5.2148) | Train Acc: 0.9207 | Val Acc: 0.3478 | Val P/R/F1 (Macro): 0.2937/0.2462/0.2353 | LR: 0.000001
Epoch [100/100] | Loss: 2.4140 (Cls: 1.6041, Adv: 5.3990) | Train Acc: 0.9399 | Val Acc: 0.3652 | Val P/R/F1 (Macro): 0.3612/0.2894/0.2894 | LR: 0.000001

迭代 5 最佳指标:
  Accuracy: 0.4087
  Precision (Macro): 0.4452
  Recall (Macro): 0.3271
  F1 (Macro): 0.3324
  Precision (Micro): 0.4087
  Recall (Micro): 0.4087
  F1 (Micro): 0.4087
  Val class coverage: 9/14 (0.6429), samples=115

================================================================================
5次迭代统计结果
================================================================================

accuracy:
  各迭代值: ['0.4174', '0.4522', '0.4000', '0.4348', '0.4087']
  均值 (Mean): 0.4226
  标准差 (Std): 0.0187

precision_macro:
  各迭代值: ['0.3283', '0.5995', '0.4848', '0.3915', '0.4452']
  均值 (Mean): 0.4499
  标准差 (Std): 0.0914

recall_macro:
  各迭代值: ['0.2997', '0.3702', '0.2941', '0.3433', '0.3271']
  均值 (Mean): 0.3269
  标准差 (Std): 0.0281

f1_macro:
  各迭代值: ['0.2951', '0.3844', '0.3158', '0.3361', '0.3324']
  均值 (Mean): 0.3328
  标准差 (Std): 0.0296

precision_micro:
  各迭代值: ['0.4174', '0.4522', '0.4000', '0.4348', '0.4087']
  均值 (Mean): 0.4226
  标准差 (Std): 0.0187

recall_micro:
  各迭代值: ['0.4174', '0.4522', '0.4000', '0.4348', '0.4087']
  均值 (Mean): 0.4226
  标准差 (Std): 0.0187

f1_micro:
  各迭代值: ['0.4174', '0.4522', '0.4000', '0.4348', '0.4087']
  均值 (Mean): 0.4226
  标准差 (Std): 0.0187

val_class_coverage:
  各迭代值: ['0.6429', '0.6429', '0.6429', '0.6429', '0.6429']
  均值 (Mean): 0.6429
  标准差 (Std): 0.0000

val_present_classes:
  各迭代值: ['9.0000', '9.0000', '9.0000', '9.0000', '9.0000']
  均值 (Mean): 9.0000
  标准差 (Std): 0.0000

val_total_classes:
  各迭代值: ['14.0000', '14.0000', '14.0000', '14.0000', '14.0000']
  均值 (Mean): 14.0000
  标准差 (Std): 0.0000

val_samples:
  各迭代值: ['115.0000', '115.0000', '115.0000', '115.0000', '115.0000']
  均值 (Mean): 115.0000
  标准差 (Std): 0.0000

训练结束时间: 2026-07-09 18:08:55
================================================================================
