================================================================================
单模态消融实验 - VIS
目标域天气: 雾天
训练开始时间: 2026-06-22 18:41:27
设备: cuda
模态: vis
源域: D:\Code\JMDA-Net\Data\晴天
目标域: D:\Code\JMDA-Net\Data\雾天
批次大小: 16
总轮数: 10
迭代次数: 5
特征维度: 512
域适应: 启用
================================================================================

================================================================================
迭代 1/5
随机种子: 42
================================================================================
Epoch [1/10] | Loss: 7.4530 (Cls: 7.4117, Adv: 0.2759) | Train Acc: 0.1968 | Val Acc: 0.2000 | Val P/R/F1 (Macro): 0.2858/0.2704/0.1982 | LR: 0.000010
  >>> New Best Val Acc: 0.2000
Epoch [2/10] | Loss: 6.3051 (Cls: 6.1929, Adv: 0.7480) | Train Acc: 0.3125 | Val Acc: 0.4435 | Val P/R/F1 (Macro): 0.6030/0.4034/0.3616 | LR: 0.000010
  >>> New Best Val Acc: 0.4435
Epoch [3/10] | Loss: 5.5495 (Cls: 5.3379, Adv: 1.4106) | Train Acc: 0.3981 | Val Acc: 0.6000 | Val P/R/F1 (Macro): 0.7179/0.5198/0.5108 | LR: 0.000010
  >>> New Best Val Acc: 0.6000
Epoch [4/10] | Loss: 5.2653 (Cls: 4.9730, Adv: 1.9485) | Train Acc: 0.4884 | Val Acc: 0.5826 | Val P/R/F1 (Macro): 0.6626/0.5490/0.5164 | LR: 0.000010
Epoch [5/10] | Loss: 4.9672 (Cls: 4.6148, Adv: 2.3491) | Train Acc: 0.5718 | Val Acc: 0.6174 | Val P/R/F1 (Macro): 0.6533/0.5475/0.5337 | LR: 0.000010
  >>> New Best Val Acc: 0.6174
Epoch [6/10] | Loss: 4.4735 (Cls: 4.0689, Adv: 2.6977) | Train Acc: 0.6111 | Val Acc: 0.7304 | Val P/R/F1 (Macro): 0.7693/0.6440/0.6470 | LR: 0.000010
  >>> New Best Val Acc: 0.7304
Epoch [7/10] | Loss: 4.5974 (Cls: 4.1626, Adv: 2.8987) | Train Acc: 0.6111 | Val Acc: 0.6348 | Val P/R/F1 (Macro): 0.6817/0.5633/0.5585 | LR: 0.000010
Epoch [8/10] | Loss: 4.3671 (Cls: 3.9106, Adv: 3.0436) | Train Acc: 0.6250 | Val Acc: 0.6783 | Val P/R/F1 (Macro): 0.6628/0.5777/0.5615 | LR: 0.000010
Epoch [9/10] | Loss: 4.1916 (Cls: 3.7288, Adv: 3.0856) | Train Acc: 0.7153 | Val Acc: 0.7043 | Val P/R/F1 (Macro): 0.8103/0.6115/0.6247 | LR: 0.000010
Epoch [10/10] | Loss: 4.1209 (Cls: 3.6386, Adv: 3.2156) | Train Acc: 0.6852 | Val Acc: 0.7043 | Val P/R/F1 (Macro): 0.8040/0.6107/0.6289 | LR: 0.000010

迭代 1 最佳指标:
  Accuracy: 0.7304
  Precision (Macro): 0.4946
  Recall (Macro): 0.4140
  F1 (Macro): 0.4159
  Precision (Micro): 0.7304
  Recall (Micro): 0.7304
  F1 (Micro): 0.7304

================================================================================
迭代 2/5
随机种子: 43
================================================================================
Epoch [1/10] | Loss: 7.6488 (Cls: 7.5866, Adv: 0.4147) | Train Acc: 0.1597 | Val Acc: 0.3652 | Val P/R/F1 (Macro): 0.3544/0.3315/0.2852 | LR: 0.000010
  >>> New Best Val Acc: 0.3652
Epoch [2/10] | Loss: 6.3215 (Cls: 6.1329, Adv: 1.2576) | Train Acc: 0.3171 | Val Acc: 0.4609 | Val P/R/F1 (Macro): 0.5865/0.4370/0.4228 | LR: 0.000010
  >>> New Best Val Acc: 0.4609
Epoch [3/10] | Loss: 5.4467 (Cls: 5.1294, Adv: 2.1153) | Train Acc: 0.4722 | Val Acc: 0.4783 | Val P/R/F1 (Macro): 0.4303/0.4424/0.3843 | LR: 0.000010
  >>> New Best Val Acc: 0.4783
Epoch [4/10] | Loss: 5.1303 (Cls: 4.7196, Adv: 2.7382) | Train Acc: 0.5579 | Val Acc: 0.6348 | Val P/R/F1 (Macro): 0.6938/0.5516/0.5754 | LR: 0.000010
  >>> New Best Val Acc: 0.6348
Epoch [5/10] | Loss: 4.7435 (Cls: 4.3100, Adv: 2.8901) | Train Acc: 0.6042 | Val Acc: 0.6696 | Val P/R/F1 (Macro): 0.5703/0.5318/0.5208 | LR: 0.000010
  >>> New Best Val Acc: 0.6696
Epoch [6/10] | Loss: 4.6634 (Cls: 4.2030, Adv: 3.0693) | Train Acc: 0.6181 | Val Acc: 0.6435 | Val P/R/F1 (Macro): 0.6080/0.5433/0.5212 | LR: 0.000010
Epoch [7/10] | Loss: 4.5094 (Cls: 4.0257, Adv: 3.2247) | Train Acc: 0.6389 | Val Acc: 0.7130 | Val P/R/F1 (Macro): 0.7925/0.6150/0.6356 | LR: 0.000010
  >>> New Best Val Acc: 0.7130
Epoch [8/10] | Loss: 4.2862 (Cls: 3.7672, Adv: 3.4599) | Train Acc: 0.6829 | Val Acc: 0.7043 | Val P/R/F1 (Macro): 0.7551/0.6111/0.6119 | LR: 0.000010
Epoch [9/10] | Loss: 4.2641 (Cls: 3.7101, Adv: 3.6927) | Train Acc: 0.6759 | Val Acc: 0.7130 | Val P/R/F1 (Macro): 0.6035/0.6101/0.5884 | LR: 0.000010
Epoch [10/10] | Loss: 4.1977 (Cls: 3.6299, Adv: 3.7856) | Train Acc: 0.6991 | Val Acc: 0.7217 | Val P/R/F1 (Macro): 0.7150/0.6167/0.6304 | LR: 0.000010
  >>> New Best Val Acc: 0.7217

迭代 2 最佳指标:
  Accuracy: 0.7217
  Precision (Macro): 0.4596
  Recall (Macro): 0.3964
  F1 (Macro): 0.4053
  Precision (Micro): 0.7217
  Recall (Micro): 0.7217
  F1 (Micro): 0.7217

================================================================================
迭代 3/5
随机种子: 44
================================================================================
Epoch [1/10] | Loss: 7.8384 (Cls: 7.7943, Adv: 0.2939) | Train Acc: 0.1944 | Val Acc: 0.2435 | Val P/R/F1 (Macro): 0.2634/0.1698/0.1342 | LR: 0.000010
  >>> New Best Val Acc: 0.2435
Epoch [2/10] | Loss: 6.8383 (Cls: 6.6975, Adv: 0.9391) | Train Acc: 0.2037 | Val Acc: 0.3565 | Val P/R/F1 (Macro): 0.4166/0.3115/0.2982 | LR: 0.000010
  >>> New Best Val Acc: 0.3565
Epoch [3/10] | Loss: 5.9403 (Cls: 5.6628, Adv: 1.8498) | Train Acc: 0.3866 | Val Acc: 0.4348 | Val P/R/F1 (Macro): 0.4757/0.3939/0.3831 | LR: 0.000010
  >>> New Best Val Acc: 0.4348
Epoch [4/10] | Loss: 5.3969 (Cls: 5.0248, Adv: 2.4807) | Train Acc: 0.4815 | Val Acc: 0.4957 | Val P/R/F1 (Macro): 0.4612/0.4088/0.3919 | LR: 0.000010
  >>> New Best Val Acc: 0.4957
Epoch [5/10] | Loss: 5.2300 (Cls: 4.8277, Adv: 2.6818) | Train Acc: 0.4931 | Val Acc: 0.5652 | Val P/R/F1 (Macro): 0.5219/0.4839/0.4541 | LR: 0.000010
  >>> New Best Val Acc: 0.5652
Epoch [6/10] | Loss: 4.7870 (Cls: 4.3528, Adv: 2.8945) | Train Acc: 0.5440 | Val Acc: 0.5826 | Val P/R/F1 (Macro): 0.5700/0.5112/0.4997 | LR: 0.000010
  >>> New Best Val Acc: 0.5826
Epoch [7/10] | Loss: 4.6472 (Cls: 4.1584, Adv: 3.2586) | Train Acc: 0.5972 | Val Acc: 0.5652 | Val P/R/F1 (Macro): 0.5429/0.4805/0.4537 | LR: 0.000010
Epoch [8/10] | Loss: 4.3954 (Cls: 3.8659, Adv: 3.5301) | Train Acc: 0.6458 | Val Acc: 0.6348 | Val P/R/F1 (Macro): 0.6700/0.5930/0.5802 | LR: 0.000010
  >>> New Best Val Acc: 0.6348
Epoch [9/10] | Loss: 4.4459 (Cls: 3.8765, Adv: 3.7959) | Train Acc: 0.7037 | Val Acc: 0.6435 | Val P/R/F1 (Macro): 0.7271/0.5878/0.5903 | LR: 0.000010
  >>> New Best Val Acc: 0.6435
Epoch [10/10] | Loss: 4.0889 (Cls: 3.5066, Adv: 3.8821) | Train Acc: 0.7060 | Val Acc: 0.6957 | Val P/R/F1 (Macro): 0.7562/0.6168/0.6384 | LR: 0.000010
  >>> New Best Val Acc: 0.6957

迭代 3 最佳指标:
  Accuracy: 0.6957
  Precision (Macro): 0.4861
  Recall (Macro): 0.3965
  F1 (Macro): 0.4104
  Precision (Micro): 0.6957
  Recall (Micro): 0.6957
  F1 (Micro): 0.6957

================================================================================
迭代 4/5
随机种子: 45
================================================================================
Epoch [1/10] | Loss: 7.8395 (Cls: 7.7903, Adv: 0.3276) | Train Acc: 0.1157 | Val Acc: 0.3304 | Val P/R/F1 (Macro): 0.1658/0.2856/0.1809 | LR: 0.000010
  >>> New Best Val Acc: 0.3304
Epoch [2/10] | Loss: 6.5857 (Cls: 6.4524, Adv: 0.8889) | Train Acc: 0.2477 | Val Acc: 0.4261 | Val P/R/F1 (Macro): 0.4272/0.3838/0.3408 | LR: 0.000010
  >>> New Best Val Acc: 0.4261
Epoch [3/10] | Loss: 5.6221 (Cls: 5.3777, Adv: 1.6293) | Train Acc: 0.4028 | Val Acc: 0.3304 | Val P/R/F1 (Macro): 0.3535/0.2818/0.2435 | LR: 0.000010
Epoch [4/10] | Loss: 5.3276 (Cls: 4.9963, Adv: 2.2090) | Train Acc: 0.4329 | Val Acc: 0.4870 | Val P/R/F1 (Macro): 0.4448/0.3398/0.3374 | LR: 0.000010
  >>> New Best Val Acc: 0.4870
Epoch [5/10] | Loss: 4.9999 (Cls: 4.6393, Adv: 2.4043) | Train Acc: 0.5116 | Val Acc: 0.5391 | Val P/R/F1 (Macro): 0.5616/0.4076/0.4017 | LR: 0.000010
  >>> New Best Val Acc: 0.5391
Epoch [6/10] | Loss: 4.7891 (Cls: 4.3868, Adv: 2.6822) | Train Acc: 0.5556 | Val Acc: 0.6174 | Val P/R/F1 (Macro): 0.5558/0.5123/0.5130 | LR: 0.000010
  >>> New Best Val Acc: 0.6174
Epoch [7/10] | Loss: 4.5873 (Cls: 4.1293, Adv: 3.0532) | Train Acc: 0.5833 | Val Acc: 0.6174 | Val P/R/F1 (Macro): 0.5463/0.4943/0.4887 | LR: 0.000010
Epoch [8/10] | Loss: 4.5063 (Cls: 4.0434, Adv: 3.0857) | Train Acc: 0.6389 | Val Acc: 0.6783 | Val P/R/F1 (Macro): 0.7493/0.6132/0.6268 | LR: 0.000010
  >>> New Best Val Acc: 0.6783
Epoch [9/10] | Loss: 4.2119 (Cls: 3.7009, Adv: 3.4067) | Train Acc: 0.6806 | Val Acc: 0.6696 | Val P/R/F1 (Macro): 0.5690/0.5258/0.5200 | LR: 0.000010
Epoch [10/10] | Loss: 4.2386 (Cls: 3.7172, Adv: 3.4756) | Train Acc: 0.7106 | Val Acc: 0.6957 | Val P/R/F1 (Macro): 0.5344/0.5780/0.5390 | LR: 0.000010
  >>> New Best Val Acc: 0.6957

迭代 4 最佳指标:
  Accuracy: 0.6957
  Precision (Macro): 0.3436
  Recall (Macro): 0.3716
  F1 (Macro): 0.3465
  Precision (Micro): 0.6957
  Recall (Micro): 0.6957
  F1 (Micro): 0.6957

================================================================================
迭代 5/5
随机种子: 46
================================================================================
Epoch [1/10] | Loss: 7.6191 (Cls: 7.5729, Adv: 0.3078) | Train Acc: 0.1759 | Val Acc: 0.2609 | Val P/R/F1 (Macro): 0.2249/0.2387/0.1777 | LR: 0.000010
  >>> New Best Val Acc: 0.2609
Epoch [2/10] | Loss: 6.6005 (Cls: 6.4807, Adv: 0.7989) | Train Acc: 0.2500 | Val Acc: 0.3913 | Val P/R/F1 (Macro): 0.2319/0.3054/0.2341 | LR: 0.000010
  >>> New Best Val Acc: 0.3913
Epoch [3/10] | Loss: 5.7889 (Cls: 5.5174, Adv: 1.8099) | Train Acc: 0.3912 | Val Acc: 0.4000 | Val P/R/F1 (Macro): 0.2931/0.3196/0.2546 | LR: 0.000010
  >>> New Best Val Acc: 0.4000
Epoch [4/10] | Loss: 5.3925 (Cls: 5.0484, Adv: 2.2942) | Train Acc: 0.4884 | Val Acc: 0.5130 | Val P/R/F1 (Macro): 0.4445/0.4220/0.4138 | LR: 0.000010
  >>> New Best Val Acc: 0.5130
Epoch [5/10] | Loss: 5.2311 (Cls: 4.7879, Adv: 2.9545) | Train Acc: 0.5301 | Val Acc: 0.5478 | Val P/R/F1 (Macro): 0.4426/0.4158/0.3884 | LR: 0.000010
  >>> New Best Val Acc: 0.5478
Epoch [6/10] | Loss: 4.8059 (Cls: 4.3275, Adv: 3.1894) | Train Acc: 0.5949 | Val Acc: 0.5652 | Val P/R/F1 (Macro): 0.4294/0.4501/0.4274 | LR: 0.000010
  >>> New Best Val Acc: 0.5652
Epoch [7/10] | Loss: 4.6836 (Cls: 4.1648, Adv: 3.4588) | Train Acc: 0.5810 | Val Acc: 0.5043 | Val P/R/F1 (Macro): 0.5685/0.4157/0.4357 | LR: 0.000010
Epoch [8/10] | Loss: 4.5853 (Cls: 4.0262, Adv: 3.7269) | Train Acc: 0.6505 | Val Acc: 0.5304 | Val P/R/F1 (Macro): 0.5249/0.4563/0.4332 | LR: 0.000010
Epoch [9/10] | Loss: 4.4757 (Cls: 3.9158, Adv: 3.7325) | Train Acc: 0.6991 | Val Acc: 0.5217 | Val P/R/F1 (Macro): 0.5719/0.4074/0.4122 | LR: 0.000010
Epoch [10/10] | Loss: 4.3079 (Cls: 3.7273, Adv: 3.8701) | Train Acc: 0.6713 | Val Acc: 0.6696 | Val P/R/F1 (Macro): 0.6055/0.5612/0.5384 | LR: 0.000010
  >>> New Best Val Acc: 0.6696

迭代 5 最佳指标:
  Accuracy: 0.6696
  Precision (Macro): 0.3892
  Recall (Macro): 0.3607
  F1 (Macro): 0.3461
  Precision (Micro): 0.6696
  Recall (Micro): 0.6696
  F1 (Micro): 0.6696

================================================================================
5次迭代统计结果
================================================================================

accuracy:
  各迭代值: ['0.7304', '0.7217', '0.6957', '0.6957', '0.6696']
  均值 (Mean): 0.7026
  标准差 (Std): 0.0216

precision_macro:
  各迭代值: ['0.4946', '0.4596', '0.4861', '0.3436', '0.3892']
  均值 (Mean): 0.4346
  标准差 (Std): 0.0587

recall_macro:
  各迭代值: ['0.4140', '0.3964', '0.3965', '0.3716', '0.3607']
  均值 (Mean): 0.3879
  标准差 (Std): 0.0192

f1_macro:
  各迭代值: ['0.4159', '0.4053', '0.4104', '0.3465', '0.3461']
  均值 (Mean): 0.3848
  标准差 (Std): 0.0316

precision_micro:
  各迭代值: ['0.7304', '0.7217', '0.6957', '0.6957', '0.6696']
  均值 (Mean): 0.7026
  标准差 (Std): 0.0216

recall_micro:
  各迭代值: ['0.7304', '0.7217', '0.6957', '0.6957', '0.6696']
  均值 (Mean): 0.7026
  标准差 (Std): 0.0216

f1_micro:
  各迭代值: ['0.7304', '0.7217', '0.6957', '0.6957', '0.6696']
  均值 (Mean): 0.7026
  标准差 (Std): 0.0216

训练结束时间: 2026-06-22 18:48:48
================================================================================
