================================================================================
单模态消融实验 - VIS
目标域天气: 逆光
训练开始时间: 2026-06-22 18:35:50
设备: cuda
模态: vis
源域: D:\Code\JMDA-Net\Data\晴天
目标域: D:\Code\JMDA-Net\Data\逆光
批次大小: 16
总轮数: 10
迭代次数: 5
特征维度: 512
域适应: 启用
================================================================================

================================================================================
迭代 1/5
随机种子: 42
================================================================================
Epoch [1/10] | Loss: 8.0528 (Cls: 8.0190, Adv: 0.2249) | Train Acc: 0.1094 | Val Acc: 0.2222 | Val P/R/F1 (Macro): 0.2259/0.3935/0.1848 | LR: 0.000010
  >>> New Best Val Acc: 0.2222
Epoch [2/10] | Loss: 6.9097 (Cls: 6.8818, Adv: 0.1861) | Train Acc: 0.2891 | Val Acc: 0.5556 | Val P/R/F1 (Macro): 0.6032/0.6713/0.5919 | LR: 0.000010
  >>> New Best Val Acc: 0.5556
Epoch [3/10] | Loss: 6.2758 (Cls: 6.2203, Adv: 0.3700) | Train Acc: 0.3359 | Val Acc: 0.6667 | Val P/R/F1 (Macro): 0.5802/0.7639/0.6414 | LR: 0.000010
  >>> New Best Val Acc: 0.6667
Epoch [4/10] | Loss: 5.6409 (Cls: 5.5872, Adv: 0.3584) | Train Acc: 0.4844 | Val Acc: 0.6944 | Val P/R/F1 (Macro): 0.5481/0.7500/0.6094 | LR: 0.000010
  >>> New Best Val Acc: 0.6944
Epoch [5/10] | Loss: 5.1946 (Cls: 5.1136, Adv: 0.5400) | Train Acc: 0.5078 | Val Acc: 0.6667 | Val P/R/F1 (Macro): 0.7016/0.7444/0.6750 | LR: 0.000010
Epoch [6/10] | Loss: 4.8060 (Cls: 4.6839, Adv: 0.8142) | Train Acc: 0.6484 | Val Acc: 0.7778 | Val P/R/F1 (Macro): 0.8254/0.8222/0.7569 | LR: 0.000010
  >>> New Best Val Acc: 0.7778
Epoch [7/10] | Loss: 4.3162 (Cls: 4.1784, Adv: 0.9184) | Train Acc: 0.7109 | Val Acc: 0.6944 | Val P/R/F1 (Macro): 0.8722/0.7815/0.7573 | LR: 0.000010
Epoch [8/10] | Loss: 4.6062 (Cls: 4.4282, Adv: 1.1866) | Train Acc: 0.6172 | Val Acc: 0.8056 | Val P/R/F1 (Macro): 0.7872/0.8222/0.7781 | LR: 0.000010
  >>> New Best Val Acc: 0.8056
Epoch [9/10] | Loss: 4.5796 (Cls: 4.3546, Adv: 1.5001) | Train Acc: 0.7188 | Val Acc: 0.8889 | Val P/R/F1 (Macro): 0.9000/0.9037/0.8942 | LR: 0.000010
  >>> New Best Val Acc: 0.8889
Epoch [10/10] | Loss: 4.0501 (Cls: 3.7911, Adv: 1.7266) | Train Acc: 0.7578 | Val Acc: 0.8056 | Val P/R/F1 (Macro): 0.8649/0.8370/0.8049 | LR: 0.000010

迭代 1 最佳指标:
  Accuracy: 0.8889
  Precision (Macro): 0.5786
  Recall (Macro): 0.5810
  F1 (Macro): 0.5749
  Precision (Micro): 0.8889
  Recall (Micro): 0.8889
  F1 (Micro): 0.8889

================================================================================
迭代 2/5
随机种子: 43
================================================================================
Epoch [1/10] | Loss: 8.0938 (Cls: 8.0500, Adv: 0.2925) | Train Acc: 0.1250 | Val Acc: 0.5833 | Val P/R/F1 (Macro): 0.5644/0.6426/0.5765 | LR: 0.000010
  >>> New Best Val Acc: 0.5833
Epoch [2/10] | Loss: 6.7079 (Cls: 6.6555, Adv: 0.3488) | Train Acc: 0.3047 | Val Acc: 0.6111 | Val P/R/F1 (Macro): 0.5658/0.6889/0.5580 | LR: 0.000010
  >>> New Best Val Acc: 0.6111
Epoch [3/10] | Loss: 6.1784 (Cls: 6.1274, Adv: 0.3405) | Train Acc: 0.3984 | Val Acc: 0.6111 | Val P/R/F1 (Macro): 0.5601/0.6259/0.5432 | LR: 0.000010
Epoch [4/10] | Loss: 5.8063 (Cls: 5.7178, Adv: 0.5900) | Train Acc: 0.4531 | Val Acc: 0.8333 | Val P/R/F1 (Macro): 0.8704/0.8648/0.8277 | LR: 0.000010
  >>> New Best Val Acc: 0.8333
Epoch [5/10] | Loss: 5.1837 (Cls: 5.0273, Adv: 1.0425) | Train Acc: 0.6016 | Val Acc: 0.8889 | Val P/R/F1 (Macro): 0.9130/0.9148/0.8918 | LR: 0.000010
  >>> New Best Val Acc: 0.8889
Epoch [6/10] | Loss: 4.6519 (Cls: 4.4746, Adv: 1.1821) | Train Acc: 0.7188 | Val Acc: 0.8889 | Val P/R/F1 (Macro): 0.8704/0.9167/0.8722 | LR: 0.000010
Epoch [7/10] | Loss: 4.7623 (Cls: 4.4955, Adv: 1.7785) | Train Acc: 0.7109 | Val Acc: 0.8611 | Val P/R/F1 (Macro): 0.9079/0.8963/0.8752 | LR: 0.000010
Epoch [8/10] | Loss: 4.3392 (Cls: 4.0371, Adv: 2.0141) | Train Acc: 0.7109 | Val Acc: 0.9722 | Val P/R/F1 (Macro): 0.9778/0.9778/0.9753 | LR: 0.000010
  >>> New Best Val Acc: 0.9722
Epoch [9/10] | Loss: 4.5550 (Cls: 4.2497, Adv: 2.0352) | Train Acc: 0.7188 | Val Acc: 0.9722 | Val P/R/F1 (Macro): 0.9722/0.9722/0.9683 | LR: 0.000010
Epoch [10/10] | Loss: 4.0180 (Cls: 3.6453, Adv: 2.4847) | Train Acc: 0.8359 | Val Acc: 0.9444 | Val P/R/F1 (Macro): 0.9619/0.9639/0.9594 | LR: 0.000010

迭代 2 最佳指标:
  Accuracy: 0.9722
  Precision (Macro): 0.6286
  Recall (Macro): 0.6286
  F1 (Macro): 0.6270
  Precision (Micro): 0.9722
  Recall (Micro): 0.9722
  F1 (Micro): 0.9722

================================================================================
迭代 3/5
随机种子: 44
================================================================================
Epoch [1/10] | Loss: 8.2601 (Cls: 8.2113, Adv: 0.3256) | Train Acc: 0.1562 | Val Acc: 0.4444 | Val P/R/F1 (Macro): 0.2787/0.4537/0.3120 | LR: 0.000010
  >>> New Best Val Acc: 0.4444
Epoch [2/10] | Loss: 7.0012 (Cls: 6.9660, Adv: 0.2348) | Train Acc: 0.2734 | Val Acc: 0.6111 | Val P/R/F1 (Macro): 0.6939/0.7176/0.6272 | LR: 0.000010
  >>> New Best Val Acc: 0.6111
Epoch [3/10] | Loss: 6.2632 (Cls: 6.2264, Adv: 0.2453) | Train Acc: 0.4297 | Val Acc: 0.5556 | Val P/R/F1 (Macro): 0.5259/0.6833/0.5649 | LR: 0.000010
Epoch [4/10] | Loss: 6.1655 (Cls: 6.0989, Adv: 0.4441) | Train Acc: 0.4219 | Val Acc: 0.8056 | Val P/R/F1 (Macro): 0.7661/0.8472/0.7866 | LR: 0.000010
  >>> New Best Val Acc: 0.8056
Epoch [5/10] | Loss: 5.0020 (Cls: 4.8962, Adv: 0.7054) | Train Acc: 0.6484 | Val Acc: 0.8333 | Val P/R/F1 (Macro): 0.8804/0.8694/0.8318 | LR: 0.000010
  >>> New Best Val Acc: 0.8333
Epoch [6/10] | Loss: 5.1596 (Cls: 5.0213, Adv: 0.9222) | Train Acc: 0.5703 | Val Acc: 0.8333 | Val P/R/F1 (Macro): 0.8439/0.8685/0.8305 | LR: 0.000010
Epoch [7/10] | Loss: 4.8610 (Cls: 4.6644, Adv: 1.3104) | Train Acc: 0.7266 | Val Acc: 0.7222 | Val P/R/F1 (Macro): 0.7093/0.7917/0.7054 | LR: 0.000010
Epoch [8/10] | Loss: 4.6578 (Cls: 4.4409, Adv: 1.4457) | Train Acc: 0.6172 | Val Acc: 0.8889 | Val P/R/F1 (Macro): 0.9202/0.9046/0.9060 | LR: 0.000010
  >>> New Best Val Acc: 0.8889
Epoch [9/10] | Loss: 4.3095 (Cls: 4.0388, Adv: 1.8048) | Train Acc: 0.7422 | Val Acc: 0.9167 | Val P/R/F1 (Macro): 0.9377/0.9185/0.9219 | LR: 0.000010
  >>> New Best Val Acc: 0.9167
Epoch [10/10] | Loss: 4.1692 (Cls: 3.8502, Adv: 2.1263) | Train Acc: 0.7656 | Val Acc: 0.8611 | Val P/R/F1 (Macro): 0.9306/0.8778/0.8648 | LR: 0.000010

迭代 3 最佳指标:
  Accuracy: 0.9167
  Precision (Macro): 0.6028
  Recall (Macro): 0.5905
  F1 (Macro): 0.5926
  Precision (Micro): 0.9167
  Recall (Micro): 0.9167
  F1 (Micro): 0.9167

================================================================================
迭代 4/5
随机种子: 45
================================================================================
Epoch [1/10] | Loss: 8.8323 (Cls: 8.7740, Adv: 0.3886) | Train Acc: 0.1250 | Val Acc: 0.0833 | Val P/R/F1 (Macro): 0.0293/0.1556/0.0406 | LR: 0.000010
  >>> New Best Val Acc: 0.0833
Epoch [2/10] | Loss: 7.1461 (Cls: 7.1069, Adv: 0.2610) | Train Acc: 0.2422 | Val Acc: 0.3333 | Val P/R/F1 (Macro): 0.4109/0.4111/0.2851 | LR: 0.000010
  >>> New Best Val Acc: 0.3333
Epoch [3/10] | Loss: 6.4988 (Cls: 6.4602, Adv: 0.2571) | Train Acc: 0.3203 | Val Acc: 0.5556 | Val P/R/F1 (Macro): 0.5700/0.5722/0.5333 | LR: 0.000010
  >>> New Best Val Acc: 0.5556
Epoch [4/10] | Loss: 5.9938 (Cls: 5.9342, Adv: 0.3972) | Train Acc: 0.4375 | Val Acc: 0.7778 | Val P/R/F1 (Macro): 0.8426/0.8426/0.7916 | LR: 0.000010
  >>> New Best Val Acc: 0.7778
Epoch [5/10] | Loss: 5.5619 (Cls: 5.4662, Adv: 0.6380) | Train Acc: 0.4688 | Val Acc: 0.7222 | Val P/R/F1 (Macro): 0.6963/0.7963/0.6727 | LR: 0.000010
Epoch [6/10] | Loss: 4.9431 (Cls: 4.8447, Adv: 0.6564) | Train Acc: 0.6094 | Val Acc: 0.8611 | Val P/R/F1 (Macro): 0.8500/0.8991/0.8531 | LR: 0.000010
  >>> New Best Val Acc: 0.8611
Epoch [7/10] | Loss: 4.7670 (Cls: 4.5975, Adv: 1.1298) | Train Acc: 0.6797 | Val Acc: 0.7778 | Val P/R/F1 (Macro): 0.7132/0.8250/0.7300 | LR: 0.000010
Epoch [8/10] | Loss: 4.4481 (Cls: 4.2690, Adv: 1.1936) | Train Acc: 0.7188 | Val Acc: 0.8611 | Val P/R/F1 (Macro): 0.8907/0.8963/0.8674 | LR: 0.000010
Epoch [9/10] | Loss: 4.5966 (Cls: 4.3937, Adv: 1.3524) | Train Acc: 0.6797 | Val Acc: 0.8056 | Val P/R/F1 (Macro): 0.8302/0.8685/0.8111 | LR: 0.000010
Epoch [10/10] | Loss: 4.1543 (Cls: 3.8821, Adv: 1.8146) | Train Acc: 0.7656 | Val Acc: 0.8333 | Val P/R/F1 (Macro): 0.8407/0.8907/0.8421 | LR: 0.000010

迭代 4 最佳指标:
  Accuracy: 0.8611
  Precision (Macro): 0.5464
  Recall (Macro): 0.5780
  F1 (Macro): 0.5484
  Precision (Micro): 0.8611
  Recall (Micro): 0.8611
  F1 (Micro): 0.8611

================================================================================
迭代 5/5
随机种子: 46
================================================================================
Epoch [1/10] | Loss: 8.0937 (Cls: 8.0505, Adv: 0.2879) | Train Acc: 0.2031 | Val Acc: 0.4444 | Val P/R/F1 (Macro): 0.3410/0.4722/0.3323 | LR: 0.000010
  >>> New Best Val Acc: 0.4444
Epoch [2/10] | Loss: 7.0929 (Cls: 7.0588, Adv: 0.2272) | Train Acc: 0.2969 | Val Acc: 0.2500 | Val P/R/F1 (Macro): 0.3522/0.4389/0.2970 | LR: 0.000010
Epoch [3/10] | Loss: 6.5517 (Cls: 6.5003, Adv: 0.3426) | Train Acc: 0.2969 | Val Acc: 0.6667 | Val P/R/F1 (Macro): 0.7222/0.6556/0.6380 | LR: 0.000010
  >>> New Best Val Acc: 0.6667
Epoch [4/10] | Loss: 5.5971 (Cls: 5.5338, Adv: 0.4221) | Train Acc: 0.5234 | Val Acc: 0.6667 | Val P/R/F1 (Macro): 0.6683/0.8111/0.6902 | LR: 0.000010
Epoch [5/10] | Loss: 5.5559 (Cls: 5.4656, Adv: 0.6020) | Train Acc: 0.5703 | Val Acc: 0.7778 | Val P/R/F1 (Macro): 0.7704/0.8593/0.7542 | LR: 0.000010
  >>> New Best Val Acc: 0.7778
Epoch [6/10] | Loss: 5.3090 (Cls: 5.1380, Adv: 1.1397) | Train Acc: 0.5703 | Val Acc: 0.8611 | Val P/R/F1 (Macro): 0.8556/0.9009/0.8454 | LR: 0.000010
  >>> New Best Val Acc: 0.8611
Epoch [7/10] | Loss: 4.9599 (Cls: 4.7663, Adv: 1.2907) | Train Acc: 0.6797 | Val Acc: 0.8889 | Val P/R/F1 (Macro): 0.8759/0.9278/0.8726 | LR: 0.000010
  >>> New Best Val Acc: 0.8889
Epoch [8/10] | Loss: 4.9994 (Cls: 4.7074, Adv: 1.9465) | Train Acc: 0.6719 | Val Acc: 0.7778 | Val P/R/F1 (Macro): 0.7667/0.8148/0.7714 | LR: 0.000010
Epoch [9/10] | Loss: 4.7854 (Cls: 4.4718, Adv: 2.0904) | Train Acc: 0.7500 | Val Acc: 0.7778 | Val P/R/F1 (Macro): 0.7847/0.8259/0.7598 | LR: 0.000010
Epoch [10/10] | Loss: 4.7553 (Cls: 4.3829, Adv: 2.4824) | Train Acc: 0.7266 | Val Acc: 0.8333 | Val P/R/F1 (Macro): 0.8935/0.8593/0.8442 | LR: 0.000010

迭代 5 最佳指标:
  Accuracy: 0.8889
  Precision (Macro): 0.5631
  Recall (Macro): 0.5964
  F1 (Macro): 0.5609
  Precision (Micro): 0.8889
  Recall (Micro): 0.8889
  F1 (Micro): 0.8889

================================================================================
5次迭代统计结果
================================================================================

accuracy:
  各迭代值: ['0.8889', '0.9722', '0.9167', '0.8611', '0.8889']
  均值 (Mean): 0.9056
  标准差 (Std): 0.0377

precision_macro:
  各迭代值: ['0.5786', '0.6286', '0.6028', '0.5464', '0.5631']
  均值 (Mean): 0.5839
  标准差 (Std): 0.0290

recall_macro:
  各迭代值: ['0.5810', '0.6286', '0.5905', '0.5780', '0.5964']
  均值 (Mean): 0.5949
  标准差 (Std): 0.0181

f1_macro:
  各迭代值: ['0.5749', '0.6270', '0.5926', '0.5484', '0.5609']
  均值 (Mean): 0.5808
  标准差 (Std): 0.0274

precision_micro:
  各迭代值: ['0.8889', '0.9722', '0.9167', '0.8611', '0.8889']
  均值 (Mean): 0.9056
  标准差 (Std): 0.0377

recall_micro:
  各迭代值: ['0.8889', '0.9722', '0.9167', '0.8611', '0.8889']
  均值 (Mean): 0.9056
  标准差 (Std): 0.0377

f1_micro:
  各迭代值: ['0.8889', '0.9722', '0.9167', '0.8611', '0.8889']
  均值 (Mean): 0.9056
  标准差 (Std): 0.0377

训练结束时间: 2026-06-22 18:39:13
================================================================================
