COMMAND: /home/lixiang/envs/lx_pytorch/bin/python main_single.py --source_root /home/lixiang/lx/Data/晴天 --target_root /home/lixiang/lx/Data/雨天 --ais_data_path /home/lixiang/lx/Data/AIS/balanced_AIS-dataset_16classes_100persample.mat --modality vis --num_iterations 5 --epochs 100 --batch_size 32 --target_label_ratio 0.35 --target_cls_weight 0.5
CWD: /home/lixiang/lx/JMDA/Ablation/signle modal
================================================================================
================================================================================
单模态消融实验 - VIS
目标域天气: 雨天
训练开始时间: 2026-07-10 17:50:18
设备: cuda
模态: vis
源域: /home/lixiang/lx/Data/晴天
目标域: /home/lixiang/lx/Data/雨天
批次大小: 32
总轮数: 100
迭代次数: 5
特征维度: 512
域适应: 启用
================================================================================

================================================================================
迭代 1/5
随机种子: 42
================================================================================
Training mode: unpaired target adaptation with controlled target-label loss (ratio=0.35, weight=0.50).
Fixed labeled target subset: 34/96 samples.
/home/lixiang/envs/lx_pytorch/lib/python3.11/site-packages/torch/cuda/__init__.py:235: UserWarning: 
NVIDIA GeForce RTX 5090 with CUDA capability sm_120 is not compatible with the current PyTorch installation.
The current PyTorch install supports CUDA capabilities sm_50 sm_60 sm_61 sm_70 sm_75 sm_80 sm_86 sm_89 sm_90 compute_90.
If you want to use the NVIDIA GeForce RTX 5090 GPU with PyTorch, please check the instructions at https://pytorch.org/get-started/locally/

  warnings.warn(
Epoch [1/100] | Loss: 7.6229 (Cls: 7.5878, Adv: 0.2338) | Train Acc: 0.0625 | Val Acc: 0.1538 | Val P/R/F1 (Macro): 0.1349/0.1083/0.0957 | LR: 0.000010
  >>> New Best Val Acc: 0.1538
Epoch [2/100] | Loss: 6.5383 (Cls: 6.5017, Adv: 0.2441) | Train Acc: 0.1875 | Val Acc: 0.3077 | Val P/R/F1 (Macro): 0.1136/0.1792/0.1389 | LR: 0.000010
  >>> New Best Val Acc: 0.3077
Epoch [3/100] | Loss: 6.7688 (Cls: 6.7380, Adv: 0.2050) | Train Acc: 0.0938 | Val Acc: 0.3462 | Val P/R/F1 (Macro): 0.1023/0.2500/0.1444 | LR: 0.000010
  >>> New Best Val Acc: 0.3462
Epoch [4/100] | Loss: 5.9932 (Cls: 5.9618, Adv: 0.2097) | Train Acc: 0.2083 | Val Acc: 0.3462 | Val P/R/F1 (Macro): 0.1190/0.2500/0.1586 | LR: 0.000010
Epoch [5/100] | Loss: 6.6014 (Cls: 6.5636, Adv: 0.2525) | Train Acc: 0.1354 | Val Acc: 0.3462 | Val P/R/F1 (Macro): 0.1190/0.2500/0.1586 | LR: 0.000010
Epoch [6/100] | Loss: 6.1438 (Cls: 6.1071, Adv: 0.2449) | Train Acc: 0.1667 | Val Acc: 0.4615 | Val P/R/F1 (Macro): 0.4395/0.3500/0.3289 | LR: 0.000010
  >>> New Best Val Acc: 0.4615
Epoch [7/100] | Loss: 5.9964 (Cls: 5.9642, Adv: 0.2142) | Train Acc: 0.1875 | Val Acc: 0.4231 | Val P/R/F1 (Macro): 0.4074/0.3167/0.2891 | LR: 0.000010
Epoch [8/100] | Loss: 6.0284 (Cls: 5.9735, Adv: 0.3658) | Train Acc: 0.2604 | Val Acc: 0.5385 | Val P/R/F1 (Macro): 0.4618/0.4167/0.3789 | LR: 0.000010
  >>> New Best Val Acc: 0.5385
Epoch [9/100] | Loss: 5.3244 (Cls: 5.2656, Adv: 0.3922) | Train Acc: 0.3958 | Val Acc: 0.4615 | Val P/R/F1 (Macro): 0.4278/0.3500/0.3175 | LR: 0.000010
Epoch [10/100] | Loss: 5.5725 (Cls: 5.5038, Adv: 0.4585) | Train Acc: 0.1875 | Val Acc: 0.5769 | Val P/R/F1 (Macro): 0.7074/0.4583/0.4692 | LR: 0.000010
  >>> New Best Val Acc: 0.5769
Epoch [11/100] | Loss: 5.4942 (Cls: 5.4201, Adv: 0.4936) | Train Acc: 0.3854 | Val Acc: 0.6154 | Val P/R/F1 (Macro): 0.6944/0.5000/0.5101 | LR: 0.000010
  >>> New Best Val Acc: 0.6154
Epoch [12/100] | Loss: 5.2384 (Cls: 5.1680, Adv: 0.4694) | Train Acc: 0.3854 | Val Acc: 0.5769 | Val P/R/F1 (Macro): 0.6071/0.4583/0.4379 | LR: 0.000010
Epoch [13/100] | Loss: 4.9851 (Cls: 4.9027, Adv: 0.5497) | Train Acc: 0.3646 | Val Acc: 0.5769 | Val P/R/F1 (Macro): 0.5238/0.5083/0.4657 | LR: 0.000010
Epoch [14/100] | Loss: 4.9255 (Cls: 4.8143, Adv: 0.7415) | Train Acc: 0.4583 | Val Acc: 0.6923 | Val P/R/F1 (Macro): 0.6157/0.6333/0.6042 | LR: 0.000010
  >>> New Best Val Acc: 0.6923
Epoch [15/100] | Loss: 4.7991 (Cls: 4.6941, Adv: 0.6999) | Train Acc: 0.3958 | Val Acc: 0.7692 | Val P/R/F1 (Macro): 0.8379/0.7000/0.7300 | LR: 0.000010
  >>> New Best Val Acc: 0.7692
Epoch [16/100] | Loss: 4.9580 (Cls: 4.8341, Adv: 0.8259) | Train Acc: 0.3854 | Val Acc: 0.7308 | Val P/R/F1 (Macro): 0.8505/0.6583/0.6886 | LR: 0.000010
Epoch [17/100] | Loss: 4.8185 (Cls: 4.6898, Adv: 0.8583) | Train Acc: 0.4583 | Val Acc: 0.7308 | Val P/R/F1 (Macro): 0.9042/0.7000/0.7208 | LR: 0.000010
Epoch [18/100] | Loss: 4.6892 (Cls: 4.5383, Adv: 1.0061) | Train Acc: 0.5625 | Val Acc: 0.6923 | Val P/R/F1 (Macro): 0.7259/0.6167/0.6005 | LR: 0.000010
Epoch [19/100] | Loss: 4.2618 (Cls: 4.1017, Adv: 1.0679) | Train Acc: 0.5833 | Val Acc: 0.6538 | Val P/R/F1 (Macro): 0.7138/0.5333/0.5372 | LR: 0.000010
Epoch [20/100] | Loss: 4.2026 (Cls: 4.0710, Adv: 0.8775) | Train Acc: 0.5729 | Val Acc: 0.7692 | Val P/R/F1 (Macro): 0.8505/0.7000/0.7124 | LR: 0.000010
Epoch [21/100] | Loss: 4.3273 (Cls: 4.1605, Adv: 1.1120) | Train Acc: 0.5729 | Val Acc: 0.7308 | Val P/R/F1 (Macro): 0.8505/0.6583/0.6886 | LR: 0.000010
Epoch [22/100] | Loss: 4.2442 (Cls: 4.0585, Adv: 1.2381) | Train Acc: 0.5625 | Val Acc: 0.7308 | Val P/R/F1 (Macro): 0.9190/0.7000/0.7295 | LR: 0.000010
Epoch [23/100] | Loss: 3.9758 (Cls: 3.7756, Adv: 1.3349) | Train Acc: 0.6146 | Val Acc: 0.6923 | Val P/R/F1 (Macro): 0.7375/0.6667/0.6652 | LR: 0.000010
Epoch [24/100] | Loss: 3.9043 (Cls: 3.6828, Adv: 1.4767) | Train Acc: 0.6354 | Val Acc: 0.7308 | Val P/R/F1 (Macro): 0.9042/0.7000/0.7208 | LR: 0.000010
Epoch [25/100] | Loss: 4.3756 (Cls: 4.1412, Adv: 1.5624) | Train Acc: 0.5625 | Val Acc: 0.7308 | Val P/R/F1 (Macro): 0.8426/0.6583/0.6786 | LR: 0.000010
Epoch [26/100] | Loss: 4.1845 (Cls: 3.9445, Adv: 1.5999) | Train Acc: 0.5938 | Val Acc: 0.7308 | Val P/R/F1 (Macro): 0.8426/0.6583/0.6786 | LR: 0.000005
Epoch [27/100] | Loss: 3.8380 (Cls: 3.6122, Adv: 1.5051) | Train Acc: 0.6354 | Val Acc: 0.6538 | Val P/R/F1 (Macro): 0.6412/0.5833/0.5740 | LR: 0.000005
Epoch [28/100] | Loss: 3.7970 (Cls: 3.5203, Adv: 1.8448) | Train Acc: 0.6667 | Val Acc: 0.7308 | Val P/R/F1 (Macro): 0.8356/0.6583/0.6779 | LR: 0.000005
Epoch [29/100] | Loss: 3.7331 (Cls: 3.4538, Adv: 1.8620) | Train Acc: 0.6771 | Val Acc: 0.7692 | Val P/R/F1 (Macro): 0.9339/0.7417/0.7719 | LR: 0.000005
Epoch [30/100] | Loss: 3.5732 (Cls: 3.2842, Adv: 1.9271) | Train Acc: 0.6667 | Val Acc: 0.7692 | Val P/R/F1 (Macro): 0.9339/0.7417/0.7719 | LR: 0.000005
Epoch [31/100] | Loss: 3.7844 (Cls: 3.5040, Adv: 1.8692) | Train Acc: 0.6667 | Val Acc: 0.7308 | Val P/R/F1 (Macro): 0.9190/0.7000/0.7295 | LR: 0.000005
Epoch [32/100] | Loss: 3.6597 (Cls: 3.3601, Adv: 1.9976) | Train Acc: 0.6979 | Val Acc: 0.7308 | Val P/R/F1 (Macro): 0.8426/0.6583/0.6786 | LR: 0.000005
Epoch [33/100] | Loss: 3.5448 (Cls: 3.2724, Adv: 1.8159) | Train Acc: 0.6771 | Val Acc: 0.7308 | Val P/R/F1 (Macro): 0.8356/0.6583/0.6779 | LR: 0.000005
Epoch [34/100] | Loss: 3.5922 (Cls: 3.3045, Adv: 1.9181) | Train Acc: 0.6667 | Val Acc: 0.6923 | Val P/R/F1 (Macro): 0.8356/0.6167/0.6462 | LR: 0.000005
Epoch [35/100] | Loss: 3.4723 (Cls: 3.1695, Adv: 2.0190) | Train Acc: 0.7083 | Val Acc: 0.8077 | Val P/R/F1 (Macro): 0.9339/0.7833/0.7958 | LR: 0.000005
  >>> New Best Val Acc: 0.8077
Epoch [36/100] | Loss: 3.5336 (Cls: 3.1905, Adv: 2.2872) | Train Acc: 0.6979 | Val Acc: 0.8077 | Val P/R/F1 (Macro): 0.9339/0.7833/0.7958 | LR: 0.000005
Epoch [37/100] | Loss: 3.7687 (Cls: 3.4490, Adv: 2.1316) | Train Acc: 0.6875 | Val Acc: 0.7692 | Val P/R/F1 (Macro): 0.8505/0.7000/0.7124 | LR: 0.000005
Epoch [38/100] | Loss: 3.7529 (Cls: 3.4102, Adv: 2.2847) | Train Acc: 0.6354 | Val Acc: 0.7308 | Val P/R/F1 (Macro): 0.8505/0.6583/0.6886 | LR: 0.000005
Epoch [39/100] | Loss: 3.9780 (Cls: 3.6663, Adv: 2.0782) | Train Acc: 0.6458 | Val Acc: 0.6923 | Val P/R/F1 (Macro): 0.6839/0.6250/0.6331 | LR: 0.000005
Epoch [40/100] | Loss: 3.5433 (Cls: 3.1920, Adv: 2.3421) | Train Acc: 0.6771 | Val Acc: 0.7308 | Val P/R/F1 (Macro): 0.6839/0.6667/0.6569 | LR: 0.000005
Epoch [41/100] | Loss: 3.5279 (Cls: 3.1774, Adv: 2.3366) | Train Acc: 0.7812 | Val Acc: 0.8077 | Val P/R/F1 (Macro): 0.9339/0.7833/0.7958 | LR: 0.000005
Epoch [42/100] | Loss: 3.4876 (Cls: 3.1513, Adv: 2.2419) | Train Acc: 0.7396 | Val Acc: 0.8077 | Val P/R/F1 (Macro): 0.9339/0.7833/0.7958 | LR: 0.000005
Epoch [43/100] | Loss: 3.5018 (Cls: 3.1465, Adv: 2.3684) | Train Acc: 0.7188 | Val Acc: 0.7692 | Val P/R/F1 (Macro): 0.8505/0.7000/0.7124 | LR: 0.000005
Epoch [44/100] | Loss: 3.2848 (Cls: 2.9183, Adv: 2.4435) | Train Acc: 0.7188 | Val Acc: 0.7692 | Val P/R/F1 (Macro): 0.8505/0.7000/0.7124 | LR: 0.000005
Epoch [45/100] | Loss: 3.6213 (Cls: 3.2169, Adv: 2.6958) | Train Acc: 0.6979 | Val Acc: 0.7692 | Val P/R/F1 (Macro): 0.8505/0.7000/0.7124 | LR: 0.000005
Epoch [46/100] | Loss: 3.5940 (Cls: 3.2211, Adv: 2.4855) | Train Acc: 0.7188 | Val Acc: 0.7692 | Val P/R/F1 (Macro): 0.8704/0.7000/0.7250 | LR: 0.000003
Epoch [47/100] | Loss: 3.3638 (Cls: 2.9704, Adv: 2.6223) | Train Acc: 0.6667 | Val Acc: 0.7692 | Val P/R/F1 (Macro): 0.8704/0.7000/0.7250 | LR: 0.000003
Epoch [48/100] | Loss: 3.5156 (Cls: 3.1533, Adv: 2.4154) | Train Acc: 0.7500 | Val Acc: 0.7692 | Val P/R/F1 (Macro): 0.8704/0.7000/0.7250 | LR: 0.000003
Epoch [49/100] | Loss: 3.3689 (Cls: 2.9756, Adv: 2.6218) | Train Acc: 0.7396 | Val Acc: 0.7692 | Val P/R/F1 (Macro): 0.8704/0.7000/0.7250 | LR: 0.000003
Epoch [50/100] | Loss: 3.4327 (Cls: 3.0197, Adv: 2.7533) | Train Acc: 0.6771 | Val Acc: 0.8077 | Val P/R/F1 (Macro): 0.9537/0.7833/0.8084 | LR: 0.000003
Epoch [51/100] | Loss: 3.3111 (Cls: 2.9092, Adv: 2.6794) | Train Acc: 0.7396 | Val Acc: 0.8077 | Val P/R/F1 (Macro): 0.9537/0.7833/0.8084 | LR: 0.000003
Epoch [52/100] | Loss: 3.2971 (Cls: 2.8962, Adv: 2.6728) | Train Acc: 0.7917 | Val Acc: 0.8077 | Val P/R/F1 (Macro): 0.9537/0.7833/0.8084 | LR: 0.000003
Epoch [53/100] | Loss: 3.1406 (Cls: 2.7469, Adv: 2.6244) | Train Acc: 0.8021 | Val Acc: 0.7308 | Val P/R/F1 (Macro): 0.7037/0.6667/0.6695 | LR: 0.000003
Epoch [54/100] | Loss: 3.4996 (Cls: 3.1174, Adv: 2.5480) | Train Acc: 0.6875 | Val Acc: 0.7692 | Val P/R/F1 (Macro): 0.8704/0.7000/0.7250 | LR: 0.000003
Epoch [55/100] | Loss: 3.4995 (Cls: 3.1145, Adv: 2.5664) | Train Acc: 0.7083 | Val Acc: 0.7692 | Val P/R/F1 (Macro): 0.8704/0.7000/0.7250 | LR: 0.000003
Epoch [56/100] | Loss: 3.2514 (Cls: 2.8373, Adv: 2.7606) | Train Acc: 0.7917 | Val Acc: 0.7692 | Val P/R/F1 (Macro): 0.8704/0.7000/0.7250 | LR: 0.000003
Epoch [57/100] | Loss: 3.0655 (Cls: 2.7049, Adv: 2.4040) | Train Acc: 0.8021 | Val Acc: 0.8077 | Val P/R/F1 (Macro): 0.9537/0.7833/0.8084 | LR: 0.000001
Epoch [58/100] | Loss: 3.3769 (Cls: 2.9765, Adv: 2.6698) | Train Acc: 0.7604 | Val Acc: 0.7692 | Val P/R/F1 (Macro): 0.8704/0.7000/0.7250 | LR: 0.000001
Epoch [59/100] | Loss: 3.1841 (Cls: 2.7816, Adv: 2.6835) | Train Acc: 0.7292 | Val Acc: 0.7692 | Val P/R/F1 (Macro): 0.8704/0.7000/0.7250 | LR: 0.000001
Epoch [60/100] | Loss: 3.3718 (Cls: 2.9734, Adv: 2.6557) | Train Acc: 0.7188 | Val Acc: 0.8077 | Val P/R/F1 (Macro): 0.9537/0.7833/0.8084 | LR: 0.000001
Epoch [61/100] | Loss: 3.0740 (Cls: 2.6567, Adv: 2.7816) | Train Acc: 0.8229 | Val Acc: 0.8077 | Val P/R/F1 (Macro): 0.9537/0.7833/0.8084 | LR: 0.000001
Epoch [62/100] | Loss: 3.2724 (Cls: 2.8258, Adv: 2.9768) | Train Acc: 0.7604 | Val Acc: 0.8077 | Val P/R/F1 (Macro): 0.9537/0.7833/0.8084 | LR: 0.000001
Epoch [63/100] | Loss: 3.3387 (Cls: 2.8937, Adv: 2.9668) | Train Acc: 0.7083 | Val Acc: 0.8077 | Val P/R/F1 (Macro): 0.9537/0.7833/0.8084 | LR: 0.000001
Epoch [64/100] | Loss: 3.3279 (Cls: 2.8949, Adv: 2.8863) | Train Acc: 0.7396 | Val Acc: 0.8077 | Val P/R/F1 (Macro): 0.9537/0.7833/0.8084 | LR: 0.000001
Epoch [65/100] | Loss: 3.1693 (Cls: 2.7244, Adv: 2.9663) | Train Acc: 0.7917 | Val Acc: 0.8077 | Val P/R/F1 (Macro): 0.9537/0.7833/0.8084 | LR: 0.000001
Epoch [66/100] | Loss: 3.2263 (Cls: 2.8050, Adv: 2.8090) | Train Acc: 0.8021 | Val Acc: 0.8077 | Val P/R/F1 (Macro): 0.9537/0.7833/0.8084 | LR: 0.000001
Epoch [67/100] | Loss: 3.1792 (Cls: 2.7285, Adv: 3.0050) | Train Acc: 0.7396 | Val Acc: 0.7692 | Val P/R/F1 (Macro): 0.8704/0.7000/0.7250 | LR: 0.000001
Epoch [68/100] | Loss: 3.2225 (Cls: 2.7739, Adv: 2.9907) | Train Acc: 0.7188 | Val Acc: 0.8077 | Val P/R/F1 (Macro): 0.8704/0.7333/0.7647 | LR: 0.000001
Epoch [69/100] | Loss: 3.1799 (Cls: 2.7179, Adv: 3.0803) | Train Acc: 0.7708 | Val Acc: 0.8077 | Val P/R/F1 (Macro): 0.8704/0.7333/0.7647 | LR: 0.000001
Epoch [70/100] | Loss: 3.4958 (Cls: 3.0394, Adv: 3.0430) | Train Acc: 0.7396 | Val Acc: 0.8462 | Val P/R/F1 (Macro): 0.9537/0.8167/0.8481 | LR: 0.000001
  >>> New Best Val Acc: 0.8462
Epoch [71/100] | Loss: 3.0590 (Cls: 2.6127, Adv: 2.9758) | Train Acc: 0.8333 | Val Acc: 0.8462 | Val P/R/F1 (Macro): 0.9537/0.8167/0.8481 | LR: 0.000001
Epoch [72/100] | Loss: 3.4532 (Cls: 2.9812, Adv: 3.1464) | Train Acc: 0.7604 | Val Acc: 0.8077 | Val P/R/F1 (Macro): 0.8704/0.7333/0.7647 | LR: 0.000001
Epoch [73/100] | Loss: 3.3796 (Cls: 2.9307, Adv: 2.9927) | Train Acc: 0.7188 | Val Acc: 0.7692 | Val P/R/F1 (Macro): 0.8704/0.7000/0.7250 | LR: 0.000001
Epoch [74/100] | Loss: 3.3166 (Cls: 2.8606, Adv: 3.0400) | Train Acc: 0.7396 | Val Acc: 0.7692 | Val P/R/F1 (Macro): 0.8704/0.7000/0.7250 | LR: 0.000001
Epoch [75/100] | Loss: 3.0753 (Cls: 2.6286, Adv: 2.9783) | Train Acc: 0.7917 | Val Acc: 0.8077 | Val P/R/F1 (Macro): 0.9537/0.7833/0.8084 | LR: 0.000001
Epoch [76/100] | Loss: 3.0897 (Cls: 2.6332, Adv: 3.0436) | Train Acc: 0.8229 | Val Acc: 0.8077 | Val P/R/F1 (Macro): 0.9537/0.7833/0.8084 | LR: 0.000001
Epoch [77/100] | Loss: 3.2218 (Cls: 2.7511, Adv: 3.1383) | Train Acc: 0.8125 | Val Acc: 0.7692 | Val P/R/F1 (Macro): 0.8704/0.7000/0.7250 | LR: 0.000001
Epoch [78/100] | Loss: 3.2052 (Cls: 2.7231, Adv: 3.2142) | Train Acc: 0.7708 | Val Acc: 0.8077 | Val P/R/F1 (Macro): 0.9537/0.7833/0.8084 | LR: 0.000001
Epoch [79/100] | Loss: 3.3134 (Cls: 2.8018, Adv: 3.4104) | Train Acc: 0.7812 | Val Acc: 0.7692 | Val P/R/F1 (Macro): 0.8704/0.7000/0.7250 | LR: 0.000001
Epoch [80/100] | Loss: 3.3890 (Cls: 2.8833, Adv: 3.3712) | Train Acc: 0.7604 | Val Acc: 0.8077 | Val P/R/F1 (Macro): 0.9537/0.7833/0.8084 | LR: 0.000001
Epoch [81/100] | Loss: 3.0544 (Cls: 2.5541, Adv: 3.3356) | Train Acc: 0.7917 | Val Acc: 0.7692 | Val P/R/F1 (Macro): 0.8704/0.7000/0.7250 | LR: 0.000001
Epoch [82/100] | Loss: 3.1564 (Cls: 2.6899, Adv: 3.1102) | Train Acc: 0.7812 | Val Acc: 0.7692 | Val P/R/F1 (Macro): 0.8704/0.7000/0.7250 | LR: 0.000001
Epoch [83/100] | Loss: 3.3189 (Cls: 2.8270, Adv: 3.2793) | Train Acc: 0.7708 | Val Acc: 0.7692 | Val P/R/F1 (Macro): 0.8704/0.7000/0.7250 | LR: 0.000001
Epoch [84/100] | Loss: 3.2108 (Cls: 2.7400, Adv: 3.1383) | Train Acc: 0.7500 | Val Acc: 0.8077 | Val P/R/F1 (Macro): 0.8704/0.7333/0.7647 | LR: 0.000001
Epoch [85/100] | Loss: 3.2317 (Cls: 2.7511, Adv: 3.2038) | Train Acc: 0.8125 | Val Acc: 0.8077 | Val P/R/F1 (Macro): 0.9537/0.7833/0.8084 | LR: 0.000001
Epoch [86/100] | Loss: 3.4355 (Cls: 2.9938, Adv: 2.9448) | Train Acc: 0.6771 | Val Acc: 0.8077 | Val P/R/F1 (Macro): 0.9537/0.7833/0.8084 | LR: 0.000001
Epoch [87/100] | Loss: 3.2079 (Cls: 2.7220, Adv: 3.2392) | Train Acc: 0.8125 | Val Acc: 0.8077 | Val P/R/F1 (Macro): 0.9537/0.7833/0.8084 | LR: 0.000001
Epoch [88/100] | Loss: 3.1619 (Cls: 2.6665, Adv: 3.3029) | Train Acc: 0.7812 | Val Acc: 0.8077 | Val P/R/F1 (Macro): 0.9537/0.7833/0.8084 | LR: 0.000001
Epoch [89/100] | Loss: 3.4533 (Cls: 3.0136, Adv: 2.9317) | Train Acc: 0.6979 | Val Acc: 0.8077 | Val P/R/F1 (Macro): 0.9537/0.7833/0.8084 | LR: 0.000001
Epoch [90/100] | Loss: 3.1768 (Cls: 2.7118, Adv: 3.1001) | Train Acc: 0.7396 | Val Acc: 0.7692 | Val P/R/F1 (Macro): 0.8704/0.7000/0.7250 | LR: 0.000001
Epoch [91/100] | Loss: 3.1757 (Cls: 2.6738, Adv: 3.3458) | Train Acc: 0.8229 | Val Acc: 0.8077 | Val P/R/F1 (Macro): 0.9537/0.7833/0.8084 | LR: 0.000001
Epoch [92/100] | Loss: 3.3533 (Cls: 2.8650, Adv: 3.2558) | Train Acc: 0.7500 | Val Acc: 0.8077 | Val P/R/F1 (Macro): 0.9537/0.7833/0.8084 | LR: 0.000001
Epoch [93/100] | Loss: 3.3982 (Cls: 2.8762, Adv: 3.4804) | Train Acc: 0.8125 | Val Acc: 0.8077 | Val P/R/F1 (Macro): 0.9537/0.7833/0.8084 | LR: 0.000001
Epoch [94/100] | Loss: 3.2002 (Cls: 2.6922, Adv: 3.3865) | Train Acc: 0.8125 | Val Acc: 0.8077 | Val P/R/F1 (Macro): 0.9537/0.7833/0.8084 | LR: 0.000001
Epoch [95/100] | Loss: 3.4217 (Cls: 2.9336, Adv: 3.2541) | Train Acc: 0.7396 | Val Acc: 0.8077 | Val P/R/F1 (Macro): 0.9537/0.7833/0.8084 | LR: 0.000001
Epoch [96/100] | Loss: 3.2392 (Cls: 2.6941, Adv: 3.6342) | Train Acc: 0.8438 | Val Acc: 0.8077 | Val P/R/F1 (Macro): 0.9537/0.7833/0.8084 | LR: 0.000001
Epoch [97/100] | Loss: 3.4099 (Cls: 2.9191, Adv: 3.2722) | Train Acc: 0.7812 | Val Acc: 0.8077 | Val P/R/F1 (Macro): 0.9537/0.7833/0.8084 | LR: 0.000001
Epoch [98/100] | Loss: 3.2081 (Cls: 2.6975, Adv: 3.4042) | Train Acc: 0.7917 | Val Acc: 0.8462 | Val P/R/F1 (Macro): 0.9537/0.8167/0.8481 | LR: 0.000001
Epoch [99/100] | Loss: 3.2111 (Cls: 2.6924, Adv: 3.4575) | Train Acc: 0.8229 | Val Acc: 0.8077 | Val P/R/F1 (Macro): 0.9537/0.7833/0.8084 | LR: 0.000001
Epoch [100/100] | Loss: 3.3115 (Cls: 2.8493, Adv: 3.0812) | Train Acc: 0.7812 | Val Acc: 0.8077 | Val P/R/F1 (Macro): 0.9537/0.7833/0.8084 | LR: 0.000001

迭代 1 最佳指标:
  Accuracy: 0.8462
  Precision (Macro): 0.9537
  Recall (Macro): 0.8167
  F1 (Macro): 0.8481
  Precision (Micro): 0.8462
  Recall (Micro): 0.8462
  F1 (Micro): 0.8462
  Val class coverage: 6/14 (0.4286), samples=26

================================================================================
迭代 2/5
随机种子: 43
================================================================================
Training mode: unpaired target adaptation with controlled target-label loss (ratio=0.35, weight=0.50).
Fixed labeled target subset: 34/96 samples.
Epoch [1/100] | Loss: 8.0301 (Cls: 7.9686, Adv: 0.4103) | Train Acc: 0.0625 | Val Acc: 0.2308 | Val P/R/F1 (Macro): 0.1462/0.3000/0.1889 | LR: 0.000010
  >>> New Best Val Acc: 0.2308
Epoch [2/100] | Loss: 7.0496 (Cls: 7.0068, Adv: 0.2850) | Train Acc: 0.1146 | Val Acc: 0.1923 | Val P/R/F1 (Macro): 0.1120/0.2667/0.1402 | LR: 0.000010
Epoch [3/100] | Loss: 6.9350 (Cls: 6.8945, Adv: 0.2701) | Train Acc: 0.1458 | Val Acc: 0.2308 | Val P/R/F1 (Macro): 0.1556/0.3000/0.1944 | LR: 0.000010
Epoch [4/100] | Loss: 6.5664 (Cls: 6.5205, Adv: 0.3063) | Train Acc: 0.1354 | Val Acc: 0.5000 | Val P/R/F1 (Macro): 0.3854/0.4583/0.3889 | LR: 0.000010
  >>> New Best Val Acc: 0.5000
Epoch [5/100] | Loss: 6.7378 (Cls: 6.6655, Adv: 0.4820) | Train Acc: 0.1146 | Val Acc: 0.4231 | Val P/R/F1 (Macro): 0.2105/0.2917/0.2123 | LR: 0.000010
Epoch [6/100] | Loss: 6.2552 (Cls: 6.1773, Adv: 0.5189) | Train Acc: 0.2188 | Val Acc: 0.5385 | Val P/R/F1 (Macro): 0.2811/0.3667/0.3122 | LR: 0.000010
  >>> New Best Val Acc: 0.5385
Epoch [7/100] | Loss: 6.1078 (Cls: 6.0281, Adv: 0.5315) | Train Acc: 0.2604 | Val Acc: 0.5000 | Val P/R/F1 (Macro): 0.2333/0.3833/0.2848 | LR: 0.000010
Epoch [8/100] | Loss: 6.2124 (Cls: 6.1190, Adv: 0.6227) | Train Acc: 0.2500 | Val Acc: 0.5000 | Val P/R/F1 (Macro): 0.3241/0.3583/0.3313 | LR: 0.000010
Epoch [9/100] | Loss: 5.8527 (Cls: 5.7676, Adv: 0.5676) | Train Acc: 0.2292 | Val Acc: 0.5769 | Val P/R/F1 (Macro): 0.5000/0.4625/0.4563 | LR: 0.000010
  >>> New Best Val Acc: 0.5769
Epoch [10/100] | Loss: 5.5713 (Cls: 5.4813, Adv: 0.5999) | Train Acc: 0.2604 | Val Acc: 0.7308 | Val P/R/F1 (Macro): 0.7315/0.6583/0.6331 | LR: 0.000010
  >>> New Best Val Acc: 0.7308
Epoch [11/100] | Loss: 5.6293 (Cls: 5.5396, Adv: 0.5977) | Train Acc: 0.3333 | Val Acc: 0.6538 | Val P/R/F1 (Macro): 0.5370/0.5833/0.5302 | LR: 0.000010
Epoch [12/100] | Loss: 5.3112 (Cls: 5.2200, Adv: 0.6078) | Train Acc: 0.3958 | Val Acc: 0.6538 | Val P/R/F1 (Macro): 0.5278/0.5833/0.5222 | LR: 0.000010
Epoch [13/100] | Loss: 5.4542 (Cls: 5.3421, Adv: 0.7473) | Train Acc: 0.3333 | Val Acc: 0.6154 | Val P/R/F1 (Macro): 0.5463/0.4625/0.4547 | LR: 0.000010
Epoch [14/100] | Loss: 4.9307 (Cls: 4.8078, Adv: 0.8194) | Train Acc: 0.3438 | Val Acc: 0.6154 | Val P/R/F1 (Macro): 0.3926/0.4792/0.4228 | LR: 0.000010
Epoch [15/100] | Loss: 5.0018 (Cls: 4.8670, Adv: 0.8987) | Train Acc: 0.4167 | Val Acc: 0.6154 | Val P/R/F1 (Macro): 0.3819/0.4792/0.4171 | LR: 0.000010
Epoch [16/100] | Loss: 5.0350 (Cls: 4.8586, Adv: 1.1760) | Train Acc: 0.4167 | Val Acc: 0.6154 | Val P/R/F1 (Macro): 0.3833/0.4792/0.4148 | LR: 0.000010
Epoch [17/100] | Loss: 4.5934 (Cls: 4.3931, Adv: 1.3349) | Train Acc: 0.4583 | Val Acc: 0.6154 | Val P/R/F1 (Macro): 0.7130/0.5125/0.5261 | LR: 0.000010
Epoch [18/100] | Loss: 4.6721 (Cls: 4.4072, Adv: 1.7663) | Train Acc: 0.5104 | Val Acc: 0.5769 | Val P/R/F1 (Macro): 0.5556/0.4292/0.4230 | LR: 0.000010
Epoch [19/100] | Loss: 4.7547 (Cls: 4.5170, Adv: 1.5845) | Train Acc: 0.4792 | Val Acc: 0.5385 | Val P/R/F1 (Macro): 0.4341/0.4458/0.4185 | LR: 0.000010
Epoch [20/100] | Loss: 4.5239 (Cls: 4.2721, Adv: 1.6785) | Train Acc: 0.5625 | Val Acc: 0.5769 | Val P/R/F1 (Macro): 0.4778/0.5083/0.4286 | LR: 0.000010
Epoch [21/100] | Loss: 4.5926 (Cls: 4.3101, Adv: 1.8835) | Train Acc: 0.4583 | Val Acc: 0.6154 | Val P/R/F1 (Macro): 0.4438/0.5000/0.4437 | LR: 0.000005
Epoch [22/100] | Loss: 4.2900 (Cls: 4.0313, Adv: 1.7243) | Train Acc: 0.5833 | Val Acc: 0.6154 | Val P/R/F1 (Macro): 0.4438/0.5000/0.4437 | LR: 0.000005
Epoch [23/100] | Loss: 3.9733 (Cls: 3.6832, Adv: 1.9339) | Train Acc: 0.6354 | Val Acc: 0.6538 | Val P/R/F1 (Macro): 0.5708/0.4917/0.4748 | LR: 0.000005
Epoch [24/100] | Loss: 4.4723 (Cls: 4.1719, Adv: 2.0028) | Train Acc: 0.5729 | Val Acc: 0.6538 | Val P/R/F1 (Macro): 0.5833/0.5125/0.4963 | LR: 0.000005
Epoch [25/100] | Loss: 4.0104 (Cls: 3.6949, Adv: 2.1033) | Train Acc: 0.6562 | Val Acc: 0.6154 | Val P/R/F1 (Macro): 0.5593/0.4500/0.4339 | LR: 0.000005
Epoch [26/100] | Loss: 3.9640 (Cls: 3.6450, Adv: 2.1266) | Train Acc: 0.6562 | Val Acc: 0.6154 | Val P/R/F1 (Macro): 0.5587/0.4500/0.4352 | LR: 0.000005
Epoch [27/100] | Loss: 3.9633 (Cls: 3.6234, Adv: 2.2658) | Train Acc: 0.6458 | Val Acc: 0.6538 | Val P/R/F1 (Macro): 0.7254/0.5333/0.5463 | LR: 0.000005
Epoch [28/100] | Loss: 3.9557 (Cls: 3.6023, Adv: 2.3557) | Train Acc: 0.6250 | Val Acc: 0.6538 | Val P/R/F1 (Macro): 0.7254/0.5333/0.5463 | LR: 0.000005
Epoch [29/100] | Loss: 3.8814 (Cls: 3.4921, Adv: 2.5953) | Train Acc: 0.7292 | Val Acc: 0.6538 | Val P/R/F1 (Macro): 0.6264/0.5333/0.5097 | LR: 0.000005
Epoch [30/100] | Loss: 3.7496 (Cls: 3.3610, Adv: 2.5910) | Train Acc: 0.6354 | Val Acc: 0.6538 | Val P/R/F1 (Macro): 0.7259/0.5333/0.5450 | LR: 0.000005
Epoch [31/100] | Loss: 3.9844 (Cls: 3.5650, Adv: 2.7960) | Train Acc: 0.6875 | Val Acc: 0.7308 | Val P/R/F1 (Macro): 0.7593/0.6167/0.6190 | LR: 0.000005
Epoch [32/100] | Loss: 3.9310 (Cls: 3.5543, Adv: 2.5116) | Train Acc: 0.6354 | Val Acc: 0.6923 | Val P/R/F1 (Macro): 0.7407/0.5750/0.5854 | LR: 0.000003
Epoch [33/100] | Loss: 3.9368 (Cls: 3.5521, Adv: 2.5647) | Train Acc: 0.6354 | Val Acc: 0.6923 | Val P/R/F1 (Macro): 0.7407/0.5750/0.5854 | LR: 0.000003
Epoch [34/100] | Loss: 3.6904 (Cls: 3.2940, Adv: 2.6427) | Train Acc: 0.7083 | Val Acc: 0.6923 | Val P/R/F1 (Macro): 0.8208/0.6167/0.6375 | LR: 0.000003
Epoch [35/100] | Loss: 3.6936 (Cls: 3.3101, Adv: 2.5569) | Train Acc: 0.6458 | Val Acc: 0.6538 | Val P/R/F1 (Macro): 0.7259/0.5333/0.5450 | LR: 0.000003
Epoch [36/100] | Loss: 3.7539 (Cls: 3.3317, Adv: 2.8148) | Train Acc: 0.6771 | Val Acc: 0.6538 | Val P/R/F1 (Macro): 0.7259/0.5333/0.5450 | LR: 0.000003
Epoch [37/100] | Loss: 3.6307 (Cls: 3.2085, Adv: 2.8149) | Train Acc: 0.7292 | Val Acc: 0.6538 | Val P/R/F1 (Macro): 0.7259/0.5333/0.5450 | LR: 0.000003
Epoch [38/100] | Loss: 3.9163 (Cls: 3.4968, Adv: 2.7969) | Train Acc: 0.5833 | Val Acc: 0.6538 | Val P/R/F1 (Macro): 0.7259/0.5333/0.5450 | LR: 0.000003
Epoch [39/100] | Loss: 3.8192 (Cls: 3.4329, Adv: 2.5749) | Train Acc: 0.5833 | Val Acc: 0.6923 | Val P/R/F1 (Macro): 0.7407/0.5750/0.5854 | LR: 0.000003
Epoch [40/100] | Loss: 3.8340 (Cls: 3.4218, Adv: 2.7485) | Train Acc: 0.6042 | Val Acc: 0.6154 | Val P/R/F1 (Macro): 0.6389/0.5125/0.5261 | LR: 0.000003
Epoch [41/100] | Loss: 3.5024 (Cls: 3.1028, Adv: 2.6642) | Train Acc: 0.6771 | Val Acc: 0.6923 | Val P/R/F1 (Macro): 0.7259/0.5667/0.5847 | LR: 0.000003
Epoch [42/100] | Loss: 3.5326 (Cls: 3.1167, Adv: 2.7726) | Train Acc: 0.7083 | Val Acc: 0.7308 | Val P/R/F1 (Macro): 0.8208/0.6500/0.6771 | LR: 0.000003
Epoch [43/100] | Loss: 3.7972 (Cls: 3.3319, Adv: 3.1024) | Train Acc: 0.6979 | Val Acc: 0.6154 | Val P/R/F1 (Macro): 0.5593/0.4500/0.4339 | LR: 0.000001
Epoch [44/100] | Loss: 3.7281 (Cls: 3.2383, Adv: 3.2655) | Train Acc: 0.7188 | Val Acc: 0.6538 | Val P/R/F1 (Macro): 0.7259/0.5333/0.5450 | LR: 0.000001
Epoch [45/100] | Loss: 3.9519 (Cls: 3.4835, Adv: 3.1226) | Train Acc: 0.6146 | Val Acc: 0.6538 | Val P/R/F1 (Macro): 0.7259/0.5333/0.5450 | LR: 0.000001
Epoch [46/100] | Loss: 3.6030 (Cls: 3.1430, Adv: 3.0662) | Train Acc: 0.7917 | Val Acc: 0.6538 | Val P/R/F1 (Macro): 0.7259/0.5333/0.5450 | LR: 0.000001
Epoch [47/100] | Loss: 3.4346 (Cls: 2.9831, Adv: 3.0097) | Train Acc: 0.7812 | Val Acc: 0.6538 | Val P/R/F1 (Macro): 0.7259/0.5333/0.5450 | LR: 0.000001
Epoch [48/100] | Loss: 3.8169 (Cls: 3.3361, Adv: 3.2049) | Train Acc: 0.7396 | Val Acc: 0.6538 | Val P/R/F1 (Macro): 0.7259/0.5333/0.5450 | LR: 0.000001
Epoch [49/100] | Loss: 3.6108 (Cls: 3.1662, Adv: 2.9645) | Train Acc: 0.6771 | Val Acc: 0.6154 | Val P/R/F1 (Macro): 0.7222/0.5125/0.5341 | LR: 0.000001
Epoch [50/100] | Loss: 3.8074 (Cls: 3.3198, Adv: 3.2510) | Train Acc: 0.6354 | Val Acc: 0.6538 | Val P/R/F1 (Macro): 0.7384/0.5542/0.5744 | LR: 0.000001
Epoch [51/100] | Loss: 3.6903 (Cls: 3.2251, Adv: 3.1010) | Train Acc: 0.6354 | Val Acc: 0.6538 | Val P/R/F1 (Macro): 0.7384/0.5542/0.5744 | LR: 0.000001
Epoch [52/100] | Loss: 3.4702 (Cls: 2.9932, Adv: 3.1804) | Train Acc: 0.7188 | Val Acc: 0.6538 | Val P/R/F1 (Macro): 0.7259/0.5333/0.5450 | LR: 0.000001
Epoch [53/100] | Loss: 3.6637 (Cls: 3.1610, Adv: 3.3514) | Train Acc: 0.7604 | Val Acc: 0.6538 | Val P/R/F1 (Macro): 0.7259/0.5333/0.5450 | LR: 0.000001
Epoch [54/100] | Loss: 3.8794 (Cls: 3.3745, Adv: 3.3663) | Train Acc: 0.6458 | Val Acc: 0.6538 | Val P/R/F1 (Macro): 0.7259/0.5333/0.5450 | LR: 0.000001
Epoch [55/100] | Loss: 3.8237 (Cls: 3.3506, Adv: 3.1542) | Train Acc: 0.6146 | Val Acc: 0.6923 | Val P/R/F1 (Macro): 0.7407/0.5750/0.5854 | LR: 0.000001
Epoch [56/100] | Loss: 3.4878 (Cls: 2.9990, Adv: 3.2583) | Train Acc: 0.7083 | Val Acc: 0.6923 | Val P/R/F1 (Macro): 0.7407/0.5750/0.5854 | LR: 0.000001
Epoch [57/100] | Loss: 3.5131 (Cls: 3.0511, Adv: 3.0799) | Train Acc: 0.6875 | Val Acc: 0.6923 | Val P/R/F1 (Macro): 0.7407/0.5750/0.5854 | LR: 0.000001
Epoch [58/100] | Loss: 3.6462 (Cls: 3.1564, Adv: 3.2658) | Train Acc: 0.6667 | Val Acc: 0.6923 | Val P/R/F1 (Macro): 0.7407/0.5750/0.5854 | LR: 0.000001
Epoch [59/100] | Loss: 3.4204 (Cls: 2.9429, Adv: 3.1830) | Train Acc: 0.6875 | Val Acc: 0.6923 | Val P/R/F1 (Macro): 0.7407/0.5750/0.5854 | LR: 0.000001
Epoch [60/100] | Loss: 3.7715 (Cls: 3.2674, Adv: 3.3611) | Train Acc: 0.6771 | Val Acc: 0.6538 | Val P/R/F1 (Macro): 0.7259/0.5333/0.5450 | LR: 0.000001
Epoch [61/100] | Loss: 3.4485 (Cls: 2.9644, Adv: 3.2276) | Train Acc: 0.7604 | Val Acc: 0.6923 | Val P/R/F1 (Macro): 0.7407/0.5750/0.5854 | LR: 0.000001
Epoch [62/100] | Loss: 3.5949 (Cls: 3.0606, Adv: 3.5619) | Train Acc: 0.7500 | Val Acc: 0.7308 | Val P/R/F1 (Macro): 0.8356/0.6583/0.6779 | LR: 0.000001
Epoch [63/100] | Loss: 3.5835 (Cls: 3.0846, Adv: 3.3265) | Train Acc: 0.7396 | Val Acc: 0.6538 | Val P/R/F1 (Macro): 0.7259/0.5333/0.5450 | LR: 0.000001
Epoch [64/100] | Loss: 3.4202 (Cls: 2.9388, Adv: 3.2092) | Train Acc: 0.7396 | Val Acc: 0.7692 | Val P/R/F1 (Macro): 0.8783/0.7417/0.7386 | LR: 0.000001
  >>> New Best Val Acc: 0.7692
Epoch [65/100] | Loss: 3.4323 (Cls: 2.9477, Adv: 3.2308) | Train Acc: 0.7292 | Val Acc: 0.7308 | Val P/R/F1 (Macro): 0.8356/0.6583/0.6779 | LR: 0.000001
Epoch [66/100] | Loss: 3.5934 (Cls: 3.0840, Adv: 3.3955) | Train Acc: 0.7083 | Val Acc: 0.6923 | Val P/R/F1 (Macro): 0.7407/0.5750/0.5854 | LR: 0.000001
Epoch [67/100] | Loss: 3.5077 (Cls: 2.9904, Adv: 3.4483) | Train Acc: 0.7188 | Val Acc: 0.6538 | Val P/R/F1 (Macro): 0.7259/0.5333/0.5450 | LR: 0.000001
Epoch [68/100] | Loss: 3.7268 (Cls: 3.1957, Adv: 3.5407) | Train Acc: 0.6042 | Val Acc: 0.6923 | Val P/R/F1 (Macro): 0.7407/0.5750/0.5854 | LR: 0.000001
Epoch [69/100] | Loss: 3.4336 (Cls: 2.9329, Adv: 3.3380) | Train Acc: 0.7292 | Val Acc: 0.6538 | Val P/R/F1 (Macro): 0.7259/0.5333/0.5450 | LR: 0.000001
Epoch [70/100] | Loss: 3.8084 (Cls: 3.2799, Adv: 3.5238) | Train Acc: 0.6562 | Val Acc: 0.6923 | Val P/R/F1 (Macro): 0.8208/0.6167/0.6375 | LR: 0.000001
Epoch [71/100] | Loss: 3.5280 (Cls: 2.9941, Adv: 3.5590) | Train Acc: 0.7188 | Val Acc: 0.6538 | Val P/R/F1 (Macro): 0.7259/0.5333/0.5450 | LR: 0.000001
Epoch [72/100] | Loss: 3.8247 (Cls: 3.3173, Adv: 3.3826) | Train Acc: 0.6562 | Val Acc: 0.6923 | Val P/R/F1 (Macro): 0.7407/0.5750/0.5854 | LR: 0.000001
Epoch [73/100] | Loss: 3.4430 (Cls: 2.9334, Adv: 3.3973) | Train Acc: 0.7188 | Val Acc: 0.6923 | Val P/R/F1 (Macro): 0.7407/0.5750/0.5854 | LR: 0.000001
Epoch [74/100] | Loss: 3.7428 (Cls: 3.2806, Adv: 3.0812) | Train Acc: 0.6354 | Val Acc: 0.6538 | Val P/R/F1 (Macro): 0.7259/0.5333/0.5450 | LR: 0.000001
Epoch [75/100] | Loss: 3.5820 (Cls: 3.0415, Adv: 3.6028) | Train Acc: 0.6667 | Val Acc: 0.6538 | Val P/R/F1 (Macro): 0.7259/0.5333/0.5450 | LR: 0.000001
Epoch [76/100] | Loss: 3.6747 (Cls: 3.1299, Adv: 3.6319) | Train Acc: 0.6979 | Val Acc: 0.6923 | Val P/R/F1 (Macro): 0.7407/0.5750/0.5854 | LR: 0.000001
Epoch [77/100] | Loss: 3.6562 (Cls: 3.1149, Adv: 3.6082) | Train Acc: 0.6875 | Val Acc: 0.6923 | Val P/R/F1 (Macro): 0.7407/0.5750/0.5854 | LR: 0.000001
Epoch [78/100] | Loss: 3.5211 (Cls: 2.9859, Adv: 3.5681) | Train Acc: 0.7292 | Val Acc: 0.6538 | Val P/R/F1 (Macro): 0.7259/0.5333/0.5450 | LR: 0.000001
Epoch [79/100] | Loss: 3.3906 (Cls: 2.8479, Adv: 3.6183) | Train Acc: 0.6771 | Val Acc: 0.6923 | Val P/R/F1 (Macro): 0.7407/0.5750/0.5854 | LR: 0.000001
Epoch [80/100] | Loss: 3.9367 (Cls: 3.4014, Adv: 3.5689) | Train Acc: 0.6458 | Val Acc: 0.6923 | Val P/R/F1 (Macro): 0.7407/0.5750/0.5854 | LR: 0.000001
Epoch [81/100] | Loss: 3.6320 (Cls: 3.0752, Adv: 3.7121) | Train Acc: 0.7396 | Val Acc: 0.7308 | Val P/R/F1 (Macro): 0.7593/0.6167/0.6190 | LR: 0.000001
Epoch [82/100] | Loss: 3.8876 (Cls: 3.3271, Adv: 3.7365) | Train Acc: 0.6979 | Val Acc: 0.6923 | Val P/R/F1 (Macro): 0.7407/0.5750/0.5854 | LR: 0.000001
Epoch [83/100] | Loss: 3.6011 (Cls: 3.0382, Adv: 3.7528) | Train Acc: 0.6875 | Val Acc: 0.6538 | Val P/R/F1 (Macro): 0.7259/0.5333/0.5450 | LR: 0.000001
Epoch [84/100] | Loss: 3.8862 (Cls: 3.3113, Adv: 3.8329) | Train Acc: 0.5833 | Val Acc: 0.6538 | Val P/R/F1 (Macro): 0.7259/0.5333/0.5450 | LR: 0.000001
Epoch [85/100] | Loss: 3.6351 (Cls: 3.0689, Adv: 3.7742) | Train Acc: 0.7500 | Val Acc: 0.6538 | Val P/R/F1 (Macro): 0.7259/0.5333/0.5450 | LR: 0.000001
Epoch [86/100] | Loss: 3.7230 (Cls: 3.1350, Adv: 3.9205) | Train Acc: 0.7188 | Val Acc: 0.6923 | Val P/R/F1 (Macro): 0.7407/0.5750/0.5854 | LR: 0.000001
Epoch [87/100] | Loss: 3.5530 (Cls: 3.0101, Adv: 3.6192) | Train Acc: 0.7083 | Val Acc: 0.6923 | Val P/R/F1 (Macro): 0.7407/0.5750/0.5854 | LR: 0.000001
Epoch [88/100] | Loss: 3.5923 (Cls: 3.0132, Adv: 3.8603) | Train Acc: 0.6875 | Val Acc: 0.6923 | Val P/R/F1 (Macro): 0.7407/0.5750/0.5854 | LR: 0.000001
Epoch [89/100] | Loss: 3.5342 (Cls: 2.9492, Adv: 3.9000) | Train Acc: 0.7188 | Val Acc: 0.6923 | Val P/R/F1 (Macro): 0.7407/0.5750/0.5854 | LR: 0.000001
Epoch [90/100] | Loss: 3.5775 (Cls: 3.0133, Adv: 3.7614) | Train Acc: 0.7500 | Val Acc: 0.6923 | Val P/R/F1 (Macro): 0.7407/0.5750/0.5854 | LR: 0.000001
Epoch [91/100] | Loss: 3.6128 (Cls: 3.0288, Adv: 3.8934) | Train Acc: 0.6979 | Val Acc: 0.6923 | Val P/R/F1 (Macro): 0.7407/0.5750/0.5854 | LR: 0.000001
Epoch [92/100] | Loss: 3.7264 (Cls: 3.1883, Adv: 3.5872) | Train Acc: 0.7188 | Val Acc: 0.6923 | Val P/R/F1 (Macro): 0.7407/0.5750/0.5854 | LR: 0.000001
Epoch [93/100] | Loss: 3.6642 (Cls: 3.0996, Adv: 3.7644) | Train Acc: 0.6979 | Val Acc: 0.6923 | Val P/R/F1 (Macro): 0.7407/0.5750/0.5854 | LR: 0.000001
Epoch [94/100] | Loss: 3.7691 (Cls: 3.1940, Adv: 3.8342) | Train Acc: 0.6979 | Val Acc: 0.6923 | Val P/R/F1 (Macro): 0.7407/0.5750/0.5854 | LR: 0.000001
Epoch [95/100] | Loss: 3.7443 (Cls: 3.1698, Adv: 3.8302) | Train Acc: 0.6979 | Val Acc: 0.6538 | Val P/R/F1 (Macro): 0.7259/0.5333/0.5450 | LR: 0.000001
Epoch [96/100] | Loss: 3.5091 (Cls: 2.9637, Adv: 3.6358) | Train Acc: 0.7500 | Val Acc: 0.6538 | Val P/R/F1 (Macro): 0.7259/0.5333/0.5450 | LR: 0.000001
Epoch [97/100] | Loss: 4.0058 (Cls: 3.4123, Adv: 3.9563) | Train Acc: 0.6146 | Val Acc: 0.6923 | Val P/R/F1 (Macro): 0.7407/0.5750/0.5854 | LR: 0.000001
Epoch [98/100] | Loss: 3.3875 (Cls: 2.8121, Adv: 3.8355) | Train Acc: 0.7292 | Val Acc: 0.6923 | Val P/R/F1 (Macro): 0.7407/0.5750/0.5854 | LR: 0.000001
Epoch [99/100] | Loss: 3.5417 (Cls: 2.9809, Adv: 3.7383) | Train Acc: 0.7396 | Val Acc: 0.6923 | Val P/R/F1 (Macro): 0.7407/0.5750/0.5854 | LR: 0.000001
Epoch [100/100] | Loss: 4.0198 (Cls: 3.4298, Adv: 3.9332) | Train Acc: 0.7396 | Val Acc: 0.6923 | Val P/R/F1 (Macro): 0.7407/0.5750/0.5854 | LR: 0.000001

迭代 2 最佳指标:
  Accuracy: 0.7692
  Precision (Macro): 0.8783
  Recall (Macro): 0.7417
  F1 (Macro): 0.7386
  Precision (Micro): 0.7692
  Recall (Micro): 0.7692
  F1 (Micro): 0.7692
  Val class coverage: 6/14 (0.4286), samples=26

================================================================================
迭代 3/5
随机种子: 44
================================================================================
Training mode: unpaired target adaptation with controlled target-label loss (ratio=0.35, weight=0.50).
Fixed labeled target subset: 34/96 samples.
Epoch [1/100] | Loss: 7.9883 (Cls: 7.9457, Adv: 0.2842) | Train Acc: 0.0417 | Val Acc: 0.0000 | Val P/R/F1 (Macro): 0.0000/0.0000/0.0000 | LR: 0.000010
Epoch [2/100] | Loss: 7.1268 (Cls: 7.0808, Adv: 0.3066) | Train Acc: 0.1562 | Val Acc: 0.0769 | Val P/R/F1 (Macro): 0.0370/0.0667/0.0476 | LR: 0.000010
  >>> New Best Val Acc: 0.0769
Epoch [3/100] | Loss: 6.8416 (Cls: 6.7950, Adv: 0.3110) | Train Acc: 0.1146 | Val Acc: 0.3846 | Val P/R/F1 (Macro): 0.3141/0.3500/0.3009 | LR: 0.000010
  >>> New Best Val Acc: 0.3846
Epoch [4/100] | Loss: 6.5649 (Cls: 6.5291, Adv: 0.2382) | Train Acc: 0.1875 | Val Acc: 0.3846 | Val P/R/F1 (Macro): 0.4278/0.3333/0.3273 | LR: 0.000010
Epoch [5/100] | Loss: 6.5083 (Cls: 6.4758, Adv: 0.2166) | Train Acc: 0.1771 | Val Acc: 0.5769 | Val P/R/F1 (Macro): 0.4907/0.4792/0.4706 | LR: 0.000010
  >>> New Best Val Acc: 0.5769
Epoch [6/100] | Loss: 6.0621 (Cls: 6.0262, Adv: 0.2391) | Train Acc: 0.1979 | Val Acc: 0.5385 | Val P/R/F1 (Macro): 0.5694/0.4625/0.4597 | LR: 0.000010
Epoch [7/100] | Loss: 6.1212 (Cls: 6.0796, Adv: 0.2770) | Train Acc: 0.1979 | Val Acc: 0.5000 | Val P/R/F1 (Macro): 0.4924/0.3875/0.3911 | LR: 0.000010
Epoch [8/100] | Loss: 5.6350 (Cls: 5.5890, Adv: 0.3061) | Train Acc: 0.2917 | Val Acc: 0.5385 | Val P/R/F1 (Macro): 0.5972/0.5125/0.4226 | LR: 0.000010
Epoch [9/100] | Loss: 5.8511 (Cls: 5.8036, Adv: 0.3170) | Train Acc: 0.1979 | Val Acc: 0.5385 | Val P/R/F1 (Macro): 0.3591/0.3958/0.3449 | LR: 0.000010
Epoch [10/100] | Loss: 5.2826 (Cls: 5.2276, Adv: 0.3665) | Train Acc: 0.3021 | Val Acc: 0.5769 | Val P/R/F1 (Macro): 0.3591/0.4458/0.3944 | LR: 0.000010
Epoch [11/100] | Loss: 5.5203 (Cls: 5.4710, Adv: 0.3287) | Train Acc: 0.3646 | Val Acc: 0.6154 | Val P/R/F1 (Macro): 0.5486/0.4917/0.4681 | LR: 0.000010
  >>> New Best Val Acc: 0.6154
Epoch [12/100] | Loss: 5.4271 (Cls: 5.3669, Adv: 0.4019) | Train Acc: 0.3438 | Val Acc: 0.6154 | Val P/R/F1 (Macro): 0.5625/0.4917/0.4754 | LR: 0.000010
Epoch [13/100] | Loss: 5.0476 (Cls: 4.9719, Adv: 0.5050) | Train Acc: 0.5208 | Val Acc: 0.6154 | Val P/R/F1 (Macro): 0.5804/0.4917/0.4838 | LR: 0.000010
Epoch [14/100] | Loss: 4.9149 (Cls: 4.8419, Adv: 0.4871) | Train Acc: 0.4792 | Val Acc: 0.6154 | Val P/R/F1 (Macro): 0.5625/0.4917/0.4754 | LR: 0.000010
Epoch [15/100] | Loss: 4.8156 (Cls: 4.7383, Adv: 0.5158) | Train Acc: 0.4583 | Val Acc: 0.5769 | Val P/R/F1 (Macro): 0.5486/0.4500/0.4443 | LR: 0.000010
Epoch [16/100] | Loss: 4.7053 (Cls: 4.6105, Adv: 0.6318) | Train Acc: 0.5104 | Val Acc: 0.5769 | Val P/R/F1 (Macro): 0.5486/0.4500/0.4443 | LR: 0.000010
Epoch [17/100] | Loss: 4.8442 (Cls: 4.7325, Adv: 0.7448) | Train Acc: 0.5104 | Val Acc: 0.5769 | Val P/R/F1 (Macro): 0.5486/0.4500/0.4443 | LR: 0.000010
Epoch [18/100] | Loss: 4.3235 (Cls: 4.2147, Adv: 0.7253) | Train Acc: 0.5625 | Val Acc: 0.6923 | Val P/R/F1 (Macro): 0.6806/0.6583/0.6098 | LR: 0.000010
  >>> New Best Val Acc: 0.6923
Epoch [19/100] | Loss: 4.4161 (Cls: 4.3231, Adv: 0.6199) | Train Acc: 0.5521 | Val Acc: 0.6923 | Val P/R/F1 (Macro): 0.6806/0.6583/0.6098 | LR: 0.000010
Epoch [20/100] | Loss: 4.4997 (Cls: 4.3958, Adv: 0.6927) | Train Acc: 0.5625 | Val Acc: 0.6154 | Val P/R/F1 (Macro): 0.5804/0.4917/0.4838 | LR: 0.000010
Epoch [21/100] | Loss: 4.0973 (Cls: 3.9638, Adv: 0.8897) | Train Acc: 0.6042 | Val Acc: 0.6154 | Val P/R/F1 (Macro): 0.5625/0.4917/0.4754 | LR: 0.000010
Epoch [22/100] | Loss: 3.9566 (Cls: 3.8253, Adv: 0.8753) | Train Acc: 0.6250 | Val Acc: 0.6154 | Val P/R/F1 (Macro): 0.6472/0.5417/0.5472 | LR: 0.000010
Epoch [23/100] | Loss: 4.0585 (Cls: 3.9095, Adv: 0.9931) | Train Acc: 0.6562 | Val Acc: 0.6154 | Val P/R/F1 (Macro): 0.6472/0.5417/0.5472 | LR: 0.000010
Epoch [24/100] | Loss: 4.0317 (Cls: 3.8820, Adv: 0.9984) | Train Acc: 0.5104 | Val Acc: 0.5769 | Val P/R/F1 (Macro): 0.5694/0.4583/0.4684 | LR: 0.000010
Epoch [25/100] | Loss: 4.0675 (Cls: 3.8993, Adv: 1.1214) | Train Acc: 0.5938 | Val Acc: 0.6538 | Val P/R/F1 (Macro): 0.6329/0.5750/0.5528 | LR: 0.000010
Epoch [26/100] | Loss: 4.0143 (Cls: 3.8392, Adv: 1.1672) | Train Acc: 0.5729 | Val Acc: 0.5769 | Val P/R/F1 (Macro): 0.5694/0.4583/0.4684 | LR: 0.000010
Epoch [27/100] | Loss: 3.8799 (Cls: 3.6988, Adv: 1.2069) | Train Acc: 0.6979 | Val Acc: 0.6538 | Val P/R/F1 (Macro): 0.7262/0.6250/0.6148 | LR: 0.000010
Epoch [28/100] | Loss: 3.7668 (Cls: 3.5354, Adv: 1.5424) | Train Acc: 0.6875 | Val Acc: 0.6538 | Val P/R/F1 (Macro): 0.7262/0.6250/0.6148 | LR: 0.000010
Epoch [29/100] | Loss: 4.1565 (Cls: 3.9304, Adv: 1.5073) | Train Acc: 0.5521 | Val Acc: 0.6538 | Val P/R/F1 (Macro): 0.7262/0.6250/0.6148 | LR: 0.000005
Epoch [30/100] | Loss: 3.8625 (Cls: 3.6248, Adv: 1.5843) | Train Acc: 0.6354 | Val Acc: 0.6154 | Val P/R/F1 (Macro): 0.6651/0.5417/0.5556 | LR: 0.000005
Epoch [31/100] | Loss: 3.8296 (Cls: 3.5974, Adv: 1.5478) | Train Acc: 0.6458 | Val Acc: 0.6538 | Val P/R/F1 (Macro): 0.6508/0.5750/0.5611 | LR: 0.000005
Epoch [32/100] | Loss: 3.5583 (Cls: 3.3441, Adv: 1.4279) | Train Acc: 0.6667 | Val Acc: 0.6538 | Val P/R/F1 (Macro): 0.6508/0.5750/0.5611 | LR: 0.000005
Epoch [33/100] | Loss: 3.6190 (Cls: 3.4092, Adv: 1.3986) | Train Acc: 0.6979 | Val Acc: 0.6154 | Val P/R/F1 (Macro): 0.5952/0.4917/0.4944 | LR: 0.000005
Epoch [34/100] | Loss: 3.5468 (Cls: 3.3248, Adv: 1.4802) | Train Acc: 0.6771 | Val Acc: 0.6538 | Val P/R/F1 (Macro): 0.6706/0.5750/0.5737 | LR: 0.000005
Epoch [35/100] | Loss: 3.6471 (Cls: 3.3986, Adv: 1.6566) | Train Acc: 0.6562 | Val Acc: 0.6923 | Val P/R/F1 (Macro): 0.7540/0.6583/0.6571 | LR: 0.000005
Epoch [36/100] | Loss: 3.6261 (Cls: 3.3646, Adv: 1.7435) | Train Acc: 0.6562 | Val Acc: 0.6923 | Val P/R/F1 (Macro): 0.7540/0.6583/0.6571 | LR: 0.000005
Epoch [37/100] | Loss: 3.7047 (Cls: 3.4328, Adv: 1.8122) | Train Acc: 0.6667 | Val Acc: 0.6923 | Val P/R/F1 (Macro): 0.8095/0.7083/0.7037 | LR: 0.000005
Epoch [38/100] | Loss: 3.7390 (Cls: 3.4578, Adv: 1.8744) | Train Acc: 0.6458 | Val Acc: 0.6923 | Val P/R/F1 (Macro): 0.7262/0.6583/0.6333 | LR: 0.000005
Epoch [39/100] | Loss: 3.4687 (Cls: 3.1888, Adv: 1.8660) | Train Acc: 0.7292 | Val Acc: 0.6923 | Val P/R/F1 (Macro): 0.7262/0.6583/0.6333 | LR: 0.000005
Epoch [40/100] | Loss: 3.3993 (Cls: 3.1148, Adv: 1.8968) | Train Acc: 0.7083 | Val Acc: 0.6923 | Val P/R/F1 (Macro): 0.7262/0.6583/0.6333 | LR: 0.000003
Epoch [41/100] | Loss: 3.6252 (Cls: 3.3060, Adv: 2.1282) | Train Acc: 0.6562 | Val Acc: 0.6923 | Val P/R/F1 (Macro): 0.7083/0.6583/0.6250 | LR: 0.000003
Epoch [42/100] | Loss: 3.2210 (Cls: 2.8760, Adv: 2.3001) | Train Acc: 0.7708 | Val Acc: 0.6538 | Val P/R/F1 (Macro): 0.7083/0.6250/0.6065 | LR: 0.000003
Epoch [43/100] | Loss: 3.5501 (Cls: 3.1902, Adv: 2.3997) | Train Acc: 0.6458 | Val Acc: 0.7308 | Val P/R/F1 (Macro): 0.7917/0.7417/0.7139 | LR: 0.000003
  >>> New Best Val Acc: 0.7308
Epoch [44/100] | Loss: 3.1671 (Cls: 2.8349, Adv: 2.2146) | Train Acc: 0.7188 | Val Acc: 0.6154 | Val P/R/F1 (Macro): 0.5688/0.4917/0.4746 | LR: 0.000003
Epoch [45/100] | Loss: 3.3725 (Cls: 3.0456, Adv: 2.1793) | Train Acc: 0.7188 | Val Acc: 0.6154 | Val P/R/F1 (Macro): 0.5688/0.4917/0.4746 | LR: 0.000003
Epoch [46/100] | Loss: 3.5547 (Cls: 3.1938, Adv: 2.4063) | Train Acc: 0.6562 | Val Acc: 0.6538 | Val P/R/F1 (Macro): 0.6508/0.5750/0.5611 | LR: 0.000003
Epoch [47/100] | Loss: 3.5256 (Cls: 3.1569, Adv: 2.4582) | Train Acc: 0.7188 | Val Acc: 0.6538 | Val P/R/F1 (Macro): 0.6929/0.6250/0.6000 | LR: 0.000003
Epoch [48/100] | Loss: 3.2403 (Cls: 2.9013, Adv: 2.2599) | Train Acc: 0.7292 | Val Acc: 0.6538 | Val P/R/F1 (Macro): 0.7262/0.6250/0.6148 | LR: 0.000003
Epoch [49/100] | Loss: 3.7046 (Cls: 3.3581, Adv: 2.3098) | Train Acc: 0.7083 | Val Acc: 0.6538 | Val P/R/F1 (Macro): 0.7262/0.6250/0.6148 | LR: 0.000003
Epoch [50/100] | Loss: 3.3769 (Cls: 3.0437, Adv: 2.2209) | Train Acc: 0.7708 | Val Acc: 0.6538 | Val P/R/F1 (Macro): 0.6929/0.6250/0.6000 | LR: 0.000003
Epoch [51/100] | Loss: 3.4940 (Cls: 3.1172, Adv: 2.5124) | Train Acc: 0.7812 | Val Acc: 0.6538 | Val P/R/F1 (Macro): 0.7262/0.6250/0.6148 | LR: 0.000003
Epoch [52/100] | Loss: 3.2765 (Cls: 2.9077, Adv: 2.4588) | Train Acc: 0.7604 | Val Acc: 0.6538 | Val P/R/F1 (Macro): 0.7262/0.6250/0.6148 | LR: 0.000003
Epoch [53/100] | Loss: 3.3280 (Cls: 2.9768, Adv: 2.3418) | Train Acc: 0.7292 | Val Acc: 0.6538 | Val P/R/F1 (Macro): 0.7262/0.6250/0.6148 | LR: 0.000003
Epoch [54/100] | Loss: 3.4365 (Cls: 3.0410, Adv: 2.6371) | Train Acc: 0.7604 | Val Acc: 0.6538 | Val P/R/F1 (Macro): 0.7262/0.6250/0.6148 | LR: 0.000001
Epoch [55/100] | Loss: 3.9799 (Cls: 3.6194, Adv: 2.4030) | Train Acc: 0.6146 | Val Acc: 0.6538 | Val P/R/F1 (Macro): 0.7262/0.6250/0.6148 | LR: 0.000001
Epoch [56/100] | Loss: 3.6613 (Cls: 3.2930, Adv: 2.4550) | Train Acc: 0.6667 | Val Acc: 0.6923 | Val P/R/F1 (Macro): 0.7262/0.6583/0.6545 | LR: 0.000001
Epoch [57/100] | Loss: 3.1724 (Cls: 2.7649, Adv: 2.7165) | Train Acc: 0.8229 | Val Acc: 0.6538 | Val P/R/F1 (Macro): 0.7262/0.6250/0.6148 | LR: 0.000001
Epoch [58/100] | Loss: 3.3739 (Cls: 2.9921, Adv: 2.5453) | Train Acc: 0.7604 | Val Acc: 0.6538 | Val P/R/F1 (Macro): 0.7262/0.6250/0.6148 | LR: 0.000001
Epoch [59/100] | Loss: 3.2976 (Cls: 2.9067, Adv: 2.6066) | Train Acc: 0.7083 | Val Acc: 0.6538 | Val P/R/F1 (Macro): 0.7262/0.6250/0.6148 | LR: 0.000001
Epoch [60/100] | Loss: 3.4344 (Cls: 3.0362, Adv: 2.6543) | Train Acc: 0.7083 | Val Acc: 0.6538 | Val P/R/F1 (Macro): 0.7262/0.6250/0.6148 | LR: 0.000001
Epoch [61/100] | Loss: 3.5609 (Cls: 3.1643, Adv: 2.6442) | Train Acc: 0.6667 | Val Acc: 0.6923 | Val P/R/F1 (Macro): 0.7262/0.6583/0.6333 | LR: 0.000001
Epoch [62/100] | Loss: 3.2376 (Cls: 2.8738, Adv: 2.4253) | Train Acc: 0.7708 | Val Acc: 0.6538 | Val P/R/F1 (Macro): 0.7262/0.6250/0.6148 | LR: 0.000001
Epoch [63/100] | Loss: 3.3595 (Cls: 2.9372, Adv: 2.8157) | Train Acc: 0.6979 | Val Acc: 0.6538 | Val P/R/F1 (Macro): 0.7262/0.6250/0.6148 | LR: 0.000001
Epoch [64/100] | Loss: 3.6683 (Cls: 3.2804, Adv: 2.5862) | Train Acc: 0.6667 | Val Acc: 0.6538 | Val P/R/F1 (Macro): 0.7262/0.6250/0.6148 | LR: 0.000001
Epoch [65/100] | Loss: 3.6183 (Cls: 3.2303, Adv: 2.5869) | Train Acc: 0.6562 | Val Acc: 0.6923 | Val P/R/F1 (Macro): 0.7262/0.6583/0.6333 | LR: 0.000001
Epoch [66/100] | Loss: 3.2502 (Cls: 2.8357, Adv: 2.7638) | Train Acc: 0.7604 | Val Acc: 0.7308 | Val P/R/F1 (Macro): 0.8095/0.7417/0.7222 | LR: 0.000001
Epoch [67/100] | Loss: 3.2008 (Cls: 2.7587, Adv: 2.9469) | Train Acc: 0.7812 | Val Acc: 0.6923 | Val P/R/F1 (Macro): 0.8095/0.7083/0.7037 | LR: 0.000001
Epoch [68/100] | Loss: 3.0261 (Cls: 2.6248, Adv: 2.6755) | Train Acc: 0.7917 | Val Acc: 0.7308 | Val P/R/F1 (Macro): 0.7817/0.7417/0.7071 | LR: 0.000001
Epoch [69/100] | Loss: 3.2579 (Cls: 2.8180, Adv: 2.9330) | Train Acc: 0.8021 | Val Acc: 0.7692 | Val P/R/F1 (Macro): 0.7817/0.7750/0.7468 | LR: 0.000001
  >>> New Best Val Acc: 0.7692
Epoch [70/100] | Loss: 3.2013 (Cls: 2.7763, Adv: 2.8335) | Train Acc: 0.8125 | Val Acc: 0.7308 | Val P/R/F1 (Macro): 0.8095/0.7417/0.7222 | LR: 0.000001
Epoch [71/100] | Loss: 3.2200 (Cls: 2.7618, Adv: 3.0546) | Train Acc: 0.7812 | Val Acc: 0.7308 | Val P/R/F1 (Macro): 0.8095/0.7417/0.7222 | LR: 0.000001
Epoch [72/100] | Loss: 3.1838 (Cls: 2.7370, Adv: 2.9784) | Train Acc: 0.8125 | Val Acc: 0.6923 | Val P/R/F1 (Macro): 0.8095/0.7083/0.7037 | LR: 0.000001
Epoch [73/100] | Loss: 3.2875 (Cls: 2.8354, Adv: 3.0143) | Train Acc: 0.6979 | Val Acc: 0.7692 | Val P/R/F1 (Macro): 0.8095/0.7750/0.7619 | LR: 0.000001
Epoch [74/100] | Loss: 3.5826 (Cls: 3.1506, Adv: 2.8801) | Train Acc: 0.7500 | Val Acc: 0.7308 | Val P/R/F1 (Macro): 0.8095/0.7417/0.7434 | LR: 0.000001
Epoch [75/100] | Loss: 3.4226 (Cls: 2.9763, Adv: 2.9754) | Train Acc: 0.6667 | Val Acc: 0.7692 | Val P/R/F1 (Macro): 0.8095/0.7750/0.7619 | LR: 0.000001
Epoch [76/100] | Loss: 3.1114 (Cls: 2.6906, Adv: 2.8052) | Train Acc: 0.7396 | Val Acc: 0.6923 | Val P/R/F1 (Macro): 0.7262/0.6583/0.6333 | LR: 0.000001
Epoch [77/100] | Loss: 3.4231 (Cls: 3.0038, Adv: 2.7958) | Train Acc: 0.7396 | Val Acc: 0.7308 | Val P/R/F1 (Macro): 0.7262/0.6917/0.6730 | LR: 0.000001
Epoch [78/100] | Loss: 3.4961 (Cls: 3.0430, Adv: 3.0203) | Train Acc: 0.7188 | Val Acc: 0.6923 | Val P/R/F1 (Macro): 0.7262/0.6583/0.6333 | LR: 0.000001
Epoch [79/100] | Loss: 3.1189 (Cls: 2.6751, Adv: 2.9588) | Train Acc: 0.8229 | Val Acc: 0.6538 | Val P/R/F1 (Macro): 0.7262/0.6250/0.6148 | LR: 0.000001
Epoch [80/100] | Loss: 3.3677 (Cls: 2.9254, Adv: 2.9483) | Train Acc: 0.7292 | Val Acc: 0.6923 | Val P/R/F1 (Macro): 0.7262/0.6583/0.6333 | LR: 0.000001
Epoch [81/100] | Loss: 3.1180 (Cls: 2.6536, Adv: 3.0963) | Train Acc: 0.8333 | Val Acc: 0.7308 | Val P/R/F1 (Macro): 0.7262/0.6917/0.6730 | LR: 0.000001
Epoch [82/100] | Loss: 3.3262 (Cls: 2.8632, Adv: 3.0871) | Train Acc: 0.7292 | Val Acc: 0.6538 | Val P/R/F1 (Macro): 0.7262/0.6250/0.6148 | LR: 0.000001
Epoch [83/100] | Loss: 3.2731 (Cls: 2.8144, Adv: 3.0579) | Train Acc: 0.7812 | Val Acc: 0.6538 | Val P/R/F1 (Macro): 0.7262/0.6250/0.6148 | LR: 0.000001
Epoch [84/100] | Loss: 3.4134 (Cls: 2.9419, Adv: 3.1429) | Train Acc: 0.7812 | Val Acc: 0.6538 | Val P/R/F1 (Macro): 0.7262/0.6250/0.6148 | LR: 0.000001
Epoch [85/100] | Loss: 3.5877 (Cls: 3.1140, Adv: 3.1581) | Train Acc: 0.6562 | Val Acc: 0.6923 | Val P/R/F1 (Macro): 0.6984/0.6583/0.6182 | LR: 0.000001
Epoch [86/100] | Loss: 3.4929 (Cls: 3.0119, Adv: 3.2063) | Train Acc: 0.7188 | Val Acc: 0.6923 | Val P/R/F1 (Macro): 0.8095/0.7083/0.7037 | LR: 0.000001
Epoch [87/100] | Loss: 3.2562 (Cls: 2.7777, Adv: 3.1904) | Train Acc: 0.7812 | Val Acc: 0.7308 | Val P/R/F1 (Macro): 0.7262/0.6917/0.6730 | LR: 0.000001
Epoch [88/100] | Loss: 3.3047 (Cls: 2.8327, Adv: 3.1463) | Train Acc: 0.7396 | Val Acc: 0.7692 | Val P/R/F1 (Macro): 0.7817/0.7750/0.7468 | LR: 0.000001
Epoch [89/100] | Loss: 3.7734 (Cls: 3.3213, Adv: 3.0142) | Train Acc: 0.6979 | Val Acc: 0.7692 | Val P/R/F1 (Macro): 0.7817/0.7750/0.7468 | LR: 0.000001
Epoch [90/100] | Loss: 3.1566 (Cls: 2.6760, Adv: 3.2041) | Train Acc: 0.7917 | Val Acc: 0.7692 | Val P/R/F1 (Macro): 0.8095/0.7750/0.7619 | LR: 0.000001
Epoch [91/100] | Loss: 3.3988 (Cls: 2.9114, Adv: 3.2495) | Train Acc: 0.7500 | Val Acc: 0.6923 | Val P/R/F1 (Macro): 0.8095/0.7083/0.7037 | LR: 0.000001
Epoch [92/100] | Loss: 3.2287 (Cls: 2.7289, Adv: 3.3320) | Train Acc: 0.7917 | Val Acc: 0.7308 | Val P/R/F1 (Macro): 0.8095/0.7417/0.7434 | LR: 0.000001
Epoch [93/100] | Loss: 3.1666 (Cls: 2.6878, Adv: 3.1919) | Train Acc: 0.7604 | Val Acc: 0.7692 | Val P/R/F1 (Macro): 0.8095/0.7750/0.7619 | LR: 0.000001
Epoch [94/100] | Loss: 3.0634 (Cls: 2.5489, Adv: 3.4300) | Train Acc: 0.8333 | Val Acc: 0.7308 | Val P/R/F1 (Macro): 0.8095/0.7417/0.7222 | LR: 0.000001
Epoch [95/100] | Loss: 3.1654 (Cls: 2.6674, Adv: 3.3200) | Train Acc: 0.8229 | Val Acc: 0.6923 | Val P/R/F1 (Macro): 0.8095/0.7083/0.7037 | LR: 0.000001
Epoch [96/100] | Loss: 2.9562 (Cls: 2.4849, Adv: 3.1421) | Train Acc: 0.8021 | Val Acc: 0.7308 | Val P/R/F1 (Macro): 0.7817/0.7417/0.7071 | LR: 0.000001
Epoch [97/100] | Loss: 3.5068 (Cls: 2.9949, Adv: 3.4127) | Train Acc: 0.7292 | Val Acc: 0.7308 | Val P/R/F1 (Macro): 0.8095/0.7417/0.7434 | LR: 0.000001
Epoch [98/100] | Loss: 3.4699 (Cls: 2.9803, Adv: 3.2639) | Train Acc: 0.7708 | Val Acc: 0.7308 | Val P/R/F1 (Macro): 0.8095/0.7417/0.7222 | LR: 0.000001
Epoch [99/100] | Loss: 3.4656 (Cls: 2.9439, Adv: 3.4782) | Train Acc: 0.7396 | Val Acc: 0.7308 | Val P/R/F1 (Macro): 0.8095/0.7417/0.7222 | LR: 0.000001
Epoch [100/100] | Loss: 3.0233 (Cls: 2.5505, Adv: 3.1519) | Train Acc: 0.8438 | Val Acc: 0.6538 | Val P/R/F1 (Macro): 0.7484/0.6250/0.6389 | LR: 0.000001

迭代 3 最佳指标:
  Accuracy: 0.7692
  Precision (Macro): 0.7817
  Recall (Macro): 0.7750
  F1 (Macro): 0.7468
  Precision (Micro): 0.7692
  Recall (Micro): 0.7692
  F1 (Micro): 0.7692
  Val class coverage: 6/14 (0.4286), samples=26

================================================================================
迭代 4/5
随机种子: 45
================================================================================
Training mode: unpaired target adaptation with controlled target-label loss (ratio=0.35, weight=0.50).
Fixed labeled target subset: 34/96 samples.
Epoch [1/100] | Loss: 7.7538 (Cls: 7.6952, Adv: 0.3911) | Train Acc: 0.0625 | Val Acc: 0.1154 | Val P/R/F1 (Macro): 0.1825/0.2000/0.0845 | LR: 0.000010
  >>> New Best Val Acc: 0.1154
Epoch [2/100] | Loss: 6.6952 (Cls: 6.6560, Adv: 0.2612) | Train Acc: 0.1562 | Val Acc: 0.3462 | Val P/R/F1 (Macro): 0.2833/0.3250/0.2111 | LR: 0.000010
  >>> New Best Val Acc: 0.3462
Epoch [3/100] | Loss: 6.3740 (Cls: 6.3305, Adv: 0.2898) | Train Acc: 0.1979 | Val Acc: 0.5000 | Val P/R/F1 (Macro): 0.4861/0.3958/0.3870 | LR: 0.000010
  >>> New Best Val Acc: 0.5000
Epoch [4/100] | Loss: 6.5536 (Cls: 6.5063, Adv: 0.3151) | Train Acc: 0.1667 | Val Acc: 0.3846 | Val P/R/F1 (Macro): 0.2743/0.3333/0.2571 | LR: 0.000010
Epoch [5/100] | Loss: 6.3550 (Cls: 6.3149, Adv: 0.2673) | Train Acc: 0.2083 | Val Acc: 0.5000 | Val P/R/F1 (Macro): 0.2516/0.3958/0.2940 | LR: 0.000010
Epoch [6/100] | Loss: 6.3166 (Cls: 6.2814, Adv: 0.2349) | Train Acc: 0.1771 | Val Acc: 0.6154 | Val P/R/F1 (Macro): 0.3970/0.4833/0.4292 | LR: 0.000010
  >>> New Best Val Acc: 0.6154
Epoch [7/100] | Loss: 5.9489 (Cls: 5.9131, Adv: 0.2387) | Train Acc: 0.2708 | Val Acc: 0.6154 | Val P/R/F1 (Macro): 0.4452/0.4833/0.4246 | LR: 0.000010
Epoch [8/100] | Loss: 5.9986 (Cls: 5.9498, Adv: 0.3253) | Train Acc: 0.2604 | Val Acc: 0.6154 | Val P/R/F1 (Macro): 0.4500/0.5333/0.4101 | LR: 0.000010
Epoch [9/100] | Loss: 5.6032 (Cls: 5.5663, Adv: 0.2463) | Train Acc: 0.2396 | Val Acc: 0.6154 | Val P/R/F1 (Macro): 0.4808/0.5833/0.4815 | LR: 0.000010
Epoch [10/100] | Loss: 5.2826 (Cls: 5.2424, Adv: 0.2679) | Train Acc: 0.3646 | Val Acc: 0.6154 | Val P/R/F1 (Macro): 0.5758/0.5958/0.5097 | LR: 0.000010
Epoch [11/100] | Loss: 5.4240 (Cls: 5.3784, Adv: 0.3038) | Train Acc: 0.3646 | Val Acc: 0.6538 | Val P/R/F1 (Macro): 0.6667/0.6167/0.5556 | LR: 0.000010
  >>> New Best Val Acc: 0.6538
Epoch [12/100] | Loss: 5.2439 (Cls: 5.1760, Adv: 0.4533) | Train Acc: 0.3542 | Val Acc: 0.6538 | Val P/R/F1 (Macro): 0.4736/0.5667/0.4697 | LR: 0.000010
Epoch [13/100] | Loss: 4.9285 (Cls: 4.8426, Adv: 0.5723) | Train Acc: 0.5000 | Val Acc: 0.6154 | Val P/R/F1 (Macro): 0.4221/0.4833/0.4102 | LR: 0.000010
Epoch [14/100] | Loss: 4.9822 (Cls: 4.9033, Adv: 0.5254) | Train Acc: 0.3646 | Val Acc: 0.6154 | Val P/R/F1 (Macro): 0.4389/0.4833/0.4212 | LR: 0.000010
Epoch [15/100] | Loss: 4.4181 (Cls: 4.3297, Adv: 0.5899) | Train Acc: 0.4583 | Val Acc: 0.6538 | Val P/R/F1 (Macro): 0.4708/0.5667/0.4668 | LR: 0.000010
Epoch [16/100] | Loss: 4.7212 (Cls: 4.6043, Adv: 0.7795) | Train Acc: 0.4479 | Val Acc: 0.6154 | Val P/R/F1 (Macro): 0.4934/0.5333/0.4427 | LR: 0.000010
Epoch [17/100] | Loss: 4.8058 (Cls: 4.6988, Adv: 0.7133) | Train Acc: 0.3958 | Val Acc: 0.6923 | Val P/R/F1 (Macro): 0.7045/0.6500/0.6245 | LR: 0.000010
  >>> New Best Val Acc: 0.6923
Epoch [18/100] | Loss: 4.2435 (Cls: 4.1332, Adv: 0.7353) | Train Acc: 0.5208 | Val Acc: 0.6923 | Val P/R/F1 (Macro): 0.7045/0.6500/0.6245 | LR: 0.000010
Epoch [19/100] | Loss: 4.4513 (Cls: 4.3167, Adv: 0.8973) | Train Acc: 0.4792 | Val Acc: 0.7308 | Val P/R/F1 (Macro): 0.6750/0.6833/0.6481 | LR: 0.000010
  >>> New Best Val Acc: 0.7308
Epoch [20/100] | Loss: 4.5116 (Cls: 4.3733, Adv: 0.9218) | Train Acc: 0.5000 | Val Acc: 0.6923 | Val P/R/F1 (Macro): 0.5056/0.6000/0.5199 | LR: 0.000010
Epoch [21/100] | Loss: 4.4835 (Cls: 4.3383, Adv: 0.9683) | Train Acc: 0.5208 | Val Acc: 0.6154 | Val P/R/F1 (Macro): 0.4635/0.5333/0.4230 | LR: 0.000010
Epoch [22/100] | Loss: 4.3154 (Cls: 4.1649, Adv: 1.0038) | Train Acc: 0.5208 | Val Acc: 0.6538 | Val P/R/F1 (Macro): 0.7333/0.5750/0.5508 | LR: 0.000010
Epoch [23/100] | Loss: 4.4991 (Cls: 4.3111, Adv: 1.2530) | Train Acc: 0.5417 | Val Acc: 0.6538 | Val P/R/F1 (Macro): 0.7333/0.5750/0.5508 | LR: 0.000010
Epoch [24/100] | Loss: 4.2155 (Cls: 4.0316, Adv: 1.2265) | Train Acc: 0.5729 | Val Acc: 0.6923 | Val P/R/F1 (Macro): 0.5250/0.6000/0.5397 | LR: 0.000010
Epoch [25/100] | Loss: 3.9226 (Cls: 3.7231, Adv: 1.3304) | Train Acc: 0.6667 | Val Acc: 0.6923 | Val P/R/F1 (Macro): 0.5000/0.6000/0.5286 | LR: 0.000010
Epoch [26/100] | Loss: 4.0573 (Cls: 3.8039, Adv: 1.6891) | Train Acc: 0.6250 | Val Acc: 0.7308 | Val P/R/F1 (Macro): 0.6607/0.6833/0.6389 | LR: 0.000010
Epoch [27/100] | Loss: 4.0111 (Cls: 3.7429, Adv: 1.7878) | Train Acc: 0.6562 | Val Acc: 0.7308 | Val P/R/F1 (Macro): 0.6944/0.7333/0.7074 | LR: 0.000010
Epoch [28/100] | Loss: 3.8504 (Cls: 3.5516, Adv: 1.9917) | Train Acc: 0.7188 | Val Acc: 0.7308 | Val P/R/F1 (Macro): 0.7222/0.7333/0.7167 | LR: 0.000010
Epoch [29/100] | Loss: 3.5879 (Cls: 3.2904, Adv: 1.9836) | Train Acc: 0.6250 | Val Acc: 0.6923 | Val P/R/F1 (Macro): 0.6944/0.6500/0.6389 | LR: 0.000010
Epoch [30/100] | Loss: 3.6993 (Cls: 3.4128, Adv: 1.9097) | Train Acc: 0.6875 | Val Acc: 0.6538 | Val P/R/F1 (Macro): 0.5005/0.5667/0.4862 | LR: 0.000005
Epoch [31/100] | Loss: 4.4998 (Cls: 4.2029, Adv: 1.9792) | Train Acc: 0.5521 | Val Acc: 0.6538 | Val P/R/F1 (Macro): 0.4926/0.5667/0.4762 | LR: 0.000005
Epoch [32/100] | Loss: 3.9359 (Cls: 3.6595, Adv: 1.8426) | Train Acc: 0.6354 | Val Acc: 0.6538 | Val P/R/F1 (Macro): 0.4833/0.5667/0.5026 | LR: 0.000005
Epoch [33/100] | Loss: 3.7059 (Cls: 3.4300, Adv: 1.8390) | Train Acc: 0.6458 | Val Acc: 0.7692 | Val P/R/F1 (Macro): 0.8500/0.7250/0.7222 | LR: 0.000005
  >>> New Best Val Acc: 0.7692
Epoch [34/100] | Loss: 3.5161 (Cls: 3.2254, Adv: 1.9379) | Train Acc: 0.6771 | Val Acc: 0.7308 | Val P/R/F1 (Macro): 0.6667/0.6417/0.5952 | LR: 0.000005
Epoch [35/100] | Loss: 3.3643 (Cls: 3.0697, Adv: 1.9644) | Train Acc: 0.6771 | Val Acc: 0.6923 | Val P/R/F1 (Macro): 0.5250/0.6000/0.5397 | LR: 0.000005
Epoch [36/100] | Loss: 3.4946 (Cls: 3.1985, Adv: 1.9735) | Train Acc: 0.6979 | Val Acc: 0.6538 | Val P/R/F1 (Macro): 0.5111/0.5667/0.5119 | LR: 0.000005
Epoch [37/100] | Loss: 3.5576 (Cls: 3.2488, Adv: 2.0586) | Train Acc: 0.6979 | Val Acc: 0.7308 | Val P/R/F1 (Macro): 0.7083/0.6833/0.6667 | LR: 0.000005
Epoch [38/100] | Loss: 3.4539 (Cls: 3.1341, Adv: 2.1322) | Train Acc: 0.6562 | Val Acc: 0.7692 | Val P/R/F1 (Macro): 0.8968/0.7750/0.7675 | LR: 0.000005
Epoch [39/100] | Loss: 3.3872 (Cls: 3.0867, Adv: 2.0037) | Train Acc: 0.7188 | Val Acc: 0.6154 | Val P/R/F1 (Macro): 0.5042/0.5333/0.4457 | LR: 0.000005
Epoch [40/100] | Loss: 3.7225 (Cls: 3.3558, Adv: 2.4443) | Train Acc: 0.6458 | Val Acc: 0.6538 | Val P/R/F1 (Macro): 0.6708/0.5750/0.5123 | LR: 0.000005
Epoch [41/100] | Loss: 3.7476 (Cls: 3.4100, Adv: 2.2505) | Train Acc: 0.7083 | Val Acc: 0.6538 | Val P/R/F1 (Macro): 0.5042/0.5667/0.4853 | LR: 0.000005
Epoch [42/100] | Loss: 3.4915 (Cls: 3.1499, Adv: 2.2768) | Train Acc: 0.6875 | Val Acc: 0.6923 | Val P/R/F1 (Macro): 0.7333/0.6083/0.5905 | LR: 0.000005
Epoch [43/100] | Loss: 3.5688 (Cls: 3.2367, Adv: 2.2136) | Train Acc: 0.6875 | Val Acc: 0.7692 | Val P/R/F1 (Macro): 0.8889/0.7750/0.7833 | LR: 0.000005
Epoch [44/100] | Loss: 3.5309 (Cls: 3.1652, Adv: 2.4383) | Train Acc: 0.7188 | Val Acc: 0.7692 | Val P/R/F1 (Macro): 0.9167/0.7750/0.7801 | LR: 0.000003
Epoch [45/100] | Loss: 3.4273 (Cls: 3.0654, Adv: 2.4130) | Train Acc: 0.7604 | Val Acc: 0.7692 | Val P/R/F1 (Macro): 0.9444/0.7750/0.7952 | LR: 0.000003
Epoch [46/100] | Loss: 3.3288 (Cls: 2.9844, Adv: 2.2956) | Train Acc: 0.7292 | Val Acc: 0.8077 | Val P/R/F1 (Macro): 0.9444/0.8083/0.8250 | LR: 0.000003
  >>> New Best Val Acc: 0.8077
Epoch [47/100] | Loss: 3.4122 (Cls: 3.0275, Adv: 2.5649) | Train Acc: 0.7083 | Val Acc: 0.8077 | Val P/R/F1 (Macro): 0.9444/0.8083/0.8250 | LR: 0.000003
Epoch [48/100] | Loss: 3.4254 (Cls: 3.0683, Adv: 2.3804) | Train Acc: 0.7292 | Val Acc: 0.8077 | Val P/R/F1 (Macro): 0.9444/0.8083/0.8250 | LR: 0.000003
Epoch [49/100] | Loss: 3.4966 (Cls: 3.1121, Adv: 2.5636) | Train Acc: 0.7500 | Val Acc: 0.8077 | Val P/R/F1 (Macro): 0.9444/0.8083/0.8250 | LR: 0.000003
Epoch [50/100] | Loss: 3.4555 (Cls: 3.0544, Adv: 2.6743) | Train Acc: 0.7083 | Val Acc: 0.8077 | Val P/R/F1 (Macro): 0.9444/0.8083/0.8250 | LR: 0.000003
Epoch [51/100] | Loss: 3.6984 (Cls: 3.3010, Adv: 2.6493) | Train Acc: 0.6875 | Val Acc: 0.8077 | Val P/R/F1 (Macro): 0.9444/0.8083/0.8250 | LR: 0.000003
Epoch [52/100] | Loss: 3.4926 (Cls: 3.0953, Adv: 2.6487) | Train Acc: 0.7396 | Val Acc: 0.8077 | Val P/R/F1 (Macro): 0.9444/0.8083/0.8250 | LR: 0.000003
Epoch [53/100] | Loss: 3.3966 (Cls: 3.0100, Adv: 2.5775) | Train Acc: 0.7500 | Val Acc: 0.8077 | Val P/R/F1 (Macro): 0.9444/0.8083/0.8250 | LR: 0.000003
Epoch [54/100] | Loss: 3.6558 (Cls: 3.2743, Adv: 2.5433) | Train Acc: 0.6458 | Val Acc: 0.8077 | Val P/R/F1 (Macro): 0.9444/0.8083/0.8250 | LR: 0.000003
Epoch [55/100] | Loss: 3.0321 (Cls: 2.6658, Adv: 2.4421) | Train Acc: 0.7500 | Val Acc: 0.8077 | Val P/R/F1 (Macro): 0.9444/0.8083/0.8250 | LR: 0.000003
Epoch [56/100] | Loss: 3.2977 (Cls: 2.9143, Adv: 2.5564) | Train Acc: 0.7708 | Val Acc: 0.8077 | Val P/R/F1 (Macro): 0.9444/0.8083/0.8250 | LR: 0.000003
Epoch [57/100] | Loss: 3.7795 (Cls: 3.3777, Adv: 2.6787) | Train Acc: 0.6562 | Val Acc: 0.8077 | Val P/R/F1 (Macro): 0.9444/0.8083/0.8250 | LR: 0.000001
Epoch [58/100] | Loss: 3.0341 (Cls: 2.6369, Adv: 2.6482) | Train Acc: 0.8542 | Val Acc: 0.8077 | Val P/R/F1 (Macro): 0.9028/0.8083/0.8111 | LR: 0.000001
Epoch [59/100] | Loss: 3.4481 (Cls: 3.0251, Adv: 2.8201) | Train Acc: 0.7812 | Val Acc: 0.8077 | Val P/R/F1 (Macro): 0.9028/0.8083/0.8111 | LR: 0.000001
Epoch [60/100] | Loss: 3.2357 (Cls: 2.8241, Adv: 2.7444) | Train Acc: 0.7396 | Val Acc: 0.8077 | Val P/R/F1 (Macro): 0.9028/0.8083/0.8111 | LR: 0.000001
Epoch [61/100] | Loss: 3.4756 (Cls: 3.0649, Adv: 2.7376) | Train Acc: 0.7500 | Val Acc: 0.8077 | Val P/R/F1 (Macro): 0.9028/0.8083/0.8111 | LR: 0.000001
Epoch [62/100] | Loss: 3.5192 (Cls: 3.1040, Adv: 2.7684) | Train Acc: 0.6875 | Val Acc: 0.8077 | Val P/R/F1 (Macro): 0.9028/0.8083/0.8111 | LR: 0.000001
Epoch [63/100] | Loss: 3.1852 (Cls: 2.7540, Adv: 2.8745) | Train Acc: 0.7812 | Val Acc: 0.7692 | Val P/R/F1 (Macro): 0.7111/0.7667/0.7333 | LR: 0.000001
Epoch [64/100] | Loss: 3.0901 (Cls: 2.6688, Adv: 2.8084) | Train Acc: 0.7917 | Val Acc: 0.7692 | Val P/R/F1 (Macro): 0.8500/0.7250/0.7222 | LR: 0.000001
Epoch [65/100] | Loss: 3.3344 (Cls: 2.8868, Adv: 2.9842) | Train Acc: 0.7500 | Val Acc: 0.8077 | Val P/R/F1 (Macro): 0.8778/0.8083/0.8000 | LR: 0.000001
Epoch [66/100] | Loss: 3.5657 (Cls: 3.1114, Adv: 3.0289) | Train Acc: 0.7083 | Val Acc: 0.8077 | Val P/R/F1 (Macro): 0.8778/0.8083/0.8000 | LR: 0.000001
Epoch [67/100] | Loss: 3.4160 (Cls: 2.9505, Adv: 3.1037) | Train Acc: 0.7292 | Val Acc: 0.8077 | Val P/R/F1 (Macro): 0.8778/0.8083/0.8000 | LR: 0.000001
Epoch [68/100] | Loss: 3.4187 (Cls: 2.9547, Adv: 3.0932) | Train Acc: 0.7083 | Val Acc: 0.8077 | Val P/R/F1 (Macro): 0.8778/0.8083/0.8000 | LR: 0.000001
Epoch [69/100] | Loss: 3.0888 (Cls: 2.6519, Adv: 2.9126) | Train Acc: 0.7917 | Val Acc: 0.7692 | Val P/R/F1 (Macro): 0.7111/0.7667/0.7333 | LR: 0.000001
Epoch [70/100] | Loss: 3.3089 (Cls: 2.8415, Adv: 3.1159) | Train Acc: 0.7917 | Val Acc: 0.7692 | Val P/R/F1 (Macro): 0.7778/0.7667/0.7583 | LR: 0.000001
Epoch [71/100] | Loss: 3.1504 (Cls: 2.7312, Adv: 2.7948) | Train Acc: 0.8021 | Val Acc: 0.7692 | Val P/R/F1 (Macro): 0.7361/0.7667/0.7444 | LR: 0.000001
Epoch [72/100] | Loss: 3.1754 (Cls: 2.7346, Adv: 2.9385) | Train Acc: 0.7500 | Val Acc: 0.7692 | Val P/R/F1 (Macro): 0.7111/0.7667/0.7333 | LR: 0.000001
Epoch [73/100] | Loss: 3.2342 (Cls: 2.7895, Adv: 2.9645) | Train Acc: 0.8125 | Val Acc: 0.7692 | Val P/R/F1 (Macro): 0.7111/0.7667/0.7333 | LR: 0.000001
Epoch [74/100] | Loss: 3.2705 (Cls: 2.8392, Adv: 2.8751) | Train Acc: 0.7604 | Val Acc: 0.7692 | Val P/R/F1 (Macro): 0.7111/0.7667/0.7333 | LR: 0.000001
Epoch [75/100] | Loss: 3.2149 (Cls: 2.7567, Adv: 3.0546) | Train Acc: 0.7083 | Val Acc: 0.8077 | Val P/R/F1 (Macro): 0.8778/0.8083/0.8000 | LR: 0.000001
Epoch [76/100] | Loss: 3.2838 (Cls: 2.8052, Adv: 3.1902) | Train Acc: 0.7500 | Val Acc: 0.8077 | Val P/R/F1 (Macro): 0.8778/0.8083/0.8000 | LR: 0.000001
Epoch [77/100] | Loss: 3.2910 (Cls: 2.8369, Adv: 3.0273) | Train Acc: 0.8438 | Val Acc: 0.8077 | Val P/R/F1 (Macro): 0.8500/0.8083/0.7848 | LR: 0.000001
Epoch [78/100] | Loss: 3.2531 (Cls: 2.7573, Adv: 3.3052) | Train Acc: 0.7500 | Val Acc: 0.8077 | Val P/R/F1 (Macro): 0.8500/0.8083/0.7848 | LR: 0.000001
Epoch [79/100] | Loss: 3.1424 (Cls: 2.7071, Adv: 2.9016) | Train Acc: 0.7917 | Val Acc: 0.8077 | Val P/R/F1 (Macro): 0.8778/0.8083/0.8000 | LR: 0.000001
Epoch [80/100] | Loss: 3.4697 (Cls: 3.0009, Adv: 3.1252) | Train Acc: 0.7083 | Val Acc: 0.8077 | Val P/R/F1 (Macro): 0.8500/0.8083/0.7848 | LR: 0.000001
Epoch [81/100] | Loss: 3.0797 (Cls: 2.6230, Adv: 3.0443) | Train Acc: 0.8021 | Val Acc: 0.8077 | Val P/R/F1 (Macro): 0.8778/0.8083/0.8000 | LR: 0.000001
Epoch [82/100] | Loss: 3.3509 (Cls: 2.8720, Adv: 3.1931) | Train Acc: 0.7500 | Val Acc: 0.8077 | Val P/R/F1 (Macro): 0.8778/0.8083/0.8000 | LR: 0.000001
Epoch [83/100] | Loss: 3.3615 (Cls: 2.9042, Adv: 3.0486) | Train Acc: 0.7188 | Val Acc: 0.8077 | Val P/R/F1 (Macro): 0.8778/0.8083/0.8000 | LR: 0.000001
Epoch [84/100] | Loss: 3.2962 (Cls: 2.8408, Adv: 3.0362) | Train Acc: 0.7500 | Val Acc: 0.7692 | Val P/R/F1 (Macro): 0.8611/0.7750/0.7741 | LR: 0.000001
Epoch [85/100] | Loss: 3.1517 (Cls: 2.6978, Adv: 3.0266) | Train Acc: 0.7812 | Val Acc: 0.8077 | Val P/R/F1 (Macro): 0.9028/0.8083/0.8111 | LR: 0.000001
Epoch [86/100] | Loss: 3.3490 (Cls: 2.8978, Adv: 3.0078) | Train Acc: 0.7083 | Val Acc: 0.7692 | Val P/R/F1 (Macro): 0.9444/0.7750/0.7952 | LR: 0.000001
Epoch [87/100] | Loss: 3.3576 (Cls: 2.9160, Adv: 2.9440) | Train Acc: 0.7188 | Val Acc: 0.8077 | Val P/R/F1 (Macro): 0.8500/0.8083/0.7848 | LR: 0.000001
Epoch [88/100] | Loss: 3.2924 (Cls: 2.8361, Adv: 3.0418) | Train Acc: 0.7708 | Val Acc: 0.8077 | Val P/R/F1 (Macro): 0.8778/0.8083/0.8000 | LR: 0.000001
Epoch [89/100] | Loss: 3.6039 (Cls: 3.0946, Adv: 3.3953) | Train Acc: 0.7083 | Val Acc: 0.8077 | Val P/R/F1 (Macro): 0.8778/0.8083/0.8000 | LR: 0.000001
Epoch [90/100] | Loss: 3.1943 (Cls: 2.7091, Adv: 3.2347) | Train Acc: 0.7604 | Val Acc: 0.8077 | Val P/R/F1 (Macro): 0.9444/0.8083/0.8250 | LR: 0.000001
Epoch [91/100] | Loss: 3.0082 (Cls: 2.5312, Adv: 3.1800) | Train Acc: 0.8438 | Val Acc: 0.8077 | Val P/R/F1 (Macro): 0.9167/0.8083/0.8098 | LR: 0.000001
Epoch [92/100] | Loss: 3.3276 (Cls: 2.8016, Adv: 3.5066) | Train Acc: 0.7812 | Val Acc: 0.8077 | Val P/R/F1 (Macro): 0.9028/0.8083/0.8111 | LR: 0.000001
Epoch [93/100] | Loss: 3.3597 (Cls: 2.8888, Adv: 3.1394) | Train Acc: 0.7917 | Val Acc: 0.8077 | Val P/R/F1 (Macro): 0.8750/0.8083/0.7960 | LR: 0.000001
Epoch [94/100] | Loss: 2.9941 (Cls: 2.4959, Adv: 3.3213) | Train Acc: 0.8646 | Val Acc: 0.8077 | Val P/R/F1 (Macro): 0.9028/0.8083/0.8111 | LR: 0.000001
Epoch [95/100] | Loss: 3.2217 (Cls: 2.7680, Adv: 3.0244) | Train Acc: 0.7708 | Val Acc: 0.8077 | Val P/R/F1 (Macro): 0.9028/0.8083/0.8111 | LR: 0.000001
Epoch [96/100] | Loss: 3.5989 (Cls: 3.1425, Adv: 3.0428) | Train Acc: 0.6979 | Val Acc: 0.8077 | Val P/R/F1 (Macro): 0.9028/0.8083/0.8111 | LR: 0.000001
Epoch [97/100] | Loss: 3.3174 (Cls: 2.8391, Adv: 3.1885) | Train Acc: 0.7500 | Val Acc: 0.8077 | Val P/R/F1 (Macro): 0.9028/0.8083/0.8111 | LR: 0.000001
Epoch [98/100] | Loss: 3.1262 (Cls: 2.6546, Adv: 3.1438) | Train Acc: 0.8021 | Val Acc: 0.8077 | Val P/R/F1 (Macro): 0.9028/0.8083/0.8111 | LR: 0.000001
Epoch [99/100] | Loss: 3.3112 (Cls: 2.8304, Adv: 3.2055) | Train Acc: 0.7604 | Val Acc: 0.8077 | Val P/R/F1 (Macro): 0.9028/0.8083/0.8111 | LR: 0.000001
Epoch [100/100] | Loss: 3.0605 (Cls: 2.5810, Adv: 3.1966) | Train Acc: 0.8021 | Val Acc: 0.7692 | Val P/R/F1 (Macro): 0.7361/0.7667/0.7444 | LR: 0.000001

迭代 4 最佳指标:
  Accuracy: 0.8077
  Precision (Macro): 0.9444
  Recall (Macro): 0.8083
  F1 (Macro): 0.8250
  Precision (Micro): 0.8077
  Recall (Micro): 0.8077
  F1 (Micro): 0.8077
  Val class coverage: 6/14 (0.4286), samples=26

================================================================================
迭代 5/5
随机种子: 46
================================================================================
Training mode: unpaired target adaptation with controlled target-label loss (ratio=0.35, weight=0.50).
Fixed labeled target subset: 34/96 samples.
Epoch [1/100] | Loss: 7.8401 (Cls: 7.7842, Adv: 0.3724) | Train Acc: 0.0521 | Val Acc: 0.2308 | Val P/R/F1 (Macro): 0.2111/0.1500/0.1532 | LR: 0.000010
  >>> New Best Val Acc: 0.2308
Epoch [2/100] | Loss: 7.0141 (Cls: 6.9634, Adv: 0.3376) | Train Acc: 0.1667 | Val Acc: 0.2692 | Val P/R/F1 (Macro): 0.1032/0.2083/0.1278 | LR: 0.000010
  >>> New Best Val Acc: 0.2692
Epoch [3/100] | Loss: 6.5981 (Cls: 6.5573, Adv: 0.2724) | Train Acc: 0.1354 | Val Acc: 0.2308 | Val P/R/F1 (Macro): 0.1181/0.1875/0.0908 | LR: 0.000010
Epoch [4/100] | Loss: 6.4424 (Cls: 6.4013, Adv: 0.2740) | Train Acc: 0.0938 | Val Acc: 0.3462 | Val P/R/F1 (Macro): 0.1944/0.3500/0.2441 | LR: 0.000010
  >>> New Best Val Acc: 0.3462
Epoch [5/100] | Loss: 6.4480 (Cls: 6.4145, Adv: 0.2233) | Train Acc: 0.1458 | Val Acc: 0.3846 | Val P/R/F1 (Macro): 0.3106/0.2833/0.2278 | LR: 0.000010
  >>> New Best Val Acc: 0.3846
Epoch [6/100] | Loss: 6.1447 (Cls: 6.0943, Adv: 0.3360) | Train Acc: 0.1979 | Val Acc: 0.3846 | Val P/R/F1 (Macro): 0.3106/0.2833/0.2278 | LR: 0.000010
Epoch [7/100] | Loss: 6.0095 (Cls: 5.9659, Adv: 0.2903) | Train Acc: 0.1458 | Val Acc: 0.5000 | Val P/R/F1 (Macro): 0.3988/0.4083/0.3731 | LR: 0.000010
  >>> New Best Val Acc: 0.5000
Epoch [8/100] | Loss: 5.9601 (Cls: 5.9125, Adv: 0.3178) | Train Acc: 0.2812 | Val Acc: 0.4615 | Val P/R/F1 (Macro): 0.3694/0.4000/0.3694 | LR: 0.000010
Epoch [9/100] | Loss: 5.9422 (Cls: 5.8705, Adv: 0.4776) | Train Acc: 0.2917 | Val Acc: 0.4231 | Val P/R/F1 (Macro): 0.3825/0.3917/0.3082 | LR: 0.000010
Epoch [10/100] | Loss: 5.7601 (Cls: 5.6808, Adv: 0.5286) | Train Acc: 0.3125 | Val Acc: 0.3846 | Val P/R/F1 (Macro): 0.2908/0.2958/0.2660 | LR: 0.000010
Epoch [11/100] | Loss: 5.6277 (Cls: 5.5469, Adv: 0.5388) | Train Acc: 0.3125 | Val Acc: 0.5000 | Val P/R/F1 (Macro): 0.5944/0.4042/0.4070 | LR: 0.000010
Epoch [12/100] | Loss: 5.2309 (Cls: 5.1315, Adv: 0.6627) | Train Acc: 0.3646 | Val Acc: 0.5385 | Val P/R/F1 (Macro): 0.4350/0.4292/0.4008 | LR: 0.000010
  >>> New Best Val Acc: 0.5385
Epoch [13/100] | Loss: 5.3242 (Cls: 5.2372, Adv: 0.5799) | Train Acc: 0.4062 | Val Acc: 0.5385 | Val P/R/F1 (Macro): 0.4278/0.4417/0.4111 | LR: 0.000010
Epoch [14/100] | Loss: 5.5475 (Cls: 5.4559, Adv: 0.6108) | Train Acc: 0.3229 | Val Acc: 0.6538 | Val P/R/F1 (Macro): 0.6679/0.6083/0.5989 | LR: 0.000010
  >>> New Best Val Acc: 0.6538
Epoch [15/100] | Loss: 5.0840 (Cls: 4.9584, Adv: 0.8369) | Train Acc: 0.4688 | Val Acc: 0.6538 | Val P/R/F1 (Macro): 0.7833/0.6250/0.6195 | LR: 0.000010
Epoch [16/100] | Loss: 4.8955 (Cls: 4.7808, Adv: 0.7650) | Train Acc: 0.5104 | Val Acc: 0.5385 | Val P/R/F1 (Macro): 0.6201/0.4750/0.4789 | LR: 0.000010
Epoch [17/100] | Loss: 4.7277 (Cls: 4.5789, Adv: 0.9922) | Train Acc: 0.4062 | Val Acc: 0.5769 | Val P/R/F1 (Macro): 0.7063/0.4583/0.4758 | LR: 0.000010
Epoch [18/100] | Loss: 4.7439 (Cls: 4.5723, Adv: 1.1435) | Train Acc: 0.4375 | Val Acc: 0.7308 | Val P/R/F1 (Macro): 0.6736/0.6292/0.6420 | LR: 0.000010
  >>> New Best Val Acc: 0.7308
Epoch [19/100] | Loss: 4.4752 (Cls: 4.2683, Adv: 1.3790) | Train Acc: 0.5417 | Val Acc: 0.6923 | Val P/R/F1 (Macro): 0.6879/0.6250/0.5821 | LR: 0.000010
Epoch [20/100] | Loss: 4.5369 (Cls: 4.3240, Adv: 1.4193) | Train Acc: 0.5417 | Val Acc: 0.6923 | Val P/R/F1 (Macro): 0.8803/0.6667/0.6862 | LR: 0.000010
Epoch [21/100] | Loss: 4.2756 (Cls: 4.0530, Adv: 1.4836) | Train Acc: 0.4896 | Val Acc: 0.6538 | Val P/R/F1 (Macro): 0.9026/0.6250/0.6603 | LR: 0.000010
Epoch [22/100] | Loss: 4.3693 (Cls: 4.1313, Adv: 1.5867) | Train Acc: 0.5208 | Val Acc: 0.6923 | Val P/R/F1 (Macro): 0.9111/0.6667/0.7111 | LR: 0.000010
Epoch [23/100] | Loss: 4.3883 (Cls: 4.1333, Adv: 1.7000) | Train Acc: 0.6146 | Val Acc: 0.6538 | Val P/R/F1 (Macro): 0.6859/0.5750/0.5270 | LR: 0.000010
Epoch [24/100] | Loss: 4.1570 (Cls: 3.8973, Adv: 1.7316) | Train Acc: 0.6354 | Val Acc: 0.6154 | Val P/R/F1 (Macro): 0.6722/0.5542/0.5230 | LR: 0.000010
Epoch [25/100] | Loss: 4.3827 (Cls: 4.1019, Adv: 1.8721) | Train Acc: 0.5000 | Val Acc: 0.7692 | Val P/R/F1 (Macro): 0.7000/0.7000/0.6534 | LR: 0.000010
  >>> New Best Val Acc: 0.7692
Epoch [26/100] | Loss: 3.9242 (Cls: 3.6156, Adv: 2.0570) | Train Acc: 0.5938 | Val Acc: 0.8077 | Val P/R/F1 (Macro): 0.9268/0.7750/0.8077 | LR: 0.000010
  >>> New Best Val Acc: 0.8077
Epoch [27/100] | Loss: 4.0586 (Cls: 3.7528, Adv: 2.0388) | Train Acc: 0.6042 | Val Acc: 0.8077 | Val P/R/F1 (Macro): 0.7524/0.7250/0.7216 | LR: 0.000010
Epoch [28/100] | Loss: 3.9108 (Cls: 3.6018, Adv: 2.0603) | Train Acc: 0.6771 | Val Acc: 0.8077 | Val P/R/F1 (Macro): 0.7847/0.7458/0.7557 | LR: 0.000010
Epoch [29/100] | Loss: 4.2960 (Cls: 3.9844, Adv: 2.0777) | Train Acc: 0.5625 | Val Acc: 0.8077 | Val P/R/F1 (Macro): 0.9111/0.7833/0.8026 | LR: 0.000010
Epoch [30/100] | Loss: 3.8958 (Cls: 3.5613, Adv: 2.2301) | Train Acc: 0.6354 | Val Acc: 0.8077 | Val P/R/F1 (Macro): 0.9333/0.7833/0.8212 | LR: 0.000010
Epoch [31/100] | Loss: 3.8353 (Cls: 3.5152, Adv: 2.1339) | Train Acc: 0.7083 | Val Acc: 0.8077 | Val P/R/F1 (Macro): 0.9268/0.7750/0.8077 | LR: 0.000010
Epoch [32/100] | Loss: 4.0223 (Cls: 3.6608, Adv: 2.4100) | Train Acc: 0.5521 | Val Acc: 0.8462 | Val P/R/F1 (Macro): 0.9259/0.8167/0.8299 | LR: 0.000010
  >>> New Best Val Acc: 0.8462
Epoch [33/100] | Loss: 3.9516 (Cls: 3.5603, Adv: 2.6091) | Train Acc: 0.6562 | Val Acc: 0.8462 | Val P/R/F1 (Macro): 0.8819/0.8292/0.8347 | LR: 0.000010
Epoch [34/100] | Loss: 3.5581 (Cls: 3.1669, Adv: 2.6079) | Train Acc: 0.7812 | Val Acc: 0.7308 | Val P/R/F1 (Macro): 0.7524/0.6083/0.6362 | LR: 0.000010
Epoch [35/100] | Loss: 3.7316 (Cls: 3.3814, Adv: 2.3343) | Train Acc: 0.5729 | Val Acc: 0.6923 | Val P/R/F1 (Macro): 0.7302/0.6167/0.6056 | LR: 0.000010
Epoch [36/100] | Loss: 3.8758 (Cls: 3.4970, Adv: 2.5255) | Train Acc: 0.7083 | Val Acc: 0.7308 | Val P/R/F1 (Macro): 0.7403/0.6583/0.6443 | LR: 0.000010
Epoch [37/100] | Loss: 3.9126 (Cls: 3.5228, Adv: 2.5981) | Train Acc: 0.6458 | Val Acc: 0.6923 | Val P/R/F1 (Macro): 0.8333/0.6167/0.6460 | LR: 0.000010
Epoch [38/100] | Loss: 3.7194 (Cls: 3.3310, Adv: 2.5890) | Train Acc: 0.7292 | Val Acc: 0.7692 | Val P/R/F1 (Macro): 0.8833/0.7500/0.7407 | LR: 0.000010
Epoch [39/100] | Loss: 3.5837 (Cls: 3.2251, Adv: 2.3911) | Train Acc: 0.7396 | Val Acc: 0.8462 | Val P/R/F1 (Macro): 0.8981/0.8167/0.8189 | LR: 0.000010
Epoch [40/100] | Loss: 3.6107 (Cls: 3.1849, Adv: 2.8385) | Train Acc: 0.7292 | Val Acc: 0.8077 | Val P/R/F1 (Macro): 0.8556/0.7250/0.7620 | LR: 0.000010
Epoch [41/100] | Loss: 3.5391 (Cls: 3.1362, Adv: 2.6862) | Train Acc: 0.7500 | Val Acc: 0.7692 | Val P/R/F1 (Macro): 0.8556/0.6917/0.7322 | LR: 0.000010
Epoch [42/100] | Loss: 3.4711 (Cls: 3.0432, Adv: 2.8523) | Train Acc: 0.7917 | Val Acc: 0.7308 | Val P/R/F1 (Macro): 0.8500/0.7083/0.7021 | LR: 0.000010
Epoch [43/100] | Loss: 3.5151 (Cls: 3.0815, Adv: 2.8909) | Train Acc: 0.7500 | Val Acc: 0.8077 | Val P/R/F1 (Macro): 0.8778/0.7833/0.7878 | LR: 0.000005
Epoch [44/100] | Loss: 4.0186 (Cls: 3.5594, Adv: 3.0609) | Train Acc: 0.6667 | Val Acc: 0.7308 | Val P/R/F1 (Macro): 0.8278/0.6583/0.6992 | LR: 0.000005
Epoch [45/100] | Loss: 3.6178 (Cls: 3.1618, Adv: 3.0401) | Train Acc: 0.6667 | Val Acc: 0.8077 | Val P/R/F1 (Macro): 0.8778/0.7833/0.7878 | LR: 0.000005
Epoch [46/100] | Loss: 3.6298 (Cls: 3.1842, Adv: 2.9705) | Train Acc: 0.6979 | Val Acc: 0.8077 | Val P/R/F1 (Macro): 0.8778/0.7833/0.7878 | LR: 0.000005
Epoch [47/100] | Loss: 3.5024 (Cls: 3.0601, Adv: 2.9490) | Train Acc: 0.6771 | Val Acc: 0.7692 | Val P/R/F1 (Macro): 0.7667/0.7000/0.7101 | LR: 0.000005
Epoch [48/100] | Loss: 4.1339 (Cls: 3.6324, Adv: 3.3429) | Train Acc: 0.6042 | Val Acc: 0.8462 | Val P/R/F1 (Macro): 0.8704/0.7667/0.7945 | LR: 0.000005
Epoch [49/100] | Loss: 3.1420 (Cls: 2.6300, Adv: 3.4133) | Train Acc: 0.8229 | Val Acc: 0.8462 | Val P/R/F1 (Macro): 0.8704/0.7667/0.7945 | LR: 0.000005
Epoch [50/100] | Loss: 3.5064 (Cls: 3.0294, Adv: 3.1801) | Train Acc: 0.7708 | Val Acc: 0.8462 | Val P/R/F1 (Macro): 0.8704/0.7667/0.7945 | LR: 0.000005
Epoch [51/100] | Loss: 3.6464 (Cls: 3.1794, Adv: 3.1130) | Train Acc: 0.6250 | Val Acc: 0.8846 | Val P/R/F1 (Macro): 0.9524/0.8500/0.8750 | LR: 0.000005
  >>> New Best Val Acc: 0.8846
Epoch [52/100] | Loss: 3.4536 (Cls: 2.9775, Adv: 3.1743) | Train Acc: 0.6667 | Val Acc: 0.8846 | Val P/R/F1 (Macro): 0.9537/0.8500/0.8778 | LR: 0.000005
Epoch [53/100] | Loss: 3.3576 (Cls: 2.8593, Adv: 3.3225) | Train Acc: 0.7604 | Val Acc: 0.8846 | Val P/R/F1 (Macro): 0.9537/0.8500/0.8778 | LR: 0.000005
Epoch [54/100] | Loss: 3.4328 (Cls: 2.9608, Adv: 3.1468) | Train Acc: 0.6979 | Val Acc: 0.8846 | Val P/R/F1 (Macro): 0.9537/0.8500/0.8778 | LR: 0.000005
Epoch [55/100] | Loss: 3.4335 (Cls: 2.9833, Adv: 3.0014) | Train Acc: 0.8021 | Val Acc: 0.8462 | Val P/R/F1 (Macro): 0.8704/0.7667/0.7945 | LR: 0.000005
Epoch [56/100] | Loss: 3.6750 (Cls: 3.1848, Adv: 3.2683) | Train Acc: 0.6875 | Val Acc: 0.8846 | Val P/R/F1 (Macro): 0.9537/0.8500/0.8778 | LR: 0.000005
Epoch [57/100] | Loss: 3.4444 (Cls: 2.9621, Adv: 3.2153) | Train Acc: 0.7708 | Val Acc: 0.8462 | Val P/R/F1 (Macro): 0.8704/0.7667/0.7945 | LR: 0.000005
Epoch [58/100] | Loss: 3.4243 (Cls: 2.9440, Adv: 3.2021) | Train Acc: 0.7604 | Val Acc: 0.8077 | Val P/R/F1 (Macro): 0.8556/0.7333/0.7560 | LR: 0.000005
Epoch [59/100] | Loss: 3.3515 (Cls: 2.8735, Adv: 3.1865) | Train Acc: 0.7604 | Val Acc: 0.8462 | Val P/R/F1 (Macro): 0.9111/0.8167/0.8212 | LR: 0.000005
Epoch [60/100] | Loss: 3.2080 (Cls: 2.7073, Adv: 3.3376) | Train Acc: 0.8333 | Val Acc: 0.9231 | Val P/R/F1 (Macro): 0.9815/0.9333/0.9485 | LR: 0.000005
  >>> New Best Val Acc: 0.9231
Epoch [61/100] | Loss: 3.3421 (Cls: 2.8476, Adv: 3.2967) | Train Acc: 0.7812 | Val Acc: 0.8846 | Val P/R/F1 (Macro): 0.9259/0.9000/0.8967 | LR: 0.000005
Epoch [62/100] | Loss: 3.0016 (Cls: 2.4757, Adv: 3.5057) | Train Acc: 0.8542 | Val Acc: 0.8462 | Val P/R/F1 (Macro): 0.8426/0.8167/0.8133 | LR: 0.000005
Epoch [63/100] | Loss: 3.5891 (Cls: 3.0444, Adv: 3.6314) | Train Acc: 0.7500 | Val Acc: 0.8462 | Val P/R/F1 (Macro): 0.9259/0.8167/0.8411 | LR: 0.000005
Epoch [64/100] | Loss: 3.3767 (Cls: 2.8241, Adv: 3.6840) | Train Acc: 0.8125 | Val Acc: 0.8462 | Val P/R/F1 (Macro): 0.8704/0.7667/0.7945 | LR: 0.000005
Epoch [65/100] | Loss: 3.9577 (Cls: 3.4042, Adv: 3.6899) | Train Acc: 0.6042 | Val Acc: 0.8846 | Val P/R/F1 (Macro): 0.9537/0.8500/0.8778 | LR: 0.000005
Epoch [66/100] | Loss: 3.0213 (Cls: 2.4824, Adv: 3.5922) | Train Acc: 0.8229 | Val Acc: 0.8846 | Val P/R/F1 (Macro): 0.9537/0.8500/0.8778 | LR: 0.000005
Epoch [67/100] | Loss: 3.5475 (Cls: 3.0012, Adv: 3.6415) | Train Acc: 0.7188 | Val Acc: 0.8077 | Val P/R/F1 (Macro): 0.8556/0.7333/0.7560 | LR: 0.000005
Epoch [68/100] | Loss: 3.4044 (Cls: 2.8586, Adv: 3.6389) | Train Acc: 0.7917 | Val Acc: 0.8077 | Val P/R/F1 (Macro): 0.8648/0.7333/0.7763 | LR: 0.000005
Epoch [69/100] | Loss: 3.3519 (Cls: 2.8185, Adv: 3.5561) | Train Acc: 0.7604 | Val Acc: 0.7692 | Val P/R/F1 (Macro): 0.8500/0.7000/0.7378 | LR: 0.000005
Epoch [70/100] | Loss: 2.9409 (Cls: 2.4105, Adv: 3.5359) | Train Acc: 0.8542 | Val Acc: 0.7308 | Val P/R/F1 (Macro): 0.8379/0.6583/0.7062 | LR: 0.000005
Epoch [71/100] | Loss: 3.5425 (Cls: 2.9777, Adv: 3.7656) | Train Acc: 0.7708 | Val Acc: 0.7692 | Val P/R/F1 (Macro): 0.8500/0.7000/0.7378 | LR: 0.000003
Epoch [72/100] | Loss: 3.3721 (Cls: 2.8587, Adv: 3.4223) | Train Acc: 0.7917 | Val Acc: 0.8462 | Val P/R/F1 (Macro): 0.9389/0.8167/0.8393 | LR: 0.000003
Epoch [73/100] | Loss: 3.4737 (Cls: 2.9836, Adv: 3.2675) | Train Acc: 0.7083 | Val Acc: 0.8846 | Val P/R/F1 (Macro): 0.9537/0.8500/0.8778 | LR: 0.000003
Epoch [74/100] | Loss: 3.0905 (Cls: 2.5688, Adv: 3.4777) | Train Acc: 0.8542 | Val Acc: 0.8462 | Val P/R/F1 (Macro): 0.9389/0.8167/0.8393 | LR: 0.000003
Epoch [75/100] | Loss: 3.0570 (Cls: 2.5261, Adv: 3.5390) | Train Acc: 0.8021 | Val Acc: 0.8846 | Val P/R/F1 (Macro): 0.9537/0.8500/0.8778 | LR: 0.000003
Epoch [76/100] | Loss: 3.3039 (Cls: 2.7148, Adv: 3.9275) | Train Acc: 0.7812 | Val Acc: 0.8462 | Val P/R/F1 (Macro): 0.9389/0.8167/0.8393 | LR: 0.000003
Epoch [77/100] | Loss: 3.2324 (Cls: 2.6995, Adv: 3.5526) | Train Acc: 0.8229 | Val Acc: 0.8462 | Val P/R/F1 (Macro): 0.9389/0.8167/0.8393 | LR: 0.000003
Epoch [78/100] | Loss: 3.2633 (Cls: 2.6937, Adv: 3.7970) | Train Acc: 0.8542 | Val Acc: 0.8077 | Val P/R/F1 (Macro): 0.8648/0.7333/0.7763 | LR: 0.000003
Epoch [79/100] | Loss: 2.8976 (Cls: 2.3054, Adv: 3.9482) | Train Acc: 0.9167 | Val Acc: 0.8846 | Val P/R/F1 (Macro): 0.9537/0.8500/0.8778 | LR: 0.000003
Epoch [80/100] | Loss: 3.1972 (Cls: 2.6444, Adv: 3.6853) | Train Acc: 0.8229 | Val Acc: 0.8462 | Val P/R/F1 (Macro): 0.9389/0.8167/0.8393 | LR: 0.000003
Epoch [81/100] | Loss: 3.3403 (Cls: 2.7887, Adv: 3.6773) | Train Acc: 0.7396 | Val Acc: 0.8462 | Val P/R/F1 (Macro): 0.9389/0.8167/0.8393 | LR: 0.000003
Epoch [82/100] | Loss: 3.4533 (Cls: 2.8820, Adv: 3.8086) | Train Acc: 0.7500 | Val Acc: 0.8462 | Val P/R/F1 (Macro): 0.9389/0.8167/0.8393 | LR: 0.000001
Epoch [83/100] | Loss: 3.0208 (Cls: 2.4672, Adv: 3.6909) | Train Acc: 0.8333 | Val Acc: 0.8077 | Val P/R/F1 (Macro): 0.7524/0.7333/0.7156 | LR: 0.000001
Epoch [84/100] | Loss: 3.3480 (Cls: 2.7713, Adv: 3.8453) | Train Acc: 0.7812 | Val Acc: 0.8462 | Val P/R/F1 (Macro): 0.7672/0.7667/0.7541 | LR: 0.000001
Epoch [85/100] | Loss: 3.1872 (Cls: 2.6708, Adv: 3.4425) | Train Acc: 0.8438 | Val Acc: 0.8462 | Val P/R/F1 (Macro): 0.7672/0.7667/0.7541 | LR: 0.000001
Epoch [86/100] | Loss: 3.3072 (Cls: 2.7005, Adv: 4.0451) | Train Acc: 0.7812 | Val Acc: 0.8846 | Val P/R/F1 (Macro): 0.9537/0.8500/0.8778 | LR: 0.000001
Epoch [87/100] | Loss: 3.1815 (Cls: 2.6413, Adv: 3.6014) | Train Acc: 0.8229 | Val Acc: 0.8462 | Val P/R/F1 (Macro): 0.9389/0.8167/0.8393 | LR: 0.000001
Epoch [88/100] | Loss: 3.2780 (Cls: 2.6946, Adv: 3.8894) | Train Acc: 0.7917 | Val Acc: 0.8077 | Val P/R/F1 (Macro): 0.8556/0.7333/0.7560 | LR: 0.000001
Epoch [89/100] | Loss: 3.2443 (Cls: 2.6389, Adv: 4.0358) | Train Acc: 0.8438 | Val Acc: 0.8077 | Val P/R/F1 (Macro): 0.8556/0.7333/0.7560 | LR: 0.000001
Epoch [90/100] | Loss: 2.8621 (Cls: 2.2875, Adv: 3.8304) | Train Acc: 0.8750 | Val Acc: 0.8077 | Val P/R/F1 (Macro): 0.8556/0.7333/0.7560 | LR: 0.000001
Epoch [91/100] | Loss: 3.3930 (Cls: 2.8184, Adv: 3.8306) | Train Acc: 0.8021 | Val Acc: 0.8462 | Val P/R/F1 (Macro): 0.9389/0.8167/0.8393 | LR: 0.000001
Epoch [92/100] | Loss: 3.1591 (Cls: 2.6349, Adv: 3.4948) | Train Acc: 0.8542 | Val Acc: 0.8077 | Val P/R/F1 (Macro): 0.8556/0.7333/0.7560 | LR: 0.000001
Epoch [93/100] | Loss: 3.4111 (Cls: 2.8134, Adv: 3.9846) | Train Acc: 0.7917 | Val Acc: 0.8462 | Val P/R/F1 (Macro): 0.9389/0.8167/0.8393 | LR: 0.000001
Epoch [94/100] | Loss: 3.2576 (Cls: 2.6898, Adv: 3.7850) | Train Acc: 0.7292 | Val Acc: 0.8462 | Val P/R/F1 (Macro): 0.9389/0.8167/0.8393 | LR: 0.000001
Epoch [95/100] | Loss: 3.1728 (Cls: 2.5554, Adv: 4.1161) | Train Acc: 0.8125 | Val Acc: 0.8462 | Val P/R/F1 (Macro): 0.9389/0.8167/0.8393 | LR: 0.000001
Epoch [96/100] | Loss: 3.1362 (Cls: 2.5360, Adv: 4.0011) | Train Acc: 0.8333 | Val Acc: 0.8846 | Val P/R/F1 (Macro): 0.9537/0.8500/0.8778 | LR: 0.000001
Epoch [97/100] | Loss: 3.1232 (Cls: 2.5606, Adv: 3.7508) | Train Acc: 0.8333 | Val Acc: 0.8462 | Val P/R/F1 (Macro): 0.9389/0.8167/0.8393 | LR: 0.000001
Epoch [98/100] | Loss: 3.2222 (Cls: 2.6314, Adv: 3.9384) | Train Acc: 0.8125 | Val Acc: 0.8462 | Val P/R/F1 (Macro): 0.9389/0.8167/0.8393 | LR: 0.000001
Epoch [99/100] | Loss: 3.1390 (Cls: 2.5504, Adv: 3.9240) | Train Acc: 0.8542 | Val Acc: 0.8462 | Val P/R/F1 (Macro): 0.9389/0.8167/0.8393 | LR: 0.000001
Epoch [100/100] | Loss: 3.1387 (Cls: 2.5629, Adv: 3.8390) | Train Acc: 0.8125 | Val Acc: 0.8462 | Val P/R/F1 (Macro): 0.9389/0.8167/0.8393 | LR: 0.000001

迭代 5 最佳指标:
  Accuracy: 0.9231
  Precision (Macro): 0.9815
  Recall (Macro): 0.9333
  F1 (Macro): 0.9485
  Precision (Micro): 0.9231
  Recall (Micro): 0.9231
  F1 (Micro): 0.9231
  Val class coverage: 6/14 (0.4286), samples=26

================================================================================
5次迭代统计结果
================================================================================

accuracy:
  各迭代值: ['0.8462', '0.7692', '0.7692', '0.8077', '0.9231']
  均值 (Mean): 0.8231
  标准差 (Std): 0.0576

precision_macro:
  各迭代值: ['0.9537', '0.8783', '0.7817', '0.9444', '0.9815']
  均值 (Mean): 0.9079
  标准差 (Std): 0.0716

recall_macro:
  各迭代值: ['0.8167', '0.7417', '0.7750', '0.8083', '0.9333']
  均值 (Mean): 0.8150
  标准差 (Std): 0.0649

f1_macro:
  各迭代值: ['0.8481', '0.7386', '0.7468', '0.8250', '0.9485']
  均值 (Mean): 0.8214
  标准差 (Std): 0.0766

precision_micro:
  各迭代值: ['0.8462', '0.7692', '0.7692', '0.8077', '0.9231']
  均值 (Mean): 0.8231
  标准差 (Std): 0.0576

recall_micro:
  各迭代值: ['0.8462', '0.7692', '0.7692', '0.8077', '0.9231']
  均值 (Mean): 0.8231
  标准差 (Std): 0.0576

f1_micro:
  各迭代值: ['0.8462', '0.7692', '0.7692', '0.8077', '0.9231']
  均值 (Mean): 0.8231
  标准差 (Std): 0.0576

val_class_coverage:
  各迭代值: ['0.4286', '0.4286', '0.4286', '0.4286', '0.4286']
  均值 (Mean): 0.4286
  标准差 (Std): 0.0000

val_present_classes:
  各迭代值: ['6.0000', '6.0000', '6.0000', '6.0000', '6.0000']
  均值 (Mean): 6.0000
  标准差 (Std): 0.0000

val_total_classes:
  各迭代值: ['14.0000', '14.0000', '14.0000', '14.0000', '14.0000']
  均值 (Mean): 14.0000
  标准差 (Std): 0.0000

val_samples:
  各迭代值: ['26.0000', '26.0000', '26.0000', '26.0000', '26.0000']
  均值 (Mean): 26.0000
  标准差 (Std): 0.0000

训练结束时间: 2026-07-10 18:03:25
================================================================================

[Batch 1/1] modality=vis, target=/home/lixiang/lx/Data/雨天
[VIS] 加载完成: 986 个样本, 14 个类别
[VIS] 加载完成: 96 个样本, 14 个类别
[VIS] 加载完成: 26 个样本, 14 个类别
[VIS] 加载完成: 986 个样本, 14 个类别
[VIS] 加载完成: 96 个样本, 14 个类别
[VIS] 加载完成: 26 个样本, 14 个类别
[VIS] 加载完成: 986 个样本, 14 个类别
[VIS] 加载完成: 96 个样本, 14 个类别
[VIS] 加载完成: 26 个样本, 14 个类别
[VIS] 加载完成: 986 个样本, 14 个类别
[VIS] 加载完成: 96 个样本, 14 个类别
[VIS] 加载完成: 26 个样本, 14 个类别
[VIS] 加载完成: 986 个样本, 14 个类别
[VIS] 加载完成: 96 个样本, 14 个类别
[VIS] 加载完成: 26 个样本, 14 个类别

================================================================================
批量实验完成，结果汇总:
================================================================================
01. modality=vis | target=雨天 | Accuracy: 0.8231 ± 0.0576
================================================================================
