COMMAND: /home/lixiang/envs/lx_pytorch/bin/python main_single.py --source_root /home/lixiang/lx/Data/晴天 --target_root /home/lixiang/lx/Data/逆光 --ais_data_path /home/lixiang/lx/Data/AIS/balanced_AIS-dataset_16classes_100persample.mat --modality vis --num_iterations 5 --epochs 100 --batch_size 32
CWD: /home/lixiang/lx/JMDA/Ablation/signle modal
================================================================================
================================================================================
单模态消融实验 - VIS
目标域天气: 逆光
训练开始时间: 2026-07-09 16:20:41
设备: cuda
模态: vis
源域: /home/lixiang/lx/Data/晴天
目标域: /home/lixiang/lx/Data/逆光
批次大小: 32
总轮数: 100
迭代次数: 5
特征维度: 512
域适应: 启用
================================================================================

================================================================================
迭代 1/5
随机种子: 42
================================================================================
Training mode: unsupervised target adaptation (target labels ignored in training).
/home/lixiang/envs/lx_pytorch/lib/python3.11/site-packages/torch/cuda/__init__.py:235: UserWarning: 
NVIDIA GeForce RTX 5090 with CUDA capability sm_120 is not compatible with the current PyTorch installation.
The current PyTorch install supports CUDA capabilities sm_50 sm_60 sm_61 sm_70 sm_75 sm_80 sm_86 sm_89 sm_90 compute_90.
If you want to use the NVIDIA GeForce RTX 5090 GPU with PyTorch, please check the instructions at https://pytorch.org/get-started/locally/

  warnings.warn(
Epoch [1/100] | Loss: 6.0360 (Cls: 6.0036, Adv: 0.2162) | Train Acc: 0.0703 | Val Acc: 0.0556 | Val P/R/F1 (Macro): 0.0370/0.0444/0.0404 | LR: 0.000010
  >>> New Best Val Acc: 0.0556
Epoch [2/100] | Loss: 5.4703 (Cls: 5.4403, Adv: 0.2002) | Train Acc: 0.1641 | Val Acc: 0.0833 | Val P/R/F1 (Macro): 0.0287/0.0630/0.0381 | LR: 0.000010
  >>> New Best Val Acc: 0.0833
Epoch [3/100] | Loss: 5.2975 (Cls: 5.2628, Adv: 0.2314) | Train Acc: 0.2344 | Val Acc: 0.1944 | Val P/R/F1 (Macro): 0.0852/0.1324/0.0887 | LR: 0.000010
  >>> New Best Val Acc: 0.1944
Epoch [4/100] | Loss: 5.1535 (Cls: 5.1088, Adv: 0.2980) | Train Acc: 0.2344 | Val Acc: 0.1667 | Val P/R/F1 (Macro): 0.1528/0.1241/0.1254 | LR: 0.000010
Epoch [5/100] | Loss: 4.9936 (Cls: 4.9382, Adv: 0.3696) | Train Acc: 0.2344 | Val Acc: 0.1944 | Val P/R/F1 (Macro): 0.1481/0.1148/0.1283 | LR: 0.000010
Epoch [6/100] | Loss: 5.0461 (Cls: 4.9708, Adv: 0.5019) | Train Acc: 0.2500 | Val Acc: 0.3611 | Val P/R/F1 (Macro): 0.3102/0.2667/0.2398 | LR: 0.000010
  >>> New Best Val Acc: 0.3611
Epoch [7/100] | Loss: 4.6938 (Cls: 4.5996, Adv: 0.6281) | Train Acc: 0.3047 | Val Acc: 0.2778 | Val P/R/F1 (Macro): 0.3016/0.2111/0.1775 | LR: 0.000010
Epoch [8/100] | Loss: 4.5346 (Cls: 4.4287, Adv: 0.7059) | Train Acc: 0.2969 | Val Acc: 0.3056 | Val P/R/F1 (Macro): 0.2926/0.2444/0.2187 | LR: 0.000010
Epoch [9/100] | Loss: 4.4478 (Cls: 4.3093, Adv: 0.9235) | Train Acc: 0.3750 | Val Acc: 0.1944 | Val P/R/F1 (Macro): 0.3704/0.1343/0.1865 | LR: 0.000010
Epoch [10/100] | Loss: 4.2046 (Cls: 4.0461, Adv: 1.0567) | Train Acc: 0.4531 | Val Acc: 0.4444 | Val P/R/F1 (Macro): 0.4704/0.3694/0.3947 | LR: 0.000010
  >>> New Best Val Acc: 0.4444
Epoch [11/100] | Loss: 4.1342 (Cls: 3.9572, Adv: 1.1800) | Train Acc: 0.4688 | Val Acc: 0.4444 | Val P/R/F1 (Macro): 0.4679/0.4991/0.4353 | LR: 0.000010
Epoch [12/100] | Loss: 4.0570 (Cls: 3.8641, Adv: 1.2861) | Train Acc: 0.5234 | Val Acc: 0.3333 | Val P/R/F1 (Macro): 0.2958/0.3981/0.3104 | LR: 0.000010
Epoch [13/100] | Loss: 4.0393 (Cls: 3.8062, Adv: 1.5539) | Train Acc: 0.5000 | Val Acc: 0.3333 | Val P/R/F1 (Macro): 0.3852/0.3519/0.3573 | LR: 0.000010
Epoch [14/100] | Loss: 3.4921 (Cls: 3.2540, Adv: 1.5873) | Train Acc: 0.6094 | Val Acc: 0.4722 | Val P/R/F1 (Macro): 0.5074/0.4815/0.4895 | LR: 0.000010
  >>> New Best Val Acc: 0.4722
Epoch [15/100] | Loss: 3.5340 (Cls: 3.3063, Adv: 1.5176) | Train Acc: 0.6641 | Val Acc: 0.5278 | Val P/R/F1 (Macro): 0.4469/0.4444/0.4321 | LR: 0.000010
  >>> New Best Val Acc: 0.5278
Epoch [16/100] | Loss: 3.6581 (Cls: 3.4172, Adv: 1.6060) | Train Acc: 0.6016 | Val Acc: 0.5278 | Val P/R/F1 (Macro): 0.5704/0.5370/0.5432 | LR: 0.000010
Epoch [17/100] | Loss: 3.4285 (Cls: 3.1428, Adv: 1.9045) | Train Acc: 0.6094 | Val Acc: 0.4722 | Val P/R/F1 (Macro): 0.5444/0.4852/0.4755 | LR: 0.000010
Epoch [18/100] | Loss: 3.2856 (Cls: 2.9894, Adv: 1.9745) | Train Acc: 0.7031 | Val Acc: 0.5556 | Val P/R/F1 (Macro): 0.6839/0.5593/0.5882 | LR: 0.000010
  >>> New Best Val Acc: 0.5556
Epoch [19/100] | Loss: 3.5023 (Cls: 3.1910, Adv: 2.0754) | Train Acc: 0.6484 | Val Acc: 0.6111 | Val P/R/F1 (Macro): 0.6139/0.6148/0.5962 | LR: 0.000010
  >>> New Best Val Acc: 0.6111
Epoch [20/100] | Loss: 3.4339 (Cls: 3.1326, Adv: 2.0086) | Train Acc: 0.5859 | Val Acc: 0.6111 | Val P/R/F1 (Macro): 0.5630/0.6111/0.5673 | LR: 0.000010
Epoch [21/100] | Loss: 3.3308 (Cls: 3.0470, Adv: 1.8925) | Train Acc: 0.6797 | Val Acc: 0.6111 | Val P/R/F1 (Macro): 0.6065/0.5972/0.5979 | LR: 0.000010
Epoch [22/100] | Loss: 3.0684 (Cls: 2.7170, Adv: 2.3426) | Train Acc: 0.7031 | Val Acc: 0.5000 | Val P/R/F1 (Macro): 0.5450/0.4769/0.5031 | LR: 0.000010
Epoch [23/100] | Loss: 3.0442 (Cls: 2.7121, Adv: 2.2141) | Train Acc: 0.7266 | Val Acc: 0.5556 | Val P/R/F1 (Macro): 0.5880/0.5694/0.5474 | LR: 0.000010
Epoch [24/100] | Loss: 3.0722 (Cls: 2.7281, Adv: 2.2940) | Train Acc: 0.7188 | Val Acc: 0.5833 | Val P/R/F1 (Macro): 0.7024/0.6102/0.6263 | LR: 0.000010
Epoch [25/100] | Loss: 2.9826 (Cls: 2.6174, Adv: 2.4348) | Train Acc: 0.7266 | Val Acc: 0.4722 | Val P/R/F1 (Macro): 0.6037/0.4759/0.5032 | LR: 0.000010
Epoch [26/100] | Loss: 2.9392 (Cls: 2.5877, Adv: 2.3433) | Train Acc: 0.7734 | Val Acc: 0.5556 | Val P/R/F1 (Macro): 0.5944/0.5546/0.5561 | LR: 0.000010
Epoch [27/100] | Loss: 3.0500 (Cls: 2.7147, Adv: 2.2350) | Train Acc: 0.7500 | Val Acc: 0.6389 | Val P/R/F1 (Macro): 0.7190/0.6287/0.6416 | LR: 0.000010
  >>> New Best Val Acc: 0.6389
Epoch [28/100] | Loss: 3.2158 (Cls: 2.8439, Adv: 2.4794) | Train Acc: 0.6797 | Val Acc: 0.5556 | Val P/R/F1 (Macro): 0.5968/0.5593/0.5653 | LR: 0.000010
Epoch [29/100] | Loss: 2.9609 (Cls: 2.5795, Adv: 2.5426) | Train Acc: 0.7422 | Val Acc: 0.4722 | Val P/R/F1 (Macro): 0.5074/0.4898/0.4700 | LR: 0.000010
Epoch [30/100] | Loss: 3.0610 (Cls: 2.6517, Adv: 2.7289) | Train Acc: 0.7578 | Val Acc: 0.5278 | Val P/R/F1 (Macro): 0.5944/0.5639/0.5445 | LR: 0.000010
Epoch [31/100] | Loss: 2.9712 (Cls: 2.5839, Adv: 2.5823) | Train Acc: 0.7578 | Val Acc: 0.5278 | Val P/R/F1 (Macro): 0.5228/0.5222/0.5018 | LR: 0.000010
Epoch [32/100] | Loss: 2.9876 (Cls: 2.5646, Adv: 2.8200) | Train Acc: 0.7969 | Val Acc: 0.4722 | Val P/R/F1 (Macro): 0.5105/0.4065/0.4138 | LR: 0.000010
Epoch [33/100] | Loss: 2.8036 (Cls: 2.3908, Adv: 2.7520) | Train Acc: 0.7422 | Val Acc: 0.5278 | Val P/R/F1 (Macro): 0.4705/0.4620/0.4344 | LR: 0.000010
Epoch [34/100] | Loss: 2.7889 (Cls: 2.4008, Adv: 2.5871) | Train Acc: 0.7656 | Val Acc: 0.5278 | Val P/R/F1 (Macro): 0.4550/0.4759/0.4305 | LR: 0.000010
Epoch [35/100] | Loss: 3.0267 (Cls: 2.5877, Adv: 2.9270) | Train Acc: 0.7266 | Val Acc: 0.5556 | Val P/R/F1 (Macro): 0.6111/0.5398/0.5626 | LR: 0.000010
Epoch [36/100] | Loss: 2.8565 (Cls: 2.4559, Adv: 2.6704) | Train Acc: 0.7656 | Val Acc: 0.4722 | Val P/R/F1 (Macro): 0.4608/0.4528/0.4429 | LR: 0.000010
Epoch [37/100] | Loss: 2.9323 (Cls: 2.5215, Adv: 2.7389) | Train Acc: 0.7812 | Val Acc: 0.4722 | Val P/R/F1 (Macro): 0.6019/0.4898/0.4648 | LR: 0.000010
Epoch [38/100] | Loss: 2.8253 (Cls: 2.3878, Adv: 2.9168) | Train Acc: 0.8281 | Val Acc: 0.4722 | Val P/R/F1 (Macro): 0.5500/0.4991/0.4521 | LR: 0.000005
Epoch [39/100] | Loss: 2.8857 (Cls: 2.4495, Adv: 2.9081) | Train Acc: 0.7109 | Val Acc: 0.4722 | Val P/R/F1 (Macro): 0.5833/0.4898/0.4753 | LR: 0.000005
Epoch [40/100] | Loss: 2.4827 (Cls: 2.0469, Adv: 2.9057) | Train Acc: 0.8672 | Val Acc: 0.4722 | Val P/R/F1 (Macro): 0.5397/0.5037/0.4694 | LR: 0.000005
Epoch [41/100] | Loss: 2.6628 (Cls: 2.2161, Adv: 2.9776) | Train Acc: 0.8281 | Val Acc: 0.4722 | Val P/R/F1 (Macro): 0.5873/0.5037/0.5016 | LR: 0.000005
Epoch [42/100] | Loss: 2.9151 (Cls: 2.4819, Adv: 2.8878) | Train Acc: 0.7969 | Val Acc: 0.5000 | Val P/R/F1 (Macro): 0.5417/0.5407/0.4807 | LR: 0.000005
Epoch [43/100] | Loss: 2.6095 (Cls: 2.1629, Adv: 2.9777) | Train Acc: 0.8203 | Val Acc: 0.5000 | Val P/R/F1 (Macro): 0.5767/0.5315/0.5012 | LR: 0.000005
Epoch [44/100] | Loss: 2.6415 (Cls: 2.1925, Adv: 2.9937) | Train Acc: 0.8125 | Val Acc: 0.5000 | Val P/R/F1 (Macro): 0.6111/0.5407/0.5075 | LR: 0.000005
Epoch [45/100] | Loss: 3.0276 (Cls: 2.5687, Adv: 3.0597) | Train Acc: 0.7422 | Val Acc: 0.4722 | Val P/R/F1 (Macro): 0.5079/0.5037/0.4703 | LR: 0.000005
Epoch [46/100] | Loss: 2.4096 (Cls: 1.9526, Adv: 3.0465) | Train Acc: 0.8516 | Val Acc: 0.5000 | Val P/R/F1 (Macro): 0.5556/0.5315/0.5184 | LR: 0.000005
Epoch [47/100] | Loss: 2.5037 (Cls: 2.0621, Adv: 2.9440) | Train Acc: 0.8516 | Val Acc: 0.4444 | Val P/R/F1 (Macro): 0.5407/0.4667/0.4809 | LR: 0.000005
Epoch [48/100] | Loss: 2.9469 (Cls: 2.4780, Adv: 3.1260) | Train Acc: 0.7812 | Val Acc: 0.4722 | Val P/R/F1 (Macro): 0.5556/0.5037/0.5025 | LR: 0.000005
Epoch [49/100] | Loss: 2.8518 (Cls: 2.3415, Adv: 3.4019) | Train Acc: 0.7969 | Val Acc: 0.4167 | Val P/R/F1 (Macro): 0.5000/0.4296/0.4491 | LR: 0.000003
Epoch [50/100] | Loss: 2.7190 (Cls: 2.2448, Adv: 3.1615) | Train Acc: 0.7969 | Val Acc: 0.4444 | Val P/R/F1 (Macro): 0.5062/0.4481/0.4597 | LR: 0.000003
Epoch [51/100] | Loss: 2.5900 (Cls: 2.1159, Adv: 3.1607) | Train Acc: 0.8594 | Val Acc: 0.5000 | Val P/R/F1 (Macro): 0.5454/0.4991/0.5079 | LR: 0.000003
Epoch [52/100] | Loss: 2.5045 (Cls: 2.0409, Adv: 3.0904) | Train Acc: 0.8594 | Val Acc: 0.5000 | Val P/R/F1 (Macro): 0.5505/0.4944/0.5137 | LR: 0.000003
Epoch [53/100] | Loss: 2.6898 (Cls: 2.1867, Adv: 3.3541) | Train Acc: 0.8516 | Val Acc: 0.5000 | Val P/R/F1 (Macro): 0.5505/0.4944/0.5137 | LR: 0.000003
Epoch [54/100] | Loss: 2.5622 (Cls: 2.0560, Adv: 3.3746) | Train Acc: 0.8047 | Val Acc: 0.4722 | Val P/R/F1 (Macro): 0.5728/0.4898/0.5014 | LR: 0.000003
Epoch [55/100] | Loss: 2.8970 (Cls: 2.4068, Adv: 3.2677) | Train Acc: 0.7578 | Val Acc: 0.4722 | Val P/R/F1 (Macro): 0.5564/0.4944/0.4870 | LR: 0.000003
Epoch [56/100] | Loss: 2.5896 (Cls: 2.1233, Adv: 3.1086) | Train Acc: 0.8438 | Val Acc: 0.4444 | Val P/R/F1 (Macro): 0.5556/0.4759/0.4813 | LR: 0.000003
Epoch [57/100] | Loss: 2.5407 (Cls: 2.0537, Adv: 3.2469) | Train Acc: 0.8281 | Val Acc: 0.4722 | Val P/R/F1 (Macro): 0.5503/0.5037/0.4975 | LR: 0.000003
Epoch [58/100] | Loss: 2.5010 (Cls: 2.0418, Adv: 3.0614) | Train Acc: 0.8516 | Val Acc: 0.4722 | Val P/R/F1 (Macro): 0.5556/0.5037/0.5025 | LR: 0.000003
Epoch [59/100] | Loss: 2.6302 (Cls: 2.1223, Adv: 3.3864) | Train Acc: 0.8203 | Val Acc: 0.4444 | Val P/R/F1 (Macro): 0.5407/0.4667/0.4809 | LR: 0.000003
Epoch [60/100] | Loss: 2.5182 (Cls: 1.9992, Adv: 3.4605) | Train Acc: 0.8828 | Val Acc: 0.4167 | Val P/R/F1 (Macro): 0.5222/0.4389/0.4557 | LR: 0.000001
Epoch [61/100] | Loss: 2.5066 (Cls: 1.9962, Adv: 3.4027) | Train Acc: 0.8672 | Val Acc: 0.3889 | Val P/R/F1 (Macro): 0.5370/0.4019/0.4320 | LR: 0.000001
Epoch [62/100] | Loss: 2.6396 (Cls: 2.1230, Adv: 3.4442) | Train Acc: 0.8516 | Val Acc: 0.4167 | Val P/R/F1 (Macro): 0.5370/0.4296/0.4532 | LR: 0.000001
Epoch [63/100] | Loss: 2.6703 (Cls: 2.1231, Adv: 3.6482) | Train Acc: 0.8203 | Val Acc: 0.4722 | Val P/R/F1 (Macro): 0.5469/0.4852/0.4915 | LR: 0.000001
Epoch [64/100] | Loss: 2.6461 (Cls: 2.1331, Adv: 3.4202) | Train Acc: 0.8359 | Val Acc: 0.4722 | Val P/R/F1 (Macro): 0.5617/0.4944/0.4919 | LR: 0.000001
Epoch [65/100] | Loss: 2.6177 (Cls: 2.1001, Adv: 3.4507) | Train Acc: 0.8438 | Val Acc: 0.4167 | Val P/R/F1 (Macro): 0.5432/0.4204/0.4426 | LR: 0.000001
Epoch [66/100] | Loss: 2.5724 (Cls: 2.0809, Adv: 3.2765) | Train Acc: 0.8125 | Val Acc: 0.4167 | Val P/R/F1 (Macro): 0.5617/0.4296/0.4377 | LR: 0.000001
Epoch [67/100] | Loss: 2.6922 (Cls: 2.2158, Adv: 3.1763) | Train Acc: 0.7891 | Val Acc: 0.3889 | Val P/R/F1 (Macro): 0.5062/0.3926/0.4089 | LR: 0.000001
Epoch [68/100] | Loss: 2.5549 (Cls: 2.0172, Adv: 3.5850) | Train Acc: 0.8672 | Val Acc: 0.4444 | Val P/R/F1 (Macro): 0.5710/0.4574/0.4743 | LR: 0.000001
Epoch [69/100] | Loss: 2.7394 (Cls: 2.1914, Adv: 3.6536) | Train Acc: 0.8203 | Val Acc: 0.4444 | Val P/R/F1 (Macro): 0.5691/0.4667/0.4684 | LR: 0.000001
Epoch [70/100] | Loss: 2.7336 (Cls: 2.2071, Adv: 3.5098) | Train Acc: 0.8047 | Val Acc: 0.4444 | Val P/R/F1 (Macro): 0.5287/0.4204/0.4422 | LR: 0.000001
Epoch [71/100] | Loss: 2.5591 (Cls: 2.0442, Adv: 3.4322) | Train Acc: 0.8359 | Val Acc: 0.5000 | Val P/R/F1 (Macro): 0.6028/0.4944/0.5096 | LR: 0.000001
Epoch [72/100] | Loss: 2.6157 (Cls: 2.0928, Adv: 3.4857) | Train Acc: 0.8594 | Val Acc: 0.4167 | Val P/R/F1 (Macro): 0.5525/0.4296/0.4446 | LR: 0.000001
Epoch [73/100] | Loss: 2.4780 (Cls: 1.9072, Adv: 3.8057) | Train Acc: 0.8672 | Val Acc: 0.4444 | Val P/R/F1 (Macro): 0.4831/0.4204/0.4113 | LR: 0.000001
Epoch [74/100] | Loss: 2.6371 (Cls: 2.0795, Adv: 3.7178) | Train Acc: 0.8125 | Val Acc: 0.4444 | Val P/R/F1 (Macro): 0.5228/0.4296/0.4608 | LR: 0.000001
Epoch [75/100] | Loss: 2.7265 (Cls: 2.2004, Adv: 3.5077) | Train Acc: 0.7891 | Val Acc: 0.4444 | Val P/R/F1 (Macro): 0.5287/0.4204/0.4422 | LR: 0.000001
Epoch [76/100] | Loss: 2.4259 (Cls: 1.9001, Adv: 3.5055) | Train Acc: 0.8906 | Val Acc: 0.4444 | Val P/R/F1 (Macro): 0.5710/0.4435/0.4651 | LR: 0.000001
Epoch [77/100] | Loss: 2.5655 (Cls: 2.0325, Adv: 3.5533) | Train Acc: 0.8516 | Val Acc: 0.4444 | Val P/R/F1 (Macro): 0.5691/0.4667/0.4684 | LR: 0.000001
Epoch [78/100] | Loss: 2.6220 (Cls: 2.0733, Adv: 3.6574) | Train Acc: 0.8516 | Val Acc: 0.4167 | Val P/R/F1 (Macro): 0.5284/0.4296/0.4367 | LR: 0.000001
Epoch [79/100] | Loss: 2.4843 (Cls: 1.9559, Adv: 3.5227) | Train Acc: 0.8828 | Val Acc: 0.4167 | Val P/R/F1 (Macro): 0.5340/0.4296/0.4407 | LR: 0.000001
Epoch [80/100] | Loss: 2.6521 (Cls: 2.1270, Adv: 3.5004) | Train Acc: 0.8125 | Val Acc: 0.4444 | Val P/R/F1 (Macro): 0.5450/0.4528/0.4798 | LR: 0.000001
Epoch [81/100] | Loss: 2.6035 (Cls: 2.0461, Adv: 3.7158) | Train Acc: 0.8594 | Val Acc: 0.3889 | Val P/R/F1 (Macro): 0.5222/0.4111/0.4261 | LR: 0.000001
Epoch [82/100] | Loss: 2.6692 (Cls: 2.0970, Adv: 3.8147) | Train Acc: 0.8438 | Val Acc: 0.3889 | Val P/R/F1 (Macro): 0.4709/0.4111/0.3909 | LR: 0.000001
Epoch [83/100] | Loss: 2.7724 (Cls: 2.2226, Adv: 3.6648) | Train Acc: 0.8125 | Val Acc: 0.3889 | Val P/R/F1 (Macro): 0.5222/0.4111/0.4261 | LR: 0.000001
Epoch [84/100] | Loss: 2.5763 (Cls: 2.0392, Adv: 3.5804) | Train Acc: 0.8281 | Val Acc: 0.3889 | Val P/R/F1 (Macro): 0.4746/0.4111/0.3940 | LR: 0.000001
Epoch [85/100] | Loss: 2.4233 (Cls: 1.8775, Adv: 3.6381) | Train Acc: 0.8750 | Val Acc: 0.4444 | Val P/R/F1 (Macro): 0.5086/0.4667/0.4256 | LR: 0.000001
Epoch [86/100] | Loss: 2.4227 (Cls: 1.8721, Adv: 3.6710) | Train Acc: 0.9219 | Val Acc: 0.4167 | Val P/R/F1 (Macro): 0.5357/0.4250/0.4431 | LR: 0.000001
Epoch [87/100] | Loss: 2.6859 (Cls: 2.1417, Adv: 3.6282) | Train Acc: 0.8281 | Val Acc: 0.4444 | Val P/R/F1 (Macro): 0.5417/0.4435/0.4541 | LR: 0.000001
Epoch [88/100] | Loss: 2.6867 (Cls: 2.1376, Adv: 3.6604) | Train Acc: 0.8516 | Val Acc: 0.4167 | Val P/R/F1 (Macro): 0.5247/0.4296/0.4336 | LR: 0.000001
Epoch [89/100] | Loss: 2.5492 (Cls: 1.9978, Adv: 3.6757) | Train Acc: 0.8438 | Val Acc: 0.4444 | Val P/R/F1 (Macro): 0.4960/0.4435/0.4231 | LR: 0.000001
Epoch [90/100] | Loss: 2.5424 (Cls: 1.9916, Adv: 3.6719) | Train Acc: 0.8359 | Val Acc: 0.4444 | Val P/R/F1 (Macro): 0.4806/0.4574/0.4346 | LR: 0.000001
Epoch [91/100] | Loss: 2.4664 (Cls: 1.9272, Adv: 3.5943) | Train Acc: 0.8438 | Val Acc: 0.4167 | Val P/R/F1 (Macro): 0.5284/0.4296/0.4367 | LR: 0.000001
Epoch [92/100] | Loss: 2.6687 (Cls: 2.1159, Adv: 3.6849) | Train Acc: 0.8203 | Val Acc: 0.4167 | Val P/R/F1 (Macro): 0.5284/0.4296/0.4367 | LR: 0.000001
Epoch [93/100] | Loss: 2.5336 (Cls: 1.9611, Adv: 3.8165) | Train Acc: 0.8828 | Val Acc: 0.4722 | Val P/R/F1 (Macro): 0.5046/0.4713/0.4590 | LR: 0.000001
Epoch [94/100] | Loss: 2.5463 (Cls: 1.9756, Adv: 3.8051) | Train Acc: 0.8594 | Val Acc: 0.4444 | Val P/R/F1 (Macro): 0.5630/0.4759/0.4875 | LR: 0.000001
Epoch [95/100] | Loss: 2.6487 (Cls: 2.0651, Adv: 3.8903) | Train Acc: 0.8516 | Val Acc: 0.4722 | Val P/R/F1 (Macro): 0.5691/0.4944/0.4981 | LR: 0.000001
Epoch [96/100] | Loss: 2.5684 (Cls: 2.0095, Adv: 3.7262) | Train Acc: 0.8750 | Val Acc: 0.4722 | Val P/R/F1 (Macro): 0.5454/0.4713/0.4868 | LR: 0.000001
Epoch [97/100] | Loss: 2.6171 (Cls: 2.0408, Adv: 3.8418) | Train Acc: 0.8047 | Val Acc: 0.4167 | Val P/R/F1 (Macro): 0.4944/0.4250/0.4148 | LR: 0.000001
Epoch [98/100] | Loss: 2.5342 (Cls: 1.9709, Adv: 3.7558) | Train Acc: 0.8438 | Val Acc: 0.4722 | Val P/R/F1 (Macro): 0.5278/0.4806/0.4468 | LR: 0.000001
Epoch [99/100] | Loss: 2.6520 (Cls: 2.0745, Adv: 3.8502) | Train Acc: 0.8672 | Val Acc: 0.4444 | Val P/R/F1 (Macro): 0.5691/0.4667/0.4684 | LR: 0.000001
Epoch [100/100] | Loss: 2.6015 (Cls: 2.0529, Adv: 3.6573) | Train Acc: 0.8750 | Val Acc: 0.4444 | Val P/R/F1 (Macro): 0.5802/0.4620/0.4779 | LR: 0.000001

迭代 1 最佳指标:
  Accuracy: 0.6389
  Precision (Macro): 0.7190
  Recall (Macro): 0.6287
  F1 (Macro): 0.6416
  Precision (Micro): 0.6389
  Recall (Micro): 0.6389
  F1 (Micro): 0.6389
  Val class coverage: 9/14 (0.6429), samples=36

================================================================================
迭代 2/5
随机种子: 43
================================================================================
Training mode: unsupervised target adaptation (target labels ignored in training).
Epoch [1/100] | Loss: 6.3407 (Cls: 6.2846, Adv: 0.3736) | Train Acc: 0.0781 | Val Acc: 0.0833 | Val P/R/F1 (Macro): 0.0167/0.0417/0.0238 | LR: 0.000010
  >>> New Best Val Acc: 0.0833
Epoch [2/100] | Loss: 5.7091 (Cls: 5.6724, Adv: 0.2443) | Train Acc: 0.1172 | Val Acc: 0.1667 | Val P/R/F1 (Macro): 0.2159/0.2546/0.2017 | LR: 0.000010
  >>> New Best Val Acc: 0.1667
Epoch [3/100] | Loss: 5.5192 (Cls: 5.4638, Adv: 0.3692) | Train Acc: 0.2109 | Val Acc: 0.1389 | Val P/R/F1 (Macro): 0.1657/0.2111/0.1807 | LR: 0.000010
Epoch [4/100] | Loss: 5.3452 (Cls: 5.2855, Adv: 0.3983) | Train Acc: 0.1875 | Val Acc: 0.2778 | Val P/R/F1 (Macro): 0.2856/0.3037/0.2716 | LR: 0.000010
  >>> New Best Val Acc: 0.2778
Epoch [5/100] | Loss: 5.0837 (Cls: 5.0363, Adv: 0.3160) | Train Acc: 0.2500 | Val Acc: 0.2778 | Val P/R/F1 (Macro): 0.0905/0.2167/0.1253 | LR: 0.000010
Epoch [6/100] | Loss: 5.0987 (Cls: 5.0504, Adv: 0.3218) | Train Acc: 0.2422 | Val Acc: 0.1944 | Val P/R/F1 (Macro): 0.0512/0.1333/0.0682 | LR: 0.000010
Epoch [7/100] | Loss: 4.7083 (Cls: 4.6131, Adv: 0.6343) | Train Acc: 0.2734 | Val Acc: 0.2500 | Val P/R/F1 (Macro): 0.2279/0.1880/0.1606 | LR: 0.000010
Epoch [8/100] | Loss: 4.6570 (Cls: 4.5272, Adv: 0.8656) | Train Acc: 0.3594 | Val Acc: 0.3611 | Val P/R/F1 (Macro): 0.2725/0.3130/0.2889 | LR: 0.000010
  >>> New Best Val Acc: 0.3611
Epoch [9/100] | Loss: 4.4286 (Cls: 4.2771, Adv: 1.0099) | Train Acc: 0.4141 | Val Acc: 0.3333 | Val P/R/F1 (Macro): 0.3185/0.3083/0.2902 | LR: 0.000010
Epoch [10/100] | Loss: 4.4699 (Cls: 4.3135, Adv: 1.0428) | Train Acc: 0.3672 | Val Acc: 0.2778 | Val P/R/F1 (Macro): 0.3948/0.2861/0.2604 | LR: 0.000010
Epoch [11/100] | Loss: 4.1020 (Cls: 3.8990, Adv: 1.3535) | Train Acc: 0.5078 | Val Acc: 0.3333 | Val P/R/F1 (Macro): 0.3684/0.3472/0.3002 | LR: 0.000010
Epoch [12/100] | Loss: 4.2266 (Cls: 4.0248, Adv: 1.3453) | Train Acc: 0.4844 | Val Acc: 0.5556 | Val P/R/F1 (Macro): 0.5278/0.4944/0.4854 | LR: 0.000010
  >>> New Best Val Acc: 0.5556
Epoch [13/100] | Loss: 3.9436 (Cls: 3.7050, Adv: 1.5911) | Train Acc: 0.5156 | Val Acc: 0.4444 | Val P/R/F1 (Macro): 0.4603/0.4204/0.4224 | LR: 0.000010
Epoch [14/100] | Loss: 4.0325 (Cls: 3.7476, Adv: 1.8996) | Train Acc: 0.4922 | Val Acc: 0.3889 | Val P/R/F1 (Macro): 0.3443/0.3694/0.3447 | LR: 0.000010
Epoch [15/100] | Loss: 3.8799 (Cls: 3.5992, Adv: 1.8719) | Train Acc: 0.5234 | Val Acc: 0.3056 | Val P/R/F1 (Macro): 0.3540/0.3324/0.2880 | LR: 0.000010
Epoch [16/100] | Loss: 3.7063 (Cls: 3.3906, Adv: 2.1047) | Train Acc: 0.6016 | Val Acc: 0.3056 | Val P/R/F1 (Macro): 0.5000/0.3324/0.3358 | LR: 0.000010
Epoch [17/100] | Loss: 3.3241 (Cls: 3.0024, Adv: 2.1448) | Train Acc: 0.6641 | Val Acc: 0.4722 | Val P/R/F1 (Macro): 0.5741/0.4574/0.4750 | LR: 0.000010
Epoch [18/100] | Loss: 3.4696 (Cls: 3.1556, Adv: 2.0932) | Train Acc: 0.6250 | Val Acc: 0.3889 | Val P/R/F1 (Macro): 0.4815/0.4204/0.3984 | LR: 0.000010
Epoch [19/100] | Loss: 3.3253 (Cls: 2.9791, Adv: 2.3074) | Train Acc: 0.6250 | Val Acc: 0.4722 | Val P/R/F1 (Macro): 0.5611/0.4574/0.4603 | LR: 0.000010
Epoch [20/100] | Loss: 3.3819 (Cls: 2.9981, Adv: 2.5591) | Train Acc: 0.6953 | Val Acc: 0.5833 | Val P/R/F1 (Macro): 0.6339/0.5824/0.5535 | LR: 0.000010
  >>> New Best Val Acc: 0.5833
Epoch [21/100] | Loss: 3.5232 (Cls: 3.1532, Adv: 2.4666) | Train Acc: 0.5938 | Val Acc: 0.5278 | Val P/R/F1 (Macro): 0.5833/0.5361/0.4704 | LR: 0.000010
Epoch [22/100] | Loss: 3.1489 (Cls: 2.7782, Adv: 2.4715) | Train Acc: 0.6562 | Val Acc: 0.4167 | Val P/R/F1 (Macro): 0.4778/0.4574/0.4157 | LR: 0.000010
Epoch [23/100] | Loss: 3.2413 (Cls: 2.8537, Adv: 2.5839) | Train Acc: 0.6406 | Val Acc: 0.4722 | Val P/R/F1 (Macro): 0.5106/0.4713/0.4553 | LR: 0.000010
Epoch [24/100] | Loss: 3.4884 (Cls: 3.0580, Adv: 2.8691) | Train Acc: 0.7188 | Val Acc: 0.4722 | Val P/R/F1 (Macro): 0.4630/0.4667/0.4429 | LR: 0.000010
Epoch [25/100] | Loss: 3.5008 (Cls: 3.0782, Adv: 2.8173) | Train Acc: 0.6406 | Val Acc: 0.3056 | Val P/R/F1 (Macro): 0.3410/0.3278/0.3002 | LR: 0.000010
Epoch [26/100] | Loss: 3.1606 (Cls: 2.7439, Adv: 2.7775) | Train Acc: 0.7344 | Val Acc: 0.4167 | Val P/R/F1 (Macro): 0.5754/0.4435/0.4451 | LR: 0.000010
Epoch [27/100] | Loss: 3.1294 (Cls: 2.7037, Adv: 2.8382) | Train Acc: 0.7578 | Val Acc: 0.5556 | Val P/R/F1 (Macro): 0.6587/0.5593/0.5435 | LR: 0.000010
Epoch [28/100] | Loss: 2.9200 (Cls: 2.4532, Adv: 3.1117) | Train Acc: 0.7344 | Val Acc: 0.5556 | Val P/R/F1 (Macro): 0.6208/0.5639/0.5224 | LR: 0.000010
Epoch [29/100] | Loss: 3.1419 (Cls: 2.6577, Adv: 3.2284) | Train Acc: 0.7188 | Val Acc: 0.5556 | Val P/R/F1 (Macro): 0.5706/0.5546/0.5257 | LR: 0.000010
Epoch [30/100] | Loss: 3.1338 (Cls: 2.6836, Adv: 3.0010) | Train Acc: 0.6875 | Val Acc: 0.5000 | Val P/R/F1 (Macro): 0.5710/0.5278/0.5105 | LR: 0.000010
Epoch [31/100] | Loss: 2.8021 (Cls: 2.3596, Adv: 2.9501) | Train Acc: 0.7969 | Val Acc: 0.4444 | Val P/R/F1 (Macro): 0.5432/0.4722/0.4642 | LR: 0.000005
Epoch [32/100] | Loss: 2.9040 (Cls: 2.4379, Adv: 3.1072) | Train Acc: 0.8125 | Val Acc: 0.5000 | Val P/R/F1 (Macro): 0.6698/0.5278/0.5056 | LR: 0.000005
Epoch [33/100] | Loss: 2.7820 (Cls: 2.3264, Adv: 3.0371) | Train Acc: 0.8281 | Val Acc: 0.4722 | Val P/R/F1 (Macro): 0.6171/0.5093/0.4942 | LR: 0.000005
Epoch [34/100] | Loss: 3.0356 (Cls: 2.5603, Adv: 3.1690) | Train Acc: 0.7109 | Val Acc: 0.3889 | Val P/R/F1 (Macro): 0.4310/0.4074/0.3786 | LR: 0.000005
Epoch [35/100] | Loss: 3.1124 (Cls: 2.6352, Adv: 3.1820) | Train Acc: 0.7734 | Val Acc: 0.4167 | Val P/R/F1 (Macro): 0.5527/0.4444/0.4192 | LR: 0.000005
Epoch [36/100] | Loss: 2.9837 (Cls: 2.4944, Adv: 3.2622) | Train Acc: 0.8359 | Val Acc: 0.3889 | Val P/R/F1 (Macro): 0.5444/0.4074/0.4037 | LR: 0.000005
Epoch [37/100] | Loss: 3.0266 (Cls: 2.5116, Adv: 3.4336) | Train Acc: 0.7578 | Val Acc: 0.4722 | Val P/R/F1 (Macro): 0.5421/0.4907/0.4686 | LR: 0.000005
Epoch [38/100] | Loss: 2.7995 (Cls: 2.2974, Adv: 3.3471) | Train Acc: 0.7891 | Val Acc: 0.5278 | Val P/R/F1 (Macro): 0.5897/0.5500/0.5083 | LR: 0.000005
Epoch [39/100] | Loss: 2.7797 (Cls: 2.2504, Adv: 3.5282) | Train Acc: 0.7969 | Val Acc: 0.4722 | Val P/R/F1 (Macro): 0.5156/0.5000/0.4522 | LR: 0.000005
Epoch [40/100] | Loss: 2.9120 (Cls: 2.4196, Adv: 3.2829) | Train Acc: 0.7891 | Val Acc: 0.4444 | Val P/R/F1 (Macro): 0.5370/0.4630/0.4346 | LR: 0.000005
Epoch [41/100] | Loss: 2.9739 (Cls: 2.4758, Adv: 3.3202) | Train Acc: 0.7734 | Val Acc: 0.5278 | Val P/R/F1 (Macro): 0.6000/0.5269/0.5183 | LR: 0.000005
Epoch [42/100] | Loss: 2.8348 (Cls: 2.2866, Adv: 3.6546) | Train Acc: 0.8203 | Val Acc: 0.5000 | Val P/R/F1 (Macro): 0.5884/0.5130/0.5074 | LR: 0.000003
Epoch [43/100] | Loss: 2.9771 (Cls: 2.4527, Adv: 3.4964) | Train Acc: 0.6953 | Val Acc: 0.5000 | Val P/R/F1 (Macro): 0.7037/0.5130/0.5222 | LR: 0.000003
Epoch [44/100] | Loss: 2.6312 (Cls: 2.1145, Adv: 3.4453) | Train Acc: 0.8125 | Val Acc: 0.5000 | Val P/R/F1 (Macro): 0.7037/0.5130/0.5222 | LR: 0.000003
Epoch [45/100] | Loss: 2.8065 (Cls: 2.2836, Adv: 3.4857) | Train Acc: 0.8359 | Val Acc: 0.5556 | Val P/R/F1 (Macro): 0.7333/0.5546/0.5799 | LR: 0.000003
Epoch [46/100] | Loss: 2.6437 (Cls: 2.0809, Adv: 3.7519) | Train Acc: 0.8359 | Val Acc: 0.5000 | Val P/R/F1 (Macro): 0.6051/0.5130/0.5065 | LR: 0.000003
Epoch [47/100] | Loss: 2.7702 (Cls: 2.2395, Adv: 3.5383) | Train Acc: 0.8281 | Val Acc: 0.5000 | Val P/R/F1 (Macro): 0.5976/0.5130/0.5104 | LR: 0.000003
Epoch [48/100] | Loss: 2.6685 (Cls: 2.1370, Adv: 3.5433) | Train Acc: 0.8516 | Val Acc: 0.5278 | Val P/R/F1 (Macro): 0.7333/0.5269/0.5503 | LR: 0.000003
Epoch [49/100] | Loss: 2.8284 (Cls: 2.3027, Adv: 3.5046) | Train Acc: 0.8125 | Val Acc: 0.5278 | Val P/R/F1 (Macro): 0.7333/0.5269/0.5503 | LR: 0.000003
Epoch [50/100] | Loss: 2.8707 (Cls: 2.3327, Adv: 3.5866) | Train Acc: 0.7422 | Val Acc: 0.5556 | Val P/R/F1 (Macro): 0.7333/0.5407/0.5638 | LR: 0.000003
Epoch [51/100] | Loss: 2.9315 (Cls: 2.3668, Adv: 3.7647) | Train Acc: 0.7188 | Val Acc: 0.5278 | Val P/R/F1 (Macro): 0.7222/0.5269/0.5424 | LR: 0.000003
Epoch [52/100] | Loss: 2.6366 (Cls: 2.0964, Adv: 3.6010) | Train Acc: 0.8828 | Val Acc: 0.5278 | Val P/R/F1 (Macro): 0.7148/0.5407/0.5598 | LR: 0.000003
Epoch [53/100] | Loss: 2.6360 (Cls: 2.0933, Adv: 3.6184) | Train Acc: 0.8438 | Val Acc: 0.5278 | Val P/R/F1 (Macro): 0.6852/0.5407/0.5452 | LR: 0.000001
Epoch [54/100] | Loss: 2.7503 (Cls: 2.1991, Adv: 3.6751) | Train Acc: 0.8125 | Val Acc: 0.5278 | Val P/R/F1 (Macro): 0.6265/0.5500/0.5524 | LR: 0.000001
Epoch [55/100] | Loss: 2.8092 (Cls: 2.2724, Adv: 3.5788) | Train Acc: 0.7578 | Val Acc: 0.5278 | Val P/R/F1 (Macro): 0.6852/0.5407/0.5452 | LR: 0.000001
Epoch [56/100] | Loss: 2.9361 (Cls: 2.3764, Adv: 3.7313) | Train Acc: 0.8047 | Val Acc: 0.5278 | Val P/R/F1 (Macro): 0.6778/0.5407/0.5492 | LR: 0.000001
Epoch [57/100] | Loss: 2.7500 (Cls: 2.1856, Adv: 3.7626) | Train Acc: 0.7891 | Val Acc: 0.5278 | Val P/R/F1 (Macro): 0.7148/0.5407/0.5598 | LR: 0.000001
Epoch [58/100] | Loss: 2.6976 (Cls: 2.1151, Adv: 3.8832) | Train Acc: 0.8281 | Val Acc: 0.5556 | Val P/R/F1 (Macro): 0.7222/0.5685/0.5770 | LR: 0.000001
Epoch [59/100] | Loss: 2.5948 (Cls: 2.0147, Adv: 3.8674) | Train Acc: 0.8438 | Val Acc: 0.5278 | Val P/R/F1 (Macro): 0.6778/0.5407/0.5492 | LR: 0.000001
Epoch [60/100] | Loss: 2.8252 (Cls: 2.2470, Adv: 3.8548) | Train Acc: 0.8047 | Val Acc: 0.5278 | Val P/R/F1 (Macro): 0.6778/0.5407/0.5492 | LR: 0.000001
Epoch [61/100] | Loss: 2.8023 (Cls: 2.2271, Adv: 3.8344) | Train Acc: 0.8359 | Val Acc: 0.5556 | Val P/R/F1 (Macro): 0.5773/0.5546/0.5319 | LR: 0.000001
Epoch [62/100] | Loss: 2.7913 (Cls: 2.2630, Adv: 3.5222) | Train Acc: 0.8125 | Val Acc: 0.5278 | Val P/R/F1 (Macro): 0.5463/0.5269/0.5099 | LR: 0.000001
Epoch [63/100] | Loss: 2.8594 (Cls: 2.2923, Adv: 3.7803) | Train Acc: 0.7812 | Val Acc: 0.5000 | Val P/R/F1 (Macro): 0.6759/0.5130/0.5300 | LR: 0.000001
Epoch [64/100] | Loss: 2.6275 (Cls: 2.0588, Adv: 3.7915) | Train Acc: 0.8203 | Val Acc: 0.5000 | Val P/R/F1 (Macro): 0.6648/0.5130/0.5221 | LR: 0.000001
Epoch [65/100] | Loss: 2.8086 (Cls: 2.2517, Adv: 3.7130) | Train Acc: 0.8047 | Val Acc: 0.5000 | Val P/R/F1 (Macro): 0.6548/0.4991/0.5013 | LR: 0.000001
Epoch [66/100] | Loss: 2.4751 (Cls: 1.9157, Adv: 3.7293) | Train Acc: 0.8672 | Val Acc: 0.4444 | Val P/R/F1 (Macro): 0.5328/0.4574/0.4313 | LR: 0.000001
Epoch [67/100] | Loss: 2.6826 (Cls: 2.1514, Adv: 3.5413) | Train Acc: 0.8516 | Val Acc: 0.4722 | Val P/R/F1 (Macro): 0.5437/0.4852/0.4704 | LR: 0.000001
Epoch [68/100] | Loss: 2.6777 (Cls: 2.1318, Adv: 3.6392) | Train Acc: 0.8281 | Val Acc: 0.5278 | Val P/R/F1 (Macro): 0.5500/0.5407/0.5111 | LR: 0.000001
Epoch [69/100] | Loss: 2.8440 (Cls: 2.3014, Adv: 3.6172) | Train Acc: 0.7891 | Val Acc: 0.5556 | Val P/R/F1 (Macro): 0.6685/0.5685/0.5611 | LR: 0.000001
Epoch [70/100] | Loss: 2.6588 (Cls: 2.0778, Adv: 3.8731) | Train Acc: 0.8281 | Val Acc: 0.5556 | Val P/R/F1 (Macro): 0.6741/0.5685/0.5636 | LR: 0.000001
Epoch [71/100] | Loss: 2.6683 (Cls: 2.1060, Adv: 3.7487) | Train Acc: 0.8516 | Val Acc: 0.5833 | Val P/R/F1 (Macro): 0.6741/0.5824/0.5797 | LR: 0.000001
Epoch [72/100] | Loss: 2.6309 (Cls: 2.0762, Adv: 3.6975) | Train Acc: 0.8750 | Val Acc: 0.5278 | Val P/R/F1 (Macro): 0.6685/0.5407/0.5391 | LR: 0.000001
Epoch [73/100] | Loss: 2.7273 (Cls: 2.1569, Adv: 3.8030) | Train Acc: 0.8359 | Val Acc: 0.5833 | Val P/R/F1 (Macro): 0.6833/0.5824/0.5828 | LR: 0.000001
Epoch [74/100] | Loss: 2.5727 (Cls: 2.0031, Adv: 3.7971) | Train Acc: 0.8359 | Val Acc: 0.5833 | Val P/R/F1 (Macro): 0.6556/0.5824/0.5778 | LR: 0.000001
Epoch [75/100] | Loss: 2.7733 (Cls: 2.1952, Adv: 3.8541) | Train Acc: 0.8203 | Val Acc: 0.5833 | Val P/R/F1 (Macro): 0.6463/0.5824/0.5747 | LR: 0.000001
Epoch [76/100] | Loss: 2.6593 (Cls: 2.0753, Adv: 3.8934) | Train Acc: 0.7812 | Val Acc: 0.5556 | Val P/R/F1 (Macro): 0.6296/0.5685/0.5534 | LR: 0.000001
Epoch [77/100] | Loss: 2.7237 (Cls: 2.1223, Adv: 4.0093) | Train Acc: 0.8281 | Val Acc: 0.5833 | Val P/R/F1 (Macro): 0.6519/0.5685/0.5708 | LR: 0.000001
Epoch [78/100] | Loss: 2.5988 (Cls: 2.0343, Adv: 3.7632) | Train Acc: 0.8828 | Val Acc: 0.5556 | Val P/R/F1 (Macro): 0.6648/0.5546/0.5599 | LR: 0.000001
Epoch [79/100] | Loss: 2.5733 (Cls: 1.9957, Adv: 3.8507) | Train Acc: 0.8438 | Val Acc: 0.5833 | Val P/R/F1 (Macro): 0.6741/0.5685/0.5765 | LR: 0.000001
Epoch [80/100] | Loss: 2.6660 (Cls: 2.1060, Adv: 3.7338) | Train Acc: 0.8438 | Val Acc: 0.5556 | Val P/R/F1 (Macro): 0.6593/0.5546/0.5513 | LR: 0.000001
Epoch [81/100] | Loss: 2.6808 (Cls: 2.0931, Adv: 3.9178) | Train Acc: 0.8203 | Val Acc: 0.5556 | Val P/R/F1 (Macro): 0.6741/0.5546/0.5630 | LR: 0.000001
Epoch [82/100] | Loss: 2.8565 (Cls: 2.2749, Adv: 3.8773) | Train Acc: 0.7969 | Val Acc: 0.5556 | Val P/R/F1 (Macro): 0.6370/0.5546/0.5549 | LR: 0.000001
Epoch [83/100] | Loss: 2.7025 (Cls: 2.1246, Adv: 3.8532) | Train Acc: 0.8047 | Val Acc: 0.5556 | Val P/R/F1 (Macro): 0.6370/0.5546/0.5549 | LR: 0.000001
Epoch [84/100] | Loss: 2.6229 (Cls: 2.0381, Adv: 3.8984) | Train Acc: 0.8516 | Val Acc: 0.5278 | Val P/R/F1 (Macro): 0.6222/0.5407/0.5372 | LR: 0.000001
Epoch [85/100] | Loss: 2.6225 (Cls: 2.0451, Adv: 3.8491) | Train Acc: 0.8438 | Val Acc: 0.5556 | Val P/R/F1 (Macro): 0.6741/0.5685/0.5636 | LR: 0.000001
Epoch [86/100] | Loss: 2.7273 (Cls: 2.1300, Adv: 3.9816) | Train Acc: 0.8281 | Val Acc: 0.5278 | Val P/R/F1 (Macro): 0.6574/0.5407/0.5376 | LR: 0.000001
Epoch [87/100] | Loss: 2.6630 (Cls: 2.0735, Adv: 3.9296) | Train Acc: 0.8594 | Val Acc: 0.5556 | Val P/R/F1 (Macro): 0.6741/0.5685/0.5636 | LR: 0.000001
Epoch [88/100] | Loss: 2.8106 (Cls: 2.2122, Adv: 3.9898) | Train Acc: 0.7891 | Val Acc: 0.5278 | Val P/R/F1 (Macro): 0.5769/0.5500/0.5426 | LR: 0.000001
Epoch [89/100] | Loss: 2.7289 (Cls: 2.1116, Adv: 4.1149) | Train Acc: 0.8359 | Val Acc: 0.5556 | Val P/R/F1 (Macro): 0.6315/0.5685/0.5509 | LR: 0.000001
Epoch [90/100] | Loss: 2.9163 (Cls: 2.2849, Adv: 4.2092) | Train Acc: 0.8047 | Val Acc: 0.5833 | Val P/R/F1 (Macro): 0.6556/0.5824/0.5778 | LR: 0.000001
Epoch [91/100] | Loss: 2.6932 (Cls: 2.0809, Adv: 4.0823) | Train Acc: 0.8203 | Val Acc: 0.5833 | Val P/R/F1 (Macro): 0.6556/0.5824/0.5778 | LR: 0.000001
Epoch [92/100] | Loss: 2.6129 (Cls: 2.0357, Adv: 3.8480) | Train Acc: 0.8281 | Val Acc: 0.5833 | Val P/R/F1 (Macro): 0.6556/0.5824/0.5778 | LR: 0.000001
Epoch [93/100] | Loss: 2.8238 (Cls: 2.2380, Adv: 3.9055) | Train Acc: 0.7734 | Val Acc: 0.5833 | Val P/R/F1 (Macro): 0.6556/0.5824/0.5778 | LR: 0.000001
Epoch [94/100] | Loss: 2.7857 (Cls: 2.1703, Adv: 4.1028) | Train Acc: 0.8125 | Val Acc: 0.5833 | Val P/R/F1 (Macro): 0.6556/0.5824/0.5778 | LR: 0.000001
Epoch [95/100] | Loss: 2.4735 (Cls: 1.8748, Adv: 3.9914) | Train Acc: 0.8984 | Val Acc: 0.5556 | Val P/R/F1 (Macro): 0.6500/0.5685/0.5549 | LR: 0.000001
Epoch [96/100] | Loss: 2.7206 (Cls: 2.0941, Adv: 4.1771) | Train Acc: 0.8359 | Val Acc: 0.5556 | Val P/R/F1 (Macro): 0.6574/0.5546/0.5563 | LR: 0.000001
Epoch [97/100] | Loss: 2.8261 (Cls: 2.1855, Adv: 4.2706) | Train Acc: 0.7891 | Val Acc: 0.5556 | Val P/R/F1 (Macro): 0.6741/0.5546/0.5630 | LR: 0.000001
Epoch [98/100] | Loss: 2.6066 (Cls: 1.9790, Adv: 4.1841) | Train Acc: 0.8750 | Val Acc: 0.5278 | Val P/R/F1 (Macro): 0.6407/0.5407/0.5350 | LR: 0.000001
Epoch [99/100] | Loss: 2.5960 (Cls: 1.9698, Adv: 4.1746) | Train Acc: 0.8516 | Val Acc: 0.5833 | Val P/R/F1 (Macro): 0.6944/0.5824/0.5812 | LR: 0.000001
Epoch [100/100] | Loss: 2.7621 (Cls: 2.1474, Adv: 4.0982) | Train Acc: 0.8281 | Val Acc: 0.5556 | Val P/R/F1 (Macro): 0.6500/0.5685/0.5549 | LR: 0.000001

迭代 2 最佳指标:
  Accuracy: 0.5833
  Precision (Macro): 0.6339
  Recall (Macro): 0.5824
  F1 (Macro): 0.5535
  Precision (Micro): 0.5833
  Recall (Micro): 0.5833
  F1 (Micro): 0.5833
  Val class coverage: 9/14 (0.6429), samples=36

================================================================================
迭代 3/5
随机种子: 44
================================================================================
Training mode: unsupervised target adaptation (target labels ignored in training).
Epoch [1/100] | Loss: 6.3459 (Cls: 6.3037, Adv: 0.2815) | Train Acc: 0.0312 | Val Acc: 0.2222 | Val P/R/F1 (Macro): 0.1781/0.1528/0.1307 | LR: 0.000010
  >>> New Best Val Acc: 0.2222
Epoch [2/100] | Loss: 5.6498 (Cls: 5.6085, Adv: 0.2751) | Train Acc: 0.1406 | Val Acc: 0.1389 | Val P/R/F1 (Macro): 0.1407/0.1111/0.0979 | LR: 0.000010
Epoch [3/100] | Loss: 5.3602 (Cls: 5.3264, Adv: 0.2256) | Train Acc: 0.1562 | Val Acc: 0.1111 | Val P/R/F1 (Macro): 0.0538/0.0778/0.0609 | LR: 0.000010
Epoch [4/100] | Loss: 5.1464 (Cls: 5.1114, Adv: 0.2335) | Train Acc: 0.2109 | Val Acc: 0.2500 | Val P/R/F1 (Macro): 0.2731/0.1750/0.1418 | LR: 0.000010
  >>> New Best Val Acc: 0.2500
Epoch [5/100] | Loss: 4.7965 (Cls: 4.7483, Adv: 0.3212) | Train Acc: 0.2734 | Val Acc: 0.3611 | Val P/R/F1 (Macro): 0.1898/0.2639/0.2083 | LR: 0.000010
  >>> New Best Val Acc: 0.3611
Epoch [6/100] | Loss: 4.9440 (Cls: 4.8879, Adv: 0.3742) | Train Acc: 0.2422 | Val Acc: 0.3889 | Val P/R/F1 (Macro): 0.3536/0.3426/0.3029 | LR: 0.000010
  >>> New Best Val Acc: 0.3889
Epoch [7/100] | Loss: 4.7743 (Cls: 4.7021, Adv: 0.4815) | Train Acc: 0.2891 | Val Acc: 0.3611 | Val P/R/F1 (Macro): 0.4701/0.3194/0.3078 | LR: 0.000010
Epoch [8/100] | Loss: 4.5450 (Cls: 4.4628, Adv: 0.5479) | Train Acc: 0.3594 | Val Acc: 0.4444 | Val P/R/F1 (Macro): 0.4963/0.3657/0.3617 | LR: 0.000010
  >>> New Best Val Acc: 0.4444
Epoch [9/100] | Loss: 4.4961 (Cls: 4.3966, Adv: 0.6633) | Train Acc: 0.3828 | Val Acc: 0.3889 | Val P/R/F1 (Macro): 0.3574/0.3056/0.3019 | LR: 0.000010
Epoch [10/100] | Loss: 4.2605 (Cls: 4.1365, Adv: 0.8263) | Train Acc: 0.5234 | Val Acc: 0.4167 | Val P/R/F1 (Macro): 0.3824/0.3472/0.3238 | LR: 0.000010
Epoch [11/100] | Loss: 4.0368 (Cls: 3.8810, Adv: 1.0384) | Train Acc: 0.5078 | Val Acc: 0.4722 | Val P/R/F1 (Macro): 0.4255/0.4120/0.3718 | LR: 0.000010
  >>> New Best Val Acc: 0.4722
Epoch [12/100] | Loss: 3.8606 (Cls: 3.6594, Adv: 1.3412) | Train Acc: 0.5312 | Val Acc: 0.5000 | Val P/R/F1 (Macro): 0.6130/0.5556/0.5370 | LR: 0.000010
  >>> New Best Val Acc: 0.5000
Epoch [13/100] | Loss: 3.9473 (Cls: 3.7499, Adv: 1.3157) | Train Acc: 0.5391 | Val Acc: 0.5278 | Val P/R/F1 (Macro): 0.5114/0.5602/0.5080 | LR: 0.000010
  >>> New Best Val Acc: 0.5278
Epoch [14/100] | Loss: 3.8008 (Cls: 3.6163, Adv: 1.2302) | Train Acc: 0.5703 | Val Acc: 0.5278 | Val P/R/F1 (Macro): 0.4380/0.5269/0.4640 | LR: 0.000010
Epoch [15/100] | Loss: 3.7576 (Cls: 3.5322, Adv: 1.5029) | Train Acc: 0.6406 | Val Acc: 0.4444 | Val P/R/F1 (Macro): 0.3661/0.4167/0.3509 | LR: 0.000010
Epoch [16/100] | Loss: 3.5769 (Cls: 3.3385, Adv: 1.5891) | Train Acc: 0.5781 | Val Acc: 0.4444 | Val P/R/F1 (Macro): 0.4481/0.3926/0.3763 | LR: 0.000010
Epoch [17/100] | Loss: 3.4797 (Cls: 3.2097, Adv: 1.8002) | Train Acc: 0.6484 | Val Acc: 0.4167 | Val P/R/F1 (Macro): 0.4630/0.4157/0.4136 | LR: 0.000010
Epoch [18/100] | Loss: 3.6801 (Cls: 3.3658, Adv: 2.0951) | Train Acc: 0.6250 | Val Acc: 0.4167 | Val P/R/F1 (Macro): 0.4306/0.4120/0.3942 | LR: 0.000010
Epoch [19/100] | Loss: 3.4212 (Cls: 3.1138, Adv: 2.0498) | Train Acc: 0.6641 | Val Acc: 0.4722 | Val P/R/F1 (Macro): 0.4648/0.5139/0.4521 | LR: 0.000010
Epoch [20/100] | Loss: 3.3741 (Cls: 3.0478, Adv: 2.1756) | Train Acc: 0.7188 | Val Acc: 0.5833 | Val P/R/F1 (Macro): 0.6230/0.5954/0.5585 | LR: 0.000010
  >>> New Best Val Acc: 0.5833
Epoch [21/100] | Loss: 3.2699 (Cls: 2.9315, Adv: 2.2554) | Train Acc: 0.6562 | Val Acc: 0.4444 | Val P/R/F1 (Macro): 0.4802/0.4583/0.4412 | LR: 0.000010
Epoch [22/100] | Loss: 3.6272 (Cls: 3.2844, Adv: 2.2856) | Train Acc: 0.5234 | Val Acc: 0.3889 | Val P/R/F1 (Macro): 0.4198/0.3194/0.3421 | LR: 0.000010
Epoch [23/100] | Loss: 3.4873 (Cls: 3.1196, Adv: 2.4512) | Train Acc: 0.6719 | Val Acc: 0.4167 | Val P/R/F1 (Macro): 0.4111/0.3380/0.3430 | LR: 0.000010
Epoch [24/100] | Loss: 3.0195 (Cls: 2.6857, Adv: 2.2256) | Train Acc: 0.7344 | Val Acc: 0.5000 | Val P/R/F1 (Macro): 0.5060/0.5231/0.4659 | LR: 0.000010
Epoch [25/100] | Loss: 3.0639 (Cls: 2.6771, Adv: 2.5788) | Train Acc: 0.7578 | Val Acc: 0.5278 | Val P/R/F1 (Macro): 0.5000/0.5509/0.4810 | LR: 0.000010
Epoch [26/100] | Loss: 3.1361 (Cls: 2.7471, Adv: 2.5938) | Train Acc: 0.7188 | Val Acc: 0.4722 | Val P/R/F1 (Macro): 0.4754/0.5139/0.4387 | LR: 0.000010
Epoch [27/100] | Loss: 3.4901 (Cls: 3.0854, Adv: 2.6982) | Train Acc: 0.6719 | Val Acc: 0.4167 | Val P/R/F1 (Macro): 0.4278/0.4306/0.3978 | LR: 0.000010
Epoch [28/100] | Loss: 3.0526 (Cls: 2.6301, Adv: 2.8168) | Train Acc: 0.7656 | Val Acc: 0.5278 | Val P/R/F1 (Macro): 0.4602/0.5556/0.4648 | LR: 0.000010
Epoch [29/100] | Loss: 3.3398 (Cls: 2.9102, Adv: 2.8636) | Train Acc: 0.7188 | Val Acc: 0.5278 | Val P/R/F1 (Macro): 0.4873/0.5463/0.4685 | LR: 0.000010
Epoch [30/100] | Loss: 3.1136 (Cls: 2.7284, Adv: 2.5680) | Train Acc: 0.7578 | Val Acc: 0.5833 | Val P/R/F1 (Macro): 0.5296/0.5824/0.5174 | LR: 0.000010
Epoch [31/100] | Loss: 3.0777 (Cls: 2.6761, Adv: 2.6773) | Train Acc: 0.6953 | Val Acc: 0.5278 | Val P/R/F1 (Macro): 0.4923/0.5648/0.4754 | LR: 0.000005
Epoch [32/100] | Loss: 2.8066 (Cls: 2.4085, Adv: 2.6537) | Train Acc: 0.7812 | Val Acc: 0.5556 | Val P/R/F1 (Macro): 0.5060/0.5787/0.5029 | LR: 0.000005
Epoch [33/100] | Loss: 2.7911 (Cls: 2.3740, Adv: 2.7804) | Train Acc: 0.7500 | Val Acc: 0.5556 | Val P/R/F1 (Macro): 0.5602/0.5880/0.5286 | LR: 0.000005
Epoch [34/100] | Loss: 2.9602 (Cls: 2.5057, Adv: 3.0300) | Train Acc: 0.7500 | Val Acc: 0.5278 | Val P/R/F1 (Macro): 0.5250/0.5694/0.5101 | LR: 0.000005
Epoch [35/100] | Loss: 2.8661 (Cls: 2.4267, Adv: 2.9293) | Train Acc: 0.7891 | Val Acc: 0.5556 | Val P/R/F1 (Macro): 0.5880/0.5880/0.5310 | LR: 0.000005
Epoch [36/100] | Loss: 2.8627 (Cls: 2.4241, Adv: 2.9242) | Train Acc: 0.8438 | Val Acc: 0.5278 | Val P/R/F1 (Macro): 0.4440/0.5602/0.4685 | LR: 0.000005
Epoch [37/100] | Loss: 2.9043 (Cls: 2.4584, Adv: 2.9731) | Train Acc: 0.7891 | Val Acc: 0.6111 | Val P/R/F1 (Macro): 0.5602/0.6194/0.5381 | LR: 0.000005
  >>> New Best Val Acc: 0.6111
Epoch [38/100] | Loss: 2.6944 (Cls: 2.2454, Adv: 2.9932) | Train Acc: 0.8047 | Val Acc: 0.5833 | Val P/R/F1 (Macro): 0.5694/0.6093/0.5312 | LR: 0.000005
Epoch [39/100] | Loss: 3.0077 (Cls: 2.5413, Adv: 3.1095) | Train Acc: 0.7578 | Val Acc: 0.5833 | Val P/R/F1 (Macro): 0.5481/0.5769/0.5231 | LR: 0.000005
Epoch [40/100] | Loss: 2.7855 (Cls: 2.3327, Adv: 3.0185) | Train Acc: 0.7734 | Val Acc: 0.5556 | Val P/R/F1 (Macro): 0.5296/0.5546/0.5015 | LR: 0.000005
Epoch [41/100] | Loss: 2.8230 (Cls: 2.3606, Adv: 3.0826) | Train Acc: 0.7500 | Val Acc: 0.5556 | Val P/R/F1 (Macro): 0.5247/0.5639/0.5081 | LR: 0.000005
Epoch [42/100] | Loss: 3.0007 (Cls: 2.5446, Adv: 3.0403) | Train Acc: 0.7266 | Val Acc: 0.5556 | Val P/R/F1 (Macro): 0.5321/0.5639/0.5143 | LR: 0.000005
Epoch [43/100] | Loss: 2.8331 (Cls: 2.3639, Adv: 3.1282) | Train Acc: 0.7891 | Val Acc: 0.5556 | Val P/R/F1 (Macro): 0.6139/0.5694/0.5363 | LR: 0.000005
Epoch [44/100] | Loss: 2.8426 (Cls: 2.3615, Adv: 3.2072) | Train Acc: 0.7969 | Val Acc: 0.5833 | Val P/R/F1 (Macro): 0.6481/0.5917/0.5590 | LR: 0.000005
Epoch [45/100] | Loss: 2.9060 (Cls: 2.3890, Adv: 3.4470) | Train Acc: 0.8281 | Val Acc: 0.5556 | Val P/R/F1 (Macro): 0.6442/0.5778/0.5388 | LR: 0.000005
Epoch [46/100] | Loss: 3.0292 (Cls: 2.5403, Adv: 3.2595) | Train Acc: 0.7812 | Val Acc: 0.5278 | Val P/R/F1 (Macro): 0.5243/0.5407/0.4804 | LR: 0.000005
Epoch [47/100] | Loss: 2.5934 (Cls: 2.1295, Adv: 3.0930) | Train Acc: 0.8672 | Val Acc: 0.4722 | Val P/R/F1 (Macro): 0.4824/0.5000/0.4434 | LR: 0.000005
Epoch [48/100] | Loss: 3.0218 (Cls: 2.5163, Adv: 3.3699) | Train Acc: 0.7188 | Val Acc: 0.4722 | Val P/R/F1 (Macro): 0.4630/0.5185/0.4505 | LR: 0.000003
Epoch [49/100] | Loss: 2.8319 (Cls: 2.3280, Adv: 3.3598) | Train Acc: 0.7969 | Val Acc: 0.4722 | Val P/R/F1 (Macro): 0.4524/0.5185/0.4448 | LR: 0.000003
Epoch [50/100] | Loss: 2.5435 (Cls: 2.0211, Adv: 3.4828) | Train Acc: 0.8359 | Val Acc: 0.5000 | Val P/R/F1 (Macro): 0.4861/0.5278/0.4605 | LR: 0.000003
Epoch [51/100] | Loss: 2.5626 (Cls: 2.0743, Adv: 3.2550) | Train Acc: 0.8516 | Val Acc: 0.5278 | Val P/R/F1 (Macro): 0.5231/0.5500/0.4883 | LR: 0.000003
Epoch [52/100] | Loss: 2.5902 (Cls: 2.0744, Adv: 3.4391) | Train Acc: 0.8438 | Val Acc: 0.5278 | Val P/R/F1 (Macro): 0.5231/0.5500/0.4883 | LR: 0.000003
Epoch [53/100] | Loss: 2.7458 (Cls: 2.2493, Adv: 3.3099) | Train Acc: 0.8047 | Val Acc: 0.4722 | Val P/R/F1 (Macro): 0.4901/0.5000/0.4487 | LR: 0.000003
Epoch [54/100] | Loss: 2.6359 (Cls: 2.1139, Adv: 3.4802) | Train Acc: 0.8359 | Val Acc: 0.5000 | Val P/R/F1 (Macro): 0.4861/0.5278/0.4605 | LR: 0.000003
Epoch [55/100] | Loss: 2.7855 (Cls: 2.2779, Adv: 3.3844) | Train Acc: 0.8203 | Val Acc: 0.5000 | Val P/R/F1 (Macro): 0.4861/0.5278/0.4605 | LR: 0.000003
Epoch [56/100] | Loss: 2.9549 (Cls: 2.4045, Adv: 3.6688) | Train Acc: 0.7578 | Val Acc: 0.5278 | Val P/R/F1 (Macro): 0.4907/0.5463/0.4700 | LR: 0.000003
Epoch [57/100] | Loss: 2.7461 (Cls: 2.1896, Adv: 3.7097) | Train Acc: 0.8125 | Val Acc: 0.5278 | Val P/R/F1 (Macro): 0.4907/0.5463/0.4700 | LR: 0.000003
Epoch [58/100] | Loss: 2.7655 (Cls: 2.2150, Adv: 3.6705) | Train Acc: 0.7734 | Val Acc: 0.5833 | Val P/R/F1 (Macro): 0.5556/0.6056/0.5169 | LR: 0.000003
Epoch [59/100] | Loss: 2.6154 (Cls: 2.0838, Adv: 3.5435) | Train Acc: 0.8750 | Val Acc: 0.5833 | Val P/R/F1 (Macro): 0.5556/0.6056/0.5169 | LR: 0.000001
Epoch [60/100] | Loss: 2.6657 (Cls: 2.1255, Adv: 3.6011) | Train Acc: 0.8672 | Val Acc: 0.5556 | Val P/R/F1 (Macro): 0.5278/0.5685/0.4978 | LR: 0.000001
Epoch [61/100] | Loss: 2.6541 (Cls: 2.1073, Adv: 3.6454) | Train Acc: 0.8281 | Val Acc: 0.5556 | Val P/R/F1 (Macro): 0.5278/0.5685/0.4978 | LR: 0.000001
Epoch [62/100] | Loss: 2.9073 (Cls: 2.3653, Adv: 3.6131) | Train Acc: 0.7891 | Val Acc: 0.5833 | Val P/R/F1 (Macro): 0.6204/0.6111/0.5360 | LR: 0.000001
Epoch [63/100] | Loss: 2.7797 (Cls: 2.2146, Adv: 3.7674) | Train Acc: 0.8359 | Val Acc: 0.5833 | Val P/R/F1 (Macro): 0.6481/0.5963/0.5486 | LR: 0.000001
Epoch [64/100] | Loss: 2.7317 (Cls: 2.1980, Adv: 3.5579) | Train Acc: 0.8516 | Val Acc: 0.5556 | Val P/R/F1 (Macro): 0.6442/0.5778/0.5388 | LR: 0.000001
Epoch [65/100] | Loss: 2.6013 (Cls: 2.0716, Adv: 3.5313) | Train Acc: 0.8750 | Val Acc: 0.5000 | Val P/R/F1 (Macro): 0.4861/0.5278/0.4605 | LR: 0.000001
Epoch [66/100] | Loss: 2.8334 (Cls: 2.2615, Adv: 3.8125) | Train Acc: 0.7422 | Val Acc: 0.5278 | Val P/R/F1 (Macro): 0.4907/0.5463/0.4700 | LR: 0.000001
Epoch [67/100] | Loss: 2.9260 (Cls: 2.3370, Adv: 3.9268) | Train Acc: 0.7812 | Val Acc: 0.5000 | Val P/R/F1 (Macro): 0.4861/0.5278/0.4605 | LR: 0.000001
Epoch [68/100] | Loss: 2.6286 (Cls: 2.0689, Adv: 3.7310) | Train Acc: 0.8047 | Val Acc: 0.4722 | Val P/R/F1 (Macro): 0.4861/0.5000/0.4446 | LR: 0.000001
Epoch [69/100] | Loss: 2.7648 (Cls: 2.2084, Adv: 3.7089) | Train Acc: 0.8125 | Val Acc: 0.5278 | Val P/R/F1 (Macro): 0.6071/0.5556/0.5111 | LR: 0.000001
Epoch [70/100] | Loss: 2.4614 (Cls: 1.9129, Adv: 3.6570) | Train Acc: 0.8438 | Val Acc: 0.5278 | Val P/R/F1 (Macro): 0.6111/0.5556/0.5151 | LR: 0.000001
Epoch [71/100] | Loss: 2.6178 (Cls: 2.0506, Adv: 3.7816) | Train Acc: 0.8438 | Val Acc: 0.5278 | Val P/R/F1 (Macro): 0.6111/0.5556/0.5151 | LR: 0.000001
Epoch [72/100] | Loss: 2.4762 (Cls: 1.9214, Adv: 3.6989) | Train Acc: 0.8672 | Val Acc: 0.5278 | Val P/R/F1 (Macro): 0.6071/0.5556/0.5111 | LR: 0.000001
Epoch [73/100] | Loss: 2.6769 (Cls: 2.1338, Adv: 3.6204) | Train Acc: 0.8281 | Val Acc: 0.5278 | Val P/R/F1 (Macro): 0.6071/0.5556/0.5111 | LR: 0.000001
Epoch [74/100] | Loss: 2.8222 (Cls: 2.2684, Adv: 3.6917) | Train Acc: 0.7969 | Val Acc: 0.5556 | Val P/R/F1 (Macro): 0.6164/0.5926/0.5262 | LR: 0.000001
Epoch [75/100] | Loss: 2.4390 (Cls: 1.8828, Adv: 3.7080) | Train Acc: 0.8984 | Val Acc: 0.5278 | Val P/R/F1 (Macro): 0.6071/0.5556/0.5111 | LR: 0.000001
Epoch [76/100] | Loss: 2.6560 (Cls: 2.1071, Adv: 3.6593) | Train Acc: 0.8125 | Val Acc: 0.5000 | Val P/R/F1 (Macro): 0.4861/0.5278/0.4605 | LR: 0.000001
Epoch [77/100] | Loss: 2.6620 (Cls: 2.0952, Adv: 3.7791) | Train Acc: 0.8359 | Val Acc: 0.5000 | Val P/R/F1 (Macro): 0.4861/0.5278/0.4605 | LR: 0.000001
Epoch [78/100] | Loss: 2.5331 (Cls: 1.9307, Adv: 4.0158) | Train Acc: 0.8672 | Val Acc: 0.5278 | Val P/R/F1 (Macro): 0.6071/0.5556/0.5111 | LR: 0.000001
Epoch [79/100] | Loss: 2.7446 (Cls: 2.1520, Adv: 3.9502) | Train Acc: 0.8438 | Val Acc: 0.5278 | Val P/R/F1 (Macro): 0.6071/0.5556/0.5111 | LR: 0.000001
Epoch [80/100] | Loss: 2.6348 (Cls: 2.0316, Adv: 4.0210) | Train Acc: 0.8906 | Val Acc: 0.5278 | Val P/R/F1 (Macro): 0.6071/0.5556/0.5111 | LR: 0.000001
Epoch [81/100] | Loss: 2.8249 (Cls: 2.2293, Adv: 3.9706) | Train Acc: 0.8438 | Val Acc: 0.4722 | Val P/R/F1 (Macro): 0.5463/0.5093/0.4764 | LR: 0.000001
Epoch [82/100] | Loss: 2.4798 (Cls: 1.8960, Adv: 3.8924) | Train Acc: 0.8906 | Val Acc: 0.5000 | Val P/R/F1 (Macro): 0.5463/0.5370/0.4923 | LR: 0.000001
Epoch [83/100] | Loss: 2.6621 (Cls: 2.0880, Adv: 3.8273) | Train Acc: 0.8750 | Val Acc: 0.5000 | Val P/R/F1 (Macro): 0.5463/0.5370/0.4923 | LR: 0.000001
Epoch [84/100] | Loss: 2.7491 (Cls: 2.1461, Adv: 4.0204) | Train Acc: 0.8125 | Val Acc: 0.5556 | Val P/R/F1 (Macro): 0.6111/0.5694/0.5313 | LR: 0.000001
Epoch [85/100] | Loss: 2.5604 (Cls: 1.9829, Adv: 3.8504) | Train Acc: 0.8516 | Val Acc: 0.5556 | Val P/R/F1 (Macro): 0.6111/0.5694/0.5313 | LR: 0.000001
Epoch [86/100] | Loss: 2.7279 (Cls: 2.1145, Adv: 4.0896) | Train Acc: 0.8438 | Val Acc: 0.5556 | Val P/R/F1 (Macro): 0.6164/0.5926/0.5262 | LR: 0.000001
Epoch [87/100] | Loss: 2.6276 (Cls: 2.0360, Adv: 3.9439) | Train Acc: 0.8516 | Val Acc: 0.5278 | Val P/R/F1 (Macro): 0.6071/0.5556/0.5111 | LR: 0.000001
Epoch [88/100] | Loss: 2.5426 (Cls: 1.9658, Adv: 3.8454) | Train Acc: 0.8438 | Val Acc: 0.5278 | Val P/R/F1 (Macro): 0.6071/0.5556/0.5111 | LR: 0.000001
Epoch [89/100] | Loss: 2.7168 (Cls: 2.1302, Adv: 3.9106) | Train Acc: 0.7812 | Val Acc: 0.5556 | Val P/R/F1 (Macro): 0.6111/0.5694/0.5313 | LR: 0.000001
Epoch [90/100] | Loss: 2.8236 (Cls: 2.2200, Adv: 4.0239) | Train Acc: 0.7734 | Val Acc: 0.5278 | Val P/R/F1 (Macro): 0.5503/0.5509/0.5125 | LR: 0.000001
Epoch [91/100] | Loss: 2.5941 (Cls: 1.9999, Adv: 3.9609) | Train Acc: 0.8438 | Val Acc: 0.5278 | Val P/R/F1 (Macro): 0.6071/0.5556/0.5111 | LR: 0.000001
Epoch [92/100] | Loss: 2.8381 (Cls: 2.1961, Adv: 4.2800) | Train Acc: 0.8359 | Val Acc: 0.5556 | Val P/R/F1 (Macro): 0.6111/0.5694/0.5313 | LR: 0.000001
Epoch [93/100] | Loss: 2.6020 (Cls: 1.9780, Adv: 4.1602) | Train Acc: 0.8359 | Val Acc: 0.5278 | Val P/R/F1 (Macro): 0.6071/0.5556/0.5111 | LR: 0.000001
Epoch [94/100] | Loss: 2.7645 (Cls: 2.1529, Adv: 4.0776) | Train Acc: 0.7891 | Val Acc: 0.5278 | Val P/R/F1 (Macro): 0.4901/0.5417/0.4807 | LR: 0.000001
Epoch [95/100] | Loss: 2.8417 (Cls: 2.1940, Adv: 4.3180) | Train Acc: 0.7969 | Val Acc: 0.5000 | Val P/R/F1 (Macro): 0.4901/0.5139/0.4648 | LR: 0.000001
Epoch [96/100] | Loss: 2.8379 (Cls: 2.2256, Adv: 4.0818) | Train Acc: 0.7969 | Val Acc: 0.5556 | Val P/R/F1 (Macro): 0.6111/0.5694/0.5313 | LR: 0.000001
Epoch [97/100] | Loss: 2.5406 (Cls: 1.9201, Adv: 4.1363) | Train Acc: 0.8438 | Val Acc: 0.5556 | Val P/R/F1 (Macro): 0.6111/0.5694/0.5313 | LR: 0.000001
Epoch [98/100] | Loss: 2.5752 (Cls: 2.0210, Adv: 3.6951) | Train Acc: 0.8203 | Val Acc: 0.5556 | Val P/R/F1 (Macro): 0.6164/0.5694/0.5362 | LR: 0.000001
Epoch [99/100] | Loss: 2.7601 (Cls: 2.1412, Adv: 4.1260) | Train Acc: 0.8281 | Val Acc: 0.5556 | Val P/R/F1 (Macro): 0.6111/0.5694/0.5313 | LR: 0.000001
Epoch [100/100] | Loss: 2.6779 (Cls: 2.0532, Adv: 4.1645) | Train Acc: 0.8359 | Val Acc: 0.5556 | Val P/R/F1 (Macro): 0.6164/0.5694/0.5362 | LR: 0.000001

迭代 3 最佳指标:
  Accuracy: 0.6111
  Precision (Macro): 0.5602
  Recall (Macro): 0.6194
  F1 (Macro): 0.5381
  Precision (Micro): 0.6111
  Recall (Micro): 0.6111
  F1 (Micro): 0.6111
  Val class coverage: 9/14 (0.6429), samples=36

================================================================================
迭代 4/5
随机种子: 45
================================================================================
Training mode: unsupervised target adaptation (target labels ignored in training).
Epoch [1/100] | Loss: 6.1136 (Cls: 6.0522, Adv: 0.4096) | Train Acc: 0.0781 | Val Acc: 0.1389 | Val P/R/F1 (Macro): 0.0556/0.1074/0.0708 | LR: 0.000010
  >>> New Best Val Acc: 0.1389
Epoch [2/100] | Loss: 5.6841 (Cls: 5.6293, Adv: 0.3655) | Train Acc: 0.1484 | Val Acc: 0.1111 | Val P/R/F1 (Macro): 0.0811/0.0870/0.0791 | LR: 0.000010
Epoch [3/100] | Loss: 5.3621 (Cls: 5.3244, Adv: 0.2517) | Train Acc: 0.1875 | Val Acc: 0.1667 | Val P/R/F1 (Macro): 0.1889/0.1269/0.1147 | LR: 0.000010
  >>> New Best Val Acc: 0.1667
Epoch [4/100] | Loss: 4.9636 (Cls: 4.9218, Adv: 0.2786) | Train Acc: 0.2344 | Val Acc: 0.3889 | Val P/R/F1 (Macro): 0.3155/0.2935/0.2760 | LR: 0.000010
  >>> New Best Val Acc: 0.3889
Epoch [5/100] | Loss: 4.8815 (Cls: 4.8282, Adv: 0.3553) | Train Acc: 0.2969 | Val Acc: 0.3333 | Val P/R/F1 (Macro): 0.3034/0.2370/0.2194 | LR: 0.000010
Epoch [6/100] | Loss: 4.7696 (Cls: 4.7035, Adv: 0.4411) | Train Acc: 0.3516 | Val Acc: 0.3333 | Val P/R/F1 (Macro): 0.3737/0.2611/0.2766 | LR: 0.000010
Epoch [7/100] | Loss: 4.5766 (Cls: 4.4807, Adv: 0.6391) | Train Acc: 0.3672 | Val Acc: 0.3333 | Val P/R/F1 (Macro): 0.2667/0.2639/0.2540 | LR: 0.000010
Epoch [8/100] | Loss: 4.3682 (Cls: 4.2639, Adv: 0.6953) | Train Acc: 0.4219 | Val Acc: 0.2500 | Val P/R/F1 (Macro): 0.3241/0.1657/0.1944 | LR: 0.000010
Epoch [9/100] | Loss: 4.5357 (Cls: 4.3965, Adv: 0.9280) | Train Acc: 0.3516 | Val Acc: 0.3611 | Val P/R/F1 (Macro): 0.4963/0.2630/0.3192 | LR: 0.000010
Epoch [10/100] | Loss: 4.4026 (Cls: 4.2699, Adv: 0.8851) | Train Acc: 0.4141 | Val Acc: 0.4444 | Val P/R/F1 (Macro): 0.6614/0.4620/0.4828 | LR: 0.000010
  >>> New Best Val Acc: 0.4444
Epoch [11/100] | Loss: 4.0852 (Cls: 3.9348, Adv: 1.0023) | Train Acc: 0.4375 | Val Acc: 0.4722 | Val P/R/F1 (Macro): 0.6135/0.4694/0.4975 | LR: 0.000010
  >>> New Best Val Acc: 0.4722
Epoch [12/100] | Loss: 4.0071 (Cls: 3.8387, Adv: 1.1222) | Train Acc: 0.5156 | Val Acc: 0.4444 | Val P/R/F1 (Macro): 0.6451/0.4435/0.4701 | LR: 0.000010
Epoch [13/100] | Loss: 3.8471 (Cls: 3.6543, Adv: 1.2849) | Train Acc: 0.5938 | Val Acc: 0.5278 | Val P/R/F1 (Macro): 0.6389/0.5352/0.5593 | LR: 0.000010
  >>> New Best Val Acc: 0.5278
Epoch [14/100] | Loss: 3.8637 (Cls: 3.6663, Adv: 1.3160) | Train Acc: 0.4844 | Val Acc: 0.5556 | Val P/R/F1 (Macro): 0.5778/0.5630/0.5483 | LR: 0.000010
  >>> New Best Val Acc: 0.5556
Epoch [15/100] | Loss: 3.5324 (Cls: 3.3407, Adv: 1.2779) | Train Acc: 0.6094 | Val Acc: 0.5833 | Val P/R/F1 (Macro): 0.6111/0.5815/0.5653 | LR: 0.000010
  >>> New Best Val Acc: 0.5833
Epoch [16/100] | Loss: 3.5039 (Cls: 3.2851, Adv: 1.4585) | Train Acc: 0.5547 | Val Acc: 0.5278 | Val P/R/F1 (Macro): 0.6346/0.5176/0.5178 | LR: 0.000010
Epoch [17/100] | Loss: 3.7687 (Cls: 3.5067, Adv: 1.7472) | Train Acc: 0.5703 | Val Acc: 0.5000 | Val P/R/F1 (Macro): 0.5802/0.4935/0.5142 | LR: 0.000010
Epoch [18/100] | Loss: 3.6081 (Cls: 3.3501, Adv: 1.7200) | Train Acc: 0.5703 | Val Acc: 0.4444 | Val P/R/F1 (Macro): 0.5952/0.4519/0.4605 | LR: 0.000010
Epoch [19/100] | Loss: 3.4335 (Cls: 3.1512, Adv: 1.8819) | Train Acc: 0.6250 | Val Acc: 0.4444 | Val P/R/F1 (Macro): 0.6300/0.4667/0.4511 | LR: 0.000010
Epoch [20/100] | Loss: 3.4862 (Cls: 3.1965, Adv: 1.9309) | Train Acc: 0.5781 | Val Acc: 0.5278 | Val P/R/F1 (Macro): 0.5690/0.5315/0.5115 | LR: 0.000010
Epoch [21/100] | Loss: 3.3229 (Cls: 3.0270, Adv: 1.9730) | Train Acc: 0.7109 | Val Acc: 0.5000 | Val P/R/F1 (Macro): 0.6153/0.5037/0.5230 | LR: 0.000010
Epoch [22/100] | Loss: 3.2920 (Cls: 2.9787, Adv: 2.0883) | Train Acc: 0.6875 | Val Acc: 0.5278 | Val P/R/F1 (Macro): 0.6167/0.5454/0.5406 | LR: 0.000010
Epoch [23/100] | Loss: 3.5258 (Cls: 3.2055, Adv: 2.1350) | Train Acc: 0.5938 | Val Acc: 0.5278 | Val P/R/F1 (Macro): 0.6466/0.5546/0.5350 | LR: 0.000010
Epoch [24/100] | Loss: 3.1779 (Cls: 2.8661, Adv: 2.0788) | Train Acc: 0.7031 | Val Acc: 0.5000 | Val P/R/F1 (Macro): 0.6111/0.5176/0.5368 | LR: 0.000010
Epoch [25/100] | Loss: 3.1634 (Cls: 2.8506, Adv: 2.0856) | Train Acc: 0.7188 | Val Acc: 0.5556 | Val P/R/F1 (Macro): 0.6605/0.5676/0.5802 | LR: 0.000010
Epoch [26/100] | Loss: 2.8780 (Cls: 2.5371, Adv: 2.2726) | Train Acc: 0.7812 | Val Acc: 0.5556 | Val P/R/F1 (Macro): 0.6500/0.5824/0.5728 | LR: 0.000005
Epoch [27/100] | Loss: 3.0760 (Cls: 2.7219, Adv: 2.3602) | Train Acc: 0.6953 | Val Acc: 0.6111 | Val P/R/F1 (Macro): 0.6481/0.6185/0.6111 | LR: 0.000005
  >>> New Best Val Acc: 0.6111
Epoch [28/100] | Loss: 2.8145 (Cls: 2.4436, Adv: 2.4730) | Train Acc: 0.8203 | Val Acc: 0.6111 | Val P/R/F1 (Macro): 0.6310/0.6269/0.5982 | LR: 0.000005
Epoch [29/100] | Loss: 3.0446 (Cls: 2.6695, Adv: 2.5007) | Train Acc: 0.7266 | Val Acc: 0.5833 | Val P/R/F1 (Macro): 0.6034/0.6009/0.5604 | LR: 0.000005
Epoch [30/100] | Loss: 2.7515 (Cls: 2.4025, Adv: 2.3271) | Train Acc: 0.7812 | Val Acc: 0.5833 | Val P/R/F1 (Macro): 0.6149/0.6009/0.5543 | LR: 0.000005
Epoch [31/100] | Loss: 2.9779 (Cls: 2.6138, Adv: 2.4270) | Train Acc: 0.7656 | Val Acc: 0.5833 | Val P/R/F1 (Macro): 0.5895/0.6009/0.5688 | LR: 0.000005
Epoch [32/100] | Loss: 2.9049 (Cls: 2.5347, Adv: 2.4684) | Train Acc: 0.7500 | Val Acc: 0.5556 | Val P/R/F1 (Macro): 0.5611/0.5824/0.5459 | LR: 0.000005
Epoch [33/100] | Loss: 2.8918 (Cls: 2.5124, Adv: 2.5292) | Train Acc: 0.7734 | Val Acc: 0.5833 | Val P/R/F1 (Macro): 0.6753/0.6185/0.5940 | LR: 0.000005
Epoch [34/100] | Loss: 2.9204 (Cls: 2.5056, Adv: 2.7655) | Train Acc: 0.7422 | Val Acc: 0.5556 | Val P/R/F1 (Macro): 0.6012/0.5907/0.5543 | LR: 0.000005
Epoch [35/100] | Loss: 2.9321 (Cls: 2.5001, Adv: 2.8798) | Train Acc: 0.7812 | Val Acc: 0.5556 | Val P/R/F1 (Macro): 0.6012/0.5907/0.5543 | LR: 0.000005
Epoch [36/100] | Loss: 2.8593 (Cls: 2.4419, Adv: 2.7831) | Train Acc: 0.7812 | Val Acc: 0.5556 | Val P/R/F1 (Macro): 0.6346/0.5907/0.5759 | LR: 0.000005
Epoch [37/100] | Loss: 2.8038 (Cls: 2.3721, Adv: 2.8775) | Train Acc: 0.8203 | Val Acc: 0.5556 | Val P/R/F1 (Macro): 0.6531/0.5963/0.5839 | LR: 0.000005
Epoch [38/100] | Loss: 3.0383 (Cls: 2.6014, Adv: 2.9125) | Train Acc: 0.7266 | Val Acc: 0.5556 | Val P/R/F1 (Macro): 0.6716/0.5907/0.5839 | LR: 0.000003
Epoch [39/100] | Loss: 2.9377 (Cls: 2.5077, Adv: 2.8665) | Train Acc: 0.7344 | Val Acc: 0.5278 | Val P/R/F1 (Macro): 0.6383/0.5685/0.5358 | LR: 0.000003
Epoch [40/100] | Loss: 2.9035 (Cls: 2.4642, Adv: 2.9291) | Train Acc: 0.7734 | Val Acc: 0.5556 | Val P/R/F1 (Macro): 0.6303/0.5907/0.5549 | LR: 0.000003
Epoch [41/100] | Loss: 2.7671 (Cls: 2.3266, Adv: 2.9368) | Train Acc: 0.7969 | Val Acc: 0.5278 | Val P/R/F1 (Macro): 0.6012/0.5685/0.5318 | LR: 0.000003
Epoch [42/100] | Loss: 2.8111 (Cls: 2.3456, Adv: 3.1031) | Train Acc: 0.7422 | Val Acc: 0.5278 | Val P/R/F1 (Macro): 0.6235/0.5685/0.5441 | LR: 0.000003
Epoch [43/100] | Loss: 2.9931 (Cls: 2.5167, Adv: 3.1758) | Train Acc: 0.7422 | Val Acc: 0.5000 | Val P/R/F1 (Macro): 0.5963/0.5315/0.5175 | LR: 0.000003
Epoch [44/100] | Loss: 2.9306 (Cls: 2.4389, Adv: 3.2778) | Train Acc: 0.7734 | Val Acc: 0.5278 | Val P/R/F1 (Macro): 0.6024/0.5500/0.5273 | LR: 0.000003
Epoch [45/100] | Loss: 2.8456 (Cls: 2.3733, Adv: 3.1492) | Train Acc: 0.7734 | Val Acc: 0.5556 | Val P/R/F1 (Macro): 0.6716/0.5963/0.5851 | LR: 0.000003
Epoch [46/100] | Loss: 3.0774 (Cls: 2.5768, Adv: 3.3376) | Train Acc: 0.6875 | Val Acc: 0.5833 | Val P/R/F1 (Macro): 0.6815/0.5954/0.6038 | LR: 0.000003
Epoch [47/100] | Loss: 2.6928 (Cls: 2.2027, Adv: 3.2672) | Train Acc: 0.7969 | Val Acc: 0.5556 | Val P/R/F1 (Macro): 0.6074/0.5583/0.5633 | LR: 0.000003
Epoch [48/100] | Loss: 2.7502 (Cls: 2.2551, Adv: 3.3007) | Train Acc: 0.7188 | Val Acc: 0.5556 | Val P/R/F1 (Macro): 0.5963/0.5583/0.5583 | LR: 0.000003
Epoch [49/100] | Loss: 2.8260 (Cls: 2.3494, Adv: 3.1772) | Train Acc: 0.7969 | Val Acc: 0.5833 | Val P/R/F1 (Macro): 0.6376/0.5722/0.5939 | LR: 0.000001
Epoch [50/100] | Loss: 2.8176 (Cls: 2.3176, Adv: 3.3333) | Train Acc: 0.7578 | Val Acc: 0.5556 | Val P/R/F1 (Macro): 0.6296/0.5583/0.5756 | LR: 0.000001
Epoch [51/100] | Loss: 2.7794 (Cls: 2.2674, Adv: 3.4136) | Train Acc: 0.7891 | Val Acc: 0.5556 | Val P/R/F1 (Macro): 0.6481/0.5583/0.5818 | LR: 0.000001
Epoch [52/100] | Loss: 2.7534 (Cls: 2.2476, Adv: 3.3723) | Train Acc: 0.8516 | Val Acc: 0.5833 | Val P/R/F1 (Macro): 0.6778/0.6046/0.6043 | LR: 0.000001
Epoch [53/100] | Loss: 2.6516 (Cls: 2.1614, Adv: 3.2676) | Train Acc: 0.8203 | Val Acc: 0.5556 | Val P/R/F1 (Macro): 0.6667/0.5676/0.5844 | LR: 0.000001
Epoch [54/100] | Loss: 2.7108 (Cls: 2.1962, Adv: 3.4304) | Train Acc: 0.7891 | Val Acc: 0.5278 | Val P/R/F1 (Macro): 0.6111/0.5398/0.5544 | LR: 0.000001
Epoch [55/100] | Loss: 2.7648 (Cls: 2.2584, Adv: 3.3760) | Train Acc: 0.8047 | Val Acc: 0.5556 | Val P/R/F1 (Macro): 0.6190/0.5676/0.5752 | LR: 0.000001
Epoch [56/100] | Loss: 2.8853 (Cls: 2.4290, Adv: 3.0418) | Train Acc: 0.7422 | Val Acc: 0.5556 | Val P/R/F1 (Macro): 0.6111/0.5676/0.5703 | LR: 0.000001
Epoch [57/100] | Loss: 2.6172 (Cls: 2.1144, Adv: 3.3525) | Train Acc: 0.8438 | Val Acc: 0.5833 | Val P/R/F1 (Macro): 0.6716/0.6185/0.6077 | LR: 0.000001
Epoch [58/100] | Loss: 2.6329 (Cls: 2.0873, Adv: 3.6378) | Train Acc: 0.8203 | Val Acc: 0.5556 | Val P/R/F1 (Macro): 0.6346/0.5907/0.5759 | LR: 0.000001
Epoch [59/100] | Loss: 2.7055 (Cls: 2.1768, Adv: 3.5251) | Train Acc: 0.7812 | Val Acc: 0.5278 | Val P/R/F1 (Macro): 0.6185/0.5537/0.5524 | LR: 0.000001
Epoch [60/100] | Loss: 2.9589 (Cls: 2.4057, Adv: 3.6880) | Train Acc: 0.7734 | Val Acc: 0.5833 | Val P/R/F1 (Macro): 0.6407/0.6093/0.5861 | LR: 0.000001
Epoch [61/100] | Loss: 2.4861 (Cls: 1.9680, Adv: 3.4545) | Train Acc: 0.8438 | Val Acc: 0.5278 | Val P/R/F1 (Macro): 0.5963/0.5537/0.5400 | LR: 0.000001
Epoch [62/100] | Loss: 2.8696 (Cls: 2.3700, Adv: 3.3307) | Train Acc: 0.7500 | Val Acc: 0.5278 | Val P/R/F1 (Macro): 0.6185/0.5537/0.5524 | LR: 0.000001
Epoch [63/100] | Loss: 2.6718 (Cls: 2.1461, Adv: 3.5047) | Train Acc: 0.8516 | Val Acc: 0.5278 | Val P/R/F1 (Macro): 0.6185/0.5537/0.5524 | LR: 0.000001
Epoch [64/100] | Loss: 2.6529 (Cls: 2.1479, Adv: 3.3667) | Train Acc: 0.8125 | Val Acc: 0.5556 | Val P/R/F1 (Macro): 0.6346/0.5907/0.5759 | LR: 0.000001
Epoch [65/100] | Loss: 2.5745 (Cls: 2.0461, Adv: 3.5231) | Train Acc: 0.8438 | Val Acc: 0.5556 | Val P/R/F1 (Macro): 0.6346/0.5907/0.5759 | LR: 0.000001
Epoch [66/100] | Loss: 2.6871 (Cls: 2.1781, Adv: 3.3938) | Train Acc: 0.7969 | Val Acc: 0.5833 | Val P/R/F1 (Macro): 0.6494/0.6185/0.5953 | LR: 0.000001
Epoch [67/100] | Loss: 2.7183 (Cls: 2.2057, Adv: 3.4174) | Train Acc: 0.8203 | Val Acc: 0.5556 | Val P/R/F1 (Macro): 0.6494/0.5907/0.5715 | LR: 0.000001
Epoch [68/100] | Loss: 2.5493 (Cls: 2.0504, Adv: 3.3263) | Train Acc: 0.8516 | Val Acc: 0.5556 | Val P/R/F1 (Macro): 0.6494/0.5907/0.5715 | LR: 0.000001
Epoch [69/100] | Loss: 2.7129 (Cls: 2.1877, Adv: 3.5014) | Train Acc: 0.7812 | Val Acc: 0.5833 | Val P/R/F1 (Macro): 0.6383/0.6185/0.5861 | LR: 0.000001
Epoch [70/100] | Loss: 2.8706 (Cls: 2.3544, Adv: 3.4414) | Train Acc: 0.7656 | Val Acc: 0.5833 | Val P/R/F1 (Macro): 0.6383/0.6185/0.5861 | LR: 0.000001
Epoch [71/100] | Loss: 2.5594 (Cls: 2.0353, Adv: 3.4943) | Train Acc: 0.8203 | Val Acc: 0.5278 | Val P/R/F1 (Macro): 0.5852/0.5537/0.5321 | LR: 0.000001
Epoch [72/100] | Loss: 2.8261 (Cls: 2.3120, Adv: 3.4277) | Train Acc: 0.7812 | Val Acc: 0.5556 | Val P/R/F1 (Macro): 0.6012/0.5907/0.5543 | LR: 0.000001
Epoch [73/100] | Loss: 2.6228 (Cls: 2.0921, Adv: 3.5377) | Train Acc: 0.8359 | Val Acc: 0.5556 | Val P/R/F1 (Macro): 0.6012/0.5907/0.5543 | LR: 0.000001
Epoch [74/100] | Loss: 2.5996 (Cls: 2.0723, Adv: 3.5156) | Train Acc: 0.8750 | Val Acc: 0.5556 | Val P/R/F1 (Macro): 0.6012/0.5907/0.5543 | LR: 0.000001
Epoch [75/100] | Loss: 2.8085 (Cls: 2.2604, Adv: 3.6536) | Train Acc: 0.7969 | Val Acc: 0.5278 | Val P/R/F1 (Macro): 0.5901/0.5537/0.5358 | LR: 0.000001
Epoch [76/100] | Loss: 2.6339 (Cls: 2.1155, Adv: 3.4557) | Train Acc: 0.8281 | Val Acc: 0.5556 | Val P/R/F1 (Macro): 0.6012/0.5907/0.5543 | LR: 0.000001
Epoch [77/100] | Loss: 2.6977 (Cls: 2.1801, Adv: 3.4505) | Train Acc: 0.8281 | Val Acc: 0.5556 | Val P/R/F1 (Macro): 0.6012/0.5907/0.5543 | LR: 0.000001
Epoch [78/100] | Loss: 2.6921 (Cls: 2.1517, Adv: 3.6025) | Train Acc: 0.8438 | Val Acc: 0.5833 | Val P/R/F1 (Macro): 0.6383/0.6185/0.5861 | LR: 0.000001
Epoch [79/100] | Loss: 2.6774 (Cls: 2.1470, Adv: 3.5359) | Train Acc: 0.7891 | Val Acc: 0.5556 | Val P/R/F1 (Macro): 0.6012/0.5907/0.5543 | LR: 0.000001
Epoch [80/100] | Loss: 2.6230 (Cls: 2.0784, Adv: 3.6311) | Train Acc: 0.8359 | Val Acc: 0.5556 | Val P/R/F1 (Macro): 0.6346/0.5907/0.5759 | LR: 0.000001
Epoch [81/100] | Loss: 2.8357 (Cls: 2.2735, Adv: 3.7480) | Train Acc: 0.7969 | Val Acc: 0.5556 | Val P/R/F1 (Macro): 0.6346/0.5907/0.5759 | LR: 0.000001
Epoch [82/100] | Loss: 2.6914 (Cls: 2.1374, Adv: 3.6930) | Train Acc: 0.8281 | Val Acc: 0.5556 | Val P/R/F1 (Macro): 0.6123/0.5907/0.5636 | LR: 0.000001
Epoch [83/100] | Loss: 2.5988 (Cls: 2.0702, Adv: 3.5242) | Train Acc: 0.8516 | Val Acc: 0.5556 | Val P/R/F1 (Macro): 0.6123/0.5907/0.5636 | LR: 0.000001
Epoch [84/100] | Loss: 2.7346 (Cls: 2.1923, Adv: 3.6150) | Train Acc: 0.8281 | Val Acc: 0.5833 | Val P/R/F1 (Macro): 0.6383/0.6185/0.5861 | LR: 0.000001
Epoch [85/100] | Loss: 2.7606 (Cls: 2.1988, Adv: 3.7454) | Train Acc: 0.7969 | Val Acc: 0.5556 | Val P/R/F1 (Macro): 0.6012/0.5907/0.5543 | LR: 0.000001
Epoch [86/100] | Loss: 2.5132 (Cls: 1.9623, Adv: 3.6722) | Train Acc: 0.8750 | Val Acc: 0.5556 | Val P/R/F1 (Macro): 0.6012/0.5907/0.5543 | LR: 0.000001
Epoch [87/100] | Loss: 2.8178 (Cls: 2.2333, Adv: 3.8969) | Train Acc: 0.7656 | Val Acc: 0.5556 | Val P/R/F1 (Macro): 0.6346/0.5907/0.5759 | LR: 0.000001
Epoch [88/100] | Loss: 2.8750 (Cls: 2.3047, Adv: 3.8018) | Train Acc: 0.7656 | Val Acc: 0.5556 | Val P/R/F1 (Macro): 0.6235/0.5907/0.5667 | LR: 0.000001
Epoch [89/100] | Loss: 2.9358 (Cls: 2.3899, Adv: 3.6390) | Train Acc: 0.7422 | Val Acc: 0.5556 | Val P/R/F1 (Macro): 0.6235/0.5907/0.5667 | LR: 0.000001
Epoch [90/100] | Loss: 2.8223 (Cls: 2.2835, Adv: 3.5923) | Train Acc: 0.7891 | Val Acc: 0.5556 | Val P/R/F1 (Macro): 0.6235/0.5907/0.5667 | LR: 0.000001
Epoch [91/100] | Loss: 2.7986 (Cls: 2.2671, Adv: 3.5432) | Train Acc: 0.7891 | Val Acc: 0.5556 | Val P/R/F1 (Macro): 0.6235/0.5907/0.5667 | LR: 0.000001
Epoch [92/100] | Loss: 2.5959 (Cls: 2.0403, Adv: 3.7043) | Train Acc: 0.8281 | Val Acc: 0.5556 | Val P/R/F1 (Macro): 0.6444/0.5815/0.5762 | LR: 0.000001
Epoch [93/100] | Loss: 2.8600 (Cls: 2.3028, Adv: 3.7148) | Train Acc: 0.7500 | Val Acc: 0.5278 | Val P/R/F1 (Macro): 0.6074/0.5537/0.5444 | LR: 0.000001
Epoch [94/100] | Loss: 2.6514 (Cls: 2.0872, Adv: 3.7613) | Train Acc: 0.8203 | Val Acc: 0.5556 | Val P/R/F1 (Macro): 0.6346/0.5907/0.5759 | LR: 0.000001
Epoch [95/100] | Loss: 2.7242 (Cls: 2.1615, Adv: 3.7510) | Train Acc: 0.7969 | Val Acc: 0.5556 | Val P/R/F1 (Macro): 0.6556/0.5815/0.5841 | LR: 0.000001
Epoch [96/100] | Loss: 2.5543 (Cls: 2.0019, Adv: 3.6824) | Train Acc: 0.8359 | Val Acc: 0.5278 | Val P/R/F1 (Macro): 0.6049/0.5537/0.5499 | LR: 0.000001
Epoch [97/100] | Loss: 2.6897 (Cls: 2.1251, Adv: 3.7643) | Train Acc: 0.8203 | Val Acc: 0.5556 | Val P/R/F1 (Macro): 0.6556/0.5815/0.5841 | LR: 0.000001
Epoch [98/100] | Loss: 2.8744 (Cls: 2.3064, Adv: 3.7864) | Train Acc: 0.7812 | Val Acc: 0.5556 | Val P/R/F1 (Macro): 0.6346/0.5907/0.5759 | LR: 0.000001
Epoch [99/100] | Loss: 2.8962 (Cls: 2.3081, Adv: 3.9205) | Train Acc: 0.8047 | Val Acc: 0.5556 | Val P/R/F1 (Macro): 0.6346/0.5907/0.5759 | LR: 0.000001
Epoch [100/100] | Loss: 2.8260 (Cls: 2.2609, Adv: 3.7677) | Train Acc: 0.7500 | Val Acc: 0.5556 | Val P/R/F1 (Macro): 0.6346/0.5907/0.5759 | LR: 0.000001

迭代 4 最佳指标:
  Accuracy: 0.6111
  Precision (Macro): 0.6481
  Recall (Macro): 0.6185
  F1 (Macro): 0.6111
  Precision (Micro): 0.6111
  Recall (Micro): 0.6111
  F1 (Micro): 0.6111
  Val class coverage: 9/14 (0.6429), samples=36

================================================================================
迭代 5/5
随机种子: 46
================================================================================
Training mode: unsupervised target adaptation (target labels ignored in training).
Epoch [1/100] | Loss: 6.1640 (Cls: 6.1117, Adv: 0.3487) | Train Acc: 0.0859 | Val Acc: 0.0833 | Val P/R/F1 (Macro): 0.1852/0.0556/0.0848 | LR: 0.000010
  >>> New Best Val Acc: 0.0833
Epoch [2/100] | Loss: 5.5407 (Cls: 5.5037, Adv: 0.2468) | Train Acc: 0.1406 | Val Acc: 0.0556 | Val P/R/F1 (Macro): 0.1111/0.0278/0.0444 | LR: 0.000010
Epoch [3/100] | Loss: 5.3412 (Cls: 5.3061, Adv: 0.2340) | Train Acc: 0.1797 | Val Acc: 0.3611 | Val P/R/F1 (Macro): 0.2505/0.3037/0.2505 | LR: 0.000010
  >>> New Best Val Acc: 0.3611
Epoch [4/100] | Loss: 5.2240 (Cls: 5.1822, Adv: 0.2787) | Train Acc: 0.1875 | Val Acc: 0.3889 | Val P/R/F1 (Macro): 0.5118/0.3426/0.3345 | LR: 0.000010
  >>> New Best Val Acc: 0.3889
Epoch [5/100] | Loss: 4.8151 (Cls: 4.7595, Adv: 0.3706) | Train Acc: 0.3047 | Val Acc: 0.2500 | Val P/R/F1 (Macro): 0.2469/0.1944/0.1589 | LR: 0.000010
Epoch [6/100] | Loss: 4.6873 (Cls: 4.6420, Adv: 0.3023) | Train Acc: 0.2969 | Val Acc: 0.2500 | Val P/R/F1 (Macro): 0.2160/0.1574/0.1704 | LR: 0.000010
Epoch [7/100] | Loss: 4.6915 (Cls: 4.6215, Adv: 0.4668) | Train Acc: 0.3438 | Val Acc: 0.5833 | Val P/R/F1 (Macro): 0.3792/0.4537/0.3956 | LR: 0.000010
  >>> New Best Val Acc: 0.5833
Epoch [8/100] | Loss: 4.5466 (Cls: 4.4518, Adv: 0.6320) | Train Acc: 0.3516 | Val Acc: 0.6667 | Val P/R/F1 (Macro): 0.5550/0.5546/0.5406 | LR: 0.000010
  >>> New Best Val Acc: 0.6667
Epoch [9/100] | Loss: 4.3149 (Cls: 4.2170, Adv: 0.6526) | Train Acc: 0.4141 | Val Acc: 0.4167 | Val P/R/F1 (Macro): 0.4404/0.3509/0.3462 | LR: 0.000010
Epoch [10/100] | Loss: 4.4524 (Cls: 4.3264, Adv: 0.8402) | Train Acc: 0.3828 | Val Acc: 0.3889 | Val P/R/F1 (Macro): 0.2841/0.2815/0.2630 | LR: 0.000010
Epoch [11/100] | Loss: 4.3250 (Cls: 4.1706, Adv: 1.0291) | Train Acc: 0.4062 | Val Acc: 0.4167 | Val P/R/F1 (Macro): 0.4074/0.3093/0.3160 | LR: 0.000010
Epoch [12/100] | Loss: 4.2045 (Cls: 4.0135, Adv: 1.2736) | Train Acc: 0.4609 | Val Acc: 0.5556 | Val P/R/F1 (Macro): 0.4370/0.4444/0.4177 | LR: 0.000010
Epoch [13/100] | Loss: 3.7314 (Cls: 3.5148, Adv: 1.4438) | Train Acc: 0.5547 | Val Acc: 0.5833 | Val P/R/F1 (Macro): 0.6667/0.5593/0.5714 | LR: 0.000010
Epoch [14/100] | Loss: 3.9329 (Cls: 3.6834, Adv: 1.6629) | Train Acc: 0.4922 | Val Acc: 0.5278 | Val P/R/F1 (Macro): 0.5783/0.5037/0.5138 | LR: 0.000010
Epoch [15/100] | Loss: 3.9220 (Cls: 3.6288, Adv: 1.9548) | Train Acc: 0.5625 | Val Acc: 0.4722 | Val P/R/F1 (Macro): 0.5648/0.4759/0.4717 | LR: 0.000010
Epoch [16/100] | Loss: 3.6425 (Cls: 3.3380, Adv: 2.0297) | Train Acc: 0.6250 | Val Acc: 0.5278 | Val P/R/F1 (Macro): 0.5833/0.4898/0.4975 | LR: 0.000010
Epoch [17/100] | Loss: 3.7806 (Cls: 3.4374, Adv: 2.2879) | Train Acc: 0.5781 | Val Acc: 0.5278 | Val P/R/F1 (Macro): 0.6667/0.5176/0.5401 | LR: 0.000010
Epoch [18/100] | Loss: 3.3900 (Cls: 3.0212, Adv: 2.4590) | Train Acc: 0.7344 | Val Acc: 0.4722 | Val P/R/F1 (Macro): 0.5767/0.4713/0.4812 | LR: 0.000010
Epoch [19/100] | Loss: 3.5981 (Cls: 3.2359, Adv: 2.4146) | Train Acc: 0.6406 | Val Acc: 0.5556 | Val P/R/F1 (Macro): 0.6944/0.5407/0.5644 | LR: 0.000005
Epoch [20/100] | Loss: 3.0041 (Cls: 2.6579, Adv: 2.3079) | Train Acc: 0.7266 | Val Acc: 0.4722 | Val P/R/F1 (Macro): 0.5450/0.4574/0.4877 | LR: 0.000005
Epoch [21/100] | Loss: 3.3851 (Cls: 3.0418, Adv: 2.2889) | Train Acc: 0.7109 | Val Acc: 0.5000 | Val P/R/F1 (Macro): 0.5556/0.4759/0.4927 | LR: 0.000005
Epoch [22/100] | Loss: 3.6828 (Cls: 3.2749, Adv: 2.7192) | Train Acc: 0.6328 | Val Acc: 0.5278 | Val P/R/F1 (Macro): 0.6481/0.5361/0.5315 | LR: 0.000005
Epoch [23/100] | Loss: 3.1325 (Cls: 2.7198, Adv: 2.7511) | Train Acc: 0.6484 | Val Acc: 0.5278 | Val P/R/F1 (Macro): 0.6427/0.5361/0.5291 | LR: 0.000005
Epoch [24/100] | Loss: 3.2437 (Cls: 2.8796, Adv: 2.4274) | Train Acc: 0.6406 | Val Acc: 0.5556 | Val P/R/F1 (Macro): 0.5949/0.5500/0.5442 | LR: 0.000005
Epoch [25/100] | Loss: 3.0669 (Cls: 2.6777, Adv: 2.5946) | Train Acc: 0.7500 | Val Acc: 0.5278 | Val P/R/F1 (Macro): 0.5833/0.5130/0.5245 | LR: 0.000005
Epoch [26/100] | Loss: 3.3826 (Cls: 2.9938, Adv: 2.5916) | Train Acc: 0.7031 | Val Acc: 0.5556 | Val P/R/F1 (Macro): 0.6000/0.5500/0.5483 | LR: 0.000005
Epoch [27/100] | Loss: 3.2850 (Cls: 2.8202, Adv: 3.0982) | Train Acc: 0.6875 | Val Acc: 0.5833 | Val P/R/F1 (Macro): 0.6111/0.5870/0.5668 | LR: 0.000005
Epoch [28/100] | Loss: 3.0612 (Cls: 2.6095, Adv: 3.0119) | Train Acc: 0.7500 | Val Acc: 0.5000 | Val P/R/F1 (Macro): 0.4949/0.4907/0.4767 | LR: 0.000005
Epoch [29/100] | Loss: 3.1689 (Cls: 2.6908, Adv: 3.1873) | Train Acc: 0.7031 | Val Acc: 0.5000 | Val P/R/F1 (Macro): 0.5463/0.4991/0.4914 | LR: 0.000005
Epoch [30/100] | Loss: 3.2653 (Cls: 2.7746, Adv: 3.2718) | Train Acc: 0.6719 | Val Acc: 0.5000 | Val P/R/F1 (Macro): 0.5463/0.4991/0.4914 | LR: 0.000003
Epoch [31/100] | Loss: 2.9749 (Cls: 2.5195, Adv: 3.0358) | Train Acc: 0.7344 | Val Acc: 0.5278 | Val P/R/F1 (Macro): 0.5630/0.5361/0.5152 | LR: 0.000003
Epoch [32/100] | Loss: 2.9414 (Cls: 2.4786, Adv: 3.0855) | Train Acc: 0.7500 | Val Acc: 0.5000 | Val P/R/F1 (Macro): 0.5598/0.4991/0.5029 | LR: 0.000003
Epoch [33/100] | Loss: 3.2460 (Cls: 2.7628, Adv: 3.2212) | Train Acc: 0.6797 | Val Acc: 0.5000 | Val P/R/F1 (Macro): 0.5705/0.4991/0.5000 | LR: 0.000003
Epoch [34/100] | Loss: 2.9695 (Cls: 2.5299, Adv: 2.9306) | Train Acc: 0.7188 | Val Acc: 0.5000 | Val P/R/F1 (Macro): 0.5741/0.4991/0.5033 | LR: 0.000003
Epoch [35/100] | Loss: 3.1891 (Cls: 2.6738, Adv: 3.4356) | Train Acc: 0.6953 | Val Acc: 0.5278 | Val P/R/F1 (Macro): 0.5833/0.5130/0.5245 | LR: 0.000003
Epoch [36/100] | Loss: 3.3537 (Cls: 2.8337, Adv: 3.4668) | Train Acc: 0.6562 | Val Acc: 0.5556 | Val P/R/F1 (Macro): 0.6000/0.5500/0.5483 | LR: 0.000003
Epoch [37/100] | Loss: 3.0040 (Cls: 2.4857, Adv: 3.4548) | Train Acc: 0.7266 | Val Acc: 0.5000 | Val P/R/F1 (Macro): 0.5562/0.4991/0.4998 | LR: 0.000003
Epoch [38/100] | Loss: 2.9596 (Cls: 2.4316, Adv: 3.5201) | Train Acc: 0.7344 | Val Acc: 0.5000 | Val P/R/F1 (Macro): 0.6148/0.5083/0.5328 | LR: 0.000003
Epoch [39/100] | Loss: 2.8956 (Cls: 2.3718, Adv: 3.4920) | Train Acc: 0.7188 | Val Acc: 0.5556 | Val P/R/F1 (Macro): 0.6358/0.5639/0.5663 | LR: 0.000003
Epoch [40/100] | Loss: 3.0450 (Cls: 2.5182, Adv: 3.5123) | Train Acc: 0.7656 | Val Acc: 0.5556 | Val P/R/F1 (Macro): 0.6265/0.5407/0.5622 | LR: 0.000003
Epoch [41/100] | Loss: 3.0136 (Cls: 2.4916, Adv: 3.4795) | Train Acc: 0.7266 | Val Acc: 0.5000 | Val P/R/F1 (Macro): 0.5741/0.4991/0.5033 | LR: 0.000001
Epoch [42/100] | Loss: 3.2600 (Cls: 2.7038, Adv: 3.7077) | Train Acc: 0.6641 | Val Acc: 0.5278 | Val P/R/F1 (Macro): 0.6338/0.5269/0.5440 | LR: 0.000001
Epoch [43/100] | Loss: 2.9856 (Cls: 2.4660, Adv: 3.4641) | Train Acc: 0.7891 | Val Acc: 0.5000 | Val P/R/F1 (Macro): 0.6261/0.5130/0.5209 | LR: 0.000001
Epoch [44/100] | Loss: 2.9763 (Cls: 2.4524, Adv: 3.4928) | Train Acc: 0.7500 | Val Acc: 0.5278 | Val P/R/F1 (Macro): 0.6204/0.5269/0.5441 | LR: 0.000001
Epoch [45/100] | Loss: 2.8674 (Cls: 2.3338, Adv: 3.5570) | Train Acc: 0.8203 | Val Acc: 0.5000 | Val P/R/F1 (Macro): 0.5598/0.4991/0.5029 | LR: 0.000001
Epoch [46/100] | Loss: 3.0213 (Cls: 2.4752, Adv: 3.6409) | Train Acc: 0.7812 | Val Acc: 0.5278 | Val P/R/F1 (Macro): 0.5598/0.5130/0.5164 | LR: 0.000001
Epoch [47/100] | Loss: 3.0205 (Cls: 2.4757, Adv: 3.6316) | Train Acc: 0.7734 | Val Acc: 0.5278 | Val P/R/F1 (Macro): 0.5598/0.5130/0.5164 | LR: 0.000001
Epoch [48/100] | Loss: 2.9784 (Cls: 2.4556, Adv: 3.4853) | Train Acc: 0.7891 | Val Acc: 0.5556 | Val P/R/F1 (Macro): 0.5907/0.5500/0.5406 | LR: 0.000001
Epoch [49/100] | Loss: 3.1542 (Cls: 2.6134, Adv: 3.6053) | Train Acc: 0.6953 | Val Acc: 0.5556 | Val P/R/F1 (Macro): 0.5949/0.5500/0.5442 | LR: 0.000001
Epoch [50/100] | Loss: 3.0317 (Cls: 2.4700, Adv: 3.7446) | Train Acc: 0.7344 | Val Acc: 0.5556 | Val P/R/F1 (Macro): 0.6000/0.5500/0.5483 | LR: 0.000001
Epoch [51/100] | Loss: 2.8946 (Cls: 2.3399, Adv: 3.6984) | Train Acc: 0.7500 | Val Acc: 0.5556 | Val P/R/F1 (Macro): 0.5722/0.5500/0.5364 | LR: 0.000001
Epoch [52/100] | Loss: 3.0029 (Cls: 2.4475, Adv: 3.7028) | Train Acc: 0.7266 | Val Acc: 0.5278 | Val P/R/F1 (Macro): 0.5617/0.5130/0.5172 | LR: 0.000001
Epoch [53/100] | Loss: 2.8758 (Cls: 2.2960, Adv: 3.8650) | Train Acc: 0.7812 | Val Acc: 0.5278 | Val P/R/F1 (Macro): 0.5556/0.5130/0.5126 | LR: 0.000001
Epoch [54/100] | Loss: 2.7222 (Cls: 2.2068, Adv: 3.4358) | Train Acc: 0.8359 | Val Acc: 0.5278 | Val P/R/F1 (Macro): 0.5556/0.5130/0.5126 | LR: 0.000001
Epoch [55/100] | Loss: 3.1018 (Cls: 2.5761, Adv: 3.5047) | Train Acc: 0.6953 | Val Acc: 0.5278 | Val P/R/F1 (Macro): 0.6389/0.5130/0.5298 | LR: 0.000001
Epoch [56/100] | Loss: 2.7672 (Cls: 2.2266, Adv: 3.6039) | Train Acc: 0.7969 | Val Acc: 0.5278 | Val P/R/F1 (Macro): 0.5617/0.5130/0.5172 | LR: 0.000001
Epoch [57/100] | Loss: 3.0328 (Cls: 2.4749, Adv: 3.7191) | Train Acc: 0.7344 | Val Acc: 0.5278 | Val P/R/F1 (Macro): 0.5895/0.5130/0.5291 | LR: 0.000001
Epoch [58/100] | Loss: 2.7701 (Cls: 2.1853, Adv: 3.8991) | Train Acc: 0.8594 | Val Acc: 0.5278 | Val P/R/F1 (Macro): 0.5556/0.5130/0.5126 | LR: 0.000001
Epoch [59/100] | Loss: 2.9151 (Cls: 2.3051, Adv: 4.0670) | Train Acc: 0.8125 | Val Acc: 0.5278 | Val P/R/F1 (Macro): 0.5617/0.5130/0.5172 | LR: 0.000001
Epoch [60/100] | Loss: 2.9553 (Cls: 2.3670, Adv: 3.9224) | Train Acc: 0.7891 | Val Acc: 0.5278 | Val P/R/F1 (Macro): 0.5370/0.5130/0.5086 | LR: 0.000001
Epoch [61/100] | Loss: 2.9527 (Cls: 2.3821, Adv: 3.8038) | Train Acc: 0.7656 | Val Acc: 0.5278 | Val P/R/F1 (Macro): 0.5648/0.5130/0.5205 | LR: 0.000001
Epoch [62/100] | Loss: 2.8431 (Cls: 2.2614, Adv: 3.8782) | Train Acc: 0.7812 | Val Acc: 0.5278 | Val P/R/F1 (Macro): 0.5370/0.5130/0.5086 | LR: 0.000001
Epoch [63/100] | Loss: 2.9063 (Cls: 2.3662, Adv: 3.6009) | Train Acc: 0.8047 | Val Acc: 0.5278 | Val P/R/F1 (Macro): 0.5648/0.5130/0.5205 | LR: 0.000001
Epoch [64/100] | Loss: 2.9075 (Cls: 2.3277, Adv: 3.8655) | Train Acc: 0.7656 | Val Acc: 0.5278 | Val P/R/F1 (Macro): 0.5648/0.5130/0.5205 | LR: 0.000001
Epoch [65/100] | Loss: 3.0353 (Cls: 2.4263, Adv: 4.0596) | Train Acc: 0.7891 | Val Acc: 0.5278 | Val P/R/F1 (Macro): 0.5648/0.5130/0.5205 | LR: 0.000001
Epoch [66/100] | Loss: 2.9233 (Cls: 2.2913, Adv: 4.2131) | Train Acc: 0.8203 | Val Acc: 0.5278 | Val P/R/F1 (Macro): 0.5370/0.5130/0.5086 | LR: 0.000001
Epoch [67/100] | Loss: 2.7751 (Cls: 2.1912, Adv: 3.8930) | Train Acc: 0.7656 | Val Acc: 0.5278 | Val P/R/F1 (Macro): 0.5370/0.5130/0.5086 | LR: 0.000001
Epoch [68/100] | Loss: 2.8091 (Cls: 2.1991, Adv: 4.0661) | Train Acc: 0.8047 | Val Acc: 0.5278 | Val P/R/F1 (Macro): 0.5320/0.5130/0.5045 | LR: 0.000001
Epoch [69/100] | Loss: 2.8678 (Cls: 2.2981, Adv: 3.7984) | Train Acc: 0.7656 | Val Acc: 0.5278 | Val P/R/F1 (Macro): 0.5370/0.5130/0.5086 | LR: 0.000001
Epoch [70/100] | Loss: 2.7755 (Cls: 2.2118, Adv: 3.7582) | Train Acc: 0.8125 | Val Acc: 0.5278 | Val P/R/F1 (Macro): 0.5648/0.5130/0.5205 | LR: 0.000001
Epoch [71/100] | Loss: 2.9130 (Cls: 2.3420, Adv: 3.8066) | Train Acc: 0.7656 | Val Acc: 0.5278 | Val P/R/F1 (Macro): 0.5370/0.5130/0.5086 | LR: 0.000001
Epoch [72/100] | Loss: 2.6715 (Cls: 2.0673, Adv: 4.0274) | Train Acc: 0.8594 | Val Acc: 0.5278 | Val P/R/F1 (Macro): 0.5370/0.5130/0.5086 | LR: 0.000001
Epoch [73/100] | Loss: 3.0723 (Cls: 2.4550, Adv: 4.1150) | Train Acc: 0.7188 | Val Acc: 0.5278 | Val P/R/F1 (Macro): 0.5598/0.5361/0.5126 | LR: 0.000001
Epoch [74/100] | Loss: 3.0124 (Cls: 2.3837, Adv: 4.1912) | Train Acc: 0.7891 | Val Acc: 0.5278 | Val P/R/F1 (Macro): 0.5370/0.5130/0.5086 | LR: 0.000001
Epoch [75/100] | Loss: 3.0134 (Cls: 2.3897, Adv: 4.1578) | Train Acc: 0.7500 | Val Acc: 0.5278 | Val P/R/F1 (Macro): 0.5370/0.5130/0.5086 | LR: 0.000001
Epoch [76/100] | Loss: 3.1480 (Cls: 2.5645, Adv: 3.8896) | Train Acc: 0.7344 | Val Acc: 0.5278 | Val P/R/F1 (Macro): 0.5370/0.5130/0.5086 | LR: 0.000001
Epoch [77/100] | Loss: 2.8604 (Cls: 2.2578, Adv: 4.0173) | Train Acc: 0.8047 | Val Acc: 0.5278 | Val P/R/F1 (Macro): 0.5370/0.5130/0.5086 | LR: 0.000001
Epoch [78/100] | Loss: 3.1050 (Cls: 2.4791, Adv: 4.1725) | Train Acc: 0.8047 | Val Acc: 0.5278 | Val P/R/F1 (Macro): 0.5370/0.5130/0.5086 | LR: 0.000001
Epoch [79/100] | Loss: 3.0331 (Cls: 2.4179, Adv: 4.1014) | Train Acc: 0.7109 | Val Acc: 0.5278 | Val P/R/F1 (Macro): 0.5370/0.5130/0.5086 | LR: 0.000001
Epoch [80/100] | Loss: 3.0247 (Cls: 2.3882, Adv: 4.2435) | Train Acc: 0.7422 | Val Acc: 0.5278 | Val P/R/F1 (Macro): 0.5370/0.5130/0.5086 | LR: 0.000001
Epoch [81/100] | Loss: 2.9985 (Cls: 2.3476, Adv: 4.3394) | Train Acc: 0.8047 | Val Acc: 0.5278 | Val P/R/F1 (Macro): 0.5648/0.5130/0.5205 | LR: 0.000001
Epoch [82/100] | Loss: 2.9584 (Cls: 2.3260, Adv: 4.2155) | Train Acc: 0.7812 | Val Acc: 0.5278 | Val P/R/F1 (Macro): 0.5370/0.5130/0.5086 | LR: 0.000001
Epoch [83/100] | Loss: 3.0204 (Cls: 2.4046, Adv: 4.1054) | Train Acc: 0.8047 | Val Acc: 0.5278 | Val P/R/F1 (Macro): 0.5432/0.5130/0.5132 | LR: 0.000001
Epoch [84/100] | Loss: 3.0887 (Cls: 2.4508, Adv: 4.2529) | Train Acc: 0.7422 | Val Acc: 0.5278 | Val P/R/F1 (Macro): 0.5370/0.5130/0.5086 | LR: 0.000001
Epoch [85/100] | Loss: 2.9086 (Cls: 2.2578, Adv: 4.3389) | Train Acc: 0.7969 | Val Acc: 0.5278 | Val P/R/F1 (Macro): 0.5370/0.5130/0.5086 | LR: 0.000001
Epoch [86/100] | Loss: 2.9267 (Cls: 2.2749, Adv: 4.3450) | Train Acc: 0.7500 | Val Acc: 0.5556 | Val P/R/F1 (Macro): 0.5672/0.5500/0.5323 | LR: 0.000001
Epoch [87/100] | Loss: 3.1298 (Cls: 2.5062, Adv: 4.1573) | Train Acc: 0.7266 | Val Acc: 0.5278 | Val P/R/F1 (Macro): 0.5370/0.5130/0.5086 | LR: 0.000001
Epoch [88/100] | Loss: 3.0147 (Cls: 2.3914, Adv: 4.1554) | Train Acc: 0.8047 | Val Acc: 0.5278 | Val P/R/F1 (Macro): 0.5648/0.5130/0.5205 | LR: 0.000001
Epoch [89/100] | Loss: 2.7664 (Cls: 2.1012, Adv: 4.4347) | Train Acc: 0.8125 | Val Acc: 0.5278 | Val P/R/F1 (Macro): 0.5370/0.5130/0.5086 | LR: 0.000001
Epoch [90/100] | Loss: 2.7966 (Cls: 2.1374, Adv: 4.3948) | Train Acc: 0.8203 | Val Acc: 0.5278 | Val P/R/F1 (Macro): 0.5370/0.5130/0.5086 | LR: 0.000001
Epoch [91/100] | Loss: 3.1301 (Cls: 2.4945, Adv: 4.2373) | Train Acc: 0.7109 | Val Acc: 0.5000 | Val P/R/F1 (Macro): 0.5315/0.4991/0.4912 | LR: 0.000001
Epoch [92/100] | Loss: 3.0112 (Cls: 2.3863, Adv: 4.1659) | Train Acc: 0.7969 | Val Acc: 0.5000 | Val P/R/F1 (Macro): 0.5315/0.4991/0.4912 | LR: 0.000001
Epoch [93/100] | Loss: 2.8952 (Cls: 2.3082, Adv: 3.9135) | Train Acc: 0.7969 | Val Acc: 0.5278 | Val P/R/F1 (Macro): 0.5432/0.5130/0.5132 | LR: 0.000001
Epoch [94/100] | Loss: 2.9378 (Cls: 2.3062, Adv: 4.2104) | Train Acc: 0.7969 | Val Acc: 0.5278 | Val P/R/F1 (Macro): 0.5648/0.5130/0.5205 | LR: 0.000001
Epoch [95/100] | Loss: 2.7959 (Cls: 2.1719, Adv: 4.1598) | Train Acc: 0.8047 | Val Acc: 0.5278 | Val P/R/F1 (Macro): 0.5648/0.5130/0.5205 | LR: 0.000001
Epoch [96/100] | Loss: 2.9083 (Cls: 2.2626, Adv: 4.3044) | Train Acc: 0.7812 | Val Acc: 0.5278 | Val P/R/F1 (Macro): 0.5370/0.5130/0.5086 | LR: 0.000001
Epoch [97/100] | Loss: 3.0605 (Cls: 2.4076, Adv: 4.3526) | Train Acc: 0.7578 | Val Acc: 0.5278 | Val P/R/F1 (Macro): 0.5432/0.5130/0.5132 | LR: 0.000001
Epoch [98/100] | Loss: 2.8807 (Cls: 2.2018, Adv: 4.5265) | Train Acc: 0.7812 | Val Acc: 0.5278 | Val P/R/F1 (Macro): 0.5370/0.5130/0.5086 | LR: 0.000001
Epoch [99/100] | Loss: 2.9373 (Cls: 2.2634, Adv: 4.4924) | Train Acc: 0.7812 | Val Acc: 0.5556 | Val P/R/F1 (Macro): 0.5426/0.5407/0.5240 | LR: 0.000001
Epoch [100/100] | Loss: 2.7126 (Cls: 2.0488, Adv: 4.4250) | Train Acc: 0.8203 | Val Acc: 0.5278 | Val P/R/F1 (Macro): 0.5370/0.5130/0.5086 | LR: 0.000001

迭代 5 最佳指标:
  Accuracy: 0.6667
  Precision (Macro): 0.5550
  Recall (Macro): 0.5546
  F1 (Macro): 0.5406
  Precision (Micro): 0.6667
  Recall (Micro): 0.6667
  F1 (Micro): 0.6667
  Val class coverage: 9/14 (0.6429), samples=36

================================================================================
5次迭代统计结果
================================================================================

accuracy:
  各迭代值: ['0.6389', '0.5833', '0.6111', '0.6111', '0.6667']
  均值 (Mean): 0.6222
  标准差 (Std): 0.0283

precision_macro:
  各迭代值: ['0.7190', '0.6339', '0.5602', '0.6481', '0.5550']
  均值 (Mean): 0.6233
  标准差 (Std): 0.0609

recall_macro:
  各迭代值: ['0.6287', '0.5824', '0.6194', '0.6185', '0.5546']
  均值 (Mean): 0.6007
  标准差 (Std): 0.0280

f1_macro:
  各迭代值: ['0.6416', '0.5535', '0.5381', '0.6111', '0.5406']
  均值 (Mean): 0.5770
  标准差 (Std): 0.0418

precision_micro:
  各迭代值: ['0.6389', '0.5833', '0.6111', '0.6111', '0.6667']
  均值 (Mean): 0.6222
  标准差 (Std): 0.0283

recall_micro:
  各迭代值: ['0.6389', '0.5833', '0.6111', '0.6111', '0.6667']
  均值 (Mean): 0.6222
  标准差 (Std): 0.0283

f1_micro:
  各迭代值: ['0.6389', '0.5833', '0.6111', '0.6111', '0.6667']
  均值 (Mean): 0.6222
  标准差 (Std): 0.0283

val_class_coverage:
  各迭代值: ['0.6429', '0.6429', '0.6429', '0.6429', '0.6429']
  均值 (Mean): 0.6429
  标准差 (Std): 0.0000

val_present_classes:
  各迭代值: ['9.0000', '9.0000', '9.0000', '9.0000', '9.0000']
  均值 (Mean): 9.0000
  标准差 (Std): 0.0000

val_total_classes:
  各迭代值: ['14.0000', '14.0000', '14.0000', '14.0000', '14.0000']
  均值 (Mean): 14.0000
  标准差 (Std): 0.0000

val_samples:
  各迭代值: ['36.0000', '36.0000', '36.0000', '36.0000', '36.0000']
  均值 (Mean): 36.0000
  标准差 (Std): 0.0000

训练结束时间: 2026-07-09 16:38:16
================================================================================

[Batch 1/1] modality=vis, target=/home/lixiang/lx/Data/逆光
[VIS] 加载完成: 986 个样本, 14 个类别
[VIS] 加载完成: 128 个样本, 14 个类别
[VIS] 加载完成: 36 个样本, 14 个类别
[VIS] 加载完成: 986 个样本, 14 个类别
[VIS] 加载完成: 128 个样本, 14 个类别
[VIS] 加载完成: 36 个样本, 14 个类别
[VIS] 加载完成: 986 个样本, 14 个类别
[VIS] 加载完成: 128 个样本, 14 个类别
[VIS] 加载完成: 36 个样本, 14 个类别
[VIS] 加载完成: 986 个样本, 14 个类别
[VIS] 加载完成: 128 个样本, 14 个类别
[VIS] 加载完成: 36 个样本, 14 个类别
[VIS] 加载完成: 986 个样本, 14 个类别
[VIS] 加载完成: 128 个样本, 14 个类别
[VIS] 加载完成: 36 个样本, 14 个类别

================================================================================
批量实验完成，结果汇总:
================================================================================
01. modality=vis | target=逆光 | Accuracy: 0.6222 ± 0.0283
================================================================================
