COMMAND: /home/lixiang/envs/lx_pytorch/bin/python main_single.py --source_root /home/lixiang/lx/Data/晴天 --target_root /home/lixiang/lx/Data/雨天 --ais_data_path /home/lixiang/lx/Data/AIS/balanced_AIS-dataset_16classes_100persample.mat --modality vis --num_iterations 5 --epochs 100 --batch_size 32
CWD: /home/lixiang/lx/JMDA/Ablation/signle modal
================================================================================
================================================================================
单模态消融实验 - VIS
目标域天气: 雨天
训练开始时间: 2026-07-09 16:48:15
设备: cuda
模态: vis
源域: /home/lixiang/lx/Data/晴天
目标域: /home/lixiang/lx/Data/雨天
批次大小: 32
总轮数: 100
迭代次数: 5
特征维度: 512
域适应: 启用
================================================================================

================================================================================
迭代 1/5
随机种子: 42
================================================================================
Training mode: unsupervised target adaptation (target labels ignored in training).
/home/lixiang/envs/lx_pytorch/lib/python3.11/site-packages/torch/cuda/__init__.py:235: UserWarning: 
NVIDIA GeForce RTX 5090 with CUDA capability sm_120 is not compatible with the current PyTorch installation.
The current PyTorch install supports CUDA capabilities sm_50 sm_60 sm_61 sm_70 sm_75 sm_80 sm_86 sm_89 sm_90 compute_90.
If you want to use the NVIDIA GeForce RTX 5090 GPU with PyTorch, please check the instructions at https://pytorch.org/get-started/locally/

  warnings.warn(
Epoch [1/100] | Loss: 6.2217 (Cls: 6.1867, Adv: 0.2330) | Train Acc: 0.0625 | Val Acc: 0.0000 | Val P/R/F1 (Macro): 0.0000/0.0000/0.0000 | LR: 0.000010
Epoch [2/100] | Loss: 5.2374 (Cls: 5.2012, Adv: 0.2414) | Train Acc: 0.1979 | Val Acc: 0.0385 | Val P/R/F1 (Macro): 0.0208/0.0333/0.0256 | LR: 0.000010
  >>> New Best Val Acc: 0.0385
Epoch [3/100] | Loss: 5.5769 (Cls: 5.5463, Adv: 0.2039) | Train Acc: 0.1562 | Val Acc: 0.0769 | Val P/R/F1 (Macro): 0.0417/0.0667/0.0513 | LR: 0.000010
  >>> New Best Val Acc: 0.0769
Epoch [4/100] | Loss: 5.0605 (Cls: 5.0280, Adv: 0.2169) | Train Acc: 0.2292 | Val Acc: 0.3462 | Val P/R/F1 (Macro): 0.2619/0.3000/0.2613 | LR: 0.000010
  >>> New Best Val Acc: 0.3462
Epoch [5/100] | Loss: 5.4507 (Cls: 5.4135, Adv: 0.2481) | Train Acc: 0.1354 | Val Acc: 0.3462 | Val P/R/F1 (Macro): 0.2361/0.2750/0.2473 | LR: 0.000010
Epoch [6/100] | Loss: 4.9576 (Cls: 4.9216, Adv: 0.2399) | Train Acc: 0.1667 | Val Acc: 0.1154 | Val P/R/F1 (Macro): 0.3333/0.0750/0.1222 | LR: 0.000010
Epoch [7/100] | Loss: 4.9581 (Cls: 4.9272, Adv: 0.2057) | Train Acc: 0.1771 | Val Acc: 0.1154 | Val P/R/F1 (Macro): 0.3333/0.0875/0.1323 | LR: 0.000010
Epoch [8/100] | Loss: 4.8848 (Cls: 4.8330, Adv: 0.3456) | Train Acc: 0.2917 | Val Acc: 0.1538 | Val P/R/F1 (Macro): 0.1417/0.1833/0.1389 | LR: 0.000010
Epoch [9/100] | Loss: 4.5603 (Cls: 4.5029, Adv: 0.3830) | Train Acc: 0.4271 | Val Acc: 0.1538 | Val P/R/F1 (Macro): 0.1754/0.1833/0.1409 | LR: 0.000010
Epoch [10/100] | Loss: 4.7095 (Cls: 4.6456, Adv: 0.4261) | Train Acc: 0.2917 | Val Acc: 0.1538 | Val P/R/F1 (Macro): 0.1765/0.1833/0.1425 | LR: 0.000010
Epoch [11/100] | Loss: 4.3755 (Cls: 4.3059, Adv: 0.4637) | Train Acc: 0.4583 | Val Acc: 0.1923 | Val P/R/F1 (Macro): 0.3611/0.1792/0.1881 | LR: 0.000010
Epoch [12/100] | Loss: 4.4250 (Cls: 4.3584, Adv: 0.4441) | Train Acc: 0.3750 | Val Acc: 0.1923 | Val P/R/F1 (Macro): 0.2778/0.1167/0.1508 | LR: 0.000010
Epoch [13/100] | Loss: 4.2169 (Cls: 4.1392, Adv: 0.5180) | Train Acc: 0.3854 | Val Acc: 0.2692 | Val P/R/F1 (Macro): 0.4167/0.2458/0.2817 | LR: 0.000010
Epoch [14/100] | Loss: 3.9897 (Cls: 3.8838, Adv: 0.7063) | Train Acc: 0.5000 | Val Acc: 0.1538 | Val P/R/F1 (Macro): 0.2778/0.1708/0.1702 | LR: 0.000010
Epoch [15/100] | Loss: 3.8909 (Cls: 3.7855, Adv: 0.7026) | Train Acc: 0.4375 | Val Acc: 0.1154 | Val P/R/F1 (Macro): 0.2000/0.1500/0.1429 | LR: 0.000005
Epoch [16/100] | Loss: 4.0863 (Cls: 3.9660, Adv: 0.8019) | Train Acc: 0.4896 | Val Acc: 0.1154 | Val P/R/F1 (Macro): 0.2639/0.1500/0.1528 | LR: 0.000005
Epoch [17/100] | Loss: 3.7807 (Cls: 3.6594, Adv: 0.8083) | Train Acc: 0.5625 | Val Acc: 0.0769 | Val P/R/F1 (Macro): 0.2083/0.0667/0.0926 | LR: 0.000005
Epoch [18/100] | Loss: 3.8310 (Cls: 3.6867, Adv: 0.9616) | Train Acc: 0.5729 | Val Acc: 0.0769 | Val P/R/F1 (Macro): 0.2000/0.0667/0.0889 | LR: 0.000005
Epoch [19/100] | Loss: 3.6323 (Cls: 3.4799, Adv: 1.0160) | Train Acc: 0.5833 | Val Acc: 0.1154 | Val P/R/F1 (Macro): 0.2143/0.1000/0.1111 | LR: 0.000005
Epoch [20/100] | Loss: 3.3569 (Cls: 3.2343, Adv: 0.8174) | Train Acc: 0.6042 | Val Acc: 0.0769 | Val P/R/F1 (Macro): 0.1944/0.0667/0.0859 | LR: 0.000005
Epoch [21/100] | Loss: 3.7023 (Cls: 3.5452, Adv: 1.0473) | Train Acc: 0.5729 | Val Acc: 0.1154 | Val P/R/F1 (Macro): 0.2778/0.1375/0.1306 | LR: 0.000005
Epoch [22/100] | Loss: 3.6175 (Cls: 3.4448, Adv: 1.1513) | Train Acc: 0.5729 | Val Acc: 0.1154 | Val P/R/F1 (Macro): 0.2833/0.1375/0.1365 | LR: 0.000005
Epoch [23/100] | Loss: 3.3250 (Cls: 3.1395, Adv: 1.2369) | Train Acc: 0.6354 | Val Acc: 0.1154 | Val P/R/F1 (Macro): 0.2833/0.1375/0.1365 | LR: 0.000005
Epoch [24/100] | Loss: 3.1707 (Cls: 2.9628, Adv: 1.3859) | Train Acc: 0.7188 | Val Acc: 0.0769 | Val P/R/F1 (Macro): 0.2500/0.0542/0.0889 | LR: 0.000005
Epoch [25/100] | Loss: 3.5715 (Cls: 3.3470, Adv: 1.4969) | Train Acc: 0.5521 | Val Acc: 0.1923 | Val P/R/F1 (Macro): 0.3125/0.1542/0.1658 | LR: 0.000005
Epoch [26/100] | Loss: 3.3217 (Cls: 3.0968, Adv: 1.4994) | Train Acc: 0.6875 | Val Acc: 0.1538 | Val P/R/F1 (Macro): 0.3056/0.1208/0.1495 | LR: 0.000003
Epoch [27/100] | Loss: 3.1969 (Cls: 2.9846, Adv: 1.4153) | Train Acc: 0.6146 | Val Acc: 0.1538 | Val P/R/F1 (Macro): 0.3155/0.1708/0.1630 | LR: 0.000003
Epoch [28/100] | Loss: 3.2683 (Cls: 3.0134, Adv: 1.6991) | Train Acc: 0.6875 | Val Acc: 0.1538 | Val P/R/F1 (Macro): 0.3155/0.1708/0.1630 | LR: 0.000003
Epoch [29/100] | Loss: 3.3453 (Cls: 3.0879, Adv: 1.7157) | Train Acc: 0.6354 | Val Acc: 0.1538 | Val P/R/F1 (Macro): 0.3194/0.1708/0.1676 | LR: 0.000003
Epoch [30/100] | Loss: 3.0905 (Cls: 2.8226, Adv: 1.7862) | Train Acc: 0.6875 | Val Acc: 0.1154 | Val P/R/F1 (Macro): 0.2778/0.1375/0.1306 | LR: 0.000003
Epoch [31/100] | Loss: 3.2815 (Cls: 3.0266, Adv: 1.6993) | Train Acc: 0.6042 | Val Acc: 0.1538 | Val P/R/F1 (Macro): 0.3333/0.1708/0.1722 | LR: 0.000003
Epoch [32/100] | Loss: 3.1476 (Cls: 2.8657, Adv: 1.8790) | Train Acc: 0.6458 | Val Acc: 0.1538 | Val P/R/F1 (Macro): 0.4000/0.1208/0.1593 | LR: 0.000003
Epoch [33/100] | Loss: 3.0174 (Cls: 2.7630, Adv: 1.6958) | Train Acc: 0.6667 | Val Acc: 0.1538 | Val P/R/F1 (Macro): 0.3294/0.1708/0.1676 | LR: 0.000003
Epoch [34/100] | Loss: 2.9776 (Cls: 2.7052, Adv: 1.8161) | Train Acc: 0.7083 | Val Acc: 0.1154 | Val P/R/F1 (Macro): 0.2833/0.0875/0.1222 | LR: 0.000003
Epoch [35/100] | Loss: 3.0530 (Cls: 2.7607, Adv: 1.9489) | Train Acc: 0.7292 | Val Acc: 0.1538 | Val P/R/F1 (Macro): 0.3056/0.1208/0.1495 | LR: 0.000003
Epoch [36/100] | Loss: 3.0893 (Cls: 2.7649, Adv: 2.1625) | Train Acc: 0.6562 | Val Acc: 0.1538 | Val P/R/F1 (Macro): 0.3056/0.1208/0.1495 | LR: 0.000003
Epoch [37/100] | Loss: 3.3077 (Cls: 3.0099, Adv: 1.9850) | Train Acc: 0.6250 | Val Acc: 0.1538 | Val P/R/F1 (Macro): 0.3111/0.1083/0.1495 | LR: 0.000001
Epoch [38/100] | Loss: 3.2578 (Cls: 2.9322, Adv: 2.1705) | Train Acc: 0.6042 | Val Acc: 0.1538 | Val P/R/F1 (Macro): 0.3194/0.1083/0.1532 | LR: 0.000001
Epoch [39/100] | Loss: 3.3741 (Cls: 3.0766, Adv: 1.9829) | Train Acc: 0.6250 | Val Acc: 0.2308 | Val P/R/F1 (Macro): 0.3849/0.2250/0.2273 | LR: 0.000001
Epoch [40/100] | Loss: 3.1370 (Cls: 2.8068, Adv: 2.2016) | Train Acc: 0.6354 | Val Acc: 0.1538 | Val P/R/F1 (Macro): 0.3194/0.1083/0.1532 | LR: 0.000001
Epoch [41/100] | Loss: 3.1446 (Cls: 2.8096, Adv: 2.2332) | Train Acc: 0.7396 | Val Acc: 0.1538 | Val P/R/F1 (Macro): 0.3167/0.1208/0.1556 | LR: 0.000001
Epoch [42/100] | Loss: 3.0802 (Cls: 2.7631, Adv: 2.1137) | Train Acc: 0.6562 | Val Acc: 0.1538 | Val P/R/F1 (Macro): 0.3056/0.1208/0.1495 | LR: 0.000001
Epoch [43/100] | Loss: 3.0747 (Cls: 2.7368, Adv: 2.2524) | Train Acc: 0.6979 | Val Acc: 0.1538 | Val P/R/F1 (Macro): 0.3056/0.1083/0.1465 | LR: 0.000001
Epoch [44/100] | Loss: 2.9186 (Cls: 2.5730, Adv: 2.3045) | Train Acc: 0.7396 | Val Acc: 0.1538 | Val P/R/F1 (Macro): 0.2976/0.1208/0.1444 | LR: 0.000001
Epoch [45/100] | Loss: 3.0420 (Cls: 2.6540, Adv: 2.5865) | Train Acc: 0.7292 | Val Acc: 0.1923 | Val P/R/F1 (Macro): 0.3254/0.1417/0.1717 | LR: 0.000001
Epoch [46/100] | Loss: 3.2291 (Cls: 2.8791, Adv: 2.3335) | Train Acc: 0.7083 | Val Acc: 0.1923 | Val P/R/F1 (Macro): 0.3444/0.1417/0.1828 | LR: 0.000001
Epoch [47/100] | Loss: 3.1425 (Cls: 2.7725, Adv: 2.4667) | Train Acc: 0.6562 | Val Acc: 0.1538 | Val P/R/F1 (Macro): 0.3167/0.1208/0.1556 | LR: 0.000001
Epoch [48/100] | Loss: 2.9994 (Cls: 2.6637, Adv: 2.2379) | Train Acc: 0.7083 | Val Acc: 0.1538 | Val P/R/F1 (Macro): 0.2917/0.1208/0.1656 | LR: 0.000001
Epoch [49/100] | Loss: 3.0370 (Cls: 2.6643, Adv: 2.4848) | Train Acc: 0.6979 | Val Acc: 0.1154 | Val P/R/F1 (Macro): 0.2917/0.0875/0.1259 | LR: 0.000001
Epoch [50/100] | Loss: 3.1550 (Cls: 2.7556, Adv: 2.6627) | Train Acc: 0.6667 | Val Acc: 0.1923 | Val P/R/F1 (Macro): 0.3333/0.2042/0.2119 | LR: 0.000001
Epoch [51/100] | Loss: 2.9820 (Cls: 2.5999, Adv: 2.5476) | Train Acc: 0.7292 | Val Acc: 0.1538 | Val P/R/F1 (Macro): 0.3056/0.1208/0.1495 | LR: 0.000001
Epoch [52/100] | Loss: 2.9321 (Cls: 2.5519, Adv: 2.5347) | Train Acc: 0.7292 | Val Acc: 0.1538 | Val P/R/F1 (Macro): 0.3194/0.1083/0.1532 | LR: 0.000001
Epoch [53/100] | Loss: 2.8240 (Cls: 2.4557, Adv: 2.4558) | Train Acc: 0.7917 | Val Acc: 0.1538 | Val P/R/F1 (Macro): 0.3167/0.1208/0.1556 | LR: 0.000001
Epoch [54/100] | Loss: 3.1534 (Cls: 2.7862, Adv: 2.4478) | Train Acc: 0.6771 | Val Acc: 0.1538 | Val P/R/F1 (Macro): 0.3333/0.1708/0.1722 | LR: 0.000001
Epoch [55/100] | Loss: 3.1332 (Cls: 2.7703, Adv: 2.4189) | Train Acc: 0.7188 | Val Acc: 0.1923 | Val P/R/F1 (Macro): 0.3667/0.2042/0.2106 | LR: 0.000001
Epoch [56/100] | Loss: 2.9790 (Cls: 2.5819, Adv: 2.6477) | Train Acc: 0.7396 | Val Acc: 0.1154 | Val P/R/F1 (Macro): 0.2333/0.1000/0.1222 | LR: 0.000001
Epoch [57/100] | Loss: 2.7118 (Cls: 2.3723, Adv: 2.2635) | Train Acc: 0.7917 | Val Acc: 0.1154 | Val P/R/F1 (Macro): 0.2917/0.0875/0.1259 | LR: 0.000001
Epoch [58/100] | Loss: 3.0336 (Cls: 2.6555, Adv: 2.5202) | Train Acc: 0.7292 | Val Acc: 0.1538 | Val P/R/F1 (Macro): 0.3194/0.1708/0.1676 | LR: 0.000001
Epoch [59/100] | Loss: 2.9521 (Cls: 2.5668, Adv: 2.5687) | Train Acc: 0.7083 | Val Acc: 0.1154 | Val P/R/F1 (Macro): 0.2917/0.0875/0.1259 | LR: 0.000001
Epoch [60/100] | Loss: 3.1493 (Cls: 2.7764, Adv: 2.4858) | Train Acc: 0.7083 | Val Acc: 0.0769 | Val P/R/F1 (Macro): 0.2083/0.0667/0.0926 | LR: 0.000001
Epoch [61/100] | Loss: 2.7689 (Cls: 2.3699, Adv: 2.6601) | Train Acc: 0.8229 | Val Acc: 0.1538 | Val P/R/F1 (Macro): 0.3056/0.1208/0.1495 | LR: 0.000001
Epoch [62/100] | Loss: 2.9297 (Cls: 2.5128, Adv: 2.7793) | Train Acc: 0.7500 | Val Acc: 0.1538 | Val P/R/F1 (Macro): 0.3333/0.1708/0.1722 | LR: 0.000001
Epoch [63/100] | Loss: 3.0910 (Cls: 2.6641, Adv: 2.8460) | Train Acc: 0.6875 | Val Acc: 0.1154 | Val P/R/F1 (Macro): 0.2833/0.0875/0.1222 | LR: 0.000001
Epoch [64/100] | Loss: 3.1408 (Cls: 2.7353, Adv: 2.7032) | Train Acc: 0.6771 | Val Acc: 0.1154 | Val P/R/F1 (Macro): 0.2833/0.0875/0.1222 | LR: 0.000001
Epoch [65/100] | Loss: 2.9488 (Cls: 2.5325, Adv: 2.7749) | Train Acc: 0.8021 | Val Acc: 0.1538 | Val P/R/F1 (Macro): 0.3167/0.1208/0.1556 | LR: 0.000001
Epoch [66/100] | Loss: 2.9657 (Cls: 2.5712, Adv: 2.6299) | Train Acc: 0.7708 | Val Acc: 0.1154 | Val P/R/F1 (Macro): 0.2833/0.0875/0.1222 | LR: 0.000001
Epoch [67/100] | Loss: 2.8142 (Cls: 2.3827, Adv: 2.8768) | Train Acc: 0.7812 | Val Acc: 0.1154 | Val P/R/F1 (Macro): 0.2917/0.0875/0.1259 | LR: 0.000001
Epoch [68/100] | Loss: 2.9052 (Cls: 2.4954, Adv: 2.7316) | Train Acc: 0.7188 | Val Acc: 0.1923 | Val P/R/F1 (Macro): 0.3333/0.1542/0.1798 | LR: 0.000001
Epoch [69/100] | Loss: 2.8990 (Cls: 2.4761, Adv: 2.8199) | Train Acc: 0.7812 | Val Acc: 0.1923 | Val P/R/F1 (Macro): 0.3214/0.1542/0.1722 | LR: 0.000001
Epoch [70/100] | Loss: 3.1012 (Cls: 2.6843, Adv: 2.7791) | Train Acc: 0.7396 | Val Acc: 0.1538 | Val P/R/F1 (Macro): 0.3167/0.1208/0.1556 | LR: 0.000001
Epoch [71/100] | Loss: 2.7364 (Cls: 2.3233, Adv: 2.7545) | Train Acc: 0.8125 | Val Acc: 0.1923 | Val P/R/F1 (Macro): 0.3167/0.1542/0.1952 | LR: 0.000001
Epoch [72/100] | Loss: 3.2120 (Cls: 2.7746, Adv: 2.9160) | Train Acc: 0.6875 | Val Acc: 0.1923 | Val P/R/F1 (Macro): 0.3056/0.1542/0.1892 | LR: 0.000001
Epoch [73/100] | Loss: 3.0711 (Cls: 2.6542, Adv: 2.7790) | Train Acc: 0.7396 | Val Acc: 0.1538 | Val P/R/F1 (Macro): 0.3056/0.1208/0.1495 | LR: 0.000001
Epoch [74/100] | Loss: 3.0926 (Cls: 2.6698, Adv: 2.8185) | Train Acc: 0.6667 | Val Acc: 0.1538 | Val P/R/F1 (Macro): 0.3194/0.1708/0.1676 | LR: 0.000001
Epoch [75/100] | Loss: 2.7172 (Cls: 2.3029, Adv: 2.7620) | Train Acc: 0.7500 | Val Acc: 0.1154 | Val P/R/F1 (Macro): 0.2917/0.0875/0.1259 | LR: 0.000001
Epoch [76/100] | Loss: 2.9059 (Cls: 2.4759, Adv: 2.8664) | Train Acc: 0.8021 | Val Acc: 0.1923 | Val P/R/F1 (Macro): 0.3444/0.1417/0.1828 | LR: 0.000001
Epoch [77/100] | Loss: 2.9535 (Cls: 2.5053, Adv: 2.9880) | Train Acc: 0.7708 | Val Acc: 0.1538 | Val P/R/F1 (Macro): 0.3167/0.1208/0.1556 | LR: 0.000001
Epoch [78/100] | Loss: 2.9174 (Cls: 2.4707, Adv: 2.9778) | Train Acc: 0.7292 | Val Acc: 0.1538 | Val P/R/F1 (Macro): 0.3056/0.1208/0.1495 | LR: 0.000001
Epoch [79/100] | Loss: 3.0822 (Cls: 2.5985, Adv: 3.2243) | Train Acc: 0.7083 | Val Acc: 0.1538 | Val P/R/F1 (Macro): 0.2976/0.1208/0.1444 | LR: 0.000001
Epoch [80/100] | Loss: 3.0864 (Cls: 2.6133, Adv: 3.1538) | Train Acc: 0.7083 | Val Acc: 0.1538 | Val P/R/F1 (Macro): 0.2976/0.1208/0.1444 | LR: 0.000001
Epoch [81/100] | Loss: 2.7554 (Cls: 2.2887, Adv: 3.1117) | Train Acc: 0.7708 | Val Acc: 0.1923 | Val P/R/F1 (Macro): 0.3333/0.2042/0.1912 | LR: 0.000001
Epoch [82/100] | Loss: 2.8982 (Cls: 2.4552, Adv: 2.9533) | Train Acc: 0.7917 | Val Acc: 0.1154 | Val P/R/F1 (Macro): 0.2778/0.0875/0.1192 | LR: 0.000001
Epoch [83/100] | Loss: 3.1610 (Cls: 2.6976, Adv: 3.0891) | Train Acc: 0.7500 | Val Acc: 0.1538 | Val P/R/F1 (Macro): 0.3333/0.1708/0.1722 | LR: 0.000001
Epoch [84/100] | Loss: 2.9446 (Cls: 2.5028, Adv: 2.9453) | Train Acc: 0.7292 | Val Acc: 0.1538 | Val P/R/F1 (Macro): 0.3056/0.1208/0.1495 | LR: 0.000001
Epoch [85/100] | Loss: 3.0408 (Cls: 2.5859, Adv: 3.0327) | Train Acc: 0.7708 | Val Acc: 0.1538 | Val P/R/F1 (Macro): 0.3056/0.1208/0.1495 | LR: 0.000001
Epoch [86/100] | Loss: 3.3212 (Cls: 2.9045, Adv: 2.7781) | Train Acc: 0.6667 | Val Acc: 0.1538 | Val P/R/F1 (Macro): 0.3056/0.1208/0.1495 | LR: 0.000001
Epoch [87/100] | Loss: 3.0150 (Cls: 2.5606, Adv: 3.0289) | Train Acc: 0.7708 | Val Acc: 0.1923 | Val P/R/F1 (Macro): 0.3667/0.2042/0.2106 | LR: 0.000001
Epoch [88/100] | Loss: 3.0678 (Cls: 2.6035, Adv: 3.0957) | Train Acc: 0.7083 | Val Acc: 0.2308 | Val P/R/F1 (Macro): 0.3833/0.2375/0.2365 | LR: 0.000001
Epoch [89/100] | Loss: 3.2453 (Cls: 2.8335, Adv: 2.7451) | Train Acc: 0.7083 | Val Acc: 0.1923 | Val P/R/F1 (Macro): 0.3405/0.2042/0.1926 | LR: 0.000001
Epoch [90/100] | Loss: 2.8403 (Cls: 2.3966, Adv: 2.9579) | Train Acc: 0.7812 | Val Acc: 0.1538 | Val P/R/F1 (Macro): 0.3333/0.1708/0.1722 | LR: 0.000001
Epoch [91/100] | Loss: 3.0121 (Cls: 2.5339, Adv: 3.1875) | Train Acc: 0.7500 | Val Acc: 0.1538 | Val P/R/F1 (Macro): 0.3333/0.1708/0.1722 | LR: 0.000001
Epoch [92/100] | Loss: 3.2297 (Cls: 2.7605, Adv: 3.1275) | Train Acc: 0.6458 | Val Acc: 0.1538 | Val P/R/F1 (Macro): 0.3194/0.1708/0.1676 | LR: 0.000001
Epoch [93/100] | Loss: 3.1160 (Cls: 2.6114, Adv: 3.3635) | Train Acc: 0.7812 | Val Acc: 0.1154 | Val P/R/F1 (Macro): 0.2833/0.0875/0.1222 | LR: 0.000001
Epoch [94/100] | Loss: 2.9196 (Cls: 2.4304, Adv: 3.2612) | Train Acc: 0.7812 | Val Acc: 0.1923 | Val P/R/F1 (Macro): 0.3333/0.1542/0.1798 | LR: 0.000001
Epoch [95/100] | Loss: 3.2205 (Cls: 2.7556, Adv: 3.0993) | Train Acc: 0.6875 | Val Acc: 0.1154 | Val P/R/F1 (Macro): 0.2917/0.0875/0.1259 | LR: 0.000001
Epoch [96/100] | Loss: 3.0136 (Cls: 2.5013, Adv: 3.4152) | Train Acc: 0.7708 | Val Acc: 0.1538 | Val P/R/F1 (Macro): 0.3056/0.1208/0.1495 | LR: 0.000001
Epoch [97/100] | Loss: 3.1848 (Cls: 2.7172, Adv: 3.1168) | Train Acc: 0.7292 | Val Acc: 0.1538 | Val P/R/F1 (Macro): 0.2917/0.1208/0.1656 | LR: 0.000001
Epoch [98/100] | Loss: 2.9329 (Cls: 2.4437, Adv: 3.2608) | Train Acc: 0.7812 | Val Acc: 0.1154 | Val P/R/F1 (Macro): 0.2000/0.1000/0.1286 | LR: 0.000001
Epoch [99/100] | Loss: 2.9968 (Cls: 2.5063, Adv: 3.2699) | Train Acc: 0.6979 | Val Acc: 0.1538 | Val P/R/F1 (Macro): 0.2833/0.1208/0.1619 | LR: 0.000001
Epoch [100/100] | Loss: 3.1800 (Cls: 2.7397, Adv: 2.9351) | Train Acc: 0.7188 | Val Acc: 0.1154 | Val P/R/F1 (Macro): 0.2917/0.0875/0.1259 | LR: 0.000001

迭代 1 最佳指标:
  Accuracy: 0.3462
  Precision (Macro): 0.2619
  Recall (Macro): 0.3000
  F1 (Macro): 0.2613
  Precision (Micro): 0.3462
  Recall (Micro): 0.3462
  F1 (Micro): 0.3462
  Val class coverage: 6/14 (0.4286), samples=26

================================================================================
迭代 2/5
随机种子: 43
================================================================================
Training mode: unsupervised target adaptation (target labels ignored in training).
Epoch [1/100] | Loss: 6.6083 (Cls: 6.5468, Adv: 0.4100) | Train Acc: 0.0625 | Val Acc: 0.1538 | Val P/R/F1 (Macro): 0.0889/0.2333/0.1162 | LR: 0.000010
  >>> New Best Val Acc: 0.1538
Epoch [2/100] | Loss: 5.8263 (Cls: 5.7826, Adv: 0.2915) | Train Acc: 0.1250 | Val Acc: 0.1154 | Val P/R/F1 (Macro): 0.0720/0.2000/0.0883 | LR: 0.000010
Epoch [3/100] | Loss: 5.7264 (Cls: 5.6851, Adv: 0.2755) | Train Acc: 0.1042 | Val Acc: 0.1538 | Val P/R/F1 (Macro): 0.1389/0.2333/0.1725 | LR: 0.000010
Epoch [4/100] | Loss: 5.2536 (Cls: 5.2075, Adv: 0.3068) | Train Acc: 0.1458 | Val Acc: 0.0769 | Val P/R/F1 (Macro): 0.0583/0.1167/0.0778 | LR: 0.000010
Epoch [5/100] | Loss: 5.4560 (Cls: 5.3835, Adv: 0.4831) | Train Acc: 0.1354 | Val Acc: 0.0385 | Val P/R/F1 (Macro): 0.0104/0.0333/0.0159 | LR: 0.000010
Epoch [6/100] | Loss: 5.1280 (Cls: 5.0508, Adv: 0.5144) | Train Acc: 0.1979 | Val Acc: 0.0385 | Val P/R/F1 (Macro): 0.0417/0.0833/0.0556 | LR: 0.000010
Epoch [7/100] | Loss: 5.0424 (Cls: 4.9649, Adv: 0.5163) | Train Acc: 0.3125 | Val Acc: 0.0769 | Val P/R/F1 (Macro): 0.0278/0.1667/0.0476 | LR: 0.000010
Epoch [8/100] | Loss: 5.1356 (Cls: 5.0478, Adv: 0.5852) | Train Acc: 0.3021 | Val Acc: 0.0385 | Val P/R/F1 (Macro): 0.0208/0.0833/0.0333 | LR: 0.000010
Epoch [9/100] | Loss: 4.8125 (Cls: 4.7360, Adv: 0.5097) | Train Acc: 0.2604 | Val Acc: 0.0385 | Val P/R/F1 (Macro): 0.0833/0.0333/0.0476 | LR: 0.000010
Epoch [10/100] | Loss: 4.4852 (Cls: 4.4070, Adv: 0.5209) | Train Acc: 0.3125 | Val Acc: 0.1154 | Val P/R/F1 (Macro): 0.0556/0.1000/0.0714 | LR: 0.000010
Epoch [11/100] | Loss: 4.6631 (Cls: 4.5848, Adv: 0.5220) | Train Acc: 0.3750 | Val Acc: 0.1538 | Val P/R/F1 (Macro): 0.0667/0.1333/0.0889 | LR: 0.000010
Epoch [12/100] | Loss: 4.2729 (Cls: 4.1880, Adv: 0.5663) | Train Acc: 0.4271 | Val Acc: 0.1538 | Val P/R/F1 (Macro): 0.0606/0.1333/0.0833 | LR: 0.000005
Epoch [13/100] | Loss: 4.4292 (Cls: 4.3216, Adv: 0.7171) | Train Acc: 0.3542 | Val Acc: 0.1538 | Val P/R/F1 (Macro): 0.0741/0.1333/0.0952 | LR: 0.000005
Epoch [14/100] | Loss: 4.0393 (Cls: 3.9151, Adv: 0.8280) | Train Acc: 0.4479 | Val Acc: 0.1154 | Val P/R/F1 (Macro): 0.0625/0.1000/0.0769 | LR: 0.000005
Epoch [15/100] | Loss: 4.0333 (Cls: 3.8993, Adv: 0.8936) | Train Acc: 0.4688 | Val Acc: 0.0385 | Val P/R/F1 (Macro): 0.0238/0.0333/0.0278 | LR: 0.000005
Epoch [16/100] | Loss: 4.2105 (Cls: 4.0415, Adv: 1.1261) | Train Acc: 0.4583 | Val Acc: 0.0769 | Val P/R/F1 (Macro): 0.0417/0.0667/0.0513 | LR: 0.000005
Epoch [17/100] | Loss: 3.9458 (Cls: 3.7559, Adv: 1.2661) | Train Acc: 0.5104 | Val Acc: 0.0769 | Val P/R/F1 (Macro): 0.0333/0.0667/0.0444 | LR: 0.000005
Epoch [18/100] | Loss: 3.8565 (Cls: 3.6069, Adv: 1.6636) | Train Acc: 0.5312 | Val Acc: 0.1154 | Val P/R/F1 (Macro): 0.0926/0.1000/0.0893 | LR: 0.000005
Epoch [19/100] | Loss: 4.0721 (Cls: 3.8564, Adv: 1.4378) | Train Acc: 0.5104 | Val Acc: 0.1154 | Val P/R/F1 (Macro): 0.0926/0.1000/0.0893 | LR: 0.000005
Epoch [20/100] | Loss: 3.8369 (Cls: 3.6068, Adv: 1.5336) | Train Acc: 0.5729 | Val Acc: 0.1538 | Val P/R/F1 (Macro): 0.0606/0.1333/0.0833 | LR: 0.000005
Epoch [21/100] | Loss: 4.0155 (Cls: 3.7565, Adv: 1.7268) | Train Acc: 0.4792 | Val Acc: 0.1538 | Val P/R/F1 (Macro): 0.0667/0.1333/0.0889 | LR: 0.000005
Epoch [22/100] | Loss: 3.5903 (Cls: 3.3577, Adv: 1.5504) | Train Acc: 0.6458 | Val Acc: 0.1923 | Val P/R/F1 (Macro): 0.1667/0.1667/0.1502 | LR: 0.000005
  >>> New Best Val Acc: 0.1923
Epoch [23/100] | Loss: 3.4913 (Cls: 3.2152, Adv: 1.8405) | Train Acc: 0.6354 | Val Acc: 0.1538 | Val P/R/F1 (Macro): 0.2292/0.1333/0.1325 | LR: 0.000005
Epoch [24/100] | Loss: 3.9934 (Cls: 3.7009, Adv: 1.9502) | Train Acc: 0.5104 | Val Acc: 0.1154 | Val P/R/F1 (Macro): 0.0972/0.1000/0.0976 | LR: 0.000005
Epoch [25/100] | Loss: 3.6008 (Cls: 3.3019, Adv: 1.9924) | Train Acc: 0.5833 | Val Acc: 0.0385 | Val P/R/F1 (Macro): 0.0417/0.0333/0.0370 | LR: 0.000005
Epoch [26/100] | Loss: 3.5827 (Cls: 3.2748, Adv: 2.0526) | Train Acc: 0.5938 | Val Acc: 0.0769 | Val P/R/F1 (Macro): 0.0476/0.0667/0.0556 | LR: 0.000005
Epoch [27/100] | Loss: 3.6021 (Cls: 3.2731, Adv: 2.1932) | Train Acc: 0.6146 | Val Acc: 0.1154 | Val P/R/F1 (Macro): 0.0500/0.1000/0.0667 | LR: 0.000005
Epoch [28/100] | Loss: 3.5191 (Cls: 3.1778, Adv: 2.2753) | Train Acc: 0.6458 | Val Acc: 0.1538 | Val P/R/F1 (Macro): 0.0606/0.1333/0.0833 | LR: 0.000005
Epoch [29/100] | Loss: 3.3954 (Cls: 3.0276, Adv: 2.4520) | Train Acc: 0.7083 | Val Acc: 0.1538 | Val P/R/F1 (Macro): 0.0606/0.1333/0.0833 | LR: 0.000005
Epoch [30/100] | Loss: 3.4054 (Cls: 3.0399, Adv: 2.4370) | Train Acc: 0.6667 | Val Acc: 0.1538 | Val P/R/F1 (Macro): 0.0606/0.1333/0.0833 | LR: 0.000005
Epoch [31/100] | Loss: 3.5113 (Cls: 3.1128, Adv: 2.6566) | Train Acc: 0.7188 | Val Acc: 0.1923 | Val P/R/F1 (Macro): 0.2222/0.1667/0.1340 | LR: 0.000005
Epoch [32/100] | Loss: 3.5312 (Cls: 3.1809, Adv: 2.3359) | Train Acc: 0.6146 | Val Acc: 0.1923 | Val P/R/F1 (Macro): 0.0972/0.1667/0.1155 | LR: 0.000005
Epoch [33/100] | Loss: 3.4215 (Cls: 3.0540, Adv: 2.4503) | Train Acc: 0.6667 | Val Acc: 0.1923 | Val P/R/F1 (Macro): 0.1389/0.1667/0.1261 | LR: 0.000003
Epoch [34/100] | Loss: 3.2201 (Cls: 2.8336, Adv: 2.5768) | Train Acc: 0.7292 | Val Acc: 0.1538 | Val P/R/F1 (Macro): 0.0513/0.1333/0.0741 | LR: 0.000003
Epoch [35/100] | Loss: 3.1690 (Cls: 2.7934, Adv: 2.5038) | Train Acc: 0.6875 | Val Acc: 0.1538 | Val P/R/F1 (Macro): 0.0513/0.1333/0.0741 | LR: 0.000003
Epoch [36/100] | Loss: 3.2325 (Cls: 2.8205, Adv: 2.7464) | Train Acc: 0.6667 | Val Acc: 0.1538 | Val P/R/F1 (Macro): 0.0476/0.1333/0.0702 | LR: 0.000003
Epoch [37/100] | Loss: 3.0880 (Cls: 2.6843, Adv: 2.6913) | Train Acc: 0.7083 | Val Acc: 0.1538 | Val P/R/F1 (Macro): 0.0476/0.1333/0.0702 | LR: 0.000003
Epoch [38/100] | Loss: 3.5234 (Cls: 3.1172, Adv: 2.7079) | Train Acc: 0.6354 | Val Acc: 0.1538 | Val P/R/F1 (Macro): 0.0513/0.1333/0.0741 | LR: 0.000003
Epoch [39/100] | Loss: 3.3186 (Cls: 2.9493, Adv: 2.4621) | Train Acc: 0.6458 | Val Acc: 0.1538 | Val P/R/F1 (Macro): 0.0513/0.1333/0.0741 | LR: 0.000003
Epoch [40/100] | Loss: 3.2611 (Cls: 2.8633, Adv: 2.6524) | Train Acc: 0.6250 | Val Acc: 0.1538 | Val P/R/F1 (Macro): 0.0556/0.1333/0.0784 | LR: 0.000003
Epoch [41/100] | Loss: 3.0938 (Cls: 2.7034, Adv: 2.6022) | Train Acc: 0.6875 | Val Acc: 0.1538 | Val P/R/F1 (Macro): 0.0513/0.1333/0.0741 | LR: 0.000003
Epoch [42/100] | Loss: 3.1547 (Cls: 2.7469, Adv: 2.7187) | Train Acc: 0.6458 | Val Acc: 0.1538 | Val P/R/F1 (Macro): 0.0513/0.1333/0.0741 | LR: 0.000003
Epoch [43/100] | Loss: 3.1895 (Cls: 2.7295, Adv: 3.0665) | Train Acc: 0.7188 | Val Acc: 0.1538 | Val P/R/F1 (Macro): 0.0556/0.1333/0.0784 | LR: 0.000003
Epoch [44/100] | Loss: 3.2292 (Cls: 2.7416, Adv: 3.2505) | Train Acc: 0.7500 | Val Acc: 0.1154 | Val P/R/F1 (Macro): 0.0455/0.1000/0.0625 | LR: 0.000001
Epoch [45/100] | Loss: 3.3953 (Cls: 2.9268, Adv: 3.1237) | Train Acc: 0.6458 | Val Acc: 0.1538 | Val P/R/F1 (Macro): 0.0556/0.1333/0.0784 | LR: 0.000001
Epoch [46/100] | Loss: 2.9724 (Cls: 2.5228, Adv: 2.9973) | Train Acc: 0.7917 | Val Acc: 0.1538 | Val P/R/F1 (Macro): 0.0556/0.1333/0.0784 | LR: 0.000001
Epoch [47/100] | Loss: 2.9533 (Cls: 2.5094, Adv: 2.9595) | Train Acc: 0.7812 | Val Acc: 0.1538 | Val P/R/F1 (Macro): 0.0556/0.1333/0.0784 | LR: 0.000001
Epoch [48/100] | Loss: 3.2142 (Cls: 2.7418, Adv: 3.1494) | Train Acc: 0.7500 | Val Acc: 0.1538 | Val P/R/F1 (Macro): 0.0556/0.1333/0.0784 | LR: 0.000001
Epoch [49/100] | Loss: 3.1371 (Cls: 2.6946, Adv: 2.9500) | Train Acc: 0.7083 | Val Acc: 0.1538 | Val P/R/F1 (Macro): 0.0606/0.1333/0.0833 | LR: 0.000001
Epoch [50/100] | Loss: 3.2554 (Cls: 2.7750, Adv: 3.2026) | Train Acc: 0.6667 | Val Acc: 0.1538 | Val P/R/F1 (Macro): 0.0606/0.1333/0.0833 | LR: 0.000001
Epoch [51/100] | Loss: 3.2072 (Cls: 2.7470, Adv: 3.0680) | Train Acc: 0.6562 | Val Acc: 0.1538 | Val P/R/F1 (Macro): 0.0556/0.1333/0.0784 | LR: 0.000001
Epoch [52/100] | Loss: 2.9758 (Cls: 2.5036, Adv: 3.1484) | Train Acc: 0.7188 | Val Acc: 0.1538 | Val P/R/F1 (Macro): 0.0556/0.1333/0.0784 | LR: 0.000001
Epoch [53/100] | Loss: 3.1640 (Cls: 2.6668, Adv: 3.3145) | Train Acc: 0.7396 | Val Acc: 0.1538 | Val P/R/F1 (Macro): 0.0513/0.1333/0.0741 | LR: 0.000001
Epoch [54/100] | Loss: 3.3665 (Cls: 2.8630, Adv: 3.3568) | Train Acc: 0.6771 | Val Acc: 0.1538 | Val P/R/F1 (Macro): 0.0513/0.1333/0.0741 | LR: 0.000001
Epoch [55/100] | Loss: 3.2315 (Cls: 2.7618, Adv: 3.1311) | Train Acc: 0.6667 | Val Acc: 0.1538 | Val P/R/F1 (Macro): 0.0513/0.1333/0.0741 | LR: 0.000001
Epoch [56/100] | Loss: 2.9619 (Cls: 2.4797, Adv: 3.2149) | Train Acc: 0.7292 | Val Acc: 0.1538 | Val P/R/F1 (Macro): 0.0513/0.1333/0.0741 | LR: 0.000001
Epoch [57/100] | Loss: 3.0349 (Cls: 2.5695, Adv: 3.1024) | Train Acc: 0.6979 | Val Acc: 0.1538 | Val P/R/F1 (Macro): 0.0513/0.1333/0.0741 | LR: 0.000001
Epoch [58/100] | Loss: 3.0945 (Cls: 2.6056, Adv: 3.2595) | Train Acc: 0.7083 | Val Acc: 0.1538 | Val P/R/F1 (Macro): 0.0556/0.1333/0.0784 | LR: 0.000001
Epoch [59/100] | Loss: 2.9438 (Cls: 2.4695, Adv: 3.1619) | Train Acc: 0.7500 | Val Acc: 0.1923 | Val P/R/F1 (Macro): 0.1389/0.1667/0.1261 | LR: 0.000001
Epoch [60/100] | Loss: 3.1093 (Cls: 2.6010, Adv: 3.3890) | Train Acc: 0.7500 | Val Acc: 0.1923 | Val P/R/F1 (Macro): 0.2222/0.1667/0.1340 | LR: 0.000001
Epoch [61/100] | Loss: 2.9031 (Cls: 2.4193, Adv: 3.2254) | Train Acc: 0.7708 | Val Acc: 0.1923 | Val P/R/F1 (Macro): 0.2179/0.1667/0.1296 | LR: 0.000001
Epoch [62/100] | Loss: 3.0986 (Cls: 2.5689, Adv: 3.5315) | Train Acc: 0.7083 | Val Acc: 0.1923 | Val P/R/F1 (Macro): 0.2179/0.1667/0.1296 | LR: 0.000001
Epoch [63/100] | Loss: 2.9736 (Cls: 2.4862, Adv: 3.2493) | Train Acc: 0.7396 | Val Acc: 0.1923 | Val P/R/F1 (Macro): 0.1389/0.1667/0.1261 | LR: 0.000001
Epoch [64/100] | Loss: 2.9352 (Cls: 2.4639, Adv: 3.1422) | Train Acc: 0.7396 | Val Acc: 0.1923 | Val P/R/F1 (Macro): 0.1111/0.1667/0.1201 | LR: 0.000001
Epoch [65/100] | Loss: 2.9345 (Cls: 2.4644, Adv: 3.1343) | Train Acc: 0.7812 | Val Acc: 0.1923 | Val P/R/F1 (Macro): 0.1389/0.1667/0.1261 | LR: 0.000001
Epoch [66/100] | Loss: 3.1128 (Cls: 2.6152, Adv: 3.3173) | Train Acc: 0.7500 | Val Acc: 0.1538 | Val P/R/F1 (Macro): 0.0556/0.1333/0.0784 | LR: 0.000001
Epoch [67/100] | Loss: 3.0561 (Cls: 2.5408, Adv: 3.4353) | Train Acc: 0.7083 | Val Acc: 0.1923 | Val P/R/F1 (Macro): 0.1162/0.1667/0.1250 | LR: 0.000001
Epoch [68/100] | Loss: 3.2838 (Cls: 2.7526, Adv: 3.5415) | Train Acc: 0.6875 | Val Acc: 0.1538 | Val P/R/F1 (Macro): 0.0556/0.1333/0.0784 | LR: 0.000001
Epoch [69/100] | Loss: 2.8641 (Cls: 2.3677, Adv: 3.3091) | Train Acc: 0.7708 | Val Acc: 0.1923 | Val P/R/F1 (Macro): 0.1389/0.1667/0.1261 | LR: 0.000001
Epoch [70/100] | Loss: 3.1442 (Cls: 2.6252, Adv: 3.4596) | Train Acc: 0.7083 | Val Acc: 0.1923 | Val P/R/F1 (Macro): 0.2222/0.1667/0.1340 | LR: 0.000001
Epoch [71/100] | Loss: 3.0286 (Cls: 2.4989, Adv: 3.5314) | Train Acc: 0.7188 | Val Acc: 0.1923 | Val P/R/F1 (Macro): 0.2222/0.1667/0.1340 | LR: 0.000001
Epoch [72/100] | Loss: 3.2299 (Cls: 2.7316, Adv: 3.3219) | Train Acc: 0.6979 | Val Acc: 0.1923 | Val P/R/F1 (Macro): 0.1389/0.1667/0.1261 | LR: 0.000001
Epoch [73/100] | Loss: 2.8345 (Cls: 2.3322, Adv: 3.3488) | Train Acc: 0.7188 | Val Acc: 0.1923 | Val P/R/F1 (Macro): 0.1389/0.1667/0.1261 | LR: 0.000001
Epoch [74/100] | Loss: 3.0521 (Cls: 2.6064, Adv: 2.9718) | Train Acc: 0.6979 | Val Acc: 0.1538 | Val P/R/F1 (Macro): 0.0556/0.1333/0.0784 | LR: 0.000001
Epoch [75/100] | Loss: 3.0037 (Cls: 2.4665, Adv: 3.5812) | Train Acc: 0.6979 | Val Acc: 0.1923 | Val P/R/F1 (Macro): 0.2222/0.1667/0.1340 | LR: 0.000001
Epoch [76/100] | Loss: 3.1694 (Cls: 2.6266, Adv: 3.6189) | Train Acc: 0.7292 | Val Acc: 0.1923 | Val P/R/F1 (Macro): 0.1389/0.1667/0.1261 | LR: 0.000001
Epoch [77/100] | Loss: 3.1018 (Cls: 2.5623, Adv: 3.5963) | Train Acc: 0.7083 | Val Acc: 0.1923 | Val P/R/F1 (Macro): 0.2222/0.1667/0.1340 | LR: 0.000001
Epoch [78/100] | Loss: 3.0392 (Cls: 2.5079, Adv: 3.5417) | Train Acc: 0.6875 | Val Acc: 0.1154 | Val P/R/F1 (Macro): 0.0417/0.1000/0.0588 | LR: 0.000001
Epoch [79/100] | Loss: 2.8186 (Cls: 2.2766, Adv: 3.6133) | Train Acc: 0.7500 | Val Acc: 0.1154 | Val P/R/F1 (Macro): 0.0417/0.1000/0.0588 | LR: 0.000001
Epoch [80/100] | Loss: 3.4051 (Cls: 2.8641, Adv: 3.6067) | Train Acc: 0.6771 | Val Acc: 0.1923 | Val P/R/F1 (Macro): 0.2222/0.1667/0.1340 | LR: 0.000001
Epoch [81/100] | Loss: 3.1262 (Cls: 2.5615, Adv: 3.7649) | Train Acc: 0.6771 | Val Acc: 0.1538 | Val P/R/F1 (Macro): 0.1288/0.1333/0.1101 | LR: 0.000001
Epoch [82/100] | Loss: 3.2831 (Cls: 2.7232, Adv: 3.7330) | Train Acc: 0.6458 | Val Acc: 0.1923 | Val P/R/F1 (Macro): 0.1389/0.1667/0.1261 | LR: 0.000001
Epoch [83/100] | Loss: 3.0838 (Cls: 2.5296, Adv: 3.6947) | Train Acc: 0.7396 | Val Acc: 0.1923 | Val P/R/F1 (Macro): 0.1389/0.1667/0.1261 | LR: 0.000001
Epoch [84/100] | Loss: 3.4853 (Cls: 2.9196, Adv: 3.7716) | Train Acc: 0.6146 | Val Acc: 0.1154 | Val P/R/F1 (Macro): 0.0455/0.1000/0.0625 | LR: 0.000001
Epoch [85/100] | Loss: 3.1183 (Cls: 2.5617, Adv: 3.7108) | Train Acc: 0.7188 | Val Acc: 0.1538 | Val P/R/F1 (Macro): 0.0556/0.1333/0.0784 | LR: 0.000001
Epoch [86/100] | Loss: 3.1757 (Cls: 2.6052, Adv: 3.8032) | Train Acc: 0.7500 | Val Acc: 0.1923 | Val P/R/F1 (Macro): 0.2222/0.1667/0.1340 | LR: 0.000001
Epoch [87/100] | Loss: 2.9901 (Cls: 2.4650, Adv: 3.5004) | Train Acc: 0.7604 | Val Acc: 0.1923 | Val P/R/F1 (Macro): 0.1162/0.1667/0.1250 | LR: 0.000001
Epoch [88/100] | Loss: 3.0583 (Cls: 2.4992, Adv: 3.7278) | Train Acc: 0.6979 | Val Acc: 0.1538 | Val P/R/F1 (Macro): 0.0606/0.1333/0.0833 | LR: 0.000001
Epoch [89/100] | Loss: 2.9849 (Cls: 2.4125, Adv: 3.8157) | Train Acc: 0.7396 | Val Acc: 0.1538 | Val P/R/F1 (Macro): 0.0606/0.1333/0.0833 | LR: 0.000001
Epoch [90/100] | Loss: 2.9712 (Cls: 2.4166, Adv: 3.6973) | Train Acc: 0.6979 | Val Acc: 0.1154 | Val P/R/F1 (Macro): 0.0500/0.1000/0.0667 | LR: 0.000001
Epoch [91/100] | Loss: 3.1466 (Cls: 2.5695, Adv: 3.8468) | Train Acc: 0.7500 | Val Acc: 0.1154 | Val P/R/F1 (Macro): 0.0500/0.1000/0.0667 | LR: 0.000001
Epoch [92/100] | Loss: 3.2137 (Cls: 2.6785, Adv: 3.5681) | Train Acc: 0.7083 | Val Acc: 0.1538 | Val P/R/F1 (Macro): 0.0606/0.1333/0.0833 | LR: 0.000001
Epoch [93/100] | Loss: 3.1258 (Cls: 2.5595, Adv: 3.7754) | Train Acc: 0.7292 | Val Acc: 0.1923 | Val P/R/F1 (Macro): 0.1439/0.1667/0.1310 | LR: 0.000001
Epoch [94/100] | Loss: 3.2332 (Cls: 2.6629, Adv: 3.8022) | Train Acc: 0.6771 | Val Acc: 0.1154 | Val P/R/F1 (Macro): 0.0500/0.1000/0.0667 | LR: 0.000001
Epoch [95/100] | Loss: 3.1440 (Cls: 2.5530, Adv: 3.9399) | Train Acc: 0.7708 | Val Acc: 0.1923 | Val P/R/F1 (Macro): 0.1389/0.1667/0.1261 | LR: 0.000001
Epoch [96/100] | Loss: 2.9867 (Cls: 2.4369, Adv: 3.6655) | Train Acc: 0.7292 | Val Acc: 0.1538 | Val P/R/F1 (Macro): 0.0556/0.1333/0.0784 | LR: 0.000001
Epoch [97/100] | Loss: 3.4081 (Cls: 2.8135, Adv: 3.9640) | Train Acc: 0.7083 | Val Acc: 0.1923 | Val P/R/F1 (Macro): 0.1389/0.1667/0.1261 | LR: 0.000001
Epoch [98/100] | Loss: 2.7979 (Cls: 2.2170, Adv: 3.8722) | Train Acc: 0.7917 | Val Acc: 0.1923 | Val P/R/F1 (Macro): 0.1389/0.1667/0.1261 | LR: 0.000001
Epoch [99/100] | Loss: 3.0552 (Cls: 2.4816, Adv: 3.8237) | Train Acc: 0.7500 | Val Acc: 0.1923 | Val P/R/F1 (Macro): 0.2222/0.1667/0.1340 | LR: 0.000001
Epoch [100/100] | Loss: 3.4579 (Cls: 2.8638, Adv: 3.9610) | Train Acc: 0.7083 | Val Acc: 0.1923 | Val P/R/F1 (Macro): 0.2222/0.1667/0.1340 | LR: 0.000001

迭代 2 最佳指标:
  Accuracy: 0.1923
  Precision (Macro): 0.1667
  Recall (Macro): 0.1667
  F1 (Macro): 0.1502
  Precision (Micro): 0.1923
  Recall (Micro): 0.1923
  F1 (Micro): 0.1923
  Val class coverage: 6/14 (0.4286), samples=26

================================================================================
迭代 3/5
随机种子: 44
================================================================================
Training mode: unsupervised target adaptation (target labels ignored in training).
Epoch [1/100] | Loss: 6.4169 (Cls: 6.3743, Adv: 0.2838) | Train Acc: 0.0417 | Val Acc: 0.0000 | Val P/R/F1 (Macro): 0.0000/0.0000/0.0000 | LR: 0.000010
Epoch [2/100] | Loss: 5.7478 (Cls: 5.7018, Adv: 0.3066) | Train Acc: 0.1771 | Val Acc: 0.0385 | Val P/R/F1 (Macro): 0.0076/0.0833/0.0139 | LR: 0.000010
  >>> New Best Val Acc: 0.0385
Epoch [3/100] | Loss: 5.6510 (Cls: 5.6038, Adv: 0.3145) | Train Acc: 0.1146 | Val Acc: 0.1154 | Val P/R/F1 (Macro): 0.0625/0.1000/0.0769 | LR: 0.000010
  >>> New Best Val Acc: 0.1154
Epoch [4/100] | Loss: 5.3141 (Cls: 5.2798, Adv: 0.2292) | Train Acc: 0.1771 | Val Acc: 0.1154 | Val P/R/F1 (Macro): 0.0714/0.1000/0.0833 | LR: 0.000010
Epoch [5/100] | Loss: 5.3030 (Cls: 5.2730, Adv: 0.1994) | Train Acc: 0.1875 | Val Acc: 0.1154 | Val P/R/F1 (Macro): 0.1278/0.1500/0.1111 | LR: 0.000010
Epoch [6/100] | Loss: 4.9974 (Cls: 4.9644, Adv: 0.2200) | Train Acc: 0.2292 | Val Acc: 0.1154 | Val P/R/F1 (Macro): 0.1222/0.1500/0.1029 | LR: 0.000010
Epoch [7/100] | Loss: 5.0591 (Cls: 5.0201, Adv: 0.2595) | Train Acc: 0.2083 | Val Acc: 0.0769 | Val P/R/F1 (Macro): 0.0985/0.1167/0.0733 | LR: 0.000010
Epoch [8/100] | Loss: 4.7576 (Cls: 4.7138, Adv: 0.2920) | Train Acc: 0.2917 | Val Acc: 0.1923 | Val P/R/F1 (Macro): 0.2407/0.1667/0.1508 | LR: 0.000010
  >>> New Best Val Acc: 0.1923
Epoch [9/100] | Loss: 4.8469 (Cls: 4.8031, Adv: 0.2918) | Train Acc: 0.2500 | Val Acc: 0.1923 | Val P/R/F1 (Macro): 0.0595/0.1667/0.0877 | LR: 0.000010
Epoch [10/100] | Loss: 4.4783 (Cls: 4.4290, Adv: 0.3285) | Train Acc: 0.3958 | Val Acc: 0.2308 | Val P/R/F1 (Macro): 0.2857/0.2000/0.1944 | LR: 0.000010
  >>> New Best Val Acc: 0.2308
Epoch [11/100] | Loss: 4.3767 (Cls: 4.3349, Adv: 0.2786) | Train Acc: 0.4271 | Val Acc: 0.1538 | Val P/R/F1 (Macro): 0.2917/0.1333/0.1667 | LR: 0.000010
Epoch [12/100] | Loss: 4.4260 (Cls: 4.3805, Adv: 0.3032) | Train Acc: 0.3958 | Val Acc: 0.0769 | Val P/R/F1 (Macro): 0.3333/0.0667/0.1111 | LR: 0.000010
Epoch [13/100] | Loss: 4.1951 (Cls: 4.1362, Adv: 0.3927) | Train Acc: 0.4583 | Val Acc: 0.0385 | Val P/R/F1 (Macro): 0.1667/0.0333/0.0556 | LR: 0.000010
Epoch [14/100] | Loss: 3.9730 (Cls: 3.9116, Adv: 0.4099) | Train Acc: 0.4688 | Val Acc: 0.2308 | Val P/R/F1 (Macro): 0.3611/0.2500/0.2454 | LR: 0.000010
Epoch [15/100] | Loss: 3.8972 (Cls: 3.8317, Adv: 0.4369) | Train Acc: 0.4792 | Val Acc: 0.1923 | Val P/R/F1 (Macro): 0.3000/0.1667/0.1889 | LR: 0.000010
Epoch [16/100] | Loss: 3.8411 (Cls: 3.7623, Adv: 0.5250) | Train Acc: 0.5625 | Val Acc: 0.3462 | Val P/R/F1 (Macro): 0.3225/0.2500/0.2368 | LR: 0.000010
  >>> New Best Val Acc: 0.3462
Epoch [17/100] | Loss: 3.8369 (Cls: 3.7424, Adv: 0.6303) | Train Acc: 0.5625 | Val Acc: 0.2692 | Val P/R/F1 (Macro): 0.2989/0.2083/0.2059 | LR: 0.000010
Epoch [18/100] | Loss: 3.5423 (Cls: 3.4597, Adv: 0.5505) | Train Acc: 0.6042 | Val Acc: 0.2308 | Val P/R/F1 (Macro): 0.2222/0.1875/0.1926 | LR: 0.000010
Epoch [19/100] | Loss: 3.5317 (Cls: 3.4581, Adv: 0.4905) | Train Acc: 0.5417 | Val Acc: 0.1923 | Val P/R/F1 (Macro): 0.1786/0.1667/0.1587 | LR: 0.000010
Epoch [20/100] | Loss: 3.6715 (Cls: 3.5879, Adv: 0.5576) | Train Acc: 0.5833 | Val Acc: 0.2308 | Val P/R/F1 (Macro): 0.1875/0.2000/0.1758 | LR: 0.000010
Epoch [21/100] | Loss: 3.2448 (Cls: 3.1367, Adv: 0.7208) | Train Acc: 0.6042 | Val Acc: 0.1923 | Val P/R/F1 (Macro): 0.1944/0.1667/0.1688 | LR: 0.000010
Epoch [22/100] | Loss: 3.3565 (Cls: 3.2440, Adv: 0.7500) | Train Acc: 0.6042 | Val Acc: 0.1923 | Val P/R/F1 (Macro): 0.2778/0.1667/0.1768 | LR: 0.000010
Epoch [23/100] | Loss: 3.3294 (Cls: 3.2052, Adv: 0.8281) | Train Acc: 0.6562 | Val Acc: 0.1538 | Val P/R/F1 (Macro): 0.1667/0.1208/0.1389 | LR: 0.000010
Epoch [24/100] | Loss: 3.4368 (Cls: 3.3052, Adv: 0.8777) | Train Acc: 0.5625 | Val Acc: 0.1923 | Val P/R/F1 (Macro): 0.2139/0.2042/0.1890 | LR: 0.000010
Epoch [25/100] | Loss: 3.2455 (Cls: 3.1084, Adv: 0.9137) | Train Acc: 0.6250 | Val Acc: 0.2308 | Val P/R/F1 (Macro): 0.2500/0.1875/0.1991 | LR: 0.000010
Epoch [26/100] | Loss: 3.3972 (Cls: 3.2461, Adv: 1.0075) | Train Acc: 0.5833 | Val Acc: 0.1923 | Val P/R/F1 (Macro): 0.1944/0.1667/0.1688 | LR: 0.000010
Epoch [27/100] | Loss: 3.1807 (Cls: 3.0241, Adv: 1.0444) | Train Acc: 0.7188 | Val Acc: 0.1154 | Val P/R/F1 (Macro): 0.1000/0.1000/0.1000 | LR: 0.000005
Epoch [28/100] | Loss: 3.0295 (Cls: 2.8309, Adv: 1.3239) | Train Acc: 0.6875 | Val Acc: 0.1154 | Val P/R/F1 (Macro): 0.2000/0.1500/0.1429 | LR: 0.000005
Epoch [29/100] | Loss: 3.3241 (Cls: 3.1351, Adv: 1.2598) | Train Acc: 0.5729 | Val Acc: 0.1154 | Val P/R/F1 (Macro): 0.3333/0.1000/0.1508 | LR: 0.000005
Epoch [30/100] | Loss: 3.0609 (Cls: 2.8639, Adv: 1.3133) | Train Acc: 0.6771 | Val Acc: 0.1923 | Val P/R/F1 (Macro): 0.2500/0.1667/0.1958 | LR: 0.000005
Epoch [31/100] | Loss: 3.2504 (Cls: 3.0385, Adv: 1.4124) | Train Acc: 0.6562 | Val Acc: 0.1923 | Val P/R/F1 (Macro): 0.1944/0.1667/0.1688 | LR: 0.000005
Epoch [32/100] | Loss: 3.0231 (Cls: 2.8187, Adv: 1.3628) | Train Acc: 0.6979 | Val Acc: 0.1923 | Val P/R/F1 (Macro): 0.1944/0.1667/0.1688 | LR: 0.000005
Epoch [33/100] | Loss: 2.8314 (Cls: 2.6401, Adv: 1.2755) | Train Acc: 0.7083 | Val Acc: 0.2308 | Val P/R/F1 (Macro): 0.3333/0.1875/0.2071 | LR: 0.000005
Epoch [34/100] | Loss: 2.9204 (Cls: 2.7185, Adv: 1.3465) | Train Acc: 0.7292 | Val Acc: 0.1923 | Val P/R/F1 (Macro): 0.2778/0.1667/0.1768 | LR: 0.000005
Epoch [35/100] | Loss: 3.1546 (Cls: 2.9177, Adv: 1.5795) | Train Acc: 0.6979 | Val Acc: 0.1923 | Val P/R/F1 (Macro): 0.2778/0.1667/0.1768 | LR: 0.000005
Epoch [36/100] | Loss: 3.0608 (Cls: 2.8274, Adv: 1.5561) | Train Acc: 0.6562 | Val Acc: 0.1923 | Val P/R/F1 (Macro): 0.1944/0.1667/0.1688 | LR: 0.000005
Epoch [37/100] | Loss: 3.0868 (Cls: 2.8283, Adv: 1.7231) | Train Acc: 0.6771 | Val Acc: 0.1923 | Val P/R/F1 (Macro): 0.1528/0.1667/0.1582 | LR: 0.000005
Epoch [38/100] | Loss: 2.8794 (Cls: 2.6148, Adv: 1.7635) | Train Acc: 0.6771 | Val Acc: 0.1923 | Val P/R/F1 (Macro): 0.1528/0.1667/0.1582 | LR: 0.000003
Epoch [39/100] | Loss: 2.8586 (Cls: 2.6037, Adv: 1.6989) | Train Acc: 0.7396 | Val Acc: 0.2308 | Val P/R/F1 (Macro): 0.1958/0.2500/0.2037 | LR: 0.000003
Epoch [40/100] | Loss: 2.7835 (Cls: 2.5114, Adv: 1.8139) | Train Acc: 0.7917 | Val Acc: 0.2308 | Val P/R/F1 (Macro): 0.1852/0.2500/0.1970 | LR: 0.000003
Epoch [41/100] | Loss: 2.9953 (Cls: 2.6886, Adv: 2.0444) | Train Acc: 0.6979 | Val Acc: 0.2308 | Val P/R/F1 (Macro): 0.1988/0.2500/0.2074 | LR: 0.000003
Epoch [42/100] | Loss: 2.6709 (Cls: 2.3406, Adv: 2.2026) | Train Acc: 0.7812 | Val Acc: 0.2308 | Val P/R/F1 (Macro): 0.2028/0.2500/0.2120 | LR: 0.000003
Epoch [43/100] | Loss: 2.9766 (Cls: 2.6339, Adv: 2.2849) | Train Acc: 0.7292 | Val Acc: 0.1923 | Val P/R/F1 (Macro): 0.1528/0.1667/0.1582 | LR: 0.000003
Epoch [44/100] | Loss: 2.6462 (Cls: 2.3229, Adv: 2.1556) | Train Acc: 0.8125 | Val Acc: 0.1923 | Val P/R/F1 (Macro): 0.1528/0.1667/0.1582 | LR: 0.000003
Epoch [45/100] | Loss: 2.7719 (Cls: 2.4580, Adv: 2.0928) | Train Acc: 0.7708 | Val Acc: 0.1923 | Val P/R/F1 (Macro): 0.1667/0.1667/0.1629 | LR: 0.000003
Epoch [46/100] | Loss: 2.9316 (Cls: 2.5740, Adv: 2.3837) | Train Acc: 0.7396 | Val Acc: 0.1923 | Val P/R/F1 (Macro): 0.1944/0.1667/0.1688 | LR: 0.000003
Epoch [47/100] | Loss: 2.9257 (Cls: 2.5624, Adv: 2.4217) | Train Acc: 0.7188 | Val Acc: 0.1923 | Val P/R/F1 (Macro): 0.2778/0.1667/0.1768 | LR: 0.000003
Epoch [48/100] | Loss: 2.5380 (Cls: 2.2030, Adv: 2.2335) | Train Acc: 0.7396 | Val Acc: 0.1923 | Val P/R/F1 (Macro): 0.2778/0.1667/0.1768 | LR: 0.000003
Epoch [49/100] | Loss: 3.0895 (Cls: 2.7502, Adv: 2.2620) | Train Acc: 0.6875 | Val Acc: 0.1923 | Val P/R/F1 (Macro): 0.1667/0.1667/0.1629 | LR: 0.000001
Epoch [50/100] | Loss: 2.7149 (Cls: 2.3930, Adv: 2.1460) | Train Acc: 0.7812 | Val Acc: 0.1923 | Val P/R/F1 (Macro): 0.1667/0.1667/0.1629 | LR: 0.000001
Epoch [51/100] | Loss: 2.9127 (Cls: 2.5370, Adv: 2.5047) | Train Acc: 0.8021 | Val Acc: 0.1923 | Val P/R/F1 (Macro): 0.1667/0.1667/0.1629 | LR: 0.000001
Epoch [52/100] | Loss: 2.7118 (Cls: 2.3563, Adv: 2.3703) | Train Acc: 0.7812 | Val Acc: 0.1923 | Val P/R/F1 (Macro): 0.1667/0.1667/0.1629 | LR: 0.000001
Epoch [53/100] | Loss: 2.7044 (Cls: 2.3663, Adv: 2.2535) | Train Acc: 0.8021 | Val Acc: 0.1923 | Val P/R/F1 (Macro): 0.1667/0.1667/0.1629 | LR: 0.000001
Epoch [54/100] | Loss: 2.7853 (Cls: 2.4054, Adv: 2.5326) | Train Acc: 0.7500 | Val Acc: 0.1923 | Val P/R/F1 (Macro): 0.1667/0.1667/0.1629 | LR: 0.000001
Epoch [55/100] | Loss: 3.1402 (Cls: 2.7907, Adv: 2.3297) | Train Acc: 0.7292 | Val Acc: 0.2308 | Val P/R/F1 (Macro): 0.2127/0.2500/0.2120 | LR: 0.000001
Epoch [56/100] | Loss: 2.9572 (Cls: 2.5973, Adv: 2.3996) | Train Acc: 0.7083 | Val Acc: 0.2308 | Val P/R/F1 (Macro): 0.2127/0.2500/0.2120 | LR: 0.000001
Epoch [57/100] | Loss: 2.7164 (Cls: 2.3226, Adv: 2.6250) | Train Acc: 0.8438 | Val Acc: 0.1923 | Val P/R/F1 (Macro): 0.1667/0.1667/0.1629 | LR: 0.000001
Epoch [58/100] | Loss: 2.7484 (Cls: 2.3752, Adv: 2.4877) | Train Acc: 0.7917 | Val Acc: 0.1923 | Val P/R/F1 (Macro): 0.1944/0.1667/0.1688 | LR: 0.000001
Epoch [59/100] | Loss: 2.7001 (Cls: 2.3189, Adv: 2.5410) | Train Acc: 0.7500 | Val Acc: 0.1923 | Val P/R/F1 (Macro): 0.2778/0.1667/0.1768 | LR: 0.000001
Epoch [60/100] | Loss: 2.8743 (Cls: 2.4713, Adv: 2.6867) | Train Acc: 0.7188 | Val Acc: 0.2308 | Val P/R/F1 (Macro): 0.3238/0.2500/0.2259 | LR: 0.000001
Epoch [61/100] | Loss: 2.9277 (Cls: 2.5367, Adv: 2.6069) | Train Acc: 0.6875 | Val Acc: 0.2308 | Val P/R/F1 (Macro): 0.2405/0.2500/0.2180 | LR: 0.000001
Epoch [62/100] | Loss: 2.6904 (Cls: 2.3267, Adv: 2.4242) | Train Acc: 0.7812 | Val Acc: 0.2308 | Val P/R/F1 (Macro): 0.3238/0.2500/0.2259 | LR: 0.000001
Epoch [63/100] | Loss: 2.7653 (Cls: 2.3404, Adv: 2.8326) | Train Acc: 0.7917 | Val Acc: 0.2308 | Val P/R/F1 (Macro): 0.2405/0.2500/0.2180 | LR: 0.000001
Epoch [64/100] | Loss: 2.9855 (Cls: 2.6038, Adv: 2.5444) | Train Acc: 0.7188 | Val Acc: 0.2308 | Val P/R/F1 (Macro): 0.3278/0.2500/0.2306 | LR: 0.000001
Epoch [65/100] | Loss: 3.0449 (Cls: 2.6436, Adv: 2.6757) | Train Acc: 0.7396 | Val Acc: 0.2308 | Val P/R/F1 (Macro): 0.3238/0.2500/0.2259 | LR: 0.000001
Epoch [66/100] | Loss: 2.6394 (Cls: 2.2195, Adv: 2.7991) | Train Acc: 0.7812 | Val Acc: 0.1923 | Val P/R/F1 (Macro): 0.2778/0.1667/0.1768 | LR: 0.000001
Epoch [67/100] | Loss: 2.6016 (Cls: 2.1615, Adv: 2.9339) | Train Acc: 0.8021 | Val Acc: 0.2308 | Val P/R/F1 (Macro): 0.2778/0.1875/0.2022 | LR: 0.000001
Epoch [68/100] | Loss: 2.5084 (Cls: 2.1152, Adv: 2.6213) | Train Acc: 0.8438 | Val Acc: 0.1923 | Val P/R/F1 (Macro): 0.2778/0.1667/0.1768 | LR: 0.000001
Epoch [69/100] | Loss: 2.8551 (Cls: 2.4173, Adv: 2.9183) | Train Acc: 0.7812 | Val Acc: 0.1923 | Val P/R/F1 (Macro): 0.1944/0.1667/0.1688 | LR: 0.000001
Epoch [70/100] | Loss: 2.7409 (Cls: 2.3207, Adv: 2.8018) | Train Acc: 0.7917 | Val Acc: 0.1923 | Val P/R/F1 (Macro): 0.1667/0.1667/0.1629 | LR: 0.000001
Epoch [71/100] | Loss: 2.7126 (Cls: 2.2617, Adv: 3.0058) | Train Acc: 0.8125 | Val Acc: 0.1923 | Val P/R/F1 (Macro): 0.1944/0.1667/0.1688 | LR: 0.000001
Epoch [72/100] | Loss: 2.7639 (Cls: 2.3182, Adv: 2.9716) | Train Acc: 0.7604 | Val Acc: 0.2308 | Val P/R/F1 (Macro): 0.2405/0.2500/0.2180 | LR: 0.000001
Epoch [73/100] | Loss: 2.9446 (Cls: 2.4960, Adv: 2.9908) | Train Acc: 0.7396 | Val Acc: 0.2308 | Val P/R/F1 (Macro): 0.1988/0.2500/0.2074 | LR: 0.000001
Epoch [74/100] | Loss: 2.9996 (Cls: 2.5686, Adv: 2.8732) | Train Acc: 0.7396 | Val Acc: 0.2308 | Val P/R/F1 (Macro): 0.2444/0.2500/0.2226 | LR: 0.000001
Epoch [75/100] | Loss: 2.9500 (Cls: 2.5049, Adv: 2.9671) | Train Acc: 0.7188 | Val Acc: 0.2308 | Val P/R/F1 (Macro): 0.3238/0.2500/0.2259 | LR: 0.000001
Epoch [76/100] | Loss: 2.6004 (Cls: 2.1845, Adv: 2.7726) | Train Acc: 0.7708 | Val Acc: 0.1923 | Val P/R/F1 (Macro): 0.2778/0.1667/0.1768 | LR: 0.000001
Epoch [77/100] | Loss: 2.8886 (Cls: 2.4557, Adv: 2.8859) | Train Acc: 0.7604 | Val Acc: 0.2308 | Val P/R/F1 (Macro): 0.3238/0.2500/0.2259 | LR: 0.000001
Epoch [78/100] | Loss: 3.0091 (Cls: 2.5477, Adv: 3.0761) | Train Acc: 0.7396 | Val Acc: 0.2308 | Val P/R/F1 (Macro): 0.3278/0.2500/0.2306 | LR: 0.000001
Epoch [79/100] | Loss: 2.5107 (Cls: 2.0570, Adv: 3.0248) | Train Acc: 0.8750 | Val Acc: 0.2308 | Val P/R/F1 (Macro): 0.3238/0.2500/0.2259 | LR: 0.000001
Epoch [80/100] | Loss: 2.9049 (Cls: 2.4575, Adv: 2.9827) | Train Acc: 0.7604 | Val Acc: 0.2308 | Val P/R/F1 (Macro): 0.3278/0.2500/0.2306 | LR: 0.000001
Epoch [81/100] | Loss: 2.5260 (Cls: 2.0642, Adv: 3.0786) | Train Acc: 0.8542 | Val Acc: 0.2308 | Val P/R/F1 (Macro): 0.2444/0.2500/0.2226 | LR: 0.000001
Epoch [82/100] | Loss: 2.7646 (Cls: 2.3075, Adv: 3.0476) | Train Acc: 0.7708 | Val Acc: 0.2308 | Val P/R/F1 (Macro): 0.3278/0.2500/0.2306 | LR: 0.000001
Epoch [83/100] | Loss: 2.8717 (Cls: 2.4379, Adv: 2.8923) | Train Acc: 0.7500 | Val Acc: 0.2308 | Val P/R/F1 (Macro): 0.2444/0.2500/0.2226 | LR: 0.000001
Epoch [84/100] | Loss: 2.8746 (Cls: 2.4002, Adv: 3.1629) | Train Acc: 0.8021 | Val Acc: 0.1923 | Val P/R/F1 (Macro): 0.1944/0.1667/0.1688 | LR: 0.000001
Epoch [85/100] | Loss: 3.0475 (Cls: 2.5762, Adv: 3.1420) | Train Acc: 0.7188 | Val Acc: 0.1923 | Val P/R/F1 (Macro): 0.1667/0.1667/0.1629 | LR: 0.000001
Epoch [86/100] | Loss: 2.8674 (Cls: 2.3761, Adv: 3.2755) | Train Acc: 0.8125 | Val Acc: 0.1923 | Val P/R/F1 (Macro): 0.1667/0.1667/0.1629 | LR: 0.000001
Epoch [87/100] | Loss: 2.7865 (Cls: 2.2849, Adv: 3.3444) | Train Acc: 0.7917 | Val Acc: 0.1923 | Val P/R/F1 (Macro): 0.1528/0.1667/0.1582 | LR: 0.000001
Epoch [88/100] | Loss: 2.9262 (Cls: 2.4381, Adv: 3.2538) | Train Acc: 0.7708 | Val Acc: 0.1923 | Val P/R/F1 (Macro): 0.1667/0.1667/0.1629 | LR: 0.000001
Epoch [89/100] | Loss: 3.1849 (Cls: 2.7127, Adv: 3.1485) | Train Acc: 0.6979 | Val Acc: 0.1923 | Val P/R/F1 (Macro): 0.1528/0.1667/0.1582 | LR: 0.000001
Epoch [90/100] | Loss: 2.7906 (Cls: 2.2953, Adv: 3.3015) | Train Acc: 0.8021 | Val Acc: 0.1923 | Val P/R/F1 (Macro): 0.1528/0.1667/0.1582 | LR: 0.000001
Epoch [91/100] | Loss: 2.8428 (Cls: 2.3299, Adv: 3.4189) | Train Acc: 0.7500 | Val Acc: 0.2308 | Val P/R/F1 (Macro): 0.2028/0.2500/0.2120 | LR: 0.000001
Epoch [92/100] | Loss: 2.6946 (Cls: 2.1716, Adv: 3.4869) | Train Acc: 0.7917 | Val Acc: 0.1923 | Val P/R/F1 (Macro): 0.1667/0.1667/0.1629 | LR: 0.000001
Epoch [93/100] | Loss: 2.7220 (Cls: 2.2275, Adv: 3.2968) | Train Acc: 0.7917 | Val Acc: 0.1923 | Val P/R/F1 (Macro): 0.1528/0.1667/0.1582 | LR: 0.000001
Epoch [94/100] | Loss: 2.6792 (Cls: 2.1431, Adv: 3.5744) | Train Acc: 0.8125 | Val Acc: 0.1923 | Val P/R/F1 (Macro): 0.1667/0.1667/0.1629 | LR: 0.000001
Epoch [95/100] | Loss: 2.7165 (Cls: 2.2085, Adv: 3.3869) | Train Acc: 0.8229 | Val Acc: 0.1923 | Val P/R/F1 (Macro): 0.1667/0.1667/0.1629 | LR: 0.000001
Epoch [96/100] | Loss: 2.5147 (Cls: 2.0342, Adv: 3.2032) | Train Acc: 0.8646 | Val Acc: 0.1923 | Val P/R/F1 (Macro): 0.1667/0.1667/0.1629 | LR: 0.000001
Epoch [97/100] | Loss: 2.9013 (Cls: 2.3887, Adv: 3.4176) | Train Acc: 0.7917 | Val Acc: 0.1923 | Val P/R/F1 (Macro): 0.1667/0.1667/0.1629 | LR: 0.000001
Epoch [98/100] | Loss: 2.9742 (Cls: 2.4665, Adv: 3.3853) | Train Acc: 0.7917 | Val Acc: 0.1923 | Val P/R/F1 (Macro): 0.1667/0.1667/0.1629 | LR: 0.000001
Epoch [99/100] | Loss: 3.0135 (Cls: 2.4851, Adv: 3.5225) | Train Acc: 0.7396 | Val Acc: 0.1923 | Val P/R/F1 (Macro): 0.1944/0.1667/0.1688 | LR: 0.000001
Epoch [100/100] | Loss: 2.6211 (Cls: 2.1452, Adv: 3.1728) | Train Acc: 0.8021 | Val Acc: 0.1923 | Val P/R/F1 (Macro): 0.2778/0.1667/0.1768 | LR: 0.000001

迭代 3 最佳指标:
  Accuracy: 0.3462
  Precision (Macro): 0.3225
  Recall (Macro): 0.2500
  F1 (Macro): 0.2368
  Precision (Micro): 0.3462
  Recall (Micro): 0.3462
  F1 (Micro): 0.3462
  Val class coverage: 6/14 (0.4286), samples=26

================================================================================
迭代 4/5
随机种子: 45
================================================================================
Training mode: unsupervised target adaptation (target labels ignored in training).
Epoch [1/100] | Loss: 6.2900 (Cls: 6.2314, Adv: 0.3907) | Train Acc: 0.0729 | Val Acc: 0.0769 | Val P/R/F1 (Macro): 0.0568/0.0750/0.0625 | LR: 0.000010
  >>> New Best Val Acc: 0.0769
Epoch [2/100] | Loss: 5.5256 (Cls: 5.4862, Adv: 0.2630) | Train Acc: 0.1458 | Val Acc: 0.0769 | Val P/R/F1 (Macro): 0.0196/0.1667/0.0351 | LR: 0.000010
Epoch [3/100] | Loss: 5.2209 (Cls: 5.1769, Adv: 0.2935) | Train Acc: 0.1771 | Val Acc: 0.0385 | Val P/R/F1 (Macro): 0.0208/0.0833/0.0333 | LR: 0.000010
Epoch [4/100] | Loss: 5.4487 (Cls: 5.4030, Adv: 0.3046) | Train Acc: 0.1562 | Val Acc: 0.1154 | Val P/R/F1 (Macro): 0.2185/0.1375/0.1007 | LR: 0.000010
  >>> New Best Val Acc: 0.1154
Epoch [5/100] | Loss: 5.2192 (Cls: 5.1793, Adv: 0.2655) | Train Acc: 0.2188 | Val Acc: 0.1538 | Val P/R/F1 (Macro): 0.1333/0.2208/0.1112 | LR: 0.000010
  >>> New Best Val Acc: 0.1538
Epoch [6/100] | Loss: 5.2446 (Cls: 5.2089, Adv: 0.2381) | Train Acc: 0.2292 | Val Acc: 0.2308 | Val P/R/F1 (Macro): 0.0889/0.3000/0.1340 | LR: 0.000010
  >>> New Best Val Acc: 0.2308
Epoch [7/100] | Loss: 5.0033 (Cls: 4.9668, Adv: 0.2430) | Train Acc: 0.2812 | Val Acc: 0.2308 | Val P/R/F1 (Macro): 0.0889/0.3000/0.1340 | LR: 0.000010
Epoch [8/100] | Loss: 4.9662 (Cls: 4.9182, Adv: 0.3201) | Train Acc: 0.3229 | Val Acc: 0.1538 | Val P/R/F1 (Macro): 0.1028/0.2333/0.1180 | LR: 0.000010
Epoch [9/100] | Loss: 4.7144 (Cls: 4.6772, Adv: 0.2481) | Train Acc: 0.3229 | Val Acc: 0.1538 | Val P/R/F1 (Macro): 0.2525/0.2333/0.1485 | LR: 0.000010
Epoch [10/100] | Loss: 4.3891 (Cls: 4.3503, Adv: 0.2588) | Train Acc: 0.4062 | Val Acc: 0.2308 | Val P/R/F1 (Macro): 0.3292/0.3000/0.2444 | LR: 0.000010
Epoch [11/100] | Loss: 4.5314 (Cls: 4.4853, Adv: 0.3076) | Train Acc: 0.3750 | Val Acc: 0.1538 | Val P/R/F1 (Macro): 0.1583/0.1833/0.1587 | LR: 0.000010
Epoch [12/100] | Loss: 4.3373 (Cls: 4.2761, Adv: 0.4079) | Train Acc: 0.4167 | Val Acc: 0.1923 | Val P/R/F1 (Macro): 0.1726/0.2667/0.1852 | LR: 0.000010
Epoch [13/100] | Loss: 4.1077 (Cls: 4.0225, Adv: 0.5680) | Train Acc: 0.5312 | Val Acc: 0.2692 | Val P/R/F1 (Macro): 0.2361/0.2500/0.2348 | LR: 0.000010
  >>> New Best Val Acc: 0.2692
Epoch [14/100] | Loss: 4.0338 (Cls: 3.9598, Adv: 0.4933) | Train Acc: 0.4479 | Val Acc: 0.2692 | Val P/R/F1 (Macro): 0.2750/0.2500/0.2370 | LR: 0.000010
Epoch [15/100] | Loss: 3.5086 (Cls: 3.4289, Adv: 0.5314) | Train Acc: 0.5833 | Val Acc: 0.1923 | Val P/R/F1 (Macro): 0.3472/0.1542/0.1898 | LR: 0.000010
Epoch [16/100] | Loss: 4.0638 (Cls: 3.9566, Adv: 0.7148) | Train Acc: 0.4688 | Val Acc: 0.1923 | Val P/R/F1 (Macro): 0.2000/0.2667/0.1806 | LR: 0.000010
Epoch [17/100] | Loss: 3.9810 (Cls: 3.8878, Adv: 0.6213) | Train Acc: 0.4583 | Val Acc: 0.1538 | Val P/R/F1 (Macro): 0.1944/0.1833/0.1667 | LR: 0.000010
Epoch [18/100] | Loss: 3.6763 (Cls: 3.5773, Adv: 0.6594) | Train Acc: 0.5625 | Val Acc: 0.1538 | Val P/R/F1 (Macro): 0.2667/0.1333/0.1556 | LR: 0.000010
Epoch [19/100] | Loss: 3.6106 (Cls: 3.4855, Adv: 0.8344) | Train Acc: 0.5833 | Val Acc: 0.1923 | Val P/R/F1 (Macro): 0.2944/0.2167/0.1972 | LR: 0.000010
Epoch [20/100] | Loss: 3.6163 (Cls: 3.4889, Adv: 0.8495) | Train Acc: 0.5833 | Val Acc: 0.1154 | Val P/R/F1 (Macro): 0.2778/0.1500/0.1448 | LR: 0.000010
Epoch [21/100] | Loss: 3.6141 (Cls: 3.4783, Adv: 0.9053) | Train Acc: 0.5417 | Val Acc: 0.1538 | Val P/R/F1 (Macro): 0.1488/0.1833/0.1481 | LR: 0.000010
Epoch [22/100] | Loss: 3.4435 (Cls: 3.3119, Adv: 0.8772) | Train Acc: 0.6042 | Val Acc: 0.1538 | Val P/R/F1 (Macro): 0.1583/0.1833/0.1587 | LR: 0.000010
Epoch [23/100] | Loss: 3.7484 (Cls: 3.5836, Adv: 1.0989) | Train Acc: 0.5938 | Val Acc: 0.1154 | Val P/R/F1 (Macro): 0.1250/0.1000/0.1111 | LR: 0.000010
Epoch [24/100] | Loss: 3.6248 (Cls: 3.4613, Adv: 1.0905) | Train Acc: 0.5208 | Val Acc: 0.1923 | Val P/R/F1 (Macro): 0.3611/0.2167/0.2222 | LR: 0.000005
Epoch [25/100] | Loss: 3.2497 (Cls: 3.0714, Adv: 1.1883) | Train Acc: 0.6979 | Val Acc: 0.2308 | Val P/R/F1 (Macro): 0.2698/0.3000/0.2407 | LR: 0.000005
Epoch [26/100] | Loss: 3.3630 (Cls: 3.1381, Adv: 1.4989) | Train Acc: 0.6875 | Val Acc: 0.1923 | Val P/R/F1 (Macro): 0.2944/0.2167/0.1972 | LR: 0.000005
Epoch [27/100] | Loss: 3.3320 (Cls: 3.0904, Adv: 1.6109) | Train Acc: 0.7292 | Val Acc: 0.1923 | Val P/R/F1 (Macro): 0.2167/0.2167/0.1952 | LR: 0.000005
Epoch [28/100] | Loss: 3.0676 (Cls: 2.7970, Adv: 1.8040) | Train Acc: 0.6979 | Val Acc: 0.1923 | Val P/R/F1 (Macro): 0.3000/0.2167/0.2032 | LR: 0.000005
Epoch [29/100] | Loss: 2.9947 (Cls: 2.7313, Adv: 1.7560) | Train Acc: 0.6458 | Val Acc: 0.1923 | Val P/R/F1 (Macro): 0.3000/0.2167/0.2032 | LR: 0.000005
Epoch [30/100] | Loss: 3.1989 (Cls: 2.9451, Adv: 1.6917) | Train Acc: 0.7083 | Val Acc: 0.1538 | Val P/R/F1 (Macro): 0.2667/0.1333/0.1556 | LR: 0.000005
Epoch [31/100] | Loss: 3.3653 (Cls: 3.1008, Adv: 1.7636) | Train Acc: 0.5833 | Val Acc: 0.2308 | Val P/R/F1 (Macro): 0.3111/0.2500/0.2244 | LR: 0.000005
Epoch [32/100] | Loss: 3.1181 (Cls: 2.8763, Adv: 1.6120) | Train Acc: 0.6771 | Val Acc: 0.2308 | Val P/R/F1 (Macro): 0.2222/0.2500/0.2105 | LR: 0.000005
Epoch [33/100] | Loss: 3.0821 (Cls: 2.8455, Adv: 1.5769) | Train Acc: 0.7292 | Val Acc: 0.2308 | Val P/R/F1 (Macro): 0.2222/0.2500/0.2105 | LR: 0.000005
Epoch [34/100] | Loss: 2.9345 (Cls: 2.6737, Adv: 1.7385) | Train Acc: 0.6875 | Val Acc: 0.2308 | Val P/R/F1 (Macro): 0.2500/0.2500/0.2286 | LR: 0.000005
Epoch [35/100] | Loss: 2.5699 (Cls: 2.2976, Adv: 1.8156) | Train Acc: 0.7917 | Val Acc: 0.2308 | Val P/R/F1 (Macro): 0.2500/0.2500/0.2286 | LR: 0.000003
Epoch [36/100] | Loss: 3.0264 (Cls: 2.7461, Adv: 1.8682) | Train Acc: 0.6979 | Val Acc: 0.2308 | Val P/R/F1 (Macro): 0.2500/0.2500/0.2286 | LR: 0.000003
Epoch [37/100] | Loss: 2.9817 (Cls: 2.6973, Adv: 1.8959) | Train Acc: 0.6979 | Val Acc: 0.2308 | Val P/R/F1 (Macro): 0.2222/0.2500/0.2226 | LR: 0.000003
Epoch [38/100] | Loss: 2.8265 (Cls: 2.5318, Adv: 1.9645) | Train Acc: 0.7708 | Val Acc: 0.2308 | Val P/R/F1 (Macro): 0.2278/0.2500/0.2165 | LR: 0.000003
Epoch [39/100] | Loss: 2.8349 (Cls: 2.5561, Adv: 1.8586) | Train Acc: 0.7292 | Val Acc: 0.2308 | Val P/R/F1 (Macro): 0.2222/0.2500/0.2105 | LR: 0.000003
Epoch [40/100] | Loss: 2.9988 (Cls: 2.6666, Adv: 2.2151) | Train Acc: 0.6771 | Val Acc: 0.2308 | Val P/R/F1 (Macro): 0.3056/0.2500/0.2184 | LR: 0.000003
Epoch [41/100] | Loss: 3.0808 (Cls: 2.7719, Adv: 2.0593) | Train Acc: 0.7396 | Val Acc: 0.2308 | Val P/R/F1 (Macro): 0.2897/0.2500/0.2083 | LR: 0.000003
Epoch [42/100] | Loss: 2.8517 (Cls: 2.5416, Adv: 2.0675) | Train Acc: 0.7396 | Val Acc: 0.2308 | Val P/R/F1 (Macro): 0.3056/0.2500/0.2184 | LR: 0.000003
Epoch [43/100] | Loss: 3.0449 (Cls: 2.7399, Adv: 2.0334) | Train Acc: 0.6875 | Val Acc: 0.2308 | Val P/R/F1 (Macro): 0.2222/0.2500/0.2105 | LR: 0.000003
Epoch [44/100] | Loss: 2.8355 (Cls: 2.5078, Adv: 2.1847) | Train Acc: 0.7604 | Val Acc: 0.2308 | Val P/R/F1 (Macro): 0.2278/0.2500/0.2165 | LR: 0.000003
Epoch [45/100] | Loss: 2.8640 (Cls: 2.5309, Adv: 2.2205) | Train Acc: 0.7708 | Val Acc: 0.2308 | Val P/R/F1 (Macro): 0.3111/0.2500/0.2244 | LR: 0.000003
Epoch [46/100] | Loss: 2.8354 (Cls: 2.5219, Adv: 2.0902) | Train Acc: 0.7083 | Val Acc: 0.2308 | Val P/R/F1 (Macro): 0.3111/0.2500/0.2244 | LR: 0.000001
Epoch [47/100] | Loss: 2.9110 (Cls: 2.5598, Adv: 2.3410) | Train Acc: 0.7708 | Val Acc: 0.2308 | Val P/R/F1 (Macro): 0.3111/0.2500/0.2244 | LR: 0.000001
Epoch [48/100] | Loss: 2.9482 (Cls: 2.6164, Adv: 2.2123) | Train Acc: 0.7500 | Val Acc: 0.2308 | Val P/R/F1 (Macro): 0.3111/0.2500/0.2244 | LR: 0.000001
Epoch [49/100] | Loss: 2.9218 (Cls: 2.5616, Adv: 2.4016) | Train Acc: 0.7708 | Val Acc: 0.2308 | Val P/R/F1 (Macro): 0.3111/0.2500/0.2244 | LR: 0.000001
Epoch [50/100] | Loss: 2.8112 (Cls: 2.4389, Adv: 2.4819) | Train Acc: 0.7500 | Val Acc: 0.2308 | Val P/R/F1 (Macro): 0.3111/0.2500/0.2244 | LR: 0.000001
Epoch [51/100] | Loss: 3.1163 (Cls: 2.7349, Adv: 2.5429) | Train Acc: 0.7188 | Val Acc: 0.2308 | Val P/R/F1 (Macro): 0.3056/0.2500/0.2184 | LR: 0.000001
Epoch [52/100] | Loss: 2.9926 (Cls: 2.6268, Adv: 2.4381) | Train Acc: 0.6771 | Val Acc: 0.2308 | Val P/R/F1 (Macro): 0.3111/0.2500/0.2244 | LR: 0.000001
Epoch [53/100] | Loss: 2.8616 (Cls: 2.4975, Adv: 2.4270) | Train Acc: 0.7604 | Val Acc: 0.2308 | Val P/R/F1 (Macro): 0.3111/0.2500/0.2244 | LR: 0.000001
Epoch [54/100] | Loss: 3.0970 (Cls: 2.7345, Adv: 2.4164) | Train Acc: 0.6667 | Val Acc: 0.2308 | Val P/R/F1 (Macro): 0.3111/0.2500/0.2244 | LR: 0.000001
Epoch [55/100] | Loss: 2.5619 (Cls: 2.2151, Adv: 2.3124) | Train Acc: 0.7708 | Val Acc: 0.2308 | Val P/R/F1 (Macro): 0.3111/0.2500/0.2244 | LR: 0.000001
Epoch [56/100] | Loss: 2.8031 (Cls: 2.4383, Adv: 2.4316) | Train Acc: 0.7708 | Val Acc: 0.2308 | Val P/R/F1 (Macro): 0.3111/0.2500/0.2244 | LR: 0.000001
Epoch [57/100] | Loss: 3.1906 (Cls: 2.8046, Adv: 2.5731) | Train Acc: 0.6667 | Val Acc: 0.2308 | Val P/R/F1 (Macro): 0.3333/0.2500/0.2365 | LR: 0.000001
Epoch [58/100] | Loss: 2.6873 (Cls: 2.3054, Adv: 2.5459) | Train Acc: 0.8333 | Val Acc: 0.2308 | Val P/R/F1 (Macro): 0.3333/0.2500/0.2365 | LR: 0.000001
Epoch [59/100] | Loss: 2.9744 (Cls: 2.5694, Adv: 2.7002) | Train Acc: 0.7292 | Val Acc: 0.2308 | Val P/R/F1 (Macro): 0.3333/0.2500/0.2365 | LR: 0.000001
Epoch [60/100] | Loss: 2.9027 (Cls: 2.5034, Adv: 2.6620) | Train Acc: 0.7188 | Val Acc: 0.2308 | Val P/R/F1 (Macro): 0.3111/0.2500/0.2244 | LR: 0.000001
Epoch [61/100] | Loss: 3.0608 (Cls: 2.6683, Adv: 2.6166) | Train Acc: 0.7292 | Val Acc: 0.2308 | Val P/R/F1 (Macro): 0.3333/0.2500/0.2365 | LR: 0.000001
Epoch [62/100] | Loss: 2.9334 (Cls: 2.5297, Adv: 2.6913) | Train Acc: 0.7188 | Val Acc: 0.2308 | Val P/R/F1 (Macro): 0.3333/0.2500/0.2365 | LR: 0.000001
Epoch [63/100] | Loss: 2.7060 (Cls: 2.2932, Adv: 2.7516) | Train Acc: 0.7708 | Val Acc: 0.2308 | Val P/R/F1 (Macro): 0.3333/0.2500/0.2365 | LR: 0.000001
Epoch [64/100] | Loss: 2.6573 (Cls: 2.2457, Adv: 2.7435) | Train Acc: 0.7708 | Val Acc: 0.2308 | Val P/R/F1 (Macro): 0.3333/0.2500/0.2365 | LR: 0.000001
Epoch [65/100] | Loss: 2.8634 (Cls: 2.4222, Adv: 2.9416) | Train Acc: 0.7604 | Val Acc: 0.2308 | Val P/R/F1 (Macro): 0.3333/0.2500/0.2365 | LR: 0.000001
Epoch [66/100] | Loss: 3.0467 (Cls: 2.6075, Adv: 2.9275) | Train Acc: 0.7500 | Val Acc: 0.2308 | Val P/R/F1 (Macro): 0.3333/0.2500/0.2365 | LR: 0.000001
Epoch [67/100] | Loss: 2.8303 (Cls: 2.3792, Adv: 3.0071) | Train Acc: 0.7500 | Val Acc: 0.2308 | Val P/R/F1 (Macro): 0.3333/0.2500/0.2365 | LR: 0.000001
Epoch [68/100] | Loss: 2.9475 (Cls: 2.4944, Adv: 3.0204) | Train Acc: 0.7188 | Val Acc: 0.2308 | Val P/R/F1 (Macro): 0.3333/0.2500/0.2365 | LR: 0.000001
Epoch [69/100] | Loss: 2.7616 (Cls: 2.3322, Adv: 2.8626) | Train Acc: 0.7708 | Val Acc: 0.2308 | Val P/R/F1 (Macro): 0.3333/0.2500/0.2365 | LR: 0.000001
Epoch [70/100] | Loss: 2.8030 (Cls: 2.3496, Adv: 3.0229) | Train Acc: 0.8021 | Val Acc: 0.2308 | Val P/R/F1 (Macro): 0.3333/0.2500/0.2365 | LR: 0.000001
Epoch [71/100] | Loss: 2.7625 (Cls: 2.3529, Adv: 2.7305) | Train Acc: 0.8229 | Val Acc: 0.2308 | Val P/R/F1 (Macro): 0.3333/0.2500/0.2365 | LR: 0.000001
Epoch [72/100] | Loss: 2.7784 (Cls: 2.3488, Adv: 2.8640) | Train Acc: 0.7604 | Val Acc: 0.2308 | Val P/R/F1 (Macro): 0.3333/0.2500/0.2365 | LR: 0.000001
Epoch [73/100] | Loss: 2.7298 (Cls: 2.2995, Adv: 2.8687) | Train Acc: 0.8021 | Val Acc: 0.2308 | Val P/R/F1 (Macro): 0.3333/0.2500/0.2365 | LR: 0.000001
Epoch [74/100] | Loss: 2.8971 (Cls: 2.4759, Adv: 2.8084) | Train Acc: 0.7708 | Val Acc: 0.2308 | Val P/R/F1 (Macro): 0.3333/0.2500/0.2365 | LR: 0.000001
Epoch [75/100] | Loss: 2.8201 (Cls: 2.3702, Adv: 2.9993) | Train Acc: 0.7604 | Val Acc: 0.2308 | Val P/R/F1 (Macro): 0.3333/0.2500/0.2365 | LR: 0.000001
Epoch [76/100] | Loss: 2.9010 (Cls: 2.4371, Adv: 3.0927) | Train Acc: 0.7396 | Val Acc: 0.2308 | Val P/R/F1 (Macro): 0.3111/0.2500/0.2244 | LR: 0.000001
Epoch [77/100] | Loss: 2.8163 (Cls: 2.3696, Adv: 2.9783) | Train Acc: 0.7708 | Val Acc: 0.2308 | Val P/R/F1 (Macro): 0.3111/0.2500/0.2244 | LR: 0.000001
Epoch [78/100] | Loss: 2.7569 (Cls: 2.2767, Adv: 3.2018) | Train Acc: 0.8229 | Val Acc: 0.2308 | Val P/R/F1 (Macro): 0.2222/0.2500/0.2105 | LR: 0.000001
Epoch [79/100] | Loss: 2.7724 (Cls: 2.3527, Adv: 2.7982) | Train Acc: 0.7708 | Val Acc: 0.2308 | Val P/R/F1 (Macro): 0.3111/0.2500/0.2244 | LR: 0.000001
Epoch [80/100] | Loss: 2.9731 (Cls: 2.5228, Adv: 3.0023) | Train Acc: 0.7500 | Val Acc: 0.2308 | Val P/R/F1 (Macro): 0.3111/0.2500/0.2244 | LR: 0.000001
Epoch [81/100] | Loss: 2.7428 (Cls: 2.3026, Adv: 2.9345) | Train Acc: 0.7500 | Val Acc: 0.2308 | Val P/R/F1 (Macro): 0.2500/0.2500/0.2286 | LR: 0.000001
Epoch [82/100] | Loss: 2.8555 (Cls: 2.4055, Adv: 3.0004) | Train Acc: 0.7708 | Val Acc: 0.2308 | Val P/R/F1 (Macro): 0.2500/0.2500/0.2286 | LR: 0.000001
Epoch [83/100] | Loss: 3.0137 (Cls: 2.5715, Adv: 2.9482) | Train Acc: 0.7292 | Val Acc: 0.2308 | Val P/R/F1 (Macro): 0.3333/0.2500/0.2365 | LR: 0.000001
Epoch [84/100] | Loss: 2.9124 (Cls: 2.4639, Adv: 2.9901) | Train Acc: 0.7396 | Val Acc: 0.2308 | Val P/R/F1 (Macro): 0.3333/0.2500/0.2365 | LR: 0.000001
Epoch [85/100] | Loss: 2.7248 (Cls: 2.2802, Adv: 2.9638) | Train Acc: 0.7708 | Val Acc: 0.2308 | Val P/R/F1 (Macro): 0.3333/0.2500/0.2365 | LR: 0.000001
Epoch [86/100] | Loss: 2.7628 (Cls: 2.3119, Adv: 3.0063) | Train Acc: 0.7812 | Val Acc: 0.2308 | Val P/R/F1 (Macro): 0.3111/0.2500/0.2244 | LR: 0.000001
Epoch [87/100] | Loss: 2.9192 (Cls: 2.4789, Adv: 2.9355) | Train Acc: 0.7188 | Val Acc: 0.2308 | Val P/R/F1 (Macro): 0.3111/0.2500/0.2244 | LR: 0.000001
Epoch [88/100] | Loss: 2.8787 (Cls: 2.4283, Adv: 3.0022) | Train Acc: 0.7812 | Val Acc: 0.2308 | Val P/R/F1 (Macro): 0.3333/0.2500/0.2365 | LR: 0.000001
Epoch [89/100] | Loss: 3.1208 (Cls: 2.6107, Adv: 3.4002) | Train Acc: 0.7292 | Val Acc: 0.2308 | Val P/R/F1 (Macro): 0.3111/0.2500/0.2244 | LR: 0.000001
Epoch [90/100] | Loss: 2.7048 (Cls: 2.2240, Adv: 3.2050) | Train Acc: 0.7812 | Val Acc: 0.2308 | Val P/R/F1 (Macro): 0.3333/0.2500/0.2365 | LR: 0.000001
Epoch [91/100] | Loss: 2.6971 (Cls: 2.2295, Adv: 3.1174) | Train Acc: 0.7917 | Val Acc: 0.2308 | Val P/R/F1 (Macro): 0.3111/0.2500/0.2244 | LR: 0.000001
Epoch [92/100] | Loss: 2.8676 (Cls: 2.3521, Adv: 3.4369) | Train Acc: 0.7188 | Val Acc: 0.2308 | Val P/R/F1 (Macro): 0.3111/0.2500/0.2244 | LR: 0.000001
Epoch [93/100] | Loss: 2.8384 (Cls: 2.3736, Adv: 3.0986) | Train Acc: 0.7812 | Val Acc: 0.2308 | Val P/R/F1 (Macro): 0.3111/0.2500/0.2244 | LR: 0.000001
Epoch [94/100] | Loss: 2.4976 (Cls: 2.0108, Adv: 3.2450) | Train Acc: 0.8438 | Val Acc: 0.2308 | Val P/R/F1 (Macro): 0.3333/0.2500/0.2365 | LR: 0.000001
Epoch [95/100] | Loss: 2.7081 (Cls: 2.2708, Adv: 2.9151) | Train Acc: 0.8125 | Val Acc: 0.2308 | Val P/R/F1 (Macro): 0.3333/0.2500/0.2365 | LR: 0.000001
Epoch [96/100] | Loss: 3.2017 (Cls: 2.7596, Adv: 2.9477) | Train Acc: 0.7188 | Val Acc: 0.2308 | Val P/R/F1 (Macro): 0.3333/0.2500/0.2365 | LR: 0.000001
Epoch [97/100] | Loss: 2.7677 (Cls: 2.2925, Adv: 3.1675) | Train Acc: 0.7500 | Val Acc: 0.2308 | Val P/R/F1 (Macro): 0.3333/0.2500/0.2365 | LR: 0.000001
Epoch [98/100] | Loss: 2.7365 (Cls: 2.2679, Adv: 3.1241) | Train Acc: 0.8125 | Val Acc: 0.2308 | Val P/R/F1 (Macro): 0.3333/0.2500/0.2365 | LR: 0.000001
Epoch [99/100] | Loss: 2.9043 (Cls: 2.4180, Adv: 3.2422) | Train Acc: 0.7604 | Val Acc: 0.2308 | Val P/R/F1 (Macro): 0.3111/0.2500/0.2244 | LR: 0.000001
Epoch [100/100] | Loss: 2.6473 (Cls: 2.1644, Adv: 3.2194) | Train Acc: 0.8333 | Val Acc: 0.2308 | Val P/R/F1 (Macro): 0.3333/0.2500/0.2365 | LR: 0.000001

迭代 4 最佳指标:
  Accuracy: 0.2692
  Precision (Macro): 0.2361
  Recall (Macro): 0.2500
  F1 (Macro): 0.2348
  Precision (Micro): 0.2692
  Recall (Micro): 0.2692
  F1 (Micro): 0.2692
  Val class coverage: 6/14 (0.4286), samples=26

================================================================================
迭代 5/5
随机种子: 46
================================================================================
Training mode: unsupervised target adaptation (target labels ignored in training).
Epoch [1/100] | Loss: 6.3928 (Cls: 6.3370, Adv: 0.3718) | Train Acc: 0.0625 | Val Acc: 0.1154 | Val P/R/F1 (Macro): 0.1667/0.1000/0.1250 | LR: 0.000010
  >>> New Best Val Acc: 0.1154
Epoch [2/100] | Loss: 5.7325 (Cls: 5.6822, Adv: 0.3351) | Train Acc: 0.1354 | Val Acc: 0.1154 | Val P/R/F1 (Macro): 0.1250/0.1000/0.1111 | LR: 0.000010
Epoch [3/100] | Loss: 5.4015 (Cls: 5.3614, Adv: 0.2679) | Train Acc: 0.1875 | Val Acc: 0.1923 | Val P/R/F1 (Macro): 0.0758/0.1667/0.1042 | LR: 0.000010
  >>> New Best Val Acc: 0.1923
Epoch [4/100] | Loss: 5.1708 (Cls: 5.1310, Adv: 0.2653) | Train Acc: 0.1562 | Val Acc: 0.3077 | Val P/R/F1 (Macro): 0.2681/0.3667/0.2042 | LR: 0.000010
  >>> New Best Val Acc: 0.3077
Epoch [5/100] | Loss: 5.2340 (Cls: 5.2013, Adv: 0.2179) | Train Acc: 0.1771 | Val Acc: 0.2308 | Val P/R/F1 (Macro): 0.2778/0.3000/0.1941 | LR: 0.000010
Epoch [6/100] | Loss: 5.0303 (Cls: 4.9820, Adv: 0.3218) | Train Acc: 0.2604 | Val Acc: 0.1923 | Val P/R/F1 (Macro): 0.1435/0.2667/0.1444 | LR: 0.000010
Epoch [7/100] | Loss: 4.8785 (Cls: 4.8405, Adv: 0.2535) | Train Acc: 0.2396 | Val Acc: 0.1154 | Val P/R/F1 (Macro): 0.0992/0.2000/0.0766 | LR: 0.000010
Epoch [8/100] | Loss: 4.8783 (Cls: 4.8370, Adv: 0.2752) | Train Acc: 0.2604 | Val Acc: 0.1538 | Val P/R/F1 (Macro): 0.1090/0.2333/0.1185 | LR: 0.000010
Epoch [9/100] | Loss: 4.7509 (Cls: 4.6932, Adv: 0.3847) | Train Acc: 0.3438 | Val Acc: 0.0769 | Val P/R/F1 (Macro): 0.1167/0.1167/0.0952 | LR: 0.000010
Epoch [10/100] | Loss: 4.5677 (Cls: 4.5001, Adv: 0.4507) | Train Acc: 0.3854 | Val Acc: 0.0769 | Val P/R/F1 (Macro): 0.0972/0.1167/0.0972 | LR: 0.000010
Epoch [11/100] | Loss: 4.5790 (Cls: 4.5086, Adv: 0.4694) | Train Acc: 0.3438 | Val Acc: 0.1154 | Val P/R/F1 (Macro): 0.1444/0.1500/0.1310 | LR: 0.000010
Epoch [12/100] | Loss: 4.2000 (Cls: 4.1174, Adv: 0.5510) | Train Acc: 0.5000 | Val Acc: 0.3077 | Val P/R/F1 (Macro): 0.2597/0.3042/0.2545 | LR: 0.000010
Epoch [13/100] | Loss: 4.2860 (Cls: 4.2141, Adv: 0.4793) | Train Acc: 0.4271 | Val Acc: 0.1923 | Val P/R/F1 (Macro): 0.0949/0.2167/0.1286 | LR: 0.000010
Epoch [14/100] | Loss: 4.4471 (Cls: 4.3720, Adv: 0.5007) | Train Acc: 0.4271 | Val Acc: 0.2308 | Val P/R/F1 (Macro): 0.1323/0.3000/0.1717 | LR: 0.000010
Epoch [15/100] | Loss: 4.1533 (Cls: 4.0547, Adv: 0.6574) | Train Acc: 0.5208 | Val Acc: 0.1538 | Val P/R/F1 (Macro): 0.1528/0.2333/0.1500 | LR: 0.000005
Epoch [16/100] | Loss: 3.9748 (Cls: 3.8868, Adv: 0.5867) | Train Acc: 0.4583 | Val Acc: 0.1538 | Val P/R/F1 (Macro): 0.2250/0.2208/0.1407 | LR: 0.000005
Epoch [17/100] | Loss: 3.7868 (Cls: 3.6696, Adv: 0.7818) | Train Acc: 0.4792 | Val Acc: 0.1154 | Val P/R/F1 (Macro): 0.2042/0.1375/0.1074 | LR: 0.000005
Epoch [18/100] | Loss: 3.7516 (Cls: 3.6166, Adv: 0.8996) | Train Acc: 0.4896 | Val Acc: 0.1154 | Val P/R/F1 (Macro): 0.1310/0.1375/0.1069 | LR: 0.000005
Epoch [19/100] | Loss: 3.6559 (Cls: 3.4895, Adv: 1.1092) | Train Acc: 0.5312 | Val Acc: 0.1538 | Val P/R/F1 (Macro): 0.1852/0.1708/0.1434 | LR: 0.000005
Epoch [20/100] | Loss: 3.6849 (Cls: 3.5168, Adv: 1.1202) | Train Acc: 0.5521 | Val Acc: 0.1154 | Val P/R/F1 (Macro): 0.1097/0.1500/0.1083 | LR: 0.000005
Epoch [21/100] | Loss: 3.5466 (Cls: 3.3648, Adv: 1.2119) | Train Acc: 0.5521 | Val Acc: 0.1154 | Val P/R/F1 (Macro): 0.1722/0.1500/0.1369 | LR: 0.000005
Epoch [22/100] | Loss: 3.6652 (Cls: 3.4664, Adv: 1.3251) | Train Acc: 0.5521 | Val Acc: 0.1154 | Val P/R/F1 (Macro): 0.2000/0.1500/0.1429 | LR: 0.000005
Epoch [23/100] | Loss: 3.5474 (Cls: 3.3248, Adv: 1.4840) | Train Acc: 0.6250 | Val Acc: 0.0769 | Val P/R/F1 (Macro): 0.1944/0.1167/0.0972 | LR: 0.000005
Epoch [24/100] | Loss: 3.3524 (Cls: 3.1301, Adv: 1.4816) | Train Acc: 0.5833 | Val Acc: 0.1154 | Val P/R/F1 (Macro): 0.2685/0.1500/0.1335 | LR: 0.000005
Epoch [25/100] | Loss: 3.5260 (Cls: 3.2775, Adv: 1.6563) | Train Acc: 0.6354 | Val Acc: 0.1154 | Val P/R/F1 (Macro): 0.2685/0.1500/0.1335 | LR: 0.000005
Epoch [26/100] | Loss: 3.3228 (Cls: 3.0580, Adv: 1.7651) | Train Acc: 0.6562 | Val Acc: 0.1538 | Val P/R/F1 (Macro): 0.2778/0.1833/0.1713 | LR: 0.000003
Epoch [27/100] | Loss: 3.3661 (Cls: 3.0989, Adv: 1.7813) | Train Acc: 0.6354 | Val Acc: 0.1923 | Val P/R/F1 (Macro): 0.2389/0.2167/0.2143 | LR: 0.000003
Epoch [28/100] | Loss: 3.3228 (Cls: 3.0481, Adv: 1.8314) | Train Acc: 0.6875 | Val Acc: 0.2308 | Val P/R/F1 (Macro): 0.2222/0.2500/0.2295 | LR: 0.000003
Epoch [29/100] | Loss: 3.3616 (Cls: 3.0995, Adv: 1.7470) | Train Acc: 0.6250 | Val Acc: 0.2308 | Val P/R/F1 (Macro): 0.1861/0.2500/0.2101 | LR: 0.000003
Epoch [30/100] | Loss: 3.4205 (Cls: 3.1281, Adv: 1.9490) | Train Acc: 0.5938 | Val Acc: 0.2308 | Val P/R/F1 (Macro): 0.1778/0.2500/0.2022 | LR: 0.000003
Epoch [31/100] | Loss: 3.1286 (Cls: 2.8543, Adv: 1.8285) | Train Acc: 0.6667 | Val Acc: 0.2308 | Val P/R/F1 (Macro): 0.1861/0.2500/0.2059 | LR: 0.000003
Epoch [32/100] | Loss: 3.5200 (Cls: 3.2032, Adv: 2.1118) | Train Acc: 0.5104 | Val Acc: 0.2308 | Val P/R/F1 (Macro): 0.1905/0.2500/0.1999 | LR: 0.000003
Epoch [33/100] | Loss: 3.2300 (Cls: 2.8823, Adv: 2.3183) | Train Acc: 0.7083 | Val Acc: 0.2308 | Val P/R/F1 (Macro): 0.1806/0.2500/0.1999 | LR: 0.000003
Epoch [34/100] | Loss: 2.9962 (Cls: 2.6490, Adv: 2.3146) | Train Acc: 0.7708 | Val Acc: 0.2308 | Val P/R/F1 (Macro): 0.1806/0.2500/0.1999 | LR: 0.000003
Epoch [35/100] | Loss: 2.9975 (Cls: 2.6886, Adv: 2.0594) | Train Acc: 0.6667 | Val Acc: 0.2308 | Val P/R/F1 (Macro): 0.1806/0.2500/0.1999 | LR: 0.000003
Epoch [36/100] | Loss: 3.1719 (Cls: 2.8329, Adv: 2.2601) | Train Acc: 0.7083 | Val Acc: 0.2308 | Val P/R/F1 (Macro): 0.1806/0.2500/0.1999 | LR: 0.000003
Epoch [37/100] | Loss: 3.3454 (Cls: 3.0014, Adv: 2.2932) | Train Acc: 0.6042 | Val Acc: 0.2308 | Val P/R/F1 (Macro): 0.2986/0.2500/0.2101 | LR: 0.000001
Epoch [38/100] | Loss: 3.2260 (Cls: 2.8870, Adv: 2.2606) | Train Acc: 0.6562 | Val Acc: 0.2308 | Val P/R/F1 (Macro): 0.2986/0.2500/0.2101 | LR: 0.000001
Epoch [39/100] | Loss: 3.2082 (Cls: 2.8992, Adv: 2.0600) | Train Acc: 0.6354 | Val Acc: 0.2308 | Val P/R/F1 (Macro): 0.2986/0.2500/0.2101 | LR: 0.000001
Epoch [40/100] | Loss: 3.1702 (Cls: 2.8142, Adv: 2.3731) | Train Acc: 0.6771 | Val Acc: 0.2308 | Val P/R/F1 (Macro): 0.2153/0.2500/0.2022 | LR: 0.000001
Epoch [41/100] | Loss: 2.9286 (Cls: 2.5847, Adv: 2.2923) | Train Acc: 0.6979 | Val Acc: 0.2308 | Val P/R/F1 (Macro): 0.2986/0.2500/0.2101 | LR: 0.000001
Epoch [42/100] | Loss: 2.9337 (Cls: 2.5766, Adv: 2.3808) | Train Acc: 0.7604 | Val Acc: 0.2308 | Val P/R/F1 (Macro): 0.2986/0.2500/0.2101 | LR: 0.000001
Epoch [43/100] | Loss: 3.0871 (Cls: 2.7134, Adv: 2.4915) | Train Acc: 0.6667 | Val Acc: 0.2308 | Val P/R/F1 (Macro): 0.2986/0.2500/0.2101 | LR: 0.000001
Epoch [44/100] | Loss: 3.4492 (Cls: 3.0457, Adv: 2.6899) | Train Acc: 0.6354 | Val Acc: 0.2308 | Val P/R/F1 (Macro): 0.2986/0.2500/0.2101 | LR: 0.000001
Epoch [45/100] | Loss: 3.2382 (Cls: 2.8428, Adv: 2.6366) | Train Acc: 0.6042 | Val Acc: 0.2308 | Val P/R/F1 (Macro): 0.3016/0.2500/0.2138 | LR: 0.000001
Epoch [46/100] | Loss: 3.3379 (Cls: 2.9386, Adv: 2.6622) | Train Acc: 0.6562 | Val Acc: 0.2308 | Val P/R/F1 (Macro): 0.2183/0.2500/0.2059 | LR: 0.000001
Epoch [47/100] | Loss: 3.2924 (Cls: 2.9007, Adv: 2.6113) | Train Acc: 0.6354 | Val Acc: 0.2308 | Val P/R/F1 (Macro): 0.1944/0.2500/0.2045 | LR: 0.000001
Epoch [48/100] | Loss: 3.7046 (Cls: 3.2445, Adv: 3.0674) | Train Acc: 0.5833 | Val Acc: 0.2308 | Val P/R/F1 (Macro): 0.3185/0.2500/0.2192 | LR: 0.000001
Epoch [49/100] | Loss: 2.9758 (Cls: 2.5160, Adv: 3.0649) | Train Acc: 0.7396 | Val Acc: 0.2308 | Val P/R/F1 (Macro): 0.2153/0.2500/0.2022 | LR: 0.000001
Epoch [50/100] | Loss: 3.1361 (Cls: 2.7110, Adv: 2.8343) | Train Acc: 0.7500 | Val Acc: 0.2308 | Val P/R/F1 (Macro): 0.2352/0.2500/0.2113 | LR: 0.000001
Epoch [51/100] | Loss: 3.1548 (Cls: 2.7445, Adv: 2.7358) | Train Acc: 0.6771 | Val Acc: 0.2308 | Val P/R/F1 (Macro): 0.2153/0.2500/0.2022 | LR: 0.000001
Epoch [52/100] | Loss: 3.1645 (Cls: 2.7489, Adv: 2.7710) | Train Acc: 0.6562 | Val Acc: 0.2308 | Val P/R/F1 (Macro): 0.2153/0.2500/0.2022 | LR: 0.000001
Epoch [53/100] | Loss: 3.1051 (Cls: 2.6496, Adv: 3.0369) | Train Acc: 0.7708 | Val Acc: 0.2308 | Val P/R/F1 (Macro): 0.1905/0.2500/0.1999 | LR: 0.000001
Epoch [54/100] | Loss: 3.1532 (Cls: 2.7272, Adv: 2.8403) | Train Acc: 0.6562 | Val Acc: 0.2308 | Val P/R/F1 (Macro): 0.1905/0.2500/0.1999 | LR: 0.000001
Epoch [55/100] | Loss: 3.1019 (Cls: 2.6941, Adv: 2.7187) | Train Acc: 0.7083 | Val Acc: 0.2308 | Val P/R/F1 (Macro): 0.1944/0.2500/0.2045 | LR: 0.000001
Epoch [56/100] | Loss: 3.4855 (Cls: 3.0434, Adv: 2.9474) | Train Acc: 0.5729 | Val Acc: 0.2308 | Val P/R/F1 (Macro): 0.2153/0.2500/0.2022 | LR: 0.000001
Epoch [57/100] | Loss: 3.2187 (Cls: 2.7739, Adv: 2.9650) | Train Acc: 0.6875 | Val Acc: 0.2308 | Val P/R/F1 (Macro): 0.1905/0.2500/0.1999 | LR: 0.000001
Epoch [58/100] | Loss: 3.0285 (Cls: 2.5917, Adv: 2.9119) | Train Acc: 0.7500 | Val Acc: 0.2308 | Val P/R/F1 (Macro): 0.1905/0.2500/0.1999 | LR: 0.000001
Epoch [59/100] | Loss: 3.0981 (Cls: 2.6625, Adv: 2.9039) | Train Acc: 0.7083 | Val Acc: 0.2308 | Val P/R/F1 (Macro): 0.2153/0.2500/0.2022 | LR: 0.000001
Epoch [60/100] | Loss: 2.9156 (Cls: 2.4632, Adv: 3.0155) | Train Acc: 0.8021 | Val Acc: 0.2308 | Val P/R/F1 (Macro): 0.1905/0.2500/0.1999 | LR: 0.000001
Epoch [61/100] | Loss: 3.1141 (Cls: 2.6670, Adv: 2.9810) | Train Acc: 0.7396 | Val Acc: 0.2308 | Val P/R/F1 (Macro): 0.2183/0.2500/0.2059 | LR: 0.000001
Epoch [62/100] | Loss: 2.8063 (Cls: 2.3277, Adv: 3.1905) | Train Acc: 0.8125 | Val Acc: 0.2308 | Val P/R/F1 (Macro): 0.1905/0.2500/0.1999 | LR: 0.000001
Epoch [63/100] | Loss: 3.2878 (Cls: 2.7962, Adv: 3.2770) | Train Acc: 0.6771 | Val Acc: 0.2308 | Val P/R/F1 (Macro): 0.2167/0.2500/0.2167 | LR: 0.000001
Epoch [64/100] | Loss: 3.0970 (Cls: 2.5890, Adv: 3.3865) | Train Acc: 0.7500 | Val Acc: 0.2308 | Val P/R/F1 (Macro): 0.1988/0.2500/0.2074 | LR: 0.000001
Epoch [65/100] | Loss: 3.6291 (Cls: 3.1219, Adv: 3.3815) | Train Acc: 0.5729 | Val Acc: 0.2308 | Val P/R/F1 (Macro): 0.2097/0.2500/0.2083 | LR: 0.000001
Epoch [66/100] | Loss: 2.8380 (Cls: 2.3590, Adv: 3.1935) | Train Acc: 0.7604 | Val Acc: 0.2308 | Val P/R/F1 (Macro): 0.2097/0.2500/0.2083 | LR: 0.000001
Epoch [67/100] | Loss: 3.3397 (Cls: 2.8498, Adv: 3.2660) | Train Acc: 0.6562 | Val Acc: 0.2308 | Val P/R/F1 (Macro): 0.2352/0.2500/0.2113 | LR: 0.000001
Epoch [68/100] | Loss: 3.2436 (Cls: 2.7493, Adv: 3.2952) | Train Acc: 0.7292 | Val Acc: 0.2308 | Val P/R/F1 (Macro): 0.2074/0.2500/0.2053 | LR: 0.000001
Epoch [69/100] | Loss: 3.2736 (Cls: 2.7947, Adv: 3.1926) | Train Acc: 0.6354 | Val Acc: 0.2308 | Val P/R/F1 (Macro): 0.2127/0.2500/0.2120 | LR: 0.000001
Epoch [70/100] | Loss: 2.7781 (Cls: 2.3123, Adv: 3.1051) | Train Acc: 0.8229 | Val Acc: 0.2308 | Val P/R/F1 (Macro): 0.2153/0.2500/0.2022 | LR: 0.000001
Epoch [71/100] | Loss: 3.4351 (Cls: 2.9171, Adv: 3.4534) | Train Acc: 0.6354 | Val Acc: 0.2308 | Val P/R/F1 (Macro): 0.1944/0.2500/0.2045 | LR: 0.000001
Epoch [72/100] | Loss: 3.2516 (Cls: 2.7666, Adv: 3.2331) | Train Acc: 0.6875 | Val Acc: 0.2308 | Val P/R/F1 (Macro): 0.2183/0.2500/0.2059 | LR: 0.000001
Epoch [73/100] | Loss: 3.4644 (Cls: 3.0127, Adv: 3.0111) | Train Acc: 0.6458 | Val Acc: 0.2308 | Val P/R/F1 (Macro): 0.2183/0.2500/0.2059 | LR: 0.000001
Epoch [74/100] | Loss: 3.0272 (Cls: 2.5409, Adv: 3.2423) | Train Acc: 0.7292 | Val Acc: 0.2308 | Val P/R/F1 (Macro): 0.2183/0.2500/0.2059 | LR: 0.000001
Epoch [75/100] | Loss: 2.8311 (Cls: 2.3265, Adv: 3.3641) | Train Acc: 0.8229 | Val Acc: 0.2308 | Val P/R/F1 (Macro): 0.2375/0.2500/0.2143 | LR: 0.000001
Epoch [76/100] | Loss: 3.3620 (Cls: 2.8120, Adv: 3.6672) | Train Acc: 0.6562 | Val Acc: 0.2308 | Val P/R/F1 (Macro): 0.3208/0.2500/0.2222 | LR: 0.000001
Epoch [77/100] | Loss: 3.1701 (Cls: 2.6692, Adv: 3.3393) | Train Acc: 0.7188 | Val Acc: 0.2308 | Val P/R/F1 (Macro): 0.3238/0.2500/0.2259 | LR: 0.000001
Epoch [78/100] | Loss: 2.9392 (Cls: 2.4109, Adv: 3.5226) | Train Acc: 0.7812 | Val Acc: 0.2308 | Val P/R/F1 (Macro): 0.3056/0.2500/0.2184 | LR: 0.000001
Epoch [79/100] | Loss: 2.8028 (Cls: 2.2417, Adv: 3.7407) | Train Acc: 0.8125 | Val Acc: 0.2308 | Val P/R/F1 (Macro): 0.2183/0.2500/0.2059 | LR: 0.000001
Epoch [80/100] | Loss: 3.0921 (Cls: 2.5775, Adv: 3.4307) | Train Acc: 0.7917 | Val Acc: 0.2308 | Val P/R/F1 (Macro): 0.2222/0.2500/0.2105 | LR: 0.000001
Epoch [81/100] | Loss: 3.3154 (Cls: 2.7953, Adv: 3.4670) | Train Acc: 0.6875 | Val Acc: 0.2308 | Val P/R/F1 (Macro): 0.2183/0.2500/0.2059 | LR: 0.000001
Epoch [82/100] | Loss: 3.1694 (Cls: 2.6330, Adv: 3.5763) | Train Acc: 0.7188 | Val Acc: 0.2308 | Val P/R/F1 (Macro): 0.2375/0.2500/0.2143 | LR: 0.000001
Epoch [83/100] | Loss: 2.8355 (Cls: 2.3224, Adv: 3.4205) | Train Acc: 0.7708 | Val Acc: 0.2308 | Val P/R/F1 (Macro): 0.2222/0.2500/0.2105 | LR: 0.000001
Epoch [84/100] | Loss: 3.1662 (Cls: 2.6216, Adv: 3.6310) | Train Acc: 0.6979 | Val Acc: 0.2308 | Val P/R/F1 (Macro): 0.1905/0.2500/0.1999 | LR: 0.000001
Epoch [85/100] | Loss: 3.2051 (Cls: 2.7142, Adv: 3.2723) | Train Acc: 0.6979 | Val Acc: 0.2308 | Val P/R/F1 (Macro): 0.1806/0.2500/0.1999 | LR: 0.000001
Epoch [86/100] | Loss: 3.2361 (Cls: 2.6568, Adv: 3.8617) | Train Acc: 0.7083 | Val Acc: 0.2308 | Val P/R/F1 (Macro): 0.1905/0.2500/0.1999 | LR: 0.000001
Epoch [87/100] | Loss: 3.1726 (Cls: 2.6503, Adv: 3.4815) | Train Acc: 0.6875 | Val Acc: 0.2308 | Val P/R/F1 (Macro): 0.2097/0.2500/0.2083 | LR: 0.000001
Epoch [88/100] | Loss: 3.2398 (Cls: 2.6882, Adv: 3.6774) | Train Acc: 0.7188 | Val Acc: 0.2308 | Val P/R/F1 (Macro): 0.1905/0.2500/0.1999 | LR: 0.000001
Epoch [89/100] | Loss: 3.0589 (Cls: 2.4784, Adv: 3.8697) | Train Acc: 0.7292 | Val Acc: 0.2308 | Val P/R/F1 (Macro): 0.2153/0.2500/0.2022 | LR: 0.000001
Epoch [90/100] | Loss: 2.8137 (Cls: 2.2652, Adv: 3.6562) | Train Acc: 0.8125 | Val Acc: 0.2308 | Val P/R/F1 (Macro): 0.2153/0.2500/0.2022 | LR: 0.000001
Epoch [91/100] | Loss: 3.3695 (Cls: 2.8210, Adv: 3.6564) | Train Acc: 0.7083 | Val Acc: 0.2308 | Val P/R/F1 (Macro): 0.2222/0.2500/0.2105 | LR: 0.000001
Epoch [92/100] | Loss: 3.1183 (Cls: 2.6298, Adv: 3.2564) | Train Acc: 0.7188 | Val Acc: 0.2308 | Val P/R/F1 (Macro): 0.2167/0.2500/0.2167 | LR: 0.000001
Epoch [93/100] | Loss: 3.2467 (Cls: 2.6852, Adv: 3.7433) | Train Acc: 0.6979 | Val Acc: 0.2308 | Val P/R/F1 (Macro): 0.2183/0.2500/0.2059 | LR: 0.000001
Epoch [94/100] | Loss: 3.2393 (Cls: 2.7122, Adv: 3.5141) | Train Acc: 0.6354 | Val Acc: 0.2308 | Val P/R/F1 (Macro): 0.2352/0.2500/0.2113 | LR: 0.000001
Epoch [95/100] | Loss: 3.1150 (Cls: 2.5376, Adv: 3.8494) | Train Acc: 0.7604 | Val Acc: 0.2308 | Val P/R/F1 (Macro): 0.2352/0.2500/0.2113 | LR: 0.000001
Epoch [96/100] | Loss: 3.0648 (Cls: 2.4965, Adv: 3.7885) | Train Acc: 0.7292 | Val Acc: 0.2308 | Val P/R/F1 (Macro): 0.2352/0.2500/0.2113 | LR: 0.000001
Epoch [97/100] | Loss: 3.0640 (Cls: 2.5269, Adv: 3.5806) | Train Acc: 0.7812 | Val Acc: 0.2308 | Val P/R/F1 (Macro): 0.2352/0.2500/0.2113 | LR: 0.000001
Epoch [98/100] | Loss: 3.2852 (Cls: 2.7324, Adv: 3.6852) | Train Acc: 0.6979 | Val Acc: 0.2308 | Val P/R/F1 (Macro): 0.2153/0.2500/0.2022 | LR: 0.000001
Epoch [99/100] | Loss: 3.0742 (Cls: 2.5209, Adv: 3.6888) | Train Acc: 0.7604 | Val Acc: 0.2308 | Val P/R/F1 (Macro): 0.2153/0.2500/0.2022 | LR: 0.000001
Epoch [100/100] | Loss: 3.1193 (Cls: 2.5827, Adv: 3.5774) | Train Acc: 0.7292 | Val Acc: 0.2308 | Val P/R/F1 (Macro): 0.2153/0.2500/0.2022 | LR: 0.000001

迭代 5 最佳指标:
  Accuracy: 0.3077
  Precision (Macro): 0.2681
  Recall (Macro): 0.3667
  F1 (Macro): 0.2042
  Precision (Micro): 0.3077
  Recall (Micro): 0.3077
  F1 (Micro): 0.3077
  Val class coverage: 6/14 (0.4286), samples=26

================================================================================
5次迭代统计结果
================================================================================

accuracy:
  各迭代值: ['0.3462', '0.1923', '0.3462', '0.2692', '0.3077']
  均值 (Mean): 0.2923
  标准差 (Std): 0.0576

precision_macro:
  各迭代值: ['0.2619', '0.1667', '0.3225', '0.2361', '0.2681']
  均值 (Mean): 0.2511
  标准差 (Std): 0.0507

recall_macro:
  各迭代值: ['0.3000', '0.1667', '0.2500', '0.2500', '0.3667']
  均值 (Mean): 0.2667
  标准差 (Std): 0.0658

f1_macro:
  各迭代值: ['0.2613', '0.1502', '0.2368', '0.2348', '0.2042']
  均值 (Mean): 0.2175
  标准差 (Std): 0.0382

precision_micro:
  各迭代值: ['0.3462', '0.1923', '0.3462', '0.2692', '0.3077']
  均值 (Mean): 0.2923
  标准差 (Std): 0.0576

recall_micro:
  各迭代值: ['0.3462', '0.1923', '0.3462', '0.2692', '0.3077']
  均值 (Mean): 0.2923
  标准差 (Std): 0.0576

f1_micro:
  各迭代值: ['0.3462', '0.1923', '0.3462', '0.2692', '0.3077']
  均值 (Mean): 0.2923
  标准差 (Std): 0.0576

val_class_coverage:
  各迭代值: ['0.4286', '0.4286', '0.4286', '0.4286', '0.4286']
  均值 (Mean): 0.4286
  标准差 (Std): 0.0000

val_present_classes:
  各迭代值: ['6.0000', '6.0000', '6.0000', '6.0000', '6.0000']
  均值 (Mean): 6.0000
  标准差 (Std): 0.0000

val_total_classes:
  各迭代值: ['14.0000', '14.0000', '14.0000', '14.0000', '14.0000']
  均值 (Mean): 14.0000
  标准差 (Std): 0.0000

val_samples:
  各迭代值: ['26.0000', '26.0000', '26.0000', '26.0000', '26.0000']
  均值 (Mean): 26.0000
  标准差 (Std): 0.0000

训练结束时间: 2026-07-09 17:02:29
================================================================================

[Batch 1/1] modality=vis, target=/home/lixiang/lx/Data/雨天
[VIS] 加载完成: 986 个样本, 14 个类别
[VIS] 加载完成: 96 个样本, 14 个类别
[VIS] 加载完成: 26 个样本, 14 个类别
[VIS] 加载完成: 986 个样本, 14 个类别
[VIS] 加载完成: 96 个样本, 14 个类别
[VIS] 加载完成: 26 个样本, 14 个类别
[VIS] 加载完成: 986 个样本, 14 个类别
[VIS] 加载完成: 96 个样本, 14 个类别
[VIS] 加载完成: 26 个样本, 14 个类别
[VIS] 加载完成: 986 个样本, 14 个类别
[VIS] 加载完成: 96 个样本, 14 个类别
[VIS] 加载完成: 26 个样本, 14 个类别
[VIS] 加载完成: 986 个样本, 14 个类别
[VIS] 加载完成: 96 个样本, 14 个类别
[VIS] 加载完成: 26 个样本, 14 个类别

================================================================================
批量实验完成，结果汇总:
================================================================================
01. modality=vis | target=雨天 | Accuracy: 0.2923 ± 0.0576
================================================================================
