COMMAND: /home/lixiang/envs/lx_pytorch/bin/python main_single.py --source_root /home/lixiang/lx/Data/晴天 --target_root /home/lixiang/lx/Data/逆光 --ais_data_path /home/lixiang/lx/Data/AIS/balanced_AIS-dataset_16classes_100persample.mat --modality ir --num_iterations 5 --epochs 100 --batch_size 32
CWD: /home/lixiang/lx/JMDA/Ablation/signle modal
================================================================================
================================================================================
单模态消融实验 - IR
目标域天气: 逆光
训练开始时间: 2026-07-09 16:38:19
设备: cuda
模态: ir
源域: /home/lixiang/lx/Data/晴天
目标域: /home/lixiang/lx/Data/逆光
批次大小: 32
总轮数: 100
迭代次数: 5
特征维度: 512
域适应: 启用
================================================================================

================================================================================
迭代 1/5
随机种子: 42
================================================================================
Training mode: unsupervised target adaptation (target labels ignored in training).
/home/lixiang/envs/lx_pytorch/lib/python3.11/site-packages/torch/cuda/__init__.py:235: UserWarning: 
NVIDIA GeForce RTX 5090 with CUDA capability sm_120 is not compatible with the current PyTorch installation.
The current PyTorch install supports CUDA capabilities sm_50 sm_60 sm_61 sm_70 sm_75 sm_80 sm_86 sm_89 sm_90 compute_90.
If you want to use the NVIDIA GeForce RTX 5090 GPU with PyTorch, please check the instructions at https://pytorch.org/get-started/locally/

  warnings.warn(
Epoch [1/100] | Loss: 6.1960 (Cls: 6.1541, Adv: 0.2793) | Train Acc: 0.0781 | Val Acc: 0.1081 | Val P/R/F1 (Macro): 0.0120/0.1111/0.0217 | LR: 0.000010
  >>> New Best Val Acc: 0.1081
Epoch [2/100] | Loss: 5.3699 (Cls: 5.3304, Adv: 0.2632) | Train Acc: 0.1719 | Val Acc: 0.1622 | Val P/R/F1 (Macro): 0.0180/0.1111/0.0310 | LR: 0.000010
  >>> New Best Val Acc: 0.1622
Epoch [3/100] | Loss: 5.2559 (Cls: 5.2234, Adv: 0.2164) | Train Acc: 0.1953 | Val Acc: 0.1622 | Val P/R/F1 (Macro): 0.0190/0.1111/0.0325 | LR: 0.000010
Epoch [4/100] | Loss: 5.0353 (Cls: 4.9902, Adv: 0.3004) | Train Acc: 0.2266 | Val Acc: 0.0000 | Val P/R/F1 (Macro): 0.0000/0.0000/0.0000 | LR: 0.000010
Epoch [5/100] | Loss: 4.7342 (Cls: 4.6698, Adv: 0.4296) | Train Acc: 0.2891 | Val Acc: 0.0000 | Val P/R/F1 (Macro): 0.0000/0.0000/0.0000 | LR: 0.000010
Epoch [6/100] | Loss: 4.9519 (Cls: 4.8670, Adv: 0.5662) | Train Acc: 0.2891 | Val Acc: 0.0270 | Val P/R/F1 (Macro): 0.1111/0.0278/0.0444 | LR: 0.000010
Epoch [7/100] | Loss: 4.7163 (Cls: 4.6077, Adv: 0.7243) | Train Acc: 0.3203 | Val Acc: 0.1081 | Val P/R/F1 (Macro): 0.1455/0.0926/0.0893 | LR: 0.000010
Epoch [8/100] | Loss: 4.6987 (Cls: 4.5565, Adv: 0.9480) | Train Acc: 0.3281 | Val Acc: 0.1081 | Val P/R/F1 (Macro): 0.1574/0.0926/0.0969 | LR: 0.000010
Epoch [9/100] | Loss: 4.4601 (Cls: 4.3040, Adv: 1.0402) | Train Acc: 0.3203 | Val Acc: 0.0270 | Val P/R/F1 (Macro): 0.0556/0.0139/0.0222 | LR: 0.000010
Epoch [10/100] | Loss: 4.5712 (Cls: 4.3649, Adv: 1.3749) | Train Acc: 0.3750 | Val Acc: 0.1081 | Val P/R/F1 (Macro): 0.1574/0.1111/0.1283 | LR: 0.000010
Epoch [11/100] | Loss: 4.4776 (Cls: 4.2070, Adv: 1.8039) | Train Acc: 0.4297 | Val Acc: 0.2162 | Val P/R/F1 (Macro): 0.2386/0.1944/0.1836 | LR: 0.000010
  >>> New Best Val Acc: 0.2162
Epoch [12/100] | Loss: 4.1910 (Cls: 3.9079, Adv: 1.8870) | Train Acc: 0.4766 | Val Acc: 0.2703 | Val P/R/F1 (Macro): 0.1667/0.2407/0.1938 | LR: 0.000010
  >>> New Best Val Acc: 0.2703
Epoch [13/100] | Loss: 4.1788 (Cls: 3.8761, Adv: 2.0180) | Train Acc: 0.4922 | Val Acc: 0.2162 | Val P/R/F1 (Macro): 0.3365/0.1806/0.1945 | LR: 0.000010
Epoch [14/100] | Loss: 4.2938 (Cls: 3.9567, Adv: 2.2476) | Train Acc: 0.4922 | Val Acc: 0.2432 | Val P/R/F1 (Macro): 0.1296/0.2407/0.1635 | LR: 0.000010
Epoch [15/100] | Loss: 4.4507 (Cls: 4.0922, Adv: 2.3900) | Train Acc: 0.5000 | Val Acc: 0.2432 | Val P/R/F1 (Macro): 0.1222/0.2222/0.1423 | LR: 0.000010
Epoch [16/100] | Loss: 3.9354 (Cls: 3.5746, Adv: 2.4050) | Train Acc: 0.5781 | Val Acc: 0.1622 | Val P/R/F1 (Macro): 0.1507/0.2593/0.1722 | LR: 0.000010
Epoch [17/100] | Loss: 3.7870 (Cls: 3.4107, Adv: 2.5090) | Train Acc: 0.5703 | Val Acc: 0.1892 | Val P/R/F1 (Macro): 0.2361/0.2639/0.2234 | LR: 0.000010
Epoch [18/100] | Loss: 3.4643 (Cls: 3.0720, Adv: 2.6148) | Train Acc: 0.6797 | Val Acc: 0.2432 | Val P/R/F1 (Macro): 0.3120/0.2176/0.2225 | LR: 0.000010
Epoch [19/100] | Loss: 3.7908 (Cls: 3.4182, Adv: 2.4839) | Train Acc: 0.6016 | Val Acc: 0.2162 | Val P/R/F1 (Macro): 0.2302/0.1944/0.1737 | LR: 0.000010
Epoch [20/100] | Loss: 3.6270 (Cls: 3.2316, Adv: 2.6360) | Train Acc: 0.6172 | Val Acc: 0.2973 | Val P/R/F1 (Macro): 0.3130/0.3704/0.3052 | LR: 0.000010
  >>> New Best Val Acc: 0.2973
Epoch [21/100] | Loss: 3.6235 (Cls: 3.2138, Adv: 2.7314) | Train Acc: 0.6250 | Val Acc: 0.2973 | Val P/R/F1 (Macro): 0.3089/0.3519/0.2899 | LR: 0.000010
Epoch [22/100] | Loss: 3.6425 (Cls: 3.2070, Adv: 2.9039) | Train Acc: 0.6641 | Val Acc: 0.1892 | Val P/R/F1 (Macro): 0.2379/0.1574/0.1600 | LR: 0.000010
Epoch [23/100] | Loss: 3.6982 (Cls: 3.2453, Adv: 3.0193) | Train Acc: 0.6172 | Val Acc: 0.2162 | Val P/R/F1 (Macro): 0.2564/0.1944/0.2023 | LR: 0.000010
Epoch [24/100] | Loss: 3.3683 (Cls: 2.9571, Adv: 2.7415) | Train Acc: 0.6641 | Val Acc: 0.2703 | Val P/R/F1 (Macro): 0.3222/0.3241/0.2839 | LR: 0.000010
Epoch [25/100] | Loss: 3.6540 (Cls: 3.2486, Adv: 2.7022) | Train Acc: 0.6016 | Val Acc: 0.2432 | Val P/R/F1 (Macro): 0.1753/0.2963/0.2136 | LR: 0.000010
Epoch [26/100] | Loss: 3.8547 (Cls: 3.3951, Adv: 3.0639) | Train Acc: 0.5859 | Val Acc: 0.2973 | Val P/R/F1 (Macro): 0.2383/0.3611/0.2728 | LR: 0.000010
Epoch [27/100] | Loss: 3.3524 (Cls: 2.8536, Adv: 3.3251) | Train Acc: 0.6797 | Val Acc: 0.1892 | Val P/R/F1 (Macro): 0.1759/0.2500/0.1774 | LR: 0.000010
Epoch [28/100] | Loss: 3.6205 (Cls: 3.1311, Adv: 3.2629) | Train Acc: 0.6484 | Val Acc: 0.2162 | Val P/R/F1 (Macro): 0.2447/0.2593/0.1898 | LR: 0.000010
Epoch [29/100] | Loss: 3.0969 (Cls: 2.6013, Adv: 3.3040) | Train Acc: 0.7891 | Val Acc: 0.1892 | Val P/R/F1 (Macro): 0.1552/0.2407/0.1581 | LR: 0.000010
Epoch [30/100] | Loss: 3.6422 (Cls: 3.1660, Adv: 3.1747) | Train Acc: 0.6250 | Val Acc: 0.2703 | Val P/R/F1 (Macro): 0.2531/0.3241/0.2558 | LR: 0.000010
Epoch [31/100] | Loss: 3.2659 (Cls: 2.7752, Adv: 3.2712) | Train Acc: 0.6953 | Val Acc: 0.2973 | Val P/R/F1 (Macro): 0.2944/0.3611/0.3024 | LR: 0.000005
Epoch [32/100] | Loss: 3.3379 (Cls: 2.8401, Adv: 3.3184) | Train Acc: 0.6719 | Val Acc: 0.2162 | Val P/R/F1 (Macro): 0.2037/0.2778/0.2108 | LR: 0.000005
Epoch [33/100] | Loss: 3.2522 (Cls: 2.7633, Adv: 3.2587) | Train Acc: 0.7109 | Val Acc: 0.2432 | Val P/R/F1 (Macro): 0.2593/0.3056/0.2478 | LR: 0.000005
Epoch [34/100] | Loss: 3.2972 (Cls: 2.7751, Adv: 3.4803) | Train Acc: 0.7109 | Val Acc: 0.2162 | Val P/R/F1 (Macro): 0.2071/0.2685/0.2084 | LR: 0.000005
Epoch [35/100] | Loss: 3.1772 (Cls: 2.6779, Adv: 3.3288) | Train Acc: 0.7344 | Val Acc: 0.2162 | Val P/R/F1 (Macro): 0.1667/0.2685/0.1922 | LR: 0.000005
Epoch [36/100] | Loss: 3.2250 (Cls: 2.7532, Adv: 3.1453) | Train Acc: 0.7266 | Val Acc: 0.2162 | Val P/R/F1 (Macro): 0.1463/0.2685/0.1750 | LR: 0.000005
Epoch [37/100] | Loss: 3.0653 (Cls: 2.5518, Adv: 3.4234) | Train Acc: 0.7578 | Val Acc: 0.2432 | Val P/R/F1 (Macro): 0.2534/0.3056/0.2100 | LR: 0.000005
Epoch [38/100] | Loss: 2.9889 (Cls: 2.4652, Adv: 3.4916) | Train Acc: 0.7422 | Val Acc: 0.2703 | Val P/R/F1 (Macro): 0.3344/0.3333/0.2683 | LR: 0.000005
Epoch [39/100] | Loss: 3.4441 (Cls: 2.9007, Adv: 3.6227) | Train Acc: 0.6562 | Val Acc: 0.2703 | Val P/R/F1 (Macro): 0.4153/0.3333/0.2963 | LR: 0.000005
Epoch [40/100] | Loss: 3.0951 (Cls: 2.5362, Adv: 3.7257) | Train Acc: 0.7500 | Val Acc: 0.2973 | Val P/R/F1 (Macro): 0.3430/0.3519/0.2937 | LR: 0.000005
Epoch [41/100] | Loss: 3.1432 (Cls: 2.6066, Adv: 3.5776) | Train Acc: 0.7969 | Val Acc: 0.2973 | Val P/R/F1 (Macro): 0.2796/0.3611/0.2839 | LR: 0.000005
Epoch [42/100] | Loss: 2.9590 (Cls: 2.3864, Adv: 3.8170) | Train Acc: 0.8125 | Val Acc: 0.2973 | Val P/R/F1 (Macro): 0.2759/0.3611/0.2873 | LR: 0.000003
Epoch [43/100] | Loss: 2.8790 (Cls: 2.3530, Adv: 3.5066) | Train Acc: 0.7578 | Val Acc: 0.2162 | Val P/R/F1 (Macro): 0.1852/0.2778/0.1978 | LR: 0.000003
Epoch [44/100] | Loss: 2.9017 (Cls: 2.3466, Adv: 3.7007) | Train Acc: 0.8125 | Val Acc: 0.2162 | Val P/R/F1 (Macro): 0.1944/0.2778/0.2089 | LR: 0.000003
Epoch [45/100] | Loss: 3.1098 (Cls: 2.5592, Adv: 3.6707) | Train Acc: 0.7500 | Val Acc: 0.2162 | Val P/R/F1 (Macro): 0.1923/0.2778/0.1973 | LR: 0.000003
Epoch [46/100] | Loss: 3.0968 (Cls: 2.5424, Adv: 3.6962) | Train Acc: 0.7812 | Val Acc: 0.2162 | Val P/R/F1 (Macro): 0.1886/0.2778/0.1920 | LR: 0.000003
Epoch [47/100] | Loss: 3.1997 (Cls: 2.6384, Adv: 3.7419) | Train Acc: 0.7266 | Val Acc: 0.2432 | Val P/R/F1 (Macro): 0.2481/0.3056/0.2323 | LR: 0.000003
Epoch [48/100] | Loss: 3.0313 (Cls: 2.4658, Adv: 3.7701) | Train Acc: 0.7656 | Val Acc: 0.2703 | Val P/R/F1 (Macro): 0.2778/0.3333/0.2667 | LR: 0.000003
Epoch [49/100] | Loss: 3.0508 (Cls: 2.4604, Adv: 3.9364) | Train Acc: 0.7578 | Val Acc: 0.2703 | Val P/R/F1 (Macro): 0.2716/0.3333/0.2624 | LR: 0.000003
Epoch [50/100] | Loss: 3.0163 (Cls: 2.4288, Adv: 3.9164) | Train Acc: 0.7656 | Val Acc: 0.2703 | Val P/R/F1 (Macro): 0.2568/0.3333/0.2554 | LR: 0.000003
Epoch [51/100] | Loss: 2.8887 (Cls: 2.3054, Adv: 3.8887) | Train Acc: 0.8047 | Val Acc: 0.2703 | Val P/R/F1 (Macro): 0.2623/0.3333/0.2585 | LR: 0.000003
Epoch [52/100] | Loss: 2.9385 (Cls: 2.3495, Adv: 3.9267) | Train Acc: 0.7812 | Val Acc: 0.2973 | Val P/R/F1 (Macro): 0.3222/0.3519/0.2887 | LR: 0.000003
Epoch [53/100] | Loss: 3.1051 (Cls: 2.4957, Adv: 4.0627) | Train Acc: 0.6953 | Val Acc: 0.2973 | Val P/R/F1 (Macro): 0.3259/0.3519/0.2940 | LR: 0.000001
Epoch [54/100] | Loss: 2.9268 (Cls: 2.3381, Adv: 3.9251) | Train Acc: 0.7891 | Val Acc: 0.2973 | Val P/R/F1 (Macro): 0.3130/0.3519/0.2935 | LR: 0.000001
Epoch [55/100] | Loss: 3.1473 (Cls: 2.5613, Adv: 3.9067) | Train Acc: 0.7656 | Val Acc: 0.2973 | Val P/R/F1 (Macro): 0.3963/0.3519/0.3079 | LR: 0.000001
Epoch [56/100] | Loss: 2.9160 (Cls: 2.3066, Adv: 4.0626) | Train Acc: 0.7891 | Val Acc: 0.2703 | Val P/R/F1 (Macro): 0.2759/0.3333/0.2714 | LR: 0.000001
Epoch [57/100] | Loss: 2.6609 (Cls: 2.0661, Adv: 3.9656) | Train Acc: 0.8438 | Val Acc: 0.2703 | Val P/R/F1 (Macro): 0.2759/0.3333/0.2714 | LR: 0.000001
Epoch [58/100] | Loss: 3.0841 (Cls: 2.4975, Adv: 3.9106) | Train Acc: 0.7812 | Val Acc: 0.3243 | Val P/R/F1 (Macro): 0.4672/0.3704/0.3257 | LR: 0.000001
  >>> New Best Val Acc: 0.3243
Epoch [59/100] | Loss: 2.9037 (Cls: 2.3014, Adv: 4.0155) | Train Acc: 0.7812 | Val Acc: 0.2973 | Val P/R/F1 (Macro): 0.2820/0.3519/0.2812 | LR: 0.000001
Epoch [60/100] | Loss: 2.7215 (Cls: 2.1026, Adv: 4.1264) | Train Acc: 0.8672 | Val Acc: 0.3243 | Val P/R/F1 (Macro): 0.4116/0.3704/0.3183 | LR: 0.000001
Epoch [61/100] | Loss: 2.7956 (Cls: 2.2012, Adv: 3.9629) | Train Acc: 0.8281 | Val Acc: 0.3514 | Val P/R/F1 (Macro): 0.4764/0.3981/0.3455 | LR: 0.000001
  >>> New Best Val Acc: 0.3514
Epoch [62/100] | Loss: 3.0541 (Cls: 2.4538, Adv: 4.0019) | Train Acc: 0.7891 | Val Acc: 0.2973 | Val P/R/F1 (Macro): 0.3444/0.3519/0.2971 | LR: 0.000001
Epoch [63/100] | Loss: 2.8641 (Cls: 2.2777, Adv: 3.9095) | Train Acc: 0.7578 | Val Acc: 0.2973 | Val P/R/F1 (Macro): 0.3407/0.3519/0.2918 | LR: 0.000001
Epoch [64/100] | Loss: 3.2035 (Cls: 2.5777, Adv: 4.1719) | Train Acc: 0.7188 | Val Acc: 0.2973 | Val P/R/F1 (Macro): 0.3315/0.3519/0.2992 | LR: 0.000001
Epoch [65/100] | Loss: 2.8979 (Cls: 2.2848, Adv: 4.0875) | Train Acc: 0.7969 | Val Acc: 0.2973 | Val P/R/F1 (Macro): 0.3222/0.3519/0.2865 | LR: 0.000001
Epoch [66/100] | Loss: 2.8199 (Cls: 2.2096, Adv: 4.0689) | Train Acc: 0.8516 | Val Acc: 0.2703 | Val P/R/F1 (Macro): 0.3259/0.3333/0.2644 | LR: 0.000001
Epoch [67/100] | Loss: 3.0805 (Cls: 2.4537, Adv: 4.1788) | Train Acc: 0.7734 | Val Acc: 0.2973 | Val P/R/F1 (Macro): 0.3778/0.3519/0.2961 | LR: 0.000001
Epoch [68/100] | Loss: 2.7093 (Cls: 2.0901, Adv: 4.1281) | Train Acc: 0.8281 | Val Acc: 0.2973 | Val P/R/F1 (Macro): 0.3963/0.3519/0.2992 | LR: 0.000001
Epoch [69/100] | Loss: 3.1484 (Cls: 2.4788, Adv: 4.4639) | Train Acc: 0.7500 | Val Acc: 0.2973 | Val P/R/F1 (Macro): 0.3593/0.3519/0.2971 | LR: 0.000001
Epoch [70/100] | Loss: 2.8105 (Cls: 2.1665, Adv: 4.2934) | Train Acc: 0.8438 | Val Acc: 0.2973 | Val P/R/F1 (Macro): 0.2994/0.3519/0.2832 | LR: 0.000001
Epoch [71/100] | Loss: 2.9370 (Cls: 2.2732, Adv: 4.4258) | Train Acc: 0.7969 | Val Acc: 0.2973 | Val P/R/F1 (Macro): 0.3963/0.3519/0.2992 | LR: 0.000001
Epoch [72/100] | Loss: 2.9098 (Cls: 2.2505, Adv: 4.3950) | Train Acc: 0.8047 | Val Acc: 0.3243 | Val P/R/F1 (Macro): 0.4579/0.3704/0.3130 | LR: 0.000001
Epoch [73/100] | Loss: 2.8133 (Cls: 2.1823, Adv: 4.2069) | Train Acc: 0.8047 | Val Acc: 0.3243 | Val P/R/F1 (Macro): 0.4579/0.3704/0.3130 | LR: 0.000001
Epoch [74/100] | Loss: 2.9340 (Cls: 2.3028, Adv: 4.2080) | Train Acc: 0.8047 | Val Acc: 0.3243 | Val P/R/F1 (Macro): 0.4024/0.3704/0.3056 | LR: 0.000001
Epoch [75/100] | Loss: 2.8759 (Cls: 2.2250, Adv: 4.3392) | Train Acc: 0.8125 | Val Acc: 0.3243 | Val P/R/F1 (Macro): 0.4024/0.3704/0.3056 | LR: 0.000001
Epoch [76/100] | Loss: 2.8216 (Cls: 2.1806, Adv: 4.2737) | Train Acc: 0.7812 | Val Acc: 0.3243 | Val P/R/F1 (Macro): 0.4024/0.3704/0.3056 | LR: 0.000001
Epoch [77/100] | Loss: 2.6837 (Cls: 2.0041, Adv: 4.5302) | Train Acc: 0.8203 | Val Acc: 0.3243 | Val P/R/F1 (Macro): 0.4024/0.3704/0.3056 | LR: 0.000001
Epoch [78/100] | Loss: 2.7937 (Cls: 2.1593, Adv: 4.2295) | Train Acc: 0.8281 | Val Acc: 0.3243 | Val P/R/F1 (Macro): 0.4024/0.3704/0.3090 | LR: 0.000001
Epoch [79/100] | Loss: 2.9461 (Cls: 2.2978, Adv: 4.3223) | Train Acc: 0.7969 | Val Acc: 0.3243 | Val P/R/F1 (Macro): 0.3468/0.3704/0.3016 | LR: 0.000001
Epoch [80/100] | Loss: 2.7286 (Cls: 2.1015, Adv: 4.1811) | Train Acc: 0.8359 | Val Acc: 0.2973 | Val P/R/F1 (Macro): 0.3259/0.3519/0.2940 | LR: 0.000001
Epoch [81/100] | Loss: 2.7225 (Cls: 2.0805, Adv: 4.2799) | Train Acc: 0.8438 | Val Acc: 0.2973 | Val P/R/F1 (Macro): 0.3444/0.3519/0.2971 | LR: 0.000001
Epoch [82/100] | Loss: 2.8569 (Cls: 2.2012, Adv: 4.3715) | Train Acc: 0.7891 | Val Acc: 0.2973 | Val P/R/F1 (Macro): 0.3259/0.3519/0.2940 | LR: 0.000001
Epoch [83/100] | Loss: 2.9615 (Cls: 2.2870, Adv: 4.4964) | Train Acc: 0.7656 | Val Acc: 0.2973 | Val P/R/F1 (Macro): 0.3870/0.3519/0.3088 | LR: 0.000001
Epoch [84/100] | Loss: 2.7994 (Cls: 2.1333, Adv: 4.4402) | Train Acc: 0.8359 | Val Acc: 0.2973 | Val P/R/F1 (Macro): 0.3500/0.3519/0.3045 | LR: 0.000001
Epoch [85/100] | Loss: 3.1502 (Cls: 2.4958, Adv: 4.3630) | Train Acc: 0.7578 | Val Acc: 0.2973 | Val P/R/F1 (Macro): 0.3444/0.3519/0.2971 | LR: 0.000001
Epoch [86/100] | Loss: 2.7405 (Cls: 2.0792, Adv: 4.4084) | Train Acc: 0.8125 | Val Acc: 0.3243 | Val P/R/F1 (Macro): 0.4061/0.3704/0.3109 | LR: 0.000001
Epoch [87/100] | Loss: 2.7168 (Cls: 2.0758, Adv: 4.2736) | Train Acc: 0.8438 | Val Acc: 0.3243 | Val P/R/F1 (Macro): 0.3981/0.3704/0.3054 | LR: 0.000001
Epoch [88/100] | Loss: 2.9473 (Cls: 2.2804, Adv: 4.4464) | Train Acc: 0.7891 | Val Acc: 0.3243 | Val P/R/F1 (Macro): 0.4024/0.3704/0.3090 | LR: 0.000001
Epoch [89/100] | Loss: 2.7537 (Cls: 2.1030, Adv: 4.3385) | Train Acc: 0.8125 | Val Acc: 0.3243 | Val P/R/F1 (Macro): 0.3426/0.3704/0.2980 | LR: 0.000001
Epoch [90/100] | Loss: 2.5658 (Cls: 1.8856, Adv: 4.5347) | Train Acc: 0.9062 | Val Acc: 0.3243 | Val P/R/F1 (Macro): 0.3468/0.3704/0.3016 | LR: 0.000001
Epoch [91/100] | Loss: 2.8877 (Cls: 2.2197, Adv: 4.4535) | Train Acc: 0.7969 | Val Acc: 0.2973 | Val P/R/F1 (Macro): 0.3367/0.3519/0.2885 | LR: 0.000001
Epoch [92/100] | Loss: 2.9201 (Cls: 2.2557, Adv: 4.4292) | Train Acc: 0.7891 | Val Acc: 0.2703 | Val P/R/F1 (Macro): 0.2667/0.3333/0.2587 | LR: 0.000001
Epoch [93/100] | Loss: 2.7692 (Cls: 2.0972, Adv: 4.4797) | Train Acc: 0.8438 | Val Acc: 0.2973 | Val P/R/F1 (Macro): 0.3407/0.3519/0.2918 | LR: 0.000001
Epoch [94/100] | Loss: 3.0846 (Cls: 2.4195, Adv: 4.4340) | Train Acc: 0.7812 | Val Acc: 0.2973 | Val P/R/F1 (Macro): 0.3222/0.3519/0.2887 | LR: 0.000001
Epoch [95/100] | Loss: 2.7887 (Cls: 2.1114, Adv: 4.5152) | Train Acc: 0.8359 | Val Acc: 0.2973 | Val P/R/F1 (Macro): 0.3778/0.3519/0.2961 | LR: 0.000001
Epoch [96/100] | Loss: 2.6876 (Cls: 2.0382, Adv: 4.3296) | Train Acc: 0.8594 | Val Acc: 0.2973 | Val P/R/F1 (Macro): 0.3778/0.3519/0.2961 | LR: 0.000001
Epoch [97/100] | Loss: 2.7985 (Cls: 2.1497, Adv: 4.3257) | Train Acc: 0.8438 | Val Acc: 0.2973 | Val P/R/F1 (Macro): 0.3182/0.3519/0.2854 | LR: 0.000001
Epoch [98/100] | Loss: 2.8589 (Cls: 2.1764, Adv: 4.5500) | Train Acc: 0.7891 | Val Acc: 0.3243 | Val P/R/F1 (Macro): 0.3241/0.3704/0.2949 | LR: 0.000001
Epoch [99/100] | Loss: 2.8478 (Cls: 2.1925, Adv: 4.3684) | Train Acc: 0.8281 | Val Acc: 0.3243 | Val P/R/F1 (Macro): 0.3838/0.3704/0.3059 | LR: 0.000001
Epoch [100/100] | Loss: 3.0020 (Cls: 2.2971, Adv: 4.6999) | Train Acc: 0.7734 | Val Acc: 0.3243 | Val P/R/F1 (Macro): 0.3283/0.3704/0.2985 | LR: 0.000001

迭代 1 最佳指标:
  Accuracy: 0.3514
  Precision (Macro): 0.4764
  Recall (Macro): 0.3981
  F1 (Macro): 0.3455
  Precision (Micro): 0.3514
  Recall (Micro): 0.3514
  F1 (Micro): 0.3514
  Val class coverage: 9/14 (0.6429), samples=37

================================================================================
迭代 2/5
随机种子: 43
================================================================================
Training mode: unsupervised target adaptation (target labels ignored in training).
Epoch [1/100] | Loss: 5.8590 (Cls: 5.8232, Adv: 0.2388) | Train Acc: 0.1250 | Val Acc: 0.0000 | Val P/R/F1 (Macro): 0.0000/0.0000/0.0000 | LR: 0.000010
Epoch [2/100] | Loss: 5.5539 (Cls: 5.5215, Adv: 0.2159) | Train Acc: 0.1953 | Val Acc: 0.0000 | Val P/R/F1 (Macro): 0.0000/0.0000/0.0000 | LR: 0.000010
Epoch [3/100] | Loss: 5.4477 (Cls: 5.4217, Adv: 0.1732) | Train Acc: 0.2109 | Val Acc: 0.0000 | Val P/R/F1 (Macro): 0.0000/0.0000/0.0000 | LR: 0.000010
Epoch [4/100] | Loss: 5.0107 (Cls: 4.9861, Adv: 0.1635) | Train Acc: 0.2109 | Val Acc: 0.0000 | Val P/R/F1 (Macro): 0.0000/0.0000/0.0000 | LR: 0.000010
Epoch [5/100] | Loss: 4.9697 (Cls: 4.9278, Adv: 0.2799) | Train Acc: 0.2422 | Val Acc: 0.0000 | Val P/R/F1 (Macro): 0.0000/0.0000/0.0000 | LR: 0.000010
Epoch [6/100] | Loss: 4.9963 (Cls: 4.9407, Adv: 0.3708) | Train Acc: 0.2031 | Val Acc: 0.0270 | Val P/R/F1 (Macro): 0.0278/0.0278/0.0278 | LR: 0.000010
  >>> New Best Val Acc: 0.0270
Epoch [7/100] | Loss: 4.8140 (Cls: 4.7390, Adv: 0.5002) | Train Acc: 0.2500 | Val Acc: 0.0541 | Val P/R/F1 (Macro): 0.0778/0.0324/0.0449 | LR: 0.000010
  >>> New Best Val Acc: 0.0541
Epoch [8/100] | Loss: 4.5977 (Cls: 4.4772, Adv: 0.8030) | Train Acc: 0.3125 | Val Acc: 0.1892 | Val P/R/F1 (Macro): 0.1517/0.1713/0.1556 | LR: 0.000010
  >>> New Best Val Acc: 0.1892
Epoch [9/100] | Loss: 4.5171 (Cls: 4.3483, Adv: 1.1255) | Train Acc: 0.3203 | Val Acc: 0.2432 | Val P/R/F1 (Macro): 0.0739/0.2037/0.1078 | LR: 0.000010
  >>> New Best Val Acc: 0.2432
Epoch [10/100] | Loss: 4.3517 (Cls: 4.1278, Adv: 1.4925) | Train Acc: 0.4297 | Val Acc: 0.2703 | Val P/R/F1 (Macro): 0.0734/0.2222/0.1103 | LR: 0.000010
  >>> New Best Val Acc: 0.2703
Epoch [11/100] | Loss: 4.5815 (Cls: 4.3247, Adv: 1.7121) | Train Acc: 0.3594 | Val Acc: 0.4054 | Val P/R/F1 (Macro): 0.2316/0.4306/0.2918 | LR: 0.000010
  >>> New Best Val Acc: 0.4054
Epoch [12/100] | Loss: 4.1843 (Cls: 3.9085, Adv: 1.8391) | Train Acc: 0.5000 | Val Acc: 0.3243 | Val P/R/F1 (Macro): 0.2910/0.3889/0.3185 | LR: 0.000010
Epoch [13/100] | Loss: 4.5404 (Cls: 4.1811, Adv: 2.3952) | Train Acc: 0.4297 | Val Acc: 0.2973 | Val P/R/F1 (Macro): 0.3472/0.4537/0.3832 | LR: 0.000010
Epoch [14/100] | Loss: 4.1486 (Cls: 3.7846, Adv: 2.4269) | Train Acc: 0.4766 | Val Acc: 0.3243 | Val P/R/F1 (Macro): 0.4163/0.3796/0.3522 | LR: 0.000010
Epoch [15/100] | Loss: 4.0223 (Cls: 3.6510, Adv: 2.4753) | Train Acc: 0.6016 | Val Acc: 0.2162 | Val P/R/F1 (Macro): 0.2315/0.2870/0.2413 | LR: 0.000010
Epoch [16/100] | Loss: 4.3108 (Cls: 3.8656, Adv: 2.9683) | Train Acc: 0.5156 | Val Acc: 0.2703 | Val P/R/F1 (Macro): 0.3796/0.3426/0.3521 | LR: 0.000010
Epoch [17/100] | Loss: 3.9481 (Cls: 3.4834, Adv: 3.0980) | Train Acc: 0.5625 | Val Acc: 0.1351 | Val P/R/F1 (Macro): 0.0556/0.1019/0.0682 | LR: 0.000010
Epoch [18/100] | Loss: 4.2748 (Cls: 3.8060, Adv: 3.1253) | Train Acc: 0.5000 | Val Acc: 0.2162 | Val P/R/F1 (Macro): 0.1685/0.1944/0.1608 | LR: 0.000010
Epoch [19/100] | Loss: 4.0134 (Cls: 3.5575, Adv: 3.0392) | Train Acc: 0.5938 | Val Acc: 0.2432 | Val P/R/F1 (Macro): 0.2817/0.3056/0.2444 | LR: 0.000010
Epoch [20/100] | Loss: 4.1225 (Cls: 3.6331, Adv: 3.2629) | Train Acc: 0.6250 | Val Acc: 0.2432 | Val P/R/F1 (Macro): 0.2354/0.3148/0.2508 | LR: 0.000010
Epoch [21/100] | Loss: 3.8176 (Cls: 3.3128, Adv: 3.3658) | Train Acc: 0.5938 | Val Acc: 0.2162 | Val P/R/F1 (Macro): 0.1897/0.2870/0.2135 | LR: 0.000010
Epoch [22/100] | Loss: 3.3513 (Cls: 2.8428, Adv: 3.3900) | Train Acc: 0.7422 | Val Acc: 0.2703 | Val P/R/F1 (Macro): 0.2407/0.2500/0.2275 | LR: 0.000005
Epoch [23/100] | Loss: 3.6773 (Cls: 3.1523, Adv: 3.5002) | Train Acc: 0.6484 | Val Acc: 0.2973 | Val P/R/F1 (Macro): 0.3836/0.3704/0.3593 | LR: 0.000005
Epoch [24/100] | Loss: 3.6401 (Cls: 3.1146, Adv: 3.5031) | Train Acc: 0.6719 | Val Acc: 0.2973 | Val P/R/F1 (Macro): 0.3675/0.3704/0.3563 | LR: 0.000005
Epoch [25/100] | Loss: 4.1091 (Cls: 3.6016, Adv: 3.3839) | Train Acc: 0.5859 | Val Acc: 0.2432 | Val P/R/F1 (Macro): 0.2632/0.3056/0.2595 | LR: 0.000005
Epoch [26/100] | Loss: 3.5913 (Cls: 3.1042, Adv: 3.2469) | Train Acc: 0.6328 | Val Acc: 0.2162 | Val P/R/F1 (Macro): 0.1926/0.2870/0.2071 | LR: 0.000005
Epoch [27/100] | Loss: 3.7512 (Cls: 3.2491, Adv: 3.3468) | Train Acc: 0.6641 | Val Acc: 0.2432 | Val P/R/F1 (Macro): 0.2062/0.3148/0.2281 | LR: 0.000005
Epoch [28/100] | Loss: 3.6423 (Cls: 3.0982, Adv: 3.6275) | Train Acc: 0.6172 | Val Acc: 0.2703 | Val P/R/F1 (Macro): 0.2407/0.3333/0.2610 | LR: 0.000005
Epoch [29/100] | Loss: 3.7015 (Cls: 3.1849, Adv: 3.4437) | Train Acc: 0.7109 | Val Acc: 0.2162 | Val P/R/F1 (Macro): 0.2037/0.2778/0.1996 | LR: 0.000005
Epoch [30/100] | Loss: 3.7749 (Cls: 3.2649, Adv: 3.3995) | Train Acc: 0.5938 | Val Acc: 0.2973 | Val P/R/F1 (Macro): 0.3204/0.3796/0.3163 | LR: 0.000005
Epoch [31/100] | Loss: 3.3529 (Cls: 2.8047, Adv: 3.6545) | Train Acc: 0.6953 | Val Acc: 0.3784 | Val P/R/F1 (Macro): 0.4111/0.4444/0.3919 | LR: 0.000005
Epoch [32/100] | Loss: 3.4776 (Cls: 2.9326, Adv: 3.6335) | Train Acc: 0.6719 | Val Acc: 0.3243 | Val P/R/F1 (Macro): 0.3759/0.3889/0.3327 | LR: 0.000005
Epoch [33/100] | Loss: 3.2008 (Cls: 2.6542, Adv: 3.6438) | Train Acc: 0.7266 | Val Acc: 0.2432 | Val P/R/F1 (Macro): 0.2296/0.3056/0.2358 | LR: 0.000003
Epoch [34/100] | Loss: 3.3794 (Cls: 2.8385, Adv: 3.6063) | Train Acc: 0.6875 | Val Acc: 0.2432 | Val P/R/F1 (Macro): 0.2407/0.3056/0.2420 | LR: 0.000003
Epoch [35/100] | Loss: 3.1702 (Cls: 2.6314, Adv: 3.5919) | Train Acc: 0.7031 | Val Acc: 0.2432 | Val P/R/F1 (Macro): 0.2963/0.3056/0.2531 | LR: 0.000003
Epoch [36/100] | Loss: 3.4272 (Cls: 2.8683, Adv: 3.7263) | Train Acc: 0.6562 | Val Acc: 0.2973 | Val P/R/F1 (Macro): 0.3583/0.3611/0.3029 | LR: 0.000003
Epoch [37/100] | Loss: 3.1240 (Cls: 2.5420, Adv: 3.8799) | Train Acc: 0.7578 | Val Acc: 0.2973 | Val P/R/F1 (Macro): 0.3704/0.3611/0.3166 | LR: 0.000003
Epoch [38/100] | Loss: 3.4099 (Cls: 2.8461, Adv: 3.7587) | Train Acc: 0.7109 | Val Acc: 0.2703 | Val P/R/F1 (Macro): 0.2608/0.3333/0.2593 | LR: 0.000003
Epoch [39/100] | Loss: 3.4056 (Cls: 2.8407, Adv: 3.7659) | Train Acc: 0.6953 | Val Acc: 0.2703 | Val P/R/F1 (Macro): 0.2296/0.3426/0.2601 | LR: 0.000003
Epoch [40/100] | Loss: 3.2934 (Cls: 2.7326, Adv: 3.7382) | Train Acc: 0.7031 | Val Acc: 0.2162 | Val P/R/F1 (Macro): 0.1759/0.2870/0.2068 | LR: 0.000003
Epoch [41/100] | Loss: 3.3950 (Cls: 2.8123, Adv: 3.8847) | Train Acc: 0.7109 | Val Acc: 0.2162 | Val P/R/F1 (Macro): 0.1667/0.2870/0.2002 | LR: 0.000003
Epoch [42/100] | Loss: 3.3453 (Cls: 2.7424, Adv: 4.0190) | Train Acc: 0.6719 | Val Acc: 0.2973 | Val P/R/F1 (Macro): 0.2811/0.3704/0.2957 | LR: 0.000003
Epoch [43/100] | Loss: 2.8969 (Cls: 2.3266, Adv: 3.8020) | Train Acc: 0.8125 | Val Acc: 0.3243 | Val P/R/F1 (Macro): 0.2886/0.3981/0.3133 | LR: 0.000003
Epoch [44/100] | Loss: 3.0769 (Cls: 2.4937, Adv: 3.8876) | Train Acc: 0.7500 | Val Acc: 0.2973 | Val P/R/F1 (Macro): 0.2774/0.3611/0.2881 | LR: 0.000001
Epoch [45/100] | Loss: 3.1377 (Cls: 2.5247, Adv: 4.0868) | Train Acc: 0.7422 | Val Acc: 0.2973 | Val P/R/F1 (Macro): 0.2296/0.3704/0.2728 | LR: 0.000001
Epoch [46/100] | Loss: 3.0867 (Cls: 2.4779, Adv: 4.0581) | Train Acc: 0.7969 | Val Acc: 0.3243 | Val P/R/F1 (Macro): 0.2886/0.3889/0.3096 | LR: 0.000001
Epoch [47/100] | Loss: 3.1843 (Cls: 2.6131, Adv: 3.8082) | Train Acc: 0.7891 | Val Acc: 0.2703 | Val P/R/F1 (Macro): 0.2222/0.3333/0.2494 | LR: 0.000001
Epoch [48/100] | Loss: 3.3394 (Cls: 2.7268, Adv: 4.0839) | Train Acc: 0.7344 | Val Acc: 0.2973 | Val P/R/F1 (Macro): 0.2886/0.3611/0.2943 | LR: 0.000001
Epoch [49/100] | Loss: 3.3112 (Cls: 2.7366, Adv: 3.8308) | Train Acc: 0.6953 | Val Acc: 0.2703 | Val P/R/F1 (Macro): 0.2626/0.3333/0.2655 | LR: 0.000001
Epoch [50/100] | Loss: 3.2824 (Cls: 2.6663, Adv: 4.1074) | Train Acc: 0.7266 | Val Acc: 0.2973 | Val P/R/F1 (Macro): 0.2886/0.3611/0.2943 | LR: 0.000001
Epoch [51/100] | Loss: 2.9120 (Cls: 2.2944, Adv: 4.1172) | Train Acc: 0.8516 | Val Acc: 0.2973 | Val P/R/F1 (Macro): 0.2811/0.3611/0.2893 | LR: 0.000001
Epoch [52/100] | Loss: 2.8760 (Cls: 2.2703, Adv: 4.0381) | Train Acc: 0.7969 | Val Acc: 0.3243 | Val P/R/F1 (Macro): 0.3407/0.3889/0.3381 | LR: 0.000001
Epoch [53/100] | Loss: 3.0525 (Cls: 2.4648, Adv: 3.9180) | Train Acc: 0.8047 | Val Acc: 0.2973 | Val P/R/F1 (Macro): 0.3182/0.3611/0.3084 | LR: 0.000001
Epoch [54/100] | Loss: 3.0832 (Cls: 2.4570, Adv: 4.1749) | Train Acc: 0.7500 | Val Acc: 0.2973 | Val P/R/F1 (Macro): 0.2886/0.3611/0.2943 | LR: 0.000001
Epoch [55/100] | Loss: 3.4926 (Cls: 2.8745, Adv: 4.1207) | Train Acc: 0.7031 | Val Acc: 0.2703 | Val P/R/F1 (Macro): 0.2626/0.3333/0.2655 | LR: 0.000001
Epoch [56/100] | Loss: 3.2044 (Cls: 2.5802, Adv: 4.1614) | Train Acc: 0.7734 | Val Acc: 0.2973 | Val P/R/F1 (Macro): 0.2886/0.3611/0.2943 | LR: 0.000001
Epoch [57/100] | Loss: 3.5343 (Cls: 2.9154, Adv: 4.1262) | Train Acc: 0.6719 | Val Acc: 0.3243 | Val P/R/F1 (Macro): 0.3111/0.3889/0.3240 | LR: 0.000001
Epoch [58/100] | Loss: 3.0094 (Cls: 2.4220, Adv: 3.9164) | Train Acc: 0.7500 | Val Acc: 0.2703 | Val P/R/F1 (Macro): 0.2204/0.3333/0.2432 | LR: 0.000001
Epoch [59/100] | Loss: 3.1424 (Cls: 2.4932, Adv: 4.3281) | Train Acc: 0.7578 | Val Acc: 0.3243 | Val P/R/F1 (Macro): 0.3019/0.3889/0.3129 | LR: 0.000001
Epoch [60/100] | Loss: 2.9280 (Cls: 2.3129, Adv: 4.1001) | Train Acc: 0.7812 | Val Acc: 0.2973 | Val P/R/F1 (Macro): 0.2737/0.3611/0.2757 | LR: 0.000001
Epoch [61/100] | Loss: 2.9893 (Cls: 2.3416, Adv: 4.3175) | Train Acc: 0.8047 | Val Acc: 0.2973 | Val P/R/F1 (Macro): 0.2663/0.3611/0.2708 | LR: 0.000001
Epoch [62/100] | Loss: 3.2865 (Cls: 2.6748, Adv: 4.0781) | Train Acc: 0.6797 | Val Acc: 0.2973 | Val P/R/F1 (Macro): 0.2796/0.3611/0.2839 | LR: 0.000001
Epoch [63/100] | Loss: 3.2020 (Cls: 2.6009, Adv: 4.0073) | Train Acc: 0.7188 | Val Acc: 0.2703 | Val P/R/F1 (Macro): 0.2571/0.3333/0.2541 | LR: 0.000001
Epoch [64/100] | Loss: 2.8848 (Cls: 2.2819, Adv: 4.0191) | Train Acc: 0.7969 | Val Acc: 0.3514 | Val P/R/F1 (Macro): 0.3056/0.4167/0.3253 | LR: 0.000001
Epoch [65/100] | Loss: 3.0245 (Cls: 2.3691, Adv: 4.3692) | Train Acc: 0.7969 | Val Acc: 0.3243 | Val P/R/F1 (Macro): 0.2963/0.3889/0.3055 | LR: 0.000001
Epoch [66/100] | Loss: 2.9787 (Cls: 2.3361, Adv: 4.2842) | Train Acc: 0.7734 | Val Acc: 0.2973 | Val P/R/F1 (Macro): 0.2793/0.3611/0.2832 | LR: 0.000001
Epoch [67/100] | Loss: 3.3634 (Cls: 2.6983, Adv: 4.4336) | Train Acc: 0.6875 | Val Acc: 0.3243 | Val P/R/F1 (Macro): 0.3259/0.3889/0.3196 | LR: 0.000001
Epoch [68/100] | Loss: 3.0915 (Cls: 2.4546, Adv: 4.2455) | Train Acc: 0.7500 | Val Acc: 0.3243 | Val P/R/F1 (Macro): 0.3074/0.3889/0.3116 | LR: 0.000001
Epoch [69/100] | Loss: 3.0151 (Cls: 2.3706, Adv: 4.2969) | Train Acc: 0.7812 | Val Acc: 0.2973 | Val P/R/F1 (Macro): 0.3089/0.3611/0.2973 | LR: 0.000001
Epoch [70/100] | Loss: 3.1407 (Cls: 2.4795, Adv: 4.4080) | Train Acc: 0.7109 | Val Acc: 0.2703 | Val P/R/F1 (Macro): 0.2904/0.3333/0.2708 | LR: 0.000001
Epoch [71/100] | Loss: 2.9399 (Cls: 2.2740, Adv: 4.4389) | Train Acc: 0.7578 | Val Acc: 0.3243 | Val P/R/F1 (Macro): 0.3315/0.3889/0.3270 | LR: 0.000001
Epoch [72/100] | Loss: 3.1104 (Cls: 2.4511, Adv: 4.3959) | Train Acc: 0.7422 | Val Acc: 0.2973 | Val P/R/F1 (Macro): 0.3089/0.3611/0.2973 | LR: 0.000001
Epoch [73/100] | Loss: 2.8790 (Cls: 2.2367, Adv: 4.2825) | Train Acc: 0.7812 | Val Acc: 0.2973 | Val P/R/F1 (Macro): 0.3089/0.3611/0.2973 | LR: 0.000001
Epoch [74/100] | Loss: 3.0598 (Cls: 2.3987, Adv: 4.4073) | Train Acc: 0.7344 | Val Acc: 0.2703 | Val P/R/F1 (Macro): 0.2315/0.3333/0.2494 | LR: 0.000001
Epoch [75/100] | Loss: 3.1393 (Cls: 2.5134, Adv: 4.1729) | Train Acc: 0.7344 | Val Acc: 0.2973 | Val P/R/F1 (Macro): 0.3089/0.3611/0.2973 | LR: 0.000001
Epoch [76/100] | Loss: 3.2698 (Cls: 2.6003, Adv: 4.4635) | Train Acc: 0.7109 | Val Acc: 0.2703 | Val P/R/F1 (Macro): 0.2848/0.3333/0.2634 | LR: 0.000001
Epoch [77/100] | Loss: 3.2612 (Cls: 2.5990, Adv: 4.4146) | Train Acc: 0.7812 | Val Acc: 0.3243 | Val P/R/F1 (Macro): 0.3830/0.3796/0.3325 | LR: 0.000001
Epoch [78/100] | Loss: 3.2068 (Cls: 2.5244, Adv: 4.5492) | Train Acc: 0.7344 | Val Acc: 0.2973 | Val P/R/F1 (Macro): 0.3830/0.3519/0.3029 | LR: 0.000001
Epoch [79/100] | Loss: 3.1418 (Cls: 2.4752, Adv: 4.4441) | Train Acc: 0.7500 | Val Acc: 0.2703 | Val P/R/F1 (Macro): 0.3404/0.3333/0.2708 | LR: 0.000001
Epoch [80/100] | Loss: 3.0522 (Cls: 2.4084, Adv: 4.2924) | Train Acc: 0.7266 | Val Acc: 0.2703 | Val P/R/F1 (Macro): 0.3426/0.3241/0.2660 | LR: 0.000001
Epoch [81/100] | Loss: 2.8063 (Cls: 2.1527, Adv: 4.3575) | Train Acc: 0.8516 | Val Acc: 0.2703 | Val P/R/F1 (Macro): 0.3404/0.3333/0.2708 | LR: 0.000001
Epoch [82/100] | Loss: 2.8669 (Cls: 2.2216, Adv: 4.3021) | Train Acc: 0.8438 | Val Acc: 0.2703 | Val P/R/F1 (Macro): 0.2848/0.3333/0.2634 | LR: 0.000001
Epoch [83/100] | Loss: 3.0483 (Cls: 2.3703, Adv: 4.5196) | Train Acc: 0.7734 | Val Acc: 0.2703 | Val P/R/F1 (Macro): 0.2848/0.3333/0.2634 | LR: 0.000001
Epoch [84/100] | Loss: 3.2150 (Cls: 2.5395, Adv: 4.5038) | Train Acc: 0.7656 | Val Acc: 0.2703 | Val P/R/F1 (Macro): 0.3960/0.3333/0.2893 | LR: 0.000001
Epoch [85/100] | Loss: 3.0668 (Cls: 2.3890, Adv: 4.5187) | Train Acc: 0.7344 | Val Acc: 0.2703 | Val P/R/F1 (Macro): 0.3645/0.3333/0.2862 | LR: 0.000001
Epoch [86/100] | Loss: 2.7973 (Cls: 2.1284, Adv: 4.4591) | Train Acc: 0.8047 | Val Acc: 0.2703 | Val P/R/F1 (Macro): 0.3404/0.3333/0.2708 | LR: 0.000001
Epoch [87/100] | Loss: 3.1449 (Cls: 2.4670, Adv: 4.5195) | Train Acc: 0.7891 | Val Acc: 0.2432 | Val P/R/F1 (Macro): 0.2293/0.3056/0.2264 | LR: 0.000001
Epoch [88/100] | Loss: 3.2442 (Cls: 2.5780, Adv: 4.4416) | Train Acc: 0.7109 | Val Acc: 0.2432 | Val P/R/F1 (Macro): 0.2293/0.3056/0.2264 | LR: 0.000001
Epoch [89/100] | Loss: 3.0576 (Cls: 2.4094, Adv: 4.3219) | Train Acc: 0.8203 | Val Acc: 0.2703 | Val P/R/F1 (Macro): 0.3367/0.3333/0.2655 | LR: 0.000001
Epoch [90/100] | Loss: 3.1311 (Cls: 2.4859, Adv: 4.3014) | Train Acc: 0.7812 | Val Acc: 0.3243 | Val P/R/F1 (Macro): 0.3259/0.3889/0.3196 | LR: 0.000001
Epoch [91/100] | Loss: 3.2477 (Cls: 2.5770, Adv: 4.4714) | Train Acc: 0.7188 | Val Acc: 0.3514 | Val P/R/F1 (Macro): 0.4000/0.4074/0.3549 | LR: 0.000001
Epoch [92/100] | Loss: 3.0395 (Cls: 2.3650, Adv: 4.4965) | Train Acc: 0.7812 | Val Acc: 0.2973 | Val P/R/F1 (Macro): 0.3774/0.3519/0.2955 | LR: 0.000001
Epoch [93/100] | Loss: 3.0347 (Cls: 2.3403, Adv: 4.6294) | Train Acc: 0.7812 | Val Acc: 0.3243 | Val P/R/F1 (Macro): 0.4015/0.3796/0.3405 | LR: 0.000001
Epoch [94/100] | Loss: 3.2030 (Cls: 2.5122, Adv: 4.6055) | Train Acc: 0.7656 | Val Acc: 0.2703 | Val P/R/F1 (Macro): 0.3219/0.3241/0.2585 | LR: 0.000001
Epoch [95/100] | Loss: 3.1976 (Cls: 2.5106, Adv: 4.5800) | Train Acc: 0.7344 | Val Acc: 0.2973 | Val P/R/F1 (Macro): 0.3778/0.3519/0.2935 | LR: 0.000001
Epoch [96/100] | Loss: 3.0419 (Cls: 2.3568, Adv: 4.5675) | Train Acc: 0.7891 | Val Acc: 0.3243 | Val P/R/F1 (Macro): 0.3963/0.3796/0.3199 | LR: 0.000001
Epoch [97/100] | Loss: 3.0078 (Cls: 2.3193, Adv: 4.5900) | Train Acc: 0.7891 | Val Acc: 0.2973 | Val P/R/F1 (Macro): 0.3778/0.3519/0.2935 | LR: 0.000001
Epoch [98/100] | Loss: 3.1990 (Cls: 2.5212, Adv: 4.5189) | Train Acc: 0.8125 | Val Acc: 0.2973 | Val P/R/F1 (Macro): 0.3222/0.3611/0.2958 | LR: 0.000001
Epoch [99/100] | Loss: 3.0051 (Cls: 2.3201, Adv: 4.5667) | Train Acc: 0.8203 | Val Acc: 0.2703 | Val P/R/F1 (Macro): 0.3037/0.3333/0.2693 | LR: 0.000001
Epoch [100/100] | Loss: 3.1116 (Cls: 2.4126, Adv: 4.6601) | Train Acc: 0.7891 | Val Acc: 0.2703 | Val P/R/F1 (Macro): 0.2852/0.3333/0.2614 | LR: 0.000001

迭代 2 最佳指标:
  Accuracy: 0.4054
  Precision (Macro): 0.2316
  Recall (Macro): 0.4306
  F1 (Macro): 0.2918
  Precision (Micro): 0.4054
  Recall (Micro): 0.4054
  F1 (Micro): 0.4054
  Val class coverage: 9/14 (0.6429), samples=37

================================================================================
迭代 3/5
随机种子: 44
================================================================================
Training mode: unsupervised target adaptation (target labels ignored in training).
Epoch [1/100] | Loss: 5.8984 (Cls: 5.8600, Adv: 0.2561) | Train Acc: 0.1250 | Val Acc: 0.0000 | Val P/R/F1 (Macro): 0.0000/0.0000/0.0000 | LR: 0.000010
Epoch [2/100] | Loss: 6.0445 (Cls: 6.0122, Adv: 0.2151) | Train Acc: 0.0703 | Val Acc: 0.0000 | Val P/R/F1 (Macro): 0.0000/0.0000/0.0000 | LR: 0.000010
Epoch [3/100] | Loss: 5.3341 (Cls: 5.3048, Adv: 0.1953) | Train Acc: 0.1328 | Val Acc: 0.0000 | Val P/R/F1 (Macro): 0.0000/0.0000/0.0000 | LR: 0.000010
Epoch [4/100] | Loss: 5.2879 (Cls: 5.2539, Adv: 0.2266) | Train Acc: 0.1953 | Val Acc: 0.0811 | Val P/R/F1 (Macro): 0.0145/0.0556/0.0230 | LR: 0.000010
  >>> New Best Val Acc: 0.0811
Epoch [5/100] | Loss: 5.1798 (Cls: 5.1336, Adv: 0.3080) | Train Acc: 0.1562 | Val Acc: 0.0270 | Val P/R/F1 (Macro): 0.0278/0.0185/0.0222 | LR: 0.000010
Epoch [6/100] | Loss: 4.8728 (Cls: 4.8225, Adv: 0.3356) | Train Acc: 0.2891 | Val Acc: 0.0000 | Val P/R/F1 (Macro): 0.0000/0.0000/0.0000 | LR: 0.000010
Epoch [7/100] | Loss: 4.8138 (Cls: 4.7550, Adv: 0.3922) | Train Acc: 0.2656 | Val Acc: 0.0000 | Val P/R/F1 (Macro): 0.0000/0.0000/0.0000 | LR: 0.000010
Epoch [8/100] | Loss: 4.6441 (Cls: 4.5502, Adv: 0.6261) | Train Acc: 0.3594 | Val Acc: 0.0811 | Val P/R/F1 (Macro): 0.0667/0.0833/0.0741 | LR: 0.000010
Epoch [9/100] | Loss: 4.3118 (Cls: 4.1822, Adv: 0.8637) | Train Acc: 0.3672 | Val Acc: 0.1892 | Val P/R/F1 (Macro): 0.1197/0.1852/0.1452 | LR: 0.000010
  >>> New Best Val Acc: 0.1892
Epoch [10/100] | Loss: 4.3163 (Cls: 4.1754, Adv: 0.9395) | Train Acc: 0.4062 | Val Acc: 0.1351 | Val P/R/F1 (Macro): 0.0889/0.1389/0.1058 | LR: 0.000010
Epoch [11/100] | Loss: 4.1546 (Cls: 3.9876, Adv: 1.1133) | Train Acc: 0.4531 | Val Acc: 0.2432 | Val P/R/F1 (Macro): 0.2407/0.2083/0.1921 | LR: 0.000010
  >>> New Best Val Acc: 0.2432
Epoch [12/100] | Loss: 4.2281 (Cls: 4.0250, Adv: 1.3545) | Train Acc: 0.4531 | Val Acc: 0.2432 | Val P/R/F1 (Macro): 0.1556/0.1944/0.1663 | LR: 0.000010
Epoch [13/100] | Loss: 4.6164 (Cls: 4.3749, Adv: 1.6102) | Train Acc: 0.3594 | Val Acc: 0.2432 | Val P/R/F1 (Macro): 0.2169/0.2361/0.2174 | LR: 0.000010
Epoch [14/100] | Loss: 3.8498 (Cls: 3.5707, Adv: 1.8607) | Train Acc: 0.5000 | Val Acc: 0.3243 | Val P/R/F1 (Macro): 0.2519/0.3148/0.2688 | LR: 0.000010
  >>> New Best Val Acc: 0.3243
Epoch [15/100] | Loss: 3.9391 (Cls: 3.6743, Adv: 1.7656) | Train Acc: 0.5078 | Val Acc: 0.3784 | Val P/R/F1 (Macro): 0.3333/0.3565/0.3278 | LR: 0.000010
  >>> New Best Val Acc: 0.3784
Epoch [16/100] | Loss: 3.9421 (Cls: 3.6449, Adv: 1.9814) | Train Acc: 0.5625 | Val Acc: 0.3784 | Val P/R/F1 (Macro): 0.3860/0.3565/0.3209 | LR: 0.000010
Epoch [17/100] | Loss: 4.0083 (Cls: 3.7116, Adv: 1.9775) | Train Acc: 0.4688 | Val Acc: 0.2162 | Val P/R/F1 (Macro): 0.1759/0.2407/0.2000 | LR: 0.000010
Epoch [18/100] | Loss: 3.5941 (Cls: 3.2447, Adv: 2.3294) | Train Acc: 0.6172 | Val Acc: 0.3243 | Val P/R/F1 (Macro): 0.3293/0.3241/0.2919 | LR: 0.000010
Epoch [19/100] | Loss: 3.4906 (Cls: 3.1666, Adv: 2.1604) | Train Acc: 0.6719 | Val Acc: 0.2973 | Val P/R/F1 (Macro): 0.4423/0.3796/0.3741 | LR: 0.000010
Epoch [20/100] | Loss: 3.9124 (Cls: 3.5539, Adv: 2.3898) | Train Acc: 0.5703 | Val Acc: 0.3243 | Val P/R/F1 (Macro): 0.3894/0.3981/0.3528 | LR: 0.000010
Epoch [21/100] | Loss: 3.4770 (Cls: 3.1236, Adv: 2.3558) | Train Acc: 0.6172 | Val Acc: 0.3514 | Val P/R/F1 (Macro): 0.3481/0.4259/0.3750 | LR: 0.000010
Epoch [22/100] | Loss: 3.6500 (Cls: 3.2522, Adv: 2.6524) | Train Acc: 0.5938 | Val Acc: 0.3784 | Val P/R/F1 (Macro): 0.4074/0.4537/0.3852 | LR: 0.000010
Epoch [23/100] | Loss: 3.6719 (Cls: 3.2721, Adv: 2.6653) | Train Acc: 0.6328 | Val Acc: 0.3243 | Val P/R/F1 (Macro): 0.3611/0.3889/0.3685 | LR: 0.000010
Epoch [24/100] | Loss: 3.6182 (Cls: 3.2416, Adv: 2.5103) | Train Acc: 0.6172 | Val Acc: 0.2432 | Val P/R/F1 (Macro): 0.2879/0.3333/0.3020 | LR: 0.000010
Epoch [25/100] | Loss: 3.6248 (Cls: 3.2021, Adv: 2.8184) | Train Acc: 0.6328 | Val Acc: 0.2703 | Val P/R/F1 (Macro): 0.2241/0.3704/0.2694 | LR: 0.000010
Epoch [26/100] | Loss: 3.5592 (Cls: 3.1447, Adv: 2.7634) | Train Acc: 0.6562 | Val Acc: 0.3514 | Val P/R/F1 (Macro): 0.2796/0.4120/0.3077 | LR: 0.000005
Epoch [27/100] | Loss: 3.6195 (Cls: 3.2228, Adv: 2.6450) | Train Acc: 0.6406 | Val Acc: 0.3514 | Val P/R/F1 (Macro): 0.3651/0.4259/0.3570 | LR: 0.000005
Epoch [28/100] | Loss: 3.4456 (Cls: 3.0028, Adv: 2.9521) | Train Acc: 0.7109 | Val Acc: 0.3243 | Val P/R/F1 (Macro): 0.2759/0.3981/0.3130 | LR: 0.000005
Epoch [29/100] | Loss: 3.3566 (Cls: 2.9335, Adv: 2.8206) | Train Acc: 0.7188 | Val Acc: 0.3784 | Val P/R/F1 (Macro): 0.3571/0.4537/0.3764 | LR: 0.000005
Epoch [30/100] | Loss: 3.3644 (Cls: 2.9320, Adv: 2.8824) | Train Acc: 0.6797 | Val Acc: 0.4054 | Val P/R/F1 (Macro): 0.3645/0.4815/0.3912 | LR: 0.000005
  >>> New Best Val Acc: 0.4054
Epoch [31/100] | Loss: 3.1779 (Cls: 2.7305, Adv: 2.9824) | Train Acc: 0.7266 | Val Acc: 0.3784 | Val P/R/F1 (Macro): 0.3460/0.4444/0.3615 | LR: 0.000005
Epoch [32/100] | Loss: 3.1316 (Cls: 2.7075, Adv: 2.8274) | Train Acc: 0.7188 | Val Acc: 0.3784 | Val P/R/F1 (Macro): 0.4108/0.4352/0.3838 | LR: 0.000005
Epoch [33/100] | Loss: 3.2569 (Cls: 2.7910, Adv: 3.1061) | Train Acc: 0.6797 | Val Acc: 0.4054 | Val P/R/F1 (Macro): 0.4111/0.4630/0.4011 | LR: 0.000005
Epoch [34/100] | Loss: 3.5588 (Cls: 3.1129, Adv: 2.9730) | Train Acc: 0.6172 | Val Acc: 0.4054 | Val P/R/F1 (Macro): 0.3579/0.4722/0.3832 | LR: 0.000005
Epoch [35/100] | Loss: 2.9055 (Cls: 2.4269, Adv: 3.1909) | Train Acc: 0.7969 | Val Acc: 0.3784 | Val P/R/F1 (Macro): 0.3593/0.4444/0.3531 | LR: 0.000005
Epoch [36/100] | Loss: 3.2247 (Cls: 2.7249, Adv: 3.3318) | Train Acc: 0.7422 | Val Acc: 0.3514 | Val P/R/F1 (Macro): 0.3537/0.4167/0.3389 | LR: 0.000005
Epoch [37/100] | Loss: 2.9129 (Cls: 2.4295, Adv: 3.2224) | Train Acc: 0.7656 | Val Acc: 0.3784 | Val P/R/F1 (Macro): 0.3540/0.4444/0.3503 | LR: 0.000005
Epoch [38/100] | Loss: 3.0152 (Cls: 2.5170, Adv: 3.3217) | Train Acc: 0.7969 | Val Acc: 0.2703 | Val P/R/F1 (Macro): 0.2333/0.3333/0.2450 | LR: 0.000005
Epoch [39/100] | Loss: 3.1770 (Cls: 2.6708, Adv: 3.3744) | Train Acc: 0.7344 | Val Acc: 0.2973 | Val P/R/F1 (Macro): 0.2889/0.3611/0.2878 | LR: 0.000005
Epoch [40/100] | Loss: 3.1560 (Cls: 2.6657, Adv: 3.2684) | Train Acc: 0.7109 | Val Acc: 0.3243 | Val P/R/F1 (Macro): 0.3074/0.3889/0.3116 | LR: 0.000005
Epoch [41/100] | Loss: 2.8140 (Cls: 2.3102, Adv: 3.3586) | Train Acc: 0.7891 | Val Acc: 0.3243 | Val P/R/F1 (Macro): 0.3259/0.3889/0.3196 | LR: 0.000003
Epoch [42/100] | Loss: 3.0080 (Cls: 2.4946, Adv: 3.4227) | Train Acc: 0.7344 | Val Acc: 0.2973 | Val P/R/F1 (Macro): 0.3037/0.3611/0.2905 | LR: 0.000003
Epoch [43/100] | Loss: 3.1318 (Cls: 2.6324, Adv: 3.3297) | Train Acc: 0.7500 | Val Acc: 0.3243 | Val P/R/F1 (Macro): 0.3500/0.3889/0.3209 | LR: 0.000003
Epoch [44/100] | Loss: 2.9062 (Cls: 2.4029, Adv: 3.3554) | Train Acc: 0.7812 | Val Acc: 0.3243 | Val P/R/F1 (Macro): 0.3561/0.3796/0.3011 | LR: 0.000003
Epoch [45/100] | Loss: 2.8785 (Cls: 2.3527, Adv: 3.5048) | Train Acc: 0.8047 | Val Acc: 0.3243 | Val P/R/F1 (Macro): 0.3561/0.3796/0.3011 | LR: 0.000003
Epoch [46/100] | Loss: 3.2284 (Cls: 2.7209, Adv: 3.3830) | Train Acc: 0.7344 | Val Acc: 0.3243 | Val P/R/F1 (Macro): 0.3561/0.3796/0.3011 | LR: 0.000003
Epoch [47/100] | Loss: 3.0877 (Cls: 2.5688, Adv: 3.4593) | Train Acc: 0.7812 | Val Acc: 0.2973 | Val P/R/F1 (Macro): 0.3426/0.3519/0.2776 | LR: 0.000003
Epoch [48/100] | Loss: 3.0227 (Cls: 2.5105, Adv: 3.4142) | Train Acc: 0.7578 | Val Acc: 0.2973 | Val P/R/F1 (Macro): 0.2907/0.3519/0.2728 | LR: 0.000003
Epoch [49/100] | Loss: 2.8875 (Cls: 2.3876, Adv: 3.3325) | Train Acc: 0.7500 | Val Acc: 0.2973 | Val P/R/F1 (Macro): 0.3468/0.3519/0.2812 | LR: 0.000003
Epoch [50/100] | Loss: 3.0593 (Cls: 2.5459, Adv: 3.4229) | Train Acc: 0.7656 | Val Acc: 0.3243 | Val P/R/F1 (Macro): 0.4209/0.3704/0.3109 | LR: 0.000003
Epoch [51/100] | Loss: 3.0656 (Cls: 2.5225, Adv: 3.6211) | Train Acc: 0.7500 | Val Acc: 0.3243 | Val P/R/F1 (Macro): 0.3283/0.3704/0.2937 | LR: 0.000003
Epoch [52/100] | Loss: 3.1046 (Cls: 2.5533, Adv: 3.6752) | Train Acc: 0.7578 | Val Acc: 0.3514 | Val P/R/F1 (Macro): 0.3394/0.3981/0.3122 | LR: 0.000001
Epoch [53/100] | Loss: 3.3679 (Cls: 2.8145, Adv: 3.6893) | Train Acc: 0.7031 | Val Acc: 0.3243 | Val P/R/F1 (Macro): 0.3593/0.3796/0.3156 | LR: 0.000001
Epoch [54/100] | Loss: 2.8846 (Cls: 2.3560, Adv: 3.5238) | Train Acc: 0.8359 | Val Acc: 0.3243 | Val P/R/F1 (Macro): 0.3593/0.3796/0.3156 | LR: 0.000001
Epoch [55/100] | Loss: 3.0767 (Cls: 2.5350, Adv: 3.6109) | Train Acc: 0.7422 | Val Acc: 0.3514 | Val P/R/F1 (Macro): 0.3778/0.4167/0.3452 | LR: 0.000001
Epoch [56/100] | Loss: 2.8501 (Cls: 2.2737, Adv: 3.8425) | Train Acc: 0.7500 | Val Acc: 0.3243 | Val P/R/F1 (Macro): 0.3593/0.3796/0.3156 | LR: 0.000001
Epoch [57/100] | Loss: 2.8839 (Cls: 2.3534, Adv: 3.5362) | Train Acc: 0.7578 | Val Acc: 0.2973 | Val P/R/F1 (Macro): 0.3222/0.3519/0.2887 | LR: 0.000001
Epoch [58/100] | Loss: 2.6030 (Cls: 2.0753, Adv: 3.5183) | Train Acc: 0.8047 | Val Acc: 0.2973 | Val P/R/F1 (Macro): 0.3407/0.3519/0.2918 | LR: 0.000001
Epoch [59/100] | Loss: 2.6780 (Cls: 2.1489, Adv: 3.5271) | Train Acc: 0.8203 | Val Acc: 0.2973 | Val P/R/F1 (Macro): 0.2727/0.3519/0.2685 | LR: 0.000001
Epoch [60/100] | Loss: 2.8603 (Cls: 2.3212, Adv: 3.5946) | Train Acc: 0.7656 | Val Acc: 0.3243 | Val P/R/F1 (Macro): 0.3468/0.3704/0.3016 | LR: 0.000001
Epoch [61/100] | Loss: 2.7500 (Cls: 2.1923, Adv: 3.7175) | Train Acc: 0.8516 | Val Acc: 0.2973 | Val P/R/F1 (Macro): 0.2542/0.3519/0.2606 | LR: 0.000001
Epoch [62/100] | Loss: 3.0021 (Cls: 2.4295, Adv: 3.8170) | Train Acc: 0.7969 | Val Acc: 0.2973 | Val P/R/F1 (Macro): 0.2727/0.3519/0.2685 | LR: 0.000001
Epoch [63/100] | Loss: 2.9930 (Cls: 2.4383, Adv: 3.6983) | Train Acc: 0.7578 | Val Acc: 0.3243 | Val P/R/F1 (Macro): 0.3352/0.2870/0.2821 | LR: 0.000001
Epoch [64/100] | Loss: 3.1016 (Cls: 2.5401, Adv: 3.7437) | Train Acc: 0.7344 | Val Acc: 0.2973 | Val P/R/F1 (Macro): 0.2722/0.3519/0.2702 | LR: 0.000001
Epoch [65/100] | Loss: 2.9659 (Cls: 2.3944, Adv: 3.8099) | Train Acc: 0.7500 | Val Acc: 0.3243 | Val P/R/F1 (Macro): 0.3005/0.3796/0.2937 | LR: 0.000001
Epoch [66/100] | Loss: 2.9064 (Cls: 2.3190, Adv: 3.9160) | Train Acc: 0.8047 | Val Acc: 0.3243 | Val P/R/F1 (Macro): 0.2949/0.3796/0.2976 | LR: 0.000001
Epoch [67/100] | Loss: 2.5803 (Cls: 1.9884, Adv: 3.9465) | Train Acc: 0.8594 | Val Acc: 0.3243 | Val P/R/F1 (Macro): 0.3135/0.3796/0.3029 | LR: 0.000001
Epoch [68/100] | Loss: 2.8558 (Cls: 2.2468, Adv: 4.0603) | Train Acc: 0.8125 | Val Acc: 0.3243 | Val P/R/F1 (Macro): 0.2949/0.3796/0.2976 | LR: 0.000001
Epoch [69/100] | Loss: 2.9603 (Cls: 2.3516, Adv: 4.0582) | Train Acc: 0.7969 | Val Acc: 0.3243 | Val P/R/F1 (Macro): 0.2949/0.3796/0.2976 | LR: 0.000001
Epoch [70/100] | Loss: 2.9310 (Cls: 2.3591, Adv: 3.8125) | Train Acc: 0.7734 | Val Acc: 0.3243 | Val P/R/F1 (Macro): 0.2949/0.3796/0.2976 | LR: 0.000001
Epoch [71/100] | Loss: 2.9348 (Cls: 2.3547, Adv: 3.8672) | Train Acc: 0.7656 | Val Acc: 0.3243 | Val P/R/F1 (Macro): 0.2949/0.3796/0.2976 | LR: 0.000001
Epoch [72/100] | Loss: 2.7282 (Cls: 2.1302, Adv: 3.9870) | Train Acc: 0.7969 | Val Acc: 0.3514 | Val P/R/F1 (Macro): 0.3061/0.4074/0.3135 | LR: 0.000001
Epoch [73/100] | Loss: 2.8959 (Cls: 2.2881, Adv: 4.0525) | Train Acc: 0.8125 | Val Acc: 0.2973 | Val P/R/F1 (Macro): 0.2704/0.3611/0.2799 | LR: 0.000001
Epoch [74/100] | Loss: 2.8490 (Cls: 2.2346, Adv: 4.0962) | Train Acc: 0.8047 | Val Acc: 0.3243 | Val P/R/F1 (Macro): 0.3468/0.3704/0.3016 | LR: 0.000001
Epoch [75/100] | Loss: 2.8106 (Cls: 2.2094, Adv: 4.0079) | Train Acc: 0.8672 | Val Acc: 0.3514 | Val P/R/F1 (Macro): 0.3690/0.3981/0.3333 | LR: 0.000001
Epoch [76/100] | Loss: 2.8877 (Cls: 2.2955, Adv: 3.9477) | Train Acc: 0.7969 | Val Acc: 0.3243 | Val P/R/F1 (Macro): 0.2949/0.3796/0.2976 | LR: 0.000001
Epoch [77/100] | Loss: 2.9165 (Cls: 2.3242, Adv: 3.9485) | Train Acc: 0.7969 | Val Acc: 0.3243 | Val P/R/F1 (Macro): 0.2949/0.3796/0.2976 | LR: 0.000001
Epoch [78/100] | Loss: 2.9857 (Cls: 2.3919, Adv: 3.9585) | Train Acc: 0.7812 | Val Acc: 0.3243 | Val P/R/F1 (Macro): 0.2949/0.3796/0.2976 | LR: 0.000001
Epoch [79/100] | Loss: 2.8843 (Cls: 2.2713, Adv: 4.0868) | Train Acc: 0.7969 | Val Acc: 0.3243 | Val P/R/F1 (Macro): 0.2949/0.3796/0.2976 | LR: 0.000001
Epoch [80/100] | Loss: 2.9030 (Cls: 2.3344, Adv: 3.7907) | Train Acc: 0.8047 | Val Acc: 0.3243 | Val P/R/F1 (Macro): 0.2949/0.3796/0.2976 | LR: 0.000001
Epoch [81/100] | Loss: 2.7094 (Cls: 2.0776, Adv: 4.2121) | Train Acc: 0.8438 | Val Acc: 0.2973 | Val P/R/F1 (Macro): 0.2727/0.3519/0.2685 | LR: 0.000001
Epoch [82/100] | Loss: 2.9387 (Cls: 2.3141, Adv: 4.1643) | Train Acc: 0.7891 | Val Acc: 0.2973 | Val P/R/F1 (Macro): 0.2727/0.3519/0.2685 | LR: 0.000001
Epoch [83/100] | Loss: 2.7746 (Cls: 2.1626, Adv: 4.0805) | Train Acc: 0.8125 | Val Acc: 0.2973 | Val P/R/F1 (Macro): 0.2727/0.3519/0.2685 | LR: 0.000001
Epoch [84/100] | Loss: 3.1453 (Cls: 2.5085, Adv: 4.2455) | Train Acc: 0.7656 | Val Acc: 0.3514 | Val P/R/F1 (Macro): 0.3653/0.3981/0.3254 | LR: 0.000001
Epoch [85/100] | Loss: 3.1692 (Cls: 2.5462, Adv: 4.1537) | Train Acc: 0.7500 | Val Acc: 0.3243 | Val P/R/F1 (Macro): 0.3468/0.3704/0.3016 | LR: 0.000001
Epoch [86/100] | Loss: 2.6834 (Cls: 2.0638, Adv: 4.1308) | Train Acc: 0.8359 | Val Acc: 0.3243 | Val P/R/F1 (Macro): 0.3468/0.3704/0.3016 | LR: 0.000001
Epoch [87/100] | Loss: 2.8649 (Cls: 2.2584, Adv: 4.0434) | Train Acc: 0.8047 | Val Acc: 0.2973 | Val P/R/F1 (Macro): 0.2727/0.3519/0.2685 | LR: 0.000001
Epoch [88/100] | Loss: 2.8041 (Cls: 2.1772, Adv: 4.1795) | Train Acc: 0.8438 | Val Acc: 0.2973 | Val P/R/F1 (Macro): 0.2727/0.3519/0.2685 | LR: 0.000001
Epoch [89/100] | Loss: 2.8363 (Cls: 2.1858, Adv: 4.3365) | Train Acc: 0.8359 | Val Acc: 0.2973 | Val P/R/F1 (Macro): 0.2727/0.3519/0.2685 | LR: 0.000001
Epoch [90/100] | Loss: 2.7472 (Cls: 2.1397, Adv: 4.0499) | Train Acc: 0.8203 | Val Acc: 0.3243 | Val P/R/F1 (Macro): 0.3468/0.3704/0.3016 | LR: 0.000001
Epoch [91/100] | Loss: 2.7410 (Cls: 2.0928, Adv: 4.3217) | Train Acc: 0.8203 | Val Acc: 0.2973 | Val P/R/F1 (Macro): 0.3407/0.3519/0.2918 | LR: 0.000001
Epoch [92/100] | Loss: 3.1326 (Cls: 2.4836, Adv: 4.3263) | Train Acc: 0.7422 | Val Acc: 0.2973 | Val P/R/F1 (Macro): 0.3407/0.3519/0.2918 | LR: 0.000001
Epoch [93/100] | Loss: 3.0673 (Cls: 2.4200, Adv: 4.3157) | Train Acc: 0.7812 | Val Acc: 0.2973 | Val P/R/F1 (Macro): 0.3407/0.3519/0.2918 | LR: 0.000001
Epoch [94/100] | Loss: 2.7539 (Cls: 2.1076, Adv: 4.3090) | Train Acc: 0.8359 | Val Acc: 0.2973 | Val P/R/F1 (Macro): 0.3593/0.3519/0.2971 | LR: 0.000001
Epoch [95/100] | Loss: 2.7562 (Cls: 2.1172, Adv: 4.2605) | Train Acc: 0.8125 | Val Acc: 0.2973 | Val P/R/F1 (Macro): 0.3407/0.3519/0.2918 | LR: 0.000001
Epoch [96/100] | Loss: 2.7267 (Cls: 2.0840, Adv: 4.2849) | Train Acc: 0.8672 | Val Acc: 0.2703 | Val P/R/F1 (Macro): 0.3407/0.3333/0.2714 | LR: 0.000001
Epoch [97/100] | Loss: 2.6715 (Cls: 2.0480, Adv: 4.1567) | Train Acc: 0.8438 | Val Acc: 0.2973 | Val P/R/F1 (Macro): 0.2727/0.3519/0.2685 | LR: 0.000001
Epoch [98/100] | Loss: 2.8468 (Cls: 2.2132, Adv: 4.2235) | Train Acc: 0.7969 | Val Acc: 0.2703 | Val P/R/F1 (Macro): 0.2759/0.3333/0.2601 | LR: 0.000001
Epoch [99/100] | Loss: 2.9667 (Cls: 2.3220, Adv: 4.2983) | Train Acc: 0.7812 | Val Acc: 0.2703 | Val P/R/F1 (Macro): 0.2667/0.3333/0.2587 | LR: 0.000001
Epoch [100/100] | Loss: 2.6598 (Cls: 1.9973, Adv: 4.4170) | Train Acc: 0.8906 | Val Acc: 0.2973 | Val P/R/F1 (Macro): 0.2912/0.3519/0.2738 | LR: 0.000001

迭代 3 最佳指标:
  Accuracy: 0.4054
  Precision (Macro): 0.3645
  Recall (Macro): 0.4815
  F1 (Macro): 0.3912
  Precision (Micro): 0.4054
  Recall (Micro): 0.4054
  F1 (Micro): 0.4054
  Val class coverage: 9/14 (0.6429), samples=37

================================================================================
迭代 4/5
随机种子: 45
================================================================================
Training mode: unsupervised target adaptation (target labels ignored in training).
Epoch [1/100] | Loss: 5.9068 (Cls: 5.8479, Adv: 0.3925) | Train Acc: 0.1953 | Val Acc: 0.0000 | Val P/R/F1 (Macro): 0.0000/0.0000/0.0000 | LR: 0.000010
Epoch [2/100] | Loss: 5.6385 (Cls: 5.5943, Adv: 0.2946) | Train Acc: 0.1719 | Val Acc: 0.0000 | Val P/R/F1 (Macro): 0.0000/0.0000/0.0000 | LR: 0.000010
Epoch [3/100] | Loss: 5.3459 (Cls: 5.3093, Adv: 0.2435) | Train Acc: 0.1719 | Val Acc: 0.0000 | Val P/R/F1 (Macro): 0.0000/0.0000/0.0000 | LR: 0.000010
Epoch [4/100] | Loss: 5.1148 (Cls: 5.0866, Adv: 0.1879) | Train Acc: 0.2812 | Val Acc: 0.0000 | Val P/R/F1 (Macro): 0.0000/0.0000/0.0000 | LR: 0.000010
Epoch [5/100] | Loss: 5.0045 (Cls: 4.9692, Adv: 0.2354) | Train Acc: 0.1641 | Val Acc: 0.0000 | Val P/R/F1 (Macro): 0.0000/0.0000/0.0000 | LR: 0.000010
Epoch [6/100] | Loss: 4.7173 (Cls: 4.6770, Adv: 0.2691) | Train Acc: 0.3203 | Val Acc: 0.0000 | Val P/R/F1 (Macro): 0.0000/0.0000/0.0000 | LR: 0.000010
Epoch [7/100] | Loss: 4.4567 (Cls: 4.4046, Adv: 0.3473) | Train Acc: 0.3125 | Val Acc: 0.0541 | Val P/R/F1 (Macro): 0.0370/0.0556/0.0444 | LR: 0.000010
  >>> New Best Val Acc: 0.0541
Epoch [8/100] | Loss: 4.4622 (Cls: 4.3891, Adv: 0.4872) | Train Acc: 0.3828 | Val Acc: 0.0270 | Val P/R/F1 (Macro): 0.1111/0.0278/0.0444 | LR: 0.000010
Epoch [9/100] | Loss: 4.3696 (Cls: 4.2898, Adv: 0.5321) | Train Acc: 0.4609 | Val Acc: 0.0811 | Val P/R/F1 (Macro): 0.1212/0.0741/0.0871 | LR: 0.000010
  >>> New Best Val Acc: 0.0811
Epoch [10/100] | Loss: 4.3087 (Cls: 4.2081, Adv: 0.6712) | Train Acc: 0.3359 | Val Acc: 0.1892 | Val P/R/F1 (Macro): 0.1587/0.1667/0.1407 | LR: 0.000010
  >>> New Best Val Acc: 0.1892
Epoch [11/100] | Loss: 4.1465 (Cls: 3.9898, Adv: 1.0446) | Train Acc: 0.4141 | Val Acc: 0.2162 | Val P/R/F1 (Macro): 0.3359/0.2639/0.2195 | LR: 0.000010
  >>> New Best Val Acc: 0.2162
Epoch [12/100] | Loss: 4.5272 (Cls: 4.3239, Adv: 1.3555) | Train Acc: 0.3281 | Val Acc: 0.2162 | Val P/R/F1 (Macro): 0.2148/0.2917/0.2217 | LR: 0.000010
Epoch [13/100] | Loss: 4.1652 (Cls: 3.9143, Adv: 1.6729) | Train Acc: 0.5156 | Val Acc: 0.1081 | Val P/R/F1 (Macro): 0.0795/0.0926/0.0826 | LR: 0.000010
Epoch [14/100] | Loss: 3.9229 (Cls: 3.6814, Adv: 1.6095) | Train Acc: 0.6016 | Val Acc: 0.1892 | Val P/R/F1 (Macro): 0.1259/0.2685/0.1649 | LR: 0.000010
Epoch [15/100] | Loss: 3.8036 (Cls: 3.5197, Adv: 1.8926) | Train Acc: 0.5547 | Val Acc: 0.2162 | Val P/R/F1 (Macro): 0.3333/0.2917/0.2506 | LR: 0.000010
Epoch [16/100] | Loss: 4.0788 (Cls: 3.7882, Adv: 1.9373) | Train Acc: 0.4766 | Val Acc: 0.2973 | Val P/R/F1 (Macro): 0.4259/0.3750/0.3065 | LR: 0.000010
  >>> New Best Val Acc: 0.2973
Epoch [17/100] | Loss: 4.1015 (Cls: 3.7676, Adv: 2.2258) | Train Acc: 0.5938 | Val Acc: 0.2432 | Val P/R/F1 (Macro): 0.1222/0.2222/0.1423 | LR: 0.000010
Epoch [18/100] | Loss: 4.0772 (Cls: 3.7138, Adv: 2.4222) | Train Acc: 0.4922 | Val Acc: 0.2973 | Val P/R/F1 (Macro): 0.3781/0.3472/0.2691 | LR: 0.000010
Epoch [19/100] | Loss: 3.6598 (Cls: 3.2804, Adv: 2.5291) | Train Acc: 0.5781 | Val Acc: 0.3243 | Val P/R/F1 (Macro): 0.4688/0.3750/0.3358 | LR: 0.000010
  >>> New Best Val Acc: 0.3243
Epoch [20/100] | Loss: 3.8526 (Cls: 3.4483, Adv: 2.6952) | Train Acc: 0.5469 | Val Acc: 0.3514 | Val P/R/F1 (Macro): 0.3511/0.4306/0.3709 | LR: 0.000010
  >>> New Best Val Acc: 0.3514
Epoch [21/100] | Loss: 3.6913 (Cls: 3.2620, Adv: 2.8621) | Train Acc: 0.5859 | Val Acc: 0.3243 | Val P/R/F1 (Macro): 0.2692/0.3935/0.2879 | LR: 0.000010
Epoch [22/100] | Loss: 3.9268 (Cls: 3.4980, Adv: 2.8582) | Train Acc: 0.5547 | Val Acc: 0.2973 | Val P/R/F1 (Macro): 0.2472/0.3472/0.2468 | LR: 0.000010
Epoch [23/100] | Loss: 3.6269 (Cls: 3.2154, Adv: 2.7432) | Train Acc: 0.5781 | Val Acc: 0.2973 | Val P/R/F1 (Macro): 0.2468/0.3472/0.2475 | LR: 0.000010
Epoch [24/100] | Loss: 3.6416 (Cls: 3.1895, Adv: 3.0143) | Train Acc: 0.6484 | Val Acc: 0.3243 | Val P/R/F1 (Macro): 0.2901/0.3750/0.2770 | LR: 0.000010
Epoch [25/100] | Loss: 3.4380 (Cls: 2.9772, Adv: 3.0722) | Train Acc: 0.6172 | Val Acc: 0.3243 | Val P/R/F1 (Macro): 0.2657/0.3889/0.2857 | LR: 0.000010
Epoch [26/100] | Loss: 3.2985 (Cls: 2.8528, Adv: 2.9713) | Train Acc: 0.6875 | Val Acc: 0.3243 | Val P/R/F1 (Macro): 0.3907/0.2917/0.2578 | LR: 0.000010
Epoch [27/100] | Loss: 3.5043 (Cls: 3.0298, Adv: 3.1632) | Train Acc: 0.6250 | Val Acc: 0.3784 | Val P/R/F1 (Macro): 0.3950/0.4306/0.3449 | LR: 0.000010
  >>> New Best Val Acc: 0.3784
Epoch [28/100] | Loss: 3.4522 (Cls: 2.9788, Adv: 3.1558) | Train Acc: 0.7031 | Val Acc: 0.3243 | Val P/R/F1 (Macro): 0.2870/0.2917/0.2549 | LR: 0.000010
Epoch [29/100] | Loss: 3.2779 (Cls: 2.8046, Adv: 3.1547) | Train Acc: 0.7109 | Val Acc: 0.2432 | Val P/R/F1 (Macro): 0.3466/0.2083/0.2131 | LR: 0.000010
Epoch [30/100] | Loss: 3.1304 (Cls: 2.6410, Adv: 3.2629) | Train Acc: 0.6953 | Val Acc: 0.2973 | Val P/R/F1 (Macro): 0.4231/0.3472/0.3211 | LR: 0.000010
Epoch [31/100] | Loss: 3.2772 (Cls: 2.8110, Adv: 3.1083) | Train Acc: 0.6719 | Val Acc: 0.2973 | Val P/R/F1 (Macro): 0.4138/0.3472/0.3231 | LR: 0.000010
Epoch [32/100] | Loss: 3.4400 (Cls: 2.9447, Adv: 3.3020) | Train Acc: 0.6797 | Val Acc: 0.2973 | Val P/R/F1 (Macro): 0.2725/0.3565/0.2807 | LR: 0.000010
Epoch [33/100] | Loss: 3.5575 (Cls: 3.0538, Adv: 3.3576) | Train Acc: 0.6328 | Val Acc: 0.2432 | Val P/R/F1 (Macro): 0.1648/0.3148/0.2049 | LR: 0.000010
Epoch [34/100] | Loss: 3.2429 (Cls: 2.7360, Adv: 3.3793) | Train Acc: 0.7109 | Val Acc: 0.2703 | Val P/R/F1 (Macro): 0.2259/0.3333/0.2425 | LR: 0.000010
Epoch [35/100] | Loss: 3.2187 (Cls: 2.6827, Adv: 3.5732) | Train Acc: 0.7344 | Val Acc: 0.2973 | Val P/R/F1 (Macro): 0.3034/0.3472/0.2783 | LR: 0.000010
Epoch [36/100] | Loss: 3.2969 (Cls: 2.7607, Adv: 3.5747) | Train Acc: 0.7188 | Val Acc: 0.2432 | Val P/R/F1 (Macro): 0.2259/0.2917/0.2146 | LR: 0.000010
Epoch [37/100] | Loss: 3.3081 (Cls: 2.7919, Adv: 3.4413) | Train Acc: 0.7109 | Val Acc: 0.2432 | Val P/R/F1 (Macro): 0.2293/0.2917/0.2175 | LR: 0.000010
Epoch [38/100] | Loss: 3.2311 (Cls: 2.7145, Adv: 3.4438) | Train Acc: 0.7109 | Val Acc: 0.2162 | Val P/R/F1 (Macro): 0.2293/0.2778/0.2078 | LR: 0.000005
Epoch [39/100] | Loss: 3.1580 (Cls: 2.6464, Adv: 3.4109) | Train Acc: 0.7344 | Val Acc: 0.2973 | Val P/R/F1 (Macro): 0.3031/0.3611/0.2929 | LR: 0.000005
Epoch [40/100] | Loss: 3.4884 (Cls: 2.9662, Adv: 3.4816) | Train Acc: 0.6484 | Val Acc: 0.2703 | Val P/R/F1 (Macro): 0.2716/0.3333/0.2598 | LR: 0.000005
Epoch [41/100] | Loss: 3.2413 (Cls: 2.6758, Adv: 3.7702) | Train Acc: 0.7891 | Val Acc: 0.3243 | Val P/R/F1 (Macro): 0.3309/0.3750/0.3117 | LR: 0.000005
Epoch [42/100] | Loss: 3.3445 (Cls: 2.7743, Adv: 3.8013) | Train Acc: 0.6797 | Val Acc: 0.2973 | Val P/R/F1 (Macro): 0.3242/0.3380/0.2602 | LR: 0.000005
Epoch [43/100] | Loss: 2.7930 (Cls: 2.2549, Adv: 3.5871) | Train Acc: 0.8281 | Val Acc: 0.3243 | Val P/R/F1 (Macro): 0.3205/0.3796/0.2918 | LR: 0.000005
Epoch [44/100] | Loss: 3.3116 (Cls: 2.7863, Adv: 3.5022) | Train Acc: 0.7500 | Val Acc: 0.3514 | Val P/R/F1 (Macro): 0.3175/0.4074/0.3185 | LR: 0.000005
Epoch [45/100] | Loss: 3.0943 (Cls: 2.5399, Adv: 3.6958) | Train Acc: 0.7578 | Val Acc: 0.2973 | Val P/R/F1 (Macro): 0.2407/0.3611/0.2700 | LR: 0.000005
Epoch [46/100] | Loss: 3.0872 (Cls: 2.5438, Adv: 3.6229) | Train Acc: 0.7578 | Val Acc: 0.3514 | Val P/R/F1 (Macro): 0.3235/0.4167/0.3453 | LR: 0.000005
Epoch [47/100] | Loss: 3.4413 (Cls: 2.8710, Adv: 3.8023) | Train Acc: 0.7109 | Val Acc: 0.4054 | Val P/R/F1 (Macro): 0.3420/0.4722/0.3787 | LR: 0.000005
  >>> New Best Val Acc: 0.4054
Epoch [48/100] | Loss: 2.9808 (Cls: 2.4538, Adv: 3.5136) | Train Acc: 0.7578 | Val Acc: 0.3784 | Val P/R/F1 (Macro): 0.3296/0.4352/0.3555 | LR: 0.000005
Epoch [49/100] | Loss: 3.0476 (Cls: 2.4858, Adv: 3.7448) | Train Acc: 0.7812 | Val Acc: 0.3514 | Val P/R/F1 (Macro): 0.3056/0.4074/0.3194 | LR: 0.000005
Epoch [50/100] | Loss: 3.1739 (Cls: 2.6225, Adv: 3.6763) | Train Acc: 0.7422 | Val Acc: 0.3243 | Val P/R/F1 (Macro): 0.2963/0.3889/0.3071 | LR: 0.000005
Epoch [51/100] | Loss: 2.9529 (Cls: 2.3593, Adv: 3.9576) | Train Acc: 0.7656 | Val Acc: 0.3243 | Val P/R/F1 (Macro): 0.2778/0.3981/0.3049 | LR: 0.000005
Epoch [52/100] | Loss: 2.9738 (Cls: 2.4185, Adv: 3.7019) | Train Acc: 0.7500 | Val Acc: 0.3243 | Val P/R/F1 (Macro): 0.3074/0.3981/0.3148 | LR: 0.000005
Epoch [53/100] | Loss: 3.1404 (Cls: 2.5746, Adv: 3.7722) | Train Acc: 0.7422 | Val Acc: 0.3784 | Val P/R/F1 (Macro): 0.3000/0.4352/0.3276 | LR: 0.000005
Epoch [54/100] | Loss: 2.9912 (Cls: 2.4535, Adv: 3.5846) | Train Acc: 0.7578 | Val Acc: 0.3514 | Val P/R/F1 (Macro): 0.2926/0.4074/0.3128 | LR: 0.000005
Epoch [55/100] | Loss: 2.8665 (Cls: 2.2874, Adv: 3.8606) | Train Acc: 0.7422 | Val Acc: 0.3784 | Val P/R/F1 (Macro): 0.3235/0.4444/0.3586 | LR: 0.000005
Epoch [56/100] | Loss: 3.1965 (Cls: 2.6155, Adv: 3.8734) | Train Acc: 0.6953 | Val Acc: 0.2973 | Val P/R/F1 (Macro): 0.2917/0.3704/0.3095 | LR: 0.000005
Epoch [57/100] | Loss: 3.0498 (Cls: 2.4661, Adv: 3.8917) | Train Acc: 0.7578 | Val Acc: 0.2703 | Val P/R/F1 (Macro): 0.2611/0.3333/0.2566 | LR: 0.000005
Epoch [58/100] | Loss: 2.9496 (Cls: 2.3475, Adv: 4.0138) | Train Acc: 0.7734 | Val Acc: 0.3243 | Val P/R/F1 (Macro): 0.3815/0.3981/0.3275 | LR: 0.000003
Epoch [59/100] | Loss: 2.6777 (Cls: 2.1080, Adv: 3.7980) | Train Acc: 0.8281 | Val Acc: 0.3243 | Val P/R/F1 (Macro): 0.3815/0.3981/0.3275 | LR: 0.000003
Epoch [60/100] | Loss: 3.0102 (Cls: 2.4116, Adv: 3.9908) | Train Acc: 0.7500 | Val Acc: 0.2973 | Val P/R/F1 (Macro): 0.3630/0.3611/0.3011 | LR: 0.000003
Epoch [61/100] | Loss: 3.0646 (Cls: 2.4791, Adv: 3.9035) | Train Acc: 0.7734 | Val Acc: 0.2973 | Val P/R/F1 (Macro): 0.3074/0.3611/0.2937 | LR: 0.000003
Epoch [62/100] | Loss: 2.8690 (Cls: 2.2801, Adv: 3.9255) | Train Acc: 0.7969 | Val Acc: 0.2973 | Val P/R/F1 (Macro): 0.3074/0.3611/0.2937 | LR: 0.000003
Epoch [63/100] | Loss: 2.8685 (Cls: 2.2552, Adv: 4.0889) | Train Acc: 0.7812 | Val Acc: 0.2973 | Val P/R/F1 (Macro): 0.2889/0.3611/0.2884 | LR: 0.000003
Epoch [64/100] | Loss: 2.8550 (Cls: 2.2448, Adv: 4.0681) | Train Acc: 0.8438 | Val Acc: 0.2703 | Val P/R/F1 (Macro): 0.2852/0.3333/0.2619 | LR: 0.000003
Epoch [65/100] | Loss: 2.6572 (Cls: 2.0435, Adv: 4.0915) | Train Acc: 0.8125 | Val Acc: 0.2703 | Val P/R/F1 (Macro): 0.2852/0.3333/0.2619 | LR: 0.000003
Epoch [66/100] | Loss: 2.7773 (Cls: 2.1738, Adv: 4.0232) | Train Acc: 0.8281 | Val Acc: 0.2973 | Val P/R/F1 (Macro): 0.2778/0.3519/0.2705 | LR: 0.000003
Epoch [67/100] | Loss: 2.5362 (Cls: 1.9266, Adv: 4.0638) | Train Acc: 0.8438 | Val Acc: 0.2973 | Val P/R/F1 (Macro): 0.2727/0.3519/0.2664 | LR: 0.000003
Epoch [68/100] | Loss: 2.8774 (Cls: 2.2497, Adv: 4.1845) | Train Acc: 0.7969 | Val Acc: 0.2703 | Val P/R/F1 (Macro): 0.2357/0.3241/0.2347 | LR: 0.000003
Epoch [69/100] | Loss: 2.8810 (Cls: 2.2511, Adv: 4.1988) | Train Acc: 0.7891 | Val Acc: 0.2973 | Val P/R/F1 (Macro): 0.3283/0.3519/0.2738 | LR: 0.000001
Epoch [70/100] | Loss: 2.9348 (Cls: 2.2896, Adv: 4.3015) | Train Acc: 0.7812 | Val Acc: 0.2973 | Val P/R/F1 (Macro): 0.2727/0.3519/0.2664 | LR: 0.000001
Epoch [71/100] | Loss: 2.8727 (Cls: 2.2414, Adv: 4.2083) | Train Acc: 0.8438 | Val Acc: 0.2703 | Val P/R/F1 (Macro): 0.2352/0.3241/0.2388 | LR: 0.000001
Epoch [72/100] | Loss: 2.6897 (Cls: 2.0739, Adv: 4.1051) | Train Acc: 0.7969 | Val Acc: 0.2973 | Val P/R/F1 (Macro): 0.2672/0.3519/0.2664 | LR: 0.000001
Epoch [73/100] | Loss: 3.0777 (Cls: 2.4357, Adv: 4.2799) | Train Acc: 0.7500 | Val Acc: 0.3243 | Val P/R/F1 (Macro): 0.2949/0.3796/0.2982 | LR: 0.000001
Epoch [74/100] | Loss: 2.8124 (Cls: 2.1633, Adv: 4.3274) | Train Acc: 0.8359 | Val Acc: 0.3243 | Val P/R/F1 (Macro): 0.2949/0.3796/0.2982 | LR: 0.000001
Epoch [75/100] | Loss: 2.7262 (Cls: 2.0699, Adv: 4.3754) | Train Acc: 0.8203 | Val Acc: 0.3243 | Val P/R/F1 (Macro): 0.2949/0.3796/0.2982 | LR: 0.000001
Epoch [76/100] | Loss: 2.7073 (Cls: 2.0831, Adv: 4.1611) | Train Acc: 0.8203 | Val Acc: 0.3243 | Val P/R/F1 (Macro): 0.2949/0.3796/0.2982 | LR: 0.000001
Epoch [77/100] | Loss: 2.8976 (Cls: 2.2679, Adv: 4.1981) | Train Acc: 0.7578 | Val Acc: 0.3243 | Val P/R/F1 (Macro): 0.2949/0.3796/0.2982 | LR: 0.000001
Epoch [78/100] | Loss: 2.7853 (Cls: 2.1376, Adv: 4.3182) | Train Acc: 0.8516 | Val Acc: 0.3243 | Val P/R/F1 (Macro): 0.3135/0.3796/0.3035 | LR: 0.000001
Epoch [79/100] | Loss: 2.9351 (Cls: 2.3041, Adv: 4.2066) | Train Acc: 0.7344 | Val Acc: 0.3784 | Val P/R/F1 (Macro): 0.3431/0.4352/0.3572 | LR: 0.000001
Epoch [80/100] | Loss: 2.6861 (Cls: 2.0533, Adv: 4.2188) | Train Acc: 0.8438 | Val Acc: 0.3784 | Val P/R/F1 (Macro): 0.3296/0.4352/0.3560 | LR: 0.000001
Epoch [81/100] | Loss: 2.7212 (Cls: 2.0852, Adv: 4.2399) | Train Acc: 0.8359 | Val Acc: 0.2973 | Val P/R/F1 (Macro): 0.2904/0.3611/0.2925 | LR: 0.000001
Epoch [82/100] | Loss: 2.8748 (Cls: 2.2128, Adv: 4.4134) | Train Acc: 0.8047 | Val Acc: 0.2703 | Val P/R/F1 (Macro): 0.2534/0.3333/0.2608 | LR: 0.000001
Epoch [83/100] | Loss: 2.6984 (Cls: 2.0767, Adv: 4.1450) | Train Acc: 0.8281 | Val Acc: 0.2973 | Val P/R/F1 (Macro): 0.2889/0.3611/0.2884 | LR: 0.000001
Epoch [84/100] | Loss: 3.0337 (Cls: 2.3802, Adv: 4.3564) | Train Acc: 0.7500 | Val Acc: 0.2973 | Val P/R/F1 (Macro): 0.2889/0.3611/0.2884 | LR: 0.000001
Epoch [85/100] | Loss: 2.8651 (Cls: 2.2047, Adv: 4.4029) | Train Acc: 0.8203 | Val Acc: 0.3243 | Val P/R/F1 (Macro): 0.2949/0.3796/0.2982 | LR: 0.000001
Epoch [86/100] | Loss: 2.8733 (Cls: 2.2190, Adv: 4.3621) | Train Acc: 0.8125 | Val Acc: 0.2973 | Val P/R/F1 (Macro): 0.2938/0.3611/0.2921 | LR: 0.000001
Epoch [87/100] | Loss: 2.8425 (Cls: 2.2180, Adv: 4.1628) | Train Acc: 0.8047 | Val Acc: 0.3784 | Val P/R/F1 (Macro): 0.3296/0.4352/0.3560 | LR: 0.000001
Epoch [88/100] | Loss: 2.7499 (Cls: 2.1272, Adv: 4.1511) | Train Acc: 0.8047 | Val Acc: 0.3243 | Val P/R/F1 (Macro): 0.2949/0.3796/0.2982 | LR: 0.000001
Epoch [89/100] | Loss: 2.7184 (Cls: 2.0880, Adv: 4.2025) | Train Acc: 0.8203 | Val Acc: 0.3243 | Val P/R/F1 (Macro): 0.2949/0.3796/0.2982 | LR: 0.000001
Epoch [90/100] | Loss: 2.5693 (Cls: 1.9262, Adv: 4.2868) | Train Acc: 0.8828 | Val Acc: 0.3243 | Val P/R/F1 (Macro): 0.2949/0.3796/0.2982 | LR: 0.000001
Epoch [91/100] | Loss: 2.8993 (Cls: 2.2574, Adv: 4.2795) | Train Acc: 0.7891 | Val Acc: 0.3243 | Val P/R/F1 (Macro): 0.3135/0.3796/0.3035 | LR: 0.000001
Epoch [92/100] | Loss: 2.9502 (Cls: 2.3094, Adv: 4.2723) | Train Acc: 0.7891 | Val Acc: 0.2973 | Val P/R/F1 (Macro): 0.2727/0.3519/0.2664 | LR: 0.000001
Epoch [93/100] | Loss: 2.7207 (Cls: 2.0814, Adv: 4.2621) | Train Acc: 0.8672 | Val Acc: 0.3243 | Val P/R/F1 (Macro): 0.2949/0.3796/0.2982 | LR: 0.000001
Epoch [94/100] | Loss: 2.7430 (Cls: 2.1090, Adv: 4.2263) | Train Acc: 0.8438 | Val Acc: 0.3243 | Val P/R/F1 (Macro): 0.2949/0.3796/0.2982 | LR: 0.000001
Epoch [95/100] | Loss: 2.6002 (Cls: 1.9448, Adv: 4.3692) | Train Acc: 0.8438 | Val Acc: 0.3243 | Val P/R/F1 (Macro): 0.3000/0.3796/0.3022 | LR: 0.000001
Epoch [96/100] | Loss: 2.7157 (Cls: 2.0854, Adv: 4.2019) | Train Acc: 0.8438 | Val Acc: 0.3243 | Val P/R/F1 (Macro): 0.3000/0.3796/0.3022 | LR: 0.000001
Epoch [97/100] | Loss: 2.9918 (Cls: 2.3378, Adv: 4.3599) | Train Acc: 0.7812 | Val Acc: 0.3243 | Val P/R/F1 (Macro): 0.3000/0.3796/0.3022 | LR: 0.000001
Epoch [98/100] | Loss: 2.8594 (Cls: 2.2021, Adv: 4.3823) | Train Acc: 0.8359 | Val Acc: 0.3243 | Val P/R/F1 (Macro): 0.3000/0.3796/0.3022 | LR: 0.000001
Epoch [99/100] | Loss: 2.7302 (Cls: 2.0557, Adv: 4.4969) | Train Acc: 0.8594 | Val Acc: 0.3243 | Val P/R/F1 (Macro): 0.3000/0.3796/0.3022 | LR: 0.000001
Epoch [100/100] | Loss: 2.8604 (Cls: 2.2230, Adv: 4.2496) | Train Acc: 0.8047 | Val Acc: 0.2973 | Val P/R/F1 (Macro): 0.2727/0.3519/0.2664 | LR: 0.000001

迭代 4 最佳指标:
  Accuracy: 0.4054
  Precision (Macro): 0.3420
  Recall (Macro): 0.4722
  F1 (Macro): 0.3787
  Precision (Micro): 0.4054
  Recall (Micro): 0.4054
  F1 (Micro): 0.4054
  Val class coverage: 9/14 (0.6429), samples=37

================================================================================
迭代 5/5
随机种子: 46
================================================================================
Training mode: unsupervised target adaptation (target labels ignored in training).
Epoch [1/100] | Loss: 6.0624 (Cls: 6.0032, Adv: 0.3947) | Train Acc: 0.0625 | Val Acc: 0.0000 | Val P/R/F1 (Macro): 0.0000/0.0000/0.0000 | LR: 0.000010
Epoch [2/100] | Loss: 5.2878 (Cls: 5.2506, Adv: 0.2483) | Train Acc: 0.1406 | Val Acc: 0.0000 | Val P/R/F1 (Macro): 0.0000/0.0000/0.0000 | LR: 0.000010
Epoch [3/100] | Loss: 5.2031 (Cls: 5.1562, Adv: 0.3130) | Train Acc: 0.1719 | Val Acc: 0.0000 | Val P/R/F1 (Macro): 0.0000/0.0000/0.0000 | LR: 0.000010
Epoch [4/100] | Loss: 5.1103 (Cls: 5.0627, Adv: 0.3178) | Train Acc: 0.2109 | Val Acc: 0.0000 | Val P/R/F1 (Macro): 0.0000/0.0000/0.0000 | LR: 0.000010
Epoch [5/100] | Loss: 4.7474 (Cls: 4.7035, Adv: 0.2920) | Train Acc: 0.2891 | Val Acc: 0.0270 | Val P/R/F1 (Macro): 0.1111/0.0278/0.0444 | LR: 0.000010
  >>> New Best Val Acc: 0.0270
Epoch [6/100] | Loss: 4.8940 (Cls: 4.8405, Adv: 0.3563) | Train Acc: 0.2266 | Val Acc: 0.1081 | Val P/R/F1 (Macro): 0.0222/0.1111/0.0370 | LR: 0.000010
  >>> New Best Val Acc: 0.1081
Epoch [7/100] | Loss: 4.4668 (Cls: 4.4037, Adv: 0.4209) | Train Acc: 0.2891 | Val Acc: 0.1892 | Val P/R/F1 (Macro): 0.1160/0.1806/0.1335 | LR: 0.000010
  >>> New Best Val Acc: 0.1892
Epoch [8/100] | Loss: 4.6038 (Cls: 4.5008, Adv: 0.6865) | Train Acc: 0.2812 | Val Acc: 0.1351 | Val P/R/F1 (Macro): 0.2037/0.1250/0.1313 | LR: 0.000010
Epoch [9/100] | Loss: 4.4077 (Cls: 4.2727, Adv: 0.9005) | Train Acc: 0.3828 | Val Acc: 0.2432 | Val P/R/F1 (Macro): 0.3148/0.2454/0.2395 | LR: 0.000010
  >>> New Best Val Acc: 0.2432
Epoch [10/100] | Loss: 4.3538 (Cls: 4.1976, Adv: 1.0415) | Train Acc: 0.4688 | Val Acc: 0.2973 | Val P/R/F1 (Macro): 0.2646/0.2870/0.2370 | LR: 0.000010
  >>> New Best Val Acc: 0.2973
Epoch [11/100] | Loss: 4.5629 (Cls: 4.3617, Adv: 1.3408) | Train Acc: 0.3984 | Val Acc: 0.3243 | Val P/R/F1 (Macro): 0.3416/0.3889/0.2946 | LR: 0.000010
  >>> New Best Val Acc: 0.3243
Epoch [12/100] | Loss: 4.1866 (Cls: 3.9519, Adv: 1.5645) | Train Acc: 0.4453 | Val Acc: 0.2162 | Val P/R/F1 (Macro): 0.2500/0.2130/0.1947 | LR: 0.000010
Epoch [13/100] | Loss: 3.9319 (Cls: 3.6546, Adv: 1.8490) | Train Acc: 0.5547 | Val Acc: 0.1622 | Val P/R/F1 (Macro): 0.1926/0.2315/0.1739 | LR: 0.000010
Epoch [14/100] | Loss: 4.1430 (Cls: 3.8108, Adv: 2.2146) | Train Acc: 0.4453 | Val Acc: 0.2703 | Val P/R/F1 (Macro): 0.2341/0.2269/0.2056 | LR: 0.000010
Epoch [15/100] | Loss: 4.0434 (Cls: 3.6952, Adv: 2.3217) | Train Acc: 0.4844 | Val Acc: 0.3243 | Val P/R/F1 (Macro): 0.3333/0.2870/0.2444 | LR: 0.000010
Epoch [16/100] | Loss: 4.0403 (Cls: 3.6602, Adv: 2.5338) | Train Acc: 0.5156 | Val Acc: 0.2703 | Val P/R/F1 (Macro): 0.2904/0.2500/0.1997 | LR: 0.000010
Epoch [17/100] | Loss: 4.1487 (Cls: 3.7594, Adv: 2.5951) | Train Acc: 0.5781 | Val Acc: 0.3243 | Val P/R/F1 (Macro): 0.4573/0.2917/0.2571 | LR: 0.000010
Epoch [18/100] | Loss: 4.1355 (Cls: 3.7224, Adv: 2.7541) | Train Acc: 0.5234 | Val Acc: 0.2973 | Val P/R/F1 (Macro): 0.2598/0.2731/0.2048 | LR: 0.000010
Epoch [19/100] | Loss: 3.9382 (Cls: 3.4659, Adv: 3.1485) | Train Acc: 0.6094 | Val Acc: 0.2973 | Val P/R/F1 (Macro): 0.1543/0.2778/0.1887 | LR: 0.000010
Epoch [20/100] | Loss: 3.4685 (Cls: 3.0187, Adv: 2.9988) | Train Acc: 0.6797 | Val Acc: 0.3243 | Val P/R/F1 (Macro): 0.4108/0.2870/0.2914 | LR: 0.000010
Epoch [21/100] | Loss: 3.6750 (Cls: 3.2588, Adv: 2.7745) | Train Acc: 0.5781 | Val Acc: 0.2973 | Val P/R/F1 (Macro): 0.2910/0.2731/0.2581 | LR: 0.000010
Epoch [22/100] | Loss: 3.6241 (Cls: 3.1803, Adv: 2.9585) | Train Acc: 0.6484 | Val Acc: 0.3784 | Val P/R/F1 (Macro): 0.3889/0.3565/0.3259 | LR: 0.000010
  >>> New Best Val Acc: 0.3784
Epoch [23/100] | Loss: 3.6001 (Cls: 3.1363, Adv: 3.0920) | Train Acc: 0.6641 | Val Acc: 0.3243 | Val P/R/F1 (Macro): 0.3056/0.2824/0.2772 | LR: 0.000010
Epoch [24/100] | Loss: 3.7229 (Cls: 3.2553, Adv: 3.1173) | Train Acc: 0.6250 | Val Acc: 0.3243 | Val P/R/F1 (Macro): 0.3698/0.2917/0.2805 | LR: 0.000010
Epoch [25/100] | Loss: 3.3063 (Cls: 2.8134, Adv: 3.2858) | Train Acc: 0.6875 | Val Acc: 0.4324 | Val P/R/F1 (Macro): 0.4407/0.4769/0.3862 | LR: 0.000010
  >>> New Best Val Acc: 0.4324
Epoch [26/100] | Loss: 3.6942 (Cls: 3.1621, Adv: 3.5470) | Train Acc: 0.6328 | Val Acc: 0.4324 | Val P/R/F1 (Macro): 0.3246/0.4028/0.3345 | LR: 0.000010
Epoch [27/100] | Loss: 3.2838 (Cls: 2.7915, Adv: 3.2823) | Train Acc: 0.6719 | Val Acc: 0.2973 | Val P/R/F1 (Macro): 0.3432/0.3657/0.2930 | LR: 0.000010
Epoch [28/100] | Loss: 3.4716 (Cls: 2.9227, Adv: 3.6588) | Train Acc: 0.6562 | Val Acc: 0.3514 | Val P/R/F1 (Macro): 0.3655/0.3935/0.3060 | LR: 0.000010
Epoch [29/100] | Loss: 3.4956 (Cls: 2.9825, Adv: 3.4205) | Train Acc: 0.6719 | Val Acc: 0.2432 | Val P/R/F1 (Macro): 0.1852/0.2963/0.2085 | LR: 0.000010
Epoch [30/100] | Loss: 3.4955 (Cls: 2.9701, Adv: 3.5027) | Train Acc: 0.6797 | Val Acc: 0.3514 | Val P/R/F1 (Macro): 0.4815/0.3843/0.3591 | LR: 0.000010
Epoch [31/100] | Loss: 3.2716 (Cls: 2.7118, Adv: 3.7319) | Train Acc: 0.7344 | Val Acc: 0.3243 | Val P/R/F1 (Macro): 0.3370/0.3750/0.3301 | LR: 0.000010
Epoch [32/100] | Loss: 3.3478 (Cls: 2.7945, Adv: 3.6884) | Train Acc: 0.7109 | Val Acc: 0.3243 | Val P/R/F1 (Macro): 0.3389/0.3843/0.3437 | LR: 0.000010
Epoch [33/100] | Loss: 3.5523 (Cls: 2.9704, Adv: 3.8790) | Train Acc: 0.6172 | Val Acc: 0.3784 | Val P/R/F1 (Macro): 0.3848/0.4306/0.3782 | LR: 0.000010
Epoch [34/100] | Loss: 3.6289 (Cls: 3.0546, Adv: 3.8283) | Train Acc: 0.6562 | Val Acc: 0.3243 | Val P/R/F1 (Macro): 0.2438/0.3796/0.2870 | LR: 0.000010
Epoch [35/100] | Loss: 3.1504 (Cls: 2.6017, Adv: 3.6581) | Train Acc: 0.7578 | Val Acc: 0.2973 | Val P/R/F1 (Macro): 0.3364/0.3472/0.3074 | LR: 0.000010
Epoch [36/100] | Loss: 3.6510 (Cls: 3.0509, Adv: 4.0008) | Train Acc: 0.6719 | Val Acc: 0.3514 | Val P/R/F1 (Macro): 0.3561/0.4028/0.3431 | LR: 0.000005
Epoch [37/100] | Loss: 3.0112 (Cls: 2.4222, Adv: 3.9269) | Train Acc: 0.8047 | Val Acc: 0.4324 | Val P/R/F1 (Macro): 0.4672/0.4861/0.4289 | LR: 0.000005
Epoch [38/100] | Loss: 3.1207 (Cls: 2.5534, Adv: 3.7818) | Train Acc: 0.7578 | Val Acc: 0.3784 | Val P/R/F1 (Macro): 0.4487/0.4213/0.3697 | LR: 0.000005
Epoch [39/100] | Loss: 3.0518 (Cls: 2.4678, Adv: 3.8934) | Train Acc: 0.8125 | Val Acc: 0.3784 | Val P/R/F1 (Macro): 0.4394/0.4213/0.3680 | LR: 0.000005
Epoch [40/100] | Loss: 3.1046 (Cls: 2.5053, Adv: 3.9956) | Train Acc: 0.7734 | Val Acc: 0.3243 | Val P/R/F1 (Macro): 0.4333/0.3750/0.3370 | LR: 0.000005
Epoch [41/100] | Loss: 3.1691 (Cls: 2.5973, Adv: 3.8120) | Train Acc: 0.7266 | Val Acc: 0.3243 | Val P/R/F1 (Macro): 0.4519/0.3750/0.3492 | LR: 0.000005
Epoch [42/100] | Loss: 3.2405 (Cls: 2.6187, Adv: 4.1455) | Train Acc: 0.7500 | Val Acc: 0.3243 | Val P/R/F1 (Macro): 0.4519/0.3750/0.3492 | LR: 0.000005
Epoch [43/100] | Loss: 2.8676 (Cls: 2.2810, Adv: 3.9111) | Train Acc: 0.8203 | Val Acc: 0.2973 | Val P/R/F1 (Macro): 0.2944/0.3611/0.3024 | LR: 0.000005
Epoch [44/100] | Loss: 2.8256 (Cls: 2.2117, Adv: 4.0926) | Train Acc: 0.8359 | Val Acc: 0.3243 | Val P/R/F1 (Macro): 0.3593/0.3750/0.3345 | LR: 0.000005
Epoch [45/100] | Loss: 3.2630 (Cls: 2.6741, Adv: 3.9259) | Train Acc: 0.7266 | Val Acc: 0.2973 | Val P/R/F1 (Macro): 0.4691/0.3565/0.3632 | LR: 0.000005
Epoch [46/100] | Loss: 3.1602 (Cls: 2.5538, Adv: 4.0428) | Train Acc: 0.7344 | Val Acc: 0.2703 | Val P/R/F1 (Macro): 0.3395/0.3380/0.3228 | LR: 0.000005
Epoch [47/100] | Loss: 2.8749 (Cls: 2.2759, Adv: 3.9935) | Train Acc: 0.8516 | Val Acc: 0.3243 | Val P/R/F1 (Macro): 0.4704/0.3565/0.3249 | LR: 0.000003
Epoch [48/100] | Loss: 3.1982 (Cls: 2.5671, Adv: 4.2070) | Train Acc: 0.7578 | Val Acc: 0.2973 | Val P/R/F1 (Macro): 0.3565/0.3287/0.2775 | LR: 0.000003
Epoch [49/100] | Loss: 3.1064 (Cls: 2.5227, Adv: 3.8911) | Train Acc: 0.7188 | Val Acc: 0.2703 | Val P/R/F1 (Macro): 0.3333/0.3102/0.2678 | LR: 0.000003
Epoch [50/100] | Loss: 3.1499 (Cls: 2.5695, Adv: 3.8693) | Train Acc: 0.7734 | Val Acc: 0.2432 | Val P/R/F1 (Macro): 0.2630/0.2917/0.2538 | LR: 0.000003
Epoch [51/100] | Loss: 2.9685 (Cls: 2.3444, Adv: 4.1603) | Train Acc: 0.8047 | Val Acc: 0.2703 | Val P/R/F1 (Macro): 0.3135/0.3102/0.2586 | LR: 0.000003
Epoch [52/100] | Loss: 3.0083 (Cls: 2.3824, Adv: 4.1728) | Train Acc: 0.8047 | Val Acc: 0.2703 | Val P/R/F1 (Macro): 0.3042/0.3102/0.2475 | LR: 0.000003
Epoch [53/100] | Loss: 2.9834 (Cls: 2.3599, Adv: 4.1572) | Train Acc: 0.7734 | Val Acc: 0.2703 | Val P/R/F1 (Macro): 0.4000/0.3194/0.2735 | LR: 0.000003
Epoch [54/100] | Loss: 2.6736 (Cls: 2.0174, Adv: 4.3745) | Train Acc: 0.8828 | Val Acc: 0.3514 | Val P/R/F1 (Macro): 0.4246/0.3935/0.3385 | LR: 0.000003
Epoch [55/100] | Loss: 3.1245 (Cls: 2.5050, Adv: 4.1299) | Train Acc: 0.7188 | Val Acc: 0.2703 | Val P/R/F1 (Macro): 0.3296/0.3287/0.2866 | LR: 0.000003
Epoch [56/100] | Loss: 3.1667 (Cls: 2.5109, Adv: 4.3724) | Train Acc: 0.7500 | Val Acc: 0.3243 | Val P/R/F1 (Macro): 0.4209/0.3657/0.3230 | LR: 0.000003
Epoch [57/100] | Loss: 2.9156 (Cls: 2.2813, Adv: 4.2285) | Train Acc: 0.7500 | Val Acc: 0.2973 | Val P/R/F1 (Macro): 0.3561/0.3380/0.2918 | LR: 0.000003
Epoch [58/100] | Loss: 2.8737 (Cls: 2.2306, Adv: 4.2870) | Train Acc: 0.7969 | Val Acc: 0.3243 | Val P/R/F1 (Macro): 0.3611/0.3657/0.3195 | LR: 0.000001
Epoch [59/100] | Loss: 2.8534 (Cls: 2.2286, Adv: 4.1651) | Train Acc: 0.8125 | Val Acc: 0.3243 | Val P/R/F1 (Macro): 0.3005/0.3796/0.3122 | LR: 0.000001
Epoch [60/100] | Loss: 2.7898 (Cls: 2.1663, Adv: 4.1564) | Train Acc: 0.7969 | Val Acc: 0.3514 | Val P/R/F1 (Macro): 0.3561/0.3935/0.3332 | LR: 0.000001
Epoch [61/100] | Loss: 3.0296 (Cls: 2.3914, Adv: 4.2552) | Train Acc: 0.7812 | Val Acc: 0.2973 | Val P/R/F1 (Macro): 0.2764/0.3519/0.2738 | LR: 0.000001
Epoch [62/100] | Loss: 2.9256 (Cls: 2.2531, Adv: 4.4835) | Train Acc: 0.7734 | Val Acc: 0.3243 | Val P/R/F1 (Macro): 0.2857/0.3796/0.2937 | LR: 0.000001
Epoch [63/100] | Loss: 2.8387 (Cls: 2.1671, Adv: 4.4768) | Train Acc: 0.8438 | Val Acc: 0.2973 | Val P/R/F1 (Macro): 0.2764/0.3519/0.2738 | LR: 0.000001
Epoch [64/100] | Loss: 2.7765 (Cls: 2.1340, Adv: 4.2830) | Train Acc: 0.8516 | Val Acc: 0.3243 | Val P/R/F1 (Macro): 0.2857/0.3796/0.2937 | LR: 0.000001
Epoch [65/100] | Loss: 2.7659 (Cls: 2.1111, Adv: 4.3651) | Train Acc: 0.8516 | Val Acc: 0.3243 | Val P/R/F1 (Macro): 0.2857/0.3796/0.2937 | LR: 0.000001
Epoch [66/100] | Loss: 2.8295 (Cls: 2.1744, Adv: 4.3671) | Train Acc: 0.7812 | Val Acc: 0.3243 | Val P/R/F1 (Macro): 0.2963/0.3796/0.3086 | LR: 0.000001
Epoch [67/100] | Loss: 3.0314 (Cls: 2.3691, Adv: 4.4150) | Train Acc: 0.8125 | Val Acc: 0.3243 | Val P/R/F1 (Macro): 0.2857/0.3796/0.2937 | LR: 0.000001
Epoch [68/100] | Loss: 2.9324 (Cls: 2.2548, Adv: 4.5179) | Train Acc: 0.7891 | Val Acc: 0.3243 | Val P/R/F1 (Macro): 0.2857/0.3796/0.2937 | LR: 0.000001
Epoch [69/100] | Loss: 2.9085 (Cls: 2.2308, Adv: 4.5182) | Train Acc: 0.8359 | Val Acc: 0.3243 | Val P/R/F1 (Macro): 0.2857/0.3796/0.2937 | LR: 0.000001
Epoch [70/100] | Loss: 2.7732 (Cls: 2.1248, Adv: 4.3232) | Train Acc: 0.8516 | Val Acc: 0.3243 | Val P/R/F1 (Macro): 0.2857/0.3796/0.2937 | LR: 0.000001
Epoch [71/100] | Loss: 2.8750 (Cls: 2.1932, Adv: 4.5453) | Train Acc: 0.8516 | Val Acc: 0.3243 | Val P/R/F1 (Macro): 0.2857/0.3796/0.2937 | LR: 0.000001
Epoch [72/100] | Loss: 3.3290 (Cls: 2.6257, Adv: 4.6884) | Train Acc: 0.7188 | Val Acc: 0.3243 | Val P/R/F1 (Macro): 0.3561/0.3796/0.3011 | LR: 0.000001
Epoch [73/100] | Loss: 2.7817 (Cls: 2.1160, Adv: 4.4377) | Train Acc: 0.8594 | Val Acc: 0.3243 | Val P/R/F1 (Macro): 0.2857/0.3796/0.2937 | LR: 0.000001
Epoch [74/100] | Loss: 2.9737 (Cls: 2.3095, Adv: 4.4280) | Train Acc: 0.7734 | Val Acc: 0.2973 | Val P/R/F1 (Macro): 0.2727/0.3519/0.2685 | LR: 0.000001
Epoch [75/100] | Loss: 2.9059 (Cls: 2.2503, Adv: 4.3705) | Train Acc: 0.7734 | Val Acc: 0.2973 | Val P/R/F1 (Macro): 0.2727/0.3519/0.2685 | LR: 0.000001
Epoch [76/100] | Loss: 3.1427 (Cls: 2.4898, Adv: 4.3531) | Train Acc: 0.7188 | Val Acc: 0.3243 | Val P/R/F1 (Macro): 0.2653/0.3796/0.2791 | LR: 0.000001
Epoch [77/100] | Loss: 2.6783 (Cls: 2.0105, Adv: 4.4523) | Train Acc: 0.8672 | Val Acc: 0.3243 | Val P/R/F1 (Macro): 0.4209/0.3657/0.3120 | LR: 0.000001
Epoch [78/100] | Loss: 2.7585 (Cls: 2.0567, Adv: 4.6786) | Train Acc: 0.8438 | Val Acc: 0.2973 | Val P/R/F1 (Macro): 0.2727/0.3519/0.2685 | LR: 0.000001
Epoch [79/100] | Loss: 2.7176 (Cls: 2.0584, Adv: 4.3945) | Train Acc: 0.8438 | Val Acc: 0.3243 | Val P/R/F1 (Macro): 0.3468/0.3657/0.2993 | LR: 0.000001
Epoch [80/100] | Loss: 2.7746 (Cls: 2.1285, Adv: 4.3072) | Train Acc: 0.8438 | Val Acc: 0.3243 | Val P/R/F1 (Macro): 0.3519/0.3657/0.3084 | LR: 0.000001
Epoch [81/100] | Loss: 2.7110 (Cls: 2.0314, Adv: 4.5310) | Train Acc: 0.8516 | Val Acc: 0.3243 | Val P/R/F1 (Macro): 0.3468/0.3657/0.2993 | LR: 0.000001
Epoch [82/100] | Loss: 2.9991 (Cls: 2.3017, Adv: 4.6491) | Train Acc: 0.8203 | Val Acc: 0.3243 | Val P/R/F1 (Macro): 0.3505/0.3657/0.3046 | LR: 0.000001
Epoch [83/100] | Loss: 2.9020 (Cls: 2.2101, Adv: 4.6130) | Train Acc: 0.7812 | Val Acc: 0.3243 | Val P/R/F1 (Macro): 0.3468/0.3657/0.2993 | LR: 0.000001
Epoch [84/100] | Loss: 2.8828 (Cls: 2.2120, Adv: 4.4720) | Train Acc: 0.7969 | Val Acc: 0.2973 | Val P/R/F1 (Macro): 0.2727/0.3519/0.2685 | LR: 0.000001
Epoch [85/100] | Loss: 2.8233 (Cls: 2.1624, Adv: 4.4064) | Train Acc: 0.8359 | Val Acc: 0.2973 | Val P/R/F1 (Macro): 0.2727/0.3519/0.2685 | LR: 0.000001
Epoch [86/100] | Loss: 3.1966 (Cls: 2.4985, Adv: 4.6541) | Train Acc: 0.7734 | Val Acc: 0.3243 | Val P/R/F1 (Macro): 0.3505/0.3657/0.3046 | LR: 0.000001
Epoch [87/100] | Loss: 2.8995 (Cls: 2.2088, Adv: 4.6044) | Train Acc: 0.8047 | Val Acc: 0.2973 | Val P/R/F1 (Macro): 0.2764/0.3519/0.2738 | LR: 0.000001
Epoch [88/100] | Loss: 2.9516 (Cls: 2.2544, Adv: 4.6484) | Train Acc: 0.7891 | Val Acc: 0.2973 | Val P/R/F1 (Macro): 0.2764/0.3519/0.2717 | LR: 0.000001
Epoch [89/100] | Loss: 2.6952 (Cls: 2.0086, Adv: 4.5774) | Train Acc: 0.8672 | Val Acc: 0.2973 | Val P/R/F1 (Macro): 0.2727/0.3519/0.2685 | LR: 0.000001
Epoch [90/100] | Loss: 2.8799 (Cls: 2.2091, Adv: 4.4719) | Train Acc: 0.8281 | Val Acc: 0.2973 | Val P/R/F1 (Macro): 0.2727/0.3519/0.2685 | LR: 0.000001
Epoch [91/100] | Loss: 2.9992 (Cls: 2.3166, Adv: 4.5507) | Train Acc: 0.7969 | Val Acc: 0.2973 | Val P/R/F1 (Macro): 0.2727/0.3519/0.2685 | LR: 0.000001
Epoch [92/100] | Loss: 2.8350 (Cls: 2.0913, Adv: 4.9582) | Train Acc: 0.8281 | Val Acc: 0.3243 | Val P/R/F1 (Macro): 0.2820/0.3796/0.2884 | LR: 0.000001
Epoch [93/100] | Loss: 2.7400 (Cls: 2.0660, Adv: 4.4934) | Train Acc: 0.8359 | Val Acc: 0.3243 | Val P/R/F1 (Macro): 0.2820/0.3796/0.2884 | LR: 0.000001
Epoch [94/100] | Loss: 3.1975 (Cls: 2.4848, Adv: 4.7514) | Train Acc: 0.7891 | Val Acc: 0.3243 | Val P/R/F1 (Macro): 0.2912/0.3889/0.2929 | LR: 0.000001
Epoch [95/100] | Loss: 2.7527 (Cls: 2.0585, Adv: 4.6276) | Train Acc: 0.8203 | Val Acc: 0.2973 | Val P/R/F1 (Macro): 0.2764/0.3519/0.2738 | LR: 0.000001
Epoch [96/100] | Loss: 2.8439 (Cls: 2.1428, Adv: 4.6741) | Train Acc: 0.8438 | Val Acc: 0.2973 | Val P/R/F1 (Macro): 0.2949/0.3519/0.2791 | LR: 0.000001
Epoch [97/100] | Loss: 2.7668 (Cls: 2.0521, Adv: 4.7646) | Train Acc: 0.8438 | Val Acc: 0.2973 | Val P/R/F1 (Macro): 0.2764/0.3519/0.2738 | LR: 0.000001
Epoch [98/100] | Loss: 2.9750 (Cls: 2.2650, Adv: 4.7332) | Train Acc: 0.8047 | Val Acc: 0.2973 | Val P/R/F1 (Macro): 0.2764/0.3519/0.2738 | LR: 0.000001
Epoch [99/100] | Loss: 2.7599 (Cls: 2.0786, Adv: 4.5420) | Train Acc: 0.8516 | Val Acc: 0.3243 | Val P/R/F1 (Macro): 0.3505/0.3657/0.3046 | LR: 0.000001
Epoch [100/100] | Loss: 2.9123 (Cls: 2.1910, Adv: 4.8088) | Train Acc: 0.8281 | Val Acc: 0.2973 | Val P/R/F1 (Macro): 0.2778/0.3519/0.2755 | LR: 0.000001

迭代 5 最佳指标:
  Accuracy: 0.4324
  Precision (Macro): 0.4407
  Recall (Macro): 0.4769
  F1 (Macro): 0.3862
  Precision (Micro): 0.4324
  Recall (Micro): 0.4324
  F1 (Micro): 0.4324
  Val class coverage: 9/14 (0.6429), samples=37

================================================================================
5次迭代统计结果
================================================================================

accuracy:
  各迭代值: ['0.3514', '0.4054', '0.4054', '0.4054', '0.4324']
  均值 (Mean): 0.4000
  标准差 (Std): 0.0265

precision_macro:
  各迭代值: ['0.4764', '0.2316', '0.3645', '0.3420', '0.4407']
  均值 (Mean): 0.3710
  标准差 (Std): 0.0852

recall_macro:
  各迭代值: ['0.3981', '0.4306', '0.4815', '0.4722', '0.4769']
  均值 (Mean): 0.4519
  标准差 (Std): 0.0324

f1_macro:
  各迭代值: ['0.3455', '0.2918', '0.3912', '0.3787', '0.3862']
  均值 (Mean): 0.3587
  标准差 (Std): 0.0370

precision_micro:
  各迭代值: ['0.3514', '0.4054', '0.4054', '0.4054', '0.4324']
  均值 (Mean): 0.4000
  标准差 (Std): 0.0265

recall_micro:
  各迭代值: ['0.3514', '0.4054', '0.4054', '0.4054', '0.4324']
  均值 (Mean): 0.4000
  标准差 (Std): 0.0265

f1_micro:
  各迭代值: ['0.3514', '0.4054', '0.4054', '0.4054', '0.4324']
  均值 (Mean): 0.4000
  标准差 (Std): 0.0265

val_class_coverage:
  各迭代值: ['0.6429', '0.6429', '0.6429', '0.6429', '0.6429']
  均值 (Mean): 0.6429
  标准差 (Std): 0.0000

val_present_classes:
  各迭代值: ['9.0000', '9.0000', '9.0000', '9.0000', '9.0000']
  均值 (Mean): 9.0000
  标准差 (Std): 0.0000

val_total_classes:
  各迭代值: ['14.0000', '14.0000', '14.0000', '14.0000', '14.0000']
  均值 (Mean): 14.0000
  标准差 (Std): 0.0000

val_samples:
  各迭代值: ['37.0000', '37.0000', '37.0000', '37.0000', '37.0000']
  均值 (Mean): 37.0000
  标准差 (Std): 0.0000

训练结束时间: 2026-07-09 16:48:11
================================================================================

[Batch 1/1] modality=ir, target=/home/lixiang/lx/Data/逆光
[IR] 加载完成: 766 个样本, 14 个类别
[IR] 加载完成: 132 个样本, 14 个类别
[IR] 加载完成: 37 个样本, 14 个类别
[IR] 加载完成: 766 个样本, 14 个类别
[IR] 加载完成: 132 个样本, 14 个类别
[IR] 加载完成: 37 个样本, 14 个类别
[IR] 加载完成: 766 个样本, 14 个类别
[IR] 加载完成: 132 个样本, 14 个类别
[IR] 加载完成: 37 个样本, 14 个类别
[IR] 加载完成: 766 个样本, 14 个类别
[IR] 加载完成: 132 个样本, 14 个类别
[IR] 加载完成: 37 个样本, 14 个类别
[IR] 加载完成: 766 个样本, 14 个类别
[IR] 加载完成: 132 个样本, 14 个类别
[IR] 加载完成: 37 个样本, 14 个类别

================================================================================
批量实验完成，结果汇总:
================================================================================
01. modality=ir  | target=逆光 | Accuracy: 0.4000 ± 0.0265
================================================================================
