COMMAND: /home/lixiang/envs/lx_pytorch/bin/python module_ablation.py --source_root /home/lixiang/lx/Data/晴天 --target_root /home/lixiang/lx/Data/雨天 --ablation_mode with_tensor_no_ot --num_iterations 5 --epochs 100 --batch_size 32 --target_label_ratio 0.35 --target_cls_weight 0.5 --report_strategy last_window --report_window 10
CWD: /home/lixiang/lx/JMDA/Ablation
================================================================================
================================================================================
模块消融实验 - with_tensor_without_ot
目标域天气: 雨天
训练开始时间: 2026-07-17 19:23:10
设备: cuda
源域: /home/lixiang/lx/Data/晴天
目标域: /home/lixiang/lx/Data/雨天
批次大小: 32
总轮数: 100
迭代次数: 5
使用Tensor模块: 是
使用OT模块: 否
特征融合方式: Tensor对齐
域对齐方式: 常规对抗
目标标签比例/权重: 0.34/0.55
Tensor/Adv损失权重: 0.04/0.05
学习率: feature=8e-06, other=0.00022, weight_decay=0.0004
报告策略: last_window, 窗口: 10
================================================================================

================================================================================
迭代 1/5
随机种子: 42
================================================================================
Training mode: unpaired target adaptation with controlled target-label loss (ratio=0.34, weight=0.55).
Fixed labeled target subset: 33/96 samples.
/home/lixiang/envs/lx_pytorch/lib/python3.11/site-packages/torch/cuda/__init__.py:235: UserWarning: 
NVIDIA GeForce RTX 5090 with CUDA capability sm_120 is not compatible with the current PyTorch installation.
The current PyTorch install supports CUDA capabilities sm_50 sm_60 sm_61 sm_70 sm_75 sm_80 sm_86 sm_89 sm_90 compute_90.
If you want to use the NVIDIA GeForce RTX 5090 GPU with PyTorch, please check the instructions at https://pytorch.org/get-started/locally/

  warnings.warn(
INFO:Tensor:参数初始化完成：正交初始化
Feature fusion: Tensor alignment (512+512 -> 128+128); fused_dim=256
Domain adaptation: standard source-target adversarial training, no generator
Loss weights: tensor=0.04, adv=0.05
Epoch [1/100] | Loss: 4.7189 (Cls: 4.6590, TAL: 0.1930, Adv: 1.0436) | Train Acc: 0.1042 | Val Acc: 0.2308 | Val P/R/F1 (Macro): 0.1923/0.2750/0.2204 | LR: 0.000008
  >>> New Best Val Acc: 0.2308
Epoch [2/100] | Loss: 3.8118 (Cls: 3.7680, TAL: 0.2473, Adv: 0.6785) | Train Acc: 0.1458 | Val Acc: 0.2308 | Val P/R/F1 (Macro): 0.1136/0.2167/0.1327 | LR: 0.000008
Epoch [3/100] | Loss: 3.4367 (Cls: 3.4040, TAL: 0.1365, Adv: 0.5445) | Train Acc: 0.1771 | Val Acc: 0.1923 | Val P/R/F1 (Macro): 0.0321/0.1667/0.0538 | LR: 0.000008
Epoch [4/100] | Loss: 3.2740 (Cls: 3.2489, TAL: 0.0920, Adv: 0.4270) | Train Acc: 0.2500 | Val Acc: 0.1923 | Val P/R/F1 (Macro): 0.0321/0.1667/0.0538 | LR: 0.000008
Epoch [5/100] | Loss: 3.2088 (Cls: 3.1894, TAL: 0.0779, Adv: 0.3257) | Train Acc: 0.3438 | Val Acc: 0.3462 | Val P/R/F1 (Macro): 0.3712/0.2917/0.2395 | LR: 0.000008
  >>> New Best Val Acc: 0.3462
Epoch [6/100] | Loss: 3.0042 (Cls: 2.9851, TAL: 0.1630, Adv: 0.2518) | Train Acc: 0.3021 | Val Acc: 0.5000 | Val P/R/F1 (Macro): 0.3796/0.4167/0.3502 | LR: 0.000008
  >>> New Best Val Acc: 0.5000
Epoch [7/100] | Loss: 2.5775 (Cls: 2.5624, TAL: 0.1323, Adv: 0.1963) | Train Acc: 0.4688 | Val Acc: 0.4615 | Val P/R/F1 (Macro): 0.3772/0.3750/0.3234 | LR: 0.000008
Epoch [8/100] | Loss: 2.5579 (Cls: 2.5443, TAL: 0.1402, Adv: 0.1595) | Train Acc: 0.4688 | Val Acc: 0.5385 | Val P/R/F1 (Macro): 0.5490/0.5000/0.4646 | LR: 0.000008
  >>> New Best Val Acc: 0.5385
Epoch [9/100] | Loss: 2.5481 (Cls: 2.5377, TAL: 0.1075, Adv: 0.1226) | Train Acc: 0.4375 | Val Acc: 0.5385 | Val P/R/F1 (Macro): 0.4389/0.5000/0.4359 | LR: 0.000008
Epoch [10/100] | Loss: 2.4220 (Cls: 2.4104, TAL: 0.1341, Adv: 0.1255) | Train Acc: 0.4583 | Val Acc: 0.4615 | Val P/R/F1 (Macro): 0.5130/0.4167/0.3973 | LR: 0.000008
Epoch [11/100] | Loss: 2.3757 (Cls: 2.3704, TAL: 0.0194, Adv: 0.0898) | Train Acc: 0.4792 | Val Acc: 0.5769 | Val P/R/F1 (Macro): 0.7188/0.5333/0.5238 | LR: 0.000008
  >>> New Best Val Acc: 0.5769
Epoch [12/100] | Loss: 2.3215 (Cls: 2.3141, TAL: 0.0971, Adv: 0.0693) | Train Acc: 0.4271 | Val Acc: 0.7308 | Val P/R/F1 (Macro): 0.6466/0.6917/0.6291 | LR: 0.000008
  >>> New Best Val Acc: 0.7308
Epoch [13/100] | Loss: 2.0477 (Cls: 2.0414, TAL: 0.0832, Adv: 0.0595) | Train Acc: 0.6771 | Val Acc: 0.7308 | Val P/R/F1 (Macro): 0.6799/0.6417/0.6218 | LR: 0.000008
Epoch [14/100] | Loss: 2.0249 (Cls: 2.0154, TAL: 0.1610, Adv: 0.0603) | Train Acc: 0.6146 | Val Acc: 0.7308 | Val P/R/F1 (Macro): 0.6905/0.6417/0.6295 | LR: 0.000008
Epoch [15/100] | Loss: 1.9591 (Cls: 1.9523, TAL: 0.1185, Adv: 0.0412) | Train Acc: 0.6562 | Val Acc: 0.7308 | Val P/R/F1 (Macro): 0.6905/0.6417/0.6295 | LR: 0.000008
Epoch [16/100] | Loss: 2.1128 (Cls: 2.1060, TAL: 0.1183, Adv: 0.0412) | Train Acc: 0.5625 | Val Acc: 0.8462 | Val P/R/F1 (Macro): 0.9167/0.8667/0.8333 | LR: 0.000008
  >>> New Best Val Acc: 0.8462
Epoch [17/100] | Loss: 2.0417 (Cls: 2.0380, TAL: 0.0447, Adv: 0.0365) | Train Acc: 0.6250 | Val Acc: 0.6923 | Val P/R/F1 (Macro): 0.8426/0.7208/0.6917 | LR: 0.000008
Epoch [18/100] | Loss: 2.0876 (Cls: 2.0866, TAL: -0.0088, Adv: 0.0270) | Train Acc: 0.5729 | Val Acc: 0.7308 | Val P/R/F1 (Macro): 0.8611/0.7042/0.7199 | LR: 0.000008
Epoch [19/100] | Loss: 1.9399 (Cls: 1.9351, TAL: 0.0875, Adv: 0.0250) | Train Acc: 0.5833 | Val Acc: 0.6923 | Val P/R/F1 (Macro): 0.8535/0.6833/0.6958 | LR: 0.000008
Epoch [20/100] | Loss: 1.8235 (Cls: 1.8217, TAL: 0.0191, Adv: 0.0216) | Train Acc: 0.6667 | Val Acc: 0.6923 | Val P/R/F1 (Macro): 0.7708/0.7208/0.6731 | LR: 0.000008
Epoch [21/100] | Loss: 1.8481 (Cls: 1.8462, TAL: 0.0165, Adv: 0.0250) | Train Acc: 0.7083 | Val Acc: 0.6538 | Val P/R/F1 (Macro): 0.7431/0.6375/0.6009 | LR: 0.000008
Epoch [22/100] | Loss: 1.7495 (Cls: 1.7471, TAL: 0.0433, Adv: 0.0133) | Train Acc: 0.6667 | Val Acc: 0.6154 | Val P/R/F1 (Macro): 0.5675/0.5542/0.4828 | LR: 0.000008
Epoch [23/100] | Loss: 1.7305 (Cls: 1.7266, TAL: 0.0800, Adv: 0.0151) | Train Acc: 0.7083 | Val Acc: 0.7692 | Val P/R/F1 (Macro): 0.6542/0.7250/0.6553 | LR: 0.000008
Epoch [24/100] | Loss: 1.4781 (Cls: 1.4735, TAL: 0.0918, Adv: 0.0180) | Train Acc: 0.8125 | Val Acc: 0.8077 | Val P/R/F1 (Macro): 0.6819/0.7458/0.6902 | LR: 0.000008
Epoch [25/100] | Loss: 1.6645 (Cls: 1.6567, TAL: 0.1805, Adv: 0.0114) | Train Acc: 0.7500 | Val Acc: 0.8077 | Val P/R/F1 (Macro): 0.7153/0.7458/0.7088 | LR: 0.000008
Epoch [26/100] | Loss: 1.5299 (Cls: 1.5219, TAL: 0.1781, Adv: 0.0174) | Train Acc: 0.8229 | Val Acc: 0.8846 | Val P/R/F1 (Macro): 0.9190/0.9125/0.9009 | LR: 0.000008
  >>> New Best Val Acc: 0.8846
Epoch [27/100] | Loss: 1.4993 (Cls: 1.4887, TAL: 0.2459, Adv: 0.0146) | Train Acc: 0.8333 | Val Acc: 0.9231 | Val P/R/F1 (Macro): 0.9444/0.9333/0.9250 | LR: 0.000008
  >>> New Best Val Acc: 0.9231
Epoch [28/100] | Loss: 1.5368 (Cls: 1.5262, TAL: 0.2518, Adv: 0.0109) | Train Acc: 0.8021 | Val Acc: 0.8846 | Val P/R/F1 (Macro): 0.9167/0.8500/0.8543 | LR: 0.000008
Epoch [29/100] | Loss: 1.5371 (Cls: 1.5276, TAL: 0.2251, Adv: 0.0103) | Train Acc: 0.7708 | Val Acc: 0.8462 | Val P/R/F1 (Macro): 0.7341/0.7667/0.7311 | LR: 0.000008
Epoch [30/100] | Loss: 1.4442 (Cls: 1.4350, TAL: 0.2122, Adv: 0.0140) | Train Acc: 0.8229 | Val Acc: 0.8462 | Val P/R/F1 (Macro): 0.7341/0.7667/0.7311 | LR: 0.000008
Epoch [31/100] | Loss: 1.2927 (Cls: 1.2828, TAL: 0.2357, Adv: 0.0091) | Train Acc: 0.9167 | Val Acc: 0.8846 | Val P/R/F1 (Macro): 0.9190/0.8500/0.8565 | LR: 0.000008
Epoch [32/100] | Loss: 1.3899 (Cls: 1.3817, TAL: 0.1962, Adv: 0.0059) | Train Acc: 0.8542 | Val Acc: 0.8846 | Val P/R/F1 (Macro): 0.9190/0.8500/0.8565 | LR: 0.000008
Epoch [33/100] | Loss: 1.5505 (Cls: 1.5445, TAL: 0.1393, Adv: 0.0081) | Train Acc: 0.7812 | Val Acc: 0.8846 | Val P/R/F1 (Macro): 0.9190/0.8500/0.8565 | LR: 0.000008
Epoch [34/100] | Loss: 1.3737 (Cls: 1.3691, TAL: 0.1043, Adv: 0.0078) | Train Acc: 0.8646 | Val Acc: 0.8846 | Val P/R/F1 (Macro): 0.9375/0.8500/0.8643 | LR: 0.000008
Epoch [35/100] | Loss: 1.4970 (Cls: 1.4903, TAL: 0.1599, Adv: 0.0070) | Train Acc: 0.8021 | Val Acc: 0.8846 | Val P/R/F1 (Macro): 0.9333/0.8500/0.8704 | LR: 0.000008
Epoch [36/100] | Loss: 1.4319 (Cls: 1.4283, TAL: 0.0773, Adv: 0.0086) | Train Acc: 0.8021 | Val Acc: 0.9615 | Val P/R/F1 (Macro): 0.9815/0.9667/0.9717 | LR: 0.000008
  >>> New Best Val Acc: 0.9615
Epoch [37/100] | Loss: 1.3953 (Cls: 1.3930, TAL: 0.0475, Adv: 0.0063) | Train Acc: 0.8438 | Val Acc: 0.9615 | Val P/R/F1 (Macro): 0.9667/0.9667/0.9630 | LR: 0.000008
Epoch [38/100] | Loss: 1.3954 (Cls: 1.3893, TAL: 0.1435, Adv: 0.0072) | Train Acc: 0.8021 | Val Acc: 0.9231 | Val P/R/F1 (Macro): 0.9537/0.9333/0.9334 | LR: 0.000008
Epoch [39/100] | Loss: 1.4124 (Cls: 1.4070, TAL: 0.1275, Adv: 0.0050) | Train Acc: 0.8542 | Val Acc: 0.9231 | Val P/R/F1 (Macro): 0.9389/0.9333/0.9247 | LR: 0.000008
Epoch [40/100] | Loss: 1.3048 (Cls: 1.2990, TAL: 0.1364, Adv: 0.0061) | Train Acc: 0.8646 | Val Acc: 0.9231 | Val P/R/F1 (Macro): 0.9524/0.9333/0.9306 | LR: 0.000008
Epoch [41/100] | Loss: 1.3044 (Cls: 1.2977, TAL: 0.1611, Adv: 0.0043) | Train Acc: 0.8958 | Val Acc: 0.8846 | Val P/R/F1 (Macro): 0.8968/0.9125/0.8861 | LR: 0.000008
Epoch [42/100] | Loss: 1.2580 (Cls: 1.2532, TAL: 0.1152, Adv: 0.0042) | Train Acc: 0.8750 | Val Acc: 0.8462 | Val P/R/F1 (Macro): 0.9259/0.8292/0.8440 | LR: 0.000008
Epoch [43/100] | Loss: 1.3391 (Cls: 1.3344, TAL: 0.1069, Adv: 0.0076) | Train Acc: 0.8542 | Val Acc: 0.8462 | Val P/R/F1 (Macro): 0.9259/0.8792/0.8698 | LR: 0.000008
Epoch [44/100] | Loss: 1.2587 (Cls: 1.2552, TAL: 0.0747, Adv: 0.0088) | Train Acc: 0.8958 | Val Acc: 0.8462 | Val P/R/F1 (Macro): 0.9042/0.8792/0.8605 | LR: 0.000008
Epoch [45/100] | Loss: 1.4050 (Cls: 1.4028, TAL: 0.0434, Adv: 0.0091) | Train Acc: 0.8229 | Val Acc: 0.7308 | Val P/R/F1 (Macro): 0.8535/0.7417/0.7137 | LR: 0.000008
Epoch [46/100] | Loss: 1.2341 (Cls: 1.2320, TAL: 0.0430, Adv: 0.0069) | Train Acc: 0.8854 | Val Acc: 0.8077 | Val P/R/F1 (Macro): 0.7500/0.7458/0.7250 | LR: 0.000008
Epoch [47/100] | Loss: 1.2841 (Cls: 1.2810, TAL: 0.0702, Adv: 0.0071) | Train Acc: 0.8646 | Val Acc: 0.7692 | Val P/R/F1 (Macro): 0.8375/0.7875/0.7544 | LR: 0.000004
Epoch [48/100] | Loss: 1.2351 (Cls: 1.2347, TAL: 0.0017, Adv: 0.0053) | Train Acc: 0.8958 | Val Acc: 0.8462 | Val P/R/F1 (Macro): 0.8819/0.8292/0.8199 | LR: 0.000004
Epoch [49/100] | Loss: 1.1138 (Cls: 1.1103, TAL: 0.0809, Adv: 0.0043) | Train Acc: 0.9688 | Val Acc: 0.9231 | Val P/R/F1 (Macro): 0.9524/0.9333/0.9306 | LR: 0.000004
Epoch [50/100] | Loss: 1.1709 (Cls: 1.1685, TAL: 0.0561, Adv: 0.0041) | Train Acc: 0.9375 | Val Acc: 0.8846 | Val P/R/F1 (Macro): 0.9167/0.9000/0.8801 | LR: 0.000004
Epoch [51/100] | Loss: 1.2335 (Cls: 1.2320, TAL: 0.0314, Adv: 0.0042) | Train Acc: 0.9062 | Val Acc: 0.9231 | Val P/R/F1 (Macro): 0.9524/0.9333/0.9306 | LR: 0.000004
Epoch [52/100] | Loss: 1.2713 (Cls: 1.2668, TAL: 0.1065, Adv: 0.0039) | Train Acc: 0.9167 | Val Acc: 0.9231 | Val P/R/F1 (Macro): 0.9389/0.9333/0.9247 | LR: 0.000004
Epoch [53/100] | Loss: 1.2633 (Cls: 1.2601, TAL: 0.0743, Adv: 0.0038) | Train Acc: 0.8854 | Val Acc: 0.9231 | Val P/R/F1 (Macro): 0.9389/0.9333/0.9247 | LR: 0.000004
Epoch [54/100] | Loss: 1.1857 (Cls: 1.1809, TAL: 0.1162, Adv: 0.0032) | Train Acc: 0.9375 | Val Acc: 0.9231 | Val P/R/F1 (Macro): 0.9389/0.9333/0.9247 | LR: 0.000004
Epoch [55/100] | Loss: 1.1692 (Cls: 1.1669, TAL: 0.0543, Adv: 0.0025) | Train Acc: 0.9167 | Val Acc: 0.9231 | Val P/R/F1 (Macro): 0.9389/0.9333/0.9247 | LR: 0.000004
Epoch [56/100] | Loss: 1.1188 (Cls: 1.1169, TAL: 0.0424, Adv: 0.0052) | Train Acc: 0.9375 | Val Acc: 0.9231 | Val P/R/F1 (Macro): 0.9389/0.9333/0.9247 | LR: 0.000004
Epoch [57/100] | Loss: 1.1324 (Cls: 1.1288, TAL: 0.0863, Adv: 0.0044) | Train Acc: 0.9583 | Val Acc: 0.9231 | Val P/R/F1 (Macro): 0.9389/0.9333/0.9247 | LR: 0.000004
Epoch [58/100] | Loss: 1.1549 (Cls: 1.1504, TAL: 0.1085, Adv: 0.0023) | Train Acc: 0.9375 | Val Acc: 0.9231 | Val P/R/F1 (Macro): 0.9389/0.9333/0.9247 | LR: 0.000002
Epoch [59/100] | Loss: 1.1493 (Cls: 1.1459, TAL: 0.0794, Adv: 0.0029) | Train Acc: 0.9271 | Val Acc: 0.9231 | Val P/R/F1 (Macro): 0.9389/0.9333/0.9247 | LR: 0.000002
Epoch [60/100] | Loss: 1.1379 (Cls: 1.1341, TAL: 0.0925, Adv: 0.0022) | Train Acc: 0.9271 | Val Acc: 0.9231 | Val P/R/F1 (Macro): 0.9389/0.9333/0.9247 | LR: 0.000002
Epoch [61/100] | Loss: 1.1756 (Cls: 1.1751, TAL: 0.0078, Adv: 0.0026) | Train Acc: 0.8750 | Val Acc: 0.9231 | Val P/R/F1 (Macro): 0.9389/0.9333/0.9247 | LR: 0.000002
Epoch [62/100] | Loss: 1.1366 (Cls: 1.1325, TAL: 0.1015, Adv: 0.0021) | Train Acc: 0.9167 | Val Acc: 0.9231 | Val P/R/F1 (Macro): 0.9389/0.9333/0.9247 | LR: 0.000002
Epoch [63/100] | Loss: 1.1214 (Cls: 1.1188, TAL: 0.0622, Adv: 0.0017) | Train Acc: 0.9479 | Val Acc: 0.9231 | Val P/R/F1 (Macro): 0.9389/0.9333/0.9247 | LR: 0.000002
Epoch [64/100] | Loss: 1.1451 (Cls: 1.1410, TAL: 0.1005, Adv: 0.0026) | Train Acc: 0.9479 | Val Acc: 0.9231 | Val P/R/F1 (Macro): 0.9389/0.9333/0.9247 | LR: 0.000002
Epoch [65/100] | Loss: 1.1200 (Cls: 1.1146, TAL: 0.1314, Adv: 0.0026) | Train Acc: 0.9583 | Val Acc: 0.9231 | Val P/R/F1 (Macro): 0.9389/0.9333/0.9247 | LR: 0.000002
Epoch [66/100] | Loss: 1.1351 (Cls: 1.1305, TAL: 0.1112, Adv: 0.0031) | Train Acc: 0.9688 | Val Acc: 0.9231 | Val P/R/F1 (Macro): 0.9389/0.9333/0.9247 | LR: 0.000002
Epoch [67/100] | Loss: 1.2351 (Cls: 1.2318, TAL: 0.0797, Adv: 0.0017) | Train Acc: 0.9167 | Val Acc: 0.9231 | Val P/R/F1 (Macro): 0.9389/0.9333/0.9247 | LR: 0.000002
Epoch [68/100] | Loss: 1.0916 (Cls: 1.0873, TAL: 0.1045, Adv: 0.0025) | Train Acc: 0.9688 | Val Acc: 0.9615 | Val P/R/F1 (Macro): 0.9667/0.9667/0.9630 | LR: 0.000002
Epoch [69/100] | Loss: 1.1463 (Cls: 1.1451, TAL: 0.0286, Adv: 0.0022) | Train Acc: 0.9375 | Val Acc: 0.9231 | Val P/R/F1 (Macro): 0.9389/0.9333/0.9247 | LR: 0.000001
Epoch [70/100] | Loss: 1.0990 (Cls: 1.0950, TAL: 0.0962, Adv: 0.0019) | Train Acc: 0.9271 | Val Acc: 0.9231 | Val P/R/F1 (Macro): 0.9389/0.9333/0.9247 | LR: 0.000001
Epoch [71/100] | Loss: 1.1300 (Cls: 1.1290, TAL: 0.0189, Adv: 0.0057) | Train Acc: 0.9375 | Val Acc: 0.9231 | Val P/R/F1 (Macro): 0.9389/0.9333/0.9247 | LR: 0.000001
Epoch [72/100] | Loss: 1.1022 (Cls: 1.1007, TAL: 0.0339, Adv: 0.0023) | Train Acc: 0.9583 | Val Acc: 0.9231 | Val P/R/F1 (Macro): 0.9389/0.9333/0.9247 | LR: 0.000001
Epoch [73/100] | Loss: 1.0894 (Cls: 1.0867, TAL: 0.0643, Adv: 0.0030) | Train Acc: 0.9688 | Val Acc: 0.9231 | Val P/R/F1 (Macro): 0.9389/0.9333/0.9247 | LR: 0.000001
Epoch [74/100] | Loss: 1.0968 (Cls: 1.0951, TAL: 0.0395, Adv: 0.0022) | Train Acc: 0.9583 | Val Acc: 0.9615 | Val P/R/F1 (Macro): 0.9667/0.9667/0.9630 | LR: 0.000001
Epoch [75/100] | Loss: 1.1282 (Cls: 1.1257, TAL: 0.0576, Adv: 0.0032) | Train Acc: 0.9375 | Val Acc: 0.9615 | Val P/R/F1 (Macro): 0.9667/0.9667/0.9630 | LR: 0.000001
Epoch [76/100] | Loss: 1.1060 (Cls: 1.1038, TAL: 0.0525, Adv: 0.0031) | Train Acc: 0.9583 | Val Acc: 0.9231 | Val P/R/F1 (Macro): 0.9389/0.9333/0.9247 | LR: 0.000001
Epoch [77/100] | Loss: 1.1533 (Cls: 1.1520, TAL: 0.0275, Adv: 0.0029) | Train Acc: 0.9583 | Val Acc: 0.9231 | Val P/R/F1 (Macro): 0.9167/0.9333/0.9098 | LR: 0.000001
Epoch [78/100] | Loss: 1.1025 (Cls: 1.0985, TAL: 0.0967, Adv: 0.0032) | Train Acc: 0.9688 | Val Acc: 0.9231 | Val P/R/F1 (Macro): 0.9167/0.9333/0.9098 | LR: 0.000001
Epoch [79/100] | Loss: 1.0681 (Cls: 1.0634, TAL: 0.1160, Adv: 0.0017) | Train Acc: 0.9583 | Val Acc: 0.9231 | Val P/R/F1 (Macro): 0.9389/0.9333/0.9247 | LR: 0.000001
Epoch [80/100] | Loss: 1.0631 (Cls: 1.0591, TAL: 0.0953, Adv: 0.0028) | Train Acc: 0.9583 | Val Acc: 0.9231 | Val P/R/F1 (Macro): 0.9167/0.9333/0.9098 | LR: 0.000001
Epoch [81/100] | Loss: 1.0530 (Cls: 1.0482, TAL: 0.1192, Adv: 0.0016) | Train Acc: 0.9583 | Val Acc: 0.9231 | Val P/R/F1 (Macro): 0.9389/0.9333/0.9247 | LR: 0.000001
Epoch [82/100] | Loss: 1.1186 (Cls: 1.1151, TAL: 0.0845, Adv: 0.0021) | Train Acc: 0.9375 | Val Acc: 0.9231 | Val P/R/F1 (Macro): 0.9389/0.9333/0.9247 | LR: 0.000001
Epoch [83/100] | Loss: 1.1422 (Cls: 1.1384, TAL: 0.0916, Adv: 0.0032) | Train Acc: 0.9375 | Val Acc: 0.9231 | Val P/R/F1 (Macro): 0.9167/0.9333/0.9098 | LR: 0.000001
Epoch [84/100] | Loss: 1.0918 (Cls: 1.0876, TAL: 0.1034, Adv: 0.0031) | Train Acc: 0.9896 | Val Acc: 0.9231 | Val P/R/F1 (Macro): 0.9167/0.9333/0.9098 | LR: 0.000001
Epoch [85/100] | Loss: 1.0568 (Cls: 1.0558, TAL: 0.0224, Adv: 0.0020) | Train Acc: 0.9792 | Val Acc: 0.9615 | Val P/R/F1 (Macro): 0.9444/0.9667/0.9481 | LR: 0.000001
Epoch [86/100] | Loss: 1.1099 (Cls: 1.1085, TAL: 0.0323, Adv: 0.0028) | Train Acc: 0.9479 | Val Acc: 0.9615 | Val P/R/F1 (Macro): 0.9444/0.9667/0.9481 | LR: 0.000001
Epoch [87/100] | Loss: 1.0865 (Cls: 1.0834, TAL: 0.0744, Adv: 0.0024) | Train Acc: 0.9271 | Val Acc: 0.9615 | Val P/R/F1 (Macro): 0.9444/0.9667/0.9481 | LR: 0.000001
Epoch [88/100] | Loss: 1.1384 (Cls: 1.1342, TAL: 0.1023, Adv: 0.0018) | Train Acc: 0.9375 | Val Acc: 0.9231 | Val P/R/F1 (Macro): 0.9167/0.9333/0.9098 | LR: 0.000001
Epoch [89/100] | Loss: 1.1177 (Cls: 1.1161, TAL: 0.0367, Adv: 0.0027) | Train Acc: 0.9375 | Val Acc: 0.9231 | Val P/R/F1 (Macro): 0.9524/0.9333/0.9306 | LR: 0.000001
Epoch [90/100] | Loss: 1.0864 (Cls: 1.0821, TAL: 0.1044, Adv: 0.0015) | Train Acc: 0.9792 | Val Acc: 0.9231 | Val P/R/F1 (Macro): 0.9167/0.9333/0.9098 | LR: 0.000001
Epoch [91/100] | Loss: 1.0761 (Cls: 1.0737, TAL: 0.0584, Adv: 0.0014) | Train Acc: 0.9583 | Val Acc: 0.9231 | Val P/R/F1 (Macro): 0.9524/0.9333/0.9306 | LR: 0.000001
Epoch [92/100] | Loss: 1.0561 (Cls: 1.0543, TAL: 0.0401, Adv: 0.0038) | Train Acc: 0.9792 | Val Acc: 0.9231 | Val P/R/F1 (Macro): 0.9524/0.9333/0.9306 | LR: 0.000001
Epoch [93/100] | Loss: 1.1241 (Cls: 1.1223, TAL: 0.0433, Adv: 0.0013) | Train Acc: 0.9479 | Val Acc: 0.9231 | Val P/R/F1 (Macro): 0.9524/0.9333/0.9306 | LR: 0.000001
Epoch [94/100] | Loss: 1.1296 (Cls: 1.1262, TAL: 0.0801, Adv: 0.0027) | Train Acc: 0.9479 | Val Acc: 0.9231 | Val P/R/F1 (Macro): 0.9389/0.9333/0.9247 | LR: 0.000001
Epoch [95/100] | Loss: 1.1191 (Cls: 1.1164, TAL: 0.0651, Adv: 0.0014) | Train Acc: 0.9375 | Val Acc: 0.9615 | Val P/R/F1 (Macro): 0.9667/0.9667/0.9630 | LR: 0.000001
Epoch [96/100] | Loss: 1.1424 (Cls: 1.1388, TAL: 0.0899, Adv: 0.0015) | Train Acc: 0.9583 | Val Acc: 0.9615 | Val P/R/F1 (Macro): 0.9667/0.9667/0.9630 | LR: 0.000001
Epoch [97/100] | Loss: 1.0970 (Cls: 1.0938, TAL: 0.0778, Adv: 0.0012) | Train Acc: 0.9688 | Val Acc: 0.9615 | Val P/R/F1 (Macro): 0.9667/0.9667/0.9630 | LR: 0.000001
Epoch [98/100] | Loss: 1.1236 (Cls: 1.1206, TAL: 0.0732, Adv: 0.0011) | Train Acc: 0.9688 | Val Acc: 0.9615 | Val P/R/F1 (Macro): 0.9667/0.9667/0.9630 | LR: 0.000001
Epoch [99/100] | Loss: 1.0838 (Cls: 1.0803, TAL: 0.0848, Adv: 0.0014) | Train Acc: 0.9688 | Val Acc: 0.9615 | Val P/R/F1 (Macro): 0.9667/0.9667/0.9630 | LR: 0.000001
Epoch [100/100] | Loss: 1.1333 (Cls: 1.1321, TAL: 0.0265, Adv: 0.0019) | Train Acc: 0.9479 | Val Acc: 0.9231 | Val P/R/F1 (Macro): 0.9389/0.9333/0.9247 | LR: 0.000001
Report strategy: last_window, window=10, reported_acc=0.9423, best_acc=0.9615

迭代 1 报告指标:
  Accuracy: 0.9423
  Precision (Macro): 0.9568
  Recall (Macro): 0.9500
  F1 (Macro): 0.9456
  Precision (Micro): 0.9423
  Recall (Micro): 0.9423
  F1 (Micro): 0.9423
  Val class coverage: 6/14 (0.4286), samples=26

================================================================================
迭代 2/5
随机种子: 43
================================================================================
Training mode: unpaired target adaptation with controlled target-label loss (ratio=0.34, weight=0.55).
Fixed labeled target subset: 33/96 samples.
INFO:Tensor:参数初始化完成：正交初始化
Feature fusion: Tensor alignment (512+512 -> 128+128); fused_dim=256
Domain adaptation: standard source-target adversarial training, no generator
Loss weights: tensor=0.04, adv=0.05
Epoch [1/100] | Loss: 4.7238 (Cls: 4.6722, TAL: 0.0916, Adv: 0.9572) | Train Acc: 0.1250 | Val Acc: 0.1923 | Val P/R/F1 (Macro): 0.1042/0.1833/0.1325 | LR: 0.000008
  >>> New Best Val Acc: 0.1923
Epoch [2/100] | Loss: 4.1819 (Cls: 4.1403, TAL: 0.1256, Adv: 0.7307) | Train Acc: 0.2083 | Val Acc: 0.1923 | Val P/R/F1 (Macro): 0.0333/0.1667/0.0556 | LR: 0.000008
Epoch [3/100] | Loss: 3.5489 (Cls: 3.5235, TAL: 0.0355, Adv: 0.4804) | Train Acc: 0.2292 | Val Acc: 0.1923 | Val P/R/F1 (Macro): 0.0321/0.1667/0.0538 | LR: 0.000008
Epoch [4/100] | Loss: 3.3953 (Cls: 3.3783, TAL: -0.0242, Adv: 0.3588) | Train Acc: 0.2917 | Val Acc: 0.1923 | Val P/R/F1 (Macro): 0.0321/0.1667/0.0538 | LR: 0.000008
Epoch [5/100] | Loss: 3.2026 (Cls: 3.1884, TAL: -0.0935, Adv: 0.3573) | Train Acc: 0.3229 | Val Acc: 0.1923 | Val P/R/F1 (Macro): 0.0321/0.1667/0.0538 | LR: 0.000008
Epoch [6/100] | Loss: 3.1678 (Cls: 3.1596, TAL: -0.1156, Adv: 0.2564) | Train Acc: 0.2708 | Val Acc: 0.3077 | Val P/R/F1 (Macro): 0.2029/0.2917/0.2024 | LR: 0.000008
  >>> New Best Val Acc: 0.3077
Epoch [7/100] | Loss: 2.7330 (Cls: 2.7239, TAL: -0.0237, Adv: 0.2007) | Train Acc: 0.4375 | Val Acc: 0.3462 | Val P/R/F1 (Macro): 0.1162/0.3333/0.1722 | LR: 0.000008
  >>> New Best Val Acc: 0.3462
Epoch [8/100] | Loss: 2.8584 (Cls: 2.8505, TAL: -0.0077, Adv: 0.1638) | Train Acc: 0.3125 | Val Acc: 0.3462 | Val P/R/F1 (Macro): 0.1162/0.3333/0.1722 | LR: 0.000008
Epoch [9/100] | Loss: 2.4228 (Cls: 2.4146, TAL: 0.0134, Adv: 0.1527) | Train Acc: 0.4271 | Val Acc: 0.3846 | Val P/R/F1 (Macro): 0.2889/0.3667/0.2341 | LR: 0.000008
  >>> New Best Val Acc: 0.3846
Epoch [10/100] | Loss: 2.4159 (Cls: 2.4074, TAL: 0.0906, Adv: 0.0976) | Train Acc: 0.5417 | Val Acc: 0.3462 | Val P/R/F1 (Macro): 0.1296/0.3333/0.1836 | LR: 0.000008
Epoch [11/100] | Loss: 2.2860 (Cls: 2.2767, TAL: 0.1267, Adv: 0.0845) | Train Acc: 0.4792 | Val Acc: 0.4231 | Val P/R/F1 (Macro): 0.4776/0.3875/0.2896 | LR: 0.000008
  >>> New Best Val Acc: 0.4231
Epoch [12/100] | Loss: 2.3563 (Cls: 2.3489, TAL: 0.0942, Adv: 0.0732) | Train Acc: 0.5208 | Val Acc: 0.3846 | Val P/R/F1 (Macro): 0.2889/0.3667/0.2341 | LR: 0.000008
Epoch [13/100] | Loss: 2.3432 (Cls: 2.3329, TAL: 0.1775, Adv: 0.0636) | Train Acc: 0.5312 | Val Acc: 0.4231 | Val P/R/F1 (Macro): 0.3808/0.4500/0.3267 | LR: 0.000008
Epoch [14/100] | Loss: 2.1495 (Cls: 2.1389, TAL: 0.2026, Adv: 0.0491) | Train Acc: 0.5625 | Val Acc: 0.6154 | Val P/R/F1 (Macro): 0.6250/0.6292/0.5509 | LR: 0.000008
  >>> New Best Val Acc: 0.6154
Epoch [15/100] | Loss: 2.2685 (Cls: 2.2598, TAL: 0.1674, Adv: 0.0389) | Train Acc: 0.5312 | Val Acc: 0.6154 | Val P/R/F1 (Macro): 0.6647/0.5792/0.5463 | LR: 0.000008
Epoch [16/100] | Loss: 1.8077 (Cls: 1.8028, TAL: 0.0764, Adv: 0.0361) | Train Acc: 0.7188 | Val Acc: 0.5769 | Val P/R/F1 (Macro): 0.6000/0.5458/0.5049 | LR: 0.000008
Epoch [17/100] | Loss: 2.1223 (Cls: 2.1203, TAL: 0.0161, Adv: 0.0267) | Train Acc: 0.5417 | Val Acc: 0.5769 | Val P/R/F1 (Macro): 0.6528/0.5458/0.5064 | LR: 0.000008
Epoch [18/100] | Loss: 1.9221 (Cls: 1.9174, TAL: 0.0822, Adv: 0.0274) | Train Acc: 0.7604 | Val Acc: 0.5769 | Val P/R/F1 (Macro): 0.6528/0.5458/0.5064 | LR: 0.000008
Epoch [19/100] | Loss: 2.0083 (Cls: 2.0048, TAL: 0.0596, Adv: 0.0233) | Train Acc: 0.6771 | Val Acc: 0.7692 | Val P/R/F1 (Macro): 0.8704/0.7875/0.7834 | LR: 0.000008
  >>> New Best Val Acc: 0.7692
Epoch [20/100] | Loss: 1.9078 (Cls: 1.9082, TAL: -0.0448, Adv: 0.0272) | Train Acc: 0.6875 | Val Acc: 0.8846 | Val P/R/F1 (Macro): 0.9190/0.9125/0.9009 | LR: 0.000008
  >>> New Best Val Acc: 0.8846
Epoch [21/100] | Loss: 1.9390 (Cls: 1.9379, TAL: -0.0010, Adv: 0.0232) | Train Acc: 0.6250 | Val Acc: 0.8462 | Val P/R/F1 (Macro): 0.9042/0.8792/0.8605 | LR: 0.000008
Epoch [22/100] | Loss: 1.7725 (Cls: 1.7745, TAL: -0.0711, Adv: 0.0163) | Train Acc: 0.6771 | Val Acc: 0.6923 | Val P/R/F1 (Macro): 0.6706/0.6583/0.6000 | LR: 0.000008
Epoch [23/100] | Loss: 1.7822 (Cls: 1.7839, TAL: -0.0614, Adv: 0.0134) | Train Acc: 0.6979 | Val Acc: 0.7308 | Val P/R/F1 (Macro): 0.6944/0.6917/0.6492 | LR: 0.000008
Epoch [24/100] | Loss: 1.8521 (Cls: 1.8518, TAL: -0.0112, Adv: 0.0158) | Train Acc: 0.6354 | Val Acc: 0.7692 | Val P/R/F1 (Macro): 0.7167/0.7250/0.6938 | LR: 0.000008
Epoch [25/100] | Loss: 1.6902 (Cls: 1.6923, TAL: -0.0710, Adv: 0.0149) | Train Acc: 0.6771 | Val Acc: 0.7308 | Val P/R/F1 (Macro): 0.6746/0.7042/0.6654 | LR: 0.000008
Epoch [26/100] | Loss: 1.7935 (Cls: 1.7942, TAL: -0.0448, Adv: 0.0214) | Train Acc: 0.6979 | Val Acc: 0.6538 | Val P/R/F1 (Macro): 0.8245/0.7125/0.6968 | LR: 0.000008
Epoch [27/100] | Loss: 1.5581 (Cls: 1.5613, TAL: -0.0976, Adv: 0.0139) | Train Acc: 0.8125 | Val Acc: 0.7308 | Val P/R/F1 (Macro): 0.8939/0.8167/0.7952 | LR: 0.000008
Epoch [28/100] | Loss: 1.6983 (Cls: 1.7035, TAL: -0.1450, Adv: 0.0114) | Train Acc: 0.6771 | Val Acc: 0.8077 | Val P/R/F1 (Macro): 0.8889/0.8708/0.8492 | LR: 0.000008
Epoch [29/100] | Loss: 1.6391 (Cls: 1.6403, TAL: -0.0435, Adv: 0.0121) | Train Acc: 0.7500 | Val Acc: 0.7308 | Val P/R/F1 (Macro): 0.8542/0.8292/0.7886 | LR: 0.000008
Epoch [30/100] | Loss: 1.5873 (Cls: 1.5906, TAL: -0.0963, Adv: 0.0120) | Train Acc: 0.8229 | Val Acc: 0.6538 | Val P/R/F1 (Macro): 0.8333/0.7750/0.7175 | LR: 0.000008
Epoch [31/100] | Loss: 1.7213 (Cls: 1.7229, TAL: -0.0488, Adv: 0.0055) | Train Acc: 0.7292 | Val Acc: 0.7308 | Val P/R/F1 (Macro): 0.8542/0.8292/0.7886 | LR: 0.000004
Epoch [32/100] | Loss: 1.6155 (Cls: 1.6171, TAL: -0.0527, Adv: 0.0085) | Train Acc: 0.7396 | Val Acc: 0.6923 | Val P/R/F1 (Macro): 0.8449/0.7458/0.7245 | LR: 0.000004
Epoch [33/100] | Loss: 1.5908 (Cls: 1.5935, TAL: -0.0799, Adv: 0.0092) | Train Acc: 0.7292 | Val Acc: 0.7308 | Val P/R/F1 (Macro): 0.8135/0.8292/0.7659 | LR: 0.000004
Epoch [34/100] | Loss: 1.4561 (Cls: 1.4591, TAL: -0.0840, Adv: 0.0074) | Train Acc: 0.8021 | Val Acc: 0.8077 | Val P/R/F1 (Macro): 0.8810/0.8708/0.8466 | LR: 0.000004
Epoch [35/100] | Loss: 1.5206 (Cls: 1.5260, TAL: -0.1407, Adv: 0.0054) | Train Acc: 0.7812 | Val Acc: 0.8462 | Val P/R/F1 (Macro): 0.8819/0.8917/0.8627 | LR: 0.000004
Epoch [36/100] | Loss: 1.4503 (Cls: 1.4544, TAL: -0.1123, Adv: 0.0079) | Train Acc: 0.8333 | Val Acc: 0.8077 | Val P/R/F1 (Macro): 0.8486/0.8708/0.8296 | LR: 0.000004
Epoch [37/100] | Loss: 1.2992 (Cls: 1.3025, TAL: -0.0908, Adv: 0.0066) | Train Acc: 0.8854 | Val Acc: 0.8846 | Val P/R/F1 (Macro): 0.9375/0.9125/0.9088 | LR: 0.000004
Epoch [38/100] | Loss: 1.3840 (Cls: 1.3860, TAL: -0.0577, Adv: 0.0048) | Train Acc: 0.8125 | Val Acc: 0.8846 | Val P/R/F1 (Macro): 0.9190/0.9125/0.9009 | LR: 0.000004
Epoch [39/100] | Loss: 1.4311 (Cls: 1.4326, TAL: -0.0458, Adv: 0.0064) | Train Acc: 0.7812 | Val Acc: 0.8462 | Val P/R/F1 (Macro): 0.8968/0.8917/0.8734 | LR: 0.000004
Epoch [40/100] | Loss: 1.3988 (Cls: 1.4013, TAL: -0.0679, Adv: 0.0048) | Train Acc: 0.8542 | Val Acc: 0.8077 | Val P/R/F1 (Macro): 0.8810/0.8708/0.8466 | LR: 0.000004
Epoch [41/100] | Loss: 1.3221 (Cls: 1.3222, TAL: -0.0092, Adv: 0.0052) | Train Acc: 0.8750 | Val Acc: 0.8077 | Val P/R/F1 (Macro): 0.8819/0.8708/0.8481 | LR: 0.000004
Epoch [42/100] | Loss: 1.2609 (Cls: 1.2626, TAL: -0.0467, Adv: 0.0035) | Train Acc: 0.8958 | Val Acc: 0.8462 | Val P/R/F1 (Macro): 0.9042/0.8917/0.8775 | LR: 0.000002
Epoch [43/100] | Loss: 1.3305 (Cls: 1.3336, TAL: -0.0825, Adv: 0.0035) | Train Acc: 0.8438 | Val Acc: 0.8846 | Val P/R/F1 (Macro): 0.9190/0.9125/0.9009 | LR: 0.000002
Epoch [44/100] | Loss: 1.3375 (Cls: 1.3390, TAL: -0.0443, Adv: 0.0051) | Train Acc: 0.8438 | Val Acc: 0.9231 | Val P/R/F1 (Macro): 0.9389/0.9333/0.9247 | LR: 0.000002
  >>> New Best Val Acc: 0.9231
Epoch [45/100] | Loss: 1.3455 (Cls: 1.3470, TAL: -0.0413, Adv: 0.0032) | Train Acc: 0.8958 | Val Acc: 0.9615 | Val P/R/F1 (Macro): 0.9667/0.9667/0.9630 | LR: 0.000002
  >>> New Best Val Acc: 0.9615
Epoch [46/100] | Loss: 1.2192 (Cls: 1.2204, TAL: -0.0343, Adv: 0.0034) | Train Acc: 0.8958 | Val Acc: 1.0000 | Val P/R/F1 (Macro): 1.0000/1.0000/1.0000 | LR: 0.000002
  >>> New Best Val Acc: 1.0000
Epoch [47/100] | Loss: 1.1969 (Cls: 1.2004, TAL: -0.0918, Adv: 0.0025) | Train Acc: 0.9062 | Val Acc: 1.0000 | Val P/R/F1 (Macro): 1.0000/1.0000/1.0000 | LR: 0.000002
Epoch [48/100] | Loss: 1.3416 (Cls: 1.3439, TAL: -0.0612, Adv: 0.0036) | Train Acc: 0.8542 | Val Acc: 1.0000 | Val P/R/F1 (Macro): 1.0000/1.0000/1.0000 | LR: 0.000002
Epoch [49/100] | Loss: 1.2338 (Cls: 1.2355, TAL: -0.0481, Adv: 0.0037) | Train Acc: 0.9062 | Val Acc: 1.0000 | Val P/R/F1 (Macro): 1.0000/1.0000/1.0000 | LR: 0.000002
Epoch [50/100] | Loss: 1.2268 (Cls: 1.2282, TAL: -0.0451, Adv: 0.0073) | Train Acc: 0.9062 | Val Acc: 0.9615 | Val P/R/F1 (Macro): 0.9667/0.9667/0.9630 | LR: 0.000002
Epoch [51/100] | Loss: 1.2506 (Cls: 1.2544, TAL: -0.0995, Adv: 0.0036) | Train Acc: 0.8854 | Val Acc: 0.9615 | Val P/R/F1 (Macro): 0.9667/0.9667/0.9630 | LR: 0.000002
Epoch [52/100] | Loss: 1.1884 (Cls: 1.1896, TAL: -0.0318, Adv: 0.0033) | Train Acc: 0.9375 | Val Acc: 0.9231 | Val P/R/F1 (Macro): 0.9524/0.9333/0.9306 | LR: 0.000002
Epoch [53/100] | Loss: 1.3438 (Cls: 1.3471, TAL: -0.0868, Adv: 0.0036) | Train Acc: 0.8854 | Val Acc: 0.9231 | Val P/R/F1 (Macro): 0.9524/0.9333/0.9306 | LR: 0.000002
Epoch [54/100] | Loss: 1.2924 (Cls: 1.2948, TAL: -0.0631, Adv: 0.0018) | Train Acc: 0.8854 | Val Acc: 0.9231 | Val P/R/F1 (Macro): 0.9524/0.9333/0.9306 | LR: 0.000002
Epoch [55/100] | Loss: 1.2753 (Cls: 1.2794, TAL: -0.1067, Adv: 0.0030) | Train Acc: 0.8958 | Val Acc: 0.8846 | Val P/R/F1 (Macro): 0.9375/0.9125/0.9088 | LR: 0.000002
Epoch [56/100] | Loss: 1.2662 (Cls: 1.2676, TAL: -0.0387, Adv: 0.0036) | Train Acc: 0.8958 | Val Acc: 0.9615 | Val P/R/F1 (Macro): 0.9667/0.9667/0.9630 | LR: 0.000002
Epoch [57/100] | Loss: 1.1585 (Cls: 1.1606, TAL: -0.0568, Adv: 0.0042) | Train Acc: 0.9167 | Val Acc: 0.8462 | Val P/R/F1 (Macro): 0.9042/0.8917/0.8775 | LR: 0.000001
Epoch [58/100] | Loss: 1.2541 (Cls: 1.2546, TAL: -0.0161, Adv: 0.0027) | Train Acc: 0.8854 | Val Acc: 0.9231 | Val P/R/F1 (Macro): 0.9389/0.9458/0.9367 | LR: 0.000001
Epoch [59/100] | Loss: 1.1836 (Cls: 1.1857, TAL: -0.0548, Adv: 0.0018) | Train Acc: 0.9167 | Val Acc: 0.8462 | Val P/R/F1 (Macro): 0.9008/0.9042/0.8824 | LR: 0.000001
Epoch [60/100] | Loss: 1.4109 (Cls: 1.4153, TAL: -0.1112, Adv: 0.0020) | Train Acc: 0.7812 | Val Acc: 0.9231 | Val P/R/F1 (Macro): 0.9389/0.9458/0.9367 | LR: 0.000001
Epoch [61/100] | Loss: 1.2397 (Cls: 1.2440, TAL: -0.1103, Adv: 0.0017) | Train Acc: 0.8958 | Val Acc: 0.8462 | Val P/R/F1 (Macro): 0.8968/0.8917/0.8734 | LR: 0.000001
Epoch [62/100] | Loss: 1.1701 (Cls: 1.1718, TAL: -0.0454, Adv: 0.0014) | Train Acc: 0.9062 | Val Acc: 0.8462 | Val P/R/F1 (Macro): 0.8968/0.8917/0.8734 | LR: 0.000001
Epoch [63/100] | Loss: 1.2596 (Cls: 1.2624, TAL: -0.0742, Adv: 0.0015) | Train Acc: 0.8646 | Val Acc: 0.8846 | Val P/R/F1 (Macro): 0.9190/0.9125/0.9009 | LR: 0.000001
Epoch [64/100] | Loss: 1.3037 (Cls: 1.3065, TAL: -0.0710, Adv: 0.0014) | Train Acc: 0.8646 | Val Acc: 0.8846 | Val P/R/F1 (Macro): 0.9190/0.9125/0.9009 | LR: 0.000001
Epoch [65/100] | Loss: 1.1423 (Cls: 1.1444, TAL: -0.0536, Adv: 0.0014) | Train Acc: 0.9167 | Val Acc: 0.8462 | Val P/R/F1 (Macro): 0.8968/0.8917/0.8734 | LR: 0.000001
Epoch [66/100] | Loss: 1.2432 (Cls: 1.2431, TAL: 0.0003, Adv: 0.0016) | Train Acc: 0.9271 | Val Acc: 0.9231 | Val P/R/F1 (Macro): 0.9444/0.9458/0.9370 | LR: 0.000001
Epoch [67/100] | Loss: 1.1597 (Cls: 1.1612, TAL: -0.0380, Adv: 0.0019) | Train Acc: 0.9479 | Val Acc: 0.9615 | Val P/R/F1 (Macro): 0.9667/0.9667/0.9630 | LR: 0.000001
Epoch [68/100] | Loss: 1.1485 (Cls: 1.1524, TAL: -0.0998, Adv: 0.0013) | Train Acc: 0.9271 | Val Acc: 0.9615 | Val P/R/F1 (Macro): 0.9667/0.9667/0.9630 | LR: 0.000001
Epoch [69/100] | Loss: 1.1579 (Cls: 1.1566, TAL: 0.0312, Adv: 0.0012) | Train Acc: 0.9375 | Val Acc: 1.0000 | Val P/R/F1 (Macro): 1.0000/1.0000/1.0000 | LR: 0.000001
Epoch [70/100] | Loss: 1.2015 (Cls: 1.2084, TAL: -0.1750, Adv: 0.0012) | Train Acc: 0.8854 | Val Acc: 1.0000 | Val P/R/F1 (Macro): 1.0000/1.0000/1.0000 | LR: 0.000001
Epoch [71/100] | Loss: 1.1431 (Cls: 1.1490, TAL: -0.1487, Adv: 0.0014) | Train Acc: 0.9375 | Val Acc: 0.9615 | Val P/R/F1 (Macro): 0.9667/0.9667/0.9630 | LR: 0.000001
Epoch [72/100] | Loss: 1.2121 (Cls: 1.2125, TAL: -0.0124, Adv: 0.0016) | Train Acc: 0.9062 | Val Acc: 0.9615 | Val P/R/F1 (Macro): 0.9667/0.9667/0.9630 | LR: 0.000001
Epoch [73/100] | Loss: 1.1837 (Cls: 1.1875, TAL: -0.0970, Adv: 0.0011) | Train Acc: 0.9062 | Val Acc: 0.9615 | Val P/R/F1 (Macro): 0.9667/0.9667/0.9630 | LR: 0.000001
Epoch [74/100] | Loss: 1.3218 (Cls: 1.3256, TAL: -0.0965, Adv: 0.0011) | Train Acc: 0.8542 | Val Acc: 0.9615 | Val P/R/F1 (Macro): 0.9667/0.9667/0.9630 | LR: 0.000001
Epoch [75/100] | Loss: 1.1584 (Cls: 1.1599, TAL: -0.0391, Adv: 0.0021) | Train Acc: 0.9479 | Val Acc: 0.9615 | Val P/R/F1 (Macro): 0.9667/0.9667/0.9630 | LR: 0.000001
Epoch [76/100] | Loss: 1.1791 (Cls: 1.1810, TAL: -0.0499, Adv: 0.0014) | Train Acc: 0.9167 | Val Acc: 1.0000 | Val P/R/F1 (Macro): 1.0000/1.0000/1.0000 | LR: 0.000001
Epoch [77/100] | Loss: 1.1605 (Cls: 1.1610, TAL: -0.0131, Adv: 0.0011) | Train Acc: 0.9688 | Val Acc: 1.0000 | Val P/R/F1 (Macro): 1.0000/1.0000/1.0000 | LR: 0.000001
Epoch [78/100] | Loss: 1.2042 (Cls: 1.2042, TAL: -0.0002, Adv: 0.0011) | Train Acc: 0.8958 | Val Acc: 1.0000 | Val P/R/F1 (Macro): 1.0000/1.0000/1.0000 | LR: 0.000001
Epoch [79/100] | Loss: 1.1662 (Cls: 1.1691, TAL: -0.0751, Adv: 0.0013) | Train Acc: 0.9271 | Val Acc: 0.9231 | Val P/R/F1 (Macro): 0.9444/0.9458/0.9370 | LR: 0.000001
Epoch [80/100] | Loss: 1.2894 (Cls: 1.2930, TAL: -0.0911, Adv: 0.0009) | Train Acc: 0.8750 | Val Acc: 0.8462 | Val P/R/F1 (Macro): 0.9042/0.8917/0.8775 | LR: 0.000001
Epoch [81/100] | Loss: 1.2002 (Cls: 1.2012, TAL: -0.0275, Adv: 0.0010) | Train Acc: 0.8958 | Val Acc: 0.9231 | Val P/R/F1 (Macro): 0.9444/0.9458/0.9370 | LR: 0.000001
Epoch [82/100] | Loss: 1.2001 (Cls: 1.2054, TAL: -0.1323, Adv: 0.0009) | Train Acc: 0.8958 | Val Acc: 1.0000 | Val P/R/F1 (Macro): 1.0000/1.0000/1.0000 | LR: 0.000001
Epoch [83/100] | Loss: 1.1876 (Cls: 1.1911, TAL: -0.0905, Adv: 0.0009) | Train Acc: 0.9062 | Val Acc: 1.0000 | Val P/R/F1 (Macro): 1.0000/1.0000/1.0000 | LR: 0.000001
Epoch [84/100] | Loss: 1.1609 (Cls: 1.1635, TAL: -0.0673, Adv: 0.0010) | Train Acc: 0.9271 | Val Acc: 1.0000 | Val P/R/F1 (Macro): 1.0000/1.0000/1.0000 | LR: 0.000001
Epoch [85/100] | Loss: 1.2406 (Cls: 1.2435, TAL: -0.0739, Adv: 0.0010) | Train Acc: 0.8958 | Val Acc: 1.0000 | Val P/R/F1 (Macro): 1.0000/1.0000/1.0000 | LR: 0.000001
Epoch [86/100] | Loss: 1.1845 (Cls: 1.1832, TAL: 0.0295, Adv: 0.0013) | Train Acc: 0.9375 | Val Acc: 1.0000 | Val P/R/F1 (Macro): 1.0000/1.0000/1.0000 | LR: 0.000001
Epoch [87/100] | Loss: 1.1167 (Cls: 1.1185, TAL: -0.0464, Adv: 0.0016) | Train Acc: 0.9479 | Val Acc: 1.0000 | Val P/R/F1 (Macro): 1.0000/1.0000/1.0000 | LR: 0.000001
Epoch [88/100] | Loss: 1.1599 (Cls: 1.1599, TAL: -0.0016, Adv: 0.0011) | Train Acc: 0.9062 | Val Acc: 1.0000 | Val P/R/F1 (Macro): 1.0000/1.0000/1.0000 | LR: 0.000001
Epoch [89/100] | Loss: 1.1895 (Cls: 1.1911, TAL: -0.0393, Adv: 0.0013) | Train Acc: 0.9479 | Val Acc: 1.0000 | Val P/R/F1 (Macro): 1.0000/1.0000/1.0000 | LR: 0.000001
Epoch [90/100] | Loss: 1.1789 (Cls: 1.1814, TAL: -0.0638, Adv: 0.0009) | Train Acc: 0.9167 | Val Acc: 1.0000 | Val P/R/F1 (Macro): 1.0000/1.0000/1.0000 | LR: 0.000001
Epoch [91/100] | Loss: 1.1753 (Cls: 1.1774, TAL: -0.0544, Adv: 0.0010) | Train Acc: 0.8958 | Val Acc: 1.0000 | Val P/R/F1 (Macro): 1.0000/1.0000/1.0000 | LR: 0.000001
Epoch [92/100] | Loss: 1.2662 (Cls: 1.2685, TAL: -0.0591, Adv: 0.0012) | Train Acc: 0.9167 | Val Acc: 1.0000 | Val P/R/F1 (Macro): 1.0000/1.0000/1.0000 | LR: 0.000001
Epoch [93/100] | Loss: 1.2004 (Cls: 1.2039, TAL: -0.0906, Adv: 0.0010) | Train Acc: 0.9167 | Val Acc: 1.0000 | Val P/R/F1 (Macro): 1.0000/1.0000/1.0000 | LR: 0.000001
Epoch [94/100] | Loss: 1.1049 (Cls: 1.1057, TAL: -0.0203, Adv: 0.0011) | Train Acc: 0.9688 | Val Acc: 0.9615 | Val P/R/F1 (Macro): 0.9667/0.9667/0.9630 | LR: 0.000001
Epoch [95/100] | Loss: 1.1398 (Cls: 1.1419, TAL: -0.0552, Adv: 0.0010) | Train Acc: 0.9688 | Val Acc: 0.9615 | Val P/R/F1 (Macro): 0.9667/0.9667/0.9630 | LR: 0.000001
Epoch [96/100] | Loss: 1.1242 (Cls: 1.1254, TAL: -0.0309, Adv: 0.0008) | Train Acc: 0.9688 | Val Acc: 0.9615 | Val P/R/F1 (Macro): 0.9667/0.9792/0.9704 | LR: 0.000001
Epoch [97/100] | Loss: 1.2114 (Cls: 1.2138, TAL: -0.0611, Adv: 0.0015) | Train Acc: 0.9167 | Val Acc: 0.9615 | Val P/R/F1 (Macro): 0.9667/0.9792/0.9704 | LR: 0.000001
Epoch [98/100] | Loss: 1.1651 (Cls: 1.1692, TAL: -0.1015, Adv: 0.0007) | Train Acc: 0.9271 | Val Acc: 1.0000 | Val P/R/F1 (Macro): 1.0000/1.0000/1.0000 | LR: 0.000001
Epoch [99/100] | Loss: 1.1636 (Cls: 1.1655, TAL: -0.0477, Adv: 0.0008) | Train Acc: 0.9271 | Val Acc: 1.0000 | Val P/R/F1 (Macro): 1.0000/1.0000/1.0000 | LR: 0.000001
Epoch [100/100] | Loss: 1.1829 (Cls: 1.1870, TAL: -0.1032, Adv: 0.0010) | Train Acc: 0.9479 | Val Acc: 0.9615 | Val P/R/F1 (Macro): 0.9667/0.9667/0.9630 | LR: 0.000001
Report strategy: last_window, window=10, reported_acc=0.9808, best_acc=1.0000

迭代 2 报告指标:
  Accuracy: 0.9808
  Precision (Macro): 0.9833
  Recall (Macro): 0.9858
  F1 (Macro): 0.9830
  Precision (Micro): 0.9808
  Recall (Micro): 0.9808
  F1 (Micro): 0.9808
  Val class coverage: 6/14 (0.4286), samples=26

================================================================================
迭代 3/5
随机种子: 44
================================================================================
Training mode: unpaired target adaptation with controlled target-label loss (ratio=0.34, weight=0.55).
Fixed labeled target subset: 33/96 samples.
INFO:Tensor:参数初始化完成：正交初始化
Feature fusion: Tensor alignment (512+512 -> 128+128); fused_dim=256
Domain adaptation: standard source-target adversarial training, no generator
Loss weights: tensor=0.04, adv=0.05
Epoch [1/100] | Loss: 4.8362 (Cls: 4.7674, TAL: 0.2929, Adv: 1.1418) | Train Acc: 0.0729 | Val Acc: 0.2692 | Val P/R/F1 (Macro): 0.2315/0.1917/0.1984 | LR: 0.000008
  >>> New Best Val Acc: 0.2692
Epoch [2/100] | Loss: 4.2519 (Cls: 4.2036, TAL: 0.1657, Adv: 0.8343) | Train Acc: 0.1250 | Val Acc: 0.1923 | Val P/R/F1 (Macro): 0.0321/0.1667/0.0538 | LR: 0.000008
Epoch [3/100] | Loss: 3.5136 (Cls: 3.4756, TAL: 0.1306, Adv: 0.6545) | Train Acc: 0.1875 | Val Acc: 0.1923 | Val P/R/F1 (Macro): 0.0321/0.1667/0.0538 | LR: 0.000008
Epoch [4/100] | Loss: 3.2393 (Cls: 3.2060, TAL: 0.1791, Adv: 0.5234) | Train Acc: 0.3229 | Val Acc: 0.1923 | Val P/R/F1 (Macro): 0.0321/0.1667/0.0538 | LR: 0.000008
Epoch [5/100] | Loss: 3.4220 (Cls: 3.4002, TAL: 0.0769, Adv: 0.3740) | Train Acc: 0.2292 | Val Acc: 0.1923 | Val P/R/F1 (Macro): 0.0321/0.1667/0.0538 | LR: 0.000008
Epoch [6/100] | Loss: 2.9994 (Cls: 2.9855, TAL: 0.0152, Adv: 0.2676) | Train Acc: 0.2188 | Val Acc: 0.1923 | Val P/R/F1 (Macro): 0.0321/0.1667/0.0538 | LR: 0.000008
Epoch [7/100] | Loss: 3.0411 (Cls: 3.0281, TAL: 0.0187, Adv: 0.2455) | Train Acc: 0.2917 | Val Acc: 0.2308 | Val P/R/F1 (Macro): 0.2000/0.2500/0.1667 | LR: 0.000008
Epoch [8/100] | Loss: 2.7199 (Cls: 2.7083, TAL: 0.0419, Adv: 0.1984) | Train Acc: 0.3750 | Val Acc: 0.2308 | Val P/R/F1 (Macro): 0.2045/0.2500/0.1728 | LR: 0.000008
Epoch [9/100] | Loss: 2.5659 (Cls: 2.5532, TAL: 0.1090, Adv: 0.1672) | Train Acc: 0.4167 | Val Acc: 0.2692 | Val P/R/F1 (Macro): 0.0915/0.2500/0.1301 | LR: 0.000008
Epoch [10/100] | Loss: 2.4136 (Cls: 2.4003, TAL: 0.1800, Adv: 0.1215) | Train Acc: 0.4792 | Val Acc: 0.2692 | Val P/R/F1 (Macro): 0.0972/0.2500/0.1333 | LR: 0.000008
Epoch [11/100] | Loss: 2.5026 (Cls: 2.4905, TAL: 0.1767, Adv: 0.1016) | Train Acc: 0.4896 | Val Acc: 0.3077 | Val P/R/F1 (Macro): 0.1021/0.2917/0.1508 | LR: 0.000008
  >>> New Best Val Acc: 0.3077
Epoch [12/100] | Loss: 2.2286 (Cls: 2.2118, TAL: 0.3291, Adv: 0.0736) | Train Acc: 0.5625 | Val Acc: 0.3846 | Val P/R/F1 (Macro): 0.2868/0.3667/0.2322 | LR: 0.000008
  >>> New Best Val Acc: 0.3846
Epoch [13/100] | Loss: 2.1313 (Cls: 2.1144, TAL: 0.3321, Adv: 0.0720) | Train Acc: 0.5938 | Val Acc: 0.3462 | Val P/R/F1 (Macro): 0.1308/0.3333/0.1878 | LR: 0.000008
Epoch [14/100] | Loss: 2.1790 (Cls: 2.1623, TAL: 0.3409, Adv: 0.0613) | Train Acc: 0.6354 | Val Acc: 0.5000 | Val P/R/F1 (Macro): 0.3925/0.5667/0.4001 | LR: 0.000008
  >>> New Best Val Acc: 0.5000
Epoch [15/100] | Loss: 2.0979 (Cls: 2.0836, TAL: 0.2982, Adv: 0.0465) | Train Acc: 0.5833 | Val Acc: 0.4615 | Val P/R/F1 (Macro): 0.3199/0.4333/0.3329 | LR: 0.000008
Epoch [16/100] | Loss: 2.0653 (Cls: 2.0544, TAL: 0.2208, Adv: 0.0409) | Train Acc: 0.6354 | Val Acc: 0.4231 | Val P/R/F1 (Macro): 0.3030/0.4000/0.2883 | LR: 0.000008
Epoch [17/100] | Loss: 1.9416 (Cls: 1.9286, TAL: 0.2771, Adv: 0.0392) | Train Acc: 0.6562 | Val Acc: 0.5000 | Val P/R/F1 (Macro): 0.3889/0.5667/0.4002 | LR: 0.000008
Epoch [18/100] | Loss: 2.0521 (Cls: 2.0379, TAL: 0.3067, Adv: 0.0383) | Train Acc: 0.6042 | Val Acc: 0.5385 | Val P/R/F1 (Macro): 0.5648/0.6500/0.5198 | LR: 0.000008
  >>> New Best Val Acc: 0.5385
Epoch [19/100] | Loss: 1.8229 (Cls: 1.8069, TAL: 0.3639, Adv: 0.0297) | Train Acc: 0.6354 | Val Acc: 0.5769 | Val P/R/F1 (Macro): 0.5857/0.6833/0.5655 | LR: 0.000008
  >>> New Best Val Acc: 0.5769
Epoch [20/100] | Loss: 1.9774 (Cls: 1.9658, TAL: 0.2489, Adv: 0.0323) | Train Acc: 0.5833 | Val Acc: 0.6923 | Val P/R/F1 (Macro): 0.6259/0.6833/0.5985 | LR: 0.000008
  >>> New Best Val Acc: 0.6923
Epoch [21/100] | Loss: 1.9278 (Cls: 1.9197, TAL: 0.1590, Adv: 0.0358) | Train Acc: 0.6042 | Val Acc: 0.5385 | Val P/R/F1 (Macro): 0.4198/0.6000/0.4458 | LR: 0.000008
Epoch [22/100] | Loss: 1.9625 (Cls: 1.9568, TAL: 0.0982, Adv: 0.0346) | Train Acc: 0.5625 | Val Acc: 0.5000 | Val P/R/F1 (Macro): 0.3708/0.5167/0.3961 | LR: 0.000008
Epoch [23/100] | Loss: 1.7165 (Cls: 1.7131, TAL: 0.0459, Adv: 0.0308) | Train Acc: 0.7188 | Val Acc: 0.5000 | Val P/R/F1 (Macro): 0.5389/0.5667/0.4794 | LR: 0.000008
Epoch [24/100] | Loss: 1.8350 (Cls: 1.8282, TAL: 0.1435, Adv: 0.0208) | Train Acc: 0.7292 | Val Acc: 0.5385 | Val P/R/F1 (Macro): 0.5758/0.6500/0.5327 | LR: 0.000008
Epoch [25/100] | Loss: 1.6387 (Cls: 1.6289, TAL: 0.2166, Adv: 0.0215) | Train Acc: 0.7292 | Val Acc: 0.5385 | Val P/R/F1 (Macro): 0.5648/0.6500/0.5198 | LR: 0.000008
Epoch [26/100] | Loss: 1.7146 (Cls: 1.7007, TAL: 0.3356, Adv: 0.0105) | Train Acc: 0.7083 | Val Acc: 0.6538 | Val P/R/F1 (Macro): 0.7302/0.7875/0.6565 | LR: 0.000008
Epoch [27/100] | Loss: 1.7192 (Cls: 1.7065, TAL: 0.3011, Adv: 0.0135) | Train Acc: 0.7396 | Val Acc: 0.6923 | Val P/R/F1 (Macro): 0.8042/0.8083/0.7331 | LR: 0.000008
Epoch [28/100] | Loss: 1.6434 (Cls: 1.6291, TAL: 0.3430, Adv: 0.0115) | Train Acc: 0.7188 | Val Acc: 0.6923 | Val P/R/F1 (Macro): 0.6518/0.6833/0.6051 | LR: 0.000008
Epoch [29/100] | Loss: 1.6130 (Cls: 1.6055, TAL: 0.1694, Adv: 0.0148) | Train Acc: 0.7708 | Val Acc: 0.6154 | Val P/R/F1 (Macro): 0.5962/0.6417/0.5273 | LR: 0.000008
Epoch [30/100] | Loss: 1.7588 (Cls: 1.7535, TAL: 0.1162, Adv: 0.0121) | Train Acc: 0.7083 | Val Acc: 0.6538 | Val P/R/F1 (Macro): 0.7778/0.7250/0.6583 | LR: 0.000008
Epoch [31/100] | Loss: 1.6809 (Cls: 1.6708, TAL: 0.2430, Adv: 0.0082) | Train Acc: 0.7500 | Val Acc: 0.8077 | Val P/R/F1 (Macro): 0.8542/0.8708/0.8259 | LR: 0.000008
  >>> New Best Val Acc: 0.8077
Epoch [32/100] | Loss: 1.5722 (Cls: 1.5638, TAL: 0.2027, Adv: 0.0064) | Train Acc: 0.7812 | Val Acc: 0.5385 | Val P/R/F1 (Macro): 0.4000/0.6000/0.4425 | LR: 0.000008
Epoch [33/100] | Loss: 1.4343 (Cls: 1.4240, TAL: 0.2487, Adv: 0.0062) | Train Acc: 0.8125 | Val Acc: 0.7308 | Val P/R/F1 (Macro): 0.7778/0.8417/0.7370 | LR: 0.000008
Epoch [34/100] | Loss: 1.5231 (Cls: 1.5129, TAL: 0.2469, Adv: 0.0064) | Train Acc: 0.7812 | Val Acc: 0.6154 | Val P/R/F1 (Macro): 0.6875/0.7458/0.6125 | LR: 0.000008
Epoch [35/100] | Loss: 1.5159 (Cls: 1.5054, TAL: 0.2557, Adv: 0.0050) | Train Acc: 0.8021 | Val Acc: 0.5000 | Val P/R/F1 (Macro): 0.4250/0.5583/0.4534 | LR: 0.000008
Epoch [36/100] | Loss: 1.4888 (Cls: 1.4769, TAL: 0.2890, Adv: 0.0062) | Train Acc: 0.7812 | Val Acc: 0.6154 | Val P/R/F1 (Macro): 0.5931/0.7667/0.6284 | LR: 0.000008
Epoch [37/100] | Loss: 1.4451 (Cls: 1.4345, TAL: 0.2570, Adv: 0.0058) | Train Acc: 0.8333 | Val Acc: 0.6154 | Val P/R/F1 (Macro): 0.5949/0.7667/0.6335 | LR: 0.000008
Epoch [38/100] | Loss: 1.5600 (Cls: 1.5506, TAL: 0.2259, Adv: 0.0069) | Train Acc: 0.7917 | Val Acc: 0.5769 | Val P/R/F1 (Macro): 0.5782/0.7333/0.5879 | LR: 0.000008
Epoch [39/100] | Loss: 1.3692 (Cls: 1.3589, TAL: 0.2466, Adv: 0.0088) | Train Acc: 0.8438 | Val Acc: 0.5385 | Val P/R/F1 (Macro): 0.5417/0.6500/0.5397 | LR: 0.000008
Epoch [40/100] | Loss: 1.4006 (Cls: 1.3900, TAL: 0.2592, Adv: 0.0049) | Train Acc: 0.8333 | Val Acc: 0.5385 | Val P/R/F1 (Macro): 0.5417/0.6500/0.5391 | LR: 0.000008
Epoch [41/100] | Loss: 1.4327 (Cls: 1.4218, TAL: 0.2668, Adv: 0.0059) | Train Acc: 0.8542 | Val Acc: 0.7692 | Val P/R/F1 (Macro): 0.8286/0.8625/0.7888 | LR: 0.000008
Epoch [42/100] | Loss: 1.5216 (Cls: 1.5114, TAL: 0.2494, Adv: 0.0041) | Train Acc: 0.8125 | Val Acc: 0.8462 | Val P/R/F1 (Macro): 0.8611/0.9042/0.8541 | LR: 0.000008
  >>> New Best Val Acc: 0.8462
Epoch [43/100] | Loss: 1.3545 (Cls: 1.3439, TAL: 0.2588, Adv: 0.0055) | Train Acc: 0.8958 | Val Acc: 0.6923 | Val P/R/F1 (Macro): 0.8167/0.8208/0.7249 | LR: 0.000008
Epoch [44/100] | Loss: 1.4029 (Cls: 1.3924, TAL: 0.2565, Adv: 0.0051) | Train Acc: 0.8542 | Val Acc: 0.7308 | Val P/R/F1 (Macro): 0.8444/0.8417/0.7767 | LR: 0.000008
Epoch [45/100] | Loss: 1.3674 (Cls: 1.3611, TAL: 0.1538, Adv: 0.0033) | Train Acc: 0.8646 | Val Acc: 0.7308 | Val P/R/F1 (Macro): 0.8939/0.8417/0.8037 | LR: 0.000008
Epoch [46/100] | Loss: 1.3073 (Cls: 1.3015, TAL: 0.1407, Adv: 0.0036) | Train Acc: 0.8438 | Val Acc: 0.6923 | Val P/R/F1 (Macro): 0.7963/0.8083/0.7235 | LR: 0.000008
Epoch [47/100] | Loss: 1.2494 (Cls: 1.2452, TAL: 0.1012, Adv: 0.0030) | Train Acc: 0.9062 | Val Acc: 0.6923 | Val P/R/F1 (Macro): 0.7889/0.8083/0.7162 | LR: 0.000008
Epoch [48/100] | Loss: 1.4053 (Cls: 1.4013, TAL: 0.0944, Adv: 0.0040) | Train Acc: 0.8229 | Val Acc: 0.6154 | Val P/R/F1 (Macro): 0.7598/0.7542/0.6356 | LR: 0.000008
Epoch [49/100] | Loss: 1.3364 (Cls: 1.3342, TAL: 0.0509, Adv: 0.0040) | Train Acc: 0.8333 | Val Acc: 0.6538 | Val P/R/F1 (Macro): 0.7889/0.7750/0.6864 | LR: 0.000008
Epoch [50/100] | Loss: 1.2558 (Cls: 1.2505, TAL: 0.1269, Adv: 0.0052) | Train Acc: 0.8854 | Val Acc: 0.6538 | Val P/R/F1 (Macro): 0.7765/0.7750/0.6811 | LR: 0.000008
Epoch [51/100] | Loss: 1.3730 (Cls: 1.3675, TAL: 0.1311, Adv: 0.0052) | Train Acc: 0.8542 | Val Acc: 0.7692 | Val P/R/F1 (Macro): 0.8208/0.8375/0.7776 | LR: 0.000008
Epoch [52/100] | Loss: 1.4434 (Cls: 1.4386, TAL: 0.1154, Adv: 0.0026) | Train Acc: 0.8125 | Val Acc: 0.7692 | Val P/R/F1 (Macro): 0.8208/0.8375/0.7776 | LR: 0.000008
Epoch [53/100] | Loss: 1.3231 (Cls: 1.3205, TAL: 0.0613, Adv: 0.0034) | Train Acc: 0.8646 | Val Acc: 0.6538 | Val P/R/F1 (Macro): 0.7708/0.7750/0.6790 | LR: 0.000004
Epoch [54/100] | Loss: 1.2225 (Cls: 1.2195, TAL: 0.0705, Adv: 0.0044) | Train Acc: 0.9062 | Val Acc: 0.6154 | Val P/R/F1 (Macro): 0.7616/0.7542/0.6408 | LR: 0.000004
Epoch [55/100] | Loss: 1.2331 (Cls: 1.2290, TAL: 0.0984, Adv: 0.0027) | Train Acc: 0.8854 | Val Acc: 0.6154 | Val P/R/F1 (Macro): 0.7616/0.7542/0.6408 | LR: 0.000004
Epoch [56/100] | Loss: 1.2408 (Cls: 1.2379, TAL: 0.0671, Adv: 0.0033) | Train Acc: 0.9375 | Val Acc: 0.6538 | Val P/R/F1 (Macro): 0.7894/0.7750/0.6927 | LR: 0.000004
Epoch [57/100] | Loss: 1.2945 (Cls: 1.2877, TAL: 0.1652, Adv: 0.0028) | Train Acc: 0.8958 | Val Acc: 0.7308 | Val P/R/F1 (Macro): 0.8598/0.8292/0.7907 | LR: 0.000004
Epoch [58/100] | Loss: 1.3166 (Cls: 1.3126, TAL: 0.0950, Adv: 0.0033) | Train Acc: 0.8646 | Val Acc: 0.7692 | Val P/R/F1 (Macro): 0.8519/0.8625/0.8083 | LR: 0.000004
Epoch [59/100] | Loss: 1.1293 (Cls: 1.1239, TAL: 0.1305, Adv: 0.0031) | Train Acc: 0.9583 | Val Acc: 0.7692 | Val P/R/F1 (Macro): 0.9000/0.8625/0.8343 | LR: 0.000004
Epoch [60/100] | Loss: 1.1414 (Cls: 1.1348, TAL: 0.1598, Adv: 0.0032) | Train Acc: 0.9375 | Val Acc: 0.7308 | Val P/R/F1 (Macro): 0.8939/0.8292/0.8048 | LR: 0.000004
Epoch [61/100] | Loss: 1.2465 (Cls: 1.2441, TAL: 0.0562, Adv: 0.0031) | Train Acc: 0.9167 | Val Acc: 0.6154 | Val P/R/F1 (Macro): 0.7616/0.7542/0.6408 | LR: 0.000004
Epoch [62/100] | Loss: 1.2245 (Cls: 1.2183, TAL: 0.1509, Adv: 0.0035) | Train Acc: 0.9271 | Val Acc: 0.6154 | Val P/R/F1 (Macro): 0.7153/0.7542/0.6160 | LR: 0.000004
Epoch [63/100] | Loss: 1.2096 (Cls: 1.2055, TAL: 0.0988, Adv: 0.0029) | Train Acc: 0.8958 | Val Acc: 0.6154 | Val P/R/F1 (Macro): 0.5913/0.7667/0.6250 | LR: 0.000004
Epoch [64/100] | Loss: 1.2741 (Cls: 1.2694, TAL: 0.1125, Adv: 0.0041) | Train Acc: 0.9167 | Val Acc: 0.6154 | Val P/R/F1 (Macro): 0.7153/0.7542/0.6160 | LR: 0.000002
Epoch [65/100] | Loss: 1.1910 (Cls: 1.1869, TAL: 0.0992, Adv: 0.0031) | Train Acc: 0.9375 | Val Acc: 0.6154 | Val P/R/F1 (Macro): 0.7153/0.7542/0.6160 | LR: 0.000002
Epoch [66/100] | Loss: 1.1710 (Cls: 1.1667, TAL: 0.1042, Adv: 0.0029) | Train Acc: 0.9375 | Val Acc: 0.5769 | Val P/R/F1 (Macro): 0.6667/0.6208/0.5509 | LR: 0.000002
Epoch [67/100] | Loss: 1.1940 (Cls: 1.1906, TAL: 0.0805, Adv: 0.0033) | Train Acc: 0.9271 | Val Acc: 0.6154 | Val P/R/F1 (Macro): 0.6376/0.6542/0.5600 | LR: 0.000002
Epoch [68/100] | Loss: 1.1253 (Cls: 1.1215, TAL: 0.0914, Adv: 0.0024) | Train Acc: 0.9583 | Val Acc: 0.6923 | Val P/R/F1 (Macro): 0.7857/0.8083/0.7194 | LR: 0.000002
Epoch [69/100] | Loss: 1.1590 (Cls: 1.1549, TAL: 0.0977, Adv: 0.0045) | Train Acc: 0.9479 | Val Acc: 0.6923 | Val P/R/F1 (Macro): 0.7857/0.8083/0.7194 | LR: 0.000002
Epoch [70/100] | Loss: 1.0639 (Cls: 1.0596, TAL: 0.1044, Adv: 0.0024) | Train Acc: 0.9688 | Val Acc: 0.7692 | Val P/R/F1 (Macro): 0.8254/0.8500/0.7962 | LR: 0.000002
Epoch [71/100] | Loss: 1.1328 (Cls: 1.1282, TAL: 0.1121, Adv: 0.0023) | Train Acc: 0.9479 | Val Acc: 0.6923 | Val P/R/F1 (Macro): 0.7810/0.8083/0.7137 | LR: 0.000002
Epoch [72/100] | Loss: 1.1868 (Cls: 1.1824, TAL: 0.1088, Adv: 0.0027) | Train Acc: 0.9167 | Val Acc: 0.7308 | Val P/R/F1 (Macro): 0.8056/0.8417/0.7552 | LR: 0.000002
Epoch [73/100] | Loss: 1.1196 (Cls: 1.1153, TAL: 0.1039, Adv: 0.0027) | Train Acc: 0.9479 | Val Acc: 0.6923 | Val P/R/F1 (Macro): 0.7810/0.8083/0.7137 | LR: 0.000002
Epoch [74/100] | Loss: 1.1196 (Cls: 1.1112, TAL: 0.2047, Adv: 0.0042) | Train Acc: 0.9479 | Val Acc: 0.8077 | Val P/R/F1 (Macro): 0.8452/0.8833/0.8320 | LR: 0.000002
Epoch [75/100] | Loss: 1.1141 (Cls: 1.1096, TAL: 0.1072, Adv: 0.0030) | Train Acc: 0.9479 | Val Acc: 0.8846 | Val P/R/F1 (Macro): 0.8833/0.9250/0.8907 | LR: 0.000002
  >>> New Best Val Acc: 0.8846
Epoch [76/100] | Loss: 1.1592 (Cls: 1.1526, TAL: 0.1616, Adv: 0.0020) | Train Acc: 0.9375 | Val Acc: 0.8462 | Val P/R/F1 (Macro): 0.8635/0.8917/0.8549 | LR: 0.000002
Epoch [77/100] | Loss: 1.1472 (Cls: 1.1432, TAL: 0.0964, Adv: 0.0028) | Train Acc: 0.9479 | Val Acc: 0.8462 | Val P/R/F1 (Macro): 0.8635/0.8917/0.8549 | LR: 0.000002
Epoch [78/100] | Loss: 1.1826 (Cls: 1.1754, TAL: 0.1764, Adv: 0.0029) | Train Acc: 0.9062 | Val Acc: 0.7692 | Val P/R/F1 (Macro): 0.8333/0.8500/0.7987 | LR: 0.000002
Epoch [79/100] | Loss: 1.1299 (Cls: 1.1231, TAL: 0.1652, Adv: 0.0032) | Train Acc: 0.9688 | Val Acc: 0.7308 | Val P/R/F1 (Macro): 0.8241/0.8292/0.7700 | LR: 0.000002
Epoch [80/100] | Loss: 1.1795 (Cls: 1.1740, TAL: 0.1355, Adv: 0.0033) | Train Acc: 0.9062 | Val Acc: 0.7308 | Val P/R/F1 (Macro): 0.8241/0.8292/0.7700 | LR: 0.000002
Epoch [81/100] | Loss: 1.1311 (Cls: 1.1270, TAL: 0.1004, Adv: 0.0026) | Train Acc: 0.9583 | Val Acc: 0.7692 | Val P/R/F1 (Macro): 0.9000/0.8500/0.8313 | LR: 0.000002
Epoch [82/100] | Loss: 1.0989 (Cls: 1.0945, TAL: 0.1066, Adv: 0.0026) | Train Acc: 0.9375 | Val Acc: 0.7308 | Val P/R/F1 (Macro): 0.8444/0.8417/0.7767 | LR: 0.000002
Epoch [83/100] | Loss: 1.1253 (Cls: 1.1190, TAL: 0.1546, Adv: 0.0021) | Train Acc: 0.9479 | Val Acc: 0.6923 | Val P/R/F1 (Macro): 0.7857/0.8083/0.7194 | LR: 0.000002
Epoch [84/100] | Loss: 1.1073 (Cls: 1.1020, TAL: 0.1304, Adv: 0.0023) | Train Acc: 0.9688 | Val Acc: 0.7308 | Val P/R/F1 (Macro): 0.8241/0.8417/0.7689 | LR: 0.000002
Epoch [85/100] | Loss: 1.2309 (Cls: 1.2263, TAL: 0.1120, Adv: 0.0022) | Train Acc: 0.9375 | Val Acc: 0.6923 | Val P/R/F1 (Macro): 0.7889/0.8208/0.7097 | LR: 0.000002
Epoch [86/100] | Loss: 1.1869 (Cls: 1.1832, TAL: 0.0902, Adv: 0.0018) | Train Acc: 0.9271 | Val Acc: 0.7692 | Val P/R/F1 (Macro): 0.8333/0.8625/0.8017 | LR: 0.000001
Epoch [87/100] | Loss: 1.1160 (Cls: 1.1118, TAL: 0.1023, Adv: 0.0014) | Train Acc: 0.9479 | Val Acc: 0.7308 | Val P/R/F1 (Macro): 0.7857/0.7792/0.7391 | LR: 0.000001
Epoch [88/100] | Loss: 1.1283 (Cls: 1.1223, TAL: 0.1490, Adv: 0.0021) | Train Acc: 0.9479 | Val Acc: 0.7692 | Val P/R/F1 (Macro): 0.8056/0.8125/0.7702 | LR: 0.000001
Epoch [89/100] | Loss: 1.0971 (Cls: 1.0908, TAL: 0.1538, Adv: 0.0019) | Train Acc: 0.9583 | Val Acc: 0.7692 | Val P/R/F1 (Macro): 0.8056/0.8125/0.7702 | LR: 0.000001
Epoch [90/100] | Loss: 1.0759 (Cls: 1.0706, TAL: 0.1265, Adv: 0.0044) | Train Acc: 0.9792 | Val Acc: 0.7308 | Val P/R/F1 (Macro): 0.8444/0.8417/0.7767 | LR: 0.000001
Epoch [91/100] | Loss: 1.1055 (Cls: 1.0984, TAL: 0.1764, Adv: 0.0018) | Train Acc: 0.9688 | Val Acc: 0.7692 | Val P/R/F1 (Macro): 0.8519/0.8625/0.8083 | LR: 0.000001
Epoch [92/100] | Loss: 1.1609 (Cls: 1.1573, TAL: 0.0849, Adv: 0.0024) | Train Acc: 0.9271 | Val Acc: 0.7308 | Val P/R/F1 (Macro): 0.8444/0.8417/0.7767 | LR: 0.000001
Epoch [93/100] | Loss: 1.0970 (Cls: 1.0893, TAL: 0.1910, Adv: 0.0015) | Train Acc: 0.9792 | Val Acc: 0.7692 | Val P/R/F1 (Macro): 0.8519/0.8625/0.8083 | LR: 0.000001
Epoch [94/100] | Loss: 1.1007 (Cls: 1.0943, TAL: 0.1553, Adv: 0.0026) | Train Acc: 0.9479 | Val Acc: 0.7692 | Val P/R/F1 (Macro): 0.8519/0.8625/0.8083 | LR: 0.000001
Epoch [95/100] | Loss: 1.1384 (Cls: 1.1319, TAL: 0.1600, Adv: 0.0021) | Train Acc: 0.9688 | Val Acc: 0.7692 | Val P/R/F1 (Macro): 0.8519/0.8625/0.8083 | LR: 0.000001
Epoch [96/100] | Loss: 1.0639 (Cls: 1.0583, TAL: 0.1370, Adv: 0.0029) | Train Acc: 0.9792 | Val Acc: 0.8077 | Val P/R/F1 (Macro): 0.8611/0.8958/0.8354 | LR: 0.000001
Epoch [97/100] | Loss: 1.0899 (Cls: 1.0860, TAL: 0.0971, Adv: 0.0015) | Train Acc: 0.9583 | Val Acc: 0.7692 | Val P/R/F1 (Macro): 0.8333/0.8625/0.8017 | LR: 0.000001
Epoch [98/100] | Loss: 1.1478 (Cls: 1.1394, TAL: 0.2082, Adv: 0.0012) | Train Acc: 0.9583 | Val Acc: 0.8077 | Val P/R/F1 (Macro): 0.8611/0.8958/0.8354 | LR: 0.000001
Epoch [99/100] | Loss: 1.1114 (Cls: 1.1077, TAL: 0.0909, Adv: 0.0013) | Train Acc: 0.9688 | Val Acc: 0.7692 | Val P/R/F1 (Macro): 0.8333/0.8625/0.8017 | LR: 0.000001
Epoch [100/100] | Loss: 1.0712 (Cls: 1.0661, TAL: 0.1254, Adv: 0.0017) | Train Acc: 0.9688 | Val Acc: 0.7692 | Val P/R/F1 (Macro): 0.8519/0.8625/0.8083 | LR: 0.000001
Report strategy: last_window, window=10, reported_acc=0.7731, best_acc=0.8846

迭代 3 报告指标:
  Accuracy: 0.7731
  Precision (Macro): 0.8493
  Recall (Macro): 0.8671
  F1 (Macro): 0.8092
  Precision (Micro): 0.7731
  Recall (Micro): 0.7731
  F1 (Micro): 0.7731
  Val class coverage: 6/14 (0.4286), samples=26

================================================================================
迭代 4/5
随机种子: 45
================================================================================
Training mode: unpaired target adaptation with controlled target-label loss (ratio=0.34, weight=0.55).
Fixed labeled target subset: 33/96 samples.
INFO:Tensor:参数初始化完成：正交初始化
Feature fusion: Tensor alignment (512+512 -> 128+128); fused_dim=256
Domain adaptation: standard source-target adversarial training, no generator
Loss weights: tensor=0.04, adv=0.05
Epoch [1/100] | Loss: 5.1896 (Cls: 5.1496, TAL: 0.0497, Adv: 0.7596) | Train Acc: 0.0833 | Val Acc: 0.2692 | Val P/R/F1 (Macro): 0.0530/0.1458/0.0778 | LR: 0.000008
  >>> New Best Val Acc: 0.2692
Epoch [2/100] | Loss: 4.1857 (Cls: 4.1639, TAL: -0.2373, Adv: 0.6250) | Train Acc: 0.1146 | Val Acc: 0.4231 | Val P/R/F1 (Macro): 0.2500/0.3792/0.2667 | LR: 0.000008
  >>> New Best Val Acc: 0.4231
Epoch [3/100] | Loss: 3.5301 (Cls: 3.5185, TAL: -0.4024, Adv: 0.5541) | Train Acc: 0.2188 | Val Acc: 0.1923 | Val P/R/F1 (Macro): 0.0321/0.1667/0.0538 | LR: 0.000008
Epoch [4/100] | Loss: 3.4297 (Cls: 3.4250, TAL: -0.3709, Adv: 0.3904) | Train Acc: 0.1875 | Val Acc: 0.1923 | Val P/R/F1 (Macro): 0.0321/0.1667/0.0538 | LR: 0.000008
Epoch [5/100] | Loss: 3.0742 (Cls: 3.0757, TAL: -0.3638, Adv: 0.2616) | Train Acc: 0.2917 | Val Acc: 0.1923 | Val P/R/F1 (Macro): 0.0321/0.1667/0.0538 | LR: 0.000008
Epoch [6/100] | Loss: 2.9121 (Cls: 2.9137, TAL: -0.3318, Adv: 0.2324) | Train Acc: 0.3646 | Val Acc: 0.1923 | Val P/R/F1 (Macro): 0.0321/0.1667/0.0538 | LR: 0.000008
Epoch [7/100] | Loss: 2.7851 (Cls: 2.7884, TAL: -0.3173, Adv: 0.1880) | Train Acc: 0.3854 | Val Acc: 0.1923 | Val P/R/F1 (Macro): 0.0321/0.1667/0.0538 | LR: 0.000008
Epoch [8/100] | Loss: 2.6692 (Cls: 2.6761, TAL: -0.3149, Adv: 0.1137) | Train Acc: 0.4062 | Val Acc: 0.3077 | Val P/R/F1 (Macro): 0.2029/0.2292/0.1504 | LR: 0.000008
Epoch [9/100] | Loss: 2.4885 (Cls: 2.4945, TAL: -0.2617, Adv: 0.0907) | Train Acc: 0.4167 | Val Acc: 0.3846 | Val P/R/F1 (Macro): 0.2188/0.3333/0.2460 | LR: 0.000008
Epoch [10/100] | Loss: 2.5277 (Cls: 2.5337, TAL: -0.2557, Adv: 0.0839) | Train Acc: 0.4167 | Val Acc: 0.3462 | Val P/R/F1 (Macro): 0.3712/0.3125/0.2637 | LR: 0.000008
Epoch [11/100] | Loss: 2.2525 (Cls: 2.2562, TAL: -0.1730, Adv: 0.0647) | Train Acc: 0.5521 | Val Acc: 0.4615 | Val P/R/F1 (Macro): 0.4657/0.4500/0.3535 | LR: 0.000008
  >>> New Best Val Acc: 0.4615
Epoch [12/100] | Loss: 2.2320 (Cls: 2.2386, TAL: -0.2345, Adv: 0.0540) | Train Acc: 0.5521 | Val Acc: 0.4231 | Val P/R/F1 (Macro): 0.4883/0.4292/0.3492 | LR: 0.000008
Epoch [13/100] | Loss: 2.2884 (Cls: 2.2942, TAL: -0.1854, Adv: 0.0319) | Train Acc: 0.4896 | Val Acc: 0.4231 | Val P/R/F1 (Macro): 0.3494/0.3542/0.2996 | LR: 0.000008
Epoch [14/100] | Loss: 2.2102 (Cls: 2.2160, TAL: -0.1735, Adv: 0.0240) | Train Acc: 0.5729 | Val Acc: 0.4231 | Val P/R/F1 (Macro): 0.3494/0.3542/0.2996 | LR: 0.000008
Epoch [15/100] | Loss: 2.0668 (Cls: 2.0723, TAL: -0.1666, Adv: 0.0232) | Train Acc: 0.5625 | Val Acc: 0.5000 | Val P/R/F1 (Macro): 0.3484/0.3958/0.3277 | LR: 0.000008
  >>> New Best Val Acc: 0.5000
Epoch [16/100] | Loss: 2.1346 (Cls: 2.1443, TAL: -0.2735, Adv: 0.0257) | Train Acc: 0.6354 | Val Acc: 0.5769 | Val P/R/F1 (Macro): 0.5063/0.5625/0.4986 | LR: 0.000008
  >>> New Best Val Acc: 0.5769
Epoch [17/100] | Loss: 1.8713 (Cls: 1.8788, TAL: -0.2082, Adv: 0.0159) | Train Acc: 0.6562 | Val Acc: 0.4615 | Val P/R/F1 (Macro): 0.2854/0.4375/0.3028 | LR: 0.000008
Epoch [18/100] | Loss: 1.7969 (Cls: 1.8036, TAL: -0.1847, Adv: 0.0138) | Train Acc: 0.7292 | Val Acc: 0.3462 | Val P/R/F1 (Macro): 0.2685/0.3750/0.2225 | LR: 0.000008
Epoch [19/100] | Loss: 1.7943 (Cls: 1.8000, TAL: -0.1564, Adv: 0.0120) | Train Acc: 0.6979 | Val Acc: 0.5000 | Val P/R/F1 (Macro): 0.5463/0.4708/0.4229 | LR: 0.000008
Epoch [20/100] | Loss: 1.6826 (Cls: 1.6881, TAL: -0.1658, Adv: 0.0222) | Train Acc: 0.6979 | Val Acc: 0.5000 | Val P/R/F1 (Macro): 0.7130/0.4292/0.4340 | LR: 0.000008
Epoch [21/100] | Loss: 1.8504 (Cls: 1.8593, TAL: -0.2386, Adv: 0.0112) | Train Acc: 0.6979 | Val Acc: 0.7692 | Val P/R/F1 (Macro): 0.9091/0.7875/0.7847 | LR: 0.000008
  >>> New Best Val Acc: 0.7692
Epoch [22/100] | Loss: 1.8372 (Cls: 1.8468, TAL: -0.2509, Adv: 0.0092) | Train Acc: 0.6562 | Val Acc: 0.5385 | Val P/R/F1 (Macro): 0.5490/0.6042/0.5373 | LR: 0.000008
Epoch [23/100] | Loss: 1.6503 (Cls: 1.6573, TAL: -0.1868, Adv: 0.0102) | Train Acc: 0.7188 | Val Acc: 0.6923 | Val P/R/F1 (Macro): 0.8472/0.7542/0.7501 | LR: 0.000008
Epoch [24/100] | Loss: 1.5783 (Cls: 1.5862, TAL: -0.2098, Adv: 0.0095) | Train Acc: 0.7708 | Val Acc: 0.8077 | Val P/R/F1 (Macro): 0.8810/0.8208/0.8142 | LR: 0.000008
  >>> New Best Val Acc: 0.8077
Epoch [25/100] | Loss: 1.6506 (Cls: 1.6565, TAL: -0.1573, Adv: 0.0087) | Train Acc: 0.7396 | Val Acc: 0.8846 | Val P/R/F1 (Macro): 0.9236/0.8625/0.8718 | LR: 0.000008
  >>> New Best Val Acc: 0.8846
Epoch [26/100] | Loss: 1.6669 (Cls: 1.6745, TAL: -0.2020, Adv: 0.0088) | Train Acc: 0.6875 | Val Acc: 0.6538 | Val P/R/F1 (Macro): 0.8419/0.7208/0.7049 | LR: 0.000008
Epoch [27/100] | Loss: 1.5400 (Cls: 1.5469, TAL: -0.1836, Adv: 0.0091) | Train Acc: 0.7188 | Val Acc: 0.6923 | Val P/R/F1 (Macro): 0.8974/0.6792/0.6926 | LR: 0.000008
Epoch [28/100] | Loss: 1.5763 (Cls: 1.5819, TAL: -0.1500, Adv: 0.0073) | Train Acc: 0.7917 | Val Acc: 0.6154 | Val P/R/F1 (Macro): 0.7222/0.6083/0.5992 | LR: 0.000008
Epoch [29/100] | Loss: 1.4815 (Cls: 1.4864, TAL: -0.1339, Adv: 0.0087) | Train Acc: 0.7812 | Val Acc: 0.6923 | Val P/R/F1 (Macro): 0.7308/0.7125/0.6767 | LR: 0.000008
Epoch [30/100] | Loss: 1.4162 (Cls: 1.4257, TAL: -0.2481, Adv: 0.0074) | Train Acc: 0.8333 | Val Acc: 0.7308 | Val P/R/F1 (Macro): 0.7361/0.7458/0.7119 | LR: 0.000008
Epoch [31/100] | Loss: 1.3130 (Cls: 1.3219, TAL: -0.2303, Adv: 0.0061) | Train Acc: 0.8438 | Val Acc: 0.7308 | Val P/R/F1 (Macro): 0.7361/0.6625/0.6564 | LR: 0.000008
Epoch [32/100] | Loss: 1.4222 (Cls: 1.4279, TAL: -0.1491, Adv: 0.0050) | Train Acc: 0.8021 | Val Acc: 0.5769 | Val P/R/F1 (Macro): 0.6984/0.4833/0.4897 | LR: 0.000008
Epoch [33/100] | Loss: 1.3322 (Cls: 1.3419, TAL: -0.2469, Adv: 0.0035) | Train Acc: 0.8750 | Val Acc: 0.6154 | Val P/R/F1 (Macro): 0.8889/0.5667/0.6103 | LR: 0.000008
Epoch [34/100] | Loss: 1.3687 (Cls: 1.3747, TAL: -0.1525, Adv: 0.0039) | Train Acc: 0.8542 | Val Acc: 0.6154 | Val P/R/F1 (Macro): 0.7222/0.5583/0.5734 | LR: 0.000008
Epoch [35/100] | Loss: 1.3772 (Cls: 1.3837, TAL: -0.1688, Adv: 0.0068) | Train Acc: 0.8333 | Val Acc: 0.6154 | Val P/R/F1 (Macro): 0.7222/0.6083/0.5992 | LR: 0.000008
Epoch [36/100] | Loss: 1.4068 (Cls: 1.4126, TAL: -0.1496, Adv: 0.0045) | Train Acc: 0.8333 | Val Acc: 0.6923 | Val P/R/F1 (Macro): 0.7176/0.6500/0.6279 | LR: 0.000004
Epoch [37/100] | Loss: 1.3292 (Cls: 1.3313, TAL: -0.0560, Adv: 0.0027) | Train Acc: 0.8854 | Val Acc: 0.6923 | Val P/R/F1 (Macro): 0.8974/0.6708/0.6878 | LR: 0.000004
Epoch [38/100] | Loss: 1.3069 (Cls: 1.3111, TAL: -0.1085, Adv: 0.0024) | Train Acc: 0.8646 | Val Acc: 0.6923 | Val P/R/F1 (Macro): 0.8974/0.7333/0.7307 | LR: 0.000004
Epoch [39/100] | Loss: 1.2409 (Cls: 1.2426, TAL: -0.0464, Adv: 0.0030) | Train Acc: 0.9167 | Val Acc: 0.6923 | Val P/R/F1 (Macro): 0.8974/0.7333/0.7307 | LR: 0.000004
Epoch [40/100] | Loss: 1.2973 (Cls: 1.3017, TAL: -0.1127, Adv: 0.0030) | Train Acc: 0.8854 | Val Acc: 0.6923 | Val P/R/F1 (Macro): 0.8974/0.6708/0.6878 | LR: 0.000004
Epoch [41/100] | Loss: 1.3284 (Cls: 1.3346, TAL: -0.1621, Adv: 0.0052) | Train Acc: 0.8542 | Val Acc: 0.7308 | Val P/R/F1 (Macro): 0.9028/0.6625/0.7119 | LR: 0.000004
Epoch [42/100] | Loss: 1.2995 (Cls: 1.3071, TAL: -0.1949, Adv: 0.0038) | Train Acc: 0.8750 | Val Acc: 0.8077 | Val P/R/F1 (Macro): 0.9167/0.8333/0.8206 | LR: 0.000004
Epoch [43/100] | Loss: 1.2730 (Cls: 1.2786, TAL: -0.1431, Adv: 0.0022) | Train Acc: 0.8750 | Val Acc: 0.8846 | Val P/R/F1 (Macro): 0.9246/0.8958/0.8904 | LR: 0.000004
Epoch [44/100] | Loss: 1.2141 (Cls: 1.2167, TAL: -0.0684, Adv: 0.0037) | Train Acc: 0.9375 | Val Acc: 0.8077 | Val P/R/F1 (Macro): 0.9167/0.8333/0.8206 | LR: 0.000004
Epoch [45/100] | Loss: 1.2557 (Cls: 1.2596, TAL: -0.0997, Adv: 0.0020) | Train Acc: 0.8854 | Val Acc: 0.7308 | Val P/R/F1 (Macro): 0.9028/0.7667/0.7659 | LR: 0.000004
Epoch [46/100] | Loss: 1.2820 (Cls: 1.2872, TAL: -0.1347, Adv: 0.0033) | Train Acc: 0.9062 | Val Acc: 0.6538 | Val P/R/F1 (Macro): 0.7262/0.6417/0.6334 | LR: 0.000004
Epoch [47/100] | Loss: 1.2388 (Cls: 1.2437, TAL: -0.1273, Adv: 0.0021) | Train Acc: 0.8958 | Val Acc: 0.6923 | Val P/R/F1 (Macro): 0.7308/0.7250/0.6938 | LR: 0.000002
Epoch [48/100] | Loss: 1.2213 (Cls: 1.2237, TAL: -0.0623, Adv: 0.0026) | Train Acc: 0.9062 | Val Acc: 0.6538 | Val P/R/F1 (Macro): 0.7262/0.6917/0.6591 | LR: 0.000002
Epoch [49/100] | Loss: 1.2632 (Cls: 1.2668, TAL: -0.0950, Adv: 0.0032) | Train Acc: 0.8750 | Val Acc: 0.6538 | Val P/R/F1 (Macro): 0.7262/0.6917/0.6591 | LR: 0.000002
Epoch [50/100] | Loss: 1.2606 (Cls: 1.2636, TAL: -0.0790, Adv: 0.0027) | Train Acc: 0.8958 | Val Acc: 0.6538 | Val P/R/F1 (Macro): 0.7262/0.6917/0.6591 | LR: 0.000002
Epoch [51/100] | Loss: 1.2041 (Cls: 1.2100, TAL: -0.1490, Adv: 0.0016) | Train Acc: 0.9167 | Val Acc: 0.6923 | Val P/R/F1 (Macro): 0.8974/0.7333/0.7307 | LR: 0.000002
Epoch [52/100] | Loss: 1.2762 (Cls: 1.2788, TAL: -0.0667, Adv: 0.0030) | Train Acc: 0.8750 | Val Acc: 0.7308 | Val P/R/F1 (Macro): 0.9028/0.7542/0.7488 | LR: 0.000002
Epoch [53/100] | Loss: 1.1874 (Cls: 1.1953, TAL: -0.2022, Adv: 0.0021) | Train Acc: 0.9375 | Val Acc: 0.6923 | Val P/R/F1 (Macro): 0.7308/0.7125/0.6767 | LR: 0.000002
Epoch [54/100] | Loss: 1.1456 (Cls: 1.1499, TAL: -0.1074, Adv: 0.0017) | Train Acc: 0.9583 | Val Acc: 0.6923 | Val P/R/F1 (Macro): 0.7308/0.7125/0.6767 | LR: 0.000002
Epoch [55/100] | Loss: 1.1990 (Cls: 1.2031, TAL: -0.1070, Adv: 0.0029) | Train Acc: 0.9062 | Val Acc: 0.6538 | Val P/R/F1 (Macro): 0.7262/0.6917/0.6591 | LR: 0.000002
Epoch [56/100] | Loss: 1.2765 (Cls: 1.2799, TAL: -0.0850, Adv: 0.0017) | Train Acc: 0.8542 | Val Acc: 0.6538 | Val P/R/F1 (Macro): 0.7262/0.6917/0.6591 | LR: 0.000002
Epoch [57/100] | Loss: 1.1459 (Cls: 1.1507, TAL: -0.1215, Adv: 0.0016) | Train Acc: 0.9583 | Val Acc: 0.7692 | Val P/R/F1 (Macro): 0.9091/0.8083/0.8165 | LR: 0.000002
Epoch [58/100] | Loss: 1.0811 (Cls: 1.0871, TAL: -0.1502, Adv: 0.0012) | Train Acc: 0.9688 | Val Acc: 0.7692 | Val P/R/F1 (Macro): 0.9091/0.8083/0.8165 | LR: 0.000001
Epoch [59/100] | Loss: 1.2239 (Cls: 1.2294, TAL: -0.1383, Adv: 0.0016) | Train Acc: 0.9271 | Val Acc: 0.8077 | Val P/R/F1 (Macro): 0.9167/0.8292/0.8361 | LR: 0.000001
Epoch [60/100] | Loss: 1.1694 (Cls: 1.1727, TAL: -0.0863, Adv: 0.0021) | Train Acc: 0.9271 | Val Acc: 0.8846 | Val P/R/F1 (Macro): 0.9375/0.8917/0.8961 | LR: 0.000001
Epoch [61/100] | Loss: 1.2428 (Cls: 1.2455, TAL: -0.0690, Adv: 0.0017) | Train Acc: 0.9062 | Val Acc: 0.9615 | Val P/R/F1 (Macro): 0.9722/0.9667/0.9663 | LR: 0.000001
  >>> New Best Val Acc: 0.9615
Epoch [62/100] | Loss: 1.1427 (Cls: 1.1481, TAL: -0.1371, Adv: 0.0013) | Train Acc: 0.9479 | Val Acc: 0.8846 | Val P/R/F1 (Macro): 0.9375/0.9042/0.9081 | LR: 0.000001
Epoch [63/100] | Loss: 1.2408 (Cls: 1.2464, TAL: -0.1412, Adv: 0.0009) | Train Acc: 0.8750 | Val Acc: 0.8077 | Val P/R/F1 (Macro): 0.9167/0.8292/0.8361 | LR: 0.000001
Epoch [64/100] | Loss: 1.1977 (Cls: 1.2030, TAL: -0.1331, Adv: 0.0014) | Train Acc: 0.8854 | Val Acc: 0.8077 | Val P/R/F1 (Macro): 0.9167/0.8292/0.8361 | LR: 0.000001
Epoch [65/100] | Loss: 1.1997 (Cls: 1.2025, TAL: -0.0732, Adv: 0.0010) | Train Acc: 0.9167 | Val Acc: 0.9615 | Val P/R/F1 (Macro): 0.9722/0.9792/0.9737 | LR: 0.000001
Epoch [66/100] | Loss: 1.2789 (Cls: 1.2831, TAL: -0.1059, Adv: 0.0012) | Train Acc: 0.8750 | Val Acc: 0.8077 | Val P/R/F1 (Macro): 0.9167/0.8292/0.8361 | LR: 0.000001
Epoch [67/100] | Loss: 1.1477 (Cls: 1.1521, TAL: -0.1121, Adv: 0.0013) | Train Acc: 0.9479 | Val Acc: 0.7692 | Val P/R/F1 (Macro): 0.9091/0.7875/0.7847 | LR: 0.000001
Epoch [68/100] | Loss: 1.1493 (Cls: 1.1532, TAL: -0.0988, Adv: 0.0012) | Train Acc: 0.9062 | Val Acc: 0.7692 | Val P/R/F1 (Macro): 0.9091/0.7875/0.7847 | LR: 0.000001
Epoch [69/100] | Loss: 1.0690 (Cls: 1.0732, TAL: -0.1057, Adv: 0.0010) | Train Acc: 0.9792 | Val Acc: 0.7308 | Val P/R/F1 (Macro): 0.9028/0.7542/0.7488 | LR: 0.000001
Epoch [70/100] | Loss: 1.1221 (Cls: 1.1238, TAL: -0.0438, Adv: 0.0016) | Train Acc: 0.9479 | Val Acc: 0.8462 | Val P/R/F1 (Macro): 0.9259/0.8625/0.8672 | LR: 0.000001
Epoch [71/100] | Loss: 1.1400 (Cls: 1.1441, TAL: -0.1039, Adv: 0.0015) | Train Acc: 0.9375 | Val Acc: 0.7308 | Val P/R/F1 (Macro): 0.9028/0.7542/0.7488 | LR: 0.000001
Epoch [72/100] | Loss: 1.2110 (Cls: 1.2140, TAL: -0.0760, Adv: 0.0014) | Train Acc: 0.8750 | Val Acc: 0.6538 | Val P/R/F1 (Macro): 0.7262/0.6917/0.6591 | LR: 0.000001
Epoch [73/100] | Loss: 1.1396 (Cls: 1.1440, TAL: -0.1127, Adv: 0.0011) | Train Acc: 0.9479 | Val Acc: 0.7692 | Val P/R/F1 (Macro): 0.9091/0.8083/0.8165 | LR: 0.000001
Epoch [74/100] | Loss: 1.1571 (Cls: 1.1612, TAL: -0.1050, Adv: 0.0014) | Train Acc: 0.9479 | Val Acc: 0.8846 | Val P/R/F1 (Macro): 0.9375/0.9167/0.9139 | LR: 0.000001
Epoch [75/100] | Loss: 1.1893 (Cls: 1.1939, TAL: -0.1162, Adv: 0.0011) | Train Acc: 0.9375 | Val Acc: 0.7308 | Val P/R/F1 (Macro): 0.9028/0.7667/0.7659 | LR: 0.000001
Epoch [76/100] | Loss: 1.1269 (Cls: 1.1317, TAL: -0.1224, Adv: 0.0015) | Train Acc: 0.9271 | Val Acc: 0.7308 | Val P/R/F1 (Macro): 0.9028/0.7667/0.7659 | LR: 0.000001
Epoch [77/100] | Loss: 1.1694 (Cls: 1.1754, TAL: -0.1499, Adv: 0.0007) | Train Acc: 0.9271 | Val Acc: 0.7308 | Val P/R/F1 (Macro): 0.9028/0.7667/0.7659 | LR: 0.000001
Epoch [78/100] | Loss: 1.0900 (Cls: 1.0922, TAL: -0.0544, Adv: 0.0009) | Train Acc: 0.9479 | Val Acc: 0.6923 | Val P/R/F1 (Macro): 0.8974/0.7333/0.7307 | LR: 0.000001
Epoch [79/100] | Loss: 1.0939 (Cls: 1.0996, TAL: -0.1427, Adv: 0.0009) | Train Acc: 0.9792 | Val Acc: 0.6923 | Val P/R/F1 (Macro): 0.8974/0.7333/0.7307 | LR: 0.000001
Epoch [80/100] | Loss: 1.1561 (Cls: 1.1621, TAL: -0.1527, Adv: 0.0012) | Train Acc: 0.9375 | Val Acc: 0.6538 | Val P/R/F1 (Macro): 0.7262/0.6917/0.6591 | LR: 0.000001
Epoch [81/100] | Loss: 1.1261 (Cls: 1.1303, TAL: -0.1054, Adv: 0.0009) | Train Acc: 0.9375 | Val Acc: 0.6538 | Val P/R/F1 (Macro): 0.7262/0.6917/0.6591 | LR: 0.000001
Epoch [82/100] | Loss: 1.1369 (Cls: 1.1420, TAL: -0.1294, Adv: 0.0008) | Train Acc: 0.9375 | Val Acc: 0.6923 | Val P/R/F1 (Macro): 0.7308/0.7250/0.6938 | LR: 0.000001
Epoch [83/100] | Loss: 1.1687 (Cls: 1.1709, TAL: -0.0569, Adv: 0.0009) | Train Acc: 0.9271 | Val Acc: 0.7692 | Val P/R/F1 (Macro): 0.9091/0.7875/0.7847 | LR: 0.000001
Epoch [84/100] | Loss: 1.0914 (Cls: 1.0966, TAL: -0.1299, Adv: 0.0008) | Train Acc: 0.9688 | Val Acc: 0.7692 | Val P/R/F1 (Macro): 0.9091/0.7875/0.7847 | LR: 0.000001
Epoch [85/100] | Loss: 1.0570 (Cls: 1.0605, TAL: -0.0883, Adv: 0.0011) | Train Acc: 0.9792 | Val Acc: 0.7692 | Val P/R/F1 (Macro): 0.9091/0.7875/0.7847 | LR: 0.000001
Epoch [86/100] | Loss: 1.1558 (Cls: 1.1617, TAL: -0.1488, Adv: 0.0011) | Train Acc: 0.9271 | Val Acc: 0.7308 | Val P/R/F1 (Macro): 0.7361/0.7458/0.7119 | LR: 0.000001
Epoch [87/100] | Loss: 1.1150 (Cls: 1.1200, TAL: -0.1262, Adv: 0.0009) | Train Acc: 0.9688 | Val Acc: 0.6538 | Val P/R/F1 (Macro): 0.7262/0.6917/0.6591 | LR: 0.000001
Epoch [88/100] | Loss: 1.0966 (Cls: 1.1010, TAL: -0.1110, Adv: 0.0013) | Train Acc: 0.9896 | Val Acc: 0.6923 | Val P/R/F1 (Macro): 0.7308/0.7125/0.6767 | LR: 0.000001
Epoch [89/100] | Loss: 1.1149 (Cls: 1.1183, TAL: -0.0862, Adv: 0.0009) | Train Acc: 0.9583 | Val Acc: 0.7692 | Val P/R/F1 (Macro): 0.9091/0.7875/0.7847 | LR: 0.000001
Epoch [90/100] | Loss: 1.1415 (Cls: 1.1447, TAL: -0.0810, Adv: 0.0006) | Train Acc: 0.9271 | Val Acc: 0.7308 | Val P/R/F1 (Macro): 0.7361/0.7458/0.7119 | LR: 0.000001
Epoch [91/100] | Loss: 1.1638 (Cls: 1.1698, TAL: -0.1532, Adv: 0.0011) | Train Acc: 0.9062 | Val Acc: 0.7308 | Val P/R/F1 (Macro): 0.7361/0.7458/0.7119 | LR: 0.000001
Epoch [92/100] | Loss: 1.1548 (Cls: 1.1595, TAL: -0.1185, Adv: 0.0014) | Train Acc: 0.9271 | Val Acc: 0.6923 | Val P/R/F1 (Macro): 0.7308/0.7125/0.6767 | LR: 0.000001
Epoch [93/100] | Loss: 1.1197 (Cls: 1.1238, TAL: -0.1035, Adv: 0.0012) | Train Acc: 0.9479 | Val Acc: 0.7308 | Val P/R/F1 (Macro): 0.7361/0.7458/0.7119 | LR: 0.000001
Epoch [94/100] | Loss: 1.1823 (Cls: 1.1846, TAL: -0.0605, Adv: 0.0010) | Train Acc: 0.9375 | Val Acc: 0.7308 | Val P/R/F1 (Macro): 0.7361/0.7458/0.7119 | LR: 0.000001
Epoch [95/100] | Loss: 1.1608 (Cls: 1.1671, TAL: -0.1573, Adv: 0.0008) | Train Acc: 0.9271 | Val Acc: 0.7308 | Val P/R/F1 (Macro): 0.9028/0.7667/0.7659 | LR: 0.000001
Epoch [96/100] | Loss: 1.0795 (Cls: 1.0840, TAL: -0.1137, Adv: 0.0010) | Train Acc: 0.9688 | Val Acc: 0.7692 | Val P/R/F1 (Macro): 0.9091/0.7875/0.7847 | LR: 0.000001
Epoch [97/100] | Loss: 1.1498 (Cls: 1.1540, TAL: -0.1067, Adv: 0.0006) | Train Acc: 0.9479 | Val Acc: 0.7308 | Val P/R/F1 (Macro): 0.7361/0.7458/0.7119 | LR: 0.000001
Epoch [98/100] | Loss: 1.0876 (Cls: 1.0908, TAL: -0.0831, Adv: 0.0010) | Train Acc: 0.9583 | Val Acc: 0.7308 | Val P/R/F1 (Macro): 0.7361/0.7458/0.7119 | LR: 0.000001
Epoch [99/100] | Loss: 1.0561 (Cls: 1.0631, TAL: -0.1752, Adv: 0.0006) | Train Acc: 0.9688 | Val Acc: 0.7308 | Val P/R/F1 (Macro): 0.7361/0.7458/0.7119 | LR: 0.000001
Epoch [100/100] | Loss: 1.0734 (Cls: 1.0757, TAL: -0.0599, Adv: 0.0010) | Train Acc: 0.9792 | Val Acc: 0.7308 | Val P/R/F1 (Macro): 0.7361/0.7458/0.7119 | LR: 0.000001
Report strategy: last_window, window=10, reported_acc=0.7308, best_acc=0.9615

迭代 4 报告指标:
  Accuracy: 0.7308
  Precision (Macro): 0.7695
  Recall (Macro): 0.7488
  F1 (Macro): 0.7211
  Precision (Micro): 0.7308
  Recall (Micro): 0.7308
  F1 (Micro): 0.7308
  Val class coverage: 6/14 (0.4286), samples=26

================================================================================
迭代 5/5
随机种子: 46
================================================================================
Training mode: unpaired target adaptation with controlled target-label loss (ratio=0.34, weight=0.55).
Fixed labeled target subset: 33/96 samples.
INFO:Tensor:参数初始化完成：正交初始化
Feature fusion: Tensor alignment (512+512 -> 128+128); fused_dim=256
Domain adaptation: standard source-target adversarial training, no generator
Loss weights: tensor=0.04, adv=0.05
Epoch [1/100] | Loss: 5.2364 (Cls: 5.2011, TAL: -0.2248, Adv: 0.8854) | Train Acc: 0.0833 | Val Acc: 0.2308 | Val P/R/F1 (Macro): 0.1212/0.2083/0.1173 | LR: 0.000008
  >>> New Best Val Acc: 0.2308
Epoch [2/100] | Loss: 3.9970 (Cls: 3.9791, TAL: -0.2605, Adv: 0.5662) | Train Acc: 0.1875 | Val Acc: 0.1923 | Val P/R/F1 (Macro): 0.0333/0.1667/0.0556 | LR: 0.000008
Epoch [3/100] | Loss: 3.5724 (Cls: 3.5643, TAL: -0.3944, Adv: 0.4792) | Train Acc: 0.2500 | Val Acc: 0.1923 | Val P/R/F1 (Macro): 0.0321/0.1667/0.0538 | LR: 0.000008
Epoch [4/100] | Loss: 3.3471 (Cls: 3.3432, TAL: -0.3468, Adv: 0.3556) | Train Acc: 0.2604 | Val Acc: 0.1923 | Val P/R/F1 (Macro): 0.0321/0.1667/0.0538 | LR: 0.000008
Epoch [5/100] | Loss: 3.1523 (Cls: 3.1524, TAL: -0.3503, Adv: 0.2771) | Train Acc: 0.2500 | Val Acc: 0.2692 | Val P/R/F1 (Macro): 0.1212/0.2500/0.1451 | LR: 0.000008
  >>> New Best Val Acc: 0.2692
Epoch [6/100] | Loss: 2.9986 (Cls: 2.9980, TAL: -0.2580, Adv: 0.2189) | Train Acc: 0.3125 | Val Acc: 0.3462 | Val P/R/F1 (Macro): 0.1151/0.3333/0.1711 | LR: 0.000008
  >>> New Best Val Acc: 0.3462
Epoch [7/100] | Loss: 2.6648 (Cls: 2.6657, TAL: -0.2466, Adv: 0.1799) | Train Acc: 0.4375 | Val Acc: 0.3846 | Val P/R/F1 (Macro): 0.3082/0.3542/0.2307 | LR: 0.000008
  >>> New Best Val Acc: 0.3846
Epoch [8/100] | Loss: 2.7733 (Cls: 2.7746, TAL: -0.1853, Adv: 0.1223) | Train Acc: 0.3438 | Val Acc: 0.3462 | Val P/R/F1 (Macro): 0.2917/0.2917/0.2167 | LR: 0.000008
Epoch [9/100] | Loss: 2.5401 (Cls: 2.5404, TAL: -0.1536, Adv: 0.1174) | Train Acc: 0.4792 | Val Acc: 0.3846 | Val P/R/F1 (Macro): 0.3105/0.3333/0.2472 | LR: 0.000008
Epoch [10/100] | Loss: 2.3114 (Cls: 2.3155, TAL: -0.2111, Adv: 0.0876) | Train Acc: 0.5000 | Val Acc: 0.6923 | Val P/R/F1 (Macro): 0.7028/0.6583/0.6113 | LR: 0.000008
  >>> New Best Val Acc: 0.6923
Epoch [11/100] | Loss: 2.3600 (Cls: 2.3655, TAL: -0.2412, Adv: 0.0815) | Train Acc: 0.5000 | Val Acc: 0.6154 | Val P/R/F1 (Macro): 0.5833/0.6667/0.5827 | LR: 0.000008
Epoch [12/100] | Loss: 2.1876 (Cls: 2.1922, TAL: -0.1972, Adv: 0.0646) | Train Acc: 0.4896 | Val Acc: 0.6154 | Val P/R/F1 (Macro): 0.5079/0.6667/0.5619 | LR: 0.000008
Epoch [13/100] | Loss: 2.3098 (Cls: 2.3153, TAL: -0.2317, Adv: 0.0746) | Train Acc: 0.5417 | Val Acc: 0.6154 | Val P/R/F1 (Macro): 0.4177/0.6042/0.4838 | LR: 0.000008
Epoch [14/100] | Loss: 2.2147 (Cls: 2.2215, TAL: -0.2630, Adv: 0.0750) | Train Acc: 0.5938 | Val Acc: 0.5769 | Val P/R/F1 (Macro): 0.6174/0.5458/0.5050 | LR: 0.000008
Epoch [15/100] | Loss: 2.1418 (Cls: 2.1491, TAL: -0.2271, Adv: 0.0359) | Train Acc: 0.5625 | Val Acc: 0.6154 | Val P/R/F1 (Macro): 0.6111/0.6292/0.5417 | LR: 0.000008
Epoch [16/100] | Loss: 2.1690 (Cls: 2.1792, TAL: -0.2879, Adv: 0.0255) | Train Acc: 0.5521 | Val Acc: 0.6923 | Val P/R/F1 (Macro): 0.6188/0.6583/0.5672 | LR: 0.000008
Epoch [17/100] | Loss: 1.9127 (Cls: 1.9225, TAL: -0.2768, Adv: 0.0250) | Train Acc: 0.5625 | Val Acc: 0.6538 | Val P/R/F1 (Macro): 0.4486/0.6250/0.5078 | LR: 0.000008
Epoch [18/100] | Loss: 2.0915 (Cls: 2.0987, TAL: -0.2197, Adv: 0.0321) | Train Acc: 0.5417 | Val Acc: 0.8077 | Val P/R/F1 (Macro): 0.9167/0.7833/0.7848 | LR: 0.000008
  >>> New Best Val Acc: 0.8077
Epoch [19/100] | Loss: 1.9803 (Cls: 1.9883, TAL: -0.2392, Adv: 0.0312) | Train Acc: 0.5938 | Val Acc: 0.6538 | Val P/R/F1 (Macro): 0.8167/0.7000/0.6753 | LR: 0.000008
Epoch [20/100] | Loss: 1.8799 (Cls: 1.8855, TAL: -0.1650, Adv: 0.0202) | Train Acc: 0.6667 | Val Acc: 0.5769 | Val P/R/F1 (Macro): 0.7361/0.5958/0.5682 | LR: 0.000008
Epoch [21/100] | Loss: 1.7378 (Cls: 1.7442, TAL: -0.1830, Adv: 0.0177) | Train Acc: 0.7292 | Val Acc: 0.6154 | Val P/R/F1 (Macro): 0.8413/0.6792/0.6465 | LR: 0.000008
Epoch [22/100] | Loss: 1.8284 (Cls: 1.8343, TAL: -0.1687, Adv: 0.0164) | Train Acc: 0.6562 | Val Acc: 0.5385 | Val P/R/F1 (Macro): 0.6481/0.5750/0.4913 | LR: 0.000008
Epoch [23/100] | Loss: 1.8856 (Cls: 1.8865, TAL: -0.0468, Adv: 0.0191) | Train Acc: 0.7083 | Val Acc: 0.5769 | Val P/R/F1 (Macro): 0.8167/0.6208/0.5906 | LR: 0.000008
Epoch [24/100] | Loss: 1.6603 (Cls: 1.6629, TAL: -0.0789, Adv: 0.0109) | Train Acc: 0.7292 | Val Acc: 0.6538 | Val P/R/F1 (Macro): 0.6710/0.6125/0.5755 | LR: 0.000008
Epoch [25/100] | Loss: 1.5303 (Cls: 1.5389, TAL: -0.2310, Adv: 0.0131) | Train Acc: 0.8125 | Val Acc: 0.6923 | Val P/R/F1 (Macro): 0.6869/0.6208/0.6018 | LR: 0.000008
Epoch [26/100] | Loss: 1.5604 (Cls: 1.5638, TAL: -0.1033, Adv: 0.0154) | Train Acc: 0.7604 | Val Acc: 0.5385 | Val P/R/F1 (Macro): 0.6042/0.6250/0.5499 | LR: 0.000008
Epoch [27/100] | Loss: 1.3989 (Cls: 1.4020, TAL: -0.0919, Adv: 0.0124) | Train Acc: 0.8542 | Val Acc: 0.5769 | Val P/R/F1 (Macro): 0.8264/0.6583/0.6115 | LR: 0.000008
Epoch [28/100] | Loss: 1.5308 (Cls: 1.5366, TAL: -0.1627, Adv: 0.0136) | Train Acc: 0.7812 | Val Acc: 0.6538 | Val P/R/F1 (Macro): 0.8556/0.7000/0.6859 | LR: 0.000008
Epoch [29/100] | Loss: 1.4705 (Cls: 1.4801, TAL: -0.2537, Adv: 0.0119) | Train Acc: 0.7917 | Val Acc: 0.6538 | Val P/R/F1 (Macro): 0.7333/0.7250/0.6824 | LR: 0.000004
Epoch [30/100] | Loss: 1.4372 (Cls: 1.4466, TAL: -0.2443, Adv: 0.0084) | Train Acc: 0.8021 | Val Acc: 0.5769 | Val P/R/F1 (Macro): 0.6579/0.6708/0.5960 | LR: 0.000004
Epoch [31/100] | Loss: 1.5078 (Cls: 1.5168, TAL: -0.2377, Adv: 0.0103) | Train Acc: 0.7500 | Val Acc: 0.6538 | Val P/R/F1 (Macro): 0.8032/0.7125/0.6871 | LR: 0.000004
Epoch [32/100] | Loss: 1.5474 (Cls: 1.5537, TAL: -0.1689, Adv: 0.0092) | Train Acc: 0.8438 | Val Acc: 0.6154 | Val P/R/F1 (Macro): 0.7819/0.6917/0.6571 | LR: 0.000004
Epoch [33/100] | Loss: 1.3688 (Cls: 1.3758, TAL: -0.1900, Adv: 0.0109) | Train Acc: 0.8021 | Val Acc: 0.5769 | Val P/R/F1 (Macro): 0.8167/0.6708/0.6164 | LR: 0.000004
Epoch [34/100] | Loss: 1.4848 (Cls: 1.4908, TAL: -0.1579, Adv: 0.0067) | Train Acc: 0.7604 | Val Acc: 0.6538 | Val P/R/F1 (Macro): 0.7870/0.7750/0.6921 | LR: 0.000004
Epoch [35/100] | Loss: 1.4122 (Cls: 1.4172, TAL: -0.1338, Adv: 0.0072) | Train Acc: 0.8438 | Val Acc: 0.7308 | Val P/R/F1 (Macro): 0.7976/0.8292/0.7538 | LR: 0.000004
Epoch [36/100] | Loss: 1.3843 (Cls: 1.3873, TAL: -0.0834, Adv: 0.0081) | Train Acc: 0.8750 | Val Acc: 0.8077 | Val P/R/F1 (Macro): 0.8819/0.8708/0.8481 | LR: 0.000004
Epoch [37/100] | Loss: 1.3116 (Cls: 1.3165, TAL: -0.1292, Adv: 0.0053) | Train Acc: 0.8854 | Val Acc: 0.8077 | Val P/R/F1 (Macro): 0.8819/0.8208/0.8157 | LR: 0.000004
Epoch [38/100] | Loss: 1.2844 (Cls: 1.2895, TAL: -0.1360, Adv: 0.0056) | Train Acc: 0.9167 | Val Acc: 0.8462 | Val P/R/F1 (Macro): 0.9190/0.8167/0.8248 | LR: 0.000004
  >>> New Best Val Acc: 0.8462
Epoch [39/100] | Loss: 1.3450 (Cls: 1.3485, TAL: -0.0938, Adv: 0.0054) | Train Acc: 0.8438 | Val Acc: 0.7308 | Val P/R/F1 (Macro): 0.7870/0.7667/0.7385 | LR: 0.000004
Epoch [40/100] | Loss: 1.3366 (Cls: 1.3390, TAL: -0.0646, Adv: 0.0038) | Train Acc: 0.8750 | Val Acc: 0.7308 | Val P/R/F1 (Macro): 0.8148/0.8167/0.7587 | LR: 0.000004
Epoch [41/100] | Loss: 1.3369 (Cls: 1.3430, TAL: -0.1602, Adv: 0.0058) | Train Acc: 0.8958 | Val Acc: 0.7692 | Val P/R/F1 (Macro): 0.8690/0.8375/0.8068 | LR: 0.000004
Epoch [42/100] | Loss: 1.3274 (Cls: 1.3333, TAL: -0.1528, Adv: 0.0038) | Train Acc: 0.8958 | Val Acc: 0.6923 | Val P/R/F1 (Macro): 0.8167/0.8083/0.7384 | LR: 0.000004
Epoch [43/100] | Loss: 1.3911 (Cls: 1.3976, TAL: -0.1674, Adv: 0.0040) | Train Acc: 0.8229 | Val Acc: 0.7692 | Val P/R/F1 (Macro): 0.8796/0.8375/0.8109 | LR: 0.000004
Epoch [44/100] | Loss: 1.3421 (Cls: 1.3447, TAL: -0.0731, Adv: 0.0066) | Train Acc: 0.8750 | Val Acc: 0.7692 | Val P/R/F1 (Macro): 0.8796/0.8375/0.8109 | LR: 0.000004
Epoch [45/100] | Loss: 1.2102 (Cls: 1.2174, TAL: -0.1879, Adv: 0.0061) | Train Acc: 0.9375 | Val Acc: 0.8077 | Val P/R/F1 (Macro): 0.9074/0.8708/0.8558 | LR: 0.000004
Epoch [46/100] | Loss: 1.3814 (Cls: 1.3880, TAL: -0.1703, Adv: 0.0048) | Train Acc: 0.8438 | Val Acc: 0.7692 | Val P/R/F1 (Macro): 0.8796/0.7875/0.7911 | LR: 0.000004
Epoch [47/100] | Loss: 1.3151 (Cls: 1.3220, TAL: -0.1768, Adv: 0.0041) | Train Acc: 0.8542 | Val Acc: 0.8077 | Val P/R/F1 (Macro): 0.8730/0.8208/0.8177 | LR: 0.000004
Epoch [48/100] | Loss: 1.3003 (Cls: 1.3047, TAL: -0.1140, Adv: 0.0040) | Train Acc: 0.8646 | Val Acc: 0.7308 | Val P/R/F1 (Macro): 0.8413/0.7542/0.7421 | LR: 0.000004
Epoch [49/100] | Loss: 1.2609 (Cls: 1.2673, TAL: -0.1661, Adv: 0.0046) | Train Acc: 0.9167 | Val Acc: 0.7692 | Val P/R/F1 (Macro): 0.8571/0.7750/0.7665 | LR: 0.000002
Epoch [50/100] | Loss: 1.2116 (Cls: 1.2164, TAL: -0.1253, Adv: 0.0041) | Train Acc: 0.8958 | Val Acc: 0.7692 | Val P/R/F1 (Macro): 0.8651/0.7750/0.7690 | LR: 0.000002
Epoch [51/100] | Loss: 1.1991 (Cls: 1.2069, TAL: -0.2011, Adv: 0.0035) | Train Acc: 0.9375 | Val Acc: 0.6923 | Val P/R/F1 (Macro): 0.8265/0.7333/0.7170 | LR: 0.000002
Epoch [52/100] | Loss: 1.2868 (Cls: 1.2907, TAL: -0.1019, Adv: 0.0039) | Train Acc: 0.9062 | Val Acc: 0.7308 | Val P/R/F1 (Macro): 0.8598/0.8167/0.7811 | LR: 0.000002
Epoch [53/100] | Loss: 1.2270 (Cls: 1.2335, TAL: -0.1676, Adv: 0.0031) | Train Acc: 0.8958 | Val Acc: 0.7308 | Val P/R/F1 (Macro): 0.8598/0.8167/0.7811 | LR: 0.000002
Epoch [54/100] | Loss: 1.1621 (Cls: 1.1701, TAL: -0.2045, Adv: 0.0029) | Train Acc: 0.9271 | Val Acc: 0.6923 | Val P/R/F1 (Macro): 0.8524/0.7958/0.7536 | LR: 0.000002
Epoch [55/100] | Loss: 1.2105 (Cls: 1.2178, TAL: -0.1862, Adv: 0.0027) | Train Acc: 0.9062 | Val Acc: 0.6923 | Val P/R/F1 (Macro): 0.8524/0.8083/0.7591 | LR: 0.000002
Epoch [56/100] | Loss: 1.1941 (Cls: 1.2001, TAL: -0.1559, Adv: 0.0042) | Train Acc: 0.9375 | Val Acc: 0.6923 | Val P/R/F1 (Macro): 0.8167/0.8083/0.7384 | LR: 0.000002
Epoch [57/100] | Loss: 1.2456 (Cls: 1.2538, TAL: -0.2085, Adv: 0.0027) | Train Acc: 0.8646 | Val Acc: 0.7308 | Val P/R/F1 (Macro): 0.8722/0.8292/0.7960 | LR: 0.000002
Epoch [58/100] | Loss: 1.2889 (Cls: 1.2970, TAL: -0.2076, Adv: 0.0030) | Train Acc: 0.8438 | Val Acc: 0.7692 | Val P/R/F1 (Macro): 0.8796/0.8500/0.8235 | LR: 0.000002
Epoch [59/100] | Loss: 1.1553 (Cls: 1.1629, TAL: -0.1931, Adv: 0.0024) | Train Acc: 0.9688 | Val Acc: 0.8462 | Val P/R/F1 (Macro): 0.8968/0.8792/0.8563 | LR: 0.000002
Epoch [60/100] | Loss: 1.2285 (Cls: 1.2363, TAL: -0.1971, Adv: 0.0026) | Train Acc: 0.8958 | Val Acc: 0.8077 | Val P/R/F1 (Macro): 0.8819/0.8708/0.8481 | LR: 0.000001
Epoch [61/100] | Loss: 1.1937 (Cls: 1.2008, TAL: -0.1813, Adv: 0.0029) | Train Acc: 0.9062 | Val Acc: 0.9231 | Val P/R/F1 (Macro): 0.9389/0.9333/0.9247 | LR: 0.000001
  >>> New Best Val Acc: 0.9231
Epoch [62/100] | Loss: 1.2868 (Cls: 1.2949, TAL: -0.2082, Adv: 0.0050) | Train Acc: 0.8750 | Val Acc: 0.8462 | Val P/R/F1 (Macro): 0.9008/0.8917/0.8739 | LR: 0.000001
Epoch [63/100] | Loss: 1.1732 (Cls: 1.1792, TAL: -0.1539, Adv: 0.0036) | Train Acc: 0.9375 | Val Acc: 0.8846 | Val P/R/F1 (Macro): 0.9286/0.9125/0.9018 | LR: 0.000001
Epoch [64/100] | Loss: 1.2791 (Cls: 1.2869, TAL: -0.1977, Adv: 0.0023) | Train Acc: 0.8854 | Val Acc: 0.8846 | Val P/R/F1 (Macro): 0.9286/0.9125/0.9018 | LR: 0.000001
Epoch [65/100] | Loss: 1.1886 (Cls: 1.1965, TAL: -0.2008, Adv: 0.0023) | Train Acc: 0.9167 | Val Acc: 0.8846 | Val P/R/F1 (Macro): 0.9286/0.9125/0.9018 | LR: 0.000001
Epoch [66/100] | Loss: 1.2059 (Cls: 1.2159, TAL: -0.2524, Adv: 0.0022) | Train Acc: 0.9167 | Val Acc: 0.8846 | Val P/R/F1 (Macro): 0.9286/0.9125/0.9018 | LR: 0.000001
Epoch [67/100] | Loss: 1.2426 (Cls: 1.2544, TAL: -0.3000, Adv: 0.0027) | Train Acc: 0.8646 | Val Acc: 0.8077 | Val P/R/F1 (Macro): 0.8889/0.8583/0.8341 | LR: 0.000001
Epoch [68/100] | Loss: 1.1966 (Cls: 1.2065, TAL: -0.2513, Adv: 0.0022) | Train Acc: 0.8958 | Val Acc: 0.8462 | Val P/R/F1 (Macro): 0.9008/0.8792/0.8569 | LR: 0.000001
Epoch [69/100] | Loss: 1.1646 (Cls: 1.1720, TAL: -0.1870, Adv: 0.0017) | Train Acc: 0.9271 | Val Acc: 0.8846 | Val P/R/F1 (Macro): 0.9286/0.9125/0.9018 | LR: 0.000001
Epoch [70/100] | Loss: 1.1021 (Cls: 1.1124, TAL: -0.2614, Adv: 0.0026) | Train Acc: 0.9271 | Val Acc: 0.8846 | Val P/R/F1 (Macro): 0.9286/0.9125/0.9018 | LR: 0.000001
Epoch [71/100] | Loss: 1.1594 (Cls: 1.1694, TAL: -0.2525, Adv: 0.0028) | Train Acc: 0.9062 | Val Acc: 0.8846 | Val P/R/F1 (Macro): 0.9286/0.9125/0.9018 | LR: 0.000001
Epoch [72/100] | Loss: 1.1408 (Cls: 1.1487, TAL: -0.2019, Adv: 0.0018) | Train Acc: 0.9271 | Val Acc: 0.8846 | Val P/R/F1 (Macro): 0.9286/0.9125/0.9018 | LR: 0.000001
Epoch [73/100] | Loss: 1.2827 (Cls: 1.2970, TAL: -0.3598, Adv: 0.0017) | Train Acc: 0.8854 | Val Acc: 0.7692 | Val P/R/F1 (Macro): 0.8796/0.8375/0.8109 | LR: 0.000001
Epoch [74/100] | Loss: 1.1301 (Cls: 1.1406, TAL: -0.2654, Adv: 0.0014) | Train Acc: 0.9271 | Val Acc: 0.8077 | Val P/R/F1 (Macro): 0.8889/0.8583/0.8341 | LR: 0.000001
Epoch [75/100] | Loss: 1.2949 (Cls: 1.3046, TAL: -0.2454, Adv: 0.0015) | Train Acc: 0.8438 | Val Acc: 0.8462 | Val P/R/F1 (Macro): 0.9008/0.8792/0.8569 | LR: 0.000001
Epoch [76/100] | Loss: 1.1946 (Cls: 1.2053, TAL: -0.2693, Adv: 0.0018) | Train Acc: 0.9375 | Val Acc: 0.8462 | Val P/R/F1 (Macro): 0.9008/0.8792/0.8569 | LR: 0.000001
Epoch [77/100] | Loss: 1.1628 (Cls: 1.1730, TAL: -0.2563, Adv: 0.0015) | Train Acc: 0.9375 | Val Acc: 0.7692 | Val P/R/F1 (Macro): 0.8796/0.8375/0.8109 | LR: 0.000001
Epoch [78/100] | Loss: 1.1002 (Cls: 1.1103, TAL: -0.2546, Adv: 0.0021) | Train Acc: 0.9583 | Val Acc: 0.8462 | Val P/R/F1 (Macro): 0.9008/0.8792/0.8569 | LR: 0.000001
Epoch [79/100] | Loss: 1.2041 (Cls: 1.2129, TAL: -0.2234, Adv: 0.0017) | Train Acc: 0.9167 | Val Acc: 0.8462 | Val P/R/F1 (Macro): 0.9008/0.8792/0.8569 | LR: 0.000001
Epoch [80/100] | Loss: 1.1420 (Cls: 1.1511, TAL: -0.2301, Adv: 0.0017) | Train Acc: 0.9792 | Val Acc: 0.8846 | Val P/R/F1 (Macro): 0.9286/0.9125/0.9018 | LR: 0.000001
Epoch [81/100] | Loss: 1.1796 (Cls: 1.1879, TAL: -0.2090, Adv: 0.0016) | Train Acc: 0.9375 | Val Acc: 0.8462 | Val P/R/F1 (Macro): 0.9008/0.8792/0.8569 | LR: 0.000001
Epoch [82/100] | Loss: 1.1177 (Cls: 1.1261, TAL: -0.2108, Adv: 0.0017) | Train Acc: 0.9688 | Val Acc: 0.8846 | Val P/R/F1 (Macro): 0.9286/0.9125/0.9018 | LR: 0.000001
Epoch [83/100] | Loss: 1.1612 (Cls: 1.1717, TAL: -0.2666, Adv: 0.0023) | Train Acc: 0.9271 | Val Acc: 0.8462 | Val P/R/F1 (Macro): 0.9008/0.8792/0.8569 | LR: 0.000001
Epoch [84/100] | Loss: 1.1389 (Cls: 1.1503, TAL: -0.2871, Adv: 0.0018) | Train Acc: 0.9062 | Val Acc: 0.8846 | Val P/R/F1 (Macro): 0.9286/0.9125/0.9018 | LR: 0.000001
Epoch [85/100] | Loss: 1.1991 (Cls: 1.2064, TAL: -0.1824, Adv: 0.0012) | Train Acc: 0.9167 | Val Acc: 0.8462 | Val P/R/F1 (Macro): 0.9008/0.8792/0.8569 | LR: 0.000001
Epoch [86/100] | Loss: 1.0892 (Cls: 1.0980, TAL: -0.2227, Adv: 0.0016) | Train Acc: 0.9583 | Val Acc: 0.8077 | Val P/R/F1 (Macro): 0.8889/0.8583/0.8341 | LR: 0.000001
Epoch [87/100] | Loss: 1.0903 (Cls: 1.1005, TAL: -0.2583, Adv: 0.0013) | Train Acc: 0.9792 | Val Acc: 0.8846 | Val P/R/F1 (Macro): 0.9286/0.9125/0.9018 | LR: 0.000001
Epoch [88/100] | Loss: 1.1401 (Cls: 1.1473, TAL: -0.1813, Adv: 0.0017) | Train Acc: 0.9375 | Val Acc: 0.8846 | Val P/R/F1 (Macro): 0.9286/0.9125/0.9018 | LR: 0.000001
Epoch [89/100] | Loss: 1.2143 (Cls: 1.2244, TAL: -0.2535, Adv: 0.0016) | Train Acc: 0.9167 | Val Acc: 0.8846 | Val P/R/F1 (Macro): 0.9286/0.9125/0.9018 | LR: 0.000001
Epoch [90/100] | Loss: 1.1200 (Cls: 1.1282, TAL: -0.2085, Adv: 0.0012) | Train Acc: 0.9479 | Val Acc: 0.8846 | Val P/R/F1 (Macro): 0.9286/0.9125/0.9018 | LR: 0.000001
Epoch [91/100] | Loss: 1.1166 (Cls: 1.1235, TAL: -0.1747, Adv: 0.0013) | Train Acc: 0.9583 | Val Acc: 0.8846 | Val P/R/F1 (Macro): 0.9286/0.9125/0.9018 | LR: 0.000001
Epoch [92/100] | Loss: 1.1386 (Cls: 1.1497, TAL: -0.2796, Adv: 0.0015) | Train Acc: 0.9479 | Val Acc: 0.8846 | Val P/R/F1 (Macro): 0.9286/0.9125/0.9018 | LR: 0.000001
Epoch [93/100] | Loss: 1.1473 (Cls: 1.1562, TAL: -0.2231, Adv: 0.0012) | Train Acc: 0.9167 | Val Acc: 0.8846 | Val P/R/F1 (Macro): 0.9286/0.9125/0.9018 | LR: 0.000001
Epoch [94/100] | Loss: 1.2569 (Cls: 1.2670, TAL: -0.2553, Adv: 0.0014) | Train Acc: 0.8750 | Val Acc: 0.8846 | Val P/R/F1 (Macro): 0.9286/0.9125/0.9018 | LR: 0.000001
Epoch [95/100] | Loss: 1.1838 (Cls: 1.1946, TAL: -0.2710, Adv: 0.0012) | Train Acc: 0.9062 | Val Acc: 0.8462 | Val P/R/F1 (Macro): 0.9167/0.8917/0.8790 | LR: 0.000001
Epoch [96/100] | Loss: 1.2167 (Cls: 1.2260, TAL: -0.2355, Adv: 0.0015) | Train Acc: 0.9375 | Val Acc: 0.8077 | Val P/R/F1 (Macro): 0.8889/0.8583/0.8341 | LR: 0.000001
Epoch [97/100] | Loss: 1.1635 (Cls: 1.1736, TAL: -0.2526, Adv: 0.0013) | Train Acc: 0.9167 | Val Acc: 0.8077 | Val P/R/F1 (Macro): 0.8889/0.8583/0.8341 | LR: 0.000001
Epoch [98/100] | Loss: 1.1782 (Cls: 1.1885, TAL: -0.2574, Adv: 0.0013) | Train Acc: 0.9062 | Val Acc: 0.8077 | Val P/R/F1 (Macro): 0.8889/0.8583/0.8341 | LR: 0.000001
Epoch [99/100] | Loss: 1.1519 (Cls: 1.1606, TAL: -0.2181, Adv: 0.0012) | Train Acc: 0.9375 | Val Acc: 0.8846 | Val P/R/F1 (Macro): 0.9286/0.9125/0.9018 | LR: 0.000001
Epoch [100/100] | Loss: 1.0706 (Cls: 1.0796, TAL: -0.2251, Adv: 0.0014) | Train Acc: 0.9583 | Val Acc: 0.8846 | Val P/R/F1 (Macro): 0.9286/0.9125/0.9018 | LR: 0.000001
Report strategy: last_window, window=10, reported_acc=0.8577, best_acc=0.9231

迭代 5 报告指标:
  Accuracy: 0.8577
  Precision (Macro): 0.9155
  Recall (Macro): 0.8942
  F1 (Macro): 0.8792
  Precision (Micro): 0.8577
  Recall (Micro): 0.8577
  F1 (Micro): 0.8577
  Val class coverage: 6/14 (0.4286), samples=26

================================================================================
5次迭代统计结果
================================================================================

accuracy:
  各迭代值: ['0.9423', '0.9808', '0.7731', '0.7308', '0.8577']
  均值 (Mean): 0.8569
  标准差 (Std): 0.0955

precision_macro:
  各迭代值: ['0.9568', '0.9833', '0.8493', '0.7695', '0.9155']
  均值 (Mean): 0.8949
  标准差 (Std): 0.0773

recall_macro:
  各迭代值: ['0.9500', '0.9858', '0.8671', '0.7488', '0.8942']
  均值 (Mean): 0.8892
  标准差 (Std): 0.0816

f1_macro:
  各迭代值: ['0.9456', '0.9830', '0.8092', '0.7211', '0.8792']
  均值 (Mean): 0.8676
  标准差 (Std): 0.0942

precision_micro:
  各迭代值: ['0.9423', '0.9808', '0.7731', '0.7308', '0.8577']
  均值 (Mean): 0.8569
  标准差 (Std): 0.0955

recall_micro:
  各迭代值: ['0.9423', '0.9808', '0.7731', '0.7308', '0.8577']
  均值 (Mean): 0.8569
  标准差 (Std): 0.0955

f1_micro:
  各迭代值: ['0.9423', '0.9808', '0.7731', '0.7308', '0.8577']
  均值 (Mean): 0.8569
  标准差 (Std): 0.0955

val_class_coverage:
  各迭代值: ['0.4286', '0.4286', '0.4286', '0.4286', '0.4286']
  均值 (Mean): 0.4286
  标准差 (Std): 0.0000

val_present_classes:
  各迭代值: ['6.0000', '6.0000', '6.0000', '6.0000', '6.0000']
  均值 (Mean): 6.0000
  标准差 (Std): 0.0000

val_total_classes:
  各迭代值: ['14.0000', '14.0000', '14.0000', '14.0000', '14.0000']
  均值 (Mean): 14.0000
  标准差 (Std): 0.0000

val_samples:
  各迭代值: ['26.0000', '26.0000', '26.0000', '26.0000', '26.0000']
  均值 (Mean): 26.0000
  标准差 (Std): 0.0000

训练结束时间: 2026-07-17 19:40:05
================================================================================

[Batch 1/1] with Tensor + w/o OT, target=雨天

================================================================================
模块消融实验完成，结果汇总:
================================================================================
01. with Tensor + w/o OT | target=雨天 | Accuracy: 0.8569 ± 0.0955
================================================================================
