COMMAND: /home/lixiang/envs/lx_pytorch/bin/python module_ablation.py --source_root /home/lixiang/lx/Data/晴天 --target_root /home/lixiang/lx/Data/逆光 --ablation_mode with_tensor_no_ot --num_iterations 5 --epochs 100 --batch_size 32 --target_label_ratio 0.35 --target_cls_weight 0.5 --report_strategy last_window --report_window 10
CWD: /home/lixiang/lx/JMDA/Ablation
================================================================================
================================================================================
模块消融实验 - with_tensor_without_ot
目标域天气: 逆光
训练开始时间: 2026-07-17 18:38:11
设备: cuda
源域: /home/lixiang/lx/Data/晴天
目标域: /home/lixiang/lx/Data/逆光
批次大小: 32
总轮数: 100
迭代次数: 5
使用Tensor模块: 是
使用OT模块: 否
特征融合方式: Tensor对齐
域对齐方式: 常规对抗
目标标签比例/权重: 0.28/0.45
Tensor/Adv损失权重: 0.04/0.05
学习率: feature=8e-06, other=0.00022, weight_decay=0.0004
报告策略: last_window, 窗口: 10
================================================================================

================================================================================
迭代 1/5
随机种子: 42
================================================================================
Training mode: unpaired target adaptation with controlled target-label loss (ratio=0.28, weight=0.45).
Fixed labeled target subset: 36/128 samples.
/home/lixiang/envs/lx_pytorch/lib/python3.11/site-packages/torch/cuda/__init__.py:235: UserWarning: 
NVIDIA GeForce RTX 5090 with CUDA capability sm_120 is not compatible with the current PyTorch installation.
The current PyTorch install supports CUDA capabilities sm_50 sm_60 sm_61 sm_70 sm_75 sm_80 sm_86 sm_89 sm_90 compute_90.
If you want to use the NVIDIA GeForce RTX 5090 GPU with PyTorch, please check the instructions at https://pytorch.org/get-started/locally/

  warnings.warn(
INFO:Tensor:参数初始化完成：正交初始化
Feature fusion: Tensor alignment (512+512 -> 128+128); fused_dim=256
Domain adaptation: standard source-target adversarial training, no generator
Loss weights: tensor=0.04, adv=0.05
Epoch [1/100] | Loss: 4.4490 (Cls: 4.3917, TAL: 0.2560, Adv: 0.9406) | Train Acc: 0.1484 | Val Acc: 0.1389 | Val P/R/F1 (Macro): 0.0767/0.1028/0.0564 | LR: 0.000008
  >>> New Best Val Acc: 0.1389
Epoch [2/100] | Loss: 3.5949 (Cls: 3.5565, TAL: 0.4321, Adv: 0.4219) | Train Acc: 0.1953 | Val Acc: 0.1389 | Val P/R/F1 (Macro): 0.0154/0.1111/0.0271 | LR: 0.000008
Epoch [3/100] | Loss: 3.2991 (Cls: 3.2722, TAL: 0.3514, Adv: 0.2567) | Train Acc: 0.2422 | Val Acc: 0.1667 | Val P/R/F1 (Macro): 0.1259/0.1444/0.0995 | LR: 0.000008
  >>> New Best Val Acc: 0.1667
Epoch [4/100] | Loss: 3.1329 (Cls: 3.1114, TAL: 0.3801, Adv: 0.1261) | Train Acc: 0.2812 | Val Acc: 0.2500 | Val P/R/F1 (Macro): 0.1146/0.2389/0.1425 | LR: 0.000008
  >>> New Best Val Acc: 0.2500
Epoch [5/100] | Loss: 2.7763 (Cls: 2.7565, TAL: 0.3712, Adv: 0.0981) | Train Acc: 0.4688 | Val Acc: 0.4167 | Val P/R/F1 (Macro): 0.2851/0.3407/0.2610 | LR: 0.000008
  >>> New Best Val Acc: 0.4167
Epoch [6/100] | Loss: 2.7349 (Cls: 2.7152, TAL: 0.4026, Adv: 0.0733) | Train Acc: 0.4219 | Val Acc: 0.6111 | Val P/R/F1 (Macro): 0.5463/0.5944/0.5376 | LR: 0.000008
  >>> New Best Val Acc: 0.6111
Epoch [7/100] | Loss: 2.5250 (Cls: 2.5072, TAL: 0.4014, Adv: 0.0333) | Train Acc: 0.4922 | Val Acc: 0.5556 | Val P/R/F1 (Macro): 0.5358/0.5528/0.5013 | LR: 0.000008
Epoch [8/100] | Loss: 2.5089 (Cls: 2.4918, TAL: 0.3793, Adv: 0.0390) | Train Acc: 0.5547 | Val Acc: 0.5278 | Val P/R/F1 (Macro): 0.6281/0.5380/0.5137 | LR: 0.000008
Epoch [9/100] | Loss: 2.4684 (Cls: 2.4527, TAL: 0.3675, Adv: 0.0207) | Train Acc: 0.5312 | Val Acc: 0.6944 | Val P/R/F1 (Macro): 0.6960/0.6861/0.6620 | LR: 0.000008
  >>> New Best Val Acc: 0.6944
Epoch [10/100] | Loss: 2.2171 (Cls: 2.2033, TAL: 0.3221, Adv: 0.0184) | Train Acc: 0.6328 | Val Acc: 0.7222 | Val P/R/F1 (Macro): 0.7176/0.7194/0.6883 | LR: 0.000008
  >>> New Best Val Acc: 0.7222
Epoch [11/100] | Loss: 2.0309 (Cls: 2.0166, TAL: 0.3439, Adv: 0.0105) | Train Acc: 0.6953 | Val Acc: 0.6667 | Val P/R/F1 (Macro): 0.5765/0.6083/0.5686 | LR: 0.000008
Epoch [12/100] | Loss: 2.1675 (Cls: 2.1558, TAL: 0.2741, Adv: 0.0130) | Train Acc: 0.6172 | Val Acc: 0.6667 | Val P/R/F1 (Macro): 0.7108/0.6157/0.6071 | LR: 0.000008
Epoch [13/100] | Loss: 2.0146 (Cls: 2.0029, TAL: 0.2821, Adv: 0.0071) | Train Acc: 0.6172 | Val Acc: 0.4722 | Val P/R/F1 (Macro): 0.5429/0.5407/0.4511 | LR: 0.000008
Epoch [14/100] | Loss: 1.9675 (Cls: 1.9555, TAL: 0.2869, Adv: 0.0096) | Train Acc: 0.5859 | Val Acc: 0.4722 | Val P/R/F1 (Macro): 0.5811/0.5167/0.4689 | LR: 0.000008
Epoch [15/100] | Loss: 1.8357 (Cls: 1.8270, TAL: 0.2101, Adv: 0.0068) | Train Acc: 0.7266 | Val Acc: 0.7222 | Val P/R/F1 (Macro): 0.7352/0.7102/0.6660 | LR: 0.000008
Epoch [16/100] | Loss: 1.7690 (Cls: 1.7601, TAL: 0.2152, Adv: 0.0055) | Train Acc: 0.7500 | Val Acc: 0.7500 | Val P/R/F1 (Macro): 0.7938/0.7935/0.7409 | LR: 0.000008
  >>> New Best Val Acc: 0.7500
Epoch [17/100] | Loss: 1.6573 (Cls: 1.6523, TAL: 0.1180, Adv: 0.0041) | Train Acc: 0.7578 | Val Acc: 0.8056 | Val P/R/F1 (Macro): 0.8874/0.8583/0.8580 | LR: 0.000008
  >>> New Best Val Acc: 0.8056
Epoch [18/100] | Loss: 1.4852 (Cls: 1.4784, TAL: 0.1639, Adv: 0.0043) | Train Acc: 0.8047 | Val Acc: 0.7222 | Val P/R/F1 (Macro): 0.7407/0.6824/0.6701 | LR: 0.000008
Epoch [19/100] | Loss: 1.6604 (Cls: 1.6566, TAL: 0.0891, Adv: 0.0042) | Train Acc: 0.7266 | Val Acc: 0.8611 | Val P/R/F1 (Macro): 0.9160/0.8935/0.8940 | LR: 0.000008
  >>> New Best Val Acc: 0.8611
Epoch [20/100] | Loss: 1.5352 (Cls: 1.5318, TAL: 0.0765, Adv: 0.0054) | Train Acc: 0.7812 | Val Acc: 0.8333 | Val P/R/F1 (Macro): 0.7985/0.7917/0.7870 | LR: 0.000008
Epoch [21/100] | Loss: 1.4956 (Cls: 1.4936, TAL: 0.0468, Adv: 0.0035) | Train Acc: 0.7891 | Val Acc: 0.8333 | Val P/R/F1 (Macro): 0.8079/0.8009/0.7783 | LR: 0.000008
Epoch [22/100] | Loss: 1.4517 (Cls: 1.4518, TAL: -0.0077, Adv: 0.0039) | Train Acc: 0.8047 | Val Acc: 0.8056 | Val P/R/F1 (Macro): 0.7407/0.7750/0.7278 | LR: 0.000008
Epoch [23/100] | Loss: 1.4352 (Cls: 1.4350, TAL: 0.0010, Adv: 0.0036) | Train Acc: 0.8594 | Val Acc: 0.7500 | Val P/R/F1 (Macro): 0.7349/0.6898/0.6779 | LR: 0.000008
Epoch [24/100] | Loss: 1.3653 (Cls: 1.3655, TAL: -0.0104, Adv: 0.0030) | Train Acc: 0.8281 | Val Acc: 0.7500 | Val P/R/F1 (Macro): 0.5926/0.6713/0.6049 | LR: 0.000008
Epoch [25/100] | Loss: 1.4747 (Cls: 1.4716, TAL: 0.0748, Adv: 0.0033) | Train Acc: 0.8047 | Val Acc: 0.7500 | Val P/R/F1 (Macro): 0.7720/0.7269/0.7190 | LR: 0.000008
Epoch [26/100] | Loss: 1.4281 (Cls: 1.4260, TAL: 0.0448, Adv: 0.0053) | Train Acc: 0.7812 | Val Acc: 0.8056 | Val P/R/F1 (Macro): 0.7738/0.7639/0.7571 | LR: 0.000008
Epoch [27/100] | Loss: 1.3588 (Cls: 1.3561, TAL: 0.0629, Adv: 0.0043) | Train Acc: 0.8594 | Val Acc: 0.8889 | Val P/R/F1 (Macro): 0.8083/0.8343/0.8180 | LR: 0.000008
  >>> New Best Val Acc: 0.8889
Epoch [28/100] | Loss: 1.4107 (Cls: 1.4096, TAL: 0.0187, Adv: 0.0060) | Train Acc: 0.8047 | Val Acc: 0.8333 | Val P/R/F1 (Macro): 0.7324/0.7843/0.7338 | LR: 0.000008
Epoch [29/100] | Loss: 1.1591 (Cls: 1.1552, TAL: 0.0921, Adv: 0.0037) | Train Acc: 0.9141 | Val Acc: 0.8056 | Val P/R/F1 (Macro): 0.7666/0.7657/0.7449 | LR: 0.000008
Epoch [30/100] | Loss: 1.3865 (Cls: 1.3827, TAL: 0.0885, Adv: 0.0047) | Train Acc: 0.8125 | Val Acc: 0.8333 | Val P/R/F1 (Macro): 0.7772/0.7843/0.7651 | LR: 0.000008
Epoch [31/100] | Loss: 1.3426 (Cls: 1.3364, TAL: 0.1509, Adv: 0.0029) | Train Acc: 0.8516 | Val Acc: 0.8056 | Val P/R/F1 (Macro): 0.7586/0.7472/0.7411 | LR: 0.000008
Epoch [32/100] | Loss: 1.3386 (Cls: 1.3321, TAL: 0.1599, Adv: 0.0028) | Train Acc: 0.8203 | Val Acc: 0.8056 | Val P/R/F1 (Macro): 0.7952/0.8056/0.7780 | LR: 0.000008
Epoch [33/100] | Loss: 1.2871 (Cls: 1.2806, TAL: 0.1598, Adv: 0.0027) | Train Acc: 0.8984 | Val Acc: 0.7778 | Val P/R/F1 (Macro): 0.7672/0.7037/0.6952 | LR: 0.000008
Epoch [34/100] | Loss: 1.3334 (Cls: 1.3306, TAL: 0.0639, Adv: 0.0060) | Train Acc: 0.8281 | Val Acc: 0.9167 | Val P/R/F1 (Macro): 0.9037/0.9444/0.9088 | LR: 0.000008
  >>> New Best Val Acc: 0.9167
Epoch [35/100] | Loss: 1.1779 (Cls: 1.1738, TAL: 0.0968, Adv: 0.0029) | Train Acc: 0.8828 | Val Acc: 0.9722 | Val P/R/F1 (Macro): 0.9778/0.9861/0.9802 | LR: 0.000008
  >>> New Best Val Acc: 0.9722
Epoch [36/100] | Loss: 1.2039 (Cls: 1.1970, TAL: 0.1653, Adv: 0.0042) | Train Acc: 0.9219 | Val Acc: 0.7222 | Val P/R/F1 (Macro): 0.8358/0.7769/0.7507 | LR: 0.000008
Epoch [37/100] | Loss: 1.1694 (Cls: 1.1627, TAL: 0.1643, Adv: 0.0031) | Train Acc: 0.8906 | Val Acc: 0.8056 | Val P/R/F1 (Macro): 0.8574/0.8509/0.8090 | LR: 0.000008
Epoch [38/100] | Loss: 1.2755 (Cls: 1.2712, TAL: 0.1014, Adv: 0.0051) | Train Acc: 0.8906 | Val Acc: 0.7778 | Val P/R/F1 (Macro): 0.7593/0.7380/0.7278 | LR: 0.000008
Epoch [39/100] | Loss: 1.2565 (Cls: 1.2510, TAL: 0.1323, Adv: 0.0052) | Train Acc: 0.8750 | Val Acc: 0.8333 | Val P/R/F1 (Macro): 0.8898/0.8769/0.8677 | LR: 0.000008
Epoch [40/100] | Loss: 1.2928 (Cls: 1.2886, TAL: 0.1011, Adv: 0.0042) | Train Acc: 0.8516 | Val Acc: 0.8333 | Val P/R/F1 (Macro): 0.7556/0.7972/0.7531 | LR: 0.000008
Epoch [41/100] | Loss: 1.2454 (Cls: 1.2414, TAL: 0.0966, Adv: 0.0032) | Train Acc: 0.8750 | Val Acc: 0.8056 | Val P/R/F1 (Macro): 0.7549/0.7602/0.7374 | LR: 0.000008
Epoch [42/100] | Loss: 1.0699 (Cls: 1.0650, TAL: 0.1151, Adv: 0.0055) | Train Acc: 0.9688 | Val Acc: 0.8056 | Val P/R/F1 (Macro): 0.8167/0.8667/0.8199 | LR: 0.000008
Epoch [43/100] | Loss: 1.1006 (Cls: 1.0987, TAL: 0.0426, Adv: 0.0032) | Train Acc: 0.9766 | Val Acc: 0.8333 | Val P/R/F1 (Macro): 0.8500/0.8944/0.8512 | LR: 0.000008
Epoch [44/100] | Loss: 1.0794 (Cls: 1.0772, TAL: 0.0495, Adv: 0.0044) | Train Acc: 0.9219 | Val Acc: 0.7778 | Val P/R/F1 (Macro): 0.8889/0.8343/0.8337 | LR: 0.000008
Epoch [45/100] | Loss: 1.2024 (Cls: 1.1986, TAL: 0.0908, Adv: 0.0035) | Train Acc: 0.8750 | Val Acc: 0.7222 | Val P/R/F1 (Macro): 0.7630/0.6815/0.6647 | LR: 0.000008
Epoch [46/100] | Loss: 1.2632 (Cls: 1.2596, TAL: 0.0845, Adv: 0.0036) | Train Acc: 0.8750 | Val Acc: 0.8889 | Val P/R/F1 (Macro): 0.9231/0.9083/0.9083 | LR: 0.000004
Epoch [47/100] | Loss: 1.1083 (Cls: 1.1026, TAL: 0.1377, Adv: 0.0028) | Train Acc: 0.9375 | Val Acc: 0.9167 | Val P/R/F1 (Macro): 0.9556/0.9407/0.9407 | LR: 0.000004
Epoch [48/100] | Loss: 1.1363 (Cls: 1.1309, TAL: 0.1333, Adv: 0.0030) | Train Acc: 0.9297 | Val Acc: 0.8611 | Val P/R/F1 (Macro): 0.9086/0.8991/0.8954 | LR: 0.000004
Epoch [49/100] | Loss: 1.1506 (Cls: 1.1475, TAL: 0.0734, Adv: 0.0019) | Train Acc: 0.9062 | Val Acc: 0.8611 | Val P/R/F1 (Macro): 0.9086/0.8991/0.8954 | LR: 0.000004
Epoch [50/100] | Loss: 1.0782 (Cls: 1.0747, TAL: 0.0866, Adv: 0.0018) | Train Acc: 0.9688 | Val Acc: 0.8611 | Val P/R/F1 (Macro): 0.9086/0.8991/0.8954 | LR: 0.000004
Epoch [51/100] | Loss: 1.0635 (Cls: 1.0597, TAL: 0.0922, Adv: 0.0015) | Train Acc: 0.9453 | Val Acc: 0.8611 | Val P/R/F1 (Macro): 0.9086/0.8991/0.8954 | LR: 0.000004
Epoch [52/100] | Loss: 1.0147 (Cls: 1.0101, TAL: 0.1107, Adv: 0.0028) | Train Acc: 0.9844 | Val Acc: 0.8611 | Val P/R/F1 (Macro): 0.8907/0.8898/0.8728 | LR: 0.000004
Epoch [53/100] | Loss: 1.0396 (Cls: 1.0374, TAL: 0.0504, Adv: 0.0031) | Train Acc: 0.9531 | Val Acc: 0.8611 | Val P/R/F1 (Macro): 0.8907/0.8898/0.8728 | LR: 0.000004
Epoch [54/100] | Loss: 1.0780 (Cls: 1.0754, TAL: 0.0623, Adv: 0.0017) | Train Acc: 0.9609 | Val Acc: 0.8333 | Val P/R/F1 (Macro): 0.8667/0.8528/0.8435 | LR: 0.000004
Epoch [55/100] | Loss: 1.1241 (Cls: 1.1219, TAL: 0.0520, Adv: 0.0021) | Train Acc: 0.9141 | Val Acc: 0.8056 | Val P/R/F1 (Macro): 0.8568/0.8343/0.8291 | LR: 0.000004
Epoch [56/100] | Loss: 0.9989 (Cls: 0.9956, TAL: 0.0810, Adv: 0.0016) | Train Acc: 0.9766 | Val Acc: 0.8611 | Val P/R/F1 (Macro): 0.9031/0.8991/0.8894 | LR: 0.000004
Epoch [57/100] | Loss: 1.0510 (Cls: 1.0469, TAL: 0.0994, Adv: 0.0027) | Train Acc: 0.9766 | Val Acc: 0.8611 | Val P/R/F1 (Macro): 0.8563/0.9037/0.8619 | LR: 0.000002
Epoch [58/100] | Loss: 1.0546 (Cls: 1.0502, TAL: 0.1074, Adv: 0.0027) | Train Acc: 0.9375 | Val Acc: 0.8889 | Val P/R/F1 (Macro): 0.9309/0.9269/0.9211 | LR: 0.000002
Epoch [59/100] | Loss: 1.0293 (Cls: 1.0256, TAL: 0.0886, Adv: 0.0019) | Train Acc: 0.9688 | Val Acc: 0.8889 | Val P/R/F1 (Macro): 0.9309/0.9269/0.9211 | LR: 0.000002
Epoch [60/100] | Loss: 1.0211 (Cls: 1.0173, TAL: 0.0926, Adv: 0.0020) | Train Acc: 0.9766 | Val Acc: 0.8889 | Val P/R/F1 (Macro): 0.9309/0.9269/0.9211 | LR: 0.000002
Epoch [61/100] | Loss: 1.0260 (Cls: 1.0211, TAL: 0.1202, Adv: 0.0017) | Train Acc: 0.9688 | Val Acc: 0.8611 | Val P/R/F1 (Macro): 0.9086/0.8991/0.8954 | LR: 0.000002
Epoch [62/100] | Loss: 1.0521 (Cls: 1.0465, TAL: 0.1377, Adv: 0.0013) | Train Acc: 0.9609 | Val Acc: 0.8611 | Val P/R/F1 (Macro): 0.9086/0.8991/0.8954 | LR: 0.000002
Epoch [63/100] | Loss: 1.0648 (Cls: 1.0602, TAL: 0.1142, Adv: 0.0017) | Train Acc: 0.9531 | Val Acc: 0.8333 | Val P/R/F1 (Macro): 0.8500/0.8852/0.8502 | LR: 0.000002
Epoch [64/100] | Loss: 1.0430 (Cls: 1.0392, TAL: 0.0944, Adv: 0.0018) | Train Acc: 0.9453 | Val Acc: 0.8611 | Val P/R/F1 (Macro): 0.9086/0.8991/0.8954 | LR: 0.000002
Epoch [65/100] | Loss: 1.0127 (Cls: 1.0086, TAL: 0.1007, Adv: 0.0010) | Train Acc: 0.9688 | Val Acc: 0.8333 | Val P/R/F1 (Macro): 0.8938/0.8806/0.8725 | LR: 0.000002
Epoch [66/100] | Loss: 1.1060 (Cls: 1.1038, TAL: 0.0521, Adv: 0.0017) | Train Acc: 0.9219 | Val Acc: 0.8333 | Val P/R/F1 (Macro): 0.8938/0.8806/0.8725 | LR: 0.000002
Epoch [67/100] | Loss: 1.0024 (Cls: 1.0015, TAL: 0.0209, Adv: 0.0015) | Train Acc: 0.9766 | Val Acc: 0.8333 | Val P/R/F1 (Macro): 0.8938/0.8806/0.8725 | LR: 0.000002
Epoch [68/100] | Loss: 1.0237 (Cls: 1.0209, TAL: 0.0683, Adv: 0.0018) | Train Acc: 0.9766 | Val Acc: 0.8333 | Val P/R/F1 (Macro): 0.8938/0.8806/0.8725 | LR: 0.000001
Epoch [69/100] | Loss: 1.0264 (Cls: 1.0225, TAL: 0.0966, Adv: 0.0010) | Train Acc: 0.9766 | Val Acc: 0.8333 | Val P/R/F1 (Macro): 0.8938/0.8806/0.8725 | LR: 0.000001
Epoch [70/100] | Loss: 1.1267 (Cls: 1.1220, TAL: 0.1183, Adv: 0.0009) | Train Acc: 0.9375 | Val Acc: 0.8611 | Val P/R/F1 (Macro): 0.9086/0.8991/0.8954 | LR: 0.000001
Epoch [71/100] | Loss: 1.0079 (Cls: 1.0037, TAL: 0.1016, Adv: 0.0015) | Train Acc: 0.9766 | Val Acc: 0.8611 | Val P/R/F1 (Macro): 0.9031/0.8991/0.8958 | LR: 0.000001
Epoch [72/100] | Loss: 1.0103 (Cls: 1.0099, TAL: 0.0070, Adv: 0.0011) | Train Acc: 0.9531 | Val Acc: 0.8611 | Val P/R/F1 (Macro): 0.9031/0.8991/0.8958 | LR: 0.000001
Epoch [73/100] | Loss: 1.0293 (Cls: 1.0264, TAL: 0.0706, Adv: 0.0017) | Train Acc: 0.9453 | Val Acc: 0.8611 | Val P/R/F1 (Macro): 0.9031/0.8991/0.8958 | LR: 0.000001
Epoch [74/100] | Loss: 1.0331 (Cls: 1.0296, TAL: 0.0857, Adv: 0.0016) | Train Acc: 0.9375 | Val Acc: 0.8333 | Val P/R/F1 (Macro): 0.8938/0.8806/0.8725 | LR: 0.000001
Epoch [75/100] | Loss: 1.0688 (Cls: 1.0659, TAL: 0.0716, Adv: 0.0007) | Train Acc: 0.9609 | Val Acc: 0.8611 | Val P/R/F1 (Macro): 0.9086/0.8991/0.8954 | LR: 0.000001
Epoch [76/100] | Loss: 1.0288 (Cls: 1.0246, TAL: 0.1038, Adv: 0.0009) | Train Acc: 0.9531 | Val Acc: 0.8611 | Val P/R/F1 (Macro): 0.9086/0.8991/0.8954 | LR: 0.000001
Epoch [77/100] | Loss: 1.0111 (Cls: 1.0098, TAL: 0.0309, Adv: 0.0009) | Train Acc: 0.9688 | Val Acc: 0.8611 | Val P/R/F1 (Macro): 0.9086/0.8991/0.8954 | LR: 0.000001
Epoch [78/100] | Loss: 0.9864 (Cls: 0.9852, TAL: 0.0298, Adv: 0.0008) | Train Acc: 0.9688 | Val Acc: 0.8611 | Val P/R/F1 (Macro): 0.9031/0.8991/0.8958 | LR: 0.000001
Epoch [79/100] | Loss: 1.0337 (Cls: 1.0312, TAL: 0.0616, Adv: 0.0008) | Train Acc: 0.9453 | Val Acc: 0.8611 | Val P/R/F1 (Macro): 0.9086/0.8991/0.8954 | LR: 0.000001
Epoch [80/100] | Loss: 0.9997 (Cls: 0.9982, TAL: 0.0374, Adv: 0.0007) | Train Acc: 0.9844 | Val Acc: 0.8611 | Val P/R/F1 (Macro): 0.9086/0.8991/0.8954 | LR: 0.000001
Epoch [81/100] | Loss: 0.9848 (Cls: 0.9810, TAL: 0.0951, Adv: 0.0007) | Train Acc: 0.9688 | Val Acc: 0.8611 | Val P/R/F1 (Macro): 0.9086/0.8991/0.8954 | LR: 0.000001
Epoch [82/100] | Loss: 0.9578 (Cls: 0.9560, TAL: 0.0436, Adv: 0.0009) | Train Acc: 0.9844 | Val Acc: 0.8611 | Val P/R/F1 (Macro): 0.9086/0.8991/0.8954 | LR: 0.000001
Epoch [83/100] | Loss: 1.0148 (Cls: 1.0121, TAL: 0.0664, Adv: 0.0011) | Train Acc: 0.9766 | Val Acc: 0.8611 | Val P/R/F1 (Macro): 0.9086/0.8991/0.8954 | LR: 0.000001
Epoch [84/100] | Loss: 0.9866 (Cls: 0.9814, TAL: 0.1278, Adv: 0.0011) | Train Acc: 0.9922 | Val Acc: 0.8889 | Val P/R/F1 (Macro): 0.9309/0.9269/0.9211 | LR: 0.000001
Epoch [85/100] | Loss: 1.0381 (Cls: 1.0352, TAL: 0.0712, Adv: 0.0006) | Train Acc: 0.9453 | Val Acc: 0.8611 | Val P/R/F1 (Macro): 0.9086/0.8991/0.8954 | LR: 0.000001
Epoch [86/100] | Loss: 0.9654 (Cls: 0.9632, TAL: 0.0537, Adv: 0.0006) | Train Acc: 0.9922 | Val Acc: 0.8333 | Val P/R/F1 (Macro): 0.9000/0.8806/0.8755 | LR: 0.000001
Epoch [87/100] | Loss: 0.9823 (Cls: 0.9793, TAL: 0.0723, Adv: 0.0007) | Train Acc: 0.9766 | Val Acc: 0.8611 | Val P/R/F1 (Macro): 0.9086/0.8991/0.8954 | LR: 0.000001
Epoch [88/100] | Loss: 1.0234 (Cls: 1.0221, TAL: 0.0320, Adv: 0.0008) | Train Acc: 0.9609 | Val Acc: 0.8611 | Val P/R/F1 (Macro): 0.9086/0.8991/0.8954 | LR: 0.000001
Epoch [89/100] | Loss: 0.9767 (Cls: 0.9768, TAL: -0.0018, Adv: 0.0008) | Train Acc: 0.9844 | Val Acc: 0.8611 | Val P/R/F1 (Macro): 0.9031/0.8991/0.8958 | LR: 0.000001
Epoch [90/100] | Loss: 0.9648 (Cls: 0.9629, TAL: 0.0457, Adv: 0.0004) | Train Acc: 0.9766 | Val Acc: 0.8889 | Val P/R/F1 (Macro): 0.9309/0.9269/0.9211 | LR: 0.000001
Epoch [91/100] | Loss: 1.0354 (Cls: 1.0328, TAL: 0.0628, Adv: 0.0007) | Train Acc: 0.9688 | Val Acc: 0.8889 | Val P/R/F1 (Macro): 0.9309/0.9269/0.9211 | LR: 0.000001
Epoch [92/100] | Loss: 0.9602 (Cls: 0.9569, TAL: 0.0821, Adv: 0.0006) | Train Acc: 0.9844 | Val Acc: 0.8889 | Val P/R/F1 (Macro): 0.9309/0.9269/0.9211 | LR: 0.000001
Epoch [93/100] | Loss: 1.0001 (Cls: 0.9979, TAL: 0.0539, Adv: 0.0007) | Train Acc: 0.9688 | Val Acc: 0.8611 | Val P/R/F1 (Macro): 0.9086/0.8991/0.8954 | LR: 0.000001
Epoch [94/100] | Loss: 0.9896 (Cls: 0.9887, TAL: 0.0219, Adv: 0.0008) | Train Acc: 0.9688 | Val Acc: 0.8889 | Val P/R/F1 (Macro): 0.9309/0.9269/0.9211 | LR: 0.000001
Epoch [95/100] | Loss: 0.9718 (Cls: 0.9710, TAL: 0.0189, Adv: 0.0005) | Train Acc: 0.9844 | Val Acc: 0.8611 | Val P/R/F1 (Macro): 0.9086/0.8991/0.8954 | LR: 0.000001
Epoch [96/100] | Loss: 0.9692 (Cls: 0.9676, TAL: 0.0384, Adv: 0.0005) | Train Acc: 0.9844 | Val Acc: 0.8889 | Val P/R/F1 (Macro): 0.9309/0.9269/0.9211 | LR: 0.000001
Epoch [97/100] | Loss: 0.9795 (Cls: 0.9764, TAL: 0.0774, Adv: 0.0007) | Train Acc: 0.9844 | Val Acc: 0.8611 | Val P/R/F1 (Macro): 0.9031/0.8991/0.8958 | LR: 0.000001
Epoch [98/100] | Loss: 0.9759 (Cls: 0.9727, TAL: 0.0793, Adv: 0.0006) | Train Acc: 0.9766 | Val Acc: 0.8889 | Val P/R/F1 (Macro): 0.9309/0.9269/0.9211 | LR: 0.000001
Epoch [99/100] | Loss: 1.0586 (Cls: 1.0564, TAL: 0.0531, Adv: 0.0006) | Train Acc: 0.9375 | Val Acc: 0.8889 | Val P/R/F1 (Macro): 0.9309/0.9269/0.9211 | LR: 0.000001
Epoch [100/100] | Loss: 1.0393 (Cls: 1.0348, TAL: 0.1095, Adv: 0.0005) | Train Acc: 0.9609 | Val Acc: 0.8889 | Val P/R/F1 (Macro): 0.9309/0.9269/0.9211 | LR: 0.000001
Report strategy: last_window, window=10, reported_acc=0.8806, best_acc=0.9722

迭代 1 报告指标:
  Accuracy: 0.8806
  Precision (Macro): 0.9236
  Recall (Macro): 0.9185
  F1 (Macro): 0.9135
  Precision (Micro): 0.8806
  Recall (Micro): 0.8806
  F1 (Micro): 0.8806
  Val class coverage: 9/14 (0.6429), samples=36

================================================================================
迭代 2/5
随机种子: 43
================================================================================
Training mode: unpaired target adaptation with controlled target-label loss (ratio=0.28, weight=0.45).
Fixed labeled target subset: 36/128 samples.
INFO:Tensor:参数初始化完成：正交初始化
Feature fusion: Tensor alignment (512+512 -> 128+128); fused_dim=256
Domain adaptation: standard source-target adversarial training, no generator
Loss weights: tensor=0.04, adv=0.05
Epoch [1/100] | Loss: 4.3266 (Cls: 4.2772, TAL: 0.1020, Adv: 0.9075) | Train Acc: 0.1094 | Val Acc: 0.1389 | Val P/R/F1 (Macro): 0.0926/0.1074/0.0801 | LR: 0.000008
  >>> New Best Val Acc: 0.1389
Epoch [2/100] | Loss: 3.6663 (Cls: 3.6426, TAL: -0.0369, Adv: 0.5034) | Train Acc: 0.2266 | Val Acc: 0.2778 | Val P/R/F1 (Macro): 0.1225/0.1565/0.1153 | LR: 0.000008
  >>> New Best Val Acc: 0.2778
Epoch [3/100] | Loss: 3.2186 (Cls: 3.2005, TAL: 0.0692, Adv: 0.3053) | Train Acc: 0.2422 | Val Acc: 0.3333 | Val P/R/F1 (Macro): 0.1324/0.2167/0.1380 | LR: 0.000008
  >>> New Best Val Acc: 0.3333
Epoch [4/100] | Loss: 3.1343 (Cls: 3.1186, TAL: 0.1361, Adv: 0.2050) | Train Acc: 0.2812 | Val Acc: 0.2500 | Val P/R/F1 (Macro): 0.1290/0.1778/0.1278 | LR: 0.000008
Epoch [5/100] | Loss: 2.8049 (Cls: 2.7960, TAL: 0.0337, Adv: 0.1515) | Train Acc: 0.3203 | Val Acc: 0.4167 | Val P/R/F1 (Macro): 0.2775/0.2824/0.2329 | LR: 0.000008
  >>> New Best Val Acc: 0.4167
Epoch [6/100] | Loss: 2.9571 (Cls: 2.9487, TAL: 0.1029, Adv: 0.0854) | Train Acc: 0.2734 | Val Acc: 0.6389 | Val P/R/F1 (Macro): 0.4914/0.4907/0.4625 | LR: 0.000008
  >>> New Best Val Acc: 0.6389
Epoch [7/100] | Loss: 2.5344 (Cls: 2.5211, TAL: 0.2277, Adv: 0.0842) | Train Acc: 0.4375 | Val Acc: 0.5556 | Val P/R/F1 (Macro): 0.4213/0.4222/0.3886 | LR: 0.000008
Epoch [8/100] | Loss: 2.2013 (Cls: 2.1899, TAL: 0.2395, Adv: 0.0372) | Train Acc: 0.4922 | Val Acc: 0.5833 | Val P/R/F1 (Macro): 0.5542/0.5093/0.4610 | LR: 0.000008
Epoch [9/100] | Loss: 2.1986 (Cls: 2.1904, TAL: 0.1659, Adv: 0.0310) | Train Acc: 0.4922 | Val Acc: 0.7222 | Val P/R/F1 (Macro): 0.7774/0.6481/0.6608 | LR: 0.000008
  >>> New Best Val Acc: 0.7222
Epoch [10/100] | Loss: 2.2112 (Cls: 2.2064, TAL: 0.0945, Adv: 0.0210) | Train Acc: 0.6094 | Val Acc: 0.6944 | Val P/R/F1 (Macro): 0.6471/0.6435/0.6266 | LR: 0.000008
Epoch [11/100] | Loss: 2.0772 (Cls: 2.0730, TAL: 0.0869, Adv: 0.0135) | Train Acc: 0.5000 | Val Acc: 0.7778 | Val P/R/F1 (Macro): 0.7315/0.7231/0.7141 | LR: 0.000008
  >>> New Best Val Acc: 0.7778
Epoch [12/100] | Loss: 1.9807 (Cls: 1.9763, TAL: 0.0952, Adv: 0.0101) | Train Acc: 0.6484 | Val Acc: 0.8056 | Val P/R/F1 (Macro): 0.6343/0.6528/0.6295 | LR: 0.000008
  >>> New Best Val Acc: 0.8056
Epoch [13/100] | Loss: 1.9884 (Cls: 1.9870, TAL: 0.0229, Adv: 0.0099) | Train Acc: 0.5938 | Val Acc: 0.7500 | Val P/R/F1 (Macro): 0.6448/0.6157/0.5966 | LR: 0.000008
Epoch [14/100] | Loss: 1.8255 (Cls: 1.8254, TAL: -0.0069, Adv: 0.0076) | Train Acc: 0.6484 | Val Acc: 0.7222 | Val P/R/F1 (Macro): 0.6241/0.5880/0.5734 | LR: 0.000008
Epoch [15/100] | Loss: 1.8859 (Cls: 1.8840, TAL: 0.0358, Adv: 0.0079) | Train Acc: 0.7266 | Val Acc: 0.6944 | Val P/R/F1 (Macro): 0.6422/0.6343/0.6221 | LR: 0.000008
Epoch [16/100] | Loss: 1.9102 (Cls: 1.9100, TAL: -0.0004, Adv: 0.0050) | Train Acc: 0.7031 | Val Acc: 0.6389 | Val P/R/F1 (Macro): 0.6295/0.5694/0.5578 | LR: 0.000008
Epoch [17/100] | Loss: 1.6023 (Cls: 1.6009, TAL: 0.0273, Adv: 0.0061) | Train Acc: 0.7500 | Val Acc: 0.7222 | Val P/R/F1 (Macro): 0.6581/0.6620/0.6413 | LR: 0.000008
Epoch [18/100] | Loss: 1.6326 (Cls: 1.6290, TAL: 0.0835, Adv: 0.0054) | Train Acc: 0.7422 | Val Acc: 0.7222 | Val P/R/F1 (Macro): 0.6402/0.6620/0.6315 | LR: 0.000008
Epoch [19/100] | Loss: 1.6352 (Cls: 1.6299, TAL: 0.1254, Adv: 0.0052) | Train Acc: 0.7031 | Val Acc: 0.7222 | Val P/R/F1 (Macro): 0.6484/0.6574/0.6299 | LR: 0.000008
Epoch [20/100] | Loss: 1.6362 (Cls: 1.6283, TAL: 0.1885, Adv: 0.0061) | Train Acc: 0.7188 | Val Acc: 0.7778 | Val P/R/F1 (Macro): 0.7513/0.7176/0.7168 | LR: 0.000008
Epoch [21/100] | Loss: 1.5077 (Cls: 1.5008, TAL: 0.1669, Adv: 0.0056) | Train Acc: 0.7891 | Val Acc: 0.8333 | Val P/R/F1 (Macro): 0.7531/0.7639/0.7476 | LR: 0.000008
  >>> New Best Val Acc: 0.8333
Epoch [22/100] | Loss: 1.5099 (Cls: 1.5045, TAL: 0.1296, Adv: 0.0037) | Train Acc: 0.7812 | Val Acc: 0.7778 | Val P/R/F1 (Macro): 0.7259/0.7269/0.6790 | LR: 0.000008
Epoch [23/100] | Loss: 1.5263 (Cls: 1.5204, TAL: 0.1428, Adv: 0.0047) | Train Acc: 0.7891 | Val Acc: 0.8333 | Val P/R/F1 (Macro): 0.7438/0.7731/0.7348 | LR: 0.000008
Epoch [24/100] | Loss: 1.4998 (Cls: 1.4931, TAL: 0.1630, Adv: 0.0026) | Train Acc: 0.7969 | Val Acc: 0.8056 | Val P/R/F1 (Macro): 0.7352/0.7454/0.7001 | LR: 0.000008
Epoch [25/100] | Loss: 1.5162 (Cls: 1.5158, TAL: 0.0058, Adv: 0.0036) | Train Acc: 0.7500 | Val Acc: 0.7222 | Val P/R/F1 (Macro): 0.7532/0.6787/0.6594 | LR: 0.000008
Epoch [26/100] | Loss: 1.2189 (Cls: 1.2163, TAL: 0.0623, Adv: 0.0035) | Train Acc: 0.9141 | Val Acc: 0.7500 | Val P/R/F1 (Macro): 0.7728/0.6852/0.6827 | LR: 0.000008
Epoch [27/100] | Loss: 1.5302 (Cls: 1.5306, TAL: -0.0172, Adv: 0.0045) | Train Acc: 0.8203 | Val Acc: 0.7778 | Val P/R/F1 (Macro): 0.6746/0.6296/0.6287 | LR: 0.000008
Epoch [28/100] | Loss: 1.3680 (Cls: 1.3663, TAL: 0.0398, Adv: 0.0034) | Train Acc: 0.8047 | Val Acc: 0.7778 | Val P/R/F1 (Macro): 0.7831/0.7037/0.7201 | LR: 0.000008
Epoch [29/100] | Loss: 1.3323 (Cls: 1.3332, TAL: -0.0291, Adv: 0.0054) | Train Acc: 0.8516 | Val Acc: 0.7500 | Val P/R/F1 (Macro): 0.7491/0.6861/0.6855 | LR: 0.000008
Epoch [30/100] | Loss: 1.4727 (Cls: 1.4723, TAL: 0.0065, Adv: 0.0039) | Train Acc: 0.7578 | Val Acc: 0.7778 | Val P/R/F1 (Macro): 0.6508/0.6991/0.6650 | LR: 0.000008
Epoch [31/100] | Loss: 1.2335 (Cls: 1.2355, TAL: -0.0527, Adv: 0.0026) | Train Acc: 0.8984 | Val Acc: 0.8056 | Val P/R/F1 (Macro): 0.7676/0.7269/0.7153 | LR: 0.000008
Epoch [32/100] | Loss: 1.2401 (Cls: 1.2412, TAL: -0.0322, Adv: 0.0034) | Train Acc: 0.8750 | Val Acc: 0.7778 | Val P/R/F1 (Macro): 0.7497/0.7176/0.7023 | LR: 0.000004
Epoch [33/100] | Loss: 1.2032 (Cls: 1.2031, TAL: -0.0023, Adv: 0.0033) | Train Acc: 0.8984 | Val Acc: 0.8056 | Val P/R/F1 (Macro): 0.7685/0.7315/0.7317 | LR: 0.000004
Epoch [34/100] | Loss: 1.2365 (Cls: 1.2398, TAL: -0.0861, Adv: 0.0024) | Train Acc: 0.8672 | Val Acc: 0.7778 | Val P/R/F1 (Macro): 0.7519/0.7176/0.7176 | LR: 0.000004
Epoch [35/100] | Loss: 1.1815 (Cls: 1.1808, TAL: 0.0136, Adv: 0.0025) | Train Acc: 0.9375 | Val Acc: 0.8056 | Val P/R/F1 (Macro): 0.7444/0.7454/0.7385 | LR: 0.000004
Epoch [36/100] | Loss: 1.2053 (Cls: 1.2047, TAL: 0.0124, Adv: 0.0028) | Train Acc: 0.8828 | Val Acc: 0.8333 | Val P/R/F1 (Macro): 0.7772/0.7731/0.7595 | LR: 0.000004
Epoch [37/100] | Loss: 1.1401 (Cls: 1.1398, TAL: 0.0019, Adv: 0.0036) | Train Acc: 0.9297 | Val Acc: 0.8333 | Val P/R/F1 (Macro): 0.7772/0.7731/0.7595 | LR: 0.000004
Epoch [38/100] | Loss: 1.2566 (Cls: 1.2548, TAL: 0.0440, Adv: 0.0023) | Train Acc: 0.8672 | Val Acc: 0.8056 | Val P/R/F1 (Macro): 0.7685/0.7454/0.7248 | LR: 0.000004
Epoch [39/100] | Loss: 1.1471 (Cls: 1.1463, TAL: 0.0190, Adv: 0.0025) | Train Acc: 0.9141 | Val Acc: 0.8056 | Val P/R/F1 (Macro): 0.7685/0.7454/0.7248 | LR: 0.000004
Epoch [40/100] | Loss: 1.1617 (Cls: 1.1655, TAL: -0.0965, Adv: 0.0021) | Train Acc: 0.9062 | Val Acc: 0.8056 | Val P/R/F1 (Macro): 0.7405/0.7454/0.7327 | LR: 0.000004
Epoch [41/100] | Loss: 1.2737 (Cls: 1.2720, TAL: 0.0375, Adv: 0.0035) | Train Acc: 0.8906 | Val Acc: 0.8333 | Val P/R/F1 (Macro): 0.7676/0.7731/0.7643 | LR: 0.000004
Epoch [42/100] | Loss: 1.0863 (Cls: 1.0907, TAL: -0.1114, Adv: 0.0016) | Train Acc: 0.9219 | Val Acc: 0.8333 | Val P/R/F1 (Macro): 0.7676/0.7731/0.7643 | LR: 0.000004
Epoch [43/100] | Loss: 1.1131 (Cls: 1.1134, TAL: -0.0105, Adv: 0.0017) | Train Acc: 0.9062 | Val Acc: 0.8333 | Val P/R/F1 (Macro): 0.7567/0.7593/0.7470 | LR: 0.000002
Epoch [44/100] | Loss: 1.1084 (Cls: 1.1085, TAL: -0.0043, Adv: 0.0014) | Train Acc: 0.9609 | Val Acc: 0.8056 | Val P/R/F1 (Macro): 0.7315/0.7454/0.7275 | LR: 0.000002
Epoch [45/100] | Loss: 1.2167 (Cls: 1.2166, TAL: -0.0000, Adv: 0.0016) | Train Acc: 0.8594 | Val Acc: 0.8056 | Val P/R/F1 (Macro): 0.7315/0.7454/0.7275 | LR: 0.000002
Epoch [46/100] | Loss: 1.1405 (Cls: 1.1436, TAL: -0.0793, Adv: 0.0014) | Train Acc: 0.9062 | Val Acc: 0.8056 | Val P/R/F1 (Macro): 0.7315/0.7454/0.7275 | LR: 0.000002
Epoch [47/100] | Loss: 1.1921 (Cls: 1.1895, TAL: 0.0618, Adv: 0.0013) | Train Acc: 0.9219 | Val Acc: 0.8056 | Val P/R/F1 (Macro): 0.7685/0.7454/0.7248 | LR: 0.000002
Epoch [48/100] | Loss: 1.1822 (Cls: 1.1826, TAL: -0.0107, Adv: 0.0012) | Train Acc: 0.9062 | Val Acc: 0.8056 | Val P/R/F1 (Macro): 0.7460/0.7454/0.7363 | LR: 0.000002
Epoch [49/100] | Loss: 1.1140 (Cls: 1.1137, TAL: 0.0057, Adv: 0.0009) | Train Acc: 0.9531 | Val Acc: 0.8333 | Val P/R/F1 (Macro): 0.7732/0.7731/0.7678 | LR: 0.000002
Epoch [50/100] | Loss: 1.0815 (Cls: 1.0821, TAL: -0.0161, Adv: 0.0016) | Train Acc: 0.9688 | Val Acc: 0.8333 | Val P/R/F1 (Macro): 0.7586/0.7731/0.7591 | LR: 0.000002
Epoch [51/100] | Loss: 1.0770 (Cls: 1.0799, TAL: -0.0754, Adv: 0.0014) | Train Acc: 0.9531 | Val Acc: 0.8333 | Val P/R/F1 (Macro): 0.7586/0.7731/0.7591 | LR: 0.000002
Epoch [52/100] | Loss: 1.0899 (Cls: 1.0919, TAL: -0.0512, Adv: 0.0011) | Train Acc: 0.9688 | Val Acc: 0.8333 | Val P/R/F1 (Macro): 0.7586/0.7731/0.7591 | LR: 0.000002
Epoch [53/100] | Loss: 1.0789 (Cls: 1.0782, TAL: 0.0162, Adv: 0.0012) | Train Acc: 0.9297 | Val Acc: 0.8611 | Val P/R/F1 (Macro): 0.7833/0.7870/0.7787 | LR: 0.000002
  >>> New Best Val Acc: 0.8611
Epoch [54/100] | Loss: 1.0838 (Cls: 1.0855, TAL: -0.0458, Adv: 0.0014) | Train Acc: 0.9219 | Val Acc: 0.8333 | Val P/R/F1 (Macro): 0.7753/0.7593/0.7576 | LR: 0.000002
Epoch [55/100] | Loss: 1.1316 (Cls: 1.1327, TAL: -0.0295, Adv: 0.0010) | Train Acc: 0.9141 | Val Acc: 0.8056 | Val P/R/F1 (Macro): 0.7630/0.7454/0.7390 | LR: 0.000002
Epoch [56/100] | Loss: 1.1113 (Cls: 1.1109, TAL: 0.0096, Adv: 0.0011) | Train Acc: 0.9531 | Val Acc: 0.8056 | Val P/R/F1 (Macro): 0.7685/0.7454/0.7248 | LR: 0.000002
Epoch [57/100] | Loss: 1.0307 (Cls: 1.0292, TAL: 0.0344, Adv: 0.0016) | Train Acc: 0.9688 | Val Acc: 0.8333 | Val P/R/F1 (Macro): 0.7991/0.7593/0.7443 | LR: 0.000002
Epoch [58/100] | Loss: 1.0337 (Cls: 1.0335, TAL: 0.0043, Adv: 0.0008) | Train Acc: 0.9375 | Val Acc: 0.8333 | Val P/R/F1 (Macro): 0.7938/0.7593/0.7443 | LR: 0.000002
Epoch [59/100] | Loss: 1.1203 (Cls: 1.1192, TAL: 0.0251, Adv: 0.0018) | Train Acc: 0.9375 | Val Acc: 0.8056 | Val P/R/F1 (Macro): 0.7500/0.7370/0.7300 | LR: 0.000002
Epoch [60/100] | Loss: 1.1597 (Cls: 1.1578, TAL: 0.0469, Adv: 0.0012) | Train Acc: 0.8984 | Val Acc: 0.8056 | Val P/R/F1 (Macro): 0.7444/0.7454/0.7385 | LR: 0.000002
Epoch [61/100] | Loss: 1.0794 (Cls: 1.0777, TAL: 0.0400, Adv: 0.0009) | Train Acc: 0.9297 | Val Acc: 0.8056 | Val P/R/F1 (Macro): 0.7444/0.7454/0.7385 | LR: 0.000002
Epoch [62/100] | Loss: 1.1300 (Cls: 1.1311, TAL: -0.0284, Adv: 0.0010) | Train Acc: 0.8984 | Val Acc: 0.8333 | Val P/R/F1 (Macro): 0.7732/0.7731/0.7678 | LR: 0.000002
Epoch [63/100] | Loss: 1.0554 (Cls: 1.0563, TAL: -0.0237, Adv: 0.0009) | Train Acc: 0.9688 | Val Acc: 0.8333 | Val P/R/F1 (Macro): 0.7586/0.7731/0.7591 | LR: 0.000002
Epoch [64/100] | Loss: 1.0468 (Cls: 1.0452, TAL: 0.0386, Adv: 0.0007) | Train Acc: 0.9609 | Val Acc: 0.8333 | Val P/R/F1 (Macro): 0.7586/0.7731/0.7591 | LR: 0.000001
Epoch [65/100] | Loss: 1.1181 (Cls: 1.1172, TAL: 0.0211, Adv: 0.0007) | Train Acc: 0.9219 | Val Acc: 0.8611 | Val P/R/F1 (Macro): 0.7721/0.7917/0.7747 | LR: 0.000001
Epoch [66/100] | Loss: 1.0265 (Cls: 1.0252, TAL: 0.0319, Adv: 0.0010) | Train Acc: 0.9609 | Val Acc: 0.8611 | Val P/R/F1 (Macro): 0.7721/0.7917/0.7747 | LR: 0.000001
Epoch [67/100] | Loss: 1.0732 (Cls: 1.0713, TAL: 0.0475, Adv: 0.0011) | Train Acc: 0.9531 | Val Acc: 0.8333 | Val P/R/F1 (Macro): 0.7557/0.7639/0.7536 | LR: 0.000001
Epoch [68/100] | Loss: 1.0248 (Cls: 1.0244, TAL: 0.0089, Adv: 0.0008) | Train Acc: 0.9688 | Val Acc: 0.8333 | Val P/R/F1 (Macro): 0.7557/0.7639/0.7536 | LR: 0.000001
Epoch [69/100] | Loss: 1.0567 (Cls: 1.0541, TAL: 0.0642, Adv: 0.0009) | Train Acc: 0.9453 | Val Acc: 0.8333 | Val P/R/F1 (Macro): 0.7557/0.7639/0.7536 | LR: 0.000001
Epoch [70/100] | Loss: 1.0449 (Cls: 1.0420, TAL: 0.0702, Adv: 0.0007) | Train Acc: 0.9688 | Val Acc: 0.8611 | Val P/R/F1 (Macro): 0.7721/0.7917/0.7747 | LR: 0.000001
Epoch [71/100] | Loss: 1.0060 (Cls: 1.0039, TAL: 0.0516, Adv: 0.0007) | Train Acc: 0.9531 | Val Acc: 0.8611 | Val P/R/F1 (Macro): 0.7721/0.7917/0.7747 | LR: 0.000001
Epoch [72/100] | Loss: 1.0175 (Cls: 1.0149, TAL: 0.0645, Adv: 0.0006) | Train Acc: 0.9609 | Val Acc: 0.8611 | Val P/R/F1 (Macro): 0.8019/0.7870/0.7791 | LR: 0.000001
Epoch [73/100] | Loss: 1.0433 (Cls: 1.0421, TAL: 0.0278, Adv: 0.0009) | Train Acc: 0.9688 | Val Acc: 0.8611 | Val P/R/F1 (Macro): 0.8019/0.7870/0.7791 | LR: 0.000001
Epoch [74/100] | Loss: 1.0135 (Cls: 1.0114, TAL: 0.0507, Adv: 0.0007) | Train Acc: 0.9531 | Val Acc: 0.8611 | Val P/R/F1 (Macro): 0.8019/0.7870/0.7791 | LR: 0.000001
Epoch [75/100] | Loss: 1.0236 (Cls: 1.0214, TAL: 0.0556, Adv: 0.0007) | Train Acc: 0.9531 | Val Acc: 0.8611 | Val P/R/F1 (Macro): 0.8065/0.7917/0.7838 | LR: 0.000001
Epoch [76/100] | Loss: 1.0917 (Cls: 1.0891, TAL: 0.0638, Adv: 0.0006) | Train Acc: 0.9531 | Val Acc: 0.8889 | Val P/R/F1 (Macro): 0.8091/0.8194/0.8012 | LR: 0.000001
  >>> New Best Val Acc: 0.8889
Epoch [77/100] | Loss: 1.1206 (Cls: 1.1179, TAL: 0.0672, Adv: 0.0008) | Train Acc: 0.9219 | Val Acc: 0.8333 | Val P/R/F1 (Macro): 0.7772/0.7731/0.7595 | LR: 0.000001
Epoch [78/100] | Loss: 1.0279 (Cls: 1.0235, TAL: 0.1068, Adv: 0.0007) | Train Acc: 0.9609 | Val Acc: 0.8333 | Val P/R/F1 (Macro): 0.7772/0.7731/0.7595 | LR: 0.000001
Epoch [79/100] | Loss: 1.0303 (Cls: 1.0268, TAL: 0.0869, Adv: 0.0007) | Train Acc: 0.9766 | Val Acc: 0.8333 | Val P/R/F1 (Macro): 0.7938/0.7593/0.7581 | LR: 0.000001
Epoch [80/100] | Loss: 1.0661 (Cls: 1.0628, TAL: 0.0811, Adv: 0.0006) | Train Acc: 0.9453 | Val Acc: 0.8611 | Val P/R/F1 (Macro): 0.7721/0.7917/0.7747 | LR: 0.000001
Epoch [81/100] | Loss: 0.9937 (Cls: 0.9920, TAL: 0.0397, Adv: 0.0008) | Train Acc: 0.9922 | Val Acc: 0.8611 | Val P/R/F1 (Macro): 0.7721/0.7917/0.7747 | LR: 0.000001
Epoch [82/100] | Loss: 1.0287 (Cls: 1.0278, TAL: 0.0194, Adv: 0.0008) | Train Acc: 0.9609 | Val Acc: 0.8611 | Val P/R/F1 (Macro): 0.7721/0.7917/0.7747 | LR: 0.000001
Epoch [83/100] | Loss: 1.0543 (Cls: 1.0512, TAL: 0.0778, Adv: 0.0004) | Train Acc: 0.9453 | Val Acc: 0.8611 | Val P/R/F1 (Macro): 0.7721/0.7917/0.7747 | LR: 0.000001
Epoch [84/100] | Loss: 1.0413 (Cls: 1.0399, TAL: 0.0325, Adv: 0.0008) | Train Acc: 0.9531 | Val Acc: 0.8611 | Val P/R/F1 (Macro): 0.7721/0.7917/0.7747 | LR: 0.000001
Epoch [85/100] | Loss: 1.0474 (Cls: 1.0448, TAL: 0.0644, Adv: 0.0006) | Train Acc: 0.9531 | Val Acc: 0.8611 | Val P/R/F1 (Macro): 0.7721/0.7917/0.7747 | LR: 0.000001
Epoch [86/100] | Loss: 1.0598 (Cls: 1.0571, TAL: 0.0672, Adv: 0.0007) | Train Acc: 0.9141 | Val Acc: 0.8611 | Val P/R/F1 (Macro): 0.7721/0.7917/0.7747 | LR: 0.000001
Epoch [87/100] | Loss: 1.0980 (Cls: 1.0962, TAL: 0.0444, Adv: 0.0005) | Train Acc: 0.9219 | Val Acc: 0.8611 | Val P/R/F1 (Macro): 0.7721/0.7917/0.7747 | LR: 0.000001
Epoch [88/100] | Loss: 1.0858 (Cls: 1.0845, TAL: 0.0306, Adv: 0.0006) | Train Acc: 0.9375 | Val Acc: 0.8611 | Val P/R/F1 (Macro): 0.7721/0.7917/0.7747 | LR: 0.000001
Epoch [89/100] | Loss: 1.0224 (Cls: 1.0217, TAL: 0.0165, Adv: 0.0006) | Train Acc: 0.9609 | Val Acc: 0.8611 | Val P/R/F1 (Macro): 0.7721/0.7917/0.7747 | LR: 0.000001
Epoch [90/100] | Loss: 1.0694 (Cls: 1.0682, TAL: 0.0295, Adv: 0.0005) | Train Acc: 0.9453 | Val Acc: 0.8611 | Val P/R/F1 (Macro): 0.7721/0.7917/0.7747 | LR: 0.000001
Epoch [91/100] | Loss: 1.0710 (Cls: 1.0700, TAL: 0.0240, Adv: 0.0004) | Train Acc: 0.9453 | Val Acc: 0.8611 | Val P/R/F1 (Macro): 0.7721/0.7917/0.7747 | LR: 0.000001
Epoch [92/100] | Loss: 0.9870 (Cls: 0.9856, TAL: 0.0333, Adv: 0.0008) | Train Acc: 0.9844 | Val Acc: 0.8611 | Val P/R/F1 (Macro): 0.7721/0.7917/0.7747 | LR: 0.000001
Epoch [93/100] | Loss: 1.0583 (Cls: 1.0548, TAL: 0.0851, Adv: 0.0028) | Train Acc: 0.9453 | Val Acc: 0.8611 | Val P/R/F1 (Macro): 0.7721/0.7917/0.7747 | LR: 0.000001
Epoch [94/100] | Loss: 1.0508 (Cls: 1.0493, TAL: 0.0383, Adv: 0.0006) | Train Acc: 0.9766 | Val Acc: 0.8611 | Val P/R/F1 (Macro): 0.7721/0.7917/0.7747 | LR: 0.000001
Epoch [95/100] | Loss: 1.0735 (Cls: 1.0706, TAL: 0.0709, Adv: 0.0005) | Train Acc: 0.9531 | Val Acc: 0.8611 | Val P/R/F1 (Macro): 0.7721/0.7917/0.7747 | LR: 0.000001
Epoch [96/100] | Loss: 1.0148 (Cls: 1.0126, TAL: 0.0543, Adv: 0.0005) | Train Acc: 0.9844 | Val Acc: 0.8611 | Val P/R/F1 (Macro): 0.7721/0.7917/0.7747 | LR: 0.000001
Epoch [97/100] | Loss: 1.0850 (Cls: 1.0826, TAL: 0.0574, Adv: 0.0006) | Train Acc: 0.9297 | Val Acc: 0.8611 | Val P/R/F1 (Macro): 0.7721/0.7917/0.7747 | LR: 0.000001
Epoch [98/100] | Loss: 0.9961 (Cls: 0.9930, TAL: 0.0747, Adv: 0.0004) | Train Acc: 0.9922 | Val Acc: 0.8611 | Val P/R/F1 (Macro): 0.7721/0.7917/0.7747 | LR: 0.000001
Epoch [99/100] | Loss: 0.9939 (Cls: 0.9917, TAL: 0.0530, Adv: 0.0004) | Train Acc: 0.9844 | Val Acc: 0.8611 | Val P/R/F1 (Macro): 0.7721/0.7917/0.7747 | LR: 0.000001
Epoch [100/100] | Loss: 0.9916 (Cls: 0.9899, TAL: 0.0416, Adv: 0.0004) | Train Acc: 0.9688 | Val Acc: 0.8611 | Val P/R/F1 (Macro): 0.7721/0.7917/0.7747 | LR: 0.000001
Report strategy: last_window, window=10, reported_acc=0.8611, best_acc=0.8889

迭代 2 报告指标:
  Accuracy: 0.8611
  Precision (Macro): 0.7721
  Recall (Macro): 0.7917
  F1 (Macro): 0.7747
  Precision (Micro): 0.8611
  Recall (Micro): 0.8611
  F1 (Micro): 0.8611
  Val class coverage: 9/14 (0.6429), samples=36

================================================================================
迭代 3/5
随机种子: 44
================================================================================
Training mode: unpaired target adaptation with controlled target-label loss (ratio=0.28, weight=0.45).
Fixed labeled target subset: 36/128 samples.
INFO:Tensor:参数初始化完成：正交初始化
Feature fusion: Tensor alignment (512+512 -> 128+128); fused_dim=256
Domain adaptation: standard source-target adversarial training, no generator
Loss weights: tensor=0.04, adv=0.05
Epoch [1/100] | Loss: 4.5311 (Cls: 4.4725, TAL: 0.1622, Adv: 1.0433) | Train Acc: 0.0859 | Val Acc: 0.2222 | Val P/R/F1 (Macro): 0.1445/0.1796/0.1376 | LR: 0.000008
  >>> New Best Val Acc: 0.2222
Epoch [2/100] | Loss: 3.8025 (Cls: 3.7666, TAL: 0.1862, Adv: 0.5696) | Train Acc: 0.1719 | Val Acc: 0.3056 | Val P/R/F1 (Macro): 0.2531/0.2380/0.2165 | LR: 0.000008
  >>> New Best Val Acc: 0.3056
Epoch [3/100] | Loss: 3.3636 (Cls: 3.3414, TAL: 0.1623, Adv: 0.3144) | Train Acc: 0.2188 | Val Acc: 0.2500 | Val P/R/F1 (Macro): 0.0817/0.1333/0.0741 | LR: 0.000008
Epoch [4/100] | Loss: 3.1565 (Cls: 3.1413, TAL: 0.1501, Adv: 0.1831) | Train Acc: 0.3047 | Val Acc: 0.2778 | Val P/R/F1 (Macro): 0.0667/0.1556/0.0872 | LR: 0.000008
Epoch [5/100] | Loss: 2.9803 (Cls: 2.9699, TAL: 0.1505, Adv: 0.0879) | Train Acc: 0.2812 | Val Acc: 0.4444 | Val P/R/F1 (Macro): 0.3041/0.3019/0.2425 | LR: 0.000008
  >>> New Best Val Acc: 0.4444
Epoch [6/100] | Loss: 2.6802 (Cls: 2.6714, TAL: 0.1536, Adv: 0.0541) | Train Acc: 0.4609 | Val Acc: 0.6389 | Val P/R/F1 (Macro): 0.4963/0.5704/0.5148 | LR: 0.000008
  >>> New Best Val Acc: 0.6389
Epoch [7/100] | Loss: 2.7288 (Cls: 2.7197, TAL: 0.1800, Adv: 0.0391) | Train Acc: 0.4141 | Val Acc: 0.6389 | Val P/R/F1 (Macro): 0.4824/0.5852/0.5131 | LR: 0.000008
Epoch [8/100] | Loss: 2.3476 (Cls: 2.3411, TAL: 0.1297, Adv: 0.0249) | Train Acc: 0.5156 | Val Acc: 0.7500 | Val P/R/F1 (Macro): 0.6407/0.6963/0.6519 | LR: 0.000008
  >>> New Best Val Acc: 0.7500
Epoch [9/100] | Loss: 2.0845 (Cls: 2.0747, TAL: 0.2140, Adv: 0.0242) | Train Acc: 0.5781 | Val Acc: 0.6944 | Val P/R/F1 (Macro): 0.6318/0.6157/0.5825 | LR: 0.000008
Epoch [10/100] | Loss: 2.3373 (Cls: 2.3317, TAL: 0.1215, Adv: 0.0147) | Train Acc: 0.4922 | Val Acc: 0.6944 | Val P/R/F1 (Macro): 0.6074/0.6213/0.5820 | LR: 0.000008
Epoch [11/100] | Loss: 2.4857 (Cls: 2.4775, TAL: 0.1801, Adv: 0.0207) | Train Acc: 0.4375 | Val Acc: 0.6667 | Val P/R/F1 (Macro): 0.6894/0.6222/0.6007 | LR: 0.000008
Epoch [12/100] | Loss: 2.2195 (Cls: 2.2117, TAL: 0.1757, Adv: 0.0146) | Train Acc: 0.5547 | Val Acc: 0.6667 | Val P/R/F1 (Macro): 0.6162/0.6093/0.5591 | LR: 0.000008
Epoch [13/100] | Loss: 2.1932 (Cls: 2.1899, TAL: 0.0638, Adv: 0.0150) | Train Acc: 0.4766 | Val Acc: 0.6111 | Val P/R/F1 (Macro): 0.4614/0.5491/0.4935 | LR: 0.000008
Epoch [14/100] | Loss: 1.9009 (Cls: 1.8943, TAL: 0.1535, Adv: 0.0096) | Train Acc: 0.6328 | Val Acc: 0.6944 | Val P/R/F1 (Macro): 0.7153/0.6361/0.6265 | LR: 0.000008
Epoch [15/100] | Loss: 1.9924 (Cls: 1.9848, TAL: 0.1795, Adv: 0.0083) | Train Acc: 0.6406 | Val Acc: 0.7778 | Val P/R/F1 (Macro): 0.8309/0.7972/0.7921 | LR: 0.000008
  >>> New Best Val Acc: 0.7778
Epoch [16/100] | Loss: 1.8208 (Cls: 1.8149, TAL: 0.1406, Adv: 0.0053) | Train Acc: 0.6641 | Val Acc: 0.8056 | Val P/R/F1 (Macro): 0.7204/0.7741/0.7205 | LR: 0.000008
  >>> New Best Val Acc: 0.8056
Epoch [17/100] | Loss: 1.8499 (Cls: 1.8393, TAL: 0.2567, Adv: 0.0056) | Train Acc: 0.6406 | Val Acc: 0.7500 | Val P/R/F1 (Macro): 0.7905/0.8065/0.7642 | LR: 0.000008
Epoch [18/100] | Loss: 1.7049 (Cls: 1.6996, TAL: 0.1268, Adv: 0.0048) | Train Acc: 0.7266 | Val Acc: 0.7500 | Val P/R/F1 (Macro): 0.7905/0.8157/0.7554 | LR: 0.000008
Epoch [19/100] | Loss: 1.6257 (Cls: 1.6218, TAL: 0.0921, Adv: 0.0044) | Train Acc: 0.7031 | Val Acc: 0.8333 | Val P/R/F1 (Macro): 0.8722/0.8583/0.8325 | LR: 0.000008
  >>> New Best Val Acc: 0.8333
Epoch [20/100] | Loss: 1.6405 (Cls: 1.6341, TAL: 0.1546, Adv: 0.0054) | Train Acc: 0.7031 | Val Acc: 0.8333 | Val P/R/F1 (Macro): 0.8722/0.8583/0.8325 | LR: 0.000008
Epoch [21/100] | Loss: 1.6138 (Cls: 1.6112, TAL: 0.0590, Adv: 0.0051) | Train Acc: 0.6797 | Val Acc: 0.8333 | Val P/R/F1 (Macro): 0.8852/0.8583/0.8384 | LR: 0.000008
Epoch [22/100] | Loss: 1.5239 (Cls: 1.5233, TAL: 0.0110, Adv: 0.0044) | Train Acc: 0.7578 | Val Acc: 0.8056 | Val P/R/F1 (Macro): 0.7648/0.8306/0.7877 | LR: 0.000008
Epoch [23/100] | Loss: 1.4311 (Cls: 1.4326, TAL: -0.0412, Adv: 0.0030) | Train Acc: 0.8281 | Val Acc: 0.8056 | Val P/R/F1 (Macro): 0.8655/0.8398/0.8136 | LR: 0.000008
Epoch [24/100] | Loss: 1.5498 (Cls: 1.5517, TAL: -0.0519, Adv: 0.0046) | Train Acc: 0.7812 | Val Acc: 0.7778 | Val P/R/F1 (Macro): 0.8472/0.8213/0.8009 | LR: 0.000008
Epoch [25/100] | Loss: 1.4849 (Cls: 1.4881, TAL: -0.0876, Adv: 0.0050) | Train Acc: 0.7734 | Val Acc: 0.8333 | Val P/R/F1 (Macro): 0.8901/0.8620/0.8483 | LR: 0.000008
Epoch [26/100] | Loss: 1.4727 (Cls: 1.4746, TAL: -0.0489, Adv: 0.0026) | Train Acc: 0.7656 | Val Acc: 0.8889 | Val P/R/F1 (Macro): 0.9321/0.9120/0.9111 | LR: 0.000008
  >>> New Best Val Acc: 0.8889
Epoch [27/100] | Loss: 1.3142 (Cls: 1.3155, TAL: -0.0377, Adv: 0.0039) | Train Acc: 0.8438 | Val Acc: 0.8056 | Val P/R/F1 (Macro): 0.8660/0.8491/0.8380 | LR: 0.000008
Epoch [28/100] | Loss: 1.3532 (Cls: 1.3514, TAL: 0.0441, Adv: 0.0021) | Train Acc: 0.8281 | Val Acc: 0.8333 | Val P/R/F1 (Macro): 0.8931/0.8769/0.8661 | LR: 0.000008
Epoch [29/100] | Loss: 1.3607 (Cls: 1.3597, TAL: 0.0191, Adv: 0.0062) | Train Acc: 0.8203 | Val Acc: 0.8889 | Val P/R/F1 (Macro): 0.9249/0.9139/0.9058 | LR: 0.000008
Epoch [30/100] | Loss: 1.2339 (Cls: 1.2344, TAL: -0.0160, Adv: 0.0041) | Train Acc: 0.8672 | Val Acc: 0.8333 | Val P/R/F1 (Macro): 0.8471/0.8398/0.8089 | LR: 0.000008
Epoch [31/100] | Loss: 1.3983 (Cls: 1.3995, TAL: -0.0338, Adv: 0.0035) | Train Acc: 0.8047 | Val Acc: 0.8056 | Val P/R/F1 (Macro): 0.8759/0.8213/0.8099 | LR: 0.000008
Epoch [32/100] | Loss: 1.3581 (Cls: 1.3579, TAL: 0.0004, Adv: 0.0030) | Train Acc: 0.7969 | Val Acc: 0.7778 | Val P/R/F1 (Macro): 0.8444/0.8213/0.8007 | LR: 0.000008
Epoch [33/100] | Loss: 1.1703 (Cls: 1.1711, TAL: -0.0229, Adv: 0.0029) | Train Acc: 0.9297 | Val Acc: 0.8889 | Val P/R/F1 (Macro): 0.9185/0.9083/0.9006 | LR: 0.000008
Epoch [34/100] | Loss: 1.3383 (Cls: 1.3394, TAL: -0.0293, Adv: 0.0027) | Train Acc: 0.8438 | Val Acc: 0.8056 | Val P/R/F1 (Macro): 0.8193/0.8306/0.7819 | LR: 0.000008
Epoch [35/100] | Loss: 1.2267 (Cls: 1.2287, TAL: -0.0520, Adv: 0.0024) | Train Acc: 0.8828 | Val Acc: 0.8056 | Val P/R/F1 (Macro): 0.8852/0.8491/0.8456 | LR: 0.000008
Epoch [36/100] | Loss: 1.4312 (Cls: 1.4316, TAL: -0.0134, Adv: 0.0023) | Train Acc: 0.7891 | Val Acc: 0.8611 | Val P/R/F1 (Macro): 0.9160/0.8954/0.8921 | LR: 0.000008
Epoch [37/100] | Loss: 1.2725 (Cls: 1.2703, TAL: 0.0511, Adv: 0.0026) | Train Acc: 0.8359 | Val Acc: 0.8333 | Val P/R/F1 (Macro): 0.8921/0.8435/0.8334 | LR: 0.000004
Epoch [38/100] | Loss: 1.2691 (Cls: 1.2668, TAL: 0.0543, Adv: 0.0030) | Train Acc: 0.8594 | Val Acc: 0.8333 | Val P/R/F1 (Macro): 0.8921/0.8435/0.8334 | LR: 0.000004
Epoch [39/100] | Loss: 1.4233 (Cls: 1.4239, TAL: -0.0188, Adv: 0.0044) | Train Acc: 0.8125 | Val Acc: 0.8333 | Val P/R/F1 (Macro): 0.8921/0.8435/0.8334 | LR: 0.000004
Epoch [40/100] | Loss: 1.2477 (Cls: 1.2453, TAL: 0.0558, Adv: 0.0028) | Train Acc: 0.8672 | Val Acc: 0.8056 | Val P/R/F1 (Macro): 0.8302/0.8269/0.7993 | LR: 0.000004
Epoch [41/100] | Loss: 1.2004 (Cls: 1.2000, TAL: 0.0071, Adv: 0.0023) | Train Acc: 0.8828 | Val Acc: 0.8889 | Val P/R/F1 (Macro): 0.8796/0.9139/0.8804 | LR: 0.000004
Epoch [42/100] | Loss: 1.1901 (Cls: 1.1881, TAL: 0.0441, Adv: 0.0035) | Train Acc: 0.8828 | Val Acc: 0.8889 | Val P/R/F1 (Macro): 0.9130/0.9139/0.9051 | LR: 0.000004
Epoch [43/100] | Loss: 1.2341 (Cls: 1.2316, TAL: 0.0600, Adv: 0.0017) | Train Acc: 0.8984 | Val Acc: 0.8889 | Val P/R/F1 (Macro): 0.9269/0.9231/0.9137 | LR: 0.000004
Epoch [44/100] | Loss: 1.1578 (Cls: 1.1572, TAL: 0.0130, Adv: 0.0018) | Train Acc: 0.9062 | Val Acc: 0.8611 | Val P/R/F1 (Macro): 0.9160/0.9046/0.8958 | LR: 0.000004
Epoch [45/100] | Loss: 1.1237 (Cls: 1.1234, TAL: -0.0041, Adv: 0.0080) | Train Acc: 0.9219 | Val Acc: 0.8889 | Val P/R/F1 (Macro): 0.9130/0.9139/0.9051 | LR: 0.000004
Epoch [46/100] | Loss: 1.3362 (Cls: 1.3343, TAL: 0.0431, Adv: 0.0018) | Train Acc: 0.8750 | Val Acc: 0.8333 | Val P/R/F1 (Macro): 0.8940/0.8528/0.8550 | LR: 0.000004
Epoch [47/100] | Loss: 1.1752 (Cls: 1.1744, TAL: 0.0190, Adv: 0.0016) | Train Acc: 0.8984 | Val Acc: 0.8056 | Val P/R/F1 (Macro): 0.8832/0.8343/0.8372 | LR: 0.000004
Epoch [48/100] | Loss: 1.0965 (Cls: 1.0956, TAL: 0.0224, Adv: 0.0011) | Train Acc: 0.9297 | Val Acc: 0.8056 | Val P/R/F1 (Macro): 0.8832/0.8343/0.8372 | LR: 0.000002
Epoch [49/100] | Loss: 1.1827 (Cls: 1.1818, TAL: 0.0181, Adv: 0.0036) | Train Acc: 0.8984 | Val Acc: 0.7778 | Val P/R/F1 (Macro): 0.8605/0.8120/0.8138 | LR: 0.000002
Epoch [50/100] | Loss: 1.1076 (Cls: 1.1070, TAL: 0.0122, Adv: 0.0018) | Train Acc: 0.8984 | Val Acc: 0.8333 | Val P/R/F1 (Macro): 0.8938/0.8713/0.8661 | LR: 0.000002
Epoch [51/100] | Loss: 1.0725 (Cls: 1.0749, TAL: -0.0623, Adv: 0.0021) | Train Acc: 0.9375 | Val Acc: 0.8333 | Val P/R/F1 (Macro): 0.8938/0.8713/0.8661 | LR: 0.000002
Epoch [52/100] | Loss: 1.1363 (Cls: 1.1376, TAL: -0.0344, Adv: 0.0016) | Train Acc: 0.9219 | Val Acc: 0.8611 | Val P/R/F1 (Macro): 0.9009/0.8898/0.8836 | LR: 0.000002
Epoch [53/100] | Loss: 1.1348 (Cls: 1.1353, TAL: -0.0136, Adv: 0.0012) | Train Acc: 0.9062 | Val Acc: 0.9167 | Val P/R/F1 (Macro): 0.9397/0.9361/0.9311 | LR: 0.000002
  >>> New Best Val Acc: 0.9167
Epoch [54/100] | Loss: 1.1727 (Cls: 1.1713, TAL: 0.0341, Adv: 0.0015) | Train Acc: 0.9141 | Val Acc: 0.8333 | Val P/R/F1 (Macro): 0.8806/0.8676/0.8590 | LR: 0.000002
Epoch [55/100] | Loss: 1.0677 (Cls: 1.0674, TAL: 0.0049, Adv: 0.0010) | Train Acc: 0.9531 | Val Acc: 0.8889 | Val P/R/F1 (Macro): 0.9249/0.9139/0.9058 | LR: 0.000002
Epoch [56/100] | Loss: 1.0684 (Cls: 1.0698, TAL: -0.0366, Adv: 0.0014) | Train Acc: 0.9609 | Val Acc: 0.8889 | Val P/R/F1 (Macro): 0.9249/0.9139/0.9058 | LR: 0.000002
Epoch [57/100] | Loss: 1.0944 (Cls: 1.0936, TAL: 0.0185, Adv: 0.0014) | Train Acc: 0.9297 | Val Acc: 0.8611 | Val P/R/F1 (Macro): 0.9083/0.8954/0.8894 | LR: 0.000002
Epoch [58/100] | Loss: 1.0826 (Cls: 1.0838, TAL: -0.0315, Adv: 0.0011) | Train Acc: 0.9375 | Val Acc: 0.8611 | Val P/R/F1 (Macro): 0.9083/0.8954/0.8894 | LR: 0.000002
Epoch [59/100] | Loss: 1.1252 (Cls: 1.1275, TAL: -0.0611, Adv: 0.0012) | Train Acc: 0.8984 | Val Acc: 0.7778 | Val P/R/F1 (Macro): 0.8630/0.8213/0.8074 | LR: 0.000002
Epoch [60/100] | Loss: 1.0795 (Cls: 1.0796, TAL: -0.0032, Adv: 0.0015) | Train Acc: 0.9297 | Val Acc: 0.8056 | Val P/R/F1 (Macro): 0.8796/0.8491/0.8444 | LR: 0.000002
Epoch [61/100] | Loss: 1.0513 (Cls: 1.0512, TAL: 0.0012, Adv: 0.0011) | Train Acc: 0.9531 | Val Acc: 0.8333 | Val P/R/F1 (Macro): 0.8883/0.8676/0.8616 | LR: 0.000002
Epoch [62/100] | Loss: 1.0671 (Cls: 1.0682, TAL: -0.0287, Adv: 0.0011) | Train Acc: 0.9531 | Val Acc: 0.8333 | Val P/R/F1 (Macro): 0.8938/0.8620/0.8486 | LR: 0.000002
Epoch [63/100] | Loss: 1.0930 (Cls: 1.0936, TAL: -0.0167, Adv: 0.0013) | Train Acc: 0.9297 | Val Acc: 0.8333 | Val P/R/F1 (Macro): 0.8938/0.8620/0.8486 | LR: 0.000002
Epoch [64/100] | Loss: 1.1377 (Cls: 1.1358, TAL: 0.0452, Adv: 0.0016) | Train Acc: 0.9141 | Val Acc: 0.8611 | Val P/R/F1 (Macro): 0.8963/0.8861/0.8765 | LR: 0.000001
Epoch [65/100] | Loss: 1.0926 (Cls: 1.0895, TAL: 0.0739, Adv: 0.0012) | Train Acc: 0.9531 | Val Acc: 0.8611 | Val P/R/F1 (Macro): 0.8963/0.8861/0.8765 | LR: 0.000001
Epoch [66/100] | Loss: 1.0441 (Cls: 1.0449, TAL: -0.0207, Adv: 0.0008) | Train Acc: 0.9531 | Val Acc: 0.8333 | Val P/R/F1 (Macro): 0.8824/0.8676/0.8600 | LR: 0.000001
Epoch [67/100] | Loss: 1.0079 (Cls: 1.0077, TAL: 0.0029, Adv: 0.0012) | Train Acc: 0.9688 | Val Acc: 0.8611 | Val P/R/F1 (Macro): 0.8991/0.8954/0.8885 | LR: 0.000001
Epoch [68/100] | Loss: 1.0579 (Cls: 1.0577, TAL: 0.0032, Adv: 0.0012) | Train Acc: 0.9531 | Val Acc: 0.8889 | Val P/R/F1 (Macro): 0.9000/0.9139/0.8991 | LR: 0.000001
Epoch [69/100] | Loss: 1.1031 (Cls: 1.1028, TAL: 0.0060, Adv: 0.0019) | Train Acc: 0.9609 | Val Acc: 0.8889 | Val P/R/F1 (Macro): 0.9000/0.9139/0.8991 | LR: 0.000001
Epoch [70/100] | Loss: 1.0499 (Cls: 1.0484, TAL: 0.0352, Adv: 0.0011) | Train Acc: 0.9766 | Val Acc: 0.8889 | Val P/R/F1 (Macro): 0.9000/0.9139/0.8991 | LR: 0.000001
Epoch [71/100] | Loss: 1.0457 (Cls: 1.0456, TAL: 0.0012, Adv: 0.0008) | Train Acc: 0.9609 | Val Acc: 0.8889 | Val P/R/F1 (Macro): 0.9000/0.9139/0.8991 | LR: 0.000001
Epoch [72/100] | Loss: 1.0214 (Cls: 1.0210, TAL: 0.0086, Adv: 0.0012) | Train Acc: 0.9688 | Val Acc: 0.8889 | Val P/R/F1 (Macro): 0.9000/0.9139/0.8991 | LR: 0.000001
Epoch [73/100] | Loss: 1.0874 (Cls: 1.0857, TAL: 0.0412, Adv: 0.0007) | Train Acc: 0.9297 | Val Acc: 0.8889 | Val P/R/F1 (Macro): 0.9000/0.9139/0.8991 | LR: 0.000001
Epoch [74/100] | Loss: 1.0815 (Cls: 1.0799, TAL: 0.0374, Adv: 0.0009) | Train Acc: 0.9531 | Val Acc: 0.8611 | Val P/R/F1 (Macro): 0.8861/0.8954/0.8825 | LR: 0.000001
Epoch [75/100] | Loss: 1.0411 (Cls: 1.0398, TAL: 0.0295, Adv: 0.0011) | Train Acc: 0.9766 | Val Acc: 0.8889 | Val P/R/F1 (Macro): 0.9139/0.9231/0.9077 | LR: 0.000001
Epoch [76/100] | Loss: 1.0642 (Cls: 1.0643, TAL: -0.0038, Adv: 0.0009) | Train Acc: 0.9609 | Val Acc: 0.8889 | Val P/R/F1 (Macro): 0.9000/0.9139/0.8991 | LR: 0.000001
Epoch [77/100] | Loss: 1.0025 (Cls: 1.0032, TAL: -0.0182, Adv: 0.0007) | Train Acc: 0.9766 | Val Acc: 0.9167 | Val P/R/F1 (Macro): 0.9407/0.9417/0.9302 | LR: 0.000001
Epoch [78/100] | Loss: 1.0332 (Cls: 1.0336, TAL: -0.0108, Adv: 0.0008) | Train Acc: 0.9609 | Val Acc: 0.8889 | Val P/R/F1 (Macro): 0.9000/0.9139/0.8991 | LR: 0.000001
Epoch [79/100] | Loss: 1.0374 (Cls: 1.0367, TAL: 0.0160, Adv: 0.0010) | Train Acc: 0.9453 | Val Acc: 0.8889 | Val P/R/F1 (Macro): 0.9000/0.9139/0.8991 | LR: 0.000001
Epoch [80/100] | Loss: 0.9812 (Cls: 0.9788, TAL: 0.0595, Adv: 0.0005) | Train Acc: 0.9922 | Val Acc: 0.8889 | Val P/R/F1 (Macro): 0.9000/0.9139/0.8991 | LR: 0.000001
Epoch [81/100] | Loss: 1.0640 (Cls: 1.0635, TAL: 0.0118, Adv: 0.0005) | Train Acc: 0.9297 | Val Acc: 0.8889 | Val P/R/F1 (Macro): 0.9000/0.9139/0.8991 | LR: 0.000001
Epoch [82/100] | Loss: 1.0283 (Cls: 1.0273, TAL: 0.0212, Adv: 0.0013) | Train Acc: 0.9531 | Val Acc: 0.8889 | Val P/R/F1 (Macro): 0.9000/0.9139/0.8991 | LR: 0.000001
Epoch [83/100] | Loss: 1.0390 (Cls: 1.0370, TAL: 0.0493, Adv: 0.0009) | Train Acc: 0.9375 | Val Acc: 0.8889 | Val P/R/F1 (Macro): 0.9000/0.9139/0.8991 | LR: 0.000001
Epoch [84/100] | Loss: 1.0641 (Cls: 1.0628, TAL: 0.0315, Adv: 0.0008) | Train Acc: 0.9375 | Val Acc: 0.8889 | Val P/R/F1 (Macro): 0.9000/0.9139/0.8991 | LR: 0.000001
Epoch [85/100] | Loss: 1.0355 (Cls: 1.0336, TAL: 0.0461, Adv: 0.0005) | Train Acc: 0.9688 | Val Acc: 0.8889 | Val P/R/F1 (Macro): 0.9000/0.9139/0.8991 | LR: 0.000001
Epoch [86/100] | Loss: 1.0522 (Cls: 1.0515, TAL: 0.0157, Adv: 0.0006) | Train Acc: 0.9531 | Val Acc: 0.8889 | Val P/R/F1 (Macro): 0.9000/0.9139/0.8991 | LR: 0.000001
Epoch [87/100] | Loss: 1.0331 (Cls: 1.0335, TAL: -0.0121, Adv: 0.0009) | Train Acc: 0.9453 | Val Acc: 0.8889 | Val P/R/F1 (Macro): 0.9000/0.9139/0.8991 | LR: 0.000001
Epoch [88/100] | Loss: 1.0389 (Cls: 1.0381, TAL: 0.0198, Adv: 0.0008) | Train Acc: 0.9531 | Val Acc: 0.8889 | Val P/R/F1 (Macro): 0.9000/0.9139/0.8991 | LR: 0.000001
Epoch [89/100] | Loss: 1.0117 (Cls: 1.0096, TAL: 0.0509, Adv: 0.0006) | Train Acc: 0.9688 | Val Acc: 0.8889 | Val P/R/F1 (Macro): 0.9130/0.9139/0.9051 | LR: 0.000001
Epoch [90/100] | Loss: 1.0129 (Cls: 1.0119, TAL: 0.0256, Adv: 0.0006) | Train Acc: 0.9531 | Val Acc: 0.8889 | Val P/R/F1 (Macro): 0.9130/0.9139/0.9051 | LR: 0.000001
Epoch [91/100] | Loss: 1.0710 (Cls: 1.0704, TAL: 0.0159, Adv: 0.0007) | Train Acc: 0.9453 | Val Acc: 0.8889 | Val P/R/F1 (Macro): 0.9000/0.9139/0.8991 | LR: 0.000001
Epoch [92/100] | Loss: 1.0250 (Cls: 1.0249, TAL: 0.0012, Adv: 0.0008) | Train Acc: 0.9609 | Val Acc: 0.8889 | Val P/R/F1 (Macro): 0.9000/0.9139/0.8991 | LR: 0.000001
Epoch [93/100] | Loss: 1.0139 (Cls: 1.0153, TAL: -0.0343, Adv: 0.0005) | Train Acc: 0.9844 | Val Acc: 0.8889 | Val P/R/F1 (Macro): 0.9119/0.9139/0.8998 | LR: 0.000001
Epoch [94/100] | Loss: 1.0122 (Cls: 1.0123, TAL: -0.0036, Adv: 0.0010) | Train Acc: 0.9766 | Val Acc: 0.9167 | Val P/R/F1 (Macro): 0.9333/0.9417/0.9278 | LR: 0.000001
Epoch [95/100] | Loss: 1.0467 (Cls: 1.0475, TAL: -0.0200, Adv: 0.0005) | Train Acc: 0.9609 | Val Acc: 0.9444 | Val P/R/F1 (Macro): 0.9556/0.9639/0.9556 | LR: 0.000001
  >>> New Best Val Acc: 0.9444
Epoch [96/100] | Loss: 1.0268 (Cls: 1.0265, TAL: 0.0049, Adv: 0.0006) | Train Acc: 0.9609 | Val Acc: 0.9167 | Val P/R/F1 (Macro): 0.9333/0.9361/0.9298 | LR: 0.000001
Epoch [97/100] | Loss: 1.0452 (Cls: 1.0440, TAL: 0.0300, Adv: 0.0004) | Train Acc: 0.9609 | Val Acc: 0.9167 | Val P/R/F1 (Macro): 0.9333/0.9361/0.9298 | LR: 0.000001
Epoch [98/100] | Loss: 1.0234 (Cls: 1.0236, TAL: -0.0073, Adv: 0.0005) | Train Acc: 0.9688 | Val Acc: 0.9444 | Val P/R/F1 (Macro): 0.9556/0.9639/0.9556 | LR: 0.000001
Epoch [99/100] | Loss: 1.0599 (Cls: 1.0597, TAL: 0.0040, Adv: 0.0006) | Train Acc: 0.9609 | Val Acc: 0.9444 | Val P/R/F1 (Macro): 0.9556/0.9639/0.9556 | LR: 0.000001
Epoch [100/100] | Loss: 0.9948 (Cls: 0.9966, TAL: -0.0448, Adv: 0.0009) | Train Acc: 0.9844 | Val Acc: 0.9444 | Val P/R/F1 (Macro): 0.9556/0.9639/0.9556 | LR: 0.000001
Report strategy: last_window, window=10, reported_acc=0.9194, best_acc=0.9444

迭代 3 报告指标:
  Accuracy: 0.9194
  Precision (Macro): 0.9334
  Recall (Macro): 0.9411
  F1 (Macro): 0.9308
  Precision (Micro): 0.9194
  Recall (Micro): 0.9194
  F1 (Micro): 0.9194
  Val class coverage: 9/14 (0.6429), samples=36

================================================================================
迭代 4/5
随机种子: 45
================================================================================
Training mode: unpaired target adaptation with controlled target-label loss (ratio=0.28, weight=0.45).
Fixed labeled target subset: 36/128 samples.
INFO:Tensor:参数初始化完成：正交初始化
Feature fusion: Tensor alignment (512+512 -> 128+128); fused_dim=256
Domain adaptation: standard source-target adversarial training, no generator
Loss weights: tensor=0.04, adv=0.05
Epoch [1/100] | Loss: 4.8313 (Cls: 4.7993, TAL: -0.0503, Adv: 0.6794) | Train Acc: 0.0781 | Val Acc: 0.0833 | Val P/R/F1 (Macro): 0.0382/0.0694/0.0419 | LR: 0.000008
  >>> New Best Val Acc: 0.0833
Epoch [2/100] | Loss: 3.8280 (Cls: 3.8115, TAL: -0.1592, Adv: 0.4575) | Train Acc: 0.1250 | Val Acc: 0.3056 | Val P/R/F1 (Macro): 0.2025/0.2250/0.2090 | LR: 0.000008
  >>> New Best Val Acc: 0.3056
Epoch [3/100] | Loss: 3.3746 (Cls: 3.3615, TAL: -0.0899, Adv: 0.3345) | Train Acc: 0.2031 | Val Acc: 0.3056 | Val P/R/F1 (Macro): 0.2394/0.2333/0.2139 | LR: 0.000008
Epoch [4/100] | Loss: 3.1617 (Cls: 3.1603, TAL: -0.1893, Adv: 0.1798) | Train Acc: 0.3281 | Val Acc: 0.2500 | Val P/R/F1 (Macro): 0.2401/0.2083/0.1508 | LR: 0.000008
Epoch [5/100] | Loss: 2.9453 (Cls: 2.9441, TAL: -0.1102, Adv: 0.1117) | Train Acc: 0.3516 | Val Acc: 0.4444 | Val P/R/F1 (Macro): 0.2605/0.2870/0.2220 | LR: 0.000008
  >>> New Best Val Acc: 0.4444
Epoch [6/100] | Loss: 2.5633 (Cls: 2.5634, TAL: -0.0899, Adv: 0.0688) | Train Acc: 0.4688 | Val Acc: 0.5000 | Val P/R/F1 (Macro): 0.3626/0.3843/0.3412 | LR: 0.000008
  >>> New Best Val Acc: 0.5000
Epoch [7/100] | Loss: 2.5969 (Cls: 2.6002, TAL: -0.1269, Adv: 0.0340) | Train Acc: 0.4297 | Val Acc: 0.5833 | Val P/R/F1 (Macro): 0.4764/0.4491/0.4180 | LR: 0.000008
  >>> New Best Val Acc: 0.5833
Epoch [8/100] | Loss: 2.4636 (Cls: 2.4673, TAL: -0.1261, Adv: 0.0269) | Train Acc: 0.5547 | Val Acc: 0.8333 | Val P/R/F1 (Macro): 0.7897/0.8472/0.8091 | LR: 0.000008
  >>> New Best Val Acc: 0.8333
Epoch [9/100] | Loss: 2.3440 (Cls: 2.3483, TAL: -0.1294, Adv: 0.0173) | Train Acc: 0.5156 | Val Acc: 0.7500 | Val P/R/F1 (Macro): 0.7372/0.7454/0.6942 | LR: 0.000008
Epoch [10/100] | Loss: 2.2984 (Cls: 2.3013, TAL: -0.0873, Adv: 0.0112) | Train Acc: 0.5391 | Val Acc: 0.7222 | Val P/R/F1 (Macro): 0.7194/0.7546/0.6892 | LR: 0.000008
Epoch [11/100] | Loss: 2.1247 (Cls: 2.1314, TAL: -0.1776, Adv: 0.0076) | Train Acc: 0.5703 | Val Acc: 0.7222 | Val P/R/F1 (Macro): 0.6958/0.7583/0.6656 | LR: 0.000008
Epoch [12/100] | Loss: 2.1279 (Cls: 2.1384, TAL: -0.2763, Adv: 0.0110) | Train Acc: 0.5547 | Val Acc: 0.7500 | Val P/R/F1 (Macro): 0.7519/0.7944/0.7384 | LR: 0.000008
Epoch [13/100] | Loss: 1.9447 (Cls: 1.9510, TAL: -0.1667, Adv: 0.0070) | Train Acc: 0.5781 | Val Acc: 0.8056 | Val P/R/F1 (Macro): 0.8639/0.8306/0.8105 | LR: 0.000008
Epoch [14/100] | Loss: 1.7544 (Cls: 1.7607, TAL: -0.1672, Adv: 0.0075) | Train Acc: 0.7500 | Val Acc: 0.7222 | Val P/R/F1 (Macro): 0.6281/0.6583/0.6217 | LR: 0.000008
Epoch [15/100] | Loss: 1.8763 (Cls: 1.8827, TAL: -0.1667, Adv: 0.0051) | Train Acc: 0.6562 | Val Acc: 0.6389 | Val P/R/F1 (Macro): 0.4770/0.5843/0.5185 | LR: 0.000008
Epoch [16/100] | Loss: 1.8897 (Cls: 1.8954, TAL: -0.1469, Adv: 0.0034) | Train Acc: 0.6172 | Val Acc: 0.7500 | Val P/R/F1 (Macro): 0.7318/0.7731/0.7325 | LR: 0.000008
Epoch [17/100] | Loss: 1.8328 (Cls: 1.8427, TAL: -0.2546, Adv: 0.0042) | Train Acc: 0.6719 | Val Acc: 0.7778 | Val P/R/F1 (Macro): 0.7136/0.8056/0.7293 | LR: 0.000008
Epoch [18/100] | Loss: 1.6885 (Cls: 1.6987, TAL: -0.2576, Adv: 0.0033) | Train Acc: 0.7188 | Val Acc: 0.7778 | Val P/R/F1 (Macro): 0.8000/0.8028/0.7571 | LR: 0.000008
Epoch [19/100] | Loss: 1.6498 (Cls: 1.6588, TAL: -0.2290, Adv: 0.0046) | Train Acc: 0.7266 | Val Acc: 0.8333 | Val P/R/F1 (Macro): 0.8778/0.8583/0.8329 | LR: 0.000004
Epoch [20/100] | Loss: 1.7550 (Cls: 1.7659, TAL: -0.2775, Adv: 0.0042) | Train Acc: 0.6562 | Val Acc: 0.8611 | Val P/R/F1 (Macro): 0.9127/0.8750/0.8598 | LR: 0.000004
  >>> New Best Val Acc: 0.8611
Epoch [21/100] | Loss: 1.4786 (Cls: 1.4833, TAL: -0.1215, Adv: 0.0032) | Train Acc: 0.7969 | Val Acc: 0.8333 | Val P/R/F1 (Macro): 0.8571/0.8472/0.8069 | LR: 0.000004
Epoch [22/100] | Loss: 1.4797 (Cls: 1.4880, TAL: -0.2124, Adv: 0.0023) | Train Acc: 0.7891 | Val Acc: 0.8333 | Val P/R/F1 (Macro): 0.8664/0.8472/0.8127 | LR: 0.000004
Epoch [23/100] | Loss: 1.4404 (Cls: 1.4473, TAL: -0.1778, Adv: 0.0046) | Train Acc: 0.7656 | Val Acc: 0.7500 | Val P/R/F1 (Macro): 0.7083/0.7778/0.6961 | LR: 0.000004
Epoch [24/100] | Loss: 1.4403 (Cls: 1.4469, TAL: -0.1717, Adv: 0.0040) | Train Acc: 0.8125 | Val Acc: 0.7778 | Val P/R/F1 (Macro): 0.7183/0.7917/0.7164 | LR: 0.000004
Epoch [25/100] | Loss: 1.4140 (Cls: 1.4193, TAL: -0.1376, Adv: 0.0026) | Train Acc: 0.8047 | Val Acc: 0.8333 | Val P/R/F1 (Macro): 0.8571/0.8472/0.8069 | LR: 0.000004
Epoch [26/100] | Loss: 1.4702 (Cls: 1.4740, TAL: -0.0984, Adv: 0.0023) | Train Acc: 0.8438 | Val Acc: 0.8333 | Val P/R/F1 (Macro): 0.8571/0.8472/0.8069 | LR: 0.000004
Epoch [27/100] | Loss: 1.4850 (Cls: 1.4856, TAL: -0.0175, Adv: 0.0018) | Train Acc: 0.7656 | Val Acc: 0.8611 | Val P/R/F1 (Macro): 0.8849/0.8750/0.8524 | LR: 0.000004
Epoch [28/100] | Loss: 1.3397 (Cls: 1.3422, TAL: -0.0664, Adv: 0.0025) | Train Acc: 0.8438 | Val Acc: 0.8611 | Val P/R/F1 (Macro): 0.9266/0.8750/0.8829 | LR: 0.000004
Epoch [29/100] | Loss: 1.3005 (Cls: 1.3014, TAL: -0.0249, Adv: 0.0018) | Train Acc: 0.8516 | Val Acc: 0.8889 | Val P/R/F1 (Macro): 0.9398/0.9028/0.9072 | LR: 0.000004
  >>> New Best Val Acc: 0.8889
Epoch [30/100] | Loss: 1.3818 (Cls: 1.3828, TAL: -0.0262, Adv: 0.0017) | Train Acc: 0.7969 | Val Acc: 0.8333 | Val P/R/F1 (Macro): 0.8047/0.7639/0.7661 | LR: 0.000004
Epoch [31/100] | Loss: 1.4612 (Cls: 1.4635, TAL: -0.0611, Adv: 0.0020) | Train Acc: 0.8203 | Val Acc: 0.8889 | Val P/R/F1 (Macro): 0.9405/0.9028/0.9053 | LR: 0.000004
Epoch [32/100] | Loss: 1.3536 (Cls: 1.3557, TAL: -0.0568, Adv: 0.0032) | Train Acc: 0.8359 | Val Acc: 0.8611 | Val P/R/F1 (Macro): 0.8849/0.8750/0.8524 | LR: 0.000004
Epoch [33/100] | Loss: 1.3584 (Cls: 1.3603, TAL: -0.0520, Adv: 0.0029) | Train Acc: 0.8203 | Val Acc: 0.8333 | Val P/R/F1 (Macro): 0.8571/0.8472/0.8069 | LR: 0.000004
Epoch [34/100] | Loss: 1.2478 (Cls: 1.2465, TAL: 0.0299, Adv: 0.0015) | Train Acc: 0.8984 | Val Acc: 0.8333 | Val P/R/F1 (Macro): 0.8571/0.8472/0.8069 | LR: 0.000004
Epoch [35/100] | Loss: 1.3563 (Cls: 1.3521, TAL: 0.1010, Adv: 0.0019) | Train Acc: 0.8203 | Val Acc: 0.8056 | Val P/R/F1 (Macro): 0.8571/0.8472/0.8045 | LR: 0.000004
Epoch [36/100] | Loss: 1.2996 (Cls: 1.2962, TAL: 0.0804, Adv: 0.0035) | Train Acc: 0.8516 | Val Acc: 0.8889 | Val P/R/F1 (Macro): 0.9405/0.9028/0.9053 | LR: 0.000004
Epoch [37/100] | Loss: 1.3470 (Cls: 1.3429, TAL: 0.1009, Adv: 0.0016) | Train Acc: 0.8203 | Val Acc: 0.8889 | Val P/R/F1 (Macro): 0.9405/0.9028/0.9053 | LR: 0.000004
Epoch [38/100] | Loss: 1.1999 (Cls: 1.1973, TAL: 0.0628, Adv: 0.0016) | Train Acc: 0.9062 | Val Acc: 0.8611 | Val P/R/F1 (Macro): 0.8810/0.8843/0.8585 | LR: 0.000004
Epoch [39/100] | Loss: 1.4314 (Cls: 1.4291, TAL: 0.0560, Adv: 0.0012) | Train Acc: 0.7656 | Val Acc: 0.8611 | Val P/R/F1 (Macro): 0.9266/0.8750/0.8829 | LR: 0.000004
Epoch [40/100] | Loss: 1.1743 (Cls: 1.1740, TAL: 0.0053, Adv: 0.0017) | Train Acc: 0.9062 | Val Acc: 0.8611 | Val P/R/F1 (Macro): 0.9266/0.8750/0.8829 | LR: 0.000002
Epoch [41/100] | Loss: 1.1993 (Cls: 1.1981, TAL: 0.0265, Adv: 0.0027) | Train Acc: 0.9062 | Val Acc: 0.8611 | Val P/R/F1 (Macro): 0.8849/0.8750/0.8524 | LR: 0.000002
Epoch [42/100] | Loss: 1.2154 (Cls: 1.2146, TAL: 0.0177, Adv: 0.0016) | Train Acc: 0.9219 | Val Acc: 0.8611 | Val P/R/F1 (Macro): 0.8849/0.8750/0.8524 | LR: 0.000002
Epoch [43/100] | Loss: 1.0824 (Cls: 1.0807, TAL: 0.0383, Adv: 0.0016) | Train Acc: 0.9531 | Val Acc: 0.8611 | Val P/R/F1 (Macro): 0.8849/0.8750/0.8524 | LR: 0.000002
Epoch [44/100] | Loss: 1.2514 (Cls: 1.2503, TAL: 0.0257, Adv: 0.0013) | Train Acc: 0.8672 | Val Acc: 0.8611 | Val P/R/F1 (Macro): 0.8849/0.8750/0.8524 | LR: 0.000002
Epoch [45/100] | Loss: 1.2057 (Cls: 1.2054, TAL: 0.0055, Adv: 0.0009) | Train Acc: 0.8750 | Val Acc: 0.8611 | Val P/R/F1 (Macro): 0.8849/0.8750/0.8524 | LR: 0.000002
Epoch [46/100] | Loss: 1.1850 (Cls: 1.1844, TAL: 0.0133, Adv: 0.0016) | Train Acc: 0.8984 | Val Acc: 0.8611 | Val P/R/F1 (Macro): 0.8849/0.8750/0.8524 | LR: 0.000002
Epoch [47/100] | Loss: 1.1460 (Cls: 1.1451, TAL: 0.0215, Adv: 0.0010) | Train Acc: 0.9219 | Val Acc: 0.8611 | Val P/R/F1 (Macro): 0.8849/0.8750/0.8524 | LR: 0.000002
Epoch [48/100] | Loss: 1.1860 (Cls: 1.1867, TAL: -0.0185, Adv: 0.0012) | Train Acc: 0.9219 | Val Acc: 0.8889 | Val P/R/F1 (Macro): 0.9405/0.9028/0.9053 | LR: 0.000002
Epoch [49/100] | Loss: 1.1455 (Cls: 1.1449, TAL: 0.0129, Adv: 0.0009) | Train Acc: 0.9219 | Val Acc: 0.8889 | Val P/R/F1 (Macro): 0.9405/0.9028/0.9053 | LR: 0.000002
Epoch [50/100] | Loss: 1.2413 (Cls: 1.2409, TAL: 0.0084, Adv: 0.0010) | Train Acc: 0.8984 | Val Acc: 0.8889 | Val P/R/F1 (Macro): 0.9405/0.9028/0.9053 | LR: 0.000002
Epoch [51/100] | Loss: 1.1176 (Cls: 1.1195, TAL: -0.0505, Adv: 0.0012) | Train Acc: 0.8906 | Val Acc: 0.8889 | Val P/R/F1 (Macro): 0.9405/0.9028/0.9053 | LR: 0.000001
Epoch [52/100] | Loss: 1.0977 (Cls: 1.0963, TAL: 0.0340, Adv: 0.0008) | Train Acc: 0.9297 | Val Acc: 0.9167 | Val P/R/F1 (Macro): 0.9524/0.9167/0.9200 | LR: 0.000001
  >>> New Best Val Acc: 0.9167
Epoch [53/100] | Loss: 1.0750 (Cls: 1.0748, TAL: 0.0035, Adv: 0.0013) | Train Acc: 0.9375 | Val Acc: 0.9167 | Val P/R/F1 (Macro): 0.9524/0.9167/0.9200 | LR: 0.000001
Epoch [54/100] | Loss: 1.2136 (Cls: 1.2143, TAL: -0.0201, Adv: 0.0010) | Train Acc: 0.9219 | Val Acc: 0.8889 | Val P/R/F1 (Macro): 0.9405/0.9028/0.9053 | LR: 0.000001
Epoch [55/100] | Loss: 1.1294 (Cls: 1.1316, TAL: -0.0577, Adv: 0.0011) | Train Acc: 0.9609 | Val Acc: 0.8889 | Val P/R/F1 (Macro): 0.9405/0.9028/0.9053 | LR: 0.000001
Epoch [56/100] | Loss: 1.1410 (Cls: 1.1403, TAL: 0.0150, Adv: 0.0014) | Train Acc: 0.9219 | Val Acc: 0.8889 | Val P/R/F1 (Macro): 0.9405/0.9028/0.9053 | LR: 0.000001
Epoch [57/100] | Loss: 1.1476 (Cls: 1.1490, TAL: -0.0360, Adv: 0.0010) | Train Acc: 0.9141 | Val Acc: 0.8889 | Val P/R/F1 (Macro): 0.9405/0.9028/0.9053 | LR: 0.000001
Epoch [58/100] | Loss: 1.1081 (Cls: 1.1073, TAL: 0.0177, Adv: 0.0011) | Train Acc: 0.9453 | Val Acc: 0.8889 | Val P/R/F1 (Macro): 0.9405/0.9028/0.9053 | LR: 0.000001
Epoch [59/100] | Loss: 1.0699 (Cls: 1.0711, TAL: -0.0308, Adv: 0.0010) | Train Acc: 0.9453 | Val Acc: 0.8889 | Val P/R/F1 (Macro): 0.9405/0.9028/0.9053 | LR: 0.000001
Epoch [60/100] | Loss: 1.1829 (Cls: 1.1831, TAL: -0.0075, Adv: 0.0012) | Train Acc: 0.8984 | Val Acc: 0.8611 | Val P/R/F1 (Macro): 0.8849/0.8889/0.8598 | LR: 0.000001
Epoch [61/100] | Loss: 1.1211 (Cls: 1.1243, TAL: -0.0820, Adv: 0.0015) | Train Acc: 0.9453 | Val Acc: 0.8611 | Val P/R/F1 (Macro): 0.8849/0.8889/0.8598 | LR: 0.000001
Epoch [62/100] | Loss: 1.1481 (Cls: 1.1479, TAL: 0.0060, Adv: 0.0006) | Train Acc: 0.8906 | Val Acc: 0.8889 | Val P/R/F1 (Macro): 0.8968/0.9028/0.8756 | LR: 0.000001
Epoch [63/100] | Loss: 1.1310 (Cls: 1.1324, TAL: -0.0380, Adv: 0.0007) | Train Acc: 0.9375 | Val Acc: 0.8889 | Val P/R/F1 (Macro): 0.8968/0.9028/0.8756 | LR: 0.000001
Epoch [64/100] | Loss: 1.0562 (Cls: 1.0580, TAL: -0.0470, Adv: 0.0009) | Train Acc: 0.9609 | Val Acc: 0.8889 | Val P/R/F1 (Macro): 0.8968/0.9028/0.8756 | LR: 0.000001
Epoch [65/100] | Loss: 1.0753 (Cls: 1.0786, TAL: -0.0823, Adv: 0.0010) | Train Acc: 0.9375 | Val Acc: 0.8889 | Val P/R/F1 (Macro): 0.8968/0.9028/0.8756 | LR: 0.000001
Epoch [66/100] | Loss: 1.0925 (Cls: 1.0944, TAL: -0.0493, Adv: 0.0009) | Train Acc: 0.9375 | Val Acc: 0.8889 | Val P/R/F1 (Macro): 0.8968/0.9028/0.8756 | LR: 0.000001
Epoch [67/100] | Loss: 1.1110 (Cls: 1.1118, TAL: -0.0212, Adv: 0.0006) | Train Acc: 0.9453 | Val Acc: 0.8611 | Val P/R/F1 (Macro): 0.8783/0.8750/0.8412 | LR: 0.000001
Epoch [68/100] | Loss: 1.1412 (Cls: 1.1423, TAL: -0.0277, Adv: 0.0008) | Train Acc: 0.8984 | Val Acc: 0.8889 | Val P/R/F1 (Macro): 0.8968/0.9028/0.8756 | LR: 0.000001
Epoch [69/100] | Loss: 1.1460 (Cls: 1.1457, TAL: 0.0061, Adv: 0.0006) | Train Acc: 0.8984 | Val Acc: 0.8889 | Val P/R/F1 (Macro): 0.8968/0.9028/0.8756 | LR: 0.000001
Epoch [70/100] | Loss: 1.1152 (Cls: 1.1188, TAL: -0.0895, Adv: 0.0008) | Train Acc: 0.9453 | Val Acc: 0.8611 | Val P/R/F1 (Macro): 0.8783/0.8750/0.8412 | LR: 0.000001
Epoch [71/100] | Loss: 1.0789 (Cls: 1.0802, TAL: -0.0319, Adv: 0.0005) | Train Acc: 0.9531 | Val Acc: 0.8611 | Val P/R/F1 (Macro): 0.8783/0.8750/0.8412 | LR: 0.000001
Epoch [72/100] | Loss: 1.1015 (Cls: 1.1021, TAL: -0.0164, Adv: 0.0006) | Train Acc: 0.9141 | Val Acc: 0.8889 | Val P/R/F1 (Macro): 0.8968/0.9028/0.8756 | LR: 0.000001
Epoch [73/100] | Loss: 1.1403 (Cls: 1.1408, TAL: -0.0136, Adv: 0.0008) | Train Acc: 0.9219 | Val Acc: 0.8611 | Val P/R/F1 (Macro): 0.8783/0.8750/0.8412 | LR: 0.000001
Epoch [74/100] | Loss: 1.0534 (Cls: 1.0544, TAL: -0.0263, Adv: 0.0011) | Train Acc: 0.9688 | Val Acc: 0.9167 | Val P/R/F1 (Macro): 0.9524/0.9167/0.9200 | LR: 0.000001
Epoch [75/100] | Loss: 1.0267 (Cls: 1.0251, TAL: 0.0391, Adv: 0.0006) | Train Acc: 0.9766 | Val Acc: 0.9167 | Val P/R/F1 (Macro): 0.9524/0.9167/0.9200 | LR: 0.000001
Epoch [76/100] | Loss: 1.1668 (Cls: 1.1682, TAL: -0.0365, Adv: 0.0006) | Train Acc: 0.9062 | Val Acc: 0.9167 | Val P/R/F1 (Macro): 0.9524/0.9167/0.9200 | LR: 0.000001
Epoch [77/100] | Loss: 1.1404 (Cls: 1.1391, TAL: 0.0319, Adv: 0.0006) | Train Acc: 0.9297 | Val Acc: 0.9167 | Val P/R/F1 (Macro): 0.9524/0.9167/0.9200 | LR: 0.000001
Epoch [78/100] | Loss: 1.1215 (Cls: 1.1230, TAL: -0.0384, Adv: 0.0006) | Train Acc: 0.9453 | Val Acc: 0.9167 | Val P/R/F1 (Macro): 0.9524/0.9167/0.9200 | LR: 0.000001
Epoch [79/100] | Loss: 1.0741 (Cls: 1.0728, TAL: 0.0296, Adv: 0.0005) | Train Acc: 0.9531 | Val Acc: 0.8889 | Val P/R/F1 (Macro): 0.8968/0.9028/0.8756 | LR: 0.000001
Epoch [80/100] | Loss: 1.0727 (Cls: 1.0721, TAL: 0.0151, Adv: 0.0004) | Train Acc: 0.9375 | Val Acc: 0.9167 | Val P/R/F1 (Macro): 0.9524/0.9167/0.9200 | LR: 0.000001
Epoch [81/100] | Loss: 1.1074 (Cls: 1.1085, TAL: -0.0270, Adv: 0.0004) | Train Acc: 0.9141 | Val Acc: 0.8889 | Val P/R/F1 (Macro): 0.9405/0.9028/0.9053 | LR: 0.000001
Epoch [82/100] | Loss: 1.0410 (Cls: 1.0384, TAL: 0.0637, Adv: 0.0008) | Train Acc: 0.9688 | Val Acc: 0.9167 | Val P/R/F1 (Macro): 0.9524/0.9167/0.9200 | LR: 0.000001
Epoch [83/100] | Loss: 1.0714 (Cls: 1.0700, TAL: 0.0353, Adv: 0.0005) | Train Acc: 0.9531 | Val Acc: 0.9167 | Val P/R/F1 (Macro): 0.9524/0.9167/0.9200 | LR: 0.000001
Epoch [84/100] | Loss: 1.1781 (Cls: 1.1789, TAL: -0.0219, Adv: 0.0006) | Train Acc: 0.8516 | Val Acc: 0.9167 | Val P/R/F1 (Macro): 0.9524/0.9167/0.9200 | LR: 0.000001
Epoch [85/100] | Loss: 1.1614 (Cls: 1.1621, TAL: -0.0160, Adv: 0.0005) | Train Acc: 0.8750 | Val Acc: 0.9167 | Val P/R/F1 (Macro): 0.9524/0.9167/0.9200 | LR: 0.000001
Epoch [86/100] | Loss: 1.1054 (Cls: 1.1041, TAL: 0.0333, Adv: 0.0004) | Train Acc: 0.9219 | Val Acc: 0.9167 | Val P/R/F1 (Macro): 0.9524/0.9167/0.9200 | LR: 0.000001
Epoch [87/100] | Loss: 1.1345 (Cls: 1.1327, TAL: 0.0448, Adv: 0.0003) | Train Acc: 0.8984 | Val Acc: 0.8889 | Val P/R/F1 (Macro): 0.8968/0.9028/0.8756 | LR: 0.000001
Epoch [88/100] | Loss: 1.0885 (Cls: 1.0874, TAL: 0.0267, Adv: 0.0003) | Train Acc: 0.9375 | Val Acc: 0.9167 | Val P/R/F1 (Macro): 0.9524/0.9167/0.9200 | LR: 0.000001
Epoch [89/100] | Loss: 1.0940 (Cls: 1.0928, TAL: 0.0297, Adv: 0.0003) | Train Acc: 0.9453 | Val Acc: 0.8889 | Val P/R/F1 (Macro): 0.8968/0.9028/0.8756 | LR: 0.000001
Epoch [90/100] | Loss: 1.0599 (Cls: 1.0600, TAL: -0.0027, Adv: 0.0003) | Train Acc: 0.9453 | Val Acc: 0.9167 | Val P/R/F1 (Macro): 0.9524/0.9167/0.9200 | LR: 0.000001
Epoch [91/100] | Loss: 1.1439 (Cls: 1.1437, TAL: 0.0065, Adv: 0.0003) | Train Acc: 0.8906 | Val Acc: 0.9167 | Val P/R/F1 (Macro): 0.9524/0.9167/0.9200 | LR: 0.000001
Epoch [92/100] | Loss: 1.1258 (Cls: 1.1264, TAL: -0.0166, Adv: 0.0003) | Train Acc: 0.9375 | Val Acc: 0.8889 | Val P/R/F1 (Macro): 0.8968/0.9028/0.8756 | LR: 0.000001
Epoch [93/100] | Loss: 1.0480 (Cls: 1.0490, TAL: -0.0249, Adv: 0.0004) | Train Acc: 0.9688 | Val Acc: 0.8889 | Val P/R/F1 (Macro): 0.8968/0.8889/0.8671 | LR: 0.000001
Epoch [94/100] | Loss: 1.0496 (Cls: 1.0481, TAL: 0.0385, Adv: 0.0004) | Train Acc: 0.9453 | Val Acc: 0.8889 | Val P/R/F1 (Macro): 0.8968/0.8889/0.8671 | LR: 0.000001
Epoch [95/100] | Loss: 1.0119 (Cls: 1.0111, TAL: 0.0211, Adv: 0.0003) | Train Acc: 0.9688 | Val Acc: 0.8889 | Val P/R/F1 (Macro): 0.8968/0.8889/0.8671 | LR: 0.000001
Epoch [96/100] | Loss: 1.0236 (Cls: 1.0271, TAL: -0.0869, Adv: 0.0004) | Train Acc: 0.9844 | Val Acc: 0.8889 | Val P/R/F1 (Macro): 0.8968/0.8889/0.8671 | LR: 0.000001
Epoch [97/100] | Loss: 1.0923 (Cls: 1.0910, TAL: 0.0318, Adv: 0.0003) | Train Acc: 0.9219 | Val Acc: 0.8889 | Val P/R/F1 (Macro): 0.8968/0.8889/0.8671 | LR: 0.000001
Epoch [98/100] | Loss: 1.0776 (Cls: 1.0777, TAL: -0.0022, Adv: 0.0003) | Train Acc: 0.9297 | Val Acc: 0.8889 | Val P/R/F1 (Macro): 0.8968/0.8889/0.8671 | LR: 0.000001
Epoch [99/100] | Loss: 1.0829 (Cls: 1.0833, TAL: -0.0121, Adv: 0.0003) | Train Acc: 0.9453 | Val Acc: 0.8611 | Val P/R/F1 (Macro): 0.8783/0.8750/0.8412 | LR: 0.000001
Epoch [100/100] | Loss: 1.1251 (Cls: 1.1242, TAL: 0.0220, Adv: 0.0005) | Train Acc: 0.9453 | Val Acc: 0.8611 | Val P/R/F1 (Macro): 0.8783/0.8750/0.8412 | LR: 0.000001
Report strategy: last_window, window=10, reported_acc=0.8861, best_acc=0.9167

迭代 4 报告指标:
  Accuracy: 0.8861
  Precision (Macro): 0.8987
  Recall (Macro): 0.8903
  F1 (Macro): 0.8681
  Precision (Micro): 0.8861
  Recall (Micro): 0.8861
  F1 (Micro): 0.8861
  Val class coverage: 9/14 (0.6429), samples=36

================================================================================
迭代 5/5
随机种子: 46
================================================================================
Training mode: unpaired target adaptation with controlled target-label loss (ratio=0.28, weight=0.45).
Fixed labeled target subset: 36/128 samples.
INFO:Tensor:参数初始化完成：正交初始化
Feature fusion: Tensor alignment (512+512 -> 128+128); fused_dim=256
Domain adaptation: standard source-target adversarial training, no generator
Loss weights: tensor=0.04, adv=0.05
Epoch [1/100] | Loss: 4.6081 (Cls: 4.5771, TAL: -0.2232, Adv: 0.7978) | Train Acc: 0.0859 | Val Acc: 0.1111 | Val P/R/F1 (Macro): 0.1270/0.0944/0.0701 | LR: 0.000008
  >>> New Best Val Acc: 0.1111
Epoch [2/100] | Loss: 3.7440 (Cls: 3.7371, TAL: -0.2739, Adv: 0.3580) | Train Acc: 0.2422 | Val Acc: 0.2500 | Val P/R/F1 (Macro): 0.1741/0.1639/0.1267 | LR: 0.000008
  >>> New Best Val Acc: 0.2500
Epoch [3/100] | Loss: 3.3006 (Cls: 3.2968, TAL: -0.1563, Adv: 0.2008) | Train Acc: 0.2812 | Val Acc: 0.2222 | Val P/R/F1 (Macro): 0.1754/0.1667/0.1123 | LR: 0.000008
Epoch [4/100] | Loss: 3.0719 (Cls: 3.0670, TAL: -0.0438, Adv: 0.1345) | Train Acc: 0.2500 | Val Acc: 0.5000 | Val P/R/F1 (Macro): 0.3576/0.3769/0.3465 | LR: 0.000008
  >>> New Best Val Acc: 0.5000
Epoch [5/100] | Loss: 2.8019 (Cls: 2.7935, TAL: 0.1083, Adv: 0.0808) | Train Acc: 0.4531 | Val Acc: 0.3056 | Val P/R/F1 (Macro): 0.0687/0.2083/0.1021 | LR: 0.000008
Epoch [6/100] | Loss: 2.8476 (Cls: 2.8361, TAL: 0.2093, Adv: 0.0620) | Train Acc: 0.3906 | Val Acc: 0.5556 | Val P/R/F1 (Macro): 0.5022/0.4787/0.4542 | LR: 0.000008
  >>> New Best Val Acc: 0.5556
Epoch [7/100] | Loss: 2.7831 (Cls: 2.7736, TAL: 0.1795, Adv: 0.0460) | Train Acc: 0.4062 | Val Acc: 0.5833 | Val P/R/F1 (Macro): 0.5031/0.4870/0.4341 | LR: 0.000008
  >>> New Best Val Acc: 0.5833
Epoch [8/100] | Loss: 2.5499 (Cls: 2.5402, TAL: 0.2009, Adv: 0.0321) | Train Acc: 0.4609 | Val Acc: 0.6389 | Val P/R/F1 (Macro): 0.4926/0.5389/0.5047 | LR: 0.000008
  >>> New Best Val Acc: 0.6389
Epoch [9/100] | Loss: 2.3653 (Cls: 2.3557, TAL: 0.2094, Adv: 0.0247) | Train Acc: 0.5625 | Val Acc: 0.5833 | Val P/R/F1 (Macro): 0.3968/0.4741/0.4155 | LR: 0.000008
Epoch [10/100] | Loss: 2.2130 (Cls: 2.2013, TAL: 0.2611, Adv: 0.0243) | Train Acc: 0.5625 | Val Acc: 0.6389 | Val P/R/F1 (Macro): 0.5389/0.5398/0.5063 | LR: 0.000008
Epoch [11/100] | Loss: 2.1551 (Cls: 2.1469, TAL: 0.1867, Adv: 0.0144) | Train Acc: 0.5703 | Val Acc: 0.6667 | Val P/R/F1 (Macro): 0.6209/0.5583/0.5382 | LR: 0.000008
  >>> New Best Val Acc: 0.6667
Epoch [12/100] | Loss: 2.2176 (Cls: 2.2107, TAL: 0.1578, Adv: 0.0126) | Train Acc: 0.5469 | Val Acc: 0.7222 | Val P/R/F1 (Macro): 0.6635/0.6778/0.6539 | LR: 0.000008
  >>> New Best Val Acc: 0.7222
Epoch [13/100] | Loss: 1.9880 (Cls: 1.9865, TAL: 0.0272, Adv: 0.0097) | Train Acc: 0.6250 | Val Acc: 0.6944 | Val P/R/F1 (Macro): 0.6293/0.6370/0.5955 | LR: 0.000008
Epoch [14/100] | Loss: 2.1527 (Cls: 2.1507, TAL: 0.0405, Adv: 0.0082) | Train Acc: 0.5391 | Val Acc: 0.6667 | Val P/R/F1 (Macro): 0.5938/0.6667/0.5957 | LR: 0.000008
Epoch [15/100] | Loss: 2.0901 (Cls: 2.0875, TAL: 0.0581, Adv: 0.0058) | Train Acc: 0.5312 | Val Acc: 0.8056 | Val P/R/F1 (Macro): 0.6421/0.6778/0.6497 | LR: 0.000008
  >>> New Best Val Acc: 0.8056
Epoch [16/100] | Loss: 1.8711 (Cls: 1.8683, TAL: 0.0602, Adv: 0.0061) | Train Acc: 0.6875 | Val Acc: 0.7500 | Val P/R/F1 (Macro): 0.5327/0.5944/0.5397 | LR: 0.000008
Epoch [17/100] | Loss: 1.8495 (Cls: 1.8432, TAL: 0.1519, Adv: 0.0052) | Train Acc: 0.6250 | Val Acc: 0.6667 | Val P/R/F1 (Macro): 0.4550/0.5259/0.4670 | LR: 0.000008
Epoch [18/100] | Loss: 1.6969 (Cls: 1.6894, TAL: 0.1782, Adv: 0.0060) | Train Acc: 0.7188 | Val Acc: 0.7222 | Val P/R/F1 (Macro): 0.7414/0.6824/0.6642 | LR: 0.000008
Epoch [19/100] | Loss: 1.5532 (Cls: 1.5492, TAL: 0.0926, Adv: 0.0052) | Train Acc: 0.8359 | Val Acc: 0.8333 | Val P/R/F1 (Macro): 0.7746/0.7657/0.7518 | LR: 0.000008
  >>> New Best Val Acc: 0.8333
Epoch [20/100] | Loss: 1.5015 (Cls: 1.4978, TAL: 0.0821, Adv: 0.0071) | Train Acc: 0.8281 | Val Acc: 0.8611 | Val P/R/F1 (Macro): 0.8852/0.8954/0.8831 | LR: 0.000008
  >>> New Best Val Acc: 0.8611
Epoch [21/100] | Loss: 1.6264 (Cls: 1.6252, TAL: 0.0207, Adv: 0.0071) | Train Acc: 0.7500 | Val Acc: 0.7778 | Val P/R/F1 (Macro): 0.8166/0.8324/0.7731 | LR: 0.000008
Epoch [22/100] | Loss: 1.5660 (Cls: 1.5652, TAL: 0.0126, Adv: 0.0056) | Train Acc: 0.7500 | Val Acc: 0.9167 | Val P/R/F1 (Macro): 0.9333/0.9278/0.9162 | LR: 0.000008
  >>> New Best Val Acc: 0.9167
Epoch [23/100] | Loss: 1.5894 (Cls: 1.5879, TAL: 0.0312, Adv: 0.0065) | Train Acc: 0.7969 | Val Acc: 0.8056 | Val P/R/F1 (Macro): 0.7045/0.7750/0.7146 | LR: 0.000008
Epoch [24/100] | Loss: 1.5563 (Cls: 1.5508, TAL: 0.1267, Adv: 0.0075) | Train Acc: 0.7734 | Val Acc: 0.8333 | Val P/R/F1 (Macro): 0.8532/0.8778/0.8289 | LR: 0.000008
Epoch [25/100] | Loss: 1.4210 (Cls: 1.4139, TAL: 0.1741, Adv: 0.0026) | Train Acc: 0.8281 | Val Acc: 0.8611 | Val P/R/F1 (Macro): 0.8638/0.9000/0.8634 | LR: 0.000008
Epoch [26/100] | Loss: 1.5202 (Cls: 1.5153, TAL: 0.1169, Adv: 0.0043) | Train Acc: 0.7578 | Val Acc: 0.8333 | Val P/R/F1 (Macro): 0.8413/0.8815/0.8419 | LR: 0.000008
Epoch [27/100] | Loss: 1.2711 (Cls: 1.2643, TAL: 0.1654, Adv: 0.0040) | Train Acc: 0.8516 | Val Acc: 0.8611 | Val P/R/F1 (Macro): 0.7722/0.8028/0.7735 | LR: 0.000008
Epoch [28/100] | Loss: 1.3114 (Cls: 1.3039, TAL: 0.1814, Adv: 0.0039) | Train Acc: 0.8438 | Val Acc: 0.8333 | Val P/R/F1 (Macro): 0.7813/0.7750/0.7575 | LR: 0.000008
Epoch [29/100] | Loss: 1.3866 (Cls: 1.3815, TAL: 0.1219, Adv: 0.0039) | Train Acc: 0.8359 | Val Acc: 0.6944 | Val P/R/F1 (Macro): 0.6515/0.6657/0.5947 | LR: 0.000008
Epoch [30/100] | Loss: 1.4316 (Cls: 1.4253, TAL: 0.1503, Adv: 0.0068) | Train Acc: 0.7812 | Val Acc: 0.7500 | Val P/R/F1 (Macro): 0.8492/0.8037/0.7870 | LR: 0.000008
Epoch [31/100] | Loss: 1.3343 (Cls: 1.3269, TAL: 0.1805, Adv: 0.0037) | Train Acc: 0.8594 | Val Acc: 0.8333 | Val P/R/F1 (Macro): 0.8113/0.8028/0.7842 | LR: 0.000008
Epoch [32/100] | Loss: 1.3449 (Cls: 1.3353, TAL: 0.2344, Adv: 0.0039) | Train Acc: 0.8359 | Val Acc: 0.8056 | Val P/R/F1 (Macro): 0.7827/0.7843/0.7579 | LR: 0.000008
Epoch [33/100] | Loss: 1.2826 (Cls: 1.2754, TAL: 0.1773, Adv: 0.0030) | Train Acc: 0.8672 | Val Acc: 0.8056 | Val P/R/F1 (Macro): 0.7587/0.7519/0.7435 | LR: 0.000004
Epoch [34/100] | Loss: 1.3739 (Cls: 1.3676, TAL: 0.1542, Adv: 0.0033) | Train Acc: 0.8594 | Val Acc: 0.8611 | Val P/R/F1 (Macro): 0.8611/0.9000/0.8656 | LR: 0.000004
Epoch [35/100] | Loss: 1.1697 (Cls: 1.1617, TAL: 0.1970, Adv: 0.0028) | Train Acc: 0.9297 | Val Acc: 0.8611 | Val P/R/F1 (Macro): 0.8611/0.9000/0.8656 | LR: 0.000004
Epoch [36/100] | Loss: 1.2249 (Cls: 1.2187, TAL: 0.1502, Adv: 0.0028) | Train Acc: 0.8828 | Val Acc: 0.8611 | Val P/R/F1 (Macro): 0.9028/0.8954/0.8945 | LR: 0.000004
Epoch [37/100] | Loss: 1.1918 (Cls: 1.1865, TAL: 0.1316, Adv: 0.0023) | Train Acc: 0.9375 | Val Acc: 0.8611 | Val P/R/F1 (Macro): 0.9028/0.8954/0.8945 | LR: 0.000004
Epoch [38/100] | Loss: 1.2145 (Cls: 1.2092, TAL: 0.1311, Adv: 0.0018) | Train Acc: 0.8750 | Val Acc: 0.8333 | Val P/R/F1 (Macro): 0.8823/0.8815/0.8778 | LR: 0.000004
Epoch [39/100] | Loss: 1.1624 (Cls: 1.1600, TAL: 0.0574, Adv: 0.0024) | Train Acc: 0.9141 | Val Acc: 0.8333 | Val P/R/F1 (Macro): 0.7944/0.8861/0.8139 | LR: 0.000004
Epoch [40/100] | Loss: 1.1904 (Cls: 1.1869, TAL: 0.0858, Adv: 0.0023) | Train Acc: 0.8906 | Val Acc: 0.8333 | Val P/R/F1 (Macro): 0.7944/0.8861/0.8139 | LR: 0.000004
Epoch [41/100] | Loss: 1.1441 (Cls: 1.1407, TAL: 0.0832, Adv: 0.0020) | Train Acc: 0.9219 | Val Acc: 0.8056 | Val P/R/F1 (Macro): 0.8310/0.8676/0.8207 | LR: 0.000004
Epoch [42/100] | Loss: 1.1134 (Cls: 1.1127, TAL: 0.0154, Adv: 0.0020) | Train Acc: 0.9609 | Val Acc: 0.8333 | Val P/R/F1 (Macro): 0.8389/0.8815/0.8365 | LR: 0.000004
Epoch [43/100] | Loss: 1.1525 (Cls: 1.1502, TAL: 0.0552, Adv: 0.0020) | Train Acc: 0.8984 | Val Acc: 0.8056 | Val P/R/F1 (Macro): 0.7198/0.7704/0.7260 | LR: 0.000004
Epoch [44/100] | Loss: 1.1488 (Cls: 1.1460, TAL: 0.0640, Adv: 0.0064) | Train Acc: 0.9062 | Val Acc: 0.8333 | Val P/R/F1 (Macro): 0.7556/0.7981/0.7487 | LR: 0.000002
Epoch [45/100] | Loss: 1.1337 (Cls: 1.1309, TAL: 0.0666, Adv: 0.0022) | Train Acc: 0.9141 | Val Acc: 0.8333 | Val P/R/F1 (Macro): 0.7556/0.7981/0.7487 | LR: 0.000002
Epoch [46/100] | Loss: 1.1838 (Cls: 1.1794, TAL: 0.1082, Adv: 0.0022) | Train Acc: 0.9062 | Val Acc: 0.8333 | Val P/R/F1 (Macro): 0.7556/0.7981/0.7487 | LR: 0.000002
Epoch [47/100] | Loss: 1.1601 (Cls: 1.1580, TAL: 0.0494, Adv: 0.0019) | Train Acc: 0.9219 | Val Acc: 0.8889 | Val P/R/F1 (Macro): 0.8968/0.9278/0.8890 | LR: 0.000002
Epoch [48/100] | Loss: 1.0985 (Cls: 1.0943, TAL: 0.1035, Adv: 0.0024) | Train Acc: 0.9531 | Val Acc: 0.8889 | Val P/R/F1 (Macro): 0.8968/0.9278/0.8890 | LR: 0.000002
Epoch [49/100] | Loss: 1.1184 (Cls: 1.1176, TAL: 0.0161, Adv: 0.0034) | Train Acc: 0.9297 | Val Acc: 0.8889 | Val P/R/F1 (Macro): 0.8968/0.9278/0.8890 | LR: 0.000002
Epoch [50/100] | Loss: 1.1152 (Cls: 1.1102, TAL: 0.1213, Adv: 0.0030) | Train Acc: 0.9219 | Val Acc: 0.8056 | Val P/R/F1 (Macro): 0.8241/0.8630/0.8212 | LR: 0.000002
Epoch [51/100] | Loss: 1.0910 (Cls: 1.0891, TAL: 0.0438, Adv: 0.0020) | Train Acc: 0.9453 | Val Acc: 0.8611 | Val P/R/F1 (Macro): 0.8500/0.8954/0.8590 | LR: 0.000002
Epoch [52/100] | Loss: 1.0706 (Cls: 1.0658, TAL: 0.1168, Adv: 0.0016) | Train Acc: 0.9453 | Val Acc: 0.8611 | Val P/R/F1 (Macro): 0.8500/0.8769/0.8469 | LR: 0.000002
Epoch [53/100] | Loss: 1.1117 (Cls: 1.1093, TAL: 0.0559, Adv: 0.0029) | Train Acc: 0.9219 | Val Acc: 0.8611 | Val P/R/F1 (Macro): 0.8500/0.8769/0.8469 | LR: 0.000002
Epoch [54/100] | Loss: 1.1004 (Cls: 1.0977, TAL: 0.0666, Adv: 0.0015) | Train Acc: 0.9531 | Val Acc: 0.8889 | Val P/R/F1 (Macro): 0.9063/0.9139/0.9069 | LR: 0.000002
Epoch [55/100] | Loss: 1.1234 (Cls: 1.1204, TAL: 0.0722, Adv: 0.0019) | Train Acc: 0.9141 | Val Acc: 0.8889 | Val P/R/F1 (Macro): 0.8667/0.9139/0.8784 | LR: 0.000001
Epoch [56/100] | Loss: 1.1231 (Cls: 1.1189, TAL: 0.1027, Adv: 0.0019) | Train Acc: 0.9297 | Val Acc: 0.8889 | Val P/R/F1 (Macro): 0.8722/0.9139/0.8815 | LR: 0.000001
Epoch [57/100] | Loss: 1.1110 (Cls: 1.1061, TAL: 0.1209, Adv: 0.0013) | Train Acc: 0.9297 | Val Acc: 0.8611 | Val P/R/F1 (Macro): 0.8500/0.9000/0.8607 | LR: 0.000001
Epoch [58/100] | Loss: 1.0848 (Cls: 1.0822, TAL: 0.0629, Adv: 0.0011) | Train Acc: 0.9453 | Val Acc: 0.8611 | Val P/R/F1 (Macro): 0.8500/0.9000/0.8607 | LR: 0.000001
Epoch [59/100] | Loss: 1.1362 (Cls: 1.1327, TAL: 0.0858, Adv: 0.0023) | Train Acc: 0.9219 | Val Acc: 0.8611 | Val P/R/F1 (Macro): 0.8611/0.9000/0.8656 | LR: 0.000001
Epoch [60/100] | Loss: 1.0937 (Cls: 1.0929, TAL: 0.0179, Adv: 0.0019) | Train Acc: 0.9531 | Val Acc: 0.8333 | Val P/R/F1 (Macro): 0.8352/0.8815/0.8407 | LR: 0.000001
Epoch [61/100] | Loss: 1.1178 (Cls: 1.1171, TAL: 0.0166, Adv: 0.0020) | Train Acc: 0.8828 | Val Acc: 0.8611 | Val P/R/F1 (Macro): 0.8500/0.9000/0.8607 | LR: 0.000001
Epoch [62/100] | Loss: 1.0338 (Cls: 1.0302, TAL: 0.0898, Adv: 0.0012) | Train Acc: 0.9688 | Val Acc: 0.8889 | Val P/R/F1 (Macro): 0.8667/0.9139/0.8784 | LR: 0.000001
Epoch [63/100] | Loss: 1.0914 (Cls: 1.0881, TAL: 0.0796, Adv: 0.0012) | Train Acc: 0.9297 | Val Acc: 0.8611 | Val P/R/F1 (Macro): 0.8500/0.9000/0.8607 | LR: 0.000001
Epoch [64/100] | Loss: 1.1203 (Cls: 1.1172, TAL: 0.0771, Adv: 0.0017) | Train Acc: 0.9141 | Val Acc: 0.8611 | Val P/R/F1 (Macro): 0.8500/0.9000/0.8607 | LR: 0.000001
Epoch [65/100] | Loss: 1.0472 (Cls: 1.0442, TAL: 0.0732, Adv: 0.0012) | Train Acc: 0.9453 | Val Acc: 0.8889 | Val P/R/F1 (Macro): 0.8852/0.9278/0.8847 | LR: 0.000001
Epoch [66/100] | Loss: 1.1169 (Cls: 1.1123, TAL: 0.1140, Adv: 0.0012) | Train Acc: 0.9062 | Val Acc: 0.8889 | Val P/R/F1 (Macro): 0.8722/0.9139/0.8815 | LR: 0.000001
Epoch [67/100] | Loss: 1.1310 (Cls: 1.1251, TAL: 0.1465, Adv: 0.0010) | Train Acc: 0.9219 | Val Acc: 0.8889 | Val P/R/F1 (Macro): 0.8667/0.9139/0.8784 | LR: 0.000001
Epoch [68/100] | Loss: 1.0902 (Cls: 1.0881, TAL: 0.0499, Adv: 0.0016) | Train Acc: 0.9297 | Val Acc: 0.8611 | Val P/R/F1 (Macro): 0.8500/0.9000/0.8607 | LR: 0.000001
Epoch [69/100] | Loss: 1.0409 (Cls: 1.0384, TAL: 0.0619, Adv: 0.0013) | Train Acc: 0.9844 | Val Acc: 0.8333 | Val P/R/F1 (Macro): 0.8352/0.8815/0.8407 | LR: 0.000001
Epoch [70/100] | Loss: 1.0431 (Cls: 1.0411, TAL: 0.0480, Adv: 0.0014) | Train Acc: 0.9688 | Val Acc: 0.8611 | Val P/R/F1 (Macro): 0.8500/0.9000/0.8607 | LR: 0.000001
Epoch [71/100] | Loss: 1.0931 (Cls: 1.0894, TAL: 0.0909, Adv: 0.0012) | Train Acc: 0.9219 | Val Acc: 0.8889 | Val P/R/F1 (Macro): 0.8667/0.9139/0.8784 | LR: 0.000001
Epoch [72/100] | Loss: 1.1068 (Cls: 1.1063, TAL: 0.0127, Adv: 0.0008) | Train Acc: 0.9375 | Val Acc: 0.8889 | Val P/R/F1 (Macro): 0.8667/0.9139/0.8784 | LR: 0.000001
Epoch [73/100] | Loss: 1.0249 (Cls: 1.0212, TAL: 0.0903, Adv: 0.0008) | Train Acc: 0.9844 | Val Acc: 0.8889 | Val P/R/F1 (Macro): 0.8667/0.9139/0.8784 | LR: 0.000001
Epoch [74/100] | Loss: 1.0705 (Cls: 1.0695, TAL: 0.0223, Adv: 0.0008) | Train Acc: 0.9297 | Val Acc: 0.8611 | Val P/R/F1 (Macro): 0.8500/0.9000/0.8607 | LR: 0.000001
Epoch [75/100] | Loss: 1.0487 (Cls: 1.0477, TAL: 0.0237, Adv: 0.0009) | Train Acc: 0.9531 | Val Acc: 0.8889 | Val P/R/F1 (Macro): 0.8667/0.9139/0.8784 | LR: 0.000001
Epoch [76/100] | Loss: 1.1188 (Cls: 1.1168, TAL: 0.0494, Adv: 0.0007) | Train Acc: 0.9062 | Val Acc: 0.8889 | Val P/R/F1 (Macro): 0.8667/0.9139/0.8784 | LR: 0.000001
Epoch [77/100] | Loss: 1.0462 (Cls: 1.0442, TAL: 0.0488, Adv: 0.0010) | Train Acc: 0.9531 | Val Acc: 0.8889 | Val P/R/F1 (Macro): 0.8667/0.9139/0.8744 | LR: 0.000001
Epoch [78/100] | Loss: 1.0632 (Cls: 1.0604, TAL: 0.0690, Adv: 0.0008) | Train Acc: 0.9688 | Val Acc: 0.8611 | Val P/R/F1 (Macro): 0.8500/0.9000/0.8607 | LR: 0.000001
Epoch [79/100] | Loss: 1.0517 (Cls: 1.0482, TAL: 0.0843, Adv: 0.0009) | Train Acc: 0.9609 | Val Acc: 0.8611 | Val P/R/F1 (Macro): 0.8500/0.9000/0.8607 | LR: 0.000001
Epoch [80/100] | Loss: 1.0407 (Cls: 1.0388, TAL: 0.0475, Adv: 0.0008) | Train Acc: 0.9609 | Val Acc: 0.8889 | Val P/R/F1 (Macro): 0.8667/0.9139/0.8784 | LR: 0.000001
Epoch [81/100] | Loss: 1.0341 (Cls: 1.0292, TAL: 0.1200, Adv: 0.0008) | Train Acc: 0.9609 | Val Acc: 0.8611 | Val P/R/F1 (Macro): 0.8500/0.9000/0.8607 | LR: 0.000001
Epoch [82/100] | Loss: 1.0623 (Cls: 1.0578, TAL: 0.1130, Adv: 0.0008) | Train Acc: 0.9609 | Val Acc: 0.8611 | Val P/R/F1 (Macro): 0.8500/0.9000/0.8607 | LR: 0.000001
Epoch [83/100] | Loss: 1.0357 (Cls: 1.0322, TAL: 0.0866, Adv: 0.0009) | Train Acc: 0.9609 | Val Acc: 0.8611 | Val P/R/F1 (Macro): 0.8500/0.9000/0.8607 | LR: 0.000001
Epoch [84/100] | Loss: 1.0610 (Cls: 1.0571, TAL: 0.0966, Adv: 0.0008) | Train Acc: 0.9766 | Val Acc: 0.8889 | Val P/R/F1 (Macro): 0.8667/0.9139/0.8744 | LR: 0.000001
Epoch [85/100] | Loss: 0.9869 (Cls: 0.9834, TAL: 0.0855, Adv: 0.0007) | Train Acc: 0.9844 | Val Acc: 0.8889 | Val P/R/F1 (Macro): 0.8667/0.9139/0.8784 | LR: 0.000001
Epoch [86/100] | Loss: 1.0586 (Cls: 1.0582, TAL: 0.0095, Adv: 0.0006) | Train Acc: 0.9531 | Val Acc: 0.8889 | Val P/R/F1 (Macro): 0.8667/0.9139/0.8784 | LR: 0.000001
Epoch [87/100] | Loss: 1.0725 (Cls: 1.0691, TAL: 0.0826, Adv: 0.0009) | Train Acc: 0.9531 | Val Acc: 0.8889 | Val P/R/F1 (Macro): 0.8667/0.9139/0.8784 | LR: 0.000001
Epoch [88/100] | Loss: 1.0934 (Cls: 1.0902, TAL: 0.0799, Adv: 0.0010) | Train Acc: 0.9297 | Val Acc: 0.8889 | Val P/R/F1 (Macro): 0.8667/0.9139/0.8784 | LR: 0.000001
Epoch [89/100] | Loss: 1.0809 (Cls: 1.0766, TAL: 0.1079, Adv: 0.0007) | Train Acc: 0.9453 | Val Acc: 0.8889 | Val P/R/F1 (Macro): 0.8667/0.9139/0.8744 | LR: 0.000001
Epoch [90/100] | Loss: 1.0545 (Cls: 1.0517, TAL: 0.0673, Adv: 0.0008) | Train Acc: 0.9453 | Val Acc: 0.8889 | Val P/R/F1 (Macro): 0.8667/0.9139/0.8744 | LR: 0.000001
Epoch [91/100] | Loss: 1.0595 (Cls: 1.0585, TAL: 0.0260, Adv: 0.0008) | Train Acc: 0.9453 | Val Acc: 0.8889 | Val P/R/F1 (Macro): 0.8667/0.9139/0.8784 | LR: 0.000001
Epoch [92/100] | Loss: 1.0488 (Cls: 1.0462, TAL: 0.0635, Adv: 0.0007) | Train Acc: 0.9609 | Val Acc: 0.8889 | Val P/R/F1 (Macro): 0.8667/0.9139/0.8784 | LR: 0.000001
Epoch [93/100] | Loss: 1.0272 (Cls: 1.0236, TAL: 0.0906, Adv: 0.0005) | Train Acc: 0.9688 | Val Acc: 0.8889 | Val P/R/F1 (Macro): 0.8667/0.9139/0.8744 | LR: 0.000001
Epoch [94/100] | Loss: 1.0556 (Cls: 1.0543, TAL: 0.0317, Adv: 0.0005) | Train Acc: 0.9453 | Val Acc: 0.8889 | Val P/R/F1 (Macro): 0.8667/0.9139/0.8744 | LR: 0.000001
Epoch [95/100] | Loss: 1.0271 (Cls: 1.0245, TAL: 0.0622, Adv: 0.0006) | Train Acc: 0.9766 | Val Acc: 0.8889 | Val P/R/F1 (Macro): 0.8667/0.9139/0.8744 | LR: 0.000001
Epoch [96/100] | Loss: 1.0725 (Cls: 1.0707, TAL: 0.0439, Adv: 0.0005) | Train Acc: 0.9453 | Val Acc: 0.8889 | Val P/R/F1 (Macro): 0.8667/0.9139/0.8784 | LR: 0.000001
Epoch [97/100] | Loss: 1.0186 (Cls: 1.0174, TAL: 0.0297, Adv: 0.0006) | Train Acc: 0.9609 | Val Acc: 0.8889 | Val P/R/F1 (Macro): 0.8667/0.9139/0.8784 | LR: 0.000001
Epoch [98/100] | Loss: 1.0419 (Cls: 1.0378, TAL: 0.1016, Adv: 0.0005) | Train Acc: 0.9531 | Val Acc: 0.8889 | Val P/R/F1 (Macro): 0.8667/0.9139/0.8784 | LR: 0.000001
Epoch [99/100] | Loss: 1.0911 (Cls: 1.0895, TAL: 0.0387, Adv: 0.0006) | Train Acc: 0.9141 | Val Acc: 0.8889 | Val P/R/F1 (Macro): 0.8667/0.9139/0.8784 | LR: 0.000001
Epoch [100/100] | Loss: 1.0684 (Cls: 1.0648, TAL: 0.0907, Adv: 0.0005) | Train Acc: 0.9453 | Val Acc: 0.8889 | Val P/R/F1 (Macro): 0.8667/0.9139/0.8784 | LR: 0.000001
Report strategy: last_window, window=10, reported_acc=0.8889, best_acc=0.9167

迭代 5 报告指标:
  Accuracy: 0.8889
  Precision (Macro): 0.8667
  Recall (Macro): 0.9139
  F1 (Macro): 0.8772
  Precision (Micro): 0.8889
  Recall (Micro): 0.8889
  F1 (Micro): 0.8889
  Val class coverage: 9/14 (0.6429), samples=36

================================================================================
5次迭代统计结果
================================================================================

accuracy:
  各迭代值: ['0.8806', '0.8611', '0.9194', '0.8861', '0.8889']
  均值 (Mean): 0.8872
  标准差 (Std): 0.0188

precision_macro:
  各迭代值: ['0.9236', '0.7721', '0.9334', '0.8987', '0.8667']
  均值 (Mean): 0.8789
  标准差 (Std): 0.0582

recall_macro:
  各迭代值: ['0.9185', '0.7917', '0.9411', '0.8903', '0.9139']
  均值 (Mean): 0.8911
  标准差 (Std): 0.0523

f1_macro:
  各迭代值: ['0.9135', '0.7747', '0.9308', '0.8681', '0.8772']
  均值 (Mean): 0.8728
  标准差 (Std): 0.0542

precision_micro:
  各迭代值: ['0.8806', '0.8611', '0.9194', '0.8861', '0.8889']
  均值 (Mean): 0.8872
  标准差 (Std): 0.0188

recall_micro:
  各迭代值: ['0.8806', '0.8611', '0.9194', '0.8861', '0.8889']
  均值 (Mean): 0.8872
  标准差 (Std): 0.0188

f1_micro:
  各迭代值: ['0.8806', '0.8611', '0.9194', '0.8861', '0.8889']
  均值 (Mean): 0.8872
  标准差 (Std): 0.0188

val_class_coverage:
  各迭代值: ['0.6429', '0.6429', '0.6429', '0.6429', '0.6429']
  均值 (Mean): 0.6429
  标准差 (Std): 0.0000

val_present_classes:
  各迭代值: ['9.0000', '9.0000', '9.0000', '9.0000', '9.0000']
  均值 (Mean): 9.0000
  标准差 (Std): 0.0000

val_total_classes:
  各迭代值: ['14.0000', '14.0000', '14.0000', '14.0000', '14.0000']
  均值 (Mean): 14.0000
  标准差 (Std): 0.0000

val_samples:
  各迭代值: ['36.0000', '36.0000', '36.0000', '36.0000', '36.0000']
  均值 (Mean): 36.0000
  标准差 (Std): 0.0000

训练结束时间: 2026-07-17 19:06:24
================================================================================

[Batch 1/1] with Tensor + w/o OT, target=逆光

================================================================================
模块消融实验完成，结果汇总:
================================================================================
01. with Tensor + w/o OT | target=逆光 | Accuracy: 0.8872 ± 0.0188
================================================================================
