[2026-07-10 17:22:30] START single_modal_vis_逆光
[2026-07-10 17:41:15] END single_modal_vis_逆光 rc=0; summary_rows=1
[2026-07-10 17:41:15] START single_modal_ir_逆光
[2026-07-10 17:50:14] END single_modal_ir_逆光 rc=0; summary_rows=2
[2026-07-10 17:50:14] START single_modal_ais_逆光
[2026-07-10 17:50:16] END single_modal_ais_逆光 rc=1; summary_rows=3
[2026-07-10 17:50:16] START single_modal_vis_雨天
[2026-07-10 18:03:25] END single_modal_vis_雨天 rc=0; summary_rows=4
[2026-07-10 18:03:25] START single_modal_ir_雨天
[2026-07-10 18:09:32] END single_modal_ir_雨天 rc=0; summary_rows=5
[2026-07-10 18:09:32] START single_modal_ais_雨天
[2026-07-10 18:09:34] END single_modal_ais_雨天 rc=1; summary_rows=6
[2026-07-10 18:09:34] START single_modal_vis_雾天
[2026-07-10 19:08:57] END single_modal_vis_雾天 rc=0; summary_rows=7
[2026-07-10 19:08:57] START single_modal_ir_雾天
[2026-07-10 19:41:24] END single_modal_ir_雾天 rc=0; summary_rows=8
[2026-07-10 19:41:24] START single_modal_ais_雾天
[2026-07-10 19:41:26] END single_modal_ais_雾天 rc=1; summary_rows=9
[2026-07-10 19:41:26] START single_modal_vis_黑天
[2026-07-10 20:47:55] END single_modal_vis_黑天 rc=0; summary_rows=10
[2026-07-10 20:47:55] START single_modal_ir_黑天
[2026-07-10 21:15:50] END single_modal_ir_黑天 rc=0; summary_rows=11
[2026-07-10 21:15:50] START single_modal_ais_黑天
[2026-07-10 21:15:52] END single_modal_ais_黑天 rc=1; summary_rows=12
[2026-07-10 21:15:52] START module_逆光
[2026-07-10 22:25:19] END module_逆光 rc=0; summary_rows=15
[2026-07-10 22:25:19] START module_雨天
[2026-07-10 23:10:49] END module_雨天 rc=0; summary_rows=18
[2026-07-10 23:10:49] START module_雾天
[2026-07-11 02:33:29] END module_雾天 rc=0; summary_rows=21
[2026-07-11 02:33:29] START module_黑天
[2026-07-11 06:04:56] END module_黑天 rc=0; summary_rows=24
Saved summary to /home/lixiang/lx/JMDA/experiment_runs/requested_ablation_20260710_172230/summary.csv
Saved summary to /home/lixiang/lx/JMDA/experiment_runs/requested_ablation_20260710_172230/summary.json
